Game: Pokemon alpha sapphire
Loja: Nintendo eShop
	URL Principal: http://www.nintendo.com/3ds/eshop
	URL Busca: http://www.nintendo.com/json/content/get/game/filter?&&&&qterm=<BUSCA>
NintendoEShopSearch.search() http://www.nintendo.com/json/content/get/game/filter?&&&&qterm=Pokemon+alpha+sapphire
		Documento Lido
		Resultados: 3
		Nome do Produto: Pokémon Alpha Sapphire
			Igorando Pelo Filtro de Nome...
		Nome do Produto: Pokémon Omega Ruby
			Igorando Pelo Filtro de Nome...
		Nome do Produto: Pokémon Omega Ruby and Pokémon Alpha Sapphire Dual Pack
			Igorando Pelo Filtro de Nome...
	Tempo Para buscar: 539
Loja: Americanas
	URL Principal: http://www.americanas.com.br/
	URL Busca: http://busca.americanas.com.br/busca.php?q=<BUSCA>
http://busca.americanas.com.br/busca.php?q=Pokemon+alpha+sapphire
		Documento Lido
		Resultados: 1
		Nome do Produto: Game - Pokémon Alpha Sapphire - 3DS
			Igorando Pelo Filtro de Nome...
	Tempo Para buscar: 610
Loja: Big Boy Games
	URL Principal: http://www.bigboygames.com.br/
	URL Busca: http://www.bigboygames.com.br/pesquisa/?p=<BUSCA>
http://www.bigboygames.com.br/pesquisa/?p=Pokemon+alpha+sapphire
		Documento Lido
		Resultados*: 1
		Acessando URL do produto.
	Tempo Para buscar: 1921
Loja: Casas Bahia
	URL Principal: http://www.casasbahia.com.br/
	URL Busca: http://buscas.casasbahia.com.br/search?w=<BUSCA>
http://buscas.casasbahia.com.br/search?w=Pokemon+alpha+sapphire
		Documento Lido
		Resultados: 1
		Nome do Produto: Colchão Solteiro Hellen Alpha Plus com Pillow Inn e Molas Bonnel 21x88x188 cm – Preto
			Igorando Pelo Filtro de Nome...
		Nome do Produto: Livro - Plena Lua - Lobo Alpha
			Igorando Pelo Filtro de Nome...
		Nome do Produto: Livro - Manual 3D&T Alpha: Defensores de Tóquio - Marcelo Cassaro
			Igorando Pelo Filtro de Nome...
		Nome do Produto: Placa De Vídeo Amd Radeon R7 240 Boost 4Gb Gddr3 Pci-Express 3.0 11216-02-20G Sapphire
			Igorando Pelo Filtro de Nome...
		Nome do Produto: Placa De Vídeo Amd Radeon R9 270X Toxic With Boost 2Gb Gddr5 Pci Express 3.0 11217-02-40G Sapphire
			Igorando Pelo Filtro de Nome...
		Nome do Produto: Placa De Vídeo Amd Radeon R9 290X Tri-X 4Gb Gddr5 Pci Express 3.0 11226-00-40G Sapphire
			Igorando Pelo Filtro de Nome...
		Nome do Produto: Placa de Vídeo AMD Radeon SAPPHIRE R9 285 Dual-X 2GB GDDR5 PCI-E 3.0 11235-03-20G
			Igorando Pelo Filtro de Nome...
		Nome do Produto: Placa De Vídeo Amd Radeon Sapphire R9 280X Vapor-X 3Gb Gddr5 Pci-E 3.0 11221-02-40G
			Igorando Pelo Filtro de Nome...
		Nome do Produto: Placa de vídeo HD5450 1GB DDR3 64 BITS SAPPHIRE - 292DDR3L11166
			Igorando Pelo Filtro de Nome...
		Nome do Produto: Placa de vídeo R7 240 2GB DDR3 128BITS SAPPHIRE - 11216-00-20G
			Igorando Pelo Filtro de Nome...
		Nome do Produto: Placa de vídeo R7250 2GB DDR3 SAPPHIRE - 11215-01-20G
			Igorando Pelo Filtro de Nome...
		Nome do Produto: Livro - Possuída - Sylvia Day
			Igorando Pelo Filtro de Nome...
		Nome do Produto: DVD - 2012
			Igorando Pelo Filtro de Nome...
		Nome do Produto: Placa de vídeo R7 250X 1GB DDR5 PCI-E SAPHIRE 11229-01-20G
			Igorando Pelo Filtro de Nome...
		Nome do Produto: The Golden Monkey - Level 7
			Igorando Pelo Filtro de Nome...
		Nome do Produto: Livro - Código Criatura
			Igorando Pelo Filtro de Nome...
		Nome do Produto: Livro - Encontros Culturais: Portugal - Japão - Brasil - Americo Pellegrini Filho
			Igorando Pelo Filtro de Nome...
		Nome do Produto: Telefone com Fio Santel Alpha 400 Grafite com Identificador de Chamadas e Chave de Bloqueio
			Igorando Pelo Filtro de Nome...
		Nome do Produto: Home Vamol Alpha para TV de 32”
			Igorando Pelo Filtro de Nome...
		Nome do Produto: Colchão Casal De Mola Ensacada Quenn Hellen Alpha Plus (158X198X21) Euro Pillow
			Igorando Pelo Filtro de Nome...
	Tempo Para buscar: 1107
Loja: Extra
	URL Principal: http://www.extra.com.br/
	URL Busca: http://buscando.extra.com.br/search?w=<BUSCA>
http://buscando.extra.com.br/search?w=Pokemon+alpha+sapphire
		Documento Lido
		Resultados: 12
		Nome do Produto: Deck Esmagador Psíquico - Pokémon Black & White - Congelamento de Plasma - Copag
			Igorando Pelo Filtro de Nome...
		Nome do Produto: Boneco Pokemon Munna
			Igorando Pelo Filtro de Nome...
		Nome do Produto: Jogo Pokémon Conquest - NDS
			Igorando Pelo Filtro de Nome...
		Nome do Produto: Placa de Vídeo HD 7970 6GB DDR5 Vapor-X 384 Bits PCI-E Sapphire
			Igorando Pelo Filtro de Nome...
		Nome do Produto: Placa de vídeo VGA Sapphire ATI Radeon R7 240 4GB DDR3 BOOST PCI-Express 11216-02-20G
			Igorando Pelo Filtro de Nome...
		Nome do Produto: Placa De Vídeo Amd Radeon R7 260X 2Gb Gddr5 Pci Express 3.0 11222-06-20G Sapphire
			Igorando Pelo Filtro de Nome...
		Nome do Produto: Placa de Vídeo Ati Firepro V5900 2Gb Ddr5 256bits Pci-e Sapphire
			Igorando Pelo Filtro de Nome...
		Nome do Produto: Boneco Pokemon Pop Battle Munna
			Igorando Pelo Filtro de Nome...
		Nome do Produto: Placa de vídeo HD5450 1GB DDR3 64 BITS SAPPHIRE - 292DDR3L11166
			Igorando Pelo Filtro de Nome...
		Nome do Produto: Placa de vídeo R7 240 2GB DDR3 128BITS SAPPHIRE - 11216-00-20G
			Igorando Pelo Filtro de Nome...
		Nome do Produto: Placa de vídeo R7250 2GB DDR3 SAPPHIRE - 11215-01-20G
			Igorando Pelo Filtro de Nome...
		Nome do Produto: Placa de Vídeo Radeon R9 280x 3gb Ddr5 Vaporx 384b Sapphire
			Igorando Pelo Filtro de Nome...
	Tempo Para buscar: 916
Loja: Fast Games
	URL Principal: http://www.fastgames.com.br/
	URL Busca: http://www.fastgames.com.br/loja/busca.php?loja=187970&palavra_busca=<BUSCA>
http://www.fastgames.com.br/loja/busca.php?loja=187970&palavra_busca=Pokemon+alpha+sapphire
		Documento Lido
		Resultados: 1
		Nome do Produto: Pokémon Alpha Sapphire - 3DS
			Igorando Pelo Filtro de Nome...
	Tempo Para buscar: 1494
Loja: Fast Shop
	URL Principal: http://www.fastshop.com.br/loja/
	URL Busca: http://www.fastshop.com.br/webapp/wcs/stores/servlet/SearchDisplay?searchTerm=<BUSCA>&categoryId=&storeId=10151&catalogId=11052&langId=-6&pageSize=9&beginIndex=0&sType=SimpleSearch&resultCatEntryType=2&showResultsPage=true&searchSource=Q&pageView=&hotsite=fastshop
http://www.fastshop.com.br/webapp/wcs/stores/servlet/SearchDisplay?searchTerm=Pokemon+alpha+sapphire&categoryId=&storeId=10151&catalogId=11052&langId=-6&pageSize=9&beginIndex=0&sType=SimpleSearch&resultCatEntryType=2&showResultsPage=true&searchSource=Q&pageView=&hotsite=fastshop
		Documento Lido
		Resultados: 0
	Tempo Para buscar: 1395
Loja: FNAC
	URL Principal: http://www.fnac.com.br/index.html
	URL Busca: http://busca.fnac.com.br/?busca=<BUSCA>
http://busca.fnac.com.br/?busca=Pokemon+alpha+sapphire
		Documento Lido
		Resultados: 8
		Nome do Produto: 3ds Pokemon Alpha Sapphire
http://busca.FNAC.com.br/Busca/Redir?url=http%3a%2f%2fwww.FNAC.com.br%2f3ds-pokemon-alpha-sapphire%2fp%2f673654&esid=673654
		Acessando URL do produto.
	Tempo Para buscar: 1896
Loja: Kabum
	URL Principal: http://www.kabum.com.br/
	URL Busca: http://www.kabum.com.br/cgi-local/site/listagem/listagem.cgi?string=<BUSCA>&btnG=
http://www.kabum.com.br/cgi-local/site/listagem/listagem.cgi?string=Pokemon+alpha+sapphire&btnG=
		Documento Lido
		Resultados: 0
	Tempo Para buscar: 327
Loja: Livraria Cultura
	URL Principal: http://www.livrariacultura.com.br/
	URL Busca: http://www.livrariacultura.com.br/busca?N=0&Ntt=<BUSCA>
http://www.livrariacultura.com.br/busca?N=0&Ntt=Pokemon+alpha+sapphire
		Documento Lido
		Resultados: 2
		Nome do Produto: POKEMON OMEGA RUBY & POKEMON ALPHA SAPPHIRE
http://www.livrariacultura.com.br/p/pokemon-omega-ruby-pokemon-alpha-sapphire-40040474
		Acessando URL do produto.
		Nome do Produto: POKEMON - ALPHA SAPPHIRE (3DS)
http://www.livrariacultura.com.br/p/pokemon-alpha-sapphire-3ds-37023563
		Acessando URL do produto.
	Tempo Para buscar: 18940
Loja: Magazine Luiza
	URL Principal: http://www.magazineluiza.com.br/
	URL Busca: http://www.magazineluiza.com.br/busca/<BUSCA>/
http://www.magazineluiza.com.br/busca/Pokemon+alpha+sapphire/
		Documento Lido
		Resultados: 1
		Nome do Produto: Pokémon Alpha Sapphire para Nintendo 3DS - Nintendo
			Igorando Pelo Filtro de Nome...
	Tempo Para buscar: 183
Loja: Mula Games
	URL Principal: http://www.mulagames.com.br/
	URL Busca: http://www.mulagames.com.br/produtos-index/catalogo_produtos/-/-/<BUSCA>/-/-/-/-/-/
http://www.mulagames.com.br/produtos-index/catalogo_produtos/-/-/Pokemon%20alpha%20sapphire/-/-/-/-/-/
		Documento Lido
		Resultados: 1
		Nome do Produto: Pokémon Alpha Sapphire - 3DS
			Igorando Pelo Filtro de Nome...
	Tempo Para buscar: 800
Loja: Net Shoes
	URL Principal: http://www.netshoes.com.br/
	URL Busca: http://www.netshoes.com.br/search?Ntt=<BUSCA>
http://www.netshoes.com.br/search?Ntt=Pokemon+alpha+sapphire
		Documento Lido
		Resultados: 12
		Nome do Produto: Tênis Olympikus Sapphire
			Igorando Pelo Filtro de Nome...
		Nome do Produto: Tênis Olympikus Sapphire
			Igorando Pelo Filtro de Nome...
		Nome do Produto: Tênis Olympikus Sapphire
			Igorando Pelo Filtro de Nome...
		Nome do Produto: Tênis Olympikus Sapphire
			Igorando Pelo Filtro de Nome...
		Nome do Produto: Bota Braddock Alpha
			Igorando Pelo Filtro de Nome...
		Nome do Produto: Camiseta Under Armour Alpha
			Igorando Pelo Filtro de Nome...
		Nome do Produto: Short Under Armour Alpha
			Igorando Pelo Filtro de Nome...
		Nome do Produto: Bermuda Jeans Rusty Alpha
			Igorando Pelo Filtro de Nome...
		Nome do Produto: Tênis Everlast Alpha High
			Igorando Pelo Filtro de Nome...
		Nome do Produto: Short Under Armour Alpha
			Igorando Pelo Filtro de Nome...
		Nome do Produto: Calça Capri Under Armour Alpha
			Igorando Pelo Filtro de Nome...
		Nome do Produto: Calça Capri Under Armour Alpha
			Igorando Pelo Filtro de Nome...
	Tempo Para buscar: 143
Loja: Ponto Frio
	URL Principal: http://www.pontofrio.com.br/
	URL Busca: http://search.pontofrio.com.br/search?w=<BUSCA>
http://search.pontofrio.com.br/search?w=Pokemon+alpha+sapphire
		Documento Lido
		Resultados: 1
		Nome do Produto: Cesto para Roupas Brinox 3021/205 em Aço Inox
			Igorando Pelo Filtro de Nome...
		Nome do Produto: Placa De Vídeo Amd Radeon R7 240 Boost 4Gb Gddr3 Pci-Express 3.0 11216-02-20G Sapphire
			Igorando Pelo Filtro de Nome...
		Nome do Produto: DVD - 2012
			Igorando Pelo Filtro de Nome...
		Nome do Produto: Livro - Plena Lua - Lobo Alpha
			Igorando Pelo Filtro de Nome...
		Nome do Produto: DVD - Pokémon 6: Jirachi - Realizador de Desejos
			Igorando Pelo Filtro de Nome...
		Nome do Produto: Placa De Vídeo Amd Radeon R9 290X Tri-X 4Gb Gddr5 Pci Express 3.0 11226-00-40G Sapphire
			Igorando Pelo Filtro de Nome...
		Nome do Produto: Placa de Vídeo AMD Radeon SAPPHIRE R9 285 Dual-X 2GB GDDR5 PCI-E 3.0 11235-03-20G
			Igorando Pelo Filtro de Nome...
		Nome do Produto: Livro - Preciosa
			Igorando Pelo Filtro de Nome...
		Nome do Produto: Placa de vídeo HD5450 1GB DDR3 64 BITS SAPPHIRE - 292DDR3L11166
			Igorando Pelo Filtro de Nome...
		Nome do Produto: Placa de vídeo R7 240 2GB DDR3 128BITS SAPPHIRE - 11216-00-20G
			Igorando Pelo Filtro de Nome...
		Nome do Produto: Placa de vídeo R7250 2GB DDR3 SAPPHIRE - 11215-01-20G
			Igorando Pelo Filtro de Nome...
		Nome do Produto: Livro - Possuída - Sylvia Day
			Igorando Pelo Filtro de Nome...
		Nome do Produto: Placa de vídeo R7 250X 1GB DDR5 PCI-E SAPHIRE 11229-01-20G
			Igorando Pelo Filtro de Nome...
		Nome do Produto: The Golden Monkey - Level 7
			Igorando Pelo Filtro de Nome...
		Nome do Produto: Livro - Código Criatura
			Igorando Pelo Filtro de Nome...
		Nome do Produto: Jogo Poképark 2: Wonders Beyond - Wii
			Igorando Pelo Filtro de Nome...
		Nome do Produto: Livro - Encontros Culturais: Portugal - Japão - Brasil - Americo Pellegrini Filho
			Igorando Pelo Filtro de Nome...
		Nome do Produto: Telefone com Fio Santel Alpha 400 Grafite com Identificador de Chamadas e Chave de Bloqueio
			Igorando Pelo Filtro de Nome...
		Nome do Produto: Livro - Manual 3D&T Alpha: Defensores de Tóquio - Marcelo Cassaro
			Igorando Pelo Filtro de Nome...
		Nome do Produto: Cesto de Roupas Brinox Decorline em Aço Inox 3021/203 com Tampa - Preto
			Igorando Pelo Filtro de Nome...
		Nome do Produto: Cesto para Roupas Brinox 3021/205 em Aço Inox
			Igorando Pelo Filtro de Nome...
		Nome do Produto: Placa De Vídeo Amd Radeon R7 240 Boost 4Gb Gddr3 Pci-Express 3.0 11216-02-20G Sapphire
			Igorando Pelo Filtro de Nome...
		Nome do Produto: DVD - 2012
			Igorando Pelo Filtro de Nome...
		Nome do Produto: Livro - Plena Lua - Lobo Alpha
			Igorando Pelo Filtro de Nome...
		Nome do Produto: DVD - Pokémon 6: Jirachi - Realizador de Desejos
			Igorando Pelo Filtro de Nome...
		Nome do Produto: Placa De Vídeo Amd Radeon R9 290X Tri-X 4Gb Gddr5 Pci Express 3.0 11226-00-40G Sapphire
			Igorando Pelo Filtro de Nome...
		Nome do Produto: Placa de Vídeo AMD Radeon SAPPHIRE R9 285 Dual-X 2GB GDDR5 PCI-E 3.0 11235-03-20G
			Igorando Pelo Filtro de Nome...
		Nome do Produto: Livro - Preciosa
			Igorando Pelo Filtro de Nome...
		Nome do Produto: Placa de vídeo HD5450 1GB DDR3 64 BITS SAPPHIRE - 292DDR3L11166
			Igorando Pelo Filtro de Nome...
		Nome do Produto: Placa de vídeo R7 240 2GB DDR3 128BITS SAPPHIRE - 11216-00-20G
			Igorando Pelo Filtro de Nome...
		Nome do Produto: Placa de vídeo R7250 2GB DDR3 SAPPHIRE - 11215-01-20G
			Igorando Pelo Filtro de Nome...
		Nome do Produto: Livro - Possuída - Sylvia Day
			Igorando Pelo Filtro de Nome...
		Nome do Produto: Placa de vídeo R7 250X 1GB DDR5 PCI-E SAPHIRE 11229-01-20G
			Igorando Pelo Filtro de Nome...
		Nome do Produto: The Golden Monkey - Level 7
			Igorando Pelo Filtro de Nome...
		Nome do Produto: Livro - Código Criatura
			Igorando Pelo Filtro de Nome...
		Nome do Produto: Jogo Poképark 2: Wonders Beyond - Wii
			Igorando Pelo Filtro de Nome...
		Nome do Produto: Livro - Encontros Culturais: Portugal - Japão - Brasil - Americo Pellegrini Filho
			Igorando Pelo Filtro de Nome...
		Nome do Produto: Telefone com Fio Santel Alpha 400 Grafite com Identificador de Chamadas e Chave de Bloqueio
			Igorando Pelo Filtro de Nome...
		Nome do Produto: Livro - Manual 3D&T Alpha: Defensores de Tóquio - Marcelo Cassaro
			Igorando Pelo Filtro de Nome...
		Nome do Produto: Cesto de Roupas Brinox Decorline em Aço Inox 3021/203 com Tampa - Preto
			Igorando Pelo Filtro de Nome...
	Tempo Para buscar: 5667
Loja: Ricardo Eletro
	URL Principal: http://www.ricardoeletro.com.br/
	URL Busca: http://www.ricardoeletro.com.br/Busca/Resultado/?q=<BUSCA>
http://www.ricardoeletro.com.br/Busca/Resultado/?q=Pokemon+alpha+sapphire
		Documento Lido
		Resultados: 2
		Nome do Produto: Jogo Pokémon: Alpha Sapphire para Nintendo 3DS (N3DS)
			Igorando Pelo Filtro de Nome...
		Nome do Produto: Jogo Pokémon: Omega Ruby para Nintendo 3DS (N3DS)
			Igorando Pelo Filtro de Nome...
	Tempo Para buscar: 228
Loja: RiHappy
	URL Principal: http://www.rihappy.com.br/
	URL Busca: http://www.rihappy.com.br/<BUSCA>
http://www.rihappy.com.br/Pokemon%20alpha%20sapphire
		Documento Lido
		Resultados: 18
		Nome do Produto: Box Collection Deoxys Pokémon - Copag - Jogos de Cartas
			Igorando Pelo Filtro de Nome...
		Nome do Produto: Starter Deck - Pokémon XY - Vida Resiliente - Copag - Jogos de Cartas
			Igorando Pelo Filtro de Nome...
		Nome do Produto: Expansão de Cartas - Pokémon XY - Yveltal - Copag - Jogos de Cartas
			Igorando Pelo Filtro de Nome...
		Nome do Produto: Expansão de Cartas - Pokémon XY - Venusaur - Copag - Jogos de Cartas
			Igorando Pelo Filtro de Nome...
		Nome do Produto: Expansão de Cartas - Pokémon XY - Blastoise - Copag - Jogos de Cartas
			Igorando Pelo Filtro de Nome...
		Nome do Produto: Expansão de Cartas - Pokémon XY - Xerneas - Copag - Jogos de Cartas
			Igorando Pelo Filtro de Nome...
		Nome do Produto: Jogo Nintendo 3DS - Pokémon Omega Ruby - Jogos
			Igorando Pelo Filtro de Nome...
		Nome do Produto: Triple Pack - Pokémon XY - Gallade - Copag - Jogos de Cartas
			Igorando Pelo Filtro de Nome...
		Nome do Produto: Triple Pack - Pokémon XY - Gyarados - Copag - Jogos de Cartas
			Igorando Pelo Filtro de Nome...
		Nome do Produto: Starter Deck - Pokémon XY - Investida de Destruição - Copag - Jogos de Cartas
			Igorando Pelo Filtro de Nome...
		Nome do Produto: Deck Raio Congelante - Pokémon Black & White - Congelamento de Plasma - Copag - Jogos de Cartas
			Igorando Pelo Filtro de Nome...
		Nome do Produto: Deck Esmagador Psíquico - Pokémon Black & White - Congelamento de Plasma - Copag - Jogos de Cartas
			Igorando Pelo Filtro de Nome...
		Nome do Produto: Veículos do Espaço Imaginext - Alpha Star - Fisher-Price - Cenários Temáticos (Playsets)
			Igorando Pelo Filtro de Nome...
		Nome do Produto: Figuras do Espaço Imaginext - Alpha Blade - Fisher-Price - Bonecos de Ação
			Igorando Pelo Filtro de Nome...
		Nome do Produto: Figuras do Espaço Imaginext - Alpha Exosuit - Fisher-Price - Bonecos de Ação
			Igorando Pelo Filtro de Nome...
		Nome do Produto: Veículos do Espaço Imaginext - Alpha Eagle - Fisher-Price - Cenários Temáticos (Playsets)
			Igorando Pelo Filtro de Nome...
		Nome do Produto: Deck Ataque Solar - Pokémon Black e White - Explosão de Plasma - Copag - Jogos de Cartas
			Igorando Pelo Filtro de Nome...
		Nome do Produto: Deck Limpeza da Mente - Pokémon Black e White - Explosão de Plasma - Copag - Jogos de Cartas
			Igorando Pelo Filtro de Nome...
	Tempo Para buscar: 1143
Loja: Saraiva
	URL Principal: http://www.saraiva.com.br/
	URL Busca: http://busca.saraiva.com.br/search?w=<BUSCA>&PAC_ID=129457&ts=ajax
http://busca.saraiva.com.br/search?w=Pokemon+alpha+sapphire&PAC_ID=129457&ts=ajax
		Documento Lido
		Resultados: 3
		Nome do Produto: Pokemon X - 3ds
			Igorando Pelo Filtro de Nome...
		Nome do Produto: Pokemon Y - 3ds
			Igorando Pelo Filtro de Nome...
		Nome do Produto: Pokémon Alpha Sapphire - 3Ds
			Igorando Pelo Filtro de Nome...
	Tempo Para buscar: 1018
Loja: Shop Facil
	URL Principal: http://ww2.shopfacil.com.br/
	URL Busca: http://ww2.shopfacil.com.br/<BUSCA>
http://ww2.shopfacil.com.br/Pokemon%20alpha%20sapphire
		Documento Lido
		Resultados: 15
		Nome do Produto: Sapphire Men Eau de Toilette Shirley May - Perfume Masculino
			Igorando Pelo Filtro de Nome...
		Nome do Produto: Life Threads Sapphire Eau de Parfum La Prairie - Perfume Feminino
			Igorando Pelo Filtro de Nome...
		Nome do Produto: Box Collection Deoxys Pokémon - Copag
			Igorando Pelo Filtro de Nome...
		Nome do Produto: Livro - Plena Lua - Lobo Alpha
			Igorando Pelo Filtro de Nome...
		Nome do Produto: Jogo Nintendo 3DS - Pokémon Omega Ruby
			Igorando Pelo Filtro de Nome...
		Nome do Produto: Jogo Nintendo 3DS Pokémon X
			Igorando Pelo Filtro de Nome...
		Nome do Produto: Expansão de Cartas - Pokémon XY - Xerneas - Copag
			Igorando Pelo Filtro de Nome...
		Nome do Produto: Expansão de Cartas - Pokémon XY - Venusaur - Copag
			Igorando Pelo Filtro de Nome...
		Nome do Produto: Expansão de Cartas - Pokémon XY - Yveltal - Copag
			Igorando Pelo Filtro de Nome...
		Nome do Produto: Triple Pack - Pokémon XY - Gallade - Copag
			Igorando Pelo Filtro de Nome...
		Nome do Produto: Starter Deck - Pokémon XY - Vida Resiliente - Copag
			Igorando Pelo Filtro de Nome...
		Nome do Produto: Expansão de Cartas - Pokémon XY - Blastoise - Copag
			Igorando Pelo Filtro de Nome...
		Nome do Produto: Triple Pack - Pokémon XY - Gyarados - Copag
			Igorando Pelo Filtro de Nome...
		Nome do Produto: Estante Home Alpha Vamol Amêndoa/Cacau
			Igorando Pelo Filtro de Nome...
		Nome do Produto: Estante Home Alpha Vamol Carvalho/Preto
			Igorando Pelo Filtro de Nome...
	Tempo Para buscar: 1206
Loja: Shop Time
	URL Principal: http://www.shoptime.com.br/
	URL Busca: http://busca.shoptime.com.br/busca.php?q=<BUSCA>
http://busca.shoptime.com.br/busca.php?q=Pokemon+alpha+sapphire
		Documento Lido
		Resultados: 1
		Nome do Produto: Game - Pokémon Alpha Sapphire - 3DS
			Igorando Pelo Filtro de Nome...
	Tempo Para buscar: 496
Loja: ShopB
	URL Principal: http://www.shopb.com.br/
	URL Busca: http://busca.shopb.com.br/?busca=<BUSCA>
http://busca.shopb.com.br/?busca=Pokemon+alpha+sapphire
		Documento Lido
		Resultados: 31
		Nome do Produto: Pokemon Alpha Sapphire - 3DS
http://shopb.ecommercesearch.com.br/Busca/Redir?url=http%3a%2f%2fwww.shopb.com.br%2fecommerce_site%2findex.php%3fpg%3dproduto%26cdg%3d4488%26idp%3d37969%26idparceiro%3dp1&esid=37969
		Acessando URL do produto.
		Nome do Produto: Captain America: Super Soldier - PS3
			Igorando Pelo Filtro de Nome...
		Nome do Produto: Console Playstation 3 Super Slim - 12GB
			Igorando Pelo Filtro de Nome...
		Nome do Produto: Controle Gamecube c/ Fio Preto: Edição Super Smash Bros. - Wii U
			Igorando Pelo Filtro de Nome...
		Nome do Produto: Dead or Alive 5 - PS3
			Igorando Pelo Filtro de Nome...
		Nome do Produto: Dead or Alive 5 - XBOX 360
			Igorando Pelo Filtro de Nome...
		Nome do Produto: Dead or Alive 5 Ultimate - PS3
			Igorando Pelo Filtro de Nome...
		Nome do Produto: Dead or Alive 5 Ultimate - XBOX 360
			Igorando Pelo Filtro de Nome...
		Nome do Produto: Fone de Ouvido ColorBlock Azul - ALPHA
			Igorando Pelo Filtro de Nome...
		Nome do Produto: Fone de Ouvido ColorBlock Rosa - ALPHA
			Igorando Pelo Filtro de Nome...
		Nome do Produto: Fonte para XBOX 360 Super Slim - (110v e 220v)
			Igorando Pelo Filtro de Nome...
		Nome do Produto: Heavy Fire: Shattered Spear - PS3
			Igorando Pelo Filtro de Nome...
		Nome do Produto: Heavy Fire: Shattered Spear - XBOX 360
			Igorando Pelo Filtro de Nome...
		Nome do Produto: Kit Super Smash Bros. + Controle Gamecube - Wii U
			Igorando Pelo Filtro de Nome...
		Nome do Produto: LEGO Marvel Super Heroes - PS Vita
			Igorando Pelo Filtro de Nome...
		Nome do Produto: LEGO Marvel Super Heroes - PS4
			Igorando Pelo Filtro de Nome...
		Nome do Produto: LEGO Marvel Super Heroes - Wii U
			Igorando Pelo Filtro de Nome...
		Nome do Produto: LEGO Marvel Super Heroes - XBOX ONE
			Igorando Pelo Filtro de Nome...
		Nome do Produto: LEGO Marvel Super Heroes: Universe in Peril - 3DS
			Igorando Pelo Filtro de Nome...
		Nome do Produto: Lego Batman 2 DC Super Heroes - 3DS
			Igorando Pelo Filtro de Nome...
		Nome do Produto: Lego Batman 2 DC Super Heroes - PS Vita
			Igorando Pelo Filtro de Nome...
		Nome do Produto: Lego Batman 2 DC Super Heroes - PS3
			Igorando Pelo Filtro de Nome...
		Nome do Produto: Lego Batman 2 DC Super Heroes - Wii U
			Igorando Pelo Filtro de Nome...
		Nome do Produto: Lego Batman 2 DC Super Heroes - XBOX 360
			Igorando Pelo Filtro de Nome...
		Nome do Produto: MX Vs ATV Alive - XBOX 360
			Igorando Pelo Filtro de Nome...
		Nome do Produto: New Super Luigi U - Wii U
			Igorando Pelo Filtro de Nome...
		Nome do Produto: New Super Mario Bros U - Wii U
			Igorando Pelo Filtro de Nome...
		Nome do Produto: Nintendo Amiibo: Super Mario - Wii U
			Igorando Pelo Filtro de Nome...
		Nome do Produto: Nintendo Wii U Deluxe Set + Super Mario Bros U + Super Luigi U - 32GB
			Igorando Pelo Filtro de Nome...
		Nome do Produto: Placa de Video HD 6450 1GB DDR3 HDMI DVI VGA PCIE 2.1 - Sapphire
			Igorando Pelo Filtro de Nome...
		Nome do Produto: Pokemon Art Academy - 3DS
			Igorando Pelo Filtro de Nome...
	Tempo Para buscar: 3576
Loja: Submarino
	URL Principal: http://www.submarino.com.br/
	URL Busca: http://busca.submarino.com.br/busca.php?q=<BUSCA>
http://busca.submarino.com.br/busca.php?q=Pokemon+alpha+sapphire
		Documento Lido
		Resultados: 1
		Nome do Produto: Game - Pokémon Alpha Sapphire - 3DS
			Igorando Pelo Filtro de Nome...
	Tempo Para buscar: 540
Loja: Walmart
	URL Principal: http://www.walmart.com.br/
	URL Busca: http://www.walmart.com.br/busca/?ft=<BUSCA>&PS=20
http://www.walmart.com.br/busca/?ft=Pokemon+alpha+sapphire&PS=20
		Documento Lido
		Resultados: 1
		Nome do Produto: Jogo Pokemon Alpha Sapphire para Nintendo 3DS
http://www.walmart.com.br//produto/Games/Jogos-para-Nintendo-3DS/Nintendo/490328-jogo-pokemon-alpha-sapphire-para-nintendo-3ds
		Acessando URL do produto.
	Tempo Para buscar: 4058

File copied from D:\WorkSpaces\workspace estudo\lookforprices\resources\imports\css.css to D:\WorkSpaces\workspace estudo\lookforprices\reports\2015-01-20 23\css.css
File copied from D:\WorkSpaces\workspace estudo\lookforprices\resources\imports\jquery.js to D:\WorkSpaces\workspace estudo\lookforprices\reports\2015-01-20 23\jquery.js
File copied from D:\WorkSpaces\workspace estudo\lookforprices\resources\imports\scripts.js to D:\WorkSpaces\workspace estudo\lookforprices\reports\2015-01-20 23\scripts.js
Tempo total de execução: 48208
