Game: Project X Zone
Loja: Nintendo eShop
	URL Principal: http://www.nintendo.com/3ds/eshop
	URL Busca: http://www.nintendo.com/json/content/get/game/filter?&&&&qterm=<BUSCA>
NintendoEShopSearch.search() http://www.nintendo.com/json/content/get/game/filter?&&&&qterm=Project+X+Zone
		Documento Lido
		Resultados: 2
		Nome do Produto: Bionic Commando: Elite Forces
			Igorando Pelo Filtro de Nome...
		Nome do Produto: Project X Zone
http://www.nintendo.com/games/detail/XOJpy8wWy_H50bKvClES1IWLzZJErHvG
		Acessando URL do produto.
URL = http://www.nintendo.com/games/detail/XOJpy8wWy_H50bKvClES1IWLzZJErHvG
	Tempo Para buscar: 1314
Loja: Americanas
	URL Principal: http://www.americanas.com.br/
	URL Busca: http://busca.americanas.com.br/busca.php?q=<BUSCA>
http://busca.americanas.com.br/busca.php?q=Project+X+Zone
		Documento Lido
		Resultados: 30
		Nome do Produto: Livro - Microsoft Project: Bíblia
			Igorando Pelo Filtro de Nome...
		Nome do Produto: Livro - Dominando Gerenciamento de Projetos Com MS Project 2010
			Igorando Pelo Filtro de Nome...
		Nome do Produto: Livro - Project Model Canvas: Gerenciamento De Projetos Sem Burocracia
			Igorando Pelo Filtro de Nome...
		Nome do Produto: Livro - Microsoft Project 2013: Standard, Professional & Pro para Office 365
			Igorando Pelo Filtro de Nome...
		Nome do Produto: Project Ace 1 Sb Pack Cd
			Igorando Pelo Filtro de Nome...
		Nome do Produto: Project Ace 2 Sb Pack Cd
			Igorando Pelo Filtro de Nome...
		Nome do Produto: Livro - Gerenciamento de Projetos: Project Model Canvas (PMC)
			Igorando Pelo Filtro de Nome...
		Nome do Produto: Livro - Microsoft Project 2010 - Passo a Passo
			Igorando Pelo Filtro de Nome...
		Nome do Produto: Livro - Manual do MS-Project 2010 e Melhores Práticas do PMI
			Igorando Pelo Filtro de Nome...
		Nome do Produto: Livro - MS-Project 2010: Do Planejamento ao Controle com Earned Value
			Igorando Pelo Filtro de Nome...
		Nome do Produto: Game - Project Spark - Xbox One
			Igorando Pelo Filtro de Nome...
		Nome do Produto: Project, Second Edition: Level 4 Student Book
			Igorando Pelo Filtro de Nome...
		Nome do Produto: Project - Level 5 - Student's Book
			Igorando Pelo Filtro de Nome...
		Nome do Produto: Livro - Project 3: Student´s Book - Level 3
			Igorando Pelo Filtro de Nome...
		Nome do Produto: Livro - Project Workbook 1
			Igorando Pelo Filtro de Nome...
		Nome do Produto: Livro - Project 2: Student´s Book - Level 2
			Igorando Pelo Filtro de Nome...
		Nome do Produto: Livro - Project Workbook 3
			Igorando Pelo Filtro de Nome...
		Nome do Produto: Livro - Project
			Igorando Pelo Filtro de Nome...
		Nome do Produto: Livro - Project, Third Edition: Level 4 Student Book
			Igorando Pelo Filtro de Nome...
		Nome do Produto: Livro - Project, Third Edition: Level 2 Workbook Pack
			Igorando Pelo Filtro de Nome...
		Nome do Produto: Livro - Project 2 - Teacher´s Book
			Igorando Pelo Filtro de Nome...
		Nome do Produto: CD Gotan Project - Tango 3.0
			Igorando Pelo Filtro de Nome...
		Nome do Produto: CD Alan Parsons Project - The Best of the Alan Parsons Project, Vol. 2
			Igorando Pelo Filtro de Nome...
		Nome do Produto: CD Gotan Project - Gotan Project Live (Duplo)
			Igorando Pelo Filtro de Nome...
		Nome do Produto: CD The Reg Project - The R.E.G. Project (importado)
			Igorando Pelo Filtro de Nome...
		Nome do Produto: CD The Alan Parsons Project - The Very Best Live
			Igorando Pelo Filtro de Nome...
		Nome do Produto: Óculos Ekynox SX - Multil Red - Graphite - Rudy Project
			Igorando Pelo Filtro de Nome...
		Nome do Produto: Óculos Ekynox SX - Smoke - Black Gloss - Rudy Project
			Igorando Pelo Filtro de Nome...
		Nome do Produto: Óculos Zyon Action Brown: Brown Streaked - Rudy Project
			Igorando Pelo Filtro de Nome...
		Nome do Produto: CD Consortium Project IV - Childrem of Tomorrow
			Igorando Pelo Filtro de Nome...
	Tempo Para buscar: 955
Loja: Big Boy Games
	URL Principal: http://www.bigboygames.com.br/
	URL Busca: http://www.bigboygames.com.br/pesquisa/?p=<BUSCA>
http://www.bigboygames.com.br/pesquisa/?p=Project+X+Zone
		Documento Lido
		Resultados: 2
		Nome do Produto: 3DS - Project X Zone Limited Edition
http://www.bigboygames.com.br/3ds-project-x-zone-limited-edition-p5538/
		Acessando URL do produto.
		Nome do Produto: 3DS - Project X Zone
http://www.bigboygames.com.br/3ds-project-x-zone-p5243/
		Acessando URL do produto.
	Tempo Para buscar: 2010
Loja: Casas Bahia
	URL Principal: http://www.casasbahia.com.br/
	URL Busca: http://buscas.casasbahia.com.br/search?w=<BUSCA>
http://buscas.casasbahia.com.br/search?w=Project+X+Zone
		Documento Lido
		Resultados: 1
		Nome do Produto: Home Theater 3D 660W Rms 5.1 Canais 7 Hdmi Ht-S3700 Onkyo
			Igorando Pelo Filtro de Nome...
		Nome do Produto: Teclado Mecânico Gaming G710+ Logitech
			Igorando Pelo Filtro de Nome...
		Nome do Produto: Gabinete Raptor Amarelo AKRAP01YL AKASA
			Igorando Pelo Filtro de Nome...
		Nome do Produto: Jogo Prototype 2 - PS3
			Igorando Pelo Filtro de Nome...
		Nome do Produto: Jogo Prototype 2 - Xbox 360
			Igorando Pelo Filtro de Nome...
		Nome do Produto: Jogo Zone of the Enders HD Collection - Xbox 360
			Igorando Pelo Filtro de Nome...
		Nome do Produto: Game Men of War: Assault Squad GOTY Edition para Download - PC
			Igorando Pelo Filtro de Nome...
		Nome do Produto: Gabinete Raptor Mid Tower Preto AK-RAP-01SL AKASA
			Igorando Pelo Filtro de Nome...
		Nome do Produto: Livro - Como Sair da Friendzone - The Wing Girls
			Igorando Pelo Filtro de Nome...
		Nome do Produto: Livro - DezAjustadas
			Igorando Pelo Filtro de Nome...
		Nome do Produto: Livro - Depressa & Bem - Microsoft Project 2010
			Igorando Pelo Filtro de Nome...
		Nome do Produto: Multifuncional Jato De Tinta Color Wireless Officejet 7612 Hp
			Igorando Pelo Filtro de Nome...
		Nome do Produto: Placa Mãe Asus AMD Crossblade Ranger - FM2+, DDR3, USB3.0, HDMI
			Igorando Pelo Filtro de Nome...
		Nome do Produto: Placa Mãe Intel Z87 Lga1150 Z87 Oc Formula Asrock
			Igorando Pelo Filtro de Nome...
		Nome do Produto: Livro - Microsoft Office Project 2003: Passo a Passo
			Igorando Pelo Filtro de Nome...
		Nome do Produto: Placa Mãe Amd 990Fx Am3+ 990Fx Extreme9 Asrock
			Igorando Pelo Filtro de Nome...
		Nome do Produto: Placa Mãe Asus Rampage V Extreme - Intel 2011, chip x99, DDR4, USB3.0, Bluetooth V4.0
			Igorando Pelo Filtro de Nome...
		Nome do Produto: Placa Mãe Intel Z97 Lga 1150 Z97 Mpower Max Ac Msi
			Igorando Pelo Filtro de Nome...
		Nome do Produto: Placa Mãe AMD M5A99X/SB950 AM3+ M5A99X EVO R2.0 ASUS
			Igorando Pelo Filtro de Nome...
		Nome do Produto: Livro - Microsoft Project 2010
			Igorando Pelo Filtro de Nome...
	Tempo Para buscar: 1581
Loja: Extra
	URL Principal: http://www.extra.com.br/
	URL Busca: http://buscando.extra.com.br/search?w=<BUSCA>
http://buscando.extra.com.br/search?w=Project+X+Zone
		Documento Lido
		Resultados: 12
		Nome do Produto: DVD Player Automotivo 2USB/AUX/Bluetooth/Mixtrax c/ tela 7 pol. WVGA - Pioneer AVH-X8580BT
			Igorando Pelo Filtro de Nome...
		Nome do Produto: DVD Player AVH-X8580DVD LCD 7 USB e Auxiliar, Saídas RCA, Entrada Câmera de Ré e Mixtrax Pioneer
			Igorando Pelo Filtro de Nome...
		Nome do Produto: Home Theater 3D 660W Rms 5.1 Canais 7 Hdmi Ht-S3700 Onkyo
			Igorando Pelo Filtro de Nome...
		Nome do Produto: DVD Player Automotivo USB/AUX/GPS/Mixtrax/Bluetooth c/ tela 6.1 pol. WVGA - Pioneer AVIC-F960BT
			Igorando Pelo Filtro de Nome...
		Nome do Produto: Filtro de Linha Power Zone Para Rack FLR-900 Hayonik
			Igorando Pelo Filtro de Nome...
		Nome do Produto: Bateria Eletrônica Alesis DM 7X Session
			Igorando Pelo Filtro de Nome...
		Nome do Produto: Teclado Mecânico Gaming G710+ Logitech
			Igorando Pelo Filtro de Nome...
		Nome do Produto: Placa de Video Geforce Zotac GT730 Zone Edition LP 2GB DDR3 64 BITS
			Igorando Pelo Filtro de Nome...
		Nome do Produto: Placa de Video Geforce Zotac GT630 Zone Edition 1GB DDR3 64 BITS
			Igorando Pelo Filtro de Nome...
		Nome do Produto: Bateria Eletrônica Michael DDM100 50 Estilos 184 Vozes Entrada USB / Line IN / Line OUT / Headphones
			Igorando Pelo Filtro de Nome...
		Nome do Produto: Zone Of The Enders HD Collection Xbox 360
			Igorando Pelo Filtro de Nome...
		Nome do Produto: Zone Of The Enders HD Collection PS3
			Igorando Pelo Filtro de Nome...
	Tempo Para buscar: 3051
Loja: Fast Games
	URL Principal: http://www.fastgames.com.br/
	URL Busca: http://www.fastgames.com.br/loja/busca.php?loja=187970&palavra_busca=<BUSCA>
http://www.fastgames.com.br/loja/busca.php?loja=187970&palavra_busca=Project+X+Zone
		Documento Lido
		Resultados: 0
	Tempo Para buscar: 768
Loja: Fast Shop
	URL Principal: http://www.fastshop.com.br/loja/
	URL Busca: http://www.fastshop.com.br/webapp/wcs/stores/servlet/SearchDisplay?searchTerm=<BUSCA>&categoryId=&storeId=10151&catalogId=11052&langId=-6&pageSize=9&beginIndex=0&sType=SimpleSearch&resultCatEntryType=2&showResultsPage=true&searchSource=Q&pageView=&hotsite=fastshop
http://www.fastshop.com.br/webapp/wcs/stores/servlet/SearchDisplay?searchTerm=Project+X+Zone&categoryId=&storeId=10151&catalogId=11052&langId=-6&pageSize=9&beginIndex=0&sType=SimpleSearch&resultCatEntryType=2&showResultsPage=true&searchSource=Q&pageView=&hotsite=fastshop
		Documento Lido
		Resultados: 0
	Tempo Para buscar: 392
Loja: FNAC
	URL Principal: http://www.fnac.com.br/index.html
	URL Busca: http://busca.fnac.com.br/?busca=<BUSCA>
http://busca.fnac.com.br/?busca=Project+X+Zone
		Documento Lido
		Resultados: 20
		Nome do Produto: The Best Of The Alan Parsons Project
			Igorando Pelo Filtro de Nome...
		Nome do Produto: X-men - A Lenda de Wolverine (DVD)
			Igorando Pelo Filtro de Nome...
		Nome do Produto: Live
			Igorando Pelo Filtro de Nome...
		Nome do Produto: Best Of 2
			Igorando Pelo Filtro de Nome...
		Nome do Produto: Como Sair da Friend Zone
			Igorando Pelo Filtro de Nome...
		Nome do Produto: Marcelo no Mundo Real
			Igorando Pelo Filtro de Nome...
		Nome do Produto: Menina de Ouro
			Igorando Pelo Filtro de Nome...
		Nome do Produto: Candela
			Igorando Pelo Filtro de Nome...
		Nome do Produto: The Brasil Project
			Igorando Pelo Filtro de Nome...
		Nome do Produto: Microsoft Project Para Leigos
			Igorando Pelo Filtro de Nome...
		Nome do Produto: Microsoft Project - A Biblia
			Igorando Pelo Filtro de Nome...
		Nome do Produto: Xbox One Project Spark
			Igorando Pelo Filtro de Nome...
		Nome do Produto: Ps3 Zone Of The Enders HD Collection
			Igorando Pelo Filtro de Nome...
		Nome do Produto: Zona Verde - The Best Of War (DVD)
			Igorando Pelo Filtro de Nome...
		Nome do Produto: Project Model Canvas - Gerenciamento de Projetos Sem Burocracia
			Igorando Pelo Filtro de Nome...
		Nome do Produto: Zonas de Colaboração - Conversas da Metareciclagem
			Igorando Pelo Filtro de Nome...
		Nome do Produto: Universo X
			Igorando Pelo Filtro de Nome...
		Nome do Produto: Paraíso X
			Igorando Pelo Filtro de Nome...
		Nome do Produto: Raio X
			Igorando Pelo Filtro de Nome...
		Nome do Produto: Tabelinha - Eles X Elas
			Igorando Pelo Filtro de Nome...
	Tempo Para buscar: 1088
Loja: Kabum
	URL Principal: http://www.kabum.com.br/
	URL Busca: http://www.kabum.com.br/cgi-local/site/listagem/listagem.cgi?string=<BUSCA>&btnG=
http://www.kabum.com.br/cgi-local/site/listagem/listagem.cgi?string=Project+X+Zone&btnG=
		Documento Lido
		Resultados: 0
	Tempo Para buscar: 303
Loja: Livraria Cultura
	URL Principal: http://www.livrariacultura.com.br/
	URL Busca: http://www.livrariacultura.com.br/busca?N=0&Ntt=<BUSCA>
http://www.livrariacultura.com.br/busca?N=0&Ntt=Project+X+Zone
java.net.SocketTimeoutException: connect timed out
	at java.net.DualStackPlainSocketImpl.waitForConnect(Native Method)
	at java.net.DualStackPlainSocketImpl.socketConnect(Unknown Source)
	at java.net.AbstractPlainSocketImpl.doConnect(Unknown Source)
	at java.net.AbstractPlainSocketImpl.connectToAddress(Unknown Source)
	at java.net.AbstractPlainSocketImpl.connect(Unknown Source)
	at java.net.PlainSocketImpl.connect(Unknown Source)
	at java.net.SocksSocketImpl.connect(Unknown Source)
	at java.net.Socket.connect(Unknown Source)
	at sun.net.NetworkClient.doConnect(Unknown Source)
	at sun.net.www.http.HttpClient.openServer(Unknown Source)
	at sun.net.www.http.HttpClient.openServer(Unknown Source)
	at sun.net.www.http.HttpClient.<init>(Unknown Source)
	at sun.net.www.http.HttpClient.New(Unknown Source)
	at sun.net.www.http.HttpClient.New(Unknown Source)
	at sun.net.www.protocol.http.HttpURLConnection.getNewHttpClient(Unknown Source)
	at sun.net.www.protocol.http.HttpURLConnection.plainConnect0(Unknown Source)
	at sun.net.www.protocol.http.HttpURLConnection.plainConnect(Unknown Source)
	at sun.net.www.protocol.http.HttpURLConnection.connect(Unknown Source)
	at org.jsoup.helper.HttpConnection$Response.execute(HttpConnection.java:449)
	at org.jsoup.helper.HttpConnection$Response.execute(HttpConnection.java:434)
	at org.jsoup.helper.HttpConnection.execute(HttpConnection.java:181)
	at org.jsoup.helper.HttpConnection.get(HttpConnection.java:170)
	at comom.Util.readUrlDocument(Util.java:94)
	at interfaces.search.LivrariaCulturaSearch.readResults(LivrariaCulturaSearch.java:94)
	at interfaces.search.LivrariaCulturaSearch.search(LivrariaCulturaSearch.java:30)
	at objects.Shop.searchProduct(Shop.java:33)
	at Main.generateHtlReport(Main.java:88)
	at Main.main(Main.java:59)
Tentando conectar Na Url de outro modo
		Documento Lido
		Resultados: 6
		Nome do Produto: AMERICAN COMEDY SCIENCE FICTION FILMS
			Igorando Pelo Filtro de Nome...
		Nome do Produto: MOBILITY, SUPPORT, ENDURANCE: A STORY OF NAVAL
			Igorando Pelo Filtro de Nome...
		Nome do Produto: COLD WAR FILMS
			Igorando Pelo Filtro de Nome...
		Nome do Produto: CANCELLED SEGA SATURN GAMES
			Igorando Pelo Filtro de Nome...
		Nome do Produto: FILMS FEATURED IN MYSTERY SCIENCE THEATER 3000
			Igorando Pelo Filtro de Nome...
		Nome do Produto: PROJECT X ZONE (3DS)
http://www.livrariacultura.com.br/p/project-x-zone-3ds-37022164
		Acessando URL do produto.
	Tempo Para buscar: 33079
Loja: Magazine Luiza
	URL Principal: http://www.magazineluiza.com.br/
	URL Busca: http://www.magazineluiza.com.br/busca/<BUSCA>/
http://www.magazineluiza.com.br/busca/Project+X+Zone/
		Documento Lido
		Resultados: 60
		Nome do Produto: Colchão Ortobom Solteiro Espuma D20 88x188cm - Physical Resistente
			Igorando Pelo Filtro de Nome...
		Nome do Produto: Relógio Masculino X-Games XMPPD203 BXPX - Digital Resistente a Água Cronógrafo Calendário
			Igorando Pelo Filtro de Nome...
		Nome do Produto: Relógio Masculino X-Games XMPP1035 P2PX - Analógico Resistente a Água
			Igorando Pelo Filtro de Nome...
		Nome do Produto: Relógio Masculino X-Games XMPP0008-B2P - Analógico Resiste á Água
			Igorando Pelo Filtro de Nome...
		Nome do Produto: Relógio Masculino X-Games XMPPD220 - Digital Resistente à Água Cronógrafo Calendário
			Igorando Pelo Filtro de Nome...
		Nome do Produto: Relógio Masculino X-Games XMPPA077 - Anadigi Resistente à Água Calendário
			Igorando Pelo Filtro de Nome...
		Nome do Produto: Relógio Masculino X-Games XMPPD237 BXPX - Digital Resistente á Água com Calendário
			Igorando Pelo Filtro de Nome...
		Nome do Produto: Relógio Masculino X-Games XMPPD217 BXPX - Digital Resistente à Água
			Igorando Pelo Filtro de Nome...
		Nome do Produto: Relógio Masculino X-Games XMPPD213 BXPX - Digital Resistente á Água com Calendário
			Igorando Pelo Filtro de Nome...
		Nome do Produto: Relógio Masculino X-Games XMPP1023 P1PX - Analógico Resiste á Água com Calendário
			Igorando Pelo Filtro de Nome...
		Nome do Produto: Relógio Masculino X-Games XMPP1043 P2PX - Analógico Resistente a Água
			Igorando Pelo Filtro de Nome...
		Nome do Produto: Relógio Masculino X-Games XMPPA136 PVPX - Anadigi Resistente a Água Cronógrafo Calendário
			Igorando Pelo Filtro de Nome...
		Nome do Produto: Relógio Masculino X-Games XMPPA139 BVPX - Anadigi Resistente a Água Cronógrafo
			Igorando Pelo Filtro de Nome...
		Nome do Produto: Relógio Masculino X-Games XMPPD246 BXPX - Digital Resistente a Água Cronógrafo
			Igorando Pelo Filtro de Nome...
		Nome do Produto: Relógio Masculino X-Games XMPPD245 BXPX - Digital Resistente a Água Cronógrafo
			Igorando Pelo Filtro de Nome...
		Nome do Produto: Relógio Masculino X-Games XMPPD256 BXPX - Digital Resistente a Água Cronógrafo
			Igorando Pelo Filtro de Nome...
		Nome do Produto: Relógio Masculino X-Games XMPPD252 PXPX - Digital Resistente a Água Cronógrafo
			Igorando Pelo Filtro de Nome...
		Nome do Produto: Relógio Masculino X-Games XMPPD250 PXPX - Digital Resistente a Água Cronógrafo
			Igorando Pelo Filtro de Nome...
		Nome do Produto: Relógio Masculino X-Games XMPPD189 BXPX - Digital com Cronógrafo Resistente à Água
			Igorando Pelo Filtro de Nome...
		Nome do Produto: Relógio Masculino X-Games XMPP1041 P2PX - Analógico Resistente a Água
			Igorando Pelo Filtro de Nome...
		Nome do Produto: Relógio Masculino X-Games XMSS1022 P2SX - Analógico Resistente a Água
			Igorando Pelo Filtro de Nome...
		Nome do Produto: Relógio Masculino X-Games XMPPD262 PXPX - Digital Resistente a Água Cronógrafo
			Igorando Pelo Filtro de Nome...
		Nome do Produto: Relógio Masculino X-Games XMPPD261 BXPX - Digital Resistente a Água Cronógrafo
			Igorando Pelo Filtro de Nome...
		Nome do Produto: Relógio Masculino X-Games XMSS1021 P2PX - Anadigi Resistente a Água
			Igorando Pelo Filtro de Nome...
		Nome do Produto: Relógio Masculino X-Games XMPPD253 BXPX - Digital Resistente a Água Cronógrafo
			Igorando Pelo Filtro de Nome...
		Nome do Produto: Relógio Masculino X-Games XMPPD231 BXPX - Digital Resistente á Água com Calendário
			Igorando Pelo Filtro de Nome...
		Nome do Produto: Relógio Masculino X-Games XMPPD227 BXPX - Digital Resistente à Água Cronógrafo Calendário
			Igorando Pelo Filtro de Nome...
		Nome do Produto: Relógio Masculino X-Games XMPPA123 BXPX - Anadigi Resistente à Água Cronógrafo Calendário
			Igorando Pelo Filtro de Nome...
		Nome do Produto: Relógio Masculino X-Games XMPPA116 BXPX - Anadigi Resistente à Água Cronógrafo Calendário
			Igorando Pelo Filtro de Nome...
		Nome do Produto: Relógio Masculino X-Games XMPPA027 P1PX - Anadigi com Cronógrafo e Data Resistente á Água
			Igorando Pelo Filtro de Nome...
		Nome do Produto: Relógio Masculino X-Games XMPPA148 P2PX - Anadigi Resistente a Água Cronógrafo
			Igorando Pelo Filtro de Nome...
		Nome do Produto: Relógio Masculino X-Games XMPPA130 P1PX - Anadigi Resistente a Água Cronógrafo
			Igorando Pelo Filtro de Nome...
		Nome do Produto: Relógio Masculino X-Games XMPPA134 P1PX - Anadigi Resistente a Água Cronógrafo
			Igorando Pelo Filtro de Nome...
		Nome do Produto: Relógio Masculino X-Games XMPPA144 P2PX - Anadigi Resistente a Água Cronógrafo Calendário
			Igorando Pelo Filtro de Nome...
		Nome do Produto: Relógio Masculino X-Games XMPPA143 P1PX - Anadigi Resistente a Água Cronógrafo
			Igorando Pelo Filtro de Nome...
		Nome do Produto: Relógio Masculino X-Games XMPPA142 P1PX - Anadigi Resistente a Água Cronógrafo
			Igorando Pelo Filtro de Nome...
		Nome do Produto: Project Spark para Xbox One - Microsoft Studios
			Igorando Pelo Filtro de Nome...
		Nome do Produto: Gel Esfoliante Facial Dermo Expertise Pure Zone - 100g - Loréal Paris
			Igorando Pelo Filtro de Nome...
		Nome do Produto: Hatsune Miku: Project Diva para PS3 - Sega
			Igorando Pelo Filtro de Nome...
		Nome do Produto: Sabonete Dermo Expertise Pure Zone Anti-acne 200ml - L?oréal Paris
			Igorando Pelo Filtro de Nome...
		Nome do Produto: Adstringente Anti-cravos Pure Zone Dermo Expertise - 200ml - Loréal Paris
			Igorando Pelo Filtro de Nome...
		Nome do Produto: Zone of the Enders HD Collection p/ PS3 - Konami
			Igorando Pelo Filtro de Nome...
		Nome do Produto: Zone of the Enders HD Collection p/ PS3 - Konami
			Igorando Pelo Filtro de Nome...
		Nome do Produto: Tapete para Sala Montalto Graffiato 100X150cm - Jolitex
			Igorando Pelo Filtro de Nome...
		Nome do Produto: Deep-Control Gel Creme Anti-acne Pure Zone Dermo - Expertise 75ml Loréal Paris
			Igorando Pelo Filtro de Nome...
		Nome do Produto: Tapete Gallipoli 150x200cm - Tapetes São Carlos
			Igorando Pelo Filtro de Nome...
		Nome do Produto: Tapete Caribe 150x200cm - Tapetes São Carlos
			Igorando Pelo Filtro de Nome...
		Nome do Produto: Tapete Caribe 200x250cm - Tapetes São Carlos
			Igorando Pelo Filtro de Nome...
		Nome do Produto: Tapete Tango 150x200cm - Tapetes São Carlos
			Igorando Pelo Filtro de Nome...
		Nome do Produto: Tapete Caribe 200x250cm - Tapetes São Carlos
			Igorando Pelo Filtro de Nome...
		Nome do Produto: Tapete Tango 100x150cm - Tapetes São Carlos
			Igorando Pelo Filtro de Nome...
		Nome do Produto: Tapete Tango 150x200cm - Tapetes São Carlos
			Igorando Pelo Filtro de Nome...
		Nome do Produto: Tapete Baltimore 150x200cm - 5839 089 Corttex Casa
			Igorando Pelo Filtro de Nome...
		Nome do Produto: Tapetes Galax 150x200cm - Tapetes São Carlos
			Igorando Pelo Filtro de Nome...
		Nome do Produto: Tapetes Galax 200x250cm - Tapetes São Carlos
			Igorando Pelo Filtro de Nome...
		Nome do Produto: Tapete para Sala Georgia 140x200cm - Corttex
			Igorando Pelo Filtro de Nome...
		Nome do Produto: Tapete para Sala Encanto 150x200cm - Jolitex
			Igorando Pelo Filtro de Nome...
		Nome do Produto: Tapete para Sala Encanto 150x200cm - Jolitex
			Igorando Pelo Filtro de Nome...
		Nome do Produto: Tapete Esplendor Degrade 150x200cm - Jolitex
			Igorando Pelo Filtro de Nome...
		Nome do Produto: Tapete Monte Carlo Saara 150x200cm - Jolitex
			Igorando Pelo Filtro de Nome...
	Tempo Para buscar: 980
Loja: Mula Games
	URL Principal: http://www.mulagames.com.br/
	URL Busca: http://www.mulagames.com.br/produtos-index/catalogo_produtos/-/-/<BUSCA>/-/-/-/-/-/
http://www.mulagames.com.br/produtos-index/catalogo_produtos/-/-/Project%20X%20Zone/-/-/-/-/-/
		Documento Lido
		Resultados: 1
		Nome do Produto: Project X Zone - 3DS
http://www.mulagames.com.br/Project-X-Zone-3DS/prod-1739499/
		Acessando URL do produto.
http://www.mulagames.com.br/produto-ajax_retorna_dados_preco_comprar/1739499
		Acessando URL do preço produto.
	Tempo Para buscar: 1785
Loja: Net Shoes
	URL Principal: http://www.netshoes.com.br/
	URL Busca: http://www.netshoes.com.br/search?Ntt=<BUSCA>
http://www.netshoes.com.br/search?Ntt=Project+X+Zone
		Documento Lido
		Resultados: 60
		Nome do Produto: Lipo CUT X 120 Cáps - Arnold Nutrition
			Igorando Pelo Filtro de Nome...
		Nome do Produto: Lipo Cut X Original 14 Cáps - Arnold Nutrition
			Igorando Pelo Filtro de Nome...
		Nome do Produto: Bota Bull Terrier X-Terra
			Igorando Pelo Filtro de Nome...
		Nome do Produto: Bicicleta Mongoose X-Treme Comp - Aro 26
			Igorando Pelo Filtro de Nome...
		Nome do Produto: Bota Bull Terrier X-Terra
			Igorando Pelo Filtro de Nome...
		Nome do Produto: Bota Bull Terrier X-Terra
			Igorando Pelo Filtro de Nome...
		Nome do Produto: Tênis Reebok Sublite X Train
			Igorando Pelo Filtro de Nome...
		Nome do Produto: Bota Bull Terrier X-Terra
			Igorando Pelo Filtro de Nome...
		Nome do Produto: Skate Cruiser Kronik Fishtail 81 x 22
			Igorando Pelo Filtro de Nome...
		Nome do Produto: Tênis Adidas X Float
			Igorando Pelo Filtro de Nome...
		Nome do Produto: Tênis Adidas X Float
			Igorando Pelo Filtro de Nome...
		Nome do Produto: Óculos Speedo X Vision
			Igorando Pelo Filtro de Nome...
		Nome do Produto: Tênis Adidas MC-X 1
			Igorando Pelo Filtro de Nome...
		Nome do Produto: Óculos Speedo X Vision
			Igorando Pelo Filtro de Nome...
		Nome do Produto: Óculos Speedo X Vision
			Igorando Pelo Filtro de Nome...
		Nome do Produto: Chuteira Nike Mercurial Vapor X FG
			Igorando Pelo Filtro de Nome...
		Nome do Produto: Mochila de Hidratação Kombat X-Comp Out - 1,5 l
			Igorando Pelo Filtro de Nome...
		Nome do Produto: Skate Urgh Escorrido Infantil 31.2 x 7.68
			Igorando Pelo Filtro de Nome...
		Nome do Produto: Livro Santos 3 x Tri
			Igorando Pelo Filtro de Nome...
		Nome do Produto: Rolo Acte Sports Band - Nível Fácil (25 m x 0,35 cm)
			Igorando Pelo Filtro de Nome...
		Nome do Produto: Rolo Acte Sports Band - Nível Médio (25 m x 0,50 cm)
			Igorando Pelo Filtro de Nome...
		Nome do Produto: Kit Tatame Bad Boy - 2,50 x 2,50 m
			Igorando Pelo Filtro de Nome...
		Nome do Produto: Tênis Adidas Torsion Allegra X Basic
			Igorando Pelo Filtro de Nome...
		Nome do Produto: Camiseta Red Bull X-Fighters Jumping
			Igorando Pelo Filtro de Nome...
		Nome do Produto: Skate Live Skateboards City Advanced 7.9 x 31.5
			Igorando Pelo Filtro de Nome...
		Nome do Produto: Tênis Nike Project Ba
			Igorando Pelo Filtro de Nome...
		Nome do Produto: Shape Element Nyjah Monogram 8 x 31.75
			Igorando Pelo Filtro de Nome...
		Nome do Produto: Kit Tatame Sexy Machine - 2,09 x 2,09 m
			Igorando Pelo Filtro de Nome...
		Nome do Produto: Tênis Diadora X-Duo
			Igorando Pelo Filtro de Nome...
		Nome do Produto: Skate Globe Bantam Dip Sticks 24 x 7
			Igorando Pelo Filtro de Nome...
		Nome do Produto: Shape Solo Vendas Brasil 7,48 x 31,50
			Igorando Pelo Filtro de Nome...
		Nome do Produto: Skate Live Skateboards Mandala Advanced 7.9 x 31.5
			Igorando Pelo Filtro de Nome...
		Nome do Produto: Shape Solo Liso 7,48 x 31,50
			Igorando Pelo Filtro de Nome...
		Nome do Produto: Bicicleta Bandeirante X-Bike Gatinha - Aro 14 Infantil
			Igorando Pelo Filtro de Nome...
		Nome do Produto: Skate Live Skateboards Logo Advanced 7.9 x 31.5
			Igorando Pelo Filtro de Nome...
		Nome do Produto: Shape Solo Vendas Árvores 7,48 x 31,50
			Igorando Pelo Filtro de Nome...
		Nome do Produto: Shape Solo Combat 7,48 x 31,50
			Igorando Pelo Filtro de Nome...
		Nome do Produto: Shape Blind Girl 8 x 32
			Igorando Pelo Filtro de Nome...
		Nome do Produto: Skate Solo Profissional Splash 7,48 x 31,50
			Igorando Pelo Filtro de Nome...
		Nome do Produto: Tênis Diadora X-Duo
			Igorando Pelo Filtro de Nome...
		Nome do Produto: Skate Cliche Gun Complete 7.5 x 35
			Igorando Pelo Filtro de Nome...
		Nome do Produto: Tênis Reebok Sublite X Ignite
			Igorando Pelo Filtro de Nome...
		Nome do Produto: Shape Element Garcia Inbloom 7.7 x 31.25
			Igorando Pelo Filtro de Nome...
		Nome do Produto: Skate Bob Burnquist 33,5 x 10,3
			Igorando Pelo Filtro de Nome...
		Nome do Produto: Shape Urgh Block Relevo 31.5 x 7.85
			Igorando Pelo Filtro de Nome...
		Nome do Produto: Skate Blind Kingpin Kenny Yth Complete 6.75 x 23.5
			Igorando Pelo Filtro de Nome...
		Nome do Produto: Shape Cisco Super Leve 8,26 x 31,50
			Igorando Pelo Filtro de Nome...
		Nome do Produto: Shape Element Angular Twig 7.6 x 30.25
			Igorando Pelo Filtro de Nome...
		Nome do Produto: Semi Long Lost Beached 24 x 7
			Igorando Pelo Filtro de Nome...
		Nome do Produto: Shape 5Boro Maple 5Bit Danny Falla 8.125 x 32
			Igorando Pelo Filtro de Nome...
		Nome do Produto: Skate Live Skateboards Peace Advanced 7.9 x 31.5
			Igorando Pelo Filtro de Nome...
		Nome do Produto: Shape 5Boro Maple 5Bit Dan Pensyl 8.5 x 32
			Igorando Pelo Filtro de Nome...
		Nome do Produto: Tênis Diadora X-Duo
			Igorando Pelo Filtro de Nome...
		Nome do Produto: Kit Tatame Sexy Machine - 2,50 x 2,50 m
			Igorando Pelo Filtro de Nome...
		Nome do Produto: Tênis Reebok Sublite X Flow
			Igorando Pelo Filtro de Nome...
		Nome do Produto: Shape Element Nyjah Ol Dog 8.1 x 32.35
			Igorando Pelo Filtro de Nome...
		Nome do Produto: Camiseta Under Armour X-Alt
			Igorando Pelo Filtro de Nome...
		Nome do Produto: Skate Element Nyjah In Bloom 7.7 x 31.25
			Igorando Pelo Filtro de Nome...
		Nome do Produto: Skate Element Smoked 7.6 x 31.125
			Igorando Pelo Filtro de Nome...
		Nome do Produto: Shape Element Julian Inbloom 8.5 x 32.125
			Igorando Pelo Filtro de Nome...
	Tempo Para buscar: 465
Loja: Ponto Frio
	URL Principal: http://www.pontofrio.com.br/
	URL Busca: http://search.pontofrio.com.br/search?w=<BUSCA>
http://search.pontofrio.com.br/search?w=Project+X+Zone
		Documento Lido
		Resultados: 1
		Nome do Produto: Home Theater 3D 660W Rms 5.1 Canais 7 Hdmi Ht-S3700 Onkyo
			Igorando Pelo Filtro de Nome...
		Nome do Produto: Teclado Mecânico Gaming G710+ Logitech
			Igorando Pelo Filtro de Nome...
		Nome do Produto: Gabinete Raptor Amarelo AKRAP01YL AKASA
			Igorando Pelo Filtro de Nome...
		Nome do Produto: Jogo Prototype 2 - PS3
			Igorando Pelo Filtro de Nome...
		Nome do Produto: Jogo Prototype 2 - Xbox 360
			Igorando Pelo Filtro de Nome...
		Nome do Produto: Jogo Zone of the Enders HD Collection - Xbox 360
			Igorando Pelo Filtro de Nome...
		Nome do Produto: Game Men of War: Assault Squad GOTY Edition para Download - PC
			Igorando Pelo Filtro de Nome...
		Nome do Produto: Gabinete Raptor Mid Tower Preto AK-RAP-01SL AKASA
			Igorando Pelo Filtro de Nome...
		Nome do Produto: Livro - Como Sair da Friendzone - The Wing Girls
			Igorando Pelo Filtro de Nome...
		Nome do Produto: Livro - DezAjustadas
			Igorando Pelo Filtro de Nome...
		Nome do Produto: Livro - Depressa & Bem - Microsoft Project 2010
			Igorando Pelo Filtro de Nome...
		Nome do Produto: Multifuncional Jato De Tinta Color Wireless Officejet 7612 Hp
			Igorando Pelo Filtro de Nome...
		Nome do Produto: Placa Mãe Asus AMD Crossblade Ranger - FM2+, DDR3, USB3.0, HDMI
			Igorando Pelo Filtro de Nome...
		Nome do Produto: Placa Mãe Intel Z87 Lga1150 Z87 Oc Formula Asrock
			Igorando Pelo Filtro de Nome...
		Nome do Produto: Livro - Microsoft Office Project 2003: Passo a Passo
			Igorando Pelo Filtro de Nome...
		Nome do Produto: Placa Mãe Amd 990Fx Am3+ 990Fx Extreme9 Asrock
			Igorando Pelo Filtro de Nome...
		Nome do Produto: Placa Mãe Asus Rampage V Extreme - Intel 2011, chip x99, DDR4, USB3.0, Bluetooth V4.0
			Igorando Pelo Filtro de Nome...
		Nome do Produto: Placa Mãe Intel Z97 Lga 1150 Z97 Mpower Max Ac Msi
			Igorando Pelo Filtro de Nome...
		Nome do Produto: Placa Mãe AMD M5A99X/SB950 AM3+ M5A99X EVO R2.0 ASUS
			Igorando Pelo Filtro de Nome...
		Nome do Produto: Livro - Microsoft Project 2010
			Igorando Pelo Filtro de Nome...
		Nome do Produto: Home Theater 3D 660W Rms 5.1 Canais 7 Hdmi Ht-S3700 Onkyo
			Igorando Pelo Filtro de Nome...
		Nome do Produto: Teclado Mecânico Gaming G710+ Logitech
			Igorando Pelo Filtro de Nome...
		Nome do Produto: Gabinete Raptor Amarelo AKRAP01YL AKASA
			Igorando Pelo Filtro de Nome...
		Nome do Produto: Jogo Prototype 2 - PS3
			Igorando Pelo Filtro de Nome...
		Nome do Produto: Jogo Prototype 2 - Xbox 360
			Igorando Pelo Filtro de Nome...
		Nome do Produto: Jogo Zone of the Enders HD Collection - Xbox 360
			Igorando Pelo Filtro de Nome...
		Nome do Produto: Game Men of War: Assault Squad GOTY Edition para Download - PC
			Igorando Pelo Filtro de Nome...
		Nome do Produto: Gabinete Raptor Mid Tower Preto AK-RAP-01SL AKASA
			Igorando Pelo Filtro de Nome...
		Nome do Produto: Livro - Como Sair da Friendzone - The Wing Girls
			Igorando Pelo Filtro de Nome...
		Nome do Produto: Livro - DezAjustadas
			Igorando Pelo Filtro de Nome...
		Nome do Produto: Livro - Depressa & Bem - Microsoft Project 2010
			Igorando Pelo Filtro de Nome...
		Nome do Produto: Multifuncional Jato De Tinta Color Wireless Officejet 7612 Hp
			Igorando Pelo Filtro de Nome...
		Nome do Produto: Placa Mãe Asus AMD Crossblade Ranger - FM2+, DDR3, USB3.0, HDMI
			Igorando Pelo Filtro de Nome...
		Nome do Produto: Placa Mãe Intel Z87 Lga1150 Z87 Oc Formula Asrock
			Igorando Pelo Filtro de Nome...
		Nome do Produto: Livro - Microsoft Office Project 2003: Passo a Passo
			Igorando Pelo Filtro de Nome...
		Nome do Produto: Placa Mãe Amd 990Fx Am3+ 990Fx Extreme9 Asrock
			Igorando Pelo Filtro de Nome...
		Nome do Produto: Placa Mãe Asus Rampage V Extreme - Intel 2011, chip x99, DDR4, USB3.0, Bluetooth V4.0
			Igorando Pelo Filtro de Nome...
		Nome do Produto: Placa Mãe Intel Z97 Lga 1150 Z97 Mpower Max Ac Msi
			Igorando Pelo Filtro de Nome...
		Nome do Produto: Placa Mãe AMD M5A99X/SB950 AM3+ M5A99X EVO R2.0 ASUS
			Igorando Pelo Filtro de Nome...
		Nome do Produto: Livro - Microsoft Project 2010
			Igorando Pelo Filtro de Nome...
	Tempo Para buscar: 1665
Loja: Ricardo Eletro
	URL Principal: http://www.ricardoeletro.com.br/
	URL Busca: http://www.ricardoeletro.com.br/Busca/Resultado/?q=<BUSCA>
http://www.ricardoeletro.com.br/Busca/Resultado/?q=Project+X+Zone
		Documento Lido
		Resultados: 1
		Nome do Produto: Jogo Project Spark para Xbox One (XONE)
			Igorando Pelo Filtro de Nome...
	Tempo Para buscar: 167
Loja: RiHappy
	URL Principal: http://www.rihappy.com.br/
	URL Busca: http://www.rihappy.com.br/<BUSCA>
http://www.rihappy.com.br/Project%20X%20Zone
		Documento Lido
		Resultados: 18
		Nome do Produto: Bicicleta X-Bike Aro 12 - Cross - Bandeirante - Bicicleta ARO 12
			Igorando Pelo Filtro de Nome...
		Nome do Produto: Boneco X-Men Legends Infinite Series - Cyclops - Hasbro - Bonecos de Ação
			Igorando Pelo Filtro de Nome...
		Nome do Produto: Bicicleta X-Bike Aro 12 - Gatinha - Bandeirante - Bicicleta ARO 12
			Igorando Pelo Filtro de Nome...
		Nome do Produto: Bicicleta X-Bike Aro 14 - Cross - Bandeirante - Bicicleta ARO 14
			Igorando Pelo Filtro de Nome...
		Nome do Produto: Boneco X-Men Legends Infinite Series - Stryfe - Hasbro - Bonecos de Ação
			Igorando Pelo Filtro de Nome...
		Nome do Produto: Boneco X-Men Legends Infinite Series - Magneto - Hasbro - Bonecos de Ação
			Igorando Pelo Filtro de Nome...
		Nome do Produto: Bicicleta X-Bike Aro 14 - Gatinha - Bandeirante - Bicicleta ARO 14
			Igorando Pelo Filtro de Nome...
		Nome do Produto: Boneco X-Men Legends Infinite Series - Storm - Hasbro - Bonecos de Ação
			Igorando Pelo Filtro de Nome...
		Nome do Produto: Nave X-Wing Fighter - Star Wars - Hasbro - Cenários Temáticos (Playsets)
			Igorando Pelo Filtro de Nome...
		Nome do Produto: Nave X-Wing Eletrônica - Star Wars - Hasbro - Filmes
			Igorando Pelo Filtro de Nome...
		Nome do Produto: 70727 - LEGO Ninjago - Carregador Ninja X-1 - LEGO
			Igorando Pelo Filtro de Nome...
		Nome do Produto: Bicicleta Aro 14 X-Bike Batman - Bandeirante - Bicicleta ARO 14
			Igorando Pelo Filtro de Nome...
		Nome do Produto: Carro de Controle Remoto - Corrida-X - Candide - Controle Remoto
			Igorando Pelo Filtro de Nome...
		Nome do Produto: Bicicleta Aro 14 X-Bike Aviões - Bandeirante - Bicicleta ARO 14
			Igorando Pelo Filtro de Nome...
		Nome do Produto: Carrinho de Passeio X-Treme Blue - Burigotto - Carrinhos de Passeio
			Igorando Pelo Filtro de Nome...
		Nome do Produto: Transformers Battle Masters Fight Night - Optimus Prime X Megatron - Hasbro - Bonecos de Ação
			Igorando Pelo Filtro de Nome...
		Nome do Produto: 76022 - LEGO Super Heroes - X-men contra a Sentinela - LEGO
			Igorando Pelo Filtro de Nome...
		Nome do Produto: Kre-o CityVille Invasion - Veículo 4x4 - Hasbro - Kre-o
			Igorando Pelo Filtro de Nome...
	Tempo Para buscar: 1500
Loja: Saraiva
	URL Principal: http://www.saraiva.com.br/
	URL Busca: http://busca.saraiva.com.br/search?w=<BUSCA>&PAC_ID=129457&ts=ajax
http://busca.saraiva.com.br/search?w=Project+X+Zone&PAC_ID=129457&ts=ajax
		Documento Lido
		Resultados: 30
		Nome do Produto: Zone Franc (la)
			Igorando Pelo Filtro de Nome...
		Nome do Produto: Project X
			Igorando Pelo Filtro de Nome...
		Nome do Produto: Project X
			Igorando Pelo Filtro de Nome...
		Nome do Produto: Kill Zone
			Igorando Pelo Filtro de Nome...
		Nome do Produto: Kill Zone
			Igorando Pelo Filtro de Nome...
		Nome do Produto: Hazard Zone
			Igorando Pelo Filtro de Nome...
		Nome do Produto: Zone 2
			Igorando Pelo Filtro de Nome...
		Nome do Produto: Computer Zone
			Igorando Pelo Filtro de Nome...
		Nome do Produto: Red Zone
			Igorando Pelo Filtro de Nome...
		Nome do Produto: Death Zone
			Igorando Pelo Filtro de Nome...
		Nome do Produto: Strike Zone
			Igorando Pelo Filtro de Nome...
		Nome do Produto: Erogenous Zone
			Igorando Pelo Filtro de Nome...
		Nome do Produto: The Zone
			Igorando Pelo Filtro de Nome...
		Nome do Produto: Construction Zone
			Igorando Pelo Filtro de Nome...
		Nome do Produto: Zombie Zone
			Igorando Pelo Filtro de Nome...
		Nome do Produto: Rift Zone
			Igorando Pelo Filtro de Nome...
		Nome do Produto: Combat Zone
			Igorando Pelo Filtro de Nome...
		Nome do Produto: Surf Zone
			Igorando Pelo Filtro de Nome...
		Nome do Produto: Red Zone
			Igorando Pelo Filtro de Nome...
		Nome do Produto: Red Zone
			Igorando Pelo Filtro de Nome...
		Nome do Produto: Game Zone
			Igorando Pelo Filtro de Nome...
		Nome do Produto: Sunlit Zone
			Igorando Pelo Filtro de Nome...
		Nome do Produto: Twilight Zone
			Igorando Pelo Filtro de Nome...
		Nome do Produto: Midnight Zone
			Igorando Pelo Filtro de Nome...
		Nome do Produto: Tidal Zone
			Igorando Pelo Filtro de Nome...
		Nome do Produto: Impact Zone
			Igorando Pelo Filtro de Nome...
		Nome do Produto: The Zone
			Igorando Pelo Filtro de Nome...
		Nome do Produto: Zone Soccer
			Igorando Pelo Filtro de Nome...
		Nome do Produto: Zone Blanche
			Igorando Pelo Filtro de Nome...
		Nome do Produto: Danger Zone
			Igorando Pelo Filtro de Nome...
	Tempo Para buscar: 4170
Loja: Shop Facil
	URL Principal: http://ww2.shopfacil.com.br/
	URL Busca: http://ww2.shopfacil.com.br/<BUSCA>
http://ww2.shopfacil.com.br/Project%20X%20Zone
		Documento Lido
		Resultados: 15
		Nome do Produto: Project: Workbook with CD-Rom - Level 2
			Igorando Pelo Filtro de Nome...
		Nome do Produto: Project: Workbook 1
			Igorando Pelo Filtro de Nome...
		Nome do Produto: Project: Workbook 1 with CD-Rom
			Igorando Pelo Filtro de Nome...
		Nome do Produto: Project: Teacher's Book - 5
			Igorando Pelo Filtro de Nome...
		Nome do Produto: DVD - Projeto X: Uma Festa Fora do Controle - Project X
			Igorando Pelo Filtro de Nome...
		Nome do Produto: Blu-Ray - Projeto X: Uma Festa Fora do Controle - Project X
			Igorando Pelo Filtro de Nome...
		Nome do Produto: X Bike 14" Tinker Bell - Bandeirante
			Igorando Pelo Filtro de Nome...
		Nome do Produto: CD Audio - 3:Project
			Igorando Pelo Filtro de Nome...
		Nome do Produto: DVD - 4:Project
			Igorando Pelo Filtro de Nome...
		Nome do Produto: CD Audio - 5:Project
			Igorando Pelo Filtro de Nome...
		Nome do Produto: Livro - Microsoft Project 2010
			Igorando Pelo Filtro de Nome...
		Nome do Produto: Livro - Project Bíblia - Elaine Marmel
			Igorando Pelo Filtro de Nome...
		Nome do Produto: CD Rom Itools - 5:Project
			Igorando Pelo Filtro de Nome...
		Nome do Produto: Jogo Project Spark - Xbox One
			Igorando Pelo Filtro de Nome...
		Nome do Produto: Livro - Depressa & Bem - Microsoft Project 2010
			Igorando Pelo Filtro de Nome...
	Tempo Para buscar: 2308
Loja: Shop Time
	URL Principal: http://www.shoptime.com.br/
	URL Busca: http://busca.shoptime.com.br/busca.php?q=<BUSCA>
http://busca.shoptime.com.br/busca.php?q=Project+X+Zone
		Documento Lido
		Resultados: 20
		Nome do Produto: Aparelho Abdominal Life Zone Life Zone Power Jump + Cama Elástica Profissional Simulador de Caminhada s/ Monitor + Auxiliador Abdominal Ab-Form Life... Esteira Ergométrica Life Zone 1600 Dobrável e Bivolt Life Zone Power Jump + Elastic Jump Auxiliador Abdominal Ab-Form - Life Zone Prancha Abdominal Curvada com Extensores e Halteres - Life Zone Roda de Exercícios Abdominal Reforçado Life Zone Prancha Abdominal com Regulagem - Life Zone Esteira Ergométrica Life Zone + Auxiliador abdominal Ab-Form +... Kit Par de Halteres 2kg - Life Zone Kit LifeZone - Bicicleta Ergométrica + Simulador de Caminhadas Simulador de Caminhada com Monitor Life Zone Simulador de Caminhada Life Zone Esteira 1600 + Apoio para Flexão Life Zone Esteira 1600 + Corda de Pular com Rolamento - Life Zone Kit Par de Halteres 4kg - Life Zone Balança Digital 150Kg - New Me + Life Zone Power Jump + Cama Elástica... Kit Caneleiras 1kg + Colchonete - Life Zone Balança Digital 150Kg - New Me + Corda de Pular com Rolamento - Life...
			Igorando Pelo Filtro de Nome...
		Nome do Produto: Aparelho Abdominal Life Zone Life Zone Power Jump + Cama Elástica Profissional Simulador de Caminhada s/ Monitor + Auxiliador Abdominal Ab-Form Life... Esteira Ergométrica Life Zone 1600 Dobrável e Bivolt Life Zone Power Jump + Elastic Jump Auxiliador Abdominal Ab-Form - Life Zone Prancha Abdominal Curvada com Extensores e Halteres - Life Zone Roda de Exercícios Abdominal Reforçado Life Zone Prancha Abdominal com Regulagem - Life Zone Esteira Ergométrica Life Zone + Auxiliador abdominal Ab-Form +... Kit Par de Halteres 2kg - Life Zone Kit LifeZone - Bicicleta Ergométrica + Simulador de Caminhadas Simulador de Caminhada com Monitor Life Zone Simulador de Caminhada Life Zone Esteira 1600 + Apoio para Flexão Life Zone Esteira 1600 + Corda de Pular com Rolamento - Life Zone Kit Par de Halteres 4kg - Life Zone Balança Digital 150Kg - New Me + Life Zone Power Jump + Cama Elástica... Kit Caneleiras 1kg + Colchonete - Life Zone Balança Digital 150Kg - New Me + Corda de Pular com Rolamento - Life...
			Igorando Pelo Filtro de Nome...
		Nome do Produto: Aparelho Abdominal Life Zone Life Zone Power Jump + Cama Elástica Profissional Simulador de Caminhada s/ Monitor + Auxiliador Abdominal Ab-Form Life... Esteira Ergométrica Life Zone 1600 Dobrável e Bivolt Life Zone Power Jump + Elastic Jump Auxiliador Abdominal Ab-Form - Life Zone Prancha Abdominal Curvada com Extensores e Halteres - Life Zone Roda de Exercícios Abdominal Reforçado Life Zone Prancha Abdominal com Regulagem - Life Zone Esteira Ergométrica Life Zone + Auxiliador abdominal Ab-Form +... Kit Par de Halteres 2kg - Life Zone Kit LifeZone - Bicicleta Ergométrica + Simulador de Caminhadas Simulador de Caminhada com Monitor Life Zone Simulador de Caminhada Life Zone Esteira 1600 + Apoio para Flexão Life Zone Esteira 1600 + Corda de Pular com Rolamento - Life Zone Kit Par de Halteres 4kg - Life Zone Balança Digital 150Kg - New Me + Life Zone Power Jump + Cama Elástica... Kit Caneleiras 1kg + Colchonete - Life Zone Balança Digital 150Kg - New Me + Corda de Pular com Rolamento - Life...
			Igorando Pelo Filtro de Nome...
		Nome do Produto: Aparelho Abdominal Life Zone Life Zone Power Jump + Cama Elástica Profissional Simulador de Caminhada s/ Monitor + Auxiliador Abdominal Ab-Form Life... Esteira Ergométrica Life Zone 1600 Dobrável e Bivolt Life Zone Power Jump + Elastic Jump Auxiliador Abdominal Ab-Form - Life Zone Prancha Abdominal Curvada com Extensores e Halteres - Life Zone Roda de Exercícios Abdominal Reforçado Life Zone Prancha Abdominal com Regulagem - Life Zone Esteira Ergométrica Life Zone + Auxiliador abdominal Ab-Form +... Kit Par de Halteres 2kg - Life Zone Kit LifeZone - Bicicleta Ergométrica + Simulador de Caminhadas Simulador de Caminhada com Monitor Life Zone Simulador de Caminhada Life Zone Esteira 1600 + Apoio para Flexão Life Zone Esteira 1600 + Corda de Pular com Rolamento - Life Zone Kit Par de Halteres 4kg - Life Zone Balança Digital 150Kg - New Me + Life Zone Power Jump + Cama Elástica... Kit Caneleiras 1kg + Colchonete - Life Zone Balança Digital 150Kg - New Me + Corda de Pular com Rolamento - Life...
			Igorando Pelo Filtro de Nome...
		Nome do Produto: Aparelho Abdominal Life Zone Life Zone Power Jump + Cama Elástica Profissional Simulador de Caminhada s/ Monitor + Auxiliador Abdominal Ab-Form Life... Esteira Ergométrica Life Zone 1600 Dobrável e Bivolt Life Zone Power Jump + Elastic Jump Auxiliador Abdominal Ab-Form - Life Zone Prancha Abdominal Curvada com Extensores e Halteres - Life Zone Roda de Exercícios Abdominal Reforçado Life Zone Prancha Abdominal com Regulagem - Life Zone Esteira Ergométrica Life Zone + Auxiliador abdominal Ab-Form +... Kit Par de Halteres 2kg - Life Zone Kit LifeZone - Bicicleta Ergométrica + Simulador de Caminhadas Simulador de Caminhada com Monitor Life Zone Simulador de Caminhada Life Zone Esteira 1600 + Apoio para Flexão Life Zone Esteira 1600 + Corda de Pular com Rolamento - Life Zone Kit Par de Halteres 4kg - Life Zone Balança Digital 150Kg - New Me + Life Zone Power Jump + Cama Elástica... Kit Caneleiras 1kg + Colchonete - Life Zone Balança Digital 150Kg - New Me + Corda de Pular com Rolamento - Life...
			Igorando Pelo Filtro de Nome...
		Nome do Produto: Aparelho Abdominal Life Zone Life Zone Power Jump + Cama Elástica Profissional Simulador de Caminhada s/ Monitor + Auxiliador Abdominal Ab-Form Life... Esteira Ergométrica Life Zone 1600 Dobrável e Bivolt Life Zone Power Jump + Elastic Jump Auxiliador Abdominal Ab-Form - Life Zone Prancha Abdominal Curvada com Extensores e Halteres - Life Zone Roda de Exercícios Abdominal Reforçado Life Zone Prancha Abdominal com Regulagem - Life Zone Esteira Ergométrica Life Zone + Auxiliador abdominal Ab-Form +... Kit Par de Halteres 2kg - Life Zone Kit LifeZone - Bicicleta Ergométrica + Simulador de Caminhadas Simulador de Caminhada com Monitor Life Zone Simulador de Caminhada Life Zone Esteira 1600 + Apoio para Flexão Life Zone Esteira 1600 + Corda de Pular com Rolamento - Life Zone Kit Par de Halteres 4kg - Life Zone Balança Digital 150Kg - New Me + Life Zone Power Jump + Cama Elástica... Kit Caneleiras 1kg + Colchonete - Life Zone Balança Digital 150Kg - New Me + Corda de Pular com Rolamento - Life...
			Igorando Pelo Filtro de Nome...
		Nome do Produto: Aparelho Abdominal Life Zone Life Zone Power Jump + Cama Elástica Profissional Simulador de Caminhada s/ Monitor + Auxiliador Abdominal Ab-Form Life... Esteira Ergométrica Life Zone 1600 Dobrável e Bivolt Life Zone Power Jump + Elastic Jump Auxiliador Abdominal Ab-Form - Life Zone Prancha Abdominal Curvada com Extensores e Halteres - Life Zone Roda de Exercícios Abdominal Reforçado Life Zone Prancha Abdominal com Regulagem - Life Zone Esteira Ergométrica Life Zone + Auxiliador abdominal Ab-Form +... Kit Par de Halteres 2kg - Life Zone Kit LifeZone - Bicicleta Ergométrica + Simulador de Caminhadas Simulador de Caminhada com Monitor Life Zone Simulador de Caminhada Life Zone Esteira 1600 + Apoio para Flexão Life Zone Esteira 1600 + Corda de Pular com Rolamento - Life Zone Kit Par de Halteres 4kg - Life Zone Balança Digital 150Kg - New Me + Life Zone Power Jump + Cama Elástica... Kit Caneleiras 1kg + Colchonete - Life Zone Balança Digital 150Kg - New Me + Corda de Pular com Rolamento - Life...
			Igorando Pelo Filtro de Nome...
		Nome do Produto: Aparelho Abdominal Life Zone Life Zone Power Jump + Cama Elástica Profissional Simulador de Caminhada s/ Monitor + Auxiliador Abdominal Ab-Form Life... Esteira Ergométrica Life Zone 1600 Dobrável e Bivolt Life Zone Power Jump + Elastic Jump Auxiliador Abdominal Ab-Form - Life Zone Prancha Abdominal Curvada com Extensores e Halteres - Life Zone Roda de Exercícios Abdominal Reforçado Life Zone Prancha Abdominal com Regulagem - Life Zone Esteira Ergométrica Life Zone + Auxiliador abdominal Ab-Form +... Kit Par de Halteres 2kg - Life Zone Kit LifeZone - Bicicleta Ergométrica + Simulador de Caminhadas Simulador de Caminhada com Monitor Life Zone Simulador de Caminhada Life Zone Esteira 1600 + Apoio para Flexão Life Zone Esteira 1600 + Corda de Pular com Rolamento - Life Zone Kit Par de Halteres 4kg - Life Zone Balança Digital 150Kg - New Me + Life Zone Power Jump + Cama Elástica... Kit Caneleiras 1kg + Colchonete - Life Zone Balança Digital 150Kg - New Me + Corda de Pular com Rolamento - Life...
			Igorando Pelo Filtro de Nome...
		Nome do Produto: Aparelho Abdominal Life Zone Life Zone Power Jump + Cama Elástica Profissional Simulador de Caminhada s/ Monitor + Auxiliador Abdominal Ab-Form Life... Esteira Ergométrica Life Zone 1600 Dobrável e Bivolt Life Zone Power Jump + Elastic Jump Auxiliador Abdominal Ab-Form - Life Zone Prancha Abdominal Curvada com Extensores e Halteres - Life Zone Roda de Exercícios Abdominal Reforçado Life Zone Prancha Abdominal com Regulagem - Life Zone Esteira Ergométrica Life Zone + Auxiliador abdominal Ab-Form +... Kit Par de Halteres 2kg - Life Zone Kit LifeZone - Bicicleta Ergométrica + Simulador de Caminhadas Simulador de Caminhada com Monitor Life Zone Simulador de Caminhada Life Zone Esteira 1600 + Apoio para Flexão Life Zone Esteira 1600 + Corda de Pular com Rolamento - Life Zone Kit Par de Halteres 4kg - Life Zone Balança Digital 150Kg - New Me + Life Zone Power Jump + Cama Elástica... Kit Caneleiras 1kg + Colchonete - Life Zone Balança Digital 150Kg - New Me + Corda de Pular com Rolamento - Life...
			Igorando Pelo Filtro de Nome...
		Nome do Produto: Aparelho Abdominal Life Zone Life Zone Power Jump + Cama Elástica Profissional Simulador de Caminhada s/ Monitor + Auxiliador Abdominal Ab-Form Life... Esteira Ergométrica Life Zone 1600 Dobrável e Bivolt Life Zone Power Jump + Elastic Jump Auxiliador Abdominal Ab-Form - Life Zone Prancha Abdominal Curvada com Extensores e Halteres - Life Zone Roda de Exercícios Abdominal Reforçado Life Zone Prancha Abdominal com Regulagem - Life Zone Esteira Ergométrica Life Zone + Auxiliador abdominal Ab-Form +... Kit Par de Halteres 2kg - Life Zone Kit LifeZone - Bicicleta Ergométrica + Simulador de Caminhadas Simulador de Caminhada com Monitor Life Zone Simulador de Caminhada Life Zone Esteira 1600 + Apoio para Flexão Life Zone Esteira 1600 + Corda de Pular com Rolamento - Life Zone Kit Par de Halteres 4kg - Life Zone Balança Digital 150Kg - New Me + Life Zone Power Jump + Cama Elástica... Kit Caneleiras 1kg + Colchonete - Life Zone Balança Digital 150Kg - New Me + Corda de Pular com Rolamento - Life...
			Igorando Pelo Filtro de Nome...
		Nome do Produto: Aparelho Abdominal Life Zone Life Zone Power Jump + Cama Elástica Profissional Simulador de Caminhada s/ Monitor + Auxiliador Abdominal Ab-Form Life... Esteira Ergométrica Life Zone 1600 Dobrável e Bivolt Life Zone Power Jump + Elastic Jump Auxiliador Abdominal Ab-Form - Life Zone Prancha Abdominal Curvada com Extensores e Halteres - Life Zone Roda de Exercícios Abdominal Reforçado Life Zone Prancha Abdominal com Regulagem - Life Zone Esteira Ergométrica Life Zone + Auxiliador abdominal Ab-Form +... Kit Par de Halteres 2kg - Life Zone Kit LifeZone - Bicicleta Ergométrica + Simulador de Caminhadas Simulador de Caminhada com Monitor Life Zone Simulador de Caminhada Life Zone Esteira 1600 + Apoio para Flexão Life Zone Esteira 1600 + Corda de Pular com Rolamento - Life Zone Kit Par de Halteres 4kg - Life Zone Balança Digital 150Kg - New Me + Life Zone Power Jump + Cama Elástica... Kit Caneleiras 1kg + Colchonete - Life Zone Balança Digital 150Kg - New Me + Corda de Pular com Rolamento - Life...
			Igorando Pelo Filtro de Nome...
		Nome do Produto: Aparelho Abdominal Life Zone Life Zone Power Jump + Cama Elástica Profissional Simulador de Caminhada s/ Monitor + Auxiliador Abdominal Ab-Form Life... Esteira Ergométrica Life Zone 1600 Dobrável e Bivolt Life Zone Power Jump + Elastic Jump Auxiliador Abdominal Ab-Form - Life Zone Prancha Abdominal Curvada com Extensores e Halteres - Life Zone Roda de Exercícios Abdominal Reforçado Life Zone Prancha Abdominal com Regulagem - Life Zone Esteira Ergométrica Life Zone + Auxiliador abdominal Ab-Form +... Kit Par de Halteres 2kg - Life Zone Kit LifeZone - Bicicleta Ergométrica + Simulador de Caminhadas Simulador de Caminhada com Monitor Life Zone Simulador de Caminhada Life Zone Esteira 1600 + Apoio para Flexão Life Zone Esteira 1600 + Corda de Pular com Rolamento - Life Zone Kit Par de Halteres 4kg - Life Zone Balança Digital 150Kg - New Me + Life Zone Power Jump + Cama Elástica... Kit Caneleiras 1kg + Colchonete - Life Zone Balança Digital 150Kg - New Me + Corda de Pular com Rolamento - Life...
			Igorando Pelo Filtro de Nome...
		Nome do Produto: Aparelho Abdominal Life Zone Life Zone Power Jump + Cama Elástica Profissional Simulador de Caminhada s/ Monitor + Auxiliador Abdominal Ab-Form Life... Esteira Ergométrica Life Zone 1600 Dobrável e Bivolt Life Zone Power Jump + Elastic Jump Auxiliador Abdominal Ab-Form - Life Zone Prancha Abdominal Curvada com Extensores e Halteres - Life Zone Roda de Exercícios Abdominal Reforçado Life Zone Prancha Abdominal com Regulagem - Life Zone Esteira Ergométrica Life Zone + Auxiliador abdominal Ab-Form +... Kit Par de Halteres 2kg - Life Zone Kit LifeZone - Bicicleta Ergométrica + Simulador de Caminhadas Simulador de Caminhada com Monitor Life Zone Simulador de Caminhada Life Zone Esteira 1600 + Apoio para Flexão Life Zone Esteira 1600 + Corda de Pular com Rolamento - Life Zone Kit Par de Halteres 4kg - Life Zone Balança Digital 150Kg - New Me + Life Zone Power Jump + Cama Elástica... Kit Caneleiras 1kg + Colchonete - Life Zone Balança Digital 150Kg - New Me + Corda de Pular com Rolamento - Life...
			Igorando Pelo Filtro de Nome...
		Nome do Produto: Aparelho Abdominal Life Zone Life Zone Power Jump + Cama Elástica Profissional Simulador de Caminhada s/ Monitor + Auxiliador Abdominal Ab-Form Life... Esteira Ergométrica Life Zone 1600 Dobrável e Bivolt Life Zone Power Jump + Elastic Jump Auxiliador Abdominal Ab-Form - Life Zone Prancha Abdominal Curvada com Extensores e Halteres - Life Zone Roda de Exercícios Abdominal Reforçado Life Zone Prancha Abdominal com Regulagem - Life Zone Esteira Ergométrica Life Zone + Auxiliador abdominal Ab-Form +... Kit Par de Halteres 2kg - Life Zone Kit LifeZone - Bicicleta Ergométrica + Simulador de Caminhadas Simulador de Caminhada com Monitor Life Zone Simulador de Caminhada Life Zone Esteira 1600 + Apoio para Flexão Life Zone Esteira 1600 + Corda de Pular com Rolamento - Life Zone Kit Par de Halteres 4kg - Life Zone Balança Digital 150Kg - New Me + Life Zone Power Jump + Cama Elástica... Kit Caneleiras 1kg + Colchonete - Life Zone Balança Digital 150Kg - New Me + Corda de Pular com Rolamento - Life...
			Igorando Pelo Filtro de Nome...
		Nome do Produto: Aparelho Abdominal Life Zone Life Zone Power Jump + Cama Elástica Profissional Simulador de Caminhada s/ Monitor + Auxiliador Abdominal Ab-Form Life... Esteira Ergométrica Life Zone 1600 Dobrável e Bivolt Life Zone Power Jump + Elastic Jump Auxiliador Abdominal Ab-Form - Life Zone Prancha Abdominal Curvada com Extensores e Halteres - Life Zone Roda de Exercícios Abdominal Reforçado Life Zone Prancha Abdominal com Regulagem - Life Zone Esteira Ergométrica Life Zone + Auxiliador abdominal Ab-Form +... Kit Par de Halteres 2kg - Life Zone Kit LifeZone - Bicicleta Ergométrica + Simulador de Caminhadas Simulador de Caminhada com Monitor Life Zone Simulador de Caminhada Life Zone Esteira 1600 + Apoio para Flexão Life Zone Esteira 1600 + Corda de Pular com Rolamento - Life Zone Kit Par de Halteres 4kg - Life Zone Balança Digital 150Kg - New Me + Life Zone Power Jump + Cama Elástica... Kit Caneleiras 1kg + Colchonete - Life Zone Balança Digital 150Kg - New Me + Corda de Pular com Rolamento - Life...
			Igorando Pelo Filtro de Nome...
		Nome do Produto: Aparelho Abdominal Life Zone Life Zone Power Jump + Cama Elástica Profissional Simulador de Caminhada s/ Monitor + Auxiliador Abdominal Ab-Form Life... Esteira Ergométrica Life Zone 1600 Dobrável e Bivolt Life Zone Power Jump + Elastic Jump Auxiliador Abdominal Ab-Form - Life Zone Prancha Abdominal Curvada com Extensores e Halteres - Life Zone Roda de Exercícios Abdominal Reforçado Life Zone Prancha Abdominal com Regulagem - Life Zone Esteira Ergométrica Life Zone + Auxiliador abdominal Ab-Form +... Kit Par de Halteres 2kg - Life Zone Kit LifeZone - Bicicleta Ergométrica + Simulador de Caminhadas Simulador de Caminhada com Monitor Life Zone Simulador de Caminhada Life Zone Esteira 1600 + Apoio para Flexão Life Zone Esteira 1600 + Corda de Pular com Rolamento - Life Zone Kit Par de Halteres 4kg - Life Zone Balança Digital 150Kg - New Me + Life Zone Power Jump + Cama Elástica... Kit Caneleiras 1kg + Colchonete - Life Zone Balança Digital 150Kg - New Me + Corda de Pular com Rolamento - Life...
			Igorando Pelo Filtro de Nome...
		Nome do Produto: Aparelho Abdominal Life Zone Life Zone Power Jump + Cama Elástica Profissional Simulador de Caminhada s/ Monitor + Auxiliador Abdominal Ab-Form Life... Esteira Ergométrica Life Zone 1600 Dobrável e Bivolt Life Zone Power Jump + Elastic Jump Auxiliador Abdominal Ab-Form - Life Zone Prancha Abdominal Curvada com Extensores e Halteres - Life Zone Roda de Exercícios Abdominal Reforçado Life Zone Prancha Abdominal com Regulagem - Life Zone Esteira Ergométrica Life Zone + Auxiliador abdominal Ab-Form +... Kit Par de Halteres 2kg - Life Zone Kit LifeZone - Bicicleta Ergométrica + Simulador de Caminhadas Simulador de Caminhada com Monitor Life Zone Simulador de Caminhada Life Zone Esteira 1600 + Apoio para Flexão Life Zone Esteira 1600 + Corda de Pular com Rolamento - Life Zone Kit Par de Halteres 4kg - Life Zone Balança Digital 150Kg - New Me + Life Zone Power Jump + Cama Elástica... Kit Caneleiras 1kg + Colchonete - Life Zone Balança Digital 150Kg - New Me + Corda de Pular com Rolamento - Life...
			Igorando Pelo Filtro de Nome...
		Nome do Produto: Aparelho Abdominal Life Zone Life Zone Power Jump + Cama Elástica Profissional Simulador de Caminhada s/ Monitor + Auxiliador Abdominal Ab-Form Life... Esteira Ergométrica Life Zone 1600 Dobrável e Bivolt Life Zone Power Jump + Elastic Jump Auxiliador Abdominal Ab-Form - Life Zone Prancha Abdominal Curvada com Extensores e Halteres - Life Zone Roda de Exercícios Abdominal Reforçado Life Zone Prancha Abdominal com Regulagem - Life Zone Esteira Ergométrica Life Zone + Auxiliador abdominal Ab-Form +... Kit Par de Halteres 2kg - Life Zone Kit LifeZone - Bicicleta Ergométrica + Simulador de Caminhadas Simulador de Caminhada com Monitor Life Zone Simulador de Caminhada Life Zone Esteira 1600 + Apoio para Flexão Life Zone Esteira 1600 + Corda de Pular com Rolamento - Life Zone Kit Par de Halteres 4kg - Life Zone Balança Digital 150Kg - New Me + Life Zone Power Jump + Cama Elástica... Kit Caneleiras 1kg + Colchonete - Life Zone Balança Digital 150Kg - New Me + Corda de Pular com Rolamento - Life...
			Igorando Pelo Filtro de Nome...
		Nome do Produto: Aparelho Abdominal Life Zone Life Zone Power Jump + Cama Elástica Profissional Simulador de Caminhada s/ Monitor + Auxiliador Abdominal Ab-Form Life... Esteira Ergométrica Life Zone 1600 Dobrável e Bivolt Life Zone Power Jump + Elastic Jump Auxiliador Abdominal Ab-Form - Life Zone Prancha Abdominal Curvada com Extensores e Halteres - Life Zone Roda de Exercícios Abdominal Reforçado Life Zone Prancha Abdominal com Regulagem - Life Zone Esteira Ergométrica Life Zone + Auxiliador abdominal Ab-Form +... Kit Par de Halteres 2kg - Life Zone Kit LifeZone - Bicicleta Ergométrica + Simulador de Caminhadas Simulador de Caminhada com Monitor Life Zone Simulador de Caminhada Life Zone Esteira 1600 + Apoio para Flexão Life Zone Esteira 1600 + Corda de Pular com Rolamento - Life Zone Kit Par de Halteres 4kg - Life Zone Balança Digital 150Kg - New Me + Life Zone Power Jump + Cama Elástica... Kit Caneleiras 1kg + Colchonete - Life Zone Balança Digital 150Kg - New Me + Corda de Pular com Rolamento - Life...
			Igorando Pelo Filtro de Nome...
		Nome do Produto: Aparelho Abdominal Life Zone Life Zone Power Jump + Cama Elástica Profissional Simulador de Caminhada s/ Monitor + Auxiliador Abdominal Ab-Form Life... Esteira Ergométrica Life Zone 1600 Dobrável e Bivolt Life Zone Power Jump + Elastic Jump Auxiliador Abdominal Ab-Form - Life Zone Prancha Abdominal Curvada com Extensores e Halteres - Life Zone Roda de Exercícios Abdominal Reforçado Life Zone Prancha Abdominal com Regulagem - Life Zone Esteira Ergométrica Life Zone + Auxiliador abdominal Ab-Form +... Kit Par de Halteres 2kg - Life Zone Kit LifeZone - Bicicleta Ergométrica + Simulador de Caminhadas Simulador de Caminhada com Monitor Life Zone Simulador de Caminhada Life Zone Esteira 1600 + Apoio para Flexão Life Zone Esteira 1600 + Corda de Pular com Rolamento - Life Zone Kit Par de Halteres 4kg - Life Zone Balança Digital 150Kg - New Me + Life Zone Power Jump + Cama Elástica... Kit Caneleiras 1kg + Colchonete - Life Zone Balança Digital 150Kg - New Me + Corda de Pular com Rolamento - Life...
			Igorando Pelo Filtro de Nome...
	Tempo Para buscar: 714
Loja: ShopB
	URL Principal: http://www.shopb.com.br/
	URL Busca: http://busca.shopb.com.br/?busca=<BUSCA>
http://busca.shopb.com.br/?busca=Project+X+Zone
		Documento Lido
		Resultados: 31
		Nome do Produto: Project X Zone: Limited Edition - 3DS
http://shopb.ecommercesearch.com.br/Busca/Redir?url=http%3a%2f%2fwww.shopb.com.br%2fecommerce_site%2findex.php%3fpg%3dproduto%26cdg%3d4488%26idp%3d35001%26idparceiro%3dp1&esid=35001
		Acessando URL do produto.
		Nome do Produto: Cabo VGA HD15M x HD15M 1.8m - Blindado - Hitto
			Igorando Pelo Filtro de Nome...
		Nome do Produto: Cabo VGA HD15M x HD15M 15m - Blindado - Hitto
			Igorando Pelo Filtro de Nome...
		Nome do Produto: Cabo VGA HD15M x HD15M 25m - Blindado - Hitto
			Igorando Pelo Filtro de Nome...
		Nome do Produto: Cabo VGA HD15M x HD15M 3m - Blindado - Hitto
			Igorando Pelo Filtro de Nome...
		Nome do Produto: Cabo VGA HD15M x HD15M 5m - Blindado - Hitto
			Igorando Pelo Filtro de Nome...
		Nome do Produto: Call of Duty Ghosts: Prestige Edition - PS3
			Igorando Pelo Filtro de Nome...
		Nome do Produto: Final Fantasy XIII - PS3
			Igorando Pelo Filtro de Nome...
		Nome do Produto: Final Fantasy XIII - XBOX 360
			Igorando Pelo Filtro de Nome...
		Nome do Produto: Final Fantasy XIII-2 - PS3
			Igorando Pelo Filtro de Nome...
		Nome do Produto: Final Fantasy XIII-2 - XBOX 360
			Igorando Pelo Filtro de Nome...
		Nome do Produto: Final Fantasy XIII-3: Lightning Returns - PS3
			Igorando Pelo Filtro de Nome...
		Nome do Produto: Final Fantasy XIII-3: Lightning Returns - XBOX 360
			Igorando Pelo Filtro de Nome...
		Nome do Produto: Fonte Paralela IBM ThinkPad A T R X I
			Igorando Pelo Filtro de Nome...
		Nome do Produto: Fonte Paralela Sony Vaio PCG-NV PCG-R PCG-SX PCG-X Voltagem 19.5v 3.9A
			Igorando Pelo Filtro de Nome...
		Nome do Produto: Fonte Paralela Sony Vaio PCG-NV PCG-R PCG-SX PCG-X Voltagem 19.5v 4.7A
			Igorando Pelo Filtro de Nome...
		Nome do Produto: Fonte de Alimentação 600W 80 Plus Bronze Strike X EN53822 - Aerocool
			Igorando Pelo Filtro de Nome...
		Nome do Produto: Hatsune Miku: Project DIVA F - PS3
			Igorando Pelo Filtro de Nome...
		Nome do Produto: Morph X - XBOX 360
			Igorando Pelo Filtro de Nome...
		Nome do Produto: Mortal Kombat X - PS4
			Igorando Pelo Filtro de Nome...
		Nome do Produto: Mortal Kombat X - XBOX ONE
			Igorando Pelo Filtro de Nome...
		Nome do Produto: Pokemon X - 3DS
			Igorando Pelo Filtro de Nome...
		Nome do Produto: Processador I3 3220 3,30Gz - Intel
			Igorando Pelo Filtro de Nome...
		Nome do Produto: Project CARS - PS4
			Igorando Pelo Filtro de Nome...
		Nome do Produto: Project CARS - XBOX ONE
			Igorando Pelo Filtro de Nome...
		Nome do Produto: Project Spark: Pacote Inicial - XBOX ONE
			Igorando Pelo Filtro de Nome...
		Nome do Produto: Project Sylpheed Arc of Deception - XBOX 360
			Igorando Pelo Filtro de Nome...
		Nome do Produto: Skin Notebook - MOD 1 10" - 24,5cm x 15,5
			Igorando Pelo Filtro de Nome...
		Nome do Produto: Skin Notebook - MOD 1 10.1" - 24,5cm x 15,5cm
			Igorando Pelo Filtro de Nome...
		Nome do Produto: Skin Notebook - MOD 1 11" - 26,0cm x 20,3cm
			Igorando Pelo Filtro de Nome...
		Nome do Produto: Skin Notebook - MOD 1 12" - 26,9cm x 20,3cm
			Igorando Pelo Filtro de Nome...
	Tempo Para buscar: 4820
Loja: Submarino
	URL Principal: http://www.submarino.com.br/
	URL Busca: http://busca.submarino.com.br/busca.php?q=<BUSCA>
http://busca.submarino.com.br/busca.php?q=Project+X+Zone
		Documento Lido
		Resultados: 30
		Nome do Produto: Livro - Microsoft Project 2013: Standard, Professional & Pro para Office 365
			Igorando Pelo Filtro de Nome...
		Nome do Produto: Livro - Microsoft Project Professional 2013 - Guia Prático
			Igorando Pelo Filtro de Nome...
		Nome do Produto: Livro - Microsoft Project Professional 2013: Gestão e Desenvolvimento de Projetos
			Igorando Pelo Filtro de Nome...
		Nome do Produto: Livro - Microsoft Project 2013: Aprenda Rapidamente o que Precisa no Ritmo que Você Deseja - Série Passo a Passo
			Igorando Pelo Filtro de Nome...
		Nome do Produto: Livro - Project 2010 - Gestão e Desenvolvimento de Projetos
			Igorando Pelo Filtro de Nome...
		Nome do Produto: Livro - Microsoft Office Project 2007
			Igorando Pelo Filtro de Nome...
		Nome do Produto: Livro - Project 2002 Gerenciamento Eficiente De Projetos
			Igorando Pelo Filtro de Nome...
		Nome do Produto: Livros - MS Project & Gestão de Projetos
			Igorando Pelo Filtro de Nome...
		Nome do Produto: Livro - MS Project 2007
			Igorando Pelo Filtro de Nome...
		Nome do Produto: Livro - Microsoft Project 2007: Gestão e Desenvolvimento de Projetos
			Igorando Pelo Filtro de Nome...
		Nome do Produto: Livro - Gerenciando Múltiplos Projetos com o MS Project Server
			Igorando Pelo Filtro de Nome...
		Nome do Produto: Project Ace 1 Sb Pack Cd
			Igorando Pelo Filtro de Nome...
		Nome do Produto: Livro - Passo a passo: Microsoft Office Project 2003
			Igorando Pelo Filtro de Nome...
		Nome do Produto: Livro - Padronizando Gerenciamento com Project Office
			Igorando Pelo Filtro de Nome...
		Nome do Produto: Project Ace 2 Sb Pack Cd
			Igorando Pelo Filtro de Nome...
		Nome do Produto: Livro - Project Model Canvas: Gerenciamento De Projetos Sem Burocracia
			Igorando Pelo Filtro de Nome...
		Nome do Produto: Livro - Gerenciamento de Projetos: Project Model Canvas (PMC)
			Igorando Pelo Filtro de Nome...
		Nome do Produto: Project, Second Edition: Level 4 Student Book
			Igorando Pelo Filtro de Nome...
		Nome do Produto: Project - Level 5 - Student's Book
			Igorando Pelo Filtro de Nome...
		Nome do Produto: Game - Project Spark - Xbox One
			Igorando Pelo Filtro de Nome...
		Nome do Produto: Microsoft Project 2010: Passo a Passo
			Igorando Pelo Filtro de Nome...
		Nome do Produto: Livro - Dominando Gerenciamento de Projetos Com MS Project 2010
			Igorando Pelo Filtro de Nome...
		Nome do Produto: Livro- Prática de Planejamento com MS Project - Petróleo e Gás
			Igorando Pelo Filtro de Nome...
		Nome do Produto: Livro - Manual do MS-Project 2010 e Melhores Práticas do PMI
			Igorando Pelo Filtro de Nome...
		Nome do Produto: CD Gotan Project - Gotan Project Live (Duplo)
			Igorando Pelo Filtro de Nome...
		Nome do Produto: Livro - Project 3: Student´s Book - Level 3
			Igorando Pelo Filtro de Nome...
		Nome do Produto: Livro - Project Workbook 1
			Igorando Pelo Filtro de Nome...
		Nome do Produto: Livro - Project Workbook 3
			Igorando Pelo Filtro de Nome...
		Nome do Produto: Livro - Project 2: Student´s Book - Level 2
			Igorando Pelo Filtro de Nome...
		Nome do Produto: Livro - Project
			Igorando Pelo Filtro de Nome...
	Tempo Para buscar: 1500
Loja: Walmart
	URL Principal: http://www.walmart.com.br/
	URL Busca: http://www.walmart.com.br/busca/?ft=<BUSCA>&PS=20
http://www.walmart.com.br/busca/?ft=Project+X+Zone&PS=20
		Documento Lido
		Resultados: 1
		Nome do Produto: Project X Zone N3DS
http://www.walmart.com.br//produto/Games/Jogos-para-Nintendo-3DS/Bandai-Namco-Games/2377087m-project_x_zone_n3ds
		Acessando URL do produto.
	Tempo Para buscar: 2387

File copied from D:\WorkSpaces\workspace estudo\lookforprices\resources\imports\css.css to D:\WorkSpaces\workspace estudo\lookforprices\reports\2015-01-20 23\css.css
File copied from D:\WorkSpaces\workspace estudo\lookforprices\resources\imports\jquery.js to D:\WorkSpaces\workspace estudo\lookforprices\reports\2015-01-20 23\jquery.js
File copied from D:\WorkSpaces\workspace estudo\lookforprices\resources\imports\scripts.js to D:\WorkSpaces\workspace estudo\lookforprices\reports\2015-01-20 23\scripts.js
Tempo total de execução: 67007
