Game: Samurai Warriors
Loja: Nintendo eShop
	URL Principal: http://www.nintendo.com/3ds/eshop
	URL Busca: http://www.nintendo.com/json/content/get/game/filter?&&&&qterm=<BUSCA>
NintendoEShopSearch.search() http://www.nintendo.com/json/content/get/game/filter?&&&&qterm=Samurai+Warriors
		Documento Lido
		Resultados: 7
		Nome do Produto: Hakuoki: Memories of the Shinsengumi
			Igorando Pelo Filtro de Nome...
		Nome do Produto: Warriors Orochi 3 Hyper
			Igorando Pelo Filtro de Nome...
		Nome do Produto: Samurai Shodown IV: Amakusa's Revenge
			Igorando Pelo Filtro de Nome...
		Nome do Produto: SAMURAI WARRIORS: Chronicles
http://www.nintendo.com/games/detail/ad3x5Q11SAH48bLbYupnnA0HeUOA3tUL
		Acessando URL do produto.
URL = http://www.nintendo.com/games/detail/ad3x5Q11SAH48bLbYupnnA0HeUOA3tUL
		Nome do Produto: Samurai Warriors 3
http://www.nintendo.com/games/detail/gAI6Ixtby8aaYaTR4uUns9Hz6KRvzdzE
		Acessando URL do produto.
URL = http://www.nintendo.com/games/detail/gAI6Ixtby8aaYaTR4uUns9Hz6KRvzdzE
		Nome do Produto: Contra Rebirth
			Igorando Pelo Filtro de Nome...
		Nome do Produto: Samurai Warriors: Katana
http://www.nintendo.com/games/detail/DG09CCXdldIRT_muooOW49HsnBirgPf-
		Acessando URL do produto.
URL = http://www.nintendo.com/games/detail/DG09CCXdldIRT_muooOW49HsnBirgPf-
	Tempo Para buscar: 3649
Loja: Americanas
	URL Principal: http://www.americanas.com.br/
	URL Busca: http://busca.americanas.com.br/busca.php?q=<BUSCA>
http://busca.americanas.com.br/busca.php?q=Samurai+Warriors
		Documento Lido
		Resultados: 30
		Nome do Produto: DVD - Samurai X
			Igorando Pelo Filtro de Nome...
		Nome do Produto: DVD Os 7 Samurais (Disco 1)
			Igorando Pelo Filtro de Nome...
		Nome do Produto: DVD - Último Samurai Hirokin
			Igorando Pelo Filtro de Nome...
		Nome do Produto: Box DVD - Cinema Samurai II (3 Discos)
			Igorando Pelo Filtro de Nome...
		Nome do Produto: Livro - Samurai - O Lendário Mundo dos Guerreiros
			Igorando Pelo Filtro de Nome...
		Nome do Produto: DVD Leão De Jade e A Espada De Samurai
			Igorando Pelo Filtro de Nome...
		Nome do Produto: DVD Storm Samurai
			Igorando Pelo Filtro de Nome...
		Nome do Produto: DVD O Samurai Espião
			Igorando Pelo Filtro de Nome...
		Nome do Produto: DVD - Samurai Americano
			Igorando Pelo Filtro de Nome...
		Nome do Produto: Box DVD Cinema Samurai (3 Discos)
			Igorando Pelo Filtro de Nome...
		Nome do Produto: DVD O Lobo Solitário - O Samurai Assassino
			Igorando Pelo Filtro de Nome...
		Nome do Produto: DVD O Último Samurai
			Igorando Pelo Filtro de Nome...
		Nome do Produto: DVD O Último Samurai / Tróia
			Igorando Pelo Filtro de Nome...
		Nome do Produto: DVD - Musashi: Trilogia Samurai (3 Discos)
			Igorando Pelo Filtro de Nome...
		Nome do Produto: Livro - Samurai Girl - 10
			Igorando Pelo Filtro de Nome...
		Nome do Produto: Kung Zhu Centro de Treinamento Samurai Preto - DTC
			Igorando Pelo Filtro de Nome...
		Nome do Produto: Blu-ray O Último Samurai
			Igorando Pelo Filtro de Nome...
		Nome do Produto: Fantasia Sulamericana Power Samurai Luxo Azul Tamanho P ao G
			Igorando Pelo Filtro de Nome...
		Nome do Produto: Linha Samurai Braid 8 Fios 150 Jardas - 135m Verde
			Igorando Pelo Filtro de Nome...
		Nome do Produto: Capa de estepe - Maxine - Pajero Full - kanjii japonÇ¦s - samurai - cada (unidade) - 0051
			Igorando Pelo Filtro de Nome...
		Nome do Produto: Linha Samurai Braid 8 Fios 300 Jardas - 275m Verde
			Igorando Pelo Filtro de Nome...
		Nome do Produto: Linha Samurai Braid 8 Fios 300 Jardas - 275m Verde
			Igorando Pelo Filtro de Nome...
		Nome do Produto: Linha Samurai Braid 8 Fios 300 Jardas - 275m Verde
			Igorando Pelo Filtro de Nome...
		Nome do Produto: Linha Samurai Braid 8 Fios 300 Jardas - 275m Verde
			Igorando Pelo Filtro de Nome...
		Nome do Produto: Linha Samurai Braid 8 Fios 300 Jardas - 275m Verde
			Igorando Pelo Filtro de Nome...
		Nome do Produto: Linha Samurai Braid 8 Fios 300 Jardas - 275m Verde
			Igorando Pelo Filtro de Nome...
		Nome do Produto: Linha Samurai Braid 8 Fios 150 Jardas - 135m Verde
			Igorando Pelo Filtro de Nome...
		Nome do Produto: Linha Samurai Braid 8 Fios 150 Jardas - 135m Verde
			Igorando Pelo Filtro de Nome...
		Nome do Produto: Linha Samurai Braid 8 Fios 150 Jardas - 135m Verde
			Igorando Pelo Filtro de Nome...
		Nome do Produto: Linha Samurai Braid 8 Fios 150 Jardas - 135m Verde
			Igorando Pelo Filtro de Nome...
	Tempo Para buscar: 1831
Loja: Big Boy Games
	URL Principal: http://www.bigboygames.com.br/
	URL Busca: http://www.bigboygames.com.br/pesquisa/?p=<BUSCA>
http://www.bigboygames.com.br/pesquisa/?p=Samurai+Warriors
		Documento Lido
		Resultados: 3
		Nome do Produto: PS4 - Samurai Warriors 4
http://www.bigboygames.com.br/ps4-samurai-warriors-4-p6702/
		Acessando URL do produto.
		Nome do Produto: Wii - Sengoku Basara: Samurai Warriors
http://www.bigboygames.com.br/wii-sengoku-basara-samurai-warriors-p6472/
		Acessando URL do produto.
		Nome do Produto: 3DS - Samurai Warriors Chronicles
http://www.bigboygames.com.br/3ds-samurai-warriors-chronicles-p2734/
		Acessando URL do produto.
	Tempo Para buscar: 3147
Loja: Casas Bahia
	URL Principal: http://www.casasbahia.com.br/
	URL Busca: http://buscas.casasbahia.com.br/search?w=<BUSCA>
http://buscas.casasbahia.com.br/search?w=Samurai+Warriors
		Documento Lido
		Resultados: 1
		Nome do Produto: Jogo Warriors Orochi 3 Ultimate - PS4
			Igorando Pelo Filtro de Nome...
		Nome do Produto: Jogo Warriors Orochi 3 Ultimate - Xbox One
			Igorando Pelo Filtro de Nome...
	Tempo Para buscar: 810
Loja: Extra
	URL Principal: http://www.extra.com.br/
	URL Busca: http://buscando.extra.com.br/search?w=<BUSCA>
http://buscando.extra.com.br/search?w=Samurai+Warriors
		Documento Lido
		Resultados: 2
		Nome do Produto: Jogo Warriors Orochi 3 Ultimate - PS4
			Igorando Pelo Filtro de Nome...
		Nome do Produto: Jogo Warriors Orochi 3 Ultimate - Xbox One
			Igorando Pelo Filtro de Nome...
	Tempo Para buscar: 862
Loja: Fast Games
	URL Principal: http://www.fastgames.com.br/
	URL Busca: http://www.fastgames.com.br/loja/busca.php?loja=187970&palavra_busca=<BUSCA>
http://www.fastgames.com.br/loja/busca.php?loja=187970&palavra_busca=Samurai+Warriors
		Documento Lido
		Resultados: 1
		Nome do Produto: Samurai Warriors 4 - PS4
http://www.fastgames.com.br//samurai-warriors-4-ps4-pr-8817-187970.htm
		Acessando URL do produto.
	Tempo Para buscar: 2575
Loja: Fast Shop
	URL Principal: http://www.fastshop.com.br/loja/
	URL Busca: http://www.fastshop.com.br/webapp/wcs/stores/servlet/SearchDisplay?searchTerm=<BUSCA>&categoryId=&storeId=10151&catalogId=11052&langId=-6&pageSize=9&beginIndex=0&sType=SimpleSearch&resultCatEntryType=2&showResultsPage=true&searchSource=Q&pageView=&hotsite=fastshop
http://www.fastshop.com.br/webapp/wcs/stores/servlet/SearchDisplay?searchTerm=Samurai+Warriors&categoryId=&storeId=10151&catalogId=11052&langId=-6&pageSize=9&beginIndex=0&sType=SimpleSearch&resultCatEntryType=2&showResultsPage=true&searchSource=Q&pageView=&hotsite=fastshop
java.net.SocketTimeoutException: Read timed out
	at java.net.SocketInputStream.socketRead0(Native Method)
	at java.net.SocketInputStream.read(Unknown Source)
	at java.net.SocketInputStream.read(Unknown Source)
	at java.io.BufferedInputStream.fill(Unknown Source)
	at java.io.BufferedInputStream.read1(Unknown Source)
	at java.io.BufferedInputStream.read(Unknown Source)
	at sun.net.www.http.HttpClient.parseHTTPHeader(Unknown Source)
	at sun.net.www.http.HttpClient.parseHTTP(Unknown Source)
	at sun.net.www.protocol.http.HttpURLConnection.getInputStream0(Unknown Source)
	at sun.net.www.protocol.http.HttpURLConnection.getInputStream(Unknown Source)
	at java.net.HttpURLConnection.getResponseCode(Unknown Source)
	at org.jsoup.helper.HttpConnection$Response.execute(HttpConnection.java:453)
	at org.jsoup.helper.HttpConnection$Response.execute(HttpConnection.java:434)
	at org.jsoup.helper.HttpConnection.execute(HttpConnection.java:181)
	at org.jsoup.helper.HttpConnection.get(HttpConnection.java:170)
	at comom.Util.readUrlDocument(Util.java:94)
	at interfaces.search.FastShopSearch.readResults(FastShopSearch.java:100)
	at interfaces.search.FastShopSearch.search(FastShopSearch.java:30)
	at objects.Shop.searchProduct(Shop.java:33)
	at Main.generateHtlReport(Main.java:88)
	at Main.main(Main.java:59)
Tentando conectar Na Url de outro modo
		Documento Lido
		Resultados: 0
	Tempo Para buscar: 20611
Loja: FNAC
	URL Principal: http://www.fnac.com.br/index.html
	URL Busca: http://busca.fnac.com.br/?busca=<BUSCA>
http://busca.fnac.com.br/?busca=Samurai+Warriors
		Documento Lido
		Resultados: 20
		Nome do Produto: Ps3 Dynasty Warriors 8
			Igorando Pelo Filtro de Nome...
		Nome do Produto: A Tristeza do Samurai
			Igorando Pelo Filtro de Nome...
		Nome do Produto: A Cortesã E O Samurai
			Igorando Pelo Filtro de Nome...
		Nome do Produto: Xbox 360 Dynasty Warriors 8
			Igorando Pelo Filtro de Nome...
		Nome do Produto: O Último Samurai (DVD)
			Igorando Pelo Filtro de Nome...
		Nome do Produto: Kaori - E O Samurai Sem Braço
			Igorando Pelo Filtro de Nome...
		Nome do Produto: Cinema Samurai (DVD) (3 Discos)
			Igorando Pelo Filtro de Nome...
		Nome do Produto: Cinema Samurai 3 (3 DVDs)
			Igorando Pelo Filtro de Nome...
		Nome do Produto: Musashi - Trilogia Samurai (3 DVDs)
			Igorando Pelo Filtro de Nome...
		Nome do Produto: Power Rangers Samurai - 18ª Temporada - Vol.2 (DVD)
			Igorando Pelo Filtro de Nome...
		Nome do Produto: Power Rangers Samurai - 18ª Temporada Vol. 1 (DVD)
			Igorando Pelo Filtro de Nome...
		Nome do Produto: The Best Of Donna Summer
			Igorando Pelo Filtro de Nome...
		Nome do Produto: Classic Donna Summer
			Igorando Pelo Filtro de Nome...
		Nome do Produto: The Best Of Men At Work
			Igorando Pelo Filtro de Nome...
		Nome do Produto: 5 Seconds Of Summer (deluxe)
			Igorando Pelo Filtro de Nome...
		Nome do Produto: 5 Seconds Of Summer
			Igorando Pelo Filtro de Nome...
		Nome do Produto: Vh1 Live & More (DVD)
			Igorando Pelo Filtro de Nome...
		Nome do Produto: Vh 1 Presents Live & More Encore!
			Igorando Pelo Filtro de Nome...
		Nome do Produto: O Troco
			Igorando Pelo Filtro de Nome...
		Nome do Produto: Love To Love You Donna
			Igorando Pelo Filtro de Nome...
	Tempo Para buscar: 1084
Loja: Kabum
	URL Principal: http://www.kabum.com.br/
	URL Busca: http://www.kabum.com.br/cgi-local/site/listagem/listagem.cgi?string=<BUSCA>&btnG=
http://www.kabum.com.br/cgi-local/site/listagem/listagem.cgi?string=Samurai+Warriors&btnG=
		Documento Lido
		Resultados: 0
	Tempo Para buscar: 558
Loja: Livraria Cultura
	URL Principal: http://www.livrariacultura.com.br/
	URL Busca: http://www.livrariacultura.com.br/busca?N=0&Ntt=<BUSCA>
http://www.livrariacultura.com.br/busca?N=0&Ntt=Samurai+Warriors
		Documento Lido
		Resultados: 48
		Nome do Produto: SAMURAI WARRIORS ART TATTOOS
http://www.livrariacultura.com.br/p/samurai-warriors-art-tattoos-691876
java.net.SocketTimeoutException: connect timed out
	at java.net.DualStackPlainSocketImpl.waitForConnect(Native Method)
	at java.net.DualStackPlainSocketImpl.socketConnect(Unknown Source)
	at java.net.AbstractPlainSocketImpl.doConnect(Unknown Source)
	at java.net.AbstractPlainSocketImpl.connectToAddress(Unknown Source)
	at java.net.AbstractPlainSocketImpl.connect(Unknown Source)
	at java.net.PlainSocketImpl.connect(Unknown Source)
	at java.net.SocksSocketImpl.connect(Unknown Source)
	at java.net.Socket.connect(Unknown Source)
	at sun.net.NetworkClient.doConnect(Unknown Source)
	at sun.net.www.http.HttpClient.openServer(Unknown Source)
	at sun.net.www.http.HttpClient.openServer(Unknown Source)
	at sun.net.www.http.HttpClient.<init>(Unknown Source)
	at sun.net.www.http.HttpClient.New(Unknown Source)
	at sun.net.www.http.HttpClient.New(Unknown Source)
	at sun.net.www.protocol.http.HttpURLConnection.getNewHttpClient(Unknown Source)
	at sun.net.www.protocol.http.HttpURLConnection.plainConnect0(Unknown Source)
	at sun.net.www.protocol.http.HttpURLConnection.plainConnect(Unknown Source)
	at sun.net.www.protocol.http.HttpURLConnection.connect(Unknown Source)
	at org.jsoup.helper.HttpConnection$Response.execute(HttpConnection.java:449)
	at org.jsoup.helper.HttpConnection$Response.execute(HttpConnection.java:434)
	at org.jsoup.helper.HttpConnection.execute(HttpConnection.java:181)
	at org.jsoup.helper.HttpConnection.get(HttpConnection.java:170)
	at comom.Util.readUrlDocument(Util.java:94)
	at interfaces.search.LivrariaCulturaSearch.readEachProduct(LivrariaCulturaSearch.java:74)
	at interfaces.search.LivrariaCulturaSearch.search(LivrariaCulturaSearch.java:38)
	at objects.Shop.searchProduct(Shop.java:33)
	at Main.generateHtlReport(Main.java:88)
	at Main.main(Main.java:59)
Tentando conectar Na Url de outro modo
		Acessando URL do produto.
		Nome do Produto: SAMURAI WARRIORS
http://www.livrariacultura.com.br/p/samurai-warriors-2394118
java.net.SocketTimeoutException: connect timed out
	at java.net.DualStackPlainSocketImpl.waitForConnect(Native Method)
	at java.net.DualStackPlainSocketImpl.socketConnect(Unknown Source)
	at java.net.AbstractPlainSocketImpl.doConnect(Unknown Source)
	at java.net.AbstractPlainSocketImpl.connectToAddress(Unknown Source)
	at java.net.AbstractPlainSocketImpl.connect(Unknown Source)
	at java.net.PlainSocketImpl.connect(Unknown Source)
	at java.net.SocksSocketImpl.connect(Unknown Source)
	at java.net.Socket.connect(Unknown Source)
	at sun.net.NetworkClient.doConnect(Unknown Source)
	at sun.net.www.http.HttpClient.openServer(Unknown Source)
	at sun.net.www.http.HttpClient.openServer(Unknown Source)
	at sun.net.www.http.HttpClient.<init>(Unknown Source)
	at sun.net.www.http.HttpClient.New(Unknown Source)
	at sun.net.www.http.HttpClient.New(Unknown Source)
	at sun.net.www.protocol.http.HttpURLConnection.getNewHttpClient(Unknown Source)
	at sun.net.www.protocol.http.HttpURLConnection.plainConnect0(Unknown Source)
	at sun.net.www.protocol.http.HttpURLConnection.plainConnect(Unknown Source)
	at sun.net.www.protocol.http.HttpURLConnection.connect(Unknown Source)
	at org.jsoup.helper.HttpConnection$Response.execute(HttpConnection.java:449)
	at org.jsoup.helper.HttpConnection$Response.execute(HttpConnection.java:434)
	at org.jsoup.helper.HttpConnection.execute(HttpConnection.java:181)
	at org.jsoup.helper.HttpConnection.get(HttpConnection.java:170)
	at comom.Util.readUrlDocument(Util.java:94)
	at interfaces.search.LivrariaCulturaSearch.readEachProduct(LivrariaCulturaSearch.java:74)
	at interfaces.search.LivrariaCulturaSearch.search(LivrariaCulturaSearch.java:38)
	at objects.Shop.searchProduct(Shop.java:33)
	at Main.generateHtlReport(Main.java:88)
	at Main.main(Main.java:59)
Tentando conectar Na Url de outro modo
		Acessando URL do produto.
		Nome do Produto: THE SAMURAI SWORD: SPIRIT * STRATEGY * TECHNIQUES
			Igorando Pelo Filtro de Nome...
		Nome do Produto: MASTERING THE SAMURAI SWORD
			Igorando Pelo Filtro de Nome...
		Nome do Produto: SAMURAI COMMANDERS (1)
			Igorando Pelo Filtro de Nome...
		Nome do Produto: SAMURAI COMMANDERS (1)
			Igorando Pelo Filtro de Nome...
		Nome do Produto: SAMURAI BUSINESS: THE WAY OF THE WARRIOR FOR
			Igorando Pelo Filtro de Nome...
		Nome do Produto: SAMURAI
			Igorando Pelo Filtro de Nome...
		Nome do Produto: THE SAMURAI SWORD: SPIRIT * STRATEGY * TECHNIQUES
			Igorando Pelo Filtro de Nome...
		Nome do Produto: MASTERING THE SAMURAI SWORD
			Igorando Pelo Filtro de Nome...
		Nome do Produto: HIS BEAUTIFUL SAMURAI
			Igorando Pelo Filtro de Nome...
		Nome do Produto: SAMURAI
			Igorando Pelo Filtro de Nome...
		Nome do Produto: SAMURAI! [ILLUSTRATED EDITION]
			Igorando Pelo Filtro de Nome...
		Nome do Produto: SEVEN SAMURAI (BLU-RAY)
			Igorando Pelo Filtro de Nome...
		Nome do Produto: TRAINING THE SAMURAI MIND: A BUSHIDO SOURCEBOOK
			Igorando Pelo Filtro de Nome...
		Nome do Produto: SEVEN SAMURAI - EE
			Igorando Pelo Filtro de Nome...
		Nome do Produto: THE SAMURAI SWORDSMAN
			Igorando Pelo Filtro de Nome...
		Nome do Produto: THE BAMBOO SWORD AND OTHER SAMURAI TALES
			Igorando Pelo Filtro de Nome...
		Nome do Produto: FAMOUS SAMURAI: YAGYU MUNENORI
			Igorando Pelo Filtro de Nome...
		Nome do Produto: SAMURAI SPIRIT
			Igorando Pelo Filtro de Nome...
		Nome do Produto: THE SAMURAI SWORDSMAN
			Igorando Pelo Filtro de Nome...
		Nome do Produto: FAMOUS SAMURAI: KAMIIZUMI NOBUTSUNA
			Igorando Pelo Filtro de Nome...
		Nome do Produto: LEGENDS OF THE SAMURAI
			Igorando Pelo Filtro de Nome...
		Nome do Produto: THE SAMURAI MIND
			Igorando Pelo Filtro de Nome...
		Nome do Produto: LET'S DRAW MANGA - NINJA & SAMURAI
			Igorando Pelo Filtro de Nome...
		Nome do Produto: FAMOUS SAMURAI: ONO TADAAKI
			Igorando Pelo Filtro de Nome...
		Nome do Produto: WORLD OF WARRIORS: THE SEVENTH WARRIOR
			Igorando Pelo Filtro de Nome...
		Nome do Produto: SILENT SAMURAI AND THE MAGNIFICENT RESCUE
			Igorando Pelo Filtro de Nome...
		Nome do Produto: LET'S DRAW MANGA - NINJA AND SAMURAI
			Igorando Pelo Filtro de Nome...
		Nome do Produto: SAMURAI STRATEGIES
			Igorando Pelo Filtro de Nome...
		Nome do Produto: SAMURAI WOMEN 1184-1877
			Igorando Pelo Filtro de Nome...
		Nome do Produto: SAMURAI - AN ILLUSTRATED HISTORY
			Igorando Pelo Filtro de Nome...
		Nome do Produto: SAMURAI - THE STORY IF A WARRIOR TRADITION
			Igorando Pelo Filtro de Nome...
		Nome do Produto: THE FIRST SAMURAI
			Igorando Pelo Filtro de Nome...
		Nome do Produto: RISE SAMURAI,3
			Igorando Pelo Filtro de Nome...
		Nome do Produto: SAMURAI STRATEGIES
			Igorando Pelo Filtro de Nome...
		Nome do Produto: THE SAMURAI SWORDSMAN
			Igorando Pelo Filtro de Nome...
		Nome do Produto: YOUNG SAMURAI: THE RING OF FIRE
			Igorando Pelo Filtro de Nome...
		Nome do Produto: SAMURAI STRATEGIES
			Igorando Pelo Filtro de Nome...
		Nome do Produto: NINJA VS SAMURAI (PART 1)
			Igorando Pelo Filtro de Nome...
		Nome do Produto: THE SAMURAI MIND
			Igorando Pelo Filtro de Nome...
		Nome do Produto: THE SAMURAI
			Igorando Pelo Filtro de Nome...
		Nome do Produto: SAMURAI
			Igorando Pelo Filtro de Nome...
		Nome do Produto: LEGENDS OF THE SAMURAI
			Igorando Pelo Filtro de Nome...
		Nome do Produto: SAMURAI CHAMPLOO, V.2
			Igorando Pelo Filtro de Nome...
		Nome do Produto: SAMURAI WISDOM
			Igorando Pelo Filtro de Nome...
		Nome do Produto: THE FIRST SAMURAI
			Igorando Pelo Filtro de Nome...
		Nome do Produto: EARLY SAMURAI AD 200-1500
			Igorando Pelo Filtro de Nome...
	Tempo Para buscar: 62980
Loja: Magazine Luiza
	URL Principal: http://www.magazineluiza.com.br/
	URL Busca: http://www.magazineluiza.com.br/busca/<BUSCA>/
http://www.magazineluiza.com.br/busca/Samurai+Warriors/
		Documento Lido
		Resultados: 8
		Nome do Produto: Hyrule Warriors para Nintendo Wii U - Nintendo
			Igorando Pelo Filtro de Nome...
		Nome do Produto: Dinasty Warriors 8 para Xbox 360 - Tecmo Koei
			Igorando Pelo Filtro de Nome...
		Nome do Produto: Warriors Orochi 3 Ultimate para Xbox One - Koei
			Igorando Pelo Filtro de Nome...
		Nome do Produto: Dinasty Warriors 8 para PS3 - Tecmo Koei
			Igorando Pelo Filtro de Nome...
		Nome do Produto: Warriors Orochi 3 Ultimate para PS4 - Koei
			Igorando Pelo Filtro de Nome...
		Nome do Produto: Power Rangers Super Samurai - para Xbox 360 com Kinect - Namco Bandai
			Igorando Pelo Filtro de Nome...
		Nome do Produto: Guitar Hero Warriors Of Rock para Xbox 360 - Activision
			Igorando Pelo Filtro de Nome...
		Nome do Produto: Guitar Hero Warriors of Rock com Guitarra p/ PS3 - Activision
			Igorando Pelo Filtro de Nome...
	Tempo Para buscar: 251
Loja: Mula Games
	URL Principal: http://www.mulagames.com.br/
	URL Busca: http://www.mulagames.com.br/produtos-index/catalogo_produtos/-/-/<BUSCA>/-/-/-/-/-/
http://www.mulagames.com.br/produtos-index/catalogo_produtos/-/-/Samurai%20Warriors/-/-/-/-/-/
		Documento Lido
		Resultados: 2
		Nome do Produto: Samurai Warriors: Chronicles - 3DS
http://www.mulagames.com.br/Samurai-Warriors--Chronicles-3DS/prod-1079610/
		Acessando URL do produto.
http://www.mulagames.com.br/produto-ajax_retorna_dados_preco_comprar/1079610
		Acessando URL do preço produto.
		Nome do Produto: Samurai Warriors 4 - PS4
http://www.mulagames.com.br/Samurai-Warriors-4-PS4/prod-2489603/
		Acessando URL do produto.
http://www.mulagames.com.br/produto-ajax_retorna_dados_preco_comprar/2489603
		Acessando URL do preço produto.
	Tempo Para buscar: 3086
Loja: Net Shoes
	URL Principal: http://www.netshoes.com.br/
	URL Busca: http://www.netshoes.com.br/search?Ntt=<BUSCA>
http://www.netshoes.com.br/search?Ntt=Samurai+Warriors
		Documento Lido
		Resultados: 2
		Nome do Produto: Camiseta Regata Adidas Golden State Warriors Road
			Igorando Pelo Filtro de Nome...
		Nome do Produto: Boné New Era NBA 5950 Golden State Warriors
			Igorando Pelo Filtro de Nome...
	Tempo Para buscar: 142
Loja: Ponto Frio
	URL Principal: http://www.pontofrio.com.br/
	URL Busca: http://search.pontofrio.com.br/search?w=<BUSCA>
http://search.pontofrio.com.br/search?w=Samurai+Warriors
		Documento Lido
		Resultados: 1
		Nome do Produto: Jogo Warriors Orochi 3 Ultimate - PS4
			Igorando Pelo Filtro de Nome...
		Nome do Produto: Jogo Warriors Orochi 3 Ultimate - Xbox One
			Igorando Pelo Filtro de Nome...
		Nome do Produto: Jogo Warriors Orochi 3 Ultimate - PS4
			Igorando Pelo Filtro de Nome...
		Nome do Produto: Jogo Warriors Orochi 3 Ultimate - Xbox One
			Igorando Pelo Filtro de Nome...
	Tempo Para buscar: 5867
Loja: Ricardo Eletro
	URL Principal: http://www.ricardoeletro.com.br/
	URL Busca: http://www.ricardoeletro.com.br/Busca/Resultado/?q=<BUSCA>
http://www.ricardoeletro.com.br/Busca/Resultado/?q=Samurai+Warriors
		Documento Lido
		Resultados: 16
		Nome do Produto: Conjunto De Facas 3 Peças Samurai - Brinox
			Igorando Pelo Filtro de Nome...
		Nome do Produto: Faca Chef 8.2" - Samurai - Brinox
			Igorando Pelo Filtro de Nome...
		Nome do Produto: Faca Para Peixes e Legumes 6.6" Samurai - Brinox
			Igorando Pelo Filtro de Nome...
		Nome do Produto: Power Rangers Samurai Armadura Megazord com Samurai Ranger Fogo - Sunny
			Igorando Pelo Filtro de Nome...
		Nome do Produto: Pião Beyblade Shogun Steel Bey Warriors Dark x Water Element - Hasbro
			Igorando Pelo Filtro de Nome...
		Nome do Produto: Faca Para Pao 8.2" Samurai - Brinox
			Igorando Pelo Filtro de Nome...
		Nome do Produto: Faca Multiuso 5" Samurai - Brinox
			Igorando Pelo Filtro de Nome...
		Nome do Produto: Faca para Legumes Samurai - Brinox
			Igorando Pelo Filtro de Nome...
		Nome do Produto: Faca Para Peixe 4.4" Samurai - Brinox
			Igorando Pelo Filtro de Nome...
		Nome do Produto: Power Rangers Samurai Armadura Claw Battlezord com Samurai Ranger Luz - Sunny
			Igorando Pelo Filtro de Nome...
		Nome do Produto: Beyblade Top Sinc Vermelho - Hasbro Samurai Infrit A2474
			Igorando Pelo Filtro de Nome...
		Nome do Produto: Power Rangers Samurai Armadura Bull Megazord com Mega Samurai Fogo - Sunny
			Igorando Pelo Filtro de Nome...
		Nome do Produto: Máscara Power Rangers Samurai Shogun Helmet 833 - Sunny Brinquedos
			Igorando Pelo Filtro de Nome...
		Nome do Produto: Linha Samurai Braid 8 fios 300 jardas - 275m Verde 80 lbs
			Igorando Pelo Filtro de Nome...
		Nome do Produto: Linha Samurai Braid 8 fios 150 jardas - 135m Verde 20 lbs
			Igorando Pelo Filtro de Nome...
		Nome do Produto: Linha Samurai Braid 8 fios 300 jardas - 275m Verde 55 lbs
			Igorando Pelo Filtro de Nome...
	Tempo Para buscar: 650
Loja: RiHappy
	URL Principal: http://www.rihappy.com.br/
	URL Busca: http://www.rihappy.com.br/<BUSCA>
http://www.rihappy.com.br/Samurai%20Warriors
		Documento Lido
		Resultados: 18
		Nome do Produto: Veiculo Beyblade Beyraiderz - Beywarriors - Samurai Ifrit - Hasbro - Piões de Batalha
http://www.rihappy.com.br/veiculo-beyblade-beyraiderz-beywarriors-samurai-ifrit-hasbro/p
		Acessando URL do produto.
		Nome do Produto: Power Rangers Super Samurai Shark Zord - Sunny - Bonecos de Ação
			Igorando Pelo Filtro de Nome...
		Nome do Produto: Máscara Power Rangers Samurai - Shogun Helmet - Sunny - Acessórios
			Igorando Pelo Filtro de Nome...
		Nome do Produto: Pião BeyBlade BeyWarriors Shogun Stell - berserker Behemoth e Archer Griffin - Hasbro - Piões de Batalha
			Igorando Pelo Filtro de Nome...
		Nome do Produto: Boneco Transformers 4 Construct Bots Dinobot Warriors - Autobot Drift e Roughneck Dino - Hasbro - Bonecos Transformáveis
			Igorando Pelo Filtro de Nome...
		Nome do Produto: Pião BeyBlade BeyWarriors Shogun Stell - Ifrit Salamander e Guardian Leviathan - Hasbro - Piões de Batalha
			Igorando Pelo Filtro de Nome...
		Nome do Produto: Pião BeyBlade BeyWarriors Shogun Stell - Orochi Leviathan e Bandit Golem - Hasbro - Piões de Batalha
			Igorando Pelo Filtro de Nome...
		Nome do Produto: Pião BeyBlade BeyWarriors Shogun Stell - Gladiator Bahamoote e Pirate Orochi - Hasbro - Piões de Batalha
			Igorando Pelo Filtro de Nome...
		Nome do Produto: Veiculo Beyblade Beyraiderz - Beywarriors - Berserker Byakko - Hasbro - Piões de Batalha
			Igorando Pelo Filtro de Nome...
		Nome do Produto: Veiculo Beyblade Beyraiderz - Beywarriors - Ronin Dragoon - Hasbro - Piões de Batalha
			Igorando Pelo Filtro de Nome...
		Nome do Produto: Kit com Máscara Training - Power Rangers Samurai Fogo - Sunny - Acessórios
			Igorando Pelo Filtro de Nome...
		Nome do Produto: Pião Beyblade Shogun Steel - Samurai Ifrit VS Ninja Salamander - Hasbro - Piões de Batalha
			Igorando Pelo Filtro de Nome...
		Nome do Produto: Pião de Batalha Beyblade - Beywarrior Shogun Steel - Samurai Pegasus - Hasbro - Piões de Batalha
			Igorando Pelo Filtro de Nome...
		Nome do Produto: Kit Pião Beyblade - Samurai Ifrit vs Ninja Salamander - Hasbro - Piões de Batalha
			Igorando Pelo Filtro de Nome...
		Nome do Produto: Kit Pião Beyblade - Archer Griffin vs Ronin Dragoon + Samurai Ifrit vs Ninja Salamander - Hasbro - Piões de Batalha
			Igorando Pelo Filtro de Nome...
		Nome do Produto: Kit Pião Beyblade - Samurai Ifrit vs Ninja Salamander + Guardian Leviathan vs Pirate Orochi - Hasbro - Piões de Batalha
			Igorando Pelo Filtro de Nome...
		Nome do Produto: Kit Pião Beyblade - Samurai Ifrit vs Ninja Salamander + Bandit Golem vs Berserker Behemoth - Hasbro - Piões de Batalha
			Igorando Pelo Filtro de Nome...
		Nome do Produto: Pião de Batalha Beyblade - Beywarrior Shogun Steel - Samurai Ifrit Vermelho - Hasbro - Piões de Batalha
			Igorando Pelo Filtro de Nome...
	Tempo Para buscar: 2112
Loja: Saraiva
	URL Principal: http://www.saraiva.com.br/
	URL Busca: http://busca.saraiva.com.br/search?w=<BUSCA>&PAC_ID=129457&ts=ajax
http://busca.saraiva.com.br/search?w=Samurai+Warriors&PAC_ID=129457&ts=ajax
		Documento Lido
		Resultados: 2
		Nome do Produto: Samurai Warriors
individualUrl = http://busca.saraiva.com.br/search?p=R&srid=S11-USWSD01&lbc=saraiva&w=Samurai%20Warriors&url=http%3a%2f%2fwww.saraiva.com.br%2fproduto%2f913288&rk=1&uid=6957273&sid=2&ts=ajax&rsc=lNMcmEPOHffoxtuX&method=and&isort=score&view=grid
http://busca.saraiva.com.br/search?p=R&srid=S11-USWSD01&lbc=saraiva&w=Samurai%20Warriors&url=http%3a%2f%2fwww.saraiva.com.br%2fproduto%2f913288&rk=1&uid=6957273&sid=2&ts=ajax&rsc=lNMcmEPOHffoxtuX&method=and&isort=score&view=grid
		Acessando URL do produto.
		Nome do Produto: Samurai Warriors
individualUrl = http://busca.saraiva.com.br/search?p=R&srid=S11-USWSD01&lbc=saraiva&w=Samurai%20Warriors&url=http%3a%2f%2fwww.saraiva.com.br%2fproduto%2f2648176&rk=2&uid=6957273&sid=2&ts=ajax&rsc=oRhiWIQ07nw4Xu8V&method=and&isort=score&view=grid
http://busca.saraiva.com.br/search?p=R&srid=S11-USWSD01&lbc=saraiva&w=Samurai%20Warriors&url=http%3a%2f%2fwww.saraiva.com.br%2fproduto%2f2648176&rk=2&uid=6957273&sid=2&ts=ajax&rsc=oRhiWIQ07nw4Xu8V&method=and&isort=score&view=grid
		Acessando URL do produto.
	Tempo Para buscar: 6717
Loja: Shop Facil
	URL Principal: http://ww2.shopfacil.com.br/
	URL Busca: http://ww2.shopfacil.com.br/<BUSCA>
http://ww2.shopfacil.com.br/Samurai%20Warriors
		Documento Lido
		Resultados: 15
		Nome do Produto: Boneco Beyblade Hasbro BeyWarriors - Samurai Lfrit
http://ww2.shopfacil.com.br/boneco-beyblade-hasbro-beywarriors---samurai-lfrit-2049688/p
		Acessando URL do produto.
		Nome do Produto: Raquete Sunflex Samurai-PA
			Igorando Pelo Filtro de Nome...
		Nome do Produto: Livro - Samurai da Revolução
			Igorando Pelo Filtro de Nome...
		Nome do Produto: Livro - O Último Samurai
			Igorando Pelo Filtro de Nome...
		Nome do Produto: DVD - O Samurai
			Igorando Pelo Filtro de Nome...
		Nome do Produto: Transformers MV4 Construct Bots Warriors
			Igorando Pelo Filtro de Nome...
		Nome do Produto: Jogo PS3 - Dynasty Warriors 8
			Igorando Pelo Filtro de Nome...
		Nome do Produto: Jogo Xbox 360 - Dynasty Warriors 8
			Igorando Pelo Filtro de Nome...
		Nome do Produto: Blu-Ray - O Último Samurai
			Igorando Pelo Filtro de Nome...
		Nome do Produto: Jogo Dynasty Warriors 8 Xtreme Legends - PS3
			Igorando Pelo Filtro de Nome...
		Nome do Produto: Carruagem Samurai Imaginext W1717 - Mattel
			Igorando Pelo Filtro de Nome...
		Nome do Produto: Power Rangers Super Samurai Shark Zord - Sunny
			Igorando Pelo Filtro de Nome...
		Nome do Produto: Boneco Power Rangers Samurai Vermelho 815 - Sunny
			Igorando Pelo Filtro de Nome...
		Nome do Produto: Máscara Power Rangers Samurai - Shogun Helmet - Sunny
			Igorando Pelo Filtro de Nome...
		Nome do Produto: Pião Beyblade Beywarrior Samurai Pegasus - Hasbro
			Igorando Pelo Filtro de Nome...
	Tempo Para buscar: 2225
Loja: Shop Time
	URL Principal: http://www.shoptime.com.br/
	URL Busca: http://busca.shoptime.com.br/busca.php?q=<BUSCA>
http://busca.shoptime.com.br/busca.php?q=Samurai+Warriors
		Documento Lido
		Resultados: 20
		Nome do Produto: Box DVD - Cinema Samurai II (3 Discos) DVD - Samurai X DVD O Último Samurai / Tróia DVD - Musashi: Trilogia Samurai (3 Discos) Box DVD Cinema Samurai (3 Discos) Power Rangers - 5 Personagens Power Rangers Samurai - Sunny Fantasia Sulamericana Power Samurai Luxo Azul Tamanho P ao G Brinquedo Pião Samurai Pegasus - Hasbro Fantasia Power Samurai Luxo Rosa - Tamanho P ao G - Sulamericana... CD Rui Veloso - Mingos & Os Samurais (importado) Livro - Espada Do Samurai, A DVD Storm Samurai Imaginext-Carruagem Samurai DVD - Samurai Americano DVD Os 7 Samurais (Disco 1) Livro - Samurais e Jecatatus: Indicações para um Diálogo de Antípodas Livro - O Misterioso Mundo dos Samurais Boneco Imaginext Samurai - Mattel DVD - Power Rangers Samurai - Temporada 18 DVD Leão De Jade e A Espada De Samurai
			Igorando Pelo Filtro de Nome...
		Nome do Produto: Box DVD - Cinema Samurai II (3 Discos) DVD - Samurai X DVD O Último Samurai / Tróia DVD - Musashi: Trilogia Samurai (3 Discos) Box DVD Cinema Samurai (3 Discos) Power Rangers - 5 Personagens Power Rangers Samurai - Sunny Fantasia Sulamericana Power Samurai Luxo Azul Tamanho P ao G Brinquedo Pião Samurai Pegasus - Hasbro Fantasia Power Samurai Luxo Rosa - Tamanho P ao G - Sulamericana... CD Rui Veloso - Mingos & Os Samurais (importado) Livro - Espada Do Samurai, A DVD Storm Samurai Imaginext-Carruagem Samurai DVD - Samurai Americano DVD Os 7 Samurais (Disco 1) Livro - Samurais e Jecatatus: Indicações para um Diálogo de Antípodas Livro - O Misterioso Mundo dos Samurais Boneco Imaginext Samurai - Mattel DVD - Power Rangers Samurai - Temporada 18 DVD Leão De Jade e A Espada De Samurai
			Igorando Pelo Filtro de Nome...
		Nome do Produto: Box DVD - Cinema Samurai II (3 Discos) DVD - Samurai X DVD O Último Samurai / Tróia DVD - Musashi: Trilogia Samurai (3 Discos) Box DVD Cinema Samurai (3 Discos) Power Rangers - 5 Personagens Power Rangers Samurai - Sunny Fantasia Sulamericana Power Samurai Luxo Azul Tamanho P ao G Brinquedo Pião Samurai Pegasus - Hasbro Fantasia Power Samurai Luxo Rosa - Tamanho P ao G - Sulamericana... CD Rui Veloso - Mingos & Os Samurais (importado) Livro - Espada Do Samurai, A DVD Storm Samurai Imaginext-Carruagem Samurai DVD - Samurai Americano DVD Os 7 Samurais (Disco 1) Livro - Samurais e Jecatatus: Indicações para um Diálogo de Antípodas Livro - O Misterioso Mundo dos Samurais Boneco Imaginext Samurai - Mattel DVD - Power Rangers Samurai - Temporada 18 DVD Leão De Jade e A Espada De Samurai
			Igorando Pelo Filtro de Nome...
		Nome do Produto: Box DVD - Cinema Samurai II (3 Discos) DVD - Samurai X DVD O Último Samurai / Tróia DVD - Musashi: Trilogia Samurai (3 Discos) Box DVD Cinema Samurai (3 Discos) Power Rangers - 5 Personagens Power Rangers Samurai - Sunny Fantasia Sulamericana Power Samurai Luxo Azul Tamanho P ao G Brinquedo Pião Samurai Pegasus - Hasbro Fantasia Power Samurai Luxo Rosa - Tamanho P ao G - Sulamericana... CD Rui Veloso - Mingos & Os Samurais (importado) Livro - Espada Do Samurai, A DVD Storm Samurai Imaginext-Carruagem Samurai DVD - Samurai Americano DVD Os 7 Samurais (Disco 1) Livro - Samurais e Jecatatus: Indicações para um Diálogo de Antípodas Livro - O Misterioso Mundo dos Samurais Boneco Imaginext Samurai - Mattel DVD - Power Rangers Samurai - Temporada 18 DVD Leão De Jade e A Espada De Samurai
			Igorando Pelo Filtro de Nome...
		Nome do Produto: Box DVD - Cinema Samurai II (3 Discos) DVD - Samurai X DVD O Último Samurai / Tróia DVD - Musashi: Trilogia Samurai (3 Discos) Box DVD Cinema Samurai (3 Discos) Power Rangers - 5 Personagens Power Rangers Samurai - Sunny Fantasia Sulamericana Power Samurai Luxo Azul Tamanho P ao G Brinquedo Pião Samurai Pegasus - Hasbro Fantasia Power Samurai Luxo Rosa - Tamanho P ao G - Sulamericana... CD Rui Veloso - Mingos & Os Samurais (importado) Livro - Espada Do Samurai, A DVD Storm Samurai Imaginext-Carruagem Samurai DVD - Samurai Americano DVD Os 7 Samurais (Disco 1) Livro - Samurais e Jecatatus: Indicações para um Diálogo de Antípodas Livro - O Misterioso Mundo dos Samurais Boneco Imaginext Samurai - Mattel DVD - Power Rangers Samurai - Temporada 18 DVD Leão De Jade e A Espada De Samurai
			Igorando Pelo Filtro de Nome...
		Nome do Produto: Box DVD - Cinema Samurai II (3 Discos) DVD - Samurai X DVD O Último Samurai / Tróia DVD - Musashi: Trilogia Samurai (3 Discos) Box DVD Cinema Samurai (3 Discos) Power Rangers - 5 Personagens Power Rangers Samurai - Sunny Fantasia Sulamericana Power Samurai Luxo Azul Tamanho P ao G Brinquedo Pião Samurai Pegasus - Hasbro Fantasia Power Samurai Luxo Rosa - Tamanho P ao G - Sulamericana... CD Rui Veloso - Mingos & Os Samurais (importado) Livro - Espada Do Samurai, A DVD Storm Samurai Imaginext-Carruagem Samurai DVD - Samurai Americano DVD Os 7 Samurais (Disco 1) Livro - Samurais e Jecatatus: Indicações para um Diálogo de Antípodas Livro - O Misterioso Mundo dos Samurais Boneco Imaginext Samurai - Mattel DVD - Power Rangers Samurai - Temporada 18 DVD Leão De Jade e A Espada De Samurai
			Igorando Pelo Filtro de Nome...
		Nome do Produto: Box DVD - Cinema Samurai II (3 Discos) DVD - Samurai X DVD O Último Samurai / Tróia DVD - Musashi: Trilogia Samurai (3 Discos) Box DVD Cinema Samurai (3 Discos) Power Rangers - 5 Personagens Power Rangers Samurai - Sunny Fantasia Sulamericana Power Samurai Luxo Azul Tamanho P ao G Brinquedo Pião Samurai Pegasus - Hasbro Fantasia Power Samurai Luxo Rosa - Tamanho P ao G - Sulamericana... CD Rui Veloso - Mingos & Os Samurais (importado) Livro - Espada Do Samurai, A DVD Storm Samurai Imaginext-Carruagem Samurai DVD - Samurai Americano DVD Os 7 Samurais (Disco 1) Livro - Samurais e Jecatatus: Indicações para um Diálogo de Antípodas Livro - O Misterioso Mundo dos Samurais Boneco Imaginext Samurai - Mattel DVD - Power Rangers Samurai - Temporada 18 DVD Leão De Jade e A Espada De Samurai
			Igorando Pelo Filtro de Nome...
		Nome do Produto: Box DVD - Cinema Samurai II (3 Discos) DVD - Samurai X DVD O Último Samurai / Tróia DVD - Musashi: Trilogia Samurai (3 Discos) Box DVD Cinema Samurai (3 Discos) Power Rangers - 5 Personagens Power Rangers Samurai - Sunny Fantasia Sulamericana Power Samurai Luxo Azul Tamanho P ao G Brinquedo Pião Samurai Pegasus - Hasbro Fantasia Power Samurai Luxo Rosa - Tamanho P ao G - Sulamericana... CD Rui Veloso - Mingos & Os Samurais (importado) Livro - Espada Do Samurai, A DVD Storm Samurai Imaginext-Carruagem Samurai DVD - Samurai Americano DVD Os 7 Samurais (Disco 1) Livro - Samurais e Jecatatus: Indicações para um Diálogo de Antípodas Livro - O Misterioso Mundo dos Samurais Boneco Imaginext Samurai - Mattel DVD - Power Rangers Samurai - Temporada 18 DVD Leão De Jade e A Espada De Samurai
			Igorando Pelo Filtro de Nome...
		Nome do Produto: Box DVD - Cinema Samurai II (3 Discos) DVD - Samurai X DVD O Último Samurai / Tróia DVD - Musashi: Trilogia Samurai (3 Discos) Box DVD Cinema Samurai (3 Discos) Power Rangers - 5 Personagens Power Rangers Samurai - Sunny Fantasia Sulamericana Power Samurai Luxo Azul Tamanho P ao G Brinquedo Pião Samurai Pegasus - Hasbro Fantasia Power Samurai Luxo Rosa - Tamanho P ao G - Sulamericana... CD Rui Veloso - Mingos & Os Samurais (importado) Livro - Espada Do Samurai, A DVD Storm Samurai Imaginext-Carruagem Samurai DVD - Samurai Americano DVD Os 7 Samurais (Disco 1) Livro - Samurais e Jecatatus: Indicações para um Diálogo de Antípodas Livro - O Misterioso Mundo dos Samurais Boneco Imaginext Samurai - Mattel DVD - Power Rangers Samurai - Temporada 18 DVD Leão De Jade e A Espada De Samurai
			Igorando Pelo Filtro de Nome...
		Nome do Produto: Box DVD - Cinema Samurai II (3 Discos) DVD - Samurai X DVD O Último Samurai / Tróia DVD - Musashi: Trilogia Samurai (3 Discos) Box DVD Cinema Samurai (3 Discos) Power Rangers - 5 Personagens Power Rangers Samurai - Sunny Fantasia Sulamericana Power Samurai Luxo Azul Tamanho P ao G Brinquedo Pião Samurai Pegasus - Hasbro Fantasia Power Samurai Luxo Rosa - Tamanho P ao G - Sulamericana... CD Rui Veloso - Mingos & Os Samurais (importado) Livro - Espada Do Samurai, A DVD Storm Samurai Imaginext-Carruagem Samurai DVD - Samurai Americano DVD Os 7 Samurais (Disco 1) Livro - Samurais e Jecatatus: Indicações para um Diálogo de Antípodas Livro - O Misterioso Mundo dos Samurais Boneco Imaginext Samurai - Mattel DVD - Power Rangers Samurai - Temporada 18 DVD Leão De Jade e A Espada De Samurai
			Igorando Pelo Filtro de Nome...
		Nome do Produto: Box DVD - Cinema Samurai II (3 Discos) DVD - Samurai X DVD O Último Samurai / Tróia DVD - Musashi: Trilogia Samurai (3 Discos) Box DVD Cinema Samurai (3 Discos) Power Rangers - 5 Personagens Power Rangers Samurai - Sunny Fantasia Sulamericana Power Samurai Luxo Azul Tamanho P ao G Brinquedo Pião Samurai Pegasus - Hasbro Fantasia Power Samurai Luxo Rosa - Tamanho P ao G - Sulamericana... CD Rui Veloso - Mingos & Os Samurais (importado) Livro - Espada Do Samurai, A DVD Storm Samurai Imaginext-Carruagem Samurai DVD - Samurai Americano DVD Os 7 Samurais (Disco 1) Livro - Samurais e Jecatatus: Indicações para um Diálogo de Antípodas Livro - O Misterioso Mundo dos Samurais Boneco Imaginext Samurai - Mattel DVD - Power Rangers Samurai - Temporada 18 DVD Leão De Jade e A Espada De Samurai
			Igorando Pelo Filtro de Nome...
		Nome do Produto: Box DVD - Cinema Samurai II (3 Discos) DVD - Samurai X DVD O Último Samurai / Tróia DVD - Musashi: Trilogia Samurai (3 Discos) Box DVD Cinema Samurai (3 Discos) Power Rangers - 5 Personagens Power Rangers Samurai - Sunny Fantasia Sulamericana Power Samurai Luxo Azul Tamanho P ao G Brinquedo Pião Samurai Pegasus - Hasbro Fantasia Power Samurai Luxo Rosa - Tamanho P ao G - Sulamericana... CD Rui Veloso - Mingos & Os Samurais (importado) Livro - Espada Do Samurai, A DVD Storm Samurai Imaginext-Carruagem Samurai DVD - Samurai Americano DVD Os 7 Samurais (Disco 1) Livro - Samurais e Jecatatus: Indicações para um Diálogo de Antípodas Livro - O Misterioso Mundo dos Samurais Boneco Imaginext Samurai - Mattel DVD - Power Rangers Samurai - Temporada 18 DVD Leão De Jade e A Espada De Samurai
			Igorando Pelo Filtro de Nome...
		Nome do Produto: Box DVD - Cinema Samurai II (3 Discos) DVD - Samurai X DVD O Último Samurai / Tróia DVD - Musashi: Trilogia Samurai (3 Discos) Box DVD Cinema Samurai (3 Discos) Power Rangers - 5 Personagens Power Rangers Samurai - Sunny Fantasia Sulamericana Power Samurai Luxo Azul Tamanho P ao G Brinquedo Pião Samurai Pegasus - Hasbro Fantasia Power Samurai Luxo Rosa - Tamanho P ao G - Sulamericana... CD Rui Veloso - Mingos & Os Samurais (importado) Livro - Espada Do Samurai, A DVD Storm Samurai Imaginext-Carruagem Samurai DVD - Samurai Americano DVD Os 7 Samurais (Disco 1) Livro - Samurais e Jecatatus: Indicações para um Diálogo de Antípodas Livro - O Misterioso Mundo dos Samurais Boneco Imaginext Samurai - Mattel DVD - Power Rangers Samurai - Temporada 18 DVD Leão De Jade e A Espada De Samurai
			Igorando Pelo Filtro de Nome...
		Nome do Produto: Box DVD - Cinema Samurai II (3 Discos) DVD - Samurai X DVD O Último Samurai / Tróia DVD - Musashi: Trilogia Samurai (3 Discos) Box DVD Cinema Samurai (3 Discos) Power Rangers - 5 Personagens Power Rangers Samurai - Sunny Fantasia Sulamericana Power Samurai Luxo Azul Tamanho P ao G Brinquedo Pião Samurai Pegasus - Hasbro Fantasia Power Samurai Luxo Rosa - Tamanho P ao G - Sulamericana... CD Rui Veloso - Mingos & Os Samurais (importado) Livro - Espada Do Samurai, A DVD Storm Samurai Imaginext-Carruagem Samurai DVD - Samurai Americano DVD Os 7 Samurais (Disco 1) Livro - Samurais e Jecatatus: Indicações para um Diálogo de Antípodas Livro - O Misterioso Mundo dos Samurais Boneco Imaginext Samurai - Mattel DVD - Power Rangers Samurai - Temporada 18 DVD Leão De Jade e A Espada De Samurai
			Igorando Pelo Filtro de Nome...
		Nome do Produto: Box DVD - Cinema Samurai II (3 Discos) DVD - Samurai X DVD O Último Samurai / Tróia DVD - Musashi: Trilogia Samurai (3 Discos) Box DVD Cinema Samurai (3 Discos) Power Rangers - 5 Personagens Power Rangers Samurai - Sunny Fantasia Sulamericana Power Samurai Luxo Azul Tamanho P ao G Brinquedo Pião Samurai Pegasus - Hasbro Fantasia Power Samurai Luxo Rosa - Tamanho P ao G - Sulamericana... CD Rui Veloso - Mingos & Os Samurais (importado) Livro - Espada Do Samurai, A DVD Storm Samurai Imaginext-Carruagem Samurai DVD - Samurai Americano DVD Os 7 Samurais (Disco 1) Livro - Samurais e Jecatatus: Indicações para um Diálogo de Antípodas Livro - O Misterioso Mundo dos Samurais Boneco Imaginext Samurai - Mattel DVD - Power Rangers Samurai - Temporada 18 DVD Leão De Jade e A Espada De Samurai
			Igorando Pelo Filtro de Nome...
		Nome do Produto: Box DVD - Cinema Samurai II (3 Discos) DVD - Samurai X DVD O Último Samurai / Tróia DVD - Musashi: Trilogia Samurai (3 Discos) Box DVD Cinema Samurai (3 Discos) Power Rangers - 5 Personagens Power Rangers Samurai - Sunny Fantasia Sulamericana Power Samurai Luxo Azul Tamanho P ao G Brinquedo Pião Samurai Pegasus - Hasbro Fantasia Power Samurai Luxo Rosa - Tamanho P ao G - Sulamericana... CD Rui Veloso - Mingos & Os Samurais (importado) Livro - Espada Do Samurai, A DVD Storm Samurai Imaginext-Carruagem Samurai DVD - Samurai Americano DVD Os 7 Samurais (Disco 1) Livro - Samurais e Jecatatus: Indicações para um Diálogo de Antípodas Livro - O Misterioso Mundo dos Samurais Boneco Imaginext Samurai - Mattel DVD - Power Rangers Samurai - Temporada 18 DVD Leão De Jade e A Espada De Samurai
			Igorando Pelo Filtro de Nome...
		Nome do Produto: Box DVD - Cinema Samurai II (3 Discos) DVD - Samurai X DVD O Último Samurai / Tróia DVD - Musashi: Trilogia Samurai (3 Discos) Box DVD Cinema Samurai (3 Discos) Power Rangers - 5 Personagens Power Rangers Samurai - Sunny Fantasia Sulamericana Power Samurai Luxo Azul Tamanho P ao G Brinquedo Pião Samurai Pegasus - Hasbro Fantasia Power Samurai Luxo Rosa - Tamanho P ao G - Sulamericana... CD Rui Veloso - Mingos & Os Samurais (importado) Livro - Espada Do Samurai, A DVD Storm Samurai Imaginext-Carruagem Samurai DVD - Samurai Americano DVD Os 7 Samurais (Disco 1) Livro - Samurais e Jecatatus: Indicações para um Diálogo de Antípodas Livro - O Misterioso Mundo dos Samurais Boneco Imaginext Samurai - Mattel DVD - Power Rangers Samurai - Temporada 18 DVD Leão De Jade e A Espada De Samurai
			Igorando Pelo Filtro de Nome...
		Nome do Produto: Box DVD - Cinema Samurai II (3 Discos) DVD - Samurai X DVD O Último Samurai / Tróia DVD - Musashi: Trilogia Samurai (3 Discos) Box DVD Cinema Samurai (3 Discos) Power Rangers - 5 Personagens Power Rangers Samurai - Sunny Fantasia Sulamericana Power Samurai Luxo Azul Tamanho P ao G Brinquedo Pião Samurai Pegasus - Hasbro Fantasia Power Samurai Luxo Rosa - Tamanho P ao G - Sulamericana... CD Rui Veloso - Mingos & Os Samurais (importado) Livro - Espada Do Samurai, A DVD Storm Samurai Imaginext-Carruagem Samurai DVD - Samurai Americano DVD Os 7 Samurais (Disco 1) Livro - Samurais e Jecatatus: Indicações para um Diálogo de Antípodas Livro - O Misterioso Mundo dos Samurais Boneco Imaginext Samurai - Mattel DVD - Power Rangers Samurai - Temporada 18 DVD Leão De Jade e A Espada De Samurai
			Igorando Pelo Filtro de Nome...
		Nome do Produto: Box DVD - Cinema Samurai II (3 Discos) DVD - Samurai X DVD O Último Samurai / Tróia DVD - Musashi: Trilogia Samurai (3 Discos) Box DVD Cinema Samurai (3 Discos) Power Rangers - 5 Personagens Power Rangers Samurai - Sunny Fantasia Sulamericana Power Samurai Luxo Azul Tamanho P ao G Brinquedo Pião Samurai Pegasus - Hasbro Fantasia Power Samurai Luxo Rosa - Tamanho P ao G - Sulamericana... CD Rui Veloso - Mingos & Os Samurais (importado) Livro - Espada Do Samurai, A DVD Storm Samurai Imaginext-Carruagem Samurai DVD - Samurai Americano DVD Os 7 Samurais (Disco 1) Livro - Samurais e Jecatatus: Indicações para um Diálogo de Antípodas Livro - O Misterioso Mundo dos Samurais Boneco Imaginext Samurai - Mattel DVD - Power Rangers Samurai - Temporada 18 DVD Leão De Jade e A Espada De Samurai
			Igorando Pelo Filtro de Nome...
		Nome do Produto: Box DVD - Cinema Samurai II (3 Discos) DVD - Samurai X DVD O Último Samurai / Tróia DVD - Musashi: Trilogia Samurai (3 Discos) Box DVD Cinema Samurai (3 Discos) Power Rangers - 5 Personagens Power Rangers Samurai - Sunny Fantasia Sulamericana Power Samurai Luxo Azul Tamanho P ao G Brinquedo Pião Samurai Pegasus - Hasbro Fantasia Power Samurai Luxo Rosa - Tamanho P ao G - Sulamericana... CD Rui Veloso - Mingos & Os Samurais (importado) Livro - Espada Do Samurai, A DVD Storm Samurai Imaginext-Carruagem Samurai DVD - Samurai Americano DVD Os 7 Samurais (Disco 1) Livro - Samurais e Jecatatus: Indicações para um Diálogo de Antípodas Livro - O Misterioso Mundo dos Samurais Boneco Imaginext Samurai - Mattel DVD - Power Rangers Samurai - Temporada 18 DVD Leão De Jade e A Espada De Samurai
			Igorando Pelo Filtro de Nome...
	Tempo Para buscar: 816
Loja: ShopB
	URL Principal: http://www.shopb.com.br/
	URL Busca: http://busca.shopb.com.br/?busca=<BUSCA>
http://busca.shopb.com.br/?busca=Samurai+Warriors
		Documento Lido
		Resultados: 30
		Nome do Produto: Angry Birds: Star Wars - PS3
			Igorando Pelo Filtro de Nome...
		Nome do Produto: Angry Birds: Star Wars - PS4
			Igorando Pelo Filtro de Nome...
		Nome do Produto: Angry Birds: Star Wars - XBOX 360
			Igorando Pelo Filtro de Nome...
		Nome do Produto: Angry Birds: Star Wars - XBOX ONE
			Igorando Pelo Filtro de Nome...
		Nome do Produto: Chaotic: Shadow Warriors - PS3
			Igorando Pelo Filtro de Nome...
		Nome do Produto: Command & Conquer Tiberium Wars 3 - XBOX 360
			Igorando Pelo Filtro de Nome...
		Nome do Produto: Dynasty Warriors 7 - XBOX 360
			Igorando Pelo Filtro de Nome...
		Nome do Produto: Dynasty Warriors 8 - PS3
			Igorando Pelo Filtro de Nome...
		Nome do Produto: Dynasty Warriors 8 - XBOX 360
			Igorando Pelo Filtro de Nome...
		Nome do Produto: Dynasty Warriors NEXT - PS Vita
			Igorando Pelo Filtro de Nome...
		Nome do Produto: Dynasty Warriors StrikeForce - PS3
			Igorando Pelo Filtro de Nome...
		Nome do Produto: Guitar Hero Warriors of Rock - PS3
			Igorando Pelo Filtro de Nome...
		Nome do Produto: Halo Wars - XBOX 360
			Igorando Pelo Filtro de Nome...
		Nome do Produto: Hyrule Warriors - Wii U
			Igorando Pelo Filtro de Nome...
		Nome do Produto: LEGO O Senhor dos Anéis - XBOX 360
			Igorando Pelo Filtro de Nome...
		Nome do Produto: LEGO Star Wars III: The Clone Wars - 3DS
			Igorando Pelo Filtro de Nome...
		Nome do Produto: Lego O Senhor dos Anéis - PS3
			Igorando Pelo Filtro de Nome...
		Nome do Produto: Lego Star Wars III The Clone Wars - PS3
			Igorando Pelo Filtro de Nome...
		Nome do Produto: Lego Star Wars The Complete Saga - PS3
			Igorando Pelo Filtro de Nome...
		Nome do Produto: Lego Star Wars The Complete Saga - XBOX 360
			Igorando Pelo Filtro de Nome...
		Nome do Produto: One Piece Pirate Warriors 2: Collectors Edition - PS3
			Igorando Pelo Filtro de Nome...
		Nome do Produto: One Piece Pirate Warriors [Europeu] - PS3
			Igorando Pelo Filtro de Nome...
		Nome do Produto: One Piece Pirate Warriors: Treasure Edition - PS3
			Igorando Pelo Filtro de Nome...
		Nome do Produto: Skin XBOX - Star Wars MOD 1 Fat
			Igorando Pelo Filtro de Nome...
		Nome do Produto: Skin XBOX - Star Wars MOD 1 Slim
			Igorando Pelo Filtro de Nome...
		Nome do Produto: Skin XBOX - Star Wars MOD 1 Super Slim
			Igorando Pelo Filtro de Nome...
		Nome do Produto: Star Wars The Force Unleashed - PS3
			Igorando Pelo Filtro de Nome...
		Nome do Produto: Star Wars The Force Unleashed II - PS3
			Igorando Pelo Filtro de Nome...
		Nome do Produto: Star Wars The Force Unleashed II - XBOX 360
			Igorando Pelo Filtro de Nome...
		Nome do Produto: Summer Stars 2012 - PS3
			Igorando Pelo Filtro de Nome...
	Tempo Para buscar: 1475
Loja: Submarino
	URL Principal: http://www.submarino.com.br/
	URL Busca: http://busca.submarino.com.br/busca.php?q=<BUSCA>
http://busca.submarino.com.br/busca.php?q=Samurai+Warriors
		Documento Lido
		Resultados: 30
		Nome do Produto: Blu-Ray - Samurai X
			Igorando Pelo Filtro de Nome...
		Nome do Produto: Caderno com Espiral Samurai 88 Folhas - New Holland
			Igorando Pelo Filtro de Nome...
		Nome do Produto: Livro - O samurai - A vida de Miyamoto Mushasi
			Igorando Pelo Filtro de Nome...
		Nome do Produto: Box DVD Cinema Samurai (3 Discos)
			Igorando Pelo Filtro de Nome...
		Nome do Produto: Livro - Samurai - O Lendário Mundo dos Guerreiros
			Igorando Pelo Filtro de Nome...
		Nome do Produto: DVD - Musashi: Trilogia Samurai (3 Discos)
			Igorando Pelo Filtro de Nome...
		Nome do Produto: Livro - Aprendiz de Samurai - Uma Historia Real
			Igorando Pelo Filtro de Nome...
		Nome do Produto: Box DVD - Cinema Samurai II (3 Discos)
			Igorando Pelo Filtro de Nome...
		Nome do Produto: Livro - Samurai da Revolução
			Igorando Pelo Filtro de Nome...
		Nome do Produto: Livro - O Misterioso Mundo dos Samurais
			Igorando Pelo Filtro de Nome...
		Nome do Produto: DVD O Último Samurai / Tróia
			Igorando Pelo Filtro de Nome...
		Nome do Produto: Livro - Samurai das Tesouras
			Igorando Pelo Filtro de Nome...
		Nome do Produto: DVD - Samurai X
			Igorando Pelo Filtro de Nome...
		Nome do Produto: Livro - A Cortesã E O Samurai
			Igorando Pelo Filtro de Nome...
		Nome do Produto: Livro - Samurai: Ate o Fim do Mundo - V.2
			Igorando Pelo Filtro de Nome...
		Nome do Produto: Linha Samurai Braid 8 Fios 150 Jardas - 135m Verde
			Igorando Pelo Filtro de Nome...
		Nome do Produto: DVD Storm Samurai
			Igorando Pelo Filtro de Nome...
		Nome do Produto: DVD Os 7 Samurais (Disco 1)
			Igorando Pelo Filtro de Nome...
		Nome do Produto: Linha Samurai Braid 8 Fios 300 Jardas - 275m Verde
			Igorando Pelo Filtro de Nome...
		Nome do Produto: Linha Samurai Braid 8 Fios 300 Jardas - 275m Verde
			Igorando Pelo Filtro de Nome...
		Nome do Produto: Linha Samurai Braid 8 Fios 300 Jardas - 275m Verde
			Igorando Pelo Filtro de Nome...
		Nome do Produto: Linha Samurai Braid 8 Fios 300 Jardas - 275m Verde
			Igorando Pelo Filtro de Nome...
		Nome do Produto: Linha Samurai Braid 8 Fios 300 Jardas - 275m Verde
			Igorando Pelo Filtro de Nome...
		Nome do Produto: Linha Samurai Braid 8 Fios 300 Jardas - 275m Verde
			Igorando Pelo Filtro de Nome...
		Nome do Produto: Linha Samurai Braid 8 Fios 150 Jardas - 135m Verde
			Igorando Pelo Filtro de Nome...
		Nome do Produto: Linha Samurai Braid 8 Fios 150 Jardas - 135m Verde
			Igorando Pelo Filtro de Nome...
		Nome do Produto: Linha Samurai Braid 8 Fios 150 Jardas - 135m Verde
			Igorando Pelo Filtro de Nome...
		Nome do Produto: Linha Samurai Braid 8 Fios 150 Jardas - 135m Verde
			Igorando Pelo Filtro de Nome...
		Nome do Produto: Linha Samurai Braid 8 Fios 150 Jardas - 135m Verde
			Igorando Pelo Filtro de Nome...
		Nome do Produto: Capa de estepe - Maxine - Pajero Full - kanjii japonÇ¦s - samurai - cada (unidade) - 0051
			Igorando Pelo Filtro de Nome...
	Tempo Para buscar: 1219
Loja: Walmart
	URL Principal: http://www.walmart.com.br/
	URL Busca: http://www.walmart.com.br/busca/?ft=<BUSCA>&PS=20
http://www.walmart.com.br/busca/?ft=Samurai+Warriors&PS=20
		Documento Lido
		Resultados: 1
		Nome do Produto: How To Be a Samurai Warrior
			Igorando Pelo Filtro de Nome...
	Tempo Para buscar: 1192

File copied from D:\WorkSpaces\workspace estudo\lookforprices\resources\imports\css.css to D:\WorkSpaces\workspace estudo\lookforprices\reports\2015-01-20 23\css.css
File copied from D:\WorkSpaces\workspace estudo\lookforprices\resources\imports\jquery.js to D:\WorkSpaces\workspace estudo\lookforprices\reports\2015-01-20 23\jquery.js
File copied from D:\WorkSpaces\workspace estudo\lookforprices\resources\imports\scripts.js to D:\WorkSpaces\workspace estudo\lookforprices\reports\2015-01-20 23\scripts.js
Tempo total de execução: 123865
