Game: Super Mario 3d land
Loja: Nintendo eShop
	URL Principal: http://www.nintendo.com/3ds/eshop
	URL Busca: http://www.nintendo.com/json/content/get/game/filter?&&&&qterm=<BUSCA>
NintendoEShopSearch.search() http://www.nintendo.com/json/content/get/game/filter?&&&&qterm=Super+Mario+3d+land
		Documento Lido
		Resultados: 7
		Nome do Produto: Wario's Woods
			Igorando Pelo Filtro de Nome...
		Nome do Produto: Wario Land: Super Mario Land 3
			Igorando Pelo Filtro de Nome...
		Nome do Produto: Super Mario 3D Land
http://www.nintendo.com/games/detail/VnTS_u2DBaJ5N-PXEJC-gWWMkSC5Rixm
org.jsoup.HttpStatusException: HTTP error fetching URL. Status=500, URL=http://www.nintendo.com/games/detail/VnTS_u2DBaJ5N-PXEJC-gWWMkSC5Rixm
	at org.jsoup.helper.HttpConnection$Response.execute(HttpConnection.java:459)
	at org.jsoup.helper.HttpConnection$Response.execute(HttpConnection.java:434)
	at org.jsoup.helper.HttpConnection.execute(HttpConnection.java:181)
	at org.jsoup.helper.HttpConnection.get(HttpConnection.java:170)
	at comom.Util.readUrlDocument(Util.java:94)
	at interfaces.search.NintendoEShopSearch.readEachProduct(NintendoEShopSearch.java:78)
	at interfaces.search.NintendoEShopSearch.search(NintendoEShopSearch.java:46)
	at objects.Shop.searchProduct(Shop.java:33)
	at Main.generateHtlReport(Main.java:88)
	at Main.main(Main.java:59)
Tentando conectar Na Url de outro modo
java.io.IOException: Server returned HTTP response code: 500 for URL: http://www.nintendo.com/games/detail/VnTS_u2DBaJ5N-PXEJC-gWWMkSC5Rixm
	at sun.net.www.protocol.http.HttpURLConnection.getInputStream0(Unknown Source)
	at sun.net.www.protocol.http.HttpURLConnection.getInputStream(Unknown Source)
	at comom.Util.getPageBuffer(Util.java:138)
	at comom.Util.readUrl(Util.java:106)
	at comom.Util.readUrlDocument(Util.java:98)
	at interfaces.search.NintendoEShopSearch.readEachProduct(NintendoEShopSearch.java:78)
	at interfaces.search.NintendoEShopSearch.search(NintendoEShopSearch.java:46)
	at objects.Shop.searchProduct(Shop.java:33)
	at Main.generateHtlReport(Main.java:88)
	at Main.main(Main.java:59)
		Acessando URL do produto.
URL = http://www.nintendo.com/games/detail/VnTS_u2DBaJ5N-PXEJC-gWWMkSC5Rixm
		Nome do Produto: Super Mario Land 2: 6 Golden Coins
			Igorando Pelo Filtro de Nome...
		Nome do Produto: Super Mario Land
			Igorando Pelo Filtro de Nome...
		Nome do Produto: Super Paper Mario
			Igorando Pelo Filtro de Nome...
		Nome do Produto: New Super Mario Bros.
			Igorando Pelo Filtro de Nome...
	Tempo Para buscar: 2319
Loja: Americanas
	URL Principal: http://www.americanas.com.br/
	URL Busca: http://busca.americanas.com.br/busca.php?q=<BUSCA>
http://busca.americanas.com.br/busca.php?q=Super+Mario+3d+land
		Documento Lido
		Resultados: 7
		Nome do Produto: Boneco Micro Land Super Mario Luigi/Mario/Goomba - DTC
			Igorando Pelo Filtro de Nome...
		Nome do Produto: Boneco Micro Land Super Mario Yoshi e Layer Cake Desert com Ilha - DTC
			Igorando Pelo Filtro de Nome...
		Nome do Produto: Boneco Micro Land Super Mario Yoshi/Princess/Bob - DTC
			Igorando Pelo Filtro de Nome...
		Nome do Produto: Boneco Micro Land Super Mario Fire Mario/Bowser Jr./Bullet - DTC
			Igorando Pelo Filtro de Nome...
		Nome do Produto: Boneco Micro Land Super Mario Flying Mario/Koopa/Nabbit - DTC
			Igorando Pelo Filtro de Nome...
		Nome do Produto: Boneco Micro Land Super Mario Bowser/Koopa/Toad - DTC
			Igorando Pelo Filtro de Nome...
		Nome do Produto: Boneco Micro Land Super Mario Flying Luigi/Flying Toad/Bob - DTC
			Igorando Pelo Filtro de Nome...
	Tempo Para buscar: 841
Loja: Big Boy Games
	URL Principal: http://www.bigboygames.com.br/
	URL Busca: http://www.bigboygames.com.br/pesquisa/?p=<BUSCA>
http://www.bigboygames.com.br/pesquisa/?p=Super+Mario+3d+land
		Documento Lido
		Resultados*: 1
		Acessando URL do produto.
	Tempo Para buscar: 1254
Loja: Casas Bahia
	URL Principal: http://www.casasbahia.com.br/
	URL Busca: http://buscas.casasbahia.com.br/search?w=<BUSCA>
http://buscas.casasbahia.com.br/search?w=Super+Mario+3d+land
		Documento Lido
		Resultados: 1
		Nome do Produto: Livro - Administração Pública - 3ª Edição - 2013 - Augustinho Paludo
			Igorando Pelo Filtro de Nome...
		Nome do Produto: Luminária 3D Light FX Martelo do Thor
			Igorando Pelo Filtro de Nome...
		Nome do Produto: Livro - Nos Bastidores da Nintendo: o Jeito Wii de Reinventar Negócios e Transformar Clientes em Fãs - Jeff Ryan
			Igorando Pelo Filtro de Nome...
		Nome do Produto: Livro - Luz - Livro 3 - Elena P. Melodia
			Igorando Pelo Filtro de Nome...
		Nome do Produto: Luminária 3D Light FX Mão Homem de Ferro
			Igorando Pelo Filtro de Nome...
		Nome do Produto: Luminária 3D Light FX Máscara Homem Aranha
			Igorando Pelo Filtro de Nome...
		Nome do Produto: Luminária 3D Light FX Punho do Hulk
			Igorando Pelo Filtro de Nome...
		Nome do Produto: Luminária 3D Light FX Escudo do Capitão América
			Igorando Pelo Filtro de Nome...
		Nome do Produto: Livro - Feras Futebol Clube - Raban, o Herói
			Igorando Pelo Filtro de Nome...
		Nome do Produto: Game Poof vs The Cursed Kitty para Download - PC
			Igorando Pelo Filtro de Nome...
		Nome do Produto: Livro - Diário de Um Magro: 15 Anos Num Spa
			Igorando Pelo Filtro de Nome...
		Nome do Produto: DVD - Super Mario Bros
			Igorando Pelo Filtro de Nome...
		Nome do Produto: Quebra-Cabeça Princess - 3D Vision
			Igorando Pelo Filtro de Nome...
		Nome do Produto: Conjunto DohVinci! Play-Doh Hasbro - Torre de Flores e Fotos
			Igorando Pelo Filtro de Nome...
		Nome do Produto: Conjunto DohVinci! Play-Doh Hasbro - Estilo e Beleza
			Igorando Pelo Filtro de Nome...
		Nome do Produto: Conjunto DohVinci! Play-Doh Hasbro - Kit Design
			Igorando Pelo Filtro de Nome...
		Nome do Produto: Cabo Hitto HDMI 1.4 3 Metros CHD1403
			Igorando Pelo Filtro de Nome...
		Nome do Produto: Conjunto DohVinci! Play-Doh Hasbro - Deluxe Styler
			Igorando Pelo Filtro de Nome...
		Nome do Produto: Lancheira Soft - Marie Xadrez
			Igorando Pelo Filtro de Nome...
		Nome do Produto: Livro - Por Que Ler Mário de Andrade - Maria Augusta Fonseca
			Igorando Pelo Filtro de Nome...
	Tempo Para buscar: 2953
Loja: Extra
	URL Principal: http://www.extra.com.br/
	URL Busca: http://buscando.extra.com.br/search?w=<BUSCA>
http://buscando.extra.com.br/search?w=Super+Mario+3d+land
		Documento Lido
		Resultados: 12
		Nome do Produto: Jogo Mario Kart - NDS
			Igorando Pelo Filtro de Nome...
		Nome do Produto: Livro - Nos Bastidores da Nintendo: o Jeito Wii de Reinventar Negócios e Transformar Clientes em Fãs - Jeff Ryan
			Igorando Pelo Filtro de Nome...
		Nome do Produto: Monitor LED/IPS Philips 27" - 3D, FULL HD, HDMI - 278G4DHSD
			Igorando Pelo Filtro de Nome...
		Nome do Produto: Jogo New Super Mario Bros. U - Wii U
			Igorando Pelo Filtro de Nome...
		Nome do Produto: Carrinho Super Marcas FX - Land Rover Defender Preto - DTC
			Igorando Pelo Filtro de Nome...
		Nome do Produto: Carrinho Super Marcas - Land Rover - Range Rover Sport Preto - DTC
			Igorando Pelo Filtro de Nome...
		Nome do Produto: Carrinho Super Marcas - Land Rover Defender Verde - DTC
			Igorando Pelo Filtro de Nome...
		Nome do Produto: Jogo Super Smash Bros Brawl - Wii
			Igorando Pelo Filtro de Nome...
		Nome do Produto: Smart TV 50" 3D LED TC-L50ET60B, Grátis 2 Óculos 3D - Panasonic
			Igorando Pelo Filtro de Nome...
		Nome do Produto: Knex Mario e Luigi - Linha de Largada - MultiKids
			Igorando Pelo Filtro de Nome...
		Nome do Produto: Delta Force Land Warrior - Pc
			Igorando Pelo Filtro de Nome...
		Nome do Produto: Placa de Vídeo GT640 1GB DDR3 128 Bits PCI-E Asus
			Igorando Pelo Filtro de Nome...
	Tempo Para buscar: 11721
Loja: Fast Games
	URL Principal: http://www.fastgames.com.br/
	URL Busca: http://www.fastgames.com.br/loja/busca.php?loja=187970&palavra_busca=<BUSCA>
http://www.fastgames.com.br/loja/busca.php?loja=187970&palavra_busca=Super+Mario+3d+land
		Documento Lido
		Resultados: 5
		Nome do Produto: Mario and Luigi: Dream Team - 3DS
			Igorando Pelo Filtro de Nome...
		Nome do Produto: Nintendo 3DS XL Blue/Black (Azul/Preto)
			Igorando Pelo Filtro de Nome...
		Nome do Produto: Nintendo 3DS XL Red/Black (Vermelho/Preto)
			Igorando Pelo Filtro de Nome...
		Nome do Produto: Nintendo Wii U 32GB (Deluxe Set) Preto + 2 Jogos (Super Mario 3D World e Nintendo Land)
http://www.fastgames.com.br//nintendo-wii-u-32gb-deluxe-set-preto-2-jogos-super-mario-3d-world-e-nintendo-land-pr-8901-187970.htm
		Acessando URL do produto.
		Nome do Produto: Super Mario 3D Land - 3DS
http://www.fastgames.com.br//super-mario-3d-land--3ds-pr-2838-187970.htm
		Acessando URL do produto.
	Tempo Para buscar: 3825
Loja: Fast Shop
	URL Principal: http://www.fastshop.com.br/loja/
	URL Busca: http://www.fastshop.com.br/webapp/wcs/stores/servlet/SearchDisplay?searchTerm=<BUSCA>&categoryId=&storeId=10151&catalogId=11052&langId=-6&pageSize=9&beginIndex=0&sType=SimpleSearch&resultCatEntryType=2&showResultsPage=true&searchSource=Q&pageView=&hotsite=fastshop
http://www.fastshop.com.br/webapp/wcs/stores/servlet/SearchDisplay?searchTerm=Super+Mario+3d+land&categoryId=&storeId=10151&catalogId=11052&langId=-6&pageSize=9&beginIndex=0&sType=SimpleSearch&resultCatEntryType=2&showResultsPage=true&searchSource=Q&pageView=&hotsite=fastshop
		Documento Lido
		Resultados: 0
	Tempo Para buscar: 291
Loja: FNAC
	URL Principal: http://www.fnac.com.br/index.html
	URL Busca: http://busca.fnac.com.br/?busca=<BUSCA>
http://busca.fnac.com.br/?busca=Super+Mario+3d+land
		Documento Lido
		Resultados: 21
		Nome do Produto: 3ds Super Mario 3D Land
http://busca.FNAC.com.br/Busca/Redir?url=http%3a%2f%2fwww.FNAC.com.br%2f3ds-super-mario-3d-land%2fp%2f594725&esid=594725
		Acessando URL do produto.
	Tempo Para buscar: 1765
Loja: Kabum
	URL Principal: http://www.kabum.com.br/
	URL Busca: http://www.kabum.com.br/cgi-local/site/listagem/listagem.cgi?string=<BUSCA>&btnG=
http://www.kabum.com.br/cgi-local/site/listagem/listagem.cgi?string=Super+Mario+3d+land&btnG=
		Documento Lido
		Resultados: 0
	Tempo Para buscar: 703
Loja: Livraria Cultura
	URL Principal: http://www.livrariacultura.com.br/
	URL Busca: http://www.livrariacultura.com.br/busca?N=0&Ntt=<BUSCA>
http://www.livrariacultura.com.br/busca?N=0&Ntt=Super+Mario+3d+land
java.net.SocketTimeoutException: connect timed out
	at java.net.DualStackPlainSocketImpl.waitForConnect(Native Method)
	at java.net.DualStackPlainSocketImpl.socketConnect(Unknown Source)
	at java.net.AbstractPlainSocketImpl.doConnect(Unknown Source)
	at java.net.AbstractPlainSocketImpl.connectToAddress(Unknown Source)
	at java.net.AbstractPlainSocketImpl.connect(Unknown Source)
	at java.net.PlainSocketImpl.connect(Unknown Source)
	at java.net.SocksSocketImpl.connect(Unknown Source)
	at java.net.Socket.connect(Unknown Source)
	at sun.net.NetworkClient.doConnect(Unknown Source)
	at sun.net.www.http.HttpClient.openServer(Unknown Source)
	at sun.net.www.http.HttpClient.openServer(Unknown Source)
	at sun.net.www.http.HttpClient.<init>(Unknown Source)
	at sun.net.www.http.HttpClient.New(Unknown Source)
	at sun.net.www.http.HttpClient.New(Unknown Source)
	at sun.net.www.protocol.http.HttpURLConnection.getNewHttpClient(Unknown Source)
	at sun.net.www.protocol.http.HttpURLConnection.plainConnect0(Unknown Source)
	at sun.net.www.protocol.http.HttpURLConnection.plainConnect(Unknown Source)
	at sun.net.www.protocol.http.HttpURLConnection.connect(Unknown Source)
	at org.jsoup.helper.HttpConnection$Response.execute(HttpConnection.java:449)
	at org.jsoup.helper.HttpConnection$Response.execute(HttpConnection.java:434)
	at org.jsoup.helper.HttpConnection.execute(HttpConnection.java:181)
	at org.jsoup.helper.HttpConnection.get(HttpConnection.java:170)
	at comom.Util.readUrlDocument(Util.java:94)
	at interfaces.search.LivrariaCulturaSearch.readResults(LivrariaCulturaSearch.java:94)
	at interfaces.search.LivrariaCulturaSearch.search(LivrariaCulturaSearch.java:30)
	at objects.Shop.searchProduct(Shop.java:33)
	at Main.generateHtlReport(Main.java:88)
	at Main.main(Main.java:59)
Tentando conectar Na Url de outro modo
ConnectException - Tentando novamente[0]: http://www.livrariacultura.com.br/busca?N=0&Ntt=Super+Mario+3d+land
ConnectException - Tentando novamente[1]: http://www.livrariacultura.com.br/busca?N=0&Ntt=Super+Mario+3d+land
ConnectException - Tentando novamente[2]: http://www.livrariacultura.com.br/busca?N=0&Ntt=Super+Mario+3d+land
		Documento Lido
		Resultados: 6
		Nome do Produto: GAME FREAKS 365'S NINTENDO 3DS GUIDE
			Igorando Pelo Filtro de Nome...
		Nome do Produto: NINTENDO WII & DS
			Igorando Pelo Filtro de Nome...
		Nome do Produto: NINTENDO WII & DS
			Igorando Pelo Filtro de Nome...
		Nome do Produto: SUPER MARIO 3D LAND (3DS)
http://www.livrariacultura.com.br/p/super-mario-3d-land-3ds-22997129
java.net.SocketTimeoutException: connect timed out
	at java.net.DualStackPlainSocketImpl.waitForConnect(Native Method)
	at java.net.DualStackPlainSocketImpl.socketConnect(Unknown Source)
	at java.net.AbstractPlainSocketImpl.doConnect(Unknown Source)
	at java.net.AbstractPlainSocketImpl.connectToAddress(Unknown Source)
	at java.net.AbstractPlainSocketImpl.connect(Unknown Source)
	at java.net.PlainSocketImpl.connect(Unknown Source)
	at java.net.SocksSocketImpl.connect(Unknown Source)
	at java.net.Socket.connect(Unknown Source)
	at sun.net.NetworkClient.doConnect(Unknown Source)
	at sun.net.www.http.HttpClient.openServer(Unknown Source)
	at sun.net.www.http.HttpClient.openServer(Unknown Source)
	at sun.net.www.http.HttpClient.<init>(Unknown Source)
	at sun.net.www.http.HttpClient.New(Unknown Source)
	at sun.net.www.http.HttpClient.New(Unknown Source)
	at sun.net.www.protocol.http.HttpURLConnection.getNewHttpClient(Unknown Source)
	at sun.net.www.protocol.http.HttpURLConnection.plainConnect0(Unknown Source)
	at sun.net.www.protocol.http.HttpURLConnection.plainConnect(Unknown Source)
	at sun.net.www.protocol.http.HttpURLConnection.connect(Unknown Source)
	at org.jsoup.helper.HttpConnection$Response.execute(HttpConnection.java:449)
	at org.jsoup.helper.HttpConnection$Response.execute(HttpConnection.java:434)
	at org.jsoup.helper.HttpConnection.execute(HttpConnection.java:181)
	at org.jsoup.helper.HttpConnection.get(HttpConnection.java:170)
	at comom.Util.readUrlDocument(Util.java:94)
	at interfaces.search.LivrariaCulturaSearch.readEachProduct(LivrariaCulturaSearch.java:74)
	at interfaces.search.LivrariaCulturaSearch.search(LivrariaCulturaSearch.java:38)
	at objects.Shop.searchProduct(Shop.java:33)
	at Main.generateHtlReport(Main.java:88)
	at Main.main(Main.java:59)
Tentando conectar Na Url de outro modo
		Acessando URL do produto.
		Nome do Produto: NINTENDO 3DS - VERMELHO + SUPER MARIO 3D LAND
http://www.livrariacultura.com.br/p/nintendo-3ds-vermelho-super-mario-3d-land-29995436
java.net.SocketTimeoutException: connect timed out
	at java.net.DualStackPlainSocketImpl.waitForConnect(Native Method)
	at java.net.DualStackPlainSocketImpl.socketConnect(Unknown Source)
	at java.net.AbstractPlainSocketImpl.doConnect(Unknown Source)
	at java.net.AbstractPlainSocketImpl.connectToAddress(Unknown Source)
	at java.net.AbstractPlainSocketImpl.connect(Unknown Source)
	at java.net.PlainSocketImpl.connect(Unknown Source)
	at java.net.SocksSocketImpl.connect(Unknown Source)
	at java.net.Socket.connect(Unknown Source)
	at sun.net.NetworkClient.doConnect(Unknown Source)
	at sun.net.www.http.HttpClient.openServer(Unknown Source)
	at sun.net.www.http.HttpClient.openServer(Unknown Source)
	at sun.net.www.http.HttpClient.<init>(Unknown Source)
	at sun.net.www.http.HttpClient.New(Unknown Source)
	at sun.net.www.http.HttpClient.New(Unknown Source)
	at sun.net.www.protocol.http.HttpURLConnection.getNewHttpClient(Unknown Source)
	at sun.net.www.protocol.http.HttpURLConnection.plainConnect0(Unknown Source)
	at sun.net.www.protocol.http.HttpURLConnection.plainConnect(Unknown Source)
	at sun.net.www.protocol.http.HttpURLConnection.connect(Unknown Source)
	at org.jsoup.helper.HttpConnection$Response.execute(HttpConnection.java:449)
	at org.jsoup.helper.HttpConnection$Response.execute(HttpConnection.java:434)
	at org.jsoup.helper.HttpConnection.execute(HttpConnection.java:181)
	at org.jsoup.helper.HttpConnection.get(HttpConnection.java:170)
	at comom.Util.readUrlDocument(Util.java:94)
	at interfaces.search.LivrariaCulturaSearch.readEachProduct(LivrariaCulturaSearch.java:74)
	at interfaces.search.LivrariaCulturaSearch.search(LivrariaCulturaSearch.java:38)
	at objects.Shop.searchProduct(Shop.java:33)
	at Main.generateHtlReport(Main.java:88)
	at Main.main(Main.java:59)
Tentando conectar Na Url de outro modo
		Acessando URL do produto.
		Nome do Produto: GAME FREAKS 365'S VIDEO GAME GUIDE 2012
			Igorando Pelo Filtro de Nome...
	Tempo Para buscar: 127303
Loja: Magazine Luiza
	URL Principal: http://www.magazineluiza.com.br/
	URL Busca: http://www.magazineluiza.com.br/busca/<BUSCA>/
http://www.magazineluiza.com.br/busca/Super+Mario+3d+land/
		Documento Lido
		Resultados: 1
		Nome do Produto: Super Mario 3D Land p/ Nintendo 3DS - Nintendo
http://www.magazineluiza.com.br//super-mario-3d-land-p-nintendo-3ds-nintendo/p/2027889/ga/gads/?_b=Super+Mario+3d+land
		Acessando URL do produto.
	Tempo Para buscar: 423
Loja: Mula Games
	URL Principal: http://www.mulagames.com.br/
	URL Busca: http://www.mulagames.com.br/produtos-index/catalogo_produtos/-/-/<BUSCA>/-/-/-/-/-/
http://www.mulagames.com.br/produtos-index/catalogo_produtos/-/-/Super%20Mario%203d%20land/-/-/-/-/-/
		Documento Lido
		Resultados: 1
		Nome do Produto: Super Mario 3D Land - 3DS
http://www.mulagames.com.br/Super-Mario-3D-Land-3DS/prod-456920/
		Acessando URL do produto.
http://www.mulagames.com.br/produto-ajax_retorna_dados_preco_comprar/456920
		Acessando URL do preço produto.
	Tempo Para buscar: 1816
Loja: Net Shoes
	URL Principal: http://www.netshoes.com.br/
	URL Busca: http://www.netshoes.com.br/search?Ntt=<BUSCA>
http://www.netshoes.com.br/search?Ntt=Super+Mario+3d+land
		Documento Lido
		Resultados: 60
		Nome do Produto: Camisa Feminina Super Bolla Sampaio Corrêa III 2013 nº 10
			Igorando Pelo Filtro de Nome...
		Nome do Produto: Camisa Feminina Super Bolla Sampaio Corrêa II 2013 nº 10
			Igorando Pelo Filtro de Nome...
		Nome do Produto: Super Whey Reforce 907 g Body Size - IntegralMédica
			Igorando Pelo Filtro de Nome...
		Nome do Produto: Super Whey Reforce 907 g Body Size - IntegralMédica
			Igorando Pelo Filtro de Nome...
		Nome do Produto: Super Whey Reforce 907 g Body Size - IntegralMédica
			Igorando Pelo Filtro de Nome...
		Nome do Produto: Super Whey Reforce 907 g Body Size - IntegralMédica
			Igorando Pelo Filtro de Nome...
		Nome do Produto: Super Whey Reforce 907 g Body Size - IntegralMédica
			Igorando Pelo Filtro de Nome...
		Nome do Produto: Kimono Mário Yamasaki Jiu Jitsu
			Igorando Pelo Filtro de Nome...
		Nome do Produto: Kimono Mário Yamasaki Jiu Jitsu
			Igorando Pelo Filtro de Nome...
		Nome do Produto: Jack 3D 135 g - USPlabs
			Igorando Pelo Filtro de Nome...
		Nome do Produto: Chuteira Joma Super Regate Futsal
			Igorando Pelo Filtro de Nome...
		Nome do Produto: Chuteira Joma Super Regate Futsal
			Igorando Pelo Filtro de Nome...
		Nome do Produto: Kimono Mário Yamasaki Jiu Jitsu
			Igorando Pelo Filtro de Nome...
		Nome do Produto: Tênis Asics Gel Super J33
			Igorando Pelo Filtro de Nome...
		Nome do Produto: Super Whey 5W 907 g Body Size - IntegralMédica
			Igorando Pelo Filtro de Nome...
		Nome do Produto: Super Whey 5W 2,3 kg Body Size - IntegralMédica
			Igorando Pelo Filtro de Nome...
		Nome do Produto: Super Whey 5W 907 g Body Size - IntegralMédica
			Igorando Pelo Filtro de Nome...
		Nome do Produto: Camiseta Adidas Super Logo
			Igorando Pelo Filtro de Nome...
		Nome do Produto: Super Whey 5W 2,3 kg Body Size - IntegralMédica
			Igorando Pelo Filtro de Nome...
		Nome do Produto: Super Whey 5W 907 g Body Size - IntegralMédica
			Igorando Pelo Filtro de Nome...
		Nome do Produto: Super Whey 5W 2,3 kg Body Size - IntegralMédica
			Igorando Pelo Filtro de Nome...
		Nome do Produto: Super Whey 3W - 907 g Body Size - IntegralMédica
			Igorando Pelo Filtro de Nome...
		Nome do Produto: Chuteira Joma Super Regate Futsal
			Igorando Pelo Filtro de Nome...
		Nome do Produto: Pochete Fuel Belt Super-Stretch
			Igorando Pelo Filtro de Nome...
		Nome do Produto: RedWay 3D 300 g - Midway
			Igorando Pelo Filtro de Nome...
		Nome do Produto: Super Whey 100% Pure 907 g Body Size - IntegralMédica
			Igorando Pelo Filtro de Nome...
		Nome do Produto: Tênis Asics Gel Super J33
			Igorando Pelo Filtro de Nome...
		Nome do Produto: Estádio Arena da Gávea Flamengo - Maquete em 3D p/ Montar
			Igorando Pelo Filtro de Nome...
		Nome do Produto: Super Fight Creatina 1,4 kg - Midway
			Igorando Pelo Filtro de Nome...
		Nome do Produto: Super Charge Xtreme 800 g - Labrada Nutrition
			Igorando Pelo Filtro de Nome...
		Nome do Produto: Camiseta Adidas Super Logo
			Igorando Pelo Filtro de Nome...
		Nome do Produto: Super Charge Xtreme 800 g - Labrada Nutrition
			Igorando Pelo Filtro de Nome...
		Nome do Produto: Camiseta Adidas Super Logo
			Igorando Pelo Filtro de Nome...
		Nome do Produto: Camiseta Adidas Super Logo
			Igorando Pelo Filtro de Nome...
		Nome do Produto: Tênis Adidas Tech Super CF Infantil
			Igorando Pelo Filtro de Nome...
		Nome do Produto: Pack 3D 300 g - Atlhetica Nutrition
			Igorando Pelo Filtro de Nome...
		Nome do Produto: Aparelho Abdominal Sport e Camping Super Star c/ Colchonete
			Igorando Pelo Filtro de Nome...
		Nome do Produto: Arnold 3D - 120 Tabs - Arnold Nutrition
			Igorando Pelo Filtro de Nome...
		Nome do Produto: Super Charge Xtreme 800 g - Labrada Nutrition
			Igorando Pelo Filtro de Nome...
		Nome do Produto: Camiseta Adidas Super Logo
			Igorando Pelo Filtro de Nome...
		Nome do Produto: Tênis Nike Jordan Super Fly 3
			Igorando Pelo Filtro de Nome...
		Nome do Produto: Tênis Asics Gel Super J33
			Igorando Pelo Filtro de Nome...
		Nome do Produto: Jaqueta Vasco Super
			Igorando Pelo Filtro de Nome...
		Nome do Produto: Tênis Skechers Super Steps Infantil
			Igorando Pelo Filtro de Nome...
		Nome do Produto: Tênis Adidas Tech Super EF
			Igorando Pelo Filtro de Nome...
		Nome do Produto: Tênis Asics Gel Super J33
			Igorando Pelo Filtro de Nome...
		Nome do Produto: Shape Cisco Super Leve 8,26 x 31,50
			Igorando Pelo Filtro de Nome...
		Nome do Produto: Tênis Puma Super Liga OG Retro
			Igorando Pelo Filtro de Nome...
		Nome do Produto: Camisa Super Bolla Atlético Goianiense II 14/15 s/n°
			Igorando Pelo Filtro de Nome...
		Nome do Produto: Camisa Super Bolla Atlético Goianiense I 14/15 s/n°
			Igorando Pelo Filtro de Nome...
		Nome do Produto: Adaptador 3D Hero System GoPro
			Igorando Pelo Filtro de Nome...
		Nome do Produto: Shape Cisco Super Leve 7,87 x 31,50
			Igorando Pelo Filtro de Nome...
		Nome do Produto: Super Whey 3W - 907 g Body Size - IntegralMédica
			Igorando Pelo Filtro de Nome...
		Nome do Produto: Tênis Adidas Tech Super Modern EF
			Igorando Pelo Filtro de Nome...
		Nome do Produto: Camisa Feminina Super Bolla Confiança I 2013 nº 10
			Igorando Pelo Filtro de Nome...
		Nome do Produto: Jogo Mario Tennis Open 3DS
			Igorando Pelo Filtro de Nome...
		Nome do Produto: Camisa Super Bolla Moto Club I 14/15 s/n°
			Igorando Pelo Filtro de Nome...
		Nome do Produto: Tênis Asics Gel Super J33
			Igorando Pelo Filtro de Nome...
		Nome do Produto: Camisa Super Bolla Rio Claro II 2013 nº 10
			Igorando Pelo Filtro de Nome...
		Nome do Produto: Bota Salomon Xa Pro 3D Mid Ltr Goretex
			Igorando Pelo Filtro de Nome...
	Tempo Para buscar: 2783
Loja: Ponto Frio
	URL Principal: http://www.pontofrio.com.br/
	URL Busca: http://search.pontofrio.com.br/search?w=<BUSCA>
http://search.pontofrio.com.br/search?w=Super+Mario+3d+land
		Documento Lido
		Resultados: 1
		Nome do Produto: Conjunto DohVinci! Play-Doh Hasbro - Deluxe Styler
			Igorando Pelo Filtro de Nome...
		Nome do Produto: Conjunto DohVinci! Play-Doh Hasbro - Torre de Flores e Fotos
			Igorando Pelo Filtro de Nome...
		Nome do Produto: Livro - Nos Bastidores da Nintendo: o Jeito Wii de Reinventar Negócios e Transformar Clientes em Fãs - Jeff Ryan
			Igorando Pelo Filtro de Nome...
		Nome do Produto: Smart TV Cinema 3D LED 47” Full HD LG 47LA6204 com Função Torcida, Conversor Digital, Entradas HDMI, Entradas USB DivX HD e 4 Óculos 3D
			Igorando Pelo Filtro de Nome...
		Nome do Produto: DVD - Super Mario Bros
			Igorando Pelo Filtro de Nome...
		Nome do Produto: Conjunto DohVinci! Play-Doh Hasbro - Estilo e Beleza
			Igorando Pelo Filtro de Nome...
		Nome do Produto: Conjunto DohVinci! Play-Doh Hasbro - Kit Design
			Igorando Pelo Filtro de Nome...
		Nome do Produto: Livro - Luz - Livro 3 - Elena P. Melodia
			Igorando Pelo Filtro de Nome...
		Nome do Produto: Luminária 3D Light FX Mão Homem de Ferro
			Igorando Pelo Filtro de Nome...
		Nome do Produto: Luminária 3D Light FX Martelo do Thor
			Igorando Pelo Filtro de Nome...
		Nome do Produto: Luminária 3D Light FX Máscara Homem Aranha
			Igorando Pelo Filtro de Nome...
		Nome do Produto: Luminária 3D Light FX Punho do Hulk
			Igorando Pelo Filtro de Nome...
		Nome do Produto: Luminária 3D Light FX Escudo do Capitão América
			Igorando Pelo Filtro de Nome...
		Nome do Produto: Smart TV Cinema 3D LED 42” Full HD LG 42LA6204 com Função Torcida, Conversor Digital, Entradas HDMI, Entradas USB DivX HD e 4 Óculos 3D
			Igorando Pelo Filtro de Nome...
		Nome do Produto: Livro - Feras Futebol Clube - Raban, o Herói
			Igorando Pelo Filtro de Nome...
		Nome do Produto: Smart TV 3D LED 55” Full HD Sony KDL-55W805B com Modo Futebol, Motionflow de 480Hz, Processador X-Reality Pro, Wi-Fi e 2 Óculos 3D
			Igorando Pelo Filtro de Nome...
		Nome do Produto: Game Poof vs The Cursed Kitty para Download - PC
			Igorando Pelo Filtro de Nome...
		Nome do Produto: Livro - Diário de Um Magro: 15 Anos Num Spa
			Igorando Pelo Filtro de Nome...
		Nome do Produto: Livro - Histórias de Paris - Mario Benedetti
			Igorando Pelo Filtro de Nome...
		Nome do Produto: Blu-Ray Player 3D Sony BDP S4100 com Wi-Fi*, Entrada USB e Cabo HDMI
			Igorando Pelo Filtro de Nome...
		Nome do Produto: Conjunto DohVinci! Play-Doh Hasbro - Deluxe Styler
			Igorando Pelo Filtro de Nome...
		Nome do Produto: Conjunto DohVinci! Play-Doh Hasbro - Torre de Flores e Fotos
			Igorando Pelo Filtro de Nome...
		Nome do Produto: Livro - Nos Bastidores da Nintendo: o Jeito Wii de Reinventar Negócios e Transformar Clientes em Fãs - Jeff Ryan
			Igorando Pelo Filtro de Nome...
		Nome do Produto: Smart TV Cinema 3D LED 47” Full HD LG 47LA6204 com Função Torcida, Conversor Digital, Entradas HDMI, Entradas USB DivX HD e 4 Óculos 3D
			Igorando Pelo Filtro de Nome...
		Nome do Produto: DVD - Super Mario Bros
			Igorando Pelo Filtro de Nome...
		Nome do Produto: Conjunto DohVinci! Play-Doh Hasbro - Estilo e Beleza
			Igorando Pelo Filtro de Nome...
		Nome do Produto: Conjunto DohVinci! Play-Doh Hasbro - Kit Design
			Igorando Pelo Filtro de Nome...
		Nome do Produto: Livro - Luz - Livro 3 - Elena P. Melodia
			Igorando Pelo Filtro de Nome...
		Nome do Produto: Luminária 3D Light FX Mão Homem de Ferro
			Igorando Pelo Filtro de Nome...
		Nome do Produto: Luminária 3D Light FX Martelo do Thor
			Igorando Pelo Filtro de Nome...
		Nome do Produto: Luminária 3D Light FX Máscara Homem Aranha
			Igorando Pelo Filtro de Nome...
		Nome do Produto: Luminária 3D Light FX Punho do Hulk
			Igorando Pelo Filtro de Nome...
		Nome do Produto: Luminária 3D Light FX Escudo do Capitão América
			Igorando Pelo Filtro de Nome...
		Nome do Produto: Smart TV Cinema 3D LED 42” Full HD LG 42LA6204 com Função Torcida, Conversor Digital, Entradas HDMI, Entradas USB DivX HD e 4 Óculos 3D
			Igorando Pelo Filtro de Nome...
		Nome do Produto: Livro - Feras Futebol Clube - Raban, o Herói
			Igorando Pelo Filtro de Nome...
		Nome do Produto: Smart TV 3D LED 55” Full HD Sony KDL-55W805B com Modo Futebol, Motionflow de 480Hz, Processador X-Reality Pro, Wi-Fi e 2 Óculos 3D
			Igorando Pelo Filtro de Nome...
		Nome do Produto: Game Poof vs The Cursed Kitty para Download - PC
			Igorando Pelo Filtro de Nome...
		Nome do Produto: Livro - Diário de Um Magro: 15 Anos Num Spa
			Igorando Pelo Filtro de Nome...
		Nome do Produto: Livro - Histórias de Paris - Mario Benedetti
			Igorando Pelo Filtro de Nome...
		Nome do Produto: Blu-Ray Player 3D Sony BDP S4100 com Wi-Fi*, Entrada USB e Cabo HDMI
			Igorando Pelo Filtro de Nome...
	Tempo Para buscar: 1644
Loja: Ricardo Eletro
	URL Principal: http://www.ricardoeletro.com.br/
	URL Busca: http://www.ricardoeletro.com.br/Busca/Resultado/?q=<BUSCA>
http://www.ricardoeletro.com.br/Busca/Resultado/?q=Super+Mario+3d+land
		Documento Lido
		Resultados: 11
		Nome do Produto: Smart TV 3D LED 50" Sony Full HD com Wi-Fi Integrado,Conversor Digital Integrado,Conexão HDMI e USB + Grátis 2 Óculos 3D-KDL-50W805B
			Igorando Pelo Filtro de Nome...
		Nome do Produto: Smart TV 3D LED 55" Sony Full HD com Motionflow 960Hz, Wi-fi integrado, X-Reality Pro e Conexões HDMI e USB + Grátis 2 Óculos 3D - KDL-55W805B
			Igorando Pelo Filtro de Nome...
		Nome do Produto: Smart TV 3D LED 65" LG Ultra HD 4K com Wi-Fi Integrado + Grátis Controle Smart Magic + Grátis 2 Óculos Dual Play + Grátis 4 Óculos Cinema 3D -65LA9650
			Igorando Pelo Filtro de Nome...
		Nome do Produto: Aspirador de Pó Super Cyclone 1200W sem Saco para Pó e Filtro Hepa SUPER - Electrolux
			Igorando Pelo Filtro de Nome...
		Nome do Produto: Mop Twist Super Absorvente com Prático Sistema de Auto-Torção " Sem Sujar as Mãos" e Regulagem de Altura Microfibra Super Clean - Brinox
			Igorando Pelo Filtro de Nome...
		Nome do Produto: Jogo New Super Mario U para Nintendo Wii U (NWiiU)
			Igorando Pelo Filtro de Nome...
		Nome do Produto: Playstation 3 "Super Slim" com 250GB HD + 01 Controle Dualshock 3 + 02 Super Jogos!
			Igorando Pelo Filtro de Nome...
		Nome do Produto: Refil para Mop Pó Super Absorvente para Limpar e Lustrar Microfibra Super Clean - Brinox
			Igorando Pelo Filtro de Nome...
		Nome do Produto: Super Massa Super Mochilinha - Estrela
			Igorando Pelo Filtro de Nome...
		Nome do Produto: Refil para Mop Úmido Super Absorvente para Limpar, Lustrar e lavar Microfibra Super Clean - Brinox
			Igorando Pelo Filtro de Nome...
		Nome do Produto: Gloss Revlon Super Lustrous Super Natural
			Igorando Pelo Filtro de Nome...
	Tempo Para buscar: 851
Loja: RiHappy
	URL Principal: http://www.rihappy.com.br/
	URL Busca: http://www.rihappy.com.br/<BUSCA>
http://www.rihappy.com.br/Super%20Mario%203d%20land
		Documento Lido
		Resultados: 18
		Nome do Produto: Carrinho Super Marcas - Land Rover - Range Rover Sport Preto - DTC - Carros Miniaturas Réplicas
			Igorando Pelo Filtro de Nome...
		Nome do Produto: Carrinho Super Marcas FX - Land Rover Defender Preto - DTC - Carros Miniaturas Réplicas
			Igorando Pelo Filtro de Nome...
		Nome do Produto: Carrinho Super Marcas - Land Rover Defender Verde - DTC - Carros Miniaturas Réplicas
			Igorando Pelo Filtro de Nome...
		Nome do Produto: Jogo Nintendo Wii U - New Super Mario Bros U - Jogos
			Igorando Pelo Filtro de Nome...
		Nome do Produto: Super Kit de Mergulho Play Aventura - Amarelo - Intex - Acessórios
			Igorando Pelo Filtro de Nome...
		Nome do Produto: Super Massa Diversão com a Peppa Pig - Estrela - Massa de Modelar
			Igorando Pelo Filtro de Nome...
		Nome do Produto: Super Massa Peppa e Amigos - Estrela - Massa de Modelar
			Igorando Pelo Filtro de Nome...
		Nome do Produto: Super Massa Dinossauros - Estrela - Massas de Modelar
			Igorando Pelo Filtro de Nome...
		Nome do Produto: Super Jogo da Vida - Estrela - Jogos de Tabuleiro
			Igorando Pelo Filtro de Nome...
		Nome do Produto: Super Massa Carimbo da Peppa Pig - Peppa - Estrela - Massa de Modelar
			Igorando Pelo Filtro de Nome...
		Nome do Produto: Super Autorama - DMX Racer Amarelo e Branco - Estrela - Autoramas
			Igorando Pelo Filtro de Nome...
		Nome do Produto: Super Massa Carimbo da Peppa Pig - Papai - Estrela - Massa de Modelar
			Igorando Pelo Filtro de Nome...
		Nome do Produto: Super Basquete - Bob Esponja - DTC - Clássicos
			Igorando Pelo Filtro de Nome...
		Nome do Produto: Super Pincéis Color Wonder - 5 Canetas - Crayola - Pinturas
			Igorando Pelo Filtro de Nome...
		Nome do Produto: Super Trunfo - Palmeiras - Grow - Jogos de Cartas
			Igorando Pelo Filtro de Nome...
		Nome do Produto: Super Trunfo - Países - Grow - Jogos de Cartas
			Igorando Pelo Filtro de Nome...
		Nome do Produto: Super Trunfo - Especial Cães de Raça - Grow - Jogos de Cartas
			Igorando Pelo Filtro de Nome...
		Nome do Produto: Super Pista com Carrinho - Avengers Assemble Marvel - Thor - Toyng - Pistas de Percursos
			Igorando Pelo Filtro de Nome...
	Tempo Para buscar: 1512
Loja: Saraiva
	URL Principal: http://www.saraiva.com.br/
	URL Busca: http://busca.saraiva.com.br/search?w=<BUSCA>&PAC_ID=129457&ts=ajax
http://busca.saraiva.com.br/search?w=Super+Mario+3d+land&PAC_ID=129457&ts=ajax
		Documento Lido
		Resultados: 1
		Nome do Produto: Super Mario 3D Land - 3ds
individualUrl = http://busca.saraiva.com.br/search?p=R&srid=S11-USWSD01&lbc=saraiva&w=Super%20Mario%203d%20land&url=http%3a%2f%2fwww.saraiva.com.br%2fproduto%2f3691439&rk=1&uid=8207317&sid=2&ts=ajax&rsc=3S9dS9Jh2xuy0MMZ&method=and&isort=score&view=grid
http://busca.saraiva.com.br/search?p=R&srid=S11-USWSD01&lbc=saraiva&w=Super%20Mario%203d%20land&url=http%3a%2f%2fwww.saraiva.com.br%2fproduto%2f3691439&rk=1&uid=8207317&sid=2&ts=ajax&rsc=3S9dS9Jh2xuy0MMZ&method=and&isort=score&view=grid
		Acessando URL do produto.
	Tempo Para buscar: 1540
Loja: Shop Facil
	URL Principal: http://ww2.shopfacil.com.br/
	URL Busca: http://ww2.shopfacil.com.br/<BUSCA>
http://ww2.shopfacil.com.br/Super%20Mario%203d%20land
		Documento Lido
		Resultados: 15
		Nome do Produto: DVD - Super Mario Bros
			Igorando Pelo Filtro de Nome...
		Nome do Produto: Blu-Ray 3D + Blu-Ray + Cópia Digital - Viagem 2: A Ilha Misteriosa - Journey 2: The Mysterious Island - 2 Discos
			Igorando Pelo Filtro de Nome...
		Nome do Produto: Livro - ABD3D - Marion Bataille
			Igorando Pelo Filtro de Nome...
		Nome do Produto: Carrinho Super Marcas FX - Land Rover Defender Preto - DTC
			Igorando Pelo Filtro de Nome...
		Nome do Produto: Carrinho Super Marcas - Land Rover - Range Rover Sport Preto - DTC
			Igorando Pelo Filtro de Nome...
		Nome do Produto: Carrinho Super Marcas - Land Rover Defender Verde - DTC
			Igorando Pelo Filtro de Nome...
		Nome do Produto: Blu-Ray - Bolt: Supercão 3D
			Igorando Pelo Filtro de Nome...
		Nome do Produto: Jogo Mario Party: Island Tour - 3DS
			Igorando Pelo Filtro de Nome...
		Nome do Produto: Jogo Nintendo Wii U - New Super Mario Bros U
			Igorando Pelo Filtro de Nome...
		Nome do Produto: Livro - Autocad 2014 - Modelando em 3D - Rosa Katori
			Igorando Pelo Filtro de Nome...
		Nome do Produto: Super Dicer Processador de Alimentos Multifuncional 15 peças - UD+
			Igorando Pelo Filtro de Nome...
		Nome do Produto: Super Estacionamento Bburago Ferrari - Race and Play
			Igorando Pelo Filtro de Nome...
		Nome do Produto: Super Borboleta Adutora ProAction GA010 - Azul
			Igorando Pelo Filtro de Nome...
		Nome do Produto: Super Massa Carimbo da Peppa Pig - Peppa - Estrela
			Igorando Pelo Filtro de Nome...
		Nome do Produto: Super Stay 24H Maybelline - Base Facial
			Igorando Pelo Filtro de Nome...
	Tempo Para buscar: 2267
Loja: Shop Time
	URL Principal: http://www.shoptime.com.br/
	URL Busca: http://busca.shoptime.com.br/busca.php?q=<BUSCA>
http://busca.shoptime.com.br/busca.php?q=Super+Mario+3d+land
		Documento Lido
		Resultados: 7
		Nome do Produto: Boneco Micro Land Super Mario Yoshi e Layer Cake Desert com Ilha - DTC Boneco Micro Land Super Mario Flying Mario/Koopa/Nabbit - DTC Boneco Micro Land Super Mario Flying Luigi/Flying Toad/Bob - DTC Boneco Micro Land Super Mario Fire Mario/Bowser Jr./Bullet - DTC Boneco Micro Land Super Mario Luigi/Mario/Goomba - DTC Boneco Micro Land Super Mario Bowser/Koopa/Toad - DTC Boneco Micro Land Super Mario Yoshi/Princess/Bob - DTC
			Igorando Pelo Filtro de Nome...
		Nome do Produto: Boneco Micro Land Super Mario Yoshi e Layer Cake Desert com Ilha - DTC Boneco Micro Land Super Mario Flying Mario/Koopa/Nabbit - DTC Boneco Micro Land Super Mario Flying Luigi/Flying Toad/Bob - DTC Boneco Micro Land Super Mario Fire Mario/Bowser Jr./Bullet - DTC Boneco Micro Land Super Mario Luigi/Mario/Goomba - DTC Boneco Micro Land Super Mario Bowser/Koopa/Toad - DTC Boneco Micro Land Super Mario Yoshi/Princess/Bob - DTC
			Igorando Pelo Filtro de Nome...
		Nome do Produto: Boneco Micro Land Super Mario Yoshi e Layer Cake Desert com Ilha - DTC Boneco Micro Land Super Mario Flying Mario/Koopa/Nabbit - DTC Boneco Micro Land Super Mario Flying Luigi/Flying Toad/Bob - DTC Boneco Micro Land Super Mario Fire Mario/Bowser Jr./Bullet - DTC Boneco Micro Land Super Mario Luigi/Mario/Goomba - DTC Boneco Micro Land Super Mario Bowser/Koopa/Toad - DTC Boneco Micro Land Super Mario Yoshi/Princess/Bob - DTC
			Igorando Pelo Filtro de Nome...
		Nome do Produto: Boneco Micro Land Super Mario Yoshi e Layer Cake Desert com Ilha - DTC Boneco Micro Land Super Mario Flying Mario/Koopa/Nabbit - DTC Boneco Micro Land Super Mario Flying Luigi/Flying Toad/Bob - DTC Boneco Micro Land Super Mario Fire Mario/Bowser Jr./Bullet - DTC Boneco Micro Land Super Mario Luigi/Mario/Goomba - DTC Boneco Micro Land Super Mario Bowser/Koopa/Toad - DTC Boneco Micro Land Super Mario Yoshi/Princess/Bob - DTC
			Igorando Pelo Filtro de Nome...
		Nome do Produto: Boneco Micro Land Super Mario Yoshi e Layer Cake Desert com Ilha - DTC Boneco Micro Land Super Mario Flying Mario/Koopa/Nabbit - DTC Boneco Micro Land Super Mario Flying Luigi/Flying Toad/Bob - DTC Boneco Micro Land Super Mario Fire Mario/Bowser Jr./Bullet - DTC Boneco Micro Land Super Mario Luigi/Mario/Goomba - DTC Boneco Micro Land Super Mario Bowser/Koopa/Toad - DTC Boneco Micro Land Super Mario Yoshi/Princess/Bob - DTC
			Igorando Pelo Filtro de Nome...
		Nome do Produto: Boneco Micro Land Super Mario Yoshi e Layer Cake Desert com Ilha - DTC Boneco Micro Land Super Mario Flying Mario/Koopa/Nabbit - DTC Boneco Micro Land Super Mario Flying Luigi/Flying Toad/Bob - DTC Boneco Micro Land Super Mario Fire Mario/Bowser Jr./Bullet - DTC Boneco Micro Land Super Mario Luigi/Mario/Goomba - DTC Boneco Micro Land Super Mario Bowser/Koopa/Toad - DTC Boneco Micro Land Super Mario Yoshi/Princess/Bob - DTC
			Igorando Pelo Filtro de Nome...
		Nome do Produto: Boneco Micro Land Super Mario Yoshi e Layer Cake Desert com Ilha - DTC Boneco Micro Land Super Mario Flying Mario/Koopa/Nabbit - DTC Boneco Micro Land Super Mario Flying Luigi/Flying Toad/Bob - DTC Boneco Micro Land Super Mario Fire Mario/Bowser Jr./Bullet - DTC Boneco Micro Land Super Mario Luigi/Mario/Goomba - DTC Boneco Micro Land Super Mario Bowser/Koopa/Toad - DTC Boneco Micro Land Super Mario Yoshi/Princess/Bob - DTC
			Igorando Pelo Filtro de Nome...
	Tempo Para buscar: 764
Loja: ShopB
	URL Principal: http://www.shopb.com.br/
	URL Busca: http://busca.shopb.com.br/?busca=<BUSCA>
http://busca.shopb.com.br/?busca=Super+Mario+3d+land
		Documento Lido
		Resultados: 32
		Nome do Produto: Super Mario 3D Land - 3DS
http://shopb.ecommercesearch.com.br/Busca/Redir?url=http%3a%2f%2fwww.shopb.com.br%2fecommerce_site%2findex.php%3fpg%3dproduto%26cdg%3d4488%26idp%3d36889%26idparceiro%3dp1&esid=36889
		Acessando URL do produto.
		Nome do Produto: Nintendo 3DS + Super Mario 3D Land - Vermelho
http://shopb.ecommercesearch.com.br/Busca/Redir?url=http%3a%2f%2fwww.shopb.com.br%2fecommerce_site%2findex.php%3fpg%3dproduto%26cdg%3d4488%26idp%3d34364%26idparceiro%3dp1&esid=34364
		Acessando URL do produto.
		Nome do Produto: 3D Dot Game Heroes - PS3
			Igorando Pelo Filtro de Nome...
		Nome do Produto: Assassins Creed IV: Black Flag Limited Edition - PS3
			Igorando Pelo Filtro de Nome...
		Nome do Produto: Assassins Creed IV: Black Flag Limited Edition - XBOX 360
			Igorando Pelo Filtro de Nome...
		Nome do Produto: Assassins Creed IV: Black Flag Limited Edition - XBOX ONE
			Igorando Pelo Filtro de Nome...
		Nome do Produto: Batman Arkham Asylum 3D - XBOX 360
			Igorando Pelo Filtro de Nome...
		Nome do Produto: BulletStorm Limited Edition - PS3
			Igorando Pelo Filtro de Nome...
		Nome do Produto: Cabo HDMI 2 metros 1.4v 1080p aceita imagem 3D
			Igorando Pelo Filtro de Nome...
		Nome do Produto: Cabo HDMI 5 metros 1.4v 1080p aceita imagem 3D
			Igorando Pelo Filtro de Nome...
		Nome do Produto: Call of Duty Advanced Warfare: Atlas Limited Edition - PS4
			Igorando Pelo Filtro de Nome...
		Nome do Produto: Call of Duty Advanced Warfare: Atlas Limited Edition - XBOX ONE
			Igorando Pelo Filtro de Nome...
		Nome do Produto: Captain America: Super Soldier - PS3
			Igorando Pelo Filtro de Nome...
		Nome do Produto: Castlevania: Lords of Shadow Mirror of Fate - 3DS
			Igorando Pelo Filtro de Nome...
		Nome do Produto: Celular Blu Dash JR com Android 2.3, 3D Gaming, Wi-Fi, Rádio FM/AM - Azul
			Igorando Pelo Filtro de Nome...
		Nome do Produto: Celular Blu Dash JR com Android 2.3, 3D Gaming, Wi-Fi, Rádio FM/AM - Prata
			Igorando Pelo Filtro de Nome...
		Nome do Produto: Console Playstation 3 Super Slim - 12GB
			Igorando Pelo Filtro de Nome...
		Nome do Produto: Controle Gamecube c/ Fio Preto: Edição Super Smash Bros. - Wii U
			Igorando Pelo Filtro de Nome...
		Nome do Produto: Controle Wireless Edição Limitada TitanFall - XBOX ONE
			Igorando Pelo Filtro de Nome...
		Nome do Produto: Controle com Fio FIFA EA Sports Football Club: Edição Limitada - PS3
			Igorando Pelo Filtro de Nome...
		Nome do Produto: Darksiders II - Edição Limitada com Acesso Grátis a DLC - PC
			Igorando Pelo Filtro de Nome...
		Nome do Produto: Dead Space 3 Edição Limitada - PC
			Igorando Pelo Filtro de Nome...
		Nome do Produto: Dead Space 3 Edição Limitada - PS3
			Igorando Pelo Filtro de Nome...
		Nome do Produto: Dead Space 3 Edição Limitada - XBOX 360
			Igorando Pelo Filtro de Nome...
		Nome do Produto: Death Smiles: Limited Edition - XBOX 360
			Igorando Pelo Filtro de Nome...
		Nome do Produto: Fonte para XBOX 360 Super Slim - (110v e 220v)
			Igorando Pelo Filtro de Nome...
		Nome do Produto: God of War: Origins Collection - PS3
			Igorando Pelo Filtro de Nome...
		Nome do Produto: Headset Turtle Beach Call of duty Ghosts Ear Force Shadow Limited Edition - PS3, PS4, XBOX 360, XBOX ONE, PC e Mac
			Igorando Pelo Filtro de Nome...
		Nome do Produto: Headset Turtle Beach Call of duty Ghosts Ear Force Spectre Limited Edition PS3, PS4, XBOX 360, XBOX ONE, PC, Mac
			Igorando Pelo Filtro de Nome...
		Nome do Produto: Heavy Fire: Shattered Spear - PS3
			Igorando Pelo Filtro de Nome...
		Nome do Produto: Heavy Fire: Shattered Spear - XBOX 360
			Igorando Pelo Filtro de Nome...
		Nome do Produto: Injustice Gods Among US + DVD A Liga da Justiça: A legião do Mal - Edição Limitada - XBOX 360
			Igorando Pelo Filtro de Nome...
	Tempo Para buscar: 3355
Loja: Submarino
	URL Principal: http://www.submarino.com.br/
	URL Busca: http://busca.submarino.com.br/busca.php?q=<BUSCA>
http://busca.submarino.com.br/busca.php?q=Super+Mario+3d+land
		Documento Lido
		Resultados: 7
		Nome do Produto: Boneco Micro Land Super Mario Luigi/Mario/Goomba - DTC
			Igorando Pelo Filtro de Nome...
		Nome do Produto: Boneco Micro Land Super Mario Yoshi e Layer Cake Desert com Ilha - DTC
			Igorando Pelo Filtro de Nome...
		Nome do Produto: Boneco Micro Land Super Mario Yoshi/Princess/Bob - DTC
			Igorando Pelo Filtro de Nome...
		Nome do Produto: Boneco Micro Land Super Mario Fire Mario/Bowser Jr./Bullet - DTC
			Igorando Pelo Filtro de Nome...
		Nome do Produto: Boneco Micro Land Super Mario Bowser/Koopa/Toad - DTC
			Igorando Pelo Filtro de Nome...
		Nome do Produto: Boneco Micro Land Super Mario Flying Mario/Koopa/Nabbit - DTC
			Igorando Pelo Filtro de Nome...
		Nome do Produto: Boneco Micro Land Super Mario Flying Luigi/Flying Toad/Bob - DTC
			Igorando Pelo Filtro de Nome...
	Tempo Para buscar: 1572
Loja: Walmart
	URL Principal: http://www.walmart.com.br/
	URL Busca: http://www.walmart.com.br/busca/?ft=<BUSCA>&PS=20
http://www.walmart.com.br/busca/?ft=Super+Mario+3d+land&PS=20
		Documento Lido
		Resultados: 1
		Nome do Produto: Jogo Nintendo 3DS Super Mario 3D Land
http://www.walmart.com.br//produto/Games/Jogos-para-Nintendo-3DS/Nintendo/319578-Jogo-Nintendo-3DS-Super-Mario-3D-Land
		Acessando URL do produto.
	Tempo Para buscar: 3855

File copied from D:\WorkSpaces\workspace estudo\lookforprices\resources\imports\css.css to D:\WorkSpaces\workspace estudo\lookforprices\reports\2015-01-20 23\css.css
File copied from D:\WorkSpaces\workspace estudo\lookforprices\resources\imports\jquery.js to D:\WorkSpaces\workspace estudo\lookforprices\reports\2015-01-20 23\jquery.js
File copied from D:\WorkSpaces\workspace estudo\lookforprices\resources\imports\scripts.js to D:\WorkSpaces\workspace estudo\lookforprices\reports\2015-01-20 23\scripts.js
Tempo total de execução: 175362
