Game: Super Smash bros 3ds
Loja: Nintendo eShop
	URL Principal: http://www.nintendo.com/3ds/eshop
	URL Busca: http://www.nintendo.com/json/content/get/game/filter?&&&&qterm=<BUSCA>
NintendoEShopSearch.search() http://www.nintendo.com/json/content/get/game/filter?&&&&qterm=Super+Smash+bros+3ds
		Documento Lido
		Resultados: 3
		Nome do Produto: Super Mario Bros. Deluxe
			Igorando Pelo Filtro de Nome...
		Nome do Produto: Super Smash Bros.
			Igorando Pelo Filtro de Nome...
		Nome do Produto: Kid Icarus: Uprising
			Igorando Pelo Filtro de Nome...
	Tempo Para buscar: 546
Loja: Americanas
	URL Principal: http://www.americanas.com.br/
	URL Busca: http://busca.americanas.com.br/busca.php?q=<BUSCA>
http://busca.americanas.com.br/busca.php?q=Super+Smash+bros+3ds
		Documento Lido
		Resultados: 1
		Nome do Produto: Game - Super Smash Bros. - Nintendo 3DS
http://busca.americanas.com.br/produto.php?link=http://www.americanas.com.br/produto/120743861/game-super-smash-bros.-nintendo-3ds&ranking=1&sessao=U080WTWW9J4W7&idbusca=2bfb296a91f145dc3c34d592f79fa0251f345f36&idproduto=120743861
		Acessando URL do produto.
	Tempo Para buscar: 1704
Loja: Big Boy Games
	URL Principal: http://www.bigboygames.com.br/
	URL Busca: http://www.bigboygames.com.br/pesquisa/?p=<BUSCA>
http://www.bigboygames.com.br/pesquisa/?p=Super+Smash+bros+3ds
		Documento Lido
		Resultados: 3
		Nome do Produto: 3DS - Super Smash Bros.
http://www.bigboygames.com.br/3ds-super-smash-bros-p6531/
		Acessando URL do produto.
		Nome do Produto: 3DS - Console 3DS XL Azul Super Smash Bros Edição Limitada
http://www.bigboygames.com.br/3ds-console-3ds-xl-azul-super-smash-bros-edicao-limitada-p6666/
		Acessando URL do produto.
		Nome do Produto: Console 3DS XL Super Smash Bros Vermelho Edição Limitada
http://www.bigboygames.com.br/console-3ds-xl-super-smash-bros-vermelho-edicao-limitada-p6665/
		Acessando URL do produto.
	Tempo Para buscar: 4528
Loja: Casas Bahia
	URL Principal: http://www.casasbahia.com.br/
	URL Busca: http://buscas.casasbahia.com.br/search?w=<BUSCA>
http://buscas.casasbahia.com.br/search?w=Super+Smash+bros+3ds
		Documento Lido
		Resultados: 1
		Nome do Produto: Kit de Proteção Tech Dealer para Nintendo 3DS 10286
			Igorando Pelo Filtro de Nome...
		Nome do Produto: Livro - Contos da Pipa - Grafites Para Colorir: Aprenda a Desenhar Como um Grafiteiro Profissional
			Igorando Pelo Filtro de Nome...
		Nome do Produto: Jogo The Croods: Prehistoric Party! - 3DS
			Igorando Pelo Filtro de Nome...
		Nome do Produto: Jogo Phineas And Ferb: Quest For Cool Stuff - 3DS
			Igorando Pelo Filtro de Nome...
		Nome do Produto: Jogo Young Justice: Legacy - 3DS
			Igorando Pelo Filtro de Nome...
		Nome do Produto: Jogo Disney Magical World - 3DS
			Igorando Pelo Filtro de Nome...
		Nome do Produto: Jogo Mario Golf World Tour - 3DS
			Igorando Pelo Filtro de Nome...
		Nome do Produto: Capa Mega Carry Case Tech Dealer TV para Nintendo 3DS
			Igorando Pelo Filtro de Nome...
		Nome do Produto: Capa Mega Carry Case Tech Dealer Love para Nintendo 3DS
			Igorando Pelo Filtro de Nome...
		Nome do Produto: Jogo Lego O Hobbit - 3DS
			Igorando Pelo Filtro de Nome...
		Nome do Produto: Livro - Autodesk 3ds Max 2012: Essencial
			Igorando Pelo Filtro de Nome...
		Nome do Produto: Jogo Crosswords PLUS - 3DS
			Igorando Pelo Filtro de Nome...
		Nome do Produto: Jogo Dream Trigger 3D - 3DS
			Igorando Pelo Filtro de Nome...
		Nome do Produto: Jogo Spy Hunter - 3DS
			Igorando Pelo Filtro de Nome...
		Nome do Produto: Jogo Freakyforms Deluxe: Your Creations, Alive! - 3DS
			Igorando Pelo Filtro de Nome...
		Nome do Produto: DVD - Liga da Justiça Sem Limites: Forças Unidas
			Igorando Pelo Filtro de Nome...
		Nome do Produto: DVD - Generator Rex: 2ª Temporada - Volume 2 - 2 Discos
			Igorando Pelo Filtro de Nome...
		Nome do Produto: DVD - Coleção Looney Tunes: Aventuras com a Turma Looney Tunes - Volume 2
			Igorando Pelo Filtro de Nome...
		Nome do Produto: DVD - Aventuras com a Turma Looney Tunes - Volume 2
			Igorando Pelo Filtro de Nome...
		Nome do Produto: Jogo Brain Age: Concentration Training - NDS
			Igorando Pelo Filtro de Nome...
	Tempo Para buscar: 1768
Loja: Extra
	URL Principal: http://www.extra.com.br/
	URL Busca: http://buscando.extra.com.br/search?w=<BUSCA>
http://buscando.extra.com.br/search?w=Super+Smash+bros+3ds
		Documento Lido
		Resultados: 12
		Nome do Produto: Jogo Mario & Sonic at the London 2012 Olympic Games - 3DS
			Igorando Pelo Filtro de Nome...
		Nome do Produto: Jogo Super Smash Bros Brawl - Wii
			Igorando Pelo Filtro de Nome...
		Nome do Produto: Jogo Super Monkey Ball 3D - 3DS
			Igorando Pelo Filtro de Nome...
		Nome do Produto: Jogo DreamWorks Super Star Kartz - 3DS
			Igorando Pelo Filtro de Nome...
		Nome do Produto: Jogo Legend Of Zelda: A Link Between World - 3DS
			Igorando Pelo Filtro de Nome...
		Nome do Produto: Jogo Cartoon Network: Punch Time Explosion - 3DS
			Igorando Pelo Filtro de Nome...
		Nome do Produto: Jogo Generator Rex: Agent of Providence - 3DS
			Igorando Pelo Filtro de Nome...
		Nome do Produto: Turbo Super Stunt Squad N3DS
			Igorando Pelo Filtro de Nome...
		Nome do Produto: Jogo Ice Age: Continental Drift Artic Games - 3DS
			Igorando Pelo Filtro de Nome...
		Nome do Produto: Bolsa para Treinamento de Impacto para Golfe SKLZ - Smash Bag
			Igorando Pelo Filtro de Nome...
		Nome do Produto: Kit de Proteção Tech Dealer para Nintendo 3DS 10286
			Igorando Pelo Filtro de Nome...
		Nome do Produto: Livro - Contos da Pipa - Grafites Para Colorir: Aprenda a Desenhar Como um Grafiteiro Profissional
			Igorando Pelo Filtro de Nome...
	Tempo Para buscar: 12537
Loja: Fast Games
	URL Principal: http://www.fastgames.com.br/
	URL Busca: http://www.fastgames.com.br/loja/busca.php?loja=187970&palavra_busca=<BUSCA>
http://www.fastgames.com.br/loja/busca.php?loja=187970&palavra_busca=Super+Smash+bros+3ds
		Documento Lido
		Resultados: 2
		Nome do Produto: Super Monkey Ball 3D - 3DS
			Igorando Pelo Filtro de Nome...
		Nome do Produto: Super Smash Bros. - 3DS
http://www.fastgames.com.br//super-smash-bros-3ds-pr-8689-187970.htm
		Acessando URL do produto.
	Tempo Para buscar: 2746
Loja: Fast Shop
	URL Principal: http://www.fastshop.com.br/loja/
	URL Busca: http://www.fastshop.com.br/webapp/wcs/stores/servlet/SearchDisplay?searchTerm=<BUSCA>&categoryId=&storeId=10151&catalogId=11052&langId=-6&pageSize=9&beginIndex=0&sType=SimpleSearch&resultCatEntryType=2&showResultsPage=true&searchSource=Q&pageView=&hotsite=fastshop
http://www.fastshop.com.br/webapp/wcs/stores/servlet/SearchDisplay?searchTerm=Super+Smash+bros+3ds&categoryId=&storeId=10151&catalogId=11052&langId=-6&pageSize=9&beginIndex=0&sType=SimpleSearch&resultCatEntryType=2&showResultsPage=true&searchSource=Q&pageView=&hotsite=fastshop
		Documento Lido
		Resultados: 0
	Tempo Para buscar: 378
Loja: FNAC
	URL Principal: http://www.fnac.com.br/index.html
	URL Busca: http://busca.fnac.com.br/?busca=<BUSCA>
http://busca.fnac.com.br/?busca=Super+Smash+bros+3ds
		Documento Lido
		Resultados: 21
		Nome do Produto: 3ds Super Smash Bros
http://busca.FNAC.com.br/Busca/Redir?url=http%3a%2f%2fwww.FNAC.com.br%2f3ds-super-smash-bros%2fp%2f669222&esid=669222
		Acessando URL do produto.
	Tempo Para buscar: 2050
Loja: Kabum
	URL Principal: http://www.kabum.com.br/
	URL Busca: http://www.kabum.com.br/cgi-local/site/listagem/listagem.cgi?string=<BUSCA>&btnG=
http://www.kabum.com.br/cgi-local/site/listagem/listagem.cgi?string=Super+Smash+bros+3ds&btnG=
		Documento Lido
		Resultados: 0
	Tempo Para buscar: 300
Loja: Livraria Cultura
	URL Principal: http://www.livrariacultura.com.br/
	URL Busca: http://www.livrariacultura.com.br/busca?N=0&Ntt=<BUSCA>
http://www.livrariacultura.com.br/busca?N=0&Ntt=Super+Smash+bros+3ds
java.net.SocketTimeoutException: connect timed out
	at java.net.DualStackPlainSocketImpl.waitForConnect(Native Method)
	at java.net.DualStackPlainSocketImpl.socketConnect(Unknown Source)
	at java.net.AbstractPlainSocketImpl.doConnect(Unknown Source)
	at java.net.AbstractPlainSocketImpl.connectToAddress(Unknown Source)
	at java.net.AbstractPlainSocketImpl.connect(Unknown Source)
	at java.net.PlainSocketImpl.connect(Unknown Source)
	at java.net.SocksSocketImpl.connect(Unknown Source)
	at java.net.Socket.connect(Unknown Source)
	at sun.net.NetworkClient.doConnect(Unknown Source)
	at sun.net.www.http.HttpClient.openServer(Unknown Source)
	at sun.net.www.http.HttpClient.openServer(Unknown Source)
	at sun.net.www.http.HttpClient.<init>(Unknown Source)
	at sun.net.www.http.HttpClient.New(Unknown Source)
	at sun.net.www.http.HttpClient.New(Unknown Source)
	at sun.net.www.protocol.http.HttpURLConnection.getNewHttpClient(Unknown Source)
	at sun.net.www.protocol.http.HttpURLConnection.plainConnect0(Unknown Source)
	at sun.net.www.protocol.http.HttpURLConnection.plainConnect(Unknown Source)
	at sun.net.www.protocol.http.HttpURLConnection.connect(Unknown Source)
	at org.jsoup.helper.HttpConnection$Response.execute(HttpConnection.java:449)
	at org.jsoup.helper.HttpConnection$Response.execute(HttpConnection.java:434)
	at org.jsoup.helper.HttpConnection.execute(HttpConnection.java:181)
	at org.jsoup.helper.HttpConnection.get(HttpConnection.java:170)
	at comom.Util.readUrlDocument(Util.java:94)
	at interfaces.search.LivrariaCulturaSearch.readResults(LivrariaCulturaSearch.java:94)
	at interfaces.search.LivrariaCulturaSearch.search(LivrariaCulturaSearch.java:30)
	at objects.Shop.searchProduct(Shop.java:33)
	at Main.generateHtlReport(Main.java:88)
	at Main.main(Main.java:59)
Tentando conectar Na Url de outro modo
		Documento Lido
		Resultados: 4
		Nome do Produto: SUPER SMASH BROS. WIIU AND 3DS COLLECTOR'S EDITION
http://www.livrariacultura.com.br/p/super-smash-bros-wiiu-and-3ds-collectors-edition-42745720
java.net.SocketTimeoutException: connect timed out
	at java.net.DualStackPlainSocketImpl.waitForConnect(Native Method)
	at java.net.DualStackPlainSocketImpl.socketConnect(Unknown Source)
	at java.net.AbstractPlainSocketImpl.doConnect(Unknown Source)
	at java.net.AbstractPlainSocketImpl.connectToAddress(Unknown Source)
	at java.net.AbstractPlainSocketImpl.connect(Unknown Source)
	at java.net.PlainSocketImpl.connect(Unknown Source)
	at java.net.SocksSocketImpl.connect(Unknown Source)
	at java.net.Socket.connect(Unknown Source)
	at sun.net.NetworkClient.doConnect(Unknown Source)
	at sun.net.www.http.HttpClient.openServer(Unknown Source)
	at sun.net.www.http.HttpClient.openServer(Unknown Source)
	at sun.net.www.http.HttpClient.<init>(Unknown Source)
	at sun.net.www.http.HttpClient.New(Unknown Source)
	at sun.net.www.http.HttpClient.New(Unknown Source)
	at sun.net.www.protocol.http.HttpURLConnection.getNewHttpClient(Unknown Source)
	at sun.net.www.protocol.http.HttpURLConnection.plainConnect0(Unknown Source)
	at sun.net.www.protocol.http.HttpURLConnection.plainConnect(Unknown Source)
	at sun.net.www.protocol.http.HttpURLConnection.connect(Unknown Source)
	at org.jsoup.helper.HttpConnection$Response.execute(HttpConnection.java:449)
	at org.jsoup.helper.HttpConnection$Response.execute(HttpConnection.java:434)
	at org.jsoup.helper.HttpConnection.execute(HttpConnection.java:181)
	at org.jsoup.helper.HttpConnection.get(HttpConnection.java:170)
	at comom.Util.readUrlDocument(Util.java:94)
	at interfaces.search.LivrariaCulturaSearch.readEachProduct(LivrariaCulturaSearch.java:74)
	at interfaces.search.LivrariaCulturaSearch.search(LivrariaCulturaSearch.java:38)
	at objects.Shop.searchProduct(Shop.java:33)
	at Main.generateHtlReport(Main.java:88)
	at Main.main(Main.java:59)
Tentando conectar Na Url de outro modo
ConnectException - Tentando novamente[0]: http://www.livrariacultura.com.br/p/super-smash-bros-wiiu-and-3ds-collectors-edition-42745720
		Acessando URL do produto.
		Nome do Produto: SUPER SMASH BROS. 84 SUCCESS SECRETS - 84 MOST
			Igorando Pelo Filtro de Nome...
		Nome do Produto: WII U 93 SUCCESS SECRETS - 93 MOST ASKED
			Igorando Pelo Filtro de Nome...
		Nome do Produto: SUPER SMASH BROS (3DS)
http://www.livrariacultura.com.br/p/super-smash-bros-3ds-37022259
		Acessando URL do produto.
	Tempo Para buscar: 75050
Loja: Magazine Luiza
	URL Principal: http://www.magazineluiza.com.br/
	URL Busca: http://www.magazineluiza.com.br/busca/<BUSCA>/
http://www.magazineluiza.com.br/busca/Super+Smash+bros+3ds/
		Documento Lido
		Resultados: 1
		Nome do Produto: Super Smash Bros para Nintendo 3DS - Nintendo
http://www.magazineluiza.com.br//super-smash-bros-para-nintendo-3ds-nintendo/p/0869679/ga/gjds/?_b=Super+Smash+bros+3ds
		Acessando URL do produto.
	Tempo Para buscar: 579
Loja: Mula Games
	URL Principal: http://www.mulagames.com.br/
	URL Busca: http://www.mulagames.com.br/produtos-index/catalogo_produtos/-/-/<BUSCA>/-/-/-/-/-/
http://www.mulagames.com.br/produtos-index/catalogo_produtos/-/-/Super%20Smash%20bros%203ds/-/-/-/-/-/
		Documento Lido
		Resultados: 1
		Nome do Produto: Super Smash Bros. for Nintendo 3DS - 3DS
http://www.mulagames.com.br/Super-Smash-Bros--for-Nintendo-3DS-3DS/prod-2385543/
		Acessando URL do produto.
http://www.mulagames.com.br/produto-ajax_retorna_dados_preco_comprar/2385543
		Acessando URL do preço produto.
	Tempo Para buscar: 1790
Loja: Net Shoes
	URL Principal: http://www.netshoes.com.br/
	URL Busca: http://www.netshoes.com.br/search?Ntt=<BUSCA>
http://www.netshoes.com.br/search?Ntt=Super+Smash+bros+3ds
		Documento Lido
		Resultados: 60
		Nome do Produto: Super Whey Reforce 907 g Body Size - IntegralMédica
			Igorando Pelo Filtro de Nome...
		Nome do Produto: Super Whey Reforce 907 g Body Size - IntegralMédica
			Igorando Pelo Filtro de Nome...
		Nome do Produto: Super Whey Reforce 907 g Body Size - IntegralMédica
			Igorando Pelo Filtro de Nome...
		Nome do Produto: Super Whey Reforce 907 g Body Size - IntegralMédica
			Igorando Pelo Filtro de Nome...
		Nome do Produto: Super Whey Reforce 907 g Body Size - IntegralMédica
			Igorando Pelo Filtro de Nome...
		Nome do Produto: Chuteira Joma Super Regate Futsal
			Igorando Pelo Filtro de Nome...
		Nome do Produto: Chuteira Joma Super Regate Futsal
			Igorando Pelo Filtro de Nome...
		Nome do Produto: Tênis Asics Gel Super J33
			Igorando Pelo Filtro de Nome...
		Nome do Produto: Super Whey 5W 907 g Body Size - IntegralMédica
			Igorando Pelo Filtro de Nome...
		Nome do Produto: Super Whey 5W 2,3 kg Body Size - IntegralMédica
			Igorando Pelo Filtro de Nome...
		Nome do Produto: Super Whey 5W 907 g Body Size - IntegralMédica
			Igorando Pelo Filtro de Nome...
		Nome do Produto: Camiseta Adidas Super Logo
			Igorando Pelo Filtro de Nome...
		Nome do Produto: Super Whey 5W 2,3 kg Body Size - IntegralMédica
			Igorando Pelo Filtro de Nome...
		Nome do Produto: Super Whey 5W 907 g Body Size - IntegralMédica
			Igorando Pelo Filtro de Nome...
		Nome do Produto: Super Whey 5W 2,3 kg Body Size - IntegralMédica
			Igorando Pelo Filtro de Nome...
		Nome do Produto: Super Whey 3W - 907 g Body Size - IntegralMédica
			Igorando Pelo Filtro de Nome...
		Nome do Produto: Chuteira Joma Super Regate Futsal
			Igorando Pelo Filtro de Nome...
		Nome do Produto: Pochete Fuel Belt Super-Stretch
			Igorando Pelo Filtro de Nome...
		Nome do Produto: Super Whey 100% Pure 907 g Body Size - IntegralMédica
			Igorando Pelo Filtro de Nome...
		Nome do Produto: Tênis Asics Gel Super J33
			Igorando Pelo Filtro de Nome...
		Nome do Produto: Super Fight Creatina 1,4 kg - Midway
			Igorando Pelo Filtro de Nome...
		Nome do Produto: Super Charge Xtreme 800 g - Labrada Nutrition
			Igorando Pelo Filtro de Nome...
		Nome do Produto: Camiseta Adidas Super Logo
			Igorando Pelo Filtro de Nome...
		Nome do Produto: Super Charge Xtreme 800 g - Labrada Nutrition
			Igorando Pelo Filtro de Nome...
		Nome do Produto: Camiseta Adidas Super Logo
			Igorando Pelo Filtro de Nome...
		Nome do Produto: Camiseta Adidas Super Logo
			Igorando Pelo Filtro de Nome...
		Nome do Produto: Tênis Adidas Tech Super CF Infantil
			Igorando Pelo Filtro de Nome...
		Nome do Produto: Aparelho Abdominal Sport e Camping Super Star c/ Colchonete
			Igorando Pelo Filtro de Nome...
		Nome do Produto: Super Charge Xtreme 800 g - Labrada Nutrition
			Igorando Pelo Filtro de Nome...
		Nome do Produto: Camiseta Adidas Super Logo
			Igorando Pelo Filtro de Nome...
		Nome do Produto: Tênis Nike Jordan Super Fly 3
			Igorando Pelo Filtro de Nome...
		Nome do Produto: Tênis Asics Gel Super J33
			Igorando Pelo Filtro de Nome...
		Nome do Produto: Jaqueta Vasco Super
			Igorando Pelo Filtro de Nome...
		Nome do Produto: Tênis Skechers Super Steps Infantil
			Igorando Pelo Filtro de Nome...
		Nome do Produto: Jogo Tetris Axis Nintendo 3DS
			Igorando Pelo Filtro de Nome...
		Nome do Produto: Tênis Adidas Tech Super EF
			Igorando Pelo Filtro de Nome...
		Nome do Produto: Tênis Asics Gel Super J33
			Igorando Pelo Filtro de Nome...
		Nome do Produto: Shape Cisco Super Leve 8,26 x 31,50
			Igorando Pelo Filtro de Nome...
		Nome do Produto: Tênis Puma Super Liga OG Retro
			Igorando Pelo Filtro de Nome...
		Nome do Produto: Camisa Super Bolla Atlético Goianiense II 14/15 s/n°
			Igorando Pelo Filtro de Nome...
		Nome do Produto: Camisa Super Bolla Atlético Goianiense I 14/15 s/n°
			Igorando Pelo Filtro de Nome...
		Nome do Produto: Shape Cisco Super Leve 7,87 x 31,50
			Igorando Pelo Filtro de Nome...
		Nome do Produto: Super Whey 3W - 907 g Body Size - IntegralMédica
			Igorando Pelo Filtro de Nome...
		Nome do Produto: Tênis Adidas Tech Super Modern EF
			Igorando Pelo Filtro de Nome...
		Nome do Produto: Camisa Feminina Super Bolla Confiança I 2013 nº 10
			Igorando Pelo Filtro de Nome...
		Nome do Produto: Jogo Mario Tennis Open 3DS
			Igorando Pelo Filtro de Nome...
		Nome do Produto: Jogo Pilotwings Resort Nintendo 3DS
			Igorando Pelo Filtro de Nome...
		Nome do Produto: Camisa Super Bolla Moto Club I 14/15 s/n°
			Igorando Pelo Filtro de Nome...
		Nome do Produto: Tênis Asics Gel Super J33
			Igorando Pelo Filtro de Nome...
		Nome do Produto: Jogo Nintendogs + Cats: Golden Retriever Nintendo 3DS
			Igorando Pelo Filtro de Nome...
		Nome do Produto: Camisa Super Bolla Rio Claro II 2013 nº 10
			Igorando Pelo Filtro de Nome...
		Nome do Produto: Camisa Super Bolla Palmas I 2013 nº 10
			Igorando Pelo Filtro de Nome...
		Nome do Produto: Camisa Super Bolla Uberlandia II 2013 nº 10
			Igorando Pelo Filtro de Nome...
		Nome do Produto: Super Albumin 500 g - Probiótica
			Igorando Pelo Filtro de Nome...
		Nome do Produto: Camisa Feminina Super Bolla Confiança II 2013 nº 10
			Igorando Pelo Filtro de Nome...
		Nome do Produto: Camisa Super Bolla Paragominas II 2013 nº 10
			Igorando Pelo Filtro de Nome...
		Nome do Produto: Camisa Super Bolla Gama II 2013 nº 10
			Igorando Pelo Filtro de Nome...
		Nome do Produto: Tênis Puma Super Liga OG Retro
			Igorando Pelo Filtro de Nome...
		Nome do Produto: Super Albumin 500 g - Probiótica
			Igorando Pelo Filtro de Nome...
		Nome do Produto: Camisa Super Bolla Crac II 2013 nº 10
			Igorando Pelo Filtro de Nome...
	Tempo Para buscar: 372
Loja: Ponto Frio
	URL Principal: http://www.pontofrio.com.br/
	URL Busca: http://search.pontofrio.com.br/search?w=<BUSCA>
http://search.pontofrio.com.br/search?w=Super+Smash+bros+3ds
		Documento Lido
		Resultados: 1
		Nome do Produto: Jogo LEGO Batman 3: Beyond Gotham - 3DS
			Igorando Pelo Filtro de Nome...
		Nome do Produto: Kit de Proteção Tech Dealer para Nintendo 3DS 10286
			Igorando Pelo Filtro de Nome...
		Nome do Produto: Livro - Contos da Pipa - Grafites Para Colorir: Aprenda a Desenhar Como um Grafiteiro Profissional
			Igorando Pelo Filtro de Nome...
		Nome do Produto: Jogo The Croods: Prehistoric Party! - 3DS
			Igorando Pelo Filtro de Nome...
		Nome do Produto: Jogo Phineas And Ferb: Quest For Cool Stuff - 3DS
			Igorando Pelo Filtro de Nome...
		Nome do Produto: Jogo Young Justice: Legacy - 3DS
			Igorando Pelo Filtro de Nome...
		Nome do Produto: Jogo Disney Magical World - 3DS
			Igorando Pelo Filtro de Nome...
		Nome do Produto: Jogo Mario Golf World Tour - 3DS
			Igorando Pelo Filtro de Nome...
		Nome do Produto: Jogo The Amazing Spider Man 2 - 3DS
			Igorando Pelo Filtro de Nome...
		Nome do Produto: Capa Mega Carry Case Tech Dealer TV para Nintendo 3DS
			Igorando Pelo Filtro de Nome...
		Nome do Produto: Capa Mega Carry Case Tech Dealer Love para Nintendo 3DS
			Igorando Pelo Filtro de Nome...
		Nome do Produto: Jogo Lego O Hobbit - 3DS
			Igorando Pelo Filtro de Nome...
		Nome do Produto: Jogo Professor Layton vs. Phoenix Wright: Ace Attorney - 3DS
			Igorando Pelo Filtro de Nome...
		Nome do Produto: Livro - Autodesk 3ds Max 2012: Essencial
			Igorando Pelo Filtro de Nome...
		Nome do Produto: Jogo Crosswords PLUS - 3DS
			Igorando Pelo Filtro de Nome...
		Nome do Produto: Jogo Dream Trigger 3D - 3DS
			Igorando Pelo Filtro de Nome...
		Nome do Produto: Jogo Spy Hunter - 3DS
			Igorando Pelo Filtro de Nome...
		Nome do Produto: Jogo Freakyforms Deluxe: Your Creations, Alive! - 3DS
			Igorando Pelo Filtro de Nome...
		Nome do Produto: DVD - Liga da Justiça Sem Limites: Forças Unidas
			Igorando Pelo Filtro de Nome...
		Nome do Produto: DVD - Generator Rex: 2ª Temporada - Volume 2 - 2 Discos
			Igorando Pelo Filtro de Nome...
		Nome do Produto: Jogo LEGO Batman 3: Beyond Gotham - 3DS
			Igorando Pelo Filtro de Nome...
		Nome do Produto: Kit de Proteção Tech Dealer para Nintendo 3DS 10286
			Igorando Pelo Filtro de Nome...
		Nome do Produto: Livro - Contos da Pipa - Grafites Para Colorir: Aprenda a Desenhar Como um Grafiteiro Profissional
			Igorando Pelo Filtro de Nome...
		Nome do Produto: Jogo The Croods: Prehistoric Party! - 3DS
			Igorando Pelo Filtro de Nome...
		Nome do Produto: Jogo Phineas And Ferb: Quest For Cool Stuff - 3DS
			Igorando Pelo Filtro de Nome...
		Nome do Produto: Jogo Young Justice: Legacy - 3DS
			Igorando Pelo Filtro de Nome...
		Nome do Produto: Jogo Disney Magical World - 3DS
			Igorando Pelo Filtro de Nome...
		Nome do Produto: Jogo Mario Golf World Tour - 3DS
			Igorando Pelo Filtro de Nome...
		Nome do Produto: Jogo The Amazing Spider Man 2 - 3DS
			Igorando Pelo Filtro de Nome...
		Nome do Produto: Capa Mega Carry Case Tech Dealer TV para Nintendo 3DS
			Igorando Pelo Filtro de Nome...
		Nome do Produto: Capa Mega Carry Case Tech Dealer Love para Nintendo 3DS
			Igorando Pelo Filtro de Nome...
		Nome do Produto: Jogo Lego O Hobbit - 3DS
			Igorando Pelo Filtro de Nome...
		Nome do Produto: Jogo Professor Layton vs. Phoenix Wright: Ace Attorney - 3DS
			Igorando Pelo Filtro de Nome...
		Nome do Produto: Livro - Autodesk 3ds Max 2012: Essencial
			Igorando Pelo Filtro de Nome...
		Nome do Produto: Jogo Crosswords PLUS - 3DS
			Igorando Pelo Filtro de Nome...
		Nome do Produto: Jogo Dream Trigger 3D - 3DS
			Igorando Pelo Filtro de Nome...
		Nome do Produto: Jogo Spy Hunter - 3DS
			Igorando Pelo Filtro de Nome...
		Nome do Produto: Jogo Freakyforms Deluxe: Your Creations, Alive! - 3DS
			Igorando Pelo Filtro de Nome...
		Nome do Produto: DVD - Liga da Justiça Sem Limites: Forças Unidas
			Igorando Pelo Filtro de Nome...
		Nome do Produto: DVD - Generator Rex: 2ª Temporada - Volume 2 - 2 Discos
			Igorando Pelo Filtro de Nome...
	Tempo Para buscar: 1503
Loja: Ricardo Eletro
	URL Principal: http://www.ricardoeletro.com.br/
	URL Busca: http://www.ricardoeletro.com.br/Busca/Resultado/?q=<BUSCA>
http://www.ricardoeletro.com.br/Busca/Resultado/?q=Super+Smash+bros+3ds
		Documento Lido
		Resultados: 12
		Nome do Produto: Jogo Super Smash Bros. para Nintendo Wii U (NWiiU)
			Igorando Pelo Filtro de Nome...
		Nome do Produto: Jogo Pokémon: Alpha Sapphire para Nintendo 3DS (N3DS)
			Igorando Pelo Filtro de Nome...
		Nome do Produto: Jogo Pokémon: Omega Ruby para Nintendo 3DS (N3DS)
			Igorando Pelo Filtro de Nome...
		Nome do Produto: Aspirador de Pó Super Cyclone 1200W sem Saco para Pó e Filtro Hepa SUPER - Electrolux
			Igorando Pelo Filtro de Nome...
		Nome do Produto: Mop Twist Super Absorvente com Prático Sistema de Auto-Torção " Sem Sujar as Mãos" e Regulagem de Altura Microfibra Super Clean - Brinox
			Igorando Pelo Filtro de Nome...
		Nome do Produto: Jogo The Legend of Zelda: A Link Between Worlds para Nintendo 3DS (N3DS)
			Igorando Pelo Filtro de Nome...
		Nome do Produto: Playstation 3 "Super Slim" com 250GB HD + 01 Controle Dualshock 3 + 02 Super Jogos!
			Igorando Pelo Filtro de Nome...
		Nome do Produto: Refil para Mop Pó Super Absorvente para Limpar e Lustrar Microfibra Super Clean - Brinox
			Igorando Pelo Filtro de Nome...
		Nome do Produto: Super Massa Super Mochilinha - Estrela
			Igorando Pelo Filtro de Nome...
		Nome do Produto: Refil para Mop Úmido Super Absorvente para Limpar, Lustrar e lavar Microfibra Super Clean - Brinox
			Igorando Pelo Filtro de Nome...
		Nome do Produto: Jogo LEGO: Batman 3 - Beyond Gotham - para Nintendo 3DS (N3DS)
			Igorando Pelo Filtro de Nome...
		Nome do Produto: Gloss Revlon Super Lustrous Super Natural
			Igorando Pelo Filtro de Nome...
	Tempo Para buscar: 1132
Loja: RiHappy
	URL Principal: http://www.rihappy.com.br/
	URL Busca: http://www.rihappy.com.br/<BUSCA>
http://www.rihappy.com.br/Super%20Smash%20bros%203ds
		Documento Lido
		Resultados: 18
		Nome do Produto: Jogo Nintendo 3DS - Super Smash Bros - Jogos
http://www.rihappy.com.br/jogo-nintendo-3ds-super-smash-bros-5027197/p
		Acessando URL do produto.
		Nome do Produto: Jogo Nintendo Wii U - Super Smach Bros - Jogos
			Igorando Pelo Filtro de Nome...
		Nome do Produto: Jogo Nintendo Wii U - New Super Mario Bros U - Jogos
			Igorando Pelo Filtro de Nome...
		Nome do Produto: Super Kit de Mergulho Play Aventura - Amarelo - Intex - Acessórios
			Igorando Pelo Filtro de Nome...
		Nome do Produto: Super Massa Diversão com a Peppa Pig - Estrela - Massa de Modelar
			Igorando Pelo Filtro de Nome...
		Nome do Produto: Super Massa Peppa e Amigos - Estrela - Massa de Modelar
			Igorando Pelo Filtro de Nome...
		Nome do Produto: Super Massa Dinossauros - Estrela - Massas de Modelar
			Igorando Pelo Filtro de Nome...
		Nome do Produto: Super Jogo da Vida - Estrela - Jogos de Tabuleiro
			Igorando Pelo Filtro de Nome...
		Nome do Produto: Super Massa Carimbo da Peppa Pig - Peppa - Estrela - Massa de Modelar
			Igorando Pelo Filtro de Nome...
		Nome do Produto: Super Autorama - DMX Racer Amarelo e Branco - Estrela - Autoramas
			Igorando Pelo Filtro de Nome...
		Nome do Produto: Super Massa Carimbo da Peppa Pig - Papai - Estrela - Massa de Modelar
			Igorando Pelo Filtro de Nome...
		Nome do Produto: Super Basquete - Bob Esponja - DTC - Clássicos
			Igorando Pelo Filtro de Nome...
		Nome do Produto: Super Pincéis Color Wonder - 5 Canetas - Crayola - Pinturas
			Igorando Pelo Filtro de Nome...
		Nome do Produto: Super Trunfo - Palmeiras - Grow - Jogos de Cartas
			Igorando Pelo Filtro de Nome...
		Nome do Produto: Super Trunfo - Países - Grow - Jogos de Cartas
			Igorando Pelo Filtro de Nome...
		Nome do Produto: Super Trunfo - Especial Cães de Raça - Grow - Jogos de Cartas
			Igorando Pelo Filtro de Nome...
		Nome do Produto: Super Pista com Carrinho - Avengers Assemble Marvel - Thor - Toyng - Pistas de Percursos
			Igorando Pelo Filtro de Nome...
		Nome do Produto: Super Trunfo - Disney Pixar - Grow - Jogos de Cartas
			Igorando Pelo Filtro de Nome...
	Tempo Para buscar: 3133
Loja: Saraiva
	URL Principal: http://www.saraiva.com.br/
	URL Busca: http://busca.saraiva.com.br/search?w=<BUSCA>&PAC_ID=129457&ts=ajax
http://busca.saraiva.com.br/search?w=Super+Smash+bros+3ds&PAC_ID=129457&ts=ajax
		Documento Lido
		Resultados: 30
		Nome do Produto: Super Mario Bros Luigi - Nendoroid
			Igorando Pelo Filtro de Nome...
		Nome do Produto: Super Mario Bros - S. H. Figuarts
			Igorando Pelo Filtro de Nome...
		Nome do Produto: Smash Pop Hits 2002
			Igorando Pelo Filtro de Nome...
		Nome do Produto: Super Mario 3D Land - 3ds
			Igorando Pelo Filtro de Nome...
		Nome do Produto: Super Monkey Ball 3D - 3ds
			Igorando Pelo Filtro de Nome...
		Nome do Produto: Super Artistas
			Igorando Pelo Filtro de Nome...
		Nome do Produto: Smash Smash Truck
			Igorando Pelo Filtro de Nome...
		Nome do Produto: Super
			Igorando Pelo Filtro de Nome...
		Nome do Produto: Super
			Igorando Pelo Filtro de Nome...
		Nome do Produto: Smash Hits
			Igorando Pelo Filtro de Nome...
		Nome do Produto: Smash 137
			Igorando Pelo Filtro de Nome...
		Nome do Produto: Smash 137
			Igorando Pelo Filtro de Nome...
		Nome do Produto: Smash Cut
			Igorando Pelo Filtro de Nome...
		Nome do Produto: Smash the Church, Smash the State!
			Igorando Pelo Filtro de Nome...
		Nome do Produto: Smasher
			Igorando Pelo Filtro de Nome...
		Nome do Produto: Michael Jackson Smash Hits!
			Igorando Pelo Filtro de Nome...
		Nome do Produto: Smash ! Crash !
			Igorando Pelo Filtro de Nome...
		Nome do Produto: Fat Smash Diet
			Igorando Pelo Filtro de Nome...
		Nome do Produto: Smash Hits-jeux En Anglais
			Igorando Pelo Filtro de Nome...
		Nome do Produto: Neutrino Smash For Zen
			Igorando Pelo Filtro de Nome...
		Nome do Produto: Super Bebes/Super Babies
			Igorando Pelo Filtro de Nome...
		Nome do Produto: Marx Bros - Movie Icons
			Igorando Pelo Filtro de Nome...
		Nome do Produto: Jimi Hendrix - Smash Hits
			Igorando Pelo Filtro de Nome...
		Nome do Produto: A Meninas Super Poderosas - Lindinha de Óculos
			Igorando Pelo Filtro de Nome...
		Nome do Produto: Super Somma
			Igorando Pelo Filtro de Nome...
		Nome do Produto: Super Z
			Igorando Pelo Filtro de Nome...
		Nome do Produto: Super Zack
			Igorando Pelo Filtro de Nome...
		Nome do Produto: Super QI
			Igorando Pelo Filtro de Nome...
		Nome do Produto: Super Grains
			Igorando Pelo Filtro de Nome...
		Nome do Produto: Super Stocks
			Igorando Pelo Filtro de Nome...
	Tempo Para buscar: 4755
Loja: Shop Facil
	URL Principal: http://ww2.shopfacil.com.br/
	URL Busca: http://ww2.shopfacil.com.br/<BUSCA>
http://ww2.shopfacil.com.br/Super%20Smash%20bros%203ds
		Documento Lido
		Resultados: 15
		Nome do Produto: Jogo Nintendo 3DS - Super Smash Bros
http://ww2.shopfacil.com.br/jogo-nintendo-3ds---super-smash-bros-2181692/p
		Acessando URL do produto.
		Nome do Produto: DVD - Super Mario Bros
			Igorando Pelo Filtro de Nome...
		Nome do Produto: Corda Kirschbaum Super Smash 1.275
			Igorando Pelo Filtro de Nome...
		Nome do Produto: Jogo Nintendo Wii U - Super Smach Bros
			Igorando Pelo Filtro de Nome...
		Nome do Produto: Jogo Nintendo Wii U - New Super Mario Bros U
			Igorando Pelo Filtro de Nome...
		Nome do Produto: Jogo 3DS Phineas And Ferb: Quest For Cool Stuff
			Igorando Pelo Filtro de Nome...
		Nome do Produto: Porta 3DS em Formato de Bolsa com Personagens Princesas Disney Cinderela
			Igorando Pelo Filtro de Nome...
		Nome do Produto: Porta 3DS em Formato de Bolsa com Personagens Princesas Disney
			Igorando Pelo Filtro de Nome...
		Nome do Produto: Porta 3DS em Formato Bolsa com Personagens Princesas Fadas
			Igorando Pelo Filtro de Nome...
		Nome do Produto: Jogo Crosswords PLUS - 3DS
			Igorando Pelo Filtro de Nome...
		Nome do Produto: Jogo: Lego Friends - 3DS
			Igorando Pelo Filtro de Nome...
		Nome do Produto: Jogo Spy Hunter - 3DS
			Igorando Pelo Filtro de Nome...
		Nome do Produto: DVD - Smash 2° Temporada
			Igorando Pelo Filtro de Nome...
		Nome do Produto: Super Dicer Processador de Alimentos Multifuncional 15 peças - UD+
			Igorando Pelo Filtro de Nome...
		Nome do Produto: Super Estacionamento Bburago Ferrari - Race and Play
			Igorando Pelo Filtro de Nome...
	Tempo Para buscar: 2913
Loja: Shop Time
	URL Principal: http://www.shoptime.com.br/
	URL Busca: http://busca.shoptime.com.br/busca.php?q=<BUSCA>
http://busca.shoptime.com.br/busca.php?q=Super+Smash+bros+3ds
		Documento Lido
		Resultados: 1
		Nome do Produto: Game - Super Smash Bros. - Nintendo 3DS
http://busca.shoptime.com.br/produto.php?link=http://www.shoptime.com.br/produto/120743861/game-super-smash-bros.-nintendo-3ds&ranking=1&sessao=U0810Z7SVGGW7&idbusca=a3a86af3ea62b5a6103a13ffff512914dd943276&idproduto=120743861
		Acessando URL do produto.
	Tempo Para buscar: 1965
Loja: ShopB
	URL Principal: http://www.shopb.com.br/
	URL Busca: http://busca.shopb.com.br/?busca=<BUSCA>
http://busca.shopb.com.br/?busca=Super+Smash+bros+3ds
		Documento Lido
		Resultados: 31
		Nome do Produto: Super Smash Bros. - 3DS
http://shopb.ecommercesearch.com.br/Busca/Redir?url=http%3a%2f%2fwww.shopb.com.br%2fecommerce_site%2findex.php%3fpg%3dproduto%26cdg%3d4488%26idp%3d38423%26idparceiro%3dp1&esid=38423
		Acessando URL do produto.
		Nome do Produto: Batman Arkham Origins: BlackGate - 3DS
			Igorando Pelo Filtro de Nome...
		Nome do Produto: Beyblade Evolution - 3DS
			Igorando Pelo Filtro de Nome...
		Nome do Produto: Bravely Default - 3DS
			Igorando Pelo Filtro de Nome...
		Nome do Produto: Captain America: Super Soldier - PS3
			Igorando Pelo Filtro de Nome...
		Nome do Produto: Cars 2 - 3DS
			Igorando Pelo Filtro de Nome...
		Nome do Produto: Cartão Nintendo 3DS / Wii U Shop (Cash Card) $20 - USA
			Igorando Pelo Filtro de Nome...
		Nome do Produto: Cartão Nintendo 3DS / Wii U Shop (Cash Card) $35 - USA
			Igorando Pelo Filtro de Nome...
		Nome do Produto: Cartão Nintendo 3DS / Wii U Shop (Cash Card) $50 - USA
			Igorando Pelo Filtro de Nome...
		Nome do Produto: Castlevania: Lords of Shadow Mirror of Fate - 3DS
			Igorando Pelo Filtro de Nome...
		Nome do Produto: Console FC Twin 8-16 Bits NES / SNES 2 em 1 - Gameware
			Igorando Pelo Filtro de Nome...
		Nome do Produto: Console Playstation 3 Super Slim - 12GB
			Igorando Pelo Filtro de Nome...
		Nome do Produto: Console Tri-System NES / SNES / Genesis 3 em 1 - Hyperkin
			Igorando Pelo Filtro de Nome...
		Nome do Produto: Controle Gamecube c/ Fio Preto: Edição Super Smash Bros. - Wii U
			Igorando Pelo Filtro de Nome...
		Nome do Produto: Cut the Hope: Triple Treat - 3DS
			Igorando Pelo Filtro de Nome...
		Nome do Produto: Fire Emblem: Awakening - 3DS
			Igorando Pelo Filtro de Nome...
		Nome do Produto: Fonte Fujitsu Siemens Amilo A1645 L1310G L7300 L7320 Li1705 M1451G
			Igorando Pelo Filtro de Nome...
		Nome do Produto: Fonte Fujitsu Siemens Amilo K7600 K7610 Si1520
			Igorando Pelo Filtro de Nome...
		Nome do Produto: Fonte Fujitsu Siemens Amilo PI1502 PI1505 SI1520 1451G LI 2727 PRO V3515
			Igorando Pelo Filtro de Nome...
		Nome do Produto: Fonte Fujitsu Siemens Biblo B110 B112 B142 B172
			Igorando Pelo Filtro de Nome...
		Nome do Produto: Fonte Fujitsu Siemens Esprimo V5535
			Igorando Pelo Filtro de Nome...
		Nome do Produto: Fonte Fujitsu Siemens LifeBook 200 270 280 3700 400 420 435 470
			Igorando Pelo Filtro de Nome...
		Nome do Produto: Fonte Fujitsu Siemens LifeBook 500 520 529 530 535 555 556 565 585
			Igorando Pelo Filtro de Nome...
		Nome do Produto: Fonte Fujitsu Siemens LifeBook 600 635 655 665 675 690 695
			Igorando Pelo Filtro de Nome...
		Nome do Produto: Fonte Fujitsu Siemens LifeBook 735 755 756 765 770 780 785 790
			Igorando Pelo Filtro de Nome...
		Nome do Produto: Fonte Fujitsu Siemens LifeBook 985 990 A4170 B100 B112 B142 B4547
			Igorando Pelo Filtro de Nome...
		Nome do Produto: Fonte Fujitsu Siemens LifeBook B2000 B3000 B5000 B6000
			Igorando Pelo Filtro de Nome...
		Nome do Produto: Fonte Fujitsu Siemens Lifebook A4170 A4177 A4178 A4187 A4190
			Igorando Pelo Filtro de Nome...
		Nome do Produto: Fonte Fujitsu Siemens Lifebook C20 C300 C4000 C5000 C6000 C7000
			Igorando Pelo Filtro de Nome...
		Nome do Produto: Fonte Fujitsu Siemens Lifebook E300 E5000 E6000 I4120 I4170 I4177
			Igorando Pelo Filtro de Nome...
		Nome do Produto: Fonte Fujitsu Siemens Lifebook I4178 I4187 I4190 L440 L460 L470
			Igorando Pelo Filtro de Nome...
	Tempo Para buscar: 2322
Loja: Submarino
	URL Principal: http://www.submarino.com.br/
	URL Busca: http://busca.submarino.com.br/busca.php?q=<BUSCA>
http://busca.submarino.com.br/busca.php?q=Super+Smash+bros+3ds
		Documento Lido
		Resultados: 1
		Nome do Produto: Game - Super Smash Bros. - Nintendo 3DS
http://busca.submarino.com.br/produto.php?link=http://www.submarino.com.br/produto/120743861/game-super-smash-bros.-nintendo-3ds&ranking=1&sessao=U08114BK54GS7&idbusca=41bf3f5ec0cdc243654c9d11cdb08c066caf681c&idproduto=120743861
		Acessando URL do produto.
	Tempo Para buscar: 1425
Loja: Walmart
	URL Principal: http://www.walmart.com.br/
	URL Busca: http://www.walmart.com.br/busca/?ft=<BUSCA>&PS=20
http://www.walmart.com.br/busca/?ft=Super+Smash+bros+3ds&PS=20
		Documento Lido
		Resultados: 1
		Nome do Produto: Jogo Super Smash Bros para Nintendo 3DS
http://www.walmart.com.br//produto/Games/Jogos-para-Nintendo-3DS/Nintendo/481084-jogo-super-smash-bros-para-nintendo-3ds
		Acessando URL do produto.
	Tempo Para buscar: 2299

File copied from D:\WorkSpaces\workspace estudo\lookforprices\resources\imports\css.css to D:\WorkSpaces\workspace estudo\lookforprices\reports\2015-01-20 23\css.css
File copied from D:\WorkSpaces\workspace estudo\lookforprices\resources\imports\jquery.js to D:\WorkSpaces\workspace estudo\lookforprices\reports\2015-01-20 23\jquery.js
File copied from D:\WorkSpaces\workspace estudo\lookforprices\resources\imports\scripts.js to D:\WorkSpaces\workspace estudo\lookforprices\reports\2015-01-20 23\scripts.js
Tempo total de execução: 125801
