Game: Tales of the Abyss
Loja: Nintendo eShop
	URL Principal: http://www.nintendo.com/3ds/eshop
	URL Busca: http://www.nintendo.com/json/content/get/game/filter?&&&&qterm=<BUSCA>
NintendoEShopSearch.search() http://www.nintendo.com/json/content/get/game/filter?&&&&qterm=Tales+of+the+Abyss
		Documento Lido
		Resultados: 1
		Nome do Produto: Tales of the Abyss 3D
http://www.nintendo.com/games/detail/niNrF_lkjdpqpVSGymAhE0LYJGhbp7mb
		Acessando URL do produto.
URL = http://www.nintendo.com/games/detail/niNrF_lkjdpqpVSGymAhE0LYJGhbp7mb
	Tempo Para buscar: 1264
Loja: Americanas
	URL Principal: http://www.americanas.com.br/
	URL Busca: http://busca.americanas.com.br/busca.php?q=<BUSCA>
http://busca.americanas.com.br/busca.php?q=Tales+of+the+Abyss
		Documento Lido
		Resultados: 30
		Nome do Produto: Game - Tales of Symphonia Chronicles - PS3
			Igorando Pelo Filtro de Nome...
		Nome do Produto: Game Tales Of Xillia - PS3
			Igorando Pelo Filtro de Nome...
		Nome do Produto: Rack com Painel Tales 4 Prateleira e 2 Portas Cinza Gris/Preto - Madetec
			Igorando Pelo Filtro de Nome...
		Nome do Produto: Tales Of Xillia - Ps3
			Igorando Pelo Filtro de Nome...
		Nome do Produto: Games - Tales of Xillia 2 - PS3
			Igorando Pelo Filtro de Nome...
		Nome do Produto: Mural Fairy Tales
			Igorando Pelo Filtro de Nome...
		Nome do Produto: CD - Josef Tal: Symphonyes 4-6
			Igorando Pelo Filtro de Nome...
		Nome do Produto: Rack com Painel Tales 4 Prateleira e 2 Portas Doral/Preto - Madetec
			Igorando Pelo Filtro de Nome...
		Nome do Produto: DVD - Coleção Gilmore Girls: Tal Mãe,Tal Filha - 1ª Temporada Completa (6 Discos)
			Igorando Pelo Filtro de Nome...
		Nome do Produto: Taste Other Tales Co 5
			Igorando Pelo Filtro de Nome...
		Nome do Produto: Canterbury Tales 3 Cl
			Igorando Pelo Filtro de Nome...
		Nome do Produto: Livro - Book Of Lost Tales 1
			Igorando Pelo Filtro de Nome...
		Nome do Produto: Livro - Essa Tal de Depressão
			Igorando Pelo Filtro de Nome...
		Nome do Produto: More Tales From Shakespeare 5 Pack Cd Plpr Mp3 1e
			Igorando Pelo Filtro de Nome...
		Nome do Produto: CD Sian Edwards - Roxanna Panufnik: Beastly Tales (Importado)
			Igorando Pelo Filtro de Nome...
		Nome do Produto: Livro - Mini Becky Bloom: Tal Mãe Tal Filha - Edição Econômica
			Igorando Pelo Filtro de Nome...
		Nome do Produto: Livro - The Complete Tales And Poems Of Edgar Allan Poe
			Igorando Pelo Filtro de Nome...
		Nome do Produto: Blu Ray Vovo....Zona 3 - Tal Pai Tal Filho
			Igorando Pelo Filtro de Nome...
		Nome do Produto: Adoçante tal e qual com 66 gramas
			Igorando Pelo Filtro de Nome...
		Nome do Produto: Livro - Bicho De Artista
			Igorando Pelo Filtro de Nome...
		Nome do Produto: Música do Tempo Infinito
			Igorando Pelo Filtro de Nome...
		Nome do Produto: Livro - Retrato Da Arte Moderna
			Igorando Pelo Filtro de Nome...
		Nome do Produto: CD Fulanos de Tal - Fulanos de Tal
			Igorando Pelo Filtro de Nome...
		Nome do Produto: Livro - Quando eu Era o Tal
			Igorando Pelo Filtro de Nome...
		Nome do Produto: Livro - Déjàvu Etc. e Tal
			Igorando Pelo Filtro de Nome...
		Nome do Produto: Livro - Gestão Da Inovação Tecnológica - Coleção Debates Em Administração
			Igorando Pelo Filtro de Nome...
		Nome do Produto: Livro - Inovação em Serviços Intensivos em Conhecimento
			Igorando Pelo Filtro de Nome...
		Nome do Produto: Adoçante tal e qual com 500 gramas
			Igorando Pelo Filtro de Nome...
		Nome do Produto: Livro - Franquias Brasileiras : Estratégia, Empreendedorismo, Inovação e Internacionalização
			Igorando Pelo Filtro de Nome...
		Nome do Produto: Livro - Um Tal Lucas
			Igorando Pelo Filtro de Nome...
	Tempo Para buscar: 597
Loja: Big Boy Games
	URL Principal: http://www.bigboygames.com.br/
	URL Busca: http://www.bigboygames.com.br/pesquisa/?p=<BUSCA>
http://www.bigboygames.com.br/pesquisa/?p=Tales+of+the+Abyss
		Documento Lido
		Resultados*: 1
		Acessando URL do produto.
	Tempo Para buscar: 1847
Loja: Casas Bahia
	URL Principal: http://www.casasbahia.com.br/
	URL Busca: http://buscas.casasbahia.com.br/search?w=<BUSCA>
http://buscas.casasbahia.com.br/search?w=Tales+of+the+Abyss
		Documento Lido
		Resultados: 1
		Nome do Produto: Livro - Five Canterbury Tales - Level 1 - Col. Dominoes - Geoffrey Chaucer
			Igorando Pelo Filtro de Nome...
		Nome do Produto: Jogo Tales Of Symphonia Chronicles - PS3
			Igorando Pelo Filtro de Nome...
		Nome do Produto: DVD - Watchmen: Animação em Quadrinhos - Duplo
			Igorando Pelo Filtro de Nome...
		Nome do Produto: Livro - Classic Tales - Aladdin - Level 3 - Arengo
			Igorando Pelo Filtro de Nome...
		Nome do Produto: Classic Tales - Little Red Riding Hood - With e-Book - Level 3 - Sue Arengo
			Igorando Pelo Filtro de Nome...
		Nome do Produto: Blu-Ray - The Royal Ballet: The Tales of Beatrix Potter - Importado
			Igorando Pelo Filtro de Nome...
		Nome do Produto: Jack & The Beanstalk - Level 1 - with CD-Audio
			Igorando Pelo Filtro de Nome...
		Nome do Produto: Little Red Ridinghood - Level 1 - with CD-Audio
			Igorando Pelo Filtro de Nome...
		Nome do Produto: Uggly Duckling - Level 1 - with CD-Audio
			Igorando Pelo Filtro de Nome...
		Nome do Produto: Hansel & Gretel - Level 2 - with CD-Audio
			Igorando Pelo Filtro de Nome...
		Nome do Produto: Puss In Boots - Level 2 - with CD-Audio
			Igorando Pelo Filtro de Nome...
		Nome do Produto: Sinbad The Sailor - Level 2 - with CD-Audio
			Igorando Pelo Filtro de Nome...
		Nome do Produto: Snow White & Seven Dwarfs - Level 2 - with CD-Audio
			Igorando Pelo Filtro de Nome...
		Nome do Produto: Aladdin & The Lamp - Level 3 - with CD-Audio
			Igorando Pelo Filtro de Nome...
		Nome do Produto: Ali Baba & Foorty Thieves - Level 3 - with CD-Audio
			Igorando Pelo Filtro de Nome...
		Nome do Produto: Alice In Wonderl - Level 3 - with CD-Audio
			Igorando Pelo Filtro de Nome...
		Nome do Produto: Pinocchio - Level 3 - with CD-Audio
			Igorando Pelo Filtro de Nome...
		Nome do Produto: Three Spinners - Level 3 - with CD-Audio
			Igorando Pelo Filtro de Nome...
		Nome do Produto: Livro - Rio Metropolitano / Metropolitan Rio - Costa Caue Capille, Guilherme Lassance e Pedro Varella
			Igorando Pelo Filtro de Nome...
		Nome do Produto: Crime Story Collection - Level 4 - With CD-ROM - Sara Paretsky
			Igorando Pelo Filtro de Nome...
	Tempo Para buscar: 2568
Loja: Extra
	URL Principal: http://www.extra.com.br/
	URL Busca: http://buscando.extra.com.br/search?w=<BUSCA>
http://buscando.extra.com.br/search?w=Tales+of+the+Abyss
		Documento Lido
		Resultados: 12
		Nome do Produto: Livro - Five Canterbury Tales - Level 1 - Col. Dominoes - Geoffrey Chaucer
			Igorando Pelo Filtro de Nome...
		Nome do Produto: Tales of Mystery with CD - Intermediate
			Igorando Pelo Filtro de Nome...
		Nome do Produto: Jogo Tales Of Symphonia Chronicles - PS3
			Igorando Pelo Filtro de Nome...
		Nome do Produto: Livro - Classic Tales - Aladdin - Level 3 - Arengo
			Igorando Pelo Filtro de Nome...
		Nome do Produto: DVD - Watchmen: Animação em Quadrinhos - Duplo
			Igorando Pelo Filtro de Nome...
		Nome do Produto: Blu-Ray - The Royal Ballet: The Tales of Beatrix Potter - Importado
			Igorando Pelo Filtro de Nome...
		Nome do Produto: Classic Tales - The Shoemaker and the Elves - Level 1 - Oxford
			Igorando Pelo Filtro de Nome...
		Nome do Produto: Classic Tales - The Little Red Hen: Activity Book and Play - Level 1 - Sue Arengo
			Igorando Pelo Filtro de Nome...
		Nome do Produto: Classic Tales - Little Red Riding Hood - With e-Book - Level 3 - Sue Arengo
			Igorando Pelo Filtro de Nome...
		Nome do Produto: Livro - Tales From Longpuddle - Oxford Bookworms Library - Level 2 - Thomas Hardy
			Igorando Pelo Filtro de Nome...
		Nome do Produto: Livro + CD - Tales From Longpuddle - Oxford Bookworms Library 2 - Thomas Hardy
			Igorando Pelo Filtro de Nome...
		Nome do Produto: Tales of Mystery and Imagination - With MP3 Pack - Edgar A Poe
			Igorando Pelo Filtro de Nome...
	Tempo Para buscar: 25903
Loja: Fast Games
	URL Principal: http://www.fastgames.com.br/
	URL Busca: http://www.fastgames.com.br/loja/busca.php?loja=187970&palavra_busca=<BUSCA>
http://www.fastgames.com.br/loja/busca.php?loja=187970&palavra_busca=Tales+of+the+Abyss
		Documento Lido
		Resultados: 0
	Tempo Para buscar: 2529
Loja: Fast Shop
	URL Principal: http://www.fastshop.com.br/loja/
	URL Busca: http://www.fastshop.com.br/webapp/wcs/stores/servlet/SearchDisplay?searchTerm=<BUSCA>&categoryId=&storeId=10151&catalogId=11052&langId=-6&pageSize=9&beginIndex=0&sType=SimpleSearch&resultCatEntryType=2&showResultsPage=true&searchSource=Q&pageView=&hotsite=fastshop
http://www.fastshop.com.br/webapp/wcs/stores/servlet/SearchDisplay?searchTerm=Tales+of+the+Abyss&categoryId=&storeId=10151&catalogId=11052&langId=-6&pageSize=9&beginIndex=0&sType=SimpleSearch&resultCatEntryType=2&showResultsPage=true&searchSource=Q&pageView=&hotsite=fastshop
		Documento Lido
		Resultados: 0
	Tempo Para buscar: 440
Loja: FNAC
	URL Principal: http://www.fnac.com.br/index.html
	URL Busca: http://busca.fnac.com.br/?busca=<BUSCA>
http://busca.fnac.com.br/?busca=Tales+of+the+Abyss
		Documento Lido
		Resultados: 20
		Nome do Produto: Tales Of The Jazz Age
			Igorando Pelo Filtro de Nome...
		Nome do Produto: Tales From The Realm Of The Queen Of Pentacles
			Igorando Pelo Filtro de Nome...
		Nome do Produto: Don´t Blame Me: The Tales Of Ozzy Osbourne (DVD)
			Igorando Pelo Filtro de Nome...
		Nome do Produto: The Very Best Of
			Igorando Pelo Filtro de Nome...
		Nome do Produto: End Of The Century
			Igorando Pelo Filtro de Nome...
		Nome do Produto: O que Faz de Um da Vinci Um da Vinci ?
			Igorando Pelo Filtro de Nome...
		Nome do Produto: O que Faz de Um Bruegel Um Bruegel
			Igorando Pelo Filtro de Nome...
		Nome do Produto: O que Faz de Um Picasso Um Picasso
			Igorando Pelo Filtro de Nome...
		Nome do Produto: I'll Find A Way (gospel)
			Igorando Pelo Filtro de Nome...
		Nome do Produto: The Very Best Of The Eagles
			Igorando Pelo Filtro de Nome...
		Nome do Produto: The History Of The Eagles (blu-ray)
			Igorando Pelo Filtro de Nome...
		Nome do Produto: The Very Best Of (simples)
			Igorando Pelo Filtro de Nome...
		Nome do Produto: Only By The Night
			Igorando Pelo Filtro de Nome...
		Nome do Produto: The Very Best Of (2 CDs)
			Igorando Pelo Filtro de Nome...
		Nome do Produto: Stars - The Best Of 1992-2002
			Igorando Pelo Filtro de Nome...
		Nome do Produto: The Story Of L. A. Woman (blu-ray)
			Igorando Pelo Filtro de Nome...
		Nome do Produto: Live At The 02 London - England (DVD)
			Igorando Pelo Filtro de Nome...
		Nome do Produto: The Collection Box (5 CDs + DVD)
			Igorando Pelo Filtro de Nome...
		Nome do Produto: Live At The 02 (blu-ray)
			Igorando Pelo Filtro de Nome...
		Nome do Produto: The Best Of The Alan Parsons Project
			Igorando Pelo Filtro de Nome...
	Tempo Para buscar: 1300
Loja: Kabum
	URL Principal: http://www.kabum.com.br/
	URL Busca: http://www.kabum.com.br/cgi-local/site/listagem/listagem.cgi?string=<BUSCA>&btnG=
http://www.kabum.com.br/cgi-local/site/listagem/listagem.cgi?string=Tales+of+the+Abyss&btnG=
		Documento Lido
		Resultados: 0
	Tempo Para buscar: 305
Loja: Livraria Cultura
	URL Principal: http://www.livrariacultura.com.br/
	URL Busca: http://www.livrariacultura.com.br/busca?N=0&Ntt=<BUSCA>
http://www.livrariacultura.com.br/busca?N=0&Ntt=Tales+of+the+Abyss
		Documento Lido
		Resultados: 48
		Nome do Produto: TALES OF THE ABYSS
http://www.livrariacultura.com.br/p/tales-of-the-abyss-22698403
		Acessando URL do produto.
		Nome do Produto: TALES OF THE ABYSS
http://www.livrariacultura.com.br/p/tales-of-the-abyss-22698405
java.net.SocketTimeoutException: connect timed out
	at java.net.DualStackPlainSocketImpl.waitForConnect(Native Method)
	at java.net.DualStackPlainSocketImpl.socketConnect(Unknown Source)
	at java.net.AbstractPlainSocketImpl.doConnect(Unknown Source)
	at java.net.AbstractPlainSocketImpl.connectToAddress(Unknown Source)
	at java.net.AbstractPlainSocketImpl.connect(Unknown Source)
	at java.net.PlainSocketImpl.connect(Unknown Source)
	at java.net.SocksSocketImpl.connect(Unknown Source)
	at java.net.Socket.connect(Unknown Source)
	at sun.net.NetworkClient.doConnect(Unknown Source)
	at sun.net.www.http.HttpClient.openServer(Unknown Source)
	at sun.net.www.http.HttpClient.openServer(Unknown Source)
	at sun.net.www.http.HttpClient.<init>(Unknown Source)
	at sun.net.www.http.HttpClient.New(Unknown Source)
	at sun.net.www.http.HttpClient.New(Unknown Source)
	at sun.net.www.protocol.http.HttpURLConnection.getNewHttpClient(Unknown Source)
	at sun.net.www.protocol.http.HttpURLConnection.plainConnect0(Unknown Source)
	at sun.net.www.protocol.http.HttpURLConnection.plainConnect(Unknown Source)
	at sun.net.www.protocol.http.HttpURLConnection.connect(Unknown Source)
	at org.jsoup.helper.HttpConnection$Response.execute(HttpConnection.java:449)
	at org.jsoup.helper.HttpConnection$Response.execute(HttpConnection.java:434)
	at org.jsoup.helper.HttpConnection.execute(HttpConnection.java:181)
	at org.jsoup.helper.HttpConnection.get(HttpConnection.java:170)
	at comom.Util.readUrlDocument(Util.java:94)
	at interfaces.search.LivrariaCulturaSearch.readEachProduct(LivrariaCulturaSearch.java:74)
	at interfaces.search.LivrariaCulturaSearch.search(LivrariaCulturaSearch.java:38)
	at objects.Shop.searchProduct(Shop.java:33)
	at Main.generateHtlReport(Main.java:88)
	at Main.main(Main.java:59)
Tentando conectar Na Url de outro modo
		Acessando URL do produto.
		Nome do Produto: TALES OF THE ABYSS
http://www.livrariacultura.com.br/p/tales-of-the-abyss-29849532
		Acessando URL do produto.
		Nome do Produto: WORKS OF JACK LONDON
			Igorando Pelo Filtro de Nome...
		Nome do Produto: THE UGLY MERMAID
			Igorando Pelo Filtro de Nome...
		Nome do Produto: THE COMPLETE WORKS OF JACK LONDON
			Igorando Pelo Filtro de Nome...
		Nome do Produto: WORKS OF JACK LONDON: (200 + WORKS) INCLUDES THE
			Igorando Pelo Filtro de Nome...
		Nome do Produto: THE COMPLETE ESSENTIAL WORKS OF JACK LONDON
			Igorando Pelo Filtro de Nome...
		Nome do Produto: THE RETURN OF SHERLOCK HOLMES
			Igorando Pelo Filtro de Nome...
		Nome do Produto: BLACK VEIL AND OTHER TALES OF SUPERNATURAL SLEUTHS
			Igorando Pelo Filtro de Nome...
		Nome do Produto: LIVING ABYSS
			Igorando Pelo Filtro de Nome...
		Nome do Produto: FIVE TALES FROM THE WORKSHOP AT THE END OF THE
			Igorando Pelo Filtro de Nome...
		Nome do Produto: LIVING ABYSS
			Igorando Pelo Filtro de Nome...
		Nome do Produto: LIVING ABYSS
			Igorando Pelo Filtro de Nome...
		Nome do Produto: THE RETURN OF SHERLOCK HOLMES
			Igorando Pelo Filtro de Nome...
		Nome do Produto: RIPPLES FROM THE DARKNESS
			Igorando Pelo Filtro de Nome...
		Nome do Produto: CAMPFIRE TALES FROM HELL: MUSINGS ON MARTIAL
			Igorando Pelo Filtro de Nome...
		Nome do Produto: THE RISEN: REMNANTS
			Igorando Pelo Filtro de Nome...
		Nome do Produto: NAKED, ON THE EDGE
			Igorando Pelo Filtro de Nome...
		Nome do Produto: WRITING DOWN THE DRAGON
			Igorando Pelo Filtro de Nome...
		Nome do Produto: NEAR DEATH IN THE ARCTIC
			Igorando Pelo Filtro de Nome...
		Nome do Produto: TALES OF THE LOVECRAFT MYTHOS
			Igorando Pelo Filtro de Nome...
		Nome do Produto: THE STRANGE HIGH HOUSE IN THE MIST
			Igorando Pelo Filtro de Nome...
		Nome do Produto: FEAR THE ABYSS
			Igorando Pelo Filtro de Nome...
		Nome do Produto: THE H.G.WELLS ANTHOLOGY
			Igorando Pelo Filtro de Nome...
		Nome do Produto: CONFESSIONS OF AN ANGRY DWARF
			Igorando Pelo Filtro de Nome...
		Nome do Produto: IN THE DAY OF GIANTS (ILLUSTRATED)
			Igorando Pelo Filtro de Nome...
		Nome do Produto: A GATHERING OF GHOSTS
			Igorando Pelo Filtro de Nome...
		Nome do Produto: COMPLETE ORIGINAL SHORT STORIES OF GUY DE
			Igorando Pelo Filtro de Nome...
		Nome do Produto: ON THE LIPS OF CHILDREN
			Igorando Pelo Filtro de Nome...
		Nome do Produto: FRESH CUT TALES: A COLLECTION OF DARK FICTION
			Igorando Pelo Filtro de Nome...
		Nome do Produto: LIVING ABYSS
			Igorando Pelo Filtro de Nome...
		Nome do Produto: SOUTHERN HAUNTS: DEVILS IN THE DARKNESS
			Igorando Pelo Filtro de Nome...
		Nome do Produto: LIVING ABYSS
			Igorando Pelo Filtro de Nome...
		Nome do Produto: STAR TREK: DEEP SPACE NINE: TWIST OF FAITH
			Igorando Pelo Filtro de Nome...
		Nome do Produto: THE LAND THAT TIME FORGOT SF GATEWAY OMNIBUS
			Igorando Pelo Filtro de Nome...
		Nome do Produto: 5 TALES OF EROTIC HORROR
			Igorando Pelo Filtro de Nome...
		Nome do Produto: THE BEST HORROR OF THE YEAR VOLUME FIVE
			Igorando Pelo Filtro de Nome...
		Nome do Produto: MIDNIGHT ABYSS
			Igorando Pelo Filtro de Nome...
		Nome do Produto: THE BEST HORROR OF THE YEAR VOLUME FIVE
			Igorando Pelo Filtro de Nome...
		Nome do Produto: THE MUSIC OF ERICH ZANN
			Igorando Pelo Filtro de Nome...
		Nome do Produto: THE LITTLE HORSE GORNOK
			Igorando Pelo Filtro de Nome...
		Nome do Produto: BEYOND HUBBLE'S SHADOWS, THE DAEMON DARKNESS LIES
			Igorando Pelo Filtro de Nome...
		Nome do Produto: TOMBS OF THE SEA
			Igorando Pelo Filtro de Nome...
		Nome do Produto: LIVING ABYSS
			Igorando Pelo Filtro de Nome...
		Nome do Produto: LIVING ABYSS
			Igorando Pelo Filtro de Nome...
		Nome do Produto: THE HUMAN SIDE OF HEARTBREAK
			Igorando Pelo Filtro de Nome...
		Nome do Produto: ELF TALES AND OTHER PSYCHOTIC EVENTS
			Igorando Pelo Filtro de Nome...
	Tempo Para buscar: 33541
Loja: Magazine Luiza
	URL Principal: http://www.magazineluiza.com.br/
	URL Busca: http://www.magazineluiza.com.br/busca/<BUSCA>/
http://www.magazineluiza.com.br/busca/Tales+of+the+Abyss/
		Documento Lido
		Resultados: 60
		Nome do Produto: Batom The Balm Girls - Cor Amanda Kiss My Lips - The Balm
			Igorando Pelo Filtro de Nome...
		Nome do Produto: Rímel Whats Your Type? The Body Builder - Cor Black - The Balm
			Igorando Pelo Filtro de Nome...
		Nome do Produto: Tales of Xillia 2 para PS3 - Namco
			Igorando Pelo Filtro de Nome...
		Nome do Produto: Tales of Symphonia Chronicles p/ PS3 - Namco
			Igorando Pelo Filtro de Nome...
		Nome do Produto: Palheta de Sombras Compacta Meet Matt(e) Nude - The Balm
			Igorando Pelo Filtro de Nome...
		Nome do Produto: Blush Compacto Instains - Cor Argyle - The Balm
			Igorando Pelo Filtro de Nome...
		Nome do Produto: Pincel Duplo para Sombra Give Crease a Chance - The Balm - The Balm
			Igorando Pelo Filtro de Nome...
		Nome do Produto: Pincel Duplo para Sombra Crease Love and Happiness - The Balm
			Igorando Pelo Filtro de Nome...
		Nome do Produto: Blush Compacto Instains - Cor Houndstooth - The Balm
			Igorando Pelo Filtro de Nome...
		Nome do Produto: Pó Compacto Bahama Mama - The Balm
			Igorando Pelo Filtro de Nome...
		Nome do Produto: Pó Compacto Betty-Lou Manizer - The Balm
			Igorando Pelo Filtro de Nome...
		Nome do Produto: Gloss Stainiac Lip and Cheek Stain - Incolor - The Balm
			Igorando Pelo Filtro de Nome...
		Nome do Produto: Pó Compacto Sexy Mama - Incolor - The Balm
			Igorando Pelo Filtro de Nome...
		Nome do Produto: Base Compacta Time Balm Foundation - Cor Medium Dark - The Balm
			Igorando Pelo Filtro de Nome...
		Nome do Produto: Blush DownBoy - Cor Blush - The Balm
			Igorando Pelo Filtro de Nome...
		Nome do Produto: Blush Compacto Hot Mama - Pink - The Balm
			Igorando Pelo Filtro de Nome...
		Nome do Produto: Base Cremosa Balm Shelter Tinted Moisturizer - Cor Medium - The Balm
			Igorando Pelo Filtro de Nome...
		Nome do Produto: Base Cremosa Balm Shelter Tinted Moisturizer - Cor After Dark - The Balm
			Igorando Pelo Filtro de Nome...
		Nome do Produto: Base Cremosa Balm Shelter Tinted Moisturizer - Cor Dark - The Balm
			Igorando Pelo Filtro de Nome...
		Nome do Produto: Base Cremosa Balm Shelter Tinted Moisturizer - Cor Light Medium - The Balm
			Igorando Pelo Filtro de Nome...
		Nome do Produto: Base Cremosa Balm Shelter Tinted Moisturizer - Cor Medium Dark - The Balm
			Igorando Pelo Filtro de Nome...
		Nome do Produto: Blush Compacto Cindy Lou Manizer - Cor Rosê - The Balm
			Igorando Pelo Filtro de Nome...
		Nome do Produto: Palheta de Sombras Compacta Nude Tude Palette - Cor Colorido - The Balm
			Igorando Pelo Filtro de Nome...
		Nome do Produto: Estojo de Maquiagem Balm Jovi - Cor Colorido - The Balm
			Igorando Pelo Filtro de Nome...
		Nome do Produto: Sex and the City - Perfume Feminino Eau de Parfum 60ml
			Igorando Pelo Filtro de Nome...
		Nome do Produto: Sex and the City - Perfume Feminino Eau de Parfum 100ml
			Igorando Pelo Filtro de Nome...
		Nome do Produto: Sex and the City by Night - Perfume Feminino Eau de Parfum 60ml
			Igorando Pelo Filtro de Nome...
		Nome do Produto: Sex and the City by Night - Perfume Feminino Eau de Parfum 100ml
			Igorando Pelo Filtro de Nome...
		Nome do Produto: Sex and the City B Night Perfume Feminino - Eau de Parfum 30ml
			Igorando Pelo Filtro de Nome...
		Nome do Produto: Tigela com Porta-Molho Destacável - The First Years
			Igorando Pelo Filtro de Nome...
		Nome do Produto: Tigela com Porta-Molho Destacável - The First Years
			Igorando Pelo Filtro de Nome...
		Nome do Produto: Yardley London Lily of the Valley - Perfume Feminino Eau de Toilette 125 ml
			Igorando Pelo Filtro de Nome...
		Nome do Produto: Yardley London Lily of the Valley - Perfume Feminino Eau de Toilette 50 ml
			Igorando Pelo Filtro de Nome...
		Nome do Produto: Shadows Of The Damned para Xbox 360 - EA
			Igorando Pelo Filtro de Nome...
		Nome do Produto: Yardley London Lyli of The Valley - Talco Feminino 200 g
			Igorando Pelo Filtro de Nome...
		Nome do Produto: Lego The Lord of the Rings para Nintendo DS - Warner
			Igorando Pelo Filtro de Nome...
		Nome do Produto: Lords of the Fallen para Xbox One - Bandai Namco
			Igorando Pelo Filtro de Nome...
		Nome do Produto: The Last of Us para PS3 - Sony
			Igorando Pelo Filtro de Nome...
		Nome do Produto: Lords of the Fallen para PS4 - Bandai Namco
			Igorando Pelo Filtro de Nome...
		Nome do Produto: The Walking Dead - Game of the Year Edition - p/ PS4 - Telltale Games
			Igorando Pelo Filtro de Nome...
		Nome do Produto: The Walking Dead - Game of the Year Edition - para Xbox One - Telltale Games
			Igorando Pelo Filtro de Nome...
		Nome do Produto: The House of the Dead: Overkill Extended Cut - jogo para PS3 - Sega
			Igorando Pelo Filtro de Nome...
		Nome do Produto: Ico & Shadow Of The Colossus para PS3 - Coleção Favoritos - Sony
			Igorando Pelo Filtro de Nome...
		Nome do Produto: The Last of Us - Remasterizado para PS4 - Naughty Dog
			Igorando Pelo Filtro de Nome...
		Nome do Produto: Transformers: Rise of the Dark Spark - para Nintendo 3DS - Activision
			Igorando Pelo Filtro de Nome...
		Nome do Produto: Zone of the Enders HD Collection p/ PS3 - Konami
			Igorando Pelo Filtro de Nome...
		Nome do Produto: Transformers: Rise of the Dark Spark para Xbox One - Activision
			Igorando Pelo Filtro de Nome...
		Nome do Produto: Transformers: Rise of the Dark Spark para PS3 - Activision
			Igorando Pelo Filtro de Nome...
		Nome do Produto: Zone of the Enders HD Collection p/ PS3 - Konami
			Igorando Pelo Filtro de Nome...
		Nome do Produto: Army of Two:The Devils Cartel p/Xbox 360 - EA
			Igorando Pelo Filtro de Nome...
		Nome do Produto: Call of Duty - Advanced Warfare: Day Zero - para Xbox 360 - Activision
			Igorando Pelo Filtro de Nome...
		Nome do Produto: The Legend of Zelda: A Link Between Worlds - para Nintendo 3DS - Nintendo
			Igorando Pelo Filtro de Nome...
		Nome do Produto: Red Dead Redemption: Game of The Year Edition - para Xbox 360 - Rockstar
			Igorando Pelo Filtro de Nome...
		Nome do Produto: Red Dead Redemption: Game of The Year Edition - para PS3 - Rockstar
			Igorando Pelo Filtro de Nome...
		Nome do Produto: Disney Epic Mickey 2: The Power of Two p/ PS3 - Ubisoft
			Igorando Pelo Filtro de Nome...
		Nome do Produto: Metal Gear Solid 4: Guns of the Patriots p/ PS3 - Konami
			Igorando Pelo Filtro de Nome...
		Nome do Produto: Call of Duty - Advanced Warfare: Day Zero - para Xbox One - Activision
			Igorando Pelo Filtro de Nome...
		Nome do Produto: Call of Duty Modern Warfare Xbox 360 - Activision
			Igorando Pelo Filtro de Nome...
		Nome do Produto: Call of Duty Black Ops para Xbox 360 - Activision
			Igorando Pelo Filtro de Nome...
		Nome do Produto: Call of Duty World at War para Xbox 360 - Activision
			Igorando Pelo Filtro de Nome...
	Tempo Para buscar: 461
Loja: Mula Games
	URL Principal: http://www.mulagames.com.br/
	URL Busca: http://www.mulagames.com.br/produtos-index/catalogo_produtos/-/-/<BUSCA>/-/-/-/-/-/
http://www.mulagames.com.br/produtos-index/catalogo_produtos/-/-/Tales%20of%20the%20Abyss/-/-/-/-/-/
		Documento Lido
		Resultados: 1
		Nome do Produto: Tales of the Abyss - 3DS
http://www.mulagames.com.br/Tales-of-the-Abyss-3DS/prod-457832/
		Acessando URL do produto.
http://www.mulagames.com.br/produto-ajax_retorna_dados_preco_comprar/457832
		Acessando URL do preço produto.
	Tempo Para buscar: 2657
Loja: Net Shoes
	URL Principal: http://www.netshoes.com.br/
	URL Busca: http://www.netshoes.com.br/search?Ntt=<BUSCA>
http://www.netshoes.com.br/search?Ntt=Tales+of+the+Abyss
		Documento Lido
		Resultados: 60
		Nome do Produto: Jogo Transformers - Dark of the Moon Wii
			Igorando Pelo Filtro de Nome...
		Nome do Produto: Jogo Spider-Man: The Edge of Time Wii
			Igorando Pelo Filtro de Nome...
		Nome do Produto: Camiseta Adidas The Return Lebron James Cleveland Cavaliers
			Igorando Pelo Filtro de Nome...
		Nome do Produto: Tênis Nike Son OF Force Juvenil
			Igorando Pelo Filtro de Nome...
		Nome do Produto: Tênis Nike Son OF Force Juvenil
			Igorando Pelo Filtro de Nome...
		Nome do Produto: Tênis Skechers ON THE GO
			Igorando Pelo Filtro de Nome...
		Nome do Produto: Camiseta Puma Catch The Cat
			Igorando Pelo Filtro de Nome...
		Nome do Produto: Bota Skechers On The-Go Chugga
			Igorando Pelo Filtro de Nome...
		Nome do Produto: Tênis Nike Zoom Run The One
			Igorando Pelo Filtro de Nome...
		Nome do Produto: Short Nike Set The Pace
			Igorando Pelo Filtro de Nome...
		Nome do Produto: Tênis Olympikus The Club
			Igorando Pelo Filtro de Nome...
		Nome do Produto: Tênis Olympikus The Club
			Igorando Pelo Filtro de Nome...
		Nome do Produto: Calça Be Up On The Go
			Igorando Pelo Filtro de Nome...
		Nome do Produto: Mochila The King
			Igorando Pelo Filtro de Nome...
		Nome do Produto: Tênis Skechers On The Go
			Igorando Pelo Filtro de Nome...
		Nome do Produto: Tênis Nike Son OF Force Infantil
			Igorando Pelo Filtro de Nome...
		Nome do Produto: Camiseta The King Skull Ghost
			Igorando Pelo Filtro de Nome...
		Nome do Produto: Bota Skechers On The-Go Chugga
			Igorando Pelo Filtro de Nome...
		Nome do Produto: Tênis Nike Zoom Run The One
			Igorando Pelo Filtro de Nome...
		Nome do Produto: Tênis Skechers ON THE GO
			Igorando Pelo Filtro de Nome...
		Nome do Produto: Camiseta The King Canelada M/L
			Igorando Pelo Filtro de Nome...
		Nome do Produto: Camiseta Puma Catch The Cat
			Igorando Pelo Filtro de Nome...
		Nome do Produto: Bota Skechers On The Go Infantil
			Igorando Pelo Filtro de Nome...
		Nome do Produto: Camiseta UFC The Beginning
			Igorando Pelo Filtro de Nome...
		Nome do Produto: Bota Skechers On The Go Infantil
			Igorando Pelo Filtro de Nome...
		Nome do Produto: Tênis The North Face Litewave Mid
			Igorando Pelo Filtro de Nome...
		Nome do Produto: Boné Lost The Bulldog
			Igorando Pelo Filtro de Nome...
		Nome do Produto: Camiseta Nike The Streets
			Igorando Pelo Filtro de Nome...
		Nome do Produto: Tênis Globe The Sabbath
			Igorando Pelo Filtro de Nome...
		Nome do Produto: Camiseta Regata Hurley The Arena
			Igorando Pelo Filtro de Nome...
		Nome do Produto: Jogo Call Of Duty Modern Warfare 3 Wii
			Igorando Pelo Filtro de Nome...
		Nome do Produto: Tênis The North Face Single-Track Hayasa 2
			Igorando Pelo Filtro de Nome...
		Nome do Produto: Tênis Reebok The Blast
			Igorando Pelo Filtro de Nome...
		Nome do Produto: Tênis The North Face Ultra Smooth
			Igorando Pelo Filtro de Nome...
		Nome do Produto: Tênis Emerica The Leo
			Igorando Pelo Filtro de Nome...
		Nome do Produto: Camiseta Nike Through The Net
			Igorando Pelo Filtro de Nome...
		Nome do Produto: The Burner Control Appetite (ThermoBurn) 120 Cáps - Arnold Nutrition
			Igorando Pelo Filtro de Nome...
		Nome do Produto: Tênis The North Face Ultra Smooth
			Igorando Pelo Filtro de Nome...
		Nome do Produto: Camiseta UFC The Beginning
			Igorando Pelo Filtro de Nome...
		Nome do Produto: Tênis Emerica The Leo
			Igorando Pelo Filtro de Nome...
		Nome do Produto: Tênis Coca-Cola The Best Leather
			Igorando Pelo Filtro de Nome...
		Nome do Produto: Tênis The North Face Storm Leather Mid
			Igorando Pelo Filtro de Nome...
		Nome do Produto: Tênis The North Face Single-Track Hayasa 2
			Igorando Pelo Filtro de Nome...
		Nome do Produto: Jogo Call of Duty - Modern Warfare 3 Nintendo DS
			Igorando Pelo Filtro de Nome...
		Nome do Produto: Tênis Coca-Cola The Best Leather Metal
			Igorando Pelo Filtro de Nome...
		Nome do Produto: Camiseta Regata Hurley The Arena
			Igorando Pelo Filtro de Nome...
		Nome do Produto: Tênis Nike Son OF Force Juvenil
			Igorando Pelo Filtro de Nome...
		Nome do Produto: Camiseta Regata Hurley The Arena
			Igorando Pelo Filtro de Nome...
		Nome do Produto: Camiseta Roxy Circle Of Dreams
			Igorando Pelo Filtro de Nome...
		Nome do Produto: Tênis The North Face Ultra Trail
			Igorando Pelo Filtro de Nome...
		Nome do Produto: Calça Térmica The North Face Warm Tight
			Igorando Pelo Filtro de Nome...
		Nome do Produto: Bermuda Billabong The Institu
			Igorando Pelo Filtro de Nome...
		Nome do Produto: Tênis Nike Son OF Force Juvenil
			Igorando Pelo Filtro de Nome...
		Nome do Produto: Tênis The North Face Litewave Mid
			Igorando Pelo Filtro de Nome...
		Nome do Produto: Camiseta Nike The Streets
			Igorando Pelo Filtro de Nome...
		Nome do Produto: Jogo Star Wars: The Clone Wars Republic Heroes Wii
			Igorando Pelo Filtro de Nome...
		Nome do Produto: Jogo Dead Rising 2 Off The Record Xbox 360
			Igorando Pelo Filtro de Nome...
		Nome do Produto: Jogo Child of Eden Xbox 360
			Igorando Pelo Filtro de Nome...
		Nome do Produto: Tênis Skechers On The Go Court
			Igorando Pelo Filtro de Nome...
		Nome do Produto: Kit Bermuda Jeans Lost Walk Anfíbio + Boné Lost The Bulldog
			Igorando Pelo Filtro de Nome...
	Tempo Para buscar: 630
Loja: Ponto Frio
	URL Principal: http://www.pontofrio.com.br/
	URL Busca: http://search.pontofrio.com.br/search?w=<BUSCA>
http://search.pontofrio.com.br/search?w=Tales+of+the+Abyss
		Documento Lido
		Resultados: 1
		Nome do Produto: Livro - Five Canterbury Tales - Level 1 - Col. Dominoes - Geoffrey Chaucer
			Igorando Pelo Filtro de Nome...
		Nome do Produto: Livro - Dominoes - Five Canterbury - Geoffrey Chaucer
			Igorando Pelo Filtro de Nome...
		Nome do Produto: Jogo Tales Of Symphonia Chronicles - PS3
			Igorando Pelo Filtro de Nome...
		Nome do Produto: DVD - Watchmen: Animação em Quadrinhos - Duplo
			Igorando Pelo Filtro de Nome...
		Nome do Produto: Livro - Classic Tales - Aladdin - Level 3 - Arengo
			Igorando Pelo Filtro de Nome...
		Nome do Produto: Classic Tales - Little Red Riding Hood - With e-Book - Level 3 - Sue Arengo
			Igorando Pelo Filtro de Nome...
		Nome do Produto: Livro - Faithful Ghost And Other Tall Talles - Level 3 - Bill Bowler
			Igorando Pelo Filtro de Nome...
		Nome do Produto: Livro + CD - Dominoes - The Faithful Ghost and Other Tall Tales - Level 3 - Bill Bowler
			Igorando Pelo Filtro de Nome...
		Nome do Produto: Livro + CD - Starter Dominoes - Rip Van Winkle and the Legend of Sleepy Hollow - Washington Irving
			Igorando Pelo Filtro de Nome...
		Nome do Produto: Blu-Ray - The Royal Ballet: The Tales of Beatrix Potter - Importado
			Igorando Pelo Filtro de Nome...
		Nome do Produto: Goldilocks & Three Bears – Level 1 - with CD-Audio
			Igorando Pelo Filtro de Nome...
		Nome do Produto: Jack & The Beanstalk - Level 1 - with CD-Audio
			Igorando Pelo Filtro de Nome...
		Nome do Produto: Little Red Ridinghood - Level 1 - with CD-Audio
			Igorando Pelo Filtro de Nome...
		Nome do Produto: Uggly Duckling - Level 1 - with CD-Audio
			Igorando Pelo Filtro de Nome...
		Nome do Produto: Hansel & Gretel - Level 2 - with CD-Audio
			Igorando Pelo Filtro de Nome...
		Nome do Produto: Puss In Boots - Level 2 - with CD-Audio
			Igorando Pelo Filtro de Nome...
		Nome do Produto: Sinbad The Sailor - Level 2 - with CD-Audio
			Igorando Pelo Filtro de Nome...
		Nome do Produto: Snow White & Seven Dwarfs - Level 2 - with CD-Audio
			Igorando Pelo Filtro de Nome...
		Nome do Produto: Aladdin & The Lamp - Level 3 - with CD-Audio
			Igorando Pelo Filtro de Nome...
		Nome do Produto: Ali Baba & Foorty Thieves - Level 3 - with CD-Audio
			Igorando Pelo Filtro de Nome...
		Nome do Produto: Livro - Five Canterbury Tales - Level 1 - Col. Dominoes - Geoffrey Chaucer
			Igorando Pelo Filtro de Nome...
		Nome do Produto: Livro - Dominoes - Five Canterbury - Geoffrey Chaucer
			Igorando Pelo Filtro de Nome...
		Nome do Produto: Jogo Tales Of Symphonia Chronicles - PS3
			Igorando Pelo Filtro de Nome...
		Nome do Produto: DVD - Watchmen: Animação em Quadrinhos - Duplo
			Igorando Pelo Filtro de Nome...
		Nome do Produto: Livro - Classic Tales - Aladdin - Level 3 - Arengo
			Igorando Pelo Filtro de Nome...
		Nome do Produto: Classic Tales - Little Red Riding Hood - With e-Book - Level 3 - Sue Arengo
			Igorando Pelo Filtro de Nome...
		Nome do Produto: Livro - Faithful Ghost And Other Tall Talles - Level 3 - Bill Bowler
			Igorando Pelo Filtro de Nome...
		Nome do Produto: Livro + CD - Dominoes - The Faithful Ghost and Other Tall Tales - Level 3 - Bill Bowler
			Igorando Pelo Filtro de Nome...
		Nome do Produto: Livro + CD - Starter Dominoes - Rip Van Winkle and the Legend of Sleepy Hollow - Washington Irving
			Igorando Pelo Filtro de Nome...
		Nome do Produto: Blu-Ray - The Royal Ballet: The Tales of Beatrix Potter - Importado
			Igorando Pelo Filtro de Nome...
		Nome do Produto: Goldilocks & Three Bears – Level 1 - with CD-Audio
			Igorando Pelo Filtro de Nome...
		Nome do Produto: Jack & The Beanstalk - Level 1 - with CD-Audio
			Igorando Pelo Filtro de Nome...
		Nome do Produto: Little Red Ridinghood - Level 1 - with CD-Audio
			Igorando Pelo Filtro de Nome...
		Nome do Produto: Uggly Duckling - Level 1 - with CD-Audio
			Igorando Pelo Filtro de Nome...
		Nome do Produto: Hansel & Gretel - Level 2 - with CD-Audio
			Igorando Pelo Filtro de Nome...
		Nome do Produto: Puss In Boots - Level 2 - with CD-Audio
			Igorando Pelo Filtro de Nome...
		Nome do Produto: Sinbad The Sailor - Level 2 - with CD-Audio
			Igorando Pelo Filtro de Nome...
		Nome do Produto: Snow White & Seven Dwarfs - Level 2 - with CD-Audio
			Igorando Pelo Filtro de Nome...
		Nome do Produto: Aladdin & The Lamp - Level 3 - with CD-Audio
			Igorando Pelo Filtro de Nome...
		Nome do Produto: Ali Baba & Foorty Thieves - Level 3 - with CD-Audio
			Igorando Pelo Filtro de Nome...
	Tempo Para buscar: 1558
Loja: Ricardo Eletro
	URL Principal: http://www.ricardoeletro.com.br/
	URL Busca: http://www.ricardoeletro.com.br/Busca/Resultado/?q=<BUSCA>
http://www.ricardoeletro.com.br/Busca/Resultado/?q=Tales+of+the+Abyss
		Documento Lido
		Resultados: 1
		Nome do Produto: Jogo Tales Of Xilia 2 para Playstation 3 (PS3)
			Igorando Pelo Filtro de Nome...
	Tempo Para buscar: 172
Loja: RiHappy
	URL Principal: http://www.rihappy.com.br/
	URL Busca: http://www.rihappy.com.br/<BUSCA>
http://www.rihappy.com.br/Tales%20of%20the%20Abyss
		Documento Lido
		Resultados: 18
		Nome do Produto: Boneco Hulk And The Agents Of Smash - Skaar - Hasbro - Bonecos de Ação
			Igorando Pelo Filtro de Nome...
		Nome do Produto: Boneca Barbie Colecionável - Dolls of the World - Filipinas - Mattel - Barbie Colecionáveis
			Igorando Pelo Filtro de Nome...
		Nome do Produto: Revista Full Games - Prince of Persia The Two Thrones - Games
			Igorando Pelo Filtro de Nome...
		Nome do Produto: 79005 - LEGO The Lord of the Rings - O Combate do Feiticeiro - LEGO
			Igorando Pelo Filtro de Nome...
		Nome do Produto: 79006 - LEGO The Lord of the Rings - O Conselho de Elrond - LEGO
			Igorando Pelo Filtro de Nome...
		Nome do Produto: Carrinho World Of Cars - Carros Disney - O Rei - Mattel - Carrinhos
			Igorando Pelo Filtro de Nome...
		Nome do Produto: Game of Life - Fama - Hasbro - Jogos de Tabuleiro
			Igorando Pelo Filtro de Nome...
		Nome do Produto: 70203 - LEGO Legends of Chima - Cragger CHI - LEGO
			Igorando Pelo Filtro de Nome...
		Nome do Produto: Jogo Game of Life Eletrônico - Hasbro - Jogos de Tabuleiro
			Igorando Pelo Filtro de Nome...
		Nome do Produto: 70202 - LEGO Legends of Chima - Gorzan CHI - LEGO
			Igorando Pelo Filtro de Nome...
		Nome do Produto: Fantasia Standard - Superman Man of Steel - Sulamericana - Heróis
			Igorando Pelo Filtro de Nome...
		Nome do Produto: Fantasia Luxo - Superman Man of Steel - Sulamericana - Heróis
			Igorando Pelo Filtro de Nome...
		Nome do Produto: 70205 - LEGO Legends of Chima - Razar CHI - LEGO
			Igorando Pelo Filtro de Nome...
		Nome do Produto: Carrinho Hot Wheels - Entretenimento Retrô - The Simpsons - The Homer - Mattel - Carros Miniaturas Réplicas
			Igorando Pelo Filtro de Nome...
		Nome do Produto: Carrinho Hot Wheels - The Muppets - Kermit The Frog - Mattel - Carros Miniaturas Réplicas
			Igorando Pelo Filtro de Nome...
		Nome do Produto: Máscara The Avengers - Homem de Ferro - Hasbro - Acessórios
			Igorando Pelo Filtro de Nome...
		Nome do Produto: Boneco The Avengers - Mighty Battlers - Hawkeye 15cm - Hasbro - Desenhos
			Igorando Pelo Filtro de Nome...
		Nome do Produto: Boneca The Pirate Fairy - Boutique da Tinker Bell - Disney - Mini Bonecas
			Igorando Pelo Filtro de Nome...
	Tempo Para buscar: 1445
Loja: Saraiva
	URL Principal: http://www.saraiva.com.br/
	URL Busca: http://busca.saraiva.com.br/search?w=<BUSCA>&PAC_ID=129457&ts=ajax
http://busca.saraiva.com.br/search?w=Tales+of+the+Abyss&PAC_ID=129457&ts=ajax
		Documento Lido
		Resultados: 30
		Nome do Produto: Ghosts of the Abyss
			Igorando Pelo Filtro de Nome...
		Nome do Produto: The Abyss of Representation
			Igorando Pelo Filtro de Nome...
		Nome do Produto: People of the Abyss
			Igorando Pelo Filtro de Nome...
		Nome do Produto: Looking Into The Abyss
			Igorando Pelo Filtro de Nome...
		Nome do Produto: Looking Into The Abyss
			Igorando Pelo Filtro de Nome...
		Nome do Produto: Courting the Abyss
			Igorando Pelo Filtro de Nome...
		Nome do Produto: The Unconscious Abyss
			Igorando Pelo Filtro de Nome...
		Nome do Produto: The People of the Abyss
			Igorando Pelo Filtro de Nome...
		Nome do Produto: The People of the Abyss
			Igorando Pelo Filtro de Nome...
		Nome do Produto: The People of the Abyss
			Igorando Pelo Filtro de Nome...
		Nome do Produto: The People of the Abyss
			Igorando Pelo Filtro de Nome...
		Nome do Produto: The People of the Abyss
			Igorando Pelo Filtro de Nome...
		Nome do Produto: The Eye of the Abyss
			Igorando Pelo Filtro de Nome...
		Nome do Produto: The People of the Abyss
			Igorando Pelo Filtro de Nome...
		Nome do Produto: Fate of the Jedi: Abyss
			Igorando Pelo Filtro de Nome...
		Nome do Produto: Fate of the Jedi: Abyss
			Igorando Pelo Filtro de Nome...
		Nome do Produto: Into the Abyss of Suffering
			Igorando Pelo Filtro de Nome...
		Nome do Produto: The Abyss of Freedom/ages of the World
			Igorando Pelo Filtro de Nome...
		Nome do Produto: The Abyss
			Igorando Pelo Filtro de Nome...
		Nome do Produto: The Abyss
			Igorando Pelo Filtro de Nome...
		Nome do Produto: The Abyss
			Igorando Pelo Filtro de Nome...
		Nome do Produto: The Abyss
			Igorando Pelo Filtro de Nome...
		Nome do Produto: Feminism And the Abyss of Freedom
			Igorando Pelo Filtro de Nome...
		Nome do Produto: Feminism And The Abyss Of Freedom
			Igorando Pelo Filtro de Nome...
		Nome do Produto: The Tale of Tales
			Igorando Pelo Filtro de Nome...
		Nome do Produto: The Tale of Tales
			Igorando Pelo Filtro de Nome...
		Nome do Produto: Tales of the Yukaghir
			Igorando Pelo Filtro de Nome...
		Nome do Produto: Tales of the Tepee
			Igorando Pelo Filtro de Nome...
		Nome do Produto: Tales of the Tikongs
			Igorando Pelo Filtro de Nome...
		Nome do Produto: Tales Of The Argonauts
			Igorando Pelo Filtro de Nome...
	Tempo Para buscar: 3411
Loja: Shop Facil
	URL Principal: http://ww2.shopfacil.com.br/
	URL Busca: http://ww2.shopfacil.com.br/<BUSCA>
http://ww2.shopfacil.com.br/Tales%20of%20the%20Abyss
		Documento Lido
		Resultados: 15
		Nome do Produto: Tales of Mystery and Imagination - With MP3 Pack - Edgar A Poe
			Igorando Pelo Filtro de Nome...
		Nome do Produto: The Canterbury Tales - Level 3 - Geoffrey Chaucer
			Igorando Pelo Filtro de Nome...
		Nome do Produto: The Secret Life of Bees
			Igorando Pelo Filtro de Nome...
		Nome do Produto: The Call Of Wild: With CD - Intermediate
			Igorando Pelo Filtro de Nome...
		Nome do Produto: The Burden of Proof - Scott Turow
			Igorando Pelo Filtro de Nome...
		Nome do Produto: The Ransom of Red Chief - Starter
			Igorando Pelo Filtro de Nome...
		Nome do Produto: The Death of Karen Silkwood - Level 2
			Igorando Pelo Filtro de Nome...
		Nome do Produto: The Murder of Mary Jones - Volume 1
			Igorando Pelo Filtro de Nome...
		Nome do Produto: The Mark of Zorro Intermediate - Level 1
			Igorando Pelo Filtro de Nome...
		Nome do Produto: The Importance of Being Earnest - Oscar Wilde
			Igorando Pelo Filtro de Nome...
		Nome do Produto: The Hound of the Baskervilles - Level 4
			Igorando Pelo Filtro de Nome...
		Nome do Produto: The Murder of Mary Jones - Level 1
			Igorando Pelo Filtro de Nome...
		Nome do Produto: The Count of Monte Cristo - Level 3
			Igorando Pelo Filtro de Nome...
		Nome do Produto: The Witches of Pendle - Level 1
			Igorando Pelo Filtro de Nome...
		Nome do Produto: The Eagle of the Ninth - Level 4
			Igorando Pelo Filtro de Nome...
	Tempo Para buscar: 2640
Loja: Shop Time
	URL Principal: http://www.shoptime.com.br/
	URL Busca: http://busca.shoptime.com.br/busca.php?q=<BUSCA>
http://busca.shoptime.com.br/busca.php?q=Tales+of+the+Abyss
		Documento Lido
		Resultados: 20
		Nome do Produto: Rack com Painel Tales 4 Prateleira e 2 Portas Doral/Preto - Madetec Rack com Painel Tales 4 Prateleira e 2 Portas Cinza Gris/Preto - Madetec CD Sian Edwards - Roxanna Panufnik: Beastly Tales (Importado) Livro - Mini Becky Bloom: Tal Mãe Tal Filha - Edição Econômica Livro - Essa Tal Proclamação da República Livro - Trem Da Historia, O Livro - Brasil, Olhar De Artista Livro - Sonho da Princesa, O Livro - Conversa De Madame Livro - 1001 Noites A Luz Do Dia Livro - Bale Dos Skazkas Livro - Bota E A Enxada, A Livro - Bicho de Artista Livro - Mesa de Artista - Natureza-Morta Livro - Espelho De Artista (Auto-Retrato) CD Fulanos de Tal - Fulanos de Tal Livro - E essa tal de escola? Como será? Livro - Leon e o retrato tal e qual Livro - Tal Filho, Tal Pai: Pais e Filhos Como Seres Totais Livro - Yoga para Crianças
			Igorando Pelo Filtro de Nome...
		Nome do Produto: Rack com Painel Tales 4 Prateleira e 2 Portas Doral/Preto - Madetec Rack com Painel Tales 4 Prateleira e 2 Portas Cinza Gris/Preto - Madetec CD Sian Edwards - Roxanna Panufnik: Beastly Tales (Importado) Livro - Mini Becky Bloom: Tal Mãe Tal Filha - Edição Econômica Livro - Essa Tal Proclamação da República Livro - Trem Da Historia, O Livro - Brasil, Olhar De Artista Livro - Sonho da Princesa, O Livro - Conversa De Madame Livro - 1001 Noites A Luz Do Dia Livro - Bale Dos Skazkas Livro - Bota E A Enxada, A Livro - Bicho de Artista Livro - Mesa de Artista - Natureza-Morta Livro - Espelho De Artista (Auto-Retrato) CD Fulanos de Tal - Fulanos de Tal Livro - E essa tal de escola? Como será? Livro - Leon e o retrato tal e qual Livro - Tal Filho, Tal Pai: Pais e Filhos Como Seres Totais Livro - Yoga para Crianças
			Igorando Pelo Filtro de Nome...
		Nome do Produto: Rack com Painel Tales 4 Prateleira e 2 Portas Doral/Preto - Madetec Rack com Painel Tales 4 Prateleira e 2 Portas Cinza Gris/Preto - Madetec CD Sian Edwards - Roxanna Panufnik: Beastly Tales (Importado) Livro - Mini Becky Bloom: Tal Mãe Tal Filha - Edição Econômica Livro - Essa Tal Proclamação da República Livro - Trem Da Historia, O Livro - Brasil, Olhar De Artista Livro - Sonho da Princesa, O Livro - Conversa De Madame Livro - 1001 Noites A Luz Do Dia Livro - Bale Dos Skazkas Livro - Bota E A Enxada, A Livro - Bicho de Artista Livro - Mesa de Artista - Natureza-Morta Livro - Espelho De Artista (Auto-Retrato) CD Fulanos de Tal - Fulanos de Tal Livro - E essa tal de escola? Como será? Livro - Leon e o retrato tal e qual Livro - Tal Filho, Tal Pai: Pais e Filhos Como Seres Totais Livro - Yoga para Crianças
			Igorando Pelo Filtro de Nome...
		Nome do Produto: Rack com Painel Tales 4 Prateleira e 2 Portas Doral/Preto - Madetec Rack com Painel Tales 4 Prateleira e 2 Portas Cinza Gris/Preto - Madetec CD Sian Edwards - Roxanna Panufnik: Beastly Tales (Importado) Livro - Mini Becky Bloom: Tal Mãe Tal Filha - Edição Econômica Livro - Essa Tal Proclamação da República Livro - Trem Da Historia, O Livro - Brasil, Olhar De Artista Livro - Sonho da Princesa, O Livro - Conversa De Madame Livro - 1001 Noites A Luz Do Dia Livro - Bale Dos Skazkas Livro - Bota E A Enxada, A Livro - Bicho de Artista Livro - Mesa de Artista - Natureza-Morta Livro - Espelho De Artista (Auto-Retrato) CD Fulanos de Tal - Fulanos de Tal Livro - E essa tal de escola? Como será? Livro - Leon e o retrato tal e qual Livro - Tal Filho, Tal Pai: Pais e Filhos Como Seres Totais Livro - Yoga para Crianças
			Igorando Pelo Filtro de Nome...
		Nome do Produto: Rack com Painel Tales 4 Prateleira e 2 Portas Doral/Preto - Madetec Rack com Painel Tales 4 Prateleira e 2 Portas Cinza Gris/Preto - Madetec CD Sian Edwards - Roxanna Panufnik: Beastly Tales (Importado) Livro - Mini Becky Bloom: Tal Mãe Tal Filha - Edição Econômica Livro - Essa Tal Proclamação da República Livro - Trem Da Historia, O Livro - Brasil, Olhar De Artista Livro - Sonho da Princesa, O Livro - Conversa De Madame Livro - 1001 Noites A Luz Do Dia Livro - Bale Dos Skazkas Livro - Bota E A Enxada, A Livro - Bicho de Artista Livro - Mesa de Artista - Natureza-Morta Livro - Espelho De Artista (Auto-Retrato) CD Fulanos de Tal - Fulanos de Tal Livro - E essa tal de escola? Como será? Livro - Leon e o retrato tal e qual Livro - Tal Filho, Tal Pai: Pais e Filhos Como Seres Totais Livro - Yoga para Crianças
			Igorando Pelo Filtro de Nome...
		Nome do Produto: Rack com Painel Tales 4 Prateleira e 2 Portas Doral/Preto - Madetec Rack com Painel Tales 4 Prateleira e 2 Portas Cinza Gris/Preto - Madetec CD Sian Edwards - Roxanna Panufnik: Beastly Tales (Importado) Livro - Mini Becky Bloom: Tal Mãe Tal Filha - Edição Econômica Livro - Essa Tal Proclamação da República Livro - Trem Da Historia, O Livro - Brasil, Olhar De Artista Livro - Sonho da Princesa, O Livro - Conversa De Madame Livro - 1001 Noites A Luz Do Dia Livro - Bale Dos Skazkas Livro - Bota E A Enxada, A Livro - Bicho de Artista Livro - Mesa de Artista - Natureza-Morta Livro - Espelho De Artista (Auto-Retrato) CD Fulanos de Tal - Fulanos de Tal Livro - E essa tal de escola? Como será? Livro - Leon e o retrato tal e qual Livro - Tal Filho, Tal Pai: Pais e Filhos Como Seres Totais Livro - Yoga para Crianças
			Igorando Pelo Filtro de Nome...
		Nome do Produto: Rack com Painel Tales 4 Prateleira e 2 Portas Doral/Preto - Madetec Rack com Painel Tales 4 Prateleira e 2 Portas Cinza Gris/Preto - Madetec CD Sian Edwards - Roxanna Panufnik: Beastly Tales (Importado) Livro - Mini Becky Bloom: Tal Mãe Tal Filha - Edição Econômica Livro - Essa Tal Proclamação da República Livro - Trem Da Historia, O Livro - Brasil, Olhar De Artista Livro - Sonho da Princesa, O Livro - Conversa De Madame Livro - 1001 Noites A Luz Do Dia Livro - Bale Dos Skazkas Livro - Bota E A Enxada, A Livro - Bicho de Artista Livro - Mesa de Artista - Natureza-Morta Livro - Espelho De Artista (Auto-Retrato) CD Fulanos de Tal - Fulanos de Tal Livro - E essa tal de escola? Como será? Livro - Leon e o retrato tal e qual Livro - Tal Filho, Tal Pai: Pais e Filhos Como Seres Totais Livro - Yoga para Crianças
			Igorando Pelo Filtro de Nome...
		Nome do Produto: Rack com Painel Tales 4 Prateleira e 2 Portas Doral/Preto - Madetec Rack com Painel Tales 4 Prateleira e 2 Portas Cinza Gris/Preto - Madetec CD Sian Edwards - Roxanna Panufnik: Beastly Tales (Importado) Livro - Mini Becky Bloom: Tal Mãe Tal Filha - Edição Econômica Livro - Essa Tal Proclamação da República Livro - Trem Da Historia, O Livro - Brasil, Olhar De Artista Livro - Sonho da Princesa, O Livro - Conversa De Madame Livro - 1001 Noites A Luz Do Dia Livro - Bale Dos Skazkas Livro - Bota E A Enxada, A Livro - Bicho de Artista Livro - Mesa de Artista - Natureza-Morta Livro - Espelho De Artista (Auto-Retrato) CD Fulanos de Tal - Fulanos de Tal Livro - E essa tal de escola? Como será? Livro - Leon e o retrato tal e qual Livro - Tal Filho, Tal Pai: Pais e Filhos Como Seres Totais Livro - Yoga para Crianças
			Igorando Pelo Filtro de Nome...
		Nome do Produto: Rack com Painel Tales 4 Prateleira e 2 Portas Doral/Preto - Madetec Rack com Painel Tales 4 Prateleira e 2 Portas Cinza Gris/Preto - Madetec CD Sian Edwards - Roxanna Panufnik: Beastly Tales (Importado) Livro - Mini Becky Bloom: Tal Mãe Tal Filha - Edição Econômica Livro - Essa Tal Proclamação da República Livro - Trem Da Historia, O Livro - Brasil, Olhar De Artista Livro - Sonho da Princesa, O Livro - Conversa De Madame Livro - 1001 Noites A Luz Do Dia Livro - Bale Dos Skazkas Livro - Bota E A Enxada, A Livro - Bicho de Artista Livro - Mesa de Artista - Natureza-Morta Livro - Espelho De Artista (Auto-Retrato) CD Fulanos de Tal - Fulanos de Tal Livro - E essa tal de escola? Como será? Livro - Leon e o retrato tal e qual Livro - Tal Filho, Tal Pai: Pais e Filhos Como Seres Totais Livro - Yoga para Crianças
			Igorando Pelo Filtro de Nome...
		Nome do Produto: Rack com Painel Tales 4 Prateleira e 2 Portas Doral/Preto - Madetec Rack com Painel Tales 4 Prateleira e 2 Portas Cinza Gris/Preto - Madetec CD Sian Edwards - Roxanna Panufnik: Beastly Tales (Importado) Livro - Mini Becky Bloom: Tal Mãe Tal Filha - Edição Econômica Livro - Essa Tal Proclamação da República Livro - Trem Da Historia, O Livro - Brasil, Olhar De Artista Livro - Sonho da Princesa, O Livro - Conversa De Madame Livro - 1001 Noites A Luz Do Dia Livro - Bale Dos Skazkas Livro - Bota E A Enxada, A Livro - Bicho de Artista Livro - Mesa de Artista - Natureza-Morta Livro - Espelho De Artista (Auto-Retrato) CD Fulanos de Tal - Fulanos de Tal Livro - E essa tal de escola? Como será? Livro - Leon e o retrato tal e qual Livro - Tal Filho, Tal Pai: Pais e Filhos Como Seres Totais Livro - Yoga para Crianças
			Igorando Pelo Filtro de Nome...
		Nome do Produto: Rack com Painel Tales 4 Prateleira e 2 Portas Doral/Preto - Madetec Rack com Painel Tales 4 Prateleira e 2 Portas Cinza Gris/Preto - Madetec CD Sian Edwards - Roxanna Panufnik: Beastly Tales (Importado) Livro - Mini Becky Bloom: Tal Mãe Tal Filha - Edição Econômica Livro - Essa Tal Proclamação da República Livro - Trem Da Historia, O Livro - Brasil, Olhar De Artista Livro - Sonho da Princesa, O Livro - Conversa De Madame Livro - 1001 Noites A Luz Do Dia Livro - Bale Dos Skazkas Livro - Bota E A Enxada, A Livro - Bicho de Artista Livro - Mesa de Artista - Natureza-Morta Livro - Espelho De Artista (Auto-Retrato) CD Fulanos de Tal - Fulanos de Tal Livro - E essa tal de escola? Como será? Livro - Leon e o retrato tal e qual Livro - Tal Filho, Tal Pai: Pais e Filhos Como Seres Totais Livro - Yoga para Crianças
			Igorando Pelo Filtro de Nome...
		Nome do Produto: Rack com Painel Tales 4 Prateleira e 2 Portas Doral/Preto - Madetec Rack com Painel Tales 4 Prateleira e 2 Portas Cinza Gris/Preto - Madetec CD Sian Edwards - Roxanna Panufnik: Beastly Tales (Importado) Livro - Mini Becky Bloom: Tal Mãe Tal Filha - Edição Econômica Livro - Essa Tal Proclamação da República Livro - Trem Da Historia, O Livro - Brasil, Olhar De Artista Livro - Sonho da Princesa, O Livro - Conversa De Madame Livro - 1001 Noites A Luz Do Dia Livro - Bale Dos Skazkas Livro - Bota E A Enxada, A Livro - Bicho de Artista Livro - Mesa de Artista - Natureza-Morta Livro - Espelho De Artista (Auto-Retrato) CD Fulanos de Tal - Fulanos de Tal Livro - E essa tal de escola? Como será? Livro - Leon e o retrato tal e qual Livro - Tal Filho, Tal Pai: Pais e Filhos Como Seres Totais Livro - Yoga para Crianças
			Igorando Pelo Filtro de Nome...
		Nome do Produto: Rack com Painel Tales 4 Prateleira e 2 Portas Doral/Preto - Madetec Rack com Painel Tales 4 Prateleira e 2 Portas Cinza Gris/Preto - Madetec CD Sian Edwards - Roxanna Panufnik: Beastly Tales (Importado) Livro - Mini Becky Bloom: Tal Mãe Tal Filha - Edição Econômica Livro - Essa Tal Proclamação da República Livro - Trem Da Historia, O Livro - Brasil, Olhar De Artista Livro - Sonho da Princesa, O Livro - Conversa De Madame Livro - 1001 Noites A Luz Do Dia Livro - Bale Dos Skazkas Livro - Bota E A Enxada, A Livro - Bicho de Artista Livro - Mesa de Artista - Natureza-Morta Livro - Espelho De Artista (Auto-Retrato) CD Fulanos de Tal - Fulanos de Tal Livro - E essa tal de escola? Como será? Livro - Leon e o retrato tal e qual Livro - Tal Filho, Tal Pai: Pais e Filhos Como Seres Totais Livro - Yoga para Crianças
			Igorando Pelo Filtro de Nome...
		Nome do Produto: Rack com Painel Tales 4 Prateleira e 2 Portas Doral/Preto - Madetec Rack com Painel Tales 4 Prateleira e 2 Portas Cinza Gris/Preto - Madetec CD Sian Edwards - Roxanna Panufnik: Beastly Tales (Importado) Livro - Mini Becky Bloom: Tal Mãe Tal Filha - Edição Econômica Livro - Essa Tal Proclamação da República Livro - Trem Da Historia, O Livro - Brasil, Olhar De Artista Livro - Sonho da Princesa, O Livro - Conversa De Madame Livro - 1001 Noites A Luz Do Dia Livro - Bale Dos Skazkas Livro - Bota E A Enxada, A Livro - Bicho de Artista Livro - Mesa de Artista - Natureza-Morta Livro - Espelho De Artista (Auto-Retrato) CD Fulanos de Tal - Fulanos de Tal Livro - E essa tal de escola? Como será? Livro - Leon e o retrato tal e qual Livro - Tal Filho, Tal Pai: Pais e Filhos Como Seres Totais Livro - Yoga para Crianças
			Igorando Pelo Filtro de Nome...
		Nome do Produto: Rack com Painel Tales 4 Prateleira e 2 Portas Doral/Preto - Madetec Rack com Painel Tales 4 Prateleira e 2 Portas Cinza Gris/Preto - Madetec CD Sian Edwards - Roxanna Panufnik: Beastly Tales (Importado) Livro - Mini Becky Bloom: Tal Mãe Tal Filha - Edição Econômica Livro - Essa Tal Proclamação da República Livro - Trem Da Historia, O Livro - Brasil, Olhar De Artista Livro - Sonho da Princesa, O Livro - Conversa De Madame Livro - 1001 Noites A Luz Do Dia Livro - Bale Dos Skazkas Livro - Bota E A Enxada, A Livro - Bicho de Artista Livro - Mesa de Artista - Natureza-Morta Livro - Espelho De Artista (Auto-Retrato) CD Fulanos de Tal - Fulanos de Tal Livro - E essa tal de escola? Como será? Livro - Leon e o retrato tal e qual Livro - Tal Filho, Tal Pai: Pais e Filhos Como Seres Totais Livro - Yoga para Crianças
			Igorando Pelo Filtro de Nome...
		Nome do Produto: Rack com Painel Tales 4 Prateleira e 2 Portas Doral/Preto - Madetec Rack com Painel Tales 4 Prateleira e 2 Portas Cinza Gris/Preto - Madetec CD Sian Edwards - Roxanna Panufnik: Beastly Tales (Importado) Livro - Mini Becky Bloom: Tal Mãe Tal Filha - Edição Econômica Livro - Essa Tal Proclamação da República Livro - Trem Da Historia, O Livro - Brasil, Olhar De Artista Livro - Sonho da Princesa, O Livro - Conversa De Madame Livro - 1001 Noites A Luz Do Dia Livro - Bale Dos Skazkas Livro - Bota E A Enxada, A Livro - Bicho de Artista Livro - Mesa de Artista - Natureza-Morta Livro - Espelho De Artista (Auto-Retrato) CD Fulanos de Tal - Fulanos de Tal Livro - E essa tal de escola? Como será? Livro - Leon e o retrato tal e qual Livro - Tal Filho, Tal Pai: Pais e Filhos Como Seres Totais Livro - Yoga para Crianças
			Igorando Pelo Filtro de Nome...
		Nome do Produto: Rack com Painel Tales 4 Prateleira e 2 Portas Doral/Preto - Madetec Rack com Painel Tales 4 Prateleira e 2 Portas Cinza Gris/Preto - Madetec CD Sian Edwards - Roxanna Panufnik: Beastly Tales (Importado) Livro - Mini Becky Bloom: Tal Mãe Tal Filha - Edição Econômica Livro - Essa Tal Proclamação da República Livro - Trem Da Historia, O Livro - Brasil, Olhar De Artista Livro - Sonho da Princesa, O Livro - Conversa De Madame Livro - 1001 Noites A Luz Do Dia Livro - Bale Dos Skazkas Livro - Bota E A Enxada, A Livro - Bicho de Artista Livro - Mesa de Artista - Natureza-Morta Livro - Espelho De Artista (Auto-Retrato) CD Fulanos de Tal - Fulanos de Tal Livro - E essa tal de escola? Como será? Livro - Leon e o retrato tal e qual Livro - Tal Filho, Tal Pai: Pais e Filhos Como Seres Totais Livro - Yoga para Crianças
			Igorando Pelo Filtro de Nome...
		Nome do Produto: Rack com Painel Tales 4 Prateleira e 2 Portas Doral/Preto - Madetec Rack com Painel Tales 4 Prateleira e 2 Portas Cinza Gris/Preto - Madetec CD Sian Edwards - Roxanna Panufnik: Beastly Tales (Importado) Livro - Mini Becky Bloom: Tal Mãe Tal Filha - Edição Econômica Livro - Essa Tal Proclamação da República Livro - Trem Da Historia, O Livro - Brasil, Olhar De Artista Livro - Sonho da Princesa, O Livro - Conversa De Madame Livro - 1001 Noites A Luz Do Dia Livro - Bale Dos Skazkas Livro - Bota E A Enxada, A Livro - Bicho de Artista Livro - Mesa de Artista - Natureza-Morta Livro - Espelho De Artista (Auto-Retrato) CD Fulanos de Tal - Fulanos de Tal Livro - E essa tal de escola? Como será? Livro - Leon e o retrato tal e qual Livro - Tal Filho, Tal Pai: Pais e Filhos Como Seres Totais Livro - Yoga para Crianças
			Igorando Pelo Filtro de Nome...
		Nome do Produto: Rack com Painel Tales 4 Prateleira e 2 Portas Doral/Preto - Madetec Rack com Painel Tales 4 Prateleira e 2 Portas Cinza Gris/Preto - Madetec CD Sian Edwards - Roxanna Panufnik: Beastly Tales (Importado) Livro - Mini Becky Bloom: Tal Mãe Tal Filha - Edição Econômica Livro - Essa Tal Proclamação da República Livro - Trem Da Historia, O Livro - Brasil, Olhar De Artista Livro - Sonho da Princesa, O Livro - Conversa De Madame Livro - 1001 Noites A Luz Do Dia Livro - Bale Dos Skazkas Livro - Bota E A Enxada, A Livro - Bicho de Artista Livro - Mesa de Artista - Natureza-Morta Livro - Espelho De Artista (Auto-Retrato) CD Fulanos de Tal - Fulanos de Tal Livro - E essa tal de escola? Como será? Livro - Leon e o retrato tal e qual Livro - Tal Filho, Tal Pai: Pais e Filhos Como Seres Totais Livro - Yoga para Crianças
			Igorando Pelo Filtro de Nome...
		Nome do Produto: Rack com Painel Tales 4 Prateleira e 2 Portas Doral/Preto - Madetec Rack com Painel Tales 4 Prateleira e 2 Portas Cinza Gris/Preto - Madetec CD Sian Edwards - Roxanna Panufnik: Beastly Tales (Importado) Livro - Mini Becky Bloom: Tal Mãe Tal Filha - Edição Econômica Livro - Essa Tal Proclamação da República Livro - Trem Da Historia, O Livro - Brasil, Olhar De Artista Livro - Sonho da Princesa, O Livro - Conversa De Madame Livro - 1001 Noites A Luz Do Dia Livro - Bale Dos Skazkas Livro - Bota E A Enxada, A Livro - Bicho de Artista Livro - Mesa de Artista - Natureza-Morta Livro - Espelho De Artista (Auto-Retrato) CD Fulanos de Tal - Fulanos de Tal Livro - E essa tal de escola? Como será? Livro - Leon e o retrato tal e qual Livro - Tal Filho, Tal Pai: Pais e Filhos Como Seres Totais Livro - Yoga para Crianças
			Igorando Pelo Filtro de Nome...
	Tempo Para buscar: 531
Loja: ShopB
	URL Principal: http://www.shopb.com.br/
	URL Busca: http://busca.shopb.com.br/?busca=<BUSCA>
http://busca.shopb.com.br/?busca=Tales+of+the+Abyss
		Documento Lido
		Resultados: 30
		Nome do Produto: A Game Of Thrones Genesis - PC
			Igorando Pelo Filtro de Nome...
		Nome do Produto: Ace Combat 6: Fires of liberation - XBOX 360
			Igorando Pelo Filtro de Nome...
		Nome do Produto: Adventure Time: Explore the Dungeon Because I Dont Know - PS3
			Igorando Pelo Filtro de Nome...
		Nome do Produto: Apache Air Assault - PS3
			Igorando Pelo Filtro de Nome...
		Nome do Produto: Army of Two: The 40th Day - PS3
			Igorando Pelo Filtro de Nome...
		Nome do Produto: Army of Two: The 40th Day - XBOX 360
			Igorando Pelo Filtro de Nome...
		Nome do Produto: Army of Two: The Devils Cartel - PS3
			Igorando Pelo Filtro de Nome...
		Nome do Produto: Army of Two: The Devils Cartel - XBOX 360
			Igorando Pelo Filtro de Nome...
		Nome do Produto: Assassins Creed: The Americas Collection - PS3
			Igorando Pelo Filtro de Nome...
		Nome do Produto: Assassins Creed: The Americas Collection - XBOX 360
			Igorando Pelo Filtro de Nome...
		Nome do Produto: Atelier Rorona Plus: The Alchemist of Arland - PS3
			Igorando Pelo Filtro de Nome...
		Nome do Produto: BAJA: Edge of Control - PS3
			Igorando Pelo Filtro de Nome...
		Nome do Produto: Back to the Future: The Game - PS3
			Igorando Pelo Filtro de Nome...
		Nome do Produto: Batman Arkham City: Game of The Year Edition - PS3
			Igorando Pelo Filtro de Nome...
		Nome do Produto: Batman Arkham City: Game of The Year Edition - XBOX 360
			Igorando Pelo Filtro de Nome...
		Nome do Produto: Best of Playstation Network Collection: Vol 1 - PS3
			Igorando Pelo Filtro de Nome...
		Nome do Produto: Beyond Two Souls - PS3
			Igorando Pelo Filtro de Nome...
		Nome do Produto: Blades Of Time - PS3
			Igorando Pelo Filtro de Nome...
		Nome do Produto: Boneco - Anderson "The Spider" Silva UFC Ultimate Collector
			Igorando Pelo Filtro de Nome...
		Nome do Produto: Boneco - Wanderlei "The Axe Murderer" Silva UFC Ultimate Collector
			Igorando Pelo Filtro de Nome...
		Nome do Produto: Borderlands: The Pre-Sequel - PS3
			Igorando Pelo Filtro de Nome...
		Nome do Produto: Borderlands: The Pre-Sequel - XBOX 360
			Igorando Pelo Filtro de Nome...
		Nome do Produto: Bundle The Darkness II + Bioshock 2 + Mafia II - PS3
			Igorando Pelo Filtro de Nome...
		Nome do Produto: Bundle The Elder Scrolls V: Skyrim + Bioshock Infinite - PS3
			Igorando Pelo Filtro de Nome...
		Nome do Produto: Bundle The Elder Scrolls V: Skyrim + Bioshock Infinite - XBOX 360
			Igorando Pelo Filtro de Nome...
		Nome do Produto: Call Of Duty 4: Modern Warfare - XBOX 360
			Igorando Pelo Filtro de Nome...
		Nome do Produto: Call Of Duty: World at War - XBOX 360
			Igorando Pelo Filtro de Nome...
		Nome do Produto: Call of Duty Advanced Warfare: Atlas Limited Edition - PS4
			Igorando Pelo Filtro de Nome...
		Nome do Produto: Call of Duty Advanced Warfare: Atlas Limited Edition - XBOX ONE
			Igorando Pelo Filtro de Nome...
		Nome do Produto: Call of Duty Advanced Warfare: Atlas Pro Edition - PS4
			Igorando Pelo Filtro de Nome...
	Tempo Para buscar: 1505
Loja: Submarino
	URL Principal: http://www.submarino.com.br/
	URL Busca: http://busca.submarino.com.br/busca.php?q=<BUSCA>
http://busca.submarino.com.br/busca.php?q=Tales+of+the+Abyss
		Documento Lido
		Resultados: 30
		Nome do Produto: Game - Tales of Symphonia Chronicles - PS3
			Igorando Pelo Filtro de Nome...
		Nome do Produto: Livro - The Complete Tales And Poems Of Edgar Allan Poe
			Igorando Pelo Filtro de Nome...
		Nome do Produto: Kit Livros - The Book of Lost Tales Part 1 and 2
			Igorando Pelo Filtro de Nome...
		Nome do Produto: Game Tales Of Xillia - PS3
			Igorando Pelo Filtro de Nome...
		Nome do Produto: Games - Tales of Xillia 2 - PS3
			Igorando Pelo Filtro de Nome...
		Nome do Produto: Tales Of Xillia - Ps3
			Igorando Pelo Filtro de Nome...
		Nome do Produto: Rack com Painel Tales 4 Prateleira e 2 Portas Cinza Gris/Preto - Madetec
			Igorando Pelo Filtro de Nome...
		Nome do Produto: Kit com 3 Banhos Secos para Cães e Gatos 500ml - Pet Life
			Igorando Pelo Filtro de Nome...
		Nome do Produto: Rack com Painel Tales 4 Prateleira e 2 Portas Doral/Preto - Madetec
			Igorando Pelo Filtro de Nome...
		Nome do Produto: Sanitário para Cães Amfpet - Lilás
			Igorando Pelo Filtro de Nome...
		Nome do Produto: Sanitário para Cães Amfpet - Azul
			Igorando Pelo Filtro de Nome...
		Nome do Produto: Caderno de Informações Moleskine Volant Brochura Extra Preto Pequeno com Capa Flexível
			Igorando Pelo Filtro de Nome...
		Nome do Produto: Sanitário para Cães Amfpet - Verde
			Igorando Pelo Filtro de Nome...
		Nome do Produto: Caneta Tinteiro Anello Ébano Média Graf von Faber-Castell
			Igorando Pelo Filtro de Nome...
		Nome do Produto: Sanitário Osso AMF Pet - Lilás
			Igorando Pelo Filtro de Nome...
		Nome do Produto: CD - Josef Tal: Symphonyes 4-6
			Igorando Pelo Filtro de Nome...
		Nome do Produto: Tesoura Reta P/ Tosa Grd. 21cm
			Igorando Pelo Filtro de Nome...
		Nome do Produto: Kit Higiene Bucal Banho / Tosa 50 Und
			Igorando Pelo Filtro de Nome...
		Nome do Produto: Protetor Para Rodas
			Igorando Pelo Filtro de Nome...
		Nome do Produto: Tesoura Para Tosa Curva 18 Cm Com Regulagem
			Igorando Pelo Filtro de Nome...
		Nome do Produto: Tesoura Para Tosa Desbaste 17 Cm Com Regulagem
			Igorando Pelo Filtro de Nome...
		Nome do Produto: Tesoura Para Tosa Reta 18 Cm Com Regulagem
			Igorando Pelo Filtro de Nome...
		Nome do Produto: Fluido Desembaraçador Mega - 240 ml - Pet Society
			Igorando Pelo Filtro de Nome...
		Nome do Produto: Limpa Lâminas 300ml
			Igorando Pelo Filtro de Nome...
		Nome do Produto: Tesoura Peq. P/ Corte De Unhas
			Igorando Pelo Filtro de Nome...
		Nome do Produto: Livro - Grimm's Fairy Tales
			Igorando Pelo Filtro de Nome...
		Nome do Produto: Sanitário Osso Amfpet - Verde
			Igorando Pelo Filtro de Nome...
		Nome do Produto: Sanitário Osso para Cães Amfpet - Rosa
			Igorando Pelo Filtro de Nome...
		Nome do Produto: Sanitário para Cães Yogi Toilet - Yogipet
			Igorando Pelo Filtro de Nome...
		Nome do Produto: Canterbury Tales 3 Cl
			Igorando Pelo Filtro de Nome...
	Tempo Para buscar: 609
Loja: Walmart
	URL Principal: http://www.walmart.com.br/
	URL Busca: http://www.walmart.com.br/busca/?ft=<BUSCA>&PS=20
http://www.walmart.com.br/busca/?ft=Tales+of+the+Abyss&PS=20
		Documento Lido
		Resultados: 1
		Nome do Produto: Tales of the Abyss - 3DS
http://www.walmart.com.br//produto/Games/Jogos-para-Nintendo-3DS/Namco/2256158m-tales_of_the_abyss_3ds
		Acessando URL do produto.
	Tempo Para buscar: 22826

File copied from D:\WorkSpaces\workspace estudo\lookforprices\resources\imports\css.css to D:\WorkSpaces\workspace estudo\lookforprices\reports\2015-01-20 23\css.css
File copied from D:\WorkSpaces\workspace estudo\lookforprices\resources\imports\jquery.js to D:\WorkSpaces\workspace estudo\lookforprices\reports\2015-01-20 23\jquery.js
File copied from D:\WorkSpaces\workspace estudo\lookforprices\resources\imports\scripts.js to D:\WorkSpaces\workspace estudo\lookforprices\reports\2015-01-20 23\scripts.js
Tempo total de execução: 108745
