Loja: Nintendo eShop
	URL Principal: http://www.nintendo.com/3ds/eshop
	URL Busca: http://www.nintendo.com/json/content/get/game/filter?&&&&qterm=<BUSCA>
NintendoEShopSearch.search() http://www.nintendo.com/json/content/get/game/filter?&&&&qterm=monster+hunter+ultimate+4
		Documento Lido
		Resultados: 3
		Nome do Produto: Monster Hunter 4 Ultimate
http://www.nintendo.com/games/detail/xKYkSY9ybVIBDX3rGWZ0CBDZgtLt9Am3
		Acessando URL do produto.
URL = http://www.nintendo.com/games/detail/xKYkSY9ybVIBDX3rGWZ0CBDZgtLt9Am3
		Nome do Produto: Monster Hunter 3 Ultimate
			Igorando Pelo Filtro de Nome...
		Nome do Produto: SNK Arcade Classics Volume 1
			Igorando Pelo Filtro de Nome...
	Tempo Para buscar: 1873
Loja: Americanas
	URL Principal: http://www.americanas.com.br/
	URL Busca: http://busca.americanas.com.br/busca.php?q=<BUSCA>
http://busca.americanas.com.br/busca.php?q=monster+hunter+ultimate+4
		Documento Lido
		Resultados: 30
		Nome do Produto: Boneca Monster High Clássicas Clawdeen Wolf Clássica Mattel
			Igorando Pelo Filtro de Nome...
		Nome do Produto: Monster High - Monstros, Câmera, Ação - Viperine BLW98 Mattel
			Igorando Pelo Filtro de Nome...
		Nome do Produto: Boneca Monster High Volta as Aulas Gigi - Mattel
			Igorando Pelo Filtro de Nome...
		Nome do Produto: Monster High Aula de Arte Draculaura - Mattel
			Igorando Pelo Filtro de Nome...
		Nome do Produto: Monster High - Sala de Aula - Home Ick BDD81/BDD82 Mattel
			Igorando Pelo Filtro de Nome...
		Nome do Produto: Boneca Monster High Clássicas Frankie Stein Clássica Mattel
			Igorando Pelo Filtro de Nome...
		Nome do Produto: Monster High Foto de Terror Catrine de Mew X4603/BGT33 Mattel
			Igorando Pelo Filtro de Nome...
		Nome do Produto: Boneca Monster High Ghoulia - Mattel
			Igorando Pelo Filtro de Nome...
		Nome do Produto: Monster High - Monstros, Câmera, Ação - Acessórios - Tapete Mattel
			Igorando Pelo Filtro de Nome...
		Nome do Produto: Monster High - Deuce Olhar Assustador BDD93 Mattel
			Igorando Pelo Filtro de Nome...
		Nome do Produto: Sala dos Alunos Monster High Acessórios Escola Mattel
			Igorando Pelo Filtro de Nome...
		Nome do Produto: Monster High - Sala de Aula - Aula de Artes BDD81/BDD83 Mattel
			Igorando Pelo Filtro de Nome...
		Nome do Produto: Monster High Elissabat BLX00 - Mattel
			Igorando Pelo Filtro de Nome...
		Nome do Produto: Boneco Monster High Volta as Aulas Invisibilly - Mattel
			Igorando Pelo Filtro de Nome...
		Nome do Produto: Monster High - Secret Creepers Jane BLV96 Mattel
			Igorando Pelo Filtro de Nome...
		Nome do Produto: Monster High - Monstros, Câmera, Ação - Draculaura BDF22/BDF23 Mattel
			Igorando Pelo Filtro de Nome...
		Nome do Produto: Monster High Clawdia Wolf BLX01 - Mattel
			Igorando Pelo Filtro de Nome...
		Nome do Produto: Boneca Monster High Frankie Stein CBP34/CBP35 - Mattel
			Igorando Pelo Filtro de Nome...
		Nome do Produto: Monster High Aula de Arte - Abbey BDF13 - Mattel
			Igorando Pelo Filtro de Nome...
		Nome do Produto: Monster High - Acessórios Secret Creepers Mattel
			Igorando Pelo Filtro de Nome...
		Nome do Produto: Sangueteria Monster High Acessórios Escola Mattel
			Igorando Pelo Filtro de Nome...
		Nome do Produto: Boneca Monster High Clássicas Draculaura Clássica Mattel
			Igorando Pelo Filtro de Nome...
		Nome do Produto: Monster High - Monstros, Câmera, Ação - Clawdeen Wolf BDF22/BDF26 Mattel
			Igorando Pelo Filtro de Nome...
		Nome do Produto: Monster High - Monstros, Câmera, Ação - Acessórios - Vestiário BDD89/BDD90 Mattel
			Igorando Pelo Filtro de Nome...
		Nome do Produto: Monster High Torcida Frankie Stein
			Igorando Pelo Filtro de Nome...
		Nome do Produto: Monster High - Monstros, Câmera, Ação - Lagoona BDF22/BDF24 Mattel
			Igorando Pelo Filtro de Nome...
		Nome do Produto: Monster High Foto de Terror Jinafire Long X4603/BGT34 Mattel
			Igorando Pelo Filtro de Nome...
		Nome do Produto: Monster High Aula de Arte - Skelita - Mattel
			Igorando Pelo Filtro de Nome...
		Nome do Produto: Boneca Monster High Dracubecca - Mattel
			Igorando Pelo Filtro de Nome...
		Nome do Produto: Monster High - Torcida - Venus McFlytrap BDF07/BDF09 Mattel
			Igorando Pelo Filtro de Nome...
	Tempo Para buscar: 889
Loja: Big Boy Games
	URL Principal: http://www.bigboygames.com.br/
	URL Busca: http://www.bigboygames.com.br/pesquisa/?p=<BUSCA>
http://www.bigboygames.com.br/pesquisa/?p=monster+hunter+ultimate+4
org.jsoup.HttpStatusException: HTTP error fetching URL. Status=403, URL=http://www.bigboygames.com.br/pesquisa/?p=monster+hunter+ultimate+4
	at org.jsoup.helper.HttpConnection$Response.execute(HttpConnection.java:459)
	at org.jsoup.helper.HttpConnection$Response.execute(HttpConnection.java:434)
	at org.jsoup.helper.HttpConnection.execute(HttpConnection.java:181)
	at org.jsoup.helper.HttpConnection.get(HttpConnection.java:170)
	at comom.Util.readUrlDocument(Util.java:94)
	at interfaces.search.BigBoyGamesSearch.readResults(BigBoyGamesSearch.java:98)
	at interfaces.search.BigBoyGamesSearch.search(BigBoyGamesSearch.java:30)
	at objects.Shop.searchProduct(Shop.java:33)
	at Main.generateHtlReport(Main.java:88)
	at Main.main(Main.java:65)
Tentando conectar Na Url de outro modo
java.io.IOException: Server returned HTTP response code: 403 for URL: http://www.bigboygames.com.br/pesquisa/?p=monster+hunter+ultimate+4
	at sun.net.www.protocol.http.HttpURLConnection.getInputStream(HttpURLConnection.java:1615)
	at comom.Util.getPageBuffer(Util.java:138)
	at comom.Util.readUrl(Util.java:106)
	at comom.Util.readUrlDocument(Util.java:98)
	at interfaces.search.BigBoyGamesSearch.readResults(BigBoyGamesSearch.java:98)
	at interfaces.search.BigBoyGamesSearch.search(BigBoyGamesSearch.java:30)
	at objects.Shop.searchProduct(Shop.java:33)
	at Main.generateHtlReport(Main.java:88)
	at Main.main(Main.java:65)
		Documento Lido
		Resultados*: 1
		Acessando URL do produto.
java.lang.NullPointerException
	at interfaces.search.BigBoyGamesSearch.readProductPage(BigBoyGamesSearch.java:91)
	at interfaces.search.BigBoyGamesSearch.search(BigBoyGamesSearch.java:42)
	at objects.Shop.searchProduct(Shop.java:33)
	at Main.generateHtlReport(Main.java:88)
	at Main.main(Main.java:65)
	Tempo Para buscar: 417
Loja: Casas Bahia
	URL Principal: http://www.casasbahia.com.br/
	URL Busca: http://buscas.casasbahia.com.br/search?w=<BUSCA>
http://buscas.casasbahia.com.br/search?w=monster+hunter+ultimate+4
		Documento Lido
		Resultados: 1
		Nome do Produto: Livro - Herdeiro da Escuridão: Um Suspense de Tirar o Fôlego e Deliciosamente Inesperado
			Igorando Pelo Filtro de Nome...
		Nome do Produto: Pedal para Guitarra/Baixo Fire Ultimate Distortion
			Igorando Pelo Filtro de Nome...
		Nome do Produto: Game Borderlands 2: Ultimate Vault Hunter Upgrade Pack (DLC) para Download - PC
			Igorando Pelo Filtro de Nome...
		Nome do Produto: DVD - Rhythm Devils: Concert Experience - Duplo - Importado
			Igorando Pelo Filtro de Nome...
		Nome do Produto: Livro - Edição Luxo Jennifer Echols: Longe Demais, Como Fui Esquecer Você e Love Story - Jennifer Echols
			Igorando Pelo Filtro de Nome...
		Nome do Produto: Jogo Assassin's Creed Rogue Signature Edition - X360
			Igorando Pelo Filtro de Nome...
		Nome do Produto: Jogo Assassin's Creed Rogue Signature Edition - PS3
			Igorando Pelo Filtro de Nome...
		Nome do Produto: Combo Ultimate 2Hot + PowerBCAA
			Igorando Pelo Filtro de Nome...
		Nome do Produto: Miçangas Black Skull - Monster High - Fun
			Igorando Pelo Filtro de Nome...
		Nome do Produto: Miçangas Spirits - Monster High - Fun
			Igorando Pelo Filtro de Nome...
		Nome do Produto: Miçangas Morcego - Monster High - Fun
			Igorando Pelo Filtro de Nome...
		Nome do Produto: Livro - Cidade do Prazer
			Igorando Pelo Filtro de Nome...
		Nome do Produto: Cartao de Memória Classe 10 Kingston Sda10/64Gb Ultimate 64Gb
			Igorando Pelo Filtro de Nome...
		Nome do Produto: Combo Power Cellulicare + Ultimate 2Hot
			Igorando Pelo Filtro de Nome...
		Nome do Produto: Boneca Monster High Mattel Monstro Interior - Briguenta Amorosa
			Igorando Pelo Filtro de Nome...
		Nome do Produto: Monster High - Aplicador de Miçangas - Intek
			Igorando Pelo Filtro de Nome...
		Nome do Produto: Jogo Dead or Alive 5 Ultimate - Favoritos + Jogo inFamous 2 - PS3
			Igorando Pelo Filtro de Nome...
		Nome do Produto: Prancha Modeladora Ultimate Stylist Remington + Diva Look
			Igorando Pelo Filtro de Nome...
		Nome do Produto: Pedal Guitarra Fire Ultimate Distortion
			Igorando Pelo Filtro de Nome...
		Nome do Produto: Livro - As Entrevistas da Paris Review - Volume 2
			Igorando Pelo Filtro de Nome...
	Tempo Para buscar: 2701
Loja: Extra
	URL Principal: http://www.extra.com.br/
	URL Busca: http://buscando.extra.com.br/search?w=<BUSCA>
http://buscando.extra.com.br/search?w=monster+hunter+ultimate+4
		Documento Lido
		Resultados: 12
		Nome do Produto: Livro - Herdeiro da Escuridão: Um Suspense de Tirar o Fôlego e Deliciosamente Inesperado
			Igorando Pelo Filtro de Nome...
		Nome do Produto: Game Borderlands 2: Ultimate Vault Hunter Upgrade Pack (DLC) para Download - PC
			Igorando Pelo Filtro de Nome...
		Nome do Produto: Pedal para Guitarra/Baixo Fire Ultimate Distortion
			Igorando Pelo Filtro de Nome...
		Nome do Produto: Monster High Conjunto Crie seu Monstro Lobisomen Mattel
			Igorando Pelo Filtro de Nome...
		Nome do Produto: DVD - Rhythm Devils: Concert Experience - Duplo - Importado
			Igorando Pelo Filtro de Nome...
		Nome do Produto: Game Borderlands 2: Ultimate Vault Hunter Upgrade Pack (DLC)
			Igorando Pelo Filtro de Nome...
		Nome do Produto: Livro - Edição Luxo Jennifer Echols: Longe Demais, Como Fui Esquecer Você e Love Story - Jennifer Echols
			Igorando Pelo Filtro de Nome...
		Nome do Produto: Bolsa Personalizada com Canetinha Monster High Fun Divirta-se
			Igorando Pelo Filtro de Nome...
		Nome do Produto: DVD Monster High - Monster Fusion Universal
			Igorando Pelo Filtro de Nome...
		Nome do Produto: Ultimate 5 Whey Protein - Probiótica
			Igorando Pelo Filtro de Nome...
		Nome do Produto: Relógio Analógico Monster High Fun Divirta-se
			Igorando Pelo Filtro de Nome...
		Nome do Produto: Titanium Ultimate Pack Max Titanium
			Igorando Pelo Filtro de Nome...
	Tempo Para buscar: 2397
Loja: E-Virtua
	URL Principal: http://www.evirtua.com.br/
	URL Busca: http://www.evirtua.com.br/Busca?search_department_id=0&SearchTerm=<BUSCA>
http://www.evirtua.com.br/Busca?search_department_id=0&SearchTerm=monster+hunter+ultimate+4
		Documento Lido
		Resultados: 1
		Nome do Produto: Monster Hunter 4 Ultimate - Nintendo 3DS
http://www.evirtua.com.br//monster-hunter-4-ultimate-nintendo-3ds/3685-01
		Acessando URL do produto.
	Tempo Para buscar: 414
Loja: Fast Games
	URL Principal: http://www.fastgames.com.br/
	URL Busca: http://www.fastgames.com.br/loja/busca.php?loja=187970&palavra_busca=<BUSCA>
http://www.fastgames.com.br/loja/busca.php?loja=187970&palavra_busca=monster+hunter+ultimate+4
		Documento Lido
		Resultados: 1
		Nome do Produto: Monster Hunter 3 Ultimate - 3DS
			Igorando Pelo Filtro de Nome...
	Tempo Para buscar: 1504
Loja: Fast Shop
	URL Principal: http://www.fastshop.com.br/loja/
	URL Busca: http://www.fastshop.com.br/webapp/wcs/stores/servlet/SearchDisplay?searchTerm=<BUSCA>&categoryId=&storeId=10151&catalogId=11052&langId=-6&pageSize=9&beginIndex=0&sType=SimpleSearch&resultCatEntryType=2&showResultsPage=true&searchSource=Q&pageView=&hotsite=fastshop
http://www.fastshop.com.br/webapp/wcs/stores/servlet/SearchDisplay?searchTerm=monster+hunter+ultimate+4&categoryId=&storeId=10151&catalogId=11052&langId=-6&pageSize=9&beginIndex=0&sType=SimpleSearch&resultCatEntryType=2&showResultsPage=true&searchSource=Q&pageView=&hotsite=fastshop
java.net.SocketTimeoutException: Read timed out
	at java.net.SocketInputStream.socketRead0(Native Method)
	at java.net.SocketInputStream.read(SocketInputStream.java:150)
	at java.net.SocketInputStream.read(SocketInputStream.java:121)
	at java.io.BufferedInputStream.fill(BufferedInputStream.java:235)
	at java.io.BufferedInputStream.read1(BufferedInputStream.java:275)
	at java.io.BufferedInputStream.read(BufferedInputStream.java:334)
	at sun.net.www.http.HttpClient.parseHTTPHeader(HttpClient.java:633)
	at sun.net.www.http.HttpClient.parseHTTP(HttpClient.java:579)
	at sun.net.www.protocol.http.HttpURLConnection.getInputStream(HttpURLConnection.java:1322)
	at java.net.HttpURLConnection.getResponseCode(HttpURLConnection.java:468)
	at org.jsoup.helper.HttpConnection$Response.execute(HttpConnection.java:453)
	at org.jsoup.helper.HttpConnection$Response.execute(HttpConnection.java:434)
	at org.jsoup.helper.HttpConnection.execute(HttpConnection.java:181)
	at org.jsoup.helper.HttpConnection.get(HttpConnection.java:170)
	at comom.Util.readUrlDocument(Util.java:94)
	at interfaces.search.FastShopSearch.readResults(FastShopSearch.java:100)
	at interfaces.search.FastShopSearch.search(FastShopSearch.java:30)
	at objects.Shop.searchProduct(Shop.java:33)
	at Main.generateHtlReport(Main.java:88)
	at Main.main(Main.java:65)
Tentando conectar Na Url de outro modo
		Documento Lido
		Resultados: 0
	Tempo Para buscar: 20589
Loja: FNAC
	URL Principal: http://www.fnac.com.br/index.html
	URL Busca: http://busca.fnac.com.br/?busca=<BUSCA>
http://busca.fnac.com.br/?busca=monster+hunter+ultimate+4
		Documento Lido
		Resultados: 20
		Nome do Produto: Smart TV LED 3D Samsung Un85s9 Agxzd 85'' Uhd 240 Hz 4-hdmi 4-óculos
			Igorando Pelo Filtro de Nome...
		Nome do Produto: Smart TV LED 3D Lg 55ea9800 Curved 55" Full HD 240hz 4-hdmi 4-óculos
			Igorando Pelo Filtro de Nome...
		Nome do Produto: Macbook Pro Apple Mgxa2bz/a 16gb 256gb 15,4"
			Igorando Pelo Filtro de Nome...
		Nome do Produto: Smart TV LED 3D Lg 65ub9500 65" Uhd 120 Hz 4-hdmi Webos Wi-fi Integrado
			Igorando Pelo Filtro de Nome...
		Nome do Produto: Smart TV Oled 3D Lg 55ea9850 55" Curve 120 Hz 4-hdmi 4-óculos
			Igorando Pelo Filtro de Nome...
		Nome do Produto: Smart TV LED 3D Sony Kdl-65w955b 65" Full HD 480 Hz 4-hdmi Wi-fi Integrado 2-óculos
			Igorando Pelo Filtro de Nome...
		Nome do Produto: Smart TV LED 3D Sony Kdl-70w855b 70" Full HD 480 Hz 4-hdmi 2-óculos
			Igorando Pelo Filtro de Nome...
		Nome do Produto: Smart TV LED 3D Samsung Un55h8000agxzd 55" Full HD 1200hz 4-hdmi Wi-fi Integrado 2-óculos
			Igorando Pelo Filtro de Nome...
		Nome do Produto: Smart TV LED 3D Philips 55pfg7109/78 55" Full HD 960 Hz 4-hdmi 4-óculos Ambilight
			Igorando Pelo Filtro de Nome...
		Nome do Produto: Apple Md711bz/b Macbook Air Intel Haswell 4gb 128gb 11.6"
			Igorando Pelo Filtro de Nome...
		Nome do Produto: Câmera Reflex Nikon D7100 24.1 Mp Cmos 3.2" Filma em Fullhd @ 30qps Com Lente 18-105mm F/3.5-5.6 Ed Af-s Dx
			Igorando Pelo Filtro de Nome...
		Nome do Produto: Apple Iphone 6 Plus 128gb, A8-1.4ghz, Tela Retina HD 5.5", Ios 8.0, Câmera 8mp, Cinza Espacial
			Igorando Pelo Filtro de Nome...
		Nome do Produto: Apple Iphone 6 Plus 128gb, A8-1.4ghz, Tela Retina HD 5.5", Ios 8.0, Câmera 8mp, Prata
			Igorando Pelo Filtro de Nome...
		Nome do Produto: Apple Iphone 6 Plus 128gb, A8-1.4ghz, Tela Retina HD 5.5", Ios 8.0, Câmera 8mp, Dourado
			Igorando Pelo Filtro de Nome...
		Nome do Produto: Smart TV LED Sony Kdl-60w605b 60" Full HD 480hz 4-hdmi Wi-fi Integrado
			Igorando Pelo Filtro de Nome...
		Nome do Produto: Apple Iphone 6 128gb, A8-1.4ghz, Tela Retina HD 4.7", Ios 8.0, Câmera 8mp, Cinza Espacial
			Igorando Pelo Filtro de Nome...
		Nome do Produto: Apple Iphone 6 128gb, A8-1.4ghz, Tela Retina HD 4.7", Ios 8.0, Câmera 8mp, Prata
			Igorando Pelo Filtro de Nome...
		Nome do Produto: Apple Iphone 6 128gb, A8-1.4ghz, Tela Retina HD 4.7", Ios 8.0, Câmera 8mp, Dourado
			Igorando Pelo Filtro de Nome...
		Nome do Produto: Apple Iphone 6 Plus 64gb, A8-1.4ghz, Tela Retina HD 5.5", Ios 8.0, Câmera 8mp, Cinza Espacial
			Igorando Pelo Filtro de Nome...
		Nome do Produto: Apple Iphone 6 Plus 64gb, A8-1.4ghz, Tela Retina HD 5.5", Ios 8.0, Câmera 8mp, Prata
			Igorando Pelo Filtro de Nome...
	Tempo Para buscar: 1207
Loja: Kabum
	URL Principal: http://www.kabum.com.br/
	URL Busca: http://www.kabum.com.br/cgi-local/site/listagem/listagem.cgi?string=<BUSCA>&btnG=
http://www.kabum.com.br/cgi-local/site/listagem/listagem.cgi?string=monster+hunter+ultimate+4&btnG=
		Documento Lido
		Resultados: 0
	Tempo Para buscar: 664
Loja: Livraria Cultura
	URL Principal: http://www.livrariacultura.com.br/
	URL Busca: http://www.livrariacultura.com.br/busca?N=0&Ntt=<BUSCA>
http://www.livrariacultura.com.br/busca?N=0&Ntt=monster+hunter+ultimate+4
		Documento Lido
		Resultados: 4
		Nome do Produto: ALPHA HUNTER
			Igorando Pelo Filtro de Nome...
		Nome do Produto: CABELA'S VIDEO GAMES
			Igorando Pelo Filtro de Nome...
		Nome do Produto: A TALE OF TWO DEMON SLAYERS
			Igorando Pelo Filtro de Nome...
		Nome do Produto: MONSTER HUNTER 3 ULTIMATE (3DS)
			Igorando Pelo Filtro de Nome...
	Tempo Para buscar: 452
Loja: Magazine Luiza
	URL Principal: http://www.magazineluiza.com.br/
	URL Busca: http://www.magazineluiza.com.br/busca/<BUSCA>/
http://www.magazineluiza.com.br/busca/monster+hunter+ultimate+4/
		Documento Lido
		Resultados: 60
		Nome do Produto: Fifa 14 para PS4 - EA
			Igorando Pelo Filtro de Nome...
		Nome do Produto: The Last of Us - Remasterizado para PS4 - Naughty Dog
			Igorando Pelo Filtro de Nome...
		Nome do Produto: Lego Marvel Super Heroes para PS4 - Warner
			Igorando Pelo Filtro de Nome...
		Nome do Produto: Warriors Orochi 3 Ultimate para PS4 - Koei
			Igorando Pelo Filtro de Nome...
		Nome do Produto: Injustice: Gods Among Us - Ultimate Edition p/ PS4 - Warner
			Igorando Pelo Filtro de Nome...
		Nome do Produto: Diablo III - Ultimate Evil Edition para PS4 - Blizzard
			Igorando Pelo Filtro de Nome...
		Nome do Produto: Far Cry 4 Kyrat Edition para PS4 - Ubisoft
			Igorando Pelo Filtro de Nome...
		Nome do Produto: Metro Redux para PS4 - Deep Silver
			Igorando Pelo Filtro de Nome...
		Nome do Produto: Evolve para PS4 - 2K Games
			Igorando Pelo Filtro de Nome...
		Nome do Produto: Thief para PS4 - Square Enix
			Igorando Pelo Filtro de Nome...
		Nome do Produto: Knack para PS4 - Sony
			Igorando Pelo Filtro de Nome...
		Nome do Produto: The Wolf Among Us p/ PS4 - Telltale Games
			Igorando Pelo Filtro de Nome...
		Nome do Produto: Shadow Warrior para PS4 - Majesco Entertainment
			Igorando Pelo Filtro de Nome...
		Nome do Produto: Angry Birds Star Wars p/ PS4 - Activision
			Igorando Pelo Filtro de Nome...
		Nome do Produto: Final Fantasy XIV Online: A Realm Reborn p/ PS4 - Square Enix
			Igorando Pelo Filtro de Nome...
		Nome do Produto: Wolfenstein: The New Order para PS4 - Bethesda
			Igorando Pelo Filtro de Nome...
		Nome do Produto: Lego - O Hobbit para PS4 - Warner
			Igorando Pelo Filtro de Nome...
		Nome do Produto: The Lego Movie Videogame p/ PS4 - Warner
			Igorando Pelo Filtro de Nome...
		Nome do Produto: Little Big Planet 3 para PS4 - Sumo Digital
			Igorando Pelo Filtro de Nome...
		Nome do Produto: The Evil Within para PS4 - Bethesda
			Igorando Pelo Filtro de Nome...
		Nome do Produto: Alien: Isolation - Nostromo Edition para PS4 - Sega
			Igorando Pelo Filtro de Nome...
		Nome do Produto: Metal Gear Solid 5: Ground Zeroes para PS4 - Konami
			Igorando Pelo Filtro de Nome...
		Nome do Produto: The Walking Dead - Game of the Year Edition - p/ PS4 - Telltale Games
			Igorando Pelo Filtro de Nome...
		Nome do Produto: Destiny para PS4 - Activision
			Igorando Pelo Filtro de Nome...
		Nome do Produto: NHL 15 para PS4 - EA
			Igorando Pelo Filtro de Nome...
		Nome do Produto: The Order: 1886 para PS4 - Ready At Dawn
			Igorando Pelo Filtro de Nome...
		Nome do Produto: Bound by Flame para PS4 - Spiders Studio
			Igorando Pelo Filtro de Nome...
		Nome do Produto: Minecraft para PS4 - Mojang
			Igorando Pelo Filtro de Nome...
		Nome do Produto: NBA Live 15 para PS4 - EA
			Igorando Pelo Filtro de Nome...
		Nome do Produto: Murdered Soul Suspect para PS4 - Capcom
			Igorando Pelo Filtro de Nome...
		Nome do Produto: LEGO Batman 3 - Beyond Gotham para PS4 - Warner
			Igorando Pelo Filtro de Nome...
		Nome do Produto: MXGP - The Official Motocross Videogame para PS4 - Milestone
			Igorando Pelo Filtro de Nome...
		Nome do Produto: Air Conflict Vietnam para PS4 - Kalipso
			Igorando Pelo Filtro de Nome...
		Nome do Produto: Sleeping Dogs: Definitive Edition para PS4 - Square Enix
			Igorando Pelo Filtro de Nome...
		Nome do Produto: Lords of the Fallen para PS4 - Bandai Namco
			Igorando Pelo Filtro de Nome...
		Nome do Produto: Terra Média - Sombras de Mordor para PS4 - Warner
			Igorando Pelo Filtro de Nome...
		Nome do Produto: The Crew - Signature Edition para PS4 - Ubisoft
			Igorando Pelo Filtro de Nome...
		Nome do Produto: Driveclub para PS4 - Sony
			Igorando Pelo Filtro de Nome...
		Nome do Produto: Dying Light para PS4 - Warner
			Igorando Pelo Filtro de Nome...
		Nome do Produto: Assassins Creed Unity - Signature Edition para PS4 - Ubisoft
			Igorando Pelo Filtro de Nome...
		Nome do Produto: Sniper Elite 3 - Collectors Edition para PS4 - 505 Games
			Igorando Pelo Filtro de Nome...
		Nome do Produto: Call of Duty - Advanced Warfare: Day Zero para PS4 - Activision
			Igorando Pelo Filtro de Nome...
		Nome do Produto: Just Dance 2015 para PS4 - Ubisoft
			Igorando Pelo Filtro de Nome...
		Nome do Produto: Assassins Creed Unity - Collectors Edition - para PS4 - Ubisoft
			Igorando Pelo Filtro de Nome...
		Nome do Produto: Assassins Creed IV: Black Flag - Edição Limitada - p/ PS4 - Ubisoft
			Igorando Pelo Filtro de Nome...
		Nome do Produto: PES 2015 - Pro Evolution Soccer 2015 para PS4 - Konam
			Igorando Pelo Filtro de Nome...
		Nome do Produto: GTA V para PS4 - Grand Theft Auto V - Rockstar
			Igorando Pelo Filtro de Nome...
		Nome do Produto: Volante e Pedal T80 Racing Wheel para PS3 / PS4 - Thrustmaster
			Igorando Pelo Filtro de Nome...
		Nome do Produto: Just Dance 2014 p/ PS4 - Ubisoft
			Igorando Pelo Filtro de Nome...
		Nome do Produto: Headset para PC / PS3 / Xbox 360 / PS4 - PS Vita e Nintendo 3DS - Thrustmaster
			Igorando Pelo Filtro de Nome...
		Nome do Produto: Kit de Maquiagem Infantil Kit Teen 4 Esmaltes - Just 4 Princess
			Igorando Pelo Filtro de Nome...
		Nome do Produto: Kit de Maquiagem Infantil - Just 4 Princess
			Igorando Pelo Filtro de Nome...
		Nome do Produto: Kit de Maquiagem Descolada - Just 4 Princess
			Igorando Pelo Filtro de Nome...
		Nome do Produto: Kit de Maquiagem 5 Star - Just 4 Princess
			Igorando Pelo Filtro de Nome...
		Nome do Produto: Kit de Maquiagem Paetê - Just 4 Princess
			Igorando Pelo Filtro de Nome...
		Nome do Produto: Estojo de Maquiagem Infantil Mochila Flores - Just 4 Princess
			Igorando Pelo Filtro de Nome...
		Nome do Produto: Crimes and Punishment Sherlock Holmes p/ PS4 - Maximum Games
			Igorando Pelo Filtro de Nome...
		Nome do Produto: Tablet Microboard Ultimate 7 8GB Tela 7" Wi-Fi - Android 4.2 Proc. Dual Core Câm. 2MP + Fontal
			Igorando Pelo Filtro de Nome...
		Nome do Produto: Tablet Microboard Ultimate 7 8GB Tela 7" Wi-Fi - Android 4.2 Proc. Dual Core Câm. 2MP + Fontal
			Igorando Pelo Filtro de Nome...
		Nome do Produto: Batom Colorstay Ultimate Suede - Cor 040 - Flashing Lights - Revlon
			Igorando Pelo Filtro de Nome...
	Tempo Para buscar: 729
Loja: Mula Games
	URL Principal: http://www.mulagames.com.br/
	URL Busca: http://www.mulagames.com.br/produtos-index/catalogo_produtos/-/-/<BUSCA>/-/-/-/-/-/
http://www.mulagames.com.br/produtos-index/catalogo_produtos/-/-/monster%20hunter%20ultimate%204/-/-/-/-/-/
		Documento Lido
		Resultados: 1
		Nome do Produto: Monster Hunter 4 Ultimate - 3DS
http://www.mulagames.com.br/Monster-Hunter-4-Ultimate-3DS/prod-2690779/
		Acessando URL do produto.
http://www.mulagames.com.br/produto-ajax_retorna_dados_preco_comprar/2690779
		Acessando URL do preço produto.
	Tempo Para buscar: 2311
Loja: Net Shoes
	URL Principal: http://www.netshoes.com.br/
	URL Busca: http://www.netshoes.com.br/search?Ntt=<BUSCA>
http://www.netshoes.com.br/search?Ntt=monster+hunter+ultimate+4
		Documento Lido
		Resultados: 60
		Nome do Produto: Tênis Nike Air Relentless 4 MSL
			Igorando Pelo Filtro de Nome...
		Nome do Produto: Barraca Mormaii Bali 4
			Igorando Pelo Filtro de Nome...
		Nome do Produto: Tênis Adidas 4.3 K Infantil
			Igorando Pelo Filtro de Nome...
		Nome do Produto: Tênis Nike Air Relentless 4 MSL
			Igorando Pelo Filtro de Nome...
		Nome do Produto: Tênis Oakley Teeth 4
			Igorando Pelo Filtro de Nome...
		Nome do Produto: Tênis Nike In-Season TR 4
			Igorando Pelo Filtro de Nome...
		Nome do Produto: Caneleira Shura 4 Kg
			Igorando Pelo Filtro de Nome...
		Nome do Produto: Chuteira Penalty Victoria Pro 4 Society
			Igorando Pelo Filtro de Nome...
		Nome do Produto: Tênis Nike In-Season TR 4 Print
			Igorando Pelo Filtro de Nome...
		Nome do Produto: Tênis Nike Air Relentless 4 MSL
			Igorando Pelo Filtro de Nome...
		Nome do Produto: Tênis Mizuno Wave Prophecy 4
			Igorando Pelo Filtro de Nome...
		Nome do Produto: Monster Nitro NO2 44 Packs - Probiótica
			Igorando Pelo Filtro de Nome...
		Nome do Produto: Tênis Nike Air Relentless 4 MSL
			Igorando Pelo Filtro de Nome...
		Nome do Produto: Tênis Nike Air Relentless 4 MSL
			Igorando Pelo Filtro de Nome...
		Nome do Produto: Tênis Mizuno Wave Prophecy 4
			Igorando Pelo Filtro de Nome...
		Nome do Produto: Iso Waxy Maize 1,4 kg - Midway
			Igorando Pelo Filtro de Nome...
		Nome do Produto: Sandália Nike Sunray Adjust 4 Juvenil
			Igorando Pelo Filtro de Nome...
		Nome do Produto: Carnivor Proteína Hidrolisada da Carne 4 Lbs - MuscleMeds
			Igorando Pelo Filtro de Nome...
		Nome do Produto: Calça 3/4 Adidas ESS Fun
			Igorando Pelo Filtro de Nome...
		Nome do Produto: Tênis Mizuno Wave Prophecy 4
			Igorando Pelo Filtro de Nome...
		Nome do Produto: Tênis Nike In-Season TR 4
			Igorando Pelo Filtro de Nome...
		Nome do Produto: Monster Extreme Black 44 Packs - Probiótica
			Igorando Pelo Filtro de Nome...
		Nome do Produto: Tênis Nike Air Relentless 4 MSL
			Igorando Pelo Filtro de Nome...
		Nome do Produto: Tênis Nike Lunar Forever 4
			Igorando Pelo Filtro de Nome...
		Nome do Produto: Tênis Timberland Nabi 4
			Igorando Pelo Filtro de Nome...
		Nome do Produto: Tênis Adidas Barricade Team 4
			Igorando Pelo Filtro de Nome...
		Nome do Produto: Camiseta Gonew Club 3/4
			Igorando Pelo Filtro de Nome...
		Nome do Produto: Tênis Nike Air Courtballistec 4.1
			Igorando Pelo Filtro de Nome...
		Nome do Produto: Ultimate 5 Whey Protein 900 g - Probiótica
			Igorando Pelo Filtro de Nome...
		Nome do Produto: Tênis Mizuno Wave Prophecy 4
			Igorando Pelo Filtro de Nome...
		Nome do Produto: Tênis Timberland Nabi 4
			Igorando Pelo Filtro de Nome...
		Nome do Produto: Carnivor Proteína Hidrolisada da Carne 4 Lbs - MuscleMeds
			Igorando Pelo Filtro de Nome...
		Nome do Produto: Blender Bottle GoStak - 4 Packs
			Igorando Pelo Filtro de Nome...
		Nome do Produto: Waxy Maize 1,4 kg - Probiótica
			Igorando Pelo Filtro de Nome...
		Nome do Produto: Ultimate 5 Whey Protein 900 g - Probiótica
			Igorando Pelo Filtro de Nome...
		Nome do Produto: Tênis Nike Air Relentless 4 MSL
			Igorando Pelo Filtro de Nome...
		Nome do Produto: Massa Monster Black 3 kg - Probiótica
			Igorando Pelo Filtro de Nome...
		Nome do Produto: Massa Monster Black 1,5 kg - Probiótica
			Igorando Pelo Filtro de Nome...
		Nome do Produto: Massa Monster Black 1,5 kg - Probiótica
			Igorando Pelo Filtro de Nome...
		Nome do Produto: Tênis Mizuno Wave Prophecy 4
			Igorando Pelo Filtro de Nome...
		Nome do Produto: Tênis Nike In-Season TR 4
			Igorando Pelo Filtro de Nome...
		Nome do Produto: Waxy Maize 1,4 kg - Probiótica
			Igorando Pelo Filtro de Nome...
		Nome do Produto: Tênis Mizuno Wave Enigma 4
			Igorando Pelo Filtro de Nome...
		Nome do Produto: Calça 3/4 Nike Tight 3
			Igorando Pelo Filtro de Nome...
		Nome do Produto: Waxy Maize 1,4 kg - Probiótica
			Igorando Pelo Filtro de Nome...
		Nome do Produto: Massa Monster Black 3 kg - Probiótica
			Igorando Pelo Filtro de Nome...
		Nome do Produto: Whey+ 2 kg - 4+ Nutrition
			Igorando Pelo Filtro de Nome...
		Nome do Produto: Barraca Mormaii Trip - 4 Pessoas
			Igorando Pelo Filtro de Nome...
		Nome do Produto: Sensor de Velocidade e Cadência ALL4ONE Smart Bluetooth 4.0 - Connect Bike
			Igorando Pelo Filtro de Nome...
		Nome do Produto: Chuteira Adidas Nitrocharge 4.0 TF Society
			Igorando Pelo Filtro de Nome...
		Nome do Produto: Tênis Nike Lunar Forever 4
			Igorando Pelo Filtro de Nome...
		Nome do Produto: Sandália Nike Sunray Adjust 4 GGP Infantil
			Igorando Pelo Filtro de Nome...
		Nome do Produto: Tênis Nike Free TR Fit 4
			Igorando Pelo Filtro de Nome...
		Nome do Produto: Ultimate 5 Whey Protein 2,268 kg - Probiótica
			Igorando Pelo Filtro de Nome...
		Nome do Produto: Whey Cor-Performance 4 Lbs - Cellucor
			Igorando Pelo Filtro de Nome...
		Nome do Produto: Titanium Ultimate Pack 44 packs - Max Titanium
			Igorando Pelo Filtro de Nome...
		Nome do Produto: Ultimate 5 Whey Protein 900 g - Probiótica
			Igorando Pelo Filtro de Nome...
		Nome do Produto: Camisa Nike Classic 4
			Igorando Pelo Filtro de Nome...
		Nome do Produto: Anilha Polimet Emborrachada 4 kg
			Igorando Pelo Filtro de Nome...
		Nome do Produto: Calça 3/4 Asics Ayami
			Igorando Pelo Filtro de Nome...
	Tempo Para buscar: 492
Loja: Ponto Frio
	URL Principal: http://www.pontofrio.com.br/
	URL Busca: http://search.pontofrio.com.br/search?w=<BUSCA>
http://search.pontofrio.com.br/search?w=monster+hunter+ultimate+4
		Documento Lido
		Resultados: 1
		Nome do Produto: Game Borderlands 2: Ultimate Vault Hunter Upgrade Pack (DLC)
			Igorando Pelo Filtro de Nome...
		Nome do Produto: Game Borderlands 2: Ultimate Vault Hunter Upgrade Pack (DLC) para Download - PC
			Igorando Pelo Filtro de Nome...
		Nome do Produto: Blocos Pedagógicos Ultimate Spider-Man
			Igorando Pelo Filtro de Nome...
		Nome do Produto: Combo Ultimate 2Hot + PowerBCAA
			Igorando Pelo Filtro de Nome...
		Nome do Produto: DVD - Monster High Monster Fusion
			Igorando Pelo Filtro de Nome...
		Nome do Produto: Blu-Ray - Monster High Monster Fusion
			Igorando Pelo Filtro de Nome...
		Nome do Produto: Loreal Infinium Ultimate Force 4 - 300Ml
			Igorando Pelo Filtro de Nome...
		Nome do Produto: Pedal para Guitarra/Baixo Fire Ultimate Distortion
			Igorando Pelo Filtro de Nome...
		Nome do Produto: Jogo Warriors Orochi 3 Ultimate - PS4
			Igorando Pelo Filtro de Nome...
		Nome do Produto: Adesivo Homem-Aranha Ultimate Gigante - RoomMates
			Igorando Pelo Filtro de Nome...
		Nome do Produto: Combo Power Cellulicare + Ultimate 2Hot
			Igorando Pelo Filtro de Nome...
		Nome do Produto: Livro - Gatos Guerreiros: Caminho Perigoso - Erin Hunter
			Igorando Pelo Filtro de Nome...
		Nome do Produto: Livro - Gatos Guerreiros: Tempestade - Erin Hunter
			Igorando Pelo Filtro de Nome...
		Nome do Produto: Game Worms: Ultimate Mayhem para Download - PC
			Igorando Pelo Filtro de Nome...
		Nome do Produto: Adesivo Ultimate Homem Aranha da Marvel removível removível - Roommates
			Igorando Pelo Filtro de Nome...
		Nome do Produto: Jogo Dead or Alive 5 Ultimate - Favoritos - PS3
			Igorando Pelo Filtro de Nome...
		Nome do Produto: Jogo Dead Or Alive 5 Ultimate - PS3
			Igorando Pelo Filtro de Nome...
		Nome do Produto: Jogo Dead Or Alive 5 Ultimate - Xbox 360
			Igorando Pelo Filtro de Nome...
		Nome do Produto: Livro - Gerenciamento de Redes Com Microsoft Windows Vista Ultimate
			Igorando Pelo Filtro de Nome...
		Nome do Produto: Ponto De Acesso Wireless 2.4Ghz 300Mbps Ultimate Tl-Wa901Nd Tp-Link
			Igorando Pelo Filtro de Nome...
		Nome do Produto: Game Borderlands 2: Ultimate Vault Hunter Upgrade Pack (DLC)
			Igorando Pelo Filtro de Nome...
		Nome do Produto: Game Borderlands 2: Ultimate Vault Hunter Upgrade Pack (DLC) para Download - PC
			Igorando Pelo Filtro de Nome...
		Nome do Produto: Blocos Pedagógicos Ultimate Spider-Man
			Igorando Pelo Filtro de Nome...
		Nome do Produto: Combo Ultimate 2Hot + PowerBCAA
			Igorando Pelo Filtro de Nome...
		Nome do Produto: DVD - Monster High Monster Fusion
			Igorando Pelo Filtro de Nome...
		Nome do Produto: Blu-Ray - Monster High Monster Fusion
			Igorando Pelo Filtro de Nome...
		Nome do Produto: Loreal Infinium Ultimate Force 4 - 300Ml
			Igorando Pelo Filtro de Nome...
		Nome do Produto: Pedal para Guitarra/Baixo Fire Ultimate Distortion
			Igorando Pelo Filtro de Nome...
		Nome do Produto: Jogo Warriors Orochi 3 Ultimate - PS4
			Igorando Pelo Filtro de Nome...
		Nome do Produto: Adesivo Homem-Aranha Ultimate Gigante - RoomMates
			Igorando Pelo Filtro de Nome...
		Nome do Produto: Combo Power Cellulicare + Ultimate 2Hot
			Igorando Pelo Filtro de Nome...
		Nome do Produto: Livro - Gatos Guerreiros: Caminho Perigoso - Erin Hunter
			Igorando Pelo Filtro de Nome...
		Nome do Produto: Livro - Gatos Guerreiros: Tempestade - Erin Hunter
			Igorando Pelo Filtro de Nome...
		Nome do Produto: Game Worms: Ultimate Mayhem para Download - PC
			Igorando Pelo Filtro de Nome...
		Nome do Produto: Adesivo Ultimate Homem Aranha da Marvel removível removível - Roommates
			Igorando Pelo Filtro de Nome...
		Nome do Produto: Jogo Dead or Alive 5 Ultimate - Favoritos - PS3
			Igorando Pelo Filtro de Nome...
		Nome do Produto: Jogo Dead Or Alive 5 Ultimate - PS3
			Igorando Pelo Filtro de Nome...
		Nome do Produto: Jogo Dead Or Alive 5 Ultimate - Xbox 360
			Igorando Pelo Filtro de Nome...
		Nome do Produto: Livro - Gerenciamento de Redes Com Microsoft Windows Vista Ultimate
			Igorando Pelo Filtro de Nome...
		Nome do Produto: Ponto De Acesso Wireless 2.4Ghz 300Mbps Ultimate Tl-Wa901Nd Tp-Link
			Igorando Pelo Filtro de Nome...
	Tempo Para buscar: 996
Loja: Ricardo Eletro
	URL Principal: http://www.ricardoeletro.com.br/
	URL Busca: http://www.ricardoeletro.com.br/Busca/Resultado/?q=<BUSCA>
http://www.ricardoeletro.com.br/Busca/Resultado/?q=monster+hunter+ultimate+4
		Documento Lido
		Resultados: 24
		Nome do Produto: Bicicleta Aro 20 Monster High - Caloi
			Igorando Pelo Filtro de Nome...
		Nome do Produto: Boneca Monster High - Sangueteria - Draculaura - Mattel
			Igorando Pelo Filtro de Nome...
		Nome do Produto: 6005 - LEGO City Monster Truck
			Igorando Pelo Filtro de Nome...
		Nome do Produto: Pack Monster Extreme Black - 22 Packs - Probiótica
			Igorando Pelo Filtro de Nome...
		Nome do Produto: Massa monster black - 3kg - probiótica
			Igorando Pelo Filtro de Nome...
		Nome do Produto: Boneca Monster High - Sangueteria - Howleen Wolf - Mattel
			Igorando Pelo Filtro de Nome...
		Nome do Produto: Massa monster black - 3kg - probiótica
			Igorando Pelo Filtro de Nome...
		Nome do Produto: Monster High - Mattel - Draculaura
			Igorando Pelo Filtro de Nome...
		Nome do Produto: Fantasia Monster High Cleo de Nile - Sulamericana
			Igorando Pelo Filtro de Nome...
		Nome do Produto: Pelúcia Lagoona Blue Monster High - BBR
			Igorando Pelo Filtro de Nome...
		Nome do Produto: Monster High Clawdeen Wolf - Mattel
			Igorando Pelo Filtro de Nome...
		Nome do Produto: Massa Monster Black (Morango - 1,5 Kg) - Probiótica
			Igorando Pelo Filtro de Nome...
		Nome do Produto: Estojo Monster High 15Y02 com 3 Compartimentos Colorida - Sestini
			Igorando Pelo Filtro de Nome...
		Nome do Produto: Fantasia Monster High Frankie Pop - Sulamericana
			Igorando Pelo Filtro de Nome...
		Nome do Produto: Pelúcia Pet Crescent Monster High- BBR toys
			Igorando Pelo Filtro de Nome...
		Nome do Produto: Boneca Monster High - Monster Fusion - Ghoulia Yelps - Mattel
			Igorando Pelo Filtro de Nome...
		Nome do Produto: Boneca Monster High - Monster Fusion - Frankie Stein - Mattel
			Igorando Pelo Filtro de Nome...
		Nome do Produto: Boneca Monster High - Monster Fusion - Operetta - Mattel
			Igorando Pelo Filtro de Nome...
		Nome do Produto: Fantasia Monster High Draculaura - Sulamericana
			Igorando Pelo Filtro de Nome...
		Nome do Produto: Fantasia Monster High Draculaura - Sulamericana
			Igorando Pelo Filtro de Nome...
		Nome do Produto: Fantasia Monster High Lagoona - Sulamericana
			Igorando Pelo Filtro de Nome...
		Nome do Produto: Fantasia Monster High Rochelle - Sulamericana
			Igorando Pelo Filtro de Nome...
		Nome do Produto: Pelúcia Watzit Monster High - BBR
			Igorando Pelo Filtro de Nome...
		Nome do Produto: Fantasia Monster High Frankie Luxo - Sulamericana
			Igorando Pelo Filtro de Nome...
	Tempo Para buscar: 926
Loja: RiHappy
	URL Principal: http://www.rihappy.com.br/
	URL Busca: http://www.rihappy.com.br/<BUSCA>
http://www.rihappy.com.br/monster%20hunter%20ultimate%204
		Documento Lido
		Resultados: 0
	Tempo Para buscar: 1187
Loja: Saraiva
	URL Principal: http://www.saraiva.com.br/
	URL Busca: http://busca.saraiva.com.br/search?w=<BUSCA>&PAC_ID=129457&ts=ajax
http://busca.saraiva.com.br/search?w=monster+hunter+ultimate+4&PAC_ID=129457&ts=ajax
		Documento Lido
		Resultados: 30
		Nome do Produto: Monster Hunter Orage - Vol. 1
			Igorando Pelo Filtro de Nome...
		Nome do Produto: Monster Hunter Illustrations
			Igorando Pelo Filtro de Nome...
		Nome do Produto: Monster Hunter Illustrations 2
			Igorando Pelo Filtro de Nome...
		Nome do Produto: Monster Hunter Orage - Vl. 04
			Igorando Pelo Filtro de Nome...
		Nome do Produto: The Monster Hunter In Modern Popular Culture
			Igorando Pelo Filtro de Nome...
		Nome do Produto: Hunter X Hunter 4
			Igorando Pelo Filtro de Nome...
		Nome do Produto: Doctor Who: The Ultimate Monster Guide
			Igorando Pelo Filtro de Nome...
		Nome do Produto: Hunter X Hunter - Vol. 4
			Igorando Pelo Filtro de Nome...
		Nome do Produto: Dragon Hunter 4
			Igorando Pelo Filtro de Nome...
		Nome do Produto: City Hunter 4
			Igorando Pelo Filtro de Nome...
		Nome do Produto: Hunter-Gatherers
			Igorando Pelo Filtro de Nome...
		Nome do Produto: Hunter-Killer
			Igorando Pelo Filtro de Nome...
		Nome do Produto: Hunter
			Igorando Pelo Filtro de Nome...
		Nome do Produto: Monster
			Igorando Pelo Filtro de Nome...
		Nome do Produto: Monster
			Igorando Pelo Filtro de Nome...
		Nome do Produto: Monster
			Igorando Pelo Filtro de Nome...
		Nome do Produto: Monster
			Igorando Pelo Filtro de Nome...
		Nome do Produto: Monster
			Igorando Pelo Filtro de Nome...
		Nome do Produto: Monster
			Igorando Pelo Filtro de Nome...
		Nome do Produto: Monster
			Igorando Pelo Filtro de Nome...
		Nome do Produto: Monster
			Igorando Pelo Filtro de Nome...
		Nome do Produto: Monster
			Igorando Pelo Filtro de Nome...
		Nome do Produto: Monster
			Igorando Pelo Filtro de Nome...
		Nome do Produto: Monster
			Igorando Pelo Filtro de Nome...
		Nome do Produto: Monster
			Igorando Pelo Filtro de Nome...
		Nome do Produto: Monster
			Igorando Pelo Filtro de Nome...
		Nome do Produto: Monster
			Igorando Pelo Filtro de Nome...
		Nome do Produto: Monster
			Igorando Pelo Filtro de Nome...
		Nome do Produto: Monster
			Igorando Pelo Filtro de Nome...
		Nome do Produto: Monster
			Igorando Pelo Filtro de Nome...
	Tempo Para buscar: 2567
Loja: Shop Facil
	URL Principal: http://ww2.shopfacil.com.br/
	URL Busca: http://ww2.shopfacil.com.br/<BUSCA>
http://ww2.shopfacil.com.br/monster%20hunter%20ultimate%204
		Documento Lido
		Resultados: 0
	Tempo Para buscar: 2410
Loja: Shop Time
	URL Principal: http://www.shoptime.com.br/
	URL Busca: http://busca.shoptime.com.br/busca.php?q=<BUSCA>
http://busca.shoptime.com.br/busca.php?q=monster+hunter+ultimate+4
		Documento Lido
		Resultados: 20
		Nome do Produto: Monster High - Monstros, Câmera, Ação - Viperine BLW98 Mattel Boneca Monster High Foto de Terror - Lagoona Monster High - Monstros, Câmera, Ação - Acessórios - Tapete Mattel Monster High - Monstros, Câmera, Ação - Draculaura BDF22/BDF23 Mattel Monster High Monstros Câmera Ação Acessórios Vestiário Monster High - Sala de Aula - Aula de Artes BDD81/BDD83 Mattel Monster High - Monstros, Câmera, Ação - Acessórios - Vestiário... Monster High Aula de Arte - Skelita - Mattel Monster High - Sala de Aula - Home Ick BDD81/BDD82 Mattel Monster High Toralei Miado de Arrepiar BGW08 Mattel Monster High - Monstros, Câmera, Ação - Honey Swamp BLW99 Mattel Monster High Foto de Terror Catrine de Mew X4603/BGT33 Mattel Monster High Torcida Frankie Stein Boneca Monster High Scaris - Abbey Bominable - Mattel Monster High - Clawdeen Wolf & Frankie Stein Monster High Bonecas Clássicas Frankie Stein Clássica Monster High Monstros Câmera Ação Acessórios Tapete Negro Monster High Conjunto Crie seu Monstro - Monstro do Mar Mattel Monster High Conjunto Crie Seu Monstro - Lobisomem Mattel Monster High Aula de Arte - Robecca BDD79 - Mattel
			Igorando Pelo Filtro de Nome...
		Nome do Produto: Monster High - Monstros, Câmera, Ação - Viperine BLW98 Mattel Boneca Monster High Foto de Terror - Lagoona Monster High - Monstros, Câmera, Ação - Acessórios - Tapete Mattel Monster High - Monstros, Câmera, Ação - Draculaura BDF22/BDF23 Mattel Monster High Monstros Câmera Ação Acessórios Vestiário Monster High - Sala de Aula - Aula de Artes BDD81/BDD83 Mattel Monster High - Monstros, Câmera, Ação - Acessórios - Vestiário... Monster High Aula de Arte - Skelita - Mattel Monster High - Sala de Aula - Home Ick BDD81/BDD82 Mattel Monster High Toralei Miado de Arrepiar BGW08 Mattel Monster High - Monstros, Câmera, Ação - Honey Swamp BLW99 Mattel Monster High Foto de Terror Catrine de Mew X4603/BGT33 Mattel Monster High Torcida Frankie Stein Boneca Monster High Scaris - Abbey Bominable - Mattel Monster High - Clawdeen Wolf & Frankie Stein Monster High Bonecas Clássicas Frankie Stein Clássica Monster High Monstros Câmera Ação Acessórios Tapete Negro Monster High Conjunto Crie seu Monstro - Monstro do Mar Mattel Monster High Conjunto Crie Seu Monstro - Lobisomem Mattel Monster High Aula de Arte - Robecca BDD79 - Mattel
			Igorando Pelo Filtro de Nome...
		Nome do Produto: Monster High - Monstros, Câmera, Ação - Viperine BLW98 Mattel Boneca Monster High Foto de Terror - Lagoona Monster High - Monstros, Câmera, Ação - Acessórios - Tapete Mattel Monster High - Monstros, Câmera, Ação - Draculaura BDF22/BDF23 Mattel Monster High Monstros Câmera Ação Acessórios Vestiário Monster High - Sala de Aula - Aula de Artes BDD81/BDD83 Mattel Monster High - Monstros, Câmera, Ação - Acessórios - Vestiário... Monster High Aula de Arte - Skelita - Mattel Monster High - Sala de Aula - Home Ick BDD81/BDD82 Mattel Monster High Toralei Miado de Arrepiar BGW08 Mattel Monster High - Monstros, Câmera, Ação - Honey Swamp BLW99 Mattel Monster High Foto de Terror Catrine de Mew X4603/BGT33 Mattel Monster High Torcida Frankie Stein Boneca Monster High Scaris - Abbey Bominable - Mattel Monster High - Clawdeen Wolf & Frankie Stein Monster High Bonecas Clássicas Frankie Stein Clássica Monster High Monstros Câmera Ação Acessórios Tapete Negro Monster High Conjunto Crie seu Monstro - Monstro do Mar Mattel Monster High Conjunto Crie Seu Monstro - Lobisomem Mattel Monster High Aula de Arte - Robecca BDD79 - Mattel
			Igorando Pelo Filtro de Nome...
		Nome do Produto: Monster High - Monstros, Câmera, Ação - Viperine BLW98 Mattel Boneca Monster High Foto de Terror - Lagoona Monster High - Monstros, Câmera, Ação - Acessórios - Tapete Mattel Monster High - Monstros, Câmera, Ação - Draculaura BDF22/BDF23 Mattel Monster High Monstros Câmera Ação Acessórios Vestiário Monster High - Sala de Aula - Aula de Artes BDD81/BDD83 Mattel Monster High - Monstros, Câmera, Ação - Acessórios - Vestiário... Monster High Aula de Arte - Skelita - Mattel Monster High - Sala de Aula - Home Ick BDD81/BDD82 Mattel Monster High Toralei Miado de Arrepiar BGW08 Mattel Monster High - Monstros, Câmera, Ação - Honey Swamp BLW99 Mattel Monster High Foto de Terror Catrine de Mew X4603/BGT33 Mattel Monster High Torcida Frankie Stein Boneca Monster High Scaris - Abbey Bominable - Mattel Monster High - Clawdeen Wolf & Frankie Stein Monster High Bonecas Clássicas Frankie Stein Clássica Monster High Monstros Câmera Ação Acessórios Tapete Negro Monster High Conjunto Crie seu Monstro - Monstro do Mar Mattel Monster High Conjunto Crie Seu Monstro - Lobisomem Mattel Monster High Aula de Arte - Robecca BDD79 - Mattel
			Igorando Pelo Filtro de Nome...
		Nome do Produto: Monster High - Monstros, Câmera, Ação - Viperine BLW98 Mattel Boneca Monster High Foto de Terror - Lagoona Monster High - Monstros, Câmera, Ação - Acessórios - Tapete Mattel Monster High - Monstros, Câmera, Ação - Draculaura BDF22/BDF23 Mattel Monster High Monstros Câmera Ação Acessórios Vestiário Monster High - Sala de Aula - Aula de Artes BDD81/BDD83 Mattel Monster High - Monstros, Câmera, Ação - Acessórios - Vestiário... Monster High Aula de Arte - Skelita - Mattel Monster High - Sala de Aula - Home Ick BDD81/BDD82 Mattel Monster High Toralei Miado de Arrepiar BGW08 Mattel Monster High - Monstros, Câmera, Ação - Honey Swamp BLW99 Mattel Monster High Foto de Terror Catrine de Mew X4603/BGT33 Mattel Monster High Torcida Frankie Stein Boneca Monster High Scaris - Abbey Bominable - Mattel Monster High - Clawdeen Wolf & Frankie Stein Monster High Bonecas Clássicas Frankie Stein Clássica Monster High Monstros Câmera Ação Acessórios Tapete Negro Monster High Conjunto Crie seu Monstro - Monstro do Mar Mattel Monster High Conjunto Crie Seu Monstro - Lobisomem Mattel Monster High Aula de Arte - Robecca BDD79 - Mattel
			Igorando Pelo Filtro de Nome...
		Nome do Produto: Monster High - Monstros, Câmera, Ação - Viperine BLW98 Mattel Boneca Monster High Foto de Terror - Lagoona Monster High - Monstros, Câmera, Ação - Acessórios - Tapete Mattel Monster High - Monstros, Câmera, Ação - Draculaura BDF22/BDF23 Mattel Monster High Monstros Câmera Ação Acessórios Vestiário Monster High - Sala de Aula - Aula de Artes BDD81/BDD83 Mattel Monster High - Monstros, Câmera, Ação - Acessórios - Vestiário... Monster High Aula de Arte - Skelita - Mattel Monster High - Sala de Aula - Home Ick BDD81/BDD82 Mattel Monster High Toralei Miado de Arrepiar BGW08 Mattel Monster High - Monstros, Câmera, Ação - Honey Swamp BLW99 Mattel Monster High Foto de Terror Catrine de Mew X4603/BGT33 Mattel Monster High Torcida Frankie Stein Boneca Monster High Scaris - Abbey Bominable - Mattel Monster High - Clawdeen Wolf & Frankie Stein Monster High Bonecas Clássicas Frankie Stein Clássica Monster High Monstros Câmera Ação Acessórios Tapete Negro Monster High Conjunto Crie seu Monstro - Monstro do Mar Mattel Monster High Conjunto Crie Seu Monstro - Lobisomem Mattel Monster High Aula de Arte - Robecca BDD79 - Mattel
			Igorando Pelo Filtro de Nome...
		Nome do Produto: Monster High - Monstros, Câmera, Ação - Viperine BLW98 Mattel Boneca Monster High Foto de Terror - Lagoona Monster High - Monstros, Câmera, Ação - Acessórios - Tapete Mattel Monster High - Monstros, Câmera, Ação - Draculaura BDF22/BDF23 Mattel Monster High Monstros Câmera Ação Acessórios Vestiário Monster High - Sala de Aula - Aula de Artes BDD81/BDD83 Mattel Monster High - Monstros, Câmera, Ação - Acessórios - Vestiário... Monster High Aula de Arte - Skelita - Mattel Monster High - Sala de Aula - Home Ick BDD81/BDD82 Mattel Monster High Toralei Miado de Arrepiar BGW08 Mattel Monster High - Monstros, Câmera, Ação - Honey Swamp BLW99 Mattel Monster High Foto de Terror Catrine de Mew X4603/BGT33 Mattel Monster High Torcida Frankie Stein Boneca Monster High Scaris - Abbey Bominable - Mattel Monster High - Clawdeen Wolf & Frankie Stein Monster High Bonecas Clássicas Frankie Stein Clássica Monster High Monstros Câmera Ação Acessórios Tapete Negro Monster High Conjunto Crie seu Monstro - Monstro do Mar Mattel Monster High Conjunto Crie Seu Monstro - Lobisomem Mattel Monster High Aula de Arte - Robecca BDD79 - Mattel
			Igorando Pelo Filtro de Nome...
		Nome do Produto: Monster High - Monstros, Câmera, Ação - Viperine BLW98 Mattel Boneca Monster High Foto de Terror - Lagoona Monster High - Monstros, Câmera, Ação - Acessórios - Tapete Mattel Monster High - Monstros, Câmera, Ação - Draculaura BDF22/BDF23 Mattel Monster High Monstros Câmera Ação Acessórios Vestiário Monster High - Sala de Aula - Aula de Artes BDD81/BDD83 Mattel Monster High - Monstros, Câmera, Ação - Acessórios - Vestiário... Monster High Aula de Arte - Skelita - Mattel Monster High - Sala de Aula - Home Ick BDD81/BDD82 Mattel Monster High Toralei Miado de Arrepiar BGW08 Mattel Monster High - Monstros, Câmera, Ação - Honey Swamp BLW99 Mattel Monster High Foto de Terror Catrine de Mew X4603/BGT33 Mattel Monster High Torcida Frankie Stein Boneca Monster High Scaris - Abbey Bominable - Mattel Monster High - Clawdeen Wolf & Frankie Stein Monster High Bonecas Clássicas Frankie Stein Clássica Monster High Monstros Câmera Ação Acessórios Tapete Negro Monster High Conjunto Crie seu Monstro - Monstro do Mar Mattel Monster High Conjunto Crie Seu Monstro - Lobisomem Mattel Monster High Aula de Arte - Robecca BDD79 - Mattel
			Igorando Pelo Filtro de Nome...
		Nome do Produto: Monster High - Monstros, Câmera, Ação - Viperine BLW98 Mattel Boneca Monster High Foto de Terror - Lagoona Monster High - Monstros, Câmera, Ação - Acessórios - Tapete Mattel Monster High - Monstros, Câmera, Ação - Draculaura BDF22/BDF23 Mattel Monster High Monstros Câmera Ação Acessórios Vestiário Monster High - Sala de Aula - Aula de Artes BDD81/BDD83 Mattel Monster High - Monstros, Câmera, Ação - Acessórios - Vestiário... Monster High Aula de Arte - Skelita - Mattel Monster High - Sala de Aula - Home Ick BDD81/BDD82 Mattel Monster High Toralei Miado de Arrepiar BGW08 Mattel Monster High - Monstros, Câmera, Ação - Honey Swamp BLW99 Mattel Monster High Foto de Terror Catrine de Mew X4603/BGT33 Mattel Monster High Torcida Frankie Stein Boneca Monster High Scaris - Abbey Bominable - Mattel Monster High - Clawdeen Wolf & Frankie Stein Monster High Bonecas Clássicas Frankie Stein Clássica Monster High Monstros Câmera Ação Acessórios Tapete Negro Monster High Conjunto Crie seu Monstro - Monstro do Mar Mattel Monster High Conjunto Crie Seu Monstro - Lobisomem Mattel Monster High Aula de Arte - Robecca BDD79 - Mattel
			Igorando Pelo Filtro de Nome...
		Nome do Produto: Monster High - Monstros, Câmera, Ação - Viperine BLW98 Mattel Boneca Monster High Foto de Terror - Lagoona Monster High - Monstros, Câmera, Ação - Acessórios - Tapete Mattel Monster High - Monstros, Câmera, Ação - Draculaura BDF22/BDF23 Mattel Monster High Monstros Câmera Ação Acessórios Vestiário Monster High - Sala de Aula - Aula de Artes BDD81/BDD83 Mattel Monster High - Monstros, Câmera, Ação - Acessórios - Vestiário... Monster High Aula de Arte - Skelita - Mattel Monster High - Sala de Aula - Home Ick BDD81/BDD82 Mattel Monster High Toralei Miado de Arrepiar BGW08 Mattel Monster High - Monstros, Câmera, Ação - Honey Swamp BLW99 Mattel Monster High Foto de Terror Catrine de Mew X4603/BGT33 Mattel Monster High Torcida Frankie Stein Boneca Monster High Scaris - Abbey Bominable - Mattel Monster High - Clawdeen Wolf & Frankie Stein Monster High Bonecas Clássicas Frankie Stein Clássica Monster High Monstros Câmera Ação Acessórios Tapete Negro Monster High Conjunto Crie seu Monstro - Monstro do Mar Mattel Monster High Conjunto Crie Seu Monstro - Lobisomem Mattel Monster High Aula de Arte - Robecca BDD79 - Mattel
			Igorando Pelo Filtro de Nome...
		Nome do Produto: Monster High - Monstros, Câmera, Ação - Viperine BLW98 Mattel Boneca Monster High Foto de Terror - Lagoona Monster High - Monstros, Câmera, Ação - Acessórios - Tapete Mattel Monster High - Monstros, Câmera, Ação - Draculaura BDF22/BDF23 Mattel Monster High Monstros Câmera Ação Acessórios Vestiário Monster High - Sala de Aula - Aula de Artes BDD81/BDD83 Mattel Monster High - Monstros, Câmera, Ação - Acessórios - Vestiário... Monster High Aula de Arte - Skelita - Mattel Monster High - Sala de Aula - Home Ick BDD81/BDD82 Mattel Monster High Toralei Miado de Arrepiar BGW08 Mattel Monster High - Monstros, Câmera, Ação - Honey Swamp BLW99 Mattel Monster High Foto de Terror Catrine de Mew X4603/BGT33 Mattel Monster High Torcida Frankie Stein Boneca Monster High Scaris - Abbey Bominable - Mattel Monster High - Clawdeen Wolf & Frankie Stein Monster High Bonecas Clássicas Frankie Stein Clássica Monster High Monstros Câmera Ação Acessórios Tapete Negro Monster High Conjunto Crie seu Monstro - Monstro do Mar Mattel Monster High Conjunto Crie Seu Monstro - Lobisomem Mattel Monster High Aula de Arte - Robecca BDD79 - Mattel
			Igorando Pelo Filtro de Nome...
		Nome do Produto: Monster High - Monstros, Câmera, Ação - Viperine BLW98 Mattel Boneca Monster High Foto de Terror - Lagoona Monster High - Monstros, Câmera, Ação - Acessórios - Tapete Mattel Monster High - Monstros, Câmera, Ação - Draculaura BDF22/BDF23 Mattel Monster High Monstros Câmera Ação Acessórios Vestiário Monster High - Sala de Aula - Aula de Artes BDD81/BDD83 Mattel Monster High - Monstros, Câmera, Ação - Acessórios - Vestiário... Monster High Aula de Arte - Skelita - Mattel Monster High - Sala de Aula - Home Ick BDD81/BDD82 Mattel Monster High Toralei Miado de Arrepiar BGW08 Mattel Monster High - Monstros, Câmera, Ação - Honey Swamp BLW99 Mattel Monster High Foto de Terror Catrine de Mew X4603/BGT33 Mattel Monster High Torcida Frankie Stein Boneca Monster High Scaris - Abbey Bominable - Mattel Monster High - Clawdeen Wolf & Frankie Stein Monster High Bonecas Clássicas Frankie Stein Clássica Monster High Monstros Câmera Ação Acessórios Tapete Negro Monster High Conjunto Crie seu Monstro - Monstro do Mar Mattel Monster High Conjunto Crie Seu Monstro - Lobisomem Mattel Monster High Aula de Arte - Robecca BDD79 - Mattel
			Igorando Pelo Filtro de Nome...
		Nome do Produto: Monster High - Monstros, Câmera, Ação - Viperine BLW98 Mattel Boneca Monster High Foto de Terror - Lagoona Monster High - Monstros, Câmera, Ação - Acessórios - Tapete Mattel Monster High - Monstros, Câmera, Ação - Draculaura BDF22/BDF23 Mattel Monster High Monstros Câmera Ação Acessórios Vestiário Monster High - Sala de Aula - Aula de Artes BDD81/BDD83 Mattel Monster High - Monstros, Câmera, Ação - Acessórios - Vestiário... Monster High Aula de Arte - Skelita - Mattel Monster High - Sala de Aula - Home Ick BDD81/BDD82 Mattel Monster High Toralei Miado de Arrepiar BGW08 Mattel Monster High - Monstros, Câmera, Ação - Honey Swamp BLW99 Mattel Monster High Foto de Terror Catrine de Mew X4603/BGT33 Mattel Monster High Torcida Frankie Stein Boneca Monster High Scaris - Abbey Bominable - Mattel Monster High - Clawdeen Wolf & Frankie Stein Monster High Bonecas Clássicas Frankie Stein Clássica Monster High Monstros Câmera Ação Acessórios Tapete Negro Monster High Conjunto Crie seu Monstro - Monstro do Mar Mattel Monster High Conjunto Crie Seu Monstro - Lobisomem Mattel Monster High Aula de Arte - Robecca BDD79 - Mattel
			Igorando Pelo Filtro de Nome...
		Nome do Produto: Monster High - Monstros, Câmera, Ação - Viperine BLW98 Mattel Boneca Monster High Foto de Terror - Lagoona Monster High - Monstros, Câmera, Ação - Acessórios - Tapete Mattel Monster High - Monstros, Câmera, Ação - Draculaura BDF22/BDF23 Mattel Monster High Monstros Câmera Ação Acessórios Vestiário Monster High - Sala de Aula - Aula de Artes BDD81/BDD83 Mattel Monster High - Monstros, Câmera, Ação - Acessórios - Vestiário... Monster High Aula de Arte - Skelita - Mattel Monster High - Sala de Aula - Home Ick BDD81/BDD82 Mattel Monster High Toralei Miado de Arrepiar BGW08 Mattel Monster High - Monstros, Câmera, Ação - Honey Swamp BLW99 Mattel Monster High Foto de Terror Catrine de Mew X4603/BGT33 Mattel Monster High Torcida Frankie Stein Boneca Monster High Scaris - Abbey Bominable - Mattel Monster High - Clawdeen Wolf & Frankie Stein Monster High Bonecas Clássicas Frankie Stein Clássica Monster High Monstros Câmera Ação Acessórios Tapete Negro Monster High Conjunto Crie seu Monstro - Monstro do Mar Mattel Monster High Conjunto Crie Seu Monstro - Lobisomem Mattel Monster High Aula de Arte - Robecca BDD79 - Mattel
			Igorando Pelo Filtro de Nome...
		Nome do Produto: Monster High - Monstros, Câmera, Ação - Viperine BLW98 Mattel Boneca Monster High Foto de Terror - Lagoona Monster High - Monstros, Câmera, Ação - Acessórios - Tapete Mattel Monster High - Monstros, Câmera, Ação - Draculaura BDF22/BDF23 Mattel Monster High Monstros Câmera Ação Acessórios Vestiário Monster High - Sala de Aula - Aula de Artes BDD81/BDD83 Mattel Monster High - Monstros, Câmera, Ação - Acessórios - Vestiário... Monster High Aula de Arte - Skelita - Mattel Monster High - Sala de Aula - Home Ick BDD81/BDD82 Mattel Monster High Toralei Miado de Arrepiar BGW08 Mattel Monster High - Monstros, Câmera, Ação - Honey Swamp BLW99 Mattel Monster High Foto de Terror Catrine de Mew X4603/BGT33 Mattel Monster High Torcida Frankie Stein Boneca Monster High Scaris - Abbey Bominable - Mattel Monster High - Clawdeen Wolf & Frankie Stein Monster High Bonecas Clássicas Frankie Stein Clássica Monster High Monstros Câmera Ação Acessórios Tapete Negro Monster High Conjunto Crie seu Monstro - Monstro do Mar Mattel Monster High Conjunto Crie Seu Monstro - Lobisomem Mattel Monster High Aula de Arte - Robecca BDD79 - Mattel
			Igorando Pelo Filtro de Nome...
		Nome do Produto: Monster High - Monstros, Câmera, Ação - Viperine BLW98 Mattel Boneca Monster High Foto de Terror - Lagoona Monster High - Monstros, Câmera, Ação - Acessórios - Tapete Mattel Monster High - Monstros, Câmera, Ação - Draculaura BDF22/BDF23 Mattel Monster High Monstros Câmera Ação Acessórios Vestiário Monster High - Sala de Aula - Aula de Artes BDD81/BDD83 Mattel Monster High - Monstros, Câmera, Ação - Acessórios - Vestiário... Monster High Aula de Arte - Skelita - Mattel Monster High - Sala de Aula - Home Ick BDD81/BDD82 Mattel Monster High Toralei Miado de Arrepiar BGW08 Mattel Monster High - Monstros, Câmera, Ação - Honey Swamp BLW99 Mattel Monster High Foto de Terror Catrine de Mew X4603/BGT33 Mattel Monster High Torcida Frankie Stein Boneca Monster High Scaris - Abbey Bominable - Mattel Monster High - Clawdeen Wolf & Frankie Stein Monster High Bonecas Clássicas Frankie Stein Clássica Monster High Monstros Câmera Ação Acessórios Tapete Negro Monster High Conjunto Crie seu Monstro - Monstro do Mar Mattel Monster High Conjunto Crie Seu Monstro - Lobisomem Mattel Monster High Aula de Arte - Robecca BDD79 - Mattel
			Igorando Pelo Filtro de Nome...
		Nome do Produto: Monster High - Monstros, Câmera, Ação - Viperine BLW98 Mattel Boneca Monster High Foto de Terror - Lagoona Monster High - Monstros, Câmera, Ação - Acessórios - Tapete Mattel Monster High - Monstros, Câmera, Ação - Draculaura BDF22/BDF23 Mattel Monster High Monstros Câmera Ação Acessórios Vestiário Monster High - Sala de Aula - Aula de Artes BDD81/BDD83 Mattel Monster High - Monstros, Câmera, Ação - Acessórios - Vestiário... Monster High Aula de Arte - Skelita - Mattel Monster High - Sala de Aula - Home Ick BDD81/BDD82 Mattel Monster High Toralei Miado de Arrepiar BGW08 Mattel Monster High - Monstros, Câmera, Ação - Honey Swamp BLW99 Mattel Monster High Foto de Terror Catrine de Mew X4603/BGT33 Mattel Monster High Torcida Frankie Stein Boneca Monster High Scaris - Abbey Bominable - Mattel Monster High - Clawdeen Wolf & Frankie Stein Monster High Bonecas Clássicas Frankie Stein Clássica Monster High Monstros Câmera Ação Acessórios Tapete Negro Monster High Conjunto Crie seu Monstro - Monstro do Mar Mattel Monster High Conjunto Crie Seu Monstro - Lobisomem Mattel Monster High Aula de Arte - Robecca BDD79 - Mattel
			Igorando Pelo Filtro de Nome...
		Nome do Produto: Monster High - Monstros, Câmera, Ação - Viperine BLW98 Mattel Boneca Monster High Foto de Terror - Lagoona Monster High - Monstros, Câmera, Ação - Acessórios - Tapete Mattel Monster High - Monstros, Câmera, Ação - Draculaura BDF22/BDF23 Mattel Monster High Monstros Câmera Ação Acessórios Vestiário Monster High - Sala de Aula - Aula de Artes BDD81/BDD83 Mattel Monster High - Monstros, Câmera, Ação - Acessórios - Vestiário... Monster High Aula de Arte - Skelita - Mattel Monster High - Sala de Aula - Home Ick BDD81/BDD82 Mattel Monster High Toralei Miado de Arrepiar BGW08 Mattel Monster High - Monstros, Câmera, Ação - Honey Swamp BLW99 Mattel Monster High Foto de Terror Catrine de Mew X4603/BGT33 Mattel Monster High Torcida Frankie Stein Boneca Monster High Scaris - Abbey Bominable - Mattel Monster High - Clawdeen Wolf & Frankie Stein Monster High Bonecas Clássicas Frankie Stein Clássica Monster High Monstros Câmera Ação Acessórios Tapete Negro Monster High Conjunto Crie seu Monstro - Monstro do Mar Mattel Monster High Conjunto Crie Seu Monstro - Lobisomem Mattel Monster High Aula de Arte - Robecca BDD79 - Mattel
			Igorando Pelo Filtro de Nome...
		Nome do Produto: Monster High - Monstros, Câmera, Ação - Viperine BLW98 Mattel Boneca Monster High Foto de Terror - Lagoona Monster High - Monstros, Câmera, Ação - Acessórios - Tapete Mattel Monster High - Monstros, Câmera, Ação - Draculaura BDF22/BDF23 Mattel Monster High Monstros Câmera Ação Acessórios Vestiário Monster High - Sala de Aula - Aula de Artes BDD81/BDD83 Mattel Monster High - Monstros, Câmera, Ação - Acessórios - Vestiário... Monster High Aula de Arte - Skelita - Mattel Monster High - Sala de Aula - Home Ick BDD81/BDD82 Mattel Monster High Toralei Miado de Arrepiar BGW08 Mattel Monster High - Monstros, Câmera, Ação - Honey Swamp BLW99 Mattel Monster High Foto de Terror Catrine de Mew X4603/BGT33 Mattel Monster High Torcida Frankie Stein Boneca Monster High Scaris - Abbey Bominable - Mattel Monster High - Clawdeen Wolf & Frankie Stein Monster High Bonecas Clássicas Frankie Stein Clássica Monster High Monstros Câmera Ação Acessórios Tapete Negro Monster High Conjunto Crie seu Monstro - Monstro do Mar Mattel Monster High Conjunto Crie Seu Monstro - Lobisomem Mattel Monster High Aula de Arte - Robecca BDD79 - Mattel
			Igorando Pelo Filtro de Nome...
		Nome do Produto: Monster High - Monstros, Câmera, Ação - Viperine BLW98 Mattel Boneca Monster High Foto de Terror - Lagoona Monster High - Monstros, Câmera, Ação - Acessórios - Tapete Mattel Monster High - Monstros, Câmera, Ação - Draculaura BDF22/BDF23 Mattel Monster High Monstros Câmera Ação Acessórios Vestiário Monster High - Sala de Aula - Aula de Artes BDD81/BDD83 Mattel Monster High - Monstros, Câmera, Ação - Acessórios - Vestiário... Monster High Aula de Arte - Skelita - Mattel Monster High - Sala de Aula - Home Ick BDD81/BDD82 Mattel Monster High Toralei Miado de Arrepiar BGW08 Mattel Monster High - Monstros, Câmera, Ação - Honey Swamp BLW99 Mattel Monster High Foto de Terror Catrine de Mew X4603/BGT33 Mattel Monster High Torcida Frankie Stein Boneca Monster High Scaris - Abbey Bominable - Mattel Monster High - Clawdeen Wolf & Frankie Stein Monster High Bonecas Clássicas Frankie Stein Clássica Monster High Monstros Câmera Ação Acessórios Tapete Negro Monster High Conjunto Crie seu Monstro - Monstro do Mar Mattel Monster High Conjunto Crie Seu Monstro - Lobisomem Mattel Monster High Aula de Arte - Robecca BDD79 - Mattel
			Igorando Pelo Filtro de Nome...
	Tempo Para buscar: 686
Loja: ShopB
	URL Principal: http://www.shopb.com.br/
	URL Busca: http://busca.shopb.com.br/?busca=<BUSCA>
http://busca.shopb.com.br/?busca=monster+hunter+ultimate+4
		Documento Lido
		Resultados: 31
		Nome do Produto: Monster Hunter 4 Ultimate - 3DS
http://shopb.ecommercesearch.com.br/Busca/Redir?url=http%3a%2f%2fwww.shopb.com.br%2fecommerce_site%2findex.php%3fpg%3dproduto%26cdg%3d4488%26idp%3d39230%26idparceiro%3dp1&esid=39230
		Acessando URL do produto.
		Nome do Produto: Alien Isolation: Nostromo Edition - PS4
			Igorando Pelo Filtro de Nome...
		Nome do Produto: Antena Amplificada Bidirecional Ouro 27dB 4 em 1 VHF / UHF/ FM / Digital - Capte
			Igorando Pelo Filtro de Nome...
		Nome do Produto: Antena Externa Diamante 32dB 4 em 1 VHF / UHF / Digital / FM - Capte
			Igorando Pelo Filtro de Nome...
		Nome do Produto: Antena Interna 12db 4 em 1 - Platinum Light
			Igorando Pelo Filtro de Nome...
		Nome do Produto: Assassins Creed IV Black Flag - PS4
			Igorando Pelo Filtro de Nome...
		Nome do Produto: Assassins Creed IV Black Flag - Wii U
			Igorando Pelo Filtro de Nome...
		Nome do Produto: Assassins Creed IV Black Flag - XBOX 360
			Igorando Pelo Filtro de Nome...
		Nome do Produto: Assassins Creed IV Black Flag - XBOX ONE
			Igorando Pelo Filtro de Nome...
		Nome do Produto: Assassins Creed IV: Black Flag Limited Edition - PS3
			Igorando Pelo Filtro de Nome...
		Nome do Produto: Assassins Creed IV: Black Flag Limited Edition - XBOX 360
			Igorando Pelo Filtro de Nome...
		Nome do Produto: Assassins Creed IV: Black Flag Limited Edition - XBOX ONE
			Igorando Pelo Filtro de Nome...
		Nome do Produto: Assassins Creed Unity: Collectors Edition - PS4
			Igorando Pelo Filtro de Nome...
		Nome do Produto: Base Suporte Vertical & Hub USB 3 Portas - PS4
			Igorando Pelo Filtro de Nome...
		Nome do Produto: Batman: Arkham Knight - PS4
			Igorando Pelo Filtro de Nome...
		Nome do Produto: Battlefield 4 + Filme - XBOX 360
			Igorando Pelo Filtro de Nome...
		Nome do Produto: Battlefield 4 - PC
			Igorando Pelo Filtro de Nome...
		Nome do Produto: Battlefield 4 - PS4
			Igorando Pelo Filtro de Nome...
		Nome do Produto: Battlefield 4 - XBOX ONE
			Igorando Pelo Filtro de Nome...
		Nome do Produto: Battlefield Hardline - PS4
			Igorando Pelo Filtro de Nome...
		Nome do Produto: Bioshock Ultimate Rapture Edition - XBOX 360
			Igorando Pelo Filtro de Nome...
		Nome do Produto: Bloodborne - PS4
			Igorando Pelo Filtro de Nome...
		Nome do Produto: Boneco - Anderson "The Spider" Silva UFC Ultimate Collector
			Igorando Pelo Filtro de Nome...
		Nome do Produto: Boneco - Antônio Rodrigo "Minotauro" Nogueira UFC Ultimate Collector
			Igorando Pelo Filtro de Nome...
		Nome do Produto: Boneco - José Aldo UFC Ultimate Collector
			Igorando Pelo Filtro de Nome...
		Nome do Produto: Boneco - Mauricio "Shogun" Rua UFC Ultimate Collector
			Igorando Pelo Filtro de Nome...
		Nome do Produto: Boneco - Quinton "Rampage" Jackson UFC Ultimate Collector
			Igorando Pelo Filtro de Nome...
		Nome do Produto: Boneco - Royce Gracie UFC Ultimate Collector
			Igorando Pelo Filtro de Nome...
		Nome do Produto: Boneco - Wanderlei "The Axe Murderer" Silva UFC Ultimate Collector
			Igorando Pelo Filtro de Nome...
		Nome do Produto: Bound By Flame - PS4
			Igorando Pelo Filtro de Nome...
		Nome do Produto: Cabo HDMI 1.4 - Compatível com TV Tamanho Com 2 Metros
			Igorando Pelo Filtro de Nome...
	Tempo Para buscar: 4780
Loja: Submarino
	URL Principal: http://www.submarino.com.br/
	URL Busca: http://busca.submarino.com.br/busca.php?q=<BUSCA>
http://busca.submarino.com.br/busca.php?q=monster+hunter+ultimate+4
		Documento Lido
		Resultados: 30
		Nome do Produto: Boneca Monster High Frankie Stein CBP34/CBP35 - Mattel
			Igorando Pelo Filtro de Nome...
		Nome do Produto: Boneca Monster High Clássicas Clawdeen Wolf Clássica Mattel
			Igorando Pelo Filtro de Nome...
		Nome do Produto: Boneca Monster High Volta as Aulas Gigi - Mattel
			Igorando Pelo Filtro de Nome...
		Nome do Produto: Monster High Elissabat BLX00 - Mattel
			Igorando Pelo Filtro de Nome...
		Nome do Produto: Monster High Aula de Arte - Skelita - Mattel
			Igorando Pelo Filtro de Nome...
		Nome do Produto: Boneca Monster High Clássicas Draculaura Clássica Mattel
			Igorando Pelo Filtro de Nome...
		Nome do Produto: Boneca Monster High Clássicas Frankie Stein Clássica Mattel
			Igorando Pelo Filtro de Nome...
		Nome do Produto: Monster High - Torcida - Zombie Boy BDF07/BGD87 Mattel
			Igorando Pelo Filtro de Nome...
		Nome do Produto: Boneca Monster High Ghoulia - Mattel
			Igorando Pelo Filtro de Nome...
		Nome do Produto: Livro - Monster Hunter Orage #02
			Igorando Pelo Filtro de Nome...
		Nome do Produto: Boneca Monster High Fusion Cleolie - Mattel
			Igorando Pelo Filtro de Nome...
		Nome do Produto: Monster High - Monstros, Câmera, Ação - Viperine BLW98 Mattel
			Igorando Pelo Filtro de Nome...
		Nome do Produto: Monster High Foto de Terror Catrine de Mew X4603/BGT33 Mattel
			Igorando Pelo Filtro de Nome...
		Nome do Produto: Monster High - Monstros, Câmera, Ação - Acessórios - Tapete Mattel
			Igorando Pelo Filtro de Nome...
		Nome do Produto: Monster High Foto de Terror Jinafire Long X4603/BGT34 Mattel
			Igorando Pelo Filtro de Nome...
		Nome do Produto: Monster High Monstros Câmera Ação Acessórios Tapete Negro
			Igorando Pelo Filtro de Nome...
		Nome do Produto: Monster High Clawdia Wolf BLX01 - Mattel
			Igorando Pelo Filtro de Nome...
		Nome do Produto: Monster High Foto de Terror Clawdeen Wolf X4603/BGT32 Mattel
			Igorando Pelo Filtro de Nome...
		Nome do Produto: Boneca Monster High Opereta CBP34/CBP37 - Mattel
			Igorando Pelo Filtro de Nome...
		Nome do Produto: Monster High - Sala de Aula - Home Ick BDD81/BDD82 Mattel
			Igorando Pelo Filtro de Nome...
		Nome do Produto: Monster High Aula de Arte - Abbey BDF13 - Mattel
			Igorando Pelo Filtro de Nome...
		Nome do Produto: Monster High Torcida Frankie Stein
			Igorando Pelo Filtro de Nome...
		Nome do Produto: Monster High Aula de Arte - Robecca BDD79 - Mattel
			Igorando Pelo Filtro de Nome...
		Nome do Produto: Monster High - Sala de Aula - Aula de Artes BDD81/BDD83 Mattel
			Igorando Pelo Filtro de Nome...
		Nome do Produto: Monster High - Torcida - Spectra Vondergeist BDF07/BDF10 Mattel
			Igorando Pelo Filtro de Nome...
		Nome do Produto: Monster High Aula de Arte Draculaura - Mattel
			Igorando Pelo Filtro de Nome...
		Nome do Produto: Monster High - Monstros, Câmera, Ação - Draculaura BDF22/BDF23 Mattel
			Igorando Pelo Filtro de Nome...
		Nome do Produto: Monster High - Monstros, Câmera, Ação - Cleo de Nile BDF22/BDF25 Mattel
			Igorando Pelo Filtro de Nome...
		Nome do Produto: Monster High - Monstros, Câmera, Ação - Clawdeen Wolf BDF22/BDF26 Mattel
			Igorando Pelo Filtro de Nome...
		Nome do Produto: Monster High - Monstros, Câmera, Ação - Honey Swamp BLW99 Mattel
			Igorando Pelo Filtro de Nome...
	Tempo Para buscar: 941
Loja: Walmart
	URL Principal: http://www.walmart.com.br/
	URL Busca: http://www.walmart.com.br/busca/?ft=<BUSCA>&PS=20
http://www.walmart.com.br/busca/?ft=monster+hunter+ultimate+4&PS=20
		Documento Lido
		Resultados: 20
		Nome do Produto: Monster Hunter Illustrations 2
			Igorando Pelo Filtro de Nome...
		Nome do Produto: Monster Hunter Orage - Vol. 1
			Igorando Pelo Filtro de Nome...
		Nome do Produto: Doctor Who: The Ultimate Monster Guide
			Igorando Pelo Filtro de Nome...
		Nome do Produto: Monster High - Desfile de Moda da Clawdeen
			Igorando Pelo Filtro de Nome...
		Nome do Produto: The Monster Hunter In Modern Popular Culture
			Igorando Pelo Filtro de Nome...
		Nome do Produto: CARREGADOR P/PILHA RECARREGÁVEL AA/AAA C/4 PILHAS AA 2100MAH SONY BCG-34HLD4K
			Igorando Pelo Filtro de Nome...
		Nome do Produto: Parafusadeira 4.8V Kit 80 Acessorios e Maleta 127V 6723Dw - Makita
			Igorando Pelo Filtro de Nome...
		Nome do Produto: Guarda Roupa Malibu 4 Portas Mistas Branco com Preto e Branco Moval
			Igorando Pelo Filtro de Nome...
		Nome do Produto: Tablet Microboard Ultimate. Android 4.2, Tela 7", Dual Core, 8GB, Wi-Fi, Mini USB, Câmera Frontal e Traseira - Branco
			Igorando Pelo Filtro de Nome...
		Nome do Produto: Tablet Candide Monster High, Android 4.2, Dual Core, 8GB , Wi-Fi  Acompanha Headphone
			Igorando Pelo Filtro de Nome...
		Nome do Produto: Tablet Samsung Galaxy Tab 3 Lite Android 4.2 Dual Core 1.2 GHz 8GB Wi-Fi Branco
			Igorando Pelo Filtro de Nome...
		Nome do Produto: Tablet Acer Iconia One 7. Android 4.2, Intel Dual Core, 8GB e Wi-Fi - Preto
			Igorando Pelo Filtro de Nome...
		Nome do Produto: Smartphone Motorola Moto X (2ª Geração) XT1097 Preto Android 4.4.4 Câmera 13MP Frontal 2MP Tela 5.2" Quad-Core 2.5 GHz 32GB de Memória 3G/4G
			Igorando Pelo Filtro de Nome...
		Nome do Produto: Motorola Moto G 2ª Geração XT1068 Preto, Dual Chip, Android 4.4, Quad Core 1.2 Ghz, Tela 5", Câmera 8MP (Frontal 2MP), Memória 8GB
			Igorando Pelo Filtro de Nome...
		Nome do Produto: Smartphone Samsung Galaxy Gran Prime Duos TV SM-G530BT Branco, Dual Chip, Android 4.4, Quad-Core 1.2GHz, TV Digital, Câmera 8MP (Frontal 5MP)
			Igorando Pelo Filtro de Nome...
		Nome do Produto: Smartphone Sony Xperia E1 D2104 Preto, Dual Chip, Tela de 4, Processador Dual Core, Android 4.2, Câmera 3MP, Memória 4GB - Desbloqueado Oi
			Igorando Pelo Filtro de Nome...
		Nome do Produto: Console Playstation 4 - 500GB - Sony
			Igorando Pelo Filtro de Nome...
		Nome do Produto: Jogo Warriors Orochi 3 Ultimate - PS4
			Igorando Pelo Filtro de Nome...
		Nome do Produto: Console Xbox 360 4GB + Kinect + Jogo Forza Horizon + Jogo Kinect Sports + Jogo Kinect Adventures
			Igorando Pelo Filtro de Nome...
		Nome do Produto: Console Sony Playstation 4 (PS4) / 500GB / 2 Controles
			Igorando Pelo Filtro de Nome...
	Tempo Para buscar: 2170

File copied from C:\java\rep\lookforprices\resources\imports\css.css to C:\java\rep\lookforprices\reports\2015-02-25 16\css.css
File copied from C:\java\rep\lookforprices\resources\imports\jquery.js to C:\java\rep\lookforprices\reports\2015-02-25 16\jquery.js
File copied from C:\java\rep\lookforprices\resources\imports\scripts.js to C:\java\rep\lookforprices\reports\2015-02-25 16\scripts.js
Tempo total de execução: 54504
