Game: metal gear solid collection
Product Name: metal gear solid collection
Loja: Nintendo eShop
	URL Principal: http://www.nintendo.com/3ds/eshop
	URL Busca: http://www.nintendo.com/json/content/get/game/filter?&qterm=<BUSCA>
NintendoEShopSearch.search() http://www.nintendo.com/json/content/get/game/filter?&qterm=metal+gear+solid+collection
		Documento Lido
org.json.JSONException: JSONObject["game"] not found.
	at org.json.JSONObject.get(JSONObject.java:476)
	at interfaces.search.NintendoEShopSearch.search(NintendoEShopSearch.java:37)
	at objects.Shop.searchProduct(Shop.java:33)
	at Main.generateHtmlReport(Main.java:101)
	at Main.main(Main.java:66)
	Tempo Para buscar: 528
Loja: PlayStation Store
	URL Principal: https://store.playstation.com/#!/pt-br/home/main
	URL Busca: https://store.playstation.com/#!/pt-br/pesquisar/q=<BUSCA>
https://store.playstation.com/#!/pt-br/pesquisar/q=metal+gear+solid+collection
		Documento Lido

		Resultados: 0
	Tempo Para buscar: 796
Loja: Americanas
	URL Principal: http://www.americanas.com.br/
	URL Busca: http://busca.americanas.com.br/busca.php?q=<BUSCA>
http://busca.americanas.com.br/busca.php?q=metal+gear+solid+collection
		Documento Lido
		Resultados: 6
		Nome do Produto: Game - Metal Gear Solid HD Collection - Favoritos - PS3
			Igorando Pelo Filtro de Nome...
		Nome do Produto: Metal Gear Solid Hd Collection Psvita
http://www.americanas.com.br/produto/8463375
		Acessando URL do produto.
		Nome do Produto: Metal Gear Solid Hd Collection - Ps3
			Igorando Pelo Filtro de Nome...
		Nome do Produto: Jogo Ps3 Metal Gear Solid Hd Collection - Konami
			Igorando Pelo Filtro de Nome...
		Nome do Produto: Game - Metal Gear Solid Hd Collection - Favoritos - Ps3
			Igorando Pelo Filtro de Nome...
		Nome do Produto: Game Metal Gear Solid Hd Collection - XBOX 360
			Igorando Pelo Filtro de Nome...
	Tempo Para buscar: 1300
Loja: Big Boy Games
	URL Principal: http://www.bigboygames.com.br/
	URL Busca: http://www.bigboygames.com.br/pesquisa/?p=<BUSCA>
http://www.bigboygames.com.br/pesquisa/?p=metal+gear+solid+collection
		Documento Lido
		Resultados: 7
		Nome do Produto: Metal Gear Solid Hd Collection - XBOX 360
			Igorando Pelo Filtro de Nome...
		Nome do Produto: PSV - Metal Gear Solid HD Collection
http://www.bigboygames.com.br/psv-metal-gear-solid-hd-collection-p4231/
		Acessando URL do produto.
		Nome do Produto: PS3 - Metal Gear Solid HD Collection
			Igorando Pelo Filtro de Nome...
		Nome do Produto: PS3 - Metal Gear Solid: The Legacy Collection
			Igorando Pelo Filtro de Nome...
		Nome do Produto: PS3 - Metal Gear Solid HD Collection - USADO
			Igorando Pelo Filtro de Nome...
		Nome do Produto: PS3 - Metal Gear Solid HD Collection + God of War Collection
			Igorando Pelo Filtro de Nome...
		Nome do Produto: PS3 - Combo: Metal Gear Solid 4: GOP + God of War Collection
			Igorando Pelo Filtro de Nome...
	Tempo Para buscar: 2480
Loja: Balão da Informática
	URL Principal: https://www.balaodainformatica.com.br/
	URL Busca: http://www.balaodainformatica.com.br/digimon?&utmi_p=_Produtos_Buscar_&utmi_pc=BuscaFullText&utmi_cp=<BUSCA>
http://www.balaodainformatica.com.br/digimon?&utmi_p=_Produtos_Buscar_&utmi_pc=BuscaFullText&utmi_cp=metal+gear+solid+collection
		Documento Lido
		Resultados: 0
	Tempo Para buscar: 1496
Loja: Casas Bahia
	URL Principal: http://www.casasbahia.com.br/
	URL Busca: http://buscas.casasbahia.com.br/search?w=<BUSCA>
http://buscas.casasbahia.com.br/search?w=metal+gear+solid+collection
		Documento Lido
		Resultados: 1
		Nome do Produto: Metal Gear Solid HD Collection PSVita
http://produto.casasbahia.com.br/?IdProduto=3104229&recsource=btermo&rectype=p1_op_s1
		Acessando URL do produto.
		Nome do Produto: Jogo Metal Gear Solid HD Collection - Favoritos - PS3
			Igorando Pelo Filtro de Nome...
		Nome do Produto: Game Metal Gear Solid HD Collection - PS3
			Igorando Pelo Filtro de Nome...
		Nome do Produto: Game - Metal Gear Solid HD Collection - Favoritos - PS3
			Igorando Pelo Filtro de Nome...
		Nome do Produto: Jogo Metal Gear Solid HD Collection (inclui três jogos da franquia) - PS3
			Igorando Pelo Filtro de Nome...
		Nome do Produto: Metal Gear Solid HD Collection - PS Vita
http://produto.casasbahia.com.br/?IdProduto=2682384&recsource=btermo&rectype=p1_op_s6
		Acessando URL do produto.
		Nome do Produto: Jogo Metal Gear Solid: The Legacy Collection - PS3
			Igorando Pelo Filtro de Nome...
		Nome do Produto: Jogo Metal Gear Solid HD Collection - Favoritos - PS3
			Igorando Pelo Filtro de Nome...
	Tempo Para buscar: 466
Loja: Extra
	URL Principal: http://www.extra.com.br/
	URL Busca: http://buscando.extra.com.br/search?w=<BUSCA>
http://buscando.extra.com.br/search?w=metal+gear+solid+collection
		Documento Lido
		Resultados: 8
		Nome do Produto: Metal Gear Solid HD Collection PSVita
http://produto.extra.com.br/?IdProduto=3104229&recsource=btermo&rectype=p1_op_s1
		Acessando URL do produto.
		Nome do Produto: Jogo Metal Gear Solid HD Collection - Favoritos - PS3
			Igorando Pelo Filtro de Nome...
		Nome do Produto: Game Metal Gear Solid HD Collection - PS3
			Igorando Pelo Filtro de Nome...
		Nome do Produto: Game - Metal Gear Solid HD Collection - Favoritos - PS3
			Igorando Pelo Filtro de Nome...
		Nome do Produto: Jogo Metal Gear Solid HD Collection (inclui três jogos da franquia) - PS3
			Igorando Pelo Filtro de Nome...
		Nome do Produto: Metal Gear Solid HD Collection - PS Vita
http://produto.extra.com.br/?IdProduto=2682384&recsource=btermo&rectype=p1_op_s6
		Acessando URL do produto.
		Nome do Produto: Jogo Metal Gear Solid: The Legacy Collection - PS3
			Igorando Pelo Filtro de Nome...
		Nome do Produto: Jogo Metal Gear Solid HD Collection - Favoritos - PS3
			Igorando Pelo Filtro de Nome...
	Tempo Para buscar: 506
Loja: E-Virtua
	URL Principal: http://www.evirtua.com.br/
	URL Busca: http://www.evirtua.com.br/Busca?search_department_id=0&SearchTerm=<BUSCA>
http://www.evirtua.com.br/Busca?search_department_id=0&SearchTerm=metal+gear+solid+collection
		Documento Lido
		Resultados: 0
	Tempo Para buscar: 648
Loja: Fast Games
	URL Principal: http://www.fastgames.com.br/
	URL Busca: http://www.fastgames.com.br/loja/busca.php?loja=187970&palavra_busca=<BUSCA>
http://www.fastgames.com.br/loja/busca.php?loja=187970&palavra_busca=metal+gear+solid+collection
		Documento Lido
		Resultados: 2
		Nome do Produto: Metal Gear Solid HD Collection (Seminovo) - PS3
			Igorando Pelo Filtro de Nome...
		Nome do Produto: Metal Gear Solid HD Collection - PS3
			Igorando Pelo Filtro de Nome...
	Tempo Para buscar: 575
Loja: Fast Shop
	URL Principal: http://www.fastshop.com.br/loja/
	URL Busca: http://www.fastshop.com.br/webapp/wcs/stores/servlet/SearchDisplay?searchTerm=<BUSCA>&categoryId=&storeId=10151&catalogId=11052&langId=-6&pageSize=9&beginIndex=0&sType=SimpleSearch&resultCatEntryType=2&showResultsPage=true&searchSource=Q&pageView=&hotsite=fastshop
http://www.fastshop.com.br/webapp/wcs/stores/servlet/SearchDisplay?searchTerm=metal+gear+solid+collection&categoryId=&storeId=10151&catalogId=11052&langId=-6&pageSize=9&beginIndex=0&sType=SimpleSearch&resultCatEntryType=2&showResultsPage=true&searchSource=Q&pageView=&hotsite=fastshop
		Documento Lido
		Resultados: 1
		Nome do Produto: 
			Igorando Pelo Filtro de Nome...
	Tempo Para buscar: 1094
Loja: FNAC
	URL Principal: http://www.fnac.com.br/index.html
	URL Busca: http://www.fnac.com.br/<BUSCA>
http://www.fnac.com.br/metal%20gear%20solid%20collection
		Documento Lido
		Resultados: 24
		Nome do Produto: PS3 Metal Gear Solid: HD Collection
			Igorando Pelo Filtro de Nome...
	Tempo Para buscar: 1048
Loja: Kabum
	URL Principal: http://www.kabum.com.br/
	URL Busca: http://www.kabum.com.br/cgi-local/site/listagem/listagem.cgi?string=<BUSCA>&btnG=
http://www.kabum.com.br/cgi-local/site/listagem/listagem.cgi?string=metal+gear+solid+collection&btnG=
		Documento Lido
		Resultados: 1
		Nome do Produto: Game Metal Gear Solid HD Collection Edição Favoritos PS3
			Igorando Pelo Filtro de Nome...
	Tempo Para buscar: 851
Loja: Livraria Cultura
	URL Principal: http://www.livrariacultura.com.br/
	URL Busca: http://www.livrariacultura.com.br/busca?N=0&Ntt=<BUSCA>
http://www.livrariacultura.com.br/busca?N=0&Ntt=metal+gear+solid+collection
		Documento Lido
		Resultados: 5
		Nome do Produto: METAL GEAR SOLID - HD COLLECTION (PS3)
			Igorando Pelo Filtro de Nome...
		Nome do Produto: METAL GEAR SOLID HD COLLECTION
http://www.livrariacultura.com.br/p/metal-gear-solid-hd-collection-29086183
		Acessando URL do produto.
		Nome do Produto: METAL GEAR SOLID HD COLLECTION (PSVITA)
http://www.livrariacultura.com.br/p/metal-gear-solid-hd-collection-psvita-29784282
		Acessando URL do produto.
		Nome do Produto: METAL GEAR SOLID HD COLLECTION
http://www.livrariacultura.com.br/p/metal-gear-solid-hd-collection-29086180
		Acessando URL do produto.
		Nome do Produto: METAL GEAR SOLID - THE LEGACY COLLECTION (PS3)
			Igorando Pelo Filtro de Nome...
	Tempo Para buscar: 1379
Loja: Magazine Luiza
	URL Principal: http://www.magazineluiza.com.br/
	URL Busca: http://www.magazineluiza.com.br/busca/<BUSCA>/
http://www.magazineluiza.com.br/busca/metal+gear+solid+collection/
		Documento Lido
		Resultados: 3
		Nome do Produto: Jg Kon Xbox 360 Metal Gear Solid Hd Collection - KONAMI
			Igorando Pelo Filtro de Nome...
		Nome do Produto: Jogo Metal Gear Solid: The Legacy Collection PS3 - KONAMI
			Igorando Pelo Filtro de Nome...
		Nome do Produto: Jogo Metal Gear Solid: The Legacy Collection - PS3 - KONAMI
			Igorando Pelo Filtro de Nome...
	Tempo Para buscar: 350
Loja: Mula Games
	URL Principal: http://www.mulagames.com.br/
	URL Busca: https://www.mulagames.com.br/busca-busca_produtos?nome_produto=<BUSCA>
https://www.mulagames.com.br/busca-busca_produtos?nome_produto=metal+gear+solid+collection
		Documento Lido
		Resultados: 4
		Nome do Produto: Metal Gear Solid: The Legacy Collection 1987-2012 - PS3
			Igorando Pelo Filtro de Nome...
		Nome do Produto: Metal Gear Solid HD Collection - PS3
			Igorando Pelo Filtro de Nome...
		Nome do Produto: Metal Gear Solid HD Collection - PSV
https://www.mulagames.com.br/Metal_Gear_Solid_HD_Collection_PSV/prod-467284/
		Acessando URL do produto.
		Nome do Produto: Metal Gear Solid HD Collection - XBox 360
			Igorando Pelo Filtro de Nome...
	Tempo Para buscar: 1911
Loja: Net Shoes
	URL Principal: http://www.netshoes.com.br/
	URL Busca: http://www.netshoes.com.br/search?Ntt=<BUSCA>
http://www.netshoes.com.br/search?Ntt=metal+gear+solid+collection
		Documento Lido
		Resultados: 60
		Nome do Produto: Porta Bike Metal Line Tipo Catraca
			Igorando Pelo Filtro de Nome...
		Nome do Produto: Porta Bike Metal Line Tipo Engate c/ Separador
			Igorando Pelo Filtro de Nome...
		Nome do Produto: Garrafa De Agua Cool Gear Can 1741
			Igorando Pelo Filtro de Nome...
		Nome do Produto: Garrafa De Agua Cool Gear Riviera 8222
			Igorando Pelo Filtro de Nome...
		Nome do Produto: Garrafa De Agua Cool Gear Riviera 8222
			Igorando Pelo Filtro de Nome...
		Nome do Produto: Garrafa De Agua Cool Gear Hexashake 1962
			Igorando Pelo Filtro de Nome...
		Nome do Produto: Garrafa De Agua Cool Gear Collegiate 122
			Igorando Pelo Filtro de Nome...
		Nome do Produto: Garrafa De Agua Cool Gear Infusion 265
			Igorando Pelo Filtro de Nome...
		Nome do Produto: Garrafa De Agua Cool Gear Hexashake 1962
			Igorando Pelo Filtro de Nome...
		Nome do Produto: Tênis Vizzano Metal
			Igorando Pelo Filtro de Nome...
		Nome do Produto: Boné Nike Metal Swoosh
			Igorando Pelo Filtro de Nome...
		Nome do Produto: Pacote de Meias Adidas Solid Crew c/ 3 Pares
			Igorando Pelo Filtro de Nome...
		Nome do Produto: Mochila Nike Auralux Solid
			Igorando Pelo Filtro de Nome...
		Nome do Produto: Boné Under Armour Solid
			Igorando Pelo Filtro de Nome...
		Nome do Produto: Boné Nike Metal Swoosh
			Igorando Pelo Filtro de Nome...
		Nome do Produto: Mochila Nike Ya Cheyenne Solid Bp Infantil
			Igorando Pelo Filtro de Nome...
		Nome do Produto: Tênis Vizzano Metal
			Igorando Pelo Filtro de Nome...
		Nome do Produto: Top Adidas Techfit Solid
			Igorando Pelo Filtro de Nome...
		Nome do Produto: Mochila Nike Chyn Bkpk - Solid
			Igorando Pelo Filtro de Nome...
		Nome do Produto: Camiseta Oakley O-Gear Tee
			Igorando Pelo Filtro de Nome...
		Nome do Produto: Top Adidas Techfit Solid
			Igorando Pelo Filtro de Nome...
		Nome do Produto: Mochila Nike Chyn Bkpk - Solid
			Igorando Pelo Filtro de Nome...
		Nome do Produto: Mochila Nike Auralux Solid
			Igorando Pelo Filtro de Nome...
		Nome do Produto: Boné Nike Heritage 86 Metal Swoosh Juvenil
			Igorando Pelo Filtro de Nome...
		Nome do Produto: Sunga Speedo Solid Juvenil
			Igorando Pelo Filtro de Nome...
		Nome do Produto: Boné Levi's Metal
			Igorando Pelo Filtro de Nome...
		Nome do Produto: Camisa Polo Nike Solid
			Igorando Pelo Filtro de Nome...
		Nome do Produto: Manguito Longo Solid Muvin MGT-300
			Igorando Pelo Filtro de Nome...
		Nome do Produto: Óculos de Sol NYS Collection 29-1890
			Igorando Pelo Filtro de Nome...
		Nome do Produto: Boné Nike Heritage 86 Metal Swoosh Juvenil
			Igorando Pelo Filtro de Nome...
		Nome do Produto: Boné Under Armour Solid
			Igorando Pelo Filtro de Nome...
		Nome do Produto: Garrafa Térmica de Metal 500ml - PowerFoods
			Igorando Pelo Filtro de Nome...
		Nome do Produto: Boné Levi's Metal
			Igorando Pelo Filtro de Nome...
		Nome do Produto: Mochila Nike Auralux Solid
			Igorando Pelo Filtro de Nome...
		Nome do Produto: Boné Levi's Metal
			Igorando Pelo Filtro de Nome...
		Nome do Produto: Boné Under Armour Solid
			Igorando Pelo Filtro de Nome...
		Nome do Produto: Boné Levi's Metal
			Igorando Pelo Filtro de Nome...
		Nome do Produto: Coturno Cravo e Canela Metal
			Igorando Pelo Filtro de Nome...
		Nome do Produto: Manguito Longo Solid Muvin MGT-300
			Igorando Pelo Filtro de Nome...
		Nome do Produto: Sunga Speedo Solid Juvenil
			Igorando Pelo Filtro de Nome...
		Nome do Produto: Mochila Nike Auralux Solid
			Igorando Pelo Filtro de Nome...
		Nome do Produto: Relógio Puma Ultrasize Metal
			Igorando Pelo Filtro de Nome...
		Nome do Produto: Tênis Ellus Solid Floral
			Igorando Pelo Filtro de Nome...
		Nome do Produto: Óculos de Sol NYS Collection
			Igorando Pelo Filtro de Nome...
		Nome do Produto: Óculos de Sol NYS Collection 7652M
			Igorando Pelo Filtro de Nome...
		Nome do Produto: Óculos de Sol NYS Collection 1829
			Igorando Pelo Filtro de Nome...
		Nome do Produto: Tênis Colcci Placa Metal
			Igorando Pelo Filtro de Nome...
		Nome do Produto: Camisa Polo Nike Solid
			Igorando Pelo Filtro de Nome...
		Nome do Produto: Camisa Polo Volcom Solid
			Igorando Pelo Filtro de Nome...
		Nome do Produto: Tênis Freeday Solid
			Igorando Pelo Filtro de Nome...
		Nome do Produto: Sunga Speedo Solid 17 cm
			Igorando Pelo Filtro de Nome...
		Nome do Produto: Tênis Freeday Solid
			Igorando Pelo Filtro de Nome...
		Nome do Produto: Tênis Freeday Solid
			Igorando Pelo Filtro de Nome...
		Nome do Produto: Boné Nike Metal Swoosh
			Igorando Pelo Filtro de Nome...
		Nome do Produto: Carteira Cavalera Elias Logo Metal
			Igorando Pelo Filtro de Nome...
		Nome do Produto: Jaqueta Adidas Solid AGT
			Igorando Pelo Filtro de Nome...
		Nome do Produto: Tênis Kolosh Cano Alto Metal
			Igorando Pelo Filtro de Nome...
		Nome do Produto: Sunga Speedo Solid Juvenil
			Igorando Pelo Filtro de Nome...
		Nome do Produto: Tênis Colcci Adriana Logo Metal
			Igorando Pelo Filtro de Nome...
		Nome do Produto: Sunga Speedo Solid 17 cm
			Igorando Pelo Filtro de Nome...
	Tempo Para buscar: 957
Loja: Ponto Frio
	URL Principal: http://www.pontofrio.com.br/
	URL Busca: http://search.pontofrio.com.br/search?w=<BUSCA>
http://search.pontofrio.com.br/search?w=metal+gear+solid+collection
		Documento Lido
		Resultados: 1
		Nome do Produto: Metal Gear Solid HD Collection PSVita
http://produto.pontofrio.com.br/?IdProduto=3104229&recsource=btermo&rectype=p1_op_s1
		Nome do Produto: Jogo Metal Gear Solid HD Collection - Favoritos - PS3
			Igorando Pelo Filtro de Nome...
		Nome do Produto: Game Metal Gear Solid HD Collection - PS3
			Igorando Pelo Filtro de Nome...
		Nome do Produto: Game - Metal Gear Solid HD Collection - Favoritos - PS3
			Igorando Pelo Filtro de Nome...
		Nome do Produto: Jogo Metal Gear Solid HD Collection (inclui três jogos da franquia) - PS3
			Igorando Pelo Filtro de Nome...
		Nome do Produto: Metal Gear Solid HD Collection - PS Vita
http://produto.pontofrio.com.br/?IdProduto=2682384&recsource=btermo&rectype=p1_op_s6
		Nome do Produto: Jogo Metal Gear Solid: The Legacy Collection - PS3
			Igorando Pelo Filtro de Nome...
		Nome do Produto: Jogo Metal Gear Solid HD Collection - Favoritos - PS3
			Igorando Pelo Filtro de Nome...
		Nome do Produto: Metal Gear Solid HD Collection PSVita
http://produto.pontofrio.com.br/?IdProduto=3104229&recsource=btermo&rectype=p1_op_s1
		Nome do Produto: Jogo Metal Gear Solid HD Collection - Favoritos - PS3
			Igorando Pelo Filtro de Nome...
		Nome do Produto: Game Metal Gear Solid HD Collection - PS3
			Igorando Pelo Filtro de Nome...
		Nome do Produto: Game - Metal Gear Solid HD Collection - Favoritos - PS3
			Igorando Pelo Filtro de Nome...
		Nome do Produto: Jogo Metal Gear Solid HD Collection (inclui três jogos da franquia) - PS3
			Igorando Pelo Filtro de Nome...
		Nome do Produto: Metal Gear Solid HD Collection - PS Vita
http://produto.pontofrio.com.br/?IdProduto=2682384&recsource=btermo&rectype=p1_op_s6
		Nome do Produto: Jogo Metal Gear Solid: The Legacy Collection - PS3
			Igorando Pelo Filtro de Nome...
		Nome do Produto: Jogo Metal Gear Solid HD Collection - Favoritos - PS3
			Igorando Pelo Filtro de Nome...
	Tempo Para buscar: 682
Loja: Ricardo Eletro
	URL Principal: http://www.ricardoeletro.com.br/
	URL Busca: http://www.ricardoeletro.com.br/Busca/Resultado/?q=<BUSCA>
http://www.ricardoeletro.com.br/Busca/Resultado/?q=metal+gear+solid+collection
		Documento Lido
		Resultados: 0
	Tempo Para buscar: 668
Loja: RiHappy
	URL Principal: http://www.rihappy.com.br/
	URL Busca: http://www.rihappy.com.br/<BUSCA>
http://www.rihappy.com.br/metal%20gear%20solid%20collection
		Documento Lido
		Resultados: 0
	Tempo Para buscar: 496
Loja: Saraiva
	URL Principal: http://www.saraiva.com.br/
	URL Busca: http://busca.saraiva.com.br/?q=<BUSCA>
http://busca.saraiva.com.br/?q=metal+gear+solid+collection
		Documento Lido
		Resultados: 3
		Nome do Produto: Kit Jogos Ps4 - Uncharted - The Nathan Drake Colle...
			Igorando Pelo Filtro de Nome...
		Nome do Produto: Metal Gear Solid - HD Collection - PS3
			Igorando Pelo Filtro de Nome...
		Nome do Produto: Metal Gear Solid HD Collection - PS3
			Igorando Pelo Filtro de Nome...
	Tempo Para buscar: 253
Loja: Shop Facil
	URL Principal: http://ww2.shopfacil.com.br/
	URL Busca: http://ww2.shopfacil.com.br/<BUSCA>
http://ww2.shopfacil.com.br/metal%20gear%20solid%20collection
		Documento Lido
		Resultados: 24
		Nome do Produto: Jogo Metal Gear Solid HD Collection - Favoritos - PS3
			Igorando Pelo Filtro de Nome...
		Nome do Produto: Jogos para PS3 Bayonetta Sega + Metal Gear Solid HD Collection Konami
			Igorando Pelo Filtro de Nome...
		Nome do Produto: Metal Gear Solid V: The Phantom Pain para PS4 - Konami
			Igorando Pelo Filtro de Nome...
		Nome do Produto: Metal Gear Solid V: The Phantom Pain - Day One Edition para Xbox 360 - Konami
			Igorando Pelo Filtro de Nome...
		Nome do Produto: Jogo Metal Gear Solid V- The Phantom Pain - PS4
			Igorando Pelo Filtro de Nome...
		Nome do Produto: Jogo Metal Gear Solid V: Ground Zeroes - Xbox One
			Igorando Pelo Filtro de Nome...
		Nome do Produto: Jogo para PS3 Metal Gear Solid V The Phantom Pain Konami
			Igorando Pelo Filtro de Nome...
		Nome do Produto: Jogo PS3 Metal Gear Solid 4: Guns of the Patriots
			Igorando Pelo Filtro de Nome...
		Nome do Produto: Jogo Metal Gear Solid V: The Phantom Pain para Xbox 360 (X360) - Konami
			Igorando Pelo Filtro de Nome...
		Nome do Produto: Jogo Metal Gear Solid V- The Phantom Pain -Day One Edition- - PS3
			Igorando Pelo Filtro de Nome...
		Nome do Produto: Jogo Metal Gear Solid V: The Phantom Pain (Day One Edition) - Xbox 360
			Igorando Pelo Filtro de Nome...
		Nome do Produto: Jogo Metal Gear Solid V: The Phantom Pain (Day One Edition) - Xbox One
			Igorando Pelo Filtro de Nome...
		Nome do Produto: Jogos para Xbox One Metal Gear Solid V: Ground Zeroes + The Phanton Pain
			Igorando Pelo Filtro de Nome...
		Nome do Produto: Console Xbox One 500GB Microsoft + Jogos Gears of War Ultimate Edition Microsoft e Metal Gear Solid V: Ground Zeroes Konami
			Igorando Pelo Filtro de Nome...
		Nome do Produto: Console Xbox One Elite 1TB com 1 Controle Preto Microsoft + Jogo Xbox One Metal Gear Solid V: The Phantom Pain
			Igorando Pelo Filtro de Nome...
		Nome do Produto: Console Xbox One 1TB Ed. Exclusiva Call of Duty: Advanced Warefare (download) + Jogo Xbox One Metal Gear Solid V: Ground Zeroes Konami
			Igorando Pelo Filtro de Nome...
		Nome do Produto: Console Xbox One 500GB Microsoft + Jogos Gears of War Ultimate Edition Microsoft e Metal Gear Solid V The Phantom Pain Day One Edition Konami
			Igorando Pelo Filtro de Nome...
		Nome do Produto: Console Xbox One 500GB Microsoft + Fifa 16 EA Games (Via Download) + 1 Mês EA Access + Jogo Metal Gear Solid V The Phantom Pain Day One Edition Konami
			Igorando Pelo Filtro de Nome...
		Nome do Produto: Console Xbox One 500GB Preto Microsoft + 1 Mês EA Access + Jogo FIFA 17 EA Sports + Jogo Metal Gear Solid V: The Phantom Pain Day One Edition Konami
			Igorando Pelo Filtro de Nome...
		Nome do Produto: Metal Gear Solid HD Collection p/ PS3 - Coleção Favoritos - Konami
			Igorando Pelo Filtro de Nome...
		Nome do Produto: Jogo PS3 Metal Gear Solid HD Collection
			Igorando Pelo Filtro de Nome...
		Nome do Produto: Metal Gear Solid: The Legacy Collection para PS3 - Konami
			Igorando Pelo Filtro de Nome...
		Nome do Produto: Metal Gear Solid V: Ground Zeroes Ps4
			Igorando Pelo Filtro de Nome...
		Nome do Produto: Jogo Metal Gear Solid: The Legacy Collection PS3
			Igorando Pelo Filtro de Nome...
	Tempo Para buscar: 2111
Loja: Shop Time
	URL Principal: http://www.shoptime.com.br/
	URL Busca: http://busca.shoptime.com.br/busca.php?q=<BUSCA>
http://busca.shoptime.com.br/busca.php?q=metal+gear+solid+collection
		Documento Lido
		Resultados: 6
		Nome do Produto: Game - Metal Gear Solid HD Collection - Favoritos - PS3
			Igorando Pelo Filtro de Nome...
		Nome do Produto: Metal Gear Solid Hd Collection Psvita
http://www.shoptime.com.br/produto/8463375
		Acessando URL do produto.
		Nome do Produto: Metal Gear Solid Hd Collection - Ps3
			Igorando Pelo Filtro de Nome...
		Nome do Produto: Jogo Ps3 Metal Gear Solid Hd Collection - Konami
			Igorando Pelo Filtro de Nome...
		Nome do Produto: Game - Metal Gear Solid Hd Collection - Favoritos - Ps3
			Igorando Pelo Filtro de Nome...
		Nome do Produto: Game Metal Gear Solid Hd Collection - XBox360
			Igorando Pelo Filtro de Nome...
	Tempo Para buscar: 659
Loja: ShopB
	URL Principal: http://www.shopb.com.br/
	URL Busca: http://www.shopb.com.br/buscar?q=<BUSCA>
http://www.shopb.com.br/buscar?q=metal+gear+solid+collection
		Documento Lido
		Resultados: 22
		Nome do Produto: Jogo Metal Gear Solid V: The Phantom Pain - Xbox One
			Igorando Pelo Filtro de Nome...
		Nome do Produto: Jogo Metal Gear Solid HD Collection - PS3
			Igorando Pelo Filtro de Nome...
		Nome do Produto: Jogo Metal Gear Solid: The Legacy Collection - PS3
			Igorando Pelo Filtro de Nome...
		Nome do Produto: Jogo Metal Gear Solid HD Collection - Xbox 360
			Igorando Pelo Filtro de Nome...
		Nome do Produto: Jogo Metal Gear Solid V: Ground Zeroes - Xbox One
			Igorando Pelo Filtro de Nome...
		Nome do Produto: Jogo Metal Gear Solid V: The Phantom Pain - PS3
			Igorando Pelo Filtro de Nome...
		Nome do Produto: Jogo Metal Gear Solid V: Ground Zeroes - Xbox 360
			Igorando Pelo Filtro de Nome...
		Nome do Produto: Jogo Metal Gear Solid V: Ground Zeroes - PS3
			Igorando Pelo Filtro de Nome...
		Nome do Produto: Jogo Metal Gear Solid 4: Guns of the Patriots - PS3
			Igorando Pelo Filtro de Nome...
		Nome do Produto: Jogo Metal Gear Solid V: The Phantom Pain - Xbox 360
			Igorando Pelo Filtro de Nome...
		Nome do Produto: Jogo Metal Gear Solid V: The Phantom Pain - PS4
			Igorando Pelo Filtro de Nome...
		Nome do Produto: Jogo Metal Gear Solid V The Definitive Experience: Ground Zeroes + The Phantom Pain - Xbox One
			Igorando Pelo Filtro de Nome...
		Nome do Produto: Action figure Metal Gear Solid 5 Skull Face - Play Arts Kai
			Igorando Pelo Filtro de Nome...
		Nome do Produto: Jogo Syphon Filter: Dark Mirror - PS2
			Igorando Pelo Filtro de Nome...
		Nome do Produto: Jogo Pro Evolution Soccer 2014 (PES 14) - PS3 Avise-me
			Igorando Pelo Filtro de Nome...
		Nome do Produto: Jogo Pro Evolution Soccer 2014 (PES 14) - Xbox 360 Avise-me
			Igorando Pelo Filtro de Nome...
		Nome do Produto: Jogo Zone of the Enders HD Collection (Limited Edition) - PS3 Avise-me
			Igorando Pelo Filtro de Nome...
		Nome do Produto: Suporte Nintendo Circle Pad Pro - 3DS Avise-me
			Igorando Pelo Filtro de Nome...
		Nome do Produto: Jogo Metal Gear Solid V The Definitive Experience: Ground Zeroes + The Phantom Pain - PS4 Avise-me
			Igorando Pelo Filtro de Nome...
		Nome do Produto: Jogo Metal Gear Solid V The Definitive Experience: Ground Zeroes + The Phantom Pain - PS4 Avise-me
			Igorando Pelo Filtro de Nome...
		Nome do Produto: Caneca Metal Gear Solid V: The Phantom Pain Avise-me
			Igorando Pelo Filtro de Nome...
		Nome do Produto: Jogo Metal Gear Solid: The Legacy Collection - PS3 Avise-me
			Igorando Pelo Filtro de Nome...
	Tempo Para buscar: 755
Loja: Submarino
	URL Principal: http://www.submarino.com.br/
	URL Busca: http://busca.submarino.com.br/busca.php?q=<BUSCA>
http://busca.submarino.com.br/busca.php?q=metal+gear+solid+collection
		Documento Lido
		Resultados: 6
		Nome do Produto: Game - Metal Gear Solid HD Collection - Favoritos - PS3
			Igorando Pelo Filtro de Nome...
		Nome do Produto: Jogo Ps3 Metal Gear Solid Hd Collection - Konami
			Igorando Pelo Filtro de Nome...
		Nome do Produto: Metal Gear Solid Hd Collection Psvita
http://www.submarino.com.br/produto/8463375
		Acessando URL do produto.
		Nome do Produto: Metal Gear Solid Hd Collection - Ps3
			Igorando Pelo Filtro de Nome...
		Nome do Produto: Game - Metal Gear Solid Hd Collection - Favoritos - Ps3
			Igorando Pelo Filtro de Nome...
		Nome do Produto: Game Metal Gear Solid Hd Collection - XBOX 360
			Igorando Pelo Filtro de Nome...
	Tempo Para buscar: 1483
Loja: Walmart
	URL Principal: http://www.walmart.com.br/
	URL Busca: http://www.walmart.com.br/busca/?ft=<BUSCA>&PS=20
http://www.walmart.com.br/busca/?ft=metal+gear+solid+collection&PS=20
		Documento Lido
		Resultados: 20
		Nome do Produto: Jogos para PS3 Bayonetta Sega + Metal Gear Solid HD Collection Konami
			Igorando Pelo Filtro de Nome...
		Nome do Produto: Console PS3 500GB com Controle sem fio Preto Sony + Jogos para PS3 Bayonetta Sega e Metal Gear Solid HD Collection Konami
			Igorando Pelo Filtro de Nome...
		Nome do Produto: Console PS3 500GB com Controle sem fio Preto Sony + Jogo para PS3 Metal Gear Solid HD Collection Konami
			Igorando Pelo Filtro de Nome...
		Nome do Produto: Jogo PS3 Metal Gear Solid HD Collection
			Igorando Pelo Filtro de Nome...
		Nome do Produto: Game Metal Gear Solid HD Collection Favoritos PS3
			Igorando Pelo Filtro de Nome...
		Nome do Produto: Metal gear solid: hd collection xbox 360
			Igorando Pelo Filtro de Nome...
		Nome do Produto: Metal Gear Solid HD Collection - PS3
			Igorando Pelo Filtro de Nome...
		Nome do Produto: Metal Gear Solid Hd Collection - Favoritos - PS3
			Igorando Pelo Filtro de Nome...
		Nome do Produto: Game Metal Gear Solid Hd Collection Favor Ps3
			Igorando Pelo Filtro de Nome...
		Nome do Produto: Metal gear solid: the legacy collection ps3
			Igorando Pelo Filtro de Nome...
		Nome do Produto: Metal Gear Solid Collection PS3
			Igorando Pelo Filtro de Nome...
		Nome do Produto: Metal Gear Solid Hd Collection X360
			Igorando Pelo Filtro de Nome...
		Nome do Produto: Metal Gear Solid HD Collection XBOX 360
			Igorando Pelo Filtro de Nome...
		Nome do Produto: Metal Gear Solid HD Collection Favoritos - PS 3
http://www.walmart.com.br//www.walmart.com.br/metal-gear-solid-hd-collection-favoritos-ps-3/4166675/pr
		Acessando URL do produto.
		Nome do Produto: PSVita Metal Gear Solid HD Collection
http://www.walmart.com.br//www.walmart.com.br/psvita-metal-gear-solid-hd-collection/4827055/pr
		Acessando URL do produto.
		Nome do Produto: Metal Gear Solid HD Collection PS Vita
http://www.walmart.com.br//www.walmart.com.br/metal-gear-solid-hd-collection-ps-vita/4719888/pr
		Acessando URL do produto.
		Nome do Produto: Metal Gear Solid HD Collection PS VITA
http://www.walmart.com.br//www.walmart.com.br/metal-gear-solid-hd-collection-ps-vita/3881324/pr
		Acessando URL do produto.
		Nome do Produto: Jogo Metal Gear Solid The Legacy Collection para PS3
			Igorando Pelo Filtro de Nome...
		Nome do Produto: Metal Gear Solid: The Legacy Collection PS3
			Igorando Pelo Filtro de Nome...
		Nome do Produto: Game Metal Gear Solid: The Legacy Collection - Ps3
			Igorando Pelo Filtro de Nome...
	Tempo Para buscar: 3910
Loja: Zig Store
	URL Principal: http://www.zigstore.com.br/
	URL Busca: http://www.zigstore.com.br/pesquisa/?p=<BUSCA>
http://www.zigstore.com.br/pesquisa/?p=metal+gear+solid+collection
		Documento Lido
		Resultados*: 1
		Acessando URL do produto.
	Tempo Para buscar: 8902

File copied from E:\WorkSpaces\workspace estudo\lookforprices\resources\imports\css.css to E:\WorkSpaces\workspace estudo\lookforprices\reports\2017-02-28 03\css.css
File copied from E:\WorkSpaces\workspace estudo\lookforprices\resources\imports\jquery.js to E:\WorkSpaces\workspace estudo\lookforprices\reports\2017-02-28 03\jquery.js
File copied from E:\WorkSpaces\workspace estudo\lookforprices\resources\imports\scripts.js to E:\WorkSpaces\workspace estudo\lookforprices\reports\2017-02-28 03\scripts.js
Tempo total de execução: 36312
