Game: Devil Survivor Overclocked
Product Name: Devil Survivor Overclocked
Loja: Nintendo eShop
	URL Principal: http://www.nintendo.com/3ds/eshop
	URL Busca: http://www.nintendo.com/json/content/get/game/filter?&qterm=<BUSCA>
NintendoEShopSearch.search() http://www.nintendo.com/json/content/get/game/filter?&qterm=Devil+Survivor+Overclocked
		Documento Lido
		Resultados: 1
		Nome do Produto: Shin Megami Tensei: Devil Survivor Overclocked
http://www.nintendo.com/games/detail/tKDJ7tyZ-olVhVBW9mswLhlRxJr0mcZG
		Acessando URL do produto.
URL = http://www.nintendo.com/games/detail/tKDJ7tyZ-olVhVBW9mswLhlRxJr0mcZG
	Tempo Para buscar: 1236
Loja: Americanas
	URL Principal: http://www.americanas.com.br/
	URL Busca: http://busca.americanas.com.br/busca.php?q=<BUSCA>
http://busca.americanas.com.br/busca.php?q=Devil+Survivor+Overclocked
		Documento Lido
		Resultados: 1
		Nome do Produto: Game Shin Megami Tensei: Devil Survivor Overclocked Atlus...
http://www.americanas.com.br/produto/110349692/game-shin-megami-tensei-devil-survivor-overclocked-atlus-3ds
		Acessando URL do produto.
	Tempo Para buscar: 1629
Loja: Big Boy Games
	URL Principal: http://www.bigboygames.com.br/
	URL Busca: http://www.bigboygames.com.br/pesquisa/?p=<BUSCA>
http://www.bigboygames.com.br/pesquisa/?p=Devil+Survivor+Overclocked
		Documento Lido
		Resultados*: 1
		Acessando URL do produto.
	Tempo Para buscar: 1368
Loja: Casas Bahia
	URL Principal: http://www.casasbahia.com.br/
	URL Busca: http://buscas.casasbahia.com.br/search?w=<BUSCA>
http://buscas.casasbahia.com.br/search?w=Devil+Survivor+Overclocked
		Documento Lido
		Resultados: 1
		Nome do Produto: Shin Megami Tensei: Devil Survivor 2 Record Breaker - 3DS
			Igorando Pelo Filtro de Nome...
		Nome do Produto: Survivor
			Igorando Pelo Filtro de Nome...
		Nome do Produto: DBA Survivor
			Igorando Pelo Filtro de Nome...
		Nome do Produto: Survivor Prayers
			Igorando Pelo Filtro de Nome...
		Nome do Produto: Soul Survivor
			Igorando Pelo Filtro de Nome...
		Nome do Produto: Soul Survivor
			Igorando Pelo Filtro de Nome...
		Nome do Produto: Soul Survivor
			Igorando Pelo Filtro de Nome...
		Nome do Produto: Soul Survivor
			Igorando Pelo Filtro de Nome...
		Nome do Produto: The Survivor Chronicles Omnibus
			Igorando Pelo Filtro de Nome...
		Nome do Produto: Trauma & Survivor Syndrome
			Igorando Pelo Filtro de Nome...
		Nome do Produto: The Imprinted Survivor
			Igorando Pelo Filtro de Nome...
		Nome do Produto: Survivor`s Guide to Colic
			Igorando Pelo Filtro de Nome...
		Nome do Produto: A Survivor`s Story
			Igorando Pelo Filtro de Nome...
		Nome do Produto: Survivor of Silence
			Igorando Pelo Filtro de Nome...
		Nome do Produto: The Littlest Survivor
			Igorando Pelo Filtro de Nome...
		Nome do Produto: Sexual Abuse Survivor`s Handbook
			Igorando Pelo Filtro de Nome...
		Nome do Produto: Diary of a Bipolar Survivor
			Igorando Pelo Filtro de Nome...
		Nome do Produto: Moving On...from Victim to Survivor
			Igorando Pelo Filtro de Nome...
		Nome do Produto: A Survivor`s Guide to Eternity
			Igorando Pelo Filtro de Nome...
		Nome do Produto: A Survivor`s Guide to Hollywood
			Igorando Pelo Filtro de Nome...
	Tempo Para buscar: 1053
Loja: Extra
	URL Principal: http://www.extra.com.br/
	URL Busca: http://buscando.extra.com.br/search?w=<BUSCA>
http://buscando.extra.com.br/search?w=Devil+Survivor+Overclocked
		Documento Lido
		Resultados: 12
		Nome do Produto: Survivor
			Igorando Pelo Filtro de Nome...
		Nome do Produto: DBA Survivor
			Igorando Pelo Filtro de Nome...
		Nome do Produto: Survivor Prayers
			Igorando Pelo Filtro de Nome...
		Nome do Produto: Soul Survivor
			Igorando Pelo Filtro de Nome...
		Nome do Produto: Soul Survivor
			Igorando Pelo Filtro de Nome...
		Nome do Produto: Soul Survivor
			Igorando Pelo Filtro de Nome...
		Nome do Produto: Soul Survivor
			Igorando Pelo Filtro de Nome...
		Nome do Produto: The Imprinted Survivor
			Igorando Pelo Filtro de Nome...
		Nome do Produto: The Survivor Chronicles Omnibus
			Igorando Pelo Filtro de Nome...
		Nome do Produto: Trauma & Survivor Syndrome
			Igorando Pelo Filtro de Nome...
		Nome do Produto: Survivor of Silence
			Igorando Pelo Filtro de Nome...
		Nome do Produto: The Littlest Survivor
			Igorando Pelo Filtro de Nome...
	Tempo Para buscar: 1945
Loja: E-Virtua
	URL Principal: http://www.evirtua.com.br/
	URL Busca: http://www.evirtua.com.br/Busca?search_department_id=0&SearchTerm=<BUSCA>
http://www.evirtua.com.br/Busca?search_department_id=0&SearchTerm=Devil+Survivor+Overclocked
		Documento Lido
		Resultados: 0
	Tempo Para buscar: 214
Loja: Fast Games
	URL Principal: http://www.fastgames.com.br/
	URL Busca: http://www.fastgames.com.br/loja/busca.php?loja=187970&palavra_busca=<BUSCA>
http://www.fastgames.com.br/loja/busca.php?loja=187970&palavra_busca=Devil+Survivor+Overclocked
		Documento Lido
		Resultados: 0
	Tempo Para buscar: 643
Loja: Fast Shop
	URL Principal: http://www.fastshop.com.br/loja/
	URL Busca: http://www.fastshop.com.br/webapp/wcs/stores/servlet/SearchDisplay?searchTerm=<BUSCA>&categoryId=&storeId=10151&catalogId=11052&langId=-6&pageSize=9&beginIndex=0&sType=SimpleSearch&resultCatEntryType=2&showResultsPage=true&searchSource=Q&pageView=&hotsite=fastshop
http://www.fastshop.com.br/webapp/wcs/stores/servlet/SearchDisplay?searchTerm=Devil+Survivor+Overclocked&categoryId=&storeId=10151&catalogId=11052&langId=-6&pageSize=9&beginIndex=0&sType=SimpleSearch&resultCatEntryType=2&showResultsPage=true&searchSource=Q&pageView=&hotsite=fastshop
		Documento Lido
		Resultados: 0
	Tempo Para buscar: 797
Loja: FNAC
	URL Principal: http://www.fnac.com.br/index.html
	URL Busca: http://busca.fnac.com.br/?busca=<BUSCA>
http://busca.fnac.com.br/?busca=Devil+Survivor+Overclocked
		Documento Lido
		Resultados: 20
		Nome do Produto: The Beauty Of Destruction
			Igorando Pelo Filtro de Nome...
		Nome do Produto: White Devil Armory
			Igorando Pelo Filtro de Nome...
		Nome do Produto: Ps3 Devil May Cry 4
			Igorando Pelo Filtro de Nome...
		Nome do Produto: The Devil Put Dinosaurs Here
			Igorando Pelo Filtro de Nome...
		Nome do Produto: Ps3 Dmc Devil May Cry
			Igorando Pelo Filtro de Nome...
		Nome do Produto: Wacky Wobbler: Tazmaniam Devil - Funko
			Igorando Pelo Filtro de Nome...
		Nome do Produto: Ps4 Dmc Devil May Cry
			Igorando Pelo Filtro de Nome...
		Nome do Produto: Xbox One Dmc Devil May Cry
			Igorando Pelo Filtro de Nome...
		Nome do Produto: Devil´s Got A New Disguise - The Very Best Of
			Igorando Pelo Filtro de Nome...
		Nome do Produto: Dupla Falta
			Igorando Pelo Filtro de Nome...
		Nome do Produto: A Tirania da Penitência - Ensaio Sobre O Masoquismo Ocidental
			Igorando Pelo Filtro de Nome...
		Nome do Produto: Canteiro de Obras - Livro E Quebra Cabeça Duplo
			Igorando Pelo Filtro de Nome...
		Nome do Produto: Surpreendente
			Igorando Pelo Filtro de Nome...
		Nome do Produto: Quem Você Quer Ser?
			Igorando Pelo Filtro de Nome...
		Nome do Produto: Tempo É Dinheiro
			Igorando Pelo Filtro de Nome...
		Nome do Produto: Grande Irmão
			Igorando Pelo Filtro de Nome...
		Nome do Produto: Garota Infernal
			Igorando Pelo Filtro de Nome...
		Nome do Produto: Bivar em Busca de Um Animal que Nunca Existiu
			Igorando Pelo Filtro de Nome...
		Nome do Produto: A Arte de Pensar Claramente
			Igorando Pelo Filtro de Nome...
		Nome do Produto: O Individuo - Reflexoes Acerca da Filoso
			Igorando Pelo Filtro de Nome...
	Tempo Para buscar: 1315
Loja: Kabum
	URL Principal: http://www.kabum.com.br/
	URL Busca: http://www.kabum.com.br/cgi-local/site/listagem/listagem.cgi?string=<BUSCA>&btnG=
http://www.kabum.com.br/cgi-local/site/listagem/listagem.cgi?string=Devil+Survivor+Overclocked&btnG=
		Documento Lido
		Resultados: 0
	Tempo Para buscar: 635
Loja: Livraria Cultura
	URL Principal: http://www.livrariacultura.com.br/
	URL Busca: http://www.livrariacultura.com.br/busca?N=0&Ntt=<BUSCA>
http://www.livrariacultura.com.br/busca?N=0&Ntt=Devil+Survivor+Overclocked
		Documento Lido
		Resultados: 1
		Nome do Produto: DEVIL SURVIVOR - OFFICIAL MATERIAL COLLECTION
			Igorando Pelo Filtro de Nome...
	Tempo Para buscar: 513
Loja: Magazine Luiza
	URL Principal: http://www.magazineluiza.com.br/
	URL Busca: http://www.magazineluiza.com.br/busca/<BUSCA>/
http://www.magazineluiza.com.br/busca/Devil+Survivor+Overclocked/
		Documento Lido
		Resultados: 8
		Nome do Produto: Arno Sorel Greg Devil - Perfume Masculino Eau de Toilette 100ml
			Igorando Pelo Filtro de Nome...
		Nome do Produto: Devil May Cry HD Collection par aXbox 360 - Capcom
			Igorando Pelo Filtro de Nome...
		Nome do Produto: Devil May Cry: Definitive Edition para Xbox One - Capcom
			Igorando Pelo Filtro de Nome...
		Nome do Produto: Devil May Cry: Definitive Edition para PS4 - Capcom
			Igorando Pelo Filtro de Nome...
		Nome do Produto: Devil May Cry para Xbox 360 - Capcom
			Igorando Pelo Filtro de Nome...
		Nome do Produto: Devil May Cry 4 para PS3 - Capcom
			Igorando Pelo Filtro de Nome...
		Nome do Produto: Devil May Cry para PS3 - Capcom
			Igorando Pelo Filtro de Nome...
		Nome do Produto: Devil May Cry HD Collection para PS3 - Capcom
			Igorando Pelo Filtro de Nome...
	Tempo Para buscar: 553
Loja: Mula Games
	URL Principal: http://www.mulagames.com.br/
	URL Busca: http://www.mulagames.com.br/produtos-index/catalogo_produtos/-/-/<BUSCA>/-/-/-/-/-/
http://www.mulagames.com.br/produtos-index/catalogo_produtos/-/-/Devil%20Survivor%20Overclocked/-/-/-/-/-/
		Documento Lido
		Resultados: 1
		Nome do Produto: Shin Megami Tensei: Devil Survivor Overclocked - 3DS
http://www.mulagames.com.br/Shin-Megami-Tensei--Devil-Survivor-Overclocked-3DS/prod-457527/
		Acessando URL do produto.
http://www.mulagames.com.br/produto-ajax_retorna_dados_preco_comprar/457527
		Acessando URL do preço produto.
	Tempo Para buscar: 2431
Loja: Net Shoes
	URL Principal: http://www.netshoes.com.br/
	URL Busca: http://www.netshoes.com.br/search?Ntt=<BUSCA>
http://www.netshoes.com.br/search?Ntt=Devil+Survivor+Overclocked
		Documento Lido
		Resultados: 1
		Nome do Produto: Jogo Devil May Cry PS3
			Igorando Pelo Filtro de Nome...
	Tempo Para buscar: 124
Loja: Ponto Frio
	URL Principal: http://www.pontofrio.com.br/
	URL Busca: http://search.pontofrio.com.br/search?w=<BUSCA>
http://search.pontofrio.com.br/search?w=Devil+Survivor+Overclocked
		Documento Lido
		Resultados: 1
		Nome do Produto: Survivor
			Igorando Pelo Filtro de Nome...
		Nome do Produto: DBA Survivor
			Igorando Pelo Filtro de Nome...
		Nome do Produto: Survivor Prayers
			Igorando Pelo Filtro de Nome...
		Nome do Produto: Soul Survivor
			Igorando Pelo Filtro de Nome...
		Nome do Produto: Soul Survivor
			Igorando Pelo Filtro de Nome...
		Nome do Produto: Soul Survivor
			Igorando Pelo Filtro de Nome...
		Nome do Produto: Soul Survivor
			Igorando Pelo Filtro de Nome...
		Nome do Produto: The Survivor Chronicles Omnibus
			Igorando Pelo Filtro de Nome...
		Nome do Produto: Trauma & Survivor Syndrome
			Igorando Pelo Filtro de Nome...
		Nome do Produto: The Imprinted Survivor
			Igorando Pelo Filtro de Nome...
		Nome do Produto: Survivor`s Guide to Colic
			Igorando Pelo Filtro de Nome...
		Nome do Produto: A Survivor`s Story
			Igorando Pelo Filtro de Nome...
		Nome do Produto: The Littlest Survivor
			Igorando Pelo Filtro de Nome...
		Nome do Produto: Sexual Abuse Survivor`s Handbook
			Igorando Pelo Filtro de Nome...
		Nome do Produto: Survivor of Silence
			Igorando Pelo Filtro de Nome...
		Nome do Produto: Diary of a Bipolar Survivor
			Igorando Pelo Filtro de Nome...
		Nome do Produto: Moving On...from Victim to Survivor
			Igorando Pelo Filtro de Nome...
		Nome do Produto: A Survivor`s Guide to Eternity
			Igorando Pelo Filtro de Nome...
		Nome do Produto: A Survivor`s Guide to Hollywood
			Igorando Pelo Filtro de Nome...
		Nome do Produto: Apache Devil
			Igorando Pelo Filtro de Nome...
		Nome do Produto: Survivor
			Igorando Pelo Filtro de Nome...
		Nome do Produto: DBA Survivor
			Igorando Pelo Filtro de Nome...
		Nome do Produto: Survivor Prayers
			Igorando Pelo Filtro de Nome...
		Nome do Produto: Soul Survivor
			Igorando Pelo Filtro de Nome...
		Nome do Produto: Soul Survivor
			Igorando Pelo Filtro de Nome...
		Nome do Produto: Soul Survivor
			Igorando Pelo Filtro de Nome...
		Nome do Produto: Soul Survivor
			Igorando Pelo Filtro de Nome...
		Nome do Produto: The Survivor Chronicles Omnibus
			Igorando Pelo Filtro de Nome...
		Nome do Produto: Trauma & Survivor Syndrome
			Igorando Pelo Filtro de Nome...
		Nome do Produto: The Imprinted Survivor
			Igorando Pelo Filtro de Nome...
		Nome do Produto: Survivor`s Guide to Colic
			Igorando Pelo Filtro de Nome...
		Nome do Produto: A Survivor`s Story
			Igorando Pelo Filtro de Nome...
		Nome do Produto: The Littlest Survivor
			Igorando Pelo Filtro de Nome...
		Nome do Produto: Sexual Abuse Survivor`s Handbook
			Igorando Pelo Filtro de Nome...
		Nome do Produto: Survivor of Silence
			Igorando Pelo Filtro de Nome...
		Nome do Produto: Diary of a Bipolar Survivor
			Igorando Pelo Filtro de Nome...
		Nome do Produto: Moving On...from Victim to Survivor
			Igorando Pelo Filtro de Nome...
		Nome do Produto: A Survivor`s Guide to Eternity
			Igorando Pelo Filtro de Nome...
		Nome do Produto: A Survivor`s Guide to Hollywood
			Igorando Pelo Filtro de Nome...
		Nome do Produto: Apache Devil
			Igorando Pelo Filtro de Nome...
	Tempo Para buscar: 1497
Loja: Ricardo Eletro
	URL Principal: http://www.ricardoeletro.com.br/
	URL Busca: http://www.ricardoeletro.com.br/Busca/Resultado/?q=<BUSCA>
http://www.ricardoeletro.com.br/Busca/Resultado/?q=Devil+Survivor+Overclocked
		Documento Lido
		Resultados: 2
		Nome do Produto: Jogo Devil May Cry: DMC - Edição Definitiva - para Playstation 4 (PS4)
			Igorando Pelo Filtro de Nome...
		Nome do Produto: Jogo Army Of Two: The Devil's Cartel para Playstation 3 (PS3)
			Igorando Pelo Filtro de Nome...
	Tempo Para buscar: 445
Loja: RiHappy
	URL Principal: http://www.rihappy.com.br/
	URL Busca: http://www.rihappy.com.br/<BUSCA>
http://www.rihappy.com.br/Devil%20Survivor%20Overclocked
		Documento Lido
		Resultados: 0
	Tempo Para buscar: 1134
Loja: Saraiva
	URL Principal: http://www.saraiva.com.br/
	URL Busca: http://busca.saraiva.com.br/search?w=<BUSCA>&PAC_ID=129457&ts=ajax
http://busca.saraiva.com.br/search?w=Devil+Survivor+Overclocked&PAC_ID=129457&ts=ajax
		Documento Lido
		Resultados: 2
		Nome do Produto: Multifuncional HP Officej...
			Igorando Pelo Filtro de Nome...
		Nome do Produto: Vade Mecum Saraiva Compac...
			Igorando Pelo Filtro de Nome...
	Tempo Para buscar: 426
Loja: Shop Facil
	URL Principal: http://ww2.shopfacil.com.br/
	URL Busca: http://ww2.shopfacil.com.br/<BUSCA>
http://ww2.shopfacil.com.br/Devil%20Survivor%20Overclocked
		Documento Lido
		Resultados: 0
	Tempo Para buscar: 2055
Loja: Shop Time
	URL Principal: http://www.shoptime.com.br/
	URL Busca: http://busca.shoptime.com.br/busca.php?q=<BUSCA>
http://busca.shoptime.com.br/busca.php?q=Devil+Survivor+Overclocked
		Documento Lido
		Resultados: 1
		Nome do Produto: Game Shin Megami Tensei: Devil Survivor Overclocked Atlus - 3DS
http://www.shoptime.com.br/produto/110349692/game-shin-megami-tensei-devil-survivor-overclocked-atlus-3ds
		Acessando URL do produto.
	Tempo Para buscar: 664
Loja: ShopB
	URL Principal: http://www.shopb.com.br/
	URL Busca: http://busca.shopb.com.br/?busca=<BUSCA>
http://busca.shopb.com.br/?busca=Devil+Survivor+Overclocked
		Documento Lido
		Resultados: 25
		Nome do Produto: Shin Megami Tensei: Devil Survivor Overclocked - 3DS
http://shopb.ecommercesearch.com.br/Busca/Redir?url=http%3a%2f%2fwww.shopb.com.br%2fecommerce_site%2findex.php%3fpg%3dproduto%26cdg%3d4488%26idp%3d40524%26idparceiro%3dp1&esid=40524
		Acessando URL do produto.
		Nome do Produto: Carregador Duplo Power & Play Charging System para PS3 - Energizer
			Igorando Pelo Filtro de Nome...
		Nome do Produto: Carregador Duplo p/ Dualshock 3 Power Stand Charger - PS3
			Igorando Pelo Filtro de Nome...
		Nome do Produto: Controle USB 2 em 1 Dual Shock Duplo PC e PS3
			Igorando Pelo Filtro de Nome...
		Nome do Produto: Deck Duplo Pokemon - Kit do Treinador - PT
			Igorando Pelo Filtro de Nome...
		Nome do Produto: Devil May Cry 4 - PS3
			Igorando Pelo Filtro de Nome...
		Nome do Produto: Devil May Cry 4 - XBOX 360
			Igorando Pelo Filtro de Nome...
		Nome do Produto: Devil May Cry HD Collection - PS3
			Igorando Pelo Filtro de Nome...
		Nome do Produto: Devil May Cry HD Collection - XBOX 360
			Igorando Pelo Filtro de Nome...
		Nome do Produto: DmC Devil May Cry - PS3
			Igorando Pelo Filtro de Nome...
		Nome do Produto: DmC Devil May Cry - XBOX 360
			Igorando Pelo Filtro de Nome...
		Nome do Produto: DmC Devil May Cry: Definitive Edition - PS4
			Igorando Pelo Filtro de Nome...
		Nome do Produto: DmC Devil May Cry: Definitive Edition - XBOX ONE
			Igorando Pelo Filtro de Nome...
		Nome do Produto: Fallout 3 & Obvilion Double Pack - XBOX 360
			Igorando Pelo Filtro de Nome...
		Nome do Produto: Placa USB Dupla - Gigabyte
			Igorando Pelo Filtro de Nome...
		Nome do Produto: Revista Splinter Cell: Double Agent - Fullgames nº 92
			Igorando Pelo Filtro de Nome...
		Nome do Produto: Shin Megami Tensei: Devil Survivor 2 - DS
			Igorando Pelo Filtro de Nome...
		Nome do Produto: Skin PS3 - dmc Devil May Cry MOD 1
			Igorando Pelo Filtro de Nome...
		Nome do Produto: Skin PS3 - dmc Devil May Cry MOD 2
			Igorando Pelo Filtro de Nome...
		Nome do Produto: Skin XBOX - Devil May Cry MOD 1
			Igorando Pelo Filtro de Nome...
		Nome do Produto: The House of the Dead: Overkill - PS3
			Igorando Pelo Filtro de Nome...
		Nome do Produto: Carregador Duplo e Baterias Recarregáveis PS4 - Nyko
			Igorando Pelo Filtro de Nome...
		Nome do Produto: Resistance 3: Survivor Edition - PS3
			Igorando Pelo Filtro de Nome...
		Nome do Produto: Sniper Ghost Warrior + Sniper Ghost Warrior 2: Double Pack - PS3
			Igorando Pelo Filtro de Nome...
		Nome do Produto: Sniper Ghost Warrior + Sniper Ghost Warrior 2: Double Pack - XBOX 360
			Igorando Pelo Filtro de Nome...
	Tempo Para buscar: 1812
Loja: Submarino
	URL Principal: http://www.submarino.com.br/
	URL Busca: http://busca.submarino.com.br/busca.php?q=<BUSCA>
http://busca.submarino.com.br/busca.php?q=Devil+Survivor+Overclocked
		Documento Lido
		Resultados: 1
		Nome do Produto: Game Shin Megami Tensei: Devil Survivor Overclocked Atlus - 3DS
http://www.submarino.com.br/produto/110349692/game-shin-megami-tensei-devil-survivor-overclocked-atlus-3ds
		Acessando URL do produto.
	Tempo Para buscar: 803
Loja: Walmart
	URL Principal: http://www.walmart.com.br/
	URL Busca: http://www.walmart.com.br/busca/?ft=<BUSCA>&PS=20
http://www.walmart.com.br/busca/?ft=Devil+Survivor+Overclocked&PS=20
		Documento Lido
		Resultados: 1
		Nome do Produto: Shin Megami Tensei: Devil Survivor Overclocked - 3DS
http://www.walmart.com.br//shin-megami-tensei-devil-survivor-overclocked-3ds/2255247/pr
		Acessando URL do produto.
	Tempo Para buscar: 1023

File copied from C:\java\workspace Estudo\lookforprices\resources\imports\css.css to C:\java\workspace Estudo\lookforprices\reports\2015-09-09 16\css.css
File copied from C:\java\workspace Estudo\lookforprices\resources\imports\jquery.js to C:\java\workspace Estudo\lookforprices\reports\2015-09-09 16\jquery.js
File copied from C:\java\workspace Estudo\lookforprices\resources\imports\scripts.js to C:\java\workspace Estudo\lookforprices\reports\2015-09-09 16\scripts.js
Tempo total de execução: 24328
