Game: Fantasy Life 3DS
Product Name: Fantasy Life 3DS
Loja: Nintendo eShop
	URL Principal: http://www.nintendo.com/3ds/eshop
	URL Busca: http://www.nintendo.com/json/content/get/game/filter?&qterm=<BUSCA>
NintendoEShopSearch.search() http://www.nintendo.com/json/content/get/game/filter?&qterm=Fantasy+Life+3DS
		Documento Lido
		Resultados: 5
		Nome do Produto: Fantasy Life
			Igorando Pelo Filtro de Nome...
		Nome do Produto: Bravely Default
			Igorando Pelo Filtro de Nome...
		Nome do Produto: Rage of the Gladiator
			Igorando Pelo Filtro de Nome...
		Nome do Produto: WWE All Stars
			Igorando Pelo Filtro de Nome...
		Nome do Produto: PETZ Fantasy 3D
			Igorando Pelo Filtro de Nome...
	Tempo Para buscar: 482
Loja: Americanas
	URL Principal: http://www.americanas.com.br/
	URL Busca: http://busca.americanas.com.br/busca.php?q=<BUSCA>
http://busca.americanas.com.br/busca.php?q=Fantasy+Life+3DS
		Documento Lido
		Resultados: 3
		Nome do Produto: 3ds - Fantasy Life
http://www.americanas.com.br/produto/9699776/3ds-fantasy-life
		Acessando URL do produto.
		Nome do Produto: Fantasy Life - 3ds
http://www.americanas.com.br/produto/9869618/fantasy-life-3ds
		Acessando URL do produto.
		Nome do Produto: Fantasy Life N3ds
http://www.americanas.com.br/produto/9957093/fantasy-life-n3ds
		Acessando URL do produto.
	Tempo Para buscar: 1307
Loja: Big Boy Games
	URL Principal: http://www.bigboygames.com.br/
	URL Busca: http://www.bigboygames.com.br/pesquisa/?p=<BUSCA>
http://www.bigboygames.com.br/pesquisa/?p=Fantasy+Life+3DS
		Documento Lido
		Resultados*: 1
		Acessando URL do produto.
	Tempo Para buscar: 3075
Loja: Casas Bahia
	URL Principal: http://www.casasbahia.com.br/
	URL Busca: http://buscas.casasbahia.com.br/search?w=<BUSCA>
http://buscas.casasbahia.com.br/search?w=Fantasy+Life+3DS
		Documento Lido
		Resultados: 1
		Nome do Produto: 
			Igorando Pelo Filtro de Nome...
		Nome do Produto: 
			Igorando Pelo Filtro de Nome...
		Nome do Produto: 
			Igorando Pelo Filtro de Nome...
		Nome do Produto: 
			Igorando Pelo Filtro de Nome...
		Nome do Produto: 
			Igorando Pelo Filtro de Nome...
		Nome do Produto: 
			Igorando Pelo Filtro de Nome...
		Nome do Produto: 
			Igorando Pelo Filtro de Nome...
		Nome do Produto: 
			Igorando Pelo Filtro de Nome...
		Nome do Produto: 
			Igorando Pelo Filtro de Nome...
		Nome do Produto: 
			Igorando Pelo Filtro de Nome...
		Nome do Produto: 
			Igorando Pelo Filtro de Nome...
		Nome do Produto: 
			Igorando Pelo Filtro de Nome...
		Nome do Produto: 
			Igorando Pelo Filtro de Nome...
		Nome do Produto: 
			Igorando Pelo Filtro de Nome...
		Nome do Produto: 
			Igorando Pelo Filtro de Nome...
		Nome do Produto: 
			Igorando Pelo Filtro de Nome...
		Nome do Produto: 
			Igorando Pelo Filtro de Nome...
		Nome do Produto: 
			Igorando Pelo Filtro de Nome...
		Nome do Produto: 
			Igorando Pelo Filtro de Nome...
		Nome do Produto: 
			Igorando Pelo Filtro de Nome...
		Nome do Produto: 
			Igorando Pelo Filtro de Nome...
		Nome do Produto: 
			Igorando Pelo Filtro de Nome...
		Nome do Produto: 
			Igorando Pelo Filtro de Nome...
		Nome do Produto: 
			Igorando Pelo Filtro de Nome...
		Nome do Produto: 
			Igorando Pelo Filtro de Nome...
		Nome do Produto: 
			Igorando Pelo Filtro de Nome...
		Nome do Produto: 
			Igorando Pelo Filtro de Nome...
	Tempo Para buscar: 1967
Loja: Extra
	URL Principal: http://www.extra.com.br/
	URL Busca: http://buscando.extra.com.br/search?w=<BUSCA>
http://buscando.extra.com.br/search?w=Fantasy+Life+3DS
		Documento Lido
		Resultados: 1
		Nome do Produto: Fantasy Life - 3DS
http://buscando.extra.com.br/search?p=R&srid=S1-USESD02&lbc=extra&w=Fantasy%20Life%203DS&url=http%3a%2f%2fproduto.extra.com.br%2f5567543%3f&rk=1&uid=28504748&sid=2&ts=custom&rsc=reE1v5gE7QXniB9v&method=and&isort=score&view=grid
		Acessando URL do produto.
	Tempo Para buscar: 2723
Loja: E-Virtua
	URL Principal: http://www.evirtua.com.br/
	URL Busca: http://www.evirtua.com.br/Busca?search_department_id=0&SearchTerm=<BUSCA>
http://www.evirtua.com.br/Busca?search_department_id=0&SearchTerm=Fantasy+Life+3DS
		Documento Lido
		Resultados: 1
		Nome do Produto: Fantasy Life - Nintendo 3DS
http://www.evirtua.com.br//fantasy-life-nintendo-3ds/3661-01
		Acessando URL do produto.
	Tempo Para buscar: 600
Loja: Fast Games
	URL Principal: http://www.fastgames.com.br/
	URL Busca: http://www.fastgames.com.br/loja/busca.php?loja=187970&palavra_busca=<BUSCA>
http://www.fastgames.com.br/loja/busca.php?loja=187970&palavra_busca=Fantasy+Life+3DS
		Documento Lido
		Resultados: 1
		Nome do Produto: Fantasy Life - 3DS
http://www.fastgames.com.br//fantasy-life-3ds-pr-9396-187970.htm
		Acessando URL do produto.
	Tempo Para buscar: 2226
Loja: Fast Shop
	URL Principal: http://www.fastshop.com.br/loja/
	URL Busca: http://www.fastshop.com.br/webapp/wcs/stores/servlet/SearchDisplay?searchTerm=<BUSCA>&categoryId=&storeId=10151&catalogId=11052&langId=-6&pageSize=9&beginIndex=0&sType=SimpleSearch&resultCatEntryType=2&showResultsPage=true&searchSource=Q&pageView=&hotsite=fastshop
http://www.fastshop.com.br/webapp/wcs/stores/servlet/SearchDisplay?searchTerm=Fantasy+Life+3DS&categoryId=&storeId=10151&catalogId=11052&langId=-6&pageSize=9&beginIndex=0&sType=SimpleSearch&resultCatEntryType=2&showResultsPage=true&searchSource=Q&pageView=&hotsite=fastshop
		Documento Lido
		Resultados: 0
	Tempo Para buscar: 499
Loja: FNAC
	URL Principal: http://www.fnac.com.br/index.html
	URL Busca: http://busca.fnac.com.br/?busca=<BUSCA>
http://busca.fnac.com.br/?busca=Fantasy+Life+3DS
		Documento Lido
		Resultados: 20
		Nome do Produto: 3ds Crosswords Plus
			Igorando Pelo Filtro de Nome...
		Nome do Produto: 3ds Freakyforms Deluxe
			Igorando Pelo Filtro de Nome...
		Nome do Produto: 3ds Disney Magical World
			Igorando Pelo Filtro de Nome...
		Nome do Produto: 3ds Pokemon Art Academy
			Igorando Pelo Filtro de Nome...
		Nome do Produto: 3ds Lego Batman 3
			Igorando Pelo Filtro de Nome...
		Nome do Produto: 3ds Pokemon Omega Ruby
			Igorando Pelo Filtro de Nome...
		Nome do Produto: Smart TV LED 3D Lg 42lf6500 42" Full HD 60hz 3-hdmi + Óculos 3D
			Igorando Pelo Filtro de Nome...
		Nome do Produto: 3ds Lego Movie
			Igorando Pelo Filtro de Nome...
		Nome do Produto: Otimização Para Mecanismos de Buscas Para Leigos
			Igorando Pelo Filtro de Nome...
		Nome do Produto: Fantasy Worlds
			Igorando Pelo Filtro de Nome...
		Nome do Produto: Life Coaching
			Igorando Pelo Filtro de Nome...
		Nome do Produto: That's Life
			Igorando Pelo Filtro de Nome...
		Nome do Produto: Into The Wild Life
			Igorando Pelo Filtro de Nome...
		Nome do Produto: Loved Me Back To Life
			Igorando Pelo Filtro de Nome...
		Nome do Produto: Life Advanced - Book With DVD
			Igorando Pelo Filtro de Nome...
		Nome do Produto: 3ds Mario Golf World Tour
			Igorando Pelo Filtro de Nome...
		Nome do Produto: Crystal Fantasy Tcg - Magia dos Cristais Deck
			Igorando Pelo Filtro de Nome...
		Nome do Produto: Ps4 Final Fantasy Xiv Online - Arr
			Igorando Pelo Filtro de Nome...
		Nome do Produto: Ps4 Final Fantasy X/x-2 HD
			Igorando Pelo Filtro de Nome...
		Nome do Produto: A Day In The Life Of The Beatles
			Igorando Pelo Filtro de Nome...
	Tempo Para buscar: 1047
Loja: Kabum
	URL Principal: http://www.kabum.com.br/
	URL Busca: http://www.kabum.com.br/cgi-local/site/listagem/listagem.cgi?string=<BUSCA>&btnG=
http://www.kabum.com.br/cgi-local/site/listagem/listagem.cgi?string=Fantasy+Life+3DS&btnG=
		Documento Lido
		Resultados: 0
	Tempo Para buscar: 424
Loja: Livraria Cultura
	URL Principal: http://www.livrariacultura.com.br/
	URL Busca: http://www.livrariacultura.com.br/busca?N=0&Ntt=<BUSCA>
http://www.livrariacultura.com.br/busca?N=0&Ntt=Fantasy+Life+3DS
		Documento Lido
		Resultados: 1
		Nome do Produto: FANTASY LIFE (3DS)
http://www.livrariacultura.com.br/p/fantasy-life-3ds-37022454
		Acessando URL do produto.
	Tempo Para buscar: 619
Loja: Magazine Luiza
	URL Principal: http://www.magazineluiza.com.br/
	URL Busca: http://www.magazineluiza.com.br/busca/<BUSCA>/
http://www.magazineluiza.com.br/busca/Fantasy+Life+3DS/
		Documento Lido
		Resultados: 1
		Nome do Produto: Fantasy Life para Nintendo 3DS - Nintendo
http://www.magazineluiza.com.br//fantasy-life-para-nintendo-3ds-nintendo/p/2117121/ga/gjds/?_b=Fantasy+Life+3DS
		Acessando URL do produto.
	Tempo Para buscar: 477
Loja: Mula Games
	URL Principal: http://www.mulagames.com.br/
	URL Busca: http://www.mulagames.com.br/produtos-index/catalogo_produtos/-/-/<BUSCA>/-/-/-/-/-/
http://www.mulagames.com.br/produtos-index/catalogo_produtos/-/-/Fantasy%20Life%203DS/-/-/-/-/-/
		Documento Lido
		Resultados: 1
		Nome do Produto: Fantasy Life - 3DS
http://www.mulagames.com.br/Fantasy-Life-3DS/prod-2438245/
		Acessando URL do produto.
http://www.mulagames.com.br/produto-ajax_retorna_dados_preco_comprar/2438245
		Acessando URL do preço produto.
	Tempo Para buscar: 2370
Loja: Net Shoes
	URL Principal: http://www.netshoes.com.br/
	URL Busca: http://www.netshoes.com.br/search?Ntt=<BUSCA>
http://www.netshoes.com.br/search?Ntt=Fantasy+Life+3DS
		Documento Lido
		Resultados: 52
		Nome do Produto: Bermuda Fila Life
			Igorando Pelo Filtro de Nome...
		Nome do Produto: Bermuda Fila Life
			Igorando Pelo Filtro de Nome...
		Nome do Produto: Calça Capri Fila Life
			Igorando Pelo Filtro de Nome...
		Nome do Produto: Bermuda Fila Life
			Igorando Pelo Filtro de Nome...
		Nome do Produto: Relógio Speedo Ana-Digi Sport Life Style 81077G0EGNP
			Igorando Pelo Filtro de Nome...
		Nome do Produto: Relógio Speedo Ana-Digi Sport Life Style 81077G0EGNP
			Igorando Pelo Filtro de Nome...
		Nome do Produto: Bermuda Fila Life
			Igorando Pelo Filtro de Nome...
		Nome do Produto: Relógio Speedo Essential Sport Life Style 80567G0EBNP
			Igorando Pelo Filtro de Nome...
		Nome do Produto: Calça Legging Fila Life New
			Igorando Pelo Filtro de Nome...
		Nome do Produto: Calça Capri Fila Life
			Igorando Pelo Filtro de Nome...
		Nome do Produto: Relógio Speedo Digital Sport Life Style 81074G0EGNP
			Igorando Pelo Filtro de Nome...
		Nome do Produto: Camiseta Fila Life
			Igorando Pelo Filtro de Nome...
		Nome do Produto: Camiseta DC Shoes Life
			Igorando Pelo Filtro de Nome...
		Nome do Produto: Relógio Speedo Essential Sport Life Style 80566G0EBNP
			Igorando Pelo Filtro de Nome...
		Nome do Produto: Camiseta Element Life
			Igorando Pelo Filtro de Nome...
		Nome do Produto: Calça Capri Fila Life
			Igorando Pelo Filtro de Nome...
		Nome do Produto: Calça Legging Fila Life New
			Igorando Pelo Filtro de Nome...
		Nome do Produto: Colchão Inflável Bel Life Casal
			Igorando Pelo Filtro de Nome...
		Nome do Produto: Relógio Speedo Digital Sport Life Style 81074G0EGNP
			Igorando Pelo Filtro de Nome...
		Nome do Produto: Relógio Speedo Sport Life Style
			Igorando Pelo Filtro de Nome...
		Nome do Produto: Jogo Final Fantasy XIII 2 PS3
			Igorando Pelo Filtro de Nome...
		Nome do Produto: Camiseta Element For Life
			Igorando Pelo Filtro de Nome...
		Nome do Produto: Camiseta Fila Life
			Igorando Pelo Filtro de Nome...
		Nome do Produto: Jogo Nintendogs + Cats: Golden Retriever Nintendo 3DS
			Igorando Pelo Filtro de Nome...
		Nome do Produto: Tênis Bee Happy Dock Fantasy Laço
			Igorando Pelo Filtro de Nome...
		Nome do Produto: Tênis Bee Happy Dock Fantasy Laço
			Igorando Pelo Filtro de Nome...
		Nome do Produto: Jogo Pilotwings Resort Nintendo 3DS
			Igorando Pelo Filtro de Nome...
		Nome do Produto: Jogo Tetris Axis Nintendo 3DS
			Igorando Pelo Filtro de Nome...
		Nome do Produto: Relógio Speedo Sport Life Style
			Igorando Pelo Filtro de Nome...
		Nome do Produto: Camiseta Timberland Worn For Life
			Igorando Pelo Filtro de Nome...
		Nome do Produto: Top Fila Life
			Igorando Pelo Filtro de Nome...
		Nome do Produto: Top Fila Life
			Igorando Pelo Filtro de Nome...
		Nome do Produto: Top Fila Life
			Igorando Pelo Filtro de Nome...
		Nome do Produto: Top Fila Life
			Igorando Pelo Filtro de Nome...
		Nome do Produto: Camiseta Sideway Real For Life
			Igorando Pelo Filtro de Nome...
		Nome do Produto: Camiseta Urgh Silk Skate Life
			Igorando Pelo Filtro de Nome...
		Nome do Produto: Camiseta Sideway Real For Life
			Igorando Pelo Filtro de Nome...
		Nome do Produto: Camiseta Sideway Real For Life
			Igorando Pelo Filtro de Nome...
		Nome do Produto: Camiseta Urgh Silk Skate Life
			Igorando Pelo Filtro de Nome...
		Nome do Produto: Relógio Speedo Sport Life Style
			Igorando Pelo Filtro de Nome...
		Nome do Produto: Relógio Speedo Sport Life Style
			Igorando Pelo Filtro de Nome...
		Nome do Produto: Relógio Speedo Sport Life Style
			Igorando Pelo Filtro de Nome...
		Nome do Produto: Jogo Nintendogs + Cats: Toy Poodle Nintendo 3DS
			Igorando Pelo Filtro de Nome...
		Nome do Produto: Tênis Bee Happy Dock Fantasy Laço
			Igorando Pelo Filtro de Nome...
		Nome do Produto: Camiseta Element For Life
			Igorando Pelo Filtro de Nome...
		Nome do Produto: Camiseta Element Life
			Igorando Pelo Filtro de Nome...
		Nome do Produto: Tênis Bull Terrier Life Time Cano Alto
			Igorando Pelo Filtro de Nome...
		Nome do Produto: Camiseta Billabong Fin Of Life
			Igorando Pelo Filtro de Nome...
		Nome do Produto: Tênis Bull Terrier Life Time Cano Alto
			Igorando Pelo Filtro de Nome...
		Nome do Produto: Top Rainha New
			Igorando Pelo Filtro de Nome...
		Nome do Produto: Top Rainha New
			Igorando Pelo Filtro de Nome...
		Nome do Produto: Macacão Rainha Melange
			Igorando Pelo Filtro de Nome...
	Tempo Para buscar: 592
Loja: Ponto Frio
	URL Principal: http://www.pontofrio.com.br/
	URL Busca: http://search.pontofrio.com.br/search?w=<BUSCA>
http://search.pontofrio.com.br/search?w=Fantasy+Life+3DS
		Documento Lido
		Resultados: 1
		Nome do Produto: 
			Igorando Pelo Filtro de Nome...
		Nome do Produto: 
			Igorando Pelo Filtro de Nome...
		Nome do Produto: 
			Igorando Pelo Filtro de Nome...
		Nome do Produto: 
			Igorando Pelo Filtro de Nome...
		Nome do Produto: 
			Igorando Pelo Filtro de Nome...
		Nome do Produto: 
			Igorando Pelo Filtro de Nome...
		Nome do Produto: 
			Igorando Pelo Filtro de Nome...
		Nome do Produto: 
			Igorando Pelo Filtro de Nome...
		Nome do Produto: 
			Igorando Pelo Filtro de Nome...
		Nome do Produto: 
			Igorando Pelo Filtro de Nome...
		Nome do Produto: 
			Igorando Pelo Filtro de Nome...
		Nome do Produto: 
			Igorando Pelo Filtro de Nome...
		Nome do Produto: 
			Igorando Pelo Filtro de Nome...
		Nome do Produto: 
			Igorando Pelo Filtro de Nome...
		Nome do Produto: 
			Igorando Pelo Filtro de Nome...
		Nome do Produto: 
			Igorando Pelo Filtro de Nome...
		Nome do Produto: 
			Igorando Pelo Filtro de Nome...
		Nome do Produto: 
			Igorando Pelo Filtro de Nome...
		Nome do Produto: 
			Igorando Pelo Filtro de Nome...
		Nome do Produto: 
			Igorando Pelo Filtro de Nome...
		Nome do Produto: 
			Igorando Pelo Filtro de Nome...
		Nome do Produto: 
			Igorando Pelo Filtro de Nome...
		Nome do Produto: 
			Igorando Pelo Filtro de Nome...
		Nome do Produto: 
			Igorando Pelo Filtro de Nome...
		Nome do Produto: 
			Igorando Pelo Filtro de Nome...
		Nome do Produto: 
			Igorando Pelo Filtro de Nome...
		Nome do Produto: 
			Igorando Pelo Filtro de Nome...
		Nome do Produto: 
			Igorando Pelo Filtro de Nome...
		Nome do Produto: 
			Igorando Pelo Filtro de Nome...
		Nome do Produto: 
			Igorando Pelo Filtro de Nome...
		Nome do Produto: 
			Igorando Pelo Filtro de Nome...
		Nome do Produto: 
			Igorando Pelo Filtro de Nome...
		Nome do Produto: 
			Igorando Pelo Filtro de Nome...
		Nome do Produto: 
			Igorando Pelo Filtro de Nome...
		Nome do Produto: 
			Igorando Pelo Filtro de Nome...
		Nome do Produto: 
			Igorando Pelo Filtro de Nome...
		Nome do Produto: 
			Igorando Pelo Filtro de Nome...
		Nome do Produto: 
			Igorando Pelo Filtro de Nome...
		Nome do Produto: 
			Igorando Pelo Filtro de Nome...
		Nome do Produto: 
			Igorando Pelo Filtro de Nome...
		Nome do Produto: 
			Igorando Pelo Filtro de Nome...
		Nome do Produto: 
			Igorando Pelo Filtro de Nome...
		Nome do Produto: 
			Igorando Pelo Filtro de Nome...
		Nome do Produto: 
			Igorando Pelo Filtro de Nome...
		Nome do Produto: 
			Igorando Pelo Filtro de Nome...
		Nome do Produto: 
			Igorando Pelo Filtro de Nome...
		Nome do Produto: 
			Igorando Pelo Filtro de Nome...
		Nome do Produto: 
			Igorando Pelo Filtro de Nome...
	Tempo Para buscar: 3033
Loja: Ricardo Eletro
	URL Principal: http://www.ricardoeletro.com.br/
	URL Busca: http://www.ricardoeletro.com.br/Busca/Resultado/?q=<BUSCA>
http://www.ricardoeletro.com.br/Busca/Resultado/?q=Fantasy+Life+3DS
		Documento Lido
		Resultados: 10
		Nome do Produto: Cadeira para Refeição Merenda Branca Burigotto + Conjunto de Alimentação Step 3 Bee Fantasy - Bébé Confort
			Igorando Pelo Filtro de Nome...
		Nome do Produto: Perfume Britney Spears Fantasy Anniversary Edition EDP 30 ml
			Igorando Pelo Filtro de Nome...
		Nome do Produto: Conjunto de Alimentação Step 3 Bee Fantasy - Bébé Confort
			Igorando Pelo Filtro de Nome...
		Nome do Produto: Babador com Cata Migalha Bébé Confort Fantasy
			Igorando Pelo Filtro de Nome...
		Nome do Produto: Perfume Britney Spears Fantasy Anniversary Edition EDP 50 ml
			Igorando Pelo Filtro de Nome...
		Nome do Produto: Jogo Final Fantasy XIV - DLC Heavensward para Playstation 4 (PS4)
			Igorando Pelo Filtro de Nome...
		Nome do Produto: Jogo Final Fantasy XIV - DLC Heavensward para Playstation 3 (PS3)
			Igorando Pelo Filtro de Nome...
		Nome do Produto: Conjunto de Alimentação Step 3 Le Cirque Au Village + Babador com Cata Migalha Fantasy - Bébé Confort
			Igorando Pelo Filtro de Nome...
		Nome do Produto: Assento para Refeição Lanche Blue - Burigotto + Conjunto de Alimentação Step 3 Bee Fantasy - Bébé Confort
			Igorando Pelo Filtro de Nome...
		Nome do Produto: Assento para Refeição Lanche Red - Burigotto + Conjunto de Alimentação Step 3 Bee Fantasy - Bébé Confort
			Igorando Pelo Filtro de Nome...
	Tempo Para buscar: 602
Loja: RiHappy
	URL Principal: http://www.rihappy.com.br/
	URL Busca: http://www.rihappy.com.br/<BUSCA>
http://www.rihappy.com.br/Fantasy%20Life%203DS
		Documento Lido
		Resultados: 0
	Tempo Para buscar: 898
Loja: Saraiva
	URL Principal: http://www.saraiva.com.br/
	URL Busca: http://busca.saraiva.com.br/search?w=<BUSCA>&PAC_ID=129457&ts=ajax
http://busca.saraiva.com.br/search?w=Fantasy+Life+3DS&PAC_ID=129457&ts=ajax
		Documento Lido
		Resultados: 2
		Nome do Produto: Multifuncional HP Officej...
			Igorando Pelo Filtro de Nome...
		Nome do Produto: Vade Mecum Saraiva Compac...
			Igorando Pelo Filtro de Nome...
	Tempo Para buscar: 307
Loja: Shop Facil
	URL Principal: http://ww2.shopfacil.com.br/
	URL Busca: http://ww2.shopfacil.com.br/<BUSCA>
http://ww2.shopfacil.com.br/Fantasy%20Life%203DS
		Documento Lido
		Resultados: 0
	Tempo Para buscar: 1664
Loja: Shop Time
	URL Principal: http://www.shoptime.com.br/
	URL Busca: http://busca.shoptime.com.br/busca.php?q=<BUSCA>
http://busca.shoptime.com.br/busca.php?q=Fantasy+Life+3DS
		Documento Lido
		Resultados: 3
		Nome do Produto: 3ds - Fantasy Life Fantasy Life N3ds Fantasy Life - 3ds
http://www.shoptime.com.br/produto/9699776/3ds-fantasy-life
		Acessando URL do produto.
		Nome do Produto: 3ds - Fantasy Life Fantasy Life N3ds Fantasy Life - 3ds
http://www.shoptime.com.br/produto/9957093/fantasy-life-n3ds
		Acessando URL do produto.
		Nome do Produto: 3ds - Fantasy Life Fantasy Life N3ds Fantasy Life - 3ds
http://www.shoptime.com.br/produto/9869618/fantasy-life-3ds
		Acessando URL do produto.
	Tempo Para buscar: 1008
Loja: ShopB
	URL Principal: http://www.shopb.com.br/
	URL Busca: http://busca.shopb.com.br/?busca=<BUSCA>
http://busca.shopb.com.br/?busca=Fantasy+Life+3DS
		Documento Lido
		Resultados: 31
		Nome do Produto: Fantasy Life - 3DS
http://shopb.ecommercesearch.com.br/Busca/Redir?url=http%3a%2f%2fwww.shopb.com.br%2fecommerce_site%2findex.php%3fpg%3dproduto%26cdg%3d4488%26idp%3d39537%26idparceiro%3dp1&esid=39537
		Acessando URL do produto.
		Nome do Produto: Ace Combat: Assault Horizon Legacy - 3DS
			Igorando Pelo Filtro de Nome...
		Nome do Produto: Adventure Time: The Secret of the Nameless Kingdom - 3DS
			Igorando Pelo Filtro de Nome...
		Nome do Produto: Angry Birds Trilogy - 3DS
			Igorando Pelo Filtro de Nome...
		Nome do Produto: Angry Birds: Star Wars - 3DS
			Igorando Pelo Filtro de Nome...
		Nome do Produto: Animal Crossing: New Leaf - 3DS
			Igorando Pelo Filtro de Nome...
		Nome do Produto: Arcana Heart 3: Love Max !!!!! - PS Vita
			Igorando Pelo Filtro de Nome...
		Nome do Produto: Batman Arkham Origins: BlackGate - 3DS
			Igorando Pelo Filtro de Nome...
		Nome do Produto: Ben 10 Omniverse - 3DS
			Igorando Pelo Filtro de Nome...
		Nome do Produto: Ben 10: Galactic Racing - 3DS
			Igorando Pelo Filtro de Nome...
		Nome do Produto: Beyblade Evolution - 3DS
			Igorando Pelo Filtro de Nome...
		Nome do Produto: Brain Age: Concentration Training - 3DS
			Igorando Pelo Filtro de Nome...
		Nome do Produto: Bravely Default - 3DS
			Igorando Pelo Filtro de Nome...
		Nome do Produto: Bust-A-Move Universe - 3DS
			Igorando Pelo Filtro de Nome...
		Nome do Produto: Cabo / Fonte - Kinect
			Igorando Pelo Filtro de Nome...
		Nome do Produto: Cabo AV p/ Super Nintendo - SNES
			Igorando Pelo Filtro de Nome...
		Nome do Produto: Cars 2 - 3DS
			Igorando Pelo Filtro de Nome...
		Nome do Produto: Cartão Nintendo 3DS / Wii U Shop (Cash Card) $20 - USA
			Igorando Pelo Filtro de Nome...
		Nome do Produto: Cartão Nintendo 3DS / Wii U Shop (Cash Card) $35 - USA
			Igorando Pelo Filtro de Nome...
		Nome do Produto: Cartão Nintendo 3DS / Wii U Shop (Cash Card) $50 - USA
			Igorando Pelo Filtro de Nome...
		Nome do Produto: Castlevania: Lords of Shadow Mirror of Fate - 3DS
			Igorando Pelo Filtro de Nome...
		Nome do Produto: Celular Blu Life Play Android 4.2 c/ Câmera integrada 8 MP, 16 GB, 1.5 Ghz, 1 GB Ram e Micro SD - Amarelo
			Igorando Pelo Filtro de Nome...
		Nome do Produto: Celular Blu Life Play Android 4.2 c/ Câmera integrada 8 MP, 16 GB, 1.5 Ghz, 1 GB Ram e Micro SD - Azul
			Igorando Pelo Filtro de Nome...
		Nome do Produto: Celular Blu Life Play Android 4.2 c/ Câmera integrada 8 MP, 16 GB, 1.5 Ghz, 1 GB Ram e Micro SD - Branco
			Igorando Pelo Filtro de Nome...
		Nome do Produto: Celular Blu Life Play Android 4.2 c/ Câmera integrada 8 MP, 16 GB, 1.5 Ghz, 1 GB Ram e Micro SD - Cinza
			Igorando Pelo Filtro de Nome...
		Nome do Produto: Celular Blu Life Play Android 4.2 c/ Câmera integrada 8 MP, 16 GB, 1.5 Ghz, 1 GB Ram e Micro SD - Rosa
			Igorando Pelo Filtro de Nome...
		Nome do Produto: Cut the Hope: Triple Treat - 3DS
			Igorando Pelo Filtro de Nome...
		Nome do Produto: Disney Epic Mickey: Power of Illusion - 3DS
			Igorando Pelo Filtro de Nome...
		Nome do Produto: Disney Fantasia: Music Evolved - XBOX 360
			Igorando Pelo Filtro de Nome...
		Nome do Produto: Disney Fantasia: Music Evolved - XBOX ONE
			Igorando Pelo Filtro de Nome...
		Nome do Produto: Disney Planes - 3DS
			Igorando Pelo Filtro de Nome...
	Tempo Para buscar: 1832
Loja: Submarino
	URL Principal: http://www.submarino.com.br/
	URL Busca: http://busca.submarino.com.br/busca.php?q=<BUSCA>
http://busca.submarino.com.br/busca.php?q=Fantasy+Life+3DS
		Documento Lido
		Resultados: 4
		Nome do Produto: 3ds - Fantasy Life
http://www.submarino.com.br/produto/9699776/3ds-fantasy-life
		Acessando URL do produto.
		Nome do Produto: Fantasy Life - 3ds
http://www.submarino.com.br/produto/9869618/fantasy-life-3ds
		Acessando URL do produto.
		Nome do Produto: Fantasy Life N3ds
http://www.submarino.com.br/produto/9957093/fantasy-life-n3ds
		Acessando URL do produto.
		Nome do Produto: Game Fantasy Life - 3DS
http://www.submarino.com.br/produto/121101174/game-fantasy-life-3ds
		Acessando URL do produto.
	Tempo Para buscar: 1459
Loja: Walmart
	URL Principal: http://www.walmart.com.br/
	URL Busca: http://www.walmart.com.br/busca/?ft=<BUSCA>&PS=20
http://www.walmart.com.br/busca/?ft=Fantasy+Life+3DS&PS=20
		Documento Lido
		Resultados: 1
		Nome do Produto: Theatrhythm Final Fantasy 3DS
			Igorando Pelo Filtro de Nome...
	Tempo Para buscar: 632

File copied from C:\java\workspace Estudo\lookforprices\resources\imports\css.css to C:\java\workspace Estudo\lookforprices\reports\2015-09-09 16\css.css
File copied from C:\java\workspace Estudo\lookforprices\resources\imports\jquery.js to C:\java\workspace Estudo\lookforprices\reports\2015-09-09 16\jquery.js
File copied from C:\java\workspace Estudo\lookforprices\resources\imports\scripts.js to C:\java\workspace Estudo\lookforprices\reports\2015-09-09 16\scripts.js
Tempo total de execução: 29857
