Game: Ghost Recon Shadow Wars
Product Name: Ghost Recon Shadow Wars
Loja: Nintendo eShop
	URL Principal: http://www.nintendo.com/3ds/eshop
	URL Busca: http://www.nintendo.com/json/content/get/game/filter?&qterm=<BUSCA>
NintendoEShopSearch.search() http://www.nintendo.com/json/content/get/game/filter?&qterm=Ghost+Recon+Shadow+Wars
		Documento Lido
		Resultados: 1
		Nome do Produto: Tom Clancy's Ghost Recon Shadow Wars
http://www.nintendo.com/games/detail/YtcaAG4uTY0GaB3ZmWtgCGBkEW-310nY
		Acessando URL do produto.
URL = http://www.nintendo.com/games/detail/YtcaAG4uTY0GaB3ZmWtgCGBkEW-310nY
	Tempo Para buscar: 1241
Loja: Americanas
	URL Principal: http://www.americanas.com.br/
	URL Busca: http://busca.americanas.com.br/busca.php?q=<BUSCA>
http://busca.americanas.com.br/busca.php?q=Ghost+Recon+Shadow+Wars
		Documento Lido
		Resultados: 1
		Nome do Produto: Tom Clancys Ghost Recon: Shadow Wars - 3ds
http://www.americanas.com.br/produto/7978664/tom-clancys-ghost-recon-shadow-wars-3ds
		Acessando URL do produto.
	Tempo Para buscar: 872
Loja: Big Boy Games
	URL Principal: http://www.bigboygames.com.br/
	URL Busca: http://www.bigboygames.com.br/pesquisa/?p=<BUSCA>
http://www.bigboygames.com.br/pesquisa/?p=Ghost+Recon+Shadow+Wars
		Documento Lido
		Resultados*: 1
		Acessando URL do produto.
	Tempo Para buscar: 1589
Loja: Casas Bahia
	URL Principal: http://www.casasbahia.com.br/
	URL Busca: http://buscas.casasbahia.com.br/search?w=<BUSCA>
http://buscas.casasbahia.com.br/search?w=Ghost+Recon+Shadow+Wars
		Documento Lido
		Resultados: 3
		Nome do Produto: 
			Igorando Pelo Filtro de Nome...
		Nome do Produto: 
			Igorando Pelo Filtro de Nome...
		Nome do Produto: 
			Igorando Pelo Filtro de Nome...
		Nome do Produto: 
			Igorando Pelo Filtro de Nome...
		Nome do Produto: 
			Igorando Pelo Filtro de Nome...
		Nome do Produto: 
			Igorando Pelo Filtro de Nome...
		Nome do Produto: 
			Igorando Pelo Filtro de Nome...
		Nome do Produto: 
			Igorando Pelo Filtro de Nome...
	Tempo Para buscar: 2271
Loja: Extra
	URL Principal: http://www.extra.com.br/
	URL Busca: http://buscando.extra.com.br/search?w=<BUSCA>
http://buscando.extra.com.br/search?w=Ghost+Recon+Shadow+Wars
		Documento Lido
		Resultados: 1
		Nome do Produto: Jogo Ghost Recon Shadow Wars - 3DS
http://buscando.extra.com.br/search?p=R&srid=S1-USCDR02&lbc=extra&w=Ghost%20Recon%20Shadow%20Wars&url=http%3a%2f%2fproduto.extra.com.br%2f3379905%3f&rk=1&uid=280739322&sid=2&ts=custom&rsc=Oz8rjEZ%3aCpFVcmWW&method=and&isort=score&view=grid
		Acessando URL do produto.
	Tempo Para buscar: 2103
Loja: E-Virtua
	URL Principal: http://www.evirtua.com.br/
	URL Busca: http://www.evirtua.com.br/Busca?search_department_id=0&SearchTerm=<BUSCA>
http://www.evirtua.com.br/Busca?search_department_id=0&SearchTerm=Ghost+Recon+Shadow+Wars
		Documento Lido
		Resultados: 0
	Tempo Para buscar: 192
Loja: Fast Games
	URL Principal: http://www.fastgames.com.br/
	URL Busca: http://www.fastgames.com.br/loja/busca.php?loja=187970&palavra_busca=<BUSCA>
http://www.fastgames.com.br/loja/busca.php?loja=187970&palavra_busca=Ghost+Recon+Shadow+Wars
		Documento Lido
		Resultados: 0
	Tempo Para buscar: 400
Loja: Fast Shop
	URL Principal: http://www.fastshop.com.br/loja/
	URL Busca: http://www.fastshop.com.br/webapp/wcs/stores/servlet/SearchDisplay?searchTerm=<BUSCA>&categoryId=&storeId=10151&catalogId=11052&langId=-6&pageSize=9&beginIndex=0&sType=SimpleSearch&resultCatEntryType=2&showResultsPage=true&searchSource=Q&pageView=&hotsite=fastshop
http://www.fastshop.com.br/webapp/wcs/stores/servlet/SearchDisplay?searchTerm=Ghost+Recon+Shadow+Wars&categoryId=&storeId=10151&catalogId=11052&langId=-6&pageSize=9&beginIndex=0&sType=SimpleSearch&resultCatEntryType=2&showResultsPage=true&searchSource=Q&pageView=&hotsite=fastshop
		Documento Lido
		Resultados: 0
	Tempo Para buscar: 496
Loja: FNAC
	URL Principal: http://www.fnac.com.br/index.html
	URL Busca: http://busca.fnac.com.br/?busca=<BUSCA>
http://busca.fnac.com.br/?busca=Ghost+Recon+Shadow+Wars
		Documento Lido
		Resultados: 20
		Nome do Produto: Ps3 Tom Clancy`s Ghost Recon Anthology (versão em Português)
			Igorando Pelo Filtro de Nome...
		Nome do Produto: 75079 - Lego® Star Wars™ - Shadow Troopers™
			Igorando Pelo Filtro de Nome...
		Nome do Produto: Ghost Stories
			Igorando Pelo Filtro de Nome...
		Nome do Produto: Ps4 Shadow Warrior
			Igorando Pelo Filtro de Nome...
		Nome do Produto: Xbox One Shadow Warrior
			Igorando Pelo Filtro de Nome...
		Nome do Produto: Ghost Stories (vinil)
			Igorando Pelo Filtro de Nome...
		Nome do Produto: Ghost (blu-ray)
			Igorando Pelo Filtro de Nome...
		Nome do Produto: Ghost - O Outro Lado da Vida (DVD)
			Igorando Pelo Filtro de Nome...
		Nome do Produto: Ps3 Ico & Shadow Of The Colossus
			Igorando Pelo Filtro de Nome...
		Nome do Produto: Light And Shadow - The Best Of Vangelis
			Igorando Pelo Filtro de Nome...
		Nome do Produto: Xbox 360 Castlevania: Lords Of Shadow 2
			Igorando Pelo Filtro de Nome...
		Nome do Produto: Summoner Wars - Master Set
			Igorando Pelo Filtro de Nome...
		Nome do Produto: Ghost Stories - Live 2014 (dvd+cd)
			Igorando Pelo Filtro de Nome...
		Nome do Produto: Ghost Stories - Live 2014 (blu-ray + CD)
			Igorando Pelo Filtro de Nome...
		Nome do Produto: Ghost - do Outro Lado da Vida - 25º Aniversário (DVD)
			Igorando Pelo Filtro de Nome...
		Nome do Produto: Ghost - do Outro Lado da Vida - 25º Aniversário (blu-ray)
			Igorando Pelo Filtro de Nome...
		Nome do Produto: Xbox 360 Halo Wars
			Igorando Pelo Filtro de Nome...
		Nome do Produto: Star Wars, A Trilogia
			Igorando Pelo Filtro de Nome...
		Nome do Produto: Star Wars - Interceptor Jedi™
			Igorando Pelo Filtro de Nome...
		Nome do Produto: 75048 - Star Wars - Phantom™
			Igorando Pelo Filtro de Nome...
	Tempo Para buscar: 1121
Loja: Kabum
	URL Principal: http://www.kabum.com.br/
	URL Busca: http://www.kabum.com.br/cgi-local/site/listagem/listagem.cgi?string=<BUSCA>&btnG=
http://www.kabum.com.br/cgi-local/site/listagem/listagem.cgi?string=Ghost+Recon+Shadow+Wars&btnG=
		Documento Lido
		Resultados: 0
	Tempo Para buscar: 462
Loja: Livraria Cultura
	URL Principal: http://www.livrariacultura.com.br/
	URL Busca: http://www.livrariacultura.com.br/busca?N=0&Ntt=<BUSCA>
http://www.livrariacultura.com.br/busca?N=0&Ntt=Ghost+Recon+Shadow+Wars
		Documento Lido
		Resultados: 1
		Nome do Produto: GHOST RECON - SHADOW WARS (3DS)
http://www.livrariacultura.com.br/p/ghost-recon-shadow-wars-3ds-22653330
		Acessando URL do produto.
	Tempo Para buscar: 1687
Loja: Magazine Luiza
	URL Principal: http://www.magazineluiza.com.br/
	URL Busca: http://www.magazineluiza.com.br/busca/<BUSCA>/
http://www.magazineluiza.com.br/busca/Ghost+Recon+Shadow+Wars/
		Documento Lido
		Resultados: 60
		Nome do Produto: Terra Média - Sombras de Mordor para PS4 - Warner
			Igorando Pelo Filtro de Nome...
		Nome do Produto: Terra Média - Sombras de Mordor para Xbox 360 - Warner
			Igorando Pelo Filtro de Nome...
		Nome do Produto: Star Wars Rebels Hero Series Darth Ezra Bridger - 12" - Hasbro
			Igorando Pelo Filtro de Nome...
		Nome do Produto: Tom Clancys Ghost Recon Anthology para PS3 - Ubisoft
			Igorando Pelo Filtro de Nome...
		Nome do Produto: Shadow Warrior para Xbox One - Majesco Entertainment
			Igorando Pelo Filtro de Nome...
		Nome do Produto: LEGO Ninjago: Shadow of Ronin - Console para Nintendo 3DS - Warner
			Igorando Pelo Filtro de Nome...
		Nome do Produto: Ana Hickmann Gold in Shadow - Perfume Feminino Eau de Cologne 30ml
			Igorando Pelo Filtro de Nome...
		Nome do Produto: Call Of Duty: Ghosts para Xbox 360 - Activision
			Igorando Pelo Filtro de Nome...
		Nome do Produto: Shadow Warrior para PS4 - Majesco Entertainment
			Igorando Pelo Filtro de Nome...
		Nome do Produto: Killzone Shadow Fall para PS4 - Sony
			Igorando Pelo Filtro de Nome...
		Nome do Produto: Castlevania Lords of Shadow 2 para PS3 - Konami
			Igorando Pelo Filtro de Nome...
		Nome do Produto: Ana Hickmann Gold in Shadow Perfume Feminino - Eau de Cologne 50ml
			Igorando Pelo Filtro de Nome...
		Nome do Produto: Call Of Duty: Ghosts para Xbox One - Activision
			Igorando Pelo Filtro de Nome...
		Nome do Produto: Halo Wars para Xbox 360 - Microsoft
			Igorando Pelo Filtro de Nome...
		Nome do Produto: Ico & Shadow Of The Colossus para PS3 - Coleção Favoritos - Sony
			Igorando Pelo Filtro de Nome...
		Nome do Produto: Call Of Duty: Ghosts para PS3 - Activision
			Igorando Pelo Filtro de Nome...
		Nome do Produto: Call Of Duty: Ghosts para PS3 - Activision
			Igorando Pelo Filtro de Nome...
		Nome do Produto: LEGO Star Wars III: The Clone Wars para PS3 - Disney
			Igorando Pelo Filtro de Nome...
		Nome do Produto: Star Wars: The Force Unleashed II p/ Xbox 360 - LucasArts
			Igorando Pelo Filtro de Nome...
		Nome do Produto: Star Wars: The Force Unleashed p/ Xbox 360 - LucasArts
			Igorando Pelo Filtro de Nome...
		Nome do Produto: Angry Birds Star Wars p/ PS4 - Activision
			Igorando Pelo Filtro de Nome...
		Nome do Produto: LEGO Star Wars: The Complete Saga para PS3 - LucasArts
			Igorando Pelo Filtro de Nome...
		Nome do Produto: Star Wars: The Force Unleashed p/ PS3 - LucasArts
			Igorando Pelo Filtro de Nome...
		Nome do Produto: Star Wars: The Force Unleashed II p/ PS3 - LucasArts
			Igorando Pelo Filtro de Nome...
		Nome do Produto: Capacete com Viseira Tamanho 58 - Mixs MX5 Ghost Preto e Vermelho
			Igorando Pelo Filtro de Nome...
		Nome do Produto: LEGO Star Wars Shadow Troopers" 95 Peças - 75079
			Igorando Pelo Filtro de Nome...
		Nome do Produto: LEGO Star Wars The Ghost - 929 Peças - 75053
			Igorando Pelo Filtro de Nome...
		Nome do Produto: Star Wars Rebels Star Wars Episódio II 12" - Hasbro
			Igorando Pelo Filtro de Nome...
		Nome do Produto: Star Wars Rebels 12" Hero Series - Darth Stormtrooper - Hasbro
			Igorando Pelo Filtro de Nome...
		Nome do Produto: Star Wars Rebels Inquisitor - Hasbro
			Igorando Pelo Filtro de Nome...
		Nome do Produto: Star Wars Rebels Imperial Troop - Hasbro
			Igorando Pelo Filtro de Nome...
		Nome do Produto: Star Wars Rebels Sabre Inquisitor - Hasbro
			Igorando Pelo Filtro de Nome...
		Nome do Produto: Star Wars Rebels 12" Hero Series Darth Maul - Hasbro
			Igorando Pelo Filtro de Nome...
		Nome do Produto: Star Wars Rebels Sabre Básico Anakin - Hasbro
			Igorando Pelo Filtro de Nome...
		Nome do Produto: Star Wars Rebels Sabre Básico Darth Vader - Hasbro
			Igorando Pelo Filtro de Nome...
		Nome do Produto: Star Wars Rebels Sabre Básico Obi Wan - Hasbro
			Igorando Pelo Filtro de Nome...
		Nome do Produto: Star Wars Rebels Sabre de Luz Eletrônico Yoda - Hasbro
			Igorando Pelo Filtro de Nome...
		Nome do Produto: Star Wars - Black Series 6" Clone Trooper - Hasbro
			Igorando Pelo Filtro de Nome...
		Nome do Produto: Boneco Star Wars Anakin to Vader - Hasbro
			Igorando Pelo Filtro de Nome...
		Nome do Produto: Star Wars Sabre de Luz Color Change - Hasbro
			Igorando Pelo Filtro de Nome...
		Nome do Produto: Star Wars Rebels Veículo Hero Series X Wing - Hasbro
			Igorando Pelo Filtro de Nome...
		Nome do Produto: Star Wars Rebels Hero Series Garazeb Orrelios 12" - Hasbro
			Igorando Pelo Filtro de Nome...
		Nome do Produto: Star Wars Rebels 12" Hero Series Darth - Agent Kallus - Hasbro
			Igorando Pelo Filtro de Nome...
		Nome do Produto: Star Wars - The Black Series Toryn Farr - Hasbro
			Igorando Pelo Filtro de Nome...
		Nome do Produto: Star Wars Rebels Sabre de Luz Ezra com 6 Dardos - Hasbro
			Igorando Pelo Filtro de Nome...
		Nome do Produto: Star Wars - Sextante
			Igorando Pelo Filtro de Nome...
		Nome do Produto: My Little Pony Equestria Girls Wonder e Shadow - Hasbro
			Igorando Pelo Filtro de Nome...
		Nome do Produto: Star Wars - Kenobi - Aleph
			Igorando Pelo Filtro de Nome...
		Nome do Produto: Ghost Rider - A Estrada da Cura - Belas-Letras
			Igorando Pelo Filtro de Nome...
		Nome do Produto: Star Wars - Herdeiro do Império - Aleph
			Igorando Pelo Filtro de Nome...
		Nome do Produto: Star Wars - Provação - Aleph
			Igorando Pelo Filtro de Nome...
		Nome do Produto: LEGO Star Wars Vulture Droid" - 77 Peças 75073
			Igorando Pelo Filtro de Nome...
		Nome do Produto: Call Of Duty - Ghosts - Guia Oficial Em Português - Europa
			Igorando Pelo Filtro de Nome...
		Nome do Produto: Star Wars - Episódio III: A Vingança dos Sith - Panini Books
			Igorando Pelo Filtro de Nome...
		Nome do Produto: LEGO Star Wars Jabbas Palace - 717 Peças - 9516
			Igorando Pelo Filtro de Nome...
		Nome do Produto: LEGO Star Wars AAT" - 251 Peças 75080
			Igorando Pelo Filtro de Nome...
		Nome do Produto: LEGO Star Wars Rebels The Inquisitor" - 355 Peças - 75082
			Igorando Pelo Filtro de Nome...
		Nome do Produto: LEGO Star Wars Rebel Wookiee Gunship - 570 Peças - 75084
			Igorando Pelo Filtro de Nome...
		Nome do Produto: Boneco Star Wars - Black Series Stormtrooper - Hasbro
			Igorando Pelo Filtro de Nome...
		Nome do Produto: LEGO Star Wars Homing Spider Droid" 102 Peças - 75077
			Igorando Pelo Filtro de Nome...
	Tempo Para buscar: 1122
Loja: Mula Games
	URL Principal: http://www.mulagames.com.br/
	URL Busca: http://www.mulagames.com.br/produtos-index/catalogo_produtos/-/-/<BUSCA>/-/-/-/-/-/
http://www.mulagames.com.br/produtos-index/catalogo_produtos/-/-/Ghost%20Recon%20Shadow%20Wars/-/-/-/-/-/
		Documento Lido
		Resultados: 1
		Nome do Produto: Tom Clancy's Ghost Recon: Shadow Wars - 3DS
http://www.mulagames.com.br/Tom-Clancy-s-Ghost-Recon--Shadow-Wars-3DS/prod-457333/
		Acessando URL do produto.
http://www.mulagames.com.br/produto-ajax_retorna_dados_preco_comprar/457333
		Acessando URL do preço produto.
	Tempo Para buscar: 2103
Loja: Net Shoes
	URL Principal: http://www.netshoes.com.br/
	URL Busca: http://www.netshoes.com.br/search?Ntt=<BUSCA>
http://www.netshoes.com.br/search?Ntt=Ghost+Recon+Shadow+Wars
		Documento Lido
		Resultados: 37
		Nome do Produto: Agasalho Adidas 1 Star Wars ST TS Infantil
			Igorando Pelo Filtro de Nome...
		Nome do Produto: Tênis Rip Curl Recon
			Igorando Pelo Filtro de Nome...
		Nome do Produto: Agasalho Adidas 1 Star Wars DV TS Infantil
			Igorando Pelo Filtro de Nome...
		Nome do Produto: Kit Tênis Under Armour Micro G Mantis 2 + Viseira Under Armour Shadow 2.0
			Igorando Pelo Filtro de Nome...
		Nome do Produto: Kit Tênis Under Armour Micro G Mantis 2 + Viseira Under Armour Shadow 2.0
			Igorando Pelo Filtro de Nome...
		Nome do Produto: Boné Under Armour Shadow 2.0
			Igorando Pelo Filtro de Nome...
		Nome do Produto: Moletom Adidas J Star Wars ST c/ Capuz Infantil
			Igorando Pelo Filtro de Nome...
		Nome do Produto: Tênis Rip Curl Recon
			Igorando Pelo Filtro de Nome...
		Nome do Produto: Boné Under Armour Shadow 2.0
			Igorando Pelo Filtro de Nome...
		Nome do Produto: Boné Under Armour Shadow 2.0
			Igorando Pelo Filtro de Nome...
		Nome do Produto: Bermuda Nike Fly Shadow Stripe
			Igorando Pelo Filtro de Nome...
		Nome do Produto: Boné New Era 5950 Outline Star Wars
			Igorando Pelo Filtro de Nome...
		Nome do Produto: Conjunto Adidas 1 Star Wars ST SET Infantil
			Igorando Pelo Filtro de Nome...
		Nome do Produto: Boné Under Armour Shadow 2.0
			Igorando Pelo Filtro de Nome...
		Nome do Produto: Mochila Adidas Star Wars Infantil
			Igorando Pelo Filtro de Nome...
		Nome do Produto: Tênis Diversão Star Wars Cano Alto
			Igorando Pelo Filtro de Nome...
		Nome do Produto: Tênis Diversão Iate Star Wars
			Igorando Pelo Filtro de Nome...
		Nome do Produto: Boné New Era 950 Star Wars Cabesa Punch Darth Va
			Igorando Pelo Filtro de Nome...
		Nome do Produto: Boné New Era 950 Detail Star Wars
			Igorando Pelo Filtro de Nome...
		Nome do Produto: Boné New Era 950 Shine Star Wars
			Igorando Pelo Filtro de Nome...
		Nome do Produto: Camiseta Adidas Star Wars Y Infantil
			Igorando Pelo Filtro de Nome...
		Nome do Produto: Camiseta Adidas J Star Wars ST Infantil
			Igorando Pelo Filtro de Nome...
		Nome do Produto: Tênis Diversão Star Wars
			Igorando Pelo Filtro de Nome...
		Nome do Produto: Bermuda Nike Fly Shadow Stripe
			Igorando Pelo Filtro de Nome...
		Nome do Produto: Camiseta Triton Star Wars
			Igorando Pelo Filtro de Nome...
		Nome do Produto: Jogo Star Wars: The Clone Wars Republic Heroes Wii
			Igorando Pelo Filtro de Nome...
		Nome do Produto: Camiseta Adidas J Star Wars Y Infantil
			Igorando Pelo Filtro de Nome...
		Nome do Produto: Viseira Under Armour Shadow 2.0
			Igorando Pelo Filtro de Nome...
		Nome do Produto: Viseira Under Armour Shadow 2.0
			Igorando Pelo Filtro de Nome...
		Nome do Produto: Camiseta Nike Action Ghost Infantil
			Igorando Pelo Filtro de Nome...
		Nome do Produto: Boné Adidas Star Wars Infantil
			Igorando Pelo Filtro de Nome...
		Nome do Produto: Viseira Under Armour Shadow 2.0
			Igorando Pelo Filtro de Nome...
		Nome do Produto: Carrinho p/ 1 Bebê Thule Urban Glide Dark Shadow
			Igorando Pelo Filtro de Nome...
		Nome do Produto: Sandália Crocs CB Star Wars R2D2 Clog Infantil
			Igorando Pelo Filtro de Nome...
		Nome do Produto: Camiseta Adidas J Star Wars DV Infantil
			Igorando Pelo Filtro de Nome...
		Nome do Produto: Jaqueta Adidas J Star Wars Y FB Infantil
			Igorando Pelo Filtro de Nome...
		Nome do Produto: Tênis Nike Air Shadow
			Igorando Pelo Filtro de Nome...
	Tempo Para buscar: 316
Loja: Ponto Frio
	URL Principal: http://www.pontofrio.com.br/
	URL Busca: http://search.pontofrio.com.br/search?w=<BUSCA>
http://search.pontofrio.com.br/search?w=Ghost+Recon+Shadow+Wars
		Documento Lido
		Resultados: 3
		Nome do Produto: 
			Igorando Pelo Filtro de Nome...
		Nome do Produto: 
			Igorando Pelo Filtro de Nome...
		Nome do Produto: 
			Igorando Pelo Filtro de Nome...
		Nome do Produto: 
			Igorando Pelo Filtro de Nome...
		Nome do Produto: 
			Igorando Pelo Filtro de Nome...
		Nome do Produto: 
			Igorando Pelo Filtro de Nome...
		Nome do Produto: 
			Igorando Pelo Filtro de Nome...
		Nome do Produto: 
			Igorando Pelo Filtro de Nome...
		Nome do Produto: 
			Igorando Pelo Filtro de Nome...
		Nome do Produto: 
			Igorando Pelo Filtro de Nome...
		Nome do Produto: 
			Igorando Pelo Filtro de Nome...
		Nome do Produto: 
			Igorando Pelo Filtro de Nome...
		Nome do Produto: 
			Igorando Pelo Filtro de Nome...
		Nome do Produto: 
			Igorando Pelo Filtro de Nome...
		Nome do Produto: 
			Igorando Pelo Filtro de Nome...
		Nome do Produto: 
			Igorando Pelo Filtro de Nome...
		Nome do Produto: 
			Igorando Pelo Filtro de Nome...
		Nome do Produto: 
			Igorando Pelo Filtro de Nome...
		Nome do Produto: 
			Igorando Pelo Filtro de Nome...
		Nome do Produto: 
			Igorando Pelo Filtro de Nome...
		Nome do Produto: 
			Igorando Pelo Filtro de Nome...
		Nome do Produto: 
			Igorando Pelo Filtro de Nome...
		Nome do Produto: 
			Igorando Pelo Filtro de Nome...
		Nome do Produto: 
			Igorando Pelo Filtro de Nome...
	Tempo Para buscar: 3122
Loja: Ricardo Eletro
	URL Principal: http://www.ricardoeletro.com.br/
	URL Busca: http://www.ricardoeletro.com.br/Busca/Resultado/?q=<BUSCA>
http://www.ricardoeletro.com.br/Busca/Resultado/?q=Ghost+Recon+Shadow+Wars
		Documento Lido
		Resultados: 2
		Nome do Produto: Linha Multifilamento Sufix 832 150 Jardas - 135m (Cor: Branco Ghost)
			Igorando Pelo Filtro de Nome...
		Nome do Produto: Combo 3 Linhas Multifilamento Sufix 832 150 Jardas - 135m  (Cor: Branco Ghost)
			Igorando Pelo Filtro de Nome...
	Tempo Para buscar: 486
Loja: RiHappy
	URL Principal: http://www.rihappy.com.br/
	URL Busca: http://www.rihappy.com.br/<BUSCA>
http://www.rihappy.com.br/Ghost%20Recon%20Shadow%20Wars
		Documento Lido
		Resultados: 0
	Tempo Para buscar: 1142
Loja: Saraiva
	URL Principal: http://www.saraiva.com.br/
	URL Busca: http://busca.saraiva.com.br/search?w=<BUSCA>&PAC_ID=129457&ts=ajax
http://busca.saraiva.com.br/search?w=Ghost+Recon+Shadow+Wars&PAC_ID=129457&ts=ajax
		Documento Lido
		Resultados: 2
		Nome do Produto: Multifuncional HP Officej...
			Igorando Pelo Filtro de Nome...
		Nome do Produto: Vade Mecum Saraiva Compac...
			Igorando Pelo Filtro de Nome...
	Tempo Para buscar: 12261
Loja: Shop Facil
	URL Principal: http://ww2.shopfacil.com.br/
	URL Busca: http://ww2.shopfacil.com.br/<BUSCA>
http://ww2.shopfacil.com.br/Ghost%20Recon%20Shadow%20Wars
		Documento Lido
		Resultados: 0
	Tempo Para buscar: 1270
Loja: Shop Time
	URL Principal: http://www.shoptime.com.br/
	URL Busca: http://busca.shoptime.com.br/busca.php?q=<BUSCA>
http://busca.shoptime.com.br/busca.php?q=Ghost+Recon+Shadow+Wars
		Documento Lido
		Resultados: 1
		Nome do Produto: Tom Clancys Ghost Recon: Shadow Wars - 3ds
http://www.shoptime.com.br/produto/7978664/tom-clancys-ghost-recon-shadow-wars-3ds
		Acessando URL do produto.
	Tempo Para buscar: 827
Loja: ShopB
	URL Principal: http://www.shopb.com.br/
	URL Busca: http://busca.shopb.com.br/?busca=<BUSCA>
http://busca.shopb.com.br/?busca=Ghost+Recon+Shadow+Wars
		Documento Lido
		Resultados: 30
		Nome do Produto: Adaptador Cabo Molex / SATA - Hitto
			Igorando Pelo Filtro de Nome...
		Nome do Produto: Angry Birds: Star Wars - 3DS
			Igorando Pelo Filtro de Nome...
		Nome do Produto: Angry Birds: Star Wars - PS Vita
			Igorando Pelo Filtro de Nome...
		Nome do Produto: Angry Birds: Star Wars - PS3
			Igorando Pelo Filtro de Nome...
		Nome do Produto: Angry Birds: Star Wars - PS4
			Igorando Pelo Filtro de Nome...
		Nome do Produto: Angry Birds: Star Wars - Wii U
			Igorando Pelo Filtro de Nome...
		Nome do Produto: Angry Birds: Star Wars - XBOX 360
			Igorando Pelo Filtro de Nome...
		Nome do Produto: Angry Birds: Star Wars - XBOX ONE
			Igorando Pelo Filtro de Nome...
		Nome do Produto: Camiseta Exo Suit - Modelo 1
			Igorando Pelo Filtro de Nome...
		Nome do Produto: Cartão de Memória Micro SD - 16 GB - Kingston
			Igorando Pelo Filtro de Nome...
		Nome do Produto: Cartão de Memória Micro SD - 8 GB - Kingston
			Igorando Pelo Filtro de Nome...
		Nome do Produto: Case p/ HD Externo 2.5 Black Piano 1TB SATA 480Mbps - Multilaser
			Igorando Pelo Filtro de Nome...
		Nome do Produto: Castlevania: Lords of Shadow - PS3
			Igorando Pelo Filtro de Nome...
		Nome do Produto: Castlevania: Lords of Shadow - XBOX 360
			Igorando Pelo Filtro de Nome...
		Nome do Produto: Castlevania: Lords of Shadow 2 - PS3
			Igorando Pelo Filtro de Nome...
		Nome do Produto: Castlevania: Lords of Shadow 2 - XBOX 360
			Igorando Pelo Filtro de Nome...
		Nome do Produto: Castlevania: Lords of Shadow Collection - PS3
			Igorando Pelo Filtro de Nome...
		Nome do Produto: Castlevania: Lords of Shadow Collection - XBOX 360
			Igorando Pelo Filtro de Nome...
		Nome do Produto: Castlevania: Lords of Shadow Mirror of Fate - 3DS
			Igorando Pelo Filtro de Nome...
		Nome do Produto: Celular Blu Jenny TV Dual Sim com Câmera integrada, TV, Rádio FM/AM e Micro SD - Branco
			Igorando Pelo Filtro de Nome...
		Nome do Produto: Celular Blu Jenny TV Dual Sim com Câmera integrada, TV, Rádio FM/AM e Micro SD - Branco / Azul
			Igorando Pelo Filtro de Nome...
		Nome do Produto: Celular Blu Jenny TV Dual Sim com Câmera integrada, TV, Rádio FM/AM e Micro SD - Branco / Rosa
			Igorando Pelo Filtro de Nome...
		Nome do Produto: Celular Blu Life Play Android 4.2 c/ Câmera integrada 8 MP, 16 GB, 1.5 Ghz, 1 GB Ram e Micro SD - Amarelo
			Igorando Pelo Filtro de Nome...
		Nome do Produto: Celular Blu Life Play Android 4.2 c/ Câmera integrada 8 MP, 16 GB, 1.5 Ghz, 1 GB Ram e Micro SD - Azul
			Igorando Pelo Filtro de Nome...
		Nome do Produto: Celular Blu Life Play Android 4.2 c/ Câmera integrada 8 MP, 16 GB, 1.5 Ghz, 1 GB Ram e Micro SD - Branco
			Igorando Pelo Filtro de Nome...
		Nome do Produto: Celular Blu Life Play Android 4.2 c/ Câmera integrada 8 MP, 16 GB, 1.5 Ghz, 1 GB Ram e Micro SD - Cinza
			Igorando Pelo Filtro de Nome...
		Nome do Produto: Celular Blu Life Play Android 4.2 c/ Câmera integrada 8 MP, 16 GB, 1.5 Ghz, 1 GB Ram e Micro SD - Rosa
			Igorando Pelo Filtro de Nome...
		Nome do Produto: Celular Blu Samba JR Teclado Qwerty com Câmera integrada 1.3MP, Dual Sim, Rádio FM e Micro SD - Prata
			Igorando Pelo Filtro de Nome...
		Nome do Produto: Celular Blu Samba JR Teclado Qwerty com Câmera integrada 1.3MP, Dual Sim, Rádio FM e Micro SD - Vermelho
			Igorando Pelo Filtro de Nome...
		Nome do Produto: Celular Blu Samba TV Dual Chip com Câmera integrada, TV, Rádio FM e Micro SD - Branco / Azul
			Igorando Pelo Filtro de Nome...
	Tempo Para buscar: 1072
Loja: Submarino
	URL Principal: http://www.submarino.com.br/
	URL Busca: http://busca.submarino.com.br/busca.php?q=<BUSCA>
http://busca.submarino.com.br/busca.php?q=Ghost+Recon+Shadow+Wars
		Documento Lido
		Resultados: 1
		Nome do Produto: Tom Clancys Ghost Recon: Shadow Wars - 3ds
http://www.submarino.com.br/produto/7978664/tom-clancys-ghost-recon-shadow-wars-3ds
		Acessando URL do produto.
	Tempo Para buscar: 910
Loja: Walmart
	URL Principal: http://www.walmart.com.br/
	URL Busca: http://www.walmart.com.br/busca/?ft=<BUSCA>&PS=20
http://www.walmart.com.br/busca/?ft=Ghost+Recon+Shadow+Wars&PS=20
		Documento Lido
		Resultados: 1
		Nome do Produto: Ghost Recon Shadow Wars N3DS
http://www.walmart.com.br//ghost-recon-shadow-wars-n3ds/2374317/pr
		Acessando URL do produto.
	Tempo Para buscar: 817

File copied from C:\java\workspace Estudo\lookforprices\resources\imports\css.css to C:\java\workspace Estudo\lookforprices\reports\2015-09-09 16\css.css
File copied from C:\java\workspace Estudo\lookforprices\resources\imports\jquery.js to C:\java\workspace Estudo\lookforprices\reports\2015-09-09 16\jquery.js
File copied from C:\java\workspace Estudo\lookforprices\resources\imports\scripts.js to C:\java\workspace Estudo\lookforprices\reports\2015-09-09 16\scripts.js
Tempo total de execução: 37896
