Game: Kingdom Hearts 3D
Product Name: Kingdom Hearts 3D
Loja: Nintendo eShop
	URL Principal: http://www.nintendo.com/3ds/eshop
	URL Busca: http://www.nintendo.com/json/content/get/game/filter?&qterm=<BUSCA>
NintendoEShopSearch.search() http://www.nintendo.com/json/content/get/game/filter?&qterm=Kingdom+Hearts+3D
		Documento Lido
		Resultados: 2
		Nome do Produto: Kingdom Hearts 3D [Dream Drop Distance]
http://www.nintendo.com/games/detail/lMsdY4sAuNaMvikXHPN53UOKQYL-5UM8
		Acessando URL do produto.
URL = http://www.nintendo.com/games/detail/lMsdY4sAuNaMvikXHPN53UOKQYL-5UM8
		Nome do Produto: Heroes of Mana
			Igorando Pelo Filtro de Nome...
	Tempo Para buscar: 1101
Loja: Americanas
	URL Principal: http://www.americanas.com.br/
	URL Busca: http://busca.americanas.com.br/busca.php?q=<BUSCA>
http://busca.americanas.com.br/busca.php?q=Kingdom+Hearts+3D
		Documento Lido
		Resultados: 1
		Nome do Produto: Jogo Nintendo 3ds Kingdom Hearts 3d: Dream Distance -...
http://www.americanas.com.br/produto/8578654/jogo-nintendo-3ds-kingdom-hearts-3d-dream-distance-square-enix
		Acessando URL do produto.
	Tempo Para buscar: 731
Loja: Big Boy Games
	URL Principal: http://www.bigboygames.com.br/
	URL Busca: http://www.bigboygames.com.br/pesquisa/?p=<BUSCA>
http://www.bigboygames.com.br/pesquisa/?p=Kingdom+Hearts+3D
		Documento Lido
		Resultados*: 1
		Acessando URL do produto.
	Tempo Para buscar: 1537
Loja: Casas Bahia
	URL Principal: http://www.casasbahia.com.br/
	URL Busca: http://buscas.casasbahia.com.br/search?w=<BUSCA>
http://buscas.casasbahia.com.br/search?w=Kingdom+Hearts+3D
		Documento Lido
		Resultados: 1
		Nome do Produto: Jogo Kingdom Hearts 3D Dream Drop Distance - 3DS
http://buscas.casasbahia.com.br/search?p=R&srid=S6-USWSD01&lbc=casasbahia&w=Kingdom%20Hearts%203D&url=http%3a%2f%2fproduto.casasbahia.com.br%2f3380230%3f&rk=1&uid=287226830&sid=2&ts=custom&rsc=Y1QMS%3aszS37dB0KH&method=and&isort=score&view=grid
		Acessando URL do produto.
		Nome do Produto: Kingdom Hearts 3D - 3DS
http://buscas.casasbahia.com.br/search?p=R&srid=S6-USWSD01&lbc=casasbahia&w=Kingdom%20Hearts%203D&url=http%3a%2f%2fproduto.casasbahia.com.br%2f5557284%3f&rk=2&uid=287226830&sid=2&ts=custom&rsc=HA3WrYBvHCfUXc%3a6&method=and&isort=score&view=grid
		Acessando URL do produto.
		Nome do Produto: Kingdom Hearts 3D: Dream Drop Distance - 3DS
http://buscas.casasbahia.com.br/search?p=R&srid=S6-USWSD01&lbc=casasbahia&w=Kingdom%20Hearts%203D&url=http%3a%2f%2fproduto.casasbahia.com.br%2f5567546%3f&rk=3&uid=287226830&sid=2&ts=custom&rsc=Yi3pg8Xylrdquxsp&method=and&isort=score&view=grid
		Acessando URL do produto.
	Tempo Para buscar: 3648
Loja: Extra
	URL Principal: http://www.extra.com.br/
	URL Busca: http://buscando.extra.com.br/search?w=<BUSCA>
http://buscando.extra.com.br/search?w=Kingdom+Hearts+3D
		Documento Lido
		Resultados: 3
		Nome do Produto: Jogo Kingdom Hearts 3D Dream Drop Distance - 3DS
http://buscando.extra.com.br/search?p=R&srid=S1-USCDR02&lbc=extra&w=Kingdom%20Hearts%203D&url=http%3a%2f%2fproduto.extra.com.br%2f3380230%3f&rk=1&uid=287255123&sid=2&ts=custom&rsc=2Sk6hhdxBkhjym-N&method=and&isort=score&view=grid
		Acessando URL do produto.
		Nome do Produto: Kingdom Hearts 3D - 3DS
http://buscando.extra.com.br/search?p=R&srid=S1-USCDR02&lbc=extra&w=Kingdom%20Hearts%203D&url=http%3a%2f%2fproduto.extra.com.br%2f5557284%3f&rk=2&uid=287255123&sid=2&ts=custom&rsc=nvt1NrTrjgGVRgwO&method=and&isort=score&view=grid
		Acessando URL do produto.
		Nome do Produto: Kingdom Hearts 3D: Dream Drop Distance - 3DS
http://buscando.extra.com.br/search?p=R&srid=S1-USCDR02&lbc=extra&w=Kingdom%20Hearts%203D&url=http%3a%2f%2fproduto.extra.com.br%2f5567546%3f&rk=3&uid=287255123&sid=2&ts=custom&rsc=sCqmVCzrFDzgbFss&method=and&isort=score&view=grid
		Acessando URL do produto.
	Tempo Para buscar: 4105
Loja: E-Virtua
	URL Principal: http://www.evirtua.com.br/
	URL Busca: http://www.evirtua.com.br/Busca?search_department_id=0&SearchTerm=<BUSCA>
http://www.evirtua.com.br/Busca?search_department_id=0&SearchTerm=Kingdom+Hearts+3D
		Documento Lido
		Resultados: 0
	Tempo Para buscar: 139
Loja: Fast Games
	URL Principal: http://www.fastgames.com.br/
	URL Busca: http://www.fastgames.com.br/loja/busca.php?loja=187970&palavra_busca=<BUSCA>
http://www.fastgames.com.br/loja/busca.php?loja=187970&palavra_busca=Kingdom+Hearts+3D
		Documento Lido
		Resultados: 1
		Nome do Produto: Kingdom Hearts 3D: Dream Drop Distance - 3DS
http://www.fastgames.com.br//kingdom-hearts-3d-dream-drop-distance-3ds-pr-3704-187970.htm
		Acessando URL do produto.
	Tempo Para buscar: 3208
Loja: Fast Shop
	URL Principal: http://www.fastshop.com.br/loja/
	URL Busca: http://www.fastshop.com.br/webapp/wcs/stores/servlet/SearchDisplay?searchTerm=<BUSCA>&categoryId=&storeId=10151&catalogId=11052&langId=-6&pageSize=9&beginIndex=0&sType=SimpleSearch&resultCatEntryType=2&showResultsPage=true&searchSource=Q&pageView=&hotsite=fastshop
http://www.fastshop.com.br/webapp/wcs/stores/servlet/SearchDisplay?searchTerm=Kingdom+Hearts+3D&categoryId=&storeId=10151&catalogId=11052&langId=-6&pageSize=9&beginIndex=0&sType=SimpleSearch&resultCatEntryType=2&showResultsPage=true&searchSource=Q&pageView=&hotsite=fastshop
		Documento Lido
		Resultados: 0
	Tempo Para buscar: 600
Loja: FNAC
	URL Principal: http://www.fnac.com.br/index.html
	URL Busca: http://busca.fnac.com.br/?busca=<BUSCA>
http://busca.fnac.com.br/?busca=Kingdom+Hearts+3D
		Documento Lido
		Resultados: 20
		Nome do Produto: Little Broken Hearts (2 CDs)
			Igorando Pelo Filtro de Nome...
		Nome do Produto: Sgt Pepper's Lonely Hearts Club Band
			Igorando Pelo Filtro de Nome...
		Nome do Produto: Sgt Pepper's Lonely Hearts Club Band (vinil)
			Igorando Pelo Filtro de Nome...
		Nome do Produto: Khumba (blu-ray 3D)
			Igorando Pelo Filtro de Nome...
		Nome do Produto: Autocad 2014 - Modelando em 3D
			Igorando Pelo Filtro de Nome...
		Nome do Produto: Autocad 2015 - Modelando em 3D
			Igorando Pelo Filtro de Nome...
		Nome do Produto: Furia de Titãs (bluray 3D)
			Igorando Pelo Filtro de Nome...
		Nome do Produto: A Lenda de Beowulf (bluray 3D)
			Igorando Pelo Filtro de Nome...
		Nome do Produto: Camiseta Unissex The Beatles - Sgt - Pepper´s Club Band And The Lonely Hearts - P
			Igorando Pelo Filtro de Nome...
		Nome do Produto: Piratas Pirados (blu-ray 3D)
			Igorando Pelo Filtro de Nome...
		Nome do Produto: The Orchestrion Project (bluray 3D)
			Igorando Pelo Filtro de Nome...
		Nome do Produto: Gravidade (bluray 3D) (2 Discos)
			Igorando Pelo Filtro de Nome...
		Nome do Produto: Noé (blu-ray + Bluray 3D)
			Igorando Pelo Filtro de Nome...
		Nome do Produto: Malévola (blu-ray + Bluray 3D)
			Igorando Pelo Filtro de Nome...
		Nome do Produto: Hércules (blu-ray + Bluray 3D)
			Igorando Pelo Filtro de Nome...
		Nome do Produto: As Aventuras de Tintim (blu-ray 3D)
			Igorando Pelo Filtro de Nome...
		Nome do Produto: ao Infinito E Além! 3D Toy Story Disney
			Igorando Pelo Filtro de Nome...
		Nome do Produto: Rio 2 (blu-ray + Blu-ray 3D)
			Igorando Pelo Filtro de Nome...
		Nome do Produto: The Big Book Of Breasts 3D
			Igorando Pelo Filtro de Nome...
		Nome do Produto: Oceano Fantástico (blu-ray 3D + Blu-ray)
			Igorando Pelo Filtro de Nome...
	Tempo Para buscar: 2329
Loja: Kabum
	URL Principal: http://www.kabum.com.br/
	URL Busca: http://www.kabum.com.br/cgi-local/site/listagem/listagem.cgi?string=<BUSCA>&btnG=
http://www.kabum.com.br/cgi-local/site/listagem/listagem.cgi?string=Kingdom+Hearts+3D&btnG=
		Documento Lido
		Resultados: 0
	Tempo Para buscar: 26
Loja: Livraria Cultura
	URL Principal: http://www.livrariacultura.com.br/
	URL Busca: http://www.livrariacultura.com.br/busca?N=0&Ntt=<BUSCA>
http://www.livrariacultura.com.br/busca?N=0&Ntt=Kingdom+Hearts+3D
		Documento Lido
		Resultados: 48
		Nome do Produto: KINGDOM HEARTS 2014
			Igorando Pelo Filtro de Nome...
		Nome do Produto: KINGDOM HEARTS: THE NOVEL
			Igorando Pelo Filtro de Nome...
		Nome do Produto: KINGDOM HEARTS
			Igorando Pelo Filtro de Nome...
		Nome do Produto: KINGDOM HEARTS: ULTIMATE FAN GUIDE
			Igorando Pelo Filtro de Nome...
		Nome do Produto: KINGDOM HEARTS - CHAIN OF MEMORIES, BD.2
			Igorando Pelo Filtro de Nome...
		Nome do Produto: STOUT HEARTS & WHIZZING BISCUITS
			Igorando Pelo Filtro de Nome...
		Nome do Produto: KINGDOM HEARTS 358/2 DAYS
			Igorando Pelo Filtro de Nome...
		Nome do Produto: KINGDOM HEARTS II
			Igorando Pelo Filtro de Nome...
		Nome do Produto: KINGDOM HEARTS II
			Igorando Pelo Filtro de Nome...
		Nome do Produto: GAME GUIDE FOR KINGDOM HEARTS 2 (UNOFFICIAL)
			Igorando Pelo Filtro de Nome...
		Nome do Produto: SORA (KINGDOM HEARTS)
			Igorando Pelo Filtro de Nome...
		Nome do Produto: PREPAK--KILALA V 1 AND KINGDOM HEARTS COM V 1
			Igorando Pelo Filtro de Nome...
		Nome do Produto: THE UNAUTHORIZED GUIDE TO KINGDOM HEARTS
			Igorando Pelo Filtro de Nome...
		Nome do Produto: KINGDOM HEARTS (VIDEO GAME)
			Igorando Pelo Filtro de Nome...
		Nome do Produto: KINGDOM HEARTS - HD 1.5 REMIX (PS3)
			Igorando Pelo Filtro de Nome...
		Nome do Produto: KINGDOM HEARTS - 358/2 DIAS - Nº03
			Igorando Pelo Filtro de Nome...
		Nome do Produto: KINGDOM HEARTS - HD 2.5 REMIX (PS3)
			Igorando Pelo Filtro de Nome...
		Nome do Produto: KINGDOM HEARTS II - Nº03
			Igorando Pelo Filtro de Nome...
		Nome do Produto: KINGDOM HEARTS - 358/2 DIAS - Nº04
			Igorando Pelo Filtro de Nome...
		Nome do Produto: KINGDOM HEARTS - 358/2 DIAS - Nº05
			Igorando Pelo Filtro de Nome...
		Nome do Produto: KINGDOM HEARTS - 358/2 DIAS - Nº01
			Igorando Pelo Filtro de Nome...
		Nome do Produto: KINGDOM HEARTS II - Nº08
			Igorando Pelo Filtro de Nome...
		Nome do Produto: KINGDOM HEARTS - DREAM DROP DISTANCE (3DS)
http://www.livrariacultura.com.br/p/kingdom-hearts-dream-drop-distance-3ds-30176701
		Acessando URL do produto.
		Nome do Produto: KINGDOM HEARTS - 358/2 DIAS - Nº02
			Igorando Pelo Filtro de Nome...
		Nome do Produto: KINGDOM HEARTS II - Nº07
			Igorando Pelo Filtro de Nome...
		Nome do Produto: KINGDOM HEARTS 1
			Igorando Pelo Filtro de Nome...
		Nome do Produto: KINGDOM HEARTS - THE COMPLETE SERIES VOLS. 1-4
			Igorando Pelo Filtro de Nome...
		Nome do Produto: KINGDOM HEARTS 2
			Igorando Pelo Filtro de Nome...
		Nome do Produto: KINGDOM HEARTS II - Nº04
			Igorando Pelo Filtro de Nome...
		Nome do Produto: KINGDOM HEARTS II - Nº06
			Igorando Pelo Filtro de Nome...
		Nome do Produto: KINGDOM HEARTS OFFICIAL STRATEGY GUIDE
			Igorando Pelo Filtro de Nome...
		Nome do Produto: KINGDOM HEARTS II - Nº01
			Igorando Pelo Filtro de Nome...
		Nome do Produto: KINGDOM HEARTS II - Nº05
			Igorando Pelo Filtro de Nome...
		Nome do Produto: KINGDOM HEARTS 4
			Igorando Pelo Filtro de Nome...
		Nome do Produto: KINGDOM HEARTS 3
			Igorando Pelo Filtro de Nome...
		Nome do Produto: KINGDOM HEARTS - CHAIN OF MEMORIES V.2
			Igorando Pelo Filtro de Nome...
		Nome do Produto: KINGDOM HEARTS II - Nº02
			Igorando Pelo Filtro de Nome...
		Nome do Produto: KINGDOM HEARTS RE - CODED (DS)
			Igorando Pelo Filtro de Nome...
		Nome do Produto: KINGDOM HEARTS - CHAIN OF MEMORIES - Nº01
			Igorando Pelo Filtro de Nome...
		Nome do Produto: SHIRO AMANO THE ARTWORK OF KINGDOM HEARTS
			Igorando Pelo Filtro de Nome...
		Nome do Produto: KINGDOM HEARTS TRADING CARD GAME BLISTER PACK
			Igorando Pelo Filtro de Nome...
		Nome do Produto: KINGDOM HEARTS TRADING CARD GAME, DAWN OF A FRIEND
			Igorando Pelo Filtro de Nome...
		Nome do Produto: KINGDOM HEARTS 358/2 DAYS SIGNATURE SERIES GUIDE
			Igorando Pelo Filtro de Nome...
		Nome do Produto: KINGDOM HEARTS II
			Igorando Pelo Filtro de Nome...
		Nome do Produto: KINGDOM HEARTS - CHAIN OF MEMORIES V.1
			Igorando Pelo Filtro de Nome...
		Nome do Produto: KINGDOM HEARTS - MICKEY
			Igorando Pelo Filtro de Nome...
		Nome do Produto: KINGDOM HEARTS - CHAIN OF MEMORIES BOXED SET
			Igorando Pelo Filtro de Nome...
		Nome do Produto: KINGDOM HEARTS HD 1.5 REMIX
			Igorando Pelo Filtro de Nome...
	Tempo Para buscar: 1856
Loja: Magazine Luiza
	URL Principal: http://www.magazineluiza.com.br/
	URL Busca: http://www.magazineluiza.com.br/busca/<BUSCA>/
http://www.magazineluiza.com.br/busca/Kingdom+Hearts+3D/
		Documento Lido
		Resultados: 60
		Nome do Produto: Smart TV Plasma 3D 64" Samsung PL64E8000 Full HD - DTV Conversor 2D/3D 3 HDMI 3 USB Wi-Fi 4 Óculos
			Igorando Pelo Filtro de Nome...
		Nome do Produto: Smart TV LED 3D 50" LG 50LB6500 Full HD 1080p - Conv. Integrado 3 HDMI 3 USB Wi-Fi 4 Óculos WebOS
			Igorando Pelo Filtro de Nome...
		Nome do Produto: Smart TV LED 3D 55" LG 55LF6500 Full HD - Conversor Integrado 3 HDMI 3 USB Wi-Fi 4 Óculos
			Igorando Pelo Filtro de Nome...
		Nome do Produto: Smart TV LED 3D 42" LG 42LB6500 Full HD 1080p - Conversor Integrado DTV 3 HDMI 3 USB Wi-Fi WebOS
			Igorando Pelo Filtro de Nome...
		Nome do Produto: Smart TV LED 3D 60" LG 60LF6500 Full HD - Conversor Integrado 3 HDMI 3 USB Wi-Fi 4 Óculos
			Igorando Pelo Filtro de Nome...
		Nome do Produto: Smart TV LED Curva 3D 48" Samsung UN48H8000 - Full HD Conversor Integrado 4 HDMI 3 USB Wi-Fi
			Igorando Pelo Filtro de Nome...
		Nome do Produto: Smart TV LED Curva Ultra HD 3D 78" Samsung - UN78HU9000 Conversor Integrado 4 HDMI 3 USB Wi-Fi
			Igorando Pelo Filtro de Nome...
		Nome do Produto: Smart TV LED 3D 42" LG 42LF6500 Full HD - Conversor Integrado 3 HDMI 3 USB Wi-Fi 4 Óculos
			Igorando Pelo Filtro de Nome...
		Nome do Produto: Smart TV LED 3D 55" LG 55LB6500 Full HD 1080p - Conversor Integrado DTV 3 HDMI 3 USB Wi-Fi WebOS
			Igorando Pelo Filtro de Nome...
		Nome do Produto: Smart TV LED 3D 65" Samsung UN65H6400AG Full HD - Conversor Integrado 4 HDMI 3 USB Wi-Fi
			Igorando Pelo Filtro de Nome...
		Nome do Produto: Smart TV LED 3D 70" LG 70LB7200 Full HD - Conversor Integrado 3 HDMI 3 USB Wi-Fi 4 Óculos
			Igorando Pelo Filtro de Nome...
		Nome do Produto: Smart TV Gamer LED 3D 65" Samsung UN65J6400 - Full HD 4 HDMI 3 USB Wi-Fi
			Igorando Pelo Filtro de Nome...
		Nome do Produto: Smart TV OLED Curva 3D 55" LG 55EA9850 Full HD - Conversor Integrado 4 HDMI 3 USB Wi-Fi 4 Óculos
			Igorando Pelo Filtro de Nome...
		Nome do Produto: Smart TV LED 3D 60" LG 60LB6500 Full HD 1080p - Conversor Integrado DTV 3 HDMI 3 USB Wi-Fi WebOS
			Igorando Pelo Filtro de Nome...
		Nome do Produto: Smart TV LED 4K Ultra HD 55" Semp Toshiba 55L7400 - Ultra HD Conversor Integrado 3 HDMI 2 USB
			Igorando Pelo Filtro de Nome...
		Nome do Produto: Smart TV LED Curva 3D 55" Samsung UN55H8000 - Full HD Conv Integrado 4 HDMI 3 USB Wi-Fi 2 Óculos
			Igorando Pelo Filtro de Nome...
		Nome do Produto: Smart TV LED 4K Ultra HD 3D 65" LG 65UB9500 - Conversor Integrado 4 HDMI 3 USB Wi-Fi 4 Óculos
			Igorando Pelo Filtro de Nome...
		Nome do Produto: Smart TV LED 4k Ultra HD 3D 55" LG 55UB8300 - Conversor Integrado 3 HDMI 3 USB Wi-Fi 4 Óculos
			Igorando Pelo Filtro de Nome...
		Nome do Produto: Smart TV LED 4k Ultra HD 3D 60" LG 60UF8500 - Conversor Integrado 3 HDMI 3 USB Wi-Fi
			Igorando Pelo Filtro de Nome...
		Nome do Produto: Smart TV LED 4K Ultra HD 3D 79" LG 79UB9800 - Conversor Integrado 4 HDMI 3 USB Wi-Fi 4 Óculos
			Igorando Pelo Filtro de Nome...
		Nome do Produto: Smart TV LED 4k Ultra HD 3D 84" LG 84UB9800 - Conversor Integrado 4 HDMI 3 USB Wi-Fi 4 Óculos
			Igorando Pelo Filtro de Nome...
		Nome do Produto: Smart TV LED 3D 49" LG 49LF6400 Full HD - Conversor Integrado 3 HDMI 3 USB 4 Óculos
			Igorando Pelo Filtro de Nome...
		Nome do Produto: Smart TV LED Ultra HD 3D 79" LG 79UG8800 - Conversor Integrado 4 HDMI 3 USB 4 Óculos
			Igorando Pelo Filtro de Nome...
		Nome do Produto: Smart TV Gamer LED 3D 40" Samsung UN40J6400 - Full HD 4 HDMI 3 USB 2 Óculos
			Igorando Pelo Filtro de Nome...
		Nome do Produto: Smart TV LED 4k Ultra HD 3D 49" LG 49UB8550 WebOS - Conversor Integrado 4 HDMI 3 USB Wi-Fi 4 Óculos
			Igorando Pelo Filtro de Nome...
		Nome do Produto: Smart TV LED Ultra HD 3D 65" Semp Toshiba 65L8400 - Conversor Integrado 3 HDMI 2 USB Wi-Fi
			Igorando Pelo Filtro de Nome...
		Nome do Produto: Smart TV LED 3D 47" LG LB7000 Full HD - Conversor Integrado 3 HDMI 3 USB Wi-Fi 4 Óculos
			Igorando Pelo Filtro de Nome...
		Nome do Produto: Smart TV LED 3D 55" LG LB7000 Full HD - Conversor Integrado 3 HDMI 3 USB Wi-Fi 4 Óculos
			Igorando Pelo Filtro de Nome...
		Nome do Produto: Smart TV OLED Curva 3D 55" LG 55EC9300 Full HD - Conversor Integrado 4 HDMI 3 USB Wi-Fi 4 Óculos
			Igorando Pelo Filtro de Nome...
		Nome do Produto: Smart TV Gamer LED 3D 48" UN48J6400 - Full HD 4 HDMI 2 USB 2 Óculos
			Igorando Pelo Filtro de Nome...
		Nome do Produto: Smart TV Gamer Nano Cristal 4k Ultra HD 3D 65" - Samsung UN65JS9000 4 HDMI 4 USB Wi-Fi
			Igorando Pelo Filtro de Nome...
		Nome do Produto: Smart TV Gamer Nano Cristal 4k Ultra HD 3D 55" - Samsung UN55JS9000 4 HDMI 4 USB Wi-Fi
			Igorando Pelo Filtro de Nome...
		Nome do Produto: Smart TV LED 4K Ultra HD 3D 65" LG 65UF9500 - Conversor Integrado 4 HDMI 1 USB Wi-Fi 4 Óculos
			Igorando Pelo Filtro de Nome...
		Nome do Produto: Smart TV LED 3D 65" Sony XBR-65X855C Ultra HD 4K - 4 HDMI 3 USB Wi-Fi 1 Óculos
			Igorando Pelo Filtro de Nome...
		Nome do Produto: Smart TV LED Ultra HD 3D 85" Samsung UN85HU8500 - Conversor Integrado 4 HDMI 3 USB Wi-Fi
			Igorando Pelo Filtro de Nome...
		Nome do Produto: Smart TV LED 3D 55" Samsung UN55HU8500G - Ultra HD Conversor Integrado 4 HDMI 3 USB Wi-Fi
			Igorando Pelo Filtro de Nome...
		Nome do Produto: Smart TV LED 4k Ultra HD 3D 65" LG 65UF8500 - Conversor Integrado 3 HDMI 3 USB Wi-Fi 4 Óculos
			Igorando Pelo Filtro de Nome...
		Nome do Produto: Smart TV LED 4k Ultra HD 3D 55" LG 55UF8500 - Conversor Integrado 3 HDMI 3 USB Wi-Fi 4 Óculos
			Igorando Pelo Filtro de Nome...
		Nome do Produto: Smart TV LED 4k Ultra HD 3D 49" LG 49UF8500 - Conversor Integrado 3 HDMI 3 USB Wi-Fi
			Igorando Pelo Filtro de Nome...
		Nome do Produto: Smart TV LED Ultra HD 3D 65" Samsung UN65HU8500 - Conversor Integrado 4 HDMI 3 USB Wi-Fi
			Igorando Pelo Filtro de Nome...
		Nome do Produto: Smart TV LED Curva 4K Ultra HD 3D 55" LG 55UG8700 - Conversor Integrado 4 HDMI 3 USB Wi-Fi
			Igorando Pelo Filtro de Nome...
		Nome do Produto: Smart TV LED Curva 4k Ultra HD 3D 65" LG 65UG8700 - Conversor Integrado 4 HDMI 3 USB Wi-Fi 4 Óculos
			Igorando Pelo Filtro de Nome...
		Nome do Produto: Smart TV LED 4k Ultra HD 3D 55" Sony XBR-55X855A - Conversor Integrado 4 HDMI Wi-fi 4 Óculos 3D
			Igorando Pelo Filtro de Nome...
		Nome do Produto: Smart TV LED 4K Ultra HD 3D 84" LG 84LA9800 - Conversor Integrado DTV 3 HDMI 3 USB Wi-Fi
			Igorando Pelo Filtro de Nome...
		Nome do Produto: Smart TV LED 4K Ultra HD 3D 55" Sony XBR-55X855C - Conversor Integrado 4 HDMI 3 USB Wi-Fi Android TV
			Igorando Pelo Filtro de Nome...
		Nome do Produto: Smart TV LED 4K Ultra HD 55" LG 55UB8200 - Conversor Integrado 3 HDMI 3 USB Wi-Fi
			Igorando Pelo Filtro de Nome...
		Nome do Produto: Smart TV LED 4k Ultra HD 3D 65" Sony X905 - Conversor Integrado 4 HDMI 3 USB Wi-Fi 4 Óculos
			Igorando Pelo Filtro de Nome...
		Nome do Produto: Smart TV LED 4k Ultra HD 43" LG 43UF7700 - Conversor Integrado DTV 3 HDMI 3 USB
			Igorando Pelo Filtro de Nome...
		Nome do Produto: Smart TV Gamer LED 4k Ultra HD 48" Samsung - UN48JU6500 4 HDMI 3 USB Wi-Fi
			Igorando Pelo Filtro de Nome...
		Nome do Produto: Óculos 3D Passivo LG AG-F210 - Compatível com TV LG 3D Passivo
			Igorando Pelo Filtro de Nome...
		Nome do Produto: Pré-Treino Power Jack 3D 225g - Power Supplements
			Igorando Pelo Filtro de Nome...
		Nome do Produto: Mini System Sony Leitor de DVD Função Karaokê - Dj Effect com USB MP3 e Bluetooth Shake X-3D
			Igorando Pelo Filtro de Nome...
		Nome do Produto: Mini System Sony Leitor de DVD Função Karaokê - Dj Effect com USB MP3 e Bluetooth MHC-GT3D
			Igorando Pelo Filtro de Nome...
		Nome do Produto: Calcium 600mg 60 Cápsulas - Vitaminlife
			Igorando Pelo Filtro de Nome...
		Nome do Produto: Fone de Ouvido Earbud - Chilli Beans Skull Beans
			Igorando Pelo Filtro de Nome...
		Nome do Produto: Dark Souls II: Scholar of the First Sin para PS3 - Namco Bandai
			Igorando Pelo Filtro de Nome...
		Nome do Produto: Geladeira/Refrigerador Panasonic Frost Free - Inverse 432L French Door e Painel Digital D513
			Igorando Pelo Filtro de Nome...
		Nome do Produto: Shirley May Pure Heart - Perfume Feminino Eau de Toilette 100ml
			Igorando Pelo Filtro de Nome...
		Nome do Produto: Pré-Treino Arnold 3D 120 Tabletes - Arnold Nutrition
			Igorando Pelo Filtro de Nome...
		Nome do Produto: Shirley May Sweet Heart - Perfume Feminino Eau de Toilette 100ml
			Igorando Pelo Filtro de Nome...
	Tempo Para buscar: 2473
Loja: Mula Games
	URL Principal: http://www.mulagames.com.br/
	URL Busca: http://www.mulagames.com.br/produtos-index/catalogo_produtos/-/-/<BUSCA>/-/-/-/-/-/
http://www.mulagames.com.br/produtos-index/catalogo_produtos/-/-/Kingdom%20Hearts%203D/-/-/-/-/-/
		Documento Lido
		Resultados: 1
		Nome do Produto: Kingdom Hearts 3D: Dream Drop Distance - 3DS
http://www.mulagames.com.br/Kingdom-Hearts-3D--Dream-Drop-Distance-3DS/prod-598700/
		Acessando URL do produto.
http://www.mulagames.com.br/produto-ajax_retorna_dados_preco_comprar/598700
		Acessando URL do preço produto.
	Tempo Para buscar: 2736
Loja: Net Shoes
	URL Principal: http://www.netshoes.com.br/
	URL Busca: http://www.netshoes.com.br/search?Ntt=<BUSCA>
http://www.netshoes.com.br/search?Ntt=Kingdom+Hearts+3D
		Documento Lido
		Resultados: 32
		Nome do Produto: Pedômetro Wiso Ultra Slim 3D Sensor Mod. PW 15
			Igorando Pelo Filtro de Nome...
		Nome do Produto: Pedômetro Wiso Ultra Slim 3D Sensor Mod. PW 15
			Igorando Pelo Filtro de Nome...
		Nome do Produto: Estádio Arena da Gávea Flamengo - Maquete em 3D p/ Montar
			Igorando Pelo Filtro de Nome...
		Nome do Produto: Pack 3D 300 g - Atlhetica Nutrition
			Igorando Pelo Filtro de Nome...
		Nome do Produto: Estádio Laranjeiras Fluminense - Maquete em 3D para montar
			Igorando Pelo Filtro de Nome...
		Nome do Produto: Tênis Salomon XA Pro 3D
			Igorando Pelo Filtro de Nome...
		Nome do Produto: Arnold 3D - 120 Tabs - Arnold Nutrition
			Igorando Pelo Filtro de Nome...
		Nome do Produto: Xpand 3D Foods - BR Nutrition Foods
			Igorando Pelo Filtro de Nome...
		Nome do Produto: Tênis Salomon XA Pro 3D
			Igorando Pelo Filtro de Nome...
		Nome do Produto: Adaptador 3D Hero System GoPro
			Igorando Pelo Filtro de Nome...
		Nome do Produto: Tênis Salomon XA Pro 3D
			Igorando Pelo Filtro de Nome...
		Nome do Produto: Touca Adidas Silicone 3D
			Igorando Pelo Filtro de Nome...
		Nome do Produto: Sandália Crocs Genna 2 Hearts Flat Infantil
			Igorando Pelo Filtro de Nome...
		Nome do Produto: Sandália Crocs Genna 2 Hearts Flat Infantil
			Igorando Pelo Filtro de Nome...
		Nome do Produto: Sandália Crocs Genna 2 Hearts Flat Infantil
			Igorando Pelo Filtro de Nome...
		Nome do Produto: Tênis Salomon XA Pro 3D
			Igorando Pelo Filtro de Nome...
		Nome do Produto: Tênis Salomon XA Pro 3D
			Igorando Pelo Filtro de Nome...
		Nome do Produto: Sandália Crocs Genna 2 Hearts Flat Infantil
			Igorando Pelo Filtro de Nome...
		Nome do Produto: Camisa Umbro Vasco III 2015 s/nº
			Igorando Pelo Filtro de Nome...
		Nome do Produto: Camisa Penalty Santa Cruz III 2015 nº 10 - Juvenil
			Igorando Pelo Filtro de Nome...
		Nome do Produto: Camisa Penalty Santa Cruz III 2015 nº 10
			Igorando Pelo Filtro de Nome...
		Nome do Produto: Camisa Feminina Penalty Santa Cruz III 2015 nº 10
			Igorando Pelo Filtro de Nome...
		Nome do Produto: Camisa Umbro Vasco III 2015 nº 10 Infantil
			Igorando Pelo Filtro de Nome...
		Nome do Produto: Relógio c/ GPS Garmin Fênix 3
			Igorando Pelo Filtro de Nome...
		Nome do Produto: Relógio c/ GPS Garmin Fênix 3
			Igorando Pelo Filtro de Nome...
		Nome do Produto: Relógio Garmin Fênix 3 Performer Bundle c/ GPS
			Igorando Pelo Filtro de Nome...
		Nome do Produto: Monitor de Frequência Cardíaca Polar V650 c/ GPS
			Igorando Pelo Filtro de Nome...
		Nome do Produto: Tênis Reebok Dance Urtempo Mid 2.0
			Igorando Pelo Filtro de Nome...
		Nome do Produto: Tênis Reebok Dance Urtempo Mid 2.0
			Igorando Pelo Filtro de Nome...
		Nome do Produto: Bota Salomon Conquest Gtx
			Igorando Pelo Filtro de Nome...
		Nome do Produto: Bota Salomon Conquest Gtx
			Igorando Pelo Filtro de Nome...
		Nome do Produto: Bota Salomon Conquest Gtx
			Igorando Pelo Filtro de Nome...
	Tempo Para buscar: 410
Loja: Ponto Frio
	URL Principal: http://www.pontofrio.com.br/
	URL Busca: http://search.pontofrio.com.br/search?w=<BUSCA>
http://search.pontofrio.com.br/search?w=Kingdom+Hearts+3D
		Documento Lido
		Resultados: 1
		Nome do Produto: Kingdom Hearts 3D - 3DS
http://search.pontofrio.com.br/search?p=R&srid=S3-USESD02&lbc=pontofrio-br&w=Kingdom%20Hearts%203D&url=http%3a%2f%2fproduto.pontofrio.com.br%2f5557284%3f&rk=1&uid=287436430&sid=2&ts=custom&rsc=90U2gzJnc566BUyz&method=and&isort=score&view=grid
		Nome do Produto: Kingdom Hearts 3D: Dream Drop Distance - 3DS
http://search.pontofrio.com.br/search?p=R&srid=S3-USESD02&lbc=pontofrio-br&w=Kingdom%20Hearts%203D&url=http%3a%2f%2fproduto.pontofrio.com.br%2f5567546%3f&rk=2&uid=287436430&sid=2&ts=custom&rsc=apMninOX6FkdeJwc&method=and&isort=score&view=grid
java.net.SocketTimeoutException: Read timed out
	at java.net.SocketInputStream.socketRead0(Native Method)
	at java.net.SocketInputStream.socketRead(Unknown Source)
	at java.net.SocketInputStream.read(Unknown Source)
	at java.net.SocketInputStream.read(Unknown Source)
	at java.io.BufferedInputStream.fill(Unknown Source)
	at java.io.BufferedInputStream.read1(Unknown Source)
	at java.io.BufferedInputStream.read(Unknown Source)
	at sun.net.www.http.HttpClient.parseHTTPHeader(Unknown Source)
	at sun.net.www.http.HttpClient.parseHTTP(Unknown Source)
	at sun.net.www.protocol.http.HttpURLConnection.getInputStream0(Unknown Source)
	at sun.net.www.protocol.http.HttpURLConnection.getInputStream(Unknown Source)
	at java.net.HttpURLConnection.getResponseCode(Unknown Source)
	at org.jsoup.helper.HttpConnection$Response.execute(HttpConnection.java:453)
	at org.jsoup.helper.HttpConnection$Response.execute(HttpConnection.java:434)
	at org.jsoup.helper.HttpConnection.execute(HttpConnection.java:181)
	at org.jsoup.helper.HttpConnection.get(HttpConnection.java:170)
	at comom.Util.readUrlDocument(Util.java:94)
	at interfaces.search.PontoFrioSearch.readEachProduct(PontoFrioSearch.java:76)
	at interfaces.search.PontoFrioSearch.search(PontoFrioSearch.java:39)
	at objects.Shop.searchProduct(Shop.java:33)
	at Main.generateHtmlReport(Main.java:89)
	at Main.main(Main.java:58)
Tentando conectar Na Url de outro modo
		Nome do Produto: Jogo Kingdom Hearts 3D Dream Drop Distance - 3DS
http://search.pontofrio.com.br/search?p=R&srid=S3-USESD02&lbc=pontofrio-br&w=Kingdom%20Hearts%203D&url=http%3a%2f%2fproduto.pontofrio.com.br%2f3380230%3f&rk=3&uid=287436430&sid=2&ts=custom&rsc=Gturtr4TUmlJRZ%3aH&method=and&isort=score&view=grid
		Nome do Produto: Kingdom Hearts 3D - 3DS
http://search.pontofrio.com.br/search?p=R&srid=S3-USESD02&lbc=pontofrio-br&w=Kingdom%20Hearts%203D&url=http%3a%2f%2fproduto.pontofrio.com.br%2f5557284%3f&rk=1&uid=287436430&sid=2&ts=custom&rsc=90U2gzJnc566BUyz&method=and&isort=score&view=grid
		Nome do Produto: Kingdom Hearts 3D: Dream Drop Distance - 3DS
http://search.pontofrio.com.br/search?p=R&srid=S3-USESD02&lbc=pontofrio-br&w=Kingdom%20Hearts%203D&url=http%3a%2f%2fproduto.pontofrio.com.br%2f5567546%3f&rk=2&uid=287436430&sid=2&ts=custom&rsc=apMninOX6FkdeJwc&method=and&isort=score&view=grid
		Nome do Produto: Jogo Kingdom Hearts 3D Dream Drop Distance - 3DS
http://search.pontofrio.com.br/search?p=R&srid=S3-USESD02&lbc=pontofrio-br&w=Kingdom%20Hearts%203D&url=http%3a%2f%2fproduto.pontofrio.com.br%2f3380230%3f&rk=3&uid=287436430&sid=2&ts=custom&rsc=Gturtr4TUmlJRZ%3aH&method=and&isort=score&view=grid
	Tempo Para buscar: 189566
Loja: Ricardo Eletro
	URL Principal: http://www.ricardoeletro.com.br/
	URL Busca: http://www.ricardoeletro.com.br/Busca/Resultado/?q=<BUSCA>
http://www.ricardoeletro.com.br/Busca/Resultado/?q=Kingdom+Hearts+3D
		Documento Lido
		Resultados: 0
	Tempo Para buscar: 1196
Loja: RiHappy
	URL Principal: http://www.rihappy.com.br/
	URL Busca: http://www.rihappy.com.br/<BUSCA>
http://www.rihappy.com.br/Kingdom%20Hearts%203D
		Documento Lido
		Resultados: 0
	Tempo Para buscar: 2049
Loja: Saraiva
	URL Principal: http://www.saraiva.com.br/
	URL Busca: http://busca.saraiva.com.br/search?w=<BUSCA>&PAC_ID=129457&ts=ajax
http://busca.saraiva.com.br/search?w=Kingdom+Hearts+3D&PAC_ID=129457&ts=ajax
		Documento Lido
		Resultados: 2
		Nome do Produto: Multifuncional HP Officej...
			Igorando Pelo Filtro de Nome...
		Nome do Produto: Vade Mecum Saraiva Compac...
			Igorando Pelo Filtro de Nome...
	Tempo Para buscar: 4325
Loja: Shop Facil
	URL Principal: http://ww2.shopfacil.com.br/
	URL Busca: http://ww2.shopfacil.com.br/<BUSCA>
http://ww2.shopfacil.com.br/Kingdom%20Hearts%203D
		Documento Lido
		Resultados: 0
	Tempo Para buscar: 9117
Loja: Shop Time
	URL Principal: http://www.shoptime.com.br/
	URL Busca: http://busca.shoptime.com.br/busca.php?q=<BUSCA>
http://busca.shoptime.com.br/busca.php?q=Kingdom+Hearts+3D
		Documento Lido
		Resultados: 1
		Nome do Produto: Jogo Nintendo 3ds Kingdom Hearts 3d: Dream Distance - Square-Enix
http://www.shoptime.com.br/produto/8578654/jogo-nintendo-3ds-kingdom-hearts-3d-dream-distance-square-enix
		Acessando URL do produto.
	Tempo Para buscar: 4095
Loja: ShopB
	URL Principal: http://www.shopb.com.br/
	URL Busca: http://busca.shopb.com.br/?busca=<BUSCA>
http://busca.shopb.com.br/?busca=Kingdom+Hearts+3D
		Documento Lido
		Resultados: 31
		Nome do Produto: Kingdom Hearts 3D - 3DS
http://shopb.ecommercesearch.com.br/Busca/Redir?url=http%3a%2f%2fwww.shopb.com.br%2fecommerce_site%2findex.php%3fpg%3dproduto%26cdg%3d4488%26idp%3d40576%26idparceiro%3dp1&esid=40576
		Acessando URL do produto.
		Nome do Produto: Adventure Time: The Secret of the Nameless Kingdom - 3DS
			Igorando Pelo Filtro de Nome...
		Nome do Produto: Batman Arkham Asylum 3D - XBOX 360
			Igorando Pelo Filtro de Nome...
		Nome do Produto: Batman Arkham Asylum Game of The Year Edition - PS3
			Igorando Pelo Filtro de Nome...
		Nome do Produto: Batman: Arkham Knight - PS4
			Igorando Pelo Filtro de Nome...
		Nome do Produto: Batman: Arkham Knight - PS4 - Americano
			Igorando Pelo Filtro de Nome...
		Nome do Produto: Batman: Arkham Knight - XBOX ONE
			Igorando Pelo Filtro de Nome...
		Nome do Produto: Body and Brain Connection (Compatível com Kinect) - XBOX 360
			Igorando Pelo Filtro de Nome...
		Nome do Produto: Brunswick Pro Bowling (Compatível com Kinect) - XBOX 360
			Igorando Pelo Filtro de Nome...
		Nome do Produto: Cabo / Fonte - Kinect
			Igorando Pelo Filtro de Nome...
		Nome do Produto: Cabo HDMI 2 metros 1.4v 1080p aceita imagem 3D
			Igorando Pelo Filtro de Nome...
		Nome do Produto: Cabo HDMI 5 metros 1.4v 1080p aceita imagem 3D
			Igorando Pelo Filtro de Nome...
		Nome do Produto: Cartão de Memória Micro SD - 16 GB - Kingston
			Igorando Pelo Filtro de Nome...
		Nome do Produto: Cartão de Memória Micro SD - 8 GB - Kingston
			Igorando Pelo Filtro de Nome...
		Nome do Produto: Console Playstation 4: Edição Especial Batman Arkham Knight - 500GB
			Igorando Pelo Filtro de Nome...
		Nome do Produto: Console XBOX One 500GB com Kinect + 2 Jogos + Controle Wireless
			Igorando Pelo Filtro de Nome...
		Nome do Produto: Console XBOX One 500Gb com Kinect + Controle Wireless
			Igorando Pelo Filtro de Nome...
		Nome do Produto: Dance Central 3 - XBOX 360
			Igorando Pelo Filtro de Nome...
		Nome do Produto: Donkey Kong: Country Returns 3D - 3DS
			Igorando Pelo Filtro de Nome...
		Nome do Produto: Dragon Ball Z for Kinect - XBOX 360
			Igorando Pelo Filtro de Nome...
		Nome do Produto: Dream Trigger 3D - 3DS
			Igorando Pelo Filtro de Nome...
		Nome do Produto: Fable The Journey (Requer Kinect) - XBOX 360
			Igorando Pelo Filtro de Nome...
		Nome do Produto: Fantastic Pets - XBOX 360 [Requer Kinect]
			Igorando Pelo Filtro de Nome...
		Nome do Produto: Frogger 3D - 3DS
			Igorando Pelo Filtro de Nome...
		Nome do Produto: Harry Potter for Kinect - XBOX 360
			Igorando Pelo Filtro de Nome...
		Nome do Produto: Harvest Moon: The Lost Valley 3D - 3DS
			Igorando Pelo Filtro de Nome...
		Nome do Produto: Just Dance Disney Party [Requer Kinect] - XBOX 360
			Igorando Pelo Filtro de Nome...
		Nome do Produto: Kinect Adventures - XBOX 360
			Igorando Pelo Filtro de Nome...
		Nome do Produto: Kinect Adventures - XBOX 360 - Capa Dura
			Igorando Pelo Filtro de Nome...
		Nome do Produto: Kinect Disneyland Adventures - XBOX 360
			Igorando Pelo Filtro de Nome...
		Nome do Produto: Kinect Rush: Uma Aventura da Disney Pixar - XBOX 360
			Igorando Pelo Filtro de Nome...
	Tempo Para buscar: 1744
Loja: Submarino
	URL Principal: http://www.submarino.com.br/
	URL Busca: http://busca.submarino.com.br/busca.php?q=<BUSCA>
http://busca.submarino.com.br/busca.php?q=Kingdom+Hearts+3D
		Documento Lido
		Resultados: 1
		Nome do Produto: Jogo Nintendo 3ds Kingdom Hearts 3d: Dream Distance - Square-Enix
http://www.submarino.com.br/produto/8578654/jogo-nintendo-3ds-kingdom-hearts-3d-dream-distance-square-enix
		Acessando URL do produto.
	Tempo Para buscar: 12053
Loja: Walmart
	URL Principal: http://www.walmart.com.br/
	URL Busca: http://www.walmart.com.br/busca/?ft=<BUSCA>&PS=20
http://www.walmart.com.br/busca/?ft=Kingdom+Hearts+3D&PS=20
java.net.UnknownHostException: www.walmart.com.br
	at java.net.AbstractPlainSocketImpl.connect(Unknown Source)
	at java.net.PlainSocketImpl.connect(Unknown Source)
	at java.net.SocksSocketImpl.connect(Unknown Source)
	at java.net.Socket.connect(Unknown Source)
	at sun.net.NetworkClient.doConnect(Unknown Source)
	at sun.net.www.http.HttpClient.openServer(Unknown Source)
	at sun.net.www.http.HttpClient.openServer(Unknown Source)
	at sun.net.www.http.HttpClient.<init>(Unknown Source)
	at sun.net.www.http.HttpClient.New(Unknown Source)
	at sun.net.www.http.HttpClient.New(Unknown Source)
	at sun.net.www.protocol.http.HttpURLConnection.getNewHttpClient(Unknown Source)
	at sun.net.www.protocol.http.HttpURLConnection.plainConnect0(Unknown Source)
	at sun.net.www.protocol.http.HttpURLConnection.plainConnect(Unknown Source)
	at sun.net.www.protocol.http.HttpURLConnection.connect(Unknown Source)
	at org.jsoup.helper.HttpConnection$Response.execute(HttpConnection.java:449)
	at org.jsoup.helper.HttpConnection$Response.execute(HttpConnection.java:434)
	at org.jsoup.helper.HttpConnection.execute(HttpConnection.java:181)
	at org.jsoup.helper.HttpConnection.get(HttpConnection.java:170)
	at comom.Util.readUrlDocument(Util.java:94)
	at interfaces.search.WalmartSearch.readResults(WalmartSearch.java:92)
	at interfaces.search.WalmartSearch.search(WalmartSearch.java:30)
	at objects.Shop.searchProduct(Shop.java:33)
	at Main.generateHtmlReport(Main.java:89)
	at Main.main(Main.java:58)
Tentando conectar Na Url de outro modo
UnknownHostException - Tentando novamente[0]: http://www.walmart.com.br/busca/?ft=Kingdom+Hearts+3D&PS=20
UnknownHostException - Tentando novamente[1]: http://www.walmart.com.br/busca/?ft=Kingdom+Hearts+3D&PS=20
UnknownHostException - Tentando novamente[2]: http://www.walmart.com.br/busca/?ft=Kingdom+Hearts+3D&PS=20
UnknownHostException - Tentando novamente[3]: http://www.walmart.com.br/busca/?ft=Kingdom+Hearts+3D&PS=20
UnknownHostException - Tentando novamente[4]: http://www.walmart.com.br/busca/?ft=Kingdom+Hearts+3D&PS=20
UnknownHostException - Tentando novamente[5]: http://www.walmart.com.br/busca/?ft=Kingdom+Hearts+3D&PS=20
UnknownHostException - Tentando novamente[6]: http://www.walmart.com.br/busca/?ft=Kingdom+Hearts+3D&PS=20
UnknownHostException - Tentando novamente[7]: http://www.walmart.com.br/busca/?ft=Kingdom+Hearts+3D&PS=20
UnknownHostException - Tentando novamente[8]: http://www.walmart.com.br/busca/?ft=Kingdom+Hearts+3D&PS=20
UnknownHostException - Tentando novamente[9]: http://www.walmart.com.br/busca/?ft=Kingdom+Hearts+3D&PS=20
		Documento Lido
		Resultados: 0
	Tempo Para buscar: 22006

File copied from C:\java\workspace Estudo\lookforprices\resources\imports\css.css to C:\java\workspace Estudo\lookforprices\reports\2015-09-09 16\css.css
File copied from C:\java\workspace Estudo\lookforprices\resources\imports\jquery.js to C:\java\workspace Estudo\lookforprices\reports\2015-09-09 16\jquery.js
File copied from C:\java\workspace Estudo\lookforprices\resources\imports\scripts.js to C:\java\workspace Estudo\lookforprices\reports\2015-09-09 16\scripts.js
Tempo total de execução: 271064
