Game: monster hunter ultimate 4
Product Name: monster hunter ultimate 4
Loja: Nintendo eShop
	URL Principal: http://www.nintendo.com/3ds/eshop
	URL Busca: http://www.nintendo.com/json/content/get/game/filter?&qterm=<BUSCA>
NintendoEShopSearch.search() http://www.nintendo.com/json/content/get/game/filter?&qterm=monster+hunter+ultimate+4
		Documento Lido
		Resultados: 3
		Nome do Produto: Monster Hunter 4 Ultimate
http://www.nintendo.com/games/detail/xKYkSY9ybVIBDX3rGWZ0CBDZgtLt9Am3
		Acessando URL do produto.
URL = http://www.nintendo.com/games/detail/xKYkSY9ybVIBDX3rGWZ0CBDZgtLt9Am3
		Nome do Produto: Monster Hunter 3 Ultimate
			Igorando Pelo Filtro de Nome...
		Nome do Produto: SNK Arcade Classics Volume 1
			Igorando Pelo Filtro de Nome...
	Tempo Para buscar: 1363
Loja: Americanas
	URL Principal: http://www.americanas.com.br/
	URL Busca: http://busca.americanas.com.br/busca.php?q=<BUSCA>
http://busca.americanas.com.br/busca.php?q=monster+hunter+ultimate+4
		Documento Lido
		Resultados: 4
		Nome do Produto: Jogo Nintendo 3ds Monster Hunter Ultimate 4 - Capcom
http://www.americanas.com.br/produto/8579697/jogo-nintendo-3ds-monster-hunter-ultimate-4-capcom
		Acessando URL do produto.
		Nome do Produto: Jogo Nintendo 3ds Monster Hunter Ultimate 4 - Capcom
http://www.americanas.com.br/produto/9814064/jogo-nintendo-3ds-monster-hunter-ultimate-4-capcom
		Acessando URL do produto.
		Nome do Produto: Monster Hunter 4 Ultimate N3ds
http://www.americanas.com.br/produto/9957090/monster-hunter-4-ultimate-n3ds
		Acessando URL do produto.
		Nome do Produto: Monster Hunter 4 Ultimate - 3ds
http://www.americanas.com.br/produto/9869641/monster-hunter-4-ultimate-3ds
		Acessando URL do produto.
	Tempo Para buscar: 1425
Loja: Big Boy Games
	URL Principal: http://www.bigboygames.com.br/
	URL Busca: http://www.bigboygames.com.br/pesquisa/?p=<BUSCA>
http://www.bigboygames.com.br/pesquisa/?p=monster+hunter+ultimate+4
java.net.SocketTimeoutException: Read timed out
	at java.net.SocketInputStream.socketRead0(Native Method)
	at java.net.SocketInputStream.socketRead(Unknown Source)
	at java.net.SocketInputStream.read(Unknown Source)
	at java.net.SocketInputStream.read(Unknown Source)
	at java.io.BufferedInputStream.fill(Unknown Source)
	at java.io.BufferedInputStream.read1(Unknown Source)
	at java.io.BufferedInputStream.read(Unknown Source)
	at sun.net.www.http.HttpClient.parseHTTPHeader(Unknown Source)
	at sun.net.www.http.HttpClient.parseHTTP(Unknown Source)
	at sun.net.www.protocol.http.HttpURLConnection.getInputStream0(Unknown Source)
	at sun.net.www.protocol.http.HttpURLConnection.getInputStream(Unknown Source)
	at java.net.HttpURLConnection.getResponseCode(Unknown Source)
	at org.jsoup.helper.HttpConnection$Response.execute(HttpConnection.java:453)
	at org.jsoup.helper.HttpConnection$Response.execute(HttpConnection.java:434)
	at org.jsoup.helper.HttpConnection.execute(HttpConnection.java:181)
	at org.jsoup.helper.HttpConnection.get(HttpConnection.java:170)
	at comom.Util.readUrlDocument(Util.java:94)
	at interfaces.search.BigBoyGamesSearch.readResults(BigBoyGamesSearch.java:98)
	at interfaces.search.BigBoyGamesSearch.search(BigBoyGamesSearch.java:30)
	at objects.Shop.searchProduct(Shop.java:33)
	at Main.generateHtmlReport(Main.java:89)
	at Main.main(Main.java:58)
Tentando conectar Na Url de outro modo
		Documento Lido
		Resultados*: 1
		Acessando URL do produto.
	Tempo Para buscar: 71663
Loja: Casas Bahia
	URL Principal: http://www.casasbahia.com.br/
	URL Busca: http://buscas.casasbahia.com.br/search?w=<BUSCA>
http://buscas.casasbahia.com.br/search?w=monster+hunter+ultimate+4
		Documento Lido
		Resultados: 1
		Nome do Produto: Game Monster Hunter Ultimate 4 - 3DS
http://buscas.casasbahia.com.br/search?p=R&srid=S6-USCDR02&lbc=casasbahia&w=monster%20hunter%20ultimate%204&url=http%3a%2f%2fproduto.casasbahia.com.br%2f5413956%3f&rk=1&uid=282831864&sid=2&ts=custom&rsc=0NV92HKnYhVM3t7z&method=and&isort=score&view=grid
		Acessando URL do produto.
		Nome do Produto: Jogo Monster Hunter 3 Ultimate - 3DS
			Igorando Pelo Filtro de Nome...
		Nome do Produto: Monster Hunter 4 Ultimate - 3DS
http://buscas.casasbahia.com.br/search?p=R&srid=S6-USCDR02&lbc=casasbahia&w=monster%20hunter%20ultimate%204&url=http%3a%2f%2fproduto.casasbahia.com.br%2f5567551%3f&rk=3&uid=282831864&sid=2&ts=custom&rsc=A4U5uu6i2nLJKSle&method=and&isort=score&view=grid
		Acessando URL do produto.
		Nome do Produto: Game Monster Hunter 3 Ultimate - WiiU
			Igorando Pelo Filtro de Nome...
		Nome do Produto: Monster Hunter 3 Ultimate - 3DS
			Igorando Pelo Filtro de Nome...
		Nome do Produto: Monster Hunter 3 Ultimate - Wii U
			Igorando Pelo Filtro de Nome...
	Tempo Para buscar: 3317
Loja: Extra
	URL Principal: http://www.extra.com.br/
	URL Busca: http://buscando.extra.com.br/search?w=<BUSCA>
http://buscando.extra.com.br/search?w=monster+hunter+ultimate+4
		Documento Lido
		Resultados: 6
		Nome do Produto: Game Monster Hunter Ultimate 4 - 3DS
http://buscando.extra.com.br/search?p=R&srid=S1-USCDR02&lbc=extra&w=monster%20hunter%20ultimate%204&url=http%3a%2f%2fproduto.extra.com.br%2f5413956%3f&rk=1&uid=282871244&sid=2&ts=custom&rsc=PXECO7k0cxf7l%3a1M&method=and&isort=score&view=grid
		Acessando URL do produto.
		Nome do Produto: Jogo Monster Hunter 3 Ultimate - 3DS
			Igorando Pelo Filtro de Nome...
		Nome do Produto: Monster Hunter 4 Ultimate - 3DS
http://buscando.extra.com.br/search?p=R&srid=S1-USCDR02&lbc=extra&w=monster%20hunter%20ultimate%204&url=http%3a%2f%2fproduto.extra.com.br%2f5567551%3f&rk=3&uid=282871244&sid=2&ts=custom&rsc=EkU7fLMdWfJlWBXQ&method=and&isort=score&view=grid
		Acessando URL do produto.
		Nome do Produto: Game Monster Hunter 3 Ultimate - WiiU
			Igorando Pelo Filtro de Nome...
		Nome do Produto: Monster Hunter 3 Ultimate - Wii U
			Igorando Pelo Filtro de Nome...
		Nome do Produto: Monster Hunter 3 Ultimate - 3DS
			Igorando Pelo Filtro de Nome...
	Tempo Para buscar: 3137
Loja: E-Virtua
	URL Principal: http://www.evirtua.com.br/
	URL Busca: http://www.evirtua.com.br/Busca?search_department_id=0&SearchTerm=<BUSCA>
http://www.evirtua.com.br/Busca?search_department_id=0&SearchTerm=monster+hunter+ultimate+4
		Documento Lido
		Resultados: 1
		Nome do Produto: Monster Hunter 4 Ultimate - Nintendo 3DS
http://www.evirtua.com.br//monster-hunter-4-ultimate-nintendo-3ds/3685-01
		Acessando URL do produto.
	Tempo Para buscar: 560
Loja: Fast Games
	URL Principal: http://www.fastgames.com.br/
	URL Busca: http://www.fastgames.com.br/loja/busca.php?loja=187970&palavra_busca=<BUSCA>
http://www.fastgames.com.br/loja/busca.php?loja=187970&palavra_busca=monster+hunter+ultimate+4
		Documento Lido
		Resultados: 3
		Nome do Produto: Monster Hunter 3 Ultimate - 3DS
			Igorando Pelo Filtro de Nome...
		Nome do Produto: Monster Hunter 3 Ultimate - Wii U
			Igorando Pelo Filtro de Nome...
		Nome do Produto: Monster Hunter 4 Ultimate - 3DS
http://www.fastgames.com.br//monster-hunter-4-ultimate-3ds-pr-9755-187970.htm
		Acessando URL do produto.
	Tempo Para buscar: 2560
Loja: Fast Shop
	URL Principal: http://www.fastshop.com.br/loja/
	URL Busca: http://www.fastshop.com.br/webapp/wcs/stores/servlet/SearchDisplay?searchTerm=<BUSCA>&categoryId=&storeId=10151&catalogId=11052&langId=-6&pageSize=9&beginIndex=0&sType=SimpleSearch&resultCatEntryType=2&showResultsPage=true&searchSource=Q&pageView=&hotsite=fastshop
http://www.fastshop.com.br/webapp/wcs/stores/servlet/SearchDisplay?searchTerm=monster+hunter+ultimate+4&categoryId=&storeId=10151&catalogId=11052&langId=-6&pageSize=9&beginIndex=0&sType=SimpleSearch&resultCatEntryType=2&showResultsPage=true&searchSource=Q&pageView=&hotsite=fastshop
		Documento Lido
		Resultados: 0
	Tempo Para buscar: 826
Loja: FNAC
	URL Principal: http://www.fnac.com.br/index.html
	URL Busca: http://busca.fnac.com.br/?busca=<BUSCA>
http://busca.fnac.com.br/?busca=monster+hunter+ultimate+4
		Documento Lido
		Resultados: 20
		Nome do Produto: Poética E Tópicos 1,2,3 E 4
			Igorando Pelo Filtro de Nome...
		Nome do Produto: Speaker 2 em 1 Logitech Z213 Multimedia
			Igorando Pelo Filtro de Nome...
		Nome do Produto: Ncis - Los Angeles - 4ª Temporada (DVD)
			Igorando Pelo Filtro de Nome...
		Nome do Produto: Smart TV LED Android Sony Xbr-49x835c 49" 4k 960hz 4-hdmi
			Igorando Pelo Filtro de Nome...
		Nome do Produto: Iphone 6 128gb Cinza Espacial Tela Retina HD 4.7" A8-1.4ghz Ios 8.0 Câmera 8mp 4g
			Igorando Pelo Filtro de Nome...
		Nome do Produto: Iphone 6 128gb Prata Tela Retina HD 4.7" A8-1.4ghz Ios 8.0 Câmera 8mp 4g
			Igorando Pelo Filtro de Nome...
		Nome do Produto: Iphone 6 128gb Dourado Tela Retina HD 4.7" A8-1.4ghz Ios 8.0 Câmera 8mp 4g
			Igorando Pelo Filtro de Nome...
		Nome do Produto: Ecolápis Grafite Glitz - 4 Unidades Sm/935glin
			Igorando Pelo Filtro de Nome...
		Nome do Produto: Ultimate
			Igorando Pelo Filtro de Nome...
		Nome do Produto: Ultimate
			Igorando Pelo Filtro de Nome...
		Nome do Produto: Adivinha O que É (DVD)
			Igorando Pelo Filtro de Nome...
		Nome do Produto: Nascida À Meia-noite
			Igorando Pelo Filtro de Nome...
		Nome do Produto: Levada ao Entardecer - Os Sobrenaturais
			Igorando Pelo Filtro de Nome...
		Nome do Produto: Sussurros ao Luar - Os Sobreneturais
			Igorando Pelo Filtro de Nome...
		Nome do Produto: As Crônicas de Della Tsang
			Igorando Pelo Filtro de Nome...
		Nome do Produto: Smart TV LED Samsung Un55ju6700gxzd Curved 55" Ultra HD 240hz 4-hdmi Wi-fi Integrado
			Igorando Pelo Filtro de Nome...
		Nome do Produto: All In One Lenovo B550 Core I5-4430 8gb 1tb Windows 8.1 23"
			Igorando Pelo Filtro de Nome...
		Nome do Produto: Iphone 6 Plus 64gb Cinza Espacial Tela Retina HD 5.5" A8-1.4ghz Ios 8.0 Câmera 8mp 4g
			Igorando Pelo Filtro de Nome...
		Nome do Produto: Iphone 6 Plus 64gb Prata Tela Retina HD 5.5" A8-1.4ghz Ios 8.0 Câmera 8mp 4g
			Igorando Pelo Filtro de Nome...
		Nome do Produto: Iphone 6 Plus 64gb Dourado Tela Retina HD 5.5" A8-1.4ghz Ios 8.0 Câmera 8mp 4g
			Igorando Pelo Filtro de Nome...
	Tempo Para buscar: 1096
Loja: Kabum
	URL Principal: http://www.kabum.com.br/
	URL Busca: http://www.kabum.com.br/cgi-local/site/listagem/listagem.cgi?string=<BUSCA>&btnG=
http://www.kabum.com.br/cgi-local/site/listagem/listagem.cgi?string=monster+hunter+ultimate+4&btnG=
		Documento Lido
		Resultados: 0
	Tempo Para buscar: 410
Loja: Livraria Cultura
	URL Principal: http://www.livrariacultura.com.br/
	URL Busca: http://www.livrariacultura.com.br/busca?N=0&Ntt=<BUSCA>
http://www.livrariacultura.com.br/busca?N=0&Ntt=monster+hunter+ultimate+4
		Documento Lido
		Resultados: 47
		Nome do Produto: GATOS GUERREIROS - TEMPESTADE
			Igorando Pelo Filtro de Nome...
		Nome do Produto: SOBRENATURAIS, OS - SUSSURROS AO LUAR
			Igorando Pelo Filtro de Nome...
		Nome do Produto: MONSTER HIGH - MONSTRAMIGAS ATE O FIM
			Igorando Pelo Filtro de Nome...
		Nome do Produto: ULTRA XXX: MODEL HUNTER (DEVIANT #2.4)
			Igorando Pelo Filtro de Nome...
		Nome do Produto: MONSTER HIGH, V.4 - MAIS MORTOS DO QUE NUNCA
			Igorando Pelo Filtro de Nome...
		Nome do Produto: FIVE NIGHTS AT FREDDY'S 4 - ULTIMATE PRO GUIDE
			Igorando Pelo Filtro de Nome...
		Nome do Produto: SCIENCE YEAR 4
			Igorando Pelo Filtro de Nome...
		Nome do Produto: ULTIMATE COLLECTION (4 CDS+1 DVD+BOOK)
			Igorando Pelo Filtro de Nome...
		Nome do Produto: MONSTER HUNTER ORAGE 4
			Igorando Pelo Filtro de Nome...
		Nome do Produto: FAMILY TRADITION
			Igorando Pelo Filtro de Nome...
		Nome do Produto: CONFESSIONS OF A MONSTER HUNTER 1: THE VEIL OF
			Igorando Pelo Filtro de Nome...
		Nome do Produto: THE GNOMES OF TUCSON
			Igorando Pelo Filtro de Nome...
		Nome do Produto: THE TROLL UNDER THE EIGHTH STREET BRIDGE
			Igorando Pelo Filtro de Nome...
		Nome do Produto: THE THIRTEENTH CURSE
			Igorando Pelo Filtro de Nome...
		Nome do Produto: LADY JESSICA, MONSTER HUNTER: EPISODES 1-3
			Igorando Pelo Filtro de Nome...
		Nome do Produto: THE WEREWOLVES OF RIVERSIDE PARK
			Igorando Pelo Filtro de Nome...
		Nome do Produto: LADY JESSICA, MONSTER HUNTER: EPISODE 4 - TOOTH
			Igorando Pelo Filtro de Nome...
		Nome do Produto: MONSTER HUNTER ALPHA
			Igorando Pelo Filtro de Nome...
		Nome do Produto: MONSTER HUNTER NEMESIS
			Igorando Pelo Filtro de Nome...
		Nome do Produto: ALEX FINCH: MONSTER HUNTER (THE MONSTER FILES
			Igorando Pelo Filtro de Nome...
		Nome do Produto: MONSTER HUNTER INTERNATIONAL
			Igorando Pelo Filtro de Nome...
		Nome do Produto: MONSTER HUNTER LEGION
			Igorando Pelo Filtro de Nome...
		Nome do Produto: MONSTER HUNTER VENDETTA
			Igorando Pelo Filtro de Nome...
		Nome do Produto: MONSTER HUNTER INTERNATIONAL, SECOND EDITION
			Igorando Pelo Filtro de Nome...
		Nome do Produto: LADY JESSICA, MONSTER HUNTER: EPISODE 1 - HEART
			Igorando Pelo Filtro de Nome...
		Nome do Produto: THE MONSTER HUNTER'S MANUAL
			Igorando Pelo Filtro de Nome...
		Nome do Produto: MATT ARCHER: MONSTER HUNTER
			Igorando Pelo Filtro de Nome...
		Nome do Produto: THE MONSTER HUNTER
			Igorando Pelo Filtro de Nome...
		Nome do Produto: LADY JESSICA, MONSTER HUNTER
			Igorando Pelo Filtro de Nome...
		Nome do Produto: MONSTER HUNTER
			Igorando Pelo Filtro de Nome...
		Nome do Produto: LADY JESSICA, MONSTER HUNTER: EPISODE 2 -
			Igorando Pelo Filtro de Nome...
		Nome do Produto: KLONDAEG THE MONSTER HUNTER
			Igorando Pelo Filtro de Nome...
		Nome do Produto: I WAS A SEVENTH GRADE MONSTER HUNTER (THE STOKER
			Igorando Pelo Filtro de Nome...
		Nome do Produto: LADY JESSICA, MONSTER HUNTER: EPISODE 3 - DARK
			Igorando Pelo Filtro de Nome...
		Nome do Produto: LADY JESSICA, MONSTER HUNTER: EPISODE 5 - THE
			Igorando Pelo Filtro de Nome...
		Nome do Produto: VALMONT SHARP: MONSTER HUNTER
			Igorando Pelo Filtro de Nome...
		Nome do Produto: LADY JESSICA, MONSTER HUNTER: EPISODE 6 - HEART
			Igorando Pelo Filtro de Nome...
		Nome do Produto: MONSTER HIGH 4: MAIS MORTOS DO QUE NUNCA!
			Igorando Pelo Filtro de Nome...
		Nome do Produto: VAMPIRE HUNTER D VOLUME 4: TALE OF THE DEAD TOWN
			Igorando Pelo Filtro de Nome...
		Nome do Produto: BLOOD APOCALYPSE; A MONSTER SQUAD NOVEL: 4
			Igorando Pelo Filtro de Nome...
		Nome do Produto: MAGE HUNTER: EPISODE 4: HAMMERED IRON
			Igorando Pelo Filtro de Nome...
		Nome do Produto: TRUESILVER: THE LAST WEREWOLF HUNTER, BOOK 4
			Igorando Pelo Filtro de Nome...
		Nome do Produto: O-PARTS HUNTER, VOL. 4
			Igorando Pelo Filtro de Nome...
		Nome do Produto: NELLY THE MONSTER SITTER 4: COWCUMBERS
			Igorando Pelo Filtro de Nome...
		Nome do Produto: THE ULTIMATE NO-NO 4
			Igorando Pelo Filtro de Nome...
		Nome do Produto: ULTIMATE EXTREME 2014 4-WEEK QUICK WEIGHT
			Igorando Pelo Filtro de Nome...
		Nome do Produto: ULTIMATE AUDITION BOOK FOR TEENS VOLUME 4:
			Igorando Pelo Filtro de Nome...
	Tempo Para buscar: 2064
Loja: Magazine Luiza
	URL Principal: http://www.magazineluiza.com.br/
	URL Busca: http://www.magazineluiza.com.br/busca/<BUSCA>/
http://www.magazineluiza.com.br/busca/monster+hunter+ultimate+4/
		Documento Lido
		Resultados: 60
		Nome do Produto: Tablet Dell Venue 7 16GB Tela 7" Wi-Fi Android 4.4 - Proc. Intel Dual Core Câmera 5MP + Frontal GPS
			Igorando Pelo Filtro de Nome...
		Nome do Produto: Warriors Orochi 3 Ultimate para PS4 - Koei
			Igorando Pelo Filtro de Nome...
		Nome do Produto: Killzone Shadow Fall para PS4 - Sony
			Igorando Pelo Filtro de Nome...
		Nome do Produto: Evolve para PS4 - 2K Games
			Igorando Pelo Filtro de Nome...
		Nome do Produto: Knack para PS4 - Sony
			Igorando Pelo Filtro de Nome...
		Nome do Produto: NHL 15 para PS4 - EA
			Igorando Pelo Filtro de Nome...
		Nome do Produto: Madden NFL 15 para PS4 - EA
			Igorando Pelo Filtro de Nome...
		Nome do Produto: Far Cry 4 para PS4 - Ubisoft
			Igorando Pelo Filtro de Nome...
		Nome do Produto: Dark Souls II: Scholar of the First Sin para PS4 - Namco Bandai
			Igorando Pelo Filtro de Nome...
		Nome do Produto: Injustice: Gods Among Us - Ultimate Edition - para PS4 - Warner
			Igorando Pelo Filtro de Nome...
		Nome do Produto: Shadow Warrior para PS4 - Majesco Entertainment
			Igorando Pelo Filtro de Nome...
		Nome do Produto: Rabbids Invasion para PS4 - Ubisoft
			Igorando Pelo Filtro de Nome...
		Nome do Produto: The Order: 1886 para PS4 - Ready At Dawn
			Igorando Pelo Filtro de Nome...
		Nome do Produto: The Wolf Among Us p/ PS4 - Telltale Games
			Igorando Pelo Filtro de Nome...
		Nome do Produto: The Elder Scrolls para PS4 - Bethesda
			Igorando Pelo Filtro de Nome...
		Nome do Produto: Terra Média - Sombras de Mordor para PS4 - Warner
			Igorando Pelo Filtro de Nome...
		Nome do Produto: Monopoly Family Fun Pack para PS4 - Ubisoft
			Igorando Pelo Filtro de Nome...
		Nome do Produto: The Lego Movie Videogame p/ PS4 - Warner
			Igorando Pelo Filtro de Nome...
		Nome do Produto: The Walking Dead - Game of the Year Edition - p/ PS4 - Telltale Games
			Igorando Pelo Filtro de Nome...
		Nome do Produto: Samurai Warriors 4 para PS4 - Koei
			Igorando Pelo Filtro de Nome...
		Nome do Produto: Battlefield Hardline para PS4 - EA
			Igorando Pelo Filtro de Nome...
		Nome do Produto: Bloodborne para PS4 - Sony
			Igorando Pelo Filtro de Nome...
		Nome do Produto: Infamous Second Son para PS4 - Sony
			Igorando Pelo Filtro de Nome...
		Nome do Produto: Lego Jurassic World para PS4 - Warner
			Igorando Pelo Filtro de Nome...
		Nome do Produto: Resident Evil Revelations 2 para PS4 - Capcom
			Igorando Pelo Filtro de Nome...
		Nome do Produto: Devil May Cry: Definitive Edition para PS4 - Capcom
			Igorando Pelo Filtro de Nome...
		Nome do Produto: The Crew - Signature Edition para PS4 - Ubisoft
			Igorando Pelo Filtro de Nome...
		Nome do Produto: The Last of Us - Remasterizado para PS4 - Naughty Dog
			Igorando Pelo Filtro de Nome...
		Nome do Produto: Call of Duty - Advanced Warfare: Day Zero para PS4 - Activision
			Igorando Pelo Filtro de Nome...
		Nome do Produto: Just Dance 2015 para PS4 - Ubisoft
			Igorando Pelo Filtro de Nome...
		Nome do Produto: The Walking Dead - Season 2 para PS4 - Telltale Games
			Igorando Pelo Filtro de Nome...
		Nome do Produto: Diablo III - Ultimate Evil Edition para PS4 - Blizzard
			Igorando Pelo Filtro de Nome...
		Nome do Produto: Driveclub para PS4 - Sony
			Igorando Pelo Filtro de Nome...
		Nome do Produto: Tearaway Unfolded para PS4 - Media Molecule - Pré-venda
			Igorando Pelo Filtro de Nome...
		Nome do Produto: Godzilla para PS4 - Bandai Namco
			Igorando Pelo Filtro de Nome...
		Nome do Produto: Dying Light para PS4 - Warner
			Igorando Pelo Filtro de Nome...
		Nome do Produto: Minecraft para PS4 - Mojang
			Igorando Pelo Filtro de Nome...
		Nome do Produto: Dragon Age: Inquisition para PS4 - EA
			Igorando Pelo Filtro de Nome...
		Nome do Produto: NBA Live 15 para PS4 - EA
			Igorando Pelo Filtro de Nome...
		Nome do Produto: Until Dawn para PS4 - Supermassive Games
			Igorando Pelo Filtro de Nome...
		Nome do Produto: J-Stars Victory VS+ para PS4 - Bandai Namco
			Igorando Pelo Filtro de Nome...
		Nome do Produto: Murdered Soul Suspect para PS4 - Capcom
			Igorando Pelo Filtro de Nome...
		Nome do Produto: God of War III - Remasterizado para PS4 - Santa Monica Studio
			Igorando Pelo Filtro de Nome...
		Nome do Produto: F1 2015 para PS4 - Codemasters
			Igorando Pelo Filtro de Nome...
		Nome do Produto: Bound by Flame para PS4 - Spiders Studio
			Igorando Pelo Filtro de Nome...
		Nome do Produto: Angry Birds Star Wars p/ PS4 - Activision
			Igorando Pelo Filtro de Nome...
		Nome do Produto: Rayman Legends para PS4 - Ubisoft
			Igorando Pelo Filtro de Nome...
		Nome do Produto: The Witcher 3: Wild Hunt para PS4 - CD Project RED
			Igorando Pelo Filtro de Nome...
		Nome do Produto: Assassins Creed Unity - Signature Edition para PS4 - Ubisoft
			Igorando Pelo Filtro de Nome...
		Nome do Produto: Little Big Planet 3 para PS4 - Sumo Digital
			Igorando Pelo Filtro de Nome...
		Nome do Produto: Lego - O Hobbit para PS4 - Warner
			Igorando Pelo Filtro de Nome...
		Nome do Produto: Batman Arkham Knight para PS4 - Warner
			Igorando Pelo Filtro de Nome...
		Nome do Produto: Metal Gear Solid V: The Phantom Pain para PS4 - Konami
			Igorando Pelo Filtro de Nome...
		Nome do Produto: NBA 2K15 para PS4 - Take 2
			Igorando Pelo Filtro de Nome...
		Nome do Produto: Fifa 15 para PS4 - EA
			Igorando Pelo Filtro de Nome...
		Nome do Produto: PES 2015 - Pro Evolution Soccer 2015 para PS4 - Konam
			Igorando Pelo Filtro de Nome...
		Nome do Produto: GTA V para PS4 - Grand Theft Auto V - Rockstar
			Igorando Pelo Filtro de Nome...
		Nome do Produto: PES 2016 - Pro Evolution Soccer para PS4 - Konami - Pré-venda
			Igorando Pelo Filtro de Nome...
		Nome do Produto: Fifa 14 para PS4 - EA
			Igorando Pelo Filtro de Nome...
		Nome do Produto: Far Cry 4 Kyrat Edition para PS4 - Ubisoft
			Igorando Pelo Filtro de Nome...
	Tempo Para buscar: 1703
Loja: Mula Games
	URL Principal: http://www.mulagames.com.br/
	URL Busca: http://www.mulagames.com.br/produtos-index/catalogo_produtos/-/-/<BUSCA>/-/-/-/-/-/
http://www.mulagames.com.br/produtos-index/catalogo_produtos/-/-/monster%20hunter%20ultimate%204/-/-/-/-/-/
		Documento Lido
		Resultados: 1
		Nome do Produto: Monster Hunter 4 Ultimate - 3DS
http://www.mulagames.com.br/Monster-Hunter-4-Ultimate-3DS/prod-2690779/
		Acessando URL do produto.
http://www.mulagames.com.br/produto-ajax_retorna_dados_preco_comprar/2690779
		Acessando URL do preço produto.
	Tempo Para buscar: 2429
Loja: Net Shoes
	URL Principal: http://www.netshoes.com.br/
	URL Busca: http://www.netshoes.com.br/search?Ntt=<BUSCA>
http://www.netshoes.com.br/search?Ntt=monster+hunter+ultimate+4
		Documento Lido
		Resultados: 60
		Nome do Produto: Chuteira Adidas Ace 15.4 FG Campo
			Igorando Pelo Filtro de Nome...
		Nome do Produto: Tênis Adidas 4 4
			Igorando Pelo Filtro de Nome...
		Nome do Produto: Chuteira Topper Comet 4 Futsal
			Igorando Pelo Filtro de Nome...
		Nome do Produto: Chuteira Adidas Ace 15 4 IN Futsal
			Igorando Pelo Filtro de Nome...
		Nome do Produto: Tênis Asics Gel Ventura 4
			Igorando Pelo Filtro de Nome...
		Nome do Produto: Console Sony PlayStation 4 - 500GB
			Igorando Pelo Filtro de Nome...
		Nome do Produto: Chuteira Adidas X 15 4 TF Society
			Igorando Pelo Filtro de Nome...
		Nome do Produto: Tênis Nike In-Season TR 4 Print
			Igorando Pelo Filtro de Nome...
		Nome do Produto: Tênis Mizuno Wave Prophecy 4 + Relógio c/ GPS Garmin Forerunner 10
			Igorando Pelo Filtro de Nome...
		Nome do Produto: Tênis Mizuno Wave Prophecy 4 + Relógio c/ GPS Garmin Forerunner 10
			Igorando Pelo Filtro de Nome...
		Nome do Produto: Tênis Mizuno Wave Prophecy 4 + Relógio c/ GPS Garmin Forerunner 10
			Igorando Pelo Filtro de Nome...
		Nome do Produto: Tênis Mizuno Wave Prophecy 4
			Igorando Pelo Filtro de Nome...
		Nome do Produto: Tênis Nike Flex Experience RN 4
			Igorando Pelo Filtro de Nome...
		Nome do Produto: Tênis Nike In-Season TR 4 Print
			Igorando Pelo Filtro de Nome...
		Nome do Produto: Tênis Asics Gel Ventura 4
			Igorando Pelo Filtro de Nome...
		Nome do Produto: Chuteira Adidas X 15 4 IN Futsal
			Igorando Pelo Filtro de Nome...
		Nome do Produto: Chuteira Adidas X 15 4 TF Society
			Igorando Pelo Filtro de Nome...
		Nome do Produto: Kit Cueca Boxer Lupo 4 peças
			Igorando Pelo Filtro de Nome...
		Nome do Produto: Tênis Nike In-Season TR 4
			Igorando Pelo Filtro de Nome...
		Nome do Produto: Tênis Adidas Cross Em 4
			Igorando Pelo Filtro de Nome...
		Nome do Produto: Tênis Nike In-Season TR 4
			Igorando Pelo Filtro de Nome...
		Nome do Produto: Chuteira Adidas Messi 15.4 IN Futsal
			Igorando Pelo Filtro de Nome...
		Nome do Produto: Whey+ 900 g - 4+ Nutrition
			Igorando Pelo Filtro de Nome...
		Nome do Produto: Tênis Onitsuka Tiger Ultimate 81 PS Infantil
			Igorando Pelo Filtro de Nome...
		Nome do Produto: Chuteira Adidas Ace 15 4 TF Society
			Igorando Pelo Filtro de Nome...
		Nome do Produto: Chuteira Adidas X 15 4 FG Campo
			Igorando Pelo Filtro de Nome...
		Nome do Produto: Tênis Adidas 4.3 K Infantil
			Igorando Pelo Filtro de Nome...
		Nome do Produto: Chuteira Topper Comet 4 Futsal
			Igorando Pelo Filtro de Nome...
		Nome do Produto: Chuteira Topper Comet 4 Futsal
			Igorando Pelo Filtro de Nome...
		Nome do Produto: Chuteira Adidas X 15 4 IN Futsal
			Igorando Pelo Filtro de Nome...
		Nome do Produto: Tênis Fila Lugano 4.0
			Igorando Pelo Filtro de Nome...
		Nome do Produto: Tênis Onitsuka Tiger Ultimate 81
			Igorando Pelo Filtro de Nome...
		Nome do Produto: Whey Cor-Performance 4 Lbs - Cellucor
			Igorando Pelo Filtro de Nome...
		Nome do Produto: Chuteira Adidas X 15 4 FG Campo
			Igorando Pelo Filtro de Nome...
		Nome do Produto: Tênis Nike In-Season TR 4
			Igorando Pelo Filtro de Nome...
		Nome do Produto: Chuteira Adidas X 15 4 IN Futsal
			Igorando Pelo Filtro de Nome...
		Nome do Produto: Tênis Adidas 4.3 K Infantil
			Igorando Pelo Filtro de Nome...
		Nome do Produto: Carnivor 4 Lbs - MuscleMeds
			Igorando Pelo Filtro de Nome...
		Nome do Produto: Tênis Onitsuka Tiger Ultimate 81 PS Infantil
			Igorando Pelo Filtro de Nome...
		Nome do Produto: Tênis Adidas Cross EM 4
			Igorando Pelo Filtro de Nome...
		Nome do Produto: Caneleira Shura 4 Kg
			Igorando Pelo Filtro de Nome...
		Nome do Produto: Tênis Fila Lugano 4.0
			Igorando Pelo Filtro de Nome...
		Nome do Produto: Tênis Mizuno Wave Prophecy 4 + Relógio c/ GPS Garmin Forerunner 10
			Igorando Pelo Filtro de Nome...
		Nome do Produto: Tênis Mizuno Wave Prophecy 4 + Relógio c/ GPS Garmin Forerunner 10
			Igorando Pelo Filtro de Nome...
		Nome do Produto: Tênis Mizuno Wave Prophecy 4 + Relógio c/ GPS Garmin Forerunner 10
			Igorando Pelo Filtro de Nome...
		Nome do Produto: Tênis Mizuno Wave Prophecy 4 + Relógio c/ GPS Garmin Forerunner 10
			Igorando Pelo Filtro de Nome...
		Nome do Produto: Tênis Mizuno Wave Prophecy 4 + Relógio c/ GPS Garmin Forerunner 10
			Igorando Pelo Filtro de Nome...
		Nome do Produto: Tênis Mizuno Wave Prophecy 4
			Igorando Pelo Filtro de Nome...
		Nome do Produto: Sensor de Velocidade e Cadência i-gotU Bluetooth 4.0 - ALL4ONE Connect Bike
			Igorando Pelo Filtro de Nome...
		Nome do Produto: Chuteira Adidas X 15 4 TF Society
			Igorando Pelo Filtro de Nome...
		Nome do Produto: Agasalho Topper Training Sport 4
			Igorando Pelo Filtro de Nome...
		Nome do Produto: Tênis Nike Flex Supreme Tr 4
			Igorando Pelo Filtro de Nome...
		Nome do Produto: Chuteira Adidas Ace 15 4 ST Futsal
			Igorando Pelo Filtro de Nome...
		Nome do Produto: Tênis Nike Flex Supreme Tr 4
			Igorando Pelo Filtro de Nome...
		Nome do Produto: Calça 3/4 Asics Ayami
			Igorando Pelo Filtro de Nome...
		Nome do Produto: Chuteira Puma Evopower 4 IT
			Igorando Pelo Filtro de Nome...
		Nome do Produto: Bola Penalty Matís C/C 4 Society
			Igorando Pelo Filtro de Nome...
		Nome do Produto: Tênis Adidas Barricade Team 4
			Igorando Pelo Filtro de Nome...
		Nome do Produto: Kit Chuteira Puma Evopower 4 IT + Chuteira Puma Momentta Country IT
			Igorando Pelo Filtro de Nome...
		Nome do Produto: Kit Chuteira Puma Evopower 4 IT + Chuteira Puma Evospeed 5.3 IT Futsal
			Igorando Pelo Filtro de Nome...
	Tempo Para buscar: 1997
Loja: Ponto Frio
	URL Principal: http://www.pontofrio.com.br/
	URL Busca: http://search.pontofrio.com.br/search?w=<BUSCA>
http://search.pontofrio.com.br/search?w=monster+hunter+ultimate+4
		Documento Lido
		Resultados: 1
		Nome do Produto: Game Monster Hunter Ultimate 4 - 3DS
http://search.pontofrio.com.br/search?p=R&srid=S3-USESD01&lbc=pontofrio-br&w=monster%20hunter%20ultimate%204&url=http%3a%2f%2fproduto.pontofrio.com.br%2f5413956%3f&rk=1&uid=283218312&sid=2&ts=custom&rsc=aUn9akl6ErrO6ZPo&method=and&isort=score&view=grid
		Nome do Produto: Jogo Monster Hunter 3 Ultimate - 3DS
			Igorando Pelo Filtro de Nome...
		Nome do Produto: Monster Hunter 4 Ultimate - 3DS
http://search.pontofrio.com.br/search?p=R&srid=S3-USESD01&lbc=pontofrio-br&w=monster%20hunter%20ultimate%204&url=http%3a%2f%2fproduto.pontofrio.com.br%2f5567551%3f&rk=3&uid=283218312&sid=2&ts=custom&rsc=i2PzHRDbYKMH83Dp&method=and&isort=score&view=grid
		Nome do Produto: Game Monster Hunter 3 Ultimate - WiiU
			Igorando Pelo Filtro de Nome...
		Nome do Produto: Monster Hunter 3 Ultimate - Wii U
			Igorando Pelo Filtro de Nome...
		Nome do Produto: Monster Hunter 3 Ultimate - 3DS
			Igorando Pelo Filtro de Nome...
		Nome do Produto: Game Monster Hunter Ultimate 4 - 3DS
http://search.pontofrio.com.br/search?p=R&srid=S3-USESD01&lbc=pontofrio-br&w=monster%20hunter%20ultimate%204&url=http%3a%2f%2fproduto.pontofrio.com.br%2f5413956%3f&rk=1&uid=283218312&sid=2&ts=custom&rsc=aUn9akl6ErrO6ZPo&method=and&isort=score&view=grid
		Nome do Produto: Jogo Monster Hunter 3 Ultimate - 3DS
			Igorando Pelo Filtro de Nome...
		Nome do Produto: Monster Hunter 4 Ultimate - 3DS
http://search.pontofrio.com.br/search?p=R&srid=S3-USESD01&lbc=pontofrio-br&w=monster%20hunter%20ultimate%204&url=http%3a%2f%2fproduto.pontofrio.com.br%2f5567551%3f&rk=3&uid=283218312&sid=2&ts=custom&rsc=i2PzHRDbYKMH83Dp&method=and&isort=score&view=grid
		Nome do Produto: Game Monster Hunter 3 Ultimate - WiiU
			Igorando Pelo Filtro de Nome...
		Nome do Produto: Monster Hunter 3 Ultimate - Wii U
			Igorando Pelo Filtro de Nome...
		Nome do Produto: Monster Hunter 3 Ultimate - 3DS
			Igorando Pelo Filtro de Nome...
	Tempo Para buscar: 23317
Loja: Ricardo Eletro
	URL Principal: http://www.ricardoeletro.com.br/
	URL Busca: http://www.ricardoeletro.com.br/Busca/Resultado/?q=<BUSCA>
http://www.ricardoeletro.com.br/Busca/Resultado/?q=monster+hunter+ultimate+4
		Documento Lido
		Resultados: 24
		Nome do Produto: Bicicleta Aro 20 Monster High - Caloi
			Igorando Pelo Filtro de Nome...
		Nome do Produto: Massa Monster Black 3kg - Probiótica Professional Line
			Igorando Pelo Filtro de Nome...
		Nome do Produto: Boneca Monster High - Monster Fusion - Frankie Stein - Mattel
			Igorando Pelo Filtro de Nome...
		Nome do Produto: 6005 - LEGO City - Monster Truck
			Igorando Pelo Filtro de Nome...
		Nome do Produto: Boneca Monster High Aula de Arte - Draculaura - Mattel
			Igorando Pelo Filtro de Nome...
		Nome do Produto: Pelúcia Ghoilia Yelps Monster High - BBR
			Igorando Pelo Filtro de Nome...
		Nome do Produto: Massa Monster Black 1,5kg - Probiótica Professional Line
			Igorando Pelo Filtro de Nome...
		Nome do Produto: Boneca Monster High Deuce Gorgon Olhar Assustador - Mattel
			Igorando Pelo Filtro de Nome...
		Nome do Produto: Boneca Monster High - Monster Fusion - Ghoulia Yelps - Mattel
			Igorando Pelo Filtro de Nome...
		Nome do Produto: Monster High Quartos De Arrepiar Sort - Mattel - CAMA GELADA
			Igorando Pelo Filtro de Nome...
		Nome do Produto: Fone De Ouvido Monster High PH107 Multilaser
			Igorando Pelo Filtro de Nome...
		Nome do Produto: Pelúcia Cleo de Line Monster High - BBR
			Igorando Pelo Filtro de Nome...
		Nome do Produto: Boneca Monster High - Monster Fusion - Operetta - Mattel
			Igorando Pelo Filtro de Nome...
		Nome do Produto: Fantasia Monster High Draculaura - Sulamericana
			Igorando Pelo Filtro de Nome...
		Nome do Produto: Fone De Ouvido Monster High PH105 Multilaser
			Igorando Pelo Filtro de Nome...
		Nome do Produto: Monster High Festival de Musica - Mattel Clawdeen wolf y7693
			Igorando Pelo Filtro de Nome...
		Nome do Produto: Fone De Ouvido Monster High Skull PH106
			Igorando Pelo Filtro de Nome...
		Nome do Produto: Pelúcia Abbey Bominable Monster High - BBR
			Igorando Pelo Filtro de Nome...
		Nome do Produto: Fantasia Monster High Lagoona - Sulamericana
			Igorando Pelo Filtro de Nome...
		Nome do Produto: Fantasia Monster High Rochelle - Sulamericana
			Igorando Pelo Filtro de Nome...
		Nome do Produto: Fantasia Monster High Frankie Luxo - Sulamericana
			Igorando Pelo Filtro de Nome...
		Nome do Produto: Fantasia Monster High Draculaura Pop - Sulamericana
			Igorando Pelo Filtro de Nome...
		Nome do Produto: Pelúcia Pet Hissette Monster High - BBR
			Igorando Pelo Filtro de Nome...
		Nome do Produto: Monster High Quartos De Arrepiar Penteadeira - Mattel
			Igorando Pelo Filtro de Nome...
	Tempo Para buscar: 1153
Loja: RiHappy
	URL Principal: http://www.rihappy.com.br/
	URL Busca: http://www.rihappy.com.br/<BUSCA>
http://www.rihappy.com.br/monster%20hunter%20ultimate%204
		Documento Lido
		Resultados: 0
	Tempo Para buscar: 1120
Loja: Saraiva
	URL Principal: http://www.saraiva.com.br/
	URL Busca: http://busca.saraiva.com.br/search?w=<BUSCA>&PAC_ID=129457&ts=ajax
http://busca.saraiva.com.br/search?w=monster+hunter+ultimate+4&PAC_ID=129457&ts=ajax
		Documento Lido
		Resultados: 2
		Nome do Produto: Multifuncional HP Officej...
			Igorando Pelo Filtro de Nome...
		Nome do Produto: Vade Mecum Saraiva Compac...
			Igorando Pelo Filtro de Nome...
	Tempo Para buscar: 616
Loja: Shop Facil
	URL Principal: http://ww2.shopfacil.com.br/
	URL Busca: http://ww2.shopfacil.com.br/<BUSCA>
http://ww2.shopfacil.com.br/monster%20hunter%20ultimate%204
		Documento Lido
		Resultados: 0
	Tempo Para buscar: 1149
Loja: Shop Time
	URL Principal: http://www.shoptime.com.br/
	URL Busca: http://busca.shoptime.com.br/busca.php?q=<BUSCA>
http://busca.shoptime.com.br/busca.php?q=monster+hunter+ultimate+4
		Documento Lido
		Resultados: 4
		Nome do Produto: Jogo Nintendo 3ds Monster Hunter Ultimate 4 - Capcom Jogo Nintendo 3ds Monster Hunter Ultimate 4 - Capcom Monster Hunter 4 Ultimate - 3ds Monster Hunter 4 Ultimate N3ds
http://www.shoptime.com.br/produto/8579697/jogo-nintendo-3ds-monster-hunter-ultimate-4-capcom
		Acessando URL do produto.
		Nome do Produto: Jogo Nintendo 3ds Monster Hunter Ultimate 4 - Capcom Jogo Nintendo 3ds Monster Hunter Ultimate 4 - Capcom Monster Hunter 4 Ultimate - 3ds Monster Hunter 4 Ultimate N3ds
http://www.shoptime.com.br/produto/9814064/jogo-nintendo-3ds-monster-hunter-ultimate-4-capcom
		Acessando URL do produto.
		Nome do Produto: Jogo Nintendo 3ds Monster Hunter Ultimate 4 - Capcom Jogo Nintendo 3ds Monster Hunter Ultimate 4 - Capcom Monster Hunter 4 Ultimate - 3ds Monster Hunter 4 Ultimate N3ds
http://www.shoptime.com.br/produto/9869641/monster-hunter-4-ultimate-3ds
		Acessando URL do produto.
		Nome do Produto: Jogo Nintendo 3ds Monster Hunter Ultimate 4 - Capcom Jogo Nintendo 3ds Monster Hunter Ultimate 4 - Capcom Monster Hunter 4 Ultimate - 3ds Monster Hunter 4 Ultimate N3ds
http://www.shoptime.com.br/produto/9957090/monster-hunter-4-ultimate-n3ds
		Acessando URL do produto.
	Tempo Para buscar: 1450
Loja: ShopB
	URL Principal: http://www.shopb.com.br/
	URL Busca: http://busca.shopb.com.br/?busca=<BUSCA>
http://busca.shopb.com.br/?busca=monster+hunter+ultimate+4
		Documento Lido
		Resultados: 31
		Nome do Produto: Monster Hunter 4 Ultimate - 3DS
http://shopb.ecommercesearch.com.br/Busca/Redir?url=http%3a%2f%2fwww.shopb.com.br%2fecommerce_site%2findex.php%3fpg%3dproduto%26cdg%3d4488%26idp%3d39230%26idparceiro%3dp1&esid=39230
		Acessando URL do produto.
		Nome do Produto: Adaptador de Controle Gamecube 4 Portas p/ Wii U & PC - Emio
			Igorando Pelo Filtro de Nome...
		Nome do Produto: Adventure Time: Finn and Jake Investigations - PS4
			Igorando Pelo Filtro de Nome...
		Nome do Produto: Air Conflicts Vietnam: Ultimate Edition - PS4
			Igorando Pelo Filtro de Nome...
		Nome do Produto: Akibas Trip: Undead & Undressed - PS4
			Igorando Pelo Filtro de Nome...
		Nome do Produto: Alien Isolation: Nostromo Edition - PS4
			Igorando Pelo Filtro de Nome...
		Nome do Produto: Amplitude - PS4
			Igorando Pelo Filtro de Nome...
		Nome do Produto: Angry Birds: Star Wars - PS4
			Igorando Pelo Filtro de Nome...
		Nome do Produto: Antena Amplificada Bidirecional Ouro 27dB 4 em 1 VHF / UHF/ FM / Digital - Capte
			Igorando Pelo Filtro de Nome...
		Nome do Produto: Antena Externa Diamante 32dB 4 em 1 VHF / UHF / Digital / FM - Capte
			Igorando Pelo Filtro de Nome...
		Nome do Produto: Antena Interna 12db 4 em 1 - Platinum Light
			Igorando Pelo Filtro de Nome...
		Nome do Produto: Assassins Creed IV Black Flag - PS3
			Igorando Pelo Filtro de Nome...
		Nome do Produto: Assassins Creed IV Black Flag - PS4
			Igorando Pelo Filtro de Nome...
		Nome do Produto: Assassins Creed IV Black Flag - XBOX ONE
			Igorando Pelo Filtro de Nome...
		Nome do Produto: Assassins Creed IV Black Flag: Signature Edition - XBOX ONE
			Igorando Pelo Filtro de Nome...
		Nome do Produto: Assassins Creed IV: Black Flag Limited Edition - PS3
			Igorando Pelo Filtro de Nome...
		Nome do Produto: Assassins Creed IV: Black Flag Limited Edition - XBOX 360
			Igorando Pelo Filtro de Nome...
		Nome do Produto: Assassins Creed Unity - PS4
			Igorando Pelo Filtro de Nome...
		Nome do Produto: Assassins Creed: Syndicate - PS4
			Igorando Pelo Filtro de Nome...
		Nome do Produto: Awesomenauts Assemble! - PS4
			Igorando Pelo Filtro de Nome...
		Nome do Produto: Base Suporte Vertical & Hub USB 3 Portas - PS4
			Igorando Pelo Filtro de Nome...
		Nome do Produto: Base Suporte Vertical Branco - PS4
			Igorando Pelo Filtro de Nome...
		Nome do Produto: Batman: Arkham Knight - PS4
			Igorando Pelo Filtro de Nome...
		Nome do Produto: Batman: Arkham Knight - PS4 - Americano
			Igorando Pelo Filtro de Nome...
		Nome do Produto: Battleborn - PS4
			Igorando Pelo Filtro de Nome...
		Nome do Produto: Battlefield 4 + Filme - XBOX 360
			Igorando Pelo Filtro de Nome...
		Nome do Produto: Battlefield Hardline - PS4
			Igorando Pelo Filtro de Nome...
		Nome do Produto: Battlefield: Bad Company 2 Ultimate Edition - XBOX 360
			Igorando Pelo Filtro de Nome...
		Nome do Produto: Bladestorm Nightmare - PS4
			Igorando Pelo Filtro de Nome...
		Nome do Produto: Bloodborne - PS4
			Igorando Pelo Filtro de Nome...
		Nome do Produto: Boneco - Anderson "The Spider" Silva UFC Ultimate Collector
			Igorando Pelo Filtro de Nome...
	Tempo Para buscar: 1850
Loja: Submarino
	URL Principal: http://www.submarino.com.br/
	URL Busca: http://busca.submarino.com.br/busca.php?q=<BUSCA>
http://busca.submarino.com.br/busca.php?q=monster+hunter+ultimate+4
		Documento Lido
		Resultados: 4
		Nome do Produto: Jogo Nintendo 3ds Monster Hunter Ultimate 4 - Capcom
http://www.submarino.com.br/produto/8579697/jogo-nintendo-3ds-monster-hunter-ultimate-4-capcom
		Acessando URL do produto.
		Nome do Produto: Jogo Nintendo 3ds Monster Hunter Ultimate 4 - Capcom
http://www.submarino.com.br/produto/9814064/jogo-nintendo-3ds-monster-hunter-ultimate-4-capcom
		Acessando URL do produto.
		Nome do Produto: Monster Hunter 4 Ultimate N3ds
http://www.submarino.com.br/produto/9957090/monster-hunter-4-ultimate-n3ds
		Acessando URL do produto.
		Nome do Produto: Monster Hunter 4 Ultimate - 3ds
http://www.submarino.com.br/produto/9869641/monster-hunter-4-ultimate-3ds
		Acessando URL do produto.
	Tempo Para buscar: 1539
Loja: Walmart
	URL Principal: http://www.walmart.com.br/
	URL Busca: http://www.walmart.com.br/busca/?ft=<BUSCA>&PS=20
http://www.walmart.com.br/busca/?ft=monster+hunter+ultimate+4&PS=20
		Documento Lido
		Resultados: 1
		Nome do Produto: Jogo Nintendo Wii U Monster Hunter 3 Ultimate
			Igorando Pelo Filtro de Nome...
	Tempo Para buscar: 640

File copied from C:\java\workspace Estudo\lookforprices\resources\imports\css.css to C:\java\workspace Estudo\lookforprices\reports\2015-09-09 16\css.css
File copied from C:\java\workspace Estudo\lookforprices\resources\imports\jquery.js to C:\java\workspace Estudo\lookforprices\reports\2015-09-09 16\jquery.js
File copied from C:\java\workspace Estudo\lookforprices\resources\imports\scripts.js to C:\java\workspace Estudo\lookforprices\reports\2015-09-09 16\scripts.js
Tempo total de execução: 127397
