Game: Pokemon Rumble Blast
Product Name: Pokemon Rumble Blast
Loja: Nintendo eShop
	URL Principal: http://www.nintendo.com/3ds/eshop
	URL Busca: http://www.nintendo.com/json/content/get/game/filter?&qterm=<BUSCA>
NintendoEShopSearch.search() http://www.nintendo.com/json/content/get/game/filter?&qterm=Pokemon+Rumble+Blast
		Documento Lido
		Resultados: 1
		Nome do Produto: Pokémon Rumble Blast
http://www.nintendo.com/games/detail/wvpKjwgULM_q7CSJHV6dH5bbN8G1emCY
		Acessando URL do produto.
URL = http://www.nintendo.com/games/detail/wvpKjwgULM_q7CSJHV6dH5bbN8G1emCY
	Tempo Para buscar: 1221
Loja: Americanas
	URL Principal: http://www.americanas.com.br/
	URL Busca: http://busca.americanas.com.br/busca.php?q=<BUSCA>
http://busca.americanas.com.br/busca.php?q=Pokemon+Rumble+Blast
		Documento Lido
		Resultados: 1
		Nome do Produto: Game Pokémon Rumble Blast - 3DS
http://www.americanas.com.br/produto/110455209/game-pokemon-rumble-blast-3ds
		Acessando URL do produto.
	Tempo Para buscar: 765
Loja: Big Boy Games
	URL Principal: http://www.bigboygames.com.br/
	URL Busca: http://www.bigboygames.com.br/pesquisa/?p=<BUSCA>
http://www.bigboygames.com.br/pesquisa/?p=Pokemon+Rumble+Blast
		Documento Lido
		Resultados*: 1
		Acessando URL do produto.
	Tempo Para buscar: 1297
Loja: Casas Bahia
	URL Principal: http://www.casasbahia.com.br/
	URL Busca: http://buscas.casasbahia.com.br/search?w=<BUSCA>
http://buscas.casasbahia.com.br/search?w=Pokemon+Rumble+Blast
		Documento Lido
		Resultados: 3
		Nome do Produto: 
			Igorando Pelo Filtro de Nome...
		Nome do Produto: 
			Igorando Pelo Filtro de Nome...
		Nome do Produto: 
			Igorando Pelo Filtro de Nome...
		Nome do Produto: 
			Igorando Pelo Filtro de Nome...
		Nome do Produto: 
			Igorando Pelo Filtro de Nome...
		Nome do Produto: 
			Igorando Pelo Filtro de Nome...
		Nome do Produto: 
			Igorando Pelo Filtro de Nome...
		Nome do Produto: 
			Igorando Pelo Filtro de Nome...
	Tempo Para buscar: 1914
Loja: Extra
	URL Principal: http://www.extra.com.br/
	URL Busca: http://buscando.extra.com.br/search?w=<BUSCA>
http://buscando.extra.com.br/search?w=Pokemon+Rumble+Blast
		Documento Lido
		Resultados: 1
		Nome do Produto: Jogo Pokémon Rumble Blast - 3DS
http://buscando.extra.com.br/search?p=R&srid=S1-USCDR02&lbc=extra&w=Pokemon%20Rumble%20Blast&url=http%3a%2f%2fproduto.extra.com.br%2f470667%3f&rk=1&uid=281836997&sid=2&ts=custom&rsc=pes1vpmmFJLkxfuR&method=and&isort=score&view=grid
		Acessando URL do produto.
	Tempo Para buscar: 2815
Loja: E-Virtua
	URL Principal: http://www.evirtua.com.br/
	URL Busca: http://www.evirtua.com.br/Busca?search_department_id=0&SearchTerm=<BUSCA>
http://www.evirtua.com.br/Busca?search_department_id=0&SearchTerm=Pokemon+Rumble+Blast
		Documento Lido
		Resultados: 0
	Tempo Para buscar: 120
Loja: Fast Games
	URL Principal: http://www.fastgames.com.br/
	URL Busca: http://www.fastgames.com.br/loja/busca.php?loja=187970&palavra_busca=<BUSCA>
http://www.fastgames.com.br/loja/busca.php?loja=187970&palavra_busca=Pokemon+Rumble+Blast
		Documento Lido
		Resultados: 0
	Tempo Para buscar: 370
Loja: Fast Shop
	URL Principal: http://www.fastshop.com.br/loja/
	URL Busca: http://www.fastshop.com.br/webapp/wcs/stores/servlet/SearchDisplay?searchTerm=<BUSCA>&categoryId=&storeId=10151&catalogId=11052&langId=-6&pageSize=9&beginIndex=0&sType=SimpleSearch&resultCatEntryType=2&showResultsPage=true&searchSource=Q&pageView=&hotsite=fastshop
http://www.fastshop.com.br/webapp/wcs/stores/servlet/SearchDisplay?searchTerm=Pokemon+Rumble+Blast&categoryId=&storeId=10151&catalogId=11052&langId=-6&pageSize=9&beginIndex=0&sType=SimpleSearch&resultCatEntryType=2&showResultsPage=true&searchSource=Q&pageView=&hotsite=fastshop
		Documento Lido
		Resultados: 1
		Nome do Produto: 
			Igorando Pelo Filtro de Nome...
		Nome do Produto: 
			Igorando Pelo Filtro de Nome...
	Tempo Para buscar: 495
Loja: FNAC
	URL Principal: http://www.fnac.com.br/index.html
	URL Busca: http://busca.fnac.com.br/?busca=<BUSCA>
http://busca.fnac.com.br/?busca=Pokemon+Rumble+Blast
		Documento Lido
		Resultados: 20
		Nome do Produto: Ps3 Digimon All-star Rumble
			Igorando Pelo Filtro de Nome...
		Nome do Produto: 3ds Pokemon Art Academy
			Igorando Pelo Filtro de Nome...
		Nome do Produto: 3ds Pokemon Omega Ruby
			Igorando Pelo Filtro de Nome...
		Nome do Produto: Xbox 360 Digimon All-star Rumble
			Igorando Pelo Filtro de Nome...
		Nome do Produto: Pokemon Xy Treinador Pokemon Ash F14 (4) - T18079b1
			Igorando Pelo Filtro de Nome...
		Nome do Produto: Pokemon Poke Bola Sortidas (6) T18532 B1
			Igorando Pelo Filtro de Nome...
		Nome do Produto: Pokemon Xy Pelucia Pikachu Plus (6) - T18566
			Igorando Pelo Filtro de Nome...
		Nome do Produto: Pokemon Xy 2 Pikachu Disco de Batalha (2) - T18207b
			Igorando Pelo Filtro de Nome...
		Nome do Produto: I-ching - O Caminho da Sabedoria
			Igorando Pelo Filtro de Nome...
		Nome do Produto: Caixa de Receitas - Cocktails
			Igorando Pelo Filtro de Nome...
		Nome do Produto: Caixa de Receitas - Tartes & Bolos
			Igorando Pelo Filtro de Nome...
		Nome do Produto: Caixa de Receitas - Chocolates & Pralinês
			Igorando Pelo Filtro de Nome...
		Nome do Produto: Pequenos Quartos Para Crianças
			Igorando Pelo Filtro de Nome...
		Nome do Produto: Fashion
			Igorando Pelo Filtro de Nome...
		Nome do Produto: Sopas E Ensopados
			Igorando Pelo Filtro de Nome...
		Nome do Produto: Bolos E Tartes
			Igorando Pelo Filtro de Nome...
		Nome do Produto: Grande Livro das Salas
			Igorando Pelo Filtro de Nome...
		Nome do Produto: Karl Blossfeldt - The Complete Published Work
			Igorando Pelo Filtro de Nome...
		Nome do Produto: La Fotografia Del Siglo Xx
			Igorando Pelo Filtro de Nome...
		Nome do Produto: Playboy
			Igorando Pelo Filtro de Nome...
	Tempo Para buscar: 1066
Loja: Kabum
	URL Principal: http://www.kabum.com.br/
	URL Busca: http://www.kabum.com.br/cgi-local/site/listagem/listagem.cgi?string=<BUSCA>&btnG=
http://www.kabum.com.br/cgi-local/site/listagem/listagem.cgi?string=Pokemon+Rumble+Blast&btnG=
		Documento Lido
		Resultados: 0
	Tempo Para buscar: 834
Loja: Livraria Cultura
	URL Principal: http://www.livrariacultura.com.br/
	URL Busca: http://www.livrariacultura.com.br/busca?N=0&Ntt=<BUSCA>
http://www.livrariacultura.com.br/busca?N=0&Ntt=Pokemon+Rumble+Blast
		Documento Lido
		Resultados: 1
		Nome do Produto: POKEMON RUMBLE BLAST (3DS)
http://www.livrariacultura.com.br/p/pokemon-rumble-blast-3ds-29086057
		Acessando URL do produto.
	Tempo Para buscar: 1280
Loja: Magazine Luiza
	URL Principal: http://www.magazineluiza.com.br/
	URL Busca: http://www.magazineluiza.com.br/busca/<BUSCA>/
http://www.magazineluiza.com.br/busca/Pokemon+Rumble+Blast/
		Documento Lido
		Resultados: 8
		Nome do Produto: Pokémon Omega Ruby para Nintendo 3DS - Nintendo
			Igorando Pelo Filtro de Nome...
		Nome do Produto: Pokémon Art Academy para Nintendo 3DS - Nintendo
			Igorando Pelo Filtro de Nome...
		Nome do Produto: Digimon All Star Rumble para PS3 - Bandai Namco
			Igorando Pelo Filtro de Nome...
		Nome do Produto: Dragão Blast & Roar Toothless - Sunny Brinquedos
			Igorando Pelo Filtro de Nome...
		Nome do Produto: Pokémon Black & White - Vol. 04 - Panini Books
			Igorando Pelo Filtro de Nome...
		Nome do Produto: Pokémon Alpha Sapphire para Nintendo 3DS - Nintendo
			Igorando Pelo Filtro de Nome...
		Nome do Produto: Digimon All Star Rumble para Xbox 360 - Bandai Namco
			Igorando Pelo Filtro de Nome...
		Nome do Produto: Pokemon X para Nintendo 3DS - Nintendo
			Igorando Pelo Filtro de Nome...
	Tempo Para buscar: 319
Loja: Mula Games
	URL Principal: http://www.mulagames.com.br/
	URL Busca: http://www.mulagames.com.br/produtos-index/catalogo_produtos/-/-/<BUSCA>/-/-/-/-/-/
http://www.mulagames.com.br/produtos-index/catalogo_produtos/-/-/Pokemon%20Rumble%20Blast/-/-/-/-/-/
		Documento Lido
		Resultados: 1
		Nome do Produto: Pokémon Rumble Blast - 3DS
http://www.mulagames.com.br/Pokemon-Rumble-Blast-3DS/prod-457664/
		Acessando URL do produto.
http://www.mulagames.com.br/produto-ajax_retorna_dados_preco_comprar/457664
		Acessando URL do preço produto.
	Tempo Para buscar: 2232
Loja: Net Shoes
	URL Principal: http://www.netshoes.com.br/
	URL Busca: http://www.netshoes.com.br/search?Ntt=<BUSCA>
http://www.netshoes.com.br/search?Ntt=Pokemon+Rumble+Blast
		Documento Lido
		Resultados: 4
		Nome do Produto: Óculos Speedo Blast
			Igorando Pelo Filtro de Nome...
		Nome do Produto: Relógio Puma Blast
			Igorando Pelo Filtro de Nome...
		Nome do Produto: Camisa Umbro Goleiro Blast
			Igorando Pelo Filtro de Nome...
		Nome do Produto: Tênis Reebok The Blast
			Igorando Pelo Filtro de Nome...
	Tempo Para buscar: 162
Loja: Ponto Frio
	URL Principal: http://www.pontofrio.com.br/
	URL Busca: http://search.pontofrio.com.br/search?w=<BUSCA>
http://search.pontofrio.com.br/search?w=Pokemon+Rumble+Blast
		Documento Lido
		Resultados: 3
		Nome do Produto: 
			Igorando Pelo Filtro de Nome...
		Nome do Produto: 
			Igorando Pelo Filtro de Nome...
		Nome do Produto: 
			Igorando Pelo Filtro de Nome...
		Nome do Produto: 
			Igorando Pelo Filtro de Nome...
		Nome do Produto: 
			Igorando Pelo Filtro de Nome...
		Nome do Produto: 
			Igorando Pelo Filtro de Nome...
	Tempo Para buscar: 2882
Loja: Ricardo Eletro
	URL Principal: http://www.ricardoeletro.com.br/
	URL Busca: http://www.ricardoeletro.com.br/Busca/Resultado/?q=<BUSCA>
http://www.ricardoeletro.com.br/Busca/Resultado/?q=Pokemon+Rumble+Blast
		Documento Lido
		Resultados: 0
	Tempo Para buscar: 833
Loja: RiHappy
	URL Principal: http://www.rihappy.com.br/
	URL Busca: http://www.rihappy.com.br/<BUSCA>
http://www.rihappy.com.br/Pokemon%20Rumble%20Blast
		Documento Lido
		Resultados: 0
	Tempo Para buscar: 751
Loja: Saraiva
	URL Principal: http://www.saraiva.com.br/
	URL Busca: http://busca.saraiva.com.br/search?w=<BUSCA>&PAC_ID=129457&ts=ajax
http://busca.saraiva.com.br/search?w=Pokemon+Rumble+Blast&PAC_ID=129457&ts=ajax
		Documento Lido
		Resultados: 2
		Nome do Produto: Multifuncional HP Officej...
			Igorando Pelo Filtro de Nome...
		Nome do Produto: Vade Mecum Saraiva Compac...
			Igorando Pelo Filtro de Nome...
	Tempo Para buscar: 650
Loja: Shop Facil
	URL Principal: http://ww2.shopfacil.com.br/
	URL Busca: http://ww2.shopfacil.com.br/<BUSCA>
http://ww2.shopfacil.com.br/Pokemon%20Rumble%20Blast
		Documento Lido
		Resultados: 0
	Tempo Para buscar: 1263
Loja: Shop Time
	URL Principal: http://www.shoptime.com.br/
	URL Busca: http://busca.shoptime.com.br/busca.php?q=<BUSCA>
http://busca.shoptime.com.br/busca.php?q=Pokemon+Rumble+Blast
		Documento Lido
		Resultados: 1
		Nome do Produto: Game Pokémon Rumble Blast - 3DS
http://www.shoptime.com.br/produto/110455209/game-pokemon-rumble-blast-3ds
		Acessando URL do produto.
	Tempo Para buscar: 848
Loja: ShopB
	URL Principal: http://www.shopb.com.br/
	URL Busca: http://busca.shopb.com.br/?busca=<BUSCA>
http://busca.shopb.com.br/?busca=Pokemon+Rumble+Blast
		Documento Lido
		Resultados: 27
		Nome do Produto: Batman Arkham Origins: BlackGate - 3DS
			Igorando Pelo Filtro de Nome...
		Nome do Produto: Batman Arkham Origins: BlackGate - PS Vita
			Igorando Pelo Filtro de Nome...
		Nome do Produto: Box Pokemon - Charizard EX - PT
			Igorando Pelo Filtro de Nome...
		Nome do Produto: Box Pokemon - X Y 1 Gyarados - PT
			Igorando Pelo Filtro de Nome...
		Nome do Produto: Box Pokemon - X Y 3 Slurpuff - PT
			Igorando Pelo Filtro de Nome...
		Nome do Produto: Box Pokemon - X Y 3 Trevenant - PT
			Igorando Pelo Filtro de Nome...
		Nome do Produto: Deck Duplo Pokemon - Kit do Treinador - PT
			Igorando Pelo Filtro de Nome...
		Nome do Produto: Digimon: All-Star Rumble - PS3
			Igorando Pelo Filtro de Nome...
		Nome do Produto: Digimon: All-Star Rumble - XBOX 360
			Igorando Pelo Filtro de Nome...
		Nome do Produto: Dragon Ball: Raging Blast - PS3
			Igorando Pelo Filtro de Nome...
		Nome do Produto: Dragon Ball: Raging Blast 2 - PS3
			Igorando Pelo Filtro de Nome...
		Nome do Produto: Motion Blaster - PS3
			Igorando Pelo Filtro de Nome...
		Nome do Produto: Naruto Shippuden: Shinobi Rumble - DS
			Igorando Pelo Filtro de Nome...
		Nome do Produto: Pack Pokemon - Black & White Congelamento de Plasma - PT
			Igorando Pelo Filtro de Nome...
		Nome do Produto: Pokemon Alpha Sapphire - 3DS
			Igorando Pelo Filtro de Nome...
		Nome do Produto: Pokemon Art Academy - 3DS
			Igorando Pelo Filtro de Nome...
		Nome do Produto: Pokemon Omega Ruby - 3DS
			Igorando Pelo Filtro de Nome...
		Nome do Produto: Pokemon X - 3DS
			Igorando Pelo Filtro de Nome...
		Nome do Produto: Pokemon Y - 3DS
			Igorando Pelo Filtro de Nome...
		Nome do Produto: Pokémon White Version 2 - DS
			Igorando Pelo Filtro de Nome...
		Nome do Produto: The Order 1886: BlackWater Edition - PS4
			Igorando Pelo Filtro de Nome...
		Nome do Produto: Blaster Combo Pack - PS3
			Igorando Pelo Filtro de Nome...
		Nome do Produto: Blaster Shooter - PS3
			Igorando Pelo Filtro de Nome...
		Nome do Produto: Dragon Ball: Raging Blast - XBOX 360
			Igorando Pelo Filtro de Nome...
		Nome do Produto: Dragon Ball: Raging Blast 2 - XBOX 360
			Igorando Pelo Filtro de Nome...
		Nome do Produto: Pikmin 3 - Wii U
			Igorando Pelo Filtro de Nome...
		Nome do Produto: Pokemon Mystery Dungeon: Gates to Infinity - 3DS
			Igorando Pelo Filtro de Nome...
	Tempo Para buscar: 1039
Loja: Submarino
	URL Principal: http://www.submarino.com.br/
	URL Busca: http://busca.submarino.com.br/busca.php?q=<BUSCA>
http://busca.submarino.com.br/busca.php?q=Pokemon+Rumble+Blast
		Documento Lido
		Resultados: 1
		Nome do Produto: Game Pokémon Rumble Blast - 3DS
http://www.submarino.com.br/produto/110455209/game-pokemon-rumble-blast-3ds
org.jsoup.HttpStatusException: HTTP error fetching URL. Status=500, URL=http://www.submarino.com.br/produto/110455209/game-pokemon-rumble-blast-3ds
	at org.jsoup.helper.HttpConnection$Response.execute(HttpConnection.java:459)
	at org.jsoup.helper.HttpConnection$Response.execute(HttpConnection.java:434)
	at org.jsoup.helper.HttpConnection.execute(HttpConnection.java:181)
	at org.jsoup.helper.HttpConnection.get(HttpConnection.java:170)
	at comom.Util.readUrlDocument(Util.java:94)
	at interfaces.search.SubmarinoSearch.readEachProduct(SubmarinoSearch.java:69)
	at interfaces.search.SubmarinoSearch.search(SubmarinoSearch.java:38)
	at objects.Shop.searchProduct(Shop.java:33)
	at Main.generateHtmlReport(Main.java:89)
	at Main.main(Main.java:58)
Tentando conectar Na Url de outro modo
		Acessando URL do produto.
	Tempo Para buscar: 7318
Loja: Walmart
	URL Principal: http://www.walmart.com.br/
	URL Busca: http://www.walmart.com.br/busca/?ft=<BUSCA>&PS=20
http://www.walmart.com.br/busca/?ft=Pokemon+Rumble+Blast&PS=20
		Documento Lido
		Resultados: 20
		Nome do Produto: Jogo Pokemon Alpha Sapphire para Nintendo 3DS
			Igorando Pelo Filtro de Nome...
		Nome do Produto: Jogo Nintendo 3DS Pokémon Y
			Igorando Pelo Filtro de Nome...
		Nome do Produto: Jogo Digimon All-Star Rumble - PS3
			Igorando Pelo Filtro de Nome...
		Nome do Produto: Jogo Nintendo 3DS Pokémon X
			Igorando Pelo Filtro de Nome...
		Nome do Produto: Jogo Pokemon Omega Ruby para Nintendo 3DS
			Igorando Pelo Filtro de Nome...
		Nome do Produto: POKÉMON XY TREINADOR ASH E PIKACHU série 2 EDIMAGIC T18079
			Igorando Pelo Filtro de Nome...
		Nome do Produto: Pokémon-Lata Xy2 Lendas de Kalos Xerneas Copag 210-40663
			Igorando Pelo Filtro de Nome...
		Nome do Produto: POKÉDEX ELETRÔNICO KALOS REGION EDIMAGIC POKÉMON XY- T18029
			Igorando Pelo Filtro de Nome...
		Nome do Produto: Digimon: All-Star Rumble - XBOX 360
			Igorando Pelo Filtro de Nome...
		Nome do Produto: Pokémon-Kit do Treinador Sylveon X Noivern Copag 290-40652
			Igorando Pelo Filtro de Nome...
		Nome do Produto: Pokémon-Blister Triplo Xy Gallade Copag 144
			Igorando Pelo Filtro de Nome...
		Nome do Produto: Pokemon Pack Blister 1 Embalagem com 3 Boosters E 1 Carta Promo X Y 4
			Igorando Pelo Filtro de Nome...
		Nome do Produto: Pokemon Box Charizard 1Card Holografico Gigante 6 Booster 1 Card Holografico Charizard
			Igorando Pelo Filtro de Nome...
		Nome do Produto: Pokémon - Pokebola Gogoat + Premier Bola Tomy 18127
			Igorando Pelo Filtro de Nome...
		Nome do Produto: Pokémon-Blister Triplo Xy Gyarados Copag 144
			Igorando Pelo Filtro de Nome...
		Nome do Produto: Pokémon-Xy 2 Pikachu E Yveltal Tomy 18101
			Igorando Pelo Filtro de Nome...
		Nome do Produto: Pokémon-Blister Triplo Explosão de Plasma Genesect Copag 142
			Igorando Pelo Filtro de Nome...
		Nome do Produto: Jogo Pokémon Art Academy para Nintendo 3DS
			Igorando Pelo Filtro de Nome...
		Nome do Produto: Cat Rumble Dump Truck - Caminhao
			Igorando Pelo Filtro de Nome...
		Nome do Produto: Rabbids Rumble N3DS
			Igorando Pelo Filtro de Nome...
	Tempo Para buscar: 673

File copied from C:\java\workspace Estudo\lookforprices\resources\imports\css.css to C:\java\workspace Estudo\lookforprices\reports\2015-09-09 16\css.css
File copied from C:\java\workspace Estudo\lookforprices\resources\imports\jquery.js to C:\java\workspace Estudo\lookforprices\reports\2015-09-09 16\jquery.js
File copied from C:\java\workspace Estudo\lookforprices\resources\imports\scripts.js to C:\java\workspace Estudo\lookforprices\reports\2015-09-09 16\scripts.js
Tempo total de execução: 31161
