Game: Pokemon Mystery Dungeon
Product Name: Pokemon Mystery Dungeon
Loja: Nintendo eShop
	URL Principal: http://www.nintendo.com/3ds/eshop
	URL Busca: http://www.nintendo.com/json/content/get/game/filter?&qterm=<BUSCA>
NintendoEShopSearch.search() http://www.nintendo.com/json/content/get/game/filter?&qterm=Pokemon+Mystery+Dungeon
		Documento Lido
		Resultados: 6
		Nome do Produto: Pokémon Super Mystery Dungeon
http://www.nintendo.com/games/detail/V15eILzdfevO_0MUcTj4vuouYfUi_4KI
		Acessando URL do produto.
URL = http://www.nintendo.com/games/detail/V15eILzdfevO_0MUcTj4vuouYfUi_4KI
		Nome do Produto: Pokémon Mystery Dungeon: Gates to Infinity
http://www.nintendo.com/games/detail/pOlnlHnCCHhIslS6yBAYT-5p6BISzlrD
		Acessando URL do produto.
URL = http://www.nintendo.com/games/detail/pOlnlHnCCHhIslS6yBAYT-5p6BISzlrD
		Nome do Produto: Pokémon Mystery Dungeon: Explorers of Sky
http://www.nintendo.com/games/detail/Id-KjW1meeYtK9cTD8YQVuTksP9I2RaG
		Acessando URL do produto.
URL = http://www.nintendo.com/games/detail/Id-KjW1meeYtK9cTD8YQVuTksP9I2RaG
		Nome do Produto: Pokémon Mystery Dungeon: Explorers of Darkness
http://www.nintendo.com/games/detail/N5FoVWqOp8qQdAit67ST_Q1e1sI-_YdM
		Acessando URL do produto.
URL = http://www.nintendo.com/games/detail/N5FoVWqOp8qQdAit67ST_Q1e1sI-_YdM
		Nome do Produto: Pokémon Mystery Dungeon: Explorers of Time
http://www.nintendo.com/games/detail/DeOFPgGyWuOlq-1NnmxduPxnfpvowFRd
		Acessando URL do produto.
URL = http://www.nintendo.com/games/detail/DeOFPgGyWuOlq-1NnmxduPxnfpvowFRd
		Nome do Produto: Pokémon Mystery Dungeon: Blue Rescue Team
http://www.nintendo.com/games/detail/m-iVHWijRI-Kbd6vIHop4YzzT6R5CYXf
		Acessando URL do produto.
URL = http://www.nintendo.com/games/detail/m-iVHWijRI-Kbd6vIHop4YzzT6R5CYXf
	Tempo Para buscar: 3937
Loja: Americanas
	URL Principal: http://www.americanas.com.br/
	URL Busca: http://busca.americanas.com.br/busca.php?q=<BUSCA>
http://busca.americanas.com.br/busca.php?q=Pokemon+Mystery+Dungeon
		Documento Lido
		Resultados: 30
		Nome do Produto: Jogo Pokémon Xy2 Booster Flash De Fogo - Copag
			Igorando Pelo Filtro de Nome...
		Nome do Produto: Jogo Pokémon Deck Arena De Batalha XY - Copag
			Igorando Pelo Filtro de Nome...
		Nome do Produto: Pokémon Xy3 Booster Punhos Furiosos - Copag
			Igorando Pelo Filtro de Nome...
		Nome do Produto: Game - Pokémon Omega Ruby - 3DS
			Igorando Pelo Filtro de Nome...
		Nome do Produto: Jogo Pokémon Kit do Treinador XY
			Igorando Pelo Filtro de Nome...
		Nome do Produto: Pokémon Lata Power Trio Blastoise - Ex
			Igorando Pelo Filtro de Nome...
		Nome do Produto: Jogo Pokémon Xy1 Booster - Copag
			Igorando Pelo Filtro de Nome...
		Nome do Produto: Game Pokémon Art Academy - 3DS
			Igorando Pelo Filtro de Nome...
		Nome do Produto: Pokemon Deck Xy Conflito Primitivo Núcleo Oceânico...
			Igorando Pelo Filtro de Nome...
		Nome do Produto: Pokemon Cx C/ 36 Boosters - Xy Conflito Primitivo Português
			Igorando Pelo Filtro de Nome...
		Nome do Produto: Pokemon - Mega Metagross Ex Premium Collection Box
			Igorando Pelo Filtro de Nome...
		Nome do Produto: Game - Pokémon Alpha Sapphire - 3DS
			Igorando Pelo Filtro de Nome...
		Nome do Produto: Pokemon Bulbasaur - Poke Ball - Takara Tomy - Series 1
			Igorando Pelo Filtro de Nome...
		Nome do Produto: Game Pokemon White Version 2 - DS
			Igorando Pelo Filtro de Nome...
		Nome do Produto: Game - Pokémon Y - 3DS
			Igorando Pelo Filtro de Nome...
		Nome do Produto: Pokemon Box Charizard Ex - Totalmente Em Português
			Igorando Pelo Filtro de Nome...
		Nome do Produto: Pokemon Black White - Deck Exploradores Da Escuridão -...
			Igorando Pelo Filtro de Nome...
		Nome do Produto: Pokémon Starter Deck Talonflame Xy 4 Força Fantasma
			Igorando Pelo Filtro de Nome...
		Nome do Produto: Pokémon Lata Power Trio Charizard - Ex
			Igorando Pelo Filtro de Nome...
		Nome do Produto: Lata Pokemon Kalos Power Delphox Ex - Em Português
			Igorando Pelo Filtro de Nome...
		Nome do Produto: Pokemon Deck Black White - Congelamento De Plasma -...
			Igorando Pelo Filtro de Nome...
		Nome do Produto: Pokemon Kit Do Treinador Xy - Totalmente Em Português
			Igorando Pelo Filtro de Nome...
		Nome do Produto: Pokemon Black White - Deck Vitórias Nobres - Velocidade...
			Igorando Pelo Filtro de Nome...
		Nome do Produto: Pokemon Cx C/ 36 Boosters - Xy Força Fantasma
			Igorando Pelo Filtro de Nome...
		Nome do Produto: Pasta Pokemon Xy - Primal Clash - 3 Aros E 25 Folhas
			Igorando Pelo Filtro de Nome...
		Nome do Produto: Pasta Pokemon Xy - Phantom Forces - 3 Aros E 25 Folhas
			Igorando Pelo Filtro de Nome...
		Nome do Produto: Pokemon Pikachu - Yveltal - Takara Tomy - Series 1
			Igorando Pelo Filtro de Nome...
		Nome do Produto: Pokemon - Pyroar Box
			Igorando Pelo Filtro de Nome...
		Nome do Produto: 3ds - Pokemon Omega Ruby
			Igorando Pelo Filtro de Nome...
		Nome do Produto: Pokemon Xy - Booster
			Igorando Pelo Filtro de Nome...
	Tempo Para buscar: 437
Loja: Big Boy Games
	URL Principal: http://www.bigboygames.com.br/
	URL Busca: http://www.bigboygames.com.br/pesquisa/?p=<BUSCA>
http://www.bigboygames.com.br/pesquisa/?p=Pokemon+Mystery+Dungeon
		Documento Lido
		Resultados: 2
		Nome do Produto: Pokemon Mystery Dungeon Gates to Infinity
http://www.bigboygames.com.br/pokemon-mystery-dungeon-gates-to-infinity-p4970/
		Acessando URL do produto.
		Nome do Produto: DS - Pokemon Mystery Dungeon Explorers of Darkness
http://www.bigboygames.com.br/ds-pokemon-mystery-dungeon-explorers-of-darkness-p83/
		Acessando URL do produto.
	Tempo Para buscar: 2856
Loja: Casas Bahia
	URL Principal: http://www.casasbahia.com.br/
	URL Busca: http://buscas.casasbahia.com.br/search?w=<BUSCA>
http://buscas.casasbahia.com.br/search?w=Pokemon+Mystery+Dungeon
		Documento Lido
		Resultados: 1
		Nome do Produto: Etrian Mystery Dungeon - 3DS
			Igorando Pelo Filtro de Nome...
		Nome do Produto: Pokemon - Pyroar Box
			Igorando Pelo Filtro de Nome...
		Nome do Produto: Boneco Pokemon Pansage Pokeattack
			Igorando Pelo Filtro de Nome...
		Nome do Produto: Pokémon Y - 3DS
			Igorando Pelo Filtro de Nome...
		Nome do Produto: Pokémon-Xy Xerneas Tomy 18550A
			Igorando Pelo Filtro de Nome...
		Nome do Produto: Pokémon-Xy Yveltal Tomy 18551A
			Igorando Pelo Filtro de Nome...
		Nome do Produto: Pokemon - Vol. 04
			Igorando Pelo Filtro de Nome...
		Nome do Produto: Pokémon - Vol. 5
			Igorando Pelo Filtro de Nome...
		Nome do Produto: Pokémon - Vol. 06
			Igorando Pelo Filtro de Nome...
		Nome do Produto: The Mystery
			Igorando Pelo Filtro de Nome...
		Nome do Produto: God`s Mystery
			Igorando Pelo Filtro de Nome...
		Nome do Produto: The Mystery
			Igorando Pelo Filtro de Nome...
		Nome do Produto: Medical Mystery
			Igorando Pelo Filtro de Nome...
		Nome do Produto: Mystery Masque
			Igorando Pelo Filtro de Nome...
		Nome do Produto: Mystery Celebration
			Igorando Pelo Filtro de Nome...
		Nome do Produto: Game Dungeon Siege 3 - PS3
			Igorando Pelo Filtro de Nome...
		Nome do Produto: Jogo Dungeon Siege III - PS3
			Igorando Pelo Filtro de Nome...
		Nome do Produto: Game Dungeon Dashers para Download - PC
			Igorando Pelo Filtro de Nome...
		Nome do Produto: Jogo Dungeon Siege 3 - PS3
			Igorando Pelo Filtro de Nome...
		Nome do Produto: Jogo Dungeon Siege 3 - Xbox 360
			Igorando Pelo Filtro de Nome...
	Tempo Para buscar: 1088
Loja: Extra
	URL Principal: http://www.extra.com.br/
	URL Busca: http://buscando.extra.com.br/search?w=<BUSCA>
http://buscando.extra.com.br/search?w=Pokemon+Mystery+Dungeon
		Documento Lido
		Resultados: 12
		Nome do Produto: Etrian Mystery Dungeon - 3DS
			Igorando Pelo Filtro de Nome...
		Nome do Produto: Boneco Pokemon Pansage Pokeattack
			Igorando Pelo Filtro de Nome...
		Nome do Produto: Pokémon X - 3DS
			Igorando Pelo Filtro de Nome...
		Nome do Produto: Pokémon - Vol. 5
			Igorando Pelo Filtro de Nome...
		Nome do Produto: Pokemon - Pyroar Box
			Igorando Pelo Filtro de Nome...
		Nome do Produto: Pokemon - Vol. 04
			Igorando Pelo Filtro de Nome...
		Nome do Produto: Pokémon - Vol. 06
			Igorando Pelo Filtro de Nome...
		Nome do Produto: Pokémon-Xy Xerneas Tomy 18550A
			Igorando Pelo Filtro de Nome...
		Nome do Produto: Pokémon-Xy Yveltal Tomy 18551A
			Igorando Pelo Filtro de Nome...
		Nome do Produto: The Mystery
			Igorando Pelo Filtro de Nome...
		Nome do Produto: God`s Mystery
			Igorando Pelo Filtro de Nome...
		Nome do Produto: Mystery Celebration
			Igorando Pelo Filtro de Nome...
	Tempo Para buscar: 1112
Loja: E-Virtua
	URL Principal: http://www.evirtua.com.br/
	URL Busca: http://www.evirtua.com.br/Busca?search_department_id=0&SearchTerm=<BUSCA>
http://www.evirtua.com.br/Busca?search_department_id=0&SearchTerm=Pokemon+Mystery+Dungeon
		Documento Lido
		Resultados: 0
	Tempo Para buscar: 218
Loja: Fast Games
	URL Principal: http://www.fastgames.com.br/
	URL Busca: http://www.fastgames.com.br/loja/busca.php?loja=187970&palavra_busca=<BUSCA>
http://www.fastgames.com.br/loja/busca.php?loja=187970&palavra_busca=Pokemon+Mystery+Dungeon
		Documento Lido
		Resultados: 0
	Tempo Para buscar: 417
Loja: Fast Shop
	URL Principal: http://www.fastshop.com.br/loja/
	URL Busca: http://www.fastshop.com.br/webapp/wcs/stores/servlet/SearchDisplay?searchTerm=<BUSCA>&categoryId=&storeId=10151&catalogId=11052&langId=-6&pageSize=9&beginIndex=0&sType=SimpleSearch&resultCatEntryType=2&showResultsPage=true&searchSource=Q&pageView=&hotsite=fastshop
http://www.fastshop.com.br/webapp/wcs/stores/servlet/SearchDisplay?searchTerm=Pokemon+Mystery+Dungeon&categoryId=&storeId=10151&catalogId=11052&langId=-6&pageSize=9&beginIndex=0&sType=SimpleSearch&resultCatEntryType=2&showResultsPage=true&searchSource=Q&pageView=&hotsite=fastshop
		Documento Lido
		Resultados: 0
	Tempo Para buscar: 522
Loja: FNAC
	URL Principal: http://www.fnac.com.br/index.html
	URL Busca: http://busca.fnac.com.br/?busca=<BUSCA>
http://busca.fnac.com.br/?busca=Pokemon+Mystery+Dungeon
		Documento Lido
		Resultados: 20
		Nome do Produto: Magical Mystery Tour
			Igorando Pelo Filtro de Nome...
		Nome do Produto: Magical Mystery Tour (DVD)
			Igorando Pelo Filtro de Nome...
		Nome do Produto: 3ds Pokemon Art Academy
			Igorando Pelo Filtro de Nome...
		Nome do Produto: 3ds Pokemon Omega Ruby
			Igorando Pelo Filtro de Nome...
		Nome do Produto: In A Tidal Wave Of Mystery
			Igorando Pelo Filtro de Nome...
		Nome do Produto: Pokemon Xy Treinador Pokemon Ash F14 (4) - T18079b1
			Igorando Pelo Filtro de Nome...
		Nome do Produto: Mystery Lady: Songs Of Billie Holiday
			Igorando Pelo Filtro de Nome...
		Nome do Produto: Pokemon Poke Bola Sortidas (6) T18532 B1
			Igorando Pelo Filtro de Nome...
		Nome do Produto: Pokemon Xy Pelucia Pikachu Plus (6) - T18566
			Igorando Pelo Filtro de Nome...
		Nome do Produto: Pokemon Xy 2 Pikachu Disco de Batalha (2) - T18207b
			Igorando Pelo Filtro de Nome...
		Nome do Produto: Maxximum - Dominguinhos
			Igorando Pelo Filtro de Nome...
		Nome do Produto: Almanaque Ciência em Show
			Igorando Pelo Filtro de Nome...
		Nome do Produto: Dominguinhos É de Todos - Uma Antologia (2 CDs)
			Igorando Pelo Filtro de Nome...
		Nome do Produto: I-ching - O Caminho da Sabedoria
			Igorando Pelo Filtro de Nome...
		Nome do Produto: Caixa de Receitas - Cocktails
			Igorando Pelo Filtro de Nome...
		Nome do Produto: Caixa de Receitas - Tartes & Bolos
			Igorando Pelo Filtro de Nome...
		Nome do Produto: Caixa de Receitas - Chocolates & Pralinês
			Igorando Pelo Filtro de Nome...
		Nome do Produto: Pequenos Quartos Para Crianças
			Igorando Pelo Filtro de Nome...
		Nome do Produto: Fashion
			Igorando Pelo Filtro de Nome...
		Nome do Produto: Sopas E Ensopados
			Igorando Pelo Filtro de Nome...
	Tempo Para buscar: 1097
Loja: Kabum
	URL Principal: http://www.kabum.com.br/
	URL Busca: http://www.kabum.com.br/cgi-local/site/listagem/listagem.cgi?string=<BUSCA>&btnG=
http://www.kabum.com.br/cgi-local/site/listagem/listagem.cgi?string=Pokemon+Mystery+Dungeon&btnG=
		Documento Lido
		Resultados: 0
	Tempo Para buscar: 916
Loja: Livraria Cultura
	URL Principal: http://www.livrariacultura.com.br/
	URL Busca: http://www.livrariacultura.com.br/busca?N=0&Ntt=<BUSCA>
http://www.livrariacultura.com.br/busca?N=0&Ntt=Pokemon+Mystery+Dungeon
		Documento Lido
		Resultados: 2
		Nome do Produto: POKEMON MYSTERY DUNGEON
http://www.livrariacultura.com.br/p/pokemon-mystery-dungeon-22769934
		Acessando URL do produto.
		Nome do Produto: POKEMON MYSTERY DUNGEON STRATEGY GUIDE
http://www.livrariacultura.com.br/p/pokemon-mystery-dungeon-strategy-guide-22770338
		Acessando URL do produto.
	Tempo Para buscar: 1291
Loja: Magazine Luiza
	URL Principal: http://www.magazineluiza.com.br/
	URL Busca: http://www.magazineluiza.com.br/busca/<BUSCA>/
http://www.magazineluiza.com.br/busca/Pokemon+Mystery+Dungeon/
		Documento Lido
		Resultados: 8
		Nome do Produto: Pokémon Omega Ruby para Nintendo 3DS - Nintendo
			Igorando Pelo Filtro de Nome...
		Nome do Produto: Linn Young Mystery & Excellence - Perfume Feminino Eau de Parfum 100ml
			Igorando Pelo Filtro de Nome...
		Nome do Produto: Parfums Pergolèse Paris Mystery Woman Perfume - Masculino Eau de Parfum 50ml
			Igorando Pelo Filtro de Nome...
		Nome do Produto: Parfums Pergolèse Paris Mystery Woman Perfume - Masculino Eau de Toilette 100ml
			Igorando Pelo Filtro de Nome...
		Nome do Produto: Pokémon Art Academy para Nintendo 3DS - Nintendo
			Igorando Pelo Filtro de Nome...
		Nome do Produto: Pokémon Black & White - Vol. 04 - Panini Books
			Igorando Pelo Filtro de Nome...
		Nome do Produto: Pokémon Alpha Sapphire para Nintendo 3DS - Nintendo
			Igorando Pelo Filtro de Nome...
		Nome do Produto: Pokemon X para Nintendo 3DS - Nintendo
			Igorando Pelo Filtro de Nome...
	Tempo Para buscar: 270
Loja: Mula Games
	URL Principal: http://www.mulagames.com.br/
	URL Busca: http://www.mulagames.com.br/produtos-index/catalogo_produtos/-/-/<BUSCA>/-/-/-/-/-/
http://www.mulagames.com.br/produtos-index/catalogo_produtos/-/-/Pokemon%20Mystery%20Dungeon/-/-/-/-/-/
		Documento Lido
		Resultados: 1
		Nome do Produto: Pokémon Mystery Dungeon: Gates to Infinity - 3DS
http://www.mulagames.com.br/Pokemon-Mystery-Dungeon--Gates-to-Infinity-3DS/prod-1163131/
		Acessando URL do produto.
http://www.mulagames.com.br/produto-ajax_retorna_dados_preco_comprar/1163131
		Acessando URL do preço produto.
	Tempo Para buscar: 3978
Loja: Net Shoes
	URL Principal: http://www.netshoes.com.br/
	URL Busca: http://www.netshoes.com.br/search?Ntt=<BUSCA>
http://www.netshoes.com.br/search?Ntt=Pokemon+Mystery+Dungeon
		Documento Lido
		Resultados: 5
		Nome do Produto: Camiseta Hurley Silk Mystery Spot
			Igorando Pelo Filtro de Nome...
		Nome do Produto: Boné New Era 950 MLB Metal Mystery Blkblk New York Yankees
			Igorando Pelo Filtro de Nome...
		Nome do Produto: Boné New Era 950 MLB Metal Mystery Gragra New York Yankees
			Igorando Pelo Filtro de Nome...
		Nome do Produto: Camiseta Hurley Silk Mystery Spot
			Igorando Pelo Filtro de Nome...
		Nome do Produto: Jogo Dungeon Hunter: Alliance PSV
			Igorando Pelo Filtro de Nome...
	Tempo Para buscar: 204
Loja: Ponto Frio
	URL Principal: http://www.pontofrio.com.br/
	URL Busca: http://search.pontofrio.com.br/search?w=<BUSCA>
http://search.pontofrio.com.br/search?w=Pokemon+Mystery+Dungeon
		Documento Lido
		Resultados: 1
		Nome do Produto: Etrian Mystery Dungeon - 3DS
			Igorando Pelo Filtro de Nome...
		Nome do Produto: Boneco Pokemon Pansage Pokeattack
			Igorando Pelo Filtro de Nome...
		Nome do Produto: Pokémon X - 3DS
			Igorando Pelo Filtro de Nome...
		Nome do Produto: Pokemon - Vol. 04
			Igorando Pelo Filtro de Nome...
		Nome do Produto: Pokemon - Pyroar Box
			Igorando Pelo Filtro de Nome...
		Nome do Produto: Pokémon - Vol. 5
			Igorando Pelo Filtro de Nome...
		Nome do Produto: Pokémon-Xy Xerneas Tomy 18550A
			Igorando Pelo Filtro de Nome...
		Nome do Produto: Pokémon-Xy Yveltal Tomy 18551A
			Igorando Pelo Filtro de Nome...
		Nome do Produto: Pokémon - Vol. 06
			Igorando Pelo Filtro de Nome...
		Nome do Produto: The Mystery
			Igorando Pelo Filtro de Nome...
		Nome do Produto: Game Dungeon Siege 3 - PS3
			Igorando Pelo Filtro de Nome...
		Nome do Produto: God`s Mystery
			Igorando Pelo Filtro de Nome...
		Nome do Produto: The Mystery
			Igorando Pelo Filtro de Nome...
		Nome do Produto: Medical Mystery
			Igorando Pelo Filtro de Nome...
		Nome do Produto: Mystery Masque
			Igorando Pelo Filtro de Nome...
		Nome do Produto: Mystery Celebration
			Igorando Pelo Filtro de Nome...
		Nome do Produto: Dungeon Siege: Throne of Agony - PSP
			Igorando Pelo Filtro de Nome...
		Nome do Produto: Game Dungeon Dashers para Download - PC
			Igorando Pelo Filtro de Nome...
		Nome do Produto: Dungeon Siege III - XBOX 360
			Igorando Pelo Filtro de Nome...
		Nome do Produto: Livro - Dungeon Siege - Doug Radcliffe
			Igorando Pelo Filtro de Nome...
		Nome do Produto: Etrian Mystery Dungeon - 3DS
			Igorando Pelo Filtro de Nome...
		Nome do Produto: Boneco Pokemon Pansage Pokeattack
			Igorando Pelo Filtro de Nome...
		Nome do Produto: Pokémon X - 3DS
			Igorando Pelo Filtro de Nome...
		Nome do Produto: Pokemon - Vol. 04
			Igorando Pelo Filtro de Nome...
		Nome do Produto: Pokemon - Pyroar Box
			Igorando Pelo Filtro de Nome...
		Nome do Produto: Pokémon - Vol. 5
			Igorando Pelo Filtro de Nome...
		Nome do Produto: Pokémon-Xy Xerneas Tomy 18550A
			Igorando Pelo Filtro de Nome...
		Nome do Produto: Pokémon-Xy Yveltal Tomy 18551A
			Igorando Pelo Filtro de Nome...
		Nome do Produto: Pokémon - Vol. 06
			Igorando Pelo Filtro de Nome...
		Nome do Produto: The Mystery
			Igorando Pelo Filtro de Nome...
		Nome do Produto: Game Dungeon Siege 3 - PS3
			Igorando Pelo Filtro de Nome...
		Nome do Produto: God`s Mystery
			Igorando Pelo Filtro de Nome...
		Nome do Produto: The Mystery
			Igorando Pelo Filtro de Nome...
		Nome do Produto: Medical Mystery
			Igorando Pelo Filtro de Nome...
		Nome do Produto: Mystery Masque
			Igorando Pelo Filtro de Nome...
		Nome do Produto: Mystery Celebration
			Igorando Pelo Filtro de Nome...
		Nome do Produto: Dungeon Siege: Throne of Agony - PSP
			Igorando Pelo Filtro de Nome...
		Nome do Produto: Game Dungeon Dashers para Download - PC
			Igorando Pelo Filtro de Nome...
		Nome do Produto: Dungeon Siege III - XBOX 360
			Igorando Pelo Filtro de Nome...
		Nome do Produto: Livro - Dungeon Siege - Doug Radcliffe
			Igorando Pelo Filtro de Nome...
	Tempo Para buscar: 1961
Loja: Ricardo Eletro
	URL Principal: http://www.ricardoeletro.com.br/
	URL Busca: http://www.ricardoeletro.com.br/Busca/Resultado/?q=<BUSCA>
http://www.ricardoeletro.com.br/Busca/Resultado/?q=Pokemon+Mystery+Dungeon
		Documento Lido
		Resultados: 0
	Tempo Para buscar: 915
Loja: RiHappy
	URL Principal: http://www.rihappy.com.br/
	URL Busca: http://www.rihappy.com.br/<BUSCA>
http://www.rihappy.com.br/Pokemon%20Mystery%20Dungeon
		Documento Lido
		Resultados: 0
	Tempo Para buscar: 1315
Loja: Saraiva
	URL Principal: http://www.saraiva.com.br/
	URL Busca: http://busca.saraiva.com.br/search?w=<BUSCA>&PAC_ID=129457&ts=ajax
http://busca.saraiva.com.br/search?w=Pokemon+Mystery+Dungeon&PAC_ID=129457&ts=ajax
		Documento Lido
		Resultados: 2
		Nome do Produto: Multifuncional HP Officej...
			Igorando Pelo Filtro de Nome...
		Nome do Produto: Vade Mecum Saraiva Compac...
			Igorando Pelo Filtro de Nome...
	Tempo Para buscar: 1225
Loja: Shop Facil
	URL Principal: http://ww2.shopfacil.com.br/
	URL Busca: http://ww2.shopfacil.com.br/<BUSCA>
http://ww2.shopfacil.com.br/Pokemon%20Mystery%20Dungeon
		Documento Lido
		Resultados: 0
	Tempo Para buscar: 1090
Loja: Shop Time
	URL Principal: http://www.shoptime.com.br/
	URL Busca: http://busca.shoptime.com.br/busca.php?q=<BUSCA>
http://busca.shoptime.com.br/busca.php?q=Pokemon+Mystery+Dungeon
		Documento Lido
		Resultados: 20
		Nome do Produto: Game Pokémon Art Academy - 3DS Game - Pokémon Omega Ruby - 3DS Game Pokemon White Version 2 - DS Pokemon Xy - Deck Pokémon Lata Power Trio Blastoise - Ex Pokémon Xy3 Booster Punhos Furiosos - Copag Jogo Pokémon Kit do Treinador XY Pokemon Deck Xy Conflito Primitivo Núcleo Oceânico Português Pokemon Cx C/ 36 Boosters - Xy Conflito Primitivo Português Jogo Pokémon Xy1 Booster - Copag Pokemon Cx C/ 36 Boosters - Xy Força Fantasma Jogo Pokémon Xy2 Booster Flash De Fogo - Copag Jogo Pokémon Deck Arena De Batalha XY - Copag Game - Pokémon Y - 3DS Pokémon Lata Power Trio Charizard - Ex Jogo Pokémon XY1 Blister Triplo Pokemon Pikachu - Yveltal - Takara Tomy - Series 1 Game - Pokémon Alpha Sapphire - 3DS Pokémon Booster Xy Venusaur Pokemon Kit Do Treinador Xy - Totalmente Em Português
			Igorando Pelo Filtro de Nome...
		Nome do Produto: Game Pokémon Art Academy - 3DS Game - Pokémon Omega Ruby - 3DS Game Pokemon White Version 2 - DS Pokemon Xy - Deck Pokémon Lata Power Trio Blastoise - Ex Pokémon Xy3 Booster Punhos Furiosos - Copag Jogo Pokémon Kit do Treinador XY Pokemon Deck Xy Conflito Primitivo Núcleo Oceânico Português Pokemon Cx C/ 36 Boosters - Xy Conflito Primitivo Português Jogo Pokémon Xy1 Booster - Copag Pokemon Cx C/ 36 Boosters - Xy Força Fantasma Jogo Pokémon Xy2 Booster Flash De Fogo - Copag Jogo Pokémon Deck Arena De Batalha XY - Copag Game - Pokémon Y - 3DS Pokémon Lata Power Trio Charizard - Ex Jogo Pokémon XY1 Blister Triplo Pokemon Pikachu - Yveltal - Takara Tomy - Series 1 Game - Pokémon Alpha Sapphire - 3DS Pokémon Booster Xy Venusaur Pokemon Kit Do Treinador Xy - Totalmente Em Português
			Igorando Pelo Filtro de Nome...
		Nome do Produto: Game Pokémon Art Academy - 3DS Game - Pokémon Omega Ruby - 3DS Game Pokemon White Version 2 - DS Pokemon Xy - Deck Pokémon Lata Power Trio Blastoise - Ex Pokémon Xy3 Booster Punhos Furiosos - Copag Jogo Pokémon Kit do Treinador XY Pokemon Deck Xy Conflito Primitivo Núcleo Oceânico Português Pokemon Cx C/ 36 Boosters - Xy Conflito Primitivo Português Jogo Pokémon Xy1 Booster - Copag Pokemon Cx C/ 36 Boosters - Xy Força Fantasma Jogo Pokémon Xy2 Booster Flash De Fogo - Copag Jogo Pokémon Deck Arena De Batalha XY - Copag Game - Pokémon Y - 3DS Pokémon Lata Power Trio Charizard - Ex Jogo Pokémon XY1 Blister Triplo Pokemon Pikachu - Yveltal - Takara Tomy - Series 1 Game - Pokémon Alpha Sapphire - 3DS Pokémon Booster Xy Venusaur Pokemon Kit Do Treinador Xy - Totalmente Em Português
			Igorando Pelo Filtro de Nome...
		Nome do Produto: Game Pokémon Art Academy - 3DS Game - Pokémon Omega Ruby - 3DS Game Pokemon White Version 2 - DS Pokemon Xy - Deck Pokémon Lata Power Trio Blastoise - Ex Pokémon Xy3 Booster Punhos Furiosos - Copag Jogo Pokémon Kit do Treinador XY Pokemon Deck Xy Conflito Primitivo Núcleo Oceânico Português Pokemon Cx C/ 36 Boosters - Xy Conflito Primitivo Português Jogo Pokémon Xy1 Booster - Copag Pokemon Cx C/ 36 Boosters - Xy Força Fantasma Jogo Pokémon Xy2 Booster Flash De Fogo - Copag Jogo Pokémon Deck Arena De Batalha XY - Copag Game - Pokémon Y - 3DS Pokémon Lata Power Trio Charizard - Ex Jogo Pokémon XY1 Blister Triplo Pokemon Pikachu - Yveltal - Takara Tomy - Series 1 Game - Pokémon Alpha Sapphire - 3DS Pokémon Booster Xy Venusaur Pokemon Kit Do Treinador Xy - Totalmente Em Português
			Igorando Pelo Filtro de Nome...
		Nome do Produto: Game Pokémon Art Academy - 3DS Game - Pokémon Omega Ruby - 3DS Game Pokemon White Version 2 - DS Pokemon Xy - Deck Pokémon Lata Power Trio Blastoise - Ex Pokémon Xy3 Booster Punhos Furiosos - Copag Jogo Pokémon Kit do Treinador XY Pokemon Deck Xy Conflito Primitivo Núcleo Oceânico Português Pokemon Cx C/ 36 Boosters - Xy Conflito Primitivo Português Jogo Pokémon Xy1 Booster - Copag Pokemon Cx C/ 36 Boosters - Xy Força Fantasma Jogo Pokémon Xy2 Booster Flash De Fogo - Copag Jogo Pokémon Deck Arena De Batalha XY - Copag Game - Pokémon Y - 3DS Pokémon Lata Power Trio Charizard - Ex Jogo Pokémon XY1 Blister Triplo Pokemon Pikachu - Yveltal - Takara Tomy - Series 1 Game - Pokémon Alpha Sapphire - 3DS Pokémon Booster Xy Venusaur Pokemon Kit Do Treinador Xy - Totalmente Em Português
			Igorando Pelo Filtro de Nome...
		Nome do Produto: Game Pokémon Art Academy - 3DS Game - Pokémon Omega Ruby - 3DS Game Pokemon White Version 2 - DS Pokemon Xy - Deck Pokémon Lata Power Trio Blastoise - Ex Pokémon Xy3 Booster Punhos Furiosos - Copag Jogo Pokémon Kit do Treinador XY Pokemon Deck Xy Conflito Primitivo Núcleo Oceânico Português Pokemon Cx C/ 36 Boosters - Xy Conflito Primitivo Português Jogo Pokémon Xy1 Booster - Copag Pokemon Cx C/ 36 Boosters - Xy Força Fantasma Jogo Pokémon Xy2 Booster Flash De Fogo - Copag Jogo Pokémon Deck Arena De Batalha XY - Copag Game - Pokémon Y - 3DS Pokémon Lata Power Trio Charizard - Ex Jogo Pokémon XY1 Blister Triplo Pokemon Pikachu - Yveltal - Takara Tomy - Series 1 Game - Pokémon Alpha Sapphire - 3DS Pokémon Booster Xy Venusaur Pokemon Kit Do Treinador Xy - Totalmente Em Português
			Igorando Pelo Filtro de Nome...
		Nome do Produto: Game Pokémon Art Academy - 3DS Game - Pokémon Omega Ruby - 3DS Game Pokemon White Version 2 - DS Pokemon Xy - Deck Pokémon Lata Power Trio Blastoise - Ex Pokémon Xy3 Booster Punhos Furiosos - Copag Jogo Pokémon Kit do Treinador XY Pokemon Deck Xy Conflito Primitivo Núcleo Oceânico Português Pokemon Cx C/ 36 Boosters - Xy Conflito Primitivo Português Jogo Pokémon Xy1 Booster - Copag Pokemon Cx C/ 36 Boosters - Xy Força Fantasma Jogo Pokémon Xy2 Booster Flash De Fogo - Copag Jogo Pokémon Deck Arena De Batalha XY - Copag Game - Pokémon Y - 3DS Pokémon Lata Power Trio Charizard - Ex Jogo Pokémon XY1 Blister Triplo Pokemon Pikachu - Yveltal - Takara Tomy - Series 1 Game - Pokémon Alpha Sapphire - 3DS Pokémon Booster Xy Venusaur Pokemon Kit Do Treinador Xy - Totalmente Em Português
			Igorando Pelo Filtro de Nome...
		Nome do Produto: Game Pokémon Art Academy - 3DS Game - Pokémon Omega Ruby - 3DS Game Pokemon White Version 2 - DS Pokemon Xy - Deck Pokémon Lata Power Trio Blastoise - Ex Pokémon Xy3 Booster Punhos Furiosos - Copag Jogo Pokémon Kit do Treinador XY Pokemon Deck Xy Conflito Primitivo Núcleo Oceânico Português Pokemon Cx C/ 36 Boosters - Xy Conflito Primitivo Português Jogo Pokémon Xy1 Booster - Copag Pokemon Cx C/ 36 Boosters - Xy Força Fantasma Jogo Pokémon Xy2 Booster Flash De Fogo - Copag Jogo Pokémon Deck Arena De Batalha XY - Copag Game - Pokémon Y - 3DS Pokémon Lata Power Trio Charizard - Ex Jogo Pokémon XY1 Blister Triplo Pokemon Pikachu - Yveltal - Takara Tomy - Series 1 Game - Pokémon Alpha Sapphire - 3DS Pokémon Booster Xy Venusaur Pokemon Kit Do Treinador Xy - Totalmente Em Português
			Igorando Pelo Filtro de Nome...
		Nome do Produto: Game Pokémon Art Academy - 3DS Game - Pokémon Omega Ruby - 3DS Game Pokemon White Version 2 - DS Pokemon Xy - Deck Pokémon Lata Power Trio Blastoise - Ex Pokémon Xy3 Booster Punhos Furiosos - Copag Jogo Pokémon Kit do Treinador XY Pokemon Deck Xy Conflito Primitivo Núcleo Oceânico Português Pokemon Cx C/ 36 Boosters - Xy Conflito Primitivo Português Jogo Pokémon Xy1 Booster - Copag Pokemon Cx C/ 36 Boosters - Xy Força Fantasma Jogo Pokémon Xy2 Booster Flash De Fogo - Copag Jogo Pokémon Deck Arena De Batalha XY - Copag Game - Pokémon Y - 3DS Pokémon Lata Power Trio Charizard - Ex Jogo Pokémon XY1 Blister Triplo Pokemon Pikachu - Yveltal - Takara Tomy - Series 1 Game - Pokémon Alpha Sapphire - 3DS Pokémon Booster Xy Venusaur Pokemon Kit Do Treinador Xy - Totalmente Em Português
			Igorando Pelo Filtro de Nome...
		Nome do Produto: Game Pokémon Art Academy - 3DS Game - Pokémon Omega Ruby - 3DS Game Pokemon White Version 2 - DS Pokemon Xy - Deck Pokémon Lata Power Trio Blastoise - Ex Pokémon Xy3 Booster Punhos Furiosos - Copag Jogo Pokémon Kit do Treinador XY Pokemon Deck Xy Conflito Primitivo Núcleo Oceânico Português Pokemon Cx C/ 36 Boosters - Xy Conflito Primitivo Português Jogo Pokémon Xy1 Booster - Copag Pokemon Cx C/ 36 Boosters - Xy Força Fantasma Jogo Pokémon Xy2 Booster Flash De Fogo - Copag Jogo Pokémon Deck Arena De Batalha XY - Copag Game - Pokémon Y - 3DS Pokémon Lata Power Trio Charizard - Ex Jogo Pokémon XY1 Blister Triplo Pokemon Pikachu - Yveltal - Takara Tomy - Series 1 Game - Pokémon Alpha Sapphire - 3DS Pokémon Booster Xy Venusaur Pokemon Kit Do Treinador Xy - Totalmente Em Português
			Igorando Pelo Filtro de Nome...
		Nome do Produto: Game Pokémon Art Academy - 3DS Game - Pokémon Omega Ruby - 3DS Game Pokemon White Version 2 - DS Pokemon Xy - Deck Pokémon Lata Power Trio Blastoise - Ex Pokémon Xy3 Booster Punhos Furiosos - Copag Jogo Pokémon Kit do Treinador XY Pokemon Deck Xy Conflito Primitivo Núcleo Oceânico Português Pokemon Cx C/ 36 Boosters - Xy Conflito Primitivo Português Jogo Pokémon Xy1 Booster - Copag Pokemon Cx C/ 36 Boosters - Xy Força Fantasma Jogo Pokémon Xy2 Booster Flash De Fogo - Copag Jogo Pokémon Deck Arena De Batalha XY - Copag Game - Pokémon Y - 3DS Pokémon Lata Power Trio Charizard - Ex Jogo Pokémon XY1 Blister Triplo Pokemon Pikachu - Yveltal - Takara Tomy - Series 1 Game - Pokémon Alpha Sapphire - 3DS Pokémon Booster Xy Venusaur Pokemon Kit Do Treinador Xy - Totalmente Em Português
			Igorando Pelo Filtro de Nome...
		Nome do Produto: Game Pokémon Art Academy - 3DS Game - Pokémon Omega Ruby - 3DS Game Pokemon White Version 2 - DS Pokemon Xy - Deck Pokémon Lata Power Trio Blastoise - Ex Pokémon Xy3 Booster Punhos Furiosos - Copag Jogo Pokémon Kit do Treinador XY Pokemon Deck Xy Conflito Primitivo Núcleo Oceânico Português Pokemon Cx C/ 36 Boosters - Xy Conflito Primitivo Português Jogo Pokémon Xy1 Booster - Copag Pokemon Cx C/ 36 Boosters - Xy Força Fantasma Jogo Pokémon Xy2 Booster Flash De Fogo - Copag Jogo Pokémon Deck Arena De Batalha XY - Copag Game - Pokémon Y - 3DS Pokémon Lata Power Trio Charizard - Ex Jogo Pokémon XY1 Blister Triplo Pokemon Pikachu - Yveltal - Takara Tomy - Series 1 Game - Pokémon Alpha Sapphire - 3DS Pokémon Booster Xy Venusaur Pokemon Kit Do Treinador Xy - Totalmente Em Português
			Igorando Pelo Filtro de Nome...
		Nome do Produto: Game Pokémon Art Academy - 3DS Game - Pokémon Omega Ruby - 3DS Game Pokemon White Version 2 - DS Pokemon Xy - Deck Pokémon Lata Power Trio Blastoise - Ex Pokémon Xy3 Booster Punhos Furiosos - Copag Jogo Pokémon Kit do Treinador XY Pokemon Deck Xy Conflito Primitivo Núcleo Oceânico Português Pokemon Cx C/ 36 Boosters - Xy Conflito Primitivo Português Jogo Pokémon Xy1 Booster - Copag Pokemon Cx C/ 36 Boosters - Xy Força Fantasma Jogo Pokémon Xy2 Booster Flash De Fogo - Copag Jogo Pokémon Deck Arena De Batalha XY - Copag Game - Pokémon Y - 3DS Pokémon Lata Power Trio Charizard - Ex Jogo Pokémon XY1 Blister Triplo Pokemon Pikachu - Yveltal - Takara Tomy - Series 1 Game - Pokémon Alpha Sapphire - 3DS Pokémon Booster Xy Venusaur Pokemon Kit Do Treinador Xy - Totalmente Em Português
			Igorando Pelo Filtro de Nome...
		Nome do Produto: Game Pokémon Art Academy - 3DS Game - Pokémon Omega Ruby - 3DS Game Pokemon White Version 2 - DS Pokemon Xy - Deck Pokémon Lata Power Trio Blastoise - Ex Pokémon Xy3 Booster Punhos Furiosos - Copag Jogo Pokémon Kit do Treinador XY Pokemon Deck Xy Conflito Primitivo Núcleo Oceânico Português Pokemon Cx C/ 36 Boosters - Xy Conflito Primitivo Português Jogo Pokémon Xy1 Booster - Copag Pokemon Cx C/ 36 Boosters - Xy Força Fantasma Jogo Pokémon Xy2 Booster Flash De Fogo - Copag Jogo Pokémon Deck Arena De Batalha XY - Copag Game - Pokémon Y - 3DS Pokémon Lata Power Trio Charizard - Ex Jogo Pokémon XY1 Blister Triplo Pokemon Pikachu - Yveltal - Takara Tomy - Series 1 Game - Pokémon Alpha Sapphire - 3DS Pokémon Booster Xy Venusaur Pokemon Kit Do Treinador Xy - Totalmente Em Português
			Igorando Pelo Filtro de Nome...
		Nome do Produto: Game Pokémon Art Academy - 3DS Game - Pokémon Omega Ruby - 3DS Game Pokemon White Version 2 - DS Pokemon Xy - Deck Pokémon Lata Power Trio Blastoise - Ex Pokémon Xy3 Booster Punhos Furiosos - Copag Jogo Pokémon Kit do Treinador XY Pokemon Deck Xy Conflito Primitivo Núcleo Oceânico Português Pokemon Cx C/ 36 Boosters - Xy Conflito Primitivo Português Jogo Pokémon Xy1 Booster - Copag Pokemon Cx C/ 36 Boosters - Xy Força Fantasma Jogo Pokémon Xy2 Booster Flash De Fogo - Copag Jogo Pokémon Deck Arena De Batalha XY - Copag Game - Pokémon Y - 3DS Pokémon Lata Power Trio Charizard - Ex Jogo Pokémon XY1 Blister Triplo Pokemon Pikachu - Yveltal - Takara Tomy - Series 1 Game - Pokémon Alpha Sapphire - 3DS Pokémon Booster Xy Venusaur Pokemon Kit Do Treinador Xy - Totalmente Em Português
			Igorando Pelo Filtro de Nome...
		Nome do Produto: Game Pokémon Art Academy - 3DS Game - Pokémon Omega Ruby - 3DS Game Pokemon White Version 2 - DS Pokemon Xy - Deck Pokémon Lata Power Trio Blastoise - Ex Pokémon Xy3 Booster Punhos Furiosos - Copag Jogo Pokémon Kit do Treinador XY Pokemon Deck Xy Conflito Primitivo Núcleo Oceânico Português Pokemon Cx C/ 36 Boosters - Xy Conflito Primitivo Português Jogo Pokémon Xy1 Booster - Copag Pokemon Cx C/ 36 Boosters - Xy Força Fantasma Jogo Pokémon Xy2 Booster Flash De Fogo - Copag Jogo Pokémon Deck Arena De Batalha XY - Copag Game - Pokémon Y - 3DS Pokémon Lata Power Trio Charizard - Ex Jogo Pokémon XY1 Blister Triplo Pokemon Pikachu - Yveltal - Takara Tomy - Series 1 Game - Pokémon Alpha Sapphire - 3DS Pokémon Booster Xy Venusaur Pokemon Kit Do Treinador Xy - Totalmente Em Português
			Igorando Pelo Filtro de Nome...
		Nome do Produto: Game Pokémon Art Academy - 3DS Game - Pokémon Omega Ruby - 3DS Game Pokemon White Version 2 - DS Pokemon Xy - Deck Pokémon Lata Power Trio Blastoise - Ex Pokémon Xy3 Booster Punhos Furiosos - Copag Jogo Pokémon Kit do Treinador XY Pokemon Deck Xy Conflito Primitivo Núcleo Oceânico Português Pokemon Cx C/ 36 Boosters - Xy Conflito Primitivo Português Jogo Pokémon Xy1 Booster - Copag Pokemon Cx C/ 36 Boosters - Xy Força Fantasma Jogo Pokémon Xy2 Booster Flash De Fogo - Copag Jogo Pokémon Deck Arena De Batalha XY - Copag Game - Pokémon Y - 3DS Pokémon Lata Power Trio Charizard - Ex Jogo Pokémon XY1 Blister Triplo Pokemon Pikachu - Yveltal - Takara Tomy - Series 1 Game - Pokémon Alpha Sapphire - 3DS Pokémon Booster Xy Venusaur Pokemon Kit Do Treinador Xy - Totalmente Em Português
			Igorando Pelo Filtro de Nome...
		Nome do Produto: Game Pokémon Art Academy - 3DS Game - Pokémon Omega Ruby - 3DS Game Pokemon White Version 2 - DS Pokemon Xy - Deck Pokémon Lata Power Trio Blastoise - Ex Pokémon Xy3 Booster Punhos Furiosos - Copag Jogo Pokémon Kit do Treinador XY Pokemon Deck Xy Conflito Primitivo Núcleo Oceânico Português Pokemon Cx C/ 36 Boosters - Xy Conflito Primitivo Português Jogo Pokémon Xy1 Booster - Copag Pokemon Cx C/ 36 Boosters - Xy Força Fantasma Jogo Pokémon Xy2 Booster Flash De Fogo - Copag Jogo Pokémon Deck Arena De Batalha XY - Copag Game - Pokémon Y - 3DS Pokémon Lata Power Trio Charizard - Ex Jogo Pokémon XY1 Blister Triplo Pokemon Pikachu - Yveltal - Takara Tomy - Series 1 Game - Pokémon Alpha Sapphire - 3DS Pokémon Booster Xy Venusaur Pokemon Kit Do Treinador Xy - Totalmente Em Português
			Igorando Pelo Filtro de Nome...
		Nome do Produto: Game Pokémon Art Academy - 3DS Game - Pokémon Omega Ruby - 3DS Game Pokemon White Version 2 - DS Pokemon Xy - Deck Pokémon Lata Power Trio Blastoise - Ex Pokémon Xy3 Booster Punhos Furiosos - Copag Jogo Pokémon Kit do Treinador XY Pokemon Deck Xy Conflito Primitivo Núcleo Oceânico Português Pokemon Cx C/ 36 Boosters - Xy Conflito Primitivo Português Jogo Pokémon Xy1 Booster - Copag Pokemon Cx C/ 36 Boosters - Xy Força Fantasma Jogo Pokémon Xy2 Booster Flash De Fogo - Copag Jogo Pokémon Deck Arena De Batalha XY - Copag Game - Pokémon Y - 3DS Pokémon Lata Power Trio Charizard - Ex Jogo Pokémon XY1 Blister Triplo Pokemon Pikachu - Yveltal - Takara Tomy - Series 1 Game - Pokémon Alpha Sapphire - 3DS Pokémon Booster Xy Venusaur Pokemon Kit Do Treinador Xy - Totalmente Em Português
			Igorando Pelo Filtro de Nome...
		Nome do Produto: Game Pokémon Art Academy - 3DS Game - Pokémon Omega Ruby - 3DS Game Pokemon White Version 2 - DS Pokemon Xy - Deck Pokémon Lata Power Trio Blastoise - Ex Pokémon Xy3 Booster Punhos Furiosos - Copag Jogo Pokémon Kit do Treinador XY Pokemon Deck Xy Conflito Primitivo Núcleo Oceânico Português Pokemon Cx C/ 36 Boosters - Xy Conflito Primitivo Português Jogo Pokémon Xy1 Booster - Copag Pokemon Cx C/ 36 Boosters - Xy Força Fantasma Jogo Pokémon Xy2 Booster Flash De Fogo - Copag Jogo Pokémon Deck Arena De Batalha XY - Copag Game - Pokémon Y - 3DS Pokémon Lata Power Trio Charizard - Ex Jogo Pokémon XY1 Blister Triplo Pokemon Pikachu - Yveltal - Takara Tomy - Series 1 Game - Pokémon Alpha Sapphire - 3DS Pokémon Booster Xy Venusaur Pokemon Kit Do Treinador Xy - Totalmente Em Português
			Igorando Pelo Filtro de Nome...
	Tempo Para buscar: 291
Loja: ShopB
	URL Principal: http://www.shopb.com.br/
	URL Busca: http://busca.shopb.com.br/?busca=<BUSCA>
http://busca.shopb.com.br/?busca=Pokemon+Mystery+Dungeon
		Documento Lido
		Resultados: 31
		Nome do Produto: Pokemon Mystery Dungeon: Gates to Infinity - 3DS
http://shopb.ecommercesearch.com.br/Busca/Redir?url=http%3a%2f%2fwww.shopb.com.br%2fecommerce_site%2findex.php%3fpg%3dproduto%26cdg%3d4488%26idp%3d36826%26idparceiro%3dp1&esid=36826
		Acessando URL do produto.
		Nome do Produto: Adventure Time: Explore the Dungeon Because I Dont Know - PS3
			Igorando Pelo Filtro de Nome...
		Nome do Produto: Adventure Time: Explore the Dungeon Because I Dont Know - XBOX 360
			Igorando Pelo Filtro de Nome...
		Nome do Produto: Box Pokemon - Charizard EX - PT
			Igorando Pelo Filtro de Nome...
		Nome do Produto: Box Pokemon - X Y 1 Gyarados - PT
			Igorando Pelo Filtro de Nome...
		Nome do Produto: Box Pokemon - X Y 3 Slurpuff - PT
			Igorando Pelo Filtro de Nome...
		Nome do Produto: Box Pokemon - X Y 3 Trevenant - PT
			Igorando Pelo Filtro de Nome...
		Nome do Produto: Console XBOX One 500GB Branco Edição Limitada + Halo: The Master Chief Collection (Digital)
			Igorando Pelo Filtro de Nome...
		Nome do Produto: Dangan Ronpa 2: Goodbye Despair - PS Vita
			Igorando Pelo Filtro de Nome...
		Nome do Produto: Deck Duplo Pokemon - Kit do Treinador - PT
			Igorando Pelo Filtro de Nome...
		Nome do Produto: Dungeon Hunter Alliance - PS Vita
			Igorando Pelo Filtro de Nome...
		Nome do Produto: Dungeon Siege II - PC
			Igorando Pelo Filtro de Nome...
		Nome do Produto: Dungeon Siege III - XBOX 360
			Igorando Pelo Filtro de Nome...
		Nome do Produto: Halo: The Master Chief Collection - XBOX ONE
			Igorando Pelo Filtro de Nome...
		Nome do Produto: LEGO Dimensions: Starter Pack - PS3
			Igorando Pelo Filtro de Nome...
		Nome do Produto: LEGO Dimensions: Starter Pack - PS4
			Igorando Pelo Filtro de Nome...
		Nome do Produto: LEGO Dimensions: Starter Pack - XBOX 360
			Igorando Pelo Filtro de Nome...
		Nome do Produto: LEGO Dimensions: Starter Pack - XBOX ONE
			Igorando Pelo Filtro de Nome...
		Nome do Produto: O Mistério da Carta de Tarô: Casos Estranhos - PC
			Igorando Pelo Filtro de Nome...
		Nome do Produto: Pac-Man & Galaga: Dimensions - 3DS
			Igorando Pelo Filtro de Nome...
		Nome do Produto: Pack Pokemon - Black & White Congelamento de Plasma - PT
			Igorando Pelo Filtro de Nome...
		Nome do Produto: Placa de Parede Decorativa: Time and Relative Dimension in Space - ShopB
			Igorando Pelo Filtro de Nome...
		Nome do Produto: Pokemon Alpha Sapphire - 3DS
			Igorando Pelo Filtro de Nome...
		Nome do Produto: Pokemon Art Academy - 3DS
			Igorando Pelo Filtro de Nome...
		Nome do Produto: Pokemon Omega Ruby - 3DS
			Igorando Pelo Filtro de Nome...
		Nome do Produto: Pokemon X - 3DS
			Igorando Pelo Filtro de Nome...
		Nome do Produto: Pokemon Y - 3DS
			Igorando Pelo Filtro de Nome...
		Nome do Produto: Pokémon White Version 2 - DS
			Igorando Pelo Filtro de Nome...
		Nome do Produto: Dance Masters - XBOX 360
			Igorando Pelo Filtro de Nome...
		Nome do Produto: Fonte de Alimentação 500W Extreme Power Plus - Cooler Master
			Igorando Pelo Filtro de Nome...
		Nome do Produto: Mouse Pad Gamer CM Storm Speed-RXL - Cooler Master
			Igorando Pelo Filtro de Nome...
	Tempo Para buscar: 1749
Loja: Submarino
	URL Principal: http://www.submarino.com.br/
	URL Busca: http://busca.submarino.com.br/busca.php?q=<BUSCA>
http://busca.submarino.com.br/busca.php?q=Pokemon+Mystery+Dungeon
		Documento Lido
		Resultados: 1
		Nome do Produto: Game Pokemon Mystery Dungeon:Gates To Inifinity - 3DS
http://www.submarino.com.br/produto/112920987/game-pokemon-mystery-dungeon-gates-to-inifinity-3ds
		Acessando URL do produto.
java.lang.NullPointerException
	at interfaces.search.SubmarinoSearch.readEachProduct(SubmarinoSearch.java:74)
	at interfaces.search.SubmarinoSearch.search(SubmarinoSearch.java:38)
	at objects.Shop.searchProduct(Shop.java:33)
	at Main.generateHtmlReport(Main.java:89)
	at Main.main(Main.java:58)
	Tempo Para buscar: 933
Loja: Walmart
	URL Principal: http://www.walmart.com.br/
	URL Busca: http://www.walmart.com.br/busca/?ft=<BUSCA>&PS=20
http://www.walmart.com.br/busca/?ft=Pokemon+Mystery+Dungeon&PS=20
		Documento Lido
		Resultados: 20
		Nome do Produto: Jogo Pokemon Alpha Sapphire para Nintendo 3DS
			Igorando Pelo Filtro de Nome...
		Nome do Produto: Jogo Nintendo 3DS Pokémon Y
			Igorando Pelo Filtro de Nome...
		Nome do Produto: Jogo Nintendo 3DS Pokémon X
			Igorando Pelo Filtro de Nome...
		Nome do Produto: Jogo Pokemon Omega Ruby para Nintendo 3DS
			Igorando Pelo Filtro de Nome...
		Nome do Produto: Adventure Time Explore The Dungeon Because I Don´t Know N3DS
			Igorando Pelo Filtro de Nome...
		Nome do Produto: POKÉMON XY TREINADOR ASH E PIKACHU série 2 EDIMAGIC T18079
			Igorando Pelo Filtro de Nome...
		Nome do Produto: Adventure Time Explore The Dungeon Because I Don´t Know Wii U
			Igorando Pelo Filtro de Nome...
		Nome do Produto: Pokémon-Lata Xy2 Lendas de Kalos Xerneas Copag 210-40663
			Igorando Pelo Filtro de Nome...
		Nome do Produto: POKÉDEX ELETRÔNICO KALOS REGION EDIMAGIC POKÉMON XY- T18029
			Igorando Pelo Filtro de Nome...
		Nome do Produto: Pokémon-Kit do Treinador Sylveon X Noivern Copag 290-40652
			Igorando Pelo Filtro de Nome...
		Nome do Produto: Dungeon Siege III - XBOX 360
			Igorando Pelo Filtro de Nome...
		Nome do Produto: Pokémon-Blister Triplo Xy Gallade Copag 144
			Igorando Pelo Filtro de Nome...
		Nome do Produto: Adventure Time Explore The Dungeon Because I Don´t Know Xbox 360
			Igorando Pelo Filtro de Nome...
		Nome do Produto: Pokemon Pack Blister 1 Embalagem com 3 Boosters E 1 Carta Promo X Y 4
			Igorando Pelo Filtro de Nome...
		Nome do Produto: Pokemon Box Charizard 1Card Holografico Gigante 6 Booster 1 Card Holografico Charizard
			Igorando Pelo Filtro de Nome...
		Nome do Produto: Pokémon - Pokebola Gogoat + Premier Bola Tomy 18127
			Igorando Pelo Filtro de Nome...
		Nome do Produto: Pokémon-Blister Triplo Xy Gyarados Copag 144
			Igorando Pelo Filtro de Nome...
		Nome do Produto: Pokémon-Xy 2 Pikachu E Yveltal Tomy 18101
			Igorando Pelo Filtro de Nome...
		Nome do Produto: Pokémon-Blister Triplo Explosão de Plasma Genesect Copag 142
			Igorando Pelo Filtro de Nome...
		Nome do Produto: Jogo Pokémon Art Academy para Nintendo 3DS
			Igorando Pelo Filtro de Nome...
	Tempo Para buscar: 915

File copied from C:\java\workspace Estudo\lookforprices\resources\imports\css.css to C:\java\workspace Estudo\lookforprices\reports\2015-09-09 16\css.css
File copied from C:\java\workspace Estudo\lookforprices\resources\imports\jquery.js to C:\java\workspace Estudo\lookforprices\reports\2015-09-09 16\jquery.js
File copied from C:\java\workspace Estudo\lookforprices\resources\imports\scripts.js to C:\java\workspace Estudo\lookforprices\reports\2015-09-09 16\scripts.js
Tempo total de execução: 28746
