Game: Pokemon Platinum
Product Name: Pokemon Platinum
Loja: Nintendo eShop
	URL Principal: http://www.nintendo.com/3ds/eshop
	URL Busca: http://www.nintendo.com/json/content/get/game/filter?&qterm=<BUSCA>
NintendoEShopSearch.search() http://www.nintendo.com/json/content/get/game/filter?&qterm=Pokemon+Platinum
		Documento Lido
		Resultados: 1
		Nome do Produto: Pokémon Platinum
http://www.nintendo.com/games/detail/JoArRkwnb2vOPnAM4jd5vNF1VMoQVvjE
		Acessando URL do produto.
URL = http://www.nintendo.com/games/detail/JoArRkwnb2vOPnAM4jd5vNF1VMoQVvjE
	Tempo Para buscar: 1476
Loja: Americanas
	URL Principal: http://www.americanas.com.br/
	URL Busca: http://busca.americanas.com.br/busca.php?q=<BUSCA>
http://busca.americanas.com.br/busca.php?q=Pokemon+Platinum
		Documento Lido
		Resultados: 30
		Nome do Produto: Jogo Pokémon Xy2 Booster Flash De Fogo - Copag
			Igorando Pelo Filtro de Nome...
		Nome do Produto: Jogo Pokémon Deck Arena De Batalha XY - Copag
			Igorando Pelo Filtro de Nome...
		Nome do Produto: Pokémon Xy3 Booster Punhos Furiosos - Copag
			Igorando Pelo Filtro de Nome...
		Nome do Produto: Game - Pokémon Omega Ruby - 3DS
			Igorando Pelo Filtro de Nome...
		Nome do Produto: Jogo Pokémon Kit do Treinador XY
			Igorando Pelo Filtro de Nome...
		Nome do Produto: Pokémon Lata Power Trio Blastoise - Ex
			Igorando Pelo Filtro de Nome...
		Nome do Produto: Jogo Pokémon Xy1 Booster - Copag
			Igorando Pelo Filtro de Nome...
		Nome do Produto: Game Pokémon Art Academy - 3DS
			Igorando Pelo Filtro de Nome...
		Nome do Produto: Pokemon Deck Xy Conflito Primitivo Núcleo Oceânico...
			Igorando Pelo Filtro de Nome...
		Nome do Produto: Pokemon Cx C/ 36 Boosters - Xy Conflito Primitivo Português
			Igorando Pelo Filtro de Nome...
		Nome do Produto: Pokemon - Mega Metagross Ex Premium Collection Box
			Igorando Pelo Filtro de Nome...
		Nome do Produto: Game - Pokémon Alpha Sapphire - 3DS
			Igorando Pelo Filtro de Nome...
		Nome do Produto: Pokemon Bulbasaur - Poke Ball - Takara Tomy - Series 1
			Igorando Pelo Filtro de Nome...
		Nome do Produto: Game Pokemon White Version 2 - DS
			Igorando Pelo Filtro de Nome...
		Nome do Produto: Game - Pokémon Y - 3DS
			Igorando Pelo Filtro de Nome...
		Nome do Produto: Pokemon Box Charizard Ex - Totalmente Em Português
			Igorando Pelo Filtro de Nome...
		Nome do Produto: Pokemon Black White - Deck Exploradores Da Escuridão -...
			Igorando Pelo Filtro de Nome...
		Nome do Produto: Pokémon Starter Deck Talonflame Xy 4 Força Fantasma
			Igorando Pelo Filtro de Nome...
		Nome do Produto: Pokémon Lata Power Trio Charizard - Ex
			Igorando Pelo Filtro de Nome...
		Nome do Produto: Lata Pokemon Kalos Power Delphox Ex - Em Português
			Igorando Pelo Filtro de Nome...
		Nome do Produto: Pokemon Deck Black White - Congelamento De Plasma -...
			Igorando Pelo Filtro de Nome...
		Nome do Produto: Pokemon Kit Do Treinador Xy - Totalmente Em Português
			Igorando Pelo Filtro de Nome...
		Nome do Produto: Pokemon Black White - Deck Vitórias Nobres - Velocidade...
			Igorando Pelo Filtro de Nome...
		Nome do Produto: Pokemon Cx C/ 36 Boosters - Xy Força Fantasma
			Igorando Pelo Filtro de Nome...
		Nome do Produto: Pasta Pokemon Xy - Primal Clash - 3 Aros E 25 Folhas
			Igorando Pelo Filtro de Nome...
		Nome do Produto: Pasta Pokemon Xy - Phantom Forces - 3 Aros E 25 Folhas
			Igorando Pelo Filtro de Nome...
		Nome do Produto: Pokemon Pikachu - Yveltal - Takara Tomy - Series 1
			Igorando Pelo Filtro de Nome...
		Nome do Produto: Pokemon - Pyroar Box
			Igorando Pelo Filtro de Nome...
		Nome do Produto: 3ds - Pokemon Omega Ruby
			Igorando Pelo Filtro de Nome...
		Nome do Produto: Pokemon Xy - Booster
			Igorando Pelo Filtro de Nome...
	Tempo Para buscar: 589
Loja: Big Boy Games
	URL Principal: http://www.bigboygames.com.br/
	URL Busca: http://www.bigboygames.com.br/pesquisa/?p=<BUSCA>
http://www.bigboygames.com.br/pesquisa/?p=Pokemon+Platinum
		Documento Lido
		Resultados: 4
		Nome do Produto: Xbox One - Gears of War: Ultimate Edition
			Igorando Pelo Filtro de Nome...
		Nome do Produto: PS4 - Middle-Earth: Shadow of Mordor
			Igorando Pelo Filtro de Nome...
		Nome do Produto: Xbox One - Assassin's Creed IV: Black Flag
			Igorando Pelo Filtro de Nome...
		Nome do Produto: PS3 - Batman: Arkham Origins
			Igorando Pelo Filtro de Nome...
	Tempo Para buscar: 1210
Loja: Casas Bahia
	URL Principal: http://www.casasbahia.com.br/
	URL Busca: http://buscas.casasbahia.com.br/search?w=<BUSCA>
http://buscas.casasbahia.com.br/search?w=Pokemon+Platinum
		Documento Lido
		Resultados: 1
		Nome do Produto: Pokemon - Pyroar Box
			Igorando Pelo Filtro de Nome...
		Nome do Produto: Boneco Pokemon Pansage Pokeattack
			Igorando Pelo Filtro de Nome...
		Nome do Produto: Pokémon Y - 3DS
			Igorando Pelo Filtro de Nome...
		Nome do Produto: Pokémon-Xy Xerneas Tomy 18550A
			Igorando Pelo Filtro de Nome...
		Nome do Produto: Pokémon-Xy Yveltal Tomy 18551A
			Igorando Pelo Filtro de Nome...
		Nome do Produto: Pokemon - Vol. 04
			Igorando Pelo Filtro de Nome...
		Nome do Produto: Pokémon - Vol. 5
			Igorando Pelo Filtro de Nome...
		Nome do Produto: Pokémon - Vol. 06
			Igorando Pelo Filtro de Nome...
		Nome do Produto: Pokémon Omega Ruby - 3DS
			Igorando Pelo Filtro de Nome...
		Nome do Produto: Pokémon Alpha Sapphire - 3DS
			Igorando Pelo Filtro de Nome...
		Nome do Produto: Pokemon Box Mega Charizard Y
			Igorando Pelo Filtro de Nome...
		Nome do Produto: Jogo Pokémon White Version 2 - NDS
			Igorando Pelo Filtro de Nome...
		Nome do Produto: Jogo Pokémon Rumble Blast - 3DS
			Igorando Pelo Filtro de Nome...
		Nome do Produto: Pokémon-Blister Triplo Xy Gyarados Copag 144
			Igorando Pelo Filtro de Nome...
		Nome do Produto: Pokémon-Blister Triplo Xy Gallade Copag 144
			Igorando Pelo Filtro de Nome...
		Nome do Produto: Jogo Pokémon Omega Ruby - 3DS
			Igorando Pelo Filtro de Nome...
		Nome do Produto: Jogo Pokémon Alpha Sapphire - 3DS
			Igorando Pelo Filtro de Nome...
		Nome do Produto: Jogo Pokémon Alpha Sapphire - 3DS
			Igorando Pelo Filtro de Nome...
		Nome do Produto: Jogo Pokémon Omega Ruby - 3DS
			Igorando Pelo Filtro de Nome...
		Nome do Produto: Lata Pokemon Groudon Ex - Em Português
			Igorando Pelo Filtro de Nome...
	Tempo Para buscar: 1134
Loja: Extra
	URL Principal: http://www.extra.com.br/
	URL Busca: http://buscando.extra.com.br/search?w=<BUSCA>
http://buscando.extra.com.br/search?w=Pokemon+Platinum
		Documento Lido
		Resultados: 12
		Nome do Produto: Boneco Pokemon Pansage Pokeattack
			Igorando Pelo Filtro de Nome...
		Nome do Produto: Pokémon X - 3DS
			Igorando Pelo Filtro de Nome...
		Nome do Produto: Pokémon - Vol. 5
			Igorando Pelo Filtro de Nome...
		Nome do Produto: Pokemon - Pyroar Box
			Igorando Pelo Filtro de Nome...
		Nome do Produto: Pokemon - Vol. 04
			Igorando Pelo Filtro de Nome...
		Nome do Produto: Pokémon - Vol. 06
			Igorando Pelo Filtro de Nome...
		Nome do Produto: Pokémon-Xy Xerneas Tomy 18550A
			Igorando Pelo Filtro de Nome...
		Nome do Produto: Pokémon-Xy Yveltal Tomy 18551A
			Igorando Pelo Filtro de Nome...
		Nome do Produto: Jogo Pokémon Conquest - NDS
			Igorando Pelo Filtro de Nome...
		Nome do Produto: Pokémon Omega Ruby - 3DS
			Igorando Pelo Filtro de Nome...
		Nome do Produto: Pokémon Alpha Sapphire - 3DS
			Igorando Pelo Filtro de Nome...
		Nome do Produto: Pokemon Box Mega Charizard Y
			Igorando Pelo Filtro de Nome...
	Tempo Para buscar: 1145
Loja: E-Virtua
	URL Principal: http://www.evirtua.com.br/
	URL Busca: http://www.evirtua.com.br/Busca?search_department_id=0&SearchTerm=<BUSCA>
http://www.evirtua.com.br/Busca?search_department_id=0&SearchTerm=Pokemon+Platinum
		Documento Lido
		Resultados: 0
	Tempo Para buscar: 169
Loja: Fast Games
	URL Principal: http://www.fastgames.com.br/
	URL Busca: http://www.fastgames.com.br/loja/busca.php?loja=187970&palavra_busca=<BUSCA>
http://www.fastgames.com.br/loja/busca.php?loja=187970&palavra_busca=Pokemon+Platinum
		Documento Lido
		Resultados: 0
	Tempo Para buscar: 359
Loja: Fast Shop
	URL Principal: http://www.fastshop.com.br/loja/
	URL Busca: http://www.fastshop.com.br/webapp/wcs/stores/servlet/SearchDisplay?searchTerm=<BUSCA>&categoryId=&storeId=10151&catalogId=11052&langId=-6&pageSize=9&beginIndex=0&sType=SimpleSearch&resultCatEntryType=2&showResultsPage=true&searchSource=Q&pageView=&hotsite=fastshop
http://www.fastshop.com.br/webapp/wcs/stores/servlet/SearchDisplay?searchTerm=Pokemon+Platinum&categoryId=&storeId=10151&catalogId=11052&langId=-6&pageSize=9&beginIndex=0&sType=SimpleSearch&resultCatEntryType=2&showResultsPage=true&searchSource=Q&pageView=&hotsite=fastshop
		Documento Lido
		Resultados: 0
	Tempo Para buscar: 548
Loja: FNAC
	URL Principal: http://www.fnac.com.br/index.html
	URL Busca: http://busca.fnac.com.br/?busca=<BUSCA>
http://busca.fnac.com.br/?busca=Pokemon+Platinum
		Documento Lido
		Resultados: 20
		Nome do Produto: Platinum
			Igorando Pelo Filtro de Nome...
		Nome do Produto: 3ds Pokemon Art Academy
			Igorando Pelo Filtro de Nome...
		Nome do Produto: 3ds Pokemon Omega Ruby
			Igorando Pelo Filtro de Nome...
		Nome do Produto: Beyoncé (platinum Edition/ 2 CDs + 2 DVDs)
			Igorando Pelo Filtro de Nome...
		Nome do Produto: Pokemon Xy Treinador Pokemon Ash F14 (4) - T18079b1
			Igorando Pelo Filtro de Nome...
		Nome do Produto: Pokemon Poke Bola Sortidas (6) T18532 B1
			Igorando Pelo Filtro de Nome...
		Nome do Produto: Pokemon Xy Pelucia Pikachu Plus (6) - T18566
			Igorando Pelo Filtro de Nome...
		Nome do Produto: Pokemon Xy 2 Pikachu Disco de Batalha (2) - T18207b
			Igorando Pelo Filtro de Nome...
		Nome do Produto: I-ching - O Caminho da Sabedoria
			Igorando Pelo Filtro de Nome...
		Nome do Produto: Caixa de Receitas - Cocktails
			Igorando Pelo Filtro de Nome...
		Nome do Produto: Caixa de Receitas - Tartes & Bolos
			Igorando Pelo Filtro de Nome...
		Nome do Produto: Caixa de Receitas - Chocolates & Pralinês
			Igorando Pelo Filtro de Nome...
		Nome do Produto: Pequenos Quartos Para Crianças
			Igorando Pelo Filtro de Nome...
		Nome do Produto: Fashion
			Igorando Pelo Filtro de Nome...
		Nome do Produto: Sopas E Ensopados
			Igorando Pelo Filtro de Nome...
		Nome do Produto: Bolos E Tartes
			Igorando Pelo Filtro de Nome...
		Nome do Produto: Grande Livro das Salas
			Igorando Pelo Filtro de Nome...
		Nome do Produto: Karl Blossfeldt - The Complete Published Work
			Igorando Pelo Filtro de Nome...
		Nome do Produto: La Fotografia Del Siglo Xx
			Igorando Pelo Filtro de Nome...
		Nome do Produto: Playboy
			Igorando Pelo Filtro de Nome...
	Tempo Para buscar: 1064
Loja: Kabum
	URL Principal: http://www.kabum.com.br/
	URL Busca: http://www.kabum.com.br/cgi-local/site/listagem/listagem.cgi?string=<BUSCA>&btnG=
http://www.kabum.com.br/cgi-local/site/listagem/listagem.cgi?string=Pokemon+Platinum&btnG=
		Documento Lido
		Resultados: 0
	Tempo Para buscar: 1416
Loja: Livraria Cultura
	URL Principal: http://www.livrariacultura.com.br/
	URL Busca: http://www.livrariacultura.com.br/busca?N=0&Ntt=<BUSCA>
http://www.livrariacultura.com.br/busca?N=0&Ntt=Pokemon+Platinum
		Documento Lido
		Resultados: 6
		Nome do Produto: POKEMON ADVENTURES DIAMOND AND PEARL PLATINUM
http://www.livrariacultura.com.br/p/pokemon-adventures-diamond-and-pearl-platinum-42106242
		Acessando URL do produto.
		Nome do Produto: POKEMON ADVENTURES PLATINUM, V.3
http://www.livrariacultura.com.br/p/pokemon-adventures-platinum-v3-22540386
		Acessando URL do produto.
		Nome do Produto: POKEMON ADVENTURES PLATINUM, V.4
http://www.livrariacultura.com.br/p/pokemon-adventures-platinum-v4-22668210
		Acessando URL do produto.
		Nome do Produto: POKEMON ADVENTURES PLATINUM, V.2
http://www.livrariacultura.com.br/p/pokemon-adventures-platinum-v2-22357901
		Acessando URL do produto.
		Nome do Produto: POKEMON ADVENTURES PLATINUM, V.1
http://www.livrariacultura.com.br/p/pokemon-adventures-platinum-v1-22203005
		Acessando URL do produto.
		Nome do Produto: POKEMON PLATINUM - PRIMA OFFICIAL GAME GUIDE
http://www.livrariacultura.com.br/p/pokemon-platinum-prima-official-game-guide-5081026
		Acessando URL do produto.
	Tempo Para buscar: 2581
Loja: Magazine Luiza
	URL Principal: http://www.magazineluiza.com.br/
	URL Busca: http://www.magazineluiza.com.br/busca/<BUSCA>/
http://www.magazineluiza.com.br/busca/Pokemon+Platinum/
		Documento Lido
		Resultados: 60
		Nome do Produto: Pokémon Omega Ruby para Nintendo 3DS - Nintendo
			Igorando Pelo Filtro de Nome...
		Nome do Produto: Pokémon Art Academy para Nintendo 3DS - Nintendo
			Igorando Pelo Filtro de Nome...
		Nome do Produto: Shampoo Matizador Platinum - Cadiveu 250ml
			Igorando Pelo Filtro de Nome...
		Nome do Produto: Máscara Matizadora Platinum 500g - Cadiveu
			Igorando Pelo Filtro de Nome...
		Nome do Produto: Mask Platinum 30g - Charis
			Igorando Pelo Filtro de Nome...
		Nome do Produto: Condicionador Platinum 250ml - Cadiveu
			Igorando Pelo Filtro de Nome...
		Nome do Produto: Shampoo Platinum 250ml - Cadiveu
			Igorando Pelo Filtro de Nome...
		Nome do Produto: Colcha/Cobre-Leito Solteiro Santista Platinum - Caroline 2 2 Peças 200 Fios
			Igorando Pelo Filtro de Nome...
		Nome do Produto: Colcha/Cobre-Leito Solteiro Santista Platinum - Sophie 2 Peças 200 Fios
			Igorando Pelo Filtro de Nome...
		Nome do Produto: Colcha/Cobre-Leito Solteiro Santista Platinum - Orfeu 2 Peças 200 Fios
			Igorando Pelo Filtro de Nome...
		Nome do Produto: Colcha/Cobre-Leito Solteiro Santista Platinum - Luiza 3 Peças 200 Fios
			Igorando Pelo Filtro de Nome...
		Nome do Produto: Colcha/Cobre-Leito King Size Santista Platinum - Orfeu 3 Peças 200 Fios
			Igorando Pelo Filtro de Nome...
		Nome do Produto: Colcha/Cobre-Leito King Size Santista Platinum - Sophie 3 Peças 200 Fios
			Igorando Pelo Filtro de Nome...
		Nome do Produto: Guarda-Roupa Casal Platinum 6 Portas - 4 Gavetas - THB
			Igorando Pelo Filtro de Nome...
		Nome do Produto: Jogo de Cama / Lençol King Size Platinum Luiza - 4 Peças 200 Fios - Santista
			Igorando Pelo Filtro de Nome...
		Nome do Produto: Jogo de Cama / Lençol King Size Platinum Luiza - 4 Peças 200 Fios - Santista
			Igorando Pelo Filtro de Nome...
		Nome do Produto: Jogo de Cama / Lençol King Size Platinum Orfeu - 4 Peças 200 Fios - Santista
			Igorando Pelo Filtro de Nome...
		Nome do Produto: Colcha/Cobre-Leito Casal Santista Platinum - Caroline 2 3 Peças 200 Fios
			Igorando Pelo Filtro de Nome...
		Nome do Produto: Colcha/Cobre-Leito Casal Santista Platinum Sophie - 3 Peças 200 Fios
			Igorando Pelo Filtro de Nome...
		Nome do Produto: Colcha/Cobre-Leito Casal Santista Platinum Luiza - 3 Peças 200 Fios
			Igorando Pelo Filtro de Nome...
		Nome do Produto: Colcha/Cobre-Leito Queen Size Santista Platinum - Sophie 3 Peças 200 Fios
			Igorando Pelo Filtro de Nome...
		Nome do Produto: Colcha/Cobre-Leito Queen Size Santista Platinum - Orfeu 3 Peças 200 Fios
			Igorando Pelo Filtro de Nome...
		Nome do Produto: Colcha/Cobreleito Queen Size Santista Platinum - Luiza 3 Peças 200 Fios
			Igorando Pelo Filtro de Nome...
		Nome do Produto: Colcha/Cobre-Leito Queen Size Santista Platinum - Marcelo 3 Peças 200 Fios
			Igorando Pelo Filtro de Nome...
		Nome do Produto: Jogo de Cama / Lençol Solteiro Platinum Magnolia - 3 Peças 200 Fios - Santista
			Igorando Pelo Filtro de Nome...
		Nome do Produto: Jogo de Cama / Lençol King Size Platinum Dubai - 4 Peças 200 Fios - Santista
			Igorando Pelo Filtro de Nome...
		Nome do Produto: Jogo de Cama / Lençol Queen Size Platinum Orfeu - 4 Peças 200 Fios - Santista
			Igorando Pelo Filtro de Nome...
		Nome do Produto: Jogo de Cama / Lençol Queen Size Platinum Marcelo - 4 Peças 200 Fios - Santista
			Igorando Pelo Filtro de Nome...
		Nome do Produto: Jogo de Cama / Lençol Casal Platinum Orfeu 4 Peças - 200 Fios - Santista
			Igorando Pelo Filtro de Nome...
		Nome do Produto: Jogo de Cama / Lençol Casal Platinum Marcelo - 4 Peças 200 Fios - Santista
			Igorando Pelo Filtro de Nome...
		Nome do Produto: Colcha/Cobre-Leito Casal Santista Platinum Orfeu - 3 Peças 200 Fios
			Igorando Pelo Filtro de Nome...
		Nome do Produto: Jogo de Cama / Lençol Queen Size Platinum Dubai - 4 Peças - Santista
			Igorando Pelo Filtro de Nome...
		Nome do Produto: Jogo de Cama / Lençol Casal Platinum Magnólia - 4 Peças 200 Fios - Santista
			Igorando Pelo Filtro de Nome...
		Nome do Produto: Colchão Ortobom Casal Mola 138x188cm - Physical Luna Platinum
			Igorando Pelo Filtro de Nome...
		Nome do Produto: Colchão Ortobom Solteiro Mola 88x188cm - Physical Luna Platinum
			Igorando Pelo Filtro de Nome...
		Nome do Produto: Box para Colchão Casal 138x188cm - Paropas Platinum Black
			Igorando Pelo Filtro de Nome...
		Nome do Produto: Colchão Paropas Casal Mola 138x188cm - Platinum Black
			Igorando Pelo Filtro de Nome...
		Nome do Produto: Esmalte para Unhas China Glaze Metálico - Cor 627 - Platinum Silver - China Glaze
			Igorando Pelo Filtro de Nome...
		Nome do Produto: Kit Colcha/Cobre-Leito Casal Santista - Platinum Dubai 3 Peças 200 Fios
			Igorando Pelo Filtro de Nome...
		Nome do Produto: Kit Colcha/Cobre-Leito Solteiro Santista - Platinum Magnólia 2 Peças 200 Fios
			Igorando Pelo Filtro de Nome...
		Nome do Produto: Kit Colcha/Cobre-Leito Queen Size Santista - Platinum Dubai 3 Peças 200 Fios
			Igorando Pelo Filtro de Nome...
		Nome do Produto: Kit Colcha/Cobre-Leito Casal Santista - Platinum Magnólia 3 Peças 200 Fios
			Igorando Pelo Filtro de Nome...
		Nome do Produto: Kit Colcha/Cobre-Leito Solteiro Santista - Platinum Dubai 2 Peças 200 Fios
			Igorando Pelo Filtro de Nome...
		Nome do Produto: Kit Colcha/Cobre-Leito King Size Santista - Platinum Magnólia 3 Peças 200 Fios
			Igorando Pelo Filtro de Nome...
		Nome do Produto: Pokémon Black & White - Vol. 04 - Panini Books
			Igorando Pelo Filtro de Nome...
		Nome do Produto: Cama Box (Box + Colchão) Solteiro Mola 88x188cm - Ortobom Physical Luna Platinum
			Igorando Pelo Filtro de Nome...
		Nome do Produto: Cama Box (Box + Colchão) Casal Mola Bonnel - 138x188cm - Paropas Platinum Black
			Igorando Pelo Filtro de Nome...
		Nome do Produto: Pokémon Alpha Sapphire para Nintendo 3DS - Nintendo
			Igorando Pelo Filtro de Nome...
		Nome do Produto: Pokemon X para Nintendo 3DS - Nintendo
			Igorando Pelo Filtro de Nome...
		Nome do Produto: Colcha/Cobre-Leito King Size Santista Platinum - Luiza 3 Peças 200 Fios
			Igorando Pelo Filtro de Nome...
		Nome do Produto: Colcha/Cobreleito Solteiro Santista Platinum - Anabelle 2 Peças 200 Fios
			Igorando Pelo Filtro de Nome...
		Nome do Produto: Jogo de Cama / Lençol Solteiro Platinum Luiza - 3 Peças 200 Fios - Santista
			Igorando Pelo Filtro de Nome...
		Nome do Produto: Jogo de Cama / Lençol Solteiro Platinum Marcelo - 3 Peças 200 Fios - Santista
			Igorando Pelo Filtro de Nome...
		Nome do Produto: Jogo de Cama / Lençol Solteiro Platinum Luiza - 3 Peças 200 Fios - Santista
			Igorando Pelo Filtro de Nome...
		Nome do Produto: Jogo de Cama / Lençol Solteiro Platinum Orfeu - 3 Peças 200 Fios - Santista
			Igorando Pelo Filtro de Nome...
		Nome do Produto: Jogo de Cama / Lençol King Size Platinum Marcelo - 4 Peças 200 Fios - Santista
			Igorando Pelo Filtro de Nome...
		Nome do Produto: Jogo de Cama King Size Platinum Leaf 4 Peças - 200 Fios - Santista
			Igorando Pelo Filtro de Nome...
		Nome do Produto: Jogo de Cama / Lençol King Size Platinum Magnolia - 4 Peças 200 Fios - Santista
			Igorando Pelo Filtro de Nome...
		Nome do Produto: Jogo de Cama / Lençol Solteiro Platinum Dubai - 3 Peças 200 Fios - Santista
			Igorando Pelo Filtro de Nome...
		Nome do Produto: Jogo de Cama / Lençol Casal Platinum Luiza 4 Peças - 200 Fios - Santista
			Igorando Pelo Filtro de Nome...
	Tempo Para buscar: 1263
Loja: Mula Games
	URL Principal: http://www.mulagames.com.br/
	URL Busca: http://www.mulagames.com.br/produtos-index/catalogo_produtos/-/-/<BUSCA>/-/-/-/-/-/
http://www.mulagames.com.br/produtos-index/catalogo_produtos/-/-/Pokemon%20Platinum/-/-/-/-/-/
		Documento Lido
		Resultados: 0
	Tempo Para buscar: 1105
Loja: Net Shoes
	URL Principal: http://www.netshoes.com.br/
	URL Busca: http://www.netshoes.com.br/search?Ntt=<BUSCA>
http://www.netshoes.com.br/search?Ntt=Pokemon+Platinum
		Documento Lido
		Resultados: 0
	Tempo Para buscar: 103
Loja: Ponto Frio
	URL Principal: http://www.pontofrio.com.br/
	URL Busca: http://search.pontofrio.com.br/search?w=<BUSCA>
http://search.pontofrio.com.br/search?w=Pokemon+Platinum
		Documento Lido
		Resultados: 1
		Nome do Produto: Jogo Pokémon Conquest - NDS
			Igorando Pelo Filtro de Nome...
		Nome do Produto: Boneco Pokemon Pansage Pokeattack
			Igorando Pelo Filtro de Nome...
		Nome do Produto: Pokémon X - 3DS
			Igorando Pelo Filtro de Nome...
		Nome do Produto: Pokemon - Vol. 04
			Igorando Pelo Filtro de Nome...
		Nome do Produto: Pokemon - Pyroar Box
			Igorando Pelo Filtro de Nome...
		Nome do Produto: Pokémon - Vol. 5
			Igorando Pelo Filtro de Nome...
		Nome do Produto: Pokémon-Xy Xerneas Tomy 18550A
			Igorando Pelo Filtro de Nome...
		Nome do Produto: Pokémon-Xy Yveltal Tomy 18551A
			Igorando Pelo Filtro de Nome...
		Nome do Produto: Pokémon - Vol. 06
			Igorando Pelo Filtro de Nome...
		Nome do Produto: Pokémon Omega Ruby - 3DS
			Igorando Pelo Filtro de Nome...
		Nome do Produto: Pokémon Alpha Sapphire - 3DS
			Igorando Pelo Filtro de Nome...
		Nome do Produto: Pokemon Box Mega Charizard Y
			Igorando Pelo Filtro de Nome...
		Nome do Produto: Pokémon Y - Nintendo 3DS
			Igorando Pelo Filtro de Nome...
		Nome do Produto: Pokemon Helioptile Vs Vaporeon - Takara Tomy
			Igorando Pelo Filtro de Nome...
		Nome do Produto: Jogo Pokémon Alpha Sapphire - 3DS
			Igorando Pelo Filtro de Nome...
		Nome do Produto: Jogo Pokémon Omega Ruby - 3DS
			Igorando Pelo Filtro de Nome...
		Nome do Produto: Lata Pokemon Groudon Ex - Em Português
			Igorando Pelo Filtro de Nome...
		Nome do Produto: Lata Pokemon Kyogre Ex - Em Português
			Igorando Pelo Filtro de Nome...
		Nome do Produto: Jogo Pokémon Rumble Blast - 3DS
			Igorando Pelo Filtro de Nome...
		Nome do Produto: Jogo Pokémon White Version 2 - NDS
			Igorando Pelo Filtro de Nome...
		Nome do Produto: Jogo Pokémon Conquest - NDS
			Igorando Pelo Filtro de Nome...
		Nome do Produto: Boneco Pokemon Pansage Pokeattack
			Igorando Pelo Filtro de Nome...
		Nome do Produto: Pokémon X - 3DS
			Igorando Pelo Filtro de Nome...
		Nome do Produto: Pokemon - Vol. 04
			Igorando Pelo Filtro de Nome...
		Nome do Produto: Pokemon - Pyroar Box
			Igorando Pelo Filtro de Nome...
		Nome do Produto: Pokémon - Vol. 5
			Igorando Pelo Filtro de Nome...
		Nome do Produto: Pokémon-Xy Xerneas Tomy 18550A
			Igorando Pelo Filtro de Nome...
		Nome do Produto: Pokémon-Xy Yveltal Tomy 18551A
			Igorando Pelo Filtro de Nome...
		Nome do Produto: Pokémon - Vol. 06
			Igorando Pelo Filtro de Nome...
		Nome do Produto: Pokémon Omega Ruby - 3DS
			Igorando Pelo Filtro de Nome...
		Nome do Produto: Pokémon Alpha Sapphire - 3DS
			Igorando Pelo Filtro de Nome...
		Nome do Produto: Pokemon Box Mega Charizard Y
			Igorando Pelo Filtro de Nome...
		Nome do Produto: Pokémon Y - Nintendo 3DS
			Igorando Pelo Filtro de Nome...
		Nome do Produto: Pokemon Helioptile Vs Vaporeon - Takara Tomy
			Igorando Pelo Filtro de Nome...
		Nome do Produto: Jogo Pokémon Alpha Sapphire - 3DS
			Igorando Pelo Filtro de Nome...
		Nome do Produto: Jogo Pokémon Omega Ruby - 3DS
			Igorando Pelo Filtro de Nome...
		Nome do Produto: Lata Pokemon Groudon Ex - Em Português
			Igorando Pelo Filtro de Nome...
		Nome do Produto: Lata Pokemon Kyogre Ex - Em Português
			Igorando Pelo Filtro de Nome...
		Nome do Produto: Jogo Pokémon Rumble Blast - 3DS
			Igorando Pelo Filtro de Nome...
		Nome do Produto: Jogo Pokémon White Version 2 - NDS
			Igorando Pelo Filtro de Nome...
	Tempo Para buscar: 1276
Loja: Ricardo Eletro
	URL Principal: http://www.ricardoeletro.com.br/
	URL Busca: http://www.ricardoeletro.com.br/Busca/Resultado/?q=<BUSCA>
http://www.ricardoeletro.com.br/Busca/Resultado/?q=Pokemon+Platinum
		Documento Lido
		Resultados: 0
	Tempo Para buscar: 1032
Loja: RiHappy
	URL Principal: http://www.rihappy.com.br/
	URL Busca: http://www.rihappy.com.br/<BUSCA>
http://www.rihappy.com.br/Pokemon%20Platinum
		Documento Lido
		Resultados: 0
	Tempo Para buscar: 956
Loja: Saraiva
	URL Principal: http://www.saraiva.com.br/
	URL Busca: http://busca.saraiva.com.br/search?w=<BUSCA>&PAC_ID=129457&ts=ajax
http://busca.saraiva.com.br/search?w=Pokemon+Platinum&PAC_ID=129457&ts=ajax
		Documento Lido
		Resultados: 2
		Nome do Produto: Multifuncional HP Officej...
			Igorando Pelo Filtro de Nome...
		Nome do Produto: Vade Mecum Saraiva Compac...
			Igorando Pelo Filtro de Nome...
	Tempo Para buscar: 157
Loja: Shop Facil
	URL Principal: http://ww2.shopfacil.com.br/
	URL Busca: http://ww2.shopfacil.com.br/<BUSCA>
http://ww2.shopfacil.com.br/Pokemon%20Platinum
		Documento Lido
		Resultados: 0
	Tempo Para buscar: 1651
Loja: Shop Time
	URL Principal: http://www.shoptime.com.br/
	URL Busca: http://busca.shoptime.com.br/busca.php?q=<BUSCA>
http://busca.shoptime.com.br/busca.php?q=Pokemon+Platinum
		Documento Lido
		Resultados: 20
		Nome do Produto: Game Pokémon Art Academy - 3DS Game - Pokémon Omega Ruby - 3DS Game Pokemon White Version 2 - DS Pokemon Xy - Deck Pokémon Lata Power Trio Blastoise - Ex Pokémon Xy3 Booster Punhos Furiosos - Copag Jogo Pokémon Kit do Treinador XY Pokemon Deck Xy Conflito Primitivo Núcleo Oceânico Português Pokemon Cx C/ 36 Boosters - Xy Conflito Primitivo Português Jogo Pokémon Xy1 Booster - Copag Pokemon Cx C/ 36 Boosters - Xy Força Fantasma Jogo Pokémon Xy2 Booster Flash De Fogo - Copag Jogo Pokémon Deck Arena De Batalha XY - Copag Game - Pokémon Y - 3DS Pokémon Lata Power Trio Charizard - Ex Jogo Pokémon XY1 Blister Triplo Pokemon Pikachu - Yveltal - Takara Tomy - Series 1 Game - Pokémon Alpha Sapphire - 3DS Pokémon Booster Xy Venusaur Pokemon Kit Do Treinador Xy - Totalmente Em Português
			Igorando Pelo Filtro de Nome...
		Nome do Produto: Game Pokémon Art Academy - 3DS Game - Pokémon Omega Ruby - 3DS Game Pokemon White Version 2 - DS Pokemon Xy - Deck Pokémon Lata Power Trio Blastoise - Ex Pokémon Xy3 Booster Punhos Furiosos - Copag Jogo Pokémon Kit do Treinador XY Pokemon Deck Xy Conflito Primitivo Núcleo Oceânico Português Pokemon Cx C/ 36 Boosters - Xy Conflito Primitivo Português Jogo Pokémon Xy1 Booster - Copag Pokemon Cx C/ 36 Boosters - Xy Força Fantasma Jogo Pokémon Xy2 Booster Flash De Fogo - Copag Jogo Pokémon Deck Arena De Batalha XY - Copag Game - Pokémon Y - 3DS Pokémon Lata Power Trio Charizard - Ex Jogo Pokémon XY1 Blister Triplo Pokemon Pikachu - Yveltal - Takara Tomy - Series 1 Game - Pokémon Alpha Sapphire - 3DS Pokémon Booster Xy Venusaur Pokemon Kit Do Treinador Xy - Totalmente Em Português
			Igorando Pelo Filtro de Nome...
		Nome do Produto: Game Pokémon Art Academy - 3DS Game - Pokémon Omega Ruby - 3DS Game Pokemon White Version 2 - DS Pokemon Xy - Deck Pokémon Lata Power Trio Blastoise - Ex Pokémon Xy3 Booster Punhos Furiosos - Copag Jogo Pokémon Kit do Treinador XY Pokemon Deck Xy Conflito Primitivo Núcleo Oceânico Português Pokemon Cx C/ 36 Boosters - Xy Conflito Primitivo Português Jogo Pokémon Xy1 Booster - Copag Pokemon Cx C/ 36 Boosters - Xy Força Fantasma Jogo Pokémon Xy2 Booster Flash De Fogo - Copag Jogo Pokémon Deck Arena De Batalha XY - Copag Game - Pokémon Y - 3DS Pokémon Lata Power Trio Charizard - Ex Jogo Pokémon XY1 Blister Triplo Pokemon Pikachu - Yveltal - Takara Tomy - Series 1 Game - Pokémon Alpha Sapphire - 3DS Pokémon Booster Xy Venusaur Pokemon Kit Do Treinador Xy - Totalmente Em Português
			Igorando Pelo Filtro de Nome...
		Nome do Produto: Game Pokémon Art Academy - 3DS Game - Pokémon Omega Ruby - 3DS Game Pokemon White Version 2 - DS Pokemon Xy - Deck Pokémon Lata Power Trio Blastoise - Ex Pokémon Xy3 Booster Punhos Furiosos - Copag Jogo Pokémon Kit do Treinador XY Pokemon Deck Xy Conflito Primitivo Núcleo Oceânico Português Pokemon Cx C/ 36 Boosters - Xy Conflito Primitivo Português Jogo Pokémon Xy1 Booster - Copag Pokemon Cx C/ 36 Boosters - Xy Força Fantasma Jogo Pokémon Xy2 Booster Flash De Fogo - Copag Jogo Pokémon Deck Arena De Batalha XY - Copag Game - Pokémon Y - 3DS Pokémon Lata Power Trio Charizard - Ex Jogo Pokémon XY1 Blister Triplo Pokemon Pikachu - Yveltal - Takara Tomy - Series 1 Game - Pokémon Alpha Sapphire - 3DS Pokémon Booster Xy Venusaur Pokemon Kit Do Treinador Xy - Totalmente Em Português
			Igorando Pelo Filtro de Nome...
		Nome do Produto: Game Pokémon Art Academy - 3DS Game - Pokémon Omega Ruby - 3DS Game Pokemon White Version 2 - DS Pokemon Xy - Deck Pokémon Lata Power Trio Blastoise - Ex Pokémon Xy3 Booster Punhos Furiosos - Copag Jogo Pokémon Kit do Treinador XY Pokemon Deck Xy Conflito Primitivo Núcleo Oceânico Português Pokemon Cx C/ 36 Boosters - Xy Conflito Primitivo Português Jogo Pokémon Xy1 Booster - Copag Pokemon Cx C/ 36 Boosters - Xy Força Fantasma Jogo Pokémon Xy2 Booster Flash De Fogo - Copag Jogo Pokémon Deck Arena De Batalha XY - Copag Game - Pokémon Y - 3DS Pokémon Lata Power Trio Charizard - Ex Jogo Pokémon XY1 Blister Triplo Pokemon Pikachu - Yveltal - Takara Tomy - Series 1 Game - Pokémon Alpha Sapphire - 3DS Pokémon Booster Xy Venusaur Pokemon Kit Do Treinador Xy - Totalmente Em Português
			Igorando Pelo Filtro de Nome...
		Nome do Produto: Game Pokémon Art Academy - 3DS Game - Pokémon Omega Ruby - 3DS Game Pokemon White Version 2 - DS Pokemon Xy - Deck Pokémon Lata Power Trio Blastoise - Ex Pokémon Xy3 Booster Punhos Furiosos - Copag Jogo Pokémon Kit do Treinador XY Pokemon Deck Xy Conflito Primitivo Núcleo Oceânico Português Pokemon Cx C/ 36 Boosters - Xy Conflito Primitivo Português Jogo Pokémon Xy1 Booster - Copag Pokemon Cx C/ 36 Boosters - Xy Força Fantasma Jogo Pokémon Xy2 Booster Flash De Fogo - Copag Jogo Pokémon Deck Arena De Batalha XY - Copag Game - Pokémon Y - 3DS Pokémon Lata Power Trio Charizard - Ex Jogo Pokémon XY1 Blister Triplo Pokemon Pikachu - Yveltal - Takara Tomy - Series 1 Game - Pokémon Alpha Sapphire - 3DS Pokémon Booster Xy Venusaur Pokemon Kit Do Treinador Xy - Totalmente Em Português
			Igorando Pelo Filtro de Nome...
		Nome do Produto: Game Pokémon Art Academy - 3DS Game - Pokémon Omega Ruby - 3DS Game Pokemon White Version 2 - DS Pokemon Xy - Deck Pokémon Lata Power Trio Blastoise - Ex Pokémon Xy3 Booster Punhos Furiosos - Copag Jogo Pokémon Kit do Treinador XY Pokemon Deck Xy Conflito Primitivo Núcleo Oceânico Português Pokemon Cx C/ 36 Boosters - Xy Conflito Primitivo Português Jogo Pokémon Xy1 Booster - Copag Pokemon Cx C/ 36 Boosters - Xy Força Fantasma Jogo Pokémon Xy2 Booster Flash De Fogo - Copag Jogo Pokémon Deck Arena De Batalha XY - Copag Game - Pokémon Y - 3DS Pokémon Lata Power Trio Charizard - Ex Jogo Pokémon XY1 Blister Triplo Pokemon Pikachu - Yveltal - Takara Tomy - Series 1 Game - Pokémon Alpha Sapphire - 3DS Pokémon Booster Xy Venusaur Pokemon Kit Do Treinador Xy - Totalmente Em Português
			Igorando Pelo Filtro de Nome...
		Nome do Produto: Game Pokémon Art Academy - 3DS Game - Pokémon Omega Ruby - 3DS Game Pokemon White Version 2 - DS Pokemon Xy - Deck Pokémon Lata Power Trio Blastoise - Ex Pokémon Xy3 Booster Punhos Furiosos - Copag Jogo Pokémon Kit do Treinador XY Pokemon Deck Xy Conflito Primitivo Núcleo Oceânico Português Pokemon Cx C/ 36 Boosters - Xy Conflito Primitivo Português Jogo Pokémon Xy1 Booster - Copag Pokemon Cx C/ 36 Boosters - Xy Força Fantasma Jogo Pokémon Xy2 Booster Flash De Fogo - Copag Jogo Pokémon Deck Arena De Batalha XY - Copag Game - Pokémon Y - 3DS Pokémon Lata Power Trio Charizard - Ex Jogo Pokémon XY1 Blister Triplo Pokemon Pikachu - Yveltal - Takara Tomy - Series 1 Game - Pokémon Alpha Sapphire - 3DS Pokémon Booster Xy Venusaur Pokemon Kit Do Treinador Xy - Totalmente Em Português
			Igorando Pelo Filtro de Nome...
		Nome do Produto: Game Pokémon Art Academy - 3DS Game - Pokémon Omega Ruby - 3DS Game Pokemon White Version 2 - DS Pokemon Xy - Deck Pokémon Lata Power Trio Blastoise - Ex Pokémon Xy3 Booster Punhos Furiosos - Copag Jogo Pokémon Kit do Treinador XY Pokemon Deck Xy Conflito Primitivo Núcleo Oceânico Português Pokemon Cx C/ 36 Boosters - Xy Conflito Primitivo Português Jogo Pokémon Xy1 Booster - Copag Pokemon Cx C/ 36 Boosters - Xy Força Fantasma Jogo Pokémon Xy2 Booster Flash De Fogo - Copag Jogo Pokémon Deck Arena De Batalha XY - Copag Game - Pokémon Y - 3DS Pokémon Lata Power Trio Charizard - Ex Jogo Pokémon XY1 Blister Triplo Pokemon Pikachu - Yveltal - Takara Tomy - Series 1 Game - Pokémon Alpha Sapphire - 3DS Pokémon Booster Xy Venusaur Pokemon Kit Do Treinador Xy - Totalmente Em Português
			Igorando Pelo Filtro de Nome...
		Nome do Produto: Game Pokémon Art Academy - 3DS Game - Pokémon Omega Ruby - 3DS Game Pokemon White Version 2 - DS Pokemon Xy - Deck Pokémon Lata Power Trio Blastoise - Ex Pokémon Xy3 Booster Punhos Furiosos - Copag Jogo Pokémon Kit do Treinador XY Pokemon Deck Xy Conflito Primitivo Núcleo Oceânico Português Pokemon Cx C/ 36 Boosters - Xy Conflito Primitivo Português Jogo Pokémon Xy1 Booster - Copag Pokemon Cx C/ 36 Boosters - Xy Força Fantasma Jogo Pokémon Xy2 Booster Flash De Fogo - Copag Jogo Pokémon Deck Arena De Batalha XY - Copag Game - Pokémon Y - 3DS Pokémon Lata Power Trio Charizard - Ex Jogo Pokémon XY1 Blister Triplo Pokemon Pikachu - Yveltal - Takara Tomy - Series 1 Game - Pokémon Alpha Sapphire - 3DS Pokémon Booster Xy Venusaur Pokemon Kit Do Treinador Xy - Totalmente Em Português
			Igorando Pelo Filtro de Nome...
		Nome do Produto: Game Pokémon Art Academy - 3DS Game - Pokémon Omega Ruby - 3DS Game Pokemon White Version 2 - DS Pokemon Xy - Deck Pokémon Lata Power Trio Blastoise - Ex Pokémon Xy3 Booster Punhos Furiosos - Copag Jogo Pokémon Kit do Treinador XY Pokemon Deck Xy Conflito Primitivo Núcleo Oceânico Português Pokemon Cx C/ 36 Boosters - Xy Conflito Primitivo Português Jogo Pokémon Xy1 Booster - Copag Pokemon Cx C/ 36 Boosters - Xy Força Fantasma Jogo Pokémon Xy2 Booster Flash De Fogo - Copag Jogo Pokémon Deck Arena De Batalha XY - Copag Game - Pokémon Y - 3DS Pokémon Lata Power Trio Charizard - Ex Jogo Pokémon XY1 Blister Triplo Pokemon Pikachu - Yveltal - Takara Tomy - Series 1 Game - Pokémon Alpha Sapphire - 3DS Pokémon Booster Xy Venusaur Pokemon Kit Do Treinador Xy - Totalmente Em Português
			Igorando Pelo Filtro de Nome...
		Nome do Produto: Game Pokémon Art Academy - 3DS Game - Pokémon Omega Ruby - 3DS Game Pokemon White Version 2 - DS Pokemon Xy - Deck Pokémon Lata Power Trio Blastoise - Ex Pokémon Xy3 Booster Punhos Furiosos - Copag Jogo Pokémon Kit do Treinador XY Pokemon Deck Xy Conflito Primitivo Núcleo Oceânico Português Pokemon Cx C/ 36 Boosters - Xy Conflito Primitivo Português Jogo Pokémon Xy1 Booster - Copag Pokemon Cx C/ 36 Boosters - Xy Força Fantasma Jogo Pokémon Xy2 Booster Flash De Fogo - Copag Jogo Pokémon Deck Arena De Batalha XY - Copag Game - Pokémon Y - 3DS Pokémon Lata Power Trio Charizard - Ex Jogo Pokémon XY1 Blister Triplo Pokemon Pikachu - Yveltal - Takara Tomy - Series 1 Game - Pokémon Alpha Sapphire - 3DS Pokémon Booster Xy Venusaur Pokemon Kit Do Treinador Xy - Totalmente Em Português
			Igorando Pelo Filtro de Nome...
		Nome do Produto: Game Pokémon Art Academy - 3DS Game - Pokémon Omega Ruby - 3DS Game Pokemon White Version 2 - DS Pokemon Xy - Deck Pokémon Lata Power Trio Blastoise - Ex Pokémon Xy3 Booster Punhos Furiosos - Copag Jogo Pokémon Kit do Treinador XY Pokemon Deck Xy Conflito Primitivo Núcleo Oceânico Português Pokemon Cx C/ 36 Boosters - Xy Conflito Primitivo Português Jogo Pokémon Xy1 Booster - Copag Pokemon Cx C/ 36 Boosters - Xy Força Fantasma Jogo Pokémon Xy2 Booster Flash De Fogo - Copag Jogo Pokémon Deck Arena De Batalha XY - Copag Game - Pokémon Y - 3DS Pokémon Lata Power Trio Charizard - Ex Jogo Pokémon XY1 Blister Triplo Pokemon Pikachu - Yveltal - Takara Tomy - Series 1 Game - Pokémon Alpha Sapphire - 3DS Pokémon Booster Xy Venusaur Pokemon Kit Do Treinador Xy - Totalmente Em Português
			Igorando Pelo Filtro de Nome...
		Nome do Produto: Game Pokémon Art Academy - 3DS Game - Pokémon Omega Ruby - 3DS Game Pokemon White Version 2 - DS Pokemon Xy - Deck Pokémon Lata Power Trio Blastoise - Ex Pokémon Xy3 Booster Punhos Furiosos - Copag Jogo Pokémon Kit do Treinador XY Pokemon Deck Xy Conflito Primitivo Núcleo Oceânico Português Pokemon Cx C/ 36 Boosters - Xy Conflito Primitivo Português Jogo Pokémon Xy1 Booster - Copag Pokemon Cx C/ 36 Boosters - Xy Força Fantasma Jogo Pokémon Xy2 Booster Flash De Fogo - Copag Jogo Pokémon Deck Arena De Batalha XY - Copag Game - Pokémon Y - 3DS Pokémon Lata Power Trio Charizard - Ex Jogo Pokémon XY1 Blister Triplo Pokemon Pikachu - Yveltal - Takara Tomy - Series 1 Game - Pokémon Alpha Sapphire - 3DS Pokémon Booster Xy Venusaur Pokemon Kit Do Treinador Xy - Totalmente Em Português
			Igorando Pelo Filtro de Nome...
		Nome do Produto: Game Pokémon Art Academy - 3DS Game - Pokémon Omega Ruby - 3DS Game Pokemon White Version 2 - DS Pokemon Xy - Deck Pokémon Lata Power Trio Blastoise - Ex Pokémon Xy3 Booster Punhos Furiosos - Copag Jogo Pokémon Kit do Treinador XY Pokemon Deck Xy Conflito Primitivo Núcleo Oceânico Português Pokemon Cx C/ 36 Boosters - Xy Conflito Primitivo Português Jogo Pokémon Xy1 Booster - Copag Pokemon Cx C/ 36 Boosters - Xy Força Fantasma Jogo Pokémon Xy2 Booster Flash De Fogo - Copag Jogo Pokémon Deck Arena De Batalha XY - Copag Game - Pokémon Y - 3DS Pokémon Lata Power Trio Charizard - Ex Jogo Pokémon XY1 Blister Triplo Pokemon Pikachu - Yveltal - Takara Tomy - Series 1 Game - Pokémon Alpha Sapphire - 3DS Pokémon Booster Xy Venusaur Pokemon Kit Do Treinador Xy - Totalmente Em Português
			Igorando Pelo Filtro de Nome...
		Nome do Produto: Game Pokémon Art Academy - 3DS Game - Pokémon Omega Ruby - 3DS Game Pokemon White Version 2 - DS Pokemon Xy - Deck Pokémon Lata Power Trio Blastoise - Ex Pokémon Xy3 Booster Punhos Furiosos - Copag Jogo Pokémon Kit do Treinador XY Pokemon Deck Xy Conflito Primitivo Núcleo Oceânico Português Pokemon Cx C/ 36 Boosters - Xy Conflito Primitivo Português Jogo Pokémon Xy1 Booster - Copag Pokemon Cx C/ 36 Boosters - Xy Força Fantasma Jogo Pokémon Xy2 Booster Flash De Fogo - Copag Jogo Pokémon Deck Arena De Batalha XY - Copag Game - Pokémon Y - 3DS Pokémon Lata Power Trio Charizard - Ex Jogo Pokémon XY1 Blister Triplo Pokemon Pikachu - Yveltal - Takara Tomy - Series 1 Game - Pokémon Alpha Sapphire - 3DS Pokémon Booster Xy Venusaur Pokemon Kit Do Treinador Xy - Totalmente Em Português
			Igorando Pelo Filtro de Nome...
		Nome do Produto: Game Pokémon Art Academy - 3DS Game - Pokémon Omega Ruby - 3DS Game Pokemon White Version 2 - DS Pokemon Xy - Deck Pokémon Lata Power Trio Blastoise - Ex Pokémon Xy3 Booster Punhos Furiosos - Copag Jogo Pokémon Kit do Treinador XY Pokemon Deck Xy Conflito Primitivo Núcleo Oceânico Português Pokemon Cx C/ 36 Boosters - Xy Conflito Primitivo Português Jogo Pokémon Xy1 Booster - Copag Pokemon Cx C/ 36 Boosters - Xy Força Fantasma Jogo Pokémon Xy2 Booster Flash De Fogo - Copag Jogo Pokémon Deck Arena De Batalha XY - Copag Game - Pokémon Y - 3DS Pokémon Lata Power Trio Charizard - Ex Jogo Pokémon XY1 Blister Triplo Pokemon Pikachu - Yveltal - Takara Tomy - Series 1 Game - Pokémon Alpha Sapphire - 3DS Pokémon Booster Xy Venusaur Pokemon Kit Do Treinador Xy - Totalmente Em Português
			Igorando Pelo Filtro de Nome...
		Nome do Produto: Game Pokémon Art Academy - 3DS Game - Pokémon Omega Ruby - 3DS Game Pokemon White Version 2 - DS Pokemon Xy - Deck Pokémon Lata Power Trio Blastoise - Ex Pokémon Xy3 Booster Punhos Furiosos - Copag Jogo Pokémon Kit do Treinador XY Pokemon Deck Xy Conflito Primitivo Núcleo Oceânico Português Pokemon Cx C/ 36 Boosters - Xy Conflito Primitivo Português Jogo Pokémon Xy1 Booster - Copag Pokemon Cx C/ 36 Boosters - Xy Força Fantasma Jogo Pokémon Xy2 Booster Flash De Fogo - Copag Jogo Pokémon Deck Arena De Batalha XY - Copag Game - Pokémon Y - 3DS Pokémon Lata Power Trio Charizard - Ex Jogo Pokémon XY1 Blister Triplo Pokemon Pikachu - Yveltal - Takara Tomy - Series 1 Game - Pokémon Alpha Sapphire - 3DS Pokémon Booster Xy Venusaur Pokemon Kit Do Treinador Xy - Totalmente Em Português
			Igorando Pelo Filtro de Nome...
		Nome do Produto: Game Pokémon Art Academy - 3DS Game - Pokémon Omega Ruby - 3DS Game Pokemon White Version 2 - DS Pokemon Xy - Deck Pokémon Lata Power Trio Blastoise - Ex Pokémon Xy3 Booster Punhos Furiosos - Copag Jogo Pokémon Kit do Treinador XY Pokemon Deck Xy Conflito Primitivo Núcleo Oceânico Português Pokemon Cx C/ 36 Boosters - Xy Conflito Primitivo Português Jogo Pokémon Xy1 Booster - Copag Pokemon Cx C/ 36 Boosters - Xy Força Fantasma Jogo Pokémon Xy2 Booster Flash De Fogo - Copag Jogo Pokémon Deck Arena De Batalha XY - Copag Game - Pokémon Y - 3DS Pokémon Lata Power Trio Charizard - Ex Jogo Pokémon XY1 Blister Triplo Pokemon Pikachu - Yveltal - Takara Tomy - Series 1 Game - Pokémon Alpha Sapphire - 3DS Pokémon Booster Xy Venusaur Pokemon Kit Do Treinador Xy - Totalmente Em Português
			Igorando Pelo Filtro de Nome...
		Nome do Produto: Game Pokémon Art Academy - 3DS Game - Pokémon Omega Ruby - 3DS Game Pokemon White Version 2 - DS Pokemon Xy - Deck Pokémon Lata Power Trio Blastoise - Ex Pokémon Xy3 Booster Punhos Furiosos - Copag Jogo Pokémon Kit do Treinador XY Pokemon Deck Xy Conflito Primitivo Núcleo Oceânico Português Pokemon Cx C/ 36 Boosters - Xy Conflito Primitivo Português Jogo Pokémon Xy1 Booster - Copag Pokemon Cx C/ 36 Boosters - Xy Força Fantasma Jogo Pokémon Xy2 Booster Flash De Fogo - Copag Jogo Pokémon Deck Arena De Batalha XY - Copag Game - Pokémon Y - 3DS Pokémon Lata Power Trio Charizard - Ex Jogo Pokémon XY1 Blister Triplo Pokemon Pikachu - Yveltal - Takara Tomy - Series 1 Game - Pokémon Alpha Sapphire - 3DS Pokémon Booster Xy Venusaur Pokemon Kit Do Treinador Xy - Totalmente Em Português
			Igorando Pelo Filtro de Nome...
	Tempo Para buscar: 315
Loja: ShopB
	URL Principal: http://www.shopb.com.br/
	URL Busca: http://busca.shopb.com.br/?busca=<BUSCA>
http://busca.shopb.com.br/?busca=Pokemon+Platinum
		Documento Lido
		Resultados: 19
		Nome do Produto: Antena Interna 12db 4 em 1 - Platinum Light
			Igorando Pelo Filtro de Nome...
		Nome do Produto: Box Pokemon - Charizard EX - PT
			Igorando Pelo Filtro de Nome...
		Nome do Produto: Box Pokemon - X Y 1 Gyarados - PT
			Igorando Pelo Filtro de Nome...
		Nome do Produto: Box Pokemon - X Y 3 Slurpuff - PT
			Igorando Pelo Filtro de Nome...
		Nome do Produto: Box Pokemon - X Y 3 Trevenant - PT
			Igorando Pelo Filtro de Nome...
		Nome do Produto: Dead Space [Platinum Hits] - XBOX 360
			Igorando Pelo Filtro de Nome...
		Nome do Produto: Deck Duplo Pokemon - Kit do Treinador - PT
			Igorando Pelo Filtro de Nome...
		Nome do Produto: Pack Pokemon - Black & White Congelamento de Plasma - PT
			Igorando Pelo Filtro de Nome...
		Nome do Produto: Pokemon Alpha Sapphire - 3DS
			Igorando Pelo Filtro de Nome...
		Nome do Produto: Pokemon Art Academy - 3DS
			Igorando Pelo Filtro de Nome...
		Nome do Produto: Pokemon Omega Ruby - 3DS
			Igorando Pelo Filtro de Nome...
		Nome do Produto: Pokemon X - 3DS
			Igorando Pelo Filtro de Nome...
		Nome do Produto: Pokemon Y - 3DS
			Igorando Pelo Filtro de Nome...
		Nome do Produto: Pokémon White Version 2 - DS
			Igorando Pelo Filtro de Nome...
		Nome do Produto: Tom Clancys Splinter Cell: Blacklist: Paladin Multi-Mission Aircraft Edition - XBOX 360
			Igorando Pelo Filtro de Nome...
		Nome do Produto: Forza Motorsport 3 Ultimate Collection - XBOX 360 [Platinum Hits]
			Igorando Pelo Filtro de Nome...
		Nome do Produto: Pikmin 3 - Wii U
			Igorando Pelo Filtro de Nome...
		Nome do Produto: Pokemon Mystery Dungeon: Gates to Infinity - 3DS
			Igorando Pelo Filtro de Nome...
		Nome do Produto: Tom Clancys Splinter Cell: Blacklist: Paladin Multi-Mission Aircraft Edition - PS3
			Igorando Pelo Filtro de Nome...
	Tempo Para buscar: 1061
Loja: Submarino
	URL Principal: http://www.submarino.com.br/
	URL Busca: http://busca.submarino.com.br/busca.php?q=<BUSCA>
http://busca.submarino.com.br/busca.php?q=Pokemon+Platinum
		Documento Lido
		Resultados: 30
		Nome do Produto: Game - Pokémon Alpha Sapphire - 3DS
			Igorando Pelo Filtro de Nome...
		Nome do Produto: Game Pokémon Art Academy - 3DS
			Igorando Pelo Filtro de Nome...
		Nome do Produto: Game - Pokémon Omega Ruby - 3DS
			Igorando Pelo Filtro de Nome...
		Nome do Produto: Pokemon Kit Do Treinador Xy - Totalmente Em Português
			Igorando Pelo Filtro de Nome...
		Nome do Produto: Game - Pokémon Y - 3DS
			Igorando Pelo Filtro de Nome...
		Nome do Produto: Pokemon Box Charizard Ex - Totalmente Em Português
			Igorando Pelo Filtro de Nome...
		Nome do Produto: Game Pokemon White Version 2 - DS
			Igorando Pelo Filtro de Nome...
		Nome do Produto: Jogo Pokémon Xy2 Booster Flash De Fogo - Copag
			Igorando Pelo Filtro de Nome...
		Nome do Produto: Pokémon Lata Power Trio Blastoise - Ex
			Igorando Pelo Filtro de Nome...
		Nome do Produto: Jogo Pokémon XY2 Blister Triplo - Flash de Fogo
			Igorando Pelo Filtro de Nome...
		Nome do Produto: Jogo Pokémon Kit do Treinador XY
			Igorando Pelo Filtro de Nome...
		Nome do Produto: Pokemon Pikachu - Yveltal - Takara Tomy - Series 1
			Igorando Pelo Filtro de Nome...
		Nome do Produto: Jogo Pokémon Deck Arena De Batalha XY - Copag
			Igorando Pelo Filtro de Nome...
		Nome do Produto: Livro - Pokémon - Black & White - Vol. 6
			Igorando Pelo Filtro de Nome...
		Nome do Produto: Pokemon - Mega Metagross Ex Premium Collection Box
			Igorando Pelo Filtro de Nome...
		Nome do Produto: Pokemon Deck Xy Conflito Primitivo Núcleo Oceânico Português
			Igorando Pelo Filtro de Nome...
		Nome do Produto: Pokemon Deck Black White - Congelamento De Plasma - Esmagador Psíquico
			Igorando Pelo Filtro de Nome...
		Nome do Produto: Pokémon Xy3 Booster Punhos Furiosos - Copag
			Igorando Pelo Filtro de Nome...
		Nome do Produto: Jogo Pokémon Xy1 Booster - Copag
			Igorando Pelo Filtro de Nome...
		Nome do Produto: Jogo Pokémon XY1 Blister Triplo
			Igorando Pelo Filtro de Nome...
		Nome do Produto: Pokemon Cx C/ 36 Boosters - Congelamento De Plasma
			Igorando Pelo Filtro de Nome...
		Nome do Produto: Livro - Pokémon - Vol. 04
			Igorando Pelo Filtro de Nome...
		Nome do Produto: Kit Acessórios Nintendo Pokémon Universal Hard p/ Nintendo DS - Nintendo
			Igorando Pelo Filtro de Nome...
		Nome do Produto: Pokemon Bulbasaur - Poke Ball - Takara Tomy - Series 1
			Igorando Pelo Filtro de Nome...
		Nome do Produto: Pokemon Cx C/ 36 Boosters - Xy Conflito Primitivo Português
			Igorando Pelo Filtro de Nome...
		Nome do Produto: Game Pokémon Conquest - 3DS
			Igorando Pelo Filtro de Nome...
		Nome do Produto: Pokemon Xy - Deck
			Igorando Pelo Filtro de Nome...
		Nome do Produto: Livro - Pokémon - Vol.3
			Igorando Pelo Filtro de Nome...
		Nome do Produto: Pokemon Yveltal - Takara Tomy - 16 Cm.
			Igorando Pelo Filtro de Nome...
		Nome do Produto: Lata Pokemon Kalos Power Delphox Ex - Em Português
			Igorando Pelo Filtro de Nome...
	Tempo Para buscar: 627
Loja: Walmart
	URL Principal: http://www.walmart.com.br/
	URL Busca: http://www.walmart.com.br/busca/?ft=<BUSCA>&PS=20
http://www.walmart.com.br/busca/?ft=Pokemon+Platinum&PS=20
		Documento Lido
		Resultados: 20
		Nome do Produto: Geladeira/Refrigerador 2 Portas Consul Bem Estar Frost Free 405L CRM52AK Platinum/Evox
			Igorando Pelo Filtro de Nome...
		Nome do Produto: Geladeira/Refrigerador 2 Portas Consul Bem Estar Frost Free 405L CRM51AK Platinum/Evox
			Igorando Pelo Filtro de Nome...
		Nome do Produto: Geladeira/Refrigerador 2 Portas Consul Bem Estar Frost Free 437L CRM55AK Platinum/Evox
			Igorando Pelo Filtro de Nome...
		Nome do Produto: Geladeira/Refrigerador Side By Side Brastemp Inverse 540L Platinum com Wi-Fi BRN80AK
			Igorando Pelo Filtro de Nome...
		Nome do Produto: Magic Color Platinum Branco Gloss Matizador 3D - 550ml
			Igorando Pelo Filtro de Nome...
		Nome do Produto: Cortina Sultan Platinum Granite Com Ilhos 3,00X2,50M - Bege
			Igorando Pelo Filtro de Nome...
		Nome do Produto: Jogo Pokemon Alpha Sapphire para Nintendo 3DS
			Igorando Pelo Filtro de Nome...
		Nome do Produto: Magic Color Platinum Blond Desamarelador Máscara Queratina e Açaí 550ml
			Igorando Pelo Filtro de Nome...
		Nome do Produto: Colchão Solteiro Molas Bonnel 088x188cm Platinum - Americanflex
			Igorando Pelo Filtro de Nome...
		Nome do Produto: Refrigerador Consul CRM43HK 386 Litros 2 Portas Frost Free Platinum
			Igorando Pelo Filtro de Nome...
		Nome do Produto: Refrigerador Consul CRM35HK 275 Litros 2 Portas Frost Free Platinum
			Igorando Pelo Filtro de Nome...
		Nome do Produto: Colchão Casal + Cama Box Casal Platinum 138x188cm Americanflex
			Igorando Pelo Filtro de Nome...
		Nome do Produto: Jogo Nintendo 3DS Pokémon Y
			Igorando Pelo Filtro de Nome...
		Nome do Produto: Escova Elétrica Philips Sonicare FlexCare Platinum HX9110/02
			Igorando Pelo Filtro de Nome...
		Nome do Produto: Cortina Sultan Platinum Granite 3,00m larg X 2,50m alt Vinho
			Igorando Pelo Filtro de Nome...
		Nome do Produto: Liquidificador Mallory Advance Platinum Preto
			Igorando Pelo Filtro de Nome...
		Nome do Produto: Jogo Nintendo 3DS Pokémon X
			Igorando Pelo Filtro de Nome...
		Nome do Produto: Jogo Pokemon Omega Ruby para Nintendo 3DS
			Igorando Pelo Filtro de Nome...
		Nome do Produto: Toalha de Banho Platinum Fio Penteado Oceano Santista Oceano
			Igorando Pelo Filtro de Nome...
		Nome do Produto: Refrigerador Consul CRM38HK 340 Litros 2 Portas Frost Free Platinum
			Igorando Pelo Filtro de Nome...
	Tempo Para buscar: 681

File copied from C:\java\workspace Estudo\lookforprices\resources\imports\css.css to C:\java\workspace Estudo\lookforprices\reports\2015-09-09 16\css.css
File copied from C:\java\workspace Estudo\lookforprices\resources\imports\jquery.js to C:\java\workspace Estudo\lookforprices\reports\2015-09-09 16\jquery.js
File copied from C:\java\workspace Estudo\lookforprices\resources\imports\scripts.js to C:\java\workspace Estudo\lookforprices\reports\2015-09-09 16\scripts.js
Tempo total de execução: 21927
