Game: Project X Zone
Product Name: Project X Zone
Loja: Nintendo eShop
	URL Principal: http://www.nintendo.com/3ds/eshop
	URL Busca: http://www.nintendo.com/json/content/get/game/filter?&qterm=<BUSCA>
NintendoEShopSearch.search() http://www.nintendo.com/json/content/get/game/filter?&qterm=Project+X+Zone
		Documento Lido
		Resultados: 2
		Nome do Produto: Bionic Commando: Elite Forces
			Igorando Pelo Filtro de Nome...
		Nome do Produto: Project X Zone
http://www.nintendo.com/games/detail/XOJpy8wWy_H50bKvClES1IWLzZJErHvG
		Acessando URL do produto.
URL = http://www.nintendo.com/games/detail/XOJpy8wWy_H50bKvClES1IWLzZJErHvG
	Tempo Para buscar: 1118
Loja: Americanas
	URL Principal: http://www.americanas.com.br/
	URL Busca: http://busca.americanas.com.br/busca.php?q=<BUSCA>
http://busca.americanas.com.br/busca.php?q=Project+X+Zone
		Documento Lido
		Resultados: 1
		Nome do Produto: Project X Zone N3ds
http://www.americanas.com.br/produto/8463322/project-x-zone-n3ds
		Acessando URL do produto.
	Tempo Para buscar: 1033
Loja: Big Boy Games
	URL Principal: http://www.bigboygames.com.br/
	URL Busca: http://www.bigboygames.com.br/pesquisa/?p=<BUSCA>
http://www.bigboygames.com.br/pesquisa/?p=Project+X+Zone
		Documento Lido
		Resultados: 2
		Nome do Produto: 3DS - Project X Zone Limited Edition
http://www.bigboygames.com.br/3ds-project-x-zone-limited-edition-p5538/
		Acessando URL do produto.
		Nome do Produto: 3DS - Project X Zone
http://www.bigboygames.com.br/3ds-project-x-zone-p5243/
		Acessando URL do produto.
	Tempo Para buscar: 682
Loja: Casas Bahia
	URL Principal: http://www.casasbahia.com.br/
	URL Busca: http://buscas.casasbahia.com.br/search?w=<BUSCA>
http://buscas.casasbahia.com.br/search?w=Project+X+Zone
		Documento Lido
		Resultados: 3
		Nome do Produto: 
			Igorando Pelo Filtro de Nome...
		Nome do Produto: 
			Igorando Pelo Filtro de Nome...
		Nome do Produto: 
			Igorando Pelo Filtro de Nome...
		Nome do Produto: 
			Igorando Pelo Filtro de Nome...
		Nome do Produto: 
			Igorando Pelo Filtro de Nome...
		Nome do Produto: 
			Igorando Pelo Filtro de Nome...
		Nome do Produto: 
			Igorando Pelo Filtro de Nome...
		Nome do Produto: 
			Igorando Pelo Filtro de Nome...
	Tempo Para buscar: 1131
Loja: Extra
	URL Principal: http://www.extra.com.br/
	URL Busca: http://buscando.extra.com.br/search?w=<BUSCA>
http://buscando.extra.com.br/search?w=Project+X+Zone
		Documento Lido
		Resultados: 1
		Nome do Produto: Game 3DS Project X Zone
http://buscando.extra.com.br/search?p=R&srid=S1-USESD02&lbc=extra&w=Project%20X%20Zone&url=http%3a%2f%2fproduto.extra.com.br%2f2437394%3f&rk=1&uid=291547162&sid=2&ts=custom&rsc=YC96QG2iCqa49v%3a0&method=and&isort=score&view=grid
		Acessando URL do produto.
	Tempo Para buscar: 3034
Loja: E-Virtua
	URL Principal: http://www.evirtua.com.br/
	URL Busca: http://www.evirtua.com.br/Busca?search_department_id=0&SearchTerm=<BUSCA>
http://www.evirtua.com.br/Busca?search_department_id=0&SearchTerm=Project+X+Zone
		Documento Lido
		Resultados: 0
	Tempo Para buscar: 255
Loja: Fast Games
	URL Principal: http://www.fastgames.com.br/
	URL Busca: http://www.fastgames.com.br/loja/busca.php?loja=187970&palavra_busca=<BUSCA>
http://www.fastgames.com.br/loja/busca.php?loja=187970&palavra_busca=Project+X+Zone
		Documento Lido
		Resultados: 0
	Tempo Para buscar: 663
Loja: Fast Shop
	URL Principal: http://www.fastshop.com.br/loja/
	URL Busca: http://www.fastshop.com.br/webapp/wcs/stores/servlet/SearchDisplay?searchTerm=<BUSCA>&categoryId=&storeId=10151&catalogId=11052&langId=-6&pageSize=9&beginIndex=0&sType=SimpleSearch&resultCatEntryType=2&showResultsPage=true&searchSource=Q&pageView=&hotsite=fastshop
http://www.fastshop.com.br/webapp/wcs/stores/servlet/SearchDisplay?searchTerm=Project+X+Zone&categoryId=&storeId=10151&catalogId=11052&langId=-6&pageSize=9&beginIndex=0&sType=SimpleSearch&resultCatEntryType=2&showResultsPage=true&searchSource=Q&pageView=&hotsite=fastshop
		Documento Lido
		Resultados: 0
	Tempo Para buscar: 626
Loja: FNAC
	URL Principal: http://www.fnac.com.br/index.html
	URL Busca: http://busca.fnac.com.br/?busca=<BUSCA>
http://busca.fnac.com.br/?busca=Project+X+Zone
		Documento Lido
		Resultados: 20
		Nome do Produto: X Doria Capa Gel Jacket P/ Iphone 6 - Preta
			Igorando Pelo Filtro de Nome...
		Nome do Produto: A Zona da Morte
			Igorando Pelo Filtro de Nome...
		Nome do Produto: A Zona de Interesse
			Igorando Pelo Filtro de Nome...
		Nome do Produto: Um Guia do Conhecimento de Gerenciamento de Projetos
			Igorando Pelo Filtro de Nome...
		Nome do Produto: Candela
			Igorando Pelo Filtro de Nome...
		Nome do Produto: Live
			Igorando Pelo Filtro de Nome...
		Nome do Produto: Rio - Zona de Guerra
			Igorando Pelo Filtro de Nome...
		Nome do Produto: Usando O Arena em Simulação 3 Vol 5 ºedição 2015
			Igorando Pelo Filtro de Nome...
		Nome do Produto: The Brasil Project
			Igorando Pelo Filtro de Nome...
		Nome do Produto: Microsoft Project Para Leigos
			Igorando Pelo Filtro de Nome...
		Nome do Produto: Xbox One Project Spark
			Igorando Pelo Filtro de Nome...
		Nome do Produto: Xbox One Project Cars
			Igorando Pelo Filtro de Nome...
		Nome do Produto: The Orchestrion Project (bluray 3D)
			Igorando Pelo Filtro de Nome...
		Nome do Produto: X-men: Professor X
			Igorando Pelo Filtro de Nome...
		Nome do Produto: Espiritualidade do Catequista
			Igorando Pelo Filtro de Nome...
		Nome do Produto: Gerenciamento de Projetos - Project Model Canvas (pmc)
			Igorando Pelo Filtro de Nome...
		Nome do Produto: Usando O Ms Project 2013 em Gerenciamento de Projetos
			Igorando Pelo Filtro de Nome...
		Nome do Produto: X & Y
			Igorando Pelo Filtro de Nome...
		Nome do Produto: Raio X
			Igorando Pelo Filtro de Nome...
		Nome do Produto: Multiply ( X )
			Igorando Pelo Filtro de Nome...
	Tempo Para buscar: 1194
Loja: Kabum
	URL Principal: http://www.kabum.com.br/
	URL Busca: http://www.kabum.com.br/cgi-local/site/listagem/listagem.cgi?string=<BUSCA>&btnG=
http://www.kabum.com.br/cgi-local/site/listagem/listagem.cgi?string=Project+X+Zone&btnG=
		Documento Lido
		Resultados: 0
	Tempo Para buscar: 30
Loja: Livraria Cultura
	URL Principal: http://www.livrariacultura.com.br/
	URL Busca: http://www.livrariacultura.com.br/busca?N=0&Ntt=<BUSCA>
http://www.livrariacultura.com.br/busca?N=0&Ntt=Project+X+Zone
		Documento Lido
		Resultados: 1
		Nome do Produto: PROJECT X ZONE (3DS)
http://www.livrariacultura.com.br/p/project-x-zone-3ds-37022164
		Acessando URL do produto.
	Tempo Para buscar: 650
Loja: Magazine Luiza
	URL Principal: http://www.magazineluiza.com.br/
	URL Busca: http://www.magazineluiza.com.br/busca/<BUSCA>/
http://www.magazineluiza.com.br/busca/Project+X+Zone/
		Documento Lido
		Resultados: 60
		Nome do Produto: Smartphone Motorola Moto X 4G Android 5.0 - Câm. 13MP Tela 5.2" AMOLED Proc. Quad Core 2.5GHz
			Igorando Pelo Filtro de Nome...
		Nome do Produto: Smartphone Motorola Moto X 4G Android 4.4 - Câm. 13MP Tela 5.2" AMOLED Proc. Quad Core 2.5GHz
			Igorando Pelo Filtro de Nome...
		Nome do Produto: Smartphone Motorola Moto X 4G Android 4.4 - Câm. 13MP Tela 5.2" AMOLED Proc. Quad Core 2.5GHz
			Igorando Pelo Filtro de Nome...
		Nome do Produto: Smartphone Motorola Moto X 4G Android 4.4 - Câm. 13MP Tela 5.2" AMOLED Proc. Quad Core 2.5GHz
			Igorando Pelo Filtro de Nome...
		Nome do Produto: Smartphone Motorola Moto X Play Dual Chip 4G - Android 5.1 Câm. 21MP Proc. Octa Core 16GB
			Igorando Pelo Filtro de Nome...
		Nome do Produto: Smartphone Motorola Moto X Play Colors Dual Chip - 4G Android 5.1 Câm. 21MP Proc. Octa Core 32GB
			Igorando Pelo Filtro de Nome...
		Nome do Produto: Smartphone Motorola Moto X Play Colors Dual Chip - 4G Android 5.1 Câm. 21MP Proc. Octa Core 32GB
			Igorando Pelo Filtro de Nome...
		Nome do Produto: Smartphone Motorola Moto X 4G Android 4.4 - Câm. 10MP Tela 4.7" AMOLED Proc. Dual Core 1.7Ghz
			Igorando Pelo Filtro de Nome...
		Nome do Produto: Colchão Ortobom Solteiro Espuma D20 88x188cm - Physical Resistente
			Igorando Pelo Filtro de Nome...
		Nome do Produto: The Witcher 3: Wild Hunt para Xbox One - CD Project RED
			Igorando Pelo Filtro de Nome...
		Nome do Produto: The Witcher 3: Wild Hunt para PS4 - CD Project RED
			Igorando Pelo Filtro de Nome...
		Nome do Produto: The Witcher 3: Wild Hunt para PC - CD Project RED
			Igorando Pelo Filtro de Nome...
		Nome do Produto: Relógio Masculino X-Games XMSS1007 - Analógico Resistente à Água
			Igorando Pelo Filtro de Nome...
		Nome do Produto: Relógio Masculino X-Games XMPPD237 BXPX - Digital Resistente á Água com Calendário
			Igorando Pelo Filtro de Nome...
		Nome do Produto: Relógio Masculino X-Games XMPPA116 BXPX - Anadigi Resistente à Água Cronógrafo Calendário
			Igorando Pelo Filtro de Nome...
		Nome do Produto: Relógio Masculino X-Games XMPPD245 BXPX - Digital Resistente a Água Cronógrafo
			Igorando Pelo Filtro de Nome...
		Nome do Produto: Relógio Masculino X-Games XMPPD261 BXPX - Digital Resistente a Água Cronógrafo
			Igorando Pelo Filtro de Nome...
		Nome do Produto: Relógio Masculino X-Games XMPPA142 P1PX - Anadigi Resistente a Água Cronógrafo
			Igorando Pelo Filtro de Nome...
		Nome do Produto: Relógio Masculino X-Games XMSS1020 M2PX - Analógico Resistente a Água
			Igorando Pelo Filtro de Nome...
		Nome do Produto: Waxy Maize Puro 4 Kg - X-Pharma
			Igorando Pelo Filtro de Nome...
		Nome do Produto: Creatina 100g - X-Pharma
			Igorando Pelo Filtro de Nome...
		Nome do Produto: Zone of the Enders HD Collection p/ PS3 - Konami
			Igorando Pelo Filtro de Nome...
		Nome do Produto: Tapete Emotion 66x120cm - Tapetes São Carlos
			Igorando Pelo Filtro de Nome...
		Nome do Produto: Tapete Liso Joy 120x66cm - Tapetes São Carlos
			Igorando Pelo Filtro de Nome...
		Nome do Produto: Tapete Caribe 150x200cm - Tapetes São Carlos
			Igorando Pelo Filtro de Nome...
		Nome do Produto: Tapete Gallipoli 150x200cm - Tapetes São Carlos
			Igorando Pelo Filtro de Nome...
		Nome do Produto: Tapete Caribe 150x200cm - Tapetes São Carlos
			Igorando Pelo Filtro de Nome...
		Nome do Produto: Tapete Tango 100x150cm - Tapetes São Carlos
			Igorando Pelo Filtro de Nome...
		Nome do Produto: Tapete Caribe 200x250cm - Tapetes São Carlos
			Igorando Pelo Filtro de Nome...
		Nome do Produto: Tapete Baltimore 150x200cm - 5839 604 Corttex Casa
			Igorando Pelo Filtro de Nome...
		Nome do Produto: Tapetes Galax 150x200cm - Tapetes São Carlos
			Igorando Pelo Filtro de Nome...
		Nome do Produto: Tapetes Galax 200x250cm - Tapetes São Carlos
			Igorando Pelo Filtro de Nome...
		Nome do Produto: Tapete Retangular Emotion 66x120cm - Tapetes São Carlos
			Igorando Pelo Filtro de Nome...
		Nome do Produto: Tapete Retangular Emotion 66x120cm - Tapetes São Carlos
			Igorando Pelo Filtro de Nome...
		Nome do Produto: Tapete Retangular Emotion 66x120cm - Tapetes São Carlos
			Igorando Pelo Filtro de Nome...
		Nome do Produto: Tapete Classe A Scarlatti 200x250cm - Tapetes São Carlos
			Igorando Pelo Filtro de Nome...
		Nome do Produto: Tapete Marbella Tulipa 148 x 200cm - Rayza
			Igorando Pelo Filtro de Nome...
		Nome do Produto: Tapete Marbella Tulipa 198 x 250cm - Rayza
			Igorando Pelo Filtro de Nome...
		Nome do Produto: Tapete Marbella Rosas 98 x 150cm - Rayza
			Igorando Pelo Filtro de Nome...
		Nome do Produto: Tapete Marbella Rosas 148 x 200cm - Rayza
			Igorando Pelo Filtro de Nome...
		Nome do Produto: Tapete Marbella Rosas 198 x 250cm - Rayza
			Igorando Pelo Filtro de Nome...
		Nome do Produto: Tapete de Sala Agra 150x200cm - Corttex
			Igorando Pelo Filtro de Nome...
		Nome do Produto: Tapete para Sala Georgia 140x200cm - Corttex
			Igorando Pelo Filtro de Nome...
		Nome do Produto: Tapete New Bouclê 100x160cm - Tapetes São Carlos
			Igorando Pelo Filtro de Nome...
		Nome do Produto: Tapete New Bouclê 150x200cm - Tapetes São Carlos
			Igorando Pelo Filtro de Nome...
		Nome do Produto: Tapete New Bouclê 200x250cm - Tapetes São Carlos
			Igorando Pelo Filtro de Nome...
		Nome do Produto: Tapete New Bouclê 150x200cm - Tapetes São Carlos
			Igorando Pelo Filtro de Nome...
		Nome do Produto: Tapete New Bouclê 100x160cm - Tapetes São Carlos
			Igorando Pelo Filtro de Nome...
		Nome do Produto: Tapete Origins 100x150cm - Tapetes São Carlos
			Igorando Pelo Filtro de Nome...
		Nome do Produto: Tapete Origins 200x250cm - Tapetes São Carlos
			Igorando Pelo Filtro de Nome...
		Nome do Produto: Tapete Origins 150x200cm - Tapetes São Carlos
			Igorando Pelo Filtro de Nome...
		Nome do Produto: Tapete Origins 200x250cm - Tapetes São Carlos
			Igorando Pelo Filtro de Nome...
		Nome do Produto: Tapete Origins 200x250cm - Tapetes São Carlos
			Igorando Pelo Filtro de Nome...
		Nome do Produto: Tapete Origins 150x200cm - Tapetes São Carlos
			Igorando Pelo Filtro de Nome...
		Nome do Produto: Tapete Origins 100x150cm - Tapetes São Carlos
			Igorando Pelo Filtro de Nome...
		Nome do Produto: Tapete Origins 200x250cm - Tapetes São Carlos
			Igorando Pelo Filtro de Nome...
		Nome do Produto: Tapete New Bouclê 100x160cm - Tapetes São Carlos
			Igorando Pelo Filtro de Nome...
		Nome do Produto: Tapete New Bouclê 100x160cm - Tapetes São Carlos
			Igorando Pelo Filtro de Nome...
		Nome do Produto: Tapete New Bouclê 200x250cm - Tapetes São Carlos
			Igorando Pelo Filtro de Nome...
		Nome do Produto: Tapete Emotion 100x150cm - Tapetes São Carlos
			Igorando Pelo Filtro de Nome...
	Tempo Para buscar: 1814
Loja: Mula Games
	URL Principal: http://www.mulagames.com.br/
	URL Busca: http://www.mulagames.com.br/produtos-index/catalogo_produtos/-/-/<BUSCA>/-/-/-/-/-/
http://www.mulagames.com.br/produtos-index/catalogo_produtos/-/-/Project%20X%20Zone/-/-/-/-/-/
		Documento Lido
		Resultados: 1
		Nome do Produto: Project X Zone - 3DS
http://www.mulagames.com.br/Project-X-Zone-3DS/prod-1739499/
		Acessando URL do produto.
http://www.mulagames.com.br/produto-ajax_retorna_dados_preco_comprar/1739499
		Acessando URL do preço produto.
	Tempo Para buscar: 2448
Loja: Net Shoes
	URL Principal: http://www.netshoes.com.br/
	URL Busca: http://www.netshoes.com.br/search?Ntt=<BUSCA>
http://www.netshoes.com.br/search?Ntt=Project+X+Zone
		Documento Lido
		Resultados: 60
		Nome do Produto: Chuteira Adidas X 15 4 TF Society
			Igorando Pelo Filtro de Nome...
		Nome do Produto: Chuteira Adidas X 15.3 FG Campo
			Igorando Pelo Filtro de Nome...
		Nome do Produto: Chuteira Adidas X 15 4 IN Futsal
			Igorando Pelo Filtro de Nome...
		Nome do Produto: Chuteira Adidas X 15.3 TF Society
			Igorando Pelo Filtro de Nome...
		Nome do Produto: Chuteira Adidas X 15 4 TF Society
			Igorando Pelo Filtro de Nome...
		Nome do Produto: Chuteira Adidas X 15 4 FG Campo
			Igorando Pelo Filtro de Nome...
		Nome do Produto: Chuteira Adidas Vs X 15.2 CT Futsal
			Igorando Pelo Filtro de Nome...
		Nome do Produto: Chuteira Adidas X 15 4 IN Futsal
			Igorando Pelo Filtro de Nome...
		Nome do Produto: Chuteira Adidas X 15 3 IN Futsal
			Igorando Pelo Filtro de Nome...
		Nome do Produto: Chuteira Adidas X 15 4 FG Campo
			Igorando Pelo Filtro de Nome...
		Nome do Produto: Chuteira Adidas X 15 4 IN Futsal
			Igorando Pelo Filtro de Nome...
		Nome do Produto: Chuteira Adidas X 15.3 TF Cour Society
			Igorando Pelo Filtro de Nome...
		Nome do Produto: Chuteira Adidas X 15 4 TF Society
			Igorando Pelo Filtro de Nome...
		Nome do Produto: Chuteira Adidas X 15 4 FG Campo
			Igorando Pelo Filtro de Nome...
		Nome do Produto: Chuteira Adidas X 15. 1 FG Cour Campo
			Igorando Pelo Filtro de Nome...
		Nome do Produto: Saco de Pancadas Pretorian 1,10 x 40 cm
			Igorando Pelo Filtro de Nome...
		Nome do Produto: MR-X Time Release Protein 1 kg - Max Titanium
			Igorando Pelo Filtro de Nome...
		Nome do Produto: Chuteira Adidas Vs X 15.2 Cage Society
			Igorando Pelo Filtro de Nome...
		Nome do Produto: Skate Urgh Kids 31.4 X 7.75
			Igorando Pelo Filtro de Nome...
		Nome do Produto: Skate Urgh Kids 31.4 X 7.75
			Igorando Pelo Filtro de Nome...
		Nome do Produto: Chuteira Adidas X 15 4 ST Futsal
			Igorando Pelo Filtro de Nome...
		Nome do Produto: Chuteira Adidas X 15.1 FG Campo
			Igorando Pelo Filtro de Nome...
		Nome do Produto: Boné Adidas Climalite X
			Igorando Pelo Filtro de Nome...
		Nome do Produto: Mochila Adidas X
			Igorando Pelo Filtro de Nome...
		Nome do Produto: Saco de Pancada Naja Classic 1,60 x 45 cm
			Igorando Pelo Filtro de Nome...
		Nome do Produto: Skate Urgh Kids 31.4 X 7.75
			Igorando Pelo Filtro de Nome...
		Nome do Produto: Skate Urgh Kids 31.4 X 7.75
			Igorando Pelo Filtro de Nome...
		Nome do Produto: Patins Fila X-One Infantil
			Igorando Pelo Filtro de Nome...
		Nome do Produto: Skate Urgh Kids 31.4 X 7.75
			Igorando Pelo Filtro de Nome...
		Nome do Produto: Saco de Pancada Naja Classic 1,60 x 30 cm
			Igorando Pelo Filtro de Nome...
		Nome do Produto: Chuteira Adidas X 15.4 IN Futsal Juvenil
			Igorando Pelo Filtro de Nome...
		Nome do Produto: Tênis Polo Royal Club X Horse
			Igorando Pelo Filtro de Nome...
		Nome do Produto: Amino X 364g
			Igorando Pelo Filtro de Nome...
		Nome do Produto: Tênis Polo Royal Club X Horse
			Igorando Pelo Filtro de Nome...
		Nome do Produto: Rolo Acte Sports Band - Nível Médio (25 m x 0,50 cm)
			Igorando Pelo Filtro de Nome...
		Nome do Produto: Rolo Acte Sports Band - Nível Difícil (25 m x 0,65 cm)
			Igorando Pelo Filtro de Nome...
		Nome do Produto: Chuteira Adidas X 15.4 Street Futsal Juvenil
			Igorando Pelo Filtro de Nome...
		Nome do Produto: Myo-X 300 g Myostatin Inhibitor - MHP
			Igorando Pelo Filtro de Nome...
		Nome do Produto: Chuteira Nike Mercurial Vapor X CR7 FG
			Igorando Pelo Filtro de Nome...
		Nome do Produto: Chuteira Adidas X 15.4 TF Society Juvenil
			Igorando Pelo Filtro de Nome...
		Nome do Produto: Bola Adidas X Glider Campo
			Igorando Pelo Filtro de Nome...
		Nome do Produto: Camisa de Compressão Woom X-Fit
			Igorando Pelo Filtro de Nome...
		Nome do Produto: MR-X Time Release Protein 1 kg - Max Titanium
			Igorando Pelo Filtro de Nome...
		Nome do Produto: Rolo Acte Sports Band - Nível Fácil (25 m x 0,35 cm)
			Igorando Pelo Filtro de Nome...
		Nome do Produto: Skate Urgh Kids 31.4 X 7.75
			Igorando Pelo Filtro de Nome...
		Nome do Produto: Chuteira Nike Mercurial Vapor X FG Campo
			Igorando Pelo Filtro de Nome...
		Nome do Produto: Bota Bull Terrier X-Terra
			Igorando Pelo Filtro de Nome...
		Nome do Produto: Relógio Puma Zone
			Igorando Pelo Filtro de Nome...
		Nome do Produto: Camisa de Compressão Woom X-Fit
			Igorando Pelo Filtro de Nome...
		Nome do Produto: Kit Tatame Prime 4.0 - 2 x 2 m
			Igorando Pelo Filtro de Nome...
		Nome do Produto: Skate Urgh Especial Logo 31.4 X 7.75
			Igorando Pelo Filtro de Nome...
		Nome do Produto: Thermo Cuts X 120 Cáps - NeoNutri
			Igorando Pelo Filtro de Nome...
		Nome do Produto: Patins Fila X-One Infantil
			Igorando Pelo Filtro de Nome...
		Nome do Produto: Saco de Pancada Naja Home User Classic 90 x 30 cm
			Igorando Pelo Filtro de Nome...
		Nome do Produto: Skate Cruiser Kryptonics Torpedo Red Metal 22,5 x 6
			Igorando Pelo Filtro de Nome...
		Nome do Produto: Polaina de Compressão Woom X-Fit
			Igorando Pelo Filtro de Nome...
		Nome do Produto: Skate Bob Burnquist 33,5 x 10,3
			Igorando Pelo Filtro de Nome...
		Nome do Produto: Kit Tatame Prime 2.8 - 3 x 3 m
			Igorando Pelo Filtro de Nome...
		Nome do Produto: Skate Urgh Especial Cavalera Dark Chaos 31.4 X 7.75
			Igorando Pelo Filtro de Nome...
		Nome do Produto: Skate Live Skateboards Mont Star 31.5 x 7.70
			Igorando Pelo Filtro de Nome...
	Tempo Para buscar: 558
Loja: Ponto Frio
	URL Principal: http://www.pontofrio.com.br/
	URL Busca: http://search.pontofrio.com.br/search?w=<BUSCA>
http://search.pontofrio.com.br/search?w=Project+X+Zone
		Documento Lido
		Resultados: 3
		Nome do Produto: 
			Igorando Pelo Filtro de Nome...
		Nome do Produto: 
			Igorando Pelo Filtro de Nome...
		Nome do Produto: 
			Igorando Pelo Filtro de Nome...
		Nome do Produto: 
			Igorando Pelo Filtro de Nome...
		Nome do Produto: 
			Igorando Pelo Filtro de Nome...
		Nome do Produto: 
			Igorando Pelo Filtro de Nome...
		Nome do Produto: 
			Igorando Pelo Filtro de Nome...
		Nome do Produto: 
			Igorando Pelo Filtro de Nome...
		Nome do Produto: 
			Igorando Pelo Filtro de Nome...
		Nome do Produto: 
			Igorando Pelo Filtro de Nome...
		Nome do Produto: 
			Igorando Pelo Filtro de Nome...
		Nome do Produto: 
			Igorando Pelo Filtro de Nome...
		Nome do Produto: 
			Igorando Pelo Filtro de Nome...
		Nome do Produto: 
			Igorando Pelo Filtro de Nome...
		Nome do Produto: 
			Igorando Pelo Filtro de Nome...
		Nome do Produto: 
			Igorando Pelo Filtro de Nome...
		Nome do Produto: 
			Igorando Pelo Filtro de Nome...
		Nome do Produto: 
			Igorando Pelo Filtro de Nome...
		Nome do Produto: 
			Igorando Pelo Filtro de Nome...
		Nome do Produto: 
			Igorando Pelo Filtro de Nome...
		Nome do Produto: 
			Igorando Pelo Filtro de Nome...
		Nome do Produto: 
			Igorando Pelo Filtro de Nome...
		Nome do Produto: 
			Igorando Pelo Filtro de Nome...
		Nome do Produto: 
			Igorando Pelo Filtro de Nome...
		Nome do Produto: 
			Igorando Pelo Filtro de Nome...
		Nome do Produto: 
			Igorando Pelo Filtro de Nome...
		Nome do Produto: 
			Igorando Pelo Filtro de Nome...
		Nome do Produto: 
			Igorando Pelo Filtro de Nome...
		Nome do Produto: 
			Igorando Pelo Filtro de Nome...
		Nome do Produto: 
			Igorando Pelo Filtro de Nome...
		Nome do Produto: 
			Igorando Pelo Filtro de Nome...
		Nome do Produto: 
			Igorando Pelo Filtro de Nome...
		Nome do Produto: 
			Igorando Pelo Filtro de Nome...
		Nome do Produto: 
			Igorando Pelo Filtro de Nome...
		Nome do Produto: 
			Igorando Pelo Filtro de Nome...
		Nome do Produto: 
			Igorando Pelo Filtro de Nome...
		Nome do Produto: 
			Igorando Pelo Filtro de Nome...
		Nome do Produto: 
			Igorando Pelo Filtro de Nome...
		Nome do Produto: 
			Igorando Pelo Filtro de Nome...
		Nome do Produto: 
			Igorando Pelo Filtro de Nome...
		Nome do Produto: 
			Igorando Pelo Filtro de Nome...
		Nome do Produto: 
			Igorando Pelo Filtro de Nome...
	Tempo Para buscar: 2027
Loja: Ricardo Eletro
	URL Principal: http://www.ricardoeletro.com.br/
	URL Busca: http://www.ricardoeletro.com.br/Busca/Resultado/?q=<BUSCA>
http://www.ricardoeletro.com.br/Busca/Resultado/?q=Project+X+Zone
		Documento Lido
		Resultados: 2
		Nome do Produto: Jogo Project Spark para Xbox One (XONE)
			Igorando Pelo Filtro de Nome...
		Nome do Produto: Kit com 03 Jogos para Xbox One (XONE): Minecraft, Project Spark e Zoo Tycoon
			Igorando Pelo Filtro de Nome...
	Tempo Para buscar: 459
Loja: RiHappy
	URL Principal: http://www.rihappy.com.br/
	URL Busca: http://www.rihappy.com.br/<BUSCA>
http://www.rihappy.com.br/Project%20X%20Zone
		Documento Lido
		Resultados: 0
	Tempo Para buscar: 1260
Loja: Saraiva
	URL Principal: http://www.saraiva.com.br/
	URL Busca: http://busca.saraiva.com.br/search?w=<BUSCA>&PAC_ID=129457&ts=ajax
http://busca.saraiva.com.br/search?w=Project+X+Zone&PAC_ID=129457&ts=ajax
		Documento Lido
		Resultados: 2
		Nome do Produto: Multifuncional HP Officej...
			Igorando Pelo Filtro de Nome...
		Nome do Produto: Vade Mecum Saraiva Compac...
			Igorando Pelo Filtro de Nome...
	Tempo Para buscar: 216
Loja: Shop Facil
	URL Principal: http://ww2.shopfacil.com.br/
	URL Busca: http://ww2.shopfacil.com.br/<BUSCA>
http://ww2.shopfacil.com.br/Project%20X%20Zone
		Documento Lido
		Resultados: 3
		Nome do Produto: Blu-Ray - Projeto X: Uma Festa Fora do Controle - Project X
			Igorando Pelo Filtro de Nome...
		Nome do Produto: Livro - Entertainment: Reading x Projectos - Intermediate - Susan Holden
			Igorando Pelo Filtro de Nome...
		Nome do Produto: Livro - Animals: Reading x Projectos - Beginner Plus - Susan Holden
			Igorando Pelo Filtro de Nome...
	Tempo Para buscar: 4791
Loja: Shop Time
	URL Principal: http://www.shoptime.com.br/
	URL Busca: http://busca.shoptime.com.br/busca.php?q=<BUSCA>
http://busca.shoptime.com.br/busca.php?q=Project+X+Zone
		Documento Lido
		Resultados: 1
		Nome do Produto: Project X Zone N3ds
http://www.shoptime.com.br/produto/8463322/project-x-zone-n3ds
		Acessando URL do produto.
	Tempo Para buscar: 695
Loja: ShopB
	URL Principal: http://www.shopb.com.br/
	URL Busca: http://busca.shopb.com.br/?busca=<BUSCA>
http://busca.shopb.com.br/?busca=Project+X+Zone
		Documento Lido
		Resultados: 31
		Nome do Produto: Project X Zone: Limited Edition - 3DS
http://shopb.ecommercesearch.com.br/Busca/Redir?url=http%3a%2f%2fwww.shopb.com.br%2fecommerce_site%2findex.php%3fpg%3dproduto%26cdg%3d4488%26idp%3d35001%26idparceiro%3dp1&esid=35001
		Acessando URL do produto.
		Nome do Produto: Box Pokemon - X Y 1 Gyarados - PT
			Igorando Pelo Filtro de Nome...
		Nome do Produto: Box Pokemon - X Y 3 Slurpuff - PT
			Igorando Pelo Filtro de Nome...
		Nome do Produto: Box Pokemon - X Y 3 Trevenant - PT
			Igorando Pelo Filtro de Nome...
		Nome do Produto: Cabo USB A 2.0 x Mini USB B 4-Pinos - USB
			Igorando Pelo Filtro de Nome...
		Nome do Produto: Cabo VGA HD15M x HD15M 1.8m - Blindado - Hitto
			Igorando Pelo Filtro de Nome...
		Nome do Produto: Cabo VGA HD15M x HD15M 25m - Blindado - Hitto
			Igorando Pelo Filtro de Nome...
		Nome do Produto: Cabo VGA HD15M x HD15M 3m - Blindado - Hitto
			Igorando Pelo Filtro de Nome...
		Nome do Produto: Cabo VGA HD15M x HD15M 5m - Blindado - Hitto
			Igorando Pelo Filtro de Nome...
		Nome do Produto: Final Fantasy X/X-2 HD Remaster - PS3
			Igorando Pelo Filtro de Nome...
		Nome do Produto: Final Fantasy X/X-2 HD Remaster - PS4
			Igorando Pelo Filtro de Nome...
		Nome do Produto: Final Fantasy XIII - 2 - PS3
			Igorando Pelo Filtro de Nome...
		Nome do Produto: Final Fantasy XIII - PS3
			Igorando Pelo Filtro de Nome...
		Nome do Produto: Final Fantasy XIII-3: Lightning Returns - PS3
			Igorando Pelo Filtro de Nome...
		Nome do Produto: Final Fantasy XIII-3: Lightning Returns - XBOX 360
			Igorando Pelo Filtro de Nome...
		Nome do Produto: Fonte de Alimentação 600W 80 Plus Bronze Strike X EN53822 - Aerocool
			Igorando Pelo Filtro de Nome...
		Nome do Produto: Hatsune Miku: Project DIVA F - PS3
			Igorando Pelo Filtro de Nome...
		Nome do Produto: Hatsune Miku: Project DIVA F 2nd - PS Vita
			Igorando Pelo Filtro de Nome...
		Nome do Produto: Hatsune Miku: Project DIVA F 2nd - PS3
			Igorando Pelo Filtro de Nome...
		Nome do Produto: Mortal Kombat X - PC
			Igorando Pelo Filtro de Nome...
		Nome do Produto: Mortal Kombat X - PC - Mídia Digital
			Igorando Pelo Filtro de Nome...
		Nome do Produto: Mortal Kombat X - PS4
			Igorando Pelo Filtro de Nome...
		Nome do Produto: Mortal Kombat X - XBOX ONE
			Igorando Pelo Filtro de Nome...
		Nome do Produto: PGR Project Gotham Racing 4 - XBOX 360
			Igorando Pelo Filtro de Nome...
		Nome do Produto: Placa de Parede Decorativa: Cadeira X - ShopB
			Igorando Pelo Filtro de Nome...
		Nome do Produto: Placa de Parede Decorativa: Gaming Zone - ShopB
			Igorando Pelo Filtro de Nome...
		Nome do Produto: Pokemon X - 3DS
			Igorando Pelo Filtro de Nome...
		Nome do Produto: Processador Intel Core i3 3250 3.5 Ghz Box - Intel
			Igorando Pelo Filtro de Nome...
		Nome do Produto: Project CARS - XBOX ONE
			Igorando Pelo Filtro de Nome...
		Nome do Produto: Project Spark: Pacote Inicial - XBOX ONE
			Igorando Pelo Filtro de Nome...
		Nome do Produto: Project Sylpheed - XBOX 360
			Igorando Pelo Filtro de Nome...
	Tempo Para buscar: 2001
Loja: Submarino
	URL Principal: http://www.submarino.com.br/
	URL Busca: http://busca.submarino.com.br/busca.php?q=<BUSCA>
http://busca.submarino.com.br/busca.php?q=Project+X+Zone
		Documento Lido
		Resultados: 1
		Nome do Produto: Project X Zone N3ds
http://www.submarino.com.br/produto/8463322/project-x-zone-n3ds
		Acessando URL do produto.
	Tempo Para buscar: 500
Loja: Walmart
	URL Principal: http://www.walmart.com.br/
	URL Busca: http://www.walmart.com.br/busca/?ft=<BUSCA>&PS=20
http://www.walmart.com.br/busca/?ft=Project+X+Zone&PS=20
		Documento Lido
		Resultados: 1
		Nome do Produto: Project X Zone N3DS
http://www.walmart.com.br//project-x-zone-n3ds/2377087/pr
		Acessando URL do produto.
	Tempo Para buscar: 1201

File copied from C:\java\workspace Estudo\lookforprices\resources\imports\css.css to C:\java\workspace Estudo\lookforprices\reports\2015-09-09 16\css.css
File copied from C:\java\workspace Estudo\lookforprices\resources\imports\jquery.js to C:\java\workspace Estudo\lookforprices\reports\2015-09-09 16\jquery.js
File copied from C:\java\workspace Estudo\lookforprices\resources\imports\scripts.js to C:\java\workspace Estudo\lookforprices\reports\2015-09-09 16\scripts.js
Tempo total de execução: 28396
