Game: Resident Evil Revelations
Product Name: Resident Evil Revelations
Loja: Nintendo eShop
	URL Principal: http://www.nintendo.com/3ds/eshop
	URL Busca: http://www.nintendo.com/json/content/get/game/filter?&qterm=<BUSCA>
NintendoEShopSearch.search() http://www.nintendo.com/json/content/get/game/filter?&qterm=Resident+Evil+Revelations
		Documento Lido
		Resultados: 3
		Nome do Produto: Resident Evil Revelations
http://www.nintendo.com/games/detail/XkJsnA3RX3B7nlP_LdTvZQDRm0yeFMLo
		Acessando URL do produto.
URL = http://www.nintendo.com/games/detail/XkJsnA3RX3B7nlP_LdTvZQDRm0yeFMLo
		Nome do Produto: Resident Evil Revelations
http://www.nintendo.com/games/detail/sv0drfht5St0wc6G2GzSE3eBRj0CYzd-
		Acessando URL do produto.
URL = http://www.nintendo.com/games/detail/sv0drfht5St0wc6G2GzSE3eBRj0CYzd-
		Nome do Produto: Resident Evil: The Mercenaries 3D
			Igorando Pelo Filtro de Nome...
	Tempo Para buscar: 908
Loja: Americanas
	URL Principal: http://www.americanas.com.br/
	URL Busca: http://busca.americanas.com.br/busca.php?q=<BUSCA>
http://busca.americanas.com.br/busca.php?q=Resident+Evil+Revelations
		Documento Lido
		Resultados: 18
		Nome do Produto: Game Resident Evil: Revelations - PS3
http://www.americanas.com.br/produto/113266497/game-resident-evil-revelations-ps3&review=1
		Acessando URL do produto.
		Nome do Produto: Game - Resident Evil Revelations 2 - PS3
http://www.americanas.com.br/produto/121800611/game-resident-evil-revelations-2-ps3
		Acessando URL do produto.
		Nome do Produto: Game - Resident Evil Revelations 2 - PS4
http://www.americanas.com.br/produto/121800637/game-resident-evil-revelations-2-ps4
		Acessando URL do produto.
		Nome do Produto: Game Resident Evil: Revelations - XBOX 360 - Capcom
http://www.americanas.com.br/produto/113266518/game-resident-evil-revelations-xbox-360-capcom
		Acessando URL do produto.
		Nome do Produto: Game - Resident Evil Revelations 2 - Xbox360
http://www.americanas.com.br/produto/121800653/game-resident-evil-revelations-2-xbox360
		Acessando URL do produto.
		Nome do Produto: Game - Resident Evil: Revelations - PS3
http://www.americanas.com.br/produto/120743600/game-resident-evil-revelations-ps3
		Acessando URL do produto.
		Nome do Produto: Game - Resident Evil Revelations 2 - Xbox One
http://www.americanas.com.br/produto/121800670/game-resident-evil-revelations-2-xbox-one
		Acessando URL do produto.
		Nome do Produto: Game - Resident Evil: Revelations - XBOX 360
http://www.americanas.com.br/produto/120743626/game-resident-evil-revelations-xbox-360
		Acessando URL do produto.
		Nome do Produto: Jogo Ps3 Resident Evil Revelations
http://www.americanas.com.br/produto/7938490/jogo-ps3-resident-evil-revelations
		Acessando URL do produto.
		Nome do Produto: Resident Evil Revelations Wii U
http://www.americanas.com.br/produto/8462919/resident-evil-revelations-wii-u
		Acessando URL do produto.
		Nome do Produto: Resident Evil Revelations - Wiiu
http://www.americanas.com.br/produto/9691279/resident-evil-revelations-wiiu
		Acessando URL do produto.
		Nome do Produto: Game Resident Evil Revelations 2 + Devil May Cry:...
http://www.americanas.com.br/produto/122404978/game-resident-evil-revelations-2-devil-may-cry-definitive-edition-ps4
		Acessando URL do produto.
		Nome do Produto: Game Resident Evil Revelations 2 + The Evil Within - PS4
http://www.americanas.com.br/produto/122405049/game-resident-evil-revelations-2-the-evil-within-ps4
		Acessando URL do produto.
		Nome do Produto: Game Dying Light + Resident Evil Revelations 2 - PS4
http://www.americanas.com.br/produto/122404986/game-dying-light-resident-evil-revelations-2-ps4
		Acessando URL do produto.
		Nome do Produto: Jogo Xbox 360 Resident Evil Revelations
http://www.americanas.com.br/produto/7938491/jogo-xbox-360-resident-evil-revelations
		Acessando URL do produto.
		Nome do Produto: Game Resident Evil Revelations - 3DS
http://www.americanas.com.br/produto/110839190/game-resident-evil-revelations-3ds
		Acessando URL do produto.
		Nome do Produto: Game Dying Light + Resident Evil Revelations 2 - XBOX ONE
http://www.americanas.com.br/produto/122449877/game-dying-light-resident-evil-revelations-2-xbox-one
		Acessando URL do produto.
		Nome do Produto: Game Dying Light + Resident Evil Revelations 2 - XBOX ONE
http://www.americanas.com.br/produto/122449877/game-dying-light-resident-evil-revelations-2-xbox-one
		Acessando URL do produto.
	Tempo Para buscar: 5425
Loja: Big Boy Games
	URL Principal: http://www.bigboygames.com.br/
	URL Busca: http://www.bigboygames.com.br/pesquisa/?p=<BUSCA>
http://www.bigboygames.com.br/pesquisa/?p=Resident+Evil+Revelations
		Documento Lido
		Resultados: 8
		Nome do Produto: PS3 - Resident Evil Revelations 2
http://www.bigboygames.com.br/ps3-resident-evil-revelations-2-p6936/
		Acessando URL do produto.
		Nome do Produto: 3DS - Resident Evil Revelations
http://www.bigboygames.com.br/3ds-resident-evil-revelations-p3663/
		Acessando URL do produto.
		Nome do Produto: Xbox 360 - Resident Evil Revelations 2
http://www.bigboygames.com.br/xbox-360-resident-evil-revelations-2-p6937/
		Acessando URL do produto.
		Nome do Produto: Resident Evil Revelations - WiiU
http://www.bigboygames.com.br/resident-evil-revelations-wiiu-p5209/
		Acessando URL do produto.
		Nome do Produto: PS3 - Resident Evil Revelations
http://www.bigboygames.com.br/ps3-resident-evil-revelations-p4964/
		Acessando URL do produto.
		Nome do Produto: PS4 - Resident Evil Revelations 2
http://www.bigboygames.com.br/ps4-resident-evil-revelations-2-p6934/
		Acessando URL do produto.
		Nome do Produto: Xbox 360 - Resident Evil Revelations
http://www.bigboygames.com.br/xbox-360-resident-evil-revelations-p4965/
		Acessando URL do produto.
		Nome do Produto: Xbox One - Resident Evil Revelations 2
http://www.bigboygames.com.br/xbox-one-resident-evil-revelations-2-p6935/
		Acessando URL do produto.
	Tempo Para buscar: 9152
Loja: Casas Bahia
	URL Principal: http://www.casasbahia.com.br/
	URL Busca: http://buscas.casasbahia.com.br/search?w=<BUSCA>
http://buscas.casasbahia.com.br/search?w=Resident+Evil+Revelations
		Documento Lido
		Resultados: 1
		Nome do Produto: Jogo Resident Evil: Revelations 2 - Xbox 360
http://buscas.casasbahia.com.br/search?p=R&srid=S6-USWSD02&lbc=casasbahia&w=Resident%20Evil%20Revelations&url=http%3a%2f%2fproduto.casasbahia.com.br%2f4286986%3f&rk=1&uid=292232785&sid=2&ts=custom&rsc=Z0HMRlv7XFAT4to6&method=and&isort=score&view=grid
		Acessando URL do produto.
		Nome do Produto: Game Resident Evil Revelations - 3DS
http://buscas.casasbahia.com.br/search?p=R&srid=S6-USWSD02&lbc=casasbahia&w=Resident%20Evil%20Revelations&url=http%3a%2f%2fproduto.casasbahia.com.br%2f2939433%3f&rk=2&uid=292232785&sid=2&ts=custom&rsc=awvCZab5mBOzTYSk&method=and&isort=score&view=grid
		Acessando URL do produto.
		Nome do Produto: Game Resident Evil Revelations 2: Complete Season para Download - PC
http://buscas.casasbahia.com.br/search?p=R&srid=S6-USWSD02&lbc=casasbahia&w=Resident%20Evil%20Revelations&url=http%3a%2f%2fproduto.casasbahia.com.br%2f4688041%3f&rk=3&uid=292232785&sid=2&ts=custom&rsc=ZCtEk57O6J454Cai&method=and&isort=score&view=grid
		Acessando URL do produto.
		Nome do Produto: Jogo Resident Evil: Revelations 2 - PS3
http://buscas.casasbahia.com.br/search?p=R&srid=S6-USWSD02&lbc=casasbahia&w=Resident%20Evil%20Revelations&url=http%3a%2f%2fproduto.casasbahia.com.br%2f4286984%3f&rk=4&uid=292232785&sid=2&ts=custom&rsc=wVSQAnFD7PgRtP2Z&method=and&isort=score&view=grid
		Acessando URL do produto.
		Nome do Produto: Jogo Resident Evil: Revelations - Xbox 360
http://buscas.casasbahia.com.br/search?p=R&srid=S6-USWSD02&lbc=casasbahia&w=Resident%20Evil%20Revelations&url=http%3a%2f%2fproduto.casasbahia.com.br%2f2067453%3f&rk=5&uid=292232785&sid=2&ts=custom&rsc=Snz%3aWXbTRPGZfZpM&method=and&isort=score&view=grid
		Acessando URL do produto.
		Nome do Produto: Jogo Resident Evil: Revelations - PS3
http://buscas.casasbahia.com.br/search?p=R&srid=S6-USWSD02&lbc=casasbahia&w=Resident%20Evil%20Revelations&url=http%3a%2f%2fproduto.casasbahia.com.br%2f2067452%3f&rk=6&uid=292232785&sid=2&ts=custom&rsc=pgQTkTfJwNNe%3aEdQ&method=and&isort=score&view=grid
		Acessando URL do produto.
		Nome do Produto: Resident Evil Revelations PS3
http://buscas.casasbahia.com.br/search?p=R&srid=S6-USWSD02&lbc=casasbahia&w=Resident%20Evil%20Revelations&url=http%3a%2f%2fproduto.casasbahia.com.br%2f3390456%3f&rk=7&uid=292232785&sid=2&ts=custom&rsc=k7PjFkQBkhO6%3a6Pn&method=and&isort=score&view=grid
		Acessando URL do produto.
		Nome do Produto: Resident Evil Revelations Wii U
http://buscas.casasbahia.com.br/search?p=R&srid=S6-USWSD02&lbc=casasbahia&w=Resident%20Evil%20Revelations&url=http%3a%2f%2fproduto.casasbahia.com.br%2f3114915%3f&rk=8&uid=292232785&sid=2&ts=custom&rsc=5zzU0i69b9PsQ-Zw&method=and&isort=score&view=grid
		Acessando URL do produto.
		Nome do Produto: Resident Evil Revelations Xbox 360
http://buscas.casasbahia.com.br/search?p=R&srid=S6-USWSD02&lbc=casasbahia&w=Resident%20Evil%20Revelations&url=http%3a%2f%2fproduto.casasbahia.com.br%2f5392696%3f&rk=9&uid=292232785&sid=2&ts=custom&rsc=cpUN4cpdobKRRejO&method=and&isort=score&view=grid
		Acessando URL do produto.
		Nome do Produto: Resident Evil Revelations 2 PS4
http://buscas.casasbahia.com.br/search?p=R&srid=S6-USWSD02&lbc=casasbahia&w=Resident%20Evil%20Revelations&url=http%3a%2f%2fproduto.casasbahia.com.br%2f5471367%3f&rk=10&uid=292232785&sid=2&ts=custom&rsc=krEuNyYyuez%3awNFg&method=and&isort=score&view=grid
		Acessando URL do produto.
		Nome do Produto: Resident Evil: Revelations - 3DS
http://buscas.casasbahia.com.br/search?p=R&srid=S6-USWSD02&lbc=casasbahia&w=Resident%20Evil%20Revelations&url=http%3a%2f%2fproduto.casasbahia.com.br%2f5567473%3f&rk=11&uid=292232785&sid=2&ts=custom&rsc=s39kgWdJ0zlreC8P&method=and&isort=score&view=grid
		Acessando URL do produto.
		Nome do Produto: Resident Evil: Revelations - Wii U
http://buscas.casasbahia.com.br/search?p=R&srid=S6-USWSD02&lbc=casasbahia&w=Resident%20Evil%20Revelations&url=http%3a%2f%2fproduto.casasbahia.com.br%2f5548835%3f&rk=12&uid=292232785&sid=2&ts=custom&rsc=YP3bk4tEkUd%3a3MO9&method=and&isort=score&view=grid
		Acessando URL do produto.
		Nome do Produto: Resident Evil Revelations - XBOX 360
http://buscas.casasbahia.com.br/search?p=R&srid=S6-USWSD02&lbc=casasbahia&w=Resident%20Evil%20Revelations&url=http%3a%2f%2fproduto.casasbahia.com.br%2f5687614%3f&rk=13&uid=292232785&sid=2&ts=custom&rsc=eQxJRzUNa5UMWpe2&method=and&isort=score&view=grid
		Acessando URL do produto.
		Nome do Produto: Game Resident Evil: Revelations 2 - PS4
http://buscas.casasbahia.com.br/search?p=R&srid=S6-USWSD02&lbc=casasbahia&w=Resident%20Evil%20Revelations&url=http%3a%2f%2fproduto.casasbahia.com.br%2f5090217%3f&rk=14&uid=292232785&sid=2&ts=custom&rsc=hAlG4-PekJWCbv-l&method=and&isort=score&view=grid
		Acessando URL do produto.
		Nome do Produto: Game Resident Evil Revelations 2 - PS3
http://buscas.casasbahia.com.br/search?p=R&srid=S6-USWSD02&lbc=casasbahia&w=Resident%20Evil%20Revelations&url=http%3a%2f%2fproduto.casasbahia.com.br%2f5395167%3f&rk=15&uid=292232785&sid=2&ts=custom&rsc=Q2IKDpwtDZXoEORm&method=and&isort=score&view=grid
		Acessando URL do produto.
		Nome do Produto: Game Resident Evil Revelations 2 - PS4
http://buscas.casasbahia.com.br/search?p=R&srid=S6-USWSD02&lbc=casasbahia&w=Resident%20Evil%20Revelations&url=http%3a%2f%2fproduto.casasbahia.com.br%2f5414189%3f&rk=16&uid=292232785&sid=2&ts=custom&rsc=eHa2jCj7iVHWYyt9&method=and&isort=score&view=grid
		Acessando URL do produto.
		Nome do Produto: Game Resident Evil: Revelations para Download - PC
http://buscas.casasbahia.com.br/search?p=R&srid=S6-USWSD02&lbc=casasbahia&w=Resident%20Evil%20Revelations&url=http%3a%2f%2fproduto.casasbahia.com.br%2f2067404%3f&rk=17&uid=292232785&sid=2&ts=custom&rsc=DWEfl96ok-VRB6ii&method=and&isort=score&view=grid
		Acessando URL do produto.
		Nome do Produto: Jogo Resident Evil: Revelations 2 - Xbox One
http://buscas.casasbahia.com.br/search?p=R&srid=S6-USWSD02&lbc=casasbahia&w=Resident%20Evil%20Revelations&url=http%3a%2f%2fproduto.casasbahia.com.br%2f4286987%3f&rk=18&uid=292232785&sid=2&ts=custom&rsc=05cX%3axVS56NU3z5F&method=and&isort=score&view=grid
		Acessando URL do produto.
		Nome do Produto: Jogo Resident Evil: Revelations 2 - Xbox 360
http://buscas.casasbahia.com.br/search?p=R&srid=S6-USWSD02&lbc=casasbahia&w=Resident%20Evil%20Revelations&url=http%3a%2f%2fproduto.casasbahia.com.br%2f1000056945%3f&rk=19&uid=292232785&sid=2&ts=custom&rsc=MS9Uif2b2Q14xcgC&method=and&isort=score&view=grid
		Acessando URL do produto.
		Nome do Produto: Jogo Resident Evil: Revelations 2 - Xbox One
http://buscas.casasbahia.com.br/search?p=R&srid=S6-USWSD02&lbc=casasbahia&w=Resident%20Evil%20Revelations&url=http%3a%2f%2fproduto.casasbahia.com.br%2f1000057039%3f&rk=20&uid=292232785&sid=2&ts=custom&rsc=Ibo3r7xU0Fp3cpLh&method=and&isort=score&view=grid
		Acessando URL do produto.
	Tempo Para buscar: 25074
Loja: Extra
	URL Principal: http://www.extra.com.br/
	URL Busca: http://buscando.extra.com.br/search?w=<BUSCA>
http://buscando.extra.com.br/search?w=Resident+Evil+Revelations
		Documento Lido
		Resultados: 12
		Nome do Produto: Jogo Resident Evil: Revelations 2 - PS3
http://buscando.extra.com.br/search?p=R&srid=S1-USCDR01&lbc=extra&w=Resident%20Evil%20Revelations&url=http%3a%2f%2fproduto.extra.com.br%2f4286984%3f&rk=1&uid=292486857&sid=2&ts=custom&rsc=235T1GQNFLK0lIoT&method=and&isort=score&view=grid
		Acessando URL do produto.
		Nome do Produto: Jogo Resident Evil: Revelations 2 - Xbox 360
http://buscando.extra.com.br/search?p=R&srid=S1-USCDR01&lbc=extra&w=Resident%20Evil%20Revelations&url=http%3a%2f%2fproduto.extra.com.br%2f4286986%3f&rk=2&uid=292486857&sid=2&ts=custom&rsc=vPyVilqfbv%3aG%3aN%3aF&method=and&isort=score&view=grid
		Acessando URL do produto.
		Nome do Produto: Jogo Resident Evil: Revelations 2 - Xbox One
http://buscando.extra.com.br/search?p=R&srid=S1-USCDR01&lbc=extra&w=Resident%20Evil%20Revelations&url=http%3a%2f%2fproduto.extra.com.br%2f4286987%3f&rk=3&uid=292486857&sid=2&ts=custom&rsc=hM-IyDqPcGkw2BjT&method=and&isort=score&view=grid
		Acessando URL do produto.
		Nome do Produto: Jogo Resident Evil: Revelations - Xbox 360
http://buscando.extra.com.br/search?p=R&srid=S1-USCDR01&lbc=extra&w=Resident%20Evil%20Revelations&url=http%3a%2f%2fproduto.extra.com.br%2f2067453%3f&rk=4&uid=292486857&sid=2&ts=custom&rsc=fz3ZlTwxU5dz6%3apb&method=and&isort=score&view=grid
		Acessando URL do produto.
		Nome do Produto: Resident Evil Revelations PS3
http://buscando.extra.com.br/search?p=R&srid=S1-USCDR01&lbc=extra&w=Resident%20Evil%20Revelations&url=http%3a%2f%2fproduto.extra.com.br%2f3390456%3f&rk=5&uid=292486857&sid=2&ts=custom&rsc=9CNII3Mo77F4KdWW&method=and&isort=score&view=grid
		Acessando URL do produto.
		Nome do Produto: Resident Evil Revelations Wii U
http://buscando.extra.com.br/search?p=R&srid=S1-USCDR01&lbc=extra&w=Resident%20Evil%20Revelations&url=http%3a%2f%2fproduto.extra.com.br%2f3114915%3f&rk=6&uid=292486857&sid=2&ts=custom&rsc=81kuWY-N3qBs2ypP&method=and&isort=score&view=grid
		Acessando URL do produto.
		Nome do Produto: Jogo Resident Evil: Revelations - PS3
http://buscando.extra.com.br/search?p=R&srid=S1-USCDR01&lbc=extra&w=Resident%20Evil%20Revelations&url=http%3a%2f%2fproduto.extra.com.br%2f2067452%3f&rk=7&uid=292486857&sid=2&ts=custom&rsc=TCw5PKkKAw84yj-V&method=and&isort=score&view=grid
		Acessando URL do produto.
		Nome do Produto: Resident Evil Revelations Xbox 360
http://buscando.extra.com.br/search?p=R&srid=S1-USCDR01&lbc=extra&w=Resident%20Evil%20Revelations&url=http%3a%2f%2fproduto.extra.com.br%2f5392696%3f&rk=8&uid=292486857&sid=2&ts=custom&rsc=i5apX-Gc30F2l1DC&method=and&isort=score&view=grid
		Acessando URL do produto.
		Nome do Produto: Resident Evil Revelations 2 PS4
http://buscando.extra.com.br/search?p=R&srid=S1-USCDR01&lbc=extra&w=Resident%20Evil%20Revelations&url=http%3a%2f%2fproduto.extra.com.br%2f5471367%3f&rk=9&uid=292486857&sid=2&ts=custom&rsc=axcL3midv9VKosJi&method=and&isort=score&view=grid
		Acessando URL do produto.
		Nome do Produto: Resident Evil: Revelations - 3DS
http://buscando.extra.com.br/search?p=R&srid=S1-USCDR01&lbc=extra&w=Resident%20Evil%20Revelations&url=http%3a%2f%2fproduto.extra.com.br%2f5567473%3f&rk=10&uid=292486857&sid=2&ts=custom&rsc=9bq1AChKTeHx9yrq&method=and&isort=score&view=grid
		Acessando URL do produto.
		Nome do Produto: Resident Evil: Revelations - Wii U
http://buscando.extra.com.br/search?p=R&srid=S1-USCDR01&lbc=extra&w=Resident%20Evil%20Revelations&url=http%3a%2f%2fproduto.extra.com.br%2f5548835%3f&rk=11&uid=292486857&sid=2&ts=custom&rsc=k3voEY8YBEtF599k&method=and&isort=score&view=grid
		Acessando URL do produto.
		Nome do Produto: Resident Evil Revelations - XBOX 360
http://buscando.extra.com.br/search?p=R&srid=S1-USCDR01&lbc=extra&w=Resident%20Evil%20Revelations&url=http%3a%2f%2fproduto.extra.com.br%2f5687614%3f&rk=12&uid=292486857&sid=2&ts=custom&rsc=raJuDFGf7g9%3aowjX&method=and&isort=score&view=grid
		Acessando URL do produto.
	Tempo Para buscar: 19019
Loja: E-Virtua
	URL Principal: http://www.evirtua.com.br/
	URL Busca: http://www.evirtua.com.br/Busca?search_department_id=0&SearchTerm=<BUSCA>
http://www.evirtua.com.br/Busca?search_department_id=0&SearchTerm=Resident+Evil+Revelations
		Documento Lido
		Resultados: 9
		Nome do Produto: Resident Evil Revelations - PC
http://www.evirtua.com.br//resident-evil-revelations-pc/3211-01
		Acessando URL do produto.
		Nome do Produto: Resident Evil Revelations -Wii U
http://www.evirtua.com.br//resident-evil-revelationswii-u/3172-01
		Acessando URL do produto.
		Nome do Produto: Resident Evil: Revelations - 3DS
http://www.evirtua.com.br//resident-evil-revelations-3ds/2960-01
		Acessando URL do produto.
		Nome do Produto: Resident Evil: Revelations - PS3
http://www.evirtua.com.br//resident-evil-revelations-ps3/3164-01
		Acessando URL do produto.
		Nome do Produto: Resident Evil: Revelations - Xbox 360
http://www.evirtua.com.br//resident-evil-revelations-xbox-360/3165-01
		Acessando URL do produto.
		Nome do Produto: Resident Evil: Revelations 2 - PS3 - Legendado em Português
http://www.evirtua.com.br//resident-evil-revelations-2-ps3-legendado-em-portugues/3702-01
		Acessando URL do produto.
		Nome do Produto: Resident Evil: Revelations 2 - PS4 - Legendado em português
http://www.evirtua.com.br//resident-evil-revelations-2-ps4-legendado-em-portugues/3700-01
		Acessando URL do produto.
		Nome do Produto: Resident Evil: Revelations 2 - XBOX 360 - Legendado em Português
http://www.evirtua.com.br//resident-evil-revelations-2-xbox-360-legendado-em-portugues/3703-01
		Acessando URL do produto.
		Nome do Produto: Resident Evil: Revelations 2 - XBOX ONE - Legendado em português
http://www.evirtua.com.br//resident-evil-revelations-2-xbox-one-legendado-em-portugues/3701-01
		Acessando URL do produto.
	Tempo Para buscar: 1881
Loja: Fast Games
	URL Principal: http://www.fastgames.com.br/
	URL Busca: http://www.fastgames.com.br/loja/busca.php?loja=187970&palavra_busca=<BUSCA>
http://www.fastgames.com.br/loja/busca.php?loja=187970&palavra_busca=Resident+Evil+Revelations
		Documento Lido
		Resultados: 8
		Nome do Produto: Circle Pad Pro - 3DS
			Igorando Pelo Filtro de Nome...
		Nome do Produto: Resident Evil: Revelations - 3DS
http://www.fastgames.com.br//resident-evil-revelations-3ds-pr-3158-187970.htm
		Acessando URL do produto.
		Nome do Produto: Resident Evil: Revelations - PS3
http://www.fastgames.com.br//resident-evil-revelations-ps3-pr-5851-187970.htm
		Acessando URL do produto.
		Nome do Produto: Resident Evil: Revelations - Wii U
http://www.fastgames.com.br//resident-evil-revelations-wii-u-pr-6513-187970.htm
		Acessando URL do produto.
		Nome do Produto: Resident Evil: Revelations 2 - PS3
http://www.fastgames.com.br//resident-evil-revelations-2-ps3-pr-9310-187970.htm
		Acessando URL do produto.
		Nome do Produto: Resident Evil: Revelations 2 - PS4
http://www.fastgames.com.br//resident-evil-revelations-2-ps4-pr-9306-187970.htm
		Acessando URL do produto.
		Nome do Produto: Resident Evil: Revelations 2 - XBOX 360
http://www.fastgames.com.br//resident-evil-revelations-2-xbox-360-pr-9312-187970.htm
		Acessando URL do produto.
		Nome do Produto: Resident Evil: Revelations 2 - XBOX One
http://www.fastgames.com.br//resident-evil-revelations-2-xbox-one-pr-9308-187970.htm
		Acessando URL do produto.
	Tempo Para buscar: 8846
Loja: Fast Shop
	URL Principal: http://www.fastshop.com.br/loja/
	URL Busca: http://www.fastshop.com.br/webapp/wcs/stores/servlet/SearchDisplay?searchTerm=<BUSCA>&categoryId=&storeId=10151&catalogId=11052&langId=-6&pageSize=9&beginIndex=0&sType=SimpleSearch&resultCatEntryType=2&showResultsPage=true&searchSource=Q&pageView=&hotsite=fastshop
http://www.fastshop.com.br/webapp/wcs/stores/servlet/SearchDisplay?searchTerm=Resident+Evil+Revelations&categoryId=&storeId=10151&catalogId=11052&langId=-6&pageSize=9&beginIndex=0&sType=SimpleSearch&resultCatEntryType=2&showResultsPage=true&searchSource=Q&pageView=&hotsite=fastshop
		Documento Lido
		Resultados: 0
	Tempo Para buscar: 397
Loja: FNAC
	URL Principal: http://www.fnac.com.br/index.html
	URL Busca: http://busca.fnac.com.br/?busca=<BUSCA>
http://busca.fnac.com.br/?busca=Resident+Evil+Revelations
		Documento Lido
		Resultados: 26
		Nome do Produto: Ps3 Resident Evil: Revelations
http://busca.FNAC.com.br/Busca/Redir?url=http%3a%2f%2fwww.FNAC.com.br%2fmktredir.aspx%3furl%3dhttp%3a%2f%2fwww.FNAC.com.br%2fps3-resident-evil-revelations%2fp%2f636399&esid=636399
		Acessando URL do produto.
		Nome do Produto: Xbox 360 Resident Evil: Revelations
http://busca.FNAC.com.br/Busca/Redir?url=http%3a%2f%2fwww.FNAC.com.br%2fmktredir.aspx%3furl%3dhttp%3a%2f%2fwww.FNAC.com.br%2fxbox-360-resident-evil-revelations%2fp%2f636401&esid=636401
		Acessando URL do produto.
		Nome do Produto: Ps3 Resident Evil Revelations 2
http://busca.FNAC.com.br/Busca/Redir?url=http%3a%2f%2fwww.FNAC.com.br%2fmktredir.aspx%3furl%3dhttp%3a%2f%2fwww.FNAC.com.br%2fps3-resident-evil-revelations-2%2fp%2f678281&esid=678281
		Acessando URL do produto.
		Nome do Produto: Ps4 Resident Evil Revelations 2
http://busca.FNAC.com.br/Busca/Redir?url=http%3a%2f%2fwww.FNAC.com.br%2fmktredir.aspx%3furl%3dhttp%3a%2f%2fwww.FNAC.com.br%2fps4-resident-evil-revelations-2%2fp%2f678284&esid=678284
		Acessando URL do produto.
		Nome do Produto: Xbox 360 Resident Evil Revelations 2
http://busca.FNAC.com.br/Busca/Redir?url=http%3a%2f%2fwww.FNAC.com.br%2fmktredir.aspx%3furl%3dhttp%3a%2f%2fwww.FNAC.com.br%2fxbox-360-resident-evil-revelations-2%2fp%2f678285&esid=678285
		Acessando URL do produto.
		Nome do Produto: Xbox One Resident Evil Revelations 2
http://busca.FNAC.com.br/Busca/Redir?url=http%3a%2f%2fwww.FNAC.com.br%2fmktredir.aspx%3furl%3dhttp%3a%2f%2fwww.FNAC.com.br%2fxbox-one-resident-evil-revelations-2%2fp%2f678287&esid=678287
		Acessando URL do produto.
	Tempo Para buscar: 5560
Loja: Kabum
	URL Principal: http://www.kabum.com.br/
	URL Busca: http://www.kabum.com.br/cgi-local/site/listagem/listagem.cgi?string=<BUSCA>&btnG=
http://www.kabum.com.br/cgi-local/site/listagem/listagem.cgi?string=Resident+Evil+Revelations&btnG=
		Documento Lido
		Resultados: 5
		Nome do Produto: Game Resident Evil: Revelations 2 PS3
http://www.kabum.com.br/produto/62073/game-resident-evil-revelations-2-ps3/?tag=Resident Evil Revelations
		Acessando URL do produto.
		Nome do Produto: Game Resident Evil: Revelations 2 PS4
http://www.kabum.com.br/produto/62072/game-resident-evil-revelations-2-ps4-/?tag=Resident Evil Revelations
		Acessando URL do produto.
		Nome do Produto: Game Resident Evil Revelations Xbox 360
http://www.kabum.com.br/produto/41635/game-resident-evil-revelations-xbox-360/?tag=Resident Evil Revelations
		Acessando URL do produto.
		Nome do Produto: Game Resident Evil: Revelations 2 Xbox 360
http://www.kabum.com.br/produto/62075/game-resident-evil-revelations-2-xbox-360/?tag=Resident Evil Revelations
		Acessando URL do produto.
		Nome do Produto: Game Resident Evil Revelations PS3
http://www.kabum.com.br/produto/41636/game-resident-evil-revelations-ps3/?tag=Resident Evil Revelations
		Acessando URL do produto.
	Tempo Para buscar: 2758
Loja: Livraria Cultura
	URL Principal: http://www.livrariacultura.com.br/
	URL Busca: http://www.livrariacultura.com.br/busca?N=0&Ntt=<BUSCA>
http://www.livrariacultura.com.br/busca?N=0&Ntt=Resident+Evil+Revelations
		Documento Lido
		Resultados: 8
		Nome do Produto: RESIDENT EVIL REVELATIONS: ULTIMATE GUIDE
http://www.livrariacultura.com.br/p/resident-evil-revelations-ultimate-guide-82117663
		Acessando URL do produto.
		Nome do Produto: RESIDENT EVIL REVELATIONS
http://www.livrariacultura.com.br/p/resident-evil-revelations-42812180
		Acessando URL do produto.
		Nome do Produto: RESIDENT EVIL REVELATIONS 2 (PS4)
http://www.livrariacultura.com.br/p/resident-evil-revelations-2-ps4-42863541
		Acessando URL do produto.
		Nome do Produto: RESIDENT EVIL - REVELATIONS (PS3)
http://www.livrariacultura.com.br/p/resident-evil-revelations-ps3-42110625
		Acessando URL do produto.
		Nome do Produto: RESIDENT EVIL REVELATIONS 2 (PS3)
http://www.livrariacultura.com.br/p/resident-evil-revelations-2-ps3-42863538
		Acessando URL do produto.
		Nome do Produto: RESIDENT EVIL REVELATIONS 2 (XONE)
http://www.livrariacultura.com.br/p/resident-evil-revelations-2-xone-42863550
		Acessando URL do produto.
		Nome do Produto: RESIDENT EVIL - REVELATIONS (X360)
http://www.livrariacultura.com.br/p/resident-evil-revelations-x360-42110630
		Acessando URL do produto.
		Nome do Produto: RESIDENT EVIL - REVELATIONS (3DS)
http://www.livrariacultura.com.br/p/resident-evil-revelations-3ds-29480524
		Acessando URL do produto.
	Tempo Para buscar: 6259
Loja: Magazine Luiza
	URL Principal: http://www.magazineluiza.com.br/
	URL Busca: http://www.magazineluiza.com.br/busca/<BUSCA>/
http://www.magazineluiza.com.br/busca/Resident+Evil+Revelations/
		Documento Lido
		Resultados: 7
		Nome do Produto: Resident Evil Revelations 2 para Xbox 360 - Capcom
http://www.magazineluiza.com.br//resident-evil-revelations-2-para-xbox-360-capcom/p/2124699/ga/gajx/?_b=Resident+Evil+Revelations
		Acessando URL do produto.
		Nome do Produto: Resident Evil Revelations 2 para PS4 - Capcom
http://www.magazineluiza.com.br//resident-evil-revelations-2-para-ps4-capcom/p/2124698/ga/gjps/?_b=Resident+Evil+Revelations
		Acessando URL do produto.
		Nome do Produto: Resident Evil Revelations 2 para PS3 - Capcom
http://www.magazineluiza.com.br//resident-evil-revelations-2-para-ps3-capcom/p/2124697/ga/gajp/?_b=Resident+Evil+Revelations
		Acessando URL do produto.
		Nome do Produto: Resident Evil Revelations para PS3 - Capcom
http://www.magazineluiza.com.br//resident-evil-revelations-para-ps3-capcom/p/0884194/ga/gajp/?_b=Resident+Evil+Revelations
		Acessando URL do produto.
		Nome do Produto: Resident Evil Revelations para Xbox 360 - Capcom
http://www.magazineluiza.com.br//resident-evil-revelations-para-xbox-360-capcom/p/2123530/ga/gajx/?_b=Resident+Evil+Revelations
		Acessando URL do produto.
		Nome do Produto: Resident Evil Revelations para Xbox 360 - Capcom
http://www.magazineluiza.com.br//resident-evil-revelations-para-xbox-360-capcom/p/0884195/ga/gajx/?_b=Resident+Evil+Revelations
		Acessando URL do produto.
		Nome do Produto: Resident Evil Revelations 2 para Xbox One - Capcom
http://www.magazineluiza.com.br//resident-evil-revelations-2-para-xbox-one-capcom/p/2124700/ga/gjxo/?_b=Resident+Evil+Revelations
		Acessando URL do produto.
	Tempo Para buscar: 4749
Loja: Mula Games
	URL Principal: http://www.mulagames.com.br/
	URL Busca: http://www.mulagames.com.br/produtos-index/catalogo_produtos/-/-/<BUSCA>/-/-/-/-/-/
http://www.mulagames.com.br/produtos-index/catalogo_produtos/-/-/Resident%20Evil%20Revelations/-/-/-/-/-/
		Documento Lido
		Resultados: 8
		Nome do Produto: Resident Evil: Revelations (em Portugues) - XBox 360
http://www.mulagames.com.br/Resident-Evil--Revelations--em-Portugues--XBox-360/prod-1396106/
		Acessando URL do produto.
http://www.mulagames.com.br/produto-ajax_retorna_dados_preco_comprar/1396106
		Acessando URL do preço produto.
		Nome do Produto: Resident Evil: Revelations 2 (em Portugues) - XBox One
http://www.mulagames.com.br/Resident-Evil--Revelations-2--em-Portugues--XBox-One/prod-2619776/
		Acessando URL do produto.
http://www.mulagames.com.br/produto-ajax_retorna_dados_preco_comprar/2619776
		Acessando URL do preço produto.
		Nome do Produto: Resident Evil: Revelations 2 (em Portugues) - PS3
http://www.mulagames.com.br/Resident-Evil--Revelations-2--em-Portugues--PS3/prod-2619798/
		Acessando URL do produto.
http://www.mulagames.com.br/produto-ajax_retorna_dados_preco_comprar/2619798
		Acessando URL do preço produto.
		Nome do Produto: Resident Evil: Revelations - 3DS
http://www.mulagames.com.br/Resident-Evil--Revelations-3DS/prod-457773/
		Acessando URL do produto.
http://www.mulagames.com.br/produto-ajax_retorna_dados_preco_comprar/457773
		Acessando URL do preço produto.
		Nome do Produto: Resident Evil: Revelations 2 (em Portugues) - XBox 360
http://www.mulagames.com.br/Resident-Evil--Revelations-2--em-Portugues--XBox-360/prod-2619804/
		Acessando URL do produto.
http://www.mulagames.com.br/produto-ajax_retorna_dados_preco_comprar/2619804
		Acessando URL do preço produto.
		Nome do Produto: Resident Evil: Revelations 2 (em Portugues) - PS4
http://www.mulagames.com.br/Resident-Evil--Revelations-2--em-Portugues--PS4/prod-2619760/
		Acessando URL do produto.
http://www.mulagames.com.br/produto-ajax_retorna_dados_preco_comprar/2619760
		Acessando URL do preço produto.
		Nome do Produto: Resident Evil: Revelations (em Portugues) - PS3
http://www.mulagames.com.br/Resident-Evil--Revelations--em-Portugues--PS3/prod-1396078/
		Acessando URL do produto.
http://www.mulagames.com.br/produto-ajax_retorna_dados_preco_comprar/1396078
		Acessando URL do preço produto.
		Nome do Produto: Resident Evil: Revelations (em Portugues) - Wii U
http://www.mulagames.com.br/Resident-Evil--Revelations--em-Portugues--Wii-U/prod-2750982/
		Acessando URL do produto.
http://www.mulagames.com.br/produto-ajax_retorna_dados_preco_comprar/2750982
		Acessando URL do preço produto.
	Tempo Para buscar: 11908
Loja: Net Shoes
	URL Principal: http://www.netshoes.com.br/
	URL Busca: http://www.netshoes.com.br/search?Ntt=<BUSCA>
http://www.netshoes.com.br/search?Ntt=Resident+Evil+Revelations
		Documento Lido
		Resultados: 0
	Tempo Para buscar: 118
Loja: Ponto Frio
	URL Principal: http://www.pontofrio.com.br/
	URL Busca: http://search.pontofrio.com.br/search?w=<BUSCA>
http://search.pontofrio.com.br/search?w=Resident+Evil+Revelations
		Documento Lido
		Resultados: 1
		Nome do Produto: Jogo Resident Evil: Revelations 2 - Xbox 360
http://search.pontofrio.com.br/search?p=R&srid=S3-USESD01&lbc=pontofrio-br&w=Resident%20Evil%20Revelations&url=http%3a%2f%2fproduto.pontofrio.com.br%2f4286986%3f&rk=1&uid=293099965&sid=2&ts=custom&rsc=h-OF7KkCVMmhUyFC&method=and&isort=score&view=grid
		Nome do Produto: Jogo Resident Evil: Revelations - Xbox 360
http://search.pontofrio.com.br/search?p=R&srid=S3-USESD01&lbc=pontofrio-br&w=Resident%20Evil%20Revelations&url=http%3a%2f%2fproduto.pontofrio.com.br%2f2067453%3f&rk=2&uid=293099965&sid=2&ts=custom&rsc=CW%3a1Zp1MBORzuPgx&method=and&isort=score&view=grid
		Nome do Produto: Jogo Resident Evil: Revelations 2 - PS3
http://search.pontofrio.com.br/search?p=R&srid=S3-USESD01&lbc=pontofrio-br&w=Resident%20Evil%20Revelations&url=http%3a%2f%2fproduto.pontofrio.com.br%2f4286984%3f&rk=3&uid=293099965&sid=2&ts=custom&rsc=G-EMDSPxLamvWxaz&method=and&isort=score&view=grid
		Nome do Produto: Jogo Resident Evil: Revelations 2 - Xbox One
http://search.pontofrio.com.br/search?p=R&srid=S3-USESD01&lbc=pontofrio-br&w=Resident%20Evil%20Revelations&url=http%3a%2f%2fproduto.pontofrio.com.br%2f4286987%3f&rk=4&uid=293099965&sid=2&ts=custom&rsc=cIlvYJfFIWDOhmxT&method=and&isort=score&view=grid
		Nome do Produto: Jogo Resident Evil: Revelations - PS3
http://search.pontofrio.com.br/search?p=R&srid=S3-USESD01&lbc=pontofrio-br&w=Resident%20Evil%20Revelations&url=http%3a%2f%2fproduto.pontofrio.com.br%2f2067452%3f&rk=5&uid=293099965&sid=2&ts=custom&rsc=TDqYxSILZZPfKTJh&method=and&isort=score&view=grid
		Nome do Produto: Game Resident Evil Revelations 2: Complete Season para Download - PC
http://search.pontofrio.com.br/search?p=R&srid=S3-USESD01&lbc=pontofrio-br&w=Resident%20Evil%20Revelations&url=http%3a%2f%2fproduto.pontofrio.com.br%2f4688041%3f&rk=6&uid=293099965&sid=2&ts=custom&rsc=AJeeexr3uFmpcIV2&method=and&isort=score&view=grid
		Nome do Produto: Game Resident Evil Revelations 2: Full Bundle para Download - PC
http://search.pontofrio.com.br/search?p=R&srid=S3-USESD01&lbc=pontofrio-br&w=Resident%20Evil%20Revelations&url=http%3a%2f%2fproduto.pontofrio.com.br%2f4688042%3f&rk=7&uid=293099965&sid=2&ts=custom&rsc=HJdgSMraoBuqn-10&method=and&isort=score&view=grid
		Nome do Produto: Game Resident Evil Revelations 2 EP 1: Penal Colony para Download - PC
http://search.pontofrio.com.br/search?p=R&srid=S3-USESD01&lbc=pontofrio-br&w=Resident%20Evil%20Revelations&url=http%3a%2f%2fproduto.pontofrio.com.br%2f4688043%3f&rk=8&uid=293099965&sid=2&ts=custom&rsc=SSniaBntx3i%3ahXKO&method=and&isort=score&view=grid
		Nome do Produto: Resident Evil Revelations PS3
http://search.pontofrio.com.br/search?p=R&srid=S3-USESD01&lbc=pontofrio-br&w=Resident%20Evil%20Revelations&url=http%3a%2f%2fproduto.pontofrio.com.br%2f3390456%3f&rk=9&uid=293099965&sid=2&ts=custom&rsc=Mm49LANZ6Zi3mNLN&method=and&isort=score&view=grid
		Nome do Produto: Resident Evil Revelations Wii U
http://search.pontofrio.com.br/search?p=R&srid=S3-USESD01&lbc=pontofrio-br&w=Resident%20Evil%20Revelations&url=http%3a%2f%2fproduto.pontofrio.com.br%2f3114915%3f&rk=10&uid=293099965&sid=2&ts=custom&rsc=YfByUHl84XKNwmrT&method=and&isort=score&view=grid
		Nome do Produto: Resident Evil Revelations Xbox 360
http://search.pontofrio.com.br/search?p=R&srid=S3-USESD01&lbc=pontofrio-br&w=Resident%20Evil%20Revelations&url=http%3a%2f%2fproduto.pontofrio.com.br%2f5392696%3f&rk=11&uid=293099965&sid=2&ts=custom&rsc=S2NA%3aktiilsEUjO-&method=and&isort=score&view=grid
		Nome do Produto: Resident Evil Revelations 2 PS4
http://search.pontofrio.com.br/search?p=R&srid=S3-USESD01&lbc=pontofrio-br&w=Resident%20Evil%20Revelations&url=http%3a%2f%2fproduto.pontofrio.com.br%2f5471367%3f&rk=12&uid=293099965&sid=2&ts=custom&rsc=uqUDR8k2VdGGeLt%3a&method=and&isort=score&view=grid
		Nome do Produto: Resident Evil: Revelations - 3DS
http://search.pontofrio.com.br/search?p=R&srid=S3-USESD01&lbc=pontofrio-br&w=Resident%20Evil%20Revelations&url=http%3a%2f%2fproduto.pontofrio.com.br%2f5567473%3f&rk=13&uid=293099965&sid=2&ts=custom&rsc=%3aMUppUJ7LyJTIu4J&method=and&isort=score&view=grid
		Nome do Produto: Resident Evil Revelations - XBOX 360
http://search.pontofrio.com.br/search?p=R&srid=S3-USESD01&lbc=pontofrio-br&w=Resident%20Evil%20Revelations&url=http%3a%2f%2fproduto.pontofrio.com.br%2f5687614%3f&rk=14&uid=293099965&sid=2&ts=custom&rsc=HvMUtRjWM23dP-bj&method=and&isort=score&view=grid
		Nome do Produto: Resident Evil: Revelations - Wii U
http://search.pontofrio.com.br/search?p=R&srid=S3-USESD01&lbc=pontofrio-br&w=Resident%20Evil%20Revelations&url=http%3a%2f%2fproduto.pontofrio.com.br%2f5548835%3f&rk=15&uid=293099965&sid=2&ts=custom&rsc=mhu70FuplBzL9jOa&method=and&isort=score&view=grid
		Nome do Produto: Game Resident Evil Revelations - 3DS
http://search.pontofrio.com.br/search?p=R&srid=S3-USESD01&lbc=pontofrio-br&w=Resident%20Evil%20Revelations&url=http%3a%2f%2fproduto.pontofrio.com.br%2f2939433%3f&rk=16&uid=293099965&sid=2&ts=custom&rsc=sL%3azf-VpWZB1vGQf&method=and&isort=score&view=grid
		Nome do Produto: Game Resident Evil: Revelations 2 - PS4
http://search.pontofrio.com.br/search?p=R&srid=S3-USESD01&lbc=pontofrio-br&w=Resident%20Evil%20Revelations&url=http%3a%2f%2fproduto.pontofrio.com.br%2f5090217%3f&rk=17&uid=293099965&sid=2&ts=custom&rsc=4XWZunIhCUfmqFpk&method=and&isort=score&view=grid
		Nome do Produto: Game Resident Evil Revelations 2 - PS4
http://search.pontofrio.com.br/search?p=R&srid=S3-USESD01&lbc=pontofrio-br&w=Resident%20Evil%20Revelations&url=http%3a%2f%2fproduto.pontofrio.com.br%2f5414189%3f&rk=18&uid=293099965&sid=2&ts=custom&rsc=q-JnbUziVxatuE3h&method=and&isort=score&view=grid
		Nome do Produto: Game Resident Evil Revelations 2 - PS3
http://search.pontofrio.com.br/search?p=R&srid=S3-USESD01&lbc=pontofrio-br&w=Resident%20Evil%20Revelations&url=http%3a%2f%2fproduto.pontofrio.com.br%2f5395167%3f&rk=19&uid=293099965&sid=2&ts=custom&rsc=v%3aKL4WeIXoJPyB%3aM&method=and&isort=score&view=grid
		Nome do Produto: Game Resident Evil: Revelations para Download - PC
http://search.pontofrio.com.br/search?p=R&srid=S3-USESD01&lbc=pontofrio-br&w=Resident%20Evil%20Revelations&url=http%3a%2f%2fproduto.pontofrio.com.br%2f2067404%3f&rk=20&uid=293099965&sid=2&ts=custom&rsc=Cl1eUsTNZpyK08Re&method=and&isort=score&view=grid
		Nome do Produto: Jogo Resident Evil: Revelations 2 - Xbox 360
http://search.pontofrio.com.br/search?p=R&srid=S3-USESD01&lbc=pontofrio-br&w=Resident%20Evil%20Revelations&url=http%3a%2f%2fproduto.pontofrio.com.br%2f4286986%3f&rk=1&uid=293099965&sid=2&ts=custom&rsc=h-OF7KkCVMmhUyFC&method=and&isort=score&view=grid
		Nome do Produto: Jogo Resident Evil: Revelations - Xbox 360
http://search.pontofrio.com.br/search?p=R&srid=S3-USESD01&lbc=pontofrio-br&w=Resident%20Evil%20Revelations&url=http%3a%2f%2fproduto.pontofrio.com.br%2f2067453%3f&rk=2&uid=293099965&sid=2&ts=custom&rsc=CW%3a1Zp1MBORzuPgx&method=and&isort=score&view=grid
		Nome do Produto: Jogo Resident Evil: Revelations 2 - PS3
http://search.pontofrio.com.br/search?p=R&srid=S3-USESD01&lbc=pontofrio-br&w=Resident%20Evil%20Revelations&url=http%3a%2f%2fproduto.pontofrio.com.br%2f4286984%3f&rk=3&uid=293099965&sid=2&ts=custom&rsc=G-EMDSPxLamvWxaz&method=and&isort=score&view=grid
		Nome do Produto: Jogo Resident Evil: Revelations 2 - Xbox One
http://search.pontofrio.com.br/search?p=R&srid=S3-USESD01&lbc=pontofrio-br&w=Resident%20Evil%20Revelations&url=http%3a%2f%2fproduto.pontofrio.com.br%2f4286987%3f&rk=4&uid=293099965&sid=2&ts=custom&rsc=cIlvYJfFIWDOhmxT&method=and&isort=score&view=grid
		Nome do Produto: Jogo Resident Evil: Revelations - PS3
http://search.pontofrio.com.br/search?p=R&srid=S3-USESD01&lbc=pontofrio-br&w=Resident%20Evil%20Revelations&url=http%3a%2f%2fproduto.pontofrio.com.br%2f2067452%3f&rk=5&uid=293099965&sid=2&ts=custom&rsc=TDqYxSILZZPfKTJh&method=and&isort=score&view=grid
		Nome do Produto: Game Resident Evil Revelations 2: Complete Season para Download - PC
http://search.pontofrio.com.br/search?p=R&srid=S3-USESD01&lbc=pontofrio-br&w=Resident%20Evil%20Revelations&url=http%3a%2f%2fproduto.pontofrio.com.br%2f4688041%3f&rk=6&uid=293099965&sid=2&ts=custom&rsc=AJeeexr3uFmpcIV2&method=and&isort=score&view=grid
		Nome do Produto: Game Resident Evil Revelations 2: Full Bundle para Download - PC
http://search.pontofrio.com.br/search?p=R&srid=S3-USESD01&lbc=pontofrio-br&w=Resident%20Evil%20Revelations&url=http%3a%2f%2fproduto.pontofrio.com.br%2f4688042%3f&rk=7&uid=293099965&sid=2&ts=custom&rsc=HJdgSMraoBuqn-10&method=and&isort=score&view=grid
		Nome do Produto: Game Resident Evil Revelations 2 EP 1: Penal Colony para Download - PC
http://search.pontofrio.com.br/search?p=R&srid=S3-USESD01&lbc=pontofrio-br&w=Resident%20Evil%20Revelations&url=http%3a%2f%2fproduto.pontofrio.com.br%2f4688043%3f&rk=8&uid=293099965&sid=2&ts=custom&rsc=SSniaBntx3i%3ahXKO&method=and&isort=score&view=grid
		Nome do Produto: Resident Evil Revelations PS3
http://search.pontofrio.com.br/search?p=R&srid=S3-USESD01&lbc=pontofrio-br&w=Resident%20Evil%20Revelations&url=http%3a%2f%2fproduto.pontofrio.com.br%2f3390456%3f&rk=9&uid=293099965&sid=2&ts=custom&rsc=Mm49LANZ6Zi3mNLN&method=and&isort=score&view=grid
		Nome do Produto: Resident Evil Revelations Wii U
http://search.pontofrio.com.br/search?p=R&srid=S3-USESD01&lbc=pontofrio-br&w=Resident%20Evil%20Revelations&url=http%3a%2f%2fproduto.pontofrio.com.br%2f3114915%3f&rk=10&uid=293099965&sid=2&ts=custom&rsc=YfByUHl84XKNwmrT&method=and&isort=score&view=grid
		Nome do Produto: Resident Evil Revelations Xbox 360
http://search.pontofrio.com.br/search?p=R&srid=S3-USESD01&lbc=pontofrio-br&w=Resident%20Evil%20Revelations&url=http%3a%2f%2fproduto.pontofrio.com.br%2f5392696%3f&rk=11&uid=293099965&sid=2&ts=custom&rsc=S2NA%3aktiilsEUjO-&method=and&isort=score&view=grid
		Nome do Produto: Resident Evil Revelations 2 PS4
http://search.pontofrio.com.br/search?p=R&srid=S3-USESD01&lbc=pontofrio-br&w=Resident%20Evil%20Revelations&url=http%3a%2f%2fproduto.pontofrio.com.br%2f5471367%3f&rk=12&uid=293099965&sid=2&ts=custom&rsc=uqUDR8k2VdGGeLt%3a&method=and&isort=score&view=grid
		Nome do Produto: Resident Evil: Revelations - 3DS
http://search.pontofrio.com.br/search?p=R&srid=S3-USESD01&lbc=pontofrio-br&w=Resident%20Evil%20Revelations&url=http%3a%2f%2fproduto.pontofrio.com.br%2f5567473%3f&rk=13&uid=293099965&sid=2&ts=custom&rsc=%3aMUppUJ7LyJTIu4J&method=and&isort=score&view=grid
		Nome do Produto: Resident Evil Revelations - XBOX 360
http://search.pontofrio.com.br/search?p=R&srid=S3-USESD01&lbc=pontofrio-br&w=Resident%20Evil%20Revelations&url=http%3a%2f%2fproduto.pontofrio.com.br%2f5687614%3f&rk=14&uid=293099965&sid=2&ts=custom&rsc=HvMUtRjWM23dP-bj&method=and&isort=score&view=grid
		Nome do Produto: Resident Evil: Revelations - Wii U
http://search.pontofrio.com.br/search?p=R&srid=S3-USESD01&lbc=pontofrio-br&w=Resident%20Evil%20Revelations&url=http%3a%2f%2fproduto.pontofrio.com.br%2f5548835%3f&rk=15&uid=293099965&sid=2&ts=custom&rsc=mhu70FuplBzL9jOa&method=and&isort=score&view=grid
		Nome do Produto: Game Resident Evil Revelations - 3DS
http://search.pontofrio.com.br/search?p=R&srid=S3-USESD01&lbc=pontofrio-br&w=Resident%20Evil%20Revelations&url=http%3a%2f%2fproduto.pontofrio.com.br%2f2939433%3f&rk=16&uid=293099965&sid=2&ts=custom&rsc=sL%3azf-VpWZB1vGQf&method=and&isort=score&view=grid
		Nome do Produto: Game Resident Evil: Revelations 2 - PS4
http://search.pontofrio.com.br/search?p=R&srid=S3-USESD01&lbc=pontofrio-br&w=Resident%20Evil%20Revelations&url=http%3a%2f%2fproduto.pontofrio.com.br%2f5090217%3f&rk=17&uid=293099965&sid=2&ts=custom&rsc=4XWZunIhCUfmqFpk&method=and&isort=score&view=grid
		Nome do Produto: Game Resident Evil Revelations 2 - PS4
http://search.pontofrio.com.br/search?p=R&srid=S3-USESD01&lbc=pontofrio-br&w=Resident%20Evil%20Revelations&url=http%3a%2f%2fproduto.pontofrio.com.br%2f5414189%3f&rk=18&uid=293099965&sid=2&ts=custom&rsc=q-JnbUziVxatuE3h&method=and&isort=score&view=grid
		Nome do Produto: Game Resident Evil Revelations 2 - PS3
http://search.pontofrio.com.br/search?p=R&srid=S3-USESD01&lbc=pontofrio-br&w=Resident%20Evil%20Revelations&url=http%3a%2f%2fproduto.pontofrio.com.br%2f5395167%3f&rk=19&uid=293099965&sid=2&ts=custom&rsc=v%3aKL4WeIXoJPyB%3aM&method=and&isort=score&view=grid
		Nome do Produto: Game Resident Evil: Revelations para Download - PC
http://search.pontofrio.com.br/search?p=R&srid=S3-USESD01&lbc=pontofrio-br&w=Resident%20Evil%20Revelations&url=http%3a%2f%2fproduto.pontofrio.com.br%2f2067404%3f&rk=20&uid=293099965&sid=2&ts=custom&rsc=Cl1eUsTNZpyK08Re&method=and&isort=score&view=grid
	Tempo Para buscar: 46268
Loja: Ricardo Eletro
	URL Principal: http://www.ricardoeletro.com.br/
	URL Busca: http://www.ricardoeletro.com.br/Busca/Resultado/?q=<BUSCA>
http://www.ricardoeletro.com.br/Busca/Resultado/?q=Resident+Evil+Revelations
		Documento Lido
		Resultados: 5
		Nome do Produto: Jogo The Evil Within para Playstation 4 (PS4)
			Igorando Pelo Filtro de Nome...
		Nome do Produto: Jogo Resident Evil: Revelations 2 para Playstation 4 (PS4)
http://www.ricardoeletro.com.br/Produto/Jogo-Resident-Evil-Revelations-2-para-Playstation-4-PS4/47-4635-4636-512009
		Acessando URL do produto.
		Nome do Produto: Jogo Resident Evil: Revelations 2 para Xbox One (XONE)
http://www.ricardoeletro.com.br/Produto/Jogo-Resident-Evil-Revelations-2-para-Xbox-One-XONE/47-4420-4422-512013
		Acessando URL do produto.
		Nome do Produto: Jogo The Evil Within para Playstation 3 (PS3)
			Igorando Pelo Filtro de Nome...
		Nome do Produto: Console Playstation 4 (PS4) 500GB HD, Leitor Blu-Ray, Wi-Fi, Controle Sem Fio DualShock 4, Fone de Ouvido - SONY + Jogo The Evil Within
			Igorando Pelo Filtro de Nome...
	Tempo Para buscar: 4200
Loja: RiHappy
	URL Principal: http://www.rihappy.com.br/
	URL Busca: http://www.rihappy.com.br/<BUSCA>
http://www.rihappy.com.br/Resident%20Evil%20Revelations
		Documento Lido
		Resultados: 0
	Tempo Para buscar: 1042
Loja: Saraiva
	URL Principal: http://www.saraiva.com.br/
	URL Busca: http://busca.saraiva.com.br/search?w=<BUSCA>&PAC_ID=129457&ts=ajax
http://busca.saraiva.com.br/search?w=Resident+Evil+Revelations&PAC_ID=129457&ts=ajax
		Documento Lido
		Resultados: 2
		Nome do Produto: Multifuncional HP Officej...
			Igorando Pelo Filtro de Nome...
		Nome do Produto: Vade Mecum Saraiva Compac...
			Igorando Pelo Filtro de Nome...
	Tempo Para buscar: 632
Loja: Shop Facil
	URL Principal: http://ww2.shopfacil.com.br/
	URL Busca: http://ww2.shopfacil.com.br/<BUSCA>
http://ww2.shopfacil.com.br/Resident%20Evil%20Revelations
		Documento Lido
		Resultados: 12
		Nome do Produto: Jogo Xbox 360 Resident Evil: Revelations
http://ww2.shopfacil.com.br/jogo-xbox-360-resident-evil--revelations-2327992/p
		Acessando URL do produto.
		Nome do Produto: Kit Promo 2 Jogos PS3: Resident Evil Revelations + The Last Of Us
http://ww2.shopfacil.com.br/kit-promo-2-jogos-ps3--resident-evil-revelations---the-last-of-us-2321803/p
		Acessando URL do produto.
		Nome do Produto: Jogo para PS4 Resident Evil Revelations 2 Sony DADC CP6987AN
http://ww2.shopfacil.com.br/jogo-para-ps4-resident-evil-revelations-2-sony-dadc-cp6987an-2305819/p
		Acessando URL do produto.
		Nome do Produto: Blu-Ray - Resident Evil 5: Retribuição - Retribution
			Igorando Pelo Filtro de Nome...
		Nome do Produto: Blu-Ray - Resident Evil 4: Recomeço
			Igorando Pelo Filtro de Nome...
		Nome do Produto: Livro - Resident Evil: Retribuição - John Shirley
			Igorando Pelo Filtro de Nome...
		Nome do Produto: Jogo Xbox 360 Resident Evil 6 com DLC
			Igorando Pelo Filtro de Nome...
		Nome do Produto: Jogo PS3 Resident Evil: Operation Raccoon City
			Igorando Pelo Filtro de Nome...
		Nome do Produto: Blu-Ray 3D - Resident Evil 4: Recomeço
			Igorando Pelo Filtro de Nome...
		Nome do Produto: Jogo Resident Evil Operation Raccoon City - PS3
			Igorando Pelo Filtro de Nome...
		Nome do Produto: Livro - Resident Evil - A Conspiração Umbrella - Volume 1 - S. D. Perry
			Igorando Pelo Filtro de Nome...
		Nome do Produto: Jogo Nintendo 3DS Resident Evil: The Mercenaries 3D
			Igorando Pelo Filtro de Nome...
	Tempo Para buscar: 6649
Loja: Shop Time
	URL Principal: http://www.shoptime.com.br/
	URL Busca: http://busca.shoptime.com.br/busca.php?q=<BUSCA>
http://busca.shoptime.com.br/busca.php?q=Resident+Evil+Revelations
		Documento Lido
		Resultados: 18
		Nome do Produto: Game Resident Evil: Revelations - XBOX 360 - Capcom Game - Resident Evil: Revelations - PS3 Game - Resident Evil Revelations 2 - PS4 Game - Resident Evil: Revelations - XBOX 360 Game - Resident Evil Revelations 2 - PS3 Game - Resident Evil Revelations 2 - Xbox360 Game Resident Evil Revelations 2 + The Evil Within - PS4 Jogo Xbox 360 Resident Evil Revelations Game Resident Evil Revelations 2 + Devil May Cry: Definitive Edition -... Game Dying Light + Resident Evil Revelations 2 - PS4 Game - Resident Evil Revelations 2 - Xbox One Resident Evil Revelations 2 - Xbox 360 Resident Evil Revelations Wii U Resident Evil Revelations - Wiiu Jogo Ps3 Resident Evil Revelations Game Resident Evil Revelations - 3DS Game Dying Light + Resident Evil Revelations 2 - XBOX ONE Game Resident Evil: Revelations - PS3
http://www.shoptime.com.br/produto/113266518/game-resident-evil-revelations-xbox-360-capcom
		Acessando URL do produto.
		Nome do Produto: Game Resident Evil: Revelations - XBOX 360 - Capcom Game - Resident Evil: Revelations - PS3 Game - Resident Evil Revelations 2 - PS4 Game - Resident Evil: Revelations - XBOX 360 Game - Resident Evil Revelations 2 - PS3 Game - Resident Evil Revelations 2 - Xbox360 Game Resident Evil Revelations 2 + The Evil Within - PS4 Jogo Xbox 360 Resident Evil Revelations Game Resident Evil Revelations 2 + Devil May Cry: Definitive Edition -... Game Dying Light + Resident Evil Revelations 2 - PS4 Game - Resident Evil Revelations 2 - Xbox One Resident Evil Revelations 2 - Xbox 360 Resident Evil Revelations Wii U Resident Evil Revelations - Wiiu Jogo Ps3 Resident Evil Revelations Game Resident Evil Revelations - 3DS Game Dying Light + Resident Evil Revelations 2 - XBOX ONE Game Resident Evil: Revelations - PS3
http://www.shoptime.com.br/produto/120743600/game-resident-evil-revelations-ps3
		Acessando URL do produto.
		Nome do Produto: Game Resident Evil: Revelations - XBOX 360 - Capcom Game - Resident Evil: Revelations - PS3 Game - Resident Evil Revelations 2 - PS4 Game - Resident Evil: Revelations - XBOX 360 Game - Resident Evil Revelations 2 - PS3 Game - Resident Evil Revelations 2 - Xbox360 Game Resident Evil Revelations 2 + The Evil Within - PS4 Jogo Xbox 360 Resident Evil Revelations Game Resident Evil Revelations 2 + Devil May Cry: Definitive Edition -... Game Dying Light + Resident Evil Revelations 2 - PS4 Game - Resident Evil Revelations 2 - Xbox One Resident Evil Revelations 2 - Xbox 360 Resident Evil Revelations Wii U Resident Evil Revelations - Wiiu Jogo Ps3 Resident Evil Revelations Game Resident Evil Revelations - 3DS Game Dying Light + Resident Evil Revelations 2 - XBOX ONE Game Resident Evil: Revelations - PS3
http://www.shoptime.com.br/produto/121800637/game-resident-evil-revelations-2-ps4
		Acessando URL do produto.
		Nome do Produto: Game Resident Evil: Revelations - XBOX 360 - Capcom Game - Resident Evil: Revelations - PS3 Game - Resident Evil Revelations 2 - PS4 Game - Resident Evil: Revelations - XBOX 360 Game - Resident Evil Revelations 2 - PS3 Game - Resident Evil Revelations 2 - Xbox360 Game Resident Evil Revelations 2 + The Evil Within - PS4 Jogo Xbox 360 Resident Evil Revelations Game Resident Evil Revelations 2 + Devil May Cry: Definitive Edition -... Game Dying Light + Resident Evil Revelations 2 - PS4 Game - Resident Evil Revelations 2 - Xbox One Resident Evil Revelations 2 - Xbox 360 Resident Evil Revelations Wii U Resident Evil Revelations - Wiiu Jogo Ps3 Resident Evil Revelations Game Resident Evil Revelations - 3DS Game Dying Light + Resident Evil Revelations 2 - XBOX ONE Game Resident Evil: Revelations - PS3
http://www.shoptime.com.br/produto/120743626/game-resident-evil-revelations-xbox-360
		Acessando URL do produto.
		Nome do Produto: Game Resident Evil: Revelations - XBOX 360 - Capcom Game - Resident Evil: Revelations - PS3 Game - Resident Evil Revelations 2 - PS4 Game - Resident Evil: Revelations - XBOX 360 Game - Resident Evil Revelations 2 - PS3 Game - Resident Evil Revelations 2 - Xbox360 Game Resident Evil Revelations 2 + The Evil Within - PS4 Jogo Xbox 360 Resident Evil Revelations Game Resident Evil Revelations 2 + Devil May Cry: Definitive Edition -... Game Dying Light + Resident Evil Revelations 2 - PS4 Game - Resident Evil Revelations 2 - Xbox One Resident Evil Revelations 2 - Xbox 360 Resident Evil Revelations Wii U Resident Evil Revelations - Wiiu Jogo Ps3 Resident Evil Revelations Game Resident Evil Revelations - 3DS Game Dying Light + Resident Evil Revelations 2 - XBOX ONE Game Resident Evil: Revelations - PS3
http://www.shoptime.com.br/produto/121800611/game-resident-evil-revelations-2-ps3
		Acessando URL do produto.
		Nome do Produto: Game Resident Evil: Revelations - XBOX 360 - Capcom Game - Resident Evil: Revelations - PS3 Game - Resident Evil Revelations 2 - PS4 Game - Resident Evil: Revelations - XBOX 360 Game - Resident Evil Revelations 2 - PS3 Game - Resident Evil Revelations 2 - Xbox360 Game Resident Evil Revelations 2 + The Evil Within - PS4 Jogo Xbox 360 Resident Evil Revelations Game Resident Evil Revelations 2 + Devil May Cry: Definitive Edition -... Game Dying Light + Resident Evil Revelations 2 - PS4 Game - Resident Evil Revelations 2 - Xbox One Resident Evil Revelations 2 - Xbox 360 Resident Evil Revelations Wii U Resident Evil Revelations - Wiiu Jogo Ps3 Resident Evil Revelations Game Resident Evil Revelations - 3DS Game Dying Light + Resident Evil Revelations 2 - XBOX ONE Game Resident Evil: Revelations - PS3
http://www.shoptime.com.br/produto/121800653/game-resident-evil-revelations-2-xbox360
		Acessando URL do produto.
		Nome do Produto: Game Resident Evil: Revelations - XBOX 360 - Capcom Game - Resident Evil: Revelations - PS3 Game - Resident Evil Revelations 2 - PS4 Game - Resident Evil: Revelations - XBOX 360 Game - Resident Evil Revelations 2 - PS3 Game - Resident Evil Revelations 2 - Xbox360 Game Resident Evil Revelations 2 + The Evil Within - PS4 Jogo Xbox 360 Resident Evil Revelations Game Resident Evil Revelations 2 + Devil May Cry: Definitive Edition -... Game Dying Light + Resident Evil Revelations 2 - PS4 Game - Resident Evil Revelations 2 - Xbox One Resident Evil Revelations 2 - Xbox 360 Resident Evil Revelations Wii U Resident Evil Revelations - Wiiu Jogo Ps3 Resident Evil Revelations Game Resident Evil Revelations - 3DS Game Dying Light + Resident Evil Revelations 2 - XBOX ONE Game Resident Evil: Revelations - PS3
http://www.shoptime.com.br/produto/122405049/game-resident-evil-revelations-2-the-evil-within-ps4
		Acessando URL do produto.
		Nome do Produto: Game Resident Evil: Revelations - XBOX 360 - Capcom Game - Resident Evil: Revelations - PS3 Game - Resident Evil Revelations 2 - PS4 Game - Resident Evil: Revelations - XBOX 360 Game - Resident Evil Revelations 2 - PS3 Game - Resident Evil Revelations 2 - Xbox360 Game Resident Evil Revelations 2 + The Evil Within - PS4 Jogo Xbox 360 Resident Evil Revelations Game Resident Evil Revelations 2 + Devil May Cry: Definitive Edition -... Game Dying Light + Resident Evil Revelations 2 - PS4 Game - Resident Evil Revelations 2 - Xbox One Resident Evil Revelations 2 - Xbox 360 Resident Evil Revelations Wii U Resident Evil Revelations - Wiiu Jogo Ps3 Resident Evil Revelations Game Resident Evil Revelations - 3DS Game Dying Light + Resident Evil Revelations 2 - XBOX ONE Game Resident Evil: Revelations - PS3
http://www.shoptime.com.br/produto/7938491/jogo-xbox-360-resident-evil-revelations
		Acessando URL do produto.
		Nome do Produto: Game Resident Evil: Revelations - XBOX 360 - Capcom Game - Resident Evil: Revelations - PS3 Game - Resident Evil Revelations 2 - PS4 Game - Resident Evil: Revelations - XBOX 360 Game - Resident Evil Revelations 2 - PS3 Game - Resident Evil Revelations 2 - Xbox360 Game Resident Evil Revelations 2 + The Evil Within - PS4 Jogo Xbox 360 Resident Evil Revelations Game Resident Evil Revelations 2 + Devil May Cry: Definitive Edition -... Game Dying Light + Resident Evil Revelations 2 - PS4 Game - Resident Evil Revelations 2 - Xbox One Resident Evil Revelations 2 - Xbox 360 Resident Evil Revelations Wii U Resident Evil Revelations - Wiiu Jogo Ps3 Resident Evil Revelations Game Resident Evil Revelations - 3DS Game Dying Light + Resident Evil Revelations 2 - XBOX ONE Game Resident Evil: Revelations - PS3
http://www.shoptime.com.br/produto/122404978/game-resident-evil-revelations-2-devil-may-cry-definitive-edition-ps4
		Acessando URL do produto.
		Nome do Produto: Game Resident Evil: Revelations - XBOX 360 - Capcom Game - Resident Evil: Revelations - PS3 Game - Resident Evil Revelations 2 - PS4 Game - Resident Evil: Revelations - XBOX 360 Game - Resident Evil Revelations 2 - PS3 Game - Resident Evil Revelations 2 - Xbox360 Game Resident Evil Revelations 2 + The Evil Within - PS4 Jogo Xbox 360 Resident Evil Revelations Game Resident Evil Revelations 2 + Devil May Cry: Definitive Edition -... Game Dying Light + Resident Evil Revelations 2 - PS4 Game - Resident Evil Revelations 2 - Xbox One Resident Evil Revelations 2 - Xbox 360 Resident Evil Revelations Wii U Resident Evil Revelations - Wiiu Jogo Ps3 Resident Evil Revelations Game Resident Evil Revelations - 3DS Game Dying Light + Resident Evil Revelations 2 - XBOX ONE Game Resident Evil: Revelations - PS3
http://www.shoptime.com.br/produto/122404986/game-dying-light-resident-evil-revelations-2-ps4
		Acessando URL do produto.
		Nome do Produto: Game Resident Evil: Revelations - XBOX 360 - Capcom Game - Resident Evil: Revelations - PS3 Game - Resident Evil Revelations 2 - PS4 Game - Resident Evil: Revelations - XBOX 360 Game - Resident Evil Revelations 2 - PS3 Game - Resident Evil Revelations 2 - Xbox360 Game Resident Evil Revelations 2 + The Evil Within - PS4 Jogo Xbox 360 Resident Evil Revelations Game Resident Evil Revelations 2 + Devil May Cry: Definitive Edition -... Game Dying Light + Resident Evil Revelations 2 - PS4 Game - Resident Evil Revelations 2 - Xbox One Resident Evil Revelations 2 - Xbox 360 Resident Evil Revelations Wii U Resident Evil Revelations - Wiiu Jogo Ps3 Resident Evil Revelations Game Resident Evil Revelations - 3DS Game Dying Light + Resident Evil Revelations 2 - XBOX ONE Game Resident Evil: Revelations - PS3
http://www.shoptime.com.br/produto/121800670/game-resident-evil-revelations-2-xbox-one
		Acessando URL do produto.
		Nome do Produto: Game Resident Evil: Revelations - XBOX 360 - Capcom Game - Resident Evil: Revelations - PS3 Game - Resident Evil Revelations 2 - PS4 Game - Resident Evil: Revelations - XBOX 360 Game - Resident Evil Revelations 2 - PS3 Game - Resident Evil Revelations 2 - Xbox360 Game Resident Evil Revelations 2 + The Evil Within - PS4 Jogo Xbox 360 Resident Evil Revelations Game Resident Evil Revelations 2 + Devil May Cry: Definitive Edition -... Game Dying Light + Resident Evil Revelations 2 - PS4 Game - Resident Evil Revelations 2 - Xbox One Resident Evil Revelations 2 - Xbox 360 Resident Evil Revelations Wii U Resident Evil Revelations - Wiiu Jogo Ps3 Resident Evil Revelations Game Resident Evil Revelations - 3DS Game Dying Light + Resident Evil Revelations 2 - XBOX ONE Game Resident Evil: Revelations - PS3
http://www.shoptime.com.br/produto/9184058/resident-evil-revelations-2-xbox-360
		Acessando URL do produto.
		Nome do Produto: Game Resident Evil: Revelations - XBOX 360 - Capcom Game - Resident Evil: Revelations - PS3 Game - Resident Evil Revelations 2 - PS4 Game - Resident Evil: Revelations - XBOX 360 Game - Resident Evil Revelations 2 - PS3 Game - Resident Evil Revelations 2 - Xbox360 Game Resident Evil Revelations 2 + The Evil Within - PS4 Jogo Xbox 360 Resident Evil Revelations Game Resident Evil Revelations 2 + Devil May Cry: Definitive Edition -... Game Dying Light + Resident Evil Revelations 2 - PS4 Game - Resident Evil Revelations 2 - Xbox One Resident Evil Revelations 2 - Xbox 360 Resident Evil Revelations Wii U Resident Evil Revelations - Wiiu Jogo Ps3 Resident Evil Revelations Game Resident Evil Revelations - 3DS Game Dying Light + Resident Evil Revelations 2 - XBOX ONE Game Resident Evil: Revelations - PS3
http://www.shoptime.com.br/produto/8462919/resident-evil-revelations-wii-u
		Acessando URL do produto.
		Nome do Produto: Game Resident Evil: Revelations - XBOX 360 - Capcom Game - Resident Evil: Revelations - PS3 Game - Resident Evil Revelations 2 - PS4 Game - Resident Evil: Revelations - XBOX 360 Game - Resident Evil Revelations 2 - PS3 Game - Resident Evil Revelations 2 - Xbox360 Game Resident Evil Revelations 2 + The Evil Within - PS4 Jogo Xbox 360 Resident Evil Revelations Game Resident Evil Revelations 2 + Devil May Cry: Definitive Edition -... Game Dying Light + Resident Evil Revelations 2 - PS4 Game - Resident Evil Revelations 2 - Xbox One Resident Evil Revelations 2 - Xbox 360 Resident Evil Revelations Wii U Resident Evil Revelations - Wiiu Jogo Ps3 Resident Evil Revelations Game Resident Evil Revelations - 3DS Game Dying Light + Resident Evil Revelations 2 - XBOX ONE Game Resident Evil: Revelations - PS3
http://www.shoptime.com.br/produto/9691279/resident-evil-revelations-wiiu
		Acessando URL do produto.
		Nome do Produto: Game Resident Evil: Revelations - XBOX 360 - Capcom Game - Resident Evil: Revelations - PS3 Game - Resident Evil Revelations 2 - PS4 Game - Resident Evil: Revelations - XBOX 360 Game - Resident Evil Revelations 2 - PS3 Game - Resident Evil Revelations 2 - Xbox360 Game Resident Evil Revelations 2 + The Evil Within - PS4 Jogo Xbox 360 Resident Evil Revelations Game Resident Evil Revelations 2 + Devil May Cry: Definitive Edition -... Game Dying Light + Resident Evil Revelations 2 - PS4 Game - Resident Evil Revelations 2 - Xbox One Resident Evil Revelations 2 - Xbox 360 Resident Evil Revelations Wii U Resident Evil Revelations - Wiiu Jogo Ps3 Resident Evil Revelations Game Resident Evil Revelations - 3DS Game Dying Light + Resident Evil Revelations 2 - XBOX ONE Game Resident Evil: Revelations - PS3
http://www.shoptime.com.br/produto/7938490/jogo-ps3-resident-evil-revelations
		Acessando URL do produto.
		Nome do Produto: Game Resident Evil: Revelations - XBOX 360 - Capcom Game - Resident Evil: Revelations - PS3 Game - Resident Evil Revelations 2 - PS4 Game - Resident Evil: Revelations - XBOX 360 Game - Resident Evil Revelations 2 - PS3 Game - Resident Evil Revelations 2 - Xbox360 Game Resident Evil Revelations 2 + The Evil Within - PS4 Jogo Xbox 360 Resident Evil Revelations Game Resident Evil Revelations 2 + Devil May Cry: Definitive Edition -... Game Dying Light + Resident Evil Revelations 2 - PS4 Game - Resident Evil Revelations 2 - Xbox One Resident Evil Revelations 2 - Xbox 360 Resident Evil Revelations Wii U Resident Evil Revelations - Wiiu Jogo Ps3 Resident Evil Revelations Game Resident Evil Revelations - 3DS Game Dying Light + Resident Evil Revelations 2 - XBOX ONE Game Resident Evil: Revelations - PS3
http://www.shoptime.com.br/produto/110839190/game-resident-evil-revelations-3ds
		Acessando URL do produto.
		Nome do Produto: Game Resident Evil: Revelations - XBOX 360 - Capcom Game - Resident Evil: Revelations - PS3 Game - Resident Evil Revelations 2 - PS4 Game - Resident Evil: Revelations - XBOX 360 Game - Resident Evil Revelations 2 - PS3 Game - Resident Evil Revelations 2 - Xbox360 Game Resident Evil Revelations 2 + The Evil Within - PS4 Jogo Xbox 360 Resident Evil Revelations Game Resident Evil Revelations 2 + Devil May Cry: Definitive Edition -... Game Dying Light + Resident Evil Revelations 2 - PS4 Game - Resident Evil Revelations 2 - Xbox One Resident Evil Revelations 2 - Xbox 360 Resident Evil Revelations Wii U Resident Evil Revelations - Wiiu Jogo Ps3 Resident Evil Revelations Game Resident Evil Revelations - 3DS Game Dying Light + Resident Evil Revelations 2 - XBOX ONE Game Resident Evil: Revelations - PS3
http://www.shoptime.com.br/produto/122449877/game-dying-light-resident-evil-revelations-2-xbox-one
		Acessando URL do produto.
		Nome do Produto: Game Resident Evil: Revelations - XBOX 360 - Capcom Game - Resident Evil: Revelations - PS3 Game - Resident Evil Revelations 2 - PS4 Game - Resident Evil: Revelations - XBOX 360 Game - Resident Evil Revelations 2 - PS3 Game - Resident Evil Revelations 2 - Xbox360 Game Resident Evil Revelations 2 + The Evil Within - PS4 Jogo Xbox 360 Resident Evil Revelations Game Resident Evil Revelations 2 + Devil May Cry: Definitive Edition -... Game Dying Light + Resident Evil Revelations 2 - PS4 Game - Resident Evil Revelations 2 - Xbox One Resident Evil Revelations 2 - Xbox 360 Resident Evil Revelations Wii U Resident Evil Revelations - Wiiu Jogo Ps3 Resident Evil Revelations Game Resident Evil Revelations - 3DS Game Dying Light + Resident Evil Revelations 2 - XBOX ONE Game Resident Evil: Revelations - PS3
http://www.shoptime.com.br/produto/113266497/game-resident-evil-revelations-ps3
		Acessando URL do produto.
	Tempo Para buscar: 5615
Loja: ShopB
	URL Principal: http://www.shopb.com.br/
	URL Busca: http://busca.shopb.com.br/?busca=<BUSCA>
http://busca.shopb.com.br/?busca=Resident+Evil+Revelations
		Documento Lido
		Resultados: 40
		Nome do Produto: Resident Evil Revelations - XBOX 360
http://shopb.ecommercesearch.com.br/Busca/Redir?url=http%3a%2f%2fwww.shopb.com.br%2fecommerce_site%2findex.php%3fpg%3dproduto%26cdg%3d4488%26idp%3d31651%26idparceiro%3dp1&esid=31651
		Acessando URL do produto.
		Nome do Produto: Resident Evil: Revelations 2 - PS3
http://shopb.ecommercesearch.com.br/Busca/Redir?url=http%3a%2f%2fwww.shopb.com.br%2fecommerce_site%2findex.php%3fpg%3dproduto%26cdg%3d4488%26idp%3d39213%26idparceiro%3dp1&esid=39213
		Acessando URL do produto.
		Nome do Produto: Resident Evil: Revelations 2 - PS4
http://shopb.ecommercesearch.com.br/Busca/Redir?url=http%3a%2f%2fwww.shopb.com.br%2fecommerce_site%2findex.php%3fpg%3dproduto%26cdg%3d4488%26idp%3d39211%26idparceiro%3dp1&esid=39211
		Acessando URL do produto.
		Nome do Produto: Resident Evil: Revelations 2 - XBOX 360
http://shopb.ecommercesearch.com.br/Busca/Redir?url=http%3a%2f%2fwww.shopb.com.br%2fecommerce_site%2findex.php%3fpg%3dproduto%26cdg%3d4488%26idp%3d39214%26idparceiro%3dp1&esid=39214
		Acessando URL do produto.
		Nome do Produto: Resident Evil: Revelations 2 - XBOX ONE
http://shopb.ecommercesearch.com.br/Busca/Redir?url=http%3a%2f%2fwww.shopb.com.br%2fecommerce_site%2findex.php%3fpg%3dproduto%26cdg%3d4488%26idp%3d39212%26idparceiro%3dp1&esid=39212
		Acessando URL do produto.
		Nome do Produto: Skin PS3 - Resident Evil Revelations MOD 1
http://shopb.ecommercesearch.com.br/Busca/Redir?url=http%3a%2f%2fwww.shopb.com.br%2fecommerce_site%2findex.php%3fpg%3dproduto%26cdg%3d4488%26idp%3d17101%26idparceiro%3dp1&esid=17101
		Acessando URL do produto.
		Nome do Produto: Skin PS3 - Resident Evil Revelations MOD 2
http://shopb.ecommercesearch.com.br/Busca/Redir?url=http%3a%2f%2fwww.shopb.com.br%2fecommerce_site%2findex.php%3fpg%3dproduto%26cdg%3d4488%26idp%3d17109%26idparceiro%3dp1&esid=17109
		Acessando URL do produto.
		Nome do Produto: Resident Evil Revelations - 3DS
http://shopb.ecommercesearch.com.br/Busca/Redir?url=http%3a%2f%2fwww.shopb.com.br%2fecommerce_site%2findex.php%3fpg%3dproduto%26cdg%3d4488%26idp%3d21595%26idparceiro%3dp1&esid=21595
		Acessando URL do produto.
		Nome do Produto: Resident Evil Revelations - PS3
http://shopb.ecommercesearch.com.br/Busca/Redir?url=http%3a%2f%2fwww.shopb.com.br%2fecommerce_site%2findex.php%3fpg%3dproduto%26cdg%3d4488%26idp%3d31632%26idparceiro%3dp1&esid=31632
		Acessando URL do produto.
		Nome do Produto: Resident Evil Revelations - Wii U
http://shopb.ecommercesearch.com.br/Busca/Redir?url=http%3a%2f%2fwww.shopb.com.br%2fecommerce_site%2findex.php%3fpg%3dproduto%26cdg%3d4488%26idp%3d35633%26idparceiro%3dp1&esid=35633
		Acessando URL do produto.
		Nome do Produto: Assassins Creed: Revelations - PS3
			Igorando Pelo Filtro de Nome...
		Nome do Produto: Assassins Creed: Revelations - XBOX 360
			Igorando Pelo Filtro de Nome...
		Nome do Produto: Bakugan: Rise of the Resistance - DS
			Igorando Pelo Filtro de Nome...
		Nome do Produto: Dance Dance Revolution Universe 3 - XBOX 360
			Igorando Pelo Filtro de Nome...
		Nome do Produto: Deus Ex: Human Revolution - PS3
			Igorando Pelo Filtro de Nome...
		Nome do Produto: Deus Ex: Human Revolution - XBOX 360
			Igorando Pelo Filtro de Nome...
		Nome do Produto: Deus Ex: Human Revolution Directors Cut Edition - PS3
			Igorando Pelo Filtro de Nome...
		Nome do Produto: Deus Ex: Human Revolution Directors Cut Edition - XBOX 360
			Igorando Pelo Filtro de Nome...
		Nome do Produto: Diablo 3 Reaper of Souls: Ultimate Evil Edition - PS4
			Igorando Pelo Filtro de Nome...
		Nome do Produto: Diablo 3 Reaper of souls: Ultimate Evil Edition - PS3
			Igorando Pelo Filtro de Nome...
		Nome do Produto: Diablo 3 Reaper of souls: Ultimate Evil Edition - XBOX 360
			Igorando Pelo Filtro de Nome...
		Nome do Produto: Diablo 3 Reaper of souls: Ultimate Evil Edition - XBOX ONE
			Igorando Pelo Filtro de Nome...
		Nome do Produto: Karaoke Revolutions + Microfone - XBOX 360
			Igorando Pelo Filtro de Nome...
		Nome do Produto: Resistance 2 - PS3
			Igorando Pelo Filtro de Nome...
		Nome do Produto: Resistance 3 - PS3
			Igorando Pelo Filtro de Nome...
		Nome do Produto: Resistance: Burning Skies - PS Vita
			Igorando Pelo Filtro de Nome...
		Nome do Produto: Resistance: Fall of Man + Resistance 2 Combo Pack - PS3
			Igorando Pelo Filtro de Nome...
		Nome do Produto: Sid Meiers: Civilization Revolution - XBOX 360
			Igorando Pelo Filtro de Nome...
		Nome do Produto: Skin XBOX - Resident Evil 6 MOD 1
			Igorando Pelo Filtro de Nome...
		Nome do Produto: Super Poster - Assassins Creed Revelations
			Igorando Pelo Filtro de Nome...
		Nome do Produto: Super Poster - Resident Evil 4
			Igorando Pelo Filtro de Nome...
		Nome do Produto: Super Poster - Resident Evil Darkside Chronicles
			Igorando Pelo Filtro de Nome...
		Nome do Produto: Super Poster - Resident Evil: Operation Raccoon City MOD 02
			Igorando Pelo Filtro de Nome...
		Nome do Produto: Super Poster - Resident Evil: Operation Raccoon City MOD 03
			Igorando Pelo Filtro de Nome...
		Nome do Produto: Super Poster - Resident Evil: Operation Raccoon City MOD 04
			Igorando Pelo Filtro de Nome...
		Nome do Produto: The Evil Within - PS3
			Igorando Pelo Filtro de Nome...
		Nome do Produto: The Evil Within - PS4
			Igorando Pelo Filtro de Nome...
		Nome do Produto: The Evil Within - XBOX 360
			Igorando Pelo Filtro de Nome...
		Nome do Produto: The Evil Within - XBOX ONE
			Igorando Pelo Filtro de Nome...
		Nome do Produto: Ultimate Stealth Triple Pack: Thief + Hitman: Absolution + Deus Ex: Human Revolution - PS3
			Igorando Pelo Filtro de Nome...
	Tempo Para buscar: 8599
Loja: Submarino
	URL Principal: http://www.submarino.com.br/
	URL Busca: http://busca.submarino.com.br/busca.php?q=<BUSCA>
http://busca.submarino.com.br/busca.php?q=Resident+Evil+Revelations
		Documento Lido
		Resultados: 17
		Nome do Produto: Game Resident Evil: Revelations - PS3
http://www.submarino.com.br/produto/113266497/game-resident-evil-revelations-ps3
		Acessando URL do produto.
		Nome do Produto: Game Resident Evil: Revelations - XBOX 360 - Capcom
http://www.submarino.com.br/produto/113266518/game-resident-evil-revelations-xbox-360-capcom
		Acessando URL do produto.
		Nome do Produto: Game - Resident Evil Revelations 2 - Xbox360
http://www.submarino.com.br/produto/121800653/game-resident-evil-revelations-2-xbox360
		Acessando URL do produto.
		Nome do Produto: Game - Resident Evil Revelations 2 - PS3
http://www.submarino.com.br/produto/121800611/game-resident-evil-revelations-2-ps3
		Acessando URL do produto.
		Nome do Produto: Game - Resident Evil Revelations 2 - PS4
http://www.submarino.com.br/produto/121800637/game-resident-evil-revelations-2-ps4
		Acessando URL do produto.
		Nome do Produto: Game - Resident Evil: Revelations - XBOX 360
http://www.submarino.com.br/produto/120743626/game-resident-evil-revelations-xbox-360
		Acessando URL do produto.
		Nome do Produto: Game - Resident Evil Revelations 2 - Xbox One
http://www.submarino.com.br/produto/121800670/game-resident-evil-revelations-2-xbox-one
		Acessando URL do produto.
		Nome do Produto: Game Resident Evil Revelations - 3DS
http://www.submarino.com.br/produto/110839190/game-resident-evil-revelations-3ds
		Acessando URL do produto.
		Nome do Produto: Jogo Xbox 360 Resident Evil Revelations
http://www.submarino.com.br/produto/7938491/jogo-xbox-360-resident-evil-revelations
		Acessando URL do produto.
		Nome do Produto: Game - Resident Evil: Revelations - PS3
http://www.submarino.com.br/produto/120743600/game-resident-evil-revelations-ps3
		Acessando URL do produto.
		Nome do Produto: Jogo Ps3 Resident Evil Revelations
http://www.submarino.com.br/produto/7938490/jogo-ps3-resident-evil-revelations
		Acessando URL do produto.
		Nome do Produto: Game Dying Light + Resident Evil Revelations 2 - PS4
http://www.submarino.com.br/produto/122404986/game-dying-light-resident-evil-revelations-2-ps4
		Acessando URL do produto.
		Nome do Produto: Game Resident Evil Revelations 2 + Devil May Cry: Definitive Edition - PS4
http://www.submarino.com.br/produto/122404978/game-resident-evil-revelations-2-devil-may-cry-definitive-edition-ps4
		Acessando URL do produto.
		Nome do Produto: Game Resident Evil Revelations 2 + The Evil Within - PS4
http://www.submarino.com.br/produto/122405049/game-resident-evil-revelations-2-the-evil-within-ps4
		Acessando URL do produto.
		Nome do Produto: Resident Evil Revelations Wii U
http://www.submarino.com.br/produto/8462919/resident-evil-revelations-wii-u
		Acessando URL do produto.
		Nome do Produto: Resident Evil Revelations - Wiiu
http://www.submarino.com.br/produto/9691279/resident-evil-revelations-wiiu
		Acessando URL do produto.
		Nome do Produto: Game Resident Evil: Revelations - PS3
http://www.submarino.com.br/produto/120296782/game-resident-evil-revelations-ps3
		Acessando URL do produto.
	Tempo Para buscar: 5589
Loja: Walmart
	URL Principal: http://www.walmart.com.br/
	URL Busca: http://www.walmart.com.br/busca/?ft=<BUSCA>&PS=20
http://www.walmart.com.br/busca/?ft=Resident+Evil+Revelations&PS=20
		Documento Lido
		Resultados: 16
		Nome do Produto: Jogo Xbox 360 Resident Evil: Revelations
http://www.walmart.com.br//jogo-xbox-360-resident-evil-revelations/2028895/pr
		Acessando URL do produto.
		Nome do Produto: Jogo para PS4 Resident Evil Revelations 2 Sony DADC CP6987AN
http://www.walmart.com.br//jogo-para-ps4-resident-evil-revelations-2-sony-dadc-cp6987an/3016817/pr
		Acessando URL do produto.
		Nome do Produto: Jogo PS3 Resident Evil: Revelations
http://www.walmart.com.br//jogo-ps3-resident-evil-revelations/2028894/pr
		Acessando URL do produto.
		Nome do Produto: Jogo para PS3 Resident Evil Revelations 2 Rihmo CP6987BN
http://www.walmart.com.br//jogo-para-ps3-resident-evil-revelations-2-rihmo-cp6987bn/3017031/pr
		Acessando URL do produto.
		Nome do Produto: Jogo para XBOX One Resident Evil Revelations 2 Sony DADC CP6987ON
http://www.walmart.com.br//jogo-para-xbox-one-resident-evil-revelations-2-sony-dadc-cp6987on/3016839/pr
		Acessando URL do produto.
		Nome do Produto: Jogo para XBOX 360 Resident Evil Revelations 2 Rihmo CP6987XN
http://www.walmart.com.br//jogo-para-xbox-360-resident-evil-revelations-2-rihmo-cp6987xn/3017025/pr
		Acessando URL do produto.
		Nome do Produto: Kit com 3 jogos para Xbox 360: Mass Effect Trilogy + Halo 3 Standard + Resident Evil Revelations
http://www.walmart.com.br//kit-com-3-jogos-para-xbox-360-mass-effect-trilogy-halo-3-standard-resident-evil-revelations/3111452/pr
		Acessando URL do produto.
		Nome do Produto: Kit com 3 Jogos para PS3: Resident Evil: Revelations + Assassin's Creed: Revelations + Gran Turismo 6 - Conteúdo Especial Ayrton Senna
http://www.walmart.com.br//kit-com-3-jogos-para-ps3-resident-evil-revelations-assassin-s-creed-revelations-gran-turismo-6-conteudo-especial-ayrton-senna/3111430/pr
		Acessando URL do produto.
		Nome do Produto: Resident Evil Revelations Wii U
http://www.walmart.com.br//resident-evil-revelations-wii-u/2377020/pr
		Acessando URL do produto.
		Nome do Produto: Game Resident Evil Revelations 2 - XBOX 360
http://www.walmart.com.br//game-resident-evil-revelations-2-xbox-360/3209785/pr
		Acessando URL do produto.
		Nome do Produto: Jogo Capcom Resident EVIL Revelations 2 PS3 (CP6987BN)
http://www.walmart.com.br//jogo-capcom-resident-evil-revelations-2-ps3-cp6987bn/3135507/pr
		Acessando URL do produto.
		Nome do Produto: Resident Evil Revelations - XBOX 360
http://www.walmart.com.br//resident-evil-revelations-xbox-360/3209788/pr
		Acessando URL do produto.
		Nome do Produto: Resident Evil Revelations N3DS
http://www.walmart.com.br//resident-evil-revelations-n3ds/2374441/pr
		Acessando URL do produto.
		Nome do Produto: Kit Promo 2 Jogos PS3: Resident Evil Revelations + The Last Of Us
http://www.walmart.com.br//kit-promo-2-jogos-ps3-resident-evil-revelations-the-last-of-us/2970592/pr
		Acessando URL do produto.
		Nome do Produto: Kit com 3 Jogos para Xbox One: Resident Evil Revelations 2 Sony DADC + Metal Gear Solid V: Ground Zeroes Konami + Watch Dogs
http://www.walmart.com.br//kit-com-3-jogos-para-xbox-one-resident-evil-revelations-2-sony-dadc-metal-gear-solid-v-ground-zeroes-konami-watch-dogs/3111047/pr
		Acessando URL do produto.
		Nome do Produto: Console Xbox One 500GB com Kinect e Controle sem fio + 2 jogos via Download + 2 Jogos para Xbox One
			Igorando Pelo Filtro de Nome...
	Tempo Para buscar: 14424

File copied from C:\java\workspace Estudo\lookforprices\resources\imports\css.css to C:\java\workspace Estudo\lookforprices\reports\2015-09-09 16\css.css
File copied from C:\java\workspace Estudo\lookforprices\resources\imports\jquery.js to C:\java\workspace Estudo\lookforprices\reports\2015-09-09 16\jquery.js
File copied from C:\java\workspace Estudo\lookforprices\resources\imports\scripts.js to C:\java\workspace Estudo\lookforprices\reports\2015-09-09 16\scripts.js
Tempo total de execução: 195088
