Game: Samurai Warriors
Product Name: Samurai Warriors
Loja: Nintendo eShop
	URL Principal: http://www.nintendo.com/3ds/eshop
	URL Busca: http://www.nintendo.com/json/content/get/game/filter?&qterm=<BUSCA>
NintendoEShopSearch.search() http://www.nintendo.com/json/content/get/game/filter?&qterm=Samurai+Warriors
		Documento Lido
		Resultados: 8
		Nome do Produto: SAMURAI WARRIORS: Chronicles 3
http://www.nintendo.com/games/detail/_x1zEkdYiZVKaT6Po8AnAMgt3rn9CmWQ
		Acessando URL do produto.
URL = http://www.nintendo.com/games/detail/_x1zEkdYiZVKaT6Po8AnAMgt3rn9CmWQ
		Nome do Produto: Hakuoki: Memories of the Shinsengumi
			Igorando Pelo Filtro de Nome...
		Nome do Produto: Warriors Orochi 3 Hyper
			Igorando Pelo Filtro de Nome...
		Nome do Produto: Samurai Shodown IV: Amakusa's Revenge
			Igorando Pelo Filtro de Nome...
		Nome do Produto: SAMURAI WARRIORS: Chronicles
http://www.nintendo.com/games/detail/ad3x5Q11SAH48bLbYupnnA0HeUOA3tUL
		Acessando URL do produto.
URL = http://www.nintendo.com/games/detail/ad3x5Q11SAH48bLbYupnnA0HeUOA3tUL
		Nome do Produto: Samurai Warriors 3
http://www.nintendo.com/games/detail/gAI6Ixtby8aaYaTR4uUns9Hz6KRvzdzE
		Acessando URL do produto.
URL = http://www.nintendo.com/games/detail/gAI6Ixtby8aaYaTR4uUns9Hz6KRvzdzE
		Nome do Produto: Contra Rebirth
			Igorando Pelo Filtro de Nome...
		Nome do Produto: Samurai Warriors: Katana
http://www.nintendo.com/games/detail/DG09CCXdldIRT_muooOW49HsnBirgPf-
		Acessando URL do produto.
URL = http://www.nintendo.com/games/detail/DG09CCXdldIRT_muooOW49HsnBirgPf-
	Tempo Para buscar: 4212
Loja: Americanas
	URL Principal: http://www.americanas.com.br/
	URL Busca: http://busca.americanas.com.br/busca.php?q=<BUSCA>
http://busca.americanas.com.br/busca.php?q=Samurai+Warriors
		Documento Lido
		Resultados: 2
		Nome do Produto: Game - Samurai Warriors 4 - PS4
http://www.americanas.com.br/produto/121137783/game-samurai-warriors-4-ps4&review=1
		Acessando URL do produto.
		Nome do Produto: Game Samurai Warriors Chronicles - 3DS
http://www.americanas.com.br/produto/7461215/game-samurai-warriors-chronicles-3ds
		Acessando URL do produto.
	Tempo Para buscar: 1308
Loja: Big Boy Games
	URL Principal: http://www.bigboygames.com.br/
	URL Busca: http://www.bigboygames.com.br/pesquisa/?p=<BUSCA>
http://www.bigboygames.com.br/pesquisa/?p=Samurai+Warriors
		Documento Lido
		Resultados: 3
		Nome do Produto: PS4 - Samurai Warriors 4
http://www.bigboygames.com.br/ps4-samurai-warriors-4-p6702/
		Acessando URL do produto.
		Nome do Produto: Wii - Sengoku Basara: Samurai Warriors
http://www.bigboygames.com.br/wii-sengoku-basara-samurai-warriors-p6472/
		Acessando URL do produto.
		Nome do Produto: 3DS - Samurai Warriors Chronicles
http://www.bigboygames.com.br/3ds-samurai-warriors-chronicles-p2734/
		Acessando URL do produto.
	Tempo Para buscar: 3544
Loja: Casas Bahia
	URL Principal: http://www.casasbahia.com.br/
	URL Busca: http://buscas.casasbahia.com.br/search?w=<BUSCA>
http://buscas.casasbahia.com.br/search?w=Samurai+Warriors
		Documento Lido
		Resultados: 1
		Nome do Produto: Samurai Warriors 4 PS4
http://buscas.casasbahia.com.br/search?p=R&srid=S6-USESD01&lbc=casasbahia&w=Samurai%20Warriors&url=http%3a%2f%2fproduto.casasbahia.com.br%2f5471369%3f&rk=1&uid=296366766&sid=2&ts=custom&rsc=WuPx4VLek8ixQVVu&method=and&isort=score&view=grid
		Acessando URL do produto.
		Nome do Produto: Samurai Warriors 3 - Wii
http://buscas.casasbahia.com.br/search?p=R&srid=S6-USESD01&lbc=casasbahia&w=Samurai%20Warriors&url=http%3a%2f%2fproduto.casasbahia.com.br%2f5483842%3f&rk=2&uid=296366766&sid=2&ts=custom&rsc=-oxwBsLS9kIfc2OI&method=and&isort=score&view=grid
		Acessando URL do produto.
		Nome do Produto: Jogo Samurai Warriors 4 - PS4
http://buscas.casasbahia.com.br/search?p=R&srid=S6-USESD01&lbc=casasbahia&w=Samurai%20Warriors&url=http%3a%2f%2fproduto.casasbahia.com.br%2f4050710%3f&rk=3&uid=296366766&sid=2&ts=custom&rsc=iTUcFEAWW-2DPTVn&method=and&isort=score&view=grid
		Acessando URL do produto.
		Nome do Produto: Game Samurai Warriors 4 - PS4
http://buscas.casasbahia.com.br/search?p=R&srid=S6-USESD01&lbc=casasbahia&w=Samurai%20Warriors&url=http%3a%2f%2fproduto.casasbahia.com.br%2f5414024%3f&rk=4&uid=296366766&sid=2&ts=custom&rsc=C5lAYjkeuPzfUFch&method=and&isort=score&view=grid
		Acessando URL do produto.
		Nome do Produto: Jogo Samurai Warriors Chronicles - 3DS
http://buscas.casasbahia.com.br/search?p=R&srid=S6-USESD01&lbc=casasbahia&w=Samurai%20Warriors&url=http%3a%2f%2fproduto.casasbahia.com.br%2f364765%3f&rk=5&uid=296366766&sid=2&ts=custom&rsc=0oJuNrwD1RDcwo1q&method=and&isort=score&view=grid
		Acessando URL do produto.
		Nome do Produto: Zen - The Religion of the Samurai
			Igorando Pelo Filtro de Nome...
		Nome do Produto: Warriors Orochi 3 Ultimate PS4
			Igorando Pelo Filtro de Nome...
		Nome do Produto: Warriors: Orochi 3 Ultimate - Ps4
			Igorando Pelo Filtro de Nome...
		Nome do Produto: Warriors: Orochi 3 Ultimate - Xbox One
			Igorando Pelo Filtro de Nome...
		Nome do Produto: Jogo Warriors Orochi 3 Ultimate - Xbox One
			Igorando Pelo Filtro de Nome...
		Nome do Produto: Jogo Warriors Orochi 3 Ultimate - Xbox One
			Igorando Pelo Filtro de Nome...
		Nome do Produto: Jogo Warriors Orochi 3 Ultimate + Xbox Live Gold - 3 Meses
			Igorando Pelo Filtro de Nome...
		Nome do Produto: 4000 Bowls of Rice
			Igorando Pelo Filtro de Nome...
		Nome do Produto: TV LED 58" Full HD Samsung UN58H5200 + Jogo Warriors Orochi 3 Ultimate - PS4 + Jogo Samurai Warriors 4 - PS4
http://buscas.casasbahia.com.br/search?p=R&srid=S6-USESD01&lbc=casasbahia&w=Samurai%20Warriors&url=http%3a%2f%2fproduto.casasbahia.com.br%2f1000055611%3f&rk=14&uid=296366766&sid=2&ts=custom&rsc=9e-FHHukPZgZcCcy&method=and&isort=score&view=grid
		Acessando URL do produto.
		Nome do Produto: Samurai Warriors 4 - PS4
http://buscas.casasbahia.com.br/search?p=R&srid=S6-USESD01&lbc=casasbahia&w=Samurai%20Warriors&url=http%3a%2f%2fproduto.casasbahia.com.br%2f5549528%3f&rk=15&uid=296366766&sid=2&ts=custom&rsc=DTXDCSa3CJDaH9ir&method=and&isort=score&view=grid
		Acessando URL do produto.
		Nome do Produto: Jogo Warriors Orochi 3 Ultimate - PS4
			Igorando Pelo Filtro de Nome...
	Tempo Para buscar: 9628
Loja: Extra
	URL Principal: http://www.extra.com.br/
	URL Busca: http://buscando.extra.com.br/search?w=<BUSCA>
http://buscando.extra.com.br/search?w=Samurai+Warriors
		Documento Lido
		Resultados: 12
		Nome do Produto: Jogo Samurai Warriors 4 - PS4
http://buscando.extra.com.br/search?p=R&srid=S1-USESD02&lbc=extra&w=Samurai%20Warriors&url=http%3a%2f%2fproduto.extra.com.br%2f4050710%3f&rk=1&uid=296469621&sid=2&ts=custom&rsc=1EPc6gqQsRJBef79&method=and&isort=score&view=grid
java.net.SocketTimeoutException: Read timed out
	at java.net.SocketInputStream.socketRead0(Native Method)
	at java.net.SocketInputStream.socketRead(Unknown Source)
	at java.net.SocketInputStream.read(Unknown Source)
	at java.net.SocketInputStream.read(Unknown Source)
	at java.io.BufferedInputStream.fill(Unknown Source)
	at java.io.BufferedInputStream.read1(Unknown Source)
	at java.io.BufferedInputStream.read(Unknown Source)
	at sun.net.www.http.HttpClient.parseHTTPHeader(Unknown Source)
	at sun.net.www.http.HttpClient.parseHTTP(Unknown Source)
	at sun.net.www.protocol.http.HttpURLConnection.getInputStream0(Unknown Source)
	at sun.net.www.protocol.http.HttpURLConnection.getInputStream(Unknown Source)
	at java.net.HttpURLConnection.getResponseCode(Unknown Source)
	at org.jsoup.helper.HttpConnection$Response.execute(HttpConnection.java:453)
	at org.jsoup.helper.HttpConnection$Response.execute(HttpConnection.java:434)
	at org.jsoup.helper.HttpConnection.execute(HttpConnection.java:181)
	at org.jsoup.helper.HttpConnection.get(HttpConnection.java:170)
	at comom.Util.readUrlDocument(Util.java:94)
	at interfaces.search.ExtraSearch.readEachProduct(ExtraSearch.java:70)
	at interfaces.search.ExtraSearch.search(ExtraSearch.java:38)
	at objects.Shop.searchProduct(Shop.java:33)
	at Main.generateHtmlReport(Main.java:89)
	at Main.main(Main.java:58)
Tentando conectar Na Url de outro modo
		Acessando URL do produto.
		Nome do Produto: Samurai Warriors 4 PS4
http://buscando.extra.com.br/search?p=R&srid=S1-USESD02&lbc=extra&w=Samurai%20Warriors&url=http%3a%2f%2fproduto.extra.com.br%2f5471369%3f&rk=2&uid=296469621&sid=2&ts=custom&rsc=PRrNZAJ4exko0cVb&method=and&isort=score&view=grid
		Acessando URL do produto.
		Nome do Produto: Samurai Warriors 4 - PS4
http://buscando.extra.com.br/search?p=R&srid=S1-USESD02&lbc=extra&w=Samurai%20Warriors&url=http%3a%2f%2fproduto.extra.com.br%2f5549528%3f&rk=3&uid=296469621&sid=2&ts=custom&rsc=JTZM58XamkQH0Jst&method=and&isort=score&view=grid
		Acessando URL do produto.
		Nome do Produto: Game Samurai Warriors 4 - PS4
http://buscando.extra.com.br/search?p=R&srid=S1-USESD02&lbc=extra&w=Samurai%20Warriors&url=http%3a%2f%2fproduto.extra.com.br%2f5414024%3f&rk=4&uid=296469621&sid=2&ts=custom&rsc=TNnk0btS4TuuKku%3a&method=and&isort=score&view=grid
		Acessando URL do produto.
		Nome do Produto: Jogo Samurai Warriors Chronicles - 3DS
http://buscando.extra.com.br/search?p=R&srid=S1-USESD02&lbc=extra&w=Samurai%20Warriors&url=http%3a%2f%2fproduto.extra.com.br%2f364765%3f&rk=5&uid=296469621&sid=2&ts=custom&rsc=UX0G3w0KlFcBD8WP&method=and&isort=score&view=grid
		Acessando URL do produto.
		Nome do Produto: Zen - The Religion of the Samurai
			Igorando Pelo Filtro de Nome...
		Nome do Produto: Warriors Orochi 3 Ultimate PS4
			Igorando Pelo Filtro de Nome...
		Nome do Produto: Warriors: Orochi 3 Ultimate - Ps4
			Igorando Pelo Filtro de Nome...
		Nome do Produto: Warriors: Orochi 3 Ultimate - Xbox One
			Igorando Pelo Filtro de Nome...
		Nome do Produto: Jogo Warriors Orochi 3 Ultimate - Xbox One
			Igorando Pelo Filtro de Nome...
		Nome do Produto: Jogo Warriors Orochi 3 Ultimate - Xbox One
			Igorando Pelo Filtro de Nome...
		Nome do Produto: Jogo Warriors Orochi 3 Ultimate + Xbox Live Gold - 3 Meses
			Igorando Pelo Filtro de Nome...
	Tempo Para buscar: 33738
Loja: E-Virtua
	URL Principal: http://www.evirtua.com.br/
	URL Busca: http://www.evirtua.com.br/Busca?search_department_id=0&SearchTerm=<BUSCA>
http://www.evirtua.com.br/Busca?search_department_id=0&SearchTerm=Samurai+Warriors
		Documento Lido
		Resultados: 0
	Tempo Para buscar: 373
Loja: Fast Games
	URL Principal: http://www.fastgames.com.br/
	URL Busca: http://www.fastgames.com.br/loja/busca.php?loja=187970&palavra_busca=<BUSCA>
http://www.fastgames.com.br/loja/busca.php?loja=187970&palavra_busca=Samurai+Warriors
		Documento Lido
		Resultados: 0
	Tempo Para buscar: 462
Loja: Fast Shop
	URL Principal: http://www.fastshop.com.br/loja/
	URL Busca: http://www.fastshop.com.br/webapp/wcs/stores/servlet/SearchDisplay?searchTerm=<BUSCA>&categoryId=&storeId=10151&catalogId=11052&langId=-6&pageSize=9&beginIndex=0&sType=SimpleSearch&resultCatEntryType=2&showResultsPage=true&searchSource=Q&pageView=&hotsite=fastshop
http://www.fastshop.com.br/webapp/wcs/stores/servlet/SearchDisplay?searchTerm=Samurai+Warriors&categoryId=&storeId=10151&catalogId=11052&langId=-6&pageSize=9&beginIndex=0&sType=SimpleSearch&resultCatEntryType=2&showResultsPage=true&searchSource=Q&pageView=&hotsite=fastshop
		Documento Lido
		Resultados: 0
	Tempo Para buscar: 466
Loja: FNAC
	URL Principal: http://www.fnac.com.br/index.html
	URL Busca: http://busca.fnac.com.br/?busca=<BUSCA>
http://busca.fnac.com.br/?busca=Samurai+Warriors
		Documento Lido
		Resultados: 21
		Nome do Produto: Summoner Wars - Master Set
			Igorando Pelo Filtro de Nome...
	Tempo Para buscar: 1064
Loja: Kabum
	URL Principal: http://www.kabum.com.br/
	URL Busca: http://www.kabum.com.br/cgi-local/site/listagem/listagem.cgi?string=<BUSCA>&btnG=
http://www.kabum.com.br/cgi-local/site/listagem/listagem.cgi?string=Samurai+Warriors&btnG=
		Documento Lido
		Resultados: 0
	Tempo Para buscar: 435
Loja: Livraria Cultura
	URL Principal: http://www.livrariacultura.com.br/
	URL Busca: http://www.livrariacultura.com.br/busca?N=0&Ntt=<BUSCA>
http://www.livrariacultura.com.br/busca?N=0&Ntt=Samurai+Warriors
		Documento Lido
		Resultados: 11
		Nome do Produto: SAMURAI WARRIORS
http://www.livrariacultura.com.br/p/samurai-warriors-2394118
java.net.SocketTimeoutException: Read timed out
	at java.net.SocketInputStream.socketRead0(Native Method)
	at java.net.SocketInputStream.socketRead(Unknown Source)
	at java.net.SocketInputStream.read(Unknown Source)
	at java.net.SocketInputStream.read(Unknown Source)
	at java.io.BufferedInputStream.fill(Unknown Source)
	at java.io.BufferedInputStream.read1(Unknown Source)
	at java.io.BufferedInputStream.read(Unknown Source)
	at sun.net.www.http.HttpClient.parseHTTPHeader(Unknown Source)
	at sun.net.www.http.HttpClient.parseHTTP(Unknown Source)
	at sun.net.www.protocol.http.HttpURLConnection.getInputStream0(Unknown Source)
	at sun.net.www.protocol.http.HttpURLConnection.getInputStream(Unknown Source)
	at java.net.HttpURLConnection.getResponseCode(Unknown Source)
	at org.jsoup.helper.HttpConnection$Response.execute(HttpConnection.java:453)
	at org.jsoup.helper.HttpConnection$Response.execute(HttpConnection.java:434)
	at org.jsoup.helper.HttpConnection.execute(HttpConnection.java:181)
	at org.jsoup.helper.HttpConnection.get(HttpConnection.java:170)
	at comom.Util.readUrlDocument(Util.java:94)
	at interfaces.search.LivrariaCulturaSearch.readEachProduct(LivrariaCulturaSearch.java:74)
	at interfaces.search.LivrariaCulturaSearch.search(LivrariaCulturaSearch.java:38)
	at objects.Shop.searchProduct(Shop.java:33)
	at Main.generateHtmlReport(Main.java:89)
	at Main.main(Main.java:58)
Tentando conectar Na Url de outro modo
		Acessando URL do produto.
		Nome do Produto: SAMURAI WARRIORS ART TATTOOS
http://www.livrariacultura.com.br/p/samurai-warriors-art-tattoos-691876
		Acessando URL do produto.
		Nome do Produto: SAMURAI
			Igorando Pelo Filtro de Nome...
		Nome do Produto: GOD'S SAMURAI
			Igorando Pelo Filtro de Nome...
		Nome do Produto: SAMURAI
			Igorando Pelo Filtro de Nome...
		Nome do Produto: SAMURAI
			Igorando Pelo Filtro de Nome...
		Nome do Produto: SAMURAI
			Igorando Pelo Filtro de Nome...
		Nome do Produto: SAMURAI
			Igorando Pelo Filtro de Nome...
		Nome do Produto: SAMURAI WARRIORS CHRONICLES (3DS)
http://www.livrariacultura.com.br/p/samurai-warriors-chronicles-3ds-22653334
		Acessando URL do produto.
		Nome do Produto: SAMURAI WARRIORS
http://www.livrariacultura.com.br/p/samurai-warriors-29552
		Acessando URL do produto.
		Nome do Produto: SAMURAI WARRIORS
http://www.livrariacultura.com.br/p/samurai-warriors-323409
		Acessando URL do produto.
	Tempo Para buscar: 28120
Loja: Magazine Luiza
	URL Principal: http://www.magazineluiza.com.br/
	URL Busca: http://www.magazineluiza.com.br/busca/<BUSCA>/
http://www.magazineluiza.com.br/busca/Samurai+Warriors/
		Documento Lido
		Resultados: 1
		Nome do Produto: Samurai Warriors 4 para PS4 - Koei
http://www.magazineluiza.com.br//samurai-warriors-4-para-ps4-koei/p/2124137/ga/gjps/?_b=Samurai+Warriors
		Acessando URL do produto.
	Tempo Para buscar: 657
Loja: Mula Games
	URL Principal: http://www.mulagames.com.br/
	URL Busca: http://www.mulagames.com.br/produtos-index/catalogo_produtos/-/-/<BUSCA>/-/-/-/-/-/
http://www.mulagames.com.br/produtos-index/catalogo_produtos/-/-/Samurai%20Warriors/-/-/-/-/-/
		Documento Lido
		Resultados: 2
		Nome do Produto: Samurai Warriors: Chronicles - 3DS
http://www.mulagames.com.br/Samurai-Warriors--Chronicles-3DS/prod-1079610/
		Acessando URL do produto.
http://www.mulagames.com.br/produto-ajax_retorna_dados_preco_comprar/1079610
		Acessando URL do preço produto.
		Nome do Produto: Samurai Warriors 4 - PS4
http://www.mulagames.com.br/Samurai-Warriors-4-PS4/prod-2489603/
		Acessando URL do produto.
http://www.mulagames.com.br/produto-ajax_retorna_dados_preco_comprar/2489603
		Acessando URL do preço produto.
	Tempo Para buscar: 3767
Loja: Net Shoes
	URL Principal: http://www.netshoes.com.br/
	URL Busca: http://www.netshoes.com.br/search?Ntt=<BUSCA>
http://www.netshoes.com.br/search?Ntt=Samurai+Warriors
		Documento Lido
		Resultados: 3
		Nome do Produto: Camiseta Venum Samurai
			Igorando Pelo Filtro de Nome...
		Nome do Produto: Camiseta Venum Samurai
			Igorando Pelo Filtro de Nome...
		Nome do Produto: Camiseta Drasport Golden State Warriors
			Igorando Pelo Filtro de Nome...
	Tempo Para buscar: 134
Loja: Ponto Frio
	URL Principal: http://www.pontofrio.com.br/
	URL Busca: http://search.pontofrio.com.br/search?w=<BUSCA>
http://search.pontofrio.com.br/search?w=Samurai+Warriors
		Documento Lido
		Resultados: 1
		Nome do Produto: Jogo Samurai Warriors Chronicles - 3DS
http://search.pontofrio.com.br/search?p=R&srid=S3-USWSD02&lbc=pontofrio-br&w=Samurai%20Warriors&url=http%3a%2f%2fproduto.pontofrio.com.br%2f364765%3f&rk=1&uid=297151877&sid=2&ts=custom&rsc=R%3asaX1NHQUF4uzrZ&method=and&isort=score&view=grid
		Nome do Produto: Jogo Samurai Warriors 4 - PS4
http://search.pontofrio.com.br/search?p=R&srid=S3-USWSD02&lbc=pontofrio-br&w=Samurai%20Warriors&url=http%3a%2f%2fproduto.pontofrio.com.br%2f4050710%3f&rk=2&uid=297151877&sid=2&ts=custom&rsc=AOPEh5ew%3akMQR-iK&method=and&isort=score&view=grid
		Nome do Produto: Samurai Warriors 4 PS4
http://search.pontofrio.com.br/search?p=R&srid=S3-USWSD02&lbc=pontofrio-br&w=Samurai%20Warriors&url=http%3a%2f%2fproduto.pontofrio.com.br%2f5471369%3f&rk=3&uid=297151877&sid=2&ts=custom&rsc=Fd%3aO6yHT6KBAbAvG&method=and&isort=score&view=grid
		Nome do Produto: Samurai Warriors 4 - PS4
http://search.pontofrio.com.br/search?p=R&srid=S3-USWSD02&lbc=pontofrio-br&w=Samurai%20Warriors&url=http%3a%2f%2fproduto.pontofrio.com.br%2f5549528%3f&rk=4&uid=297151877&sid=2&ts=custom&rsc=Rj0wyF763Lsin4bg&method=and&isort=score&view=grid
		Nome do Produto: Samurai Warriors 3 - Wii
http://search.pontofrio.com.br/search?p=R&srid=S3-USWSD02&lbc=pontofrio-br&w=Samurai%20Warriors&url=http%3a%2f%2fproduto.pontofrio.com.br%2f5483842%3f&rk=5&uid=297151877&sid=2&ts=custom&rsc=8nMWxodl5O9tOWcy&method=and&isort=score&view=grid
		Nome do Produto: Game Samurai Warriors 4 - PS4
http://search.pontofrio.com.br/search?p=R&srid=S3-USWSD02&lbc=pontofrio-br&w=Samurai%20Warriors&url=http%3a%2f%2fproduto.pontofrio.com.br%2f5414024%3f&rk=6&uid=297151877&sid=2&ts=custom&rsc=QlM62oTbI20iUlbQ&method=and&isort=score&view=grid
		Nome do Produto: Zen - The Religion of the Samurai
			Igorando Pelo Filtro de Nome...
		Nome do Produto: Warriors Orochi 3 Ultimate PS4
			Igorando Pelo Filtro de Nome...
		Nome do Produto: Warriors: Orochi 3 Ultimate - Ps4
			Igorando Pelo Filtro de Nome...
		Nome do Produto: Warriors: Orochi 3 Ultimate - Xbox One
			Igorando Pelo Filtro de Nome...
		Nome do Produto: Jogo Warriors Orochi 3 Ultimate - Xbox One
			Igorando Pelo Filtro de Nome...
		Nome do Produto: 4000 Bowls of Rice
			Igorando Pelo Filtro de Nome...
		Nome do Produto: TV LED 58" Full HD Samsung UN58H5200 + Jogo Warriors Orochi 3 Ultimate - PS4 + Jogo Samurai Warriors 4 - PS4
http://search.pontofrio.com.br/search?p=R&srid=S3-USWSD02&lbc=pontofrio-br&w=Samurai%20Warriors&url=http%3a%2f%2fproduto.pontofrio.com.br%2f1000055611%3f&rk=13&uid=297151877&sid=2&ts=custom&rsc=ojNs7kd4Q3EZHMdh&method=and&isort=score&view=grid
		Nome do Produto: Jogo Warriors Orochi 3 Ultimate - PS4
			Igorando Pelo Filtro de Nome...
		Nome do Produto: Jogo Warriors Orochi 3 Ultimate - Xbox One
			Igorando Pelo Filtro de Nome...
		Nome do Produto: Jogo Warriors Orochi 3 Ultimate + Xbox Live Gold - 3 Meses
			Igorando Pelo Filtro de Nome...
		Nome do Produto: Jogo Samurai Warriors Chronicles - 3DS
http://search.pontofrio.com.br/search?p=R&srid=S3-USWSD02&lbc=pontofrio-br&w=Samurai%20Warriors&url=http%3a%2f%2fproduto.pontofrio.com.br%2f364765%3f&rk=1&uid=297151877&sid=2&ts=custom&rsc=R%3asaX1NHQUF4uzrZ&method=and&isort=score&view=grid
		Nome do Produto: Jogo Samurai Warriors 4 - PS4
http://search.pontofrio.com.br/search?p=R&srid=S3-USWSD02&lbc=pontofrio-br&w=Samurai%20Warriors&url=http%3a%2f%2fproduto.pontofrio.com.br%2f4050710%3f&rk=2&uid=297151877&sid=2&ts=custom&rsc=AOPEh5ew%3akMQR-iK&method=and&isort=score&view=grid
		Nome do Produto: Samurai Warriors 4 PS4
http://search.pontofrio.com.br/search?p=R&srid=S3-USWSD02&lbc=pontofrio-br&w=Samurai%20Warriors&url=http%3a%2f%2fproduto.pontofrio.com.br%2f5471369%3f&rk=3&uid=297151877&sid=2&ts=custom&rsc=Fd%3aO6yHT6KBAbAvG&method=and&isort=score&view=grid
		Nome do Produto: Samurai Warriors 4 - PS4
http://search.pontofrio.com.br/search?p=R&srid=S3-USWSD02&lbc=pontofrio-br&w=Samurai%20Warriors&url=http%3a%2f%2fproduto.pontofrio.com.br%2f5549528%3f&rk=4&uid=297151877&sid=2&ts=custom&rsc=Rj0wyF763Lsin4bg&method=and&isort=score&view=grid
		Nome do Produto: Samurai Warriors 3 - Wii
http://search.pontofrio.com.br/search?p=R&srid=S3-USWSD02&lbc=pontofrio-br&w=Samurai%20Warriors&url=http%3a%2f%2fproduto.pontofrio.com.br%2f5483842%3f&rk=5&uid=297151877&sid=2&ts=custom&rsc=8nMWxodl5O9tOWcy&method=and&isort=score&view=grid
		Nome do Produto: Game Samurai Warriors 4 - PS4
http://search.pontofrio.com.br/search?p=R&srid=S3-USWSD02&lbc=pontofrio-br&w=Samurai%20Warriors&url=http%3a%2f%2fproduto.pontofrio.com.br%2f5414024%3f&rk=6&uid=297151877&sid=2&ts=custom&rsc=QlM62oTbI20iUlbQ&method=and&isort=score&view=grid
		Nome do Produto: Zen - The Religion of the Samurai
			Igorando Pelo Filtro de Nome...
		Nome do Produto: Warriors Orochi 3 Ultimate PS4
			Igorando Pelo Filtro de Nome...
		Nome do Produto: Warriors: Orochi 3 Ultimate - Ps4
			Igorando Pelo Filtro de Nome...
		Nome do Produto: Warriors: Orochi 3 Ultimate - Xbox One
			Igorando Pelo Filtro de Nome...
		Nome do Produto: Jogo Warriors Orochi 3 Ultimate - Xbox One
			Igorando Pelo Filtro de Nome...
		Nome do Produto: 4000 Bowls of Rice
			Igorando Pelo Filtro de Nome...
		Nome do Produto: TV LED 58" Full HD Samsung UN58H5200 + Jogo Warriors Orochi 3 Ultimate - PS4 + Jogo Samurai Warriors 4 - PS4
http://search.pontofrio.com.br/search?p=R&srid=S3-USWSD02&lbc=pontofrio-br&w=Samurai%20Warriors&url=http%3a%2f%2fproduto.pontofrio.com.br%2f1000055611%3f&rk=13&uid=297151877&sid=2&ts=custom&rsc=ojNs7kd4Q3EZHMdh&method=and&isort=score&view=grid
		Nome do Produto: Jogo Warriors Orochi 3 Ultimate - PS4
			Igorando Pelo Filtro de Nome...
		Nome do Produto: Jogo Warriors Orochi 3 Ultimate - Xbox One
			Igorando Pelo Filtro de Nome...
		Nome do Produto: Jogo Warriors Orochi 3 Ultimate + Xbox Live Gold - 3 Meses
			Igorando Pelo Filtro de Nome...
	Tempo Para buscar: 17566
Loja: Ricardo Eletro
	URL Principal: http://www.ricardoeletro.com.br/
	URL Busca: http://www.ricardoeletro.com.br/Busca/Resultado/?q=<BUSCA>
http://www.ricardoeletro.com.br/Busca/Resultado/?q=Samurai+Warriors
		Documento Lido
		Resultados: 9
		Nome do Produto: Conjunto De Facas 3 Peças Samurai - Brinox
			Igorando Pelo Filtro de Nome...
		Nome do Produto: Faca Para Peixes e Legumes 6.6" Samurai - Brinox
			Igorando Pelo Filtro de Nome...
		Nome do Produto: Faca Para Peixe 4.4" Samurai - Brinox
			Igorando Pelo Filtro de Nome...
		Nome do Produto: Faca Chef 8.2" - Samurai - Brinox
			Igorando Pelo Filtro de Nome...
		Nome do Produto: Faca Para Pao 8.2" Samurai - Brinox
			Igorando Pelo Filtro de Nome...
		Nome do Produto: Faca para Legumes Samurai - Brinox
			Igorando Pelo Filtro de Nome...
		Nome do Produto: Máscara Power Rangers Samurai Shogun Helmet 833 - Sunny Brinquedos
			Igorando Pelo Filtro de Nome...
		Nome do Produto: Pião Beyblade Shogun Steel Bey Warriors Water x Earth Element - Hasbro
			Igorando Pelo Filtro de Nome...
		Nome do Produto: Pião Beyblade Shogun Steel Bey Warriors Dark x Water Element - Hasbro
			Igorando Pelo Filtro de Nome...
	Tempo Para buscar: 528
Loja: RiHappy
	URL Principal: http://www.rihappy.com.br/
	URL Busca: http://www.rihappy.com.br/<BUSCA>
http://www.rihappy.com.br/Samurai%20Warriors
		Documento Lido
		Resultados: 0
	Tempo Para buscar: 1429
Loja: Saraiva
	URL Principal: http://www.saraiva.com.br/
	URL Busca: http://busca.saraiva.com.br/search?w=<BUSCA>&PAC_ID=129457&ts=ajax
http://busca.saraiva.com.br/search?w=Samurai+Warriors&PAC_ID=129457&ts=ajax
		Documento Lido
		Resultados: 2
		Nome do Produto: Multifuncional HP Officej...
			Igorando Pelo Filtro de Nome...
		Nome do Produto: Vade Mecum Saraiva Compac...
			Igorando Pelo Filtro de Nome...
	Tempo Para buscar: 504
Loja: Shop Facil
	URL Principal: http://ww2.shopfacil.com.br/
	URL Busca: http://ww2.shopfacil.com.br/<BUSCA>
http://ww2.shopfacil.com.br/Samurai%20Warriors
		Documento Lido
		Resultados: 2
		Nome do Produto: Jogo Samurai Warriors 4 - PS4
http://ww2.shopfacil.com.br/jogo-samurai-warriors-4---ps4-2239769/p
		Acessando URL do produto.
		Nome do Produto: Boneco Beyblade Hasbro BeyWarriors - Samurai Lfrit
http://ww2.shopfacil.com.br/boneco-beyblade-hasbro-beywarriors---samurai-lfrit-2049688/p
		Acessando URL do produto.
	Tempo Para buscar: 13262
Loja: Shop Time
	URL Principal: http://www.shoptime.com.br/
	URL Busca: http://busca.shoptime.com.br/busca.php?q=<BUSCA>
http://busca.shoptime.com.br/busca.php?q=Samurai+Warriors
		Documento Lido
		Resultados: 3
		Nome do Produto: Samurai Warriors 3 - Wii Game - Samurai Warriors 4 - PS4 Game Samurai Warriors Chronicles - 3DS
http://www.shoptime.com.br/produto/10519712/samurai-warriors-3-wii
		Acessando URL do produto.
		Nome do Produto: Samurai Warriors 3 - Wii Game - Samurai Warriors 4 - PS4 Game Samurai Warriors Chronicles - 3DS
http://www.shoptime.com.br/produto/121137783/game-samurai-warriors-4-ps4
		Acessando URL do produto.
		Nome do Produto: Samurai Warriors 3 - Wii Game - Samurai Warriors 4 - PS4 Game Samurai Warriors Chronicles - 3DS
http://www.shoptime.com.br/produto/7461215/game-samurai-warriors-chronicles-3ds
		Acessando URL do produto.
	Tempo Para buscar: 1419
Loja: ShopB
	URL Principal: http://www.shopb.com.br/
	URL Busca: http://busca.shopb.com.br/?busca=<BUSCA>
http://busca.shopb.com.br/?busca=Samurai+Warriors
		Documento Lido
		Resultados: 31
		Nome do Produto: Samurai Warriors 4 - PS4
http://shopb.ecommercesearch.com.br/Busca/Redir?url=http%3a%2f%2fwww.shopb.com.br%2fecommerce_site%2findex.php%3fpg%3dproduto%26cdg%3d4488%26idp%3d39286%26idparceiro%3dp1&esid=39286
		Acessando URL do produto.
		Nome do Produto: Angry Birds: Star Wars - 3DS
			Igorando Pelo Filtro de Nome...
		Nome do Produto: Angry Birds: Star Wars - PS Vita
			Igorando Pelo Filtro de Nome...
		Nome do Produto: Angry Birds: Star Wars - PS3
			Igorando Pelo Filtro de Nome...
		Nome do Produto: Angry Birds: Star Wars - PS4
			Igorando Pelo Filtro de Nome...
		Nome do Produto: Angry Birds: Star Wars - Wii U
			Igorando Pelo Filtro de Nome...
		Nome do Produto: Angry Birds: Star Wars - XBOX 360
			Igorando Pelo Filtro de Nome...
		Nome do Produto: Angry Birds: Star Wars - XBOX ONE
			Igorando Pelo Filtro de Nome...
		Nome do Produto: Disney Infinity 3.0: Star Wars Saga Bundle - PS3
			Igorando Pelo Filtro de Nome...
		Nome do Produto: Disney Infinity 3.0: Star Wars Saga Bundle - PS4
			Igorando Pelo Filtro de Nome...
		Nome do Produto: Disney Infinity 3.0: Star Wars Starter Pack - PS3
			Igorando Pelo Filtro de Nome...
		Nome do Produto: Disney Infinity 3.0: Star Wars Starter Pack - PS4
			Igorando Pelo Filtro de Nome...
		Nome do Produto: Disney Infinity 3.0: Star Wars Starter Pack - Wii U
			Igorando Pelo Filtro de Nome...
		Nome do Produto: Disney Infinity 3.0: Star Wars Starter Pack - XBOX 360
			Igorando Pelo Filtro de Nome...
		Nome do Produto: Disney Infinity 3.0: Star Wars Starter Pack - XBOX ONE
			Igorando Pelo Filtro de Nome...
		Nome do Produto: Dynasty Warriors 8 - PS3
			Igorando Pelo Filtro de Nome...
		Nome do Produto: Dynasty Warriors 8 - XBOX 360
			Igorando Pelo Filtro de Nome...
		Nome do Produto: Dynasty Warriors 8: Empires - PS4
			Igorando Pelo Filtro de Nome...
		Nome do Produto: Dynasty Warriors 8: Empires - XBOX ONE
			Igorando Pelo Filtro de Nome...
		Nome do Produto: Dynasty Warriors StrikeForce - PS3
			Igorando Pelo Filtro de Nome...
		Nome do Produto: Guitar Hero Warriors of Rock - PS3
			Igorando Pelo Filtro de Nome...
		Nome do Produto: Guitar Hero Warriors of Rock - XBOX 360
			Igorando Pelo Filtro de Nome...
		Nome do Produto: Halo Wars - XBOX 360
			Igorando Pelo Filtro de Nome...
		Nome do Produto: Hyrule Warriors - Wii U
			Igorando Pelo Filtro de Nome...
		Nome do Produto: Kinect Star Wars - XBOX 360
			Igorando Pelo Filtro de Nome...
		Nome do Produto: LEGO O Senhor dos Anéis + Filme O Senhor dos Anéis: A Sociedade do Anel - PS3
			Igorando Pelo Filtro de Nome...
		Nome do Produto: LEGO O Senhor dos Anéis - XBOX 360
			Igorando Pelo Filtro de Nome...
		Nome do Produto: LEGO Star Wars III The Clone Wars - PS3
			Igorando Pelo Filtro de Nome...
		Nome do Produto: LEGO Star Wars III: The Clone Wars - 3DS
			Igorando Pelo Filtro de Nome...
		Nome do Produto: LEGO Star Wars The Complete Saga - XBOX 360
			Igorando Pelo Filtro de Nome...
		Nome do Produto: Lego Star Wars The Complete Saga - PS3
			Igorando Pelo Filtro de Nome...
	Tempo Para buscar: 1747
Loja: Submarino
	URL Principal: http://www.submarino.com.br/
	URL Busca: http://busca.submarino.com.br/busca.php?q=<BUSCA>
http://busca.submarino.com.br/busca.php?q=Samurai+Warriors
		Documento Lido
		Resultados: 3
		Nome do Produto: Game - Samurai Warriors 4 - PS4
http://www.submarino.com.br/produto/121137783/game-samurai-warriors-4-ps4
		Acessando URL do produto.
		Nome do Produto: Samurai Warriors 3 - Wii
http://www.submarino.com.br/produto/10519712/samurai-warriors-3-wii
		Acessando URL do produto.
		Nome do Produto: Game Samurai Warriors Chronicles - 3DS
http://www.submarino.com.br/produto/7461215/game-samurai-warriors-chronicles-3ds
		Acessando URL do produto.
	Tempo Para buscar: 1977
Loja: Walmart
	URL Principal: http://www.walmart.com.br/
	URL Busca: http://www.walmart.com.br/busca/?ft=<BUSCA>&PS=20
http://www.walmart.com.br/busca/?ft=Samurai+Warriors&PS=20
		Documento Lido
		Resultados: 2
		Nome do Produto: Jogo Samurai Warriors 4 - PS4
http://www.walmart.com.br//jogo-samurai-warriors-4-ps4/2951555/pr
		Acessando URL do produto.
		Nome do Produto: How To Be a Samurai Warrior
			Igorando Pelo Filtro de Nome...
	Tempo Para buscar: 1873

File copied from C:\java\workspace Estudo\lookforprices\resources\imports\css.css to C:\java\workspace Estudo\lookforprices\reports\2015-09-09 16\css.css
File copied from C:\java\workspace Estudo\lookforprices\resources\imports\jquery.js to C:\java\workspace Estudo\lookforprices\reports\2015-09-09 16\jquery.js
File copied from C:\java\workspace Estudo\lookforprices\resources\imports\scripts.js to C:\java\workspace Estudo\lookforprices\reports\2015-09-09 16\scripts.js
Tempo total de execução: 128230
