Game: Shin Megami Tensei
Product Name: Shin Megami Tensei
Loja: Nintendo eShop
	URL Principal: http://www.nintendo.com/3ds/eshop
	URL Busca: http://www.nintendo.com/json/content/get/game/filter?&qterm=<BUSCA>
NintendoEShopSearch.search() http://www.nintendo.com/json/content/get/game/filter?&qterm=Shin+Megami+Tensei
		Documento Lido
		Resultados: 7
		Nome do Produto: Shin Megami Tensei: Devil Survivor 2: Record Breaker
http://www.nintendo.com/games/detail/M42P9zcGuIbXMejb0-znWL-dwFMCOQnS
		Acessando URL do produto.
URL = http://www.nintendo.com/games/detail/M42P9zcGuIbXMejb0-znWL-dwFMCOQnS
		Nome do Produto: Shin Megami Tensei IV
http://www.nintendo.com/games/detail/IFBKB39761rBuUcpxVkqT2ELtkyB70EB
		Acessando URL do produto.
URL = http://www.nintendo.com/games/detail/IFBKB39761rBuUcpxVkqT2ELtkyB70EB
		Nome do Produto: Shin Megami Tensei: Devil Summoner: Soul Hackers
http://www.nintendo.com/games/detail/4MNlUB1s_TonGtyYBBM8Wc41mlxa0u4_
		Acessando URL do produto.
URL = http://www.nintendo.com/games/detail/4MNlUB1s_TonGtyYBBM8Wc41mlxa0u4_
		Nome do Produto: Shin Megami Tensei: Devil Survivor 2
http://www.nintendo.com/games/detail/wCxGjUhyc-X9-m5ZMY9Ob2_6cKe7mlcu
		Acessando URL do produto.
URL = http://www.nintendo.com/games/detail/wCxGjUhyc-X9-m5ZMY9Ob2_6cKe7mlcu
		Nome do Produto: Shin Megami Tensei: Devil Survivor Overclocked
http://www.nintendo.com/games/detail/tKDJ7tyZ-olVhVBW9mswLhlRxJr0mcZG
		Acessando URL do produto.
URL = http://www.nintendo.com/games/detail/tKDJ7tyZ-olVhVBW9mswLhlRxJr0mcZG
		Nome do Produto: Shin Megami Tensei: Strange Journey
http://www.nintendo.com/games/detail/uWViUqW9VP8eI7pGO3amfocbQbn2Vci-
		Acessando URL do produto.
URL = http://www.nintendo.com/games/detail/uWViUqW9VP8eI7pGO3amfocbQbn2Vci-
		Nome do Produto: Shin Megami Tensei: Devil Survivor
http://www.nintendo.com/games/detail/VF3db6kzN-TEJEXGw2cShxwhLzQ3vB5z
		Acessando URL do produto.
URL = http://www.nintendo.com/games/detail/VF3db6kzN-TEJEXGw2cShxwhLzQ3vB5z
	Tempo Para buscar: 3901
Loja: Americanas
	URL Principal: http://www.americanas.com.br/
	URL Busca: http://busca.americanas.com.br/busca.php?q=<BUSCA>
http://busca.americanas.com.br/busca.php?q=Shin+Megami+Tensei
		Documento Lido
		Resultados: 5
		Nome do Produto: Game Shin Megami Tensei: Devil Survivor Overclocked Atlus...
http://www.americanas.com.br/produto/110349692/game-shin-megami-tensei-devil-survivor-overclocked-atlus-3ds
		Acessando URL do produto.
		Nome do Produto: Shin Megami Tensei Iv N3ds
http://www.americanas.com.br/produto/8463302/shin-megami-tensei-iv-n3ds
		Acessando URL do produto.
		Nome do Produto: Shin Megami Tensei: Devil Summoner - Soul Hackers - 3ds
http://www.americanas.com.br/produto/8323644/shin-megami-tensei-devil-summoner-soul-hackers-3ds
		Acessando URL do produto.
		Nome do Produto: Shin Megami Tensei: Devil Survivor 2 Record Breaker - 3ds
http://www.americanas.com.br/produto/9907063/shin-megami-tensei-devil-survivor-2-record-breaker-3ds
		Acessando URL do produto.
		Nome do Produto: 3ds - Shin Megami Tensei Iv
http://www.americanas.com.br/produto/9849495/3ds-shin-megami-tensei-iv
		Acessando URL do produto.
	Tempo Para buscar: 1614
Loja: Big Boy Games
	URL Principal: http://www.bigboygames.com.br/
	URL Busca: http://www.bigboygames.com.br/pesquisa/?p=<BUSCA>
http://www.bigboygames.com.br/pesquisa/?p=Shin+Megami+Tensei
		Documento Lido
		Resultados: 7
		Nome do Produto: 3DS - Shin Megami Tensei IV
http://www.bigboygames.com.br/3ds-shin-megami-tensei-iv-p6173/
		Acessando URL do produto.
		Nome do Produto: 3DS - Shin Megami Tensei: Devil Summoner: Soul Hackers
http://www.bigboygames.com.br/3ds-shin-megami-tensei-devil-summoner-soul-hackers-p6186/
		Acessando URL do produto.
		Nome do Produto: DS - Shin Megami Tensei: Devil Survivor 2
http://www.bigboygames.com.br/ds-shin-megami-tensei-devil-survivor-2-p5545/
		Acessando URL do produto.
		Nome do Produto: 3DS - Shin Megami Tensei IV Limited Edition
http://www.bigboygames.com.br/3ds-shin-megami-tensei-iv-limited-edition-p5471/
		Acessando URL do produto.
		Nome do Produto: 3DS - Shin Megami Tensei Devil Summoner:Soul Hackers - LIMITED EDITION
http://www.bigboygames.com.br/3ds-shin-megami-tensei-devil-summoner-soul-hackers-limited-edition-p5080/
		Acessando URL do produto.
		Nome do Produto: 3DS - Shin Megami Tensei - Devil Survivor Overclocked
http://www.bigboygames.com.br/3ds-shin-megami-tensei-devil-survivor-overclocked-p3284/
		Acessando URL do produto.
		Nome do Produto: PSP - Shin Megami Tensei - Persona 2 Innocent Sin
http://www.bigboygames.com.br/psp-shin-megami-tensei-persona-2-innocent-sin-p3444/
		Acessando URL do produto.
	Tempo Para buscar: 7663
Loja: Casas Bahia
	URL Principal: http://www.casasbahia.com.br/
	URL Busca: http://buscas.casasbahia.com.br/search?w=<BUSCA>
http://buscas.casasbahia.com.br/search?w=Shin+Megami+Tensei
		Documento Lido
		Resultados: 1
		Nome do Produto: Jogo Shin Megami Tensei IV - 3DS
http://buscas.casasbahia.com.br/search?p=R&srid=S6-USWSD02&lbc=casasbahia&w=Shin%20Megami%20Tensei&url=http%3a%2f%2fproduto.casasbahia.com.br%2f3380467%3f&rk=1&uid=291006176&sid=2&ts=custom&rsc=Pi-gYGH4ulnmWOgb&method=and&isort=score&view=grid
		Acessando URL do produto.
		Nome do Produto: Shin Megami Tensei IV - 3DS
http://buscas.casasbahia.com.br/search?p=R&srid=S6-USWSD02&lbc=casasbahia&w=Shin%20Megami%20Tensei&url=http%3a%2f%2fproduto.casasbahia.com.br%2f5567076%3f&rk=2&uid=291006176&sid=2&ts=custom&rsc=FS9HRVkINMORFEE7&method=and&isort=score&view=grid
		Acessando URL do produto.
		Nome do Produto: Shin Megami Tensei: Devil Survivor 2 Record Breaker - 3DS
http://buscas.casasbahia.com.br/search?p=R&srid=S6-USWSD02&lbc=casasbahia&w=Shin%20Megami%20Tensei&url=http%3a%2f%2fproduto.casasbahia.com.br%2f5567549%3f&rk=3&uid=291006176&sid=2&ts=custom&rsc=aiS-9HKvbcfoHEBU&method=and&isort=score&view=grid
		Acessando URL do produto.
		Nome do Produto: Persona 4 Arena - PS3
			Igorando Pelo Filtro de Nome...
		Nome do Produto: Persona 4 Arena - XBOX 360
			Igorando Pelo Filtro de Nome...
	Tempo Para buscar: 5439
Loja: Extra
	URL Principal: http://www.extra.com.br/
	URL Busca: http://buscando.extra.com.br/search?w=<BUSCA>
http://buscando.extra.com.br/search?w=Shin+Megami+Tensei
		Documento Lido
		Resultados: 5
		Nome do Produto: Jogo Shin Megami Tensei IV - 3DS
http://buscando.extra.com.br/search?p=R&srid=S1-USCDR01&lbc=extra&w=Shin%20Megami%20Tensei&url=http%3a%2f%2fproduto.extra.com.br%2f3380467%3f&rk=1&uid=291068737&sid=2&ts=custom&rsc=8UEaByMEpU5Hi2Oc&method=and&isort=score&view=grid
		Acessando URL do produto.
		Nome do Produto: Shin Megami Tensei IV - 3DS
http://buscando.extra.com.br/search?p=R&srid=S1-USCDR01&lbc=extra&w=Shin%20Megami%20Tensei&url=http%3a%2f%2fproduto.extra.com.br%2f5567076%3f&rk=2&uid=291068737&sid=2&ts=custom&rsc=WgpyPnFDoCV3iiwX&method=and&isort=score&view=grid
		Acessando URL do produto.
		Nome do Produto: Persona 4 Arena - PS3
			Igorando Pelo Filtro de Nome...
		Nome do Produto: Persona 4 Arena - XBOX 360
			Igorando Pelo Filtro de Nome...
		Nome do Produto: Shin Megami Tensei: Devil Survivor 2 Record Breaker - 3DS
http://buscando.extra.com.br/search?p=R&srid=S1-USCDR01&lbc=extra&w=Shin%20Megami%20Tensei&url=http%3a%2f%2fproduto.extra.com.br%2f5567549%3f&rk=5&uid=291068737&sid=2&ts=custom&rsc=guzId1oaI6vy93x9&method=and&isort=score&view=grid
		Acessando URL do produto.
	Tempo Para buscar: 4414
Loja: E-Virtua
	URL Principal: http://www.evirtua.com.br/
	URL Busca: http://www.evirtua.com.br/Busca?search_department_id=0&SearchTerm=<BUSCA>
http://www.evirtua.com.br/Busca?search_department_id=0&SearchTerm=Shin+Megami+Tensei
		Documento Lido
		Resultados: 0
	Tempo Para buscar: 639
Loja: Fast Games
	URL Principal: http://www.fastgames.com.br/
	URL Busca: http://www.fastgames.com.br/loja/busca.php?loja=187970&palavra_busca=<BUSCA>
http://www.fastgames.com.br/loja/busca.php?loja=187970&palavra_busca=Shin+Megami+Tensei
		Documento Lido
		Resultados: 3
		Nome do Produto: Persona 4 Arena - PS3
			Igorando Pelo Filtro de Nome...
		Nome do Produto: Persona 4 Arena - XBOX 360
			Igorando Pelo Filtro de Nome...
		Nome do Produto: Shin Megami Tensei IV - 3DS
http://www.fastgames.com.br//shin-megami-tensei-iv-3ds-pr-6969-187970.htm
		Acessando URL do produto.
	Tempo Para buscar: 2402
Loja: Fast Shop
	URL Principal: http://www.fastshop.com.br/loja/
	URL Busca: http://www.fastshop.com.br/webapp/wcs/stores/servlet/SearchDisplay?searchTerm=<BUSCA>&categoryId=&storeId=10151&catalogId=11052&langId=-6&pageSize=9&beginIndex=0&sType=SimpleSearch&resultCatEntryType=2&showResultsPage=true&searchSource=Q&pageView=&hotsite=fastshop
http://www.fastshop.com.br/webapp/wcs/stores/servlet/SearchDisplay?searchTerm=Shin+Megami+Tensei&categoryId=&storeId=10151&catalogId=11052&langId=-6&pageSize=9&beginIndex=0&sType=SimpleSearch&resultCatEntryType=2&showResultsPage=true&searchSource=Q&pageView=&hotsite=fastshop
		Documento Lido
		Resultados: 0
	Tempo Para buscar: 673
Loja: FNAC
	URL Principal: http://www.fnac.com.br/index.html
	URL Busca: http://busca.fnac.com.br/?busca=<BUSCA>
http://busca.fnac.com.br/?busca=Shin+Megami+Tensei
		Documento Lido
		Resultados: 20
		Nome do Produto: Shine
			Igorando Pelo Filtro de Nome...
		Nome do Produto: Shine On
			Igorando Pelo Filtro de Nome...
		Nome do Produto: O Porco Mais Elegante do Mundo
			Igorando Pelo Filtro de Nome...
		Nome do Produto: The Rolling Stones Shine A Light (DVD)
			Igorando Pelo Filtro de Nome...
		Nome do Produto: Martin Scorcese - Shine A Light (2 CDs)
			Igorando Pelo Filtro de Nome...
		Nome do Produto: A Cor do Sabor - A Culinária Afetiva de Shin Koike
			Igorando Pelo Filtro de Nome...
		Nome do Produto: Headphone Mdr-xb950bt Sony Preto
			Igorando Pelo Filtro de Nome...
		Nome do Produto: Headphone Mdr-10r Sony Preto
			Igorando Pelo Filtro de Nome...
		Nome do Produto: Fone de Ouvido Sony Mdrzx310apr - Vermelho
			Igorando Pelo Filtro de Nome...
		Nome do Produto: Headphone Mdr-xb450ap/bce7 Sony Preto
			Igorando Pelo Filtro de Nome...
		Nome do Produto: Headphone Mdr-xb450ap/wce7 Sony Branco
			Igorando Pelo Filtro de Nome...
		Nome do Produto: Headphone Mdr-10rbt/bce Sony Preto
			Igorando Pelo Filtro de Nome...
		Nome do Produto: Headphone Mdr-10rnc/m Sony - Preto
			Igorando Pelo Filtro de Nome...
		Nome do Produto: Fone de Ouvido Sony Mdrzx310apb - Preto
			Igorando Pelo Filtro de Nome...
		Nome do Produto: Fone de Ouvido Sony Mdrzx310apw - Branco
			Igorando Pelo Filtro de Nome...
		Nome do Produto: Fone de Ouvido Sony Mdrzx310apl - Azul
			Igorando Pelo Filtro de Nome...
		Nome do Produto: Fone de Ouvido Sony Mdrex15ap/wce In-ear - Branco
			Igorando Pelo Filtro de Nome...
		Nome do Produto: Fone de Ouvido Sony Mdrex15ap/bce In-ear - Preto
			Igorando Pelo Filtro de Nome...
		Nome do Produto: Fone de Ouvido Sony Mdrex15lp/bce In-ear - Preto
			Igorando Pelo Filtro de Nome...
		Nome do Produto: Fone de Ouvido Sony Mdrex15lp/bce In-ear - Branco
			Igorando Pelo Filtro de Nome...
	Tempo Para buscar: 1085
Loja: Kabum
	URL Principal: http://www.kabum.com.br/
	URL Busca: http://www.kabum.com.br/cgi-local/site/listagem/listagem.cgi?string=<BUSCA>&btnG=
http://www.kabum.com.br/cgi-local/site/listagem/listagem.cgi?string=Shin+Megami+Tensei&btnG=
		Documento Lido
		Resultados: 0
	Tempo Para buscar: 412
Loja: Livraria Cultura
	URL Principal: http://www.livrariacultura.com.br/
	URL Busca: http://www.livrariacultura.com.br/busca?N=0&Ntt=<BUSCA>
http://www.livrariacultura.com.br/busca?N=0&Ntt=Shin+Megami+Tensei
		Documento Lido
		Resultados: 3
		Nome do Produto: SHIN MEGAMI TENSEI (KAHN) VOLUME 1
http://www.livrariacultura.com.br/p/shin-megami-tensei-kahn-volume-1-2180129
		Acessando URL do produto.
		Nome do Produto: SHIN MEGAMI TENSEI (KAHN) VOLUME 3
http://www.livrariacultura.com.br/p/shin-megami-tensei-kahn-volume-3-2431847
		Acessando URL do produto.
		Nome do Produto: SHIN MEGAMI TENSEI (KAHN) VOLUME 2
http://www.livrariacultura.com.br/p/shin-megami-tensei-kahn-volume-2-2345786
		Acessando URL do produto.
	Tempo Para buscar: 1696
Loja: Magazine Luiza
	URL Principal: http://www.magazineluiza.com.br/
	URL Busca: http://www.magazineluiza.com.br/busca/<BUSCA>/
http://www.magazineluiza.com.br/busca/Shin+Megami+Tensei/
		Documento Lido
		Resultados: 1
		Nome do Produto: A Cor do Sabor - A Culinária Afetiva de Shin Koike - Melhoramentos
			Igorando Pelo Filtro de Nome...
	Tempo Para buscar: 224
Loja: Mula Games
	URL Principal: http://www.mulagames.com.br/
	URL Busca: http://www.mulagames.com.br/produtos-index/catalogo_produtos/-/-/<BUSCA>/-/-/-/-/-/
http://www.mulagames.com.br/produtos-index/catalogo_produtos/-/-/Shin%20Megami%20Tensei/-/-/-/-/-/
		Documento Lido
		Resultados: 4
		Nome do Produto: Shin Megami Tensei: Devil Summoner Soul Hackers (com Music CD) - 3DS
http://www.mulagames.com.br/Shin-Megami-Tensei--Devil-Summoner-Soul-Hackers--com-Music-CD--3DS/prod-1233868/
		Acessando URL do produto.
http://www.mulagames.com.br/produto-ajax_retorna_dados_preco_comprar/1233868
		Acessando URL do preço produto.
		Nome do Produto: Shin Megami Tensei: Devil Survivor Overclocked - 3DS
http://www.mulagames.com.br/Shin-Megami-Tensei--Devil-Survivor-Overclocked-3DS/prod-457527/
		Acessando URL do produto.
http://www.mulagames.com.br/produto-ajax_retorna_dados_preco_comprar/457527
		Acessando URL do preço produto.
		Nome do Produto: Shin Megami Tensei: Devil Survivor 2 Record Breaker - 3DS
http://www.mulagames.com.br/Shin-Megami-Tensei--Devil-Survivor-2-Record-Breaker-3DS/prod-3109314/
		Acessando URL do produto.
http://www.mulagames.com.br/produto-ajax_retorna_dados_preco_comprar/3109314
		Acessando URL do preço produto.
		Nome do Produto: Shin Megami Tensei IV - 3DS
http://www.mulagames.com.br/Shin-Megami-Tensei-IV-3DS/prod-1521116/
		Acessando URL do produto.
http://www.mulagames.com.br/produto-ajax_retorna_dados_preco_comprar/1521116
		Acessando URL do preço produto.
	Tempo Para buscar: 6588
Loja: Net Shoes
	URL Principal: http://www.netshoes.com.br/
	URL Busca: http://www.netshoes.com.br/search?Ntt=<BUSCA>
http://www.netshoes.com.br/search?Ntt=Shin+Megami+Tensei
		Documento Lido
		Resultados: 0
	Tempo Para buscar: 132
Loja: Ponto Frio
	URL Principal: http://www.pontofrio.com.br/
	URL Busca: http://search.pontofrio.com.br/search?w=<BUSCA>
http://search.pontofrio.com.br/search?w=Shin+Megami+Tensei
		Documento Lido
		Resultados: 1
		Nome do Produto: Jogo Shin Megami Tensei IV - 3DS
http://search.pontofrio.com.br/search?p=R&srid=S3-USWSD01&lbc=pontofrio-br&w=Shin%20Megami%20Tensei&url=http%3a%2f%2fproduto.pontofrio.com.br%2f3380467%3f&rk=1&uid=291249881&sid=2&ts=custom&rsc=ip-TKpWZ%3aCevvAOz&method=and&isort=score&view=grid
		Nome do Produto: Shin Megami Tensei IV - 3DS
http://search.pontofrio.com.br/search?p=R&srid=S3-USWSD01&lbc=pontofrio-br&w=Shin%20Megami%20Tensei&url=http%3a%2f%2fproduto.pontofrio.com.br%2f5567076%3f&rk=2&uid=291249881&sid=2&ts=custom&rsc=MNnMdVKj0gLgGTFV&method=and&isort=score&view=grid
		Nome do Produto: Persona 4 Arena - PS3
			Igorando Pelo Filtro de Nome...
		Nome do Produto: Persona 4 Arena - XBOX 360
			Igorando Pelo Filtro de Nome...
		Nome do Produto: Shin Megami Tensei: Devil Survivor 2 Record Breaker - 3DS
http://search.pontofrio.com.br/search?p=R&srid=S3-USWSD01&lbc=pontofrio-br&w=Shin%20Megami%20Tensei&url=http%3a%2f%2fproduto.pontofrio.com.br%2f5567549%3f&rk=5&uid=291249881&sid=2&ts=custom&rsc=WrCDLXfNEVLNJ1Ij&method=and&isort=score&view=grid
		Nome do Produto: Jogo Shin Megami Tensei IV - 3DS
http://search.pontofrio.com.br/search?p=R&srid=S3-USWSD01&lbc=pontofrio-br&w=Shin%20Megami%20Tensei&url=http%3a%2f%2fproduto.pontofrio.com.br%2f3380467%3f&rk=1&uid=291249881&sid=2&ts=custom&rsc=ip-TKpWZ%3aCevvAOz&method=and&isort=score&view=grid
		Nome do Produto: Shin Megami Tensei IV - 3DS
http://search.pontofrio.com.br/search?p=R&srid=S3-USWSD01&lbc=pontofrio-br&w=Shin%20Megami%20Tensei&url=http%3a%2f%2fproduto.pontofrio.com.br%2f5567076%3f&rk=2&uid=291249881&sid=2&ts=custom&rsc=MNnMdVKj0gLgGTFV&method=and&isort=score&view=grid
		Nome do Produto: Persona 4 Arena - PS3
			Igorando Pelo Filtro de Nome...
		Nome do Produto: Persona 4 Arena - XBOX 360
			Igorando Pelo Filtro de Nome...
		Nome do Produto: Shin Megami Tensei: Devil Survivor 2 Record Breaker - 3DS
http://search.pontofrio.com.br/search?p=R&srid=S3-USWSD01&lbc=pontofrio-br&w=Shin%20Megami%20Tensei&url=http%3a%2f%2fproduto.pontofrio.com.br%2f5567549%3f&rk=5&uid=291249881&sid=2&ts=custom&rsc=WrCDLXfNEVLNJ1Ij&method=and&isort=score&view=grid
	Tempo Para buscar: 6529
Loja: Ricardo Eletro
	URL Principal: http://www.ricardoeletro.com.br/
	URL Busca: http://www.ricardoeletro.com.br/Busca/Resultado/?q=<BUSCA>
http://www.ricardoeletro.com.br/Busca/Resultado/?q=Shin+Megami+Tensei
		Documento Lido
		Resultados: 0
	Tempo Para buscar: 978
Loja: RiHappy
	URL Principal: http://www.rihappy.com.br/
	URL Busca: http://www.rihappy.com.br/<BUSCA>
http://www.rihappy.com.br/Shin%20Megami%20Tensei
		Documento Lido
		Resultados: 0
	Tempo Para buscar: 2968
Loja: Saraiva
	URL Principal: http://www.saraiva.com.br/
	URL Busca: http://busca.saraiva.com.br/search?w=<BUSCA>&PAC_ID=129457&ts=ajax
http://busca.saraiva.com.br/search?w=Shin+Megami+Tensei&PAC_ID=129457&ts=ajax
		Documento Lido
		Resultados: 2
		Nome do Produto: Multifuncional HP Officej...
			Igorando Pelo Filtro de Nome...
		Nome do Produto: Vade Mecum Saraiva Compac...
			Igorando Pelo Filtro de Nome...
	Tempo Para buscar: 689
Loja: Shop Facil
	URL Principal: http://ww2.shopfacil.com.br/
	URL Busca: http://ww2.shopfacil.com.br/<BUSCA>
http://ww2.shopfacil.com.br/Shin%20Megami%20Tensei
		Documento Lido
		Resultados: 0
	Tempo Para buscar: 2979
Loja: Shop Time
	URL Principal: http://www.shoptime.com.br/
	URL Busca: http://busca.shoptime.com.br/busca.php?q=<BUSCA>
http://busca.shoptime.com.br/busca.php?q=Shin+Megami+Tensei
		Documento Lido
		Resultados: 5
		Nome do Produto: Game Shin Megami Tensei: Devil Survivor Overclocked Atlus - 3DS Shin Megami Tensei: Devil Survivor 2 Record Breaker - 3ds Shin Megami Tensei Iv N3ds 3ds - Shin Megami Tensei Iv Shin Megami Tensei: Devil Summoner - Soul Hackers - 3ds
http://www.shoptime.com.br/produto/110349692/game-shin-megami-tensei-devil-survivor-overclocked-atlus-3ds
		Acessando URL do produto.
		Nome do Produto: Game Shin Megami Tensei: Devil Survivor Overclocked Atlus - 3DS Shin Megami Tensei: Devil Survivor 2 Record Breaker - 3ds Shin Megami Tensei Iv N3ds 3ds - Shin Megami Tensei Iv Shin Megami Tensei: Devil Summoner - Soul Hackers - 3ds
http://www.shoptime.com.br/produto/9907063/shin-megami-tensei-devil-survivor-2-record-breaker-3ds
		Acessando URL do produto.
		Nome do Produto: Game Shin Megami Tensei: Devil Survivor Overclocked Atlus - 3DS Shin Megami Tensei: Devil Survivor 2 Record Breaker - 3ds Shin Megami Tensei Iv N3ds 3ds - Shin Megami Tensei Iv Shin Megami Tensei: Devil Summoner - Soul Hackers - 3ds
http://www.shoptime.com.br/produto/8463302/shin-megami-tensei-iv-n3ds
		Acessando URL do produto.
		Nome do Produto: Game Shin Megami Tensei: Devil Survivor Overclocked Atlus - 3DS Shin Megami Tensei: Devil Survivor 2 Record Breaker - 3ds Shin Megami Tensei Iv N3ds 3ds - Shin Megami Tensei Iv Shin Megami Tensei: Devil Summoner - Soul Hackers - 3ds
http://www.shoptime.com.br/produto/9849495/3ds-shin-megami-tensei-iv
		Acessando URL do produto.
		Nome do Produto: Game Shin Megami Tensei: Devil Survivor Overclocked Atlus - 3DS Shin Megami Tensei: Devil Survivor 2 Record Breaker - 3ds Shin Megami Tensei Iv N3ds 3ds - Shin Megami Tensei Iv Shin Megami Tensei: Devil Summoner - Soul Hackers - 3ds
http://www.shoptime.com.br/produto/8323644/shin-megami-tensei-devil-summoner-soul-hackers-3ds
		Acessando URL do produto.
	Tempo Para buscar: 5138
Loja: ShopB
	URL Principal: http://www.shopb.com.br/
	URL Busca: http://busca.shopb.com.br/?busca=<BUSCA>
http://busca.shopb.com.br/?busca=Shin+Megami+Tensei
		Documento Lido
		Resultados: 33
		Nome do Produto: Shin Megami Tensei IV - 3DS
http://shopb.ecommercesearch.com.br/Busca/Redir?url=http%3a%2f%2fwww.shopb.com.br%2fecommerce_site%2findex.php%3fpg%3dproduto%26cdg%3d4488%26idp%3d41014%26idparceiro%3dp1&esid=41014
		Acessando URL do produto.
		Nome do Produto: Shin Megami Tensei: Devil Survivor 2 - DS
http://shopb.ecommercesearch.com.br/Busca/Redir?url=http%3a%2f%2fwww.shopb.com.br%2fecommerce_site%2findex.php%3fpg%3dproduto%26cdg%3d4488%26idp%3d40572%26idparceiro%3dp1&esid=40572
		Acessando URL do produto.
		Nome do Produto: Shin Megami Tensei: Devil Survivor Overclocked - 3DS
http://shopb.ecommercesearch.com.br/Busca/Redir?url=http%3a%2f%2fwww.shopb.com.br%2fecommerce_site%2findex.php%3fpg%3dproduto%26cdg%3d4488%26idp%3d40524%26idparceiro%3dp1&esid=40524
		Acessando URL do produto.
		Nome do Produto: Adaptador - Placa de Som Usb 7.1 p/Entrada P2 Fone Microfone - PS3
			Igorando Pelo Filtro de Nome...
		Nome do Produto: Adventure Time: O Segredo do Reino sem Nome - PS3
			Igorando Pelo Filtro de Nome...
		Nome do Produto: Adventure Time: O Segredo do Reino sem Nome - XBOX 360
			Igorando Pelo Filtro de Nome...
		Nome do Produto: Cabo HDMI 1.9m - Sony PS3/ PS4
			Igorando Pelo Filtro de Nome...
		Nome do Produto: Caixa de Som Kolke c/ Controle Remoto - Preto
			Igorando Pelo Filtro de Nome...
		Nome do Produto: Caixa de Som Kolke c/ Controle Remoto - Vermelho
			Igorando Pelo Filtro de Nome...
		Nome do Produto: Caixa de Som Mini System USB Direct / MP3 / CD / DVD - Philips
			Igorando Pelo Filtro de Nome...
		Nome do Produto: Caixas de Som Kolke Multimídia - Vermelho
			Igorando Pelo Filtro de Nome...
		Nome do Produto: Caixas de Som Kolke Multimídia USB - Vermelho
			Igorando Pelo Filtro de Nome...
		Nome do Produto: Caixas de Som Multimídia - K-Mex
			Igorando Pelo Filtro de Nome...
		Nome do Produto: Caixas de Som Speaker SP-0300 - K-Mex
			Igorando Pelo Filtro de Nome...
		Nome do Produto: Carregador para Controles Playstation Move - Original Sony - PS3
			Igorando Pelo Filtro de Nome...
		Nome do Produto: Carrier Command: GAEA Mission - XBOX 360
			Igorando Pelo Filtro de Nome...
		Nome do Produto: Case de Couro Reforçado p/ PS Vita - Sony
			Igorando Pelo Filtro de Nome...
		Nome do Produto: Celular Blu Jenny TV Dual Sim com Câmera integrada, TV, Rádio FM/AM e Micro SD - Branco
			Igorando Pelo Filtro de Nome...
		Nome do Produto: Celular Blu Jenny TV Dual Sim com Câmera integrada, TV, Rádio FM/AM e Micro SD - Branco / Azul
			Igorando Pelo Filtro de Nome...
		Nome do Produto: Celular Blu Jenny TV Dual Sim com Câmera integrada, TV, Rádio FM/AM e Micro SD - Branco / Rosa
			Igorando Pelo Filtro de Nome...
		Nome do Produto: Celular Blu Samba JR Teclado Qwerty com Câmera integrada 1.3MP, Dual Sim, Rádio FM e Micro SD - Prata
			Igorando Pelo Filtro de Nome...
		Nome do Produto: Celular Blu Samba JR Teclado Qwerty com Câmera integrada 1.3MP, Dual Sim, Rádio FM e Micro SD - Vermelho
			Igorando Pelo Filtro de Nome...
		Nome do Produto: Celular Blu Tank c/ Lanterna, Câmera integrada, Antena FM e Micro SD - Preto / Azul
			Igorando Pelo Filtro de Nome...
		Nome do Produto: Celular Blu Tank c/ Lanterna, Câmera integrada, Antena FM e Micro SD - Preto / Vermelho
			Igorando Pelo Filtro de Nome...
		Nome do Produto: Celular Blu Vivo 4.3 Dual Sim com Câmera integrada, Wi-Fi, Rádio FM/AM e Micro SD - Branco
			Igorando Pelo Filtro de Nome...
		Nome do Produto: Controle Motion Controller - Ps Move PS3 - Sony
			Igorando Pelo Filtro de Nome...
		Nome do Produto: Controle Playstation 3 - Wireless - Sem Fio - NEO
			Igorando Pelo Filtro de Nome...
		Nome do Produto: Dark Souls II: Scholar of the First Sin - PS3
			Igorando Pelo Filtro de Nome...
		Nome do Produto: Dark Souls II: Scholar of the First Sin - PS4
			Igorando Pelo Filtro de Nome...
		Nome do Produto: Dark Souls II: Scholar of the First Sin - XBOX 360
			Igorando Pelo Filtro de Nome...
		Nome do Produto: Dark Souls II: Scholar of the First Sin - XBOX ONE
			Igorando Pelo Filtro de Nome...
		Nome do Produto: Driver: San Francisco - PC
			Igorando Pelo Filtro de Nome...
		Nome do Produto: Driver: San Francisco - XBOX 360
			Igorando Pelo Filtro de Nome...
	Tempo Para buscar: 3322
Loja: Submarino
	URL Principal: http://www.submarino.com.br/
	URL Busca: http://busca.submarino.com.br/busca.php?q=<BUSCA>
http://busca.submarino.com.br/busca.php?q=Shin+Megami+Tensei
		Documento Lido
		Resultados: 5
		Nome do Produto: Game Shin Megami Tensei: Devil Survivor Overclocked Atlus - 3DS
http://www.submarino.com.br/produto/110349692/game-shin-megami-tensei-devil-survivor-overclocked-atlus-3ds
		Acessando URL do produto.
		Nome do Produto: Shin Megami Tensei: Devil Summoner - Soul Hackers - 3ds
http://www.submarino.com.br/produto/8323644/shin-megami-tensei-devil-summoner-soul-hackers-3ds
		Acessando URL do produto.
		Nome do Produto: Shin Megami Tensei Iv N3ds
http://www.submarino.com.br/produto/8463302/shin-megami-tensei-iv-n3ds
		Acessando URL do produto.
		Nome do Produto: Shin Megami Tensei: Devil Survivor 2 Record Breaker - 3ds
http://www.submarino.com.br/produto/9907063/shin-megami-tensei-devil-survivor-2-record-breaker-3ds
		Acessando URL do produto.
		Nome do Produto: 3ds - Shin Megami Tensei Iv
http://www.submarino.com.br/produto/9849495/3ds-shin-megami-tensei-iv
		Acessando URL do produto.
	Tempo Para buscar: 1831
Loja: Walmart
	URL Principal: http://www.walmart.com.br/
	URL Busca: http://www.walmart.com.br/busca/?ft=<BUSCA>&PS=20
http://www.walmart.com.br/busca/?ft=Shin+Megami+Tensei&PS=20
		Documento Lido
		Resultados: 2
		Nome do Produto: Shin Megami Tensei IV N3DS
http://www.walmart.com.br//shin-megami-tensei-iv-n3ds/2377084/pr
		Acessando URL do produto.
		Nome do Produto: Shin Megami Tensei: Devil Survivor Overclocked - 3DS
http://www.walmart.com.br//shin-megami-tensei-devil-survivor-overclocked-3ds/2255247/pr
		Acessando URL do produto.
	Tempo Para buscar: 1562

File copied from C:\java\workspace Estudo\lookforprices\resources\imports\css.css to C:\java\workspace Estudo\lookforprices\reports\2015-09-09 16\css.css
File copied from C:\java\workspace Estudo\lookforprices\resources\imports\jquery.js to C:\java\workspace Estudo\lookforprices\reports\2015-09-09 16\jquery.js
File copied from C:\java\workspace Estudo\lookforprices\resources\imports\scripts.js to C:\java\workspace Estudo\lookforprices\reports\2015-09-09 16\scripts.js
Tempo total de execução: 62892
