Game: Star fox 64
Product Name: Star fox 64
Loja: Nintendo eShop
	URL Principal: http://www.nintendo.com/3ds/eshop
	URL Busca: http://www.nintendo.com/json/content/get/game/filter?&qterm=<BUSCA>
NintendoEShopSearch.search() http://www.nintendo.com/json/content/get/game/filter?&qterm=Star+fox+64
		Documento Lido
		Resultados: 3
		Nome do Produto: Star Fox 64 3D
http://www.nintendo.com/games/detail/0j1gpK8X4abgC1PE17H7K9PGo5ehd1QR
		Acessando URL do produto.
URL = http://www.nintendo.com/games/detail/0j1gpK8X4abgC1PE17H7K9PGo5ehd1QR
		Nome do Produto: Rock Band 2
			Igorando Pelo Filtro de Nome...
		Nome do Produto: Star Fox 64
http://www.nintendo.com/games/detail/D8mJHx13Obly-Le1Pvg4tzvMncaVfRmZ
		Acessando URL do produto.
URL = http://www.nintendo.com/games/detail/D8mJHx13Obly-Le1Pvg4tzvMncaVfRmZ
	Tempo Para buscar: 1899
Loja: Americanas
	URL Principal: http://www.americanas.com.br/
	URL Busca: http://busca.americanas.com.br/busca.php?q=<BUSCA>
http://busca.americanas.com.br/busca.php?q=Star+fox+64
		Documento Lido
		Resultados: 30
		Nome do Produto: Moto Elétrica Infantil TR1002SB Pink Star 6V-4AH 20W 2,5...
			Igorando Pelo Filtro de Nome...
		Nome do Produto: Conjunto de Mesa de Jantar Canto Alemanha Choco/Suede...
			Igorando Pelo Filtro de Nome...
		Nome do Produto: Sabre De Luz Básico - Star Wars - Obi-Wan Kenobi - Hasbro
			Igorando Pelo Filtro de Nome...
		Nome do Produto: Boneco Star Wars Black Series 6- 14 CloneTrooper - Hasbro
			Igorando Pelo Filtro de Nome...
		Nome do Produto: J-Stars Victory Vs (Pré-Venda) - Ps4
			Igorando Pelo Filtro de Nome...
		Nome do Produto: Star Wars Boba Fett Black Series 6 - Hasbro
			Igorando Pelo Filtro de Nome...
		Nome do Produto: Star Wars-Rebels Sabre De Luz Inquisitor Hasbro A8559
			Igorando Pelo Filtro de Nome...
		Nome do Produto: Star Wars Class Ii The Advanced Prototype - Hasbro
			Igorando Pelo Filtro de Nome...
		Nome do Produto: Star Wars Command Epic Assault Pack - Hasbro
			Igorando Pelo Filtro de Nome...
		Nome do Produto: Boneco Star Wars Obi-Wan Kenobi - Kotobukiya
			Igorando Pelo Filtro de Nome...
		Nome do Produto: Star Wars Saga Chopper 3.75'' - Hasbro
			Igorando Pelo Filtro de Nome...
		Nome do Produto: Boneco Star Wars Mission 3.75'' Comandante de Soldado de...
			Igorando Pelo Filtro de Nome...
		Nome do Produto: Sabre de Luz Color Change Star Wars - Hasbro
			Igorando Pelo Filtro de Nome...
		Nome do Produto: Boneco Star Wars 6 Black Series Luke Skywalker e Wampa -...
			Igorando Pelo Filtro de Nome...
		Nome do Produto: Boneco Star Wars 6 Black Series Han Solo Tauntaun - Hasbro
			Igorando Pelo Filtro de Nome...
		Nome do Produto: Boneco Star Wars Stormtrooper Black Series 6" - Hasbro
			Igorando Pelo Filtro de Nome...
		Nome do Produto: Boneco Star Wars R2D2 Interativo Hasbro
			Igorando Pelo Filtro de Nome...
		Nome do Produto: Boneco Star Wars Luke Skywalker - Hasbro
			Igorando Pelo Filtro de Nome...
		Nome do Produto: Chaveiros Star Wars 24 Peças - Multikids
			Igorando Pelo Filtro de Nome...
		Nome do Produto: Boneco Star Wars Mission 3.75'' R2 -D2 e Yoda - Hasbro
			Igorando Pelo Filtro de Nome...
		Nome do Produto: Star Wars Mestre Yoda - Hasbro
			Igorando Pelo Filtro de Nome...
		Nome do Produto: Boneco Star Wars Mission 3.75'' Ezra Bridger e Kanan Jarrus...
			Igorando Pelo Filtro de Nome...
		Nome do Produto: Star Wars Black Series Bastila Shan - Hasbro
			Igorando Pelo Filtro de Nome...
		Nome do Produto: Star Wars Black Series Snowtropper - Hasbro
			Igorando Pelo Filtro de Nome...
		Nome do Produto: Boneco Star Wars Coleção Digital Phantom Menace - Hasbro
			Igorando Pelo Filtro de Nome...
		Nome do Produto: Star Wars Saga Inquisitor 3.75'' - Hasbro
			Igorando Pelo Filtro de Nome...
		Nome do Produto: Star Wars Black Series Dak Ralter - Hasbro
			Igorando Pelo Filtro de Nome...
		Nome do Produto: Star Wars Anakin Skywalker Black Series 12 - Hasbro
			Igorando Pelo Filtro de Nome...
		Nome do Produto: Star Wars Class Ii Transportes de Tropas Imperiais - Hasbro
			Igorando Pelo Filtro de Nome...
		Nome do Produto: Estátua Jango Fett Star Wars Artfx Kotobukiya
			Igorando Pelo Filtro de Nome...
	Tempo Para buscar: 725
Loja: Big Boy Games
	URL Principal: http://www.bigboygames.com.br/
	URL Busca: http://www.bigboygames.com.br/pesquisa/?p=<BUSCA>
http://www.bigboygames.com.br/pesquisa/?p=Star+fox+64
		Documento Lido
		Resultados*: 1
		Acessando URL do produto.
	Tempo Para buscar: 2683
Loja: Casas Bahia
	URL Principal: http://www.casasbahia.com.br/
	URL Busca: http://buscas.casasbahia.com.br/search?w=<BUSCA>
http://buscas.casasbahia.com.br/search?w=Star+fox+64
		Documento Lido
		Resultados: 1
		Nome do Produto: Yellow Star
			Igorando Pelo Filtro de Nome...
		Nome do Produto: Fox-Hunting
			Igorando Pelo Filtro de Nome...
		Nome do Produto: Fox
			Igorando Pelo Filtro de Nome...
		Nome do Produto: Fox
			Igorando Pelo Filtro de Nome...
		Nome do Produto: Veículo-Star-Wars-Class-II-Imperial-Troop-Transport-Hasbro
			Igorando Pelo Filtro de Nome...
		Nome do Produto: Banquinho 64
			Igorando Pelo Filtro de Nome...
		Nome do Produto: Foxe`s Book of Martyrs
			Igorando Pelo Filtro de Nome...
		Nome do Produto: Foxe`s Book of Martyrs
			Igorando Pelo Filtro de Nome...
		Nome do Produto: Paper Mario: Sticker Star - 3DS
			Igorando Pelo Filtro de Nome...
		Nome do Produto: Luminaria Fox
			Igorando Pelo Filtro de Nome...
		Nome do Produto: Fat Fox
			Igorando Pelo Filtro de Nome...
		Nome do Produto: Fox Talk
			Igorando Pelo Filtro de Nome...
		Nome do Produto: Foxe Hunt
			Igorando Pelo Filtro de Nome...
		Nome do Produto: Foxe Tail
			Igorando Pelo Filtro de Nome...
		Nome do Produto: Foxe Fire
			Igorando Pelo Filtro de Nome...
		Nome do Produto: George Fox
			Igorando Pelo Filtro de Nome...
		Nome do Produto: Home Fox
			Igorando Pelo Filtro de Nome...
		Nome do Produto: Berço Peg-Pérego Prima Nanna IXBE5064AZC43 - Star Blue
			Igorando Pelo Filtro de Nome...
		Nome do Produto: Notebook Lenovo B40 14", Intel Core i5-4200U, 500GB, 4GB, Win 8.1 Pro 64 Bits
			Igorando Pelo Filtro de Nome...
		Nome do Produto: Notebook Lenovo B40 14", Intel Core i5-4200U 500GB, 4GB, Win 8.1 Single Language 64 Bits
			Igorando Pelo Filtro de Nome...
	Tempo Para buscar: 3482
Loja: Extra
	URL Principal: http://www.extra.com.br/
	URL Busca: http://buscando.extra.com.br/search?w=<BUSCA>
http://buscando.extra.com.br/search?w=Star+fox+64
		Documento Lido
		Resultados: 12
		Nome do Produto: Yellow Star
			Igorando Pelo Filtro de Nome...
		Nome do Produto: Fox
			Igorando Pelo Filtro de Nome...
		Nome do Produto: Fox-Hunting
			Igorando Pelo Filtro de Nome...
		Nome do Produto: Fox
			Igorando Pelo Filtro de Nome...
		Nome do Produto: Veículo-Star-Wars-Class-II-Imperial-Troop-Transport-Hasbro
			Igorando Pelo Filtro de Nome...
		Nome do Produto: Banquinho 64
			Igorando Pelo Filtro de Nome...
		Nome do Produto: Foxe`s Book of Martyrs
			Igorando Pelo Filtro de Nome...
		Nome do Produto: Foxe`s Book of Martyrs
			Igorando Pelo Filtro de Nome...
		Nome do Produto: Paper Mario: Sticker Star - 3DS
			Igorando Pelo Filtro de Nome...
		Nome do Produto: Luminaria Fox
			Igorando Pelo Filtro de Nome...
		Nome do Produto: George Fox
			Igorando Pelo Filtro de Nome...
		Nome do Produto: Home Fox
			Igorando Pelo Filtro de Nome...
	Tempo Para buscar: 5012
Loja: E-Virtua
	URL Principal: http://www.evirtua.com.br/
	URL Busca: http://www.evirtua.com.br/Busca?search_department_id=0&SearchTerm=<BUSCA>
http://www.evirtua.com.br/Busca?search_department_id=0&SearchTerm=Star+fox+64
		Documento Lido
		Resultados: 0
	Tempo Para buscar: 477
Loja: Fast Games
	URL Principal: http://www.fastgames.com.br/
	URL Busca: http://www.fastgames.com.br/loja/busca.php?loja=187970&palavra_busca=<BUSCA>
http://www.fastgames.com.br/loja/busca.php?loja=187970&palavra_busca=Star+fox+64
		Documento Lido
		Resultados: 1
		Nome do Produto: Norton Internet Security (Para 1 Usuário) - PC
			Igorando Pelo Filtro de Nome...
	Tempo Para buscar: 1889
Loja: Fast Shop
	URL Principal: http://www.fastshop.com.br/loja/
	URL Busca: http://www.fastshop.com.br/webapp/wcs/stores/servlet/SearchDisplay?searchTerm=<BUSCA>&categoryId=&storeId=10151&catalogId=11052&langId=-6&pageSize=9&beginIndex=0&sType=SimpleSearch&resultCatEntryType=2&showResultsPage=true&searchSource=Q&pageView=&hotsite=fastshop
http://www.fastshop.com.br/webapp/wcs/stores/servlet/SearchDisplay?searchTerm=Star+fox+64&categoryId=&storeId=10151&catalogId=11052&langId=-6&pageSize=9&beginIndex=0&sType=SimpleSearch&resultCatEntryType=2&showResultsPage=true&searchSource=Q&pageView=&hotsite=fastshop
		Documento Lido
		Resultados: 0
	Tempo Para buscar: 492
Loja: FNAC
	URL Principal: http://www.fnac.com.br/index.html
	URL Busca: http://busca.fnac.com.br/?busca=<BUSCA>
http://busca.fnac.com.br/?busca=Star+fox+64
		Documento Lido
		Resultados: 20
		Nome do Produto: Lego Star Wars - As Crônicas de Yoda (DVD)
			Igorando Pelo Filtro de Nome...
		Nome do Produto: Lego Star Wars - A Ameaça Padawan (DVD)
			Igorando Pelo Filtro de Nome...
		Nome do Produto: Microsoft Office 365 Literatura Personal 32/64 Brasilian
			Igorando Pelo Filtro de Nome...
		Nome do Produto: Almofada Fica Relax Preta
			Igorando Pelo Filtro de Nome...
		Nome do Produto: Brincadeira de Animais - Saiba Como Os Filhotes Brincam E Aprendem
			Igorando Pelo Filtro de Nome...
		Nome do Produto: Ed Fox - Volume 2
			Igorando Pelo Filtro de Nome...
		Nome do Produto: Missão Fox - A Cobra Fujona
			Igorando Pelo Filtro de Nome...
		Nome do Produto: Missão Fox - O Resgate dos Golfinhos
			Igorando Pelo Filtro de Nome...
		Nome do Produto: Brasil - de Getúlio A Castello (1930-64)
			Igorando Pelo Filtro de Nome...
		Nome do Produto: Um Amor Perfeito
			Igorando Pelo Filtro de Nome...
		Nome do Produto: O Gato, O Cachorro, Chapeuzinho, Os Ovos Explosivos O Lobo E O Guarda-roupa da Vovó
			Igorando Pelo Filtro de Nome...
		Nome do Produto: Guilherme Augusto Araujo Fernandes
			Igorando Pelo Filtro de Nome...
		Nome do Produto: Pobre George
			Igorando Pelo Filtro de Nome...
		Nome do Produto: Billie Holiday
			Igorando Pelo Filtro de Nome...
		Nome do Produto: Para Gostar de Contar
			Igorando Pelo Filtro de Nome...
		Nome do Produto: Alemão Para Leigos
			Igorando Pelo Filtro de Nome...
		Nome do Produto: O Sermão da Montanha E O Pai-nosso
			Igorando Pelo Filtro de Nome...
		Nome do Produto: Margô E A Rapoza
			Igorando Pelo Filtro de Nome...
		Nome do Produto: Um Sonho Perfeito
			Igorando Pelo Filtro de Nome...
		Nome do Produto: Cocô de Dinossauro
			Igorando Pelo Filtro de Nome...
	Tempo Para buscar: 1067
Loja: Kabum
	URL Principal: http://www.kabum.com.br/
	URL Busca: http://www.kabum.com.br/cgi-local/site/listagem/listagem.cgi?string=<BUSCA>&btnG=
http://www.kabum.com.br/cgi-local/site/listagem/listagem.cgi?string=Star+fox+64&btnG=
		Documento Lido
		Resultados: 0
	Tempo Para buscar: 540
Loja: Livraria Cultura
	URL Principal: http://www.livrariacultura.com.br/
	URL Busca: http://www.livrariacultura.com.br/busca?N=0&Ntt=<BUSCA>
http://www.livrariacultura.com.br/busca?N=0&Ntt=Star+fox+64
		Documento Lido
		Resultados: 1
		Nome do Produto: STARFOX 64 (3DS)
http://www.livrariacultura.com.br/p/starfox-64-3ds-22722923
		Acessando URL do produto.
	Tempo Para buscar: 693
Loja: Magazine Luiza
	URL Principal: http://www.magazineluiza.com.br/
	URL Busca: http://www.magazineluiza.com.br/busca/<BUSCA>/
http://www.magazineluiza.com.br/busca/Star+fox+64/
		Documento Lido
		Resultados: 60
		Nome do Produto: Star Wars Rebels Hero Series Darth Ezra Bridger - 12" - Hasbro
			Igorando Pelo Filtro de Nome...
		Nome do Produto: Cama Elástica Profissional Star 32 Molas - Suporta até 100kg
			Igorando Pelo Filtro de Nome...
		Nome do Produto: Colchonete Espuma p/ Ginástica - Star
			Igorando Pelo Filtro de Nome...
		Nome do Produto: Relógio Feminino All Star AS 58102 - Analógico Resistente à Água
			Igorando Pelo Filtro de Nome...
		Nome do Produto: Simulador de Caminhada Star Fitness - c/ Sistema de Amortecimento de Impacto
			Igorando Pelo Filtro de Nome...
		Nome do Produto: Simulador de Caminhada Star Fitness - com Batimento
			Igorando Pelo Filtro de Nome...
		Nome do Produto: Barra de Tubo Vulcanizada 30cm - Star 1178
			Igorando Pelo Filtro de Nome...
		Nome do Produto: Barra de Tubo 120cm - Star 1084
			Igorando Pelo Filtro de Nome...
		Nome do Produto: Barra de Tubo Romana 120cm - Star 1086
			Igorando Pelo Filtro de Nome...
		Nome do Produto: Barra para Exercícios Reta - Star 1180
			Igorando Pelo Filtro de Nome...
		Nome do Produto: Barra de Tubo Vulcanizada 30cm - Star 1181
			Igorando Pelo Filtro de Nome...
		Nome do Produto: Barra de Tubo Vulcanizada 30cm - Star 1179
			Igorando Pelo Filtro de Nome...
		Nome do Produto: Mesa para Computador/Escrivaninha Star - Artely
			Igorando Pelo Filtro de Nome...
		Nome do Produto: Telefone sem Fio Dect 6.0 Digital - Motorola FOX500
			Igorando Pelo Filtro de Nome...
		Nome do Produto: Pen Drive 64GB SanDisk - iXpand para iPhone/iPad
			Igorando Pelo Filtro de Nome...
		Nome do Produto: Secador de Cabelo 2000W 2 Velocidades - Taiff Fox Íon
			Igorando Pelo Filtro de Nome...
		Nome do Produto: Colcha/Cobre-Leito Queen Size Artex Essentials - Stars 3 Peças 180 Fios 100% Algodão
			Igorando Pelo Filtro de Nome...
		Nome do Produto: Ferro a Vapor e a Seco Arno FU64 - Ultragliss Branco e Azul
			Igorando Pelo Filtro de Nome...
		Nome do Produto: Smart TV Plasma 3D 64" Samsung PL64E8000 Full HD - DTV Conversor 2D/3D 3 HDMI 3 USB Wi-Fi 4 Óculos
			Igorando Pelo Filtro de Nome...
		Nome do Produto: Oi Chip 2 em 1 Pré - DDD 64 GO Tecnologia 3G
			Igorando Pelo Filtro de Nome...
		Nome do Produto: Cartão de Memória Micro SDHC 64GB com Adaptador - Kingston SDC10
			Igorando Pelo Filtro de Nome...
		Nome do Produto: Pen Drive 64GB USB 3.0 - Kingston Ultimate
			Igorando Pelo Filtro de Nome...
		Nome do Produto: e-Multifuncional HP Officejet Pro 8610 - Jato de Tinta Colorida Wi-Fi Tela 2,65"
			Igorando Pelo Filtro de Nome...
		Nome do Produto: Aerofólio Fox 2010/2011 - TG Poli
			Igorando Pelo Filtro de Nome...
		Nome do Produto: Engate para Fox 03/13 - DHF
			Igorando Pelo Filtro de Nome...
		Nome do Produto: Capa de Estepe Fox CroosFox - 1Linha
			Igorando Pelo Filtro de Nome...
		Nome do Produto: Calota Aro 14 para Fox 2012 - Grid Calotas 262049
			Igorando Pelo Filtro de Nome...
		Nome do Produto: Calota Aro 15 para Fox Plus - Grid Calotas
			Igorando Pelo Filtro de Nome...
		Nome do Produto: Calha de Chuva Acrílica para Fox 2004/2010 - ou Space Fox - TG Poli T22009
			Igorando Pelo Filtro de Nome...
		Nome do Produto: Dual Drive USB 64GB SanDisk - Ultra 2.0 para Smartphones e Tablets
			Igorando Pelo Filtro de Nome...
		Nome do Produto: Tapete Automotivo para Fox e Spacefox - 4 Peças - Borcol
			Igorando Pelo Filtro de Nome...
		Nome do Produto: Tapete Automotivo p/ Fox 5 Peças - Flash 586030
			Igorando Pelo Filtro de Nome...
		Nome do Produto: Faixa Cromada Personalizada Volkswagen Fox - Burg FB0023
			Igorando Pelo Filtro de Nome...
		Nome do Produto: Faixa Cromada Personalizada Volkswagen Space Fox - Burg FB0020
			Igorando Pelo Filtro de Nome...
		Nome do Produto: Calota Aro 15 para Fox Space / Polo 2013 - Grid Calotas 262078
			Igorando Pelo Filtro de Nome...
		Nome do Produto: Capa de Estepe para Cross Fox - 1Linha
			Igorando Pelo Filtro de Nome...
		Nome do Produto: Aplique para Maçaneta Cromado p Fox Gol Saveiro GV - Golf 99 Bora 2 portas - Shekparts 342031
			Igorando Pelo Filtro de Nome...
		Nome do Produto: Aplique para Maçaneta Cromado p/ Gol Gv/Fox/Polo - Golf 99 e Bora 4 Portas - Shekparts 342032
			Igorando Pelo Filtro de Nome...
		Nome do Produto: Para-Choque Dianteiro para Fox Total Flex / City - Plus / Sportline 2008/2010 - DTS 316658
			Igorando Pelo Filtro de Nome...
		Nome do Produto: Retrovisor para Carro Direito Fox 2004/2010 - Cofran
			Igorando Pelo Filtro de Nome...
		Nome do Produto: Calha de Chuva Acrílica p/ Fox 2004-2010 2 Portas - TG Poli T22008
			Igorando Pelo Filtro de Nome...
		Nome do Produto: Friso Lateral para Cross Fox 2003 2 Portas - 4 Peças - Sanfil 119005
			Igorando Pelo Filtro de Nome...
		Nome do Produto: Friso Lateral para Fox 2010 4 Portas - 4 Peças - Sanfil
			Igorando Pelo Filtro de Nome...
		Nome do Produto: Friso Lateral para Fox - 04 portas - Volkswagen - 4 Peças - Sanfil
			Igorando Pelo Filtro de Nome...
		Nome do Produto: Friso Lateral para Fox - 02 portas - Volkswagen - 4 Peças - Sanfil
			Igorando Pelo Filtro de Nome...
		Nome do Produto: Friso Lateral para Fox 4 Peças - Inter Job
			Igorando Pelo Filtro de Nome...
		Nome do Produto: Friso Lateral para Fox 2010 4 Portas - 4 Peças - Sanfil 118118
			Igorando Pelo Filtro de Nome...
		Nome do Produto: Friso Lateral para Fox 2 Portas 4 Peças - Inter Job
			Igorando Pelo Filtro de Nome...
		Nome do Produto: Maçaneta Interna Cromada para Fox 2011 - 2 Peças - Flash
			Igorando Pelo Filtro de Nome...
		Nome do Produto: Aplique para Retrovisor Cromado p/ Fox - Lado Direito - Shekparts
			Igorando Pelo Filtro de Nome...
		Nome do Produto: Aplique para Retrovisor Cromado p/ Fox - Lado Esquerdo - Shekparts
			Igorando Pelo Filtro de Nome...
		Nome do Produto: Cartão de Memória SDXC 64GB - SanDisk Extreme
			Igorando Pelo Filtro de Nome...
		Nome do Produto: Cartão de Memória SDXC 64GB - SanDisk Ultra UHS-I
			Igorando Pelo Filtro de Nome...
		Nome do Produto: Armário Multiuso Havana Star - Santos Andirá
			Igorando Pelo Filtro de Nome...
		Nome do Produto: Pen Drive 64GB SanDisk - Cruzer Glide Software SecureAccess
			Igorando Pelo Filtro de Nome...
		Nome do Produto: Smartphone Samsung Galaxy S6 Edge 64GB 4G - Android 5.0 Câm. 16MP Tela 5.1" Proc. Octa Core
			Igorando Pelo Filtro de Nome...
		Nome do Produto: Smartphone Samsung Galaxy S6 Edge 64GB 4G - Android 5.0 Câm. 16MP Tela 5.1" Proc. Octa Core
			Igorando Pelo Filtro de Nome...
		Nome do Produto: Smartphone Samsung Galaxy S6 Edge 64GB 4G - Android 5.0 Câm. 16MP Tela 5.1" Proc. Octa Core
			Igorando Pelo Filtro de Nome...
		Nome do Produto: Smartphone Samsung Galaxy S6 Edge 64GB 4G - Android 5.0 Câm. 16MP Tela 5.1" Proc. Octa Core
			Igorando Pelo Filtro de Nome...
		Nome do Produto: Smartphone Samsung Galaxy S6 Edge 64GB 4G - Android 5.0 Câm. 16MP Tela 5.1" Proc. Octa Core
			Igorando Pelo Filtro de Nome...
	Tempo Para buscar: 1480
Loja: Mula Games
	URL Principal: http://www.mulagames.com.br/
	URL Busca: http://www.mulagames.com.br/produtos-index/catalogo_produtos/-/-/<BUSCA>/-/-/-/-/-/
http://www.mulagames.com.br/produtos-index/catalogo_produtos/-/-/Star%20fox%2064/-/-/-/-/-/
		Documento Lido
		Resultados: 1
		Nome do Produto: Star Fox 64 3D - 3DS
http://www.mulagames.com.br/Star-Fox-64-3D-3DS/prod-457576/
		Acessando URL do produto.
http://www.mulagames.com.br/produto-ajax_retorna_dados_preco_comprar/457576
		Acessando URL do preço produto.
	Tempo Para buscar: 2336
Loja: Net Shoes
	URL Principal: http://www.netshoes.com.br/
	URL Busca: http://www.netshoes.com.br/search?Ntt=<BUSCA>
http://www.netshoes.com.br/search?Ntt=Star+fox+64
		Documento Lido
		Resultados: 60
		Nome do Produto: Tênis Reebok Fox Run
			Igorando Pelo Filtro de Nome...
		Nome do Produto: Tênis Converse ALL STAR Seasonal OX Infantil
			Igorando Pelo Filtro de Nome...
		Nome do Produto: Tênis Converse ALL STAR CT AS Core Ox Infantil
			Igorando Pelo Filtro de Nome...
		Nome do Produto: Tênis Adidas Star UP
			Igorando Pelo Filtro de Nome...
		Nome do Produto: Sapatilha Puma Ballerina Star
			Igorando Pelo Filtro de Nome...
		Nome do Produto: Tênis Adidas Star Foundation CF Infantil
			Igorando Pelo Filtro de Nome...
		Nome do Produto: Tênis Adidas Star
			Igorando Pelo Filtro de Nome...
		Nome do Produto: Tênis Converse All Star CT AS Dainty Leather OX
			Igorando Pelo Filtro de Nome...
		Nome do Produto: Tênis Reebok Fox Running
			Igorando Pelo Filtro de Nome...
		Nome do Produto: Tênis Reebok Fox Run
			Igorando Pelo Filtro de Nome...
		Nome do Produto: Tênis Converse All Star Skidgrip CVO Canvas OX Infantil
			Igorando Pelo Filtro de Nome...
		Nome do Produto: Tênis Adidas Star Foundation CF Infantil
			Igorando Pelo Filtro de Nome...
		Nome do Produto: Tênis Converse ALL STAR CT AS Core Ox Infantil
			Igorando Pelo Filtro de Nome...
		Nome do Produto: Tênis Converse ALL STAR CT AS Core Ox Infantil
			Igorando Pelo Filtro de Nome...
		Nome do Produto: Tênis Converse ALL STAR CT AS Lean Canvas OX
			Igorando Pelo Filtro de Nome...
		Nome do Produto: Tênis Converse All Star Skidgrip CVO Canvas OX Infantil
			Igorando Pelo Filtro de Nome...
		Nome do Produto: Tênis Converse All Star Skidgrip CVO Canvas OX Infantil
			Igorando Pelo Filtro de Nome...
		Nome do Produto: Tênis Converse All Star Skidgrip CVO Canvas OX Infantil
			Igorando Pelo Filtro de Nome...
		Nome do Produto: Sapatilha Puma Ballerina Star
			Igorando Pelo Filtro de Nome...
		Nome do Produto: Tênis Converse All Star Skidgrip CVO Canvas OX Infantil
			Igorando Pelo Filtro de Nome...
		Nome do Produto: Tênis Adidas Star Stormt CF Infantil
			Igorando Pelo Filtro de Nome...
		Nome do Produto: Sapatilha Puma Ballerina Star
			Igorando Pelo Filtro de Nome...
		Nome do Produto: Tênis Adidas Star Stormt Juvenil
			Igorando Pelo Filtro de Nome...
		Nome do Produto: Tênis Converse All Star Skidgrip CVO Canvas OX Infantil
			Igorando Pelo Filtro de Nome...
		Nome do Produto: Tênis Converse All Star Skidgrip CVO Canvas OX Infantil
			Igorando Pelo Filtro de Nome...
		Nome do Produto: Tênis Converse All Star Skidgrip CVO Canvas OX Infantil
			Igorando Pelo Filtro de Nome...
		Nome do Produto: Tênis Adidas Star
			Igorando Pelo Filtro de Nome...
		Nome do Produto: GammaBlack 64 Cáps - Midway
			Igorando Pelo Filtro de Nome...
		Nome do Produto: Camiseta Adidas Star Shoe
			Igorando Pelo Filtro de Nome...
		Nome do Produto: Agasalho Adidas 1 Star Wars ST TS Infantil
			Igorando Pelo Filtro de Nome...
		Nome do Produto: Camiseta Adidas Star Shoe
			Igorando Pelo Filtro de Nome...
		Nome do Produto: Tênis Converse ALL STAR CT AS Monochrome HI
			Igorando Pelo Filtro de Nome...
		Nome do Produto: Tênis Reebok Fox Running
			Igorando Pelo Filtro de Nome...
		Nome do Produto: Tênis Converse ALL STAR CT AS Core Ox Infantil
			Igorando Pelo Filtro de Nome...
		Nome do Produto: Agasalho Adidas 1 Star Wars DV TS Infantil
			Igorando Pelo Filtro de Nome...
		Nome do Produto: Tênis Adidas Star
			Igorando Pelo Filtro de Nome...
		Nome do Produto: Tênis Converse All Star Skidgrip CVO Canvas OX Infantil
			Igorando Pelo Filtro de Nome...
		Nome do Produto: Tênis Mizuno Lightning Star Z Juvenil
			Igorando Pelo Filtro de Nome...
		Nome do Produto: Tênis Adidas Star Foundation
			Igorando Pelo Filtro de Nome...
		Nome do Produto: Tênis Converse ALL STAR Player 2V Infantil
			Igorando Pelo Filtro de Nome...
		Nome do Produto: Camisa Polo Cruzeiro Fox Lines
			Igorando Pelo Filtro de Nome...
		Nome do Produto: Tênis Converse ALL STAR Core HI Infantil
			Igorando Pelo Filtro de Nome...
		Nome do Produto: Tênis Converse ALL STAR CT AS Cotton OX
			Igorando Pelo Filtro de Nome...
		Nome do Produto: Tênis Reebok Dual Star Running
			Igorando Pelo Filtro de Nome...
		Nome do Produto: Tênis Converse All Star CT AS Seasonal OX
			Igorando Pelo Filtro de Nome...
		Nome do Produto: Tênis Converse ALL STAR Skidgrip CVO Streaming OX Infantil
			Igorando Pelo Filtro de Nome...
		Nome do Produto: Tênis Converse ALL STAR CT AS Core Ox Infantil
			Igorando Pelo Filtro de Nome...
		Nome do Produto: Tênis Converse ALL STAR CT AS Core 2V Infantil
			Igorando Pelo Filtro de Nome...
		Nome do Produto: Tênis Converse ALL STAR CT AS Core OX
			Igorando Pelo Filtro de Nome...
		Nome do Produto: Tênis Reebok Fox Running
			Igorando Pelo Filtro de Nome...
		Nome do Produto: Tênis Converse All Star CT AS Malden OX Infantil
			Igorando Pelo Filtro de Nome...
		Nome do Produto: Tênis Converse ALL STAR CT AS Core 2V Infantil
			Igorando Pelo Filtro de Nome...
		Nome do Produto: Tênis Converse ALL STAR CT AS Core 2V Infantil
			Igorando Pelo Filtro de Nome...
		Nome do Produto: Tênis Adidas Star Foun CF Infantil
			Igorando Pelo Filtro de Nome...
		Nome do Produto: Tênis Adidas Shooting Star H Nigo
			Igorando Pelo Filtro de Nome...
		Nome do Produto: Tênis Adidas Shooting Star H Nigo
			Igorando Pelo Filtro de Nome...
		Nome do Produto: Tênis Reebok Dual Star Running
			Igorando Pelo Filtro de Nome...
		Nome do Produto: Tênis Adidas Star Foundation
			Igorando Pelo Filtro de Nome...
		Nome do Produto: Tênis Converse ALL STAR Skidgrip EV
			Igorando Pelo Filtro de Nome...
		Nome do Produto: Moletom Adidas J Star Wars ST c/ Capuz Infantil
			Igorando Pelo Filtro de Nome...
	Tempo Para buscar: 661
Loja: Ponto Frio
	URL Principal: http://www.pontofrio.com.br/
	URL Busca: http://search.pontofrio.com.br/search?w=<BUSCA>
http://search.pontofrio.com.br/search?w=Star+fox+64
		Documento Lido
		Resultados: 1
		Nome do Produto: Yellow Star
			Igorando Pelo Filtro de Nome...
		Nome do Produto: Fox-Hunting
			Igorando Pelo Filtro de Nome...
		Nome do Produto: Fox
			Igorando Pelo Filtro de Nome...
		Nome do Produto: Fox
			Igorando Pelo Filtro de Nome...
		Nome do Produto: Veículo-Star-Wars-Class-II-Imperial-Troop-Transport-Hasbro
			Igorando Pelo Filtro de Nome...
		Nome do Produto: Banquinho 64
			Igorando Pelo Filtro de Nome...
		Nome do Produto: Foxe`s Book of Martyrs
			Igorando Pelo Filtro de Nome...
		Nome do Produto: Foxe`s Book of Martyrs
			Igorando Pelo Filtro de Nome...
		Nome do Produto: Paper Mario: Sticker Star - 3DS
			Igorando Pelo Filtro de Nome...
		Nome do Produto: Luminaria Fox
			Igorando Pelo Filtro de Nome...
		Nome do Produto: Fat Fox
			Igorando Pelo Filtro de Nome...
		Nome do Produto: Fox Talk
			Igorando Pelo Filtro de Nome...
		Nome do Produto: Foxe Hunt
			Igorando Pelo Filtro de Nome...
		Nome do Produto: Foxe Tail
			Igorando Pelo Filtro de Nome...
		Nome do Produto: Foxe Fire
			Igorando Pelo Filtro de Nome...
		Nome do Produto: George Fox
			Igorando Pelo Filtro de Nome...
		Nome do Produto: Home Fox
			Igorando Pelo Filtro de Nome...
		Nome do Produto: Notebook Lenovo B40 14", Intel Core i5-4200U, 500GB, 4GB, Win 8.1 Pro 64 Bits
			Igorando Pelo Filtro de Nome...
		Nome do Produto: Notebook Lenovo B40 14", Intel Core i5-4200U 500GB, 4GB, Win 8.1 Single Language 64 Bits
			Igorando Pelo Filtro de Nome...
		Nome do Produto: Adesivo Quadrado Litocart Laq-64
			Igorando Pelo Filtro de Nome...
		Nome do Produto: Yellow Star
			Igorando Pelo Filtro de Nome...
		Nome do Produto: Fox-Hunting
			Igorando Pelo Filtro de Nome...
		Nome do Produto: Fox
			Igorando Pelo Filtro de Nome...
		Nome do Produto: Fox
			Igorando Pelo Filtro de Nome...
		Nome do Produto: Veículo-Star-Wars-Class-II-Imperial-Troop-Transport-Hasbro
			Igorando Pelo Filtro de Nome...
		Nome do Produto: Banquinho 64
			Igorando Pelo Filtro de Nome...
		Nome do Produto: Foxe`s Book of Martyrs
			Igorando Pelo Filtro de Nome...
		Nome do Produto: Foxe`s Book of Martyrs
			Igorando Pelo Filtro de Nome...
		Nome do Produto: Paper Mario: Sticker Star - 3DS
			Igorando Pelo Filtro de Nome...
		Nome do Produto: Luminaria Fox
			Igorando Pelo Filtro de Nome...
		Nome do Produto: Fat Fox
			Igorando Pelo Filtro de Nome...
		Nome do Produto: Fox Talk
			Igorando Pelo Filtro de Nome...
		Nome do Produto: Foxe Hunt
			Igorando Pelo Filtro de Nome...
		Nome do Produto: Foxe Tail
			Igorando Pelo Filtro de Nome...
		Nome do Produto: Foxe Fire
			Igorando Pelo Filtro de Nome...
		Nome do Produto: George Fox
			Igorando Pelo Filtro de Nome...
		Nome do Produto: Home Fox
			Igorando Pelo Filtro de Nome...
		Nome do Produto: Notebook Lenovo B40 14", Intel Core i5-4200U, 500GB, 4GB, Win 8.1 Pro 64 Bits
			Igorando Pelo Filtro de Nome...
		Nome do Produto: Notebook Lenovo B40 14", Intel Core i5-4200U 500GB, 4GB, Win 8.1 Single Language 64 Bits
			Igorando Pelo Filtro de Nome...
		Nome do Produto: Adesivo Quadrado Litocart Laq-64
			Igorando Pelo Filtro de Nome...
	Tempo Para buscar: 2429
Loja: Ricardo Eletro
	URL Principal: http://www.ricardoeletro.com.br/
	URL Busca: http://www.ricardoeletro.com.br/Busca/Resultado/?q=<BUSCA>
http://www.ricardoeletro.com.br/Busca/Resultado/?q=Star+fox+64
		Documento Lido
		Resultados: 16
		Nome do Produto: Relogio Feminino All Star Quartzo Analogico Vermelho, Pulseira De Plastico, Caixa De 40mm - As58104 + Óculos All Star
			Igorando Pelo Filtro de Nome...
		Nome do Produto: Teclado Digital Medeli A800 - 61 Teclas, 64 Notas de Polifonia, 583 Vozes, 5 Oitavas, USB/Midi in Out, Sustain Midi Thru + Fonte de Alimentação
			Igorando Pelo Filtro de Nome...
		Nome do Produto: 75033 - LEGO Star Wars - Star Destroyer
			Igorando Pelo Filtro de Nome...
		Nome do Produto: 75034 - LEGO Star Wars - Death Star Troopers
			Igorando Pelo Filtro de Nome...
		Nome do Produto: Relogio Unisex All Star Quartzo Analogico Azul, Pulseira De Couro Sintetico, Caixa De 40mm - As58107 + Óculos All Star
			Igorando Pelo Filtro de Nome...
		Nome do Produto: Baby Posto - Big Star
			Igorando Pelo Filtro de Nome...
		Nome do Produto: Relogio Unisex All Star Quartzo Analogico Branco, Pulseira De Plastico, Caixa De 40mm - As581534 + Óculos All Star
			Igorando Pelo Filtro de Nome...
		Nome do Produto: Relogio Feminino All Star Quartzo Analogico Rosa, Pulseira De Plastico, Caixa De 40mm - As58101 + Óculos All Star
			Igorando Pelo Filtro de Nome...
		Nome do Produto: Playset Star Wars Commander - Nave Star Destroyer - Hasbro
			Igorando Pelo Filtro de Nome...
		Nome do Produto: Relogio Unisex All Star Quartzo Analogico Azul, Pulseira De Plastico, Caixa De 40mm - As581676 + Óculos All Star
			Igorando Pelo Filtro de Nome...
		Nome do Produto: 75075 - LEGO Star Wars - AT-AT
			Igorando Pelo Filtro de Nome...
		Nome do Produto: Relogio Unisex All Star Quartzo Analogico Vermelho, Pulseira De Plastico, Caixa De 40mm - As581673 + Óculos All Star
			Igorando Pelo Filtro de Nome...
		Nome do Produto: My style super star
			Igorando Pelo Filtro de Nome...
		Nome do Produto: Relógio Unisex All Star Quartzo Analógico Preto/Prata. Pulseira De Couro Sintético. Caixa de 40MM - AS58124 + Óculos All Star
			Igorando Pelo Filtro de Nome...
		Nome do Produto: Teclado Digital Medeli MD700 - 61 Teclas, 64 Notas de Polifonia, 5 Oitavas, 559 Vozes, USB/Midi in Out, Sustain Midi Thru + Fonte de Alimetação
			Igorando Pelo Filtro de Nome...
		Nome do Produto: My style star
			Igorando Pelo Filtro de Nome...
	Tempo Para buscar: 701
Loja: RiHappy
	URL Principal: http://www.rihappy.com.br/
	URL Busca: http://www.rihappy.com.br/<BUSCA>
http://www.rihappy.com.br/Star%20fox%2064
		Documento Lido
		Resultados: 0
	Tempo Para buscar: 1069
Loja: Saraiva
	URL Principal: http://www.saraiva.com.br/
	URL Busca: http://busca.saraiva.com.br/search?w=<BUSCA>&PAC_ID=129457&ts=ajax
http://busca.saraiva.com.br/search?w=Star+fox+64&PAC_ID=129457&ts=ajax
		Documento Lido
		Resultados: 2
		Nome do Produto: Multifuncional HP Officej...
			Igorando Pelo Filtro de Nome...
		Nome do Produto: Vade Mecum Saraiva Compac...
			Igorando Pelo Filtro de Nome...
	Tempo Para buscar: 1943
Loja: Shop Facil
	URL Principal: http://ww2.shopfacil.com.br/
	URL Busca: http://ww2.shopfacil.com.br/<BUSCA>
http://ww2.shopfacil.com.br/Star%20fox%2064
		Documento Lido
		Resultados: 1
		Nome do Produto: Livro - Startup: Fundadores da Apple, do Yahoo, Hotmail, Firefox e Lycos Contam Como Nasceram Suas Empresas Milionárias
			Igorando Pelo Filtro de Nome...
	Tempo Para buscar: 1082
Loja: Shop Time
	URL Principal: http://www.shoptime.com.br/
	URL Busca: http://busca.shoptime.com.br/busca.php?q=<BUSCA>
http://busca.shoptime.com.br/busca.php?q=Star+fox+64
		Documento Lido
		Resultados: 20
		Nome do Produto: Conjunto de Mesa de Jantar Canto Alemanha Choco/Suede Canela + Cadeira... Tênis Converse All Star As Core Ox Ct114128 Conjunto de Mesa de Jantar Canto Alemanha Avelã/Floral Cravo + Cadeira... Balcão Telasul Star Triplo 3 Portas e 3 Gavetas - Branco/Preto Tênis Converse All Star As European Ox Ct328002 Tênis Converse All Star As Core Ox Ct114001 Tênis Converse All Star As European Hi Ct329143 Tênis Converse All Star As Core Ox Ct114002 Tênis Converse All Star As Core Ox Ct2073001 Tênis Converse All Star As European Ox Ct328143 Tênis Converse All Star As European Ox Ct2012002 Tênis Converse All Star As Core Ox Ct2062128 Tênis Converse All Star As European Ox Ct2060015 Tênis Converse All Star As Core Ox Ct2062002 Tênis Converse All Star As Core Ox Ct114003 Tênis Converse All Star As Core Hi Ct2063002 Tênis Converse All Star As Monochrome Ox Ct109001 Tênis Converse All Star As Core Ox Ct114004 Tênis Converse All Star Skid Grip Cvo Ox Cr278004 Tênis Converse All Star Skid Grip Ev Cr151003
			Igorando Pelo Filtro de Nome...
		Nome do Produto: Conjunto de Mesa de Jantar Canto Alemanha Choco/Suede Canela + Cadeira... Tênis Converse All Star As Core Ox Ct114128 Conjunto de Mesa de Jantar Canto Alemanha Avelã/Floral Cravo + Cadeira... Balcão Telasul Star Triplo 3 Portas e 3 Gavetas - Branco/Preto Tênis Converse All Star As European Ox Ct328002 Tênis Converse All Star As Core Ox Ct114001 Tênis Converse All Star As European Hi Ct329143 Tênis Converse All Star As Core Ox Ct114002 Tênis Converse All Star As Core Ox Ct2073001 Tênis Converse All Star As European Ox Ct328143 Tênis Converse All Star As European Ox Ct2012002 Tênis Converse All Star As Core Ox Ct2062128 Tênis Converse All Star As European Ox Ct2060015 Tênis Converse All Star As Core Ox Ct2062002 Tênis Converse All Star As Core Ox Ct114003 Tênis Converse All Star As Core Hi Ct2063002 Tênis Converse All Star As Monochrome Ox Ct109001 Tênis Converse All Star As Core Ox Ct114004 Tênis Converse All Star Skid Grip Cvo Ox Cr278004 Tênis Converse All Star Skid Grip Ev Cr151003
			Igorando Pelo Filtro de Nome...
		Nome do Produto: Conjunto de Mesa de Jantar Canto Alemanha Choco/Suede Canela + Cadeira... Tênis Converse All Star As Core Ox Ct114128 Conjunto de Mesa de Jantar Canto Alemanha Avelã/Floral Cravo + Cadeira... Balcão Telasul Star Triplo 3 Portas e 3 Gavetas - Branco/Preto Tênis Converse All Star As European Ox Ct328002 Tênis Converse All Star As Core Ox Ct114001 Tênis Converse All Star As European Hi Ct329143 Tênis Converse All Star As Core Ox Ct114002 Tênis Converse All Star As Core Ox Ct2073001 Tênis Converse All Star As European Ox Ct328143 Tênis Converse All Star As European Ox Ct2012002 Tênis Converse All Star As Core Ox Ct2062128 Tênis Converse All Star As European Ox Ct2060015 Tênis Converse All Star As Core Ox Ct2062002 Tênis Converse All Star As Core Ox Ct114003 Tênis Converse All Star As Core Hi Ct2063002 Tênis Converse All Star As Monochrome Ox Ct109001 Tênis Converse All Star As Core Ox Ct114004 Tênis Converse All Star Skid Grip Cvo Ox Cr278004 Tênis Converse All Star Skid Grip Ev Cr151003
			Igorando Pelo Filtro de Nome...
		Nome do Produto: Conjunto de Mesa de Jantar Canto Alemanha Choco/Suede Canela + Cadeira... Tênis Converse All Star As Core Ox Ct114128 Conjunto de Mesa de Jantar Canto Alemanha Avelã/Floral Cravo + Cadeira... Balcão Telasul Star Triplo 3 Portas e 3 Gavetas - Branco/Preto Tênis Converse All Star As European Ox Ct328002 Tênis Converse All Star As Core Ox Ct114001 Tênis Converse All Star As European Hi Ct329143 Tênis Converse All Star As Core Ox Ct114002 Tênis Converse All Star As Core Ox Ct2073001 Tênis Converse All Star As European Ox Ct328143 Tênis Converse All Star As European Ox Ct2012002 Tênis Converse All Star As Core Ox Ct2062128 Tênis Converse All Star As European Ox Ct2060015 Tênis Converse All Star As Core Ox Ct2062002 Tênis Converse All Star As Core Ox Ct114003 Tênis Converse All Star As Core Hi Ct2063002 Tênis Converse All Star As Monochrome Ox Ct109001 Tênis Converse All Star As Core Ox Ct114004 Tênis Converse All Star Skid Grip Cvo Ox Cr278004 Tênis Converse All Star Skid Grip Ev Cr151003
			Igorando Pelo Filtro de Nome...
		Nome do Produto: Conjunto de Mesa de Jantar Canto Alemanha Choco/Suede Canela + Cadeira... Tênis Converse All Star As Core Ox Ct114128 Conjunto de Mesa de Jantar Canto Alemanha Avelã/Floral Cravo + Cadeira... Balcão Telasul Star Triplo 3 Portas e 3 Gavetas - Branco/Preto Tênis Converse All Star As European Ox Ct328002 Tênis Converse All Star As Core Ox Ct114001 Tênis Converse All Star As European Hi Ct329143 Tênis Converse All Star As Core Ox Ct114002 Tênis Converse All Star As Core Ox Ct2073001 Tênis Converse All Star As European Ox Ct328143 Tênis Converse All Star As European Ox Ct2012002 Tênis Converse All Star As Core Ox Ct2062128 Tênis Converse All Star As European Ox Ct2060015 Tênis Converse All Star As Core Ox Ct2062002 Tênis Converse All Star As Core Ox Ct114003 Tênis Converse All Star As Core Hi Ct2063002 Tênis Converse All Star As Monochrome Ox Ct109001 Tênis Converse All Star As Core Ox Ct114004 Tênis Converse All Star Skid Grip Cvo Ox Cr278004 Tênis Converse All Star Skid Grip Ev Cr151003
			Igorando Pelo Filtro de Nome...
		Nome do Produto: Conjunto de Mesa de Jantar Canto Alemanha Choco/Suede Canela + Cadeira... Tênis Converse All Star As Core Ox Ct114128 Conjunto de Mesa de Jantar Canto Alemanha Avelã/Floral Cravo + Cadeira... Balcão Telasul Star Triplo 3 Portas e 3 Gavetas - Branco/Preto Tênis Converse All Star As European Ox Ct328002 Tênis Converse All Star As Core Ox Ct114001 Tênis Converse All Star As European Hi Ct329143 Tênis Converse All Star As Core Ox Ct114002 Tênis Converse All Star As Core Ox Ct2073001 Tênis Converse All Star As European Ox Ct328143 Tênis Converse All Star As European Ox Ct2012002 Tênis Converse All Star As Core Ox Ct2062128 Tênis Converse All Star As European Ox Ct2060015 Tênis Converse All Star As Core Ox Ct2062002 Tênis Converse All Star As Core Ox Ct114003 Tênis Converse All Star As Core Hi Ct2063002 Tênis Converse All Star As Monochrome Ox Ct109001 Tênis Converse All Star As Core Ox Ct114004 Tênis Converse All Star Skid Grip Cvo Ox Cr278004 Tênis Converse All Star Skid Grip Ev Cr151003
			Igorando Pelo Filtro de Nome...
		Nome do Produto: Conjunto de Mesa de Jantar Canto Alemanha Choco/Suede Canela + Cadeira... Tênis Converse All Star As Core Ox Ct114128 Conjunto de Mesa de Jantar Canto Alemanha Avelã/Floral Cravo + Cadeira... Balcão Telasul Star Triplo 3 Portas e 3 Gavetas - Branco/Preto Tênis Converse All Star As European Ox Ct328002 Tênis Converse All Star As Core Ox Ct114001 Tênis Converse All Star As European Hi Ct329143 Tênis Converse All Star As Core Ox Ct114002 Tênis Converse All Star As Core Ox Ct2073001 Tênis Converse All Star As European Ox Ct328143 Tênis Converse All Star As European Ox Ct2012002 Tênis Converse All Star As Core Ox Ct2062128 Tênis Converse All Star As European Ox Ct2060015 Tênis Converse All Star As Core Ox Ct2062002 Tênis Converse All Star As Core Ox Ct114003 Tênis Converse All Star As Core Hi Ct2063002 Tênis Converse All Star As Monochrome Ox Ct109001 Tênis Converse All Star As Core Ox Ct114004 Tênis Converse All Star Skid Grip Cvo Ox Cr278004 Tênis Converse All Star Skid Grip Ev Cr151003
			Igorando Pelo Filtro de Nome...
		Nome do Produto: Conjunto de Mesa de Jantar Canto Alemanha Choco/Suede Canela + Cadeira... Tênis Converse All Star As Core Ox Ct114128 Conjunto de Mesa de Jantar Canto Alemanha Avelã/Floral Cravo + Cadeira... Balcão Telasul Star Triplo 3 Portas e 3 Gavetas - Branco/Preto Tênis Converse All Star As European Ox Ct328002 Tênis Converse All Star As Core Ox Ct114001 Tênis Converse All Star As European Hi Ct329143 Tênis Converse All Star As Core Ox Ct114002 Tênis Converse All Star As Core Ox Ct2073001 Tênis Converse All Star As European Ox Ct328143 Tênis Converse All Star As European Ox Ct2012002 Tênis Converse All Star As Core Ox Ct2062128 Tênis Converse All Star As European Ox Ct2060015 Tênis Converse All Star As Core Ox Ct2062002 Tênis Converse All Star As Core Ox Ct114003 Tênis Converse All Star As Core Hi Ct2063002 Tênis Converse All Star As Monochrome Ox Ct109001 Tênis Converse All Star As Core Ox Ct114004 Tênis Converse All Star Skid Grip Cvo Ox Cr278004 Tênis Converse All Star Skid Grip Ev Cr151003
			Igorando Pelo Filtro de Nome...
		Nome do Produto: Conjunto de Mesa de Jantar Canto Alemanha Choco/Suede Canela + Cadeira... Tênis Converse All Star As Core Ox Ct114128 Conjunto de Mesa de Jantar Canto Alemanha Avelã/Floral Cravo + Cadeira... Balcão Telasul Star Triplo 3 Portas e 3 Gavetas - Branco/Preto Tênis Converse All Star As European Ox Ct328002 Tênis Converse All Star As Core Ox Ct114001 Tênis Converse All Star As European Hi Ct329143 Tênis Converse All Star As Core Ox Ct114002 Tênis Converse All Star As Core Ox Ct2073001 Tênis Converse All Star As European Ox Ct328143 Tênis Converse All Star As European Ox Ct2012002 Tênis Converse All Star As Core Ox Ct2062128 Tênis Converse All Star As European Ox Ct2060015 Tênis Converse All Star As Core Ox Ct2062002 Tênis Converse All Star As Core Ox Ct114003 Tênis Converse All Star As Core Hi Ct2063002 Tênis Converse All Star As Monochrome Ox Ct109001 Tênis Converse All Star As Core Ox Ct114004 Tênis Converse All Star Skid Grip Cvo Ox Cr278004 Tênis Converse All Star Skid Grip Ev Cr151003
			Igorando Pelo Filtro de Nome...
		Nome do Produto: Conjunto de Mesa de Jantar Canto Alemanha Choco/Suede Canela + Cadeira... Tênis Converse All Star As Core Ox Ct114128 Conjunto de Mesa de Jantar Canto Alemanha Avelã/Floral Cravo + Cadeira... Balcão Telasul Star Triplo 3 Portas e 3 Gavetas - Branco/Preto Tênis Converse All Star As European Ox Ct328002 Tênis Converse All Star As Core Ox Ct114001 Tênis Converse All Star As European Hi Ct329143 Tênis Converse All Star As Core Ox Ct114002 Tênis Converse All Star As Core Ox Ct2073001 Tênis Converse All Star As European Ox Ct328143 Tênis Converse All Star As European Ox Ct2012002 Tênis Converse All Star As Core Ox Ct2062128 Tênis Converse All Star As European Ox Ct2060015 Tênis Converse All Star As Core Ox Ct2062002 Tênis Converse All Star As Core Ox Ct114003 Tênis Converse All Star As Core Hi Ct2063002 Tênis Converse All Star As Monochrome Ox Ct109001 Tênis Converse All Star As Core Ox Ct114004 Tênis Converse All Star Skid Grip Cvo Ox Cr278004 Tênis Converse All Star Skid Grip Ev Cr151003
			Igorando Pelo Filtro de Nome...
		Nome do Produto: Conjunto de Mesa de Jantar Canto Alemanha Choco/Suede Canela + Cadeira... Tênis Converse All Star As Core Ox Ct114128 Conjunto de Mesa de Jantar Canto Alemanha Avelã/Floral Cravo + Cadeira... Balcão Telasul Star Triplo 3 Portas e 3 Gavetas - Branco/Preto Tênis Converse All Star As European Ox Ct328002 Tênis Converse All Star As Core Ox Ct114001 Tênis Converse All Star As European Hi Ct329143 Tênis Converse All Star As Core Ox Ct114002 Tênis Converse All Star As Core Ox Ct2073001 Tênis Converse All Star As European Ox Ct328143 Tênis Converse All Star As European Ox Ct2012002 Tênis Converse All Star As Core Ox Ct2062128 Tênis Converse All Star As European Ox Ct2060015 Tênis Converse All Star As Core Ox Ct2062002 Tênis Converse All Star As Core Ox Ct114003 Tênis Converse All Star As Core Hi Ct2063002 Tênis Converse All Star As Monochrome Ox Ct109001 Tênis Converse All Star As Core Ox Ct114004 Tênis Converse All Star Skid Grip Cvo Ox Cr278004 Tênis Converse All Star Skid Grip Ev Cr151003
			Igorando Pelo Filtro de Nome...
		Nome do Produto: Conjunto de Mesa de Jantar Canto Alemanha Choco/Suede Canela + Cadeira... Tênis Converse All Star As Core Ox Ct114128 Conjunto de Mesa de Jantar Canto Alemanha Avelã/Floral Cravo + Cadeira... Balcão Telasul Star Triplo 3 Portas e 3 Gavetas - Branco/Preto Tênis Converse All Star As European Ox Ct328002 Tênis Converse All Star As Core Ox Ct114001 Tênis Converse All Star As European Hi Ct329143 Tênis Converse All Star As Core Ox Ct114002 Tênis Converse All Star As Core Ox Ct2073001 Tênis Converse All Star As European Ox Ct328143 Tênis Converse All Star As European Ox Ct2012002 Tênis Converse All Star As Core Ox Ct2062128 Tênis Converse All Star As European Ox Ct2060015 Tênis Converse All Star As Core Ox Ct2062002 Tênis Converse All Star As Core Ox Ct114003 Tênis Converse All Star As Core Hi Ct2063002 Tênis Converse All Star As Monochrome Ox Ct109001 Tênis Converse All Star As Core Ox Ct114004 Tênis Converse All Star Skid Grip Cvo Ox Cr278004 Tênis Converse All Star Skid Grip Ev Cr151003
			Igorando Pelo Filtro de Nome...
		Nome do Produto: Conjunto de Mesa de Jantar Canto Alemanha Choco/Suede Canela + Cadeira... Tênis Converse All Star As Core Ox Ct114128 Conjunto de Mesa de Jantar Canto Alemanha Avelã/Floral Cravo + Cadeira... Balcão Telasul Star Triplo 3 Portas e 3 Gavetas - Branco/Preto Tênis Converse All Star As European Ox Ct328002 Tênis Converse All Star As Core Ox Ct114001 Tênis Converse All Star As European Hi Ct329143 Tênis Converse All Star As Core Ox Ct114002 Tênis Converse All Star As Core Ox Ct2073001 Tênis Converse All Star As European Ox Ct328143 Tênis Converse All Star As European Ox Ct2012002 Tênis Converse All Star As Core Ox Ct2062128 Tênis Converse All Star As European Ox Ct2060015 Tênis Converse All Star As Core Ox Ct2062002 Tênis Converse All Star As Core Ox Ct114003 Tênis Converse All Star As Core Hi Ct2063002 Tênis Converse All Star As Monochrome Ox Ct109001 Tênis Converse All Star As Core Ox Ct114004 Tênis Converse All Star Skid Grip Cvo Ox Cr278004 Tênis Converse All Star Skid Grip Ev Cr151003
			Igorando Pelo Filtro de Nome...
		Nome do Produto: Conjunto de Mesa de Jantar Canto Alemanha Choco/Suede Canela + Cadeira... Tênis Converse All Star As Core Ox Ct114128 Conjunto de Mesa de Jantar Canto Alemanha Avelã/Floral Cravo + Cadeira... Balcão Telasul Star Triplo 3 Portas e 3 Gavetas - Branco/Preto Tênis Converse All Star As European Ox Ct328002 Tênis Converse All Star As Core Ox Ct114001 Tênis Converse All Star As European Hi Ct329143 Tênis Converse All Star As Core Ox Ct114002 Tênis Converse All Star As Core Ox Ct2073001 Tênis Converse All Star As European Ox Ct328143 Tênis Converse All Star As European Ox Ct2012002 Tênis Converse All Star As Core Ox Ct2062128 Tênis Converse All Star As European Ox Ct2060015 Tênis Converse All Star As Core Ox Ct2062002 Tênis Converse All Star As Core Ox Ct114003 Tênis Converse All Star As Core Hi Ct2063002 Tênis Converse All Star As Monochrome Ox Ct109001 Tênis Converse All Star As Core Ox Ct114004 Tênis Converse All Star Skid Grip Cvo Ox Cr278004 Tênis Converse All Star Skid Grip Ev Cr151003
			Igorando Pelo Filtro de Nome...
		Nome do Produto: Conjunto de Mesa de Jantar Canto Alemanha Choco/Suede Canela + Cadeira... Tênis Converse All Star As Core Ox Ct114128 Conjunto de Mesa de Jantar Canto Alemanha Avelã/Floral Cravo + Cadeira... Balcão Telasul Star Triplo 3 Portas e 3 Gavetas - Branco/Preto Tênis Converse All Star As European Ox Ct328002 Tênis Converse All Star As Core Ox Ct114001 Tênis Converse All Star As European Hi Ct329143 Tênis Converse All Star As Core Ox Ct114002 Tênis Converse All Star As Core Ox Ct2073001 Tênis Converse All Star As European Ox Ct328143 Tênis Converse All Star As European Ox Ct2012002 Tênis Converse All Star As Core Ox Ct2062128 Tênis Converse All Star As European Ox Ct2060015 Tênis Converse All Star As Core Ox Ct2062002 Tênis Converse All Star As Core Ox Ct114003 Tênis Converse All Star As Core Hi Ct2063002 Tênis Converse All Star As Monochrome Ox Ct109001 Tênis Converse All Star As Core Ox Ct114004 Tênis Converse All Star Skid Grip Cvo Ox Cr278004 Tênis Converse All Star Skid Grip Ev Cr151003
			Igorando Pelo Filtro de Nome...
		Nome do Produto: Conjunto de Mesa de Jantar Canto Alemanha Choco/Suede Canela + Cadeira... Tênis Converse All Star As Core Ox Ct114128 Conjunto de Mesa de Jantar Canto Alemanha Avelã/Floral Cravo + Cadeira... Balcão Telasul Star Triplo 3 Portas e 3 Gavetas - Branco/Preto Tênis Converse All Star As European Ox Ct328002 Tênis Converse All Star As Core Ox Ct114001 Tênis Converse All Star As European Hi Ct329143 Tênis Converse All Star As Core Ox Ct114002 Tênis Converse All Star As Core Ox Ct2073001 Tênis Converse All Star As European Ox Ct328143 Tênis Converse All Star As European Ox Ct2012002 Tênis Converse All Star As Core Ox Ct2062128 Tênis Converse All Star As European Ox Ct2060015 Tênis Converse All Star As Core Ox Ct2062002 Tênis Converse All Star As Core Ox Ct114003 Tênis Converse All Star As Core Hi Ct2063002 Tênis Converse All Star As Monochrome Ox Ct109001 Tênis Converse All Star As Core Ox Ct114004 Tênis Converse All Star Skid Grip Cvo Ox Cr278004 Tênis Converse All Star Skid Grip Ev Cr151003
			Igorando Pelo Filtro de Nome...
		Nome do Produto: Conjunto de Mesa de Jantar Canto Alemanha Choco/Suede Canela + Cadeira... Tênis Converse All Star As Core Ox Ct114128 Conjunto de Mesa de Jantar Canto Alemanha Avelã/Floral Cravo + Cadeira... Balcão Telasul Star Triplo 3 Portas e 3 Gavetas - Branco/Preto Tênis Converse All Star As European Ox Ct328002 Tênis Converse All Star As Core Ox Ct114001 Tênis Converse All Star As European Hi Ct329143 Tênis Converse All Star As Core Ox Ct114002 Tênis Converse All Star As Core Ox Ct2073001 Tênis Converse All Star As European Ox Ct328143 Tênis Converse All Star As European Ox Ct2012002 Tênis Converse All Star As Core Ox Ct2062128 Tênis Converse All Star As European Ox Ct2060015 Tênis Converse All Star As Core Ox Ct2062002 Tênis Converse All Star As Core Ox Ct114003 Tênis Converse All Star As Core Hi Ct2063002 Tênis Converse All Star As Monochrome Ox Ct109001 Tênis Converse All Star As Core Ox Ct114004 Tênis Converse All Star Skid Grip Cvo Ox Cr278004 Tênis Converse All Star Skid Grip Ev Cr151003
			Igorando Pelo Filtro de Nome...
		Nome do Produto: Conjunto de Mesa de Jantar Canto Alemanha Choco/Suede Canela + Cadeira... Tênis Converse All Star As Core Ox Ct114128 Conjunto de Mesa de Jantar Canto Alemanha Avelã/Floral Cravo + Cadeira... Balcão Telasul Star Triplo 3 Portas e 3 Gavetas - Branco/Preto Tênis Converse All Star As European Ox Ct328002 Tênis Converse All Star As Core Ox Ct114001 Tênis Converse All Star As European Hi Ct329143 Tênis Converse All Star As Core Ox Ct114002 Tênis Converse All Star As Core Ox Ct2073001 Tênis Converse All Star As European Ox Ct328143 Tênis Converse All Star As European Ox Ct2012002 Tênis Converse All Star As Core Ox Ct2062128 Tênis Converse All Star As European Ox Ct2060015 Tênis Converse All Star As Core Ox Ct2062002 Tênis Converse All Star As Core Ox Ct114003 Tênis Converse All Star As Core Hi Ct2063002 Tênis Converse All Star As Monochrome Ox Ct109001 Tênis Converse All Star As Core Ox Ct114004 Tênis Converse All Star Skid Grip Cvo Ox Cr278004 Tênis Converse All Star Skid Grip Ev Cr151003
			Igorando Pelo Filtro de Nome...
		Nome do Produto: Conjunto de Mesa de Jantar Canto Alemanha Choco/Suede Canela + Cadeira... Tênis Converse All Star As Core Ox Ct114128 Conjunto de Mesa de Jantar Canto Alemanha Avelã/Floral Cravo + Cadeira... Balcão Telasul Star Triplo 3 Portas e 3 Gavetas - Branco/Preto Tênis Converse All Star As European Ox Ct328002 Tênis Converse All Star As Core Ox Ct114001 Tênis Converse All Star As European Hi Ct329143 Tênis Converse All Star As Core Ox Ct114002 Tênis Converse All Star As Core Ox Ct2073001 Tênis Converse All Star As European Ox Ct328143 Tênis Converse All Star As European Ox Ct2012002 Tênis Converse All Star As Core Ox Ct2062128 Tênis Converse All Star As European Ox Ct2060015 Tênis Converse All Star As Core Ox Ct2062002 Tênis Converse All Star As Core Ox Ct114003 Tênis Converse All Star As Core Hi Ct2063002 Tênis Converse All Star As Monochrome Ox Ct109001 Tênis Converse All Star As Core Ox Ct114004 Tênis Converse All Star Skid Grip Cvo Ox Cr278004 Tênis Converse All Star Skid Grip Ev Cr151003
			Igorando Pelo Filtro de Nome...
		Nome do Produto: Conjunto de Mesa de Jantar Canto Alemanha Choco/Suede Canela + Cadeira... Tênis Converse All Star As Core Ox Ct114128 Conjunto de Mesa de Jantar Canto Alemanha Avelã/Floral Cravo + Cadeira... Balcão Telasul Star Triplo 3 Portas e 3 Gavetas - Branco/Preto Tênis Converse All Star As European Ox Ct328002 Tênis Converse All Star As Core Ox Ct114001 Tênis Converse All Star As European Hi Ct329143 Tênis Converse All Star As Core Ox Ct114002 Tênis Converse All Star As Core Ox Ct2073001 Tênis Converse All Star As European Ox Ct328143 Tênis Converse All Star As European Ox Ct2012002 Tênis Converse All Star As Core Ox Ct2062128 Tênis Converse All Star As European Ox Ct2060015 Tênis Converse All Star As Core Ox Ct2062002 Tênis Converse All Star As Core Ox Ct114003 Tênis Converse All Star As Core Hi Ct2063002 Tênis Converse All Star As Monochrome Ox Ct109001 Tênis Converse All Star As Core Ox Ct114004 Tênis Converse All Star Skid Grip Cvo Ox Cr278004 Tênis Converse All Star Skid Grip Ev Cr151003
			Igorando Pelo Filtro de Nome...
	Tempo Para buscar: 568
Loja: ShopB
	URL Principal: http://www.shopb.com.br/
	URL Busca: http://busca.shopb.com.br/?busca=<BUSCA>
http://busca.shopb.com.br/?busca=Star+fox+64
		Documento Lido
		Resultados: 31
		Nome do Produto: Star Fox 64 3D - 3DS
http://shopb.ecommercesearch.com.br/Busca/Redir?url=http%3a%2f%2fwww.shopb.com.br%2fecommerce_site%2findex.php%3fpg%3dproduto%26cdg%3d4488%26idp%3d35922%26idparceiro%3dp1&esid=35922
		Acessando URL do produto.
		Nome do Produto: Angry Birds: Star Wars - 3DS
			Igorando Pelo Filtro de Nome...
		Nome do Produto: Angry Birds: Star Wars - PS Vita
			Igorando Pelo Filtro de Nome...
		Nome do Produto: Angry Birds: Star Wars - PS3
			Igorando Pelo Filtro de Nome...
		Nome do Produto: Angry Birds: Star Wars - PS4
			Igorando Pelo Filtro de Nome...
		Nome do Produto: Angry Birds: Star Wars - Wii U
			Igorando Pelo Filtro de Nome...
		Nome do Produto: Angry Birds: Star Wars - XBOX 360
			Igorando Pelo Filtro de Nome...
		Nome do Produto: Angry Birds: Star Wars - XBOX ONE
			Igorando Pelo Filtro de Nome...
		Nome do Produto: Camiseta Vingadores Ultron Face Marvel
			Igorando Pelo Filtro de Nome...
		Nome do Produto: Cartão PSN R$ 100 - Playstation Network Store - Brasil
			Igorando Pelo Filtro de Nome...
		Nome do Produto: Cartão PSN R$ 250 - Playstation Network Store - Brasil
			Igorando Pelo Filtro de Nome...
		Nome do Produto: Console FC Twin 8-16 Bits NES / SNES 2 em 1 - Gameware
			Igorando Pelo Filtro de Nome...
		Nome do Produto: Controle Cirka Nintendo 64 c/ Fio Cinza - Hyperkin
			Igorando Pelo Filtro de Nome...
		Nome do Produto: Controle Cirka Nintendo 64 c/ Fio Preto - Hyperkin
			Igorando Pelo Filtro de Nome...
		Nome do Produto: Digimon: All-Star Rumble - PS3
			Igorando Pelo Filtro de Nome...
		Nome do Produto: Digimon: All-Star Rumble - XBOX 360
			Igorando Pelo Filtro de Nome...
		Nome do Produto: Disney Infinity 3.0: Star Wars Saga Bundle - PS3
			Igorando Pelo Filtro de Nome...
		Nome do Produto: Disney Infinity 3.0: Star Wars Saga Bundle - PS4
			Igorando Pelo Filtro de Nome...
		Nome do Produto: Disney Infinity 3.0: Star Wars Starter Pack - PS3
			Igorando Pelo Filtro de Nome...
		Nome do Produto: Disney Infinity 3.0: Star Wars Starter Pack - PS4
			Igorando Pelo Filtro de Nome...
		Nome do Produto: Disney Infinity 3.0: Star Wars Starter Pack - Wii U
			Igorando Pelo Filtro de Nome...
		Nome do Produto: Disney Infinity 3.0: Star Wars Starter Pack - XBOX 360
			Igorando Pelo Filtro de Nome...
		Nome do Produto: Disney Infinity 3.0: Star Wars Starter Pack - XBOX ONE
			Igorando Pelo Filtro de Nome...
		Nome do Produto: FUSE - PS3
			Igorando Pelo Filtro de Nome...
		Nome do Produto: FUSE - XBOX 360
			Igorando Pelo Filtro de Nome...
		Nome do Produto: Headphone Stereo c/ Fio Philips SHP2000 - PC
			Igorando Pelo Filtro de Nome...
		Nome do Produto: Headset Sony 7.1 c/ Fio Stereo Silver - PS3, PS4 e PS Vita
			Igorando Pelo Filtro de Nome...
		Nome do Produto: Headset Sony Wireless Stereo Gold - PS3, PS4 e PS Vita
			Igorando Pelo Filtro de Nome...
		Nome do Produto: Headset Wireless Stereo 7.1 Pulse Elite - PS3, PC e PS Vita
			Igorando Pelo Filtro de Nome...
		Nome do Produto: Headset c/ Fio Stereo 7.1 Pulse - PS3, PS4, PC e PS Vita
			Igorando Pelo Filtro de Nome...
		Nome do Produto: HomeTown Story - 3DS
			Igorando Pelo Filtro de Nome...
	Tempo Para buscar: 1803
Loja: Submarino
	URL Principal: http://www.submarino.com.br/
	URL Busca: http://busca.submarino.com.br/busca.php?q=<BUSCA>
http://busca.submarino.com.br/busca.php?q=Star+fox+64
		Documento Lido
		Resultados: 30
		Nome do Produto: Livro - Star Wars: Ascensão da Força Sombria
			Igorando Pelo Filtro de Nome...
		Nome do Produto: Livro - Star Wars: A Trilogia - Special Edition
			Igorando Pelo Filtro de Nome...
		Nome do Produto: Livro - Stars Wars: Livro dos Sith
			Igorando Pelo Filtro de Nome...
		Nome do Produto: Livro - Star Wars
			Igorando Pelo Filtro de Nome...
		Nome do Produto: Livro - Star Wars
			Igorando Pelo Filtro de Nome...
		Nome do Produto: Livro - Star Wars - Um Novo Amanhecer
			Igorando Pelo Filtro de Nome...
		Nome do Produto: Livro - Star Wars: Kenobi
			Igorando Pelo Filtro de Nome...
		Nome do Produto: Livro - Star Wars: Provação
			Igorando Pelo Filtro de Nome...
		Nome do Produto: Livro - Star Wars - A Princesinha de Vader
			Igorando Pelo Filtro de Nome...
		Nome do Produto: Livro - Star Wars Darth Vader e Filho
			Igorando Pelo Filtro de Nome...
		Nome do Produto: Blu-ray Coleção Star Wars: A Saga Completa (9 Discos)
			Igorando Pelo Filtro de Nome...
		Nome do Produto: Livro - Star Wars
			Igorando Pelo Filtro de Nome...
		Nome do Produto: Livro - Star Wars - Herdeiro do Império
			Igorando Pelo Filtro de Nome...
		Nome do Produto: Kit Livros - Coleção Star Wars (3 Volumes)
			Igorando Pelo Filtro de Nome...
		Nome do Produto: Livro - Star Wars - Manual do Império
			Igorando Pelo Filtro de Nome...
		Nome do Produto: Livro - Star Wars: O Caminho Jedi
			Igorando Pelo Filtro de Nome...
		Nome do Produto: Kit Livros: Star Wars + Darth + Yoda (3 Volumes)
			Igorando Pelo Filtro de Nome...
		Nome do Produto: Game J-Star Victory VS+ - PS4
			Igorando Pelo Filtro de Nome...
		Nome do Produto: Kit - Livro Star Wars + Darth Vader (2 Volumes)
			Igorando Pelo Filtro de Nome...
		Nome do Produto: Kit Livros: Star Wars: A Trilogia - Special Edition + Yoda (2 Volumes)
			Igorando Pelo Filtro de Nome...
		Nome do Produto: Kit Livros - Star Wars : Herdeiro do Império + Star Wars : Ascensão da Força Sombria (2 livros)
			Igorando Pelo Filtro de Nome...
		Nome do Produto: Star Wars - Herdeiro Do Imperio
			Igorando Pelo Filtro de Nome...
		Nome do Produto: Kit - Livro - Star Wars: Kenobi + Yoda (2 Volumes)
			Igorando Pelo Filtro de Nome...
		Nome do Produto: Star Wars - Kenobi
			Igorando Pelo Filtro de Nome...
		Nome do Produto: Kit - Livro Star Wars + DVD: Trilogia Star Wars (2 Volumes)
			Igorando Pelo Filtro de Nome...
		Nome do Produto: Star Maker
			Igorando Pelo Filtro de Nome...
		Nome do Produto: Under The Green Star
			Igorando Pelo Filtro de Nome...
		Nome do Produto: The Black Star Passes
			Igorando Pelo Filtro de Nome...
		Nome do Produto: Distant Stars
			Igorando Pelo Filtro de Nome...
		Nome do Produto: Star Surgeon
			Igorando Pelo Filtro de Nome...
	Tempo Para buscar: 962
Loja: Walmart
	URL Principal: http://www.walmart.com.br/
	URL Busca: http://www.walmart.com.br/busca/?ft=<BUSCA>&PS=20
http://www.walmart.com.br/busca/?ft=Star+fox+64&PS=20
		Documento Lido
		Resultados: 3
		Nome do Produto: All Star Comics
			Igorando Pelo Filtro de Nome...
		Nome do Produto: All Star Archives
			Igorando Pelo Filtro de Nome...
		Nome do Produto: Star Wars - a Nova Trilogia - 3 Discos - Blu-ray
			Igorando Pelo Filtro de Nome...
	Tempo Para buscar: 695

File copied from C:\java\workspace Estudo\lookforprices\resources\imports\css.css to C:\java\workspace Estudo\lookforprices\reports\2015-09-09 16\css.css
File copied from C:\java\workspace Estudo\lookforprices\resources\imports\jquery.js to C:\java\workspace Estudo\lookforprices\reports\2015-09-09 16\jquery.js
File copied from C:\java\workspace Estudo\lookforprices\resources\imports\scripts.js to C:\java\workspace Estudo\lookforprices\reports\2015-09-09 16\scripts.js
Tempo total de execução: 34700
