Game: Tales of the Abyss
Product Name: Tales of the Abyss
Loja: Nintendo eShop
	URL Principal: http://www.nintendo.com/3ds/eshop
	URL Busca: http://www.nintendo.com/json/content/get/game/filter?&qterm=<BUSCA>
NintendoEShopSearch.search() http://www.nintendo.com/json/content/get/game/filter?&qterm=Tales+of+the+Abyss
		Documento Lido
		Resultados: 1
		Nome do Produto: Tales of the Abyss 3D
http://www.nintendo.com/games/detail/niNrF_lkjdpqpVSGymAhE0LYJGhbp7mb
		Acessando URL do produto.
URL = http://www.nintendo.com/games/detail/niNrF_lkjdpqpVSGymAhE0LYJGhbp7mb
	Tempo Para buscar: 999
Loja: Americanas
	URL Principal: http://www.americanas.com.br/
	URL Busca: http://busca.americanas.com.br/busca.php?q=<BUSCA>
http://busca.americanas.com.br/busca.php?q=Tales+of+the+Abyss
		Documento Lido
		Resultados: 1
		Nome do Produto: Game Tales of The Abyss - 3DS
http://www.americanas.com.br/produto/110665741/game-tales-of-the-abyss-3ds
		Acessando URL do produto.
	Tempo Para buscar: 683
Loja: Big Boy Games
	URL Principal: http://www.bigboygames.com.br/
	URL Busca: http://www.bigboygames.com.br/pesquisa/?p=<BUSCA>
http://www.bigboygames.com.br/pesquisa/?p=Tales+of+the+Abyss
		Documento Lido
		Resultados*: 1
		Acessando URL do produto.
	Tempo Para buscar: 1735
Loja: Casas Bahia
	URL Principal: http://www.casasbahia.com.br/
	URL Busca: http://buscas.casasbahia.com.br/search?w=<BUSCA>
http://buscas.casasbahia.com.br/search?w=Tales+of+the+Abyss
		Documento Lido
		Resultados: 1
		Nome do Produto: The Lurkers in the Abyss and Other Tales of Terror
http://buscas.casasbahia.com.br/search?p=R&srid=S6-USCDR01&lbc=casasbahia&w=Tales%20of%20the%20Abyss&url=http%3a%2f%2fproduto.casasbahia.com.br%2f4481789%3f&rk=1&uid=294623119&sid=2&ts=custom&rsc=SssMoLbReMK-o0Jk&method=and&isort=score&view=grid
		Acessando URL do produto.
		Nome do Produto: Jogo Tales of Abyss - 3DS
			Igorando Pelo Filtro de Nome...
		Nome do Produto: Out of Time`s Abyss
			Igorando Pelo Filtro de Nome...
		Nome do Produto: Out of Time`s Abyss
			Igorando Pelo Filtro de Nome...
		Nome do Produto: The Sixth Black Book of Horror
			Igorando Pelo Filtro de Nome...
		Nome do Produto: Secrets of a Woman`s Soul
			Igorando Pelo Filtro de Nome...
		Nome do Produto: Diary of a Super Chump
			Igorando Pelo Filtro de Nome...
		Nome do Produto: Purple Crescent
			Igorando Pelo Filtro de Nome...
		Nome do Produto: Demons
			Igorando Pelo Filtro de Nome...
		Nome do Produto: Sin & Ashes
			Igorando Pelo Filtro de Nome...
		Nome do Produto: Turrwan
			Igorando Pelo Filtro de Nome...
		Nome do Produto: Europa
			Igorando Pelo Filtro de Nome...
	Tempo Para buscar: 2106
Loja: Extra
	URL Principal: http://www.extra.com.br/
	URL Busca: http://buscando.extra.com.br/search?w=<BUSCA>
http://buscando.extra.com.br/search?w=Tales+of+the+Abyss
		Documento Lido
		Resultados: 12
		Nome do Produto: The Lurkers in the Abyss and Other Tales of Terror
http://buscando.extra.com.br/search?p=R&srid=S1-USESD01&lbc=extra&w=Tales%20of%20the%20Abyss&url=http%3a%2f%2fproduto.extra.com.br%2f4481789%3f&rk=1&uid=294641152&sid=2&ts=custom&rsc=1GTiQ2PqHlpgCebB&method=and&isort=score&view=grid
		Acessando URL do produto.
		Nome do Produto: Jogo Tales of Abyss - 3DS
			Igorando Pelo Filtro de Nome...
		Nome do Produto: Out of Time`s Abyss
			Igorando Pelo Filtro de Nome...
		Nome do Produto: Out of Time`s Abyss
			Igorando Pelo Filtro de Nome...
		Nome do Produto: The Sixth Black Book of Horror
			Igorando Pelo Filtro de Nome...
		Nome do Produto: Secrets of a Woman`s Soul
			Igorando Pelo Filtro de Nome...
		Nome do Produto: Diary of a Super Chump
			Igorando Pelo Filtro de Nome...
		Nome do Produto: Purple Crescent
			Igorando Pelo Filtro de Nome...
		Nome do Produto: Demons
			Igorando Pelo Filtro de Nome...
		Nome do Produto: Sin & Ashes
			Igorando Pelo Filtro de Nome...
		Nome do Produto: Turrwan
			Igorando Pelo Filtro de Nome...
		Nome do Produto: Europa
			Igorando Pelo Filtro de Nome...
	Tempo Para buscar: 4114
Loja: E-Virtua
	URL Principal: http://www.evirtua.com.br/
	URL Busca: http://www.evirtua.com.br/Busca?search_department_id=0&SearchTerm=<BUSCA>
http://www.evirtua.com.br/Busca?search_department_id=0&SearchTerm=Tales+of+the+Abyss
		Documento Lido
		Resultados: 0
	Tempo Para buscar: 124
Loja: Fast Games
	URL Principal: http://www.fastgames.com.br/
	URL Busca: http://www.fastgames.com.br/loja/busca.php?loja=187970&palavra_busca=<BUSCA>
http://www.fastgames.com.br/loja/busca.php?loja=187970&palavra_busca=Tales+of+the+Abyss
		Documento Lido
		Resultados: 0
	Tempo Para buscar: 822
Loja: Fast Shop
	URL Principal: http://www.fastshop.com.br/loja/
	URL Busca: http://www.fastshop.com.br/webapp/wcs/stores/servlet/SearchDisplay?searchTerm=<BUSCA>&categoryId=&storeId=10151&catalogId=11052&langId=-6&pageSize=9&beginIndex=0&sType=SimpleSearch&resultCatEntryType=2&showResultsPage=true&searchSource=Q&pageView=&hotsite=fastshop
http://www.fastshop.com.br/webapp/wcs/stores/servlet/SearchDisplay?searchTerm=Tales+of+the+Abyss&categoryId=&storeId=10151&catalogId=11052&langId=-6&pageSize=9&beginIndex=0&sType=SimpleSearch&resultCatEntryType=2&showResultsPage=true&searchSource=Q&pageView=&hotsite=fastshop
		Documento Lido
		Resultados: 0
	Tempo Para buscar: 590
Loja: FNAC
	URL Principal: http://www.fnac.com.br/index.html
	URL Busca: http://busca.fnac.com.br/?busca=<BUSCA>
http://busca.fnac.com.br/?busca=Tales+of+the+Abyss
		Documento Lido
		Resultados: 20
		Nome do Produto: Don´t Blame Me: The Tales Of Ozzy Osbourne (DVD)
			Igorando Pelo Filtro de Nome...
		Nome do Produto: Ps3 Tales Of Xillia
			Igorando Pelo Filtro de Nome...
		Nome do Produto: A Tale Of Two Cities
			Igorando Pelo Filtro de Nome...
		Nome do Produto: The Canterbury Tales
			Igorando Pelo Filtro de Nome...
		Nome do Produto: End Of The Century
			Igorando Pelo Filtro de Nome...
		Nome do Produto: The Very Best Of
			Igorando Pelo Filtro de Nome...
		Nome do Produto: Ps3 Tales Of Xilia 2
			Igorando Pelo Filtro de Nome...
		Nome do Produto: The Very Best Of The Eagles
			Igorando Pelo Filtro de Nome...
		Nome do Produto: The Very Best Of (simples)
			Igorando Pelo Filtro de Nome...
		Nome do Produto: Only By The Night
			Igorando Pelo Filtro de Nome...
		Nome do Produto: The Very Best Of (2 CDs)
			Igorando Pelo Filtro de Nome...
		Nome do Produto: Live At The 02 (blu-ray)
			Igorando Pelo Filtro de Nome...
		Nome do Produto: Ballyhoo - The Best Of Echo & The Bunnymen
			Igorando Pelo Filtro de Nome...
		Nome do Produto: The Very Best Of The Stone Roses
			Igorando Pelo Filtro de Nome...
		Nome do Produto: First Impressions Of Earth
			Igorando Pelo Filtro de Nome...
		Nome do Produto: The Last Days Of Disco (tso)
			Igorando Pelo Filtro de Nome...
		Nome do Produto: Box - The Many Faces Of Sex Pistols (3 CDs)
			Igorando Pelo Filtro de Nome...
		Nome do Produto: Trilogia O Poderoso Chefão - The Coppola Restoration (blu-ray)
			Igorando Pelo Filtro de Nome...
		Nome do Produto: The Number Of The Beast
			Igorando Pelo Filtro de Nome...
		Nome do Produto: The Last Of The Mohicans
			Igorando Pelo Filtro de Nome...
	Tempo Para buscar: 1072
Loja: Kabum
	URL Principal: http://www.kabum.com.br/
	URL Busca: http://www.kabum.com.br/cgi-local/site/listagem/listagem.cgi?string=<BUSCA>&btnG=
http://www.kabum.com.br/cgi-local/site/listagem/listagem.cgi?string=Tales+of+the+Abyss&btnG=
		Documento Lido
		Resultados: 0
	Tempo Para buscar: 589
Loja: Livraria Cultura
	URL Principal: http://www.livrariacultura.com.br/
	URL Busca: http://www.livrariacultura.com.br/busca?N=0&Ntt=<BUSCA>
http://www.livrariacultura.com.br/busca?N=0&Ntt=Tales+of+the+Abyss
		Documento Lido
		Resultados: 7
		Nome do Produto: BOTTLED ABYSS
			Igorando Pelo Filtro de Nome...
		Nome do Produto: TALES OF THE ABYSS
http://www.livrariacultura.com.br/p/tales-of-the-abyss-22698403
		Acessando URL do produto.
		Nome do Produto: TALES OF THE ABYSS
http://www.livrariacultura.com.br/p/tales-of-the-abyss-29849532
		Acessando URL do produto.
		Nome do Produto: TALES OF THE ABYSS
http://www.livrariacultura.com.br/p/tales-of-the-abyss-22698405
		Acessando URL do produto.
		Nome do Produto: BOTTLED ABYSS
			Igorando Pelo Filtro de Nome...
		Nome do Produto: TALES OF THE ABYSS (3DS)
http://www.livrariacultura.com.br/p/tales-of-the-abyss-3ds-29635699
		Acessando URL do produto.
		Nome do Produto: ABYSS, TALES OF THE DEVICE
http://www.livrariacultura.com.br/p/abyss-tales-of-the-device-87707996
		Acessando URL do produto.
	Tempo Para buscar: 6695
Loja: Magazine Luiza
	URL Principal: http://www.magazineluiza.com.br/
	URL Busca: http://www.magazineluiza.com.br/busca/<BUSCA>/
http://www.magazineluiza.com.br/busca/Tales+of+the+Abyss/
		Documento Lido
		Resultados: 60
		Nome do Produto: Terra Média - Sombras de Mordor para PS4 - Warner
			Igorando Pelo Filtro de Nome...
		Nome do Produto: Terra Média - Sombras de Mordor para Xbox 360 - Warner
			Igorando Pelo Filtro de Nome...
		Nome do Produto: The Last of Us para PS3 - Sony
			Igorando Pelo Filtro de Nome...
		Nome do Produto: Paleta com 18 Sombras Balmsai Eyeshadow - The Balm
			Igorando Pelo Filtro de Nome...
		Nome do Produto: Pó Compacto Bahama Mama - The Balm
			Igorando Pelo Filtro de Nome...
		Nome do Produto: Face Primer 30ml - The Balm
			Igorando Pelo Filtro de Nome...
		Nome do Produto: Estojo de Maquiagem Autobalm California - The Balm
			Igorando Pelo Filtro de Nome...
		Nome do Produto: Rímel Whats Your Type? Tall, Dark, and Handsome - Cor 01 - The Balm
			Igorando Pelo Filtro de Nome...
		Nome do Produto: Blush Compacto Hot Mama - Pink - The Balm
			Igorando Pelo Filtro de Nome...
		Nome do Produto: Pó Compacto Sexy Mama - Incolor - The Balm
			Igorando Pelo Filtro de Nome...
		Nome do Produto: Blush Compacto Cabana Boy - Cor Rosa - The Balm
			Igorando Pelo Filtro de Nome...
		Nome do Produto: Corretivo Compacto Time Balm Concealer - Cor Light - The Balm
			Igorando Pelo Filtro de Nome...
		Nome do Produto: Palheta de Sombras Compacta Nude Tude Palette - Cor Colorido - The Balm
			Igorando Pelo Filtro de Nome...
		Nome do Produto: Estojo de Maquiagem Balm Jovi - Cor Colorido - The Balm
			Igorando Pelo Filtro de Nome...
		Nome do Produto: Base Cremosa Balm Shelter Tinted Moisturizer - Cor Medium - The Balm
			Igorando Pelo Filtro de Nome...
		Nome do Produto: Base Cremosa Balm Shelter Tinted Moisturizer - Cor After Dark - The Balm
			Igorando Pelo Filtro de Nome...
		Nome do Produto: Base Cremosa Balm Shelter Tinted Moisturizer - Cor Dark - The Balm
			Igorando Pelo Filtro de Nome...
		Nome do Produto: Delineador Schwing - Cor Preto - The Balm
			Igorando Pelo Filtro de Nome...
		Nome do Produto: Base Compacta Time Balm Foundation - Cor Medium Dark - The Balm
			Igorando Pelo Filtro de Nome...
		Nome do Produto: Base Cremosa Balm Shelter Tinted Moisturizer - Cor Light Medium - The Balm
			Igorando Pelo Filtro de Nome...
		Nome do Produto: Base Cremosa Balm Shelter Tinted Moisturizer - Cor Medium Dark - The Balm
			Igorando Pelo Filtro de Nome...
		Nome do Produto: Sex and the City by Night - Perfume Feminino Eau de Parfum 100ml
			Igorando Pelo Filtro de Nome...
		Nome do Produto: Sex and the City B Night Perfume Feminino - Eau de Parfum 30ml
			Igorando Pelo Filtro de Nome...
		Nome do Produto: 4 Copos com Canudo 296ml - The First Years
			Igorando Pelo Filtro de Nome...
		Nome do Produto: 4 Copos com Canudo - The First Years F4933
			Igorando Pelo Filtro de Nome...
		Nome do Produto: Call of Duty - Advanced Warfare: Day Zero - para Xbox One - Activision
			Igorando Pelo Filtro de Nome...
		Nome do Produto: Call of Duty - Advanced Warfare para Xbox One - Activision - Pré-venda
			Igorando Pelo Filtro de Nome...
		Nome do Produto: Tales of Xillia 2 para PS3 - Namco
			Igorando Pelo Filtro de Nome...
		Nome do Produto: The Walking Dead para Xbox 360 - Telltale Games
			Igorando Pelo Filtro de Nome...
		Nome do Produto: Gears Of War 3 para Xbox 360 - Microsoft
			Igorando Pelo Filtro de Nome...
		Nome do Produto: Call of Duty Black Ops para Xbox 360 - Activision
			Igorando Pelo Filtro de Nome...
		Nome do Produto: Call of Duty Modern Warfare Xbox 360 - Activision
			Igorando Pelo Filtro de Nome...
		Nome do Produto: Call of Duty - Advanced Warfare para PS3 - Activision
			Igorando Pelo Filtro de Nome...
		Nome do Produto: Call of Duty World at War para Xbox 360 - Activision
			Igorando Pelo Filtro de Nome...
		Nome do Produto: Call of Duty Modern Warfare 3 para Xbox 360 - Activision
			Igorando Pelo Filtro de Nome...
		Nome do Produto: Call of Duty Modern Warfare 2 para Xbox 360 - Activision
			Igorando Pelo Filtro de Nome...
		Nome do Produto: Call Of Duty: Ghosts para Xbox One - Activision
			Igorando Pelo Filtro de Nome...
		Nome do Produto: Call of Duty - Advanced Warfare: Day Zero para PS4 - Activision
			Igorando Pelo Filtro de Nome...
		Nome do Produto: Cronômetro Profissional Guepardo - OF0100
			Igorando Pelo Filtro de Nome...
		Nome do Produto: Cronômetro Profissional Guepardo - OF0200
			Igorando Pelo Filtro de Nome...
		Nome do Produto: Lego The Lord of the Rings para Nintendo DS - Warner
			Igorando Pelo Filtro de Nome...
		Nome do Produto: Lego The Lord of the Rings para PC - Warner
			Igorando Pelo Filtro de Nome...
		Nome do Produto: The Walking Dead - Game of the Year Edition - p/ PS4 - Telltale Games
			Igorando Pelo Filtro de Nome...
		Nome do Produto: The Walking Dead - Game of the Year Edition - para Xbox One - Telltale Games
			Igorando Pelo Filtro de Nome...
		Nome do Produto: Call Of Duty: Ghosts para PS3 - Activision
			Igorando Pelo Filtro de Nome...
		Nome do Produto: Call of Duty Black Ops para PS3 - Activision
			Igorando Pelo Filtro de Nome...
		Nome do Produto: Call of Duty Black Ops II para PS3 - Activision
			Igorando Pelo Filtro de Nome...
		Nome do Produto: Call of Duty Modern Warfare 2 para PS3 - Activision
			Igorando Pelo Filtro de Nome...
		Nome do Produto: Call of Duty Modern Warfare 3 para PS3 - Activision
			Igorando Pelo Filtro de Nome...
		Nome do Produto: Call of Duty Modern Warfare para PS3 - Activision
			Igorando Pelo Filtro de Nome...
		Nome do Produto: The House of the Dead: Overkill Extended Cut - jogo para PS3 - Sega
			Igorando Pelo Filtro de Nome...
		Nome do Produto: Disney Epic Mickey 2: The Power of Two - p/ Nintendo Wii - Ubisoft
			Igorando Pelo Filtro de Nome...
		Nome do Produto: Xbox Live Gold 3 Meses: Jogo Max: The course of - Brotherhood + Cartão Presente R$10,00 - Microsoft
			Igorando Pelo Filtro de Nome...
		Nome do Produto: Transformers: Rise of the Dark Spark - para Nintendo 3DS - Activision
			Igorando Pelo Filtro de Nome...
		Nome do Produto: Army of Two:The Devils Cartel p/Xbox 360 - EA
			Igorando Pelo Filtro de Nome...
		Nome do Produto: Heros Of The Storm para PC - Blizzard
			Igorando Pelo Filtro de Nome...
		Nome do Produto: Prince of Persia The Forgotten Sands para Xbox 360 - Ubisoft
			Igorando Pelo Filtro de Nome...
		Nome do Produto: Esmalte Nail Lacquer Cor The Thrill Of Brazil - O.P.I
			Igorando Pelo Filtro de Nome...
		Nome do Produto: LEGO Pirates of the Caribbean para Xbox 360 - Disney
			Igorando Pelo Filtro de Nome...
		Nome do Produto: Lords of the Fallen para Xbox One - Bandai Namco
			Igorando Pelo Filtro de Nome...
	Tempo Para buscar: 1219
Loja: Mula Games
	URL Principal: http://www.mulagames.com.br/
	URL Busca: http://www.mulagames.com.br/produtos-index/catalogo_produtos/-/-/<BUSCA>/-/-/-/-/-/
http://www.mulagames.com.br/produtos-index/catalogo_produtos/-/-/Tales%20of%20the%20Abyss/-/-/-/-/-/
		Documento Lido
		Resultados: 1
		Nome do Produto: Tales of the Abyss - 3DS
http://www.mulagames.com.br/Tales-of-the-Abyss-3DS/prod-457832/
		Acessando URL do produto.
http://www.mulagames.com.br/produto-ajax_retorna_dados_preco_comprar/457832
		Acessando URL do preço produto.
	Tempo Para buscar: 2388
Loja: Net Shoes
	URL Principal: http://www.netshoes.com.br/
	URL Busca: http://www.netshoes.com.br/search?Ntt=<BUSCA>
http://www.netshoes.com.br/search?Ntt=Tales+of+the+Abyss
		Documento Lido
		Resultados: 60
		Nome do Produto: Camiseta Von Dutch The Original Of Kustom Kulture
			Igorando Pelo Filtro de Nome...
		Nome do Produto: Camiseta Von Dutch The Original Of Kustom Kulture
			Igorando Pelo Filtro de Nome...
		Nome do Produto: Jogo Transformers - Dark of the Moon Wii
			Igorando Pelo Filtro de Nome...
		Nome do Produto: Jogo Spider-Man: The Edge of Time Wii
			Igorando Pelo Filtro de Nome...
		Nome do Produto: Tênis Nike The Overplay 8 NBK
			Igorando Pelo Filtro de Nome...
		Nome do Produto: Tênis Nike The Overplay 8
			Igorando Pelo Filtro de Nome...
		Nome do Produto: Tênis Nike The Overplay 8
			Igorando Pelo Filtro de Nome...
		Nome do Produto: Tênis Olympikus The Street
			Igorando Pelo Filtro de Nome...
		Nome do Produto: Tênis Nike The Overplay 8
			Igorando Pelo Filtro de Nome...
		Nome do Produto: Tênis Coca-Cola The Best Leather Metal
			Igorando Pelo Filtro de Nome...
		Nome do Produto: Tênis Nike Son OF Force Juvenil
			Igorando Pelo Filtro de Nome...
		Nome do Produto: Short Nike Set The Pace
			Igorando Pelo Filtro de Nome...
		Nome do Produto: Mochila Penalty Matis Of 5
			Igorando Pelo Filtro de Nome...
		Nome do Produto: Moletom Oakley The Grand Pullover c/ Capuz
			Igorando Pelo Filtro de Nome...
		Nome do Produto: Short Nike Set The Pace
			Igorando Pelo Filtro de Nome...
		Nome do Produto: Camiseta Pretorian Don't Hate The Player Performance
			Igorando Pelo Filtro de Nome...
		Nome do Produto: Mochila Penalty Matís OF
			Igorando Pelo Filtro de Nome...
		Nome do Produto: Bolsa The Toppu Transversal Bolsos Frontais
			Igorando Pelo Filtro de Nome...
		Nome do Produto: Tênis Nike Son OF Force Infantil
			Igorando Pelo Filtro de Nome...
		Nome do Produto: Mochila Penalty Victoria OF
			Igorando Pelo Filtro de Nome...
		Nome do Produto: Mochila Penalty Matis Of 5
			Igorando Pelo Filtro de Nome...
		Nome do Produto: Tênis Nike Son OF Force Juvenil
			Igorando Pelo Filtro de Nome...
		Nome do Produto: Camiseta Adidas Porsche OF Course T
			Igorando Pelo Filtro de Nome...
		Nome do Produto: Moletom Oakley The Grand Pullover c/ Capuz
			Igorando Pelo Filtro de Nome...
		Nome do Produto: Bota Skechers On The-Go Chugga
			Igorando Pelo Filtro de Nome...
		Nome do Produto: Mochila The Toppu Porta Notebook
			Igorando Pelo Filtro de Nome...
		Nome do Produto: Mochila Penalty Digital OF
			Igorando Pelo Filtro de Nome...
		Nome do Produto: Calça GONEW Own The Court
			Igorando Pelo Filtro de Nome...
		Nome do Produto: Mochila The Toppu Porta Notebook
			Igorando Pelo Filtro de Nome...
		Nome do Produto: Tênis Airwalk The One
			Igorando Pelo Filtro de Nome...
		Nome do Produto: Mochila Penalty Digital OF
			Igorando Pelo Filtro de Nome...
		Nome do Produto: Jaqueta GONEW Own The Court
			Igorando Pelo Filtro de Nome...
		Nome do Produto: Short Nike Set The Pace
			Igorando Pelo Filtro de Nome...
		Nome do Produto: Mochila The Toppu Porta Notebook
			Igorando Pelo Filtro de Nome...
		Nome do Produto: Bolsa The Toppu Transversal Bolsos Frontais
			Igorando Pelo Filtro de Nome...
		Nome do Produto: Mochila The Toppu Porta Notebook
			Igorando Pelo Filtro de Nome...
		Nome do Produto: Moletom Oakley The Hero c/ Capuz
			Igorando Pelo Filtro de Nome...
		Nome do Produto: Boné Lost The Bulldog
			Igorando Pelo Filtro de Nome...
		Nome do Produto: Mochila Penalty Matís OF
			Igorando Pelo Filtro de Nome...
		Nome do Produto: Moletom Oakley The Grand Pullover c/ Capuz
			Igorando Pelo Filtro de Nome...
		Nome do Produto: Mochila The Toppu Porta Notebook
			Igorando Pelo Filtro de Nome...
		Nome do Produto: Mochila Penalty Digital OF
			Igorando Pelo Filtro de Nome...
		Nome do Produto: Mochila The Toppu Porta Notebook
			Igorando Pelo Filtro de Nome...
		Nome do Produto: Mochila The Toppu Porta Notebook
			Igorando Pelo Filtro de Nome...
		Nome do Produto: Camiseta Pretorian Don't Hate The Player Performance M/L
			Igorando Pelo Filtro de Nome...
		Nome do Produto: Mochila The Toppu Porta Notebook
			Igorando Pelo Filtro de Nome...
		Nome do Produto: Tênis Skechers ON THE GO
			Igorando Pelo Filtro de Nome...
		Nome do Produto: Camiseta Pretorian Don't Hate The Player Performance
			Igorando Pelo Filtro de Nome...
		Nome do Produto: Tênis Airwalk The One
			Igorando Pelo Filtro de Nome...
		Nome do Produto: Camiseta UFC The Beginning
			Igorando Pelo Filtro de Nome...
		Nome do Produto: Tênis Rip Curl The Game
			Igorando Pelo Filtro de Nome...
		Nome do Produto: Tênis Rip Curl The Game
			Igorando Pelo Filtro de Nome...
		Nome do Produto: Moletom Oakley The Hero c/ Capuz
			Igorando Pelo Filtro de Nome...
		Nome do Produto: Camisa Polo Ford Mustang The Original
			Igorando Pelo Filtro de Nome...
		Nome do Produto: Sapatilha Skechers On The Go Presta
			Igorando Pelo Filtro de Nome...
		Nome do Produto: Camiseta Element The 10
			Igorando Pelo Filtro de Nome...
		Nome do Produto: Mochila Penalty S11 OF
			Igorando Pelo Filtro de Nome...
		Nome do Produto: Mochila Penalty Max Of 5
			Igorando Pelo Filtro de Nome...
		Nome do Produto: Calça Oakley The Rad
			Igorando Pelo Filtro de Nome...
		Nome do Produto: Jaqueta GONEW Own The Court
			Igorando Pelo Filtro de Nome...
	Tempo Para buscar: 964
Loja: Ponto Frio
	URL Principal: http://www.pontofrio.com.br/
	URL Busca: http://search.pontofrio.com.br/search?w=<BUSCA>
http://search.pontofrio.com.br/search?w=Tales+of+the+Abyss
		Documento Lido
		Resultados: 1
		Nome do Produto: The Lurkers in the Abyss and Other Tales of Terror
http://search.pontofrio.com.br/search?p=R&srid=S3-USCDR01&lbc=pontofrio-br&w=Tales%20of%20the%20Abyss&url=http%3a%2f%2fproduto.pontofrio.com.br%2f4481789%3f&rk=1&uid=29482885&sid=2&ts=custom&rsc=2Ss0-ODHOp-jgvP-&method=and&isort=score&view=grid
		Nome do Produto: Jogo Tales of Abyss - 3DS
			Igorando Pelo Filtro de Nome...
		Nome do Produto: Out of Time`s Abyss
			Igorando Pelo Filtro de Nome...
		Nome do Produto: Out of Time`s Abyss
			Igorando Pelo Filtro de Nome...
		Nome do Produto: The Sixth Black Book of Horror
			Igorando Pelo Filtro de Nome...
		Nome do Produto: Secrets of a Woman`s Soul
			Igorando Pelo Filtro de Nome...
		Nome do Produto: Diary of a Super Chump
			Igorando Pelo Filtro de Nome...
		Nome do Produto: Purple Crescent
			Igorando Pelo Filtro de Nome...
		Nome do Produto: Demons
			Igorando Pelo Filtro de Nome...
		Nome do Produto: Sin & Ashes
			Igorando Pelo Filtro de Nome...
		Nome do Produto: Turrwan
			Igorando Pelo Filtro de Nome...
		Nome do Produto: Europa
			Igorando Pelo Filtro de Nome...
		Nome do Produto: The Lurkers in the Abyss and Other Tales of Terror
http://search.pontofrio.com.br/search?p=R&srid=S3-USCDR01&lbc=pontofrio-br&w=Tales%20of%20the%20Abyss&url=http%3a%2f%2fproduto.pontofrio.com.br%2f4481789%3f&rk=1&uid=29482885&sid=2&ts=custom&rsc=2Ss0-ODHOp-jgvP-&method=and&isort=score&view=grid
		Nome do Produto: Jogo Tales of Abyss - 3DS
			Igorando Pelo Filtro de Nome...
		Nome do Produto: Out of Time`s Abyss
			Igorando Pelo Filtro de Nome...
		Nome do Produto: Out of Time`s Abyss
			Igorando Pelo Filtro de Nome...
		Nome do Produto: The Sixth Black Book of Horror
			Igorando Pelo Filtro de Nome...
		Nome do Produto: Secrets of a Woman`s Soul
			Igorando Pelo Filtro de Nome...
		Nome do Produto: Diary of a Super Chump
			Igorando Pelo Filtro de Nome...
		Nome do Produto: Purple Crescent
			Igorando Pelo Filtro de Nome...
		Nome do Produto: Demons
			Igorando Pelo Filtro de Nome...
		Nome do Produto: Sin & Ashes
			Igorando Pelo Filtro de Nome...
		Nome do Produto: Turrwan
			Igorando Pelo Filtro de Nome...
		Nome do Produto: Europa
			Igorando Pelo Filtro de Nome...
	Tempo Para buscar: 2843
Loja: Ricardo Eletro
	URL Principal: http://www.ricardoeletro.com.br/
	URL Busca: http://www.ricardoeletro.com.br/Busca/Resultado/?q=<BUSCA>
http://www.ricardoeletro.com.br/Busca/Resultado/?q=Tales+of+the+Abyss
		Documento Lido
		Resultados: 0
	Tempo Para buscar: 1029
Loja: RiHappy
	URL Principal: http://www.rihappy.com.br/
	URL Busca: http://www.rihappy.com.br/<BUSCA>
http://www.rihappy.com.br/Tales%20of%20the%20Abyss
		Documento Lido
		Resultados: 0
	Tempo Para buscar: 1923
Loja: Saraiva
	URL Principal: http://www.saraiva.com.br/
	URL Busca: http://busca.saraiva.com.br/search?w=<BUSCA>&PAC_ID=129457&ts=ajax
http://busca.saraiva.com.br/search?w=Tales+of+the+Abyss&PAC_ID=129457&ts=ajax
		Documento Lido
		Resultados: 2
		Nome do Produto: Multifuncional HP Officej...
			Igorando Pelo Filtro de Nome...
		Nome do Produto: Vade Mecum Saraiva Compac...
			Igorando Pelo Filtro de Nome...
	Tempo Para buscar: 177
Loja: Shop Facil
	URL Principal: http://ww2.shopfacil.com.br/
	URL Busca: http://ww2.shopfacil.com.br/<BUSCA>
http://ww2.shopfacil.com.br/Tales%20of%20the%20Abyss
		Documento Lido
		Resultados: 0
	Tempo Para buscar: 3861
Loja: Shop Time
	URL Principal: http://www.shoptime.com.br/
	URL Busca: http://busca.shoptime.com.br/busca.php?q=<BUSCA>
http://busca.shoptime.com.br/busca.php?q=Tales+of+the+Abyss
		Documento Lido
		Resultados: 1
		Nome do Produto: Game Tales of The Abyss - 3DS
http://www.shoptime.com.br/produto/110665741/game-tales-of-the-abyss-3ds
		Acessando URL do produto.
	Tempo Para buscar: 708
Loja: ShopB
	URL Principal: http://www.shopb.com.br/
	URL Busca: http://busca.shopb.com.br/?busca=<BUSCA>
http://busca.shopb.com.br/?busca=Tales+of+the+Abyss
		Documento Lido
		Resultados: 30
		Nome do Produto: A Game Of Thrones Genesis - PC
			Igorando Pelo Filtro de Nome...
		Nome do Produto: Adventure Time: Explore the Dungeon Because I Dont Know - PS3
			Igorando Pelo Filtro de Nome...
		Nome do Produto: Adventure Time: Explore the Dungeon Because I Dont Know - XBOX 360
			Igorando Pelo Filtro de Nome...
		Nome do Produto: Adventure Time: The Secret of the Nameless Kingdom - 3DS
			Igorando Pelo Filtro de Nome...
		Nome do Produto: Alpha Protocol The Espionage RPG - PS3
			Igorando Pelo Filtro de Nome...
		Nome do Produto: Apache Air Assault - XBOX 360
			Igorando Pelo Filtro de Nome...
		Nome do Produto: Army of Two: The 40th Day - PS3
			Igorando Pelo Filtro de Nome...
		Nome do Produto: Army of Two: The Devils Cartel - PS3
			Igorando Pelo Filtro de Nome...
		Nome do Produto: Assassins Creed: The Americas Collection - PS3
			Igorando Pelo Filtro de Nome...
		Nome do Produto: Assassins Creed: The Americas Collection - XBOX 360
			Igorando Pelo Filtro de Nome...
		Nome do Produto: Atelier Ayesha: Alchemist of Dusk - PS3
			Igorando Pelo Filtro de Nome...
		Nome do Produto: Atelier Meruru: The Apprentice of Arland - PS3
			Igorando Pelo Filtro de Nome...
		Nome do Produto: Atelier Shallie: Alchemist of the Dusk Sea - PS3
			Igorando Pelo Filtro de Nome...
		Nome do Produto: Back to the Future: The Game - PS3
			Igorando Pelo Filtro de Nome...
		Nome do Produto: Bakugan: Rise of the Resistance - DS
			Igorando Pelo Filtro de Nome...
		Nome do Produto: Batman Arkham Asylum Game of The Year Edition - PS3
			Igorando Pelo Filtro de Nome...
		Nome do Produto: Batman Arkham Asylum: Game of The Year Edition - XBOX 360
			Igorando Pelo Filtro de Nome...
		Nome do Produto: Batman Arkham City: Game of The Year Edition - XBOX 360
			Igorando Pelo Filtro de Nome...
		Nome do Produto: Beijing 2008: The Official Videogame - XBOX 360
			Igorando Pelo Filtro de Nome...
		Nome do Produto: Best of PlayStation Network Volume 1 - PS3
			Igorando Pelo Filtro de Nome...
		Nome do Produto: Beyond Two Souls - PS3 - Versão em Inglês
			Igorando Pelo Filtro de Nome...
		Nome do Produto: Boneco - Anderson "The Spider" Silva UFC Ultimate Collector
			Igorando Pelo Filtro de Nome...
		Nome do Produto: Boneco - Wanderlei "The Axe Murderer" Silva UFC Ultimate Collector
			Igorando Pelo Filtro de Nome...
		Nome do Produto: Boneco Disney Infinity 3.0: Obi-Wan - PS3 / PS4 / XBOX 360 / XBOX ONE
			Igorando Pelo Filtro de Nome...
		Nome do Produto: Borderlands: The Handsome Collection - PS4
			Igorando Pelo Filtro de Nome...
		Nome do Produto: Borderlands: The Handsome Collection - XBOX ONE
			Igorando Pelo Filtro de Nome...
		Nome do Produto: Borderlands: The Pre-Sequel - PC
			Igorando Pelo Filtro de Nome...
		Nome do Produto: Borderlands: The Pre-Sequel - XBOX 360
			Igorando Pelo Filtro de Nome...
		Nome do Produto: Bundle The Darkness II + Bioshock 2 + Mafia II - PS3
			Igorando Pelo Filtro de Nome...
		Nome do Produto: Call Of Duty 4: Modern Warfare - PS3
			Igorando Pelo Filtro de Nome...
	Tempo Para buscar: 1078
Loja: Submarino
	URL Principal: http://www.submarino.com.br/
	URL Busca: http://busca.submarino.com.br/busca.php?q=<BUSCA>
http://busca.submarino.com.br/busca.php?q=Tales+of+the+Abyss
		Documento Lido
		Resultados: 1
		Nome do Produto: Game Tales of The Abyss - 3DS
http://www.submarino.com.br/produto/110665741/game-tales-of-the-abyss-3ds
		Acessando URL do produto.
	Tempo Para buscar: 741
Loja: Walmart
	URL Principal: http://www.walmart.com.br/
	URL Busca: http://www.walmart.com.br/busca/?ft=<BUSCA>&PS=20
http://www.walmart.com.br/busca/?ft=Tales+of+the+Abyss&PS=20
		Documento Lido
		Resultados: 20
		Nome do Produto: Console PS Vita Sony + Jogos para PS Vita: Playstation All-Stars Battle Royale + Uncharted Goldn Abyss + Cartão de Memória 4GB
			Igorando Pelo Filtro de Nome...
		Nome do Produto: Console PS Vita Tela OLED Preto Sony + Jogos para PS Vita All-Stars Battle Royale + Uncharted Goldn Abyss
			Igorando Pelo Filtro de Nome...
		Nome do Produto: Jogo Xbox 360 Resident Evil: Revelations
			Igorando Pelo Filtro de Nome...
		Nome do Produto: Jogo PS3 Resident Evil: Revelations
			Igorando Pelo Filtro de Nome...
		Nome do Produto: Calça Jeans Levi's Legging Abyss
			Igorando Pelo Filtro de Nome...
		Nome do Produto: Kit com 3 Jogos para PS3: Resident Evil: Revelations + Assassin's Creed: Revelations + Gran Turismo 6 - Conteúdo Especial Ayrton Senna
			Igorando Pelo Filtro de Nome...
		Nome do Produto: Looking Into The Abyss
			Igorando Pelo Filtro de Nome...
		Nome do Produto: Pingente Direito em ouro 18k TAL0993
			Igorando Pelo Filtro de Nome...
		Nome do Produto: Pingente São Jorge em ouro 18K TAL0064P
			Igorando Pelo Filtro de Nome...
		Nome do Produto: Pingente Medicina em ouro 18K TAL0992
			Igorando Pelo Filtro de Nome...
		Nome do Produto: Jogo Tales of Symphonia Chronicles - PS3
			Igorando Pelo Filtro de Nome...
		Nome do Produto: Pingente Santo Antônio com diamantes brancos e marrons TAL1411
			Igorando Pelo Filtro de Nome...
		Nome do Produto: Tales of Zestiria PS4
			Igorando Pelo Filtro de Nome...
		Nome do Produto: Pingente Direito em Ouro TAL0993
			Igorando Pelo Filtro de Nome...
		Nome do Produto: Rising From The Abyss
			Igorando Pelo Filtro de Nome...
		Nome do Produto: Pingente Boneca & Chupeta em ouro 18K TAL0028
			Igorando Pelo Filtro de Nome...
		Nome do Produto: Tiger Tales 1 - Activity Book
			Igorando Pelo Filtro de Nome...
		Nome do Produto: Pingente Nossa Senhora das Graças com Diamantes TAL1417
			Igorando Pelo Filtro de Nome...
		Nome do Produto: Alfinete Bebê em Ouro 18K com Diamante 18K TAL0037A
			Igorando Pelo Filtro de Nome...
		Nome do Produto: Pingente São Jorge com diamantes brancos e marrons TAL1412
			Igorando Pelo Filtro de Nome...
	Tempo Para buscar: 1897

File copied from C:\java\workspace Estudo\lookforprices\resources\imports\css.css to C:\java\workspace Estudo\lookforprices\reports\2015-09-09 16\css.css
File copied from C:\java\workspace Estudo\lookforprices\resources\imports\jquery.js to C:\java\workspace Estudo\lookforprices\reports\2015-09-09 16\jquery.js
File copied from C:\java\workspace Estudo\lookforprices\resources\imports\scripts.js to C:\java\workspace Estudo\lookforprices\reports\2015-09-09 16\scripts.js
Tempo total de execução: 38371
