Game: Tenkai Knights
Product Name: Tenkai Knights
Loja: Nintendo eShop
	URL Principal: http://www.nintendo.com/3ds/eshop
	URL Busca: http://www.nintendo.com/json/content/get/game/filter?&qterm=<BUSCA>
NintendoEShopSearch.search() http://www.nintendo.com/json/content/get/game/filter?&qterm=Tenkai+Knights
		Documento Lido
		Resultados: 1
		Nome do Produto: Tenkai Knights Brave Battle
http://www.nintendo.com/games/detail/_4V1z8w0d6GsfzxbexTQM5jdH_tbUKl0
		Acessando URL do produto.
URL = http://www.nintendo.com/games/detail/_4V1z8w0d6GsfzxbexTQM5jdH_tbUKl0
	Tempo Para buscar: 1976
Loja: Americanas
	URL Principal: http://www.americanas.com.br/
	URL Busca: http://busca.americanas.com.br/busca.php?q=<BUSCA>
http://busca.americanas.com.br/busca.php?q=Tenkai+Knights
		Documento Lido
		Resultados: 1
		Nome do Produto: Tenkai Knights N3ds
http://www.americanas.com.br/produto/9957115/tenkai-knights-n3ds
		Acessando URL do produto.
	Tempo Para buscar: 829
Loja: Big Boy Games
	URL Principal: http://www.bigboygames.com.br/
	URL Busca: http://www.bigboygames.com.br/pesquisa/?p=<BUSCA>
http://www.bigboygames.com.br/pesquisa/?p=Tenkai+Knights
		Documento Lido
		Resultados: 2
		Nome do Produto: 3DS - Tenkai Knights: Brave Battle
http://www.bigboygames.com.br/3ds-tenkai-knights-brave-battle-p6716/
		Acessando URL do produto.
		Nome do Produto: 3DS - Tenkai Knights: Brave Battle [Em Breve]
http://www.bigboygames.com.br/3ds-tenkai-knights-brave-battle-em-breve-p6308/
		Acessando URL do produto.
	Tempo Para buscar: 2979
Loja: Casas Bahia
	URL Principal: http://www.casasbahia.com.br/
	URL Busca: http://buscas.casasbahia.com.br/search?w=<BUSCA>
http://buscas.casasbahia.com.br/search?w=Tenkai+Knights
		Documento Lido
		Resultados: 2
		Nome do Produto: 
			Igorando Pelo Filtro de Nome...
		Nome do Produto: 
			Igorando Pelo Filtro de Nome...
		Nome do Produto: 
			Igorando Pelo Filtro de Nome...
		Nome do Produto: 
			Igorando Pelo Filtro de Nome...
		Nome do Produto: 
			Igorando Pelo Filtro de Nome...
		Nome do Produto: 
			Igorando Pelo Filtro de Nome...
		Nome do Produto: 
			Igorando Pelo Filtro de Nome...
		Nome do Produto: 
			Igorando Pelo Filtro de Nome...
		Nome do Produto: 
			Igorando Pelo Filtro de Nome...
		Nome do Produto: 
			Igorando Pelo Filtro de Nome...
		Nome do Produto: 
			Igorando Pelo Filtro de Nome...
		Nome do Produto: 
			Igorando Pelo Filtro de Nome...
		Nome do Produto: 
			Igorando Pelo Filtro de Nome...
		Nome do Produto: 
			Igorando Pelo Filtro de Nome...
		Nome do Produto: 
			Igorando Pelo Filtro de Nome...
		Nome do Produto: 
			Igorando Pelo Filtro de Nome...
		Nome do Produto: 
			Igorando Pelo Filtro de Nome...
		Nome do Produto: 
			Igorando Pelo Filtro de Nome...
		Nome do Produto: 
			Igorando Pelo Filtro de Nome...
		Nome do Produto: 
			Igorando Pelo Filtro de Nome...
		Nome do Produto: 
			Igorando Pelo Filtro de Nome...
		Nome do Produto: 
			Igorando Pelo Filtro de Nome...
		Nome do Produto: 
			Igorando Pelo Filtro de Nome...
	Tempo Para buscar: 1736
Loja: Extra
	URL Principal: http://www.extra.com.br/
	URL Busca: http://buscando.extra.com.br/search?w=<BUSCA>
http://buscando.extra.com.br/search?w=Tenkai+Knights
		Documento Lido
		Resultados: 1
		Nome do Produto: Tenkai Knights: Brave Battle - 3DS
http://buscando.extra.com.br/search?p=R&srid=S1-USESD02&lbc=extra&w=Tenkai%20Knights&url=http%3a%2f%2fproduto.extra.com.br%2f5548710%3f&rk=1&uid=294102868&sid=2&ts=custom&rsc=rlEe8rekmK4bSmTS&method=and&isort=score&view=grid
		Acessando URL do produto.
	Tempo Para buscar: 4182
Loja: E-Virtua
	URL Principal: http://www.evirtua.com.br/
	URL Busca: http://www.evirtua.com.br/Busca?search_department_id=0&SearchTerm=<BUSCA>
http://www.evirtua.com.br/Busca?search_department_id=0&SearchTerm=Tenkai+Knights
		Documento Lido
		Resultados: 0
	Tempo Para buscar: 132
Loja: Fast Games
	URL Principal: http://www.fastgames.com.br/
	URL Busca: http://www.fastgames.com.br/loja/busca.php?loja=187970&palavra_busca=<BUSCA>
http://www.fastgames.com.br/loja/busca.php?loja=187970&palavra_busca=Tenkai+Knights
		Documento Lido
		Resultados: 1
		Nome do Produto: Tenkai Knights: Brave Battle - 3DS
http://www.fastgames.com.br//tenkai-knights-brave-battle-3ds-pr-9400-187970.htm
		Acessando URL do produto.
	Tempo Para buscar: 1896
Loja: Fast Shop
	URL Principal: http://www.fastshop.com.br/loja/
	URL Busca: http://www.fastshop.com.br/webapp/wcs/stores/servlet/SearchDisplay?searchTerm=<BUSCA>&categoryId=&storeId=10151&catalogId=11052&langId=-6&pageSize=9&beginIndex=0&sType=SimpleSearch&resultCatEntryType=2&showResultsPage=true&searchSource=Q&pageView=&hotsite=fastshop
http://www.fastshop.com.br/webapp/wcs/stores/servlet/SearchDisplay?searchTerm=Tenkai+Knights&categoryId=&storeId=10151&catalogId=11052&langId=-6&pageSize=9&beginIndex=0&sType=SimpleSearch&resultCatEntryType=2&showResultsPage=true&searchSource=Q&pageView=&hotsite=fastshop
		Documento Lido
		Resultados: 1
		Nome do Produto: 
			Igorando Pelo Filtro de Nome...
		Nome do Produto: 
			Igorando Pelo Filtro de Nome...
		Nome do Produto: 
			Igorando Pelo Filtro de Nome...
		Nome do Produto: 
			Igorando Pelo Filtro de Nome...
		Nome do Produto: 
			Igorando Pelo Filtro de Nome...
	Tempo Para buscar: 1092
Loja: FNAC
	URL Principal: http://www.fnac.com.br/index.html
	URL Busca: http://busca.fnac.com.br/?busca=<BUSCA>
http://busca.fnac.com.br/?busca=Tenkai+Knights
		Documento Lido
		Resultados: 20
		Nome do Produto: Ps3 The Witch And The Hundred Knights
			Igorando Pelo Filtro de Nome...
		Nome do Produto: Nunca Pare de Lutar
			Igorando Pelo Filtro de Nome...
		Nome do Produto: História de Amor Com Um Toque Divino
			Igorando Pelo Filtro de Nome...
		Nome do Produto: Bíblia Vida Melhor - Mulher
			Igorando Pelo Filtro de Nome...
		Nome do Produto: Bíblia Vida Melhor - Líder
			Igorando Pelo Filtro de Nome...
		Nome do Produto: Bíblia Vida Melhor - Boas -novas
			Igorando Pelo Filtro de Nome...
		Nome do Produto: Bíblia Vida Melhor - Jovem
			Igorando Pelo Filtro de Nome...
		Nome do Produto: Thomaz Farkas, Pacaembu
			Igorando Pelo Filtro de Nome...
		Nome do Produto: Cinquenta Tons do Sr. Darcy
			Igorando Pelo Filtro de Nome...
		Nome do Produto: O Diário Mais Legal do Mundo
			Igorando Pelo Filtro de Nome...
		Nome do Produto: Bíblia + Para Garotas - Capa Branca
			Igorando Pelo Filtro de Nome...
		Nome do Produto: Bíblia Para Garotas - Capa Rosa
			Igorando Pelo Filtro de Nome...
		Nome do Produto: Lili, A Bruxa - Vira A Escola de Pernas Para O Ar
			Igorando Pelo Filtro de Nome...
		Nome do Produto: Lili, A Bruxa - no Castelo de Drácula
			Igorando Pelo Filtro de Nome...
		Nome do Produto: Promessa É Promessa
			Igorando Pelo Filtro de Nome...
		Nome do Produto: Lili, A Bruxa E O Cavaleiro em Viagem Pelo Tempo
			Igorando Pelo Filtro de Nome...
		Nome do Produto: A Ilusão dos 50 Tons - Por que Fantasias Sexuais E Fetiches Fascinam Tanto?
			Igorando Pelo Filtro de Nome...
		Nome do Produto: O Livro Vermelho - Citacoes do Comandante Mao Tse-tung - Colecao A Obra Prima de Cada Autor
			Igorando Pelo Filtro de Nome...
		Nome do Produto: Academia Knightley
			Igorando Pelo Filtro de Nome...
		Nome do Produto: Como Começou A Guerra Fria
			Igorando Pelo Filtro de Nome...
	Tempo Para buscar: 1025
Loja: Kabum
	URL Principal: http://www.kabum.com.br/
	URL Busca: http://www.kabum.com.br/cgi-local/site/listagem/listagem.cgi?string=<BUSCA>&btnG=
http://www.kabum.com.br/cgi-local/site/listagem/listagem.cgi?string=Tenkai+Knights&btnG=
		Documento Lido
		Resultados: 0
	Tempo Para buscar: 630
Loja: Livraria Cultura
	URL Principal: http://www.livrariacultura.com.br/
	URL Busca: http://www.livrariacultura.com.br/busca?N=0&Ntt=<BUSCA>
http://www.livrariacultura.com.br/busca?N=0&Ntt=Tenkai+Knights
		Documento Lido
		Resultados: 2
		Nome do Produto: DEFENDERS OF QUARTON
			Igorando Pelo Filtro de Nome...
		Nome do Produto: TENKAI KNIGHTS GO
http://www.livrariacultura.com.br/p/tenkai-knights-go-42296564
		Acessando URL do produto.
	Tempo Para buscar: 1116
Loja: Magazine Luiza
	URL Principal: http://www.magazineluiza.com.br/
	URL Busca: http://www.magazineluiza.com.br/busca/<BUSCA>/
http://www.magazineluiza.com.br/busca/Tenkai+Knights/
		Documento Lido
		Resultados: 5
		Nome do Produto: Batman Arkham Knight para Xbox One - Warner
			Igorando Pelo Filtro de Nome...
		Nome do Produto: Batman Arkham Knight para PS4 - Warner
			Igorando Pelo Filtro de Nome...
		Nome do Produto: Boneco Transformers Silver Knight - Hasbro
			Igorando Pelo Filtro de Nome...
		Nome do Produto: Batmóvel The Dark Knight Rises 7 Funções - Candide
			Igorando Pelo Filtro de Nome...
		Nome do Produto: Batman Arkham Knight para PC - Warner
			Igorando Pelo Filtro de Nome...
	Tempo Para buscar: 366
Loja: Mula Games
	URL Principal: http://www.mulagames.com.br/
	URL Busca: http://www.mulagames.com.br/produtos-index/catalogo_produtos/-/-/<BUSCA>/-/-/-/-/-/
http://www.mulagames.com.br/produtos-index/catalogo_produtos/-/-/Tenkai%20Knights/-/-/-/-/-/
		Documento Lido
		Resultados: 0
	Tempo Para buscar: 1071
Loja: Net Shoes
	URL Principal: http://www.netshoes.com.br/
	URL Busca: http://www.netshoes.com.br/search?Ntt=<BUSCA>
http://www.netshoes.com.br/search?Ntt=Tenkai+Knights
		Documento Lido
		Resultados: 0
	Tempo Para buscar: 147
Loja: Ponto Frio
	URL Principal: http://www.pontofrio.com.br/
	URL Busca: http://search.pontofrio.com.br/search?w=<BUSCA>
http://search.pontofrio.com.br/search?w=Tenkai+Knights
java.net.SocketTimeoutException: Read timed out
	at java.net.SocketInputStream.socketRead0(Native Method)
	at java.net.SocketInputStream.socketRead(Unknown Source)
	at java.net.SocketInputStream.read(Unknown Source)
	at java.net.SocketInputStream.read(Unknown Source)
	at java.io.BufferedInputStream.fill(Unknown Source)
	at java.io.BufferedInputStream.read1(Unknown Source)
	at java.io.BufferedInputStream.read(Unknown Source)
	at sun.net.www.http.HttpClient.parseHTTPHeader(Unknown Source)
	at sun.net.www.http.HttpClient.parseHTTP(Unknown Source)
	at sun.net.www.protocol.http.HttpURLConnection.getInputStream0(Unknown Source)
	at sun.net.www.protocol.http.HttpURLConnection.getInputStream(Unknown Source)
	at java.net.HttpURLConnection.getResponseCode(Unknown Source)
	at org.jsoup.helper.HttpConnection$Response.execute(HttpConnection.java:453)
	at org.jsoup.helper.HttpConnection$Response.execute(HttpConnection.java:434)
	at org.jsoup.helper.HttpConnection.execute(HttpConnection.java:181)
	at org.jsoup.helper.HttpConnection.get(HttpConnection.java:170)
	at comom.Util.readUrlDocument(Util.java:94)
	at interfaces.search.PontoFrioSearch.readResults(PontoFrioSearch.java:100)
	at interfaces.search.PontoFrioSearch.search(PontoFrioSearch.java:30)
	at objects.Shop.searchProduct(Shop.java:33)
	at Main.generateHtmlReport(Main.java:89)
	at Main.main(Main.java:58)
Tentando conectar Na Url de outro modo
		Documento Lido
		Resultados: 3
		Nome do Produto: 
			Igorando Pelo Filtro de Nome...
		Nome do Produto: 
			Igorando Pelo Filtro de Nome...
		Nome do Produto: 
			Igorando Pelo Filtro de Nome...
		Nome do Produto: 
			Igorando Pelo Filtro de Nome...
		Nome do Produto: 
			Igorando Pelo Filtro de Nome...
		Nome do Produto: 
			Igorando Pelo Filtro de Nome...
		Nome do Produto: 
			Igorando Pelo Filtro de Nome...
		Nome do Produto: 
			Igorando Pelo Filtro de Nome...
		Nome do Produto: 
			Igorando Pelo Filtro de Nome...
		Nome do Produto: 
			Igorando Pelo Filtro de Nome...
	Tempo Para buscar: 26520
Loja: Ricardo Eletro
	URL Principal: http://www.ricardoeletro.com.br/
	URL Busca: http://www.ricardoeletro.com.br/Busca/Resultado/?q=<BUSCA>
http://www.ricardoeletro.com.br/Busca/Resultado/?q=Tenkai+Knights
		Documento Lido
		Resultados: 0
	Tempo Para buscar: 1066
Loja: RiHappy
	URL Principal: http://www.rihappy.com.br/
	URL Busca: http://www.rihappy.com.br/<BUSCA>
http://www.rihappy.com.br/Tenkai%20Knights
		Documento Lido
		Resultados: 0
	Tempo Para buscar: 2337
Loja: Saraiva
	URL Principal: http://www.saraiva.com.br/
	URL Busca: http://busca.saraiva.com.br/search?w=<BUSCA>&PAC_ID=129457&ts=ajax
http://busca.saraiva.com.br/search?w=Tenkai+Knights&PAC_ID=129457&ts=ajax
		Documento Lido
		Resultados: 2
		Nome do Produto: Multifuncional HP Officej...
			Igorando Pelo Filtro de Nome...
		Nome do Produto: Vade Mecum Saraiva Compac...
			Igorando Pelo Filtro de Nome...
	Tempo Para buscar: 657
Loja: Shop Facil
	URL Principal: http://ww2.shopfacil.com.br/
	URL Busca: http://ww2.shopfacil.com.br/<BUSCA>
http://ww2.shopfacil.com.br/Tenkai%20Knights
		Documento Lido
		Resultados: 0
	Tempo Para buscar: 2066
Loja: Shop Time
	URL Principal: http://www.shoptime.com.br/
	URL Busca: http://busca.shoptime.com.br/busca.php?q=<BUSCA>
http://busca.shoptime.com.br/busca.php?q=Tenkai+Knights
		Documento Lido
		Resultados: 1
		Nome do Produto: Tenkai Knights N3ds
http://www.shoptime.com.br/produto/9957115/tenkai-knights-n3ds
		Acessando URL do produto.
	Tempo Para buscar: 926
Loja: ShopB
	URL Principal: http://www.shopb.com.br/
	URL Busca: http://busca.shopb.com.br/?busca=<BUSCA>
http://busca.shopb.com.br/?busca=Tenkai+Knights
		Documento Lido
		Resultados: 30
		Nome do Produto: Adventure Time: The Secret of the Nameless Kingdom - 3DS
			Igorando Pelo Filtro de Nome...
		Nome do Produto: Batman: Arkham Knight - PS4
			Igorando Pelo Filtro de Nome...
		Nome do Produto: Batman: Arkham Knight - PS4 - Americano
			Igorando Pelo Filtro de Nome...
		Nome do Produto: Batman: Arkham Knight - XBOX ONE
			Igorando Pelo Filtro de Nome...
		Nome do Produto: Body and Brain Connection (Compatível com Kinect) - XBOX 360
			Igorando Pelo Filtro de Nome...
		Nome do Produto: Brunswick Pro Bowling (Compatível com Kinect) - XBOX 360
			Igorando Pelo Filtro de Nome...
		Nome do Produto: Cabo / Fonte - Kinect
			Igorando Pelo Filtro de Nome...
		Nome do Produto: Cartão de Memória Micro SD - 16 GB - Kingston
			Igorando Pelo Filtro de Nome...
		Nome do Produto: Cartão de Memória Micro SD - 8 GB - Kingston
			Igorando Pelo Filtro de Nome...
		Nome do Produto: Celular Blu Tank c/ Lanterna, Câmera integrada, Antena FM e Micro SD - Preto / Azul
			Igorando Pelo Filtro de Nome...
		Nome do Produto: Celular Blu Tank c/ Lanterna, Câmera integrada, Antena FM e Micro SD - Preto / Vermelho
			Igorando Pelo Filtro de Nome...
		Nome do Produto: Console Playstation 4: Edição Especial Batman Arkham Knight - 500GB
			Igorando Pelo Filtro de Nome...
		Nome do Produto: Console XBOX One 500GB com Kinect + 2 Jogos + Controle Wireless
			Igorando Pelo Filtro de Nome...
		Nome do Produto: Console XBOX One 500Gb com Kinect + Controle Wireless
			Igorando Pelo Filtro de Nome...
		Nome do Produto: Dance Central 3 - XBOX 360
			Igorando Pelo Filtro de Nome...
		Nome do Produto: Dragon Ball Z for Kinect - XBOX 360
			Igorando Pelo Filtro de Nome...
		Nome do Produto: Fable The Journey (Requer Kinect) - XBOX 360
			Igorando Pelo Filtro de Nome...
		Nome do Produto: Fantastic Pets - XBOX 360 [Requer Kinect]
			Igorando Pelo Filtro de Nome...
		Nome do Produto: Harry Potter for Kinect - XBOX 360
			Igorando Pelo Filtro de Nome...
		Nome do Produto: Just Dance Disney Party [Requer Kinect] - XBOX 360
			Igorando Pelo Filtro de Nome...
		Nome do Produto: Kinect Adventures - XBOX 360
			Igorando Pelo Filtro de Nome...
		Nome do Produto: Kinect Adventures - XBOX 360 - Capa Dura
			Igorando Pelo Filtro de Nome...
		Nome do Produto: Kinect Disneyland Adventures - XBOX 360
			Igorando Pelo Filtro de Nome...
		Nome do Produto: Kinect Rush: Uma Aventura da Disney Pixar - XBOX 360
			Igorando Pelo Filtro de Nome...
		Nome do Produto: Kinect Sports - XBOX 360
			Igorando Pelo Filtro de Nome...
		Nome do Produto: Kinect Sports 2 - XBOX 360
			Igorando Pelo Filtro de Nome...
		Nome do Produto: Kinect Sports Rivals - XBOX ONE
			Igorando Pelo Filtro de Nome...
		Nome do Produto: Kinect Sports Ultimate Collection - XBOX 360
			Igorando Pelo Filtro de Nome...
		Nome do Produto: Kinect Star Wars - XBOX 360
			Igorando Pelo Filtro de Nome...
		Nome do Produto: Kinectimals: Agora com Ursos - XBOX 360
			Igorando Pelo Filtro de Nome...
	Tempo Para buscar: 1059
Loja: Submarino
	URL Principal: http://www.submarino.com.br/
	URL Busca: http://busca.submarino.com.br/busca.php?q=<BUSCA>
http://busca.submarino.com.br/busca.php?q=Tenkai+Knights
		Documento Lido
		Resultados: 1
		Nome do Produto: Tenkai Knights N3ds
http://www.submarino.com.br/produto/9957115/tenkai-knights-n3ds
		Acessando URL do produto.
	Tempo Para buscar: 694
Loja: Walmart
	URL Principal: http://www.walmart.com.br/
	URL Busca: http://www.walmart.com.br/busca/?ft=<BUSCA>&PS=20
http://www.walmart.com.br/busca/?ft=Tenkai+Knights&PS=20
		Documento Lido
		Resultados: 20
		Nome do Produto: Jogo Batman: Arkham Knight para PS4 Rocksteady Studios
			Igorando Pelo Filtro de Nome...
		Nome do Produto: Jogo Batman: Arkham Knight para XBOX One Rocksteady Studios
			Igorando Pelo Filtro de Nome...
		Nome do Produto: Console Playstation 4 PS4 Edição Limitada Batman Arkham Knight 500GB Sony
			Igorando Pelo Filtro de Nome...
		Nome do Produto: Cadeira para Auto Batman Dark Knight 9 A 36Kg Preta
			Igorando Pelo Filtro de Nome...
		Nome do Produto: Console Playstation 4 PS4 Batman Arkham Knight 500GB Sony
			Igorando Pelo Filtro de Nome...
		Nome do Produto: Jogo Warner Batman ARKHAM KNIGHT Xone WG9153ON
			Igorando Pelo Filtro de Nome...
		Nome do Produto: Xone Batman: Arkham Knight
			Igorando Pelo Filtro de Nome...
		Nome do Produto: Vallhalla Knights PSVita
			Igorando Pelo Filtro de Nome...
		Nome do Produto: Alforge Mala Lateral Knight 24 Litros 100% Impermeável Moto Masada
			Igorando Pelo Filtro de Nome...
		Nome do Produto: Knights Contract Xbox 360
			Igorando Pelo Filtro de Nome...
		Nome do Produto: Camisa Polo Listrada Knight Aleatory 14773
			Igorando Pelo Filtro de Nome...
		Nome do Produto: Boneco Transformers Hasbro Silver Knight Optimus Prime - A7772
			Igorando Pelo Filtro de Nome...
		Nome do Produto: Alforge (Mala) de Tanque GPS Tank Texx Black Knight
			Igorando Pelo Filtro de Nome...
		Nome do Produto: Alforge (Mala) de Tanque Magnética Fixação com Imã Texx Black Knight
			Igorando Pelo Filtro de Nome...
		Nome do Produto: Knights Contract PS3
			Igorando Pelo Filtro de Nome...
		Nome do Produto: Alforge Texx Gps Tank - Black Knight
			Igorando Pelo Filtro de Nome...
		Nome do Produto: Camisa Polo Aleatory Listrada Knight
			Igorando Pelo Filtro de Nome...
		Nome do Produto: Kamen Rider - Dragon Knight - Vol. 11 - Dvd4
			Igorando Pelo Filtro de Nome...
		Nome do Produto: Boneco Hasbro Transformers Campeões Titan Silver Knight A7772
			Igorando Pelo Filtro de Nome...
		Nome do Produto: Valhalla Knights 3 PS Vita
			Igorando Pelo Filtro de Nome...
	Tempo Para buscar: 1393

File copied from C:\java\workspace Estudo\lookforprices\resources\imports\css.css to C:\java\workspace Estudo\lookforprices\reports\2015-09-09 16\css.css
File copied from C:\java\workspace Estudo\lookforprices\resources\imports\jquery.js to C:\java\workspace Estudo\lookforprices\reports\2015-09-09 16\jquery.js
File copied from C:\java\workspace Estudo\lookforprices\resources\imports\scripts.js to C:\java\workspace Estudo\lookforprices\reports\2015-09-09 16\scripts.js
Tempo total de execução: 55909
