Game: Zelda Majora Mask
Product Name: Zelda Majora Mask
Loja: Nintendo eShop
	URL Principal: http://www.nintendo.com/3ds/eshop
	URL Busca: http://www.nintendo.com/json/content/get/game/filter?&qterm=<BUSCA>
NintendoEShopSearch.search() http://www.nintendo.com/json/content/get/game/filter?&qterm=Zelda+Majora+Mask
		Documento Lido
		Resultados: 2
		Nome do Produto: The Legend of Zelda: Majora's Mask 3D
http://www.nintendo.com/games/detail/c8UrE_y0o-DfMVe3HdlM699oMfoM1OFt
		Acessando URL do produto.
URL = http://www.nintendo.com/games/detail/c8UrE_y0o-DfMVe3HdlM699oMfoM1OFt
		Nome do Produto: The Legend of Zelda: Majora's Mask
http://www.nintendo.com/games/detail/7OfVrKE-E5ri9Rjnqx9FBs0gIzJGZtns
		Acessando URL do produto.
URL = http://www.nintendo.com/games/detail/7OfVrKE-E5ri9Rjnqx9FBs0gIzJGZtns
	Tempo Para buscar: 2296
Loja: Americanas
	URL Principal: http://www.americanas.com.br/
	URL Busca: http://busca.americanas.com.br/busca.php?q=<BUSCA>
http://busca.americanas.com.br/busca.php?q=Zelda+Majora+Mask
		Documento Lido
		Resultados: 2
		Nome do Produto: The Legend Of Zelda Majoras Mask N3ds
http://www.americanas.com.br/produto/9957089/the-legend-of-zelda-majoras-mask-n3ds
		Acessando URL do produto.
		Nome do Produto: The Legend Of Zelda: Majoras Mask 3d - 3ds
http://www.americanas.com.br/produto/9938424/the-legend-of-zelda-majoras-mask-3d-3ds
		Acessando URL do produto.
	Tempo Para buscar: 1136
Loja: Big Boy Games
	URL Principal: http://www.bigboygames.com.br/
	URL Busca: http://www.bigboygames.com.br/pesquisa/?p=<BUSCA>
http://www.bigboygames.com.br/pesquisa/?p=Zelda+Majora+Mask
		Documento Lido
		Resultados*: 1
		Acessando URL do produto.
	Tempo Para buscar: 516
Loja: Casas Bahia
	URL Principal: http://www.casasbahia.com.br/
	URL Busca: http://buscas.casasbahia.com.br/search?w=<BUSCA>
http://buscas.casasbahia.com.br/search?w=Zelda+Majora+Mask
		Documento Lido
		Resultados: 1
		Nome do Produto: Jogo The Legend of Zelda: Majora's Mask 3D - Nintendo 3DS
http://buscas.casasbahia.com.br/search?p=R&srid=S6-USESD02&lbc=casasbahia&w=Zelda%20Majora%20Mask&url=http%3a%2f%2fproduto.casasbahia.com.br%2f5303038%3f&rk=1&uid=283404758&sid=2&ts=custom&rsc=C4jdz8OWitTUGEsh&method=and&isort=score&view=grid
		Acessando URL do produto.
		Nome do Produto: The Legend Of Zelda: Majoras Mask 3d - 3ds
http://buscas.casasbahia.com.br/search?p=R&srid=S6-USESD02&lbc=casasbahia&w=Zelda%20Majora%20Mask&url=http%3a%2f%2fproduto.casasbahia.com.br%2f5177393%3f&rk=2&uid=283404758&sid=2&ts=custom&rsc=WU-rkzz3ypqBASh0&method=and&isort=score&view=grid
		Acessando URL do produto.
		Nome do Produto: The Legend of Zelda: Majoras Mask 3D - 3DS
http://buscas.casasbahia.com.br/search?p=R&srid=S6-USESD02&lbc=casasbahia&w=Zelda%20Majora%20Mask&url=http%3a%2f%2fproduto.casasbahia.com.br%2f5413299%3f&rk=3&uid=283404758&sid=2&ts=custom&rsc=u6VyKckCrPe4Rm2J&method=and&isort=score&view=grid
		Acessando URL do produto.
		Nome do Produto: The Legend of Zelda: Majoras Mask 3D - 3DS
http://buscas.casasbahia.com.br/search?p=R&srid=S6-USESD02&lbc=casasbahia&w=Zelda%20Majora%20Mask&url=http%3a%2f%2fproduto.casasbahia.com.br%2f5567550%3f&rk=4&uid=283404758&sid=2&ts=custom&rsc=PTnlA%3argCRP5T0Im&method=and&isort=score&view=grid
		Acessando URL do produto.
	Tempo Para buscar: 8507
Loja: Extra
	URL Principal: http://www.extra.com.br/
	URL Busca: http://buscando.extra.com.br/search?w=<BUSCA>
http://buscando.extra.com.br/search?w=Zelda+Majora+Mask
		Documento Lido
		Resultados: 4
		Nome do Produto: Jogo The Legend of Zelda: Majora's Mask 3D - Nintendo 3DS
http://buscando.extra.com.br/search?p=R&srid=S1-USESD02&lbc=extra&w=Zelda%20Majora%20Mask&url=http%3a%2f%2fproduto.extra.com.br%2f5303038%3f&rk=1&uid=283505616&sid=2&ts=custom&rsc=S1oXnMkdMavk%3aMZI&method=and&isort=score&view=grid
		Acessando URL do produto.
		Nome do Produto: The Legend of Zelda: Majoras Mask 3D - 3DS
http://buscando.extra.com.br/search?p=R&srid=S1-USESD02&lbc=extra&w=Zelda%20Majora%20Mask&url=http%3a%2f%2fproduto.extra.com.br%2f5413299%3f&rk=2&uid=283505616&sid=2&ts=custom&rsc=Lp2D1MVveU2UaB%3a1&method=and&isort=score&view=grid
		Acessando URL do produto.
		Nome do Produto: The Legend Of Zelda: Majoras Mask 3d - 3ds
http://buscando.extra.com.br/search?p=R&srid=S1-USESD02&lbc=extra&w=Zelda%20Majora%20Mask&url=http%3a%2f%2fproduto.extra.com.br%2f5177393%3f&rk=3&uid=283505616&sid=2&ts=custom&rsc=1LNx8vVlLBSWVshW&method=and&isort=score&view=grid
		Acessando URL do produto.
		Nome do Produto: The Legend of Zelda: Majoras Mask 3D - 3DS
http://buscando.extra.com.br/search?p=R&srid=S1-USESD02&lbc=extra&w=Zelda%20Majora%20Mask&url=http%3a%2f%2fproduto.extra.com.br%2f5567550%3f&rk=4&uid=283505616&sid=2&ts=custom&rsc=VsRcpA2kUw2DVOH1&method=and&isort=score&view=grid
java.net.SocketTimeoutException: Read timed out
	at java.net.SocketInputStream.socketRead0(Native Method)
	at java.net.SocketInputStream.socketRead(Unknown Source)
	at java.net.SocketInputStream.read(Unknown Source)
	at java.net.SocketInputStream.read(Unknown Source)
	at java.io.BufferedInputStream.fill(Unknown Source)
	at java.io.BufferedInputStream.read1(Unknown Source)
	at java.io.BufferedInputStream.read(Unknown Source)
	at sun.net.www.http.HttpClient.parseHTTPHeader(Unknown Source)
	at sun.net.www.http.HttpClient.parseHTTP(Unknown Source)
	at sun.net.www.protocol.http.HttpURLConnection.getInputStream0(Unknown Source)
	at sun.net.www.protocol.http.HttpURLConnection.getInputStream(Unknown Source)
	at java.net.HttpURLConnection.getResponseCode(Unknown Source)
	at org.jsoup.helper.HttpConnection$Response.execute(HttpConnection.java:453)
	at org.jsoup.helper.HttpConnection$Response.execute(HttpConnection.java:434)
	at org.jsoup.helper.HttpConnection.execute(HttpConnection.java:181)
	at org.jsoup.helper.HttpConnection.get(HttpConnection.java:170)
	at comom.Util.readUrlDocument(Util.java:94)
	at interfaces.search.ExtraSearch.readEachProduct(ExtraSearch.java:70)
	at interfaces.search.ExtraSearch.search(ExtraSearch.java:38)
	at objects.Shop.searchProduct(Shop.java:33)
	at Main.generateHtmlReport(Main.java:89)
	at Main.main(Main.java:58)
Tentando conectar Na Url de outro modo
		Acessando URL do produto.
	Tempo Para buscar: 28600
Loja: E-Virtua
	URL Principal: http://www.evirtua.com.br/
	URL Busca: http://www.evirtua.com.br/Busca?search_department_id=0&SearchTerm=<BUSCA>
http://www.evirtua.com.br/Busca?search_department_id=0&SearchTerm=Zelda+Majora+Mask
		Documento Lido
		Resultados: 1
		Nome do Produto: The Legend of Zelda: Majora's Mask 3D - Nintendo 3DS
http://www.evirtua.com.br//the-legend-of-zelda-majora-s-mask-3d-nintendo-3ds/3684-01
		Acessando URL do produto.
	Tempo Para buscar: 358
Loja: Fast Games
	URL Principal: http://www.fastgames.com.br/
	URL Busca: http://www.fastgames.com.br/loja/busca.php?loja=187970&palavra_busca=<BUSCA>
http://www.fastgames.com.br/loja/busca.php?loja=187970&palavra_busca=Zelda+Majora+Mask
		Documento Lido
		Resultados: 1
		Nome do Produto: The Legend of Zelda: Majoras Mask 3D - 3DS
http://www.fastgames.com.br//the-legend-of-zelda-majoras-mask-3d-3ds-pr-9402-187970.htm
		Acessando URL do produto.
	Tempo Para buscar: 2515
Loja: Fast Shop
	URL Principal: http://www.fastshop.com.br/loja/
	URL Busca: http://www.fastshop.com.br/webapp/wcs/stores/servlet/SearchDisplay?searchTerm=<BUSCA>&categoryId=&storeId=10151&catalogId=11052&langId=-6&pageSize=9&beginIndex=0&sType=SimpleSearch&resultCatEntryType=2&showResultsPage=true&searchSource=Q&pageView=&hotsite=fastshop
http://www.fastshop.com.br/webapp/wcs/stores/servlet/SearchDisplay?searchTerm=Zelda+Majora+Mask&categoryId=&storeId=10151&catalogId=11052&langId=-6&pageSize=9&beginIndex=0&sType=SimpleSearch&resultCatEntryType=2&showResultsPage=true&searchSource=Q&pageView=&hotsite=fastshop
		Documento Lido
		Resultados: 0
	Tempo Para buscar: 548
Loja: FNAC
	URL Principal: http://www.fnac.com.br/index.html
	URL Busca: http://busca.fnac.com.br/?busca=<BUSCA>
http://busca.fnac.com.br/?busca=Zelda+Majora+Mask
		Documento Lido
		Resultados: 20
		Nome do Produto: Major Calabar
			Igorando Pelo Filtro de Nome...
		Nome do Produto: Esta Valsa É Minha
			Igorando Pelo Filtro de Nome...
		Nome do Produto: A Bruxa Zelda E Os 80 Docinhos
			Igorando Pelo Filtro de Nome...
		Nome do Produto: Você Quer Ser Um Milionário? - Transforme Sua Pequena Empresa em Um Negócio de Sucesso
			Igorando Pelo Filtro de Nome...
		Nome do Produto: Bom Dia, Sr. Mandela
			Igorando Pelo Filtro de Nome...
		Nome do Produto: Camiseta - Masculina Batman - Mask - P
			Igorando Pelo Filtro de Nome...
		Nome do Produto: Cam Uni Pto G1 Dc Batman Mask
			Igorando Pelo Filtro de Nome...
		Nome do Produto: 365 Histórias Para Ninar
			Igorando Pelo Filtro de Nome...
		Nome do Produto: Don't Kill The Magic
			Igorando Pelo Filtro de Nome...
		Nome do Produto: Best Of Fleetwood Mac
			Igorando Pelo Filtro de Nome...
		Nome do Produto: The Very Best Of Fleetwood Mac
			Igorando Pelo Filtro de Nome...
		Nome do Produto: O Diario de Zlata - A Vida de Uma Menina
			Igorando Pelo Filtro de Nome...
		Nome do Produto: Haarp (CD + DVD)
			Igorando Pelo Filtro de Nome...
		Nome do Produto: Absolution
			Igorando Pelo Filtro de Nome...
		Nome do Produto: The Resistance
			Igorando Pelo Filtro de Nome...
		Nome do Produto: Black Holes And Revelations
			Igorando Pelo Filtro de Nome...
		Nome do Produto: The 2nd Law
			Igorando Pelo Filtro de Nome...
		Nome do Produto: Drones
			Igorando Pelo Filtro de Nome...
		Nome do Produto: Box - Maysa Internacional (5 CDs)
			Igorando Pelo Filtro de Nome...
		Nome do Produto: Muse - Live At Reading Festival 2011 (DVD)
			Igorando Pelo Filtro de Nome...
	Tempo Para buscar: 1066
Loja: Kabum
	URL Principal: http://www.kabum.com.br/
	URL Busca: http://www.kabum.com.br/cgi-local/site/listagem/listagem.cgi?string=<BUSCA>&btnG=
http://www.kabum.com.br/cgi-local/site/listagem/listagem.cgi?string=Zelda+Majora+Mask&btnG=
		Documento Lido
		Resultados: 0
	Tempo Para buscar: 463
Loja: Livraria Cultura
	URL Principal: http://www.livrariacultura.com.br/
	URL Busca: http://www.livrariacultura.com.br/busca?N=0&Ntt=<BUSCA>
http://www.livrariacultura.com.br/busca?N=0&Ntt=Zelda+Majora+Mask
		Documento Lido
		Resultados: 3
		Nome do Produto: LEGEND OF ZELDA MAJORA'S MASK 3D COLLECTOR'S EDITI
http://www.livrariacultura.com.br/p/legend-of-zelda-majoras-mask-3d-collectors-editi-42863390
		Acessando URL do produto.
		Nome do Produto: LEGEND OF ZELDA MAJORA'S MASK 3D
http://www.livrariacultura.com.br/p/legend-of-zelda-majoras-mask-3d-42863407
		Acessando URL do produto.
		Nome do Produto: LEGEND OF ZELDA: MAJORA’S MASK 3D GAME GUIDE
http://www.livrariacultura.com.br/p/legend-of-zelda-majoras-mask-3d-game-guide-91796074
		Acessando URL do produto.
	Tempo Para buscar: 5761
Loja: Magazine Luiza
	URL Principal: http://www.magazineluiza.com.br/
	URL Busca: http://www.magazineluiza.com.br/busca/<BUSCA>/
http://www.magazineluiza.com.br/busca/Zelda+Majora+Mask/
		Documento Lido
		Resultados: 6
		Nome do Produto: Mask Platinum 30g - Charis
			Igorando Pelo Filtro de Nome...
		Nome do Produto: Benefiance Firming Massage Mask 50ml - Shiseido
			Igorando Pelo Filtro de Nome...
		Nome do Produto: The Skincare Purifyng Mask 75ml - Shiseido
			Igorando Pelo Filtro de Nome...
		Nome do Produto: Intensive Treatment Hair Mask 200ml - Shiseido
			Igorando Pelo Filtro de Nome...
		Nome do Produto: Máscara Capilar Hidratante 500 g - Argan Oil Hair Mask
			Igorando Pelo Filtro de Nome...
		Nome do Produto: Máscara Transformers Robots in Disguise Bumblebee - Mask Hasbro
			Igorando Pelo Filtro de Nome...
	Tempo Para buscar: 523
Loja: Mula Games
	URL Principal: http://www.mulagames.com.br/
	URL Busca: http://www.mulagames.com.br/produtos-index/catalogo_produtos/-/-/<BUSCA>/-/-/-/-/-/
http://www.mulagames.com.br/produtos-index/catalogo_produtos/-/-/Zelda%20Majora%20Mask/-/-/-/-/-/
		Documento Lido
		Resultados: 1
		Nome do Produto: The Legend of Zelda: Majora’s Mask 3D - 3DS
http://www.mulagames.com.br/The-Legend-of-Zelda--Majora---s-Mask-3D-3DS/prod-2734660/
		Acessando URL do produto.
http://www.mulagames.com.br/produto-ajax_retorna_dados_preco_comprar/2734660
		Acessando URL do preço produto.
	Tempo Para buscar: 2604
Loja: Net Shoes
	URL Principal: http://www.netshoes.com.br/
	URL Busca: http://www.netshoes.com.br/search?Ntt=<BUSCA>
http://www.netshoes.com.br/search?Ntt=Zelda+Majora+Mask
		Documento Lido
		Resultados: 5
		Nome do Produto: Camisa Polo Mask São Paulo
			Igorando Pelo Filtro de Nome...
		Nome do Produto: Camiseta Mask São Paulo
			Igorando Pelo Filtro de Nome...
		Nome do Produto: Bermuda Jeans Hang Loose Mask
			Igorando Pelo Filtro de Nome...
		Nome do Produto: Camiseta Pretorian Mask
			Igorando Pelo Filtro de Nome...
		Nome do Produto: Camisa Polo Mask São Paulo
			Igorando Pelo Filtro de Nome...
	Tempo Para buscar: 297
Loja: Ponto Frio
	URL Principal: http://www.pontofrio.com.br/
	URL Busca: http://search.pontofrio.com.br/search?w=<BUSCA>
http://search.pontofrio.com.br/search?w=Zelda+Majora+Mask
		Documento Lido
		Resultados: 1
		Nome do Produto: Jogo The Legend of Zelda: Majora's Mask 3D - Nintendo 3DS
http://search.pontofrio.com.br/search?p=R&srid=S3-USESD01&lbc=pontofrio-br&w=Zelda%20Majora%20Mask&url=http%3a%2f%2fproduto.pontofrio.com.br%2f5303038%3f&rk=1&uid=283928921&sid=2&ts=custom&rsc=iZYs9rzx2uqPyY0n&method=and&isort=score&view=grid
		Nome do Produto: The Legend Of Zelda: Majoras Mask 3d - 3ds
http://search.pontofrio.com.br/search?p=R&srid=S3-USESD01&lbc=pontofrio-br&w=Zelda%20Majora%20Mask&url=http%3a%2f%2fproduto.pontofrio.com.br%2f5177393%3f&rk=2&uid=283928921&sid=2&ts=custom&rsc=HxJkMQAgV1%3a7dWgE&method=and&isort=score&view=grid
		Nome do Produto: The Legend of Zelda: Majoras Mask 3D - 3DS
http://search.pontofrio.com.br/search?p=R&srid=S3-USESD01&lbc=pontofrio-br&w=Zelda%20Majora%20Mask&url=http%3a%2f%2fproduto.pontofrio.com.br%2f5413299%3f&rk=3&uid=283928921&sid=2&ts=custom&rsc=zrNe4E5tk6pPrzZU&method=and&isort=score&view=grid
		Nome do Produto: The Legend of Zelda: Majoras Mask 3D - 3DS
http://search.pontofrio.com.br/search?p=R&srid=S3-USESD01&lbc=pontofrio-br&w=Zelda%20Majora%20Mask&url=http%3a%2f%2fproduto.pontofrio.com.br%2f5567550%3f&rk=4&uid=283928921&sid=2&ts=custom&rsc=4TPzvnAa%3aj94w%3aZe&method=and&isort=score&view=grid
		Nome do Produto: Jogo The Legend of Zelda: Majora's Mask 3D - Nintendo 3DS
http://search.pontofrio.com.br/search?p=R&srid=S3-USESD01&lbc=pontofrio-br&w=Zelda%20Majora%20Mask&url=http%3a%2f%2fproduto.pontofrio.com.br%2f5303038%3f&rk=1&uid=283928921&sid=2&ts=custom&rsc=iZYs9rzx2uqPyY0n&method=and&isort=score&view=grid
java.net.SocketTimeoutException: Read timed out
	at java.net.SocketInputStream.socketRead0(Native Method)
	at java.net.SocketInputStream.socketRead(Unknown Source)
	at java.net.SocketInputStream.read(Unknown Source)
	at java.net.SocketInputStream.read(Unknown Source)
	at java.io.BufferedInputStream.fill(Unknown Source)
	at java.io.BufferedInputStream.read1(Unknown Source)
	at java.io.BufferedInputStream.read(Unknown Source)
	at sun.net.www.http.HttpClient.parseHTTPHeader(Unknown Source)
	at sun.net.www.http.HttpClient.parseHTTP(Unknown Source)
	at sun.net.www.protocol.http.HttpURLConnection.getInputStream0(Unknown Source)
	at sun.net.www.protocol.http.HttpURLConnection.getInputStream(Unknown Source)
	at java.net.HttpURLConnection.getResponseCode(Unknown Source)
	at org.jsoup.helper.HttpConnection$Response.execute(HttpConnection.java:453)
	at org.jsoup.helper.HttpConnection$Response.execute(HttpConnection.java:434)
	at org.jsoup.helper.HttpConnection.execute(HttpConnection.java:181)
	at org.jsoup.helper.HttpConnection.get(HttpConnection.java:170)
	at comom.Util.readUrlDocument(Util.java:94)
	at interfaces.search.PontoFrioSearch.readEachProduct(PontoFrioSearch.java:76)
	at interfaces.search.PontoFrioSearch.search(PontoFrioSearch.java:47)
	at objects.Shop.searchProduct(Shop.java:33)
	at Main.generateHtmlReport(Main.java:89)
	at Main.main(Main.java:58)
Tentando conectar Na Url de outro modo
		Nome do Produto: The Legend Of Zelda: Majoras Mask 3d - 3ds
http://search.pontofrio.com.br/search?p=R&srid=S3-USESD01&lbc=pontofrio-br&w=Zelda%20Majora%20Mask&url=http%3a%2f%2fproduto.pontofrio.com.br%2f5177393%3f&rk=2&uid=283928921&sid=2&ts=custom&rsc=HxJkMQAgV1%3a7dWgE&method=and&isort=score&view=grid
		Nome do Produto: The Legend of Zelda: Majoras Mask 3D - 3DS
http://search.pontofrio.com.br/search?p=R&srid=S3-USESD01&lbc=pontofrio-br&w=Zelda%20Majora%20Mask&url=http%3a%2f%2fproduto.pontofrio.com.br%2f5413299%3f&rk=3&uid=283928921&sid=2&ts=custom&rsc=zrNe4E5tk6pPrzZU&method=and&isort=score&view=grid
java.net.SocketTimeoutException: Read timed out
	at java.net.SocketInputStream.socketRead0(Native Method)
	at java.net.SocketInputStream.socketRead(Unknown Source)
	at java.net.SocketInputStream.read(Unknown Source)
	at java.net.SocketInputStream.read(Unknown Source)
	at java.io.BufferedInputStream.fill(Unknown Source)
	at java.io.BufferedInputStream.read1(Unknown Source)
	at java.io.BufferedInputStream.read(Unknown Source)
	at sun.net.www.http.HttpClient.parseHTTPHeader(Unknown Source)
	at sun.net.www.http.HttpClient.parseHTTP(Unknown Source)
	at sun.net.www.protocol.http.HttpURLConnection.getInputStream0(Unknown Source)
	at sun.net.www.protocol.http.HttpURLConnection.getInputStream(Unknown Source)
	at java.net.HttpURLConnection.getResponseCode(Unknown Source)
	at org.jsoup.helper.HttpConnection$Response.execute(HttpConnection.java:453)
	at org.jsoup.helper.HttpConnection$Response.execute(HttpConnection.java:434)
	at org.jsoup.helper.HttpConnection.execute(HttpConnection.java:181)
	at org.jsoup.helper.HttpConnection.get(HttpConnection.java:170)
	at comom.Util.readUrlDocument(Util.java:94)
	at interfaces.search.PontoFrioSearch.readEachProduct(PontoFrioSearch.java:76)
	at interfaces.search.PontoFrioSearch.search(PontoFrioSearch.java:47)
	at objects.Shop.searchProduct(Shop.java:33)
	at Main.generateHtmlReport(Main.java:89)
	at Main.main(Main.java:58)
Tentando conectar Na Url de outro modo
		Nome do Produto: The Legend of Zelda: Majoras Mask 3D - 3DS
http://search.pontofrio.com.br/search?p=R&srid=S3-USESD01&lbc=pontofrio-br&w=Zelda%20Majora%20Mask&url=http%3a%2f%2fproduto.pontofrio.com.br%2f5567550%3f&rk=4&uid=283928921&sid=2&ts=custom&rsc=4TPzvnAa%3aj94w%3aZe&method=and&isort=score&view=grid
	Tempo Para buscar: 50471
Loja: Ricardo Eletro
	URL Principal: http://www.ricardoeletro.com.br/
	URL Busca: http://www.ricardoeletro.com.br/Busca/Resultado/?q=<BUSCA>
http://www.ricardoeletro.com.br/Busca/Resultado/?q=Zelda+Majora+Mask
		Documento Lido
		Resultados: 0
	Tempo Para buscar: 914
Loja: RiHappy
	URL Principal: http://www.rihappy.com.br/
	URL Busca: http://www.rihappy.com.br/<BUSCA>
http://www.rihappy.com.br/Zelda%20Majora%20Mask
		Documento Lido
		Resultados: 0
	Tempo Para buscar: 1236
Loja: Saraiva
	URL Principal: http://www.saraiva.com.br/
	URL Busca: http://busca.saraiva.com.br/search?w=<BUSCA>&PAC_ID=129457&ts=ajax
http://busca.saraiva.com.br/search?w=Zelda+Majora+Mask&PAC_ID=129457&ts=ajax
		Documento Lido
		Resultados: 2
		Nome do Produto: Multifuncional HP Officej...
			Igorando Pelo Filtro de Nome...
		Nome do Produto: Vade Mecum Saraiva Compac...
			Igorando Pelo Filtro de Nome...
	Tempo Para buscar: 270
Loja: Shop Facil
	URL Principal: http://ww2.shopfacil.com.br/
	URL Busca: http://ww2.shopfacil.com.br/<BUSCA>
http://ww2.shopfacil.com.br/Zelda%20Majora%20Mask
		Documento Lido
		Resultados: 0
	Tempo Para buscar: 1700
Loja: Shop Time
	URL Principal: http://www.shoptime.com.br/
	URL Busca: http://busca.shoptime.com.br/busca.php?q=<BUSCA>
http://busca.shoptime.com.br/busca.php?q=Zelda+Majora+Mask
		Documento Lido
		Resultados: 2
		Nome do Produto: The Legend Of Zelda Majoras Mask N3ds The Legend Of Zelda: Majoras Mask 3d - 3ds
http://www.shoptime.com.br/produto/9957089/the-legend-of-zelda-majoras-mask-n3ds
		Acessando URL do produto.
		Nome do Produto: The Legend Of Zelda Majoras Mask N3ds The Legend Of Zelda: Majoras Mask 3d - 3ds
http://www.shoptime.com.br/produto/9938424/the-legend-of-zelda-majoras-mask-3d-3ds
		Acessando URL do produto.
	Tempo Para buscar: 994
Loja: ShopB
	URL Principal: http://www.shopb.com.br/
	URL Busca: http://busca.shopb.com.br/?busca=<BUSCA>
http://busca.shopb.com.br/?busca=Zelda+Majora+Mask
		Documento Lido
		Resultados: 31
		Nome do Produto: The Legend of Zelda: Majoras Mask 3D - 3DS
http://shopb.ecommercesearch.com.br/Busca/Redir?url=http%3a%2f%2fwww.shopb.com.br%2fecommerce_site%2findex.php%3fpg%3dproduto%26cdg%3d4488%26idp%3d39222%26idparceiro%3dp1&esid=39222
		Acessando URL do produto.
		Nome do Produto: Adidas miCoach - PS3
			Igorando Pelo Filtro de Nome...
		Nome do Produto: Advanced GamerBoard G13 - Logitech
			Igorando Pelo Filtro de Nome...
		Nome do Produto: Amplitude - PS3
			Igorando Pelo Filtro de Nome...
		Nome do Produto: Amplitude - PS4
			Igorando Pelo Filtro de Nome...
		Nome do Produto: Arcana Heart 3: Love Max !!!!! - PS Vita
			Igorando Pelo Filtro de Nome...
		Nome do Produto: Bandfuse Rock Legends: Artists Pack - PS3
			Igorando Pelo Filtro de Nome...
		Nome do Produto: Bateria e Carregador para Controle XBOX ONE Battery Pack - Hyper Mega
			Igorando Pelo Filtro de Nome...
		Nome do Produto: Boneco Disney Infinity 3.0: Mickey - PS3 / PS4 / XBOX 360 / XBOX ONE
			Igorando Pelo Filtro de Nome...
		Nome do Produto: Boneco Disney Infinity: Mike - XBOX 360, PS3
			Igorando Pelo Filtro de Nome...
		Nome do Produto: Caixas de Som Multimídia - K-Mex
			Igorando Pelo Filtro de Nome...
		Nome do Produto: Caixas de Som Speaker SP-0300 - K-Mex
			Igorando Pelo Filtro de Nome...
		Nome do Produto: Cartão Xbox Live Gold 01 Mês
			Igorando Pelo Filtro de Nome...
		Nome do Produto: Cartão Xbox Live Gold 03 Meses
			Igorando Pelo Filtro de Nome...
		Nome do Produto: Cartão de Memória Micro SD - 16 GB - Kingston
			Igorando Pelo Filtro de Nome...
		Nome do Produto: Cartão de Memória Micro SD - 8 GB - Kingston
			Igorando Pelo Filtro de Nome...
		Nome do Produto: Celular Blu Jenny TV Dual Sim com Câmera integrada, TV, Rádio FM/AM e Micro SD - Branco
			Igorando Pelo Filtro de Nome...
		Nome do Produto: Celular Blu Jenny TV Dual Sim com Câmera integrada, TV, Rádio FM/AM e Micro SD - Branco / Azul
			Igorando Pelo Filtro de Nome...
		Nome do Produto: Celular Blu Jenny TV Dual Sim com Câmera integrada, TV, Rádio FM/AM e Micro SD - Branco / Rosa
			Igorando Pelo Filtro de Nome...
		Nome do Produto: Celular Blu Life Play Android 4.2 c/ Câmera integrada 8 MP, 16 GB, 1.5 Ghz, 1 GB Ram e Micro SD - Amarelo
			Igorando Pelo Filtro de Nome...
		Nome do Produto: Celular Blu Life Play Android 4.2 c/ Câmera integrada 8 MP, 16 GB, 1.5 Ghz, 1 GB Ram e Micro SD - Azul
			Igorando Pelo Filtro de Nome...
		Nome do Produto: Celular Blu Life Play Android 4.2 c/ Câmera integrada 8 MP, 16 GB, 1.5 Ghz, 1 GB Ram e Micro SD - Branco
			Igorando Pelo Filtro de Nome...
		Nome do Produto: Celular Blu Life Play Android 4.2 c/ Câmera integrada 8 MP, 16 GB, 1.5 Ghz, 1 GB Ram e Micro SD - Cinza
			Igorando Pelo Filtro de Nome...
		Nome do Produto: Celular Blu Life Play Android 4.2 c/ Câmera integrada 8 MP, 16 GB, 1.5 Ghz, 1 GB Ram e Micro SD - Rosa
			Igorando Pelo Filtro de Nome...
		Nome do Produto: Celular Blu Samba JR Teclado Qwerty com Câmera integrada 1.3MP, Dual Sim, Rádio FM e Micro SD - Prata
			Igorando Pelo Filtro de Nome...
		Nome do Produto: Celular Blu Samba JR Teclado Qwerty com Câmera integrada 1.3MP, Dual Sim, Rádio FM e Micro SD - Vermelho
			Igorando Pelo Filtro de Nome...
		Nome do Produto: Celular Blu Samba TV Dual Chip com Câmera integrada, TV, Rádio FM e Micro SD - Branco / Azul
			Igorando Pelo Filtro de Nome...
		Nome do Produto: Celular Blu Samba TV Dual Chip com Câmera integrada, TV, Rádio FM e Micro SD - Branco / Rosa
			Igorando Pelo Filtro de Nome...
		Nome do Produto: Celular Blu Samba TV Dual Chip com Câmera integrada, TV, Rádio FM e Micro SD - Preto / Azul
			Igorando Pelo Filtro de Nome...
		Nome do Produto: Celular Blu Samba W Teclado Qwerty com Câmera integrada, Wi-Fi, Rádio FM/AM e Micro SD - Azul
			Igorando Pelo Filtro de Nome...
		Nome do Produto: Celular Blu Samba W Teclado Qwerty com Câmera integrada, Wi-Fi, Rádio FM/AM e Micro SD - Cinza
			Igorando Pelo Filtro de Nome...
	Tempo Para buscar: 2127
Loja: Submarino
	URL Principal: http://www.submarino.com.br/
	URL Busca: http://busca.submarino.com.br/busca.php?q=<BUSCA>
http://busca.submarino.com.br/busca.php?q=Zelda+Majora+Mask
		Documento Lido
		Resultados: 2
		Nome do Produto: The Legend Of Zelda: Majoras Mask 3d - 3ds
http://www.submarino.com.br/produto/9938424/the-legend-of-zelda-majoras-mask-3d-3ds
		Acessando URL do produto.
		Nome do Produto: The Legend Of Zelda Majoras Mask N3ds
http://www.submarino.com.br/produto/9957089/the-legend-of-zelda-majoras-mask-n3ds
		Acessando URL do produto.
	Tempo Para buscar: 1051
Loja: Walmart
	URL Principal: http://www.walmart.com.br/
	URL Busca: http://www.walmart.com.br/busca/?ft=<BUSCA>&PS=20
http://www.walmart.com.br/busca/?ft=Zelda+Majora+Mask&PS=20
		Documento Lido
		Resultados: 1
		Nome do Produto: The Legend of Zelda Majoras Mask 3D 3DS
http://www.walmart.com.br//the-legend-of-zelda-majoras-mask-3d-3ds/3294904/pr
		Acessando URL do produto.
	Tempo Para buscar: 1182

File copied from C:\java\workspace Estudo\lookforprices\resources\imports\css.css to C:\java\workspace Estudo\lookforprices\reports\2015-09-09 16\css.css
File copied from C:\java\workspace Estudo\lookforprices\resources\imports\jquery.js to C:\java\workspace Estudo\lookforprices\reports\2015-09-09 16\jquery.js
File copied from C:\java\workspace Estudo\lookforprices\resources\imports\scripts.js to C:\java\workspace Estudo\lookforprices\reports\2015-09-09 16\scripts.js
Tempo total de execução: 115149
