Game: donkey kong country returns
Loja: Nintendo eShop
	URL Principal: http://www.nintendo.com/3ds/eshop
	URL Busca: http://www.nintendo.com/json/content/get/game/filter?&&&&qterm=<BUSCA>
NintendoEShopSearch.search() http://www.nintendo.com/json/content/get/game/filter?&&&&qterm=donkey+kong+country+returns
		Documento Lido
		Resultados: 3
		Nome do Produto: Donkey Kong Country Returns 3D
http://www.nintendo.com/games/detail/zp2Ns75itEVaf0PoEIyv49f2MEBspSeA
		Acessando URL do produto.
URL = http://www.nintendo.com/games/detail/zp2Ns75itEVaf0PoEIyv49f2MEBspSeA
		Nome do Produto: Mario Kart 7
			Igorando Pelo Filtro de Nome...
		Nome do Produto: Donkey Kong Country Returns
http://www.nintendo.com/games/detail/eg4kKvQUjm_NuRUr5LgHM3eoAsFwzOU1
		Acessando URL do produto.
URL = http://www.nintendo.com/games/detail/eg4kKvQUjm_NuRUr5LgHM3eoAsFwzOU1
	Tempo Para buscar: 1715
Loja: Americanas
	URL Principal: http://www.americanas.com.br/
	URL Busca: http://busca.americanas.com.br/busca.php?q=<BUSCA>
http://busca.americanas.com.br/busca.php?q=donkey+kong+country+returns
		Documento Lido
		Resultados: 4
		Nome do Produto: Knex Mario Kart - Kart Donkey Kong - Multilaser
			Igorando Pelo Filtro de Nome...
		Nome do Produto: DVD Julien Donkey Boy
			Igorando Pelo Filtro de Nome...
		Nome do Produto: CD Carter Usm - Straw Donkey: the Singles (Importado)
			Igorando Pelo Filtro de Nome...
		Nome do Produto: Livro - Classic Tales Level 1: Mansour and the Donkey - e-Book & Audio Pack
			Igorando Pelo Filtro de Nome...
	Tempo Para buscar: 1309
Loja: Big Boy Games
	URL Principal: http://www.bigboygames.com.br/
	URL Busca: http://www.bigboygames.com.br/pesquisa/?p=<BUSCA>
http://www.bigboygames.com.br/pesquisa/?p=donkey+kong+country+returns
		Documento Lido
		Resultados: 2
		Nome do Produto: Wii - Donkey Kong Country Returns
http://www.bigboygames.com.br/wii-donkey-kong-country-returns-p2327/
		Acessando URL do produto.
		Nome do Produto: 3DS - Donkey Kong Country Returns 3D
http://www.bigboygames.com.br/3ds-donkey-kong-country-returns-3d-p4977/
		Acessando URL do produto.
	Tempo Para buscar: 4430
Loja: Casas Bahia
	URL Principal: http://www.casasbahia.com.br/
	URL Busca: http://buscas.casasbahia.com.br/search?w=<BUSCA>
http://buscas.casasbahia.com.br/search?w=donkey+kong+country+returns
		Documento Lido
		Resultados: 1
		Nome do Produto: Livro - Nos Bastidores da Nintendo: o Jeito Wii de Reinventar Negócios e Transformar Clientes em Fãs - Jeff Ryan
			Igorando Pelo Filtro de Nome...
		Nome do Produto: Kong the 8th Wonder of the World - Level 2 - Coleen Degnan Veness
			Igorando Pelo Filtro de Nome...
		Nome do Produto: Livro + CD - Five Famous Fairy Tales - Level 2 - Jane Rollason
			Igorando Pelo Filtro de Nome...
		Nome do Produto: Livro - Brazil (Inglês)
			Igorando Pelo Filtro de Nome...
		Nome do Produto: Livro - A Espera - Ha Jin
			Igorando Pelo Filtro de Nome...
		Nome do Produto: Jogo Sleeping Dogs Definitive Edition para Download - PC
			Igorando Pelo Filtro de Nome...
		Nome do Produto: DVD - Chet Atkins: A Tribute To Chet Atkins - Importado
			Igorando Pelo Filtro de Nome...
		Nome do Produto: CD - Billy Ray Cyrus: I'm American
			Igorando Pelo Filtro de Nome...
		Nome do Produto: Livro - Garota, Traduzida
			Igorando Pelo Filtro de Nome...
		Nome do Produto: Livro - Nove Dragões
			Igorando Pelo Filtro de Nome...
		Nome do Produto: DVD - Coleção Jackie Chan - Volume 7 - 3 Discos
			Igorando Pelo Filtro de Nome...
		Nome do Produto: DVD - Coleção Jackie Chan - Volume 11 - 3 Discos
			Igorando Pelo Filtro de Nome...
		Nome do Produto: DVD - Máscara Negra
			Igorando Pelo Filtro de Nome...
		Nome do Produto: DVD - Zaroff - O Caçador de Vidas
			Igorando Pelo Filtro de Nome...
		Nome do Produto: The Heinle Reading Library Illustrated Classics - The Time Machine - Level A
			Igorando Pelo Filtro de Nome...
		Nome do Produto: A Tangled Web
			Igorando Pelo Filtro de Nome...
		Nome do Produto: The Sugar Glider
			Igorando Pelo Filtro de Nome...
		Nome do Produto: Livro + CD - Killer Bees - Level 2 - Jane Rollason
			Igorando Pelo Filtro de Nome...
		Nome do Produto: DVD - Gloria Estefan: Que Siga La Tradicion - Importado
			Igorando Pelo Filtro de Nome...
		Nome do Produto: The Man with Two Shadows and Other Ghost Stories - With CD-Audio - Thomas Hood
			Igorando Pelo Filtro de Nome...
	Tempo Para buscar: 1137
Loja: Extra
	URL Principal: http://www.extra.com.br/
	URL Busca: http://buscando.extra.com.br/search?w=<BUSCA>
http://buscando.extra.com.br/search?w=donkey+kong+country+returns
		Documento Lido
		Resultados: 12
		Nome do Produto: Livro - Nos Bastidores da Nintendo: o Jeito Wii de Reinventar Negócios e Transformar Clientes em Fãs - Jeff Ryan
			Igorando Pelo Filtro de Nome...
		Nome do Produto: Kong the 8th Wonder of the World - Level 2 - Coleen Degnan Veness
			Igorando Pelo Filtro de Nome...
		Nome do Produto: DVD - O Filho De Kong
			Igorando Pelo Filtro de Nome...
		Nome do Produto: Manu Gavassi - Clichê Adolescente - CD
			Igorando Pelo Filtro de Nome...
		Nome do Produto: Lightning Returns Final Fantasy Xbox 360
			Igorando Pelo Filtro de Nome...
		Nome do Produto: Livro + CD - Five Famous Fairy Tales - Level 2 - Jane Rollason
			Igorando Pelo Filtro de Nome...
		Nome do Produto: DVD - Julien Donkey Boy
			Igorando Pelo Filtro de Nome...
		Nome do Produto: Livro - A Espera - Ha Jin
			Igorando Pelo Filtro de Nome...
		Nome do Produto: Jogo Sleeping Dogs Definitive Edition para Download - PC
			Igorando Pelo Filtro de Nome...
		Nome do Produto: Livro - Brazil (Inglês)
			Igorando Pelo Filtro de Nome...
		Nome do Produto: Livro - Nove Dragões - Edição de Bolso - Michael Connelly
			Igorando Pelo Filtro de Nome...
		Nome do Produto: King Kong
			Igorando Pelo Filtro de Nome...
	Tempo Para buscar: 1563
Loja: Fast Games
	URL Principal: http://www.fastgames.com.br/
	URL Busca: http://www.fastgames.com.br/loja/busca.php?loja=187970&palavra_busca=<BUSCA>
http://www.fastgames.com.br/loja/busca.php?loja=187970&palavra_busca=donkey+kong+country+returns
		Documento Lido
		Resultados: 3
		Nome do Produto: Donkey Kong Country Returns - Wii
http://www.fastgames.com.br//donkey-kong-country-returns-wii-pr-2067-187970.htm
		Acessando URL do produto.
		Nome do Produto: Donkey Kong Country Returns 3D - 3DS
http://www.fastgames.com.br//donkey-kong-country-returns-3d-3ds-pr-6405-187970.htm
		Acessando URL do produto.
		Nome do Produto: Mario Kart 7 - 3DS
			Igorando Pelo Filtro de Nome...
	Tempo Para buscar: 5615
Loja: Fast Shop
	URL Principal: http://www.fastshop.com.br/loja/
	URL Busca: http://www.fastshop.com.br/webapp/wcs/stores/servlet/SearchDisplay?searchTerm=<BUSCA>&categoryId=&storeId=10151&catalogId=11052&langId=-6&pageSize=9&beginIndex=0&sType=SimpleSearch&resultCatEntryType=2&showResultsPage=true&searchSource=Q&pageView=&hotsite=fastshop
http://www.fastshop.com.br/webapp/wcs/stores/servlet/SearchDisplay?searchTerm=donkey+kong+country+returns&categoryId=&storeId=10151&catalogId=11052&langId=-6&pageSize=9&beginIndex=0&sType=SimpleSearch&resultCatEntryType=2&showResultsPage=true&searchSource=Q&pageView=&hotsite=fastshop
		Documento Lido
		Resultados: 0
	Tempo Para buscar: 511
Loja: FNAC
	URL Principal: http://www.fnac.com.br/index.html
	URL Busca: http://busca.fnac.com.br/?busca=<BUSCA>
http://busca.fnac.com.br/?busca=donkey+kong+country+returns
		Documento Lido
		Resultados: 20
		Nome do Produto: Wii U Donkey Kong Country Tropical Freeze
			Igorando Pelo Filtro de Nome...
		Nome do Produto: Wonderland (DVD)
			Igorando Pelo Filtro de Nome...
		Nome do Produto: Country Collection
			Igorando Pelo Filtro de Nome...
		Nome do Produto: Live Over Europe (2 DVDs)
			Igorando Pelo Filtro de Nome...
		Nome do Produto: King Kong (DVD)
			Igorando Pelo Filtro de Nome...
		Nome do Produto: King Kong E Cervejas
			Igorando Pelo Filtro de Nome...
		Nome do Produto: Women And Country
			Igorando Pelo Filtro de Nome...
		Nome do Produto: Hit Man Returns (cd+dvd)
			Igorando Pelo Filtro de Nome...
		Nome do Produto: Hit Mans Returns (blu-ray)
			Igorando Pelo Filtro de Nome...
		Nome do Produto: King Kong - Reel Heroes (DVD)
			Igorando Pelo Filtro de Nome...
		Nome do Produto: Hong Kong - Seu Guia Passo A Passo
			Igorando Pelo Filtro de Nome...
		Nome do Produto: Hit Man Returns (blu-ray + CD)
			Igorando Pelo Filtro de Nome...
		Nome do Produto: Brasil - O País E O Povo / Brazil - The Country And The People
			Igorando Pelo Filtro de Nome...
		Nome do Produto: Fodor`s Argentina - With Wine Country And Chilean Patagonia
			Igorando Pelo Filtro de Nome...
		Nome do Produto: Arritmias Cardíacas - Rotinas do Centro de Arritmia do Hospital Israelita Albert Einstein
			Igorando Pelo Filtro de Nome...
		Nome do Produto: Chaos A.d.
			Igorando Pelo Filtro de Nome...
		Nome do Produto: Best Of Gipsy Kings
			Igorando Pelo Filtro de Nome...
		Nome do Produto: Originals - B.b. King
			Igorando Pelo Filtro de Nome...
		Nome do Produto: Superman - O Retorno (DVD)
			Igorando Pelo Filtro de Nome...
		Nome do Produto: Dança Macabra
			Igorando Pelo Filtro de Nome...
	Tempo Para buscar: 1591
Loja: Kabum
	URL Principal: http://www.kabum.com.br/
	URL Busca: http://www.kabum.com.br/cgi-local/site/listagem/listagem.cgi?string=<BUSCA>&btnG=
http://www.kabum.com.br/cgi-local/site/listagem/listagem.cgi?string=donkey+kong+country+returns&btnG=
		Documento Lido
		Resultados: 0
	Tempo Para buscar: 697
Loja: Livraria Cultura
	URL Principal: http://www.livrariacultura.com.br/
	URL Busca: http://www.livrariacultura.com.br/busca?N=0&Ntt=<BUSCA>
http://www.livrariacultura.com.br/busca?N=0&Ntt=donkey+kong+country+returns
		Documento Lido
		Resultados: 6
		Nome do Produto: DONKEY KONG COUNTRY RETURNS 3D
http://www.livrariacultura.com.br/p/donkey-kong-country-returns-3d-42744959
		Acessando URL do produto.
		Nome do Produto: DONKEY KONG COUNTRY RETURNS [WITH POSTER]
http://www.livrariacultura.com.br/p/donkey-kong-country-returns-with-poster-22770638
		Acessando URL do produto.
		Nome do Produto: GAME FREAKS 365’S VIDEO GAME GUIDE 2011
			Igorando Pelo Filtro de Nome...
		Nome do Produto: GAME FREAKS 365'S WII REVIEW GUIDE
			Igorando Pelo Filtro de Nome...
		Nome do Produto: DONKEY KONG COUNTRY RETURNS 3D (3DS)
http://www.livrariacultura.com.br/p/donkey-kong-country-returns-3d-3ds-42112046
		Acessando URL do produto.
		Nome do Produto: DONKEY KONG COUNTRY RETURNS (WII)
http://www.livrariacultura.com.br/p/donkey-kong-country-returns-wii-15013857
		Acessando URL do produto.
	Tempo Para buscar: 2624
Loja: Magazine Luiza
	URL Principal: http://www.magazineluiza.com.br/
	URL Busca: http://www.magazineluiza.com.br/busca/<BUSCA>/
http://www.magazineluiza.com.br/busca/donkey+kong+country+returns/
		Documento Lido
		Resultados: 1
		Nome do Produto: Donkey Kong Country Returns 3D para Nintendo 3DS - Nintendo
http://www.magazineluiza.com.br//donkey-kong-country-returns-3d-para-nintendo-3ds-nintendo/p/0884342/ga/gads/?_b=donkey+kong+country+returns
		Acessando URL do produto.
	Tempo Para buscar: 545
Loja: Mula Games
	URL Principal: http://www.mulagames.com.br/
	URL Busca: http://www.mulagames.com.br/produtos-index/catalogo_produtos/-/-/<BUSCA>/-/-/-/-/-/
http://www.mulagames.com.br/produtos-index/catalogo_produtos/-/-/donkey%20kong%20country%20returns/-/-/-/-/-/
		Documento Lido
		Resultados: 2
		Nome do Produto: Donkey Kong Country Returns 3D - 3DS
http://www.mulagames.com.br/Donkey-Kong-Country-Returns-3D-3DS/prod-1344698/
		Acessando URL do produto.
http://www.mulagames.com.br/produto-ajax_retorna_dados_preco_comprar/1344698
		Acessando URL do preço produto.
		Nome do Produto: Donkey Kong Country Returns - Wii
http://www.mulagames.com.br/Donkey-Kong-Country-Returns-Wii/prod-468321/
		Acessando URL do produto.
http://www.mulagames.com.br/produto-ajax_retorna_dados_preco_comprar/468321
		Acessando URL do preço produto.
	Tempo Para buscar: 3346
Loja: Net Shoes
	URL Principal: http://www.netshoes.com.br/
	URL Busca: http://www.netshoes.com.br/search?Ntt=<BUSCA>
http://www.netshoes.com.br/search?Ntt=donkey+kong+country+returns
		Documento Lido
		Resultados: 14
		Nome do Produto: Mochila Puma Country
			Igorando Pelo Filtro de Nome...
		Nome do Produto: Chuteira Puma Momentta Country IT
			Igorando Pelo Filtro de Nome...
		Nome do Produto: Chuteira Puma Momentta Country IT
			Igorando Pelo Filtro de Nome...
		Nome do Produto: Mochila Puma Country
			Igorando Pelo Filtro de Nome...
		Nome do Produto: Bota Ferracini New Country
			Igorando Pelo Filtro de Nome...
		Nome do Produto: Camiseta Adidas Country
			Igorando Pelo Filtro de Nome...
		Nome do Produto: Camiseta Adidas Country
			Igorando Pelo Filtro de Nome...
		Nome do Produto: Camiseta Adidas Country
			Igorando Pelo Filtro de Nome...
		Nome do Produto: Jaqueta Timberland Country Hiker c/ Capuz
			Igorando Pelo Filtro de Nome...
		Nome do Produto: Bota Freeway Absolut 1
			Igorando Pelo Filtro de Nome...
		Nome do Produto: Bota Freeway Jipe 15
			Igorando Pelo Filtro de Nome...
		Nome do Produto: Bota Freeway Absolut 1
			Igorando Pelo Filtro de Nome...
		Nome do Produto: Bota Freeway Jipe 15
			Igorando Pelo Filtro de Nome...
		Nome do Produto: Bota Freeway Jipe 14
			Igorando Pelo Filtro de Nome...
	Tempo Para buscar: 259
Loja: Ponto Frio
	URL Principal: http://www.pontofrio.com.br/
	URL Busca: http://search.pontofrio.com.br/search?w=<BUSCA>
http://search.pontofrio.com.br/search?w=donkey+kong+country+returns
		Documento Lido
		Resultados: 1
		Nome do Produto: Livro - Nos Bastidores da Nintendo: o Jeito Wii de Reinventar Negócios e Transformar Clientes em Fãs - Jeff Ryan
			Igorando Pelo Filtro de Nome...
		Nome do Produto: Kong the 8th Wonder of the World - Level 2 - Coleen Degnan Veness
			Igorando Pelo Filtro de Nome...
		Nome do Produto: Livro + CD - Five Famous Fairy Tales - Level 2 - Jane Rollason
			Igorando Pelo Filtro de Nome...
		Nome do Produto: Livro - Brazil (Inglês)
			Igorando Pelo Filtro de Nome...
		Nome do Produto: Livro - A Espera - Ha Jin
			Igorando Pelo Filtro de Nome...
		Nome do Produto: Livro - A Supremacia Bourne
			Igorando Pelo Filtro de Nome...
		Nome do Produto: Jogo Sleeping Dogs Definitive Edition para Download - PC
			Igorando Pelo Filtro de Nome...
		Nome do Produto: DVD - Chet Atkins: A Tribute To Chet Atkins - Importado
			Igorando Pelo Filtro de Nome...
		Nome do Produto: CD - Billy Ray Cyrus: I'm American
			Igorando Pelo Filtro de Nome...
		Nome do Produto: DVD - Fernando e Sorocaba: Bala de Prata Ao Vivo - Musicpac
			Igorando Pelo Filtro de Nome...
		Nome do Produto: Livro - Nove Dragões - Edição de Bolso - Michael Connelly
			Igorando Pelo Filtro de Nome...
		Nome do Produto: Livro - Garota, Traduzida
			Igorando Pelo Filtro de Nome...
		Nome do Produto: Livro - First Readers - The Inspector’s Holidays
			Igorando Pelo Filtro de Nome...
		Nome do Produto: Livro - Nove Dragões
			Igorando Pelo Filtro de Nome...
		Nome do Produto: DVD - Coleção Jackie Chan - Volume 7 - 3 Discos
			Igorando Pelo Filtro de Nome...
		Nome do Produto: DVD - Coleção Jackie Chan - Volume 11 - 3 Discos
			Igorando Pelo Filtro de Nome...
		Nome do Produto: DVD - Máscara Negra
			Igorando Pelo Filtro de Nome...
		Nome do Produto: DVD - Zaroff - O Caçador de Vidas
			Igorando Pelo Filtro de Nome...
		Nome do Produto: DVD - Queensrÿche: Mindcrime at The Moore - Duplo - Importado
			Igorando Pelo Filtro de Nome...
		Nome do Produto: The Heinle Reading Library Illustrated Classics - The Time Machine - Level A
			Igorando Pelo Filtro de Nome...
		Nome do Produto: Livro - Nos Bastidores da Nintendo: o Jeito Wii de Reinventar Negócios e Transformar Clientes em Fãs - Jeff Ryan
			Igorando Pelo Filtro de Nome...
		Nome do Produto: Kong the 8th Wonder of the World - Level 2 - Coleen Degnan Veness
			Igorando Pelo Filtro de Nome...
		Nome do Produto: Livro + CD - Five Famous Fairy Tales - Level 2 - Jane Rollason
			Igorando Pelo Filtro de Nome...
		Nome do Produto: Livro - Brazil (Inglês)
			Igorando Pelo Filtro de Nome...
		Nome do Produto: Livro - A Espera - Ha Jin
			Igorando Pelo Filtro de Nome...
		Nome do Produto: Livro - A Supremacia Bourne
			Igorando Pelo Filtro de Nome...
		Nome do Produto: Jogo Sleeping Dogs Definitive Edition para Download - PC
			Igorando Pelo Filtro de Nome...
		Nome do Produto: DVD - Chet Atkins: A Tribute To Chet Atkins - Importado
			Igorando Pelo Filtro de Nome...
		Nome do Produto: CD - Billy Ray Cyrus: I'm American
			Igorando Pelo Filtro de Nome...
		Nome do Produto: DVD - Fernando e Sorocaba: Bala de Prata Ao Vivo - Musicpac
			Igorando Pelo Filtro de Nome...
		Nome do Produto: Livro - Nove Dragões - Edição de Bolso - Michael Connelly
			Igorando Pelo Filtro de Nome...
		Nome do Produto: Livro - Garota, Traduzida
			Igorando Pelo Filtro de Nome...
		Nome do Produto: Livro - First Readers - The Inspector’s Holidays
			Igorando Pelo Filtro de Nome...
		Nome do Produto: Livro - Nove Dragões
			Igorando Pelo Filtro de Nome...
		Nome do Produto: DVD - Coleção Jackie Chan - Volume 7 - 3 Discos
			Igorando Pelo Filtro de Nome...
		Nome do Produto: DVD - Coleção Jackie Chan - Volume 11 - 3 Discos
			Igorando Pelo Filtro de Nome...
		Nome do Produto: DVD - Máscara Negra
			Igorando Pelo Filtro de Nome...
		Nome do Produto: DVD - Zaroff - O Caçador de Vidas
			Igorando Pelo Filtro de Nome...
		Nome do Produto: DVD - Queensrÿche: Mindcrime at The Moore - Duplo - Importado
			Igorando Pelo Filtro de Nome...
		Nome do Produto: The Heinle Reading Library Illustrated Classics - The Time Machine - Level A
			Igorando Pelo Filtro de Nome...
	Tempo Para buscar: 939
Loja: Ricardo Eletro
	URL Principal: http://www.ricardoeletro.com.br/
	URL Busca: http://www.ricardoeletro.com.br/Busca/Resultado/?q=<BUSCA>
http://www.ricardoeletro.com.br/Busca/Resultado/?q=donkey+kong+country+returns
		Documento Lido
		Resultados: 0
	Tempo Para buscar: 1294
Loja: RiHappy
	URL Principal: http://www.rihappy.com.br/
	URL Busca: http://www.rihappy.com.br/<BUSCA>
http://www.rihappy.com.br/donkey%20kong%20country%20returns
		Documento Lido
		Resultados: 18
		Nome do Produto: Carro de Controle Remoto - Batmóvel Batman Returns 1989 - Candide - Controle Remoto
			Igorando Pelo Filtro de Nome...
		Nome do Produto: Playmobil Country - Trilha em Mountain Spring - 5424 - Cenários Temáticos (Playsets)
			Igorando Pelo Filtro de Nome...
		Nome do Produto: Playmobil Country - Equipe de Resgate da Montanha com Maca - 5430 - Cenários Temáticos (Playsets)
			Igorando Pelo Filtro de Nome...
		Nome do Produto: Jogo Nintendo Wii U - Super Smach Bros - Jogos
			Igorando Pelo Filtro de Nome...
		Nome do Produto: Knex Figura Sortida Mario Kart - MultiKids - Outras Marcas
			Igorando Pelo Filtro de Nome...
		Nome do Produto: Carro de Controle Remoto - Mini Countryman WRC - 1:16 - Nikko - Controle Remoto
			Igorando Pelo Filtro de Nome...
		Nome do Produto: Carro Road Rippers - Hatchbacks - Mini Countryman WRC - DTC - Carrinhos
			Igorando Pelo Filtro de Nome...
		Nome do Produto: Jogo Nintendo 3DS - Donkey Kong Country Returns 3D - Jogos
http://www.rihappy.com.br/jogo-nintendo-3ds-donkey-kong-country-returns-3d/p
		Acessando URL do produto.
		Nome do Produto: Jogo Nintendo Wii U - Donkey Kong Country - Tropical Freeze - Jogos
			Igorando Pelo Filtro de Nome...
		Nome do Produto: Playmobil Country - Alpinista - 5423 - Cenários Temáticos (Playsets)
			Igorando Pelo Filtro de Nome...
		Nome do Produto: Playmobil Country - Fazenda dos Pôneis - Sunny - Cenários Temáticos (Playsets)
			Igorando Pelo Filtro de Nome...
		Nome do Produto: Playmobil Country - Quadriciclo de Resgate - 5429 - Cenários Temáticos (Playsets)
			Igorando Pelo Filtro de Nome...
		Nome do Produto: Playset Fazenda Eletrônica Country Farm - Keenway - Cenários Temáticos (Playsets)
			Igorando Pelo Filtro de Nome...
		Nome do Produto: Playmobil - Country - Grande Fazenda de Cavalos - 5221 - Cenários Temáticos (Playsets)
			Igorando Pelo Filtro de Nome...
		Nome do Produto: Playmobil - Country - Tratadora com Cavalos - 5227 - Cenários Temáticos (Playsets)
			Igorando Pelo Filtro de Nome...
		Nome do Produto: Playmobil Country - Socorrista com Cão de Busca - 5431 - Cenários Temáticos (Playsets)
			Igorando Pelo Filtro de Nome...
		Nome do Produto: Playmobil Campo - 40o. Aniversário - Set de Pôneis + Charrete - 5457 - Cenários Temáticos (Playsets)
			Igorando Pelo Filtro de Nome...
		Nome do Produto: Playmobil Campo - Box Secreto Estábulo - 5418 - Cenários Temáticos (Playsets)
			Igorando Pelo Filtro de Nome...
	Tempo Para buscar: 2047
Loja: Saraiva
	URL Principal: http://www.saraiva.com.br/
	URL Busca: http://busca.saraiva.com.br/search?w=<BUSCA>&PAC_ID=129457&ts=ajax
http://busca.saraiva.com.br/search?w=donkey+kong+country+returns&PAC_ID=129457&ts=ajax
		Documento Lido
		Resultados: 30
		Nome do Produto: BIRD RETURNS (BONUS TRACKS) (RMST)
			Igorando Pelo Filtro de Nome...
		Nome do Produto: Kong
			Igorando Pelo Filtro de Nome...
		Nome do Produto: Kong
			Igorando Pelo Filtro de Nome...
		Nome do Produto: Kong
			Igorando Pelo Filtro de Nome...
		Nome do Produto: Donkey Cons
			Igorando Pelo Filtro de Nome...
		Nome do Produto: Donkey Gospel
			Igorando Pelo Filtro de Nome...
		Nome do Produto: DONKEY SERENADE
			Igorando Pelo Filtro de Nome...
		Nome do Produto: Scarecrow Returns
			Igorando Pelo Filtro de Nome...
		Nome do Produto: Superman Returns
			Igorando Pelo Filtro de Nome...
		Nome do Produto: Superman Returns
			Igorando Pelo Filtro de Nome...
		Nome do Produto: Superman Returns
			Igorando Pelo Filtro de Nome...
		Nome do Produto: Beauty Returns
			Igorando Pelo Filtro de Nome...
		Nome do Produto: Superman Returns
			Igorando Pelo Filtro de Nome...
		Nome do Produto: Superman Returns
			Igorando Pelo Filtro de Nome...
		Nome do Produto: Superman Returns
			Igorando Pelo Filtro de Nome...
		Nome do Produto: Unexpected Returns
			Igorando Pelo Filtro de Nome...
		Nome do Produto: Exceptional Returns
			Igorando Pelo Filtro de Nome...
		Nome do Produto: Abiyoyo Returns
			Igorando Pelo Filtro de Nome...
		Nome do Produto: Abiyoyo Returns
			Igorando Pelo Filtro de Nome...
		Nome do Produto: Goldilocks Returns
			Igorando Pelo Filtro de Nome...
		Nome do Produto: Lunar Returns
			Igorando Pelo Filtro de Nome...
		Nome do Produto: Abiyoyo Returns
			Igorando Pelo Filtro de Nome...
		Nome do Produto: Goldilocks Returns
			Igorando Pelo Filtro de Nome...
		Nome do Produto: Happy Returns
			Igorando Pelo Filtro de Nome...
		Nome do Produto: Happy Returns
			Igorando Pelo Filtro de Nome...
		Nome do Produto: Gaspar Returns
			Igorando Pelo Filtro de Nome...
		Nome do Produto: Pistache Returns
			Igorando Pelo Filtro de Nome...
		Nome do Produto: The Purpose Driven Donkey
			Igorando Pelo Filtro de Nome...
		Nome do Produto: My Donkey Body
			Igorando Pelo Filtro de Nome...
		Nome do Produto: King Donkey Ears
			Igorando Pelo Filtro de Nome...
	Tempo Para buscar: 4654
Loja: Shop Facil
	URL Principal: http://ww2.shopfacil.com.br/
	URL Busca: http://ww2.shopfacil.com.br/<BUSCA>
http://ww2.shopfacil.com.br/donkey%20kong%20country%20returns
		Documento Lido
		Resultados: 15
		Nome do Produto: Kong the 8th Wonder of the World - Level 2 - Coleen Degnan Veness
			Igorando Pelo Filtro de Nome...
		Nome do Produto: DVD - Julien Donkey Boy
			Igorando Pelo Filtro de Nome...
		Nome do Produto: Livro - King Kong
			Igorando Pelo Filtro de Nome...
		Nome do Produto: DVD - Arrebentando Hong Kong
			Igorando Pelo Filtro de Nome...
		Nome do Produto: DVD - King Kong
			Igorando Pelo Filtro de Nome...
		Nome do Produto: Livro - King Kong e Cervejas
			Igorando Pelo Filtro de Nome...
		Nome do Produto: Carro de Controle Remoto - Batmóvel Batman Returns 1989 - Candide
			Igorando Pelo Filtro de Nome...
		Nome do Produto: Jogo Lightning Returns: Final Fantasy XIII - PS3
			Igorando Pelo Filtro de Nome...
		Nome do Produto: Jogo Lightning Returns: Final Fantasy XIII - Xbox 360
			Igorando Pelo Filtro de Nome...
		Nome do Produto: DVD + Brinde - Coleção Reel Heroes - King Kong
			Igorando Pelo Filtro de Nome...
		Nome do Produto: CD - Disney Adventures in Country
			Igorando Pelo Filtro de Nome...
		Nome do Produto: DVD - Batman - O Cavaleiro Das Trevas: Parte 2 - Batman - The Dark Knight Returns
			Igorando Pelo Filtro de Nome...
		Nome do Produto: Livro - Hong Kong e Outros Poemas - Antonio Moura
			Igorando Pelo Filtro de Nome...
		Nome do Produto: Playmobil Country - Trilha em Mountain Spring - 5424
			Igorando Pelo Filtro de Nome...
		Nome do Produto: Violão Jumbo Cutway Country Club Dolphin
			Igorando Pelo Filtro de Nome...
	Tempo Para buscar: 1387
Loja: Shop Time
	URL Principal: http://www.shoptime.com.br/
	URL Busca: http://busca.shoptime.com.br/busca.php?q=<BUSCA>
http://busca.shoptime.com.br/busca.php?q=donkey+kong+country+returns
		Documento Lido
		Resultados: 3
		Nome do Produto: DVD Julien Donkey Boy CD Carter Usm - Straw Donkey: the Singles (Importado) Livro - Classic Tales Level 1: Mansour and the Donkey - e-Book & Audio...
			Igorando Pelo Filtro de Nome...
		Nome do Produto: DVD Julien Donkey Boy CD Carter Usm - Straw Donkey: the Singles (Importado) Livro - Classic Tales Level 1: Mansour and the Donkey - e-Book & Audio...
			Igorando Pelo Filtro de Nome...
		Nome do Produto: DVD Julien Donkey Boy CD Carter Usm - Straw Donkey: the Singles (Importado) Livro - Classic Tales Level 1: Mansour and the Donkey - e-Book & Audio...
			Igorando Pelo Filtro de Nome...
	Tempo Para buscar: 1198
Loja: ShopB
	URL Principal: http://www.shopb.com.br/
	URL Busca: http://busca.shopb.com.br/?busca=<BUSCA>
http://busca.shopb.com.br/?busca=donkey+kong+country+returns
		Documento Lido
		Resultados: 30
		Nome do Produto: Adidas miCoach - PS3
			Igorando Pelo Filtro de Nome...
		Nome do Produto: BAJA: Edge of Control - PS3
			Igorando Pelo Filtro de Nome...
		Nome do Produto: Base Cooler em Alumínio para Notebook - Cool King
			Igorando Pelo Filtro de Nome...
		Nome do Produto: Bateria e Carregador para Controle XBOX 360 - Play n Charge Preta - Microsoft
			Igorando Pelo Filtro de Nome...
		Nome do Produto: Capa Silicone Controle XBOX 360 Branco
			Igorando Pelo Filtro de Nome...
		Nome do Produto: Capa Silicone Controle XBOX 360 Verde
			Igorando Pelo Filtro de Nome...
		Nome do Produto: Carregador Duplo Power & Play Charging System para PS3 - Energizer
			Igorando Pelo Filtro de Nome...
		Nome do Produto: Carregador Quadruplo p/ Controles Wireless Charging Station - PS3
			Igorando Pelo Filtro de Nome...
		Nome do Produto: Carregador para 2 Controles Wireless Charging Station - PS4
			Igorando Pelo Filtro de Nome...
		Nome do Produto: Carregador para Controles Playstation Move - Original Sony - PS3
			Igorando Pelo Filtro de Nome...
		Nome do Produto: Carregador para Controles Playstation Move - PS3
			Igorando Pelo Filtro de Nome...
		Nome do Produto: Command & Conquer Kanes Wrath 3 - XBOX 360
			Igorando Pelo Filtro de Nome...
		Nome do Produto: Console Nintendo Wii + 3 Controles + Acessórios - Branco
			Igorando Pelo Filtro de Nome...
		Nome do Produto: Controle Arcade Atrox para XBOX 360 - Razer
			Igorando Pelo Filtro de Nome...
		Nome do Produto: Controle Dualshock 3 Com fio Medal of Honor Warfighter - PS3
			Igorando Pelo Filtro de Nome...
		Nome do Produto: Controle Flex Avaí - Com Fio - NEO
			Igorando Pelo Filtro de Nome...
		Nome do Produto: Controle Flex Fluminense - Com Fio - NEO
			Igorando Pelo Filtro de Nome...
		Nome do Produto: Controle Flex Santos - Com Fio - NEO
			Igorando Pelo Filtro de Nome...
		Nome do Produto: Controle Kolke c/ fio Dualshock 2 - PS2
			Igorando Pelo Filtro de Nome...
		Nome do Produto: Controle Motion Controller - Ps Move PS3 - Sony
			Igorando Pelo Filtro de Nome...
		Nome do Produto: Controle Playstation 3 - Wireless - Sem Fio - NEO
			Igorando Pelo Filtro de Nome...
		Nome do Produto: Controle Racing HKS- PS3
			Igorando Pelo Filtro de Nome...
		Nome do Produto: Controle Tomb Raider Wireless - XBOX 360
			Igorando Pelo Filtro de Nome...
		Nome do Produto: Controle USB 2 em 1 Dual Shock Duplo PC e PS3
			Igorando Pelo Filtro de Nome...
		Nome do Produto: Controle Wii U Wireless - Pro Controller - Branco - Original
			Igorando Pelo Filtro de Nome...
		Nome do Produto: Controle Wii U Wireless - Pro Controller - Preto - Original
			Igorando Pelo Filtro de Nome...
		Nome do Produto: Controle Wireless Cromado Prata: Edição Especial - XBOX 360
			Igorando Pelo Filtro de Nome...
		Nome do Produto: Controle Wireless Cromado Preto: Edição Especial - XBOX 360
			Igorando Pelo Filtro de Nome...
		Nome do Produto: Controle Wireless Cromado Roxo: Edição Especial - XBOX 360
			Igorando Pelo Filtro de Nome...
		Nome do Produto: Controle Wireless Dualshock 3 - PS3
			Igorando Pelo Filtro de Nome...
	Tempo Para buscar: 906
Loja: Submarino
	URL Principal: http://www.submarino.com.br/
	URL Busca: http://busca.submarino.com.br/busca.php?q=<BUSCA>
http://busca.submarino.com.br/busca.php?q=donkey+kong+country+returns
		Documento Lido
		Resultados: 4
		Nome do Produto: Knex Mario Kart - Kart Donkey Kong - Multilaser
			Igorando Pelo Filtro de Nome...
		Nome do Produto: DVD Julien Donkey Boy
			Igorando Pelo Filtro de Nome...
		Nome do Produto: CD Carter Usm - Straw Donkey: the Singles (Importado)
			Igorando Pelo Filtro de Nome...
		Nome do Produto: Livro - Classic Tales Level 1: Mansour and the Donkey - e-Book & Audio Pack
			Igorando Pelo Filtro de Nome...
	Tempo Para buscar: 1111
Loja: Walmart
	URL Principal: http://www.walmart.com.br/
	URL Busca: http://www.walmart.com.br/busca/?ft=<BUSCA>&PS=20
http://www.walmart.com.br/busca/?ft=donkey+kong+country+returns&PS=20
		Documento Lido
		Resultados: 1
		Nome do Produto: (Pré-venda) Wii U Donkey Kong: Country Tropical Freeze
			Igorando Pelo Filtro de Nome...
	Tempo Para buscar: 1434

File copied from C:\java\rep\lookforprices\resources\imports\css.css to C:\java\rep\lookforprices\reports\2015-01-21 15\css.css
File copied from C:\java\rep\lookforprices\resources\imports\jquery.js to C:\java\rep\lookforprices\reports\2015-01-21 15\jquery.js
File copied from C:\java\rep\lookforprices\resources\imports\scripts.js to C:\java\rep\lookforprices\reports\2015-01-21 15\scripts.js
Tempo total de execução: 40331
