Game: Kingdom Hearts 3D
Loja: Nintendo eShop
	URL Principal: http://www.nintendo.com/3ds/eshop
	URL Busca: http://www.nintendo.com/json/content/get/game/filter?&&&&qterm=<BUSCA>
NintendoEShopSearch.search() http://www.nintendo.com/json/content/get/game/filter?&&&&qterm=Kingdom+Hearts+3D
		Documento Lido
		Resultados: 2
		Nome do Produto: Kingdom Hearts 3D [Dream Drop Distance]
http://www.nintendo.com/games/detail/lMsdY4sAuNaMvikXHPN53UOKQYL-5UM8
		Acessando URL do produto.
URL = http://www.nintendo.com/games/detail/lMsdY4sAuNaMvikXHPN53UOKQYL-5UM8
		Nome do Produto: Heroes of Mana
			Igorando Pelo Filtro de Nome...
	Tempo Para buscar: 1075
Loja: Americanas
	URL Principal: http://www.americanas.com.br/
	URL Busca: http://busca.americanas.com.br/busca.php?q=<BUSCA>
http://busca.americanas.com.br/busca.php?q=Kingdom+Hearts+3D
		Documento Lido
		Resultados: 2
		Nome do Produto: Boneco Kingdom Hearts Head Knocker Riku - Gibi Brinquedos
			Igorando Pelo Filtro de Nome...
		Nome do Produto: Game - Kingdom Hearts HD 2.5 ReMIX - PS3
			Igorando Pelo Filtro de Nome...
	Tempo Para buscar: 1173
Loja: Big Boy Games
	URL Principal: http://www.bigboygames.com.br/
	URL Busca: http://www.bigboygames.com.br/pesquisa/?p=<BUSCA>
http://www.bigboygames.com.br/pesquisa/?p=Kingdom+Hearts+3D
		Documento Lido
		Resultados*: 1
		Acessando URL do produto.
	Tempo Para buscar: 5696
Loja: Casas Bahia
	URL Principal: http://www.casasbahia.com.br/
	URL Busca: http://buscas.casasbahia.com.br/search?w=<BUSCA>
http://buscas.casasbahia.com.br/search?w=Kingdom+Hearts+3D
		Documento Lido
		Resultados: 1
		Nome do Produto: Game Hearts of Iron 3 Collection para Download - PC
			Igorando Pelo Filtro de Nome...
		Nome do Produto: The Prisoner of Zenda - Level 5 - Anthony Hope
			Igorando Pelo Filtro de Nome...
		Nome do Produto: Jogo Grotesque Tactics 2 - Dungeons And Donuts para Download - PC
			Igorando Pelo Filtro de Nome...
		Nome do Produto: Fl-Porta Mamadeira Silver Kingdom
			Igorando Pelo Filtro de Nome...
		Nome do Produto: Almofadinha Kingdom Branco Gifts
			Igorando Pelo Filtro de Nome...
		Nome do Produto: DVD - Moving Hearts: Live in Dublin - Importado
			Igorando Pelo Filtro de Nome...
		Nome do Produto: Livro - Guia Essencial Para o 3D em Flash - Rob Bateman e Richard Olsson
			Igorando Pelo Filtro de Nome...
		Nome do Produto: Livro - Curso Completo - Autocad 3D 2010
			Igorando Pelo Filtro de Nome...
		Nome do Produto: Kit de 2 Óculos 3D Samsung P51002/ZD – Preto
			Igorando Pelo Filtro de Nome...
		Nome do Produto: Monitor LED 3D com Painel IPS 27" Full HD 278G4DHSD PHILIPS
			Igorando Pelo Filtro de Nome...
		Nome do Produto: Livro - Autocad 2011 3D: Utilizando Totalmente - Roquemar Baldam
			Igorando Pelo Filtro de Nome...
		Nome do Produto: Livro - AutoCAD 2012 3D Avançado: Modelagem e Render Com Mental Ray
			Igorando Pelo Filtro de Nome...
		Nome do Produto: Livro - Curso Completo - AutoCAD 3D 2013 - João Santos
			Igorando Pelo Filtro de Nome...
		Nome do Produto: Livro - AutoCAD 2009: um Novo Conceito de Modelagem 3D e Renderização
			Igorando Pelo Filtro de Nome...
		Nome do Produto: Livro - Gataca - Franck Thilliez
			Igorando Pelo Filtro de Nome...
		Nome do Produto: Game The Settlers 7: Paths to a Kingdom DLC Pack 2 para Download - PC
			Igorando Pelo Filtro de Nome...
		Nome do Produto: Fl-Bolsa Lia Silver Kingdom
			Igorando Pelo Filtro de Nome...
		Nome do Produto: Óculos 3D Samsung SSG-3570CR/ZD - Preto
			Igorando Pelo Filtro de Nome...
		Nome do Produto: Óculos 3D Samsung SSG5100GB/ZD - Preto
			Igorando Pelo Filtro de Nome...
		Nome do Produto: Adesivo Flores em 3D parte em 3D não reposicionável - Roommates
			Igorando Pelo Filtro de Nome...
	Tempo Para buscar: 1954
Loja: Extra
	URL Principal: http://www.extra.com.br/
	URL Busca: http://buscando.extra.com.br/search?w=<BUSCA>
http://buscando.extra.com.br/search?w=Kingdom+Hearts+3D
		Documento Lido
		Resultados: 12
		Nome do Produto: Kingdom Hearts 1.5 HD Remix PS3
			Igorando Pelo Filtro de Nome...
		Nome do Produto: Case 3D New Drive para Galaxy S3 Hearts SX-022
			Igorando Pelo Filtro de Nome...
		Nome do Produto: Game Hearts of Iron 3 Collection para Download - PC
			Igorando Pelo Filtro de Nome...
		Nome do Produto: Fl-Porta Mamadeira Silver Kingdom
			Igorando Pelo Filtro de Nome...
		Nome do Produto: Almofadinha Kingdom Branco Gifts
			Igorando Pelo Filtro de Nome...
		Nome do Produto: Projetor Multimidia Acer Mrjh51100K P1173 Dlp 3000 Ansi Lumens Svga Hdmi 3D Ready 800X600
			Igorando Pelo Filtro de Nome...
		Nome do Produto: 4 Óculos 3D Passivo LG Polarizado AG-F310 Compatíveis Com As Séries LM E LW E Outras Marcas
			Igorando Pelo Filtro de Nome...
		Nome do Produto: 2 Óculos 3D Cinema LG AG-F200 LK950 LW4500 LW5700 LW6500 LW9800
			Igorando Pelo Filtro de Nome...
		Nome do Produto: DVD - Moving Hearts: Live in Dublin - Importado
			Igorando Pelo Filtro de Nome...
		Nome do Produto: Livro - SGT Pepper's Lonely Hearts Club Band: um Ano na Vida dos Beatles e Amigos - Clinton Heylin
			Igorando Pelo Filtro de Nome...
		Nome do Produto: Monitor LED/IPS Philips 27" - 3D, FULL HD, HDMI - 278G4DHSD
			Igorando Pelo Filtro de Nome...
		Nome do Produto: Mini Princesas Disney Mattel Bela Adormecida Little Kingdom - 6 Figuras
			Igorando Pelo Filtro de Nome...
	Tempo Para buscar: 2004
Loja: Fast Games
	URL Principal: http://www.fastgames.com.br/
	URL Busca: http://www.fastgames.com.br/loja/busca.php?loja=187970&palavra_busca=<BUSCA>
http://www.fastgames.com.br/loja/busca.php?loja=187970&palavra_busca=Kingdom+Hearts+3D
		Documento Lido
		Resultados: 1
		Nome do Produto: Kingdom Hearts 3D: Dream Drop Distance - 3DS
http://www.fastgames.com.br//kingdom-hearts-3d-dream-drop-distance--3ds-pr-3704-187970.htm
		Acessando URL do produto.
	Tempo Para buscar: 3182
Loja: Fast Shop
	URL Principal: http://www.fastshop.com.br/loja/
	URL Busca: http://www.fastshop.com.br/webapp/wcs/stores/servlet/SearchDisplay?searchTerm=<BUSCA>&categoryId=&storeId=10151&catalogId=11052&langId=-6&pageSize=9&beginIndex=0&sType=SimpleSearch&resultCatEntryType=2&showResultsPage=true&searchSource=Q&pageView=&hotsite=fastshop
http://www.fastshop.com.br/webapp/wcs/stores/servlet/SearchDisplay?searchTerm=Kingdom+Hearts+3D&categoryId=&storeId=10151&catalogId=11052&langId=-6&pageSize=9&beginIndex=0&sType=SimpleSearch&resultCatEntryType=2&showResultsPage=true&searchSource=Q&pageView=&hotsite=fastshop
		Documento Lido
		Resultados: 0
	Tempo Para buscar: 628
Loja: FNAC
	URL Principal: http://www.fnac.com.br/index.html
	URL Busca: http://busca.fnac.com.br/?busca=<BUSCA>
http://busca.fnac.com.br/?busca=Kingdom+Hearts+3D
		Documento Lido
		Resultados: 20
		Nome do Produto: Tragic Kingdom
			Igorando Pelo Filtro de Nome...
		Nome do Produto: Moonrise Kingdom (blu-ray)
			Igorando Pelo Filtro de Nome...
		Nome do Produto: Little Broken Hearts
			Igorando Pelo Filtro de Nome...
		Nome do Produto: Little Broken Hearts (2 CDs)
			Igorando Pelo Filtro de Nome...
		Nome do Produto: Sgt Pepper's Lonely Hearts Club Band
			Igorando Pelo Filtro de Nome...
		Nome do Produto: Nurse 3D (bluray 3D)
			Igorando Pelo Filtro de Nome...
		Nome do Produto: Box 3D Kids (bluray 3D) (3 Discos)
			Igorando Pelo Filtro de Nome...
		Nome do Produto: Rio (blu-ray 3D)
			Igorando Pelo Filtro de Nome...
		Nome do Produto: Padre (bluray 3D)
			Igorando Pelo Filtro de Nome...
		Nome do Produto: New Blood (bluray 3D)
			Igorando Pelo Filtro de Nome...
		Nome do Produto: Piranha 2 (bluray 3D)
			Igorando Pelo Filtro de Nome...
		Nome do Produto: Carros (bluray 3D)
			Igorando Pelo Filtro de Nome...
		Nome do Produto: Turbo (blu-ray 3D)
			Igorando Pelo Filtro de Nome...
		Nome do Produto: Autocad 2014 3D Avançado
			Igorando Pelo Filtro de Nome...
		Nome do Produto: Uma Aventura Lego (bluray 3D)
			Igorando Pelo Filtro de Nome...
		Nome do Produto: Godzilla (bluray 3D)
			Igorando Pelo Filtro de Nome...
		Nome do Produto: Bolt - Supercão (bluray 3D)
			Igorando Pelo Filtro de Nome...
		Nome do Produto: Lanterna Verde (bluray 3D)
			Igorando Pelo Filtro de Nome...
		Nome do Produto: Glow Board 3D
			Igorando Pelo Filtro de Nome...
		Nome do Produto: Caio em 3D Decada de 70
			Igorando Pelo Filtro de Nome...
	Tempo Para buscar: 1406
Loja: Kabum
	URL Principal: http://www.kabum.com.br/
	URL Busca: http://www.kabum.com.br/cgi-local/site/listagem/listagem.cgi?string=<BUSCA>&btnG=
http://www.kabum.com.br/cgi-local/site/listagem/listagem.cgi?string=Kingdom+Hearts+3D&btnG=
		Documento Lido
		Resultados: 0
	Tempo Para buscar: 288
Loja: Livraria Cultura
	URL Principal: http://www.livrariacultura.com.br/
	URL Busca: http://www.livrariacultura.com.br/busca?N=0&Ntt=<BUSCA>
http://www.livrariacultura.com.br/busca?N=0&Ntt=Kingdom+Hearts+3D
		Documento Lido
		Resultados: 8
		Nome do Produto: KINGDOM HEARTS 2014
			Igorando Pelo Filtro de Nome...
		Nome do Produto: KINGDOM HEARTS: ULTIMATE FAN GUIDE
			Igorando Pelo Filtro de Nome...
		Nome do Produto: GAME FREAKS 365'S NINTENDO 3DS GUIDE
			Igorando Pelo Filtro de Nome...
		Nome do Produto: MALEFICENT 186 SUCCESS SECRETS - 186 MOST ASKED
			Igorando Pelo Filtro de Nome...
		Nome do Produto: DREAMING AND FICTION
			Igorando Pelo Filtro de Nome...
		Nome do Produto: DONALD DUCK VIDEO GAMES
			Igorando Pelo Filtro de Nome...
		Nome do Produto: THE GAME ANIMATOR'S GUIDE TO MAYA
			Igorando Pelo Filtro de Nome...
		Nome do Produto: ALYSON STONER 76 SUCCESS FACTS - EVERYTHING YOU
			Igorando Pelo Filtro de Nome...
	Tempo Para buscar: 731
Loja: Magazine Luiza
	URL Principal: http://www.magazineluiza.com.br/
	URL Busca: http://www.magazineluiza.com.br/busca/<BUSCA>/
http://www.magazineluiza.com.br/busca/Kingdom+Hearts+3D/
		Documento Lido
		Resultados: 60
		Nome do Produto: Blu-ray Player 3D LG BP740 Ultra HD - Conexão HDMI e USB DivxHD
			Igorando Pelo Filtro de Nome...
		Nome do Produto: Blu-ray 3D LG BP440 Full HD - Conexão HDMI USB
			Igorando Pelo Filtro de Nome...
		Nome do Produto: Blu-ray 3D Philips BDP5600X/78 Full HD - HDMI MP3 Player Wi-Fi DLNA
			Igorando Pelo Filtro de Nome...
		Nome do Produto: TV LED 3D 49" LG 49LB6200 Full HD 1080p - Conversor Integrado 2 HDMI 1 USB
			Igorando Pelo Filtro de Nome...
		Nome do Produto: Smart TV LED 3D 47" LG 47LB6500 Full HD 1080p - Conversor Integrado DTV 3 HDMI 3 USB Wi-Fi WebOS
			Igorando Pelo Filtro de Nome...
		Nome do Produto: Smart TV LED 3D 42" LG 42LB6500 Full HD 1080p - Conversor Integrado DTV 3 HDMI 3 USB Wi-Fi WebOS
			Igorando Pelo Filtro de Nome...
		Nome do Produto: Smart TV LED 3D 46" Samsung UN46H6203AG Full HD - Conversor Integrado 2 HDMI 2 USB Wi-Fi 2 Óculos
			Igorando Pelo Filtro de Nome...
		Nome do Produto: Smart TV LED 3D 47" Philips 47PFG6519 Full HD - Conversor Integrado 3 HDMI 2 USB Wi-Fi 4 Óculos 3D
			Igorando Pelo Filtro de Nome...
		Nome do Produto: Smart TV LED 3D 65" Philips 65PFG7459 Full HD - Conversor Integrado 4 HDMI 2 USB Wi-Fi Ambilight
			Igorando Pelo Filtro de Nome...
		Nome do Produto: Smart TV LED 3D 55" Philips 55PFG6809 Full HD - Conversor Integrado 3 HDMI 2 USB Wi-Fi
			Igorando Pelo Filtro de Nome...
		Nome do Produto: Smart TV LED 3D 60" Sony W855B Full HD 1080p - Conversor Integrado 4 HDMI 2 USB Wi-Fi 2 Óculos
			Igorando Pelo Filtro de Nome...
		Nome do Produto: TV LED 3D 42" LG 42LB6200 Full HD 1080p - Conversor Integrado 2 HDMI 1 USB 2 Óculos
			Igorando Pelo Filtro de Nome...
		Nome do Produto: Smart TV LED 3D 46" Samsung UN46H6203AG Full HD - Conversor Integrado + TV Câmera Skype Zoom 3x USB
			Igorando Pelo Filtro de Nome...
		Nome do Produto: Smart TV LED Curva 3D 48" Samsung UN48H8000AG - Full HD Conversor Integrado 4 HDMI 3 USB Wi-Fi
			Igorando Pelo Filtro de Nome...
		Nome do Produto: Smart TV LED Curva 3D 78" Samsung HU9000 Ultra HD - Conversor Integrado 4 HDMI 3 USB Wi-Fi
			Igorando Pelo Filtro de Nome...
		Nome do Produto: Smart TV LED 3D 55" LG 55LB6500 Full HD 1080p - Conversor Integrado DTV 3 HDMI 3 USB Wi-Fi WebOS
			Igorando Pelo Filtro de Nome...
		Nome do Produto: Smart TV LED 3D 70" LG LB7200 Full HD - Conversor Integrado 3 HDMI 3 USB Wi-Fi 4 Óculos
			Igorando Pelo Filtro de Nome...
		Nome do Produto: Smart TV LED 3D 47" LG LB7050 Full HD - Conversor Integrado 3 HDMI 3 USB Wi-Fi 4 Óculos
			Igorando Pelo Filtro de Nome...
		Nome do Produto: Smart TV LED 3D 60" LG 60LB6500 Full HD 1080p - Conversor Integrado DTV 3 HDMI 3 USB Wi-Fi WebOS
			Igorando Pelo Filtro de Nome...
		Nome do Produto: Smart TV LED 3D 40" Samsung UN40H6400AG Full HD - Conversor Integrado 4 HDMI 3 USB Wi-Fi 2 Óculos
			Igorando Pelo Filtro de Nome...
		Nome do Produto: Smart TV LED 3D 40" Samsung UN40H6203AG Full HD - Conversor Integrado 2 HDMI 2 USB Wi-Fi 2 Óculos
			Igorando Pelo Filtro de Nome...
		Nome do Produto: Smart TV OLED 3D 55" LG Gallery 55EA8800 Full HD - Conversor Integrado 4 HDMI 3 USB Wi-Fi
			Igorando Pelo Filtro de Nome...
		Nome do Produto: Smart TV Slim LED 3D 55" Philips 55PFG6519 Full HD - Conv. Integrado 3 HDMI 2 USB Wi-Fi 4 Óculos
			Igorando Pelo Filtro de Nome...
		Nome do Produto: Smart TV LED 3D 40" Philips 40PFG6309/78 Full HD - Conversor Integrado 3 HDMI 2 USB Wi-Fi
			Igorando Pelo Filtro de Nome...
		Nome do Produto: Smart TV OLED Curva 3D 55" EA9850 Full HD - Conversor Integrado 4 HDMI 3 USB Wi-Fi 4 Óculos
			Igorando Pelo Filtro de Nome...
		Nome do Produto: Smart TV LED Curva 3D 55" Samsung UN55H8000 - Full HD Conv Integrado 4 + TV Câmera Skype Zoom 3x
			Igorando Pelo Filtro de Nome...
		Nome do Produto: Smart TV LED Curva 3D 55" Samsung UN55H8000 - Full HD Conv Integrado 4 HDMI 3 USB Wi-Fi 2 Óculos
			Igorando Pelo Filtro de Nome...
		Nome do Produto: Smart TV LED 3D 65" LG 65UB9500 Ultra HD/4K - Conversor Integrado 4 HDMI 3 USB Wi-Fi 4 Óculos
			Igorando Pelo Filtro de Nome...
		Nome do Produto: Smart TV LED 3D 55" LG 55UB8300 4k Ultra HD - Conversor Integrado 3 HDMI 3 USB Wi-Fi 4 Óculos
			Igorando Pelo Filtro de Nome...
		Nome do Produto: Smart TV LED 3D 49" LG 49UB8300 4k Ultra HD - Conv. Integrado 3 HDMI 3 USB Wi-Fi 4 Óculos
			Igorando Pelo Filtro de Nome...
		Nome do Produto: Smart TV LED 3D 79" LG UB9800 Ultra HD/4K - Conversor Integrado 4 HDMI 3 USB Wi-Fi 4 Óculos
			Igorando Pelo Filtro de Nome...
		Nome do Produto: Smart TV LED 3D 55" LG LB7000 Full HD - Conversor Integrado 3 HDMI 3 USB Wi-Fi 4 Óculos
			Igorando Pelo Filtro de Nome...
		Nome do Produto: Smart TV LED 3D 42" Philips 6000 Series 6510 - Full HD Conv. Integrado 3 HDMI 2 USB 4 Óculos 3D
			Igorando Pelo Filtro de Nome...
		Nome do Produto: Smart TV LED 3D 55" LG UB8500 4k Ultra HD - Conv. Integrado 4 HDMI 3 USB Wi-Fi 4 Óculos WebOS
			Igorando Pelo Filtro de Nome...
		Nome do Produto: Smart TV LED Curva 3D 55" Samsung UN55HU8700G - Ultra HD Conversor Integrado 4 HDMI 3 USB Wi-Fi
			Igorando Pelo Filtro de Nome...
		Nome do Produto: Smart TV LED Curva 3D 65" Samsung UN65H8000AG - Full HD Conversor Integrado 4 HDMI 3 USB Wi-Fi
			Igorando Pelo Filtro de Nome...
		Nome do Produto: Smart TV LED Curva 3D 65" Samsung UN65HU9000 - Ultra HD Conversor Integrado 4 HDMI 3 USB 2 Wi-Fi
			Igorando Pelo Filtro de Nome...
		Nome do Produto: Smart TV LED Curva 3D 65" Samsung UN65HU8700G - Ultra HD Conversor Integrado 4 HDMI 3 USB Wi-Fi
			Igorando Pelo Filtro de Nome...
		Nome do Produto: Smart TV LED 3D 85" Samsung UN85HU8500GX Ultra HD - Conversor Integrado 4 HDMI 3 USB Wi-Fi
			Igorando Pelo Filtro de Nome...
		Nome do Produto: Smart TV LED Curva 3D 65" Samsung UN65H8000AG - Full HD Conversor Integrado + TV Câmera Skype
			Igorando Pelo Filtro de Nome...
		Nome do Produto: Smart TV LED 3D 65" LG LA9650 4k/Ultra HD - Conversor Integrado 3 HDMI 3 USB Wi-Fi 6 Óculos
			Igorando Pelo Filtro de Nome...
		Nome do Produto: Smart TV LED 3D 55" Sony XBR-55X855A Ultra HD 4k - Conversor Integrado 4 HDMI Wi-fi 4 Óculos 3D
			Igorando Pelo Filtro de Nome...
		Nome do Produto: Smart TV LED 55" LG UB8200 Ultra HD/4K - Conversor Integrado 3 HDMI 3 USB Wi-Fi
			Igorando Pelo Filtro de Nome...
		Nome do Produto: Smart TV LED 3D 65" Sony X905 4k/Ultra HD - Conversor Integrado 4 HDMI 3 USB Wi-Fi 4 Óculos
			Igorando Pelo Filtro de Nome...
		Nome do Produto: Smart TV LED 55" Samsung UN55H6103 Full HD - Conversor Integrado 2 HDMI 2 USB Wi-Fi
			Igorando Pelo Filtro de Nome...
		Nome do Produto: Panela de Pressão 4,5 Litros - 3D 46017
			Igorando Pelo Filtro de Nome...
		Nome do Produto: Kingdom Hearts HD 2.5 ReMIX para PS3 - Square Enix
			Igorando Pelo Filtro de Nome...
		Nome do Produto: Óculos 3D Passivo LG AG-F210 - Compatível com TV LG 3D Passivo
			Igorando Pelo Filtro de Nome...
		Nome do Produto: Óculos Kit Gamer 3D - Philips
			Igorando Pelo Filtro de Nome...
		Nome do Produto: Kit com 02 Óculos 3D Ativo Samsung SSG-P51002/ZD - Compatível com Tv LED e Plasma
			Igorando Pelo Filtro de Nome...
		Nome do Produto: Colchão Casal Mola Pocket 138x188cm - Castor Kingdom
			Igorando Pelo Filtro de Nome...
		Nome do Produto: Colchão Castor Queen Size Mola Pocket 158x198cm - Kingdom
			Igorando Pelo Filtro de Nome...
		Nome do Produto: Colchão Castor King Size Mola Pocket 193x203cm - Gold Star Kingdom
			Igorando Pelo Filtro de Nome...
		Nome do Produto: Pantufa Coiote 3D em Plush - Ricsen
			Igorando Pelo Filtro de Nome...
		Nome do Produto: Gloss Labial Brilhante Effet 3D - Cor 29 Rose Chacrismatic - Bourjois
			Igorando Pelo Filtro de Nome...
		Nome do Produto: Gloss Labial Brilhante Effet 3D - Cor 01 Beige Elastic - Bourjois
			Igorando Pelo Filtro de Nome...
		Nome do Produto: Gloss Volumizador Effet 3D - Cor 12 Brun Delight - Bourjois
			Igorando Pelo Filtro de Nome...
		Nome do Produto: Gloss Labial Brilhante Effet 3D Cor 33 Brun Poetic - Bourjois
			Igorando Pelo Filtro de Nome...
		Nome do Produto: Tablet DL 3D MaxView 8GB Tela 7" Wi-Fi Android 4.0 - Processador Cortex Câmera 2MP Óculos 3D
			Igorando Pelo Filtro de Nome...
		Nome do Produto: Shampoo Biotropic Universidade Monstro Mike 3D - 380 ml
			Igorando Pelo Filtro de Nome...
	Tempo Para buscar: 611
Loja: Mula Games
	URL Principal: http://www.mulagames.com.br/
	URL Busca: http://www.mulagames.com.br/produtos-index/catalogo_produtos/-/-/<BUSCA>/-/-/-/-/-/
http://www.mulagames.com.br/produtos-index/catalogo_produtos/-/-/Kingdom%20Hearts%203D/-/-/-/-/-/
		Documento Lido
		Resultados: 1
		Nome do Produto: Kingdom Hearts 3D: Dream Drop Distance - 3DS
http://www.mulagames.com.br/Kingdom-Hearts-3D--Dream-Drop-Distance-3DS/prod-598700/
		Acessando URL do produto.
http://www.mulagames.com.br/produto-ajax_retorna_dados_preco_comprar/598700
		Acessando URL do preço produto.
	Tempo Para buscar: 2062
Loja: Net Shoes
	URL Principal: http://www.netshoes.com.br/
	URL Busca: http://www.netshoes.com.br/search?Ntt=<BUSCA>
http://www.netshoes.com.br/search?Ntt=Kingdom+Hearts+3D
		Documento Lido
		Resultados: 23
		Nome do Produto: Jack 3D 135 g - USPlabs
			Igorando Pelo Filtro de Nome...
		Nome do Produto: Sandália Crocs Genna 2 Hearts Flat Infantil
			Igorando Pelo Filtro de Nome...
		Nome do Produto: Sandália Crocs Genna 2 Hearts Flat Infantil
			Igorando Pelo Filtro de Nome...
		Nome do Produto: RedWay 3D 300 g - Midway
			Igorando Pelo Filtro de Nome...
		Nome do Produto: Estádio Arena da Gávea Flamengo - Maquete em 3D p/ Montar
			Igorando Pelo Filtro de Nome...
		Nome do Produto: Pack 3D 300 g - Atlhetica Nutrition
			Igorando Pelo Filtro de Nome...
		Nome do Produto: Arnold 3D - 120 Tabs - Arnold Nutrition
			Igorando Pelo Filtro de Nome...
		Nome do Produto: Sandália Crocs Genna 2 Hearts Flat Infantil
			Igorando Pelo Filtro de Nome...
		Nome do Produto: Sandália Crocs Genna 2 Hearts Flat Infantil
			Igorando Pelo Filtro de Nome...
		Nome do Produto: Adaptador 3D Hero System GoPro
			Igorando Pelo Filtro de Nome...
		Nome do Produto: Bota Salomon Xa Pro 3D Mid Ltr Goretex
			Igorando Pelo Filtro de Nome...
		Nome do Produto: Tênis Salomon XA Pro 3D
			Igorando Pelo Filtro de Nome...
		Nome do Produto: Tênis Skechers Floating Hearts Infantil
			Igorando Pelo Filtro de Nome...
		Nome do Produto: Tênis Salomon XA Pro 3D Ultra 2
			Igorando Pelo Filtro de Nome...
		Nome do Produto: Sandália Crocs Airy Hearts Flat OS Infantil
			Igorando Pelo Filtro de Nome...
		Nome do Produto: Tênis Salomon Xa Pro 3D Mid LTR Goretex
			Igorando Pelo Filtro de Nome...
		Nome do Produto: Tênis Salomon Xa Pro 3D Ultra 2
			Igorando Pelo Filtro de Nome...
		Nome do Produto: Camisa Feminina Super Bolla Sampaio Corrêa III 2013 nº 10
			Igorando Pelo Filtro de Nome...
		Nome do Produto: Camisa Feminina Super Bolla Sampaio Corrêa II 2013 nº 10
			Igorando Pelo Filtro de Nome...
		Nome do Produto: Tênis Rainha Seul
			Igorando Pelo Filtro de Nome...
		Nome do Produto: Tênis Rainha Seul
			Igorando Pelo Filtro de Nome...
		Nome do Produto: Bota Salomon Conquest Goretex
			Igorando Pelo Filtro de Nome...
		Nome do Produto: Tênis Rainha Seul
			Igorando Pelo Filtro de Nome...
	Tempo Para buscar: 175
Loja: Ponto Frio
	URL Principal: http://www.pontofrio.com.br/
	URL Busca: http://search.pontofrio.com.br/search?w=<BUSCA>
http://search.pontofrio.com.br/search?w=Kingdom+Hearts+3D
		Documento Lido
		Resultados: 1
		Nome do Produto: Game Hearts of Iron 3 Collection para Download - PC
			Igorando Pelo Filtro de Nome...
		Nome do Produto: The Prisoner of Zenda - Level 5 - Anthony Hope
			Igorando Pelo Filtro de Nome...
		Nome do Produto: Jogo Grotesque Tactics 2 - Dungeons And Donuts para Download - PC
			Igorando Pelo Filtro de Nome...
		Nome do Produto: Fl-Porta Mamadeira Silver Kingdom
			Igorando Pelo Filtro de Nome...
		Nome do Produto: Almofadinha Kingdom Branco Gifts
			Igorando Pelo Filtro de Nome...
		Nome do Produto: Babador Bandana Tribeca 182655 - Mini Hearts
			Igorando Pelo Filtro de Nome...
		Nome do Produto: DVD - Moving Hearts: Live in Dublin - Importado
			Igorando Pelo Filtro de Nome...
		Nome do Produto: Livro - Guia Essencial Para o 3D em Flash - Rob Bateman e Richard Olsson
			Igorando Pelo Filtro de Nome...
		Nome do Produto: TV Cinema 3D LED 32” HD LG 32LA613B com Conversor 2D – 3D, Entrada USB DivX HD e 4 Óculos 3D
			Igorando Pelo Filtro de Nome...
		Nome do Produto: TV Cinema 3D LED 47" Full HD LG 47LA6130 com Tecnologia MHL, TruMotion 120hz, Função Dual Play e 4 Óculos 3D
			Igorando Pelo Filtro de Nome...
		Nome do Produto: TV Cinema 3D LED 32” HD LG 32LA613B com Conversor 2D – 3D, Entrada USB DivX HD e 4 Óculos 3D + Jogo Forza 4 - Xbox 360
			Igorando Pelo Filtro de Nome...
		Nome do Produto: TV Cinema 3D LED 32” HD LG 32LA613B com Conversor 2D – 3D, Entrada USB DivX HD e 4 Óculos 3D + Jogo Gran Turismo 5 XL Edition - PS3
			Igorando Pelo Filtro de Nome...
		Nome do Produto: Livro - Curso Completo - Autocad 3D 2010
			Igorando Pelo Filtro de Nome...
		Nome do Produto: TV 42" Cinema 3D LED Full HD LG 42LA6130 com Tecnologia MHL, TruMotion 120hz, Função Dual Play e 4 Óculos 3D
			Igorando Pelo Filtro de Nome...
		Nome do Produto: Kit de 2 Óculos 3D Samsung P51002/ZD – Preto
			Igorando Pelo Filtro de Nome...
		Nome do Produto: Monitor LED 3D com Painel IPS 27" Full HD 278G4DHSD PHILIPS
			Igorando Pelo Filtro de Nome...
		Nome do Produto: TV Cinema 3D LED 55” Full HD LG 55LA6130 com Smart Mobile Link, TruMotion 120hz, Função Dual Play e 4 Óculos 3D
			Igorando Pelo Filtro de Nome...
		Nome do Produto: Livro - Autocad 2011 3D: Utilizando Totalmente - Roquemar Baldam
			Igorando Pelo Filtro de Nome...
		Nome do Produto: Livro - AutoCAD 2013 3D Avançado: Modelagem e Render com Mental Ray - Adriano de Oliveira
			Igorando Pelo Filtro de Nome...
		Nome do Produto: TV 3D Slim LED 46" Full HD Samsung 46F6100 com Função Futebol, 240Hz Clear Motion Rate 240, ConnectShare Movie e Conversor Digital
			Igorando Pelo Filtro de Nome...
		Nome do Produto: Game Hearts of Iron 3 Collection para Download - PC
			Igorando Pelo Filtro de Nome...
		Nome do Produto: The Prisoner of Zenda - Level 5 - Anthony Hope
			Igorando Pelo Filtro de Nome...
		Nome do Produto: Jogo Grotesque Tactics 2 - Dungeons And Donuts para Download - PC
			Igorando Pelo Filtro de Nome...
		Nome do Produto: Fl-Porta Mamadeira Silver Kingdom
			Igorando Pelo Filtro de Nome...
		Nome do Produto: Almofadinha Kingdom Branco Gifts
			Igorando Pelo Filtro de Nome...
		Nome do Produto: Babador Bandana Tribeca 182655 - Mini Hearts
			Igorando Pelo Filtro de Nome...
		Nome do Produto: DVD - Moving Hearts: Live in Dublin - Importado
			Igorando Pelo Filtro de Nome...
		Nome do Produto: Livro - Guia Essencial Para o 3D em Flash - Rob Bateman e Richard Olsson
			Igorando Pelo Filtro de Nome...
		Nome do Produto: TV Cinema 3D LED 32” HD LG 32LA613B com Conversor 2D – 3D, Entrada USB DivX HD e 4 Óculos 3D
			Igorando Pelo Filtro de Nome...
		Nome do Produto: TV Cinema 3D LED 47" Full HD LG 47LA6130 com Tecnologia MHL, TruMotion 120hz, Função Dual Play e 4 Óculos 3D
			Igorando Pelo Filtro de Nome...
		Nome do Produto: TV Cinema 3D LED 32” HD LG 32LA613B com Conversor 2D – 3D, Entrada USB DivX HD e 4 Óculos 3D + Jogo Forza 4 - Xbox 360
			Igorando Pelo Filtro de Nome...
		Nome do Produto: TV Cinema 3D LED 32” HD LG 32LA613B com Conversor 2D – 3D, Entrada USB DivX HD e 4 Óculos 3D + Jogo Gran Turismo 5 XL Edition - PS3
			Igorando Pelo Filtro de Nome...
		Nome do Produto: Livro - Curso Completo - Autocad 3D 2010
			Igorando Pelo Filtro de Nome...
		Nome do Produto: TV 42" Cinema 3D LED Full HD LG 42LA6130 com Tecnologia MHL, TruMotion 120hz, Função Dual Play e 4 Óculos 3D
			Igorando Pelo Filtro de Nome...
		Nome do Produto: Kit de 2 Óculos 3D Samsung P51002/ZD – Preto
			Igorando Pelo Filtro de Nome...
		Nome do Produto: Monitor LED 3D com Painel IPS 27" Full HD 278G4DHSD PHILIPS
			Igorando Pelo Filtro de Nome...
		Nome do Produto: TV Cinema 3D LED 55” Full HD LG 55LA6130 com Smart Mobile Link, TruMotion 120hz, Função Dual Play e 4 Óculos 3D
			Igorando Pelo Filtro de Nome...
		Nome do Produto: Livro - Autocad 2011 3D: Utilizando Totalmente - Roquemar Baldam
			Igorando Pelo Filtro de Nome...
		Nome do Produto: Livro - AutoCAD 2013 3D Avançado: Modelagem e Render com Mental Ray - Adriano de Oliveira
			Igorando Pelo Filtro de Nome...
		Nome do Produto: TV 3D Slim LED 46" Full HD Samsung 46F6100 com Função Futebol, 240Hz Clear Motion Rate 240, ConnectShare Movie e Conversor Digital
			Igorando Pelo Filtro de Nome...
	Tempo Para buscar: 1673
Loja: Ricardo Eletro
	URL Principal: http://www.ricardoeletro.com.br/
	URL Busca: http://www.ricardoeletro.com.br/Busca/Resultado/?q=<BUSCA>
http://www.ricardoeletro.com.br/Busca/Resultado/?q=Kingdom+Hearts+3D
		Documento Lido
		Resultados: 0
	Tempo Para buscar: 1347
Loja: RiHappy
	URL Principal: http://www.rihappy.com.br/
	URL Busca: http://www.rihappy.com.br/<BUSCA>
http://www.rihappy.com.br/Kingdom%20Hearts%203D
		Documento Lido
		Resultados: 18
		Nome do Produto: Maquete 3D Oficial - Nova Arena Palmeiras - Nanostad - 3D
			Igorando Pelo Filtro de Nome...
		Nome do Produto: Maquete 3D Oficial - Nova Arena Corinthians - Nanostad - 3D
			Igorando Pelo Filtro de Nome...
		Nome do Produto: Maquete 3D Oficial - Estádio Vila Belmiro - Nanostad - 3D
			Igorando Pelo Filtro de Nome...
		Nome do Produto: Maquete 3D Oficial - Estádio São Januário - Nanostad - 3D
			Igorando Pelo Filtro de Nome...
		Nome do Produto: Maquete 3D Oficial - Stadium Rio - Nanostad - 3D
			Igorando Pelo Filtro de Nome...
		Nome do Produto: Maquete 3D Oficial - Estádio Laranjeiras - Nanostad - 3D
			Igorando Pelo Filtro de Nome...
		Nome do Produto: Maquete 3D Oficial - Arena Atlético Paranaense - Nanostad - 3D
			Igorando Pelo Filtro de Nome...
		Nome do Produto: Blu-Ray 3D - Disney Carros 2 - DVDs e Blu-ray
			Igorando Pelo Filtro de Nome...
		Nome do Produto: Pendente 3D do Spider-Man 4 - Startec - Abajur e Luminárias
			Igorando Pelo Filtro de Nome...
		Nome do Produto: Jogo Castelo Pop-Up Magic 3D - Princesas Disney - Hasbro - Jogos de Tabuleiro
			Igorando Pelo Filtro de Nome...
		Nome do Produto: Jogo Torre Pop-Up Magic 3D - Enrolados Disney - Hasbro - Jogos de Tabuleiro
			Igorando Pelo Filtro de Nome...
		Nome do Produto: Jogo Carruagem Pop-Up Magic 3D - Cinderela Disney - Hasbro - Jogos de Tabuleiro
			Igorando Pelo Filtro de Nome...
		Nome do Produto: Pendente Oval 3D do Cars 2 - Startec - Abajur e Luminárias
			Igorando Pelo Filtro de Nome...
		Nome do Produto: Conjunto de Escova e Pente 3D Disney Minnie Rosa - Lillo - Kit Higiene
			Igorando Pelo Filtro de Nome...
		Nome do Produto: Livro - Madagascar 3 Guia do Filme em 3D - Editora Saraiva - Livros
			Igorando Pelo Filtro de Nome...
		Nome do Produto: Quebra Cabeça com 150 Peças 3D Feira de Ciência Turma da Mônica - Grow - Jogos Educativos
			Igorando Pelo Filtro de Nome...
		Nome do Produto: Livro - Disney Leia e Brinque em 3D - Winnie the Pooh - DCL - Livros
			Igorando Pelo Filtro de Nome...
		Nome do Produto: Adesivo de Parede Border - Cars com óculos 3D - RoomMates - Adesivo de Parede Decorativo
			Igorando Pelo Filtro de Nome...
	Tempo Para buscar: 1896
Loja: Saraiva
	URL Principal: http://www.saraiva.com.br/
	URL Busca: http://busca.saraiva.com.br/search?w=<BUSCA>&PAC_ID=129457&ts=ajax
http://busca.saraiva.com.br/search?w=Kingdom+Hearts+3D&PAC_ID=129457&ts=ajax
		Documento Lido
		Resultados: 30
		Nome do Produto: Kingdom Hearts II 4
			Igorando Pelo Filtro de Nome...
		Nome do Produto: Kingdom Hearts 358
			Igorando Pelo Filtro de Nome...
		Nome do Produto: Kingdom Hearts 2
			Igorando Pelo Filtro de Nome...
		Nome do Produto: Kingdom Hearts 3
			Igorando Pelo Filtro de Nome...
		Nome do Produto: Kingdom Hearts 4
			Igorando Pelo Filtro de Nome...
		Nome do Produto: Kingdom Hearts 1
			Igorando Pelo Filtro de Nome...
		Nome do Produto: Hearts
			Igorando Pelo Filtro de Nome...
		Nome do Produto: Hearts
			Igorando Pelo Filtro de Nome...
		Nome do Produto: Hearts
			Igorando Pelo Filtro de Nome...
		Nome do Produto: 3D
			Igorando Pelo Filtro de Nome...
		Nome do Produto: Jaded Hearts
			Igorando Pelo Filtro de Nome...
		Nome do Produto: Healing Hearts
			Igorando Pelo Filtro de Nome...
		Nome do Produto: Stolen Hearts
			Igorando Pelo Filtro de Nome...
		Nome do Produto: Tangled Hearts
			Igorando Pelo Filtro de Nome...
		Nome do Produto: Silver Hearts
			Igorando Pelo Filtro de Nome...
		Nome do Produto: Branded Hearts
			Igorando Pelo Filtro de Nome...
		Nome do Produto: Mended Hearts
			Igorando Pelo Filtro de Nome...
		Nome do Produto: COLlECTION HEARTS
			Igorando Pelo Filtro de Nome...
		Nome do Produto: Tweet Hearts
			Igorando Pelo Filtro de Nome...
		Nome do Produto: Highland Hearts
			Igorando Pelo Filtro de Nome...
		Nome do Produto: Hometown Hearts
			Igorando Pelo Filtro de Nome...
		Nome do Produto: Protected Hearts
			Igorando Pelo Filtro de Nome...
		Nome do Produto: Artichoke Hearts
			Igorando Pelo Filtro de Nome...
		Nome do Produto: Mended Hearts
			Igorando Pelo Filtro de Nome...
		Nome do Produto: Mended Hearts
			Igorando Pelo Filtro de Nome...
		Nome do Produto: Masquerading Hearts
			Igorando Pelo Filtro de Nome...
		Nome do Produto: Masquerading Hearts
			Igorando Pelo Filtro de Nome...
		Nome do Produto: Bulletproof Hearts
			Igorando Pelo Filtro de Nome...
		Nome do Produto: Hearts Aglow
			Igorando Pelo Filtro de Nome...
		Nome do Produto: Hearts Awakening
			Igorando Pelo Filtro de Nome...
	Tempo Para buscar: 3439
Loja: Shop Facil
	URL Principal: http://ww2.shopfacil.com.br/
	URL Busca: http://ww2.shopfacil.com.br/<BUSCA>
http://ww2.shopfacil.com.br/Kingdom%20Hearts%203D
		Documento Lido
		Resultados: 15
		Nome do Produto: TV 3D LG LED 55” 55LB6200 Full HD, HDMI + 2 Óculos Cinema 3D
			Igorando Pelo Filtro de Nome...
		Nome do Produto: Óculos 3D Samsung SSG5100GB/ZD - Preto
			Igorando Pelo Filtro de Nome...
		Nome do Produto: Óculos 3D Samsung SSG-P51002/ZD Ativo
			Igorando Pelo Filtro de Nome...
		Nome do Produto: Blu-Ray 3D + Blu-Ray - A Pequena Sereia - Edição Diamante - 2 Discos
			Igorando Pelo Filtro de Nome...
		Nome do Produto: Óculos 3D Samsung SSG-3570CR/ZD - Premium - Recarregável
			Igorando Pelo Filtro de Nome...
		Nome do Produto: Blu-Ray 3D + Blu-Ray - Fascínio Recifes de Corais 3D: Caçadores & Presas
			Igorando Pelo Filtro de Nome...
		Nome do Produto: Maquete 3D Oficial - Stadium Rio - Nanostad
			Igorando Pelo Filtro de Nome...
		Nome do Produto: Maquete 3D Oficial - Arena Atlético Paranaense - Nanostad
			Igorando Pelo Filtro de Nome...
		Nome do Produto: Maquete 3D Oficial - Estádio São Januário - Nanostad
			Igorando Pelo Filtro de Nome...
		Nome do Produto: Maquete 3D Oficial - Nova Arena Palmeiras - Nanostad
			Igorando Pelo Filtro de Nome...
		Nome do Produto: Maquete 3D Oficial - Estádio Vila Belmiro - Nanostad
			Igorando Pelo Filtro de Nome...
		Nome do Produto: Maquete 3D Oficial - Estádio Laranjeiras - Nanostad
			Igorando Pelo Filtro de Nome...
		Nome do Produto: Maquete 3D Oficial - Nova Arena Corinthians - Nanostad
			Igorando Pelo Filtro de Nome...
		Nome do Produto: Meia 3D com Solado em PVC Disney Minnie Azul- Fortex
			Igorando Pelo Filtro de Nome...
		Nome do Produto: Luminária 3D LIGHT FX Máscara Homem de Ferro
			Igorando Pelo Filtro de Nome...
	Tempo Para buscar: 1646
Loja: Shop Time
	URL Principal: http://www.shoptime.com.br/
	URL Busca: http://busca.shoptime.com.br/busca.php?q=<BUSCA>
http://busca.shoptime.com.br/busca.php?q=Kingdom+Hearts+3D
		Documento Lido
		Resultados: 17
		Nome do Produto: Game Kingdom Under Fire para Xbox 360 Game Kingdoms of Amalur - Reckoning Br - PC Boneco Kingdom Hearts Head Knocker Riku - Gibi Brinquedos Cabo de Vídeo Componente de 1,80m PHCOMP Power Hill CD Offenbach - Vive Offenbach! (United Kingdom) (Duplo) (Importado) DVD Moonrise Kingdom Mysims Kingdom Nintendo DS Mysims Kingdom Wii CD Absolute Disgrace - Corpse Kingdom CD Harry Gregson-Williams - Kingdom of Heaven CD Vários - Mozart: La Flúte enchantée (United Kingdom) (Duplo)... Livro - Kingdom Of The Snow Leopard, The - Pre-Intermediate - With CD Almofadinha Kingdom Gifts - Branco Blu-ray Moonrise Kingdom Mural Majestic Kingdom CD Man - Kingdom of Noise (Importado) Game Puzzle Kingdoms - DS
			Igorando Pelo Filtro de Nome...
		Nome do Produto: Game Kingdom Under Fire para Xbox 360 Game Kingdoms of Amalur - Reckoning Br - PC Boneco Kingdom Hearts Head Knocker Riku - Gibi Brinquedos Cabo de Vídeo Componente de 1,80m PHCOMP Power Hill CD Offenbach - Vive Offenbach! (United Kingdom) (Duplo) (Importado) DVD Moonrise Kingdom Mysims Kingdom Nintendo DS Mysims Kingdom Wii CD Absolute Disgrace - Corpse Kingdom CD Harry Gregson-Williams - Kingdom of Heaven CD Vários - Mozart: La Flúte enchantée (United Kingdom) (Duplo)... Livro - Kingdom Of The Snow Leopard, The - Pre-Intermediate - With CD Almofadinha Kingdom Gifts - Branco Blu-ray Moonrise Kingdom Mural Majestic Kingdom CD Man - Kingdom of Noise (Importado) Game Puzzle Kingdoms - DS
			Igorando Pelo Filtro de Nome...
		Nome do Produto: Game Kingdom Under Fire para Xbox 360 Game Kingdoms of Amalur - Reckoning Br - PC Boneco Kingdom Hearts Head Knocker Riku - Gibi Brinquedos Cabo de Vídeo Componente de 1,80m PHCOMP Power Hill CD Offenbach - Vive Offenbach! (United Kingdom) (Duplo) (Importado) DVD Moonrise Kingdom Mysims Kingdom Nintendo DS Mysims Kingdom Wii CD Absolute Disgrace - Corpse Kingdom CD Harry Gregson-Williams - Kingdom of Heaven CD Vários - Mozart: La Flúte enchantée (United Kingdom) (Duplo)... Livro - Kingdom Of The Snow Leopard, The - Pre-Intermediate - With CD Almofadinha Kingdom Gifts - Branco Blu-ray Moonrise Kingdom Mural Majestic Kingdom CD Man - Kingdom of Noise (Importado) Game Puzzle Kingdoms - DS
			Igorando Pelo Filtro de Nome...
		Nome do Produto: Game Kingdom Under Fire para Xbox 360 Game Kingdoms of Amalur - Reckoning Br - PC Boneco Kingdom Hearts Head Knocker Riku - Gibi Brinquedos Cabo de Vídeo Componente de 1,80m PHCOMP Power Hill CD Offenbach - Vive Offenbach! (United Kingdom) (Duplo) (Importado) DVD Moonrise Kingdom Mysims Kingdom Nintendo DS Mysims Kingdom Wii CD Absolute Disgrace - Corpse Kingdom CD Harry Gregson-Williams - Kingdom of Heaven CD Vários - Mozart: La Flúte enchantée (United Kingdom) (Duplo)... Livro - Kingdom Of The Snow Leopard, The - Pre-Intermediate - With CD Almofadinha Kingdom Gifts - Branco Blu-ray Moonrise Kingdom Mural Majestic Kingdom CD Man - Kingdom of Noise (Importado) Game Puzzle Kingdoms - DS
			Igorando Pelo Filtro de Nome...
		Nome do Produto: Game Kingdom Under Fire para Xbox 360 Game Kingdoms of Amalur - Reckoning Br - PC Boneco Kingdom Hearts Head Knocker Riku - Gibi Brinquedos Cabo de Vídeo Componente de 1,80m PHCOMP Power Hill CD Offenbach - Vive Offenbach! (United Kingdom) (Duplo) (Importado) DVD Moonrise Kingdom Mysims Kingdom Nintendo DS Mysims Kingdom Wii CD Absolute Disgrace - Corpse Kingdom CD Harry Gregson-Williams - Kingdom of Heaven CD Vários - Mozart: La Flúte enchantée (United Kingdom) (Duplo)... Livro - Kingdom Of The Snow Leopard, The - Pre-Intermediate - With CD Almofadinha Kingdom Gifts - Branco Blu-ray Moonrise Kingdom Mural Majestic Kingdom CD Man - Kingdom of Noise (Importado) Game Puzzle Kingdoms - DS
			Igorando Pelo Filtro de Nome...
		Nome do Produto: Game Kingdom Under Fire para Xbox 360 Game Kingdoms of Amalur - Reckoning Br - PC Boneco Kingdom Hearts Head Knocker Riku - Gibi Brinquedos Cabo de Vídeo Componente de 1,80m PHCOMP Power Hill CD Offenbach - Vive Offenbach! (United Kingdom) (Duplo) (Importado) DVD Moonrise Kingdom Mysims Kingdom Nintendo DS Mysims Kingdom Wii CD Absolute Disgrace - Corpse Kingdom CD Harry Gregson-Williams - Kingdom of Heaven CD Vários - Mozart: La Flúte enchantée (United Kingdom) (Duplo)... Livro - Kingdom Of The Snow Leopard, The - Pre-Intermediate - With CD Almofadinha Kingdom Gifts - Branco Blu-ray Moonrise Kingdom Mural Majestic Kingdom CD Man - Kingdom of Noise (Importado) Game Puzzle Kingdoms - DS
			Igorando Pelo Filtro de Nome...
		Nome do Produto: Game Kingdom Under Fire para Xbox 360 Game Kingdoms of Amalur - Reckoning Br - PC Boneco Kingdom Hearts Head Knocker Riku - Gibi Brinquedos Cabo de Vídeo Componente de 1,80m PHCOMP Power Hill CD Offenbach - Vive Offenbach! (United Kingdom) (Duplo) (Importado) DVD Moonrise Kingdom Mysims Kingdom Nintendo DS Mysims Kingdom Wii CD Absolute Disgrace - Corpse Kingdom CD Harry Gregson-Williams - Kingdom of Heaven CD Vários - Mozart: La Flúte enchantée (United Kingdom) (Duplo)... Livro - Kingdom Of The Snow Leopard, The - Pre-Intermediate - With CD Almofadinha Kingdom Gifts - Branco Blu-ray Moonrise Kingdom Mural Majestic Kingdom CD Man - Kingdom of Noise (Importado) Game Puzzle Kingdoms - DS
			Igorando Pelo Filtro de Nome...
		Nome do Produto: Game Kingdom Under Fire para Xbox 360 Game Kingdoms of Amalur - Reckoning Br - PC Boneco Kingdom Hearts Head Knocker Riku - Gibi Brinquedos Cabo de Vídeo Componente de 1,80m PHCOMP Power Hill CD Offenbach - Vive Offenbach! (United Kingdom) (Duplo) (Importado) DVD Moonrise Kingdom Mysims Kingdom Nintendo DS Mysims Kingdom Wii CD Absolute Disgrace - Corpse Kingdom CD Harry Gregson-Williams - Kingdom of Heaven CD Vários - Mozart: La Flúte enchantée (United Kingdom) (Duplo)... Livro - Kingdom Of The Snow Leopard, The - Pre-Intermediate - With CD Almofadinha Kingdom Gifts - Branco Blu-ray Moonrise Kingdom Mural Majestic Kingdom CD Man - Kingdom of Noise (Importado) Game Puzzle Kingdoms - DS
			Igorando Pelo Filtro de Nome...
		Nome do Produto: Game Kingdom Under Fire para Xbox 360 Game Kingdoms of Amalur - Reckoning Br - PC Boneco Kingdom Hearts Head Knocker Riku - Gibi Brinquedos Cabo de Vídeo Componente de 1,80m PHCOMP Power Hill CD Offenbach - Vive Offenbach! (United Kingdom) (Duplo) (Importado) DVD Moonrise Kingdom Mysims Kingdom Nintendo DS Mysims Kingdom Wii CD Absolute Disgrace - Corpse Kingdom CD Harry Gregson-Williams - Kingdom of Heaven CD Vários - Mozart: La Flúte enchantée (United Kingdom) (Duplo)... Livro - Kingdom Of The Snow Leopard, The - Pre-Intermediate - With CD Almofadinha Kingdom Gifts - Branco Blu-ray Moonrise Kingdom Mural Majestic Kingdom CD Man - Kingdom of Noise (Importado) Game Puzzle Kingdoms - DS
			Igorando Pelo Filtro de Nome...
		Nome do Produto: Game Kingdom Under Fire para Xbox 360 Game Kingdoms of Amalur - Reckoning Br - PC Boneco Kingdom Hearts Head Knocker Riku - Gibi Brinquedos Cabo de Vídeo Componente de 1,80m PHCOMP Power Hill CD Offenbach - Vive Offenbach! (United Kingdom) (Duplo) (Importado) DVD Moonrise Kingdom Mysims Kingdom Nintendo DS Mysims Kingdom Wii CD Absolute Disgrace - Corpse Kingdom CD Harry Gregson-Williams - Kingdom of Heaven CD Vários - Mozart: La Flúte enchantée (United Kingdom) (Duplo)... Livro - Kingdom Of The Snow Leopard, The - Pre-Intermediate - With CD Almofadinha Kingdom Gifts - Branco Blu-ray Moonrise Kingdom Mural Majestic Kingdom CD Man - Kingdom of Noise (Importado) Game Puzzle Kingdoms - DS
			Igorando Pelo Filtro de Nome...
		Nome do Produto: Game Kingdom Under Fire para Xbox 360 Game Kingdoms of Amalur - Reckoning Br - PC Boneco Kingdom Hearts Head Knocker Riku - Gibi Brinquedos Cabo de Vídeo Componente de 1,80m PHCOMP Power Hill CD Offenbach - Vive Offenbach! (United Kingdom) (Duplo) (Importado) DVD Moonrise Kingdom Mysims Kingdom Nintendo DS Mysims Kingdom Wii CD Absolute Disgrace - Corpse Kingdom CD Harry Gregson-Williams - Kingdom of Heaven CD Vários - Mozart: La Flúte enchantée (United Kingdom) (Duplo)... Livro - Kingdom Of The Snow Leopard, The - Pre-Intermediate - With CD Almofadinha Kingdom Gifts - Branco Blu-ray Moonrise Kingdom Mural Majestic Kingdom CD Man - Kingdom of Noise (Importado) Game Puzzle Kingdoms - DS
			Igorando Pelo Filtro de Nome...
		Nome do Produto: Game Kingdom Under Fire para Xbox 360 Game Kingdoms of Amalur - Reckoning Br - PC Boneco Kingdom Hearts Head Knocker Riku - Gibi Brinquedos Cabo de Vídeo Componente de 1,80m PHCOMP Power Hill CD Offenbach - Vive Offenbach! (United Kingdom) (Duplo) (Importado) DVD Moonrise Kingdom Mysims Kingdom Nintendo DS Mysims Kingdom Wii CD Absolute Disgrace - Corpse Kingdom CD Harry Gregson-Williams - Kingdom of Heaven CD Vários - Mozart: La Flúte enchantée (United Kingdom) (Duplo)... Livro - Kingdom Of The Snow Leopard, The - Pre-Intermediate - With CD Almofadinha Kingdom Gifts - Branco Blu-ray Moonrise Kingdom Mural Majestic Kingdom CD Man - Kingdom of Noise (Importado) Game Puzzle Kingdoms - DS
			Igorando Pelo Filtro de Nome...
		Nome do Produto: Game Kingdom Under Fire para Xbox 360 Game Kingdoms of Amalur - Reckoning Br - PC Boneco Kingdom Hearts Head Knocker Riku - Gibi Brinquedos Cabo de Vídeo Componente de 1,80m PHCOMP Power Hill CD Offenbach - Vive Offenbach! (United Kingdom) (Duplo) (Importado) DVD Moonrise Kingdom Mysims Kingdom Nintendo DS Mysims Kingdom Wii CD Absolute Disgrace - Corpse Kingdom CD Harry Gregson-Williams - Kingdom of Heaven CD Vários - Mozart: La Flúte enchantée (United Kingdom) (Duplo)... Livro - Kingdom Of The Snow Leopard, The - Pre-Intermediate - With CD Almofadinha Kingdom Gifts - Branco Blu-ray Moonrise Kingdom Mural Majestic Kingdom CD Man - Kingdom of Noise (Importado) Game Puzzle Kingdoms - DS
			Igorando Pelo Filtro de Nome...
		Nome do Produto: Game Kingdom Under Fire para Xbox 360 Game Kingdoms of Amalur - Reckoning Br - PC Boneco Kingdom Hearts Head Knocker Riku - Gibi Brinquedos Cabo de Vídeo Componente de 1,80m PHCOMP Power Hill CD Offenbach - Vive Offenbach! (United Kingdom) (Duplo) (Importado) DVD Moonrise Kingdom Mysims Kingdom Nintendo DS Mysims Kingdom Wii CD Absolute Disgrace - Corpse Kingdom CD Harry Gregson-Williams - Kingdom of Heaven CD Vários - Mozart: La Flúte enchantée (United Kingdom) (Duplo)... Livro - Kingdom Of The Snow Leopard, The - Pre-Intermediate - With CD Almofadinha Kingdom Gifts - Branco Blu-ray Moonrise Kingdom Mural Majestic Kingdom CD Man - Kingdom of Noise (Importado) Game Puzzle Kingdoms - DS
			Igorando Pelo Filtro de Nome...
		Nome do Produto: Game Kingdom Under Fire para Xbox 360 Game Kingdoms of Amalur - Reckoning Br - PC Boneco Kingdom Hearts Head Knocker Riku - Gibi Brinquedos Cabo de Vídeo Componente de 1,80m PHCOMP Power Hill CD Offenbach - Vive Offenbach! (United Kingdom) (Duplo) (Importado) DVD Moonrise Kingdom Mysims Kingdom Nintendo DS Mysims Kingdom Wii CD Absolute Disgrace - Corpse Kingdom CD Harry Gregson-Williams - Kingdom of Heaven CD Vários - Mozart: La Flúte enchantée (United Kingdom) (Duplo)... Livro - Kingdom Of The Snow Leopard, The - Pre-Intermediate - With CD Almofadinha Kingdom Gifts - Branco Blu-ray Moonrise Kingdom Mural Majestic Kingdom CD Man - Kingdom of Noise (Importado) Game Puzzle Kingdoms - DS
			Igorando Pelo Filtro de Nome...
		Nome do Produto: Game Kingdom Under Fire para Xbox 360 Game Kingdoms of Amalur - Reckoning Br - PC Boneco Kingdom Hearts Head Knocker Riku - Gibi Brinquedos Cabo de Vídeo Componente de 1,80m PHCOMP Power Hill CD Offenbach - Vive Offenbach! (United Kingdom) (Duplo) (Importado) DVD Moonrise Kingdom Mysims Kingdom Nintendo DS Mysims Kingdom Wii CD Absolute Disgrace - Corpse Kingdom CD Harry Gregson-Williams - Kingdom of Heaven CD Vários - Mozart: La Flúte enchantée (United Kingdom) (Duplo)... Livro - Kingdom Of The Snow Leopard, The - Pre-Intermediate - With CD Almofadinha Kingdom Gifts - Branco Blu-ray Moonrise Kingdom Mural Majestic Kingdom CD Man - Kingdom of Noise (Importado) Game Puzzle Kingdoms - DS
			Igorando Pelo Filtro de Nome...
		Nome do Produto: Game Kingdom Under Fire para Xbox 360 Game Kingdoms of Amalur - Reckoning Br - PC Boneco Kingdom Hearts Head Knocker Riku - Gibi Brinquedos Cabo de Vídeo Componente de 1,80m PHCOMP Power Hill CD Offenbach - Vive Offenbach! (United Kingdom) (Duplo) (Importado) DVD Moonrise Kingdom Mysims Kingdom Nintendo DS Mysims Kingdom Wii CD Absolute Disgrace - Corpse Kingdom CD Harry Gregson-Williams - Kingdom of Heaven CD Vários - Mozart: La Flúte enchantée (United Kingdom) (Duplo)... Livro - Kingdom Of The Snow Leopard, The - Pre-Intermediate - With CD Almofadinha Kingdom Gifts - Branco Blu-ray Moonrise Kingdom Mural Majestic Kingdom CD Man - Kingdom of Noise (Importado) Game Puzzle Kingdoms - DS
			Igorando Pelo Filtro de Nome...
	Tempo Para buscar: 1134
Loja: ShopB
	URL Principal: http://www.shopb.com.br/
	URL Busca: http://busca.shopb.com.br/?busca=<BUSCA>
http://busca.shopb.com.br/?busca=Kingdom+Hearts+3D
		Documento Lido
		Resultados: 30
		Nome do Produto: 3D Dot Game Heroes - PS3
			Igorando Pelo Filtro de Nome...
		Nome do Produto: Adrenalin Misfits (Requer Kinect) - XBOX 360
			Igorando Pelo Filtro de Nome...
		Nome do Produto: Batman Arkham Asylum 3D - XBOX 360
			Igorando Pelo Filtro de Nome...
		Nome do Produto: Batman: Arkham Knight - PS4
			Igorando Pelo Filtro de Nome...
		Nome do Produto: Batman: Arkham Knight - XBOX ONE
			Igorando Pelo Filtro de Nome...
		Nome do Produto: Body and Brain Connection (Compatível com Kinect) - XBOX 360
			Igorando Pelo Filtro de Nome...
		Nome do Produto: Brunswick Pro Bowling (Compatível com Kinect) - XBOX 360
			Igorando Pelo Filtro de Nome...
		Nome do Produto: Cabo / Fonte - Kinect
			Igorando Pelo Filtro de Nome...
		Nome do Produto: Cabo HDMI 2 metros 1.4v 1080p aceita imagem 3D
			Igorando Pelo Filtro de Nome...
		Nome do Produto: Cabo HDMI 5 metros 1.4v 1080p aceita imagem 3D
			Igorando Pelo Filtro de Nome...
		Nome do Produto: Cartão de Memória Micro SD - 4 GB - Kingston
			Igorando Pelo Filtro de Nome...
		Nome do Produto: Cartão de Memória Micro SD - 8 GB - Kingston
			Igorando Pelo Filtro de Nome...
		Nome do Produto: Celular Blu Dash JR com Android 2.3, 3D Gaming, Wi-Fi, Rádio FM/AM - Azul
			Igorando Pelo Filtro de Nome...
		Nome do Produto: Celular Blu Dash JR com Android 2.3, 3D Gaming, Wi-Fi, Rádio FM/AM - Prata
			Igorando Pelo Filtro de Nome...
		Nome do Produto: Dance Central 3 - XBOX 360
			Igorando Pelo Filtro de Nome...
		Nome do Produto: Dragon Ball Z for Kinect - XBOX 360
			Igorando Pelo Filtro de Nome...
		Nome do Produto: Fantastic Pets - XBOX 360 [Requer Kinect]
			Igorando Pelo Filtro de Nome...
		Nome do Produto: Fighters Uncaged - XBOX 360 [Requer Kinect]
			Igorando Pelo Filtro de Nome...
		Nome do Produto: God of War: Origins Collection - PS3
			Igorando Pelo Filtro de Nome...
		Nome do Produto: HD SSD para Notebook 120GB 10X - Kingston
			Igorando Pelo Filtro de Nome...
		Nome do Produto: Harry Potter for Kinect - XBOX 360
			Igorando Pelo Filtro de Nome...
		Nome do Produto: Just Dance Disney Party [Requer Kinect] - XBOX 360
			Igorando Pelo Filtro de Nome...
		Nome do Produto: Kinect Adventures - XBOX 360
			Igorando Pelo Filtro de Nome...
		Nome do Produto: Kinect Joy Ride (Requer Kinect) - XBOX 360
			Igorando Pelo Filtro de Nome...
		Nome do Produto: Kinect Rush: Uma Aventura da Disney Pixar - XBOX 360
			Igorando Pelo Filtro de Nome...
		Nome do Produto: Kinect Sports - XBOX 360
			Igorando Pelo Filtro de Nome...
		Nome do Produto: Kinect Sports 2 - XBOX 360
			Igorando Pelo Filtro de Nome...
		Nome do Produto: Kinect Sports Rivals - XBOX ONE
			Igorando Pelo Filtro de Nome...
		Nome do Produto: Kinect Sports Ultimate Collection - XBOX 360
			Igorando Pelo Filtro de Nome...
		Nome do Produto: Kinectimals - XBOX 360
			Igorando Pelo Filtro de Nome...
	Tempo Para buscar: 791
Loja: Submarino
	URL Principal: http://www.submarino.com.br/
	URL Busca: http://busca.submarino.com.br/busca.php?q=<BUSCA>
http://busca.submarino.com.br/busca.php?q=Kingdom+Hearts+3D
		Documento Lido
		Resultados: 26
		Nome do Produto: Game Kingdoms of Amalur - Reckoning Br - PC
			Igorando Pelo Filtro de Nome...
		Nome do Produto: Game Kingdom Under Fire - XBOX 360
			Igorando Pelo Filtro de Nome...
		Nome do Produto: Game Puzzle Kingdoms Wii
			Igorando Pelo Filtro de Nome...
		Nome do Produto: Game Puzzle Kingdoms - DS
			Igorando Pelo Filtro de Nome...
		Nome do Produto: Mural Majestic Kingdom
			Igorando Pelo Filtro de Nome...
		Nome do Produto: DVD Moonrise Kingdom
			Igorando Pelo Filtro de Nome...
		Nome do Produto: Cabo de Vídeo Componente de 1,80m PHCOMP Power Hill
			Igorando Pelo Filtro de Nome...
		Nome do Produto: CD Offenbach - Vive Offenbach! (United Kingdom) (Duplo) (Importado)
			Igorando Pelo Filtro de Nome...
		Nome do Produto: Blu-ray Moonrise Kingdom
			Igorando Pelo Filtro de Nome...
		Nome do Produto: Livro - The Last Kingdom
			Igorando Pelo Filtro de Nome...
		Nome do Produto: Blu-ray The Kingdom - Importado
			Igorando Pelo Filtro de Nome...
		Nome do Produto: Almofadinha Kingdom Gifts - Branco
			Igorando Pelo Filtro de Nome...
		Nome do Produto: CD Absolute Disgrace - Corpse Kingdom
			Igorando Pelo Filtro de Nome...
		Nome do Produto: Blu-ray Indiana Jones and the Kingdom of the Crystal Skull
			Igorando Pelo Filtro de Nome...
		Nome do Produto: CD Harry Gregson-Williams - Kingdom of Heaven
			Igorando Pelo Filtro de Nome...
		Nome do Produto: Blu-Ray Jarhead / The Kingdom
			Igorando Pelo Filtro de Nome...
		Nome do Produto: CD Vários - Mozart: La Flúte enchantée (United Kingdom) (Duplo) (Importado)
			Igorando Pelo Filtro de Nome...
		Nome do Produto: Blu-Ray The Forbidden Kingdom (Importado)
			Igorando Pelo Filtro de Nome...
		Nome do Produto: Blu-ray Animalia: Welcome to the Kingdom - Importado
			Igorando Pelo Filtro de Nome...
		Nome do Produto: Livro - Kingdom Of The Snow Leopard, The - Pre-Intermediate - With CD
			Igorando Pelo Filtro de Nome...
		Nome do Produto: Livro - The Animal Kingdom: A Very Short Introduction
			Igorando Pelo Filtro de Nome...
		Nome do Produto: Mysims Kingdom Wii
			Igorando Pelo Filtro de Nome...
		Nome do Produto: Livro - Kingdom Come
			Igorando Pelo Filtro de Nome...
		Nome do Produto: Mysims Kingdom Nintendo DS
			Igorando Pelo Filtro de Nome...
		Nome do Produto: CD Man - Kingdom of Noise (Importado)
			Igorando Pelo Filtro de Nome...
		Nome do Produto: Game - Kingdom Hearts HD 2.5 ReMIX - PS3
			Igorando Pelo Filtro de Nome...
	Tempo Para buscar: 1351
Loja: Walmart
	URL Principal: http://www.walmart.com.br/
	URL Busca: http://www.walmart.com.br/busca/?ft=<BUSCA>&PS=20
http://www.walmart.com.br/busca/?ft=Kingdom+Hearts+3D&PS=20
		Documento Lido
		Resultados: 1
		Nome do Produto: Kingdom Hearts 3D Dream Drop Distance N3DS
http://www.walmart.com.br//produto/Games/Jogos-para-Nintendo-3DS/Square-Enix/2377113m-kingdom_hearts_3d_dream_drop_distance_n3ds
		Acessando URL do produto.
	Tempo Para buscar: 4411

File copied from C:\java\rep\lookforprices\resources\imports\css.css to C:\java\rep\lookforprices\reports\2015-01-21 15\css.css
File copied from C:\java\rep\lookforprices\resources\imports\jquery.js to C:\java\rep\lookforprices\reports\2015-01-21 15\jquery.js
File copied from C:\java\rep\lookforprices\resources\imports\scripts.js to C:\java\rep\lookforprices\reports\2015-01-21 15\scripts.js
Tempo total de execução: 38688
