Game: Mario Kart 7
Loja: Nintendo eShop
	URL Principal: http://www.nintendo.com/3ds/eshop
	URL Busca: http://www.nintendo.com/json/content/get/game/filter?&&&&qterm=<BUSCA>
NintendoEShopSearch.search() http://www.nintendo.com/json/content/get/game/filter?&&&&qterm=Mario+Kart+7
		Documento Lido
		Resultados: 7
		Nome do Produto: Super Mario Kart
			Igorando Pelo Filtro de Nome...
		Nome do Produto: Mario Kart 8
			Igorando Pelo Filtro de Nome...
		Nome do Produto: Mario Kart 7
http://www.nintendo.com/games/detail/59JiheYMlzjHqlmUHkP5ESn3QOUHqyOq
		Acessando URL do produto.
URL = http://www.nintendo.com/games/detail/59JiheYMlzjHqlmUHkP5ESn3QOUHqyOq
		Nome do Produto: Mario Sports Mix
			Igorando Pelo Filtro de Nome...
		Nome do Produto: Super Mario Kart
			Igorando Pelo Filtro de Nome...
		Nome do Produto: Mario Kart 64
			Igorando Pelo Filtro de Nome...
		Nome do Produto: Mario Kart DS
			Igorando Pelo Filtro de Nome...
	Tempo Para buscar: 774
Loja: Americanas
	URL Principal: http://www.americanas.com.br/
	URL Busca: http://busca.americanas.com.br/busca.php?q=<BUSCA>
http://busca.americanas.com.br/busca.php?q=Mario+Kart+7
		Documento Lido
		Resultados: 2
		Nome do Produto: Pista Elétrica By Kids Nintendo Mario Kart 7
http://busca.americanas.com.br/produto.php?link=http://www.americanas.com.br/produto/120370807/pista-eletrica-by-kids-nintendo-mario-kart-7&ranking=1&sessao=U09GGL8II3KG7&idbusca=1a10e9c38ba6f306ac1830ed2d4dc6ff162cd194&idproduto=120370807
		Acessando URL do produto.
		Nome do Produto: Pista By Kids Nintendo Mario Kart 7
http://busca.americanas.com.br/produto.php?link=http://www.americanas.com.br/produto/120370823/pista-by-kids-nintendo-mario-kart-7&ranking=2&sessao=U09GGL8II3KG7&idbusca=1a10e9c38ba6f306ac1830ed2d4dc6ff162cd194&idproduto=120370823
		Acessando URL do produto.
	Tempo Para buscar: 3953
Loja: Big Boy Games
	URL Principal: http://www.bigboygames.com.br/
	URL Busca: http://www.bigboygames.com.br/pesquisa/?p=<BUSCA>
http://www.bigboygames.com.br/pesquisa/?p=Mario+Kart+7
		Documento Lido
		Resultados: 24
		Nome do Produto: 3DS - Mario Kart 7
http://www.bigboygames.com.br/3ds-mario-kart-7-p3613/
		Acessando URL do produto.
		Nome do Produto: Wii U - Mario Kart 8
			Igorando Pelo Filtro de Nome...
		Nome do Produto: Wii - Mario Kart Wii
			Igorando Pelo Filtro de Nome...
		Nome do Produto: Carro Fricção Pull & Speed Mario Kart 7 Mario
http://www.bigboygames.com.br/carro-friccao-pull-speed-mario-kart-7-mario-p6553/
		Acessando URL do produto.
		Nome do Produto: Carro Fricção Pull & Speed Mario Kart 7 Yoshi
http://www.bigboygames.com.br/carro-friccao-pull-speed-mario-kart-7-yoshi-p6555/
		Acessando URL do produto.
		Nome do Produto: Carro Fricção Pull & Speed Mario Kart 7 Luigi
http://www.bigboygames.com.br/carro-friccao-pull-speed-mario-kart-7-luigi-p6554/
		Acessando URL do produto.
		Nome do Produto: WiiU - Mario Kart 8 Racing Wheel Mario
			Igorando Pelo Filtro de Nome...
		Nome do Produto: Carro Fricção Pull & Speed Mario Kart 7 Koopa
http://www.bigboygames.com.br/carro-friccao-pull-speed-mario-kart-7-koopa-p6556/
		Acessando URL do produto.
		Nome do Produto: Wii - Console Nintendo Wii Mini Vermelho + Mario Kart Wii
			Igorando Pelo Filtro de Nome...
		Nome do Produto: Quebra Cabeça Mario Kart Wii
			Igorando Pelo Filtro de Nome...
		Nome do Produto: Carro Fricção Pull & Speed Mario Kart DS Mario B-Dasher
			Igorando Pelo Filtro de Nome...
		Nome do Produto: Carro Fricção Pull & Speed Mario Kart DS Wario Brute
			Igorando Pelo Filtro de Nome...
		Nome do Produto: WiiU - Mario Kart 8 Racing Wheel Luigi
			Igorando Pelo Filtro de Nome...
		Nome do Produto: WiiU - HORI Mario Kart 8 Protector (Mario)
			Igorando Pelo Filtro de Nome...
		Nome do Produto: Carro Fricção Pull & Speed Mario Kart Wii Wild Wings Mario
			Igorando Pelo Filtro de Nome...
		Nome do Produto: Console Nintendo 2DS Azul/Preto c/ Mario Kart 7
http://www.bigboygames.com.br/console-nintendo-2ds-azul-preto-c-mario-kart-7-p6658/
		Acessando URL do produto.
		Nome do Produto: Carro Fricção Pull & Speed Mario Kart DS Peach Royale
			Igorando Pelo Filtro de Nome...
		Nome do Produto: Carro Fricção Pull & Speed Mario Kart Wii Wild Wings Luigi
			Igorando Pelo Filtro de Nome...
		Nome do Produto: Carro Fricção Pull & Speed Mario Kart Wii Wild Wings Peach
			Igorando Pelo Filtro de Nome...
		Nome do Produto: WiiU - HORI Mario Kart 8 Protector (Luigi)
			Igorando Pelo Filtro de Nome...
		Nome do Produto: Console Mario Kart 8 Wii U Deluxe 32GB
			Igorando Pelo Filtro de Nome...
		Nome do Produto: WII - Mario Kart Jogo + Volante [Semi Novo- Avarias na Caixa]
			Igorando Pelo Filtro de Nome...
		Nome do Produto: DS - Mario Kart DS
			Igorando Pelo Filtro de Nome...
		Nome do Produto: Wii - Console Nintendo Wii Preto + Mario Kart com Volante
			Igorando Pelo Filtro de Nome...
	Tempo Para buscar: 15967
Loja: Casas Bahia
	URL Principal: http://www.casasbahia.com.br/
	URL Busca: http://buscas.casasbahia.com.br/search?w=<BUSCA>
http://buscas.casasbahia.com.br/search?w=Mario+Kart+7
		Documento Lido
		Resultados: 1
		Nome do Produto: Carro Mario Kart Aeromodelli Seven Car
			Igorando Pelo Filtro de Nome...
		Nome do Produto: Livro - Feras Futebol Clube - Mário, o Camisa 10
			Igorando Pelo Filtro de Nome...
		Nome do Produto: Knex Mario Kart Moto Bike Multikids BR041 – Colorido
			Igorando Pelo Filtro de Nome...
		Nome do Produto: Knex Mario Kart Yoshi Moto Bike Multikids BR041 - Colorido
			Igorando Pelo Filtro de Nome...
		Nome do Produto: Knex Mario Kart Wario Moto Bike Multikids BR041 – Colorido
			Igorando Pelo Filtro de Nome...
	Tempo Para buscar: 871
Loja: Extra
	URL Principal: http://www.extra.com.br/
	URL Busca: http://buscando.extra.com.br/search?w=<BUSCA>
http://buscando.extra.com.br/search?w=Mario+Kart+7
		Documento Lido
		Resultados: 1
		Nome do Produto: Livro - Feras Futebol Clube - Mário, o Camisa 10
			Igorando Pelo Filtro de Nome...
	Tempo Para buscar: 1475
Loja: Fast Games
	URL Principal: http://www.fastgames.com.br/
	URL Busca: http://www.fastgames.com.br/loja/busca.php?loja=187970&palavra_busca=<BUSCA>
http://www.fastgames.com.br/loja/busca.php?loja=187970&palavra_busca=Mario+Kart+7
		Documento Lido
		Resultados: 5
		Nome do Produto: Mario Kart 7 - 3DS
http://www.fastgames.com.br//mario-kart-7--3ds-pr-3563-187970.htm
		Acessando URL do produto.
		Nome do Produto: Sonic & All-Stars Racing Transformed - 3DS
			Igorando Pelo Filtro de Nome...
		Nome do Produto: Sonic & All-Stars Racing Transformed - PS3
			Igorando Pelo Filtro de Nome...
		Nome do Produto: Sonic & All-Stars Racing Transformed - Wii U
			Igorando Pelo Filtro de Nome...
		Nome do Produto: Sonic & All-Stars Racing Transformed - XBOX 360
			Igorando Pelo Filtro de Nome...
	Tempo Para buscar: 4300
Loja: Fast Shop
	URL Principal: http://www.fastshop.com.br/loja/
	URL Busca: http://www.fastshop.com.br/webapp/wcs/stores/servlet/SearchDisplay?searchTerm=<BUSCA>&categoryId=&storeId=10151&catalogId=11052&langId=-6&pageSize=9&beginIndex=0&sType=SimpleSearch&resultCatEntryType=2&showResultsPage=true&searchSource=Q&pageView=&hotsite=fastshop
http://www.fastshop.com.br/webapp/wcs/stores/servlet/SearchDisplay?searchTerm=Mario+Kart+7&categoryId=&storeId=10151&catalogId=11052&langId=-6&pageSize=9&beginIndex=0&sType=SimpleSearch&resultCatEntryType=2&showResultsPage=true&searchSource=Q&pageView=&hotsite=fastshop
		Documento Lido
		Resultados: 1
		Nome do Produto: 
			Igorando Pelo Filtro de Nome...
		Nome do Produto: 
			Igorando Pelo Filtro de Nome...
		Nome do Produto: 
			Igorando Pelo Filtro de Nome...
		Nome do Produto: 
			Igorando Pelo Filtro de Nome...
	Tempo Para buscar: 561
Loja: FNAC
	URL Principal: http://www.fnac.com.br/index.html
	URL Busca: http://busca.fnac.com.br/?busca=<BUSCA>
http://busca.fnac.com.br/?busca=Mario+Kart+7
		Documento Lido
		Resultados: 25
		Nome do Produto: Mario Kart 7 Mario
http://busca.FNAC.com.br/Busca/Redir?url=http%3a%2f%2fwww.FNAC.com.br%2fmario-kart-7-mario%2fp%2f670925&esid=670925
		Acessando URL do produto.
		Nome do Produto: 3ds Mario Kart 7
http://busca.FNAC.com.br/Busca/Redir?url=http%3a%2f%2fwww.FNAC.com.br%2f3ds-mario-kart-7%2fp%2f595566&esid=595566
		Acessando URL do produto.
		Nome do Produto: Mario Kart 7 Luigi
http://busca.FNAC.com.br/Busca/Redir?url=http%3a%2f%2fwww.FNAC.com.br%2fmario-kart-7-luigi%2fp%2f670926&esid=670926
		Acessando URL do produto.
		Nome do Produto: Mario Kart 7 Yoshi
http://busca.FNAC.com.br/Busca/Redir?url=http%3a%2f%2fwww.FNAC.com.br%2fmario-kart-7-yoshi%2fp%2f670933&esid=670933
		Acessando URL do produto.
		Nome do Produto: Mario Kart 7 Koppa
http://busca.FNAC.com.br/Busca/Redir?url=http%3a%2f%2fwww.FNAC.com.br%2fmario-kart-7-koppa%2fp%2f670941&esid=670941
		Acessando URL do produto.
	Tempo Para buscar: 4839
Loja: Kabum
	URL Principal: http://www.kabum.com.br/
	URL Busca: http://www.kabum.com.br/cgi-local/site/listagem/listagem.cgi?string=<BUSCA>&btnG=
http://www.kabum.com.br/cgi-local/site/listagem/listagem.cgi?string=Mario+Kart+7&btnG=
		Documento Lido
		Resultados: 0
	Tempo Para buscar: 679
Loja: Livraria Cultura
	URL Principal: http://www.livrariacultura.com.br/
	URL Busca: http://www.livrariacultura.com.br/busca?N=0&Ntt=<BUSCA>
http://www.livrariacultura.com.br/busca?N=0&Ntt=Mario+Kart+7
		Documento Lido
		Resultados: 6
		Nome do Produto: MARIO KART 7 MARIO
http://www.livrariacultura.com.br/p/mario-kart-7-mario-42275200
		Acessando URL do produto.
		Nome do Produto: MARIO KART 7 YOSHI
http://www.livrariacultura.com.br/p/mario-kart-7-yoshi-42275226
		Acessando URL do produto.
		Nome do Produto: MARIO KART 7 LUIGI
http://www.livrariacultura.com.br/p/mario-kart-7-luigi-42275202
		Acessando URL do produto.
		Nome do Produto: MARIO KART 7 KOOPA
http://www.livrariacultura.com.br/p/mario-kart-7-koopa-42275228
		Acessando URL do produto.
		Nome do Produto: GAME FREAKS 365'S NINTENDO 3DS GUIDE
			Igorando Pelo Filtro de Nome...
		Nome do Produto: MARIO KART 7 (3DS)
http://www.livrariacultura.com.br/p/mario-kart-7-3ds-29075867
		Acessando URL do produto.
	Tempo Para buscar: 2450
Loja: Magazine Luiza
	URL Principal: http://www.magazineluiza.com.br/
	URL Busca: http://www.magazineluiza.com.br/busca/<BUSCA>/
http://www.magazineluiza.com.br/busca/Mario+Kart+7/
		Documento Lido
		Resultados: 1
		Nome do Produto: Mario Kart 7 p/ Nintendo 3DS - Nintendo
http://www.magazineluiza.com.br//mario-kart-7-p-nintendo-3ds-nintendo/p/2027886/ga/gads/?_b=Mario+Kart+7
		Acessando URL do produto.
	Tempo Para buscar: 404
Loja: Mula Games
	URL Principal: http://www.mulagames.com.br/
	URL Busca: http://www.mulagames.com.br/produtos-index/catalogo_produtos/-/-/<BUSCA>/-/-/-/-/-/
http://www.mulagames.com.br/produtos-index/catalogo_produtos/-/-/Mario%20Kart%207/-/-/-/-/-/
		Documento Lido
		Resultados: 1
		Nome do Produto: Mario Kart 7 - 3DS
http://www.mulagames.com.br/Mario-Kart-7-3DS/prod-457454/
		Acessando URL do produto.
http://www.mulagames.com.br/produto-ajax_retorna_dados_preco_comprar/457454
		Acessando URL do preço produto.
	Tempo Para buscar: 2057
Loja: Net Shoes
	URL Principal: http://www.netshoes.com.br/
	URL Busca: http://www.netshoes.com.br/search?Ntt=<BUSCA>
http://www.netshoes.com.br/search?Ntt=Mario+Kart+7
		Documento Lido
		Resultados: 60
		Nome do Produto: Tênis Nike Air Max Tailwind 7
			Igorando Pelo Filtro de Nome...
		Nome do Produto: Tênis Asics Gel Impression 7
			Igorando Pelo Filtro de Nome...
		Nome do Produto: Tênis Nike Air Max Tailwind 7
			Igorando Pelo Filtro de Nome...
		Nome do Produto: Tênis Asics Gel Galaxy 7
			Igorando Pelo Filtro de Nome...
		Nome do Produto: Tênis Nike Air Max Tailwind 7
			Igorando Pelo Filtro de Nome...
		Nome do Produto: Tênis Nike Air Max Tailwind 7
			Igorando Pelo Filtro de Nome...
		Nome do Produto: Boné New Era 5950 Size 7 1/2
			Igorando Pelo Filtro de Nome...
		Nome do Produto: Tênis Asics Patriot 7
			Igorando Pelo Filtro de Nome...
		Nome do Produto: Tênis Nike Air Max Tailwind 7
			Igorando Pelo Filtro de Nome...
		Nome do Produto: Tênis Asics Gel Impression 7
			Igorando Pelo Filtro de Nome...
		Nome do Produto: Tênis Asics Gel Impression 7
			Igorando Pelo Filtro de Nome...
		Nome do Produto: Boné New Era 5950 Size 7 1/4
			Igorando Pelo Filtro de Nome...
		Nome do Produto: Tênis Asics Patriot 7
			Igorando Pelo Filtro de Nome...
		Nome do Produto: Tênis Asics Patriot 7
			Igorando Pelo Filtro de Nome...
		Nome do Produto: Kimono Mário Yamasaki Jiu Jitsu
			Igorando Pelo Filtro de Nome...
		Nome do Produto: Kimono Mário Yamasaki Jiu Jitsu
			Igorando Pelo Filtro de Nome...
		Nome do Produto: Kimono Mário Yamasaki Jiu Jitsu
			Igorando Pelo Filtro de Nome...
		Nome do Produto: Tênis Asics Patriot 7
			Igorando Pelo Filtro de Nome...
		Nome do Produto: Tênis Asics Gel Rocket 7
			Igorando Pelo Filtro de Nome...
		Nome do Produto: Tênis Nike Air Max Tailwind 7
			Igorando Pelo Filtro de Nome...
		Nome do Produto: Tênis Asics Patriot 7
			Igorando Pelo Filtro de Nome...
		Nome do Produto: Tênis Nike Air Max Tailwind 7
			Igorando Pelo Filtro de Nome...
		Nome do Produto: Short Nike Woven 7 pol.
			Igorando Pelo Filtro de Nome...
		Nome do Produto: Short GONEW 7 pol. Fun
			Igorando Pelo Filtro de Nome...
		Nome do Produto: Short GONEW 7 pol. Fun
			Igorando Pelo Filtro de Nome...
		Nome do Produto: Tênis Nike Air Max Tailwind 7
			Igorando Pelo Filtro de Nome...
		Nome do Produto: Tênis Nike Air Max Tailwind 7
			Igorando Pelo Filtro de Nome...
		Nome do Produto: Short GONEW 7 pol. Fun
			Igorando Pelo Filtro de Nome...
		Nome do Produto: Short Nike Woven 7 pol.
			Igorando Pelo Filtro de Nome...
		Nome do Produto: Tênis Asics Gel Impression 7
			Igorando Pelo Filtro de Nome...
		Nome do Produto: Tênis Nike Paul Rodriguez 7 GS Juvenil
			Igorando Pelo Filtro de Nome...
		Nome do Produto: Tênis Asics Gel Galaxy 7
			Igorando Pelo Filtro de Nome...
		Nome do Produto: Tênis Asics Gel Impression 7
			Igorando Pelo Filtro de Nome...
		Nome do Produto: Tênis Adidas Supernova Sequence Boost 7
			Igorando Pelo Filtro de Nome...
		Nome do Produto: Short Nike Phenom 2 em 1 7 pol.
			Igorando Pelo Filtro de Nome...
		Nome do Produto: Short Puma PR Core 7 pol.
			Igorando Pelo Filtro de Nome...
		Nome do Produto: Short Nike Distance 7 pol.
			Igorando Pelo Filtro de Nome...
		Nome do Produto: Sapatilha Nike Zoom Rival S 7
			Igorando Pelo Filtro de Nome...
		Nome do Produto: Short Nike Distance 7 pol.
			Igorando Pelo Filtro de Nome...
		Nome do Produto: Tênis Asics Patriot 7
			Igorando Pelo Filtro de Nome...
		Nome do Produto: Short Nike Distance 7 pol.
			Igorando Pelo Filtro de Nome...
		Nome do Produto: Short Nike Phenom 2 em 1 7 pol.
			Igorando Pelo Filtro de Nome...
		Nome do Produto: Tênis Asics Gel Galaxy 7
			Igorando Pelo Filtro de Nome...
		Nome do Produto: Short Nike Distance 7 pol.
			Igorando Pelo Filtro de Nome...
		Nome do Produto: Boné New Era 5950 Size 7
			Igorando Pelo Filtro de Nome...
		Nome do Produto: Tênis Adidas Supernova Sequence Boost 7
			Igorando Pelo Filtro de Nome...
		Nome do Produto: Short Nike Printed Pursuit 2 em 1 7 pol.
			Igorando Pelo Filtro de Nome...
		Nome do Produto: Short Nike Phenom 2 em 1 7 pol.
			Igorando Pelo Filtro de Nome...
		Nome do Produto: Short Nike 2 em 1 Stamina 7 pol.
			Igorando Pelo Filtro de Nome...
		Nome do Produto: Short Under Armour Run Flyweight 7 pol.
			Igorando Pelo Filtro de Nome...
		Nome do Produto: Skate Urgh Escorrido Infantil 31.2 x 7.68
			Igorando Pelo Filtro de Nome...
		Nome do Produto: Short Nike 2 em 1 Stamina 7 pol.
			Igorando Pelo Filtro de Nome...
		Nome do Produto: Tênis Saucony Ride 7
			Igorando Pelo Filtro de Nome...
		Nome do Produto: Sapatilha Nike Zoom Rival S 7
			Igorando Pelo Filtro de Nome...
		Nome do Produto: Caneleira GONEW Bagum 7 Kg
			Igorando Pelo Filtro de Nome...
		Nome do Produto: Short Nike Phenom Colorblocked 2 em 1 7 pol.
			Igorando Pelo Filtro de Nome...
		Nome do Produto: Short Puma Running 7
			Igorando Pelo Filtro de Nome...
		Nome do Produto: Tênis Adidas Supernova Sequence Boost 7
			Igorando Pelo Filtro de Nome...
		Nome do Produto: Short de Compressão Under Armour CT 7 pol.
			Igorando Pelo Filtro de Nome...
		Nome do Produto: Shape Solo Liso 7,48 x 31,50
			Igorando Pelo Filtro de Nome...
	Tempo Para buscar: 307
Loja: Ponto Frio
	URL Principal: http://www.pontofrio.com.br/
	URL Busca: http://search.pontofrio.com.br/search?w=<BUSCA>
http://search.pontofrio.com.br/search?w=Mario+Kart+7
		Documento Lido
		Resultados: 1
		Nome do Produto: Carro Mario Kart Aeromodelli Seven Car
			Igorando Pelo Filtro de Nome...
		Nome do Produto: Knex Mario Kart Wario Moto Bike Multikids BR041 – Colorido
			Igorando Pelo Filtro de Nome...
		Nome do Produto: Knex Mario Kart Yoshi Moto Bike Multikids BR041 - Colorido
			Igorando Pelo Filtro de Nome...
		Nome do Produto: Livro - Feras Futebol Clube - Mário, o Camisa 10
			Igorando Pelo Filtro de Nome...
		Nome do Produto: Knex Mario Kart Moto Bike Multikids BR041 – Colorido
			Igorando Pelo Filtro de Nome...
		Nome do Produto: Carro Mario Kart Aeromodelli Seven Car
			Igorando Pelo Filtro de Nome...
		Nome do Produto: Knex Mario Kart Wario Moto Bike Multikids BR041 – Colorido
			Igorando Pelo Filtro de Nome...
		Nome do Produto: Knex Mario Kart Yoshi Moto Bike Multikids BR041 - Colorido
			Igorando Pelo Filtro de Nome...
		Nome do Produto: Livro - Feras Futebol Clube - Mário, o Camisa 10
			Igorando Pelo Filtro de Nome...
		Nome do Produto: Knex Mario Kart Moto Bike Multikids BR041 – Colorido
			Igorando Pelo Filtro de Nome...
	Tempo Para buscar: 1206
Loja: Ricardo Eletro
	URL Principal: http://www.ricardoeletro.com.br/
	URL Busca: http://www.ricardoeletro.com.br/Busca/Resultado/?q=<BUSCA>
http://www.ricardoeletro.com.br/Busca/Resultado/?q=Mario+Kart+7
		Documento Lido
		Resultados: 2
		Nome do Produto: Jogo New Super Mario U para Nintendo Wii U (NWiiU)
			Igorando Pelo Filtro de Nome...
		Nome do Produto: Jogo Mario Golf: World Tour para Nintendo 3DS (N3DS)
			Igorando Pelo Filtro de Nome...
	Tempo Para buscar: 442
Loja: RiHappy
	URL Principal: http://www.rihappy.com.br/
	URL Busca: http://www.rihappy.com.br/<BUSCA>
http://www.rihappy.com.br/Mario%20Kart%207
		Documento Lido
		Resultados: 18
		Nome do Produto: Knex Mario Kart Motorizado - Mario - MultiKids - Outras Marcas
			Igorando Pelo Filtro de Nome...
		Nome do Produto: Knex Mario Kart Motorizado - Yoshi - MultiKids - Outras Marcas
			Igorando Pelo Filtro de Nome...
		Nome do Produto: Knex Mario Kart Motorizado - Bowser - MultiKids - Outras Marcas
			Igorando Pelo Filtro de Nome...
		Nome do Produto: Knex Figura Sortida Mario Kart - MultiKids - Outras Marcas
			Igorando Pelo Filtro de Nome...
		Nome do Produto: Knex Figura Mario Kart - Yoshi - MultiKids - Outras Marcas
			Igorando Pelo Filtro de Nome...
		Nome do Produto: Knex Mario e Luigi - Linha de Largada - MultiKids - Outras Marcas
			Igorando Pelo Filtro de Nome...
		Nome do Produto: Jogo Nintendo 3DS - Mario Golf World Tour - Jogos
			Igorando Pelo Filtro de Nome...
		Nome do Produto: Jogo Nintendo Wii U - New Super Mario Bros U - Jogos
			Igorando Pelo Filtro de Nome...
		Nome do Produto: Boneco Minicraque CBF Soccerstarz - David Luiz - 04 - Creative - Bonecos Colecionáveis Réplicas
			Igorando Pelo Filtro de Nome...
		Nome do Produto: Telefone Celular Barbie - Rosa - Intek - Brincadeira de Casinha
			Igorando Pelo Filtro de Nome...
		Nome do Produto: Gangorra Individual Bidu - Turma da Mônica - Xalingo - Gangorras, Balanços e Escorregadores
			Igorando Pelo Filtro de Nome...
		Nome do Produto: Garrafa de Bebidas Foguete - 400ml - Ibimboo - Pratos, Copos, Talheres e Acessórios
			Igorando Pelo Filtro de Nome...
		Nome do Produto: Tabela de Basquete com Pé - Xalingo - Esportes
			Igorando Pelo Filtro de Nome...
		Nome do Produto: Gangorra Individual Pluto - Xalingo - Gangorras, Balanços e Escorregadores
			Igorando Pelo Filtro de Nome...
		Nome do Produto: Carrinho de Controle Remoto Gogo Buddies - Caminhão Caçamba - Controle Remoto
			Igorando Pelo Filtro de Nome...
		Nome do Produto: Casinha - Malukete - Xalingo - Casinhas e Castelos
			Igorando Pelo Filtro de Nome...
		Nome do Produto: Mini Veículo a Pedal - Xtreme Vermelho - Xalingo - Pedal
			Igorando Pelo Filtro de Nome...
		Nome do Produto: Carrinho de Controle Remoto Gogo Buddies - Caminhão Betoneira - Controle Remoto
			Igorando Pelo Filtro de Nome...
	Tempo Para buscar: 1463
Loja: Saraiva
	URL Principal: http://www.saraiva.com.br/
	URL Busca: http://busca.saraiva.com.br/search?w=<BUSCA>&PAC_ID=129457&ts=ajax
http://busca.saraiva.com.br/search?w=Mario+Kart+7&PAC_ID=129457&ts=ajax
		Documento Lido
		Resultados: 5
		Nome do Produto: Mario Kart 7 - 3ds
individualUrl = http://busca.saraiva.com.br/search?p=R&srid=S11-USWSD02&lbc=saraiva&w=Mario%20Kart%207&url=http%3a%2f%2fwww.saraiva.com.br%2fproduto%2f3695304&rk=1&uid=602144835&sid=2&ts=ajax&rsc=WimW%3a-flH3Aw%3aoHg&method=and&isort=score&view=grid
http://busca.saraiva.com.br/search?p=R&srid=S11-USWSD02&lbc=saraiva&w=Mario%20Kart%207&url=http%3a%2f%2fwww.saraiva.com.br%2fproduto%2f3695304&rk=1&uid=602144835&sid=2&ts=ajax&rsc=WimW%3a-flH3Aw%3aoHg&method=and&isort=score&view=grid
		Acessando URL do produto.
		Nome do Produto: Mario Kart 7 - Luigi
individualUrl = http://busca.saraiva.com.br/search?p=R&srid=S11-USWSD02&lbc=saraiva&w=Mario%20Kart%207&url=http%3a%2f%2fwww.saraiva.com.br%2fproduto%2f8229787&rk=2&uid=602144835&sid=2&ts=ajax&rsc=avXtKZbK8FWdfJ%3au&method=and&isort=score&view=grid
http://busca.saraiva.com.br/search?p=R&srid=S11-USWSD02&lbc=saraiva&w=Mario%20Kart%207&url=http%3a%2f%2fwww.saraiva.com.br%2fproduto%2f8229787&rk=2&uid=602144835&sid=2&ts=ajax&rsc=avXtKZbK8FWdfJ%3au&method=and&isort=score&view=grid
		Acessando URL do produto.
		Nome do Produto: Mario Kart 7 - Mario
individualUrl = http://busca.saraiva.com.br/search?p=R&srid=S11-USWSD02&lbc=saraiva&w=Mario%20Kart%207&url=http%3a%2f%2fwww.saraiva.com.br%2fproduto%2f8229777&rk=3&uid=602144835&sid=2&ts=ajax&rsc=eCuPkhKD81djTfnW&method=and&isort=score&view=grid
http://busca.saraiva.com.br/search?p=R&srid=S11-USWSD02&lbc=saraiva&w=Mario%20Kart%207&url=http%3a%2f%2fwww.saraiva.com.br%2fproduto%2f8229777&rk=3&uid=602144835&sid=2&ts=ajax&rsc=eCuPkhKD81djTfnW&method=and&isort=score&view=grid
		Acessando URL do produto.
		Nome do Produto: Mario Kart 7 - Koopa
individualUrl = http://busca.saraiva.com.br/search?p=R&srid=S11-USWSD02&lbc=saraiva&w=Mario%20Kart%207&url=http%3a%2f%2fwww.saraiva.com.br%2fproduto%2f8229816&rk=4&uid=602144835&sid=2&ts=ajax&rsc=l3iB56-bB4BqFxWu&method=and&isort=score&view=grid
http://busca.saraiva.com.br/search?p=R&srid=S11-USWSD02&lbc=saraiva&w=Mario%20Kart%207&url=http%3a%2f%2fwww.saraiva.com.br%2fproduto%2f8229816&rk=4&uid=602144835&sid=2&ts=ajax&rsc=l3iB56-bB4BqFxWu&method=and&isort=score&view=grid
		Acessando URL do produto.
		Nome do Produto: Mario Kart 7 - Yoshi
individualUrl = http://busca.saraiva.com.br/search?p=R&srid=S11-USWSD02&lbc=saraiva&w=Mario%20Kart%207&url=http%3a%2f%2fwww.saraiva.com.br%2fproduto%2f8229795&rk=5&uid=602144835&sid=2&ts=ajax&rsc=eYZ0BjNGcyWEGv0i&method=and&isort=score&view=grid
http://busca.saraiva.com.br/search?p=R&srid=S11-USWSD02&lbc=saraiva&w=Mario%20Kart%207&url=http%3a%2f%2fwww.saraiva.com.br%2fproduto%2f8229795&rk=5&uid=602144835&sid=2&ts=ajax&rsc=eYZ0BjNGcyWEGv0i&method=and&isort=score&view=grid
		Acessando URL do produto.
	Tempo Para buscar: 26730
Loja: Shop Facil
	URL Principal: http://ww2.shopfacil.com.br/
	URL Busca: http://ww2.shopfacil.com.br/<BUSCA>
http://ww2.shopfacil.com.br/Mario%20Kart%207
		Documento Lido
		Resultados: 15
		Nome do Produto: Knex Mario Kart Motorizado - Mario - MultiKids
			Igorando Pelo Filtro de Nome...
		Nome do Produto: Knex Mario Kart Motorizado - Yoshi - MultiKids
			Igorando Pelo Filtro de Nome...
		Nome do Produto: Knex Mario Kart Motorizado - Bowser - MultiKids
			Igorando Pelo Filtro de Nome...
		Nome do Produto: Carro Mario Kart Aeromodelli Seven Car
			Igorando Pelo Filtro de Nome...
		Nome do Produto: Knex Figura Mario Kart - Yoshi - MultiKids
			Igorando Pelo Filtro de Nome...
		Nome do Produto: Knex Figura Sortida Mario Kart - MultiKids
			Igorando Pelo Filtro de Nome...
		Nome do Produto: Knex Mario Kart Moto Bike Multikids BR041 – Colorido
			Igorando Pelo Filtro de Nome...
		Nome do Produto: Knex Mario Kart Wario Moto Bike Multikids BR041 – Colorido
			Igorando Pelo Filtro de Nome...
		Nome do Produto: Knex Mario Kart Yoshi Moto Bike Multikids BR041 - Colorido
			Igorando Pelo Filtro de Nome...
		Nome do Produto: 7 Day Scrub Cream Clinique - Esfoliante Facial
			Igorando Pelo Filtro de Nome...
		Nome do Produto: Blocos de Montar Mario Kart Multikids Yoshi com Motor Elétrico – 30 Peças
			Igorando Pelo Filtro de Nome...
		Nome do Produto: Blocos de Montar Mario Kart Multikids Bowser com Motor Elétrico – 30 Peças
			Igorando Pelo Filtro de Nome...
		Nome do Produto: Blocos de Montar Mario Kart Multikids Luigi com Motor Elétrico – 30 Peças
			Igorando Pelo Filtro de Nome...
		Nome do Produto: L7 II Dual Preto Desbloqueado OI, 3G, Processador Dual Core 1GHz, 8GB Memória, Câmera 8.0MP, Wi-Fi
			Igorando Pelo Filtro de Nome...
		Nome do Produto: Livro - Direito das Sucessões: Teoria e Prática - 7ª Edição - 2013 - Mario Roberto Carvalho de Faria
			Igorando Pelo Filtro de Nome...
	Tempo Para buscar: 2074
Loja: Shop Time
	URL Principal: http://www.shoptime.com.br/
	URL Busca: http://busca.shoptime.com.br/busca.php?q=<BUSCA>
http://busca.shoptime.com.br/busca.php?q=Mario+Kart+7
		Documento Lido
		Resultados: 2
		Nome do Produto: Pista Elétrica By Kids Nintendo Mario Kart 7 Pista By Kids Nintendo Mario Kart 7
http://busca.shoptime.com.br/produto.php?link=http://www.shoptime.com.br/produto/120370807/pista-eletrica-by-kids-nintendo-mario-kart-7&ranking=1&sessao=U09GJ2K9PDCO7&idbusca=b01d3a188005c8dbbfca3fe9a6c33cbe24fe3a8c&idproduto=120370807
		Acessando URL do produto.
		Nome do Produto: Pista Elétrica By Kids Nintendo Mario Kart 7 Pista By Kids Nintendo Mario Kart 7
http://busca.shoptime.com.br/produto.php?link=http://www.shoptime.com.br/produto/120370823/pista-by-kids-nintendo-mario-kart-7&ranking=2&sessao=U09GJ2K9PDCO7&idbusca=b01d3a188005c8dbbfca3fe9a6c33cbe24fe3a8c&idproduto=120370823
		Acessando URL do produto.
	Tempo Para buscar: 4149
Loja: ShopB
	URL Principal: http://www.shopb.com.br/
	URL Busca: http://busca.shopb.com.br/?busca=<BUSCA>
http://busca.shopb.com.br/?busca=Mario+Kart+7
		Documento Lido
		Resultados: 31
		Nome do Produto: Mario Kart 7 - 3DS
http://shopb.ecommercesearch.com.br/Busca/Redir?url=http%3a%2f%2fwww.shopb.com.br%2fecommerce_site%2findex.php%3fpg%3dproduto%26cdg%3d4488%26idp%3d23629%26idparceiro%3dp1&esid=23629
		Acessando URL do produto.
		Nome do Produto: Adaptador - Placa de Som Usb 7.1 p/Entrada P2 Fone Microfone - PS3
			Igorando Pelo Filtro de Nome...
		Nome do Produto: Castlevania: Lords of Shadow Mirror of Fate - 3DS
			Igorando Pelo Filtro de Nome...
		Nome do Produto: Chaves Kart - PS3
			Igorando Pelo Filtro de Nome...
		Nome do Produto: Dynasty Warriors 7 - XBOX 360
			Igorando Pelo Filtro de Nome...
		Nome do Produto: Far Cry 4: Kyrat Edition - PS4
			Igorando Pelo Filtro de Nome...
		Nome do Produto: Far Cry 4: Kyrat Edition - XBOX ONE
			Igorando Pelo Filtro de Nome...
		Nome do Produto: Fonte Paralela Samsung Series 7
			Igorando Pelo Filtro de Nome...
		Nome do Produto: Fonte Paralela Sony Vaio 19.5v 7.7A
			Igorando Pelo Filtro de Nome...
		Nome do Produto: Headset Wireless Stereo 7.1 Pulse Elite - PS3, PC e PS Vita
			Igorando Pelo Filtro de Nome...
		Nome do Produto: Lego Harry Potter Years 5-7 - 3DS
			Igorando Pelo Filtro de Nome...
		Nome do Produto: Lego Harry Potter Years 5-7 - PS3
			Igorando Pelo Filtro de Nome...
		Nome do Produto: Lego Harry Potter: Years 5-7 - XBOX 360
			Igorando Pelo Filtro de Nome...
		Nome do Produto: Leitor de código de barras CMC-7 - Homebank
			Igorando Pelo Filtro de Nome...
		Nome do Produto: Mario & Luigi: Dream Team - 3DS
			Igorando Pelo Filtro de Nome...
		Nome do Produto: Mario & Sonic at The Olympic Winter Games Sochi 2014 - Wii U
			Igorando Pelo Filtro de Nome...
		Nome do Produto: Mario Golf: World Tour - 3DS
			Igorando Pelo Filtro de Nome...
		Nome do Produto: Mario Party: Island Tour - 3DS
			Igorando Pelo Filtro de Nome...
		Nome do Produto: Mario Tennis Open - 3DS
			Igorando Pelo Filtro de Nome...
		Nome do Produto: Mouse Gamer Ambidestro Razer Abyssus Mirror - Razer
			Igorando Pelo Filtro de Nome...
		Nome do Produto: New Super Mario Bros U - Wii U
			Igorando Pelo Filtro de Nome...
		Nome do Produto: Nintendo Amiibo: Super Mario - Wii U
			Igorando Pelo Filtro de Nome...
		Nome do Produto: Nintendo Wii U Deluxe Set + Super Mario Bros U + Super Luigi U - 32GB
			Igorando Pelo Filtro de Nome...
		Nome do Produto: Nintendo Wii U Deluxe Set Edição Especial Mario Kart 8 - 32GB
			Igorando Pelo Filtro de Nome...
		Nome do Produto: Paper Mario: Sticker Star - 3DS
			Igorando Pelo Filtro de Nome...
		Nome do Produto: Ridge Racer 7 - PS3
			Igorando Pelo Filtro de Nome...
		Nome do Produto: Skin Notebook - MOD 1 7" - 20,5 x 15,5cm
			Igorando Pelo Filtro de Nome...
		Nome do Produto: Skin Notebook - MOD 10 7" - 20,5 x 15,5cm
			Igorando Pelo Filtro de Nome...
		Nome do Produto: Skin Notebook - MOD 100 7" - 20,5 x 15,5cm
			Igorando Pelo Filtro de Nome...
		Nome do Produto: Skin Notebook - MOD 101 7" - 20,5 x 15,5cm
			Igorando Pelo Filtro de Nome...
		Nome do Produto: Skin Notebook - MOD 102 7" - 20,5 x 15,5cm
			Igorando Pelo Filtro de Nome...
	Tempo Para buscar: 1572
Loja: Submarino
	URL Principal: http://www.submarino.com.br/
	URL Busca: http://busca.submarino.com.br/busca.php?q=<BUSCA>
http://busca.submarino.com.br/busca.php?q=Mario+Kart+7
		Documento Lido
		Resultados: 2
		Nome do Produto: Pista Elétrica By Kids Nintendo Mario Kart 7
http://busca.submarino.com.br/produto.php?link=http://www.submarino.com.br/produto/120370807/pista-eletrica-by-kids-nintendo-mario-kart-7&ranking=1&sessao=U09GJ8XYSGG87&idbusca=af8c5e1fde6303a09b0169d79fef6473c172e5dc&idproduto=120370807
		Acessando URL do produto.
		Nome do Produto: Pista By Kids Nintendo Mario Kart 7
http://busca.submarino.com.br/produto.php?link=http://www.submarino.com.br/produto/120370823/pista-by-kids-nintendo-mario-kart-7&ranking=2&sessao=U09GJ8XYSGG87&idbusca=af8c5e1fde6303a09b0169d79fef6473c172e5dc&idproduto=120370823
		Acessando URL do produto.
	Tempo Para buscar: 3850
Loja: Walmart
	URL Principal: http://www.walmart.com.br/
	URL Busca: http://www.walmart.com.br/busca/?ft=<BUSCA>&PS=20
http://www.walmart.com.br/busca/?ft=Mario+Kart+7&PS=20
		Documento Lido
		Resultados: 1
		Nome do Produto: Jogo Nintendo 3DS Mario Kart 7
http://www.walmart.com.br//produto/Games/Jogos-para-Nintendo-3DS/Nintendo/323309-Jogo-Nintendo-3DS---Mario-Kart-7
		Acessando URL do produto.
	Tempo Para buscar: 1447

File copied from C:\java\rep\lookforprices\resources\imports\css.css to C:\java\rep\lookforprices\reports\2015-01-21 15\css.css
File copied from C:\java\rep\lookforprices\resources\imports\jquery.js to C:\java\rep\lookforprices\reports\2015-01-21 15\jquery.js
File copied from C:\java\rep\lookforprices\resources\imports\scripts.js to C:\java\rep\lookforprices\reports\2015-01-21 15\scripts.js
Tempo total de execução: 81588
