Game: Mario Party
Loja: Nintendo eShop
	URL Principal: http://www.nintendo.com/3ds/eshop
	URL Busca: http://www.nintendo.com/json/content/get/game/filter?&&&&qterm=<BUSCA>
NintendoEShopSearch.search() http://www.nintendo.com/json/content/get/game/filter?&&&&qterm=Mario+Party
		Documento Lido
		Resultados: 16
		Nome do Produto: Mario Party 10
http://www.nintendo.com/games/detail/REGT9oL8TMur8_5s9Ofb2VdbFnPcnn21
		Acessando URL do produto.
URL = http://www.nintendo.com/games/detail/REGT9oL8TMur8_5s9Ofb2VdbFnPcnn21
		Nome do Produto: Mario Party 10
http://www.nintendo.com/games/detail/PHW3L8-FIeYVrWa1WTtUIQ1tC7VR4lvM
		Acessando URL do produto.
URL = http://www.nintendo.com/games/detail/PHW3L8-FIeYVrWa1WTtUIQ1tC7VR4lvM
		Nome do Produto: Mario Party Advance
http://www.nintendo.com/games/detail/wzM9ziqiTZpgNPq4JAavAReWTZAbowDX
		Acessando URL do produto.
URL = http://www.nintendo.com/games/detail/wzM9ziqiTZpgNPq4JAavAReWTZAbowDX
		Nome do Produto: Super Smash Bros.
			Igorando Pelo Filtro de Nome...
		Nome do Produto: Mario Party: Island Tour
http://www.nintendo.com/games/detail/jJ2KP3ofqeqOHHccjg-mRu1hz0YCJ2By
		Acessando URL do produto.
URL = http://www.nintendo.com/games/detail/jJ2KP3ofqeqOHHccjg-mRu1hz0YCJ2By
		Nome do Produto: Mario Party 9
http://www.nintendo.com/games/detail/NmcKbzZnRefioDCbEp2_v6rwsLPpbEEw
		Acessando URL do produto.
URL = http://www.nintendo.com/games/detail/NmcKbzZnRefioDCbEp2_v6rwsLPpbEEw
		Nome do Produto: Mario & Sonic at the London 2012 Olympic Games
			Igorando Pelo Filtro de Nome...
		Nome do Produto: Mario & Sonic at the London 2012 Olympic Games
			Igorando Pelo Filtro de Nome...
		Nome do Produto: Just Dance 3
			Igorando Pelo Filtro de Nome...
		Nome do Produto: Mario Party 2
http://www.nintendo.com/games/detail/1wWLs-g1b1KY6RIKDbgHZqGH1BCoxPXn
		Acessando URL do produto.
URL = http://www.nintendo.com/games/detail/1wWLs-g1b1KY6RIKDbgHZqGH1BCoxPXn
		Nome do Produto: Mario and Sonic at the Olympic Winter Games
			Igorando Pelo Filtro de Nome...
		Nome do Produto: Mario & Sonic at the Olympic Winter Games
			Igorando Pelo Filtro de Nome...
		Nome do Produto: Mario vs. Donkey Kong: Minis March Again!
			Igorando Pelo Filtro de Nome...
		Nome do Produto: Mario Party DS
http://www.nintendo.com/games/detail/bYOnzZFYh7E70cgflA2LY_o7i5sU382f
		Acessando URL do produto.
URL = http://www.nintendo.com/games/detail/bYOnzZFYh7E70cgflA2LY_o7i5sU382f
		Nome do Produto: Mario Party 8
http://www.nintendo.com/games/detail/WnjIJm5FSwjb8m39oUzkZvIqkRXZ6F-I
		Acessando URL do produto.
URL = http://www.nintendo.com/games/detail/WnjIJm5FSwjb8m39oUzkZvIqkRXZ6F-I
		Nome do Produto: Super Mario 64 DS
			Igorando Pelo Filtro de Nome...
	Tempo Para buscar: 4421
Loja: Americanas
	URL Principal: http://www.americanas.com.br/
	URL Busca: http://busca.americanas.com.br/busca.php?q=<BUSCA>
http://busca.americanas.com.br/busca.php?q=Mario+Party
		Documento Lido
		Resultados: 2
		Nome do Produto: Game Mario Party - Island Tour - 3DS
http://busca.americanas.com.br/produto.php?link=http://www.americanas.com.br/produto/116707833/game-mario-party-island-tour-3ds&ranking=1&sessao=U09GNYNWH2SC7&idbusca=ae9fc72d41c1c93cf9abf3fea5f853a8b3f78fd1&idproduto=116707833
		Acessando URL do produto.
		Nome do Produto: Game Mario Party - DS
http://busca.americanas.com.br/produto.php?link=http://www.americanas.com.br/produto/6741584/game-mario-party-ds&ranking=2&sessao=U09GNYNWH2SC7&idbusca=ae9fc72d41c1c93cf9abf3fea5f853a8b3f78fd1&idproduto=6741584
		Acessando URL do produto.
	Tempo Para buscar: 4137
Loja: Big Boy Games
	URL Principal: http://www.bigboygames.com.br/
	URL Busca: http://www.bigboygames.com.br/pesquisa/?p=<BUSCA>
http://www.bigboygames.com.br/pesquisa/?p=Mario+Party
		Documento Lido
		Resultados: 5
		Nome do Produto: 3DS - Mario Party: Island Tour
http://www.bigboygames.com.br/3ds-mario-party-island-tour-p5729/
		Acessando URL do produto.
		Nome do Produto: Wii - Mario Party 9
http://www.bigboygames.com.br/wii-mario-party-9-p3840/
		Acessando URL do produto.
		Nome do Produto: DS - Mario Party DS
http://www.bigboygames.com.br/ds-mario-party-ds-p68/
		Acessando URL do produto.
		Nome do Produto: Nintendo 64 - Mario Party 3
http://www.bigboygames.com.br/nintendo-64-mario-party-3-p1666/
		Acessando URL do produto.
		Nome do Produto: Nintendo 64 - Mario Party 2
http://www.bigboygames.com.br/nintendo-64-mario-party-2-p1665/
		Acessando URL do produto.
	Tempo Para buscar: 4382
Loja: Casas Bahia
	URL Principal: http://www.casasbahia.com.br/
	URL Busca: http://buscas.casasbahia.com.br/search?w=<BUSCA>
http://buscas.casasbahia.com.br/search?w=Mario+Party
		Documento Lido
		Resultados: 1
		Nome do Produto: Let's Party - Leve 7
			Igorando Pelo Filtro de Nome...
		Nome do Produto: Livro - Por Que Ler Mário de Andrade - Maria Augusta Fonseca
			Igorando Pelo Filtro de Nome...
		Nome do Produto: Livro - Nos Bastidores da Nintendo: o Jeito Wii de Reinventar Negócios e Transformar Clientes em Fãs - Jeff Ryan
			Igorando Pelo Filtro de Nome...
		Nome do Produto: Livro - Mário
			Igorando Pelo Filtro de Nome...
		Nome do Produto: Jogo Everybody Dance 2 - PS3
			Igorando Pelo Filtro de Nome...
		Nome do Produto: Monkey Party - Level 1 - A2 - American English
			Igorando Pelo Filtro de Nome...
		Nome do Produto: Monkey Party - Level 1 - A2 - British English
			Igorando Pelo Filtro de Nome...
		Nome do Produto: Livro - I Love Flyers - Bilíngue
			Igorando Pelo Filtro de Nome...
		Nome do Produto: Love or Money - Volume 1
			Igorando Pelo Filtro de Nome...
		Nome do Produto: Livro - James Lins: O Playboy Que Não Deu Certo - Mario Prata
			Igorando Pelo Filtro de Nome...
		Nome do Produto: Livro - A Rua dos Cataventos; Canções; Sapato Florido - Mario Quintana
			Igorando Pelo Filtro de Nome...
		Nome do Produto: Livro - Apontamentos de História Sbrenatural - Mario Quintana
			Igorando Pelo Filtro de Nome...
		Nome do Produto: Livro - Mário de Andrade e Sérgio Buarque de Holanda: Correspondência
			Igorando Pelo Filtro de Nome...
		Nome do Produto: Livro - Anita Malfatti no Tempo e no Espaço - 02 Volumes
			Igorando Pelo Filtro de Nome...
		Nome do Produto: Livro - Mário de Andrade e a Argentina - Patricia Artundo
			Igorando Pelo Filtro de Nome...
		Nome do Produto: Livro - L&PM Pocket - Conhece o Mário?
			Igorando Pelo Filtro de Nome...
		Nome do Produto: Livro - Instituições de Direito Civil - Volume VI - Caio Mário da Silva Pereira
			Igorando Pelo Filtro de Nome...
		Nome do Produto: Livro - Uma Vida Política - Mário Soares
			Igorando Pelo Filtro de Nome...
		Nome do Produto: Livro - Instituições de Direito Civil - Volume II: Teoria Geral das Obrigações - Caio Mário da Silva Pereira
			Igorando Pelo Filtro de Nome...
		Nome do Produto: Livro Instituições de Direito Civil 22ª Edição - Caio Mário da Silva Pereira
			Igorando Pelo Filtro de Nome...
	Tempo Para buscar: 1739
Loja: Extra
	URL Principal: http://www.extra.com.br/
	URL Busca: http://buscando.extra.com.br/search?w=<BUSCA>
http://buscando.extra.com.br/search?w=Mario+Party
		Documento Lido
		Resultados: 1
		Nome do Produto: VOGUE & THE METROPOLITAN MUSEUM OF ART COSTUME INSTITUTE
			Igorando Pelo Filtro de Nome...
	Tempo Para buscar: 917
Loja: Fast Games
	URL Principal: http://www.fastgames.com.br/
	URL Busca: http://www.fastgames.com.br/loja/busca.php?loja=187970&palavra_busca=<BUSCA>
http://www.fastgames.com.br/loja/busca.php?loja=187970&palavra_busca=Mario+Party
		Documento Lido
		Resultados: 2
		Nome do Produto: Mario Party 9 - Wii
http://www.fastgames.com.br//mario-party-9--wii-pr-3401-187970.htm
		Acessando URL do produto.
		Nome do Produto: Mario Party: Island Tour - 3DS
http://www.fastgames.com.br//mario-party-island-tour-3ds-pr-7170-187970.htm
		Acessando URL do produto.
	Tempo Para buscar: 3867
Loja: Fast Shop
	URL Principal: http://www.fastshop.com.br/loja/
	URL Busca: http://www.fastshop.com.br/webapp/wcs/stores/servlet/SearchDisplay?searchTerm=<BUSCA>&categoryId=&storeId=10151&catalogId=11052&langId=-6&pageSize=9&beginIndex=0&sType=SimpleSearch&resultCatEntryType=2&showResultsPage=true&searchSource=Q&pageView=&hotsite=fastshop
http://www.fastshop.com.br/webapp/wcs/stores/servlet/SearchDisplay?searchTerm=Mario+Party&categoryId=&storeId=10151&catalogId=11052&langId=-6&pageSize=9&beginIndex=0&sType=SimpleSearch&resultCatEntryType=2&showResultsPage=true&searchSource=Q&pageView=&hotsite=fastshop
		Documento Lido
		Resultados: 0
	Tempo Para buscar: 17131
Loja: FNAC
	URL Principal: http://www.fnac.com.br/index.html
	URL Busca: http://busca.fnac.com.br/?busca=<BUSCA>
http://busca.fnac.com.br/?busca=Mario+Party
		Documento Lido
		Resultados: 20
		Nome do Produto: Nds - Mario Party
http://busca.FNAC.com.br/Busca/Redir?url=http%3a%2f%2fwww.FNAC.com.br%2fnds-mario-party%2fp%2f16543&esid=16543
		Acessando URL do produto.
		Nome do Produto: 3ds Mario Party
http://busca.FNAC.com.br/Busca/Redir?url=http%3a%2f%2fwww.FNAC.com.br%2f3ds-mario-party%2fp%2f653268&esid=653268
		Acessando URL do produto.
		Nome do Produto: Kate Middleton - Estilo Elegância do Maior Ícone da Realeza
			Igorando Pelo Filtro de Nome...
		Nome do Produto: Mary Poppins E Sua Criadora - A Vida de Pamela Travers
			Igorando Pelo Filtro de Nome...
		Nome do Produto: Pirata
			Igorando Pelo Filtro de Nome...
		Nome do Produto: Purgatorio
			Igorando Pelo Filtro de Nome...
		Nome do Produto: Diário de Um Magro - 15 Anos Num Spa
			Igorando Pelo Filtro de Nome...
		Nome do Produto: Schifaizfavoire - Dicionário de Português
			Igorando Pelo Filtro de Nome...
		Nome do Produto: Minhas Mulheres E Meus Homens
			Igorando Pelo Filtro de Nome...
		Nome do Produto: Os Anjos de Badaró
			Igorando Pelo Filtro de Nome...
		Nome do Produto: Minhas Tudo
			Igorando Pelo Filtro de Nome...
		Nome do Produto: James Lins - O Playboy que Não Deu Certo
			Igorando Pelo Filtro de Nome...
		Nome do Produto: Caderno Maria Eugênia Grande Leitura
			Igorando Pelo Filtro de Nome...
		Nome do Produto: Calendário Mesa Maria Eugênia 2014
			Igorando Pelo Filtro de Nome...
		Nome do Produto: Agenda Maria Eugênia 2014 Dp - Clara
			Igorando Pelo Filtro de Nome...
		Nome do Produto: Produto do Morro
			Igorando Pelo Filtro de Nome...
		Nome do Produto: Reflexologia Sobre A Democracia na America Latina
			Igorando Pelo Filtro de Nome...
		Nome do Produto: Porta Giratória
			Igorando Pelo Filtro de Nome...
		Nome do Produto: Sombrio Perdão
			Igorando Pelo Filtro de Nome...
		Nome do Produto: Primavera Num Espelho Partido
			Igorando Pelo Filtro de Nome...
	Tempo Para buscar: 2673
Loja: Kabum
	URL Principal: http://www.kabum.com.br/
	URL Busca: http://www.kabum.com.br/cgi-local/site/listagem/listagem.cgi?string=<BUSCA>&btnG=
http://www.kabum.com.br/cgi-local/site/listagem/listagem.cgi?string=Mario+Party&btnG=
		Documento Lido
		Resultados: 0
	Tempo Para buscar: 286
Loja: Livraria Cultura
	URL Principal: http://www.livrariacultura.com.br/
	URL Busca: http://www.livrariacultura.com.br/busca?N=0&Ntt=<BUSCA>
http://www.livrariacultura.com.br/busca?N=0&Ntt=Mario+Party
		Documento Lido
		Resultados: 46
		Nome do Produto: MARIO PARTY 8
http://www.livrariacultura.com.br/p/mario-party-8-29878488
		Acessando URL do produto.
		Nome do Produto: DINNER PARTY FOR EIGHT (HUMOROUS ADULT NOVELLA)
			Igorando Pelo Filtro de Nome...
		Nome do Produto: DINNER PARTY FOR EIGHT
			Igorando Pelo Filtro de Nome...
		Nome do Produto: CHRISTIAN DEMOCRAT PARTY OF CHILE POLITICIANS
			Igorando Pelo Filtro de Nome...
		Nome do Produto: PARTY DRESS
			Igorando Pelo Filtro de Nome...
		Nome do Produto: COLOMBIAN CONSERVATIVE PARTY POLITICIANS
			Igorando Pelo Filtro de Nome...
		Nome do Produto: ADVANCED WINDOWS DEBUGGING
			Igorando Pelo Filtro de Nome...
		Nome do Produto: ADVANCED WINDOWS DEBUGGING
			Igorando Pelo Filtro de Nome...
		Nome do Produto: PLAYBOY BARTENDER'S GUIDE DELUXE EDITION
			Igorando Pelo Filtro de Nome...
		Nome do Produto: EZ CHEATS: CHEAT CODES & TIPS FOR PS3, XBOX 360,
			Igorando Pelo Filtro de Nome...
		Nome do Produto: SEAN COMBS 253 SUCCESS FACTS - EVERYTHING YOU
			Igorando Pelo Filtro de Nome...
		Nome do Produto: SCATTERED
			Igorando Pelo Filtro de Nome...
		Nome do Produto: CARLOS PENA 79 SUCCESS FACTS - EVERYTHING YOU
			Igorando Pelo Filtro de Nome...
		Nome do Produto: TIME TO SAY GOODBYE
			Igorando Pelo Filtro de Nome...
		Nome do Produto: THE ILLICIT AMERICAN
			Igorando Pelo Filtro de Nome...
		Nome do Produto: THREE SPANKING NOVELLAS
			Igorando Pelo Filtro de Nome...
		Nome do Produto: THE AWFUL TRUTHS
			Igorando Pelo Filtro de Nome...
		Nome do Produto: GREAT EVENTS BY FAMOUS HISTORIANS, VOLUME
			Igorando Pelo Filtro de Nome...
		Nome do Produto: AFC SUBMISSIONS BY DATE/23 SEPTEMBER 2008
			Igorando Pelo Filtro de Nome...
		Nome do Produto: WHOSE CANADA?
			Igorando Pelo Filtro de Nome...
		Nome do Produto: FOR SOLO VIOLIN
			Igorando Pelo Filtro de Nome...
		Nome do Produto: CHRISTMAS COMPILATION ALBUMS
			Igorando Pelo Filtro de Nome...
		Nome do Produto: THREE SPANKING NOVELLAS
			Igorando Pelo Filtro de Nome...
		Nome do Produto: A WHISTLEBLOWER'S LAMENT
			Igorando Pelo Filtro de Nome...
		Nome do Produto: VISION THROUGH VERSES
			Igorando Pelo Filtro de Nome...
		Nome do Produto: 1989 AMERICAN TELEVISION SERIES DEBUTS
			Igorando Pelo Filtro de Nome...
		Nome do Produto: BREAKAWAY
			Igorando Pelo Filtro de Nome...
		Nome do Produto: AN AMERICAN SON - A MEMOIR
			Igorando Pelo Filtro de Nome...
		Nome do Produto: THREE SPANKING NOVELLAS
			Igorando Pelo Filtro de Nome...
		Nome do Produto: WAKE-UP CALLS
			Igorando Pelo Filtro de Nome...
		Nome do Produto: NOODLE KIDS
			Igorando Pelo Filtro de Nome...
		Nome do Produto: ROMAN CANDLES
			Igorando Pelo Filtro de Nome...
		Nome do Produto: JACKY
			Igorando Pelo Filtro de Nome...
		Nome do Produto: BITTERSWEET NIGHTSHADE
			Igorando Pelo Filtro de Nome...
		Nome do Produto: COME INTO DARKNESS
			Igorando Pelo Filtro de Nome...
		Nome do Produto: THE COCKTAIL PARTY, LOVE MARY
			Igorando Pelo Filtro de Nome...
		Nome do Produto: GERMAN SCHOLARS IN EXILE
			Igorando Pelo Filtro de Nome...
		Nome do Produto: REASON TO BELIEVE
			Igorando Pelo Filtro de Nome...
		Nome do Produto: THE EAT LIKE A MAN GUIDE TO FEEDING A CROWD
			Igorando Pelo Filtro de Nome...
		Nome do Produto: MATHEMATICS OF DERIVATIVES SECURITIES WITH
			Igorando Pelo Filtro de Nome...
		Nome do Produto: MEXICAN AMERICAN YOUTH ORGANIZATION
			Igorando Pelo Filtro de Nome...
		Nome do Produto: MARIO PARTY - ISLAND TOUR (3DS)
http://www.livrariacultura.com.br/p/mario-party-island-tour-3ds-42151991
		Acessando URL do produto.
		Nome do Produto: MARIO PARTY 8
http://www.livrariacultura.com.br/p/mario-party-8-2939252
		Acessando URL do produto.
		Nome do Produto: MARIO PARTY 9
http://www.livrariacultura.com.br/p/mario-party-9-29508713
		Acessando URL do produto.
		Nome do Produto: MARIO PARTY (DS)
http://www.livrariacultura.com.br/p/mario-party-ds-11036269
		Acessando URL do produto.
		Nome do Produto: MARIO TESTINO : PARTY
http://www.livrariacultura.com.br/p/mario-testino-party-564069
		Acessando URL do produto.
	Tempo Para buscar: 4924
Loja: Magazine Luiza
	URL Principal: http://www.magazineluiza.com.br/
	URL Busca: http://www.magazineluiza.com.br/busca/<BUSCA>/
http://www.magazineluiza.com.br/busca/Mario+Party/
		Documento Lido
		Resultados: 1
		Nome do Produto: Mario Party Island Tour para Nintendo 3DS - Nintendo
http://www.magazineluiza.com.br//mario-party-island-tour-para-nintendo-3ds-nintendo/p/0884460/ga/gads/?_b=Mario+Party
		Acessando URL do produto.
	Tempo Para buscar: 792
Loja: Mula Games
	URL Principal: http://www.mulagames.com.br/
	URL Busca: http://www.mulagames.com.br/produtos-index/catalogo_produtos/-/-/<BUSCA>/-/-/-/-/-/
http://www.mulagames.com.br/produtos-index/catalogo_produtos/-/-/Mario%20Party/-/-/-/-/-/
		Documento Lido
		Resultados: 2
		Nome do Produto: Mario Party: Island Tour - 3DS
http://www.mulagames.com.br/Mario-Party--Island-Tour-3DS/prod-1888325/
		Acessando URL do produto.
http://www.mulagames.com.br/produto-ajax_retorna_dados_preco_comprar/1888325
		Acessando URL do preço produto.
		Nome do Produto: Mario Party 9 - Wii
http://www.mulagames.com.br/Mario-Party-9-Wii/prod-2349754/
		Acessando URL do produto.
http://www.mulagames.com.br/produto-ajax_retorna_dados_preco_comprar/2349754
		Acessando URL do preço produto.
	Tempo Para buscar: 3131
Loja: Net Shoes
	URL Principal: http://www.netshoes.com.br/
	URL Busca: http://www.netshoes.com.br/search?Ntt=<BUSCA>
http://www.netshoes.com.br/search?Ntt=Mario+Party
		Documento Lido
		Resultados: 21
		Nome do Produto: Kimono Mário Yamasaki Jiu Jitsu
			Igorando Pelo Filtro de Nome...
		Nome do Produto: Kimono Mário Yamasaki Jiu Jitsu
			Igorando Pelo Filtro de Nome...
		Nome do Produto: Kimono Mário Yamasaki Jiu Jitsu
			Igorando Pelo Filtro de Nome...
		Nome do Produto: Camiseta Nike Print Party
			Igorando Pelo Filtro de Nome...
		Nome do Produto: Camiseta Nike Print Party
			Igorando Pelo Filtro de Nome...
		Nome do Produto: Jogo Party Wii
			Igorando Pelo Filtro de Nome...
		Nome do Produto: Camiseta Nike Print Party
			Igorando Pelo Filtro de Nome...
		Nome do Produto: Camiseta Hurley Especial Block Party Surface
			Igorando Pelo Filtro de Nome...
		Nome do Produto: Tênis Converse All Star CT AS Denim Party HI Infantil
			Igorando Pelo Filtro de Nome...
		Nome do Produto: Camiseta Hurley Especial Block Party Neo
			Igorando Pelo Filtro de Nome...
		Nome do Produto: Bermuda Hurley Block Party Icon
			Igorando Pelo Filtro de Nome...
		Nome do Produto: Jogo Mario Tennis Open 3DS
			Igorando Pelo Filtro de Nome...
		Nome do Produto: Moletom Quiksilver Party Time c/ Capuz
			Igorando Pelo Filtro de Nome...
		Nome do Produto: Bermuda Hurley Block Party Icon Juvenil
			Igorando Pelo Filtro de Nome...
		Nome do Produto: Bermuda Hurley Block Party Icon
			Igorando Pelo Filtro de Nome...
		Nome do Produto: Bermuda Hurley Block Party Icon
			Igorando Pelo Filtro de Nome...
		Nome do Produto: Tênis Converse All Star CT AS Denim Party HI Infantil
			Igorando Pelo Filtro de Nome...
		Nome do Produto: Camisa Polo Hurley Block Party
			Igorando Pelo Filtro de Nome...
		Nome do Produto: Jogo Rayman Raving Rabbids TV Party Wii
			Igorando Pelo Filtro de Nome...
		Nome do Produto: Camiseta Hurley Especial Block Party Neo
			Igorando Pelo Filtro de Nome...
		Nome do Produto: Camiseta Regata Hurley Block Party Premium
			Igorando Pelo Filtro de Nome...
	Tempo Para buscar: 189
Loja: Ponto Frio
	URL Principal: http://www.pontofrio.com.br/
	URL Busca: http://search.pontofrio.com.br/search?w=<BUSCA>
http://search.pontofrio.com.br/search?w=Mario+Party
		Documento Lido
		Resultados: 1
		Nome do Produto: Livro - Histórias de Paris - Mario Benedetti
			Igorando Pelo Filtro de Nome...
		Nome do Produto: Let's Party - Leve 7
			Igorando Pelo Filtro de Nome...
		Nome do Produto: Livro - Por Que Ler Mário de Andrade - Maria Augusta Fonseca
			Igorando Pelo Filtro de Nome...
		Nome do Produto: Livro - Nos Bastidores da Nintendo: o Jeito Wii de Reinventar Negócios e Transformar Clientes em Fãs - Jeff Ryan
			Igorando Pelo Filtro de Nome...
		Nome do Produto: Livro - Diálogo com um Executor - Rubens Saraceni
			Igorando Pelo Filtro de Nome...
		Nome do Produto: Livro - O Poderoso Chefão
			Igorando Pelo Filtro de Nome...
		Nome do Produto: Livro - Mário
			Igorando Pelo Filtro de Nome...
		Nome do Produto: Jogo Everybody Dance 2 - PS3
			Igorando Pelo Filtro de Nome...
		Nome do Produto: DVD Automotivo NewLink Party DVD SA103 com Tela Destacável de 3”, Rádio AM/FM, USB, Entrada Auxiliar, Entrada para Cartão de Memória e Controle Remoto
			Igorando Pelo Filtro de Nome...
		Nome do Produto: DVD - Rod Piazza & The Mighty Flyers: Big Blues Party - Importado
			Igorando Pelo Filtro de Nome...
		Nome do Produto: Monkey Party - Level 1 - A2 - American English
			Igorando Pelo Filtro de Nome...
		Nome do Produto: Monkey Party - Level 1 - A2 - British English
			Igorando Pelo Filtro de Nome...
		Nome do Produto: Livro - I Love Flyers - Bilíngue
			Igorando Pelo Filtro de Nome...
		Nome do Produto: Love or Money - Volume 1
			Igorando Pelo Filtro de Nome...
		Nome do Produto: Livro - James Lins: O Playboy Que Não Deu Certo - Mario Prata
			Igorando Pelo Filtro de Nome...
		Nome do Produto: Livro - Casa-Grande & Senzala: o Livro que Dá Razão ao Brasil Mestiço e Pleno de Contradições - Mario Hélio
			Igorando Pelo Filtro de Nome...
		Nome do Produto: Livro - Deus é Matemático?
			Igorando Pelo Filtro de Nome...
		Nome do Produto: Livro - A Rua dos Cataventos; Canções; Sapato Florido - Mario Quintana
			Igorando Pelo Filtro de Nome...
		Nome do Produto: Livro - Apontamentos de História Sbrenatural - Mario Quintana
			Igorando Pelo Filtro de Nome...
		Nome do Produto: Livro - Mário de Andrade e Sérgio Buarque de Holanda: Correspondência
			Igorando Pelo Filtro de Nome...
		Nome do Produto: Livro - Histórias de Paris - Mario Benedetti
			Igorando Pelo Filtro de Nome...
		Nome do Produto: Let's Party - Leve 7
			Igorando Pelo Filtro de Nome...
		Nome do Produto: Livro - Por Que Ler Mário de Andrade - Maria Augusta Fonseca
			Igorando Pelo Filtro de Nome...
		Nome do Produto: Livro - Nos Bastidores da Nintendo: o Jeito Wii de Reinventar Negócios e Transformar Clientes em Fãs - Jeff Ryan
			Igorando Pelo Filtro de Nome...
		Nome do Produto: Livro - Diálogo com um Executor - Rubens Saraceni
			Igorando Pelo Filtro de Nome...
		Nome do Produto: Livro - O Poderoso Chefão
			Igorando Pelo Filtro de Nome...
		Nome do Produto: Livro - Mário
			Igorando Pelo Filtro de Nome...
		Nome do Produto: Jogo Everybody Dance 2 - PS3
			Igorando Pelo Filtro de Nome...
		Nome do Produto: DVD Automotivo NewLink Party DVD SA103 com Tela Destacável de 3”, Rádio AM/FM, USB, Entrada Auxiliar, Entrada para Cartão de Memória e Controle Remoto
			Igorando Pelo Filtro de Nome...
		Nome do Produto: DVD - Rod Piazza & The Mighty Flyers: Big Blues Party - Importado
			Igorando Pelo Filtro de Nome...
		Nome do Produto: Monkey Party - Level 1 - A2 - American English
			Igorando Pelo Filtro de Nome...
		Nome do Produto: Monkey Party - Level 1 - A2 - British English
			Igorando Pelo Filtro de Nome...
		Nome do Produto: Livro - I Love Flyers - Bilíngue
			Igorando Pelo Filtro de Nome...
		Nome do Produto: Love or Money - Volume 1
			Igorando Pelo Filtro de Nome...
		Nome do Produto: Livro - James Lins: O Playboy Que Não Deu Certo - Mario Prata
			Igorando Pelo Filtro de Nome...
		Nome do Produto: Livro - Casa-Grande & Senzala: o Livro que Dá Razão ao Brasil Mestiço e Pleno de Contradições - Mario Hélio
			Igorando Pelo Filtro de Nome...
		Nome do Produto: Livro - Deus é Matemático?
			Igorando Pelo Filtro de Nome...
		Nome do Produto: Livro - A Rua dos Cataventos; Canções; Sapato Florido - Mario Quintana
			Igorando Pelo Filtro de Nome...
		Nome do Produto: Livro - Apontamentos de História Sbrenatural - Mario Quintana
			Igorando Pelo Filtro de Nome...
		Nome do Produto: Livro - Mário de Andrade e Sérgio Buarque de Holanda: Correspondência
			Igorando Pelo Filtro de Nome...
	Tempo Para buscar: 1235
Loja: Ricardo Eletro
	URL Principal: http://www.ricardoeletro.com.br/
	URL Busca: http://www.ricardoeletro.com.br/Busca/Resultado/?q=<BUSCA>
http://www.ricardoeletro.com.br/Busca/Resultado/?q=Mario+Party
		Documento Lido
		Resultados: 2
		Nome do Produto: Jogo New Super Mario U para Nintendo Wii U (NWiiU)
			Igorando Pelo Filtro de Nome...
		Nome do Produto: Jogo Mario Golf: World Tour para Nintendo 3DS (N3DS)
			Igorando Pelo Filtro de Nome...
	Tempo Para buscar: 425
Loja: RiHappy
	URL Principal: http://www.rihappy.com.br/
	URL Busca: http://www.rihappy.com.br/<BUSCA>
http://www.rihappy.com.br/Mario%20Party
		Documento Lido
		Resultados: 18
		Nome do Produto: Knex Mario Kart Motorizado - Mario - MultiKids - Outras Marcas
			Igorando Pelo Filtro de Nome...
		Nome do Produto: Knex Mario e Luigi - Linha de Largada - MultiKids - Outras Marcas
			Igorando Pelo Filtro de Nome...
		Nome do Produto: Knex Mario Kart Motorizado - Yoshi - MultiKids - Outras Marcas
			Igorando Pelo Filtro de Nome...
		Nome do Produto: Knex Mario Kart Motorizado - Bowser - MultiKids - Outras Marcas
			Igorando Pelo Filtro de Nome...
		Nome do Produto: Monstros, Câmera, Ação - Premiere Party - Monster High - Mattel - Acessórios para Bonecas
			Igorando Pelo Filtro de Nome...
		Nome do Produto: Knex Figura Sortida Mario Kart - MultiKids - Outras Marcas
			Igorando Pelo Filtro de Nome...
		Nome do Produto: Knex Figura Mario Kart - Yoshi - MultiKids - Outras Marcas
			Igorando Pelo Filtro de Nome...
		Nome do Produto: Jogo Nintendo 3DS - Mario Golf World Tour - Jogos
			Igorando Pelo Filtro de Nome...
		Nome do Produto: Jogo Nintendo Wii U - New Super Mario Bros U - Jogos
			Igorando Pelo Filtro de Nome...
		Nome do Produto: Jogo Nintendo Wii U - New Super Luigi U - Jogos
			Igorando Pelo Filtro de Nome...
		Nome do Produto: Jogo Nintendo Wii U - Super Smach Bros - Jogos
			Igorando Pelo Filtro de Nome...
		Nome do Produto: Boneca Polly Pocket - Looks Especiais - Festa de Aniversário - Mattel - Mini Bonecas
			Igorando Pelo Filtro de Nome...
		Nome do Produto: Jogo Nintendo 3DS - Mario Party: Island Tour - Jogos
http://www.rihappy.com.br/jogo-nintendo-3ds-mario-party-island-tour-410055/p
		Acessando URL do produto.
		Nome do Produto: Party Animals - Figuras Sortidas - Mini Bonecas
			Igorando Pelo Filtro de Nome...
		Nome do Produto: Mini Lalaloopsy - Pillows Sleepover Party - Buba - Mini Bonecas
			Igorando Pelo Filtro de Nome...
		Nome do Produto: Mini Lalaloopsy - Crumbs Tea Party - Buba - Mini Bonecas
			Igorando Pelo Filtro de Nome...
		Nome do Produto: Mini Lalaloopsy - Jewels Primpin Party - Buba - Mini Bonecas
			Igorando Pelo Filtro de Nome...
		Nome do Produto: Boneca Adora Doll - Party Perfect - Shiny Toys - Adora Doll
			Igorando Pelo Filtro de Nome...
	Tempo Para buscar: 2009
Loja: Saraiva
	URL Principal: http://www.saraiva.com.br/
	URL Busca: http://busca.saraiva.com.br/search?w=<BUSCA>&PAC_ID=129457&ts=ajax
http://busca.saraiva.com.br/search?w=Mario+Party&PAC_ID=129457&ts=ajax
		Documento Lido
		Resultados: 2
		Nome do Produto: Mario Party - 3ds
individualUrl = http://busca.saraiva.com.br/search?p=R&srid=S11-USCDR01&lbc=saraiva&w=Mario%20Party&url=http%3a%2f%2fwww.saraiva.com.br%2fproduto%2f5927606&rk=1&uid=604297272&sid=2&ts=ajax&rsc=qwO9vV0H655sdAKj&method=and&isort=score&view=grid
http://busca.saraiva.com.br/search?p=R&srid=S11-USCDR01&lbc=saraiva&w=Mario%20Party&url=http%3a%2f%2fwww.saraiva.com.br%2fproduto%2f5927606&rk=1&uid=604297272&sid=2&ts=ajax&rsc=qwO9vV0H655sdAKj&method=and&isort=score&view=grid
		Acessando URL do produto.
		Nome do Produto: Party Time
			Igorando Pelo Filtro de Nome...
	Tempo Para buscar: 1509
Loja: Shop Facil
	URL Principal: http://ww2.shopfacil.com.br/
	URL Busca: http://ww2.shopfacil.com.br/<BUSCA>
http://ww2.shopfacil.com.br/Mario%20Party
		Documento Lido
		Resultados: 15
		Nome do Produto: Jogo Mario Party: Island Tour - 3DS
http://ww2.shopfacil.com.br/jogo-mario-party--island-tour---3ds-2020220/p
		Acessando URL do produto.
		Nome do Produto: Livro - Mário, Que Mário?
			Igorando Pelo Filtro de Nome...
		Nome do Produto: Livro - Mário
			Igorando Pelo Filtro de Nome...
		Nome do Produto: Let's Party - Leve 7
			Igorando Pelo Filtro de Nome...
		Nome do Produto: Knex Mario Kart Motorizado - Mario - MultiKids
			Igorando Pelo Filtro de Nome...
		Nome do Produto: Summer Party Eau de Cologne Ana Hickmann - Perfume Feminino
			Igorando Pelo Filtro de Nome...
		Nome do Produto: Monkey Party - Level 1 - A2 - British English
			Igorando Pelo Filtro de Nome...
		Nome do Produto: Monkey Party - Level 1 - A2 - American English
			Igorando Pelo Filtro de Nome...
		Nome do Produto: Jogo Wii Image Party Babyz
			Igorando Pelo Filtro de Nome...
		Nome do Produto: Jogo Barbie Dreamhouse Party - Wii
			Igorando Pelo Filtro de Nome...
		Nome do Produto: DVD - Super Mario Bros
			Igorando Pelo Filtro de Nome...
		Nome do Produto: Livro - Mario Botta
			Igorando Pelo Filtro de Nome...
		Nome do Produto: Jogo Nintendo DS The Croods: Prehistoric Party
			Igorando Pelo Filtro de Nome...
		Nome do Produto: Jogo Barbie Dreamhouse Party - Wii U
			Igorando Pelo Filtro de Nome...
		Nome do Produto: Jogo PS3 Start the Party!
			Igorando Pelo Filtro de Nome...
	Tempo Para buscar: 3178
Loja: Shop Time
	URL Principal: http://www.shoptime.com.br/
	URL Busca: http://busca.shoptime.com.br/busca.php?q=<BUSCA>
http://busca.shoptime.com.br/busca.php?q=Mario+Party
		Documento Lido
		Resultados: 2
		Nome do Produto: Game Mario Party - Island Tour - 3DS Game Mario Party - DS
http://busca.shoptime.com.br/produto.php?link=http://www.shoptime.com.br/produto/116707833/game-mario-party-island-tour-3ds&ranking=1&sessao=U09GPUAOS7KC7&idbusca=bad3b936e8c68d58ced8088ffe9642e3c6f55a32&idproduto=116707833
		Acessando URL do produto.
		Nome do Produto: Game Mario Party - Island Tour - 3DS Game Mario Party - DS
http://busca.shoptime.com.br/produto.php?link=http://www.shoptime.com.br/produto/6741584/game-mario-party-ds&ranking=2&sessao=U09GPUAOS7KC7&idbusca=bad3b936e8c68d58ced8088ffe9642e3c6f55a32&idproduto=6741584
		Acessando URL do produto.
	Tempo Para buscar: 4313
Loja: ShopB
	URL Principal: http://www.shopb.com.br/
	URL Busca: http://busca.shopb.com.br/?busca=<BUSCA>
http://busca.shopb.com.br/?busca=Mario+Party
		Documento Lido
		Resultados: 32
		Nome do Produto: Mario Party: Island Tour - 3DS
http://shopb.ecommercesearch.com.br/Busca/Redir?url=http%3a%2f%2fwww.shopb.com.br%2fecommerce_site%2findex.php%3fpg%3dproduto%26cdg%3d4488%26idp%3d34753%26idparceiro%3dp1&esid=34753
		Acessando URL do produto.
		Nome do Produto: Nintendo 3DS XL Edição Especial Mario & Luigi Dream Team - Prata
			Igorando Pelo Filtro de Nome...
		Nome do Produto: Antena Externa Prata 12dB 3 em 1 VHF / UHF/ Digital - Capte
			Igorando Pelo Filtro de Nome...
		Nome do Produto: Base Suporte Vertical Preto - PS4
			Igorando Pelo Filtro de Nome...
		Nome do Produto: Bateria e Carregador para Controle XBOX 360 - Play n Charge Preta - Microsoft
			Igorando Pelo Filtro de Nome...
		Nome do Produto: Cabo HDMI 1.4v / 19pm Kolke - 1.8m - Preto
			Igorando Pelo Filtro de Nome...
		Nome do Produto: Cabo HDMI 1.5m - Preto
			Igorando Pelo Filtro de Nome...
		Nome do Produto: Caixa de Som Kolke c/ Controle Remoto - Preto
			Igorando Pelo Filtro de Nome...
		Nome do Produto: Caixas de Som Kolke Multimídia - Preto
			Igorando Pelo Filtro de Nome...
		Nome do Produto: Caixas de Som Kolke Multimídia USB - Preto
			Igorando Pelo Filtro de Nome...
		Nome do Produto: Castlevania: Lords of Shadow Mirror of Fate - 3DS
			Igorando Pelo Filtro de Nome...
		Nome do Produto: Celular Blu Aria Dual Chip com Câmera integrada, Antena FM e Micro SD - Preto Vermelho
			Igorando Pelo Filtro de Nome...
		Nome do Produto: Celular Blu Dash 3.5 Dual Sim com Câmera integrada, Wi-Fi, Rádio FM/AM e Micro SD - Preto
			Igorando Pelo Filtro de Nome...
		Nome do Produto: Celular Blu Dash JR com Android 2.3, 3D Gaming, Wi-Fi, Rádio FM/AM - Prata
			Igorando Pelo Filtro de Nome...
		Nome do Produto: Celular Blu Diva Dual Sim com Câmera integrada, TV, Rádio FM/AM e Micro SD - Preto
			Igorando Pelo Filtro de Nome...
		Nome do Produto: Celular Blu Jenny TV Dual Sim com Câmera integrada, TV, Rádio FM/AM e Micro SD - Preto / Amarelo
			Igorando Pelo Filtro de Nome...
		Nome do Produto: Celular Blu Samba JR Teclado Qwerty com Câmera integrada 1.3MP, Dual Sim, Rádio FM e Micro SD - Prata
			Igorando Pelo Filtro de Nome...
		Nome do Produto: Celular Blu Samba TV Dual Chip com Câmera integrada, TV, Rádio FM e Micro SD - Azul / Preto
			Igorando Pelo Filtro de Nome...
		Nome do Produto: Celular Blu Samba TV Dual Chip com Câmera integrada, TV, Rádio FM e Micro SD - Vermelho / Preto
			Igorando Pelo Filtro de Nome...
		Nome do Produto: Celular Blu Samba W Teclado Qwerty com Câmera integrada, Wi-Fi, Rádio FM/AM e Micro SD - Prata
			Igorando Pelo Filtro de Nome...
		Nome do Produto: Celular Blu Tank c/ Lanterna, Câmera integrada, Antena FM e Micro SD - Preto / Azul
			Igorando Pelo Filtro de Nome...
		Nome do Produto: Celular Blu Tank c/ Lanterna, Câmera integrada, Antena FM e Micro SD - Preto / Vermelho
			Igorando Pelo Filtro de Nome...
		Nome do Produto: Controle Gamecube c/ Fio Preto: Edição Super Smash Bros. - Wii U
			Igorando Pelo Filtro de Nome...
		Nome do Produto: Controle Wii U Wireless - Pro Controller - Preto - Original
			Igorando Pelo Filtro de Nome...
		Nome do Produto: Controle Wireless Cromado Prata: Edição Especial - XBOX 360
			Igorando Pelo Filtro de Nome...
		Nome do Produto: Controle Wireless Cromado Preto: Edição Especial - XBOX 360
			Igorando Pelo Filtro de Nome...
		Nome do Produto: Controle Wireless Dualshock 3 Prata - PS3
			Igorando Pelo Filtro de Nome...
		Nome do Produto: Deck Yu-Gi-Oh - O Milênio Perdido: Edição Especial - PT
			Igorando Pelo Filtro de Nome...
		Nome do Produto: Game Party Champions - Wii U
			Igorando Pelo Filtro de Nome...
		Nome do Produto: Harry Potter and the Deathly Hallows Part 1 - XBOX 360
			Igorando Pelo Filtro de Nome...
		Nome do Produto: Harry Potter: And The Deathly Hallows Part 2 - PS3
			Igorando Pelo Filtro de Nome...
		Nome do Produto: Headphone c/ Fio Philips DJ Powerfull Bass SHL3000BL Preto - PC
			Igorando Pelo Filtro de Nome...
	Tempo Para buscar: 1379
Loja: Submarino
	URL Principal: http://www.submarino.com.br/
	URL Busca: http://busca.submarino.com.br/busca.php?q=<BUSCA>
http://busca.submarino.com.br/busca.php?q=Mario+Party
		Documento Lido
		Resultados: 2
		Nome do Produto: Game Mario Party - Island Tour - 3DS
http://busca.submarino.com.br/produto.php?link=http://www.submarino.com.br/produto/116707833/game-mario-party-island-tour-3ds&ranking=1&sessao=U09GQ0ODVB4W7&idbusca=19d420d22455484006bf0d81f2bff9b201a649cf&idproduto=116707833
		Acessando URL do produto.
		Nome do Produto: Game Mario Party - DS
http://busca.submarino.com.br/produto.php?link=http://www.submarino.com.br/produto/6741584/game-mario-party-ds&ranking=2&sessao=U09GQ0ODVB4W7&idbusca=19d420d22455484006bf0d81f2bff9b201a649cf&idproduto=6741584
		Acessando URL do produto.
	Tempo Para buscar: 4756
Loja: Walmart
	URL Principal: http://www.walmart.com.br/
	URL Busca: http://www.walmart.com.br/busca/?ft=<BUSCA>&PS=20
http://www.walmart.com.br/busca/?ft=Mario+Party&PS=20
		Documento Lido
		Resultados: 2
		Nome do Produto: Jogo Mario Party: Island Tour - 3DS
http://www.walmart.com.br//produto/Games/Jogos-para-Nintendo-3DS/Nintendo/417985-Jogo-Mario-Party-Island-Tour-3DS
		Acessando URL do produto.
		Nome do Produto: Jogo Wii Mario Party 9
http://www.walmart.com.br//produto/Games/Jogos-para-Nintendo-Wii/Nintendo/337955-Jogo-Wii-Mario-Party-9
		Acessando URL do produto.
	Tempo Para buscar: 2462

File copied from C:\java\rep\lookforprices\resources\imports\css.css to C:\java\rep\lookforprices\reports\2015-01-21 15\css.css
File copied from C:\java\rep\lookforprices\resources\imports\jquery.js to C:\java\rep\lookforprices\reports\2015-01-21 15\jquery.js
File copied from C:\java\rep\lookforprices\resources\imports\scripts.js to C:\java\rep\lookforprices\reports\2015-01-21 15\scripts.js
Tempo total de execução: 69866
