Game: Persona Q
Loja: Nintendo eShop
	URL Principal: http://www.nintendo.com/3ds/eshop
	URL Busca: http://www.nintendo.com/json/content/get/game/filter?&&&&qterm=<BUSCA>
NintendoEShopSearch.search() http://www.nintendo.com/json/content/get/game/filter?&&&&qterm=Persona+Q
		Documento Lido
		Resultados: 270
		Nome do Produto: Art Academy (Working Title)
			Igorando Pelo Filtro de Nome...
		Nome do Produto: Blek
			Igorando Pelo Filtro de Nome...
		Nome do Produto: League of Heroes
			Igorando Pelo Filtro de Nome...
		Nome do Produto: Persona Q: Shadow of the Labyrinth
http://www.nintendo.com/games/detail/XBwf3Dqhwb_IEWGzE2rL9xhP-Arm4Mzz
		Acessando URL do produto.
URL = http://www.nintendo.com/games/detail/XBwf3Dqhwb_IEWGzE2rL9xhP-Arm4Mzz
		Nome do Produto: Just Dance 2015
			Igorando Pelo Filtro de Nome...
		Nome do Produto: Demon King Box
			Igorando Pelo Filtro de Nome...
		Nome do Produto: BLAZBLUE -CLONEPHANTASMA-
			Igorando Pelo Filtro de Nome...
		Nome do Produto: 101 Pony Pets 3D
			Igorando Pelo Filtro de Nome...
		Nome do Produto: Fit Music
			Igorando Pelo Filtro de Nome...
		Nome do Produto: Mega Man Xtreme
			Igorando Pelo Filtro de Nome...
		Nome do Produto: The Amazing Spider-Man 2
			Igorando Pelo Filtro de Nome...
		Nome do Produto: Disney Magical World
			Igorando Pelo Filtro de Nome...
		Nome do Produto: The Mysterious Cities of Gold: Secret Paths
			Igorando Pelo Filtro de Nome...
		Nome do Produto: Wii Fit U - Packaged Version
			Igorando Pelo Filtro de Nome...
		Nome do Produto: Wii Fit U Bundle
			Igorando Pelo Filtro de Nome...
		Nome do Produto: Nintendo 3DS Guide: Louvre
			Igorando Pelo Filtro de Nome...
		Nome do Produto: The Mysterious Cities of Gold: Secret Paths
			Igorando Pelo Filtro de Nome...
		Nome do Produto: Brawl Brothers
			Igorando Pelo Filtro de Nome...
		Nome do Produto: LEGO Friends
			Igorando Pelo Filtro de Nome...
		Nome do Produto: Wii Fit U - Digital Version
			Igorando Pelo Filtro de Nome...
		Nome do Produto: Just Dance 2014
			Igorando Pelo Filtro de Nome...
		Nome do Produto: Rune Factory 4
			Igorando Pelo Filtro de Nome...
		Nome do Produto: Rage of the Gladiator
			Igorando Pelo Filtro de Nome...
		Nome do Produto: FISH ON 3D
			Igorando Pelo Filtro de Nome...
		Nome do Produto: Pikmin 3
			Igorando Pelo Filtro de Nome...
		Nome do Produto: Gummy Bears Mini Golf
			Igorando Pelo Filtro de Nome...
		Nome do Produto: Monster Hunter 3 Ultimate
			Igorando Pelo Filtro de Nome...
		Nome do Produto: Fire Emblem Awakening
			Igorando Pelo Filtro de Nome...
		Nome do Produto: Witch's Cat
			Igorando Pelo Filtro de Nome...
		Nome do Produto: The Cave
			Igorando Pelo Filtro de Nome...
		Nome do Produto: 101 DinoPets 3D
			Igorando Pelo Filtro de Nome...
		Nome do Produto: Deer Drive Legends
			Igorando Pelo Filtro de Nome...
		Nome do Produto: Your Shape Fitness Evolved 2013
			Igorando Pelo Filtro de Nome...
		Nome do Produto: Just Dance 4
			Igorando Pelo Filtro de Nome...
		Nome do Produto: Skylanders Giants Wii U
			Igorando Pelo Filtro de Nome...
		Nome do Produto: Disney Epic Mickey 2: The Power of Two
			Igorando Pelo Filtro de Nome...
		Nome do Produto: MADDEN NFL 13
			Igorando Pelo Filtro de Nome...
		Nome do Produto: The Hip Hop Dance Experience
			Igorando Pelo Filtro de Nome...
		Nome do Produto: Pokédex 3D Pro
			Igorando Pelo Filtro de Nome...
		Nome do Produto: Imagine Babyz
			Igorando Pelo Filtro de Nome...
		Nome do Produto: Style Savvy: Trendsetters
			Igorando Pelo Filtro de Nome...
		Nome do Produto: Sparkle Snapshots 3D
			Igorando Pelo Filtro de Nome...
		Nome do Produto: Just Dance 4
			Igorando Pelo Filtro de Nome...
		Nome do Produto: NBA 2K13
			Igorando Pelo Filtro de Nome...
		Nome do Produto: THE "DENPA" MEN: They Came By Wave
			Igorando Pelo Filtro de Nome...
		Nome do Produto: Purr Pals Purrfection
			Igorando Pelo Filtro de Nome...
		Nome do Produto: Mario Tennis Open
			Igorando Pelo Filtro de Nome...
		Nome do Produto: Gogo's Crazy Bones
			Igorando Pelo Filtro de Nome...
		Nome do Produto: Horses 3D
			Igorando Pelo Filtro de Nome...
		Nome do Produto: Disney Epic Mickey 2: The Power of Two
			Igorando Pelo Filtro de Nome...
		Nome do Produto: Fun! Fun! Minigolf TOUCH!
			Igorando Pelo Filtro de Nome...
		Nome do Produto: Outdoors Unleashed Alaska 3D
			Igorando Pelo Filtro de Nome...
		Nome do Produto: Swapnote
			Igorando Pelo Filtro de Nome...
		Nome do Produto: The Adventures of Tintin: The Game
			Igorando Pelo Filtro de Nome...
		Nome do Produto: The Adventures of Tintin: The Game
			Igorando Pelo Filtro de Nome...
		Nome do Produto: Outdoors Unleashed Africa 3D
			Igorando Pelo Filtro de Nome...
		Nome do Produto: Bakugan: Rise of the Resistance
			Igorando Pelo Filtro de Nome...
		Nome do Produto: Gremlins Gizmo
			Igorando Pelo Filtro de Nome...
		Nome do Produto: Gremlins Gizmo
			Igorando Pelo Filtro de Nome...
		Nome do Produto: Wappy Dog
			Igorando Pelo Filtro de Nome...
		Nome do Produto: Deepak Chopra's Leela
			Igorando Pelo Filtro de Nome...
		Nome do Produto: ZhuZhu Babies
			Igorando Pelo Filtro de Nome...
		Nome do Produto: Zoo Mania 3D
			Igorando Pelo Filtro de Nome...
		Nome do Produto: Pillow Pets
			Igorando Pelo Filtro de Nome...
		Nome do Produto: Moxie Girlz
			Igorando Pelo Filtro de Nome...
		Nome do Produto: The Sims 3 Pets
			Igorando Pelo Filtro de Nome...
		Nome do Produto: Solatorobo: Red the Hunter
			Igorando Pelo Filtro de Nome...
		Nome do Produto: X-Men Destiny
			Igorando Pelo Filtro de Nome...
		Nome do Produto: Star Fox 64 3D
			Igorando Pelo Filtro de Nome...
		Nome do Produto: Trenches Generals
			Igorando Pelo Filtro de Nome...
		Nome do Produto: Brawl Brothers
			Igorando Pelo Filtro de Nome...
		Nome do Produto: UFC Personal Trainer: The Ultimate Fitness System
			Igorando Pelo Filtro de Nome...
		Nome do Produto: Cars 2: The Video Game
			Igorando Pelo Filtro de Nome...
		Nome do Produto: DualPenSports
			Igorando Pelo Filtro de Nome...
		Nome do Produto: PETZ Fantasy 3D
			Igorando Pelo Filtro de Nome...
		Nome do Produto: Cars 2: The Video Game
			Igorando Pelo Filtro de Nome...
		Nome do Produto: Planet Fish
			Igorando Pelo Filtro de Nome...
		Nome do Produto: Pilotwings Resort
			Igorando Pelo Filtro de Nome...
		Nome do Produto: nintendogs + cats: French Bulldog & New Friends
			Igorando Pelo Filtro de Nome...
		Nome do Produto: nintendogs + cats: Golden Retriever & New Friends
			Igorando Pelo Filtro de Nome...
		Nome do Produto: nintendogs + cats: Toy Poodle & New Friends
			Igorando Pelo Filtro de Nome...
		Nome do Produto: The Sims 3
			Igorando Pelo Filtro de Nome...
		Nome do Produto: 101 Dolphin Pets
			Igorando Pelo Filtro de Nome...
		Nome do Produto: myDiary
			Igorando Pelo Filtro de Nome...
		Nome do Produto: Petz Catz Family
			Igorando Pelo Filtro de Nome...
		Nome do Produto: Frenzic
			Igorando Pelo Filtro de Nome...
		Nome do Produto: EA SPORTS Active 2
			Igorando Pelo Filtro de Nome...
		Nome do Produto: Gummy Bears Mini Golf
			Igorando Pelo Filtro de Nome...
		Nome do Produto: EA SPORTS Active NFL Training Camp
			Igorando Pelo Filtro de Nome...
		Nome do Produto: Need for Speed Nitro-X
			Igorando Pelo Filtro de Nome...
		Nome do Produto: Dood's Big Adventure
			Igorando Pelo Filtro de Nome...
		Nome do Produto: The Penguins Of Madagascar
			Igorando Pelo Filtro de Nome...
		Nome do Produto: Babysitting Mama
			Igorando Pelo Filtro de Nome...
		Nome do Produto: Rock Band 3
			Igorando Pelo Filtro de Nome...
		Nome do Produto: Happy Holidays Halloween
			Igorando Pelo Filtro de Nome...
		Nome do Produto: Gummy Bears Mini Golf
			Igorando Pelo Filtro de Nome...
		Nome do Produto: Super Scribblenauts
			Igorando Pelo Filtro de Nome...
		Nome do Produto: Oops! Prank Party
			Igorando Pelo Filtro de Nome...
		Nome do Produto: Nintendo Countdown Calendar
			Igorando Pelo Filtro de Nome...
		Nome do Produto: myNotebook: Tan
			Igorando Pelo Filtro de Nome...
		Nome do Produto: SAMURAI SHODOWN III
			Igorando Pelo Filtro de Nome...
		Nome do Produto: Metroid: Other M
			Igorando Pelo Filtro de Nome...
		Nome do Produto: myNotebook: Pearl
			Igorando Pelo Filtro de Nome...
		Nome do Produto: Gold's Gym Dance Workout
			Igorando Pelo Filtro de Nome...
		Nome do Produto: Spider-Man: Shattered Dimensions
			Igorando Pelo Filtro de Nome...
		Nome do Produto: myNotebook: Carbon
			Igorando Pelo Filtro de Nome...
		Nome do Produto: Petz Dogz Family
			Igorando Pelo Filtro de Nome...
		Nome do Produto: Littlest Pet Shop Biggest Stars - Blue Team
			Igorando Pelo Filtro de Nome...
		Nome do Produto: Littlest Pet Shop Biggest Stars - Pink Team
			Igorando Pelo Filtro de Nome...
		Nome do Produto: Littlest Pet Shop Biggest Stars - Purple Team
			Igorando Pelo Filtro de Nome...
		Nome do Produto: Petz Hamsterz Family
			Igorando Pelo Filtro de Nome...
		Nome do Produto: Hospital Havoc
			Igorando Pelo Filtro de Nome...
		Nome do Produto: AquaSpace
			Igorando Pelo Filtro de Nome...
		Nome do Produto: 101 Shark Pets
			Igorando Pelo Filtro de Nome...
		Nome do Produto: Sin & Punishment: Star Successor
			Igorando Pelo Filtro de Nome...
		Nome do Produto: thinkSMART FAMILY
			Igorando Pelo Filtro de Nome...
		Nome do Produto: Toy Story 3: The Video Game
			Igorando Pelo Filtro de Nome...
		Nome do Produto: thinkSMART kids 8+
			Igorando Pelo Filtro de Nome...
		Nome do Produto: Satisfashion
			Igorando Pelo Filtro de Nome...
		Nome do Produto: Satisfashion
			Igorando Pelo Filtro de Nome...
		Nome do Produto: Tetris® Party Deluxe
			Igorando Pelo Filtro de Nome...
		Nome do Produto: Trauma Team
			Igorando Pelo Filtro de Nome...
		Nome do Produto: Monster Hunter Tri
			Igorando Pelo Filtro de Nome...
		Nome do Produto: America's Test Kitchen: Let's Get Cooking
			Igorando Pelo Filtro de Nome...
		Nome do Produto: Pony Friends 2
			Igorando Pelo Filtro de Nome...
		Nome do Produto: Pony Friends 2
			Igorando Pelo Filtro de Nome...
		Nome do Produto: Zhu Zhu Pets
			Igorando Pelo Filtro de Nome...
		Nome do Produto: Rage of the Gladiator
			Igorando Pelo Filtro de Nome...
		Nome do Produto: Let's Golf
			Igorando Pelo Filtro de Nome...
		Nome do Produto: Family Go-Kart Racing
			Igorando Pelo Filtro de Nome...
		Nome do Produto: My Fitness Coach 2: Exercise and Nutrition
			Igorando Pelo Filtro de Nome...
		Nome do Produto: Pub Darts
			Igorando Pelo Filtro de Nome...
		Nome do Produto: Guitar Hero Van Halen
			Igorando Pelo Filtro de Nome...
		Nome do Produto: myNotebook: Green
			Igorando Pelo Filtro de Nome...
		Nome do Produto: myNotebook: Red
			Igorando Pelo Filtro de Nome...
		Nome do Produto: My Dolphin
			Igorando Pelo Filtro de Nome...
		Nome do Produto: Alvin and the Chipmunks: The Squeakquel
			Igorando Pelo Filtro de Nome...
		Nome do Produto: Alvin and the Chipmunks: The Squeakquel
			Igorando Pelo Filtro de Nome...
		Nome do Produto: My Zoo
			Igorando Pelo Filtro de Nome...
		Nome do Produto: Your Shape Featuring Jenny McCarthy
			Igorando Pelo Filtro de Nome...
		Nome do Produto: Petz Hamsterz Superstarz
			Igorando Pelo Filtro de Nome...
		Nome do Produto: Hello Kitty Party
			Igorando Pelo Filtro de Nome...
		Nome do Produto: myNotebook: Blue
			Igorando Pelo Filtro de Nome...
		Nome do Produto: Petz Dogz Talent Show
			Igorando Pelo Filtro de Nome...
		Nome do Produto: Just Dance
			Igorando Pelo Filtro de Nome...
		Nome do Produto: EA SPORTS Active More Workouts
			Igorando Pelo Filtro de Nome...
		Nome do Produto: Style Lab Makeover
			Igorando Pelo Filtro de Nome...
		Nome do Produto: Fairyland Melody Magic
			Igorando Pelo Filtro de Nome...
		Nome do Produto: Shaun White Snowboarding: World Stage
			Igorando Pelo Filtro de Nome...
		Nome do Produto: LEGO Rock Band
			Igorando Pelo Filtro de Nome...
		Nome do Produto: Style Savvy
			Igorando Pelo Filtro de Nome...
		Nome do Produto: SimAnimals Africa
			Igorando Pelo Filtro de Nome...
		Nome do Produto: SimAnimals Africa
			Igorando Pelo Filtro de Nome...
		Nome do Produto: World of Zoo
			Igorando Pelo Filtro de Nome...
		Nome do Produto: World of Zoo
			Igorando Pelo Filtro de Nome...
		Nome do Produto: Jillian Michaels Fitness Ultimatum 2010
			Igorando Pelo Filtro de Nome...
		Nome do Produto: Cars Race-O-Rama
			Igorando Pelo Filtro de Nome...
		Nome do Produto: Cars Race-O-Rama
			Igorando Pelo Filtro de Nome...
		Nome do Produto: The Biggest Loser
			Igorando Pelo Filtro de Nome...
		Nome do Produto: The Biggest Loser
			Igorando Pelo Filtro de Nome...
		Nome do Produto: Wii Fit Plus Bundle
			Igorando Pelo Filtro de Nome...
		Nome do Produto: Wii Fit Plus
			Igorando Pelo Filtro de Nome...
		Nome do Produto: Rapala We Fish
			Igorando Pelo Filtro de Nome...
		Nome do Produto: Our House: Party!
			Igorando Pelo Filtro de Nome...
		Nome do Produto: Our House
			Igorando Pelo Filtro de Nome...
		Nome do Produto: World Championship Athletics
			Igorando Pelo Filtro de Nome...
		Nome do Produto: PictureBook Games: Pop-Up Pursuit
			Igorando Pelo Filtro de Nome...
		Nome do Produto: Sexy Poker
			Igorando Pelo Filtro de Nome...
		Nome do Produto: Brain Challenge
			Igorando Pelo Filtro de Nome...
		Nome do Produto: Asphalt 4: Elite Racing
			Igorando Pelo Filtro de Nome...
		Nome do Produto: Transformers: Revenge of the Fallen: AUTOBOTS
			Igorando Pelo Filtro de Nome...
		Nome do Produto: Transformers: Revenge of the Fallen: DECEPTICONS
			Igorando Pelo Filtro de Nome...
		Nome do Produto: My Healthy Cooking Coach
			Igorando Pelo Filtro de Nome...
		Nome do Produto: Personal Trainer: Walking
			Igorando Pelo Filtro de Nome...
		Nome do Produto: Rolling Stone: Drum King
			Igorando Pelo Filtro de Nome...
		Nome do Produto: American Popstar: Road to Celebrity
			Igorando Pelo Filtro de Nome...
		Nome do Produto: Clay Fighter
			Igorando Pelo Filtro de Nome...
		Nome do Produto: EA SPORTS Active
			Igorando Pelo Filtro de Nome...
		Nome do Produto: Drama Queens
			Igorando Pelo Filtro de Nome...
		Nome do Produto: Elite Forces: Unit 77
			Igorando Pelo Filtro de Nome...
		Nome do Produto: Gold's Gym Cardio Workout
			Igorando Pelo Filtro de Nome...
		Nome do Produto: Guitar Hero Metallica
			Igorando Pelo Filtro de Nome...
		Nome do Produto: Scrabble
			Igorando Pelo Filtro de Nome...
		Nome do Produto: Powerbike
			Igorando Pelo Filtro de Nome...
		Nome do Produto: Dragon Quest V: Hand of the Heavenly Bride
			Igorando Pelo Filtro de Nome...
		Nome do Produto: Disney Sing It: High School Musical 3 Senior Year
			Igorando Pelo Filtro de Nome...
		Nome do Produto: My DoItAll
			Igorando Pelo Filtro de Nome...
		Nome do Produto: Petz Horseshoe Ranch
			Igorando Pelo Filtro de Nome...
		Nome do Produto: Personal Trainer: Math
			Igorando Pelo Filtro de Nome...
		Nome do Produto: Left Brain Right Brain 2
			Igorando Pelo Filtro de Nome...
		Nome do Produto: My Fitness Coach
			Igorando Pelo Filtro de Nome...
		Nome do Produto: SPRay
			Igorando Pelo Filtro de Nome...
		Nome do Produto: Personal Trainer: Cooking
			Igorando Pelo Filtro de Nome...
		Nome do Produto: Disney's Bolt
			Igorando Pelo Filtro de Nome...
		Nome do Produto: Monkey Mischief
			Igorando Pelo Filtro de Nome...
		Nome do Produto: Petz Monkeyz House
			Igorando Pelo Filtro de Nome...
		Nome do Produto: Petz Catz Clan
			Igorando Pelo Filtro de Nome...
		Nome do Produto: Petz Crazy Monkeyz
			Igorando Pelo Filtro de Nome...
		Nome do Produto: Animal Crossing: City Folk
			Igorando Pelo Filtro de Nome...
		Nome do Produto: Shaun White Snowboarding: Road Trip
			Igorando Pelo Filtro de Nome...
		Nome do Produto: Guinness World Records: The Videogame
			Igorando Pelo Filtro de Nome...
		Nome do Produto: FaceBreaker K.O. Party
			Igorando Pelo Filtro de Nome...
		Nome do Produto: My Stop Smoking Coach with Allen Carr
			Igorando Pelo Filtro de Nome...
		Nome do Produto: Brain Challenge
			Igorando Pelo Filtro de Nome...
		Nome do Produto: Bratz Kidz: Slumber Party
			Igorando Pelo Filtro de Nome...
		Nome do Produto: Petz Dogz Pack
			Igorando Pelo Filtro de Nome...
		Nome do Produto: Disney Sing It
			Igorando Pelo Filtro de Nome...
		Nome do Produto: Jillian Michaels' Fitness Ultimatum 2009
			Igorando Pelo Filtro de Nome...
		Nome do Produto: High School Musical 3: Senior Year
			Igorando Pelo Filtro de Nome...
		Nome do Produto: What's Cooking? with Jamie Oliver
			Igorando Pelo Filtro de Nome...
		Nome do Produto: Ener-G Horse Riders
			Igorando Pelo Filtro de Nome...
		Nome do Produto: Barbie Fashion Show: An Eye for Style
			Igorando Pelo Filtro de Nome...
		Nome do Produto: My SAT Coach
			Igorando Pelo Filtro de Nome...
		Nome do Produto: Imagine: My Secret World
			Igorando Pelo Filtro de Nome...
		Nome do Produto: Red Bull BC One
			Igorando Pelo Filtro de Nome...
		Nome do Produto: My Aquarium
			Igorando Pelo Filtro de Nome...
		Nome do Produto: Quick Yoga Training
			Igorando Pelo Filtro de Nome...
		Nome do Produto: King of Clubs
			Igorando Pelo Filtro de Nome...
		Nome do Produto: Double Sequence: The Q Virus Invasion
			Igorando Pelo Filtro de Nome...
		Nome do Produto: We Love Golf!
			Igorando Pelo Filtro de Nome...
		Nome do Produto: Purr Pals
			Igorando Pelo Filtro de Nome...
		Nome do Produto: My Weight Loss Coach
			Igorando Pelo Filtro de Nome...
		Nome do Produto: Mega Man Star Force 2: Zerker x Ninja
			Igorando Pelo Filtro de Nome...
		Nome do Produto: Mega Man Star Force 2: Zerker x Saurian
			Igorando Pelo Filtro de Nome...
		Nome do Produto: Wii Fit
			Igorando Pelo Filtro de Nome...
		Nome do Produto: BOOM BLOX
			Igorando Pelo Filtro de Nome...
		Nome do Produto: Iron Man
			Igorando Pelo Filtro de Nome...
		Nome do Produto: Iron Man
			Igorando Pelo Filtro de Nome...
		Nome do Produto: Let's Yoga
			Igorando Pelo Filtro de Nome...
		Nome do Produto: GoPets: Vacation Island
			Igorando Pelo Filtro de Nome...
		Nome do Produto: SEGA Superstars Tennis
			Igorando Pelo Filtro de Nome...
		Nome do Produto: SEGA Superstars Tennis
			Igorando Pelo Filtro de Nome...
		Nome do Produto: Diary Girl
			Igorando Pelo Filtro de Nome...
		Nome do Produto: Best of Tests DS
			Igorando Pelo Filtro de Nome...
		Nome do Produto: Brain Assist
			Igorando Pelo Filtro de Nome...
		Nome do Produto: FIFA Street 3
			Igorando Pelo Filtro de Nome...
		Nome do Produto: Action Girlz Racing
			Igorando Pelo Filtro de Nome...
		Nome do Produto: Brain Challenge
			Igorando Pelo Filtro de Nome...
		Nome do Produto: Left Brain Right Brain
			Igorando Pelo Filtro de Nome...
		Nome do Produto: AMF Bowling Pinbusters!
			Igorando Pelo Filtro de Nome...
		Nome do Produto: My Word Coach
			Igorando Pelo Filtro de Nome...
		Nome do Produto: Build A Bear Workshop
			Igorando Pelo Filtro de Nome...
		Nome do Produto: The Simpsons Game
			Igorando Pelo Filtro de Nome...
		Nome do Produto: Guitar Hero III: Legends of Rock
			Igorando Pelo Filtro de Nome...
		Nome do Produto: Tony Hawk's Proving Ground
			Igorando Pelo Filtro de Nome...
		Nome do Produto: Spider-Man: Friend or Foe
			Igorando Pelo Filtro de Nome...
		Nome do Produto: Holly Hobbie & Friends
			Igorando Pelo Filtro de Nome...
		Nome do Produto: MySims
			Igorando Pelo Filtro de Nome...
		Nome do Produto: MySims
			Igorando Pelo Filtro de Nome...
		Nome do Produto: Carnival Games
			Igorando Pelo Filtro de Nome...
		Nome do Produto: Breath of Fire II
			Igorando Pelo Filtro de Nome...
		Nome do Produto: High School Musical: Makin' the Cut
			Igorando Pelo Filtro de Nome...
		Nome do Produto: Wave Race 64
			Igorando Pelo Filtro de Nome...
		Nome do Produto: The Sims 2: Pets
			Igorando Pelo Filtro de Nome...
		Nome do Produto: Mortal Kombat: Armageddon
			Igorando Pelo Filtro de Nome...
		Nome do Produto: World Championship Poker featuring Howard Lederer: All In
			Igorando Pelo Filtro de Nome...
		Nome do Produto: Spider-Man 3
			Igorando Pelo Filtro de Nome...
		Nome do Produto: Wario: Master of Disguise
			Igorando Pelo Filtro de Nome...
		Nome do Produto: Super Swing Golf
			Igorando Pelo Filtro de Nome...
		Nome do Produto: Wii Sports
			Igorando Pelo Filtro de Nome...
		Nome do Produto: Monster 4x4: World Circuit
			Igorando Pelo Filtro de Nome...
		Nome do Produto: The Grim Adventures of Billy & Mandy
			Igorando Pelo Filtro de Nome...
		Nome do Produto: Tamagotchi Connection: Corner Shop 2
			Igorando Pelo Filtro de Nome...
		Nome do Produto: Magnetica
			Igorando Pelo Filtro de Nome...
		Nome do Produto: Guilty Gear Dust Strikers
			Igorando Pelo Filtro de Nome...
		Nome do Produto: Brain Age: Train Your Brain in Minutes a Day!
			Igorando Pelo Filtro de Nome...
		Nome do Produto: Animal Crossing: Wild World
			Igorando Pelo Filtro de Nome...
		Nome do Produto: Mario Kart DS
			Igorando Pelo Filtro de Nome...
		Nome do Produto: Zoo Tycoon DS
			Igorando Pelo Filtro de Nome...
		Nome do Produto: Madagascar
			Igorando Pelo Filtro de Nome...
	Tempo Para buscar: 779
Loja: Americanas
	URL Principal: http://www.americanas.com.br/
	URL Busca: http://busca.americanas.com.br/busca.php?q=<BUSCA>
http://busca.americanas.com.br/busca.php?q=Persona+Q
		Documento Lido
		Resultados: 15
		Nome do Produto: Persona 4 Arena - Ps3
			Igorando Pelo Filtro de Nome...
		Nome do Produto: Game Persona 4 Arena - Xbox 360
			Igorando Pelo Filtro de Nome...
		Nome do Produto: Colchão Casal Paropas Persona Terra Molas Ensacadas - (138x188x24cm)
			Igorando Pelo Filtro de Nome...
		Nome do Produto: Game Persona 4 Arena - PS3
			Igorando Pelo Filtro de Nome...
		Nome do Produto: Colchão Solteiro Paropas Persona Molas Bonnel - (88x188x24cm)
			Igorando Pelo Filtro de Nome...
		Nome do Produto: Colchão Solteiro Paropas Persona Terra Molas Ensacadas - (88x188x24cm)
			Igorando Pelo Filtro de Nome...
		Nome do Produto: Colchão Queen Paropas Persona Terra Molas Ensacadas - (158x198x24cm)
http://busca.americanas.com.br/produto.php?link=http://www.americanas.com.br/produto/113134751/colchao-queen-paropas-persona-terra-molas-ensacadas-158x198x24cm-&ranking=7&sessao=U09GJHVJIDC47&idbusca=0bdc33366339a2b5e04245b343cd933705bafc83&idproduto=113134751
		Acessando URL do produto.
		Nome do Produto: Colchão Queen Paropas Persona Molas Bonnel - (158x198x24cm)
http://busca.americanas.com.br/produto.php?link=http://www.americanas.com.br/produto/113134355/colchao-queen-paropas-persona-molas-bonnel-158x198x24cm-&ranking=8&sessao=U09GJHVJIDC47&idbusca=0bdc33366339a2b5e04245b343cd933705bafc83&idproduto=113134355
		Acessando URL do produto.
		Nome do Produto: Colchão Casal Paropas Persona Molas Bonnel - (138x188x24cm)
			Igorando Pelo Filtro de Nome...
		Nome do Produto: Cama Box Queen (Box + Colchão) Paropas Persona Molas Pocket - 158x198x54cm
http://busca.americanas.com.br/produto.php?link=http://www.americanas.com.br/produto/121326656/cama-box-queen-box-colchao-paropas-persona-molas-pocket-158x198x54cm&ranking=10&sessao=U09GJHVJIDC47&idbusca=0bdc33366339a2b5e04245b343cd933705bafc83&idproduto=121326656
		Acessando URL do produto.
		Nome do Produto: DVD Persona
			Igorando Pelo Filtro de Nome...
		Nome do Produto: Cama Box Casal (Box + Colchão) Paropas Persona Molas Pocket - 138x188x54cm
			Igorando Pelo Filtro de Nome...
		Nome do Produto: Cama Box Solteiro (Box + Colchão) Paropas Persona Molas Pocket - 88x188x54cm
			Igorando Pelo Filtro de Nome...
		Nome do Produto: Maleta de Maquiagem Fenzza Persona Matelassê Grande
http://busca.americanas.com.br/produto.php?link=http://www.americanas.com.br/produto/118497999/maleta-de-maquiagem-fenzza-persona-matelasse-grande&ranking=14&sessao=U09GJHVJIDC47&idbusca=0bdc33366339a2b5e04245b343cd933705bafc83&idproduto=118497999
		Acessando URL do produto.
		Nome do Produto: Maleta de Maquiagem Fenzza Persona Matelassê Pequena
http://busca.americanas.com.br/produto.php?link=http://www.americanas.com.br/produto/117738594/maleta-de-maquiagem-fenzza-persona-matelasse-pequena&ranking=15&sessao=U09GJHVJIDC47&idbusca=0bdc33366339a2b5e04245b343cd933705bafc83&idproduto=117738594
		Acessando URL do produto.
	Tempo Para buscar: 7328
Loja: Big Boy Games
	URL Principal: http://www.bigboygames.com.br/
	URL Busca: http://www.bigboygames.com.br/pesquisa/?p=<BUSCA>
http://www.bigboygames.com.br/pesquisa/?p=Persona+Q
		Documento Lido
		Resultados: 10
		Nome do Produto: PSV - Persona 4 Golden
			Igorando Pelo Filtro de Nome...
		Nome do Produto: PS3 - Persona 4 Arena [Apenas Para Consoles Norte Americanos]
			Igorando Pelo Filtro de Nome...
		Nome do Produto: 3DS - Persona Q Shadow of the Labyrinth
http://www.bigboygames.com.br/3ds-persona-q-shadow-of-the-labyrinth-p6825/
		Acessando URL do produto.
		Nome do Produto: PS3 - Persona 4 Arena Ultimax
			Igorando Pelo Filtro de Nome...
		Nome do Produto: 3DS - PersonaQ Shadow of the Labyrinth PREMIUM EDITION
http://www.bigboygames.com.br/3ds-personaq-shadow-of-the-labyrinth-premium-edition-p6895/
		Acessando URL do produto.
		Nome do Produto: Xbox 360 - Persona 4 Arena Ultimax
			Igorando Pelo Filtro de Nome...
		Nome do Produto: PS3 - God of War: Ascension Case Personalizada
			Igorando Pelo Filtro de Nome...
		Nome do Produto: Xbox 360 - Controle Wireless Personalizado Tomb Raider
			Igorando Pelo Filtro de Nome...
		Nome do Produto: PS3 - UFC Personal Trainer: The Ultimate Fitness System
			Igorando Pelo Filtro de Nome...
		Nome do Produto: PSP - Shin Megami Tensei - Persona 2 Innocent Sin
			Igorando Pelo Filtro de Nome...
	Tempo Para buscar: 2077
Loja: Casas Bahia
	URL Principal: http://www.casasbahia.com.br/
	URL Busca: http://buscas.casasbahia.com.br/search?w=<BUSCA>
http://buscas.casasbahia.com.br/search?w=Persona+Q
		Documento Lido
		Resultados: 1
		Nome do Produto: Colchão Queen Size Size Paropas Persona com Euro Pillow e Molas Pocket 24x158x198 cm – Terra/Branco
http://buscas.casasbahia.com.br/search?p=R&srid=S6-USWSD02&lbc=casasbahia&w=Persona%20Q&url=http%3a%2f%2fproduto.casasbahia.com.br%2f2394766%3f&rk=1&uid=602641323&sid=2&ts=custom&rsc=bZZZVRj0guGdu3Fy&method=or&isort=score&view=grid
org.jsoup.HttpStatusException: HTTP error fetching URL. Status=500, URL=http://www.casasbahia.com.br/Moveis/Colchoes/ColchaoQueen/Colchao-Queen-Size-Size-Paropas-Persona-com-Euro-Pillow-e-Molas-Pocket-24x158x198-cm-â??-Terra-Branco-2394766.html
	at org.jsoup.helper.HttpConnection$Response.execute(HttpConnection.java:459)
	at org.jsoup.helper.HttpConnection$Response.execute(HttpConnection.java:475)
	at org.jsoup.helper.HttpConnection$Response.execute(HttpConnection.java:475)
	at org.jsoup.helper.HttpConnection$Response.execute(HttpConnection.java:434)
	at org.jsoup.helper.HttpConnection.execute(HttpConnection.java:181)
	at org.jsoup.helper.HttpConnection.get(HttpConnection.java:170)
	at comom.Util.readUrlDocument(Util.java:94)
	at interfaces.search.CasasBahiaSearch.readEachProduct(CasasBahiaSearch.java:75)
	at interfaces.search.CasasBahiaSearch.search(CasasBahiaSearch.java:39)
	at objects.Shop.searchProduct(Shop.java:33)
	at Main.generateHtlReport(Main.java:88)
	at Main.main(Main.java:59)
Tentando conectar Na Url de outro modo
java.io.IOException: Server returned HTTP response code: 500 for URL: http://www.casasbahia.com.br/Moveis/Colchoes/ColchaoQueen/Colchao-Queen-Size-Size-Paropas-Persona-com-Euro-Pillow-e-Molas-Pocket-24x158x198-cm-â??-Terra-Branco-2394766.html
	at sun.net.www.protocol.http.HttpURLConnection.getInputStream(HttpURLConnection.java:1615)
	at comom.Util.getPageBuffer(Util.java:138)
	at comom.Util.readUrl(Util.java:106)
	at comom.Util.readUrlDocument(Util.java:98)
	at interfaces.search.CasasBahiaSearch.readEachProduct(CasasBahiaSearch.java:75)
	at interfaces.search.CasasBahiaSearch.search(CasasBahiaSearch.java:39)
	at objects.Shop.searchProduct(Shop.java:33)
	at Main.generateHtlReport(Main.java:88)
	at Main.main(Main.java:59)
		Acessando URL do produto.
java.lang.NullPointerException
	at interfaces.search.CasasBahiaSearch.readProductPage(CasasBahiaSearch.java:95)
	at interfaces.search.CasasBahiaSearch.readEachProduct(CasasBahiaSearch.java:78)
	at interfaces.search.CasasBahiaSearch.search(CasasBahiaSearch.java:39)
	at objects.Shop.searchProduct(Shop.java:33)
	at Main.generateHtlReport(Main.java:88)
	at Main.main(Main.java:59)
	Tempo Para buscar: 3372
Loja: Extra
	URL Principal: http://www.extra.com.br/
	URL Busca: http://buscando.extra.com.br/search?w=<BUSCA>
http://buscando.extra.com.br/search?w=Persona+Q
		Documento Lido
		Resultados: 12
		Nome do Produto: Colchão Queen Size Size Paropas Persona com Euro Pillow e Molas Pocket 24x158x198 cm – Terra/Branco
http://buscando.extra.com.br/search?p=R&srid=S1-USCDR01&lbc=extra&w=Persona%20Q&url=http%3a%2f%2fproduto.extra.com.br%2f2394766%3f&rk=1&uid=602675571&sid=2&ts=custom&rsc=qLN6gmdBZiGPTuPt&method=or&isort=score&view=grid
		Acessando URL do produto.
java.lang.IndexOutOfBoundsException: Index: 0, Size: 0
	at java.util.ArrayList.rangeCheck(ArrayList.java:604)
	at java.util.ArrayList.get(ArrayList.java:382)
	at org.jsoup.select.Elements.get(Elements.java:544)
	at org.jsoup.nodes.Element.child(Element.java:171)
	at interfaces.search.ExtraSearch.readEachProduct(ExtraSearch.java:75)
	at interfaces.search.ExtraSearch.search(ExtraSearch.java:38)
	at objects.Shop.searchProduct(Shop.java:33)
	at Main.generateHtlReport(Main.java:88)
	at Main.main(Main.java:59)
	Tempo Para buscar: 2515
Loja: Fast Games
	URL Principal: http://www.fastgames.com.br/
	URL Busca: http://www.fastgames.com.br/loja/busca.php?loja=187970&palavra_busca=<BUSCA>
http://www.fastgames.com.br/loja/busca.php?loja=187970&palavra_busca=Persona+Q
		Documento Lido
		Resultados: 0
	Tempo Para buscar: 469
Loja: Fast Shop
	URL Principal: http://www.fastshop.com.br/loja/
	URL Busca: http://www.fastshop.com.br/webapp/wcs/stores/servlet/SearchDisplay?searchTerm=<BUSCA>&categoryId=&storeId=10151&catalogId=11052&langId=-6&pageSize=9&beginIndex=0&sType=SimpleSearch&resultCatEntryType=2&showResultsPage=true&searchSource=Q&pageView=&hotsite=fastshop
http://www.fastshop.com.br/webapp/wcs/stores/servlet/SearchDisplay?searchTerm=Persona+Q&categoryId=&storeId=10151&catalogId=11052&langId=-6&pageSize=9&beginIndex=0&sType=SimpleSearch&resultCatEntryType=2&showResultsPage=true&searchSource=Q&pageView=&hotsite=fastshop
		Documento Lido
		Resultados: 0
	Tempo Para buscar: 6009
Loja: FNAC
	URL Principal: http://www.fnac.com.br/index.html
	URL Busca: http://busca.fnac.com.br/?busca=<BUSCA>
http://busca.fnac.com.br/?busca=Persona+Q
		Documento Lido
		Resultados: 34
		Nome do Produto: In One Person
			Igorando Pelo Filtro de Nome...
		Nome do Produto: Ps3 Persona 4 Arenal
			Igorando Pelo Filtro de Nome...
		Nome do Produto: Persona Performática - Alteridade E Experiência na Obra de Renato Cohen
			Igorando Pelo Filtro de Nome...
		Nome do Produto: que Presente Inapresentável!
			Igorando Pelo Filtro de Nome...
		Nome do Produto: que Presente Te Dar
			Igorando Pelo Filtro de Nome...
		Nome do Produto: Jfk - A Pergunta que Não Quer Calar (DVD)
			Igorando Pelo Filtro de Nome...
		Nome do Produto: O que Os Executivos Precisam Saber Sobre Gerenciamento de Projetos
			Igorando Pelo Filtro de Nome...
		Nome do Produto: O que Os Gerentes Precisam Saber Sobe Projetos
			Igorando Pelo Filtro de Nome...
		Nome do Produto: O Bebê Prematuro - Tudo O que Os Pais Precisam Saber
			Igorando Pelo Filtro de Nome...
		Nome do Produto: O que Seus Filhos Precisam Saber Sobre Álcool E Drogas
			Igorando Pelo Filtro de Nome...
		Nome do Produto: O que Você Quer Saber Sobre Nutrição - Perguntas E Respostas Comentadas
			Igorando Pelo Filtro de Nome...
		Nome do Produto: Assumindo A Sua Personalidade - Aproveite da Vida Tudo O que Ela Tem A Oferecer
http://busca.FNAC.com.br/Busca/Redir?url=http%3a%2f%2fwww.FNAC.com.br%2fassumindo-a-sua-personalidade-aproveite-da-vida-tudo-o-que-ela-tem-a-oferecer%2fp%2f423906&esid=423906
		Acessando URL do produto.
		Nome do Produto: Aprendi Com Minha Mãe - 52 Personalidades Contam A Maior Lição que Receberam de Sua de Sua Mãe
http://busca.FNAC.com.br/Busca/Redir?url=http%3a%2f%2fwww.FNAC.com.br%2faprendi-com-minha-mae-52-personalidades-contam-a-maior-licao-que-receberam-de-sua-de-sua-mae%2fp%2f521961&esid=521961
		Acessando URL do produto.
		Nome do Produto: Proteja-me - Por que nos Tornamos Tão Distantes Quando Mais Precisamos de Carinho?
			Igorando Pelo Filtro de Nome...
	Tempo Para buscar: 2994
Loja: Kabum
	URL Principal: http://www.kabum.com.br/
	URL Busca: http://www.kabum.com.br/cgi-local/site/listagem/listagem.cgi?string=<BUSCA>&btnG=
http://www.kabum.com.br/cgi-local/site/listagem/listagem.cgi?string=Persona+Q&btnG=
		Documento Lido
		Resultados: 1
		Nome do Produto: Microsoft Office 365 Personal 32/64 Bit PC/MAC QQ2-00108
http://www.kabum.com.br/produto/56723/microsoft-office-365-personal-32-64-bit-pc-mac-qq2-00108/?tag=Persona Q
		Acessando URL do produto.
	Tempo Para buscar: 581
Loja: Livraria Cultura
	URL Principal: http://www.livrariacultura.com.br/
	URL Busca: http://www.livrariacultura.com.br/busca?N=0&Ntt=<BUSCA>
http://www.livrariacultura.com.br/busca?N=0&Ntt=Persona+Q
		Documento Lido
		Resultados: 8
		Nome do Produto: EL FACTOR Q
			Igorando Pelo Filtro de Nome...
		Nome do Produto: EL CIELO ES REAL - EDICION ILUSTRADA PARA NINOS
			Igorando Pelo Filtro de Nome...
		Nome do Produto: IL VENTOTTESIMO LIBRO
			Igorando Pelo Filtro de Nome...
		Nome do Produto: DEAR MR. KNIGHTLEY
			Igorando Pelo Filtro de Nome...
		Nome do Produto: MATURATION OF MICHAEL MERRIWEATHER: FROM THE
			Igorando Pelo Filtro de Nome...
		Nome do Produto: DESTRUCTIVE GODS (A LUXE NOVEL)
			Igorando Pelo Filtro de Nome...
		Nome do Produto: IL SEGRETO DEL MAGNETISMO PERSONALE
			Igorando Pelo Filtro de Nome...
		Nome do Produto: HISPANISMS AND HOMOSEXUALITIES
			Igorando Pelo Filtro de Nome...
	Tempo Para buscar: 813
Loja: Magazine Luiza
	URL Principal: http://www.magazineluiza.com.br/
	URL Busca: http://www.magazineluiza.com.br/busca/<BUSCA>/
http://www.magazineluiza.com.br/busca/Persona+Q/
		Documento Lido
		Resultados: 54
		Nome do Produto: Colchão Paropas Solteiro Mola - 88x188cm Persona
			Igorando Pelo Filtro de Nome...
		Nome do Produto: Colchão Paropas Casal Mola 138x188cm - Persona
			Igorando Pelo Filtro de Nome...
		Nome do Produto: Colchão Paropas Queen Size Mola 158x198cm - Persona
http://www.magazineluiza.com.br//colchao-paropas-queen-size-mola-158x198cm-persona/p/2116688/mo/mccm/?_b=Persona+Q
		Acessando URL do produto.
		Nome do Produto: P4A: Persona 4 Arena para Xbox 360 - Atlus
			Igorando Pelo Filtro de Nome...
		Nome do Produto: Colchão Paropas Solteiro Mola - 88x188cm Persona Terra
			Igorando Pelo Filtro de Nome...
		Nome do Produto: Box para Colchão Queen Size Bipartido 158x198cm - Paropas Persona Terra
http://www.magazineluiza.com.br//box-para-colchao-queen-size-bipartido-158x198cm-paropas-persona-terra/p/2117979/mo/moxx/?_b=Persona+Q
		Acessando URL do produto.
		Nome do Produto: Colchão Paropas Queen Size Mola 158x198cm - Persona Terra
http://www.magazineluiza.com.br//colchao-paropas-queen-size-mola-158x198cm-persona-terra/p/2116691/mo/mccm/?_b=Persona+Q
		Acessando URL do produto.
		Nome do Produto: Colchão Paropas Casal Mola 138x188cm - Persona Terra
			Igorando Pelo Filtro de Nome...
		Nome do Produto: P4A: Persona 4 Arena para PS3 - Atlus
			Igorando Pelo Filtro de Nome...
		Nome do Produto: Relógio Masculino Magnum MA31926Q - Analógico Resistente à Água Cronógrafo Calendário
			Igorando Pelo Filtro de Nome...
		Nome do Produto: Relógio Feminino Champion CH 24222 Q - Analógico Resistente á Água
			Igorando Pelo Filtro de Nome...
		Nome do Produto: Relógio Feminino Ana Hickmann AH 30068 Q - Analógico Resistente à Água
			Igorando Pelo Filtro de Nome...
		Nome do Produto: Relógio Masculino Citizen TZ20162Q - Analógico Resistente à Água
			Igorando Pelo Filtro de Nome...
		Nome do Produto: Relógio Masculino Citizen TZ30437Q - Analógico Resistente à Água Cronógrafo
			Igorando Pelo Filtro de Nome...
		Nome do Produto: Relógio Masculino Citizen TZ30455Q - Analógico Resistente à Água Cronógrafo
			Igorando Pelo Filtro de Nome...
		Nome do Produto: Relógio Feminino Bulova WB 29796 Q - Analógico Resistente à Água
			Igorando Pelo Filtro de Nome...
		Nome do Produto: Relógio Masculino Bulova WB31667Q - Analógico Resistente à Água Cronógrafo Calendário
			Igorando Pelo Filtro de Nome...
		Nome do Produto: Relógio Masculino Champion CA30847Q - Analógico Resistente á Àgua com Cronográfo
			Igorando Pelo Filtro de Nome...
		Nome do Produto: Relógio Magnum MA32701Q Masculino - Esportivo Analógico
			Igorando Pelo Filtro de Nome...
		Nome do Produto: Cooktop 5 Bocas Safanelli 5Q FCP5 a Gás - com Acendimento Superautomático
			Igorando Pelo Filtro de Nome...
		Nome do Produto: Relógio Feminino Champion CN29776Q Analógico - Resistente à Água
			Igorando Pelo Filtro de Nome...
		Nome do Produto: Relógio Feminino Just Cavalli WJ28959Q - Anadigi Resistente à Água
			Igorando Pelo Filtro de Nome...
		Nome do Produto: Máquina de Costura Singer Confidence Quilter 7469Q - Sistema de Bobina Drop & SewTM e 90 Tipos de Ponto
			Igorando Pelo Filtro de Nome...
		Nome do Produto: Cooktop 2 Bocas Built BLT 2Q BC a Gás - Acendimento Superautomático
			Igorando Pelo Filtro de Nome...
		Nome do Produto: Cartucho de Toner Amarelo - HP Q6002AB
			Igorando Pelo Filtro de Nome...
		Nome do Produto: Toner de Tinta Magenta - HP Q6003AB
			Igorando Pelo Filtro de Nome...
		Nome do Produto: Toner de Tinta Preto - HP Q6000AB
			Igorando Pelo Filtro de Nome...
		Nome do Produto: Toner de Tinta Número 12 Preto - HP Q2612AB
			Igorando Pelo Filtro de Nome...
		Nome do Produto: Cartucho de Toner Preto - HP Q7553AB
			Igorando Pelo Filtro de Nome...
		Nome do Produto: Lavadora de Roupas Electrolux - Turbo Capacidade Premium 13Kg com Água Quente
			Igorando Pelo Filtro de Nome...
		Nome do Produto: Ar Condicionado Split LG 18000 BTUs Quente e Frio - Inverter V Libero E USW182CSG3 com Controle Remoto
			Igorando Pelo Filtro de Nome...
		Nome do Produto: Ar Condicionado Split LG 11500 BTUs Frio - Inverter V Libero E US-Q122HSG3 c/ Controle Remoto
			Igorando Pelo Filtro de Nome...
		Nome do Produto: Ar Condicionado Split LG 9000 BTUs Frio Inverter V - Libero E US-Q092WSG3 com Controle Remoto
			Igorando Pelo Filtro de Nome...
		Nome do Produto: Cooktop a Gás 4 Bocas - Built BLT 4Q SL BC
			Igorando Pelo Filtro de Nome...
		Nome do Produto: Relógio Sector WS30661Q Analógico - Resistente á Àgua
			Igorando Pelo Filtro de Nome...
		Nome do Produto: Relógio Masculino Sector 175 WS31795Q - Analógico Resistente á Água com Cronográfo
			Igorando Pelo Filtro de Nome...
		Nome do Produto: Relógio Masculino Just Cavalli Actually WJ30035Q - Analógico Resistente á Água
			Igorando Pelo Filtro de Nome...
		Nome do Produto: Relógio Feminino Just Cavalli Moon WJ28888Q - Analógico Resiste á Água
			Igorando Pelo Filtro de Nome...
		Nome do Produto: Relógio Feminino Euro Mazir EU2036AJB/4Q - Analógico Resistente a Água
			Igorando Pelo Filtro de Nome...
		Nome do Produto: Cooktop 5 Bocas Built Soft BLT 5Q PR S a Gás - Acendimento Superautomático
			Igorando Pelo Filtro de Nome...
		Nome do Produto: Relógio Feminino Champion CH38397Q - Analógico Resistente à Água Calendário
			Igorando Pelo Filtro de Nome...
		Nome do Produto: Relógio Masculino Champion CA31051Q - Analógico Resistente à Água Cronógrafo
			Igorando Pelo Filtro de Nome...
		Nome do Produto: Lavadora de Roupas Electrolux LP12Q 12Kg - com Água Quente e Programa Lava Tênis
			Igorando Pelo Filtro de Nome...
		Nome do Produto: Cooktop 4 Bocas Safanelli 4Q FCP4 a Gás - com Acendimento Superautomático
			Igorando Pelo Filtro de Nome...
		Nome do Produto: Relógio Feminino Ana Hickmann AH28928Q - Analógico Resistente à Água Calendário
			Igorando Pelo Filtro de Nome...
		Nome do Produto: Cooktop 1 Boca Built BLT 1Q TC a Gás - Tripla Chama e Acendimento Superautomático
			Igorando Pelo Filtro de Nome...
		Nome do Produto: Cooktop 3 Bocas Built BLT 3Q SL PR a Gás - Acendimento Superautomático
			Igorando Pelo Filtro de Nome...
		Nome do Produto: Cooktop a Gás 4 Bocas - Built BLT 4Q DELTA BC
			Igorando Pelo Filtro de Nome...
		Nome do Produto: Cooktop 3 Bocas Acendimento Automático - Built BLT 3Q SL BC
			Igorando Pelo Filtro de Nome...
		Nome do Produto: Cooktop de embutir 3 bocas Acendimento Automático - Built BLT 3Q DELTA BC
			Igorando Pelo Filtro de Nome...
		Nome do Produto: Relógio Masculino Just Cavalli Blade WJ20233Q - Analógico Resistente à Água
			Igorando Pelo Filtro de Nome...
		Nome do Produto: Cooktop 4 Bocas Vitrocerâmico Fischer 4Q Elétrico - Acendimento Superautomático e Display Digital
			Igorando Pelo Filtro de Nome...
		Nome do Produto: Cooktop 1 Boca Vitrocerâmico Fischer 1Q Elétrico - Display Digital Painel Touch
			Igorando Pelo Filtro de Nome...
		Nome do Produto: Cooktop 2 Bocas Vitrocerâmico Fischer 2Q Elétrico - Display Digital Painel Touch
			Igorando Pelo Filtro de Nome...
	Tempo Para buscar: 2008
Loja: Mula Games
	URL Principal: http://www.mulagames.com.br/
	URL Busca: http://www.mulagames.com.br/produtos-index/catalogo_produtos/-/-/<BUSCA>/-/-/-/-/-/
http://www.mulagames.com.br/produtos-index/catalogo_produtos/-/-/Persona%20Q/-/-/-/-/-/
		Documento Lido
		Resultados: 0
	Tempo Para buscar: 876
Loja: Net Shoes
	URL Principal: http://www.netshoes.com.br/
	URL Busca: http://www.netshoes.com.br/search?Ntt=<BUSCA>
http://www.netshoes.com.br/search?Ntt=Persona+Q
		Documento Lido
		Resultados: 60
		Nome do Produto: Chuteira Nike Hypervenom Phelon TF
			Igorando Pelo Filtro de Nome...
		Nome do Produto: Chuteira Nike Hypervenom Phelon IC
			Igorando Pelo Filtro de Nome...
		Nome do Produto: Chuteira Adidas F5 IN
			Igorando Pelo Filtro de Nome...
		Nome do Produto: Chuteira Nike Hypervenom Phade FG
			Igorando Pelo Filtro de Nome...
		Nome do Produto: Chuteira Nike Tiempo Rio 2 TF
			Igorando Pelo Filtro de Nome...
		Nome do Produto: Camisa Olympikus Cruzeiro I 2014 nº 10
			Igorando Pelo Filtro de Nome...
		Nome do Produto: Camisa Adidas Flamengo I 14/15 s/nº - Torcedor
			Igorando Pelo Filtro de Nome...
		Nome do Produto: Camisa Puma Botafogo I 2014 s/nº
			Igorando Pelo Filtro de Nome...
		Nome do Produto: Chuteira Nike Mercurial Vortex 2 FG
			Igorando Pelo Filtro de Nome...
		Nome do Produto: Chuteira Adidas F5 FG
			Igorando Pelo Filtro de Nome...
		Nome do Produto: Camisa Adidas Tabela 14
			Igorando Pelo Filtro de Nome...
		Nome do Produto: Chuteira Nike Hypervenom Phade IC Juvenil
			Igorando Pelo Filtro de Nome...
		Nome do Produto: Chuteira Adidas F5 TF
			Igorando Pelo Filtro de Nome...
		Nome do Produto: Camiseta Nike Miler
			Igorando Pelo Filtro de Nome...
		Nome do Produto: Camiseta Nike Miler
			Igorando Pelo Filtro de Nome...
		Nome do Produto: Chuteira Nike Magista Ola FG
			Igorando Pelo Filtro de Nome...
		Nome do Produto: Chuteira Nike Hypervenom Phade IC
			Igorando Pelo Filtro de Nome...
		Nome do Produto: Camiseta Nike Miler
			Igorando Pelo Filtro de Nome...
		Nome do Produto: Camiseta Nike Miler
			Igorando Pelo Filtro de Nome...
		Nome do Produto: Mochila Nike YA Cheyenne Juvenil
			Igorando Pelo Filtro de Nome...
		Nome do Produto: Camisa Adidas Entrada 14
			Igorando Pelo Filtro de Nome...
		Nome do Produto: Chuteira Nike Tiempo Rio 2 IC
			Igorando Pelo Filtro de Nome...
		Nome do Produto: Chuteira Nike Tiempo Rio 2 FG
			Igorando Pelo Filtro de Nome...
		Nome do Produto: Chuteira Nike Mercurial Vortex 2 IC
			Igorando Pelo Filtro de Nome...
		Nome do Produto: Chuteira Nike Magista Ola TF
			Igorando Pelo Filtro de Nome...
		Nome do Produto: Chuteira Nike Hypervenom Phade TF
			Igorando Pelo Filtro de Nome...
		Nome do Produto: Mochila Nike YA Cheyenne Juvenil
			Igorando Pelo Filtro de Nome...
		Nome do Produto: Chuteira Nike Tiempo Gênio Leather FG
			Igorando Pelo Filtro de Nome...
		Nome do Produto: Camisa Adidas Inspired
			Igorando Pelo Filtro de Nome...
		Nome do Produto: Camisa Adidas Pepe
			Igorando Pelo Filtro de Nome...
		Nome do Produto: Chuteira Nike Hypervenom Phade TF Juvenil
			Igorando Pelo Filtro de Nome...
		Nome do Produto: Chuteira Nike Flare 2 FG Campo
			Igorando Pelo Filtro de Nome...
		Nome do Produto: Chuteira Adidas F5 TF
			Igorando Pelo Filtro de Nome...
		Nome do Produto: Camiseta Nike Miler
			Igorando Pelo Filtro de Nome...
		Nome do Produto: Camisa Adidas Tabela 14
			Igorando Pelo Filtro de Nome...
		Nome do Produto: Chuteira Nike Mercurial Vortex 2 TF Infantil
			Igorando Pelo Filtro de Nome...
		Nome do Produto: Camiseta Nike Miler
			Igorando Pelo Filtro de Nome...
		Nome do Produto: Camiseta Nike Miler
			Igorando Pelo Filtro de Nome...
		Nome do Produto: Chuteira Nike Mercurial Vortex 2 TF
			Igorando Pelo Filtro de Nome...
		Nome do Produto: Chuteira Nike Hypervenom Phelon FG
			Igorando Pelo Filtro de Nome...
		Nome do Produto: Chuteira Nike Mercurial Vortex 2 FG
			Igorando Pelo Filtro de Nome...
		Nome do Produto: Chuteira Nike Magista Onda FG
			Igorando Pelo Filtro de Nome...
		Nome do Produto: Chuteira Nike Hypervenom Phelon FG
			Igorando Pelo Filtro de Nome...
		Nome do Produto: Chuteira Nike Hypervenom Phelon TF
			Igorando Pelo Filtro de Nome...
		Nome do Produto: Camiseta Nike Miler M/L
			Igorando Pelo Filtro de Nome...
		Nome do Produto: Chuteira Nike Tiempo Gênio Leather FG
			Igorando Pelo Filtro de Nome...
		Nome do Produto: Camisa Adidas Regista 12
			Igorando Pelo Filtro de Nome...
		Nome do Produto: Camisa Adidas Troféu 14
			Igorando Pelo Filtro de Nome...
		Nome do Produto: Chuteira Nike Magista Onda TF
			Igorando Pelo Filtro de Nome...
		Nome do Produto: Camisa Adidas Inspired
			Igorando Pelo Filtro de Nome...
		Nome do Produto: Camiseta Adidas Regista 14
			Igorando Pelo Filtro de Nome...
		Nome do Produto: Chuteira Nike Hypervenom Phelon IC
			Igorando Pelo Filtro de Nome...
		Nome do Produto: Chuteira Nike Hypervenom Phade IC
			Igorando Pelo Filtro de Nome...
		Nome do Produto: Camisa Adidas Regista 14
			Igorando Pelo Filtro de Nome...
		Nome do Produto: Chuteira Nike Mercurial Vortex 2 IC
			Igorando Pelo Filtro de Nome...
		Nome do Produto: Camisa Kappa Throl
			Igorando Pelo Filtro de Nome...
		Nome do Produto: Camisa Adidas Inspired
			Igorando Pelo Filtro de Nome...
		Nome do Produto: Camisa Adidas Inspired
			Igorando Pelo Filtro de Nome...
		Nome do Produto: Camiseta Nike Personalizável
			Igorando Pelo Filtro de Nome...
		Nome do Produto: Camisa Umbro Holder
			Igorando Pelo Filtro de Nome...
	Tempo Para buscar: 454
Loja: Ponto Frio
	URL Principal: http://www.pontofrio.com.br/
	URL Busca: http://search.pontofrio.com.br/search?w=<BUSCA>
http://search.pontofrio.com.br/search?w=Persona+Q
		Documento Lido
		Resultados: 1
		Nome do Produto: Colchão Queen Size Size Paropas Persona com Euro Pillow e Molas Pocket 24x158x198 cm – Terra/Branco
http://search.pontofrio.com.br/search?p=R&srid=S3-USWSD02&lbc=pontofrio-br&w=Persona%20Q&url=http%3a%2f%2fproduto.pontofrio.com.br%2f2394766%3f&rk=1&uid=602849069&sid=2&ts=custom&rsc=jOu6WIFuIKRyGbGt&method=or&isort=score&view=grid
org.jsoup.HttpStatusException: HTTP error fetching URL. Status=500, URL=http://www.pontofrio.com.br/Moveis/Colchoes/ColchaoQueen/Colchao-Queen-Size-Size-Paropas-Persona-com-Euro-Pillow-e-Molas-Pocket-24x158x198-cm-â??-Terra-Branco-2394766.html
	at org.jsoup.helper.HttpConnection$Response.execute(HttpConnection.java:459)
	at org.jsoup.helper.HttpConnection$Response.execute(HttpConnection.java:475)
	at org.jsoup.helper.HttpConnection$Response.execute(HttpConnection.java:475)
	at org.jsoup.helper.HttpConnection$Response.execute(HttpConnection.java:434)
	at org.jsoup.helper.HttpConnection.execute(HttpConnection.java:181)
	at org.jsoup.helper.HttpConnection.get(HttpConnection.java:170)
	at comom.Util.readUrlDocument(Util.java:94)
	at interfaces.search.PontoFrioSearch.readEachProduct(PontoFrioSearch.java:76)
	at interfaces.search.PontoFrioSearch.search(PontoFrioSearch.java:39)
	at objects.Shop.searchProduct(Shop.java:33)
	at Main.generateHtlReport(Main.java:88)
	at Main.main(Main.java:59)
Tentando conectar Na Url de outro modo
java.io.IOException: Server returned HTTP response code: 500 for URL: http://www.pontofrio.com.br/Moveis/Colchoes/ColchaoQueen/Colchao-Queen-Size-Size-Paropas-Persona-com-Euro-Pillow-e-Molas-Pocket-24x158x198-cm-â??-Terra-Branco-2394766.html
	at sun.net.www.protocol.http.HttpURLConnection.getInputStream(HttpURLConnection.java:1615)
	at comom.Util.getPageBuffer(Util.java:138)
	at comom.Util.readUrl(Util.java:106)
	at comom.Util.readUrlDocument(Util.java:98)
	at interfaces.search.PontoFrioSearch.readEachProduct(PontoFrioSearch.java:76)
	at interfaces.search.PontoFrioSearch.search(PontoFrioSearch.java:39)
	at objects.Shop.searchProduct(Shop.java:33)
	at Main.generateHtlReport(Main.java:88)
	at Main.main(Main.java:59)
java.lang.NullPointerException
	at interfaces.search.PontoFrioSearch.readProductPage(PontoFrioSearch.java:93)
	at interfaces.search.PontoFrioSearch.readEachProduct(PontoFrioSearch.java:78)
	at interfaces.search.PontoFrioSearch.search(PontoFrioSearch.java:39)
	at objects.Shop.searchProduct(Shop.java:33)
	at Main.generateHtlReport(Main.java:88)
	at Main.main(Main.java:59)
	Tempo Para buscar: 2448
Loja: Ricardo Eletro
	URL Principal: http://www.ricardoeletro.com.br/
	URL Busca: http://www.ricardoeletro.com.br/Busca/Resultado/?q=<BUSCA>
http://www.ricardoeletro.com.br/Busca/Resultado/?q=Persona+Q
		Documento Lido
		Resultados: 3
		Nome do Produto: Maleta de Maquiagem Fenzza 27 Itens Persona Luxo
http://www.ricardoeletro.com.br/Produto/Maleta-de-Maquiagem-Fenzza-27-Itens-Persona-Luxo/890-2210-5876-423387
		Acessando URL do produto.
		Nome do Produto: Maleta de Maquiagem Fenzza 27 Itens Persona Gold
http://www.ricardoeletro.com.br/Produto/Maleta-de-Maquiagem-Fenzza-27-Itens-Persona-Gold/890-2210-5876-423390
		Acessando URL do produto.
		Nome do Produto: Jogo Disney Infinity - Edição 2.0: Marvel Super Heroes - Personagem Gavião Arqueiro
http://www.ricardoeletro.com.br/Produto/Jogo-Disney-Infinity-Edicao-20-Marvel-Super-Heroes-Personagem-Gaviao-Arqueiro/47-4666-4669-462773
		Acessando URL do produto.
	Tempo Para buscar: 2531
Loja: RiHappy
	URL Principal: http://www.rihappy.com.br/
	URL Busca: http://www.rihappy.com.br/<BUSCA>
http://www.rihappy.com.br/Persona%20Q
		Documento Lido
		Resultados: 18
		Nome do Produto: Dispenser - Personagem M&M's Vermelho - DTC - Faz de Conta
			Igorando Pelo Filtro de Nome...
		Nome do Produto: Dispenser - Personagem M&M's Amarelo - DTC - Faz de Conta
			Igorando Pelo Filtro de Nome...
		Nome do Produto: Quebra-Cabeça - Personagens Disney - 30 Peças - Grow - Até 100 Peças
http://www.rihappy.com.br/disney-quebra-cabeca-varios-personagens-30-pecas-grow/p
		Acessando URL do produto.
		Nome do Produto: Boneco Adventure Time - Personagem Surpresa - 5 cm - Multikids - Bonecos de Ação
			Igorando Pelo Filtro de Nome...
		Nome do Produto: Quebra-Cabeça - Personagens Disney - 60 Peças - Grow - Até 100 Peças
http://www.rihappy.com.br/grow-disney-quebra-cabeca-60-pecas-100000235/p
		Acessando URL do produto.
		Nome do Produto: Quebra-Cabeça - Personagens Disney - 150 Peças - Grow - Até 500 Peças
http://www.rihappy.com.br/grow-disney-quebra-cabeca-150-pecas-100000236/p
		Acessando URL do produto.
		Nome do Produto: Scooby-Doo Dupla de Personagens com Gosma - Esqueleto e Scooby Sherlock - DTC - Cenários Temáticos (Playsets)
http://www.rihappy.com.br/scooby-doo-dupla-de-personagens-com-gosma-esqueleto-e-scooby-sherlock-dtc/p
		Acessando URL do produto.
		Nome do Produto: Scooby-Doo Dupla de Personagens com Gosma - Velma e Scooby - DTC - Cenários Temáticos (Playsets)
			Igorando Pelo Filtro de Nome...
		Nome do Produto: Quebra-Cabeça - Personagens Disney Pixar - 150 Peças - Grow - Até 500 Peças
http://www.rihappy.com.br/grow-disney-pixar-quebra-cabeca-150-pecas-100000227/p
		Acessando URL do produto.
		Nome do Produto: Carrinho Super Marcas FX - Audi Q7 V12 Azul - DTC - Carros Miniaturas Réplicas
			Igorando Pelo Filtro de Nome...
		Nome do Produto: Trash Pack - UFT 12 Personagens - DTC - Cenários Temáticos (Playsets)
			Igorando Pelo Filtro de Nome...
		Nome do Produto: Trash Pack - UFT 12 Personagens - DTC - Cenários Temáticos (Playsets)
			Igorando Pelo Filtro de Nome...
		Nome do Produto: Bolsa Personalizável com Canetinha - Monter High - Fun - Pinturas
			Igorando Pelo Filtro de Nome...
		Nome do Produto: Mini Figuras Colecionáveis Simpsons com 20 Personagens - Multikids - Bonecos de Ação
			Igorando Pelo Filtro de Nome...
		Nome do Produto: Quebra-Cabeça - Personagens Disney - 500 Peças - Grow - Até 500 Peças
http://www.rihappy.com.br/grow-disney-quebra-cabeca-500-pecas-100000295/p
		Acessando URL do produto.
		Nome do Produto: Quebra-Cabeça - Personagens Disney - 1000 Peças - Grow - Até 1000 Peças
http://www.rihappy.com.br/grow-disney-quebra-cabeca-1000-pecas-100000239/p
		Acessando URL do produto.
		Nome do Produto: Scooby-Doo Dupla de Personagens com Gosma - Fred e Scooby - DTC - Cenários Temáticos (Playsets)
			Igorando Pelo Filtro de Nome...
		Nome do Produto: Scooby-Doo Dupla de Personagens com Gosma - Drácula e Scooby Surfista - DTC - Cenários Temáticos (Playsets)
			Igorando Pelo Filtro de Nome...
	Tempo Para buscar: 7180
Loja: Saraiva
	URL Principal: http://www.saraiva.com.br/
	URL Busca: http://busca.saraiva.com.br/search?w=<BUSCA>&PAC_ID=129457&ts=ajax
http://busca.saraiva.com.br/search?w=Persona+Q&PAC_ID=129457&ts=ajax
		Documento Lido
		Resultados: 30
		Nome do Produto: Persona
			Igorando Pelo Filtro de Nome...
		Nome do Produto: Persona
			Igorando Pelo Filtro de Nome...
		Nome do Produto: Persona
			Igorando Pelo Filtro de Nome...
		Nome do Produto: Persona
			Igorando Pelo Filtro de Nome...
		Nome do Produto: Persona a Persona
			Igorando Pelo Filtro de Nome...
		Nome do Produto: Ser Persona
			Igorando Pelo Filtro de Nome...
		Nome do Produto: Primera Persona
			Igorando Pelo Filtro de Nome...
		Nome do Produto: Q
			Igorando Pelo Filtro de Nome...
		Nome do Produto: Q
			Igorando Pelo Filtro de Nome...
		Nome do Produto: Q
			Igorando Pelo Filtro de Nome...
		Nome do Produto: Q
			Igorando Pelo Filtro de Nome...
		Nome do Produto: Q
			Igorando Pelo Filtro de Nome...
		Nome do Produto: Person
			Igorando Pelo Filtro de Nome...
		Nome do Produto: Person
			Igorando Pelo Filtro de Nome...
		Nome do Produto: Person
			Igorando Pelo Filtro de Nome...
		Nome do Produto: Ripartire Dalla Persona
			Igorando Pelo Filtro de Nome...
		Nome do Produto: Aprenda Trabajar Persona Dificiles
			Igorando Pelo Filtro de Nome...
		Nome do Produto: Persona - DVD
			Igorando Pelo Filtro de Nome...
		Nome do Produto: Vivir Como Persona
			Igorando Pelo Filtro de Nome...
		Nome do Produto: Persona And Shame
			Igorando Pelo Filtro de Nome...
		Nome do Produto: Persona Non Grata
			Igorando Pelo Filtro de Nome...
		Nome do Produto: Ingmar Bergman's Persona
			Igorando Pelo Filtro de Nome...
		Nome do Produto: Persona Non Grata
			Igorando Pelo Filtro de Nome...
		Nome do Produto: Persona Non Grata
			Igorando Pelo Filtro de Nome...
		Nome do Produto: The Persona Principle
			Igorando Pelo Filtro de Nome...
		Nome do Produto: Persona and Performance
			Igorando Pelo Filtro de Nome...
		Nome do Produto: Recuerdos de Otra Persona
			Igorando Pelo Filtro de Nome...
		Nome do Produto: Persona Y Democracia
			Igorando Pelo Filtro de Nome...
		Nome do Produto: Cocina para 1 Persona
			Igorando Pelo Filtro de Nome...
		Nome do Produto: Psiquiatria Y Persona
individualUrl = http://busca.saraiva.com.br/search?p=R&srid=S11-USESD01&lbc=saraiva&w=Persona%20Q&url=http%3a%2f%2fwww.saraiva.com.br%2fproduto%2f1513689&rk=30&uid=602963386&sid=2&ts=ajax&rsc=EwMA6kpTTqjQYpNL&method=or&isort=score&view=grid
http://busca.saraiva.com.br/search?p=R&srid=S11-USESD01&lbc=saraiva&w=Persona%20Q&url=http%3a%2f%2fwww.saraiva.com.br%2fproduto%2f1513689&rk=30&uid=602963386&sid=2&ts=ajax&rsc=EwMA6kpTTqjQYpNL&method=or&isort=score&view=grid
		Acessando URL do produto.
	Tempo Para buscar: 7552
Loja: Shop Facil
	URL Principal: http://ww2.shopfacil.com.br/
	URL Busca: http://ww2.shopfacil.com.br/<BUSCA>
http://ww2.shopfacil.com.br/Persona%20Q
		Documento Lido
		Resultados: 15
		Nome do Produto: Jogo PS3 Persona 4 Arena
			Igorando Pelo Filtro de Nome...
		Nome do Produto: Jogo Xbox 360 Persona 4 Arena
			Igorando Pelo Filtro de Nome...
		Nome do Produto: Box Persona Terra Casal Paropas, Ref 20524, Caixa de Madeira Reflorestada, Tecido na Cor Terra Bordado com 1 cm de Espuma
			Igorando Pelo Filtro de Nome...
		Nome do Produto: Colchão Persona Terra Casal Paropas, Ref 20518, Tecido 100% Poliéster, Molejo Pocket, Espuma D45, Mola Pocket Ensacadas
			Igorando Pelo Filtro de Nome...
		Nome do Produto: Colchão Persona Pocket Black - Casal - Paropas - 24x138x188cm
			Igorando Pelo Filtro de Nome...
		Nome do Produto: Maleta de Maquiagem Pequena Fenzza Persona Gold - Dourado
http://ww2.shopfacil.com.br/maleta-de-maquiagem-pequena-fenzza-persona-gold---dourado-2183281/p
		Acessando URL do produto.
		Nome do Produto: Box para Colchão Solteiro Paropas Persona 30x88x188 cm – Terra
			Igorando Pelo Filtro de Nome...
		Nome do Produto: Livro - Persona Performática: Alteridade e Experiência na Obra de Renato Cohen - Ana Goldenstein Carvalhaes
			Igorando Pelo Filtro de Nome...
		Nome do Produto: Colchão Solteiro Paropas Persona Ter com Euro Pillow e Molas Pocket 24x88x188 cm – Terra/Branco
			Igorando Pelo Filtro de Nome...
		Nome do Produto: Raquete Prokennex Ionic Q15
			Igorando Pelo Filtro de Nome...
		Nome do Produto: Colchão Queen Size Size Paropas Persona Ter com Euro Pillow e Molas Pocket 24x158x198 cm – Terra/Branco
http://ww2.shopfacil.com.br/colchao-queen-size-size-paropas-persona-ter-com-euro-pillow-e-molas-pocket-24x158x198-cm-–-terra-branco-2049191/p
		Acessando URL do produto.
		Nome do Produto: Relógio Magnum Analógico Masculino MT60084Q
			Igorando Pelo Filtro de Nome...
		Nome do Produto: Máquina de Café Delta Q Qool - Preta
			Igorando Pelo Filtro de Nome...
		Nome do Produto: Máquina de Café Delta Q Qool - Branca
			Igorando Pelo Filtro de Nome...
		Nome do Produto: Projetor Multimídia BenQ MX720 Branco
			Igorando Pelo Filtro de Nome...
	Tempo Para buscar: 4442
Loja: Shop Time
	URL Principal: http://www.shoptime.com.br/
	URL Busca: http://busca.shoptime.com.br/busca.php?q=<BUSCA>
http://busca.shoptime.com.br/busca.php?q=Persona+Q
		Documento Lido
		Resultados: 15
		Nome do Produto: Persona 4 Arena - Ps3 Game Persona 4 Arena - Xbox 360 Colchão Queen Paropas Persona Terra Molas Ensacadas - (158x198x24cm) DVD Persona Colchão Casal Paropas Persona Molas Bonnel - (138x188x24cm) Colchão Queen Paropas Persona Molas Bonnel - (158x198x24cm) Colchão Solteiro Paropas Persona Molas Bonnel - (88x188x24cm) Game Persona 4 Arena - PS3 Colchão Solteiro Paropas Persona Terra Molas Ensacadas - (88x188x24cm) Colchão Casal Paropas Persona Terra Molas Ensacadas - (138x188x24cm) Cama Box Queen (Box + Colchão) Paropas Persona Molas Pocket -... Cama Box Casal (Box + Colchão) Paropas Persona Molas Pocket -... Cama Box Solteiro (Box + Colchão) Paropas Persona Molas Pocket -... Maleta de Maquiagem Fenzza Persona Matelassê Pequena Maleta de Maquiagem Fenzza Persona Matelassê Grande
http://busca.shoptime.com.br/produto.php?link=http://www.shoptime.com.br/produto/7978323/persona-4-arena-ps3&ranking=1&sessao=U09GLDIBTJ4W7&idbusca=d693580428548a3233a904ce4ce759d067ce83f1&idproduto=7978323
		Acessando URL do produto.
		Nome do Produto: Persona 4 Arena - Ps3 Game Persona 4 Arena - Xbox 360 Colchão Queen Paropas Persona Terra Molas Ensacadas - (158x198x24cm) DVD Persona Colchão Casal Paropas Persona Molas Bonnel - (138x188x24cm) Colchão Queen Paropas Persona Molas Bonnel - (158x198x24cm) Colchão Solteiro Paropas Persona Molas Bonnel - (88x188x24cm) Game Persona 4 Arena - PS3 Colchão Solteiro Paropas Persona Terra Molas Ensacadas - (88x188x24cm) Colchão Casal Paropas Persona Terra Molas Ensacadas - (138x188x24cm) Cama Box Queen (Box + Colchão) Paropas Persona Molas Pocket -... Cama Box Casal (Box + Colchão) Paropas Persona Molas Pocket -... Cama Box Solteiro (Box + Colchão) Paropas Persona Molas Pocket -... Maleta de Maquiagem Fenzza Persona Matelassê Pequena Maleta de Maquiagem Fenzza Persona Matelassê Grande
http://busca.shoptime.com.br/produto.php?link=http://www.shoptime.com.br/produto/111989093/game-persona-4-arena-xbox-360&ranking=2&sessao=U09GLDIBTJ4W7&idbusca=d693580428548a3233a904ce4ce759d067ce83f1&idproduto=111989093
		Acessando URL do produto.
		Nome do Produto: Persona 4 Arena - Ps3 Game Persona 4 Arena - Xbox 360 Colchão Queen Paropas Persona Terra Molas Ensacadas - (158x198x24cm) DVD Persona Colchão Casal Paropas Persona Molas Bonnel - (138x188x24cm) Colchão Queen Paropas Persona Molas Bonnel - (158x198x24cm) Colchão Solteiro Paropas Persona Molas Bonnel - (88x188x24cm) Game Persona 4 Arena - PS3 Colchão Solteiro Paropas Persona Terra Molas Ensacadas - (88x188x24cm) Colchão Casal Paropas Persona Terra Molas Ensacadas - (138x188x24cm) Cama Box Queen (Box + Colchão) Paropas Persona Molas Pocket -... Cama Box Casal (Box + Colchão) Paropas Persona Molas Pocket -... Cama Box Solteiro (Box + Colchão) Paropas Persona Molas Pocket -... Maleta de Maquiagem Fenzza Persona Matelassê Pequena Maleta de Maquiagem Fenzza Persona Matelassê Grande
http://busca.shoptime.com.br/produto.php?link=http://www.shoptime.com.br/produto/113134751/colchao-queen-paropas-persona-terra-molas-ensacadas-158x198x24cm-&ranking=3&sessao=U09GLDIBTJ4W7&idbusca=d693580428548a3233a904ce4ce759d067ce83f1&idproduto=113134751
		Acessando URL do produto.
		Nome do Produto: Persona 4 Arena - Ps3 Game Persona 4 Arena - Xbox 360 Colchão Queen Paropas Persona Terra Molas Ensacadas - (158x198x24cm) DVD Persona Colchão Casal Paropas Persona Molas Bonnel - (138x188x24cm) Colchão Queen Paropas Persona Molas Bonnel - (158x198x24cm) Colchão Solteiro Paropas Persona Molas Bonnel - (88x188x24cm) Game Persona 4 Arena - PS3 Colchão Solteiro Paropas Persona Terra Molas Ensacadas - (88x188x24cm) Colchão Casal Paropas Persona Terra Molas Ensacadas - (138x188x24cm) Cama Box Queen (Box + Colchão) Paropas Persona Molas Pocket -... Cama Box Casal (Box + Colchão) Paropas Persona Molas Pocket -... Cama Box Solteiro (Box + Colchão) Paropas Persona Molas Pocket -... Maleta de Maquiagem Fenzza Persona Matelassê Pequena Maleta de Maquiagem Fenzza Persona Matelassê Grande
http://busca.shoptime.com.br/produto.php?link=http://www.shoptime.com.br/produto/340695/dvd-persona&ranking=4&sessao=U09GLDIBTJ4W7&idbusca=d693580428548a3233a904ce4ce759d067ce83f1&idproduto=340695
		Acessando URL do produto.
		Nome do Produto: Persona 4 Arena - Ps3 Game Persona 4 Arena - Xbox 360 Colchão Queen Paropas Persona Terra Molas Ensacadas - (158x198x24cm) DVD Persona Colchão Casal Paropas Persona Molas Bonnel - (138x188x24cm) Colchão Queen Paropas Persona Molas Bonnel - (158x198x24cm) Colchão Solteiro Paropas Persona Molas Bonnel - (88x188x24cm) Game Persona 4 Arena - PS3 Colchão Solteiro Paropas Persona Terra Molas Ensacadas - (88x188x24cm) Colchão Casal Paropas Persona Terra Molas Ensacadas - (138x188x24cm) Cama Box Queen (Box + Colchão) Paropas Persona Molas Pocket -... Cama Box Casal (Box + Colchão) Paropas Persona Molas Pocket -... Cama Box Solteiro (Box + Colchão) Paropas Persona Molas Pocket -... Maleta de Maquiagem Fenzza Persona Matelassê Pequena Maleta de Maquiagem Fenzza Persona Matelassê Grande
http://busca.shoptime.com.br/produto.php?link=http://www.shoptime.com.br/produto/113134339/colchao-casal-paropas-persona-molas-bonnel-138x188x24cm-&ranking=5&sessao=U09GLDIBTJ4W7&idbusca=d693580428548a3233a904ce4ce759d067ce83f1&idproduto=113134339
		Acessando URL do produto.
		Nome do Produto: Persona 4 Arena - Ps3 Game Persona 4 Arena - Xbox 360 Colchão Queen Paropas Persona Terra Molas Ensacadas - (158x198x24cm) DVD Persona Colchão Casal Paropas Persona Molas Bonnel - (138x188x24cm) Colchão Queen Paropas Persona Molas Bonnel - (158x198x24cm) Colchão Solteiro Paropas Persona Molas Bonnel - (88x188x24cm) Game Persona 4 Arena - PS3 Colchão Solteiro Paropas Persona Terra Molas Ensacadas - (88x188x24cm) Colchão Casal Paropas Persona Terra Molas Ensacadas - (138x188x24cm) Cama Box Queen (Box + Colchão) Paropas Persona Molas Pocket -... Cama Box Casal (Box + Colchão) Paropas Persona Molas Pocket -... Cama Box Solteiro (Box + Colchão) Paropas Persona Molas Pocket -... Maleta de Maquiagem Fenzza Persona Matelassê Pequena Maleta de Maquiagem Fenzza Persona Matelassê Grande
http://busca.shoptime.com.br/produto.php?link=http://www.shoptime.com.br/produto/113134355/colchao-queen-paropas-persona-molas-bonnel-158x198x24cm-&ranking=6&sessao=U09GLDIBTJ4W7&idbusca=d693580428548a3233a904ce4ce759d067ce83f1&idproduto=113134355
		Acessando URL do produto.
		Nome do Produto: Persona 4 Arena - Ps3 Game Persona 4 Arena - Xbox 360 Colchão Queen Paropas Persona Terra Molas Ensacadas - (158x198x24cm) DVD Persona Colchão Casal Paropas Persona Molas Bonnel - (138x188x24cm) Colchão Queen Paropas Persona Molas Bonnel - (158x198x24cm) Colchão Solteiro Paropas Persona Molas Bonnel - (88x188x24cm) Game Persona 4 Arena - PS3 Colchão Solteiro Paropas Persona Terra Molas Ensacadas - (88x188x24cm) Colchão Casal Paropas Persona Terra Molas Ensacadas - (138x188x24cm) Cama Box Queen (Box + Colchão) Paropas Persona Molas Pocket -... Cama Box Casal (Box + Colchão) Paropas Persona Molas Pocket -... Cama Box Solteiro (Box + Colchão) Paropas Persona Molas Pocket -... Maleta de Maquiagem Fenzza Persona Matelassê Pequena Maleta de Maquiagem Fenzza Persona Matelassê Grande
http://busca.shoptime.com.br/produto.php?link=http://www.shoptime.com.br/produto/113134312/colchao-solteiro-paropas-persona-molas-bonnel-88x188x24cm-&ranking=7&sessao=U09GLDIBTJ4W7&idbusca=d693580428548a3233a904ce4ce759d067ce83f1&idproduto=113134312
		Acessando URL do produto.
		Nome do Produto: Persona 4 Arena - Ps3 Game Persona 4 Arena - Xbox 360 Colchão Queen Paropas Persona Terra Molas Ensacadas - (158x198x24cm) DVD Persona Colchão Casal Paropas Persona Molas Bonnel - (138x188x24cm) Colchão Queen Paropas Persona Molas Bonnel - (158x198x24cm) Colchão Solteiro Paropas Persona Molas Bonnel - (88x188x24cm) Game Persona 4 Arena - PS3 Colchão Solteiro Paropas Persona Terra Molas Ensacadas - (88x188x24cm) Colchão Casal Paropas Persona Terra Molas Ensacadas - (138x188x24cm) Cama Box Queen (Box + Colchão) Paropas Persona Molas Pocket -... Cama Box Casal (Box + Colchão) Paropas Persona Molas Pocket -... Cama Box Solteiro (Box + Colchão) Paropas Persona Molas Pocket -... Maleta de Maquiagem Fenzza Persona Matelassê Pequena Maleta de Maquiagem Fenzza Persona Matelassê Grande
http://busca.shoptime.com.br/produto.php?link=http://www.shoptime.com.br/produto/111989114/game-persona-4-arena-ps3&ranking=8&sessao=U09GLDIBTJ4W7&idbusca=d693580428548a3233a904ce4ce759d067ce83f1&idproduto=111989114
		Acessando URL do produto.
		Nome do Produto: Persona 4 Arena - Ps3 Game Persona 4 Arena - Xbox 360 Colchão Queen Paropas Persona Terra Molas Ensacadas - (158x198x24cm) DVD Persona Colchão Casal Paropas Persona Molas Bonnel - (138x188x24cm) Colchão Queen Paropas Persona Molas Bonnel - (158x198x24cm) Colchão Solteiro Paropas Persona Molas Bonnel - (88x188x24cm) Game Persona 4 Arena - PS3 Colchão Solteiro Paropas Persona Terra Molas Ensacadas - (88x188x24cm) Colchão Casal Paropas Persona Terra Molas Ensacadas - (138x188x24cm) Cama Box Queen (Box + Colchão) Paropas Persona Molas Pocket -... Cama Box Casal (Box + Colchão) Paropas Persona Molas Pocket -... Cama Box Solteiro (Box + Colchão) Paropas Persona Molas Pocket -... Maleta de Maquiagem Fenzza Persona Matelassê Pequena Maleta de Maquiagem Fenzza Persona Matelassê Grande
http://busca.shoptime.com.br/produto.php?link=http://www.shoptime.com.br/produto/113134718/colchao-solteiro-paropas-persona-terra-molas-ensacadas-88x188x24cm-&ranking=9&sessao=U09GLDIBTJ4W7&idbusca=d693580428548a3233a904ce4ce759d067ce83f1&idproduto=113134718
		Acessando URL do produto.
		Nome do Produto: Persona 4 Arena - Ps3 Game Persona 4 Arena - Xbox 360 Colchão Queen Paropas Persona Terra Molas Ensacadas - (158x198x24cm) DVD Persona Colchão Casal Paropas Persona Molas Bonnel - (138x188x24cm) Colchão Queen Paropas Persona Molas Bonnel - (158x198x24cm) Colchão Solteiro Paropas Persona Molas Bonnel - (88x188x24cm) Game Persona 4 Arena - PS3 Colchão Solteiro Paropas Persona Terra Molas Ensacadas - (88x188x24cm) Colchão Casal Paropas Persona Terra Molas Ensacadas - (138x188x24cm) Cama Box Queen (Box + Colchão) Paropas Persona Molas Pocket -... Cama Box Casal (Box + Colchão) Paropas Persona Molas Pocket -... Cama Box Solteiro (Box + Colchão) Paropas Persona Molas Pocket -... Maleta de Maquiagem Fenzza Persona Matelassê Pequena Maleta de Maquiagem Fenzza Persona Matelassê Grande
http://busca.shoptime.com.br/produto.php?link=http://www.shoptime.com.br/produto/113134734/colchao-casal-paropas-persona-terra-molas-ensacadas-138x188x24cm-&ranking=10&sessao=U09GLDIBTJ4W7&idbusca=d693580428548a3233a904ce4ce759d067ce83f1&idproduto=113134734
		Acessando URL do produto.
		Nome do Produto: Persona 4 Arena - Ps3 Game Persona 4 Arena - Xbox 360 Colchão Queen Paropas Persona Terra Molas Ensacadas - (158x198x24cm) DVD Persona Colchão Casal Paropas Persona Molas Bonnel - (138x188x24cm) Colchão Queen Paropas Persona Molas Bonnel - (158x198x24cm) Colchão Solteiro Paropas Persona Molas Bonnel - (88x188x24cm) Game Persona 4 Arena - PS3 Colchão Solteiro Paropas Persona Terra Molas Ensacadas - (88x188x24cm) Colchão Casal Paropas Persona Terra Molas Ensacadas - (138x188x24cm) Cama Box Queen (Box + Colchão) Paropas Persona Molas Pocket -... Cama Box Casal (Box + Colchão) Paropas Persona Molas Pocket -... Cama Box Solteiro (Box + Colchão) Paropas Persona Molas Pocket -... Maleta de Maquiagem Fenzza Persona Matelassê Pequena Maleta de Maquiagem Fenzza Persona Matelassê Grande
http://busca.shoptime.com.br/produto.php?link=http://www.shoptime.com.br/produto/121326656/cama-box-queen-box-colchao-paropas-persona-molas-pocket-158x198x54cm&ranking=11&sessao=U09GLDIBTJ4W7&idbusca=d693580428548a3233a904ce4ce759d067ce83f1&idproduto=121326656
		Acessando URL do produto.
		Nome do Produto: Persona 4 Arena - Ps3 Game Persona 4 Arena - Xbox 360 Colchão Queen Paropas Persona Terra Molas Ensacadas - (158x198x24cm) DVD Persona Colchão Casal Paropas Persona Molas Bonnel - (138x188x24cm) Colchão Queen Paropas Persona Molas Bonnel - (158x198x24cm) Colchão Solteiro Paropas Persona Molas Bonnel - (88x188x24cm) Game Persona 4 Arena - PS3 Colchão Solteiro Paropas Persona Terra Molas Ensacadas - (88x188x24cm) Colchão Casal Paropas Persona Terra Molas Ensacadas - (138x188x24cm) Cama Box Queen (Box + Colchão) Paropas Persona Molas Pocket -... Cama Box Casal (Box + Colchão) Paropas Persona Molas Pocket -... Cama Box Solteiro (Box + Colchão) Paropas Persona Molas Pocket -... Maleta de Maquiagem Fenzza Persona Matelassê Pequena Maleta de Maquiagem Fenzza Persona Matelassê Grande
http://busca.shoptime.com.br/produto.php?link=http://www.shoptime.com.br/produto/121326648/cama-box-casal-box-colchao-paropas-persona-molas-pocket-138x188x54cm&ranking=12&sessao=U09GLDIBTJ4W7&idbusca=d693580428548a3233a904ce4ce759d067ce83f1&idproduto=121326648
		Acessando URL do produto.
		Nome do Produto: Persona 4 Arena - Ps3 Game Persona 4 Arena - Xbox 360 Colchão Queen Paropas Persona Terra Molas Ensacadas - (158x198x24cm) DVD Persona Colchão Casal Paropas Persona Molas Bonnel - (138x188x24cm) Colchão Queen Paropas Persona Molas Bonnel - (158x198x24cm) Colchão Solteiro Paropas Persona Molas Bonnel - (88x188x24cm) Game Persona 4 Arena - PS3 Colchão Solteiro Paropas Persona Terra Molas Ensacadas - (88x188x24cm) Colchão Casal Paropas Persona Terra Molas Ensacadas - (138x188x24cm) Cama Box Queen (Box + Colchão) Paropas Persona Molas Pocket -... Cama Box Casal (Box + Colchão) Paropas Persona Molas Pocket -... Cama Box Solteiro (Box + Colchão) Paropas Persona Molas Pocket -... Maleta de Maquiagem Fenzza Persona Matelassê Pequena Maleta de Maquiagem Fenzza Persona Matelassê Grande
http://busca.shoptime.com.br/produto.php?link=http://www.shoptime.com.br/produto/121326630/cama-box-solteiro-box-colchao-paropas-persona-molas-pocket-88x188x54cm&ranking=13&sessao=U09GLDIBTJ4W7&idbusca=d693580428548a3233a904ce4ce759d067ce83f1&idproduto=121326630
		Acessando URL do produto.
		Nome do Produto: Persona 4 Arena - Ps3 Game Persona 4 Arena - Xbox 360 Colchão Queen Paropas Persona Terra Molas Ensacadas - (158x198x24cm) DVD Persona Colchão Casal Paropas Persona Molas Bonnel - (138x188x24cm) Colchão Queen Paropas Persona Molas Bonnel - (158x198x24cm) Colchão Solteiro Paropas Persona Molas Bonnel - (88x188x24cm) Game Persona 4 Arena - PS3 Colchão Solteiro Paropas Persona Terra Molas Ensacadas - (88x188x24cm) Colchão Casal Paropas Persona Terra Molas Ensacadas - (138x188x24cm) Cama Box Queen (Box + Colchão) Paropas Persona Molas Pocket -... Cama Box Casal (Box + Colchão) Paropas Persona Molas Pocket -... Cama Box Solteiro (Box + Colchão) Paropas Persona Molas Pocket -... Maleta de Maquiagem Fenzza Persona Matelassê Pequena Maleta de Maquiagem Fenzza Persona Matelassê Grande
http://busca.shoptime.com.br/produto.php?link=http://www.shoptime.com.br/produto/117738594/maleta-de-maquiagem-fenzza-persona-matelasse-pequena&ranking=14&sessao=U09GLDIBTJ4W7&idbusca=d693580428548a3233a904ce4ce759d067ce83f1&idproduto=117738594
		Acessando URL do produto.
		Nome do Produto: Persona 4 Arena - Ps3 Game Persona 4 Arena - Xbox 360 Colchão Queen Paropas Persona Terra Molas Ensacadas - (158x198x24cm) DVD Persona Colchão Casal Paropas Persona Molas Bonnel - (138x188x24cm) Colchão Queen Paropas Persona Molas Bonnel - (158x198x24cm) Colchão Solteiro Paropas Persona Molas Bonnel - (88x188x24cm) Game Persona 4 Arena - PS3 Colchão Solteiro Paropas Persona Terra Molas Ensacadas - (88x188x24cm) Colchão Casal Paropas Persona Terra Molas Ensacadas - (138x188x24cm) Cama Box Queen (Box + Colchão) Paropas Persona Molas Pocket -... Cama Box Casal (Box + Colchão) Paropas Persona Molas Pocket -... Cama Box Solteiro (Box + Colchão) Paropas Persona Molas Pocket -... Maleta de Maquiagem Fenzza Persona Matelassê Pequena Maleta de Maquiagem Fenzza Persona Matelassê Grande
http://busca.shoptime.com.br/produto.php?link=http://www.shoptime.com.br/produto/118497999/maleta-de-maquiagem-fenzza-persona-matelasse-grande&ranking=15&sessao=U09GLDIBTJ4W7&idbusca=d693580428548a3233a904ce4ce759d067ce83f1&idproduto=118497999
		Acessando URL do produto.
	Tempo Para buscar: 20899
Loja: ShopB
	URL Principal: http://www.shopb.com.br/
	URL Busca: http://busca.shopb.com.br/?busca=<BUSCA>
http://busca.shopb.com.br/?busca=Persona+Q
		Documento Lido
		Resultados: 18
		Nome do Produto: Persona 4 Arena - PS3
			Igorando Pelo Filtro de Nome...
		Nome do Produto: Persona 4 Arena - XBOX 360
			Igorando Pelo Filtro de Nome...
		Nome do Produto: Persona 4 Golden - PS Vita
			Igorando Pelo Filtro de Nome...
		Nome do Produto: Fonte Dell Precision 19.5V 3.34A
			Igorando Pelo Filtro de Nome...
		Nome do Produto: Fonte Dell Precision 19.5v 6.7A
			Igorando Pelo Filtro de Nome...
		Nome do Produto: Fonte Dell Precision 20v 4.5A
			Igorando Pelo Filtro de Nome...
		Nome do Produto: Fonte Dell Precision M20 M60 M65 M70 M140 M1210
			Igorando Pelo Filtro de Nome...
		Nome do Produto: Fonte Dell Precision M2400 M4400
			Igorando Pelo Filtro de Nome...
		Nome do Produto: Fonte Dell Precision M50 Workstation M40
			Igorando Pelo Filtro de Nome...
		Nome do Produto: Fonte Dell Precision M90 M6300
			Igorando Pelo Filtro de Nome...
		Nome do Produto: Fonte Paralela HP Compaq Prosignia 140 150 160 165 170 190
			Igorando Pelo Filtro de Nome...
		Nome do Produto: Precision Shot - Sharp Shooter - PS3
			Igorando Pelo Filtro de Nome...
		Nome do Produto: Super Poster - Tudo Posso Naquele que me Fortalece
			Igorando Pelo Filtro de Nome...
		Nome do Produto: Teclado Original Dell Inspiron D500 D505 D600 D800 8500 8600 9100 500m 510m 600m Precision M60
			Igorando Pelo Filtro de Nome...
		Nome do Produto: Teclado Original Dell Precision M6400 M6500
			Igorando Pelo Filtro de Nome...
		Nome do Produto: UFC Personal Trainer (Requer Kinect) - XBOX 360
http://shopb.ecommercesearch.com.br/Busca/Redir?url=http%3a%2f%2fwww.shopb.com.br%2fecommerce_site%2findex.php%3fpg%3dproduto%26cdg%3d4488%26idp%3d20992%26idparceiro%3dp1&esid=20992
		Acessando URL do produto.
		Nome do Produto: UFC Personal Trainer: The Ultimate Fitness System + Leg Strap - PS3
			Igorando Pelo Filtro de Nome...
		Nome do Produto: UFC Personal Trainer: The Ultimate Fitness System + Leg Strap [Europeu] - PS3
			Igorando Pelo Filtro de Nome...
	Tempo Para buscar: 1492
Loja: Submarino
	URL Principal: http://www.submarino.com.br/
	URL Busca: http://busca.submarino.com.br/busca.php?q=<BUSCA>
http://busca.submarino.com.br/busca.php?q=Persona+Q
		Documento Lido
		Resultados: 15
		Nome do Produto: Persona 4 Arena - Ps3
			Igorando Pelo Filtro de Nome...
		Nome do Produto: Game Persona 4 Arena - PS3
			Igorando Pelo Filtro de Nome...
		Nome do Produto: Game Persona 4 Arena - Xbox 360
			Igorando Pelo Filtro de Nome...
		Nome do Produto: DVD Persona
			Igorando Pelo Filtro de Nome...
		Nome do Produto: Colchão Casal Paropas Persona Molas Bonnel - (138x188x24cm)
			Igorando Pelo Filtro de Nome...
		Nome do Produto: Colchão Queen Paropas Persona Terra Molas Ensacadas - (158x198x24cm)
http://busca.submarino.com.br/produto.php?link=http://www.submarino.com.br/produto/113134751/colchao-queen-paropas-persona-terra-molas-ensacadas-158x198x24cm-&ranking=6&sessao=U09GM6UXM5CK7&idbusca=43ce256ed64464c5f1e3023576915a0dc2b9b27d&idproduto=113134751
		Acessando URL do produto.
		Nome do Produto: Colchão Solteiro Paropas Persona Molas Bonnel - (88x188x24cm)
			Igorando Pelo Filtro de Nome...
		Nome do Produto: Colchão Queen Paropas Persona Molas Bonnel - (158x198x24cm)
http://busca.submarino.com.br/produto.php?link=http://www.submarino.com.br/produto/113134355/colchao-queen-paropas-persona-molas-bonnel-158x198x24cm-&ranking=8&sessao=U09GM6UXM5CK7&idbusca=43ce256ed64464c5f1e3023576915a0dc2b9b27d&idproduto=113134355
		Acessando URL do produto.
		Nome do Produto: Colchão Casal Paropas Persona Terra Molas Ensacadas - (138x188x24cm)
			Igorando Pelo Filtro de Nome...
		Nome do Produto: Colchão Solteiro Paropas Persona Terra Molas Ensacadas - (88x188x24cm)
			Igorando Pelo Filtro de Nome...
		Nome do Produto: Cama Box Casal (Box + Colchão) Paropas Persona Molas Pocket - 138x188x54cm
			Igorando Pelo Filtro de Nome...
		Nome do Produto: Cama Box Queen (Box + Colchão) Paropas Persona Molas Pocket - 158x198x54cm
http://busca.submarino.com.br/produto.php?link=http://www.submarino.com.br/produto/121326656/cama-box-queen-box-colchao-paropas-persona-molas-pocket-158x198x54cm&ranking=12&sessao=U09GM6UXM5CK7&idbusca=43ce256ed64464c5f1e3023576915a0dc2b9b27d&idproduto=121326656
		Acessando URL do produto.
		Nome do Produto: Cama Box Solteiro (Box + Colchão) Paropas Persona Molas Pocket - 88x188x54cm
			Igorando Pelo Filtro de Nome...
		Nome do Produto: Maleta de Maquiagem Fenzza Persona Matelassê Pequena
http://busca.submarino.com.br/produto.php?link=http://www.submarino.com.br/produto/117738594/maleta-de-maquiagem-fenzza-persona-matelasse-pequena&ranking=14&sessao=U09GM6UXM5CK7&idbusca=43ce256ed64464c5f1e3023576915a0dc2b9b27d&idproduto=117738594
		Acessando URL do produto.
		Nome do Produto: Maleta de Maquiagem Fenzza Persona Matelassê Grande
http://busca.submarino.com.br/produto.php?link=http://www.submarino.com.br/produto/118497999/maleta-de-maquiagem-fenzza-persona-matelasse-grande&ranking=15&sessao=U09GM6UXM5CK7&idbusca=43ce256ed64464c5f1e3023576915a0dc2b9b27d&idproduto=118497999
		Acessando URL do produto.
	Tempo Para buscar: 7297
Loja: Walmart
	URL Principal: http://www.walmart.com.br/
	URL Busca: http://www.walmart.com.br/busca/?ft=<BUSCA>&PS=20
http://www.walmart.com.br/busca/?ft=Persona+Q&PS=20
		Documento Lido
		Resultados: 20
		Nome do Produto: Projetor BenQ MS513PB 2700 Lúmens, SVGA, HDMI e 3D
			Igorando Pelo Filtro de Nome...
		Nome do Produto: Impressora Laser Colorida Xerox A4 Phaser® 6000BNO - 110v - Hi-Q LED
			Igorando Pelo Filtro de Nome...
		Nome do Produto: Jogo PS3 Persona 4 Arena
			Igorando Pelo Filtro de Nome...
		Nome do Produto: Jogo Xbox 360 Persona 4 Arena
			Igorando Pelo Filtro de Nome...
		Nome do Produto: Máquina de Costura Quilter Eletrônica 90 pontos 7469Q - Singer
			Igorando Pelo Filtro de Nome...
		Nome do Produto: Impressora Xerox - Impressora - Color A4 Phaser® 6010NNO - Hi-Q LED – LED de alta qualidade - 110v
			Igorando Pelo Filtro de Nome...
		Nome do Produto: Impressora Xerox - Impressora Mono A4 Phaser® 3040/B - Hi-Q LED - LED de alta qualidade - 110V
			Igorando Pelo Filtro de Nome...
		Nome do Produto: Smartphone Q10 - Desbloqueado / 16GB / 8MP / 4G - Preto - Blackberry
			Igorando Pelo Filtro de Nome...
		Nome do Produto: Ar Condicionado Split Inverter 9.000 Btus Frio LG LG Libero ArtCool 220V
			Igorando Pelo Filtro de Nome...
		Nome do Produto: Relógio Masculino Magnum Prata 50 ATM Analógico MA33835Q
			Igorando Pelo Filtro de Nome...
		Nome do Produto: Cooktop à Gás 5 Bocas Casa Vitra Excellence 5 Q Triplo – Animal Print Girafa
			Igorando Pelo Filtro de Nome...
		Nome do Produto: Cooktop à Gás 5 Bocas Casa Vitra Excellence Croma Vermelho 5 Q Triplo
			Igorando Pelo Filtro de Nome...
		Nome do Produto: Ar Condicionado Split Inverter 9.000 Btus Frio LG Libero E+ 220V
			Igorando Pelo Filtro de Nome...
		Nome do Produto: Projetor BenQ MX662 3500 Lúmens, XGA, USB, HDMI e 3D
			Igorando Pelo Filtro de Nome...
		Nome do Produto: Cooktop à Gás 5 Bocas Casa Vitra Excellence 5 Q Triplo – Animal Print Onça
			Igorando Pelo Filtro de Nome...
		Nome do Produto: Relógio Feminino Champion Passion Analógico Fashion Prata Calendário CH38397Q
			Igorando Pelo Filtro de Nome...
		Nome do Produto: Relógio Magnum Masculino Analógico Sports, Resistente a água 100m - MA33166Q
			Igorando Pelo Filtro de Nome...
		Nome do Produto: Maleta com Maquiagem Persona Pequena - Modelo Luxo
http://www.walmart.com.br//produto/Beleza-e-Saude/Necessaires-e-Maletas/Fenzza/2403331m-maleta_com_maquiagem_persona_pequena_modelo_luxo
		Acessando URL do produto.
		Nome do Produto: Relógio Feminino Champion Prata 5 Atm Analógico CH38271Q
			Igorando Pelo Filtro de Nome...
		Nome do Produto: Fogão Cooktop Fischer 4Q Gás Mesa Vidro Branco 1519-5902 - Bivolt
			Igorando Pelo Filtro de Nome...
	Tempo Para buscar: 2480

File copied from C:\java\rep\lookforprices\resources\imports\css.css to C:\java\rep\lookforprices\reports\2015-01-21 15\css.css
File copied from C:\java\rep\lookforprices\resources\imports\jquery.js to C:\java\rep\lookforprices\reports\2015-01-21 15\jquery.js
File copied from C:\java\rep\lookforprices\resources\imports\scripts.js to C:\java\rep\lookforprices\reports\2015-01-21 15\scripts.js
Tempo total de execução: 86611
