Game: Pokemon Rumble Blast
Loja: Nintendo eShop
	URL Principal: http://www.nintendo.com/3ds/eshop
	URL Busca: http://www.nintendo.com/json/content/get/game/filter?&&&&qterm=<BUSCA>
NintendoEShopSearch.search() http://www.nintendo.com/json/content/get/game/filter?&&&&qterm=Pokemon+Rumble+Blast
		Documento Lido
		Resultados: 1
		Nome do Produto: Pokémon Rumble Blast
			Igorando Pelo Filtro de Nome...
	Tempo Para buscar: 509
Loja: Americanas
	URL Principal: http://www.americanas.com.br/
	URL Busca: http://busca.americanas.com.br/busca.php?q=<BUSCA>
http://busca.americanas.com.br/busca.php?q=Pokemon+Rumble+Blast
		Documento Lido
		Resultados: 10
		Nome do Produto: Game - Pokémon Alpha Sapphire - 3DS
			Igorando Pelo Filtro de Nome...
		Nome do Produto: Kit Acessório Pokémon Bda-Stylus p/ Nintendo DS - Nintendo
			Igorando Pelo Filtro de Nome...
		Nome do Produto: Kit Acessório Pokémon Legendary p/ Nintendo DS - Nintendo
			Igorando Pelo Filtro de Nome...
		Nome do Produto: Game Pokémon Art Academy - 3DS
			Igorando Pelo Filtro de Nome...
		Nome do Produto: Livro - Japanese Animation: From Painted Scrolls to Pokémon
			Igorando Pelo Filtro de Nome...
		Nome do Produto: Kit Acessórios Nintendo Pokémon Universal Hard p/ Nintendo DS - Nintendo
			Igorando Pelo Filtro de Nome...
		Nome do Produto: Game Pokemon Pearl DS
			Igorando Pelo Filtro de Nome...
		Nome do Produto: Game Pokemon Mystery Dungeon Explores Darkness - DS
			Igorando Pelo Filtro de Nome...
		Nome do Produto: Pokémon Mystery Dungeon: Explorers of Time
			Igorando Pelo Filtro de Nome...
		Nome do Produto: Game - Pokémon Omega Ruby - 3DS
			Igorando Pelo Filtro de Nome...
	Tempo Para buscar: 1252
Loja: Big Boy Games
	URL Principal: http://www.bigboygames.com.br/
	URL Busca: http://www.bigboygames.com.br/pesquisa/?p=<BUSCA>
http://www.bigboygames.com.br/pesquisa/?p=Pokemon+Rumble+Blast
		Documento Lido
		Resultados*: 1
		Acessando URL do produto.
	Tempo Para buscar: 1081
Loja: Casas Bahia
	URL Principal: http://www.casasbahia.com.br/
	URL Busca: http://buscas.casasbahia.com.br/search?w=<BUSCA>
http://buscas.casasbahia.com.br/search?w=Pokemon+Rumble+Blast
		Documento Lido
		Resultados: 1
		Nome do Produto: Jogo Digimon All-Star Rumble - PS3
			Igorando Pelo Filtro de Nome...
		Nome do Produto: Jogo Digimon All-Star Rumble - Xbox 360
			Igorando Pelo Filtro de Nome...
		Nome do Produto: Game Worms Crazy Golf Fun Pack para Download - PC
			Igorando Pelo Filtro de Nome...
		Nome do Produto: Livro - Encontros Culturais: Portugal - Japão - Brasil - Americo Pellegrini Filho
			Igorando Pelo Filtro de Nome...
		Nome do Produto: Mini System LG CM4340 com CD, MP3 Optimizer, Dual USB, Auto DJ – 200 W
			Igorando Pelo Filtro de Nome...
		Nome do Produto: Mini System LG CM8440 com CD, MP3 EZ File, Dual USB, Conexão Bluetooth e NFC Função Auto DJ – 1800 W
			Igorando Pelo Filtro de Nome...
		Nome do Produto: Jogo Dragon Ball Raging Blast 2 - Xbox 360
			Igorando Pelo Filtro de Nome...
		Nome do Produto: Game Blaster Simulator para Download - PC
			Igorando Pelo Filtro de Nome...
		Nome do Produto: Placa Mãe Amd A85x Fm2 A85f2-A Golden Ecs
			Igorando Pelo Filtro de Nome...
		Nome do Produto: Blu-Ray - Coleção Mad Max - 3 Discos
			Igorando Pelo Filtro de Nome...
		Nome do Produto: Boneco Buzzlightyear Power Blaster Buzz
			Igorando Pelo Filtro de Nome...
		Nome do Produto: DVD - O Poder Do Soul
			Igorando Pelo Filtro de Nome...
		Nome do Produto: Blu-Ray - O Poder do Soul
			Igorando Pelo Filtro de Nome...
		Nome do Produto: Margarida Big Head M
			Igorando Pelo Filtro de Nome...
		Nome do Produto: Home Theater LG DH6230S 5.1 Canais com DVD Player, Karaokê, Entrada USB e Cabo HDMI – 1.000 W
			Igorando Pelo Filtro de Nome...
		Nome do Produto: Lançador de Dardos Hasbro Rebelle Blaster - Rosa
			Igorando Pelo Filtro de Nome...
		Nome do Produto: Lançador de Dardos Hasbro Rebelle Blaster - Azul
			Igorando Pelo Filtro de Nome...
		Nome do Produto: Lançador de Dardos Hasbro Rebelle Blaster - Roxo
			Igorando Pelo Filtro de Nome...
		Nome do Produto: Jogo Just Dance 3 – Wii
			Igorando Pelo Filtro de Nome...
		Nome do Produto: Mini System LG CM4440 com CD, MP3, Dual USB, Bluetooth, Auto DJ - 440 W
			Igorando Pelo Filtro de Nome...
	Tempo Para buscar: 1507
Loja: Extra
	URL Principal: http://www.extra.com.br/
	URL Busca: http://buscando.extra.com.br/search?w=<BUSCA>
http://buscando.extra.com.br/search?w=Pokemon+Rumble+Blast
		Documento Lido
		Resultados: 12
		Nome do Produto: Jogo Digimon All-Star Rumble - PS3
			Igorando Pelo Filtro de Nome...
		Nome do Produto: Jogo Digimon All-Star Rumble - Xbox 360
			Igorando Pelo Filtro de Nome...
		Nome do Produto: Ready 2 Rumble Revolution Wii
			Igorando Pelo Filtro de Nome...
		Nome do Produto: Cat Rumble Dump Truck - DTC
			Igorando Pelo Filtro de Nome...
		Nome do Produto: Jogo Rabbids Rumble - 3DS
			Igorando Pelo Filtro de Nome...
		Nome do Produto: Pedal De Efeito Rumble Drive Mooer
			Igorando Pelo Filtro de Nome...
		Nome do Produto: Boneco Pokemon Pop Battle Munna
			Igorando Pelo Filtro de Nome...
		Nome do Produto: Jogo Pokémon Conquest - NDS
			Igorando Pelo Filtro de Nome...
		Nome do Produto: Deck Esmagador Psíquico - Pokémon Black & White - Congelamento de Plasma - Copag
			Igorando Pelo Filtro de Nome...
		Nome do Produto: Starter Deck - Pokémon XY - Investida de Destruição - Copag
			Igorando Pelo Filtro de Nome...
		Nome do Produto: Deck Raio Congelante - Pokémon Black & White - Congelamento de Plasma - Copag
			Igorando Pelo Filtro de Nome...
		Nome do Produto: Starter Deck - Pokémon XY - Vida Resiliente - Copag
			Igorando Pelo Filtro de Nome...
	Tempo Para buscar: 1707
Loja: Fast Games
	URL Principal: http://www.fastgames.com.br/
	URL Busca: http://www.fastgames.com.br/loja/busca.php?loja=187970&palavra_busca=<BUSCA>
http://www.fastgames.com.br/loja/busca.php?loja=187970&palavra_busca=Pokemon+Rumble+Blast
		Documento Lido
		Resultados: 0
	Tempo Para buscar: 542
Loja: Fast Shop
	URL Principal: http://www.fastshop.com.br/loja/
	URL Busca: http://www.fastshop.com.br/webapp/wcs/stores/servlet/SearchDisplay?searchTerm=<BUSCA>&categoryId=&storeId=10151&catalogId=11052&langId=-6&pageSize=9&beginIndex=0&sType=SimpleSearch&resultCatEntryType=2&showResultsPage=true&searchSource=Q&pageView=&hotsite=fastshop
http://www.fastshop.com.br/webapp/wcs/stores/servlet/SearchDisplay?searchTerm=Pokemon+Rumble+Blast&categoryId=&storeId=10151&catalogId=11052&langId=-6&pageSize=9&beginIndex=0&sType=SimpleSearch&resultCatEntryType=2&showResultsPage=true&searchSource=Q&pageView=&hotsite=fastshop
		Documento Lido
		Resultados: 1
		Nome do Produto: 
			Igorando Pelo Filtro de Nome...
		Nome do Produto: 
			Igorando Pelo Filtro de Nome...
	Tempo Para buscar: 529
Loja: FNAC
	URL Principal: http://www.fnac.com.br/index.html
	URL Busca: http://busca.fnac.com.br/?busca=<BUSCA>
http://busca.fnac.com.br/?busca=Pokemon+Rumble+Blast
		Documento Lido
		Resultados: 4
		Nome do Produto: 3ds Pokemon X
			Igorando Pelo Filtro de Nome...
		Nome do Produto: 3ds Pokemon Y
			Igorando Pelo Filtro de Nome...
		Nome do Produto: 3ds Pokemon Alpha Sapphire
			Igorando Pelo Filtro de Nome...
		Nome do Produto: 3ds Pokemon Omega Ruby
			Igorando Pelo Filtro de Nome...
	Tempo Para buscar: 1369
Loja: Kabum
	URL Principal: http://www.kabum.com.br/
	URL Busca: http://www.kabum.com.br/cgi-local/site/listagem/listagem.cgi?string=<BUSCA>&btnG=
http://www.kabum.com.br/cgi-local/site/listagem/listagem.cgi?string=Pokemon+Rumble+Blast&btnG=
		Documento Lido
		Resultados: 0
	Tempo Para buscar: 452
Loja: Livraria Cultura
	URL Principal: http://www.livrariacultura.com.br/
	URL Busca: http://www.livrariacultura.com.br/busca?N=0&Ntt=<BUSCA>
http://www.livrariacultura.com.br/busca?N=0&Ntt=Pokemon+Rumble+Blast
		Documento Lido
		Resultados: 1
		Nome do Produto: POKEMON RUMBLE BLAST (3DS)
http://www.livrariacultura.com.br/p/pokemon-rumble-blast-3ds-29086057
		Acessando URL do produto.
	Tempo Para buscar: 1714
Loja: Magazine Luiza
	URL Principal: http://www.magazineluiza.com.br/
	URL Busca: http://www.magazineluiza.com.br/busca/<BUSCA>/
http://www.magazineluiza.com.br/busca/Pokemon+Rumble+Blast/
		Documento Lido
		Resultados: 8
		Nome do Produto: Pokemon Y para Nintendo 3DS - Nintendo
			Igorando Pelo Filtro de Nome...
		Nome do Produto: Pokemon X para Nintendo 3DS - Nintendo
			Igorando Pelo Filtro de Nome...
		Nome do Produto: Pokémon Alpha Sapphire para Nintendo 3DS - Nintendo
			Igorando Pelo Filtro de Nome...
		Nome do Produto: Pokémon Omega Ruby para Nintendo 3DS - Nintendo
			Igorando Pelo Filtro de Nome...
		Nome do Produto: Pokémon Art Academy para Nintendo 3DS - Nintendo
			Igorando Pelo Filtro de Nome...
		Nome do Produto: Dragon Ball Z Raging Blast 2 para Xbox 360 - Bandai
			Igorando Pelo Filtro de Nome...
		Nome do Produto: Hot Wheels Caminhão Transportador - Rumble Dog - 1:64 - Mattel
			Igorando Pelo Filtro de Nome...
		Nome do Produto: Hot Wheels Caminhão Transportador - Redeco Rumble - Mattel
			Igorando Pelo Filtro de Nome...
	Tempo Para buscar: 281
Loja: Mula Games
	URL Principal: http://www.mulagames.com.br/
	URL Busca: http://www.mulagames.com.br/produtos-index/catalogo_produtos/-/-/<BUSCA>/-/-/-/-/-/
http://www.mulagames.com.br/produtos-index/catalogo_produtos/-/-/Pokemon%20Rumble%20Blast/-/-/-/-/-/
		Documento Lido
		Resultados: 1
		Nome do Produto: Pokémon Rumble Blast - 3DS
			Igorando Pelo Filtro de Nome...
	Tempo Para buscar: 3891
Loja: Net Shoes
	URL Principal: http://www.netshoes.com.br/
	URL Busca: http://www.netshoes.com.br/search?Ntt=<BUSCA>
http://www.netshoes.com.br/search?Ntt=Pokemon+Rumble+Blast
		Documento Lido
		Resultados: 2
		Nome do Produto: Tênis Reebok The Blast
			Igorando Pelo Filtro de Nome...
		Nome do Produto: Óculos Speedo Blast
			Igorando Pelo Filtro de Nome...
	Tempo Para buscar: 133
Loja: Ponto Frio
	URL Principal: http://www.pontofrio.com.br/
	URL Busca: http://search.pontofrio.com.br/search?w=<BUSCA>
http://search.pontofrio.com.br/search?w=Pokemon+Rumble+Blast
		Documento Lido
		Resultados: 1
		Nome do Produto: DVD - Stray Cats: Rumble in Brixton - Importado
			Igorando Pelo Filtro de Nome...
		Nome do Produto: Jogo Digimon All-Star Rumble - PS3
			Igorando Pelo Filtro de Nome...
		Nome do Produto: Jogo Digimon All-Star Rumble - Xbox 360
			Igorando Pelo Filtro de Nome...
		Nome do Produto: DVD + CD - Meshuggah: Alive - Importado
			Igorando Pelo Filtro de Nome...
		Nome do Produto: Jogo Poképark 2: Wonders Beyond - Wii
			Igorando Pelo Filtro de Nome...
		Nome do Produto: Blast Combat Pre Workout Body Nutry Frutas Vermelhas - 300g
			Igorando Pelo Filtro de Nome...
		Nome do Produto: Game Worms Crazy Golf Fun Pack para Download - PC
			Igorando Pelo Filtro de Nome...
		Nome do Produto: Livro - Nana - Volume 8 - Ai Yazawa
			Igorando Pelo Filtro de Nome...
		Nome do Produto: Livro - Encontros Culturais: Portugal - Japão - Brasil - Americo Pellegrini Filho
			Igorando Pelo Filtro de Nome...
		Nome do Produto: DVD - Pokémon 6: Jirachi - Realizador de Desejos
			Igorando Pelo Filtro de Nome...
		Nome do Produto: Mini System LG CM4330 com MP3, Dual USB e Auto DJ – 180 W
			Igorando Pelo Filtro de Nome...
		Nome do Produto: Home Theater LG DH6230S 5.1 Canais com DVD Player, Karaokê, Entrada USB e Cabo HDMI – 1.000 W
			Igorando Pelo Filtro de Nome...
		Nome do Produto: Mini System LG CM4340 com CD, MP3 Optimizer, Dual USB, Auto DJ – 200 W
			Igorando Pelo Filtro de Nome...
		Nome do Produto: Mini System LG CM4440 com CD, MP3, Dual USB, Bluetooth, Auto DJ - 440 W
			Igorando Pelo Filtro de Nome...
		Nome do Produto: Mini System LG CM8440 com CD, MP3 EZ File, Dual USB, Conexão Bluetooth e NFC Função Auto DJ – 1800 W
			Igorando Pelo Filtro de Nome...
		Nome do Produto: Jogo Dragon Ball Raging Blast 2 - Xbox 360
			Igorando Pelo Filtro de Nome...
		Nome do Produto: Game Blaster Simulator para Download - PC
			Igorando Pelo Filtro de Nome...
		Nome do Produto: Placa Mãe Amd A85x Fm2 A85f2-A Golden Ecs
			Igorando Pelo Filtro de Nome...
		Nome do Produto: Mini System Samsung MX-F630/ZD com MP3, Karaokê, Entrada USB e Ripping – 190 W
			Igorando Pelo Filtro de Nome...
		Nome do Produto: Mini System Samsung MX-F730/ZD com MP3, Karaokê, Entrada USB e Controle Remoto - 420W
			Igorando Pelo Filtro de Nome...
		Nome do Produto: DVD - Stray Cats: Rumble in Brixton - Importado
			Igorando Pelo Filtro de Nome...
		Nome do Produto: Jogo Digimon All-Star Rumble - PS3
			Igorando Pelo Filtro de Nome...
		Nome do Produto: Jogo Digimon All-Star Rumble - Xbox 360
			Igorando Pelo Filtro de Nome...
		Nome do Produto: DVD + CD - Meshuggah: Alive - Importado
			Igorando Pelo Filtro de Nome...
		Nome do Produto: Jogo Poképark 2: Wonders Beyond - Wii
			Igorando Pelo Filtro de Nome...
		Nome do Produto: Blast Combat Pre Workout Body Nutry Frutas Vermelhas - 300g
			Igorando Pelo Filtro de Nome...
		Nome do Produto: Game Worms Crazy Golf Fun Pack para Download - PC
			Igorando Pelo Filtro de Nome...
		Nome do Produto: Livro - Nana - Volume 8 - Ai Yazawa
			Igorando Pelo Filtro de Nome...
		Nome do Produto: Livro - Encontros Culturais: Portugal - Japão - Brasil - Americo Pellegrini Filho
			Igorando Pelo Filtro de Nome...
		Nome do Produto: DVD - Pokémon 6: Jirachi - Realizador de Desejos
			Igorando Pelo Filtro de Nome...
		Nome do Produto: Mini System LG CM4330 com MP3, Dual USB e Auto DJ – 180 W
			Igorando Pelo Filtro de Nome...
		Nome do Produto: Home Theater LG DH6230S 5.1 Canais com DVD Player, Karaokê, Entrada USB e Cabo HDMI – 1.000 W
			Igorando Pelo Filtro de Nome...
		Nome do Produto: Mini System LG CM4340 com CD, MP3 Optimizer, Dual USB, Auto DJ – 200 W
			Igorando Pelo Filtro de Nome...
		Nome do Produto: Mini System LG CM4440 com CD, MP3, Dual USB, Bluetooth, Auto DJ - 440 W
			Igorando Pelo Filtro de Nome...
		Nome do Produto: Mini System LG CM8440 com CD, MP3 EZ File, Dual USB, Conexão Bluetooth e NFC Função Auto DJ – 1800 W
			Igorando Pelo Filtro de Nome...
		Nome do Produto: Jogo Dragon Ball Raging Blast 2 - Xbox 360
			Igorando Pelo Filtro de Nome...
		Nome do Produto: Game Blaster Simulator para Download - PC
			Igorando Pelo Filtro de Nome...
		Nome do Produto: Placa Mãe Amd A85x Fm2 A85f2-A Golden Ecs
			Igorando Pelo Filtro de Nome...
		Nome do Produto: Mini System Samsung MX-F630/ZD com MP3, Karaokê, Entrada USB e Ripping – 190 W
			Igorando Pelo Filtro de Nome...
		Nome do Produto: Mini System Samsung MX-F730/ZD com MP3, Karaokê, Entrada USB e Controle Remoto - 420W
			Igorando Pelo Filtro de Nome...
	Tempo Para buscar: 935
Loja: Ricardo Eletro
	URL Principal: http://www.ricardoeletro.com.br/
	URL Busca: http://www.ricardoeletro.com.br/Busca/Resultado/?q=<BUSCA>
http://www.ricardoeletro.com.br/Busca/Resultado/?q=Pokemon+Rumble+Blast
		Documento Lido
		Resultados: 2
		Nome do Produto: Jogo Pokémon: Alpha Sapphire para Nintendo 3DS (N3DS)
			Igorando Pelo Filtro de Nome...
		Nome do Produto: Jogo Pokémon: Omega Ruby para Nintendo 3DS (N3DS)
			Igorando Pelo Filtro de Nome...
	Tempo Para buscar: 443
Loja: RiHappy
	URL Principal: http://www.rihappy.com.br/
	URL Busca: http://www.rihappy.com.br/<BUSCA>
http://www.rihappy.com.br/Pokemon%20Rumble%20Blast
		Documento Lido
		Resultados: 18
		Nome do Produto: Expansão de Cartas - Pokémon XY - Blastoise - Copag - Jogos de Cartas
			Igorando Pelo Filtro de Nome...
		Nome do Produto: Caminhão Transportador Hot Wheels - Rumble Road - Mattel - Carrinhos
			Igorando Pelo Filtro de Nome...
		Nome do Produto: Cat Caterpillar Rumble and Dump Truck - DTC - Carrinhos
			Igorando Pelo Filtro de Nome...
		Nome do Produto: Box Collection Deoxys Pokémon - Copag - Jogos de Cartas
			Igorando Pelo Filtro de Nome...
		Nome do Produto: Moto de Asalto Capitão América - Blast n Go - Hasbro - Aviões e Motos
			Igorando Pelo Filtro de Nome...
		Nome do Produto: Starter Deck - Pokémon XY - Vida Resiliente - Copag - Jogos de Cartas
			Igorando Pelo Filtro de Nome...
		Nome do Produto: Expansão de Cartas - Pokémon XY - Yveltal - Copag - Jogos de Cartas
			Igorando Pelo Filtro de Nome...
		Nome do Produto: Expansão de Cartas - Pokémon XY - Venusaur - Copag - Jogos de Cartas
			Igorando Pelo Filtro de Nome...
		Nome do Produto: Expansão de Cartas - Pokémon XY - Xerneas - Copag - Jogos de Cartas
			Igorando Pelo Filtro de Nome...
		Nome do Produto: Jogo Nintendo 3DS - Pokémon Omega Ruby - Jogos
			Igorando Pelo Filtro de Nome...
		Nome do Produto: Triple Pack - Pokémon XY - Gallade - Copag - Jogos de Cartas
			Igorando Pelo Filtro de Nome...
		Nome do Produto: Triple Pack - Pokémon XY - Gyarados - Copag - Jogos de Cartas
			Igorando Pelo Filtro de Nome...
		Nome do Produto: Boneco Ultimate Spider Man - Slingshot Blast Spider-Man - 15cm - Hasbro - Bonecos de Ação
			Igorando Pelo Filtro de Nome...
		Nome do Produto: Starter Deck - Pokémon XY - Investida de Destruição - Copag - Jogos de Cartas
			Igorando Pelo Filtro de Nome...
		Nome do Produto: Deck Raio Congelante - Pokémon Black & White - Congelamento de Plasma - Copag - Jogos de Cartas
			Igorando Pelo Filtro de Nome...
		Nome do Produto: Deck Esmagador Psíquico - Pokémon Black & White - Congelamento de Plasma - Copag - Jogos de Cartas
			Igorando Pelo Filtro de Nome...
		Nome do Produto: Deck Ataque Solar - Pokémon Black e White - Explosão de Plasma - Copag - Jogos de Cartas
			Igorando Pelo Filtro de Nome...
		Nome do Produto: Deck Limpeza da Mente - Pokémon Black e White - Explosão de Plasma - Copag - Jogos de Cartas
			Igorando Pelo Filtro de Nome...
	Tempo Para buscar: 1093
Loja: Saraiva
	URL Principal: http://www.saraiva.com.br/
	URL Busca: http://busca.saraiva.com.br/search?w=<BUSCA>&PAC_ID=129457&ts=ajax
http://busca.saraiva.com.br/search?w=Pokemon+Rumble+Blast&PAC_ID=129457&ts=ajax
		Documento Lido
		Resultados: 2
		Nome do Produto: Pokemon X - 3ds
			Igorando Pelo Filtro de Nome...
		Nome do Produto: Pokemon Y - 3ds
			Igorando Pelo Filtro de Nome...
	Tempo Para buscar: 867
Loja: Shop Facil
	URL Principal: http://ww2.shopfacil.com.br/
	URL Busca: http://ww2.shopfacil.com.br/<BUSCA>
http://ww2.shopfacil.com.br/Pokemon%20Rumble%20Blast
		Documento Lido
		Resultados: 15
		Nome do Produto: Expansão de Cartas - Pokémon XY - Blastoise - Copag
			Igorando Pelo Filtro de Nome...
		Nome do Produto: Cat Caterpillar Rumble and Dump Truck - DTC
			Igorando Pelo Filtro de Nome...
		Nome do Produto: Caminhão Transportador Hot Wheels - Rumble Road - Mattel
			Igorando Pelo Filtro de Nome...
		Nome do Produto: Raquete Drop Shot Blast 49
			Igorando Pelo Filtro de Nome...
		Nome do Produto: Stone Blast Eau de Toilette Paris Paris Bleu - Perfume Masculino
			Igorando Pelo Filtro de Nome...
		Nome do Produto: Corda Babolat RPM Blast 125 - Preto
			Igorando Pelo Filtro de Nome...
		Nome do Produto: Boneco Spider Man Hasbro Slingshot Blast
			Igorando Pelo Filtro de Nome...
		Nome do Produto: Box Collection Deoxys Pokémon - Copag
			Igorando Pelo Filtro de Nome...
		Nome do Produto: Moto de Asalto Capitão América - Blast n Go - Hasbro
			Igorando Pelo Filtro de Nome...
		Nome do Produto: Boneco Capitão América com Moto Hasbro Blast Go
			Igorando Pelo Filtro de Nome...
		Nome do Produto: Jogo Dragon Ball Raging Blast 2 - Xbox 360
			Igorando Pelo Filtro de Nome...
		Nome do Produto: Acessórios Pista Hot Wheels Mattel Triple Blast Alley
			Igorando Pelo Filtro de Nome...
		Nome do Produto: Jogo Nintendo 3DS - Pokémon Omega Ruby
			Igorando Pelo Filtro de Nome...
		Nome do Produto: Jogo Nintendo 3DS Pokémon X
			Igorando Pelo Filtro de Nome...
		Nome do Produto: Expansão de Cartas - Pokémon XY - Venusaur - Copag
			Igorando Pelo Filtro de Nome...
	Tempo Para buscar: 1477
Loja: Shop Time
	URL Principal: http://www.shoptime.com.br/
	URL Busca: http://busca.shoptime.com.br/busca.php?q=<BUSCA>
http://busca.shoptime.com.br/busca.php?q=Pokemon+Rumble+Blast
		Documento Lido
		Resultados: 9
		Nome do Produto: Game - Pokémon Alpha Sapphire - 3DS Game - Pokémon Omega Ruby - 3DS Kit Acessório Pokémon Legendary p/ Nintendo DS - Nintendo Kit Acessório Pokémon Bda-Stylus p/ Nintendo DS - Nintendo Game Pokémon Art Academy - 3DS Kit Acessórios Nintendo Pokémon Universal Hard p/ Nintendo DS - Nintendo Game Pokemon Pearl DS Game Pokemon Mystery Dungeon Explores Darkness - DS Pokémon Mystery Dungeon: Explorers of Time
			Igorando Pelo Filtro de Nome...
		Nome do Produto: Game - Pokémon Alpha Sapphire - 3DS Game - Pokémon Omega Ruby - 3DS Kit Acessório Pokémon Legendary p/ Nintendo DS - Nintendo Kit Acessório Pokémon Bda-Stylus p/ Nintendo DS - Nintendo Game Pokémon Art Academy - 3DS Kit Acessórios Nintendo Pokémon Universal Hard p/ Nintendo DS - Nintendo Game Pokemon Pearl DS Game Pokemon Mystery Dungeon Explores Darkness - DS Pokémon Mystery Dungeon: Explorers of Time
			Igorando Pelo Filtro de Nome...
		Nome do Produto: Game - Pokémon Alpha Sapphire - 3DS Game - Pokémon Omega Ruby - 3DS Kit Acessório Pokémon Legendary p/ Nintendo DS - Nintendo Kit Acessório Pokémon Bda-Stylus p/ Nintendo DS - Nintendo Game Pokémon Art Academy - 3DS Kit Acessórios Nintendo Pokémon Universal Hard p/ Nintendo DS - Nintendo Game Pokemon Pearl DS Game Pokemon Mystery Dungeon Explores Darkness - DS Pokémon Mystery Dungeon: Explorers of Time
			Igorando Pelo Filtro de Nome...
		Nome do Produto: Game - Pokémon Alpha Sapphire - 3DS Game - Pokémon Omega Ruby - 3DS Kit Acessório Pokémon Legendary p/ Nintendo DS - Nintendo Kit Acessório Pokémon Bda-Stylus p/ Nintendo DS - Nintendo Game Pokémon Art Academy - 3DS Kit Acessórios Nintendo Pokémon Universal Hard p/ Nintendo DS - Nintendo Game Pokemon Pearl DS Game Pokemon Mystery Dungeon Explores Darkness - DS Pokémon Mystery Dungeon: Explorers of Time
			Igorando Pelo Filtro de Nome...
		Nome do Produto: Game - Pokémon Alpha Sapphire - 3DS Game - Pokémon Omega Ruby - 3DS Kit Acessório Pokémon Legendary p/ Nintendo DS - Nintendo Kit Acessório Pokémon Bda-Stylus p/ Nintendo DS - Nintendo Game Pokémon Art Academy - 3DS Kit Acessórios Nintendo Pokémon Universal Hard p/ Nintendo DS - Nintendo Game Pokemon Pearl DS Game Pokemon Mystery Dungeon Explores Darkness - DS Pokémon Mystery Dungeon: Explorers of Time
			Igorando Pelo Filtro de Nome...
		Nome do Produto: Game - Pokémon Alpha Sapphire - 3DS Game - Pokémon Omega Ruby - 3DS Kit Acessório Pokémon Legendary p/ Nintendo DS - Nintendo Kit Acessório Pokémon Bda-Stylus p/ Nintendo DS - Nintendo Game Pokémon Art Academy - 3DS Kit Acessórios Nintendo Pokémon Universal Hard p/ Nintendo DS - Nintendo Game Pokemon Pearl DS Game Pokemon Mystery Dungeon Explores Darkness - DS Pokémon Mystery Dungeon: Explorers of Time
			Igorando Pelo Filtro de Nome...
		Nome do Produto: Game - Pokémon Alpha Sapphire - 3DS Game - Pokémon Omega Ruby - 3DS Kit Acessório Pokémon Legendary p/ Nintendo DS - Nintendo Kit Acessório Pokémon Bda-Stylus p/ Nintendo DS - Nintendo Game Pokémon Art Academy - 3DS Kit Acessórios Nintendo Pokémon Universal Hard p/ Nintendo DS - Nintendo Game Pokemon Pearl DS Game Pokemon Mystery Dungeon Explores Darkness - DS Pokémon Mystery Dungeon: Explorers of Time
			Igorando Pelo Filtro de Nome...
		Nome do Produto: Game - Pokémon Alpha Sapphire - 3DS Game - Pokémon Omega Ruby - 3DS Kit Acessório Pokémon Legendary p/ Nintendo DS - Nintendo Kit Acessório Pokémon Bda-Stylus p/ Nintendo DS - Nintendo Game Pokémon Art Academy - 3DS Kit Acessórios Nintendo Pokémon Universal Hard p/ Nintendo DS - Nintendo Game Pokemon Pearl DS Game Pokemon Mystery Dungeon Explores Darkness - DS Pokémon Mystery Dungeon: Explorers of Time
			Igorando Pelo Filtro de Nome...
		Nome do Produto: Game - Pokémon Alpha Sapphire - 3DS Game - Pokémon Omega Ruby - 3DS Kit Acessório Pokémon Legendary p/ Nintendo DS - Nintendo Kit Acessório Pokémon Bda-Stylus p/ Nintendo DS - Nintendo Game Pokémon Art Academy - 3DS Kit Acessórios Nintendo Pokémon Universal Hard p/ Nintendo DS - Nintendo Game Pokemon Pearl DS Game Pokemon Mystery Dungeon Explores Darkness - DS Pokémon Mystery Dungeon: Explorers of Time
			Igorando Pelo Filtro de Nome...
	Tempo Para buscar: 1073
Loja: ShopB
	URL Principal: http://www.shopb.com.br/
	URL Busca: http://busca.shopb.com.br/?busca=<BUSCA>
http://busca.shopb.com.br/?busca=Pokemon+Rumble+Blast
		Documento Lido
		Resultados: 18
		Nome do Produto: Batman Arkham Origins: BlackGate - 3DS
			Igorando Pelo Filtro de Nome...
		Nome do Produto: Batman Arkham Origins: BlackGate - PS Vita
			Igorando Pelo Filtro de Nome...
		Nome do Produto: Blaster Combo Pack - PS3
			Igorando Pelo Filtro de Nome...
		Nome do Produto: Blaster Shooter - PS3
			Igorando Pelo Filtro de Nome...
		Nome do Produto: Digimon: All-Star Rumble - PS3
			Igorando Pelo Filtro de Nome...
		Nome do Produto: Digimon: All-Star Rumble - XBOX 360
			Igorando Pelo Filtro de Nome...
		Nome do Produto: Dragon Ball: Raging Blast - PS3
			Igorando Pelo Filtro de Nome...
		Nome do Produto: Dragon Ball: Raging Blast - XBOX 360
			Igorando Pelo Filtro de Nome...
		Nome do Produto: Dragon Ball: Raging Blast 2 - PS3
			Igorando Pelo Filtro de Nome...
		Nome do Produto: Motion Blaster - PS3
			Igorando Pelo Filtro de Nome...
		Nome do Produto: Pokemon Alpha Sapphire - 3DS
			Igorando Pelo Filtro de Nome...
		Nome do Produto: Pokemon Art Academy - 3DS
			Igorando Pelo Filtro de Nome...
		Nome do Produto: Pokemon Omega Ruby - 3DS
			Igorando Pelo Filtro de Nome...
		Nome do Produto: Pokemon X - 3DS
			Igorando Pelo Filtro de Nome...
		Nome do Produto: Pokemon Y - 3DS
			Igorando Pelo Filtro de Nome...
		Nome do Produto: Dragon Ball: Raging Blast 2 - XBOX 360
			Igorando Pelo Filtro de Nome...
		Nome do Produto: Pikmin 3 - Wii U
			Igorando Pelo Filtro de Nome...
		Nome do Produto: Pokemon Mystery Dungeon: Gates to Infinity - 3DS
			Igorando Pelo Filtro de Nome...
	Tempo Para buscar: 785
Loja: Submarino
	URL Principal: http://www.submarino.com.br/
	URL Busca: http://busca.submarino.com.br/busca.php?q=<BUSCA>
http://busca.submarino.com.br/busca.php?q=Pokemon+Rumble+Blast
		Documento Lido
		Resultados: 10
		Nome do Produto: Game - Pokémon Alpha Sapphire - 3DS
			Igorando Pelo Filtro de Nome...
		Nome do Produto: Kit Acessórios Nintendo Pokémon Universal Hard p/ Nintendo DS - Nintendo
			Igorando Pelo Filtro de Nome...
		Nome do Produto: Kit Acessório Pokémon Legendary p/ Nintendo DS - Nintendo
			Igorando Pelo Filtro de Nome...
		Nome do Produto: Game Pokémon Art Academy - 3DS
			Igorando Pelo Filtro de Nome...
		Nome do Produto: Kit Acessório Pokémon Bda-Stylus p/ Nintendo DS - Nintendo
			Igorando Pelo Filtro de Nome...
		Nome do Produto: Livro - Japanese Animation: From Painted Scrolls to Pokémon
			Igorando Pelo Filtro de Nome...
		Nome do Produto: Game Pokemon Pearl DS
			Igorando Pelo Filtro de Nome...
		Nome do Produto: Game Pokemon Mystery Dungeon Explores Darkness - DS
			Igorando Pelo Filtro de Nome...
		Nome do Produto: Pokémon Mystery Dungeon: Explorers of Time
			Igorando Pelo Filtro de Nome...
		Nome do Produto: Game - Pokémon Omega Ruby - 3DS
			Igorando Pelo Filtro de Nome...
	Tempo Para buscar: 1087
Loja: Walmart
	URL Principal: http://www.walmart.com.br/
	URL Busca: http://www.walmart.com.br/busca/?ft=<BUSCA>&PS=20
http://www.walmart.com.br/busca/?ft=Pokemon+Rumble+Blast&PS=20
		Documento Lido
		Resultados: 20
		Nome do Produto: Jogo Pokemon Omega Ruby para Nintendo 3DS
			Igorando Pelo Filtro de Nome...
		Nome do Produto: Jogo Pokemon Alpha Sapphire para Nintendo 3DS
			Igorando Pelo Filtro de Nome...
		Nome do Produto: Jogo Nintendo 3DS Pokémon X
			Igorando Pelo Filtro de Nome...
		Nome do Produto: Rabbids Rumble N3DS
			Igorando Pelo Filtro de Nome...
		Nome do Produto: Cat Rumble Dump Truck - Caminhao
			Igorando Pelo Filtro de Nome...
		Nome do Produto: Ready 2 Rumble Revolution Wii
			Igorando Pelo Filtro de Nome...
		Nome do Produto: Pokemon
			Igorando Pelo Filtro de Nome...
		Nome do Produto: Super Pokémon Pop-up - White Kyurem
			Igorando Pelo Filtro de Nome...
		Nome do Produto: Liquid L-Carnitine - Allmax Nutrition - Wildberry Blast
			Igorando Pelo Filtro de Nome...
		Nome do Produto: Jogo Pokémon Art Academy para Nintendo 3DS
			Igorando Pelo Filtro de Nome...
		Nome do Produto: Let's Find Pokemon! Firered Leafgreen
			Igorando Pelo Filtro de Nome...
		Nome do Produto: Pokémon Mini-sticker Book - Black Edition
			Igorando Pelo Filtro de Nome...
		Nome do Produto: Catch Snivy! a Pokémon Look & Listen Set
			Igorando Pelo Filtro de Nome...
		Nome do Produto: School Rumble 12
			Igorando Pelo Filtro de Nome...
		Nome do Produto: Rumble Fish
			Igorando Pelo Filtro de Nome...
		Nome do Produto: Rumble Meets Eli Elephant
			Igorando Pelo Filtro de Nome...
		Nome do Produto: Rumble Meets Harry Hippo
			Igorando Pelo Filtro de Nome...
		Nome do Produto: Rumble Meets Penny Panther
			Igorando Pelo Filtro de Nome...
		Nome do Produto: Rumble Meets Randy Rabbit
			Igorando Pelo Filtro de Nome...
		Nome do Produto: Rumble Meets Shelby Spider
			Igorando Pelo Filtro de Nome...
	Tempo Para buscar: 1604

File copied from C:\java\rep\lookforprices\resources\imports\css.css to C:\java\rep\lookforprices\reports\2015-01-21 15\css.css
File copied from C:\java\rep\lookforprices\resources\imports\jquery.js to C:\java\rep\lookforprices\reports\2015-01-21 15\jquery.js
File copied from C:\java\rep\lookforprices\resources\imports\scripts.js to C:\java\rep\lookforprices\reports\2015-01-21 15\scripts.js
Tempo total de execução: 24344
