Game: Pokemon Mystery Dungeon
Loja: Nintendo eShop
	URL Principal: http://www.nintendo.com/3ds/eshop
	URL Busca: http://www.nintendo.com/json/content/get/game/filter?&&&&qterm=<BUSCA>
NintendoEShopSearch.search() http://www.nintendo.com/json/content/get/game/filter?&&&&qterm=Pokemon+Mystery+Dungeon
		Documento Lido
		Resultados: 5
		Nome do Produto: Pokémon Mystery Dungeon: Gates to Infinity
			Igorando Pelo Filtro de Nome...
		Nome do Produto: Pokémon Mystery Dungeon: Explorers of Sky
			Igorando Pelo Filtro de Nome...
		Nome do Produto: Pokémon Mystery Dungeon: Explorers of Darkness
			Igorando Pelo Filtro de Nome...
		Nome do Produto: Pokémon Mystery Dungeon: Explorers of Time
			Igorando Pelo Filtro de Nome...
		Nome do Produto: Pokémon Mystery Dungeon: Blue Rescue Team
			Igorando Pelo Filtro de Nome...
	Tempo Para buscar: 501
Loja: Americanas
	URL Principal: http://www.americanas.com.br/
	URL Busca: http://busca.americanas.com.br/busca.php?q=<BUSCA>
http://busca.americanas.com.br/busca.php?q=Pokemon+Mystery+Dungeon
		Documento Lido
		Resultados: 2
		Nome do Produto: Game Pokemon Mystery Dungeon Explores Darkness - DS
http://busca.americanas.com.br/produto.php?link=http://www.americanas.com.br/produto/6741592/game-pokemon-mystery-dungeon-explores-darkness-ds&ranking=1&sessao=U09G7XVB434S7&idbusca=d8d7c00f5b1d2fe70fe541a612472a4b5a60ed37&idproduto=6741592
		Acessando URL do produto.
		Nome do Produto: Pokémon Mystery Dungeon: Explorers of Time
			Igorando Pelo Filtro de Nome...
	Tempo Para buscar: 2645
Loja: Big Boy Games
	URL Principal: http://www.bigboygames.com.br/
	URL Busca: http://www.bigboygames.com.br/pesquisa/?p=<BUSCA>
http://www.bigboygames.com.br/pesquisa/?p=Pokemon+Mystery+Dungeon
		Documento Lido
		Resultados: 2
		Nome do Produto: Pokemon Mystery Dungeon Gates to Infinity
http://www.bigboygames.com.br/pokemon-mystery-dungeon-gates-to-infinity-p4970/
		Acessando URL do produto.
		Nome do Produto: DS - Pokemon Mystery Dungeon Explorers of Darkness
http://www.bigboygames.com.br/ds-pokemon-mystery-dungeon-explorers-of-darkness-p83/
		Acessando URL do produto.
	Tempo Para buscar: 6840
Loja: Casas Bahia
	URL Principal: http://www.casasbahia.com.br/
	URL Busca: http://buscas.casasbahia.com.br/search?w=<BUSCA>
http://buscas.casasbahia.com.br/search?w=Pokemon+Mystery+Dungeon
		Documento Lido
		Resultados: 1
		Nome do Produto: Game Dungeons Gold Edition para Download - PC
			Igorando Pelo Filtro de Nome...
		Nome do Produto: Game Dungeon Lords MMXXII para Download - PC
			Igorando Pelo Filtro de Nome...
		Nome do Produto: Livro - Encontros Culturais: Portugal - Japão - Brasil - Americo Pellegrini Filho
			Igorando Pelo Filtro de Nome...
		Nome do Produto: Agatha Christie, Woman of Mystery - Level 2
			Igorando Pelo Filtro de Nome...
		Nome do Produto: The Murders in the Rue Morgue - Level 2
			Igorando Pelo Filtro de Nome...
		Nome do Produto: Game Dungeonland para Download - PC
			Igorando Pelo Filtro de Nome...
		Nome do Produto: Games Night at the Grindhouse: Dungeonland + The Showdown Effect para Download - PC e Mac
			Igorando Pelo Filtro de Nome...
		Nome do Produto: Game Dungeon Dashers para Download - PC
			Igorando Pelo Filtro de Nome...
		Nome do Produto: Game Dungeons: The Dark Lord para Download - PC
			Igorando Pelo Filtro de Nome...
		Nome do Produto: Game Dungeon Siege III: Treasures of the Sun DLC para Download - PC
			Igorando Pelo Filtro de Nome...
		Nome do Produto: Game Dungeon Siege III para Download - PC
			Igorando Pelo Filtro de Nome...
		Nome do Produto: Livro - Dungeon Siege - Doug Radcliffe
			Igorando Pelo Filtro de Nome...
		Nome do Produto: Jogo Dungeon Siege II para Download - PC
			Igorando Pelo Filtro de Nome...
		Nome do Produto: Game Dungeon Hearts para Download - PC
			Igorando Pelo Filtro de Nome...
		Nome do Produto: Game Heavy Bullets para Download - PC
			Igorando Pelo Filtro de Nome...
		Nome do Produto: Livro - Helbling Readers - Twins: Elementary - With CD - Janet Olearski
			Igorando Pelo Filtro de Nome...
		Nome do Produto: Snake Detective - Level 7 - B2 - American English
			Igorando Pelo Filtro de Nome...
		Nome do Produto: Snake Detective - Level 7 - B2 - British English
			Igorando Pelo Filtro de Nome...
		Nome do Produto: Death in the Dojo
			Igorando Pelo Filtro de Nome...
		Nome do Produto: Summertown Readers - Awayday - Upper Intermediate - witch MP3-Áudio
			Igorando Pelo Filtro de Nome...
	Tempo Para buscar: 968
Loja: Extra
	URL Principal: http://www.extra.com.br/
	URL Busca: http://buscando.extra.com.br/search?w=<BUSCA>
http://buscando.extra.com.br/search?w=Pokemon+Mystery+Dungeon
		Documento Lido
		Resultados: 12
		Nome do Produto: Boneco Pokemon Pop Battle Munna
			Igorando Pelo Filtro de Nome...
		Nome do Produto: Jogo Pokémon Conquest - NDS
			Igorando Pelo Filtro de Nome...
		Nome do Produto: Deck Esmagador Psíquico - Pokémon Black & White - Congelamento de Plasma - Copag
			Igorando Pelo Filtro de Nome...
		Nome do Produto: Starter Deck - Pokémon XY - Investida de Destruição - Copag
			Igorando Pelo Filtro de Nome...
		Nome do Produto: Deck Raio Congelante - Pokémon Black & White - Congelamento de Plasma - Copag
			Igorando Pelo Filtro de Nome...
		Nome do Produto: Starter Deck - Pokémon XY - Vida Resiliente - Copag
			Igorando Pelo Filtro de Nome...
		Nome do Produto: Triple Pack - Pokémon XY - Gallade - Copag
			Igorando Pelo Filtro de Nome...
		Nome do Produto: Triple Pack - Pokémon XY - Gyarados - Copag
			Igorando Pelo Filtro de Nome...
		Nome do Produto: Final Fantasy Fables Chocobos Dungeon Wii
			Igorando Pelo Filtro de Nome...
		Nome do Produto: Boneco Pokemon Munna
			Igorando Pelo Filtro de Nome...
		Nome do Produto: Game Dungeons Gold Edition para Download - PC
			Igorando Pelo Filtro de Nome...
		Nome do Produto: Game Dungeon Lords MMXXII para Download - PC
			Igorando Pelo Filtro de Nome...
	Tempo Para buscar: 1401
Loja: Fast Games
	URL Principal: http://www.fastgames.com.br/
	URL Busca: http://www.fastgames.com.br/loja/busca.php?loja=187970&palavra_busca=<BUSCA>
http://www.fastgames.com.br/loja/busca.php?loja=187970&palavra_busca=Pokemon+Mystery+Dungeon
		Documento Lido
		Resultados: 0
	Tempo Para buscar: 477
Loja: Fast Shop
	URL Principal: http://www.fastshop.com.br/loja/
	URL Busca: http://www.fastshop.com.br/webapp/wcs/stores/servlet/SearchDisplay?searchTerm=<BUSCA>&categoryId=&storeId=10151&catalogId=11052&langId=-6&pageSize=9&beginIndex=0&sType=SimpleSearch&resultCatEntryType=2&showResultsPage=true&searchSource=Q&pageView=&hotsite=fastshop
http://www.fastshop.com.br/webapp/wcs/stores/servlet/SearchDisplay?searchTerm=Pokemon+Mystery+Dungeon&categoryId=&storeId=10151&catalogId=11052&langId=-6&pageSize=9&beginIndex=0&sType=SimpleSearch&resultCatEntryType=2&showResultsPage=true&searchSource=Q&pageView=&hotsite=fastshop
		Documento Lido
		Resultados: 0
	Tempo Para buscar: 16472
Loja: FNAC
	URL Principal: http://www.fnac.com.br/index.html
	URL Busca: http://busca.fnac.com.br/?busca=<BUSCA>
http://busca.fnac.com.br/?busca=Pokemon+Mystery+Dungeon
		Documento Lido
		Resultados: 11
		Nome do Produto: 3ds Pokemon X
			Igorando Pelo Filtro de Nome...
		Nome do Produto: 3ds Pokemon Y
			Igorando Pelo Filtro de Nome...
		Nome do Produto: 3ds Pokemon Alpha Sapphire
			Igorando Pelo Filtro de Nome...
		Nome do Produto: 3ds Pokemon Omega Ruby
			Igorando Pelo Filtro de Nome...
		Nome do Produto: Magical Mystery Tour
			Igorando Pelo Filtro de Nome...
		Nome do Produto: Magical Mystery Tour (DVD)
			Igorando Pelo Filtro de Nome...
		Nome do Produto: Greatest Mystery In The World
			Igorando Pelo Filtro de Nome...
		Nome do Produto: Magical Mystery Tour (blu-ray)
			Igorando Pelo Filtro de Nome...
		Nome do Produto: Mystery Lady: Songs Of Billie Holiday
			Igorando Pelo Filtro de Nome...
		Nome do Produto: Norwood Mystery , The Dom (2) 2ed
			Igorando Pelo Filtro de Nome...
		Nome do Produto: Down The Rabbit Hole - An Echo Falls Mystery
			Igorando Pelo Filtro de Nome...
	Tempo Para buscar: 1301
Loja: Kabum
	URL Principal: http://www.kabum.com.br/
	URL Busca: http://www.kabum.com.br/cgi-local/site/listagem/listagem.cgi?string=<BUSCA>&btnG=
http://www.kabum.com.br/cgi-local/site/listagem/listagem.cgi?string=Pokemon+Mystery+Dungeon&btnG=
		Documento Lido
		Resultados: 0
	Tempo Para buscar: 347
Loja: Livraria Cultura
	URL Principal: http://www.livrariacultura.com.br/
	URL Busca: http://www.livrariacultura.com.br/busca?N=0&Ntt=<BUSCA>
http://www.livrariacultura.com.br/busca?N=0&Ntt=Pokemon+Mystery+Dungeon
		Documento Lido
		Resultados: 3
		Nome do Produto: POKEMON MYSTERY DUNGEON STRATEGY GUIDE
http://www.livrariacultura.com.br/p/pokemon-mystery-dungeon-strategy-guide-22770338
		Acessando URL do produto.
		Nome do Produto: POKEMON MYSTERY DUNGEON
http://www.livrariacultura.com.br/p/pokemon-mystery-dungeon-22769934
		Acessando URL do produto.
		Nome do Produto: CHEATS UNLIMITED PRESENTS EZ CHEATS:
			Igorando Pelo Filtro de Nome...
	Tempo Para buscar: 1182
Loja: Magazine Luiza
	URL Principal: http://www.magazineluiza.com.br/
	URL Busca: http://www.magazineluiza.com.br/busca/<BUSCA>/
http://www.magazineluiza.com.br/busca/Pokemon+Mystery+Dungeon/
		Documento Lido
		Resultados: 6
		Nome do Produto: Linn Young Mystery & Excellence - Perfume Feminino Eau de Parfum 100ml
			Igorando Pelo Filtro de Nome...
		Nome do Produto: Pokemon Y para Nintendo 3DS - Nintendo
			Igorando Pelo Filtro de Nome...
		Nome do Produto: Pokemon X para Nintendo 3DS - Nintendo
			Igorando Pelo Filtro de Nome...
		Nome do Produto: Pokémon Alpha Sapphire para Nintendo 3DS - Nintendo
			Igorando Pelo Filtro de Nome...
		Nome do Produto: Pokémon Omega Ruby para Nintendo 3DS - Nintendo
			Igorando Pelo Filtro de Nome...
		Nome do Produto: Pokémon Art Academy para Nintendo 3DS - Nintendo
			Igorando Pelo Filtro de Nome...
	Tempo Para buscar: 275
Loja: Mula Games
	URL Principal: http://www.mulagames.com.br/
	URL Busca: http://www.mulagames.com.br/produtos-index/catalogo_produtos/-/-/<BUSCA>/-/-/-/-/-/
http://www.mulagames.com.br/produtos-index/catalogo_produtos/-/-/Pokemon%20Mystery%20Dungeon/-/-/-/-/-/
		Documento Lido
		Resultados: 1
		Nome do Produto: Pokémon Mystery Dungeon: Gates to Infinity - 3DS
			Igorando Pelo Filtro de Nome...
	Tempo Para buscar: 883
Loja: Net Shoes
	URL Principal: http://www.netshoes.com.br/
	URL Busca: http://www.netshoes.com.br/search?Ntt=<BUSCA>
http://www.netshoes.com.br/search?Ntt=Pokemon+Mystery+Dungeon
		Documento Lido
		Resultados: 1
		Nome do Produto: Jogo Dungeon Hunter: Alliance PSV
			Igorando Pelo Filtro de Nome...
	Tempo Para buscar: 130
Loja: Ponto Frio
	URL Principal: http://www.pontofrio.com.br/
	URL Busca: http://search.pontofrio.com.br/search?w=<BUSCA>
http://search.pontofrio.com.br/search?w=Pokemon+Mystery+Dungeon
		Documento Lido
		Resultados: 1
		Nome do Produto: Game Dungeons Gold Edition para Download - PC
			Igorando Pelo Filtro de Nome...
		Nome do Produto: Game Dungeon Lords MMXXII para Download - PC
			Igorando Pelo Filtro de Nome...
		Nome do Produto: Jogo Poképark 2: Wonders Beyond - Wii
			Igorando Pelo Filtro de Nome...
		Nome do Produto: Livro - Encontros Culturais: Portugal - Japão - Brasil - Americo Pellegrini Filho
			Igorando Pelo Filtro de Nome...
		Nome do Produto: Agatha Christie, Woman of Mystery - Level 2
			Igorando Pelo Filtro de Nome...
		Nome do Produto: The Murders in the Rue Morgue - Level 2
			Igorando Pelo Filtro de Nome...
		Nome do Produto: Game Dungeonland para Download - PC
			Igorando Pelo Filtro de Nome...
		Nome do Produto: Games Night at the Grindhouse: Dungeonland + The Showdown Effect para Download - PC e Mac
			Igorando Pelo Filtro de Nome...
		Nome do Produto: Game Dungeon Dashers para Download - PC
			Igorando Pelo Filtro de Nome...
		Nome do Produto: Game Dungeons: The Dark Lord para Download - PC
			Igorando Pelo Filtro de Nome...
		Nome do Produto: Game Dungeon Siege III: Treasures of the Sun DLC para Download - PC
			Igorando Pelo Filtro de Nome...
		Nome do Produto: Game Dungeon Siege III para Download - PC
			Igorando Pelo Filtro de Nome...
		Nome do Produto: Livro - Dungeon Siege - Doug Radcliffe
			Igorando Pelo Filtro de Nome...
		Nome do Produto: Jogo Dungeon Siege II para Download - PC
			Igorando Pelo Filtro de Nome...
		Nome do Produto: Game Dungeon Hearts para Download - PC
			Igorando Pelo Filtro de Nome...
		Nome do Produto: Game Heavy Bullets para Download - PC
			Igorando Pelo Filtro de Nome...
		Nome do Produto: DVD - Pokémon 6: Jirachi - Realizador de Desejos
			Igorando Pelo Filtro de Nome...
		Nome do Produto: Livro - Helbling Readers - Twins: Elementary - With CD - Janet Olearski
			Igorando Pelo Filtro de Nome...
		Nome do Produto: Snake Detective - Level 7 - B2 - American English
			Igorando Pelo Filtro de Nome...
		Nome do Produto: Snake Detective - Level 7 - B2 - British English
			Igorando Pelo Filtro de Nome...
		Nome do Produto: Game Dungeons Gold Edition para Download - PC
			Igorando Pelo Filtro de Nome...
		Nome do Produto: Game Dungeon Lords MMXXII para Download - PC
			Igorando Pelo Filtro de Nome...
		Nome do Produto: Jogo Poképark 2: Wonders Beyond - Wii
			Igorando Pelo Filtro de Nome...
		Nome do Produto: Livro - Encontros Culturais: Portugal - Japão - Brasil - Americo Pellegrini Filho
			Igorando Pelo Filtro de Nome...
		Nome do Produto: Agatha Christie, Woman of Mystery - Level 2
			Igorando Pelo Filtro de Nome...
		Nome do Produto: The Murders in the Rue Morgue - Level 2
			Igorando Pelo Filtro de Nome...
		Nome do Produto: Game Dungeonland para Download - PC
			Igorando Pelo Filtro de Nome...
		Nome do Produto: Games Night at the Grindhouse: Dungeonland + The Showdown Effect para Download - PC e Mac
			Igorando Pelo Filtro de Nome...
		Nome do Produto: Game Dungeon Dashers para Download - PC
			Igorando Pelo Filtro de Nome...
		Nome do Produto: Game Dungeons: The Dark Lord para Download - PC
			Igorando Pelo Filtro de Nome...
		Nome do Produto: Game Dungeon Siege III: Treasures of the Sun DLC para Download - PC
			Igorando Pelo Filtro de Nome...
		Nome do Produto: Game Dungeon Siege III para Download - PC
			Igorando Pelo Filtro de Nome...
		Nome do Produto: Livro - Dungeon Siege - Doug Radcliffe
			Igorando Pelo Filtro de Nome...
		Nome do Produto: Jogo Dungeon Siege II para Download - PC
			Igorando Pelo Filtro de Nome...
		Nome do Produto: Game Dungeon Hearts para Download - PC
			Igorando Pelo Filtro de Nome...
		Nome do Produto: Game Heavy Bullets para Download - PC
			Igorando Pelo Filtro de Nome...
		Nome do Produto: DVD - Pokémon 6: Jirachi - Realizador de Desejos
			Igorando Pelo Filtro de Nome...
		Nome do Produto: Livro - Helbling Readers - Twins: Elementary - With CD - Janet Olearski
			Igorando Pelo Filtro de Nome...
		Nome do Produto: Snake Detective - Level 7 - B2 - American English
			Igorando Pelo Filtro de Nome...
		Nome do Produto: Snake Detective - Level 7 - B2 - British English
			Igorando Pelo Filtro de Nome...
	Tempo Para buscar: 1147
Loja: Ricardo Eletro
	URL Principal: http://www.ricardoeletro.com.br/
	URL Busca: http://www.ricardoeletro.com.br/Busca/Resultado/?q=<BUSCA>
http://www.ricardoeletro.com.br/Busca/Resultado/?q=Pokemon+Mystery+Dungeon
		Documento Lido
		Resultados: 2
		Nome do Produto: Jogo Pokémon: Alpha Sapphire para Nintendo 3DS (N3DS)
			Igorando Pelo Filtro de Nome...
		Nome do Produto: Jogo Pokémon: Omega Ruby para Nintendo 3DS (N3DS)
			Igorando Pelo Filtro de Nome...
	Tempo Para buscar: 517
Loja: RiHappy
	URL Principal: http://www.rihappy.com.br/
	URL Busca: http://www.rihappy.com.br/<BUSCA>
http://www.rihappy.com.br/Pokemon%20Mystery%20Dungeon
		Documento Lido
		Resultados: 18
		Nome do Produto: Box Collection Deoxys Pokémon - Copag - Jogos de Cartas
			Igorando Pelo Filtro de Nome...
		Nome do Produto: Veículo Turma da Gosma Scooby-Doo - Salsicha The Mystery - DTC - Cenários Temáticos (Playsets)
			Igorando Pelo Filtro de Nome...
		Nome do Produto: Starter Deck - Pokémon XY - Vida Resiliente - Copag - Jogos de Cartas
			Igorando Pelo Filtro de Nome...
		Nome do Produto: Expansão de Cartas - Pokémon XY - Yveltal - Copag - Jogos de Cartas
			Igorando Pelo Filtro de Nome...
		Nome do Produto: Expansão de Cartas - Pokémon XY - Venusaur - Copag - Jogos de Cartas
			Igorando Pelo Filtro de Nome...
		Nome do Produto: Expansão de Cartas - Pokémon XY - Blastoise - Copag - Jogos de Cartas
			Igorando Pelo Filtro de Nome...
		Nome do Produto: Expansão de Cartas - Pokémon XY - Xerneas - Copag - Jogos de Cartas
			Igorando Pelo Filtro de Nome...
		Nome do Produto: Jogo Nintendo 3DS - Pokémon Omega Ruby - Jogos
			Igorando Pelo Filtro de Nome...
		Nome do Produto: Triple Pack - Pokémon XY - Gallade - Copag - Jogos de Cartas
			Igorando Pelo Filtro de Nome...
		Nome do Produto: Triple Pack - Pokémon XY - Gyarados - Copag - Jogos de Cartas
			Igorando Pelo Filtro de Nome...
		Nome do Produto: Starter Deck - Pokémon XY - Investida de Destruição - Copag - Jogos de Cartas
			Igorando Pelo Filtro de Nome...
		Nome do Produto: Deck Raio Congelante - Pokémon Black & White - Congelamento de Plasma - Copag - Jogos de Cartas
			Igorando Pelo Filtro de Nome...
		Nome do Produto: Deck Esmagador Psíquico - Pokémon Black & White - Congelamento de Plasma - Copag - Jogos de Cartas
			Igorando Pelo Filtro de Nome...
		Nome do Produto: Deck Ataque Solar - Pokémon Black e White - Explosão de Plasma - Copag - Jogos de Cartas
			Igorando Pelo Filtro de Nome...
		Nome do Produto: Deck Limpeza da Mente - Pokémon Black e White - Explosão de Plasma - Copag - Jogos de Cartas
			Igorando Pelo Filtro de Nome...
		Nome do Produto: Kre-o Dungeons e Dragons - Drizzt - Hasbro - Kre-o
			Igorando Pelo Filtro de Nome...
		Nome do Produto: Kre-o Dungeons e Dragons - Wulfgar - Hasbro - Kre-o
			Igorando Pelo Filtro de Nome...
		Nome do Produto: Kre-o Dungeons e Dragons - Vansi - Hasbro - Kre-o
			Igorando Pelo Filtro de Nome...
	Tempo Para buscar: 1320
Loja: Saraiva
	URL Principal: http://www.saraiva.com.br/
	URL Busca: http://busca.saraiva.com.br/search?w=<BUSCA>&PAC_ID=129457&ts=ajax
http://busca.saraiva.com.br/search?w=Pokemon+Mystery+Dungeon&PAC_ID=129457&ts=ajax
		Documento Lido
		Resultados: 2
		Nome do Produto: Pokemon X - 3ds
			Igorando Pelo Filtro de Nome...
		Nome do Produto: Pokemon Y - 3ds
			Igorando Pelo Filtro de Nome...
	Tempo Para buscar: 1104
Loja: Shop Facil
	URL Principal: http://ww2.shopfacil.com.br/
	URL Busca: http://ww2.shopfacil.com.br/<BUSCA>
http://ww2.shopfacil.com.br/Pokemon%20Mystery%20Dungeon
		Documento Lido
		Resultados: 15
		Nome do Produto: Mystery Woman Eau de Parfum Parfums Pergolèse Paris - Perfume Feminino
			Igorando Pelo Filtro de Nome...
		Nome do Produto: Mystery & Excellence Eau de Parfum Linn Young - Perfume Feminino
			Igorando Pelo Filtro de Nome...
		Nome do Produto: Mystery on the Island - Level 4
			Igorando Pelo Filtro de Nome...
		Nome do Produto: Livro - Dungeon Siege - Doug Radcliffe
			Igorando Pelo Filtro de Nome...
		Nome do Produto: Agatha Christie, Woman of Mystery - Level 2
			Igorando Pelo Filtro de Nome...
		Nome do Produto: Box Collection Deoxys Pokémon - Copag
			Igorando Pelo Filtro de Nome...
		Nome do Produto: Veículo Turma da Gosma Scooby-Doo - Salsicha The Mystery - DTC
			Igorando Pelo Filtro de Nome...
		Nome do Produto: Jogo Nintendo 3DS - Pokémon Omega Ruby
			Igorando Pelo Filtro de Nome...
		Nome do Produto: Jogo Nintendo 3DS Pokémon X
			Igorando Pelo Filtro de Nome...
		Nome do Produto: Expansão de Cartas - Pokémon XY - Xerneas - Copag
			Igorando Pelo Filtro de Nome...
		Nome do Produto: Expansão de Cartas - Pokémon XY - Venusaur - Copag
			Igorando Pelo Filtro de Nome...
		Nome do Produto: Expansão de Cartas - Pokémon XY - Yveltal - Copag
			Igorando Pelo Filtro de Nome...
		Nome do Produto: Triple Pack - Pokémon XY - Gallade - Copag
			Igorando Pelo Filtro de Nome...
		Nome do Produto: Starter Deck - Pokémon XY - Vida Resiliente - Copag
			Igorando Pelo Filtro de Nome...
		Nome do Produto: Expansão de Cartas - Pokémon XY - Blastoise - Copag
			Igorando Pelo Filtro de Nome...
	Tempo Para buscar: 1506
Loja: Shop Time
	URL Principal: http://www.shoptime.com.br/
	URL Busca: http://busca.shoptime.com.br/busca.php?q=<BUSCA>
http://busca.shoptime.com.br/busca.php?q=Pokemon+Mystery+Dungeon
		Documento Lido
		Resultados: 2
		Nome do Produto: Game Pokemon Mystery Dungeon Explores Darkness - DS Pokémon Mystery Dungeon: Explorers of Time
http://busca.shoptime.com.br/produto.php?link=http://www.shoptime.com.br/produto/6741592/game-pokemon-mystery-dungeon-explores-darkness-ds&ranking=1&sessao=U09G9AD05Z4W7&idbusca=9166bc7aeabe96a8e8f34cad2a84b727bd63837e&idproduto=6741592
		Acessando URL do produto.
		Nome do Produto: Game Pokemon Mystery Dungeon Explores Darkness - DS Pokémon Mystery Dungeon: Explorers of Time
http://busca.shoptime.com.br/produto.php?link=http://www.shoptime.com.br/produto/6741594/pokemon-mystery-dungeon-explorers-of-time&ranking=2&sessao=U09G9AD05Z4W7&idbusca=9166bc7aeabe96a8e8f34cad2a84b727bd63837e&idproduto=6741594
		Acessando URL do produto.
	Tempo Para buscar: 3561
Loja: ShopB
	URL Principal: http://www.shopb.com.br/
	URL Busca: http://busca.shopb.com.br/?busca=<BUSCA>
http://busca.shopb.com.br/?busca=Pokemon+Mystery+Dungeon
		Documento Lido
		Resultados: 20
		Nome do Produto: Pokemon Mystery Dungeon: Gates to Infinity - 3DS
http://shopb.ecommercesearch.com.br/Busca/Redir?url=http%3a%2f%2fwww.shopb.com.br%2fecommerce_site%2findex.php%3fpg%3dproduto%26cdg%3d4488%26idp%3d36826%26idparceiro%3dp1&esid=36826
		Acessando URL do produto.
		Nome do Produto: Adventure Time: Explore the Dungeon Because I Dont Know - PS3
			Igorando Pelo Filtro de Nome...
		Nome do Produto: Dungeon Hunter Alliance - PS Vita
			Igorando Pelo Filtro de Nome...
		Nome do Produto: Dungeon Siege II - PC
			Igorando Pelo Filtro de Nome...
		Nome do Produto: Halo: The Master Chief Collection - XBOX ONE
			Igorando Pelo Filtro de Nome...
		Nome do Produto: O Mistério da Carta de Tarô: Casos Estanhos - PC
			Igorando Pelo Filtro de Nome...
		Nome do Produto: Pokemon Alpha Sapphire - 3DS
			Igorando Pelo Filtro de Nome...
		Nome do Produto: Pokemon Art Academy - 3DS
			Igorando Pelo Filtro de Nome...
		Nome do Produto: Pokemon Omega Ruby - 3DS
			Igorando Pelo Filtro de Nome...
		Nome do Produto: Pokemon X - 3DS
			Igorando Pelo Filtro de Nome...
		Nome do Produto: Pokemon Y - 3DS
			Igorando Pelo Filtro de Nome...
		Nome do Produto: Trigger Happy Havoc: Danganronpa - PS Vita
			Igorando Pelo Filtro de Nome...
		Nome do Produto: Wario: Master of Disguise - [Usado-DS]
			Igorando Pelo Filtro de Nome...
		Nome do Produto: Adventure Time: Explore the Dungeon Because I Dont Know - XBOX 360
			Igorando Pelo Filtro de Nome...
		Nome do Produto: Dance Masters - XBOX 360
			Igorando Pelo Filtro de Nome...
		Nome do Produto: Dungeon Siege III - XBOX 360
			Igorando Pelo Filtro de Nome...
		Nome do Produto: Fonte de Alimentação 500W Extreme Power Plus - Cooler Master
			Igorando Pelo Filtro de Nome...
		Nome do Produto: Mouse Pad Gamer CM Storm Speed-RXL - Cooler Master
			Igorando Pelo Filtro de Nome...
		Nome do Produto: Pikmin 3 - Wii U
			Igorando Pelo Filtro de Nome...
		Nome do Produto: Spider-Man: Shattered Dimensions - PS3
			Igorando Pelo Filtro de Nome...
	Tempo Para buscar: 4867
Loja: Submarino
	URL Principal: http://www.submarino.com.br/
	URL Busca: http://busca.submarino.com.br/busca.php?q=<BUSCA>
http://busca.submarino.com.br/busca.php?q=Pokemon+Mystery+Dungeon
		Documento Lido
		Resultados: 2
		Nome do Produto: Game Pokemon Mystery Dungeon Explores Darkness - DS
http://busca.submarino.com.br/produto.php?link=http://www.submarino.com.br/produto/6741592/game-pokemon-mystery-dungeon-explores-darkness-ds&ranking=1&sessao=U09G9LUGIQ8C7&idbusca=26aaeb4adb47a86c0af7fca35d5a61eef1233895&idproduto=6741592
		Acessando URL do produto.
		Nome do Produto: Pokémon Mystery Dungeon: Explorers of Time
			Igorando Pelo Filtro de Nome...
	Tempo Para buscar: 2830
Loja: Walmart
	URL Principal: http://www.walmart.com.br/
	URL Busca: http://www.walmart.com.br/busca/?ft=<BUSCA>&PS=20
http://www.walmart.com.br/busca/?ft=Pokemon+Mystery+Dungeon&PS=20
		Documento Lido
		Resultados: 1
		Nome do Produto: Pokémon Mystery Dungeon: Explorers of Darkness - NDS
			Igorando Pelo Filtro de Nome...
	Tempo Para buscar: 1036

File copied from C:\java\rep\lookforprices\resources\imports\css.css to C:\java\rep\lookforprices\reports\2015-01-21 15\css.css
File copied from C:\java\rep\lookforprices\resources\imports\jquery.js to C:\java\rep\lookforprices\reports\2015-01-21 15\jquery.js
File copied from C:\java\rep\lookforprices\resources\imports\scripts.js to C:\java\rep\lookforprices\reports\2015-01-21 15\scripts.js
Tempo total de execução: 51323
