Game: Resident Evil Revelations
Loja: Nintendo eShop
	URL Principal: http://www.nintendo.com/3ds/eshop
	URL Busca: http://www.nintendo.com/json/content/get/game/filter?&&&&qterm=<BUSCA>
NintendoEShopSearch.search() http://www.nintendo.com/json/content/get/game/filter?&&&&qterm=Resident+Evil+Revelations
		Documento Lido
		Resultados: 3
		Nome do Produto: Resident Evil Revelations
http://www.nintendo.com/games/detail/XkJsnA3RX3B7nlP_LdTvZQDRm0yeFMLo
		Acessando URL do produto.
URL = http://www.nintendo.com/games/detail/XkJsnA3RX3B7nlP_LdTvZQDRm0yeFMLo
		Nome do Produto: Resident Evil Revelations
http://www.nintendo.com/games/detail/sv0drfht5St0wc6G2GzSE3eBRj0CYzd-
		Acessando URL do produto.
URL = http://www.nintendo.com/games/detail/sv0drfht5St0wc6G2GzSE3eBRj0CYzd-
		Nome do Produto: Resident Evil: The Mercenaries 3D
			Igorando Pelo Filtro de Nome...
	Tempo Para buscar: 888
Loja: Americanas
	URL Principal: http://www.americanas.com.br/
	URL Busca: http://busca.americanas.com.br/busca.php?q=<BUSCA>
http://busca.americanas.com.br/busca.php?q=Resident+Evil+Revelations
		Documento Lido
		Resultados: 8
		Nome do Produto: Game Resident Evil: Revelations - Xbox 360
http://busca.americanas.com.br/produto.php?link=http://www.americanas.com.br/produto/113266518/game-resident-evil-revelations-xbox-360&ranking=1&sessao=U09GB4PUNQS87&idbusca=32407b0f5ebce40fb50fdb8e9602485830800b96&idproduto=113266518
		Acessando URL do produto.
		Nome do Produto: Game - Resident Evil: Revelations - PS3
http://busca.americanas.com.br/produto.php?link=http://www.americanas.com.br/produto/120743600/game-resident-evil-revelations-ps3&ranking=2&sessao=U09GB4PUNQS87&idbusca=32407b0f5ebce40fb50fdb8e9602485830800b96&idproduto=120743600
		Acessando URL do produto.
		Nome do Produto: Game Resident Evil: Revelations - PS3
http://busca.americanas.com.br/produto.php?link=http://www.americanas.com.br/produto/113266497/game-resident-evil-revelations-ps3&ranking=3&sessao=U09GB4PUNQS87&idbusca=32407b0f5ebce40fb50fdb8e9602485830800b96&idproduto=113266497
		Acessando URL do produto.
		Nome do Produto: Game Resident Evil: Revelations - PS3
http://busca.americanas.com.br/produto.php?link=http://www.americanas.com.br/produto/7938490/game-resident-evil-revelations-ps3&ranking=4&sessao=U09GB4PUNQS87&idbusca=32407b0f5ebce40fb50fdb8e9602485830800b96&idproduto=7938490
		Acessando URL do produto.
		Nome do Produto: Game Resident Evil: Revelations -XBOX 360
http://busca.americanas.com.br/produto.php?link=http://www.americanas.com.br/produto/7938491/game-resident-evil-revelations-xbox-360&ranking=5&sessao=U09GB4PUNQS87&idbusca=32407b0f5ebce40fb50fdb8e9602485830800b96&idproduto=7938491
		Acessando URL do produto.
		Nome do Produto: Game - Resident Evil: Revelations - XBOX 360
http://busca.americanas.com.br/produto.php?link=http://www.americanas.com.br/produto/120743626/game-resident-evil-revelations-xbox-360&ranking=6&sessao=U09GB4PUNQS87&idbusca=32407b0f5ebce40fb50fdb8e9602485830800b96&idproduto=120743626
		Acessando URL do produto.
		Nome do Produto: Game - Resident Evil - Revelations - Xbox 360
http://busca.americanas.com.br/produto.php?link=http://www.americanas.com.br/produto/120297478/game-resident-evil-revelations-xbox-360&ranking=7&sessao=U09GB4PUNQS87&idbusca=32407b0f5ebce40fb50fdb8e9602485830800b96&idproduto=120297478
		Acessando URL do produto.
		Nome do Produto: Game Resident Evil Revelations - 3DS
http://busca.americanas.com.br/produto.php?link=http://www.americanas.com.br/produto/110839190/game-resident-evil-revelations-3ds&ranking=8&sessao=U09GB4PUNQS87&idbusca=32407b0f5ebce40fb50fdb8e9602485830800b96&idproduto=110839190
		Acessando URL do produto.
	Tempo Para buscar: 14863
Loja: Big Boy Games
	URL Principal: http://www.bigboygames.com.br/
	URL Busca: http://www.bigboygames.com.br/pesquisa/?p=<BUSCA>
http://www.bigboygames.com.br/pesquisa/?p=Resident+Evil+Revelations
		Documento Lido
		Resultados: 4
		Nome do Produto: Resident Evil Revelations - WiiU
http://www.bigboygames.com.br/resident-evil-revelations-wiiu-p5209/
		Acessando URL do produto.
		Nome do Produto: 3DS - Resident Evil Revelations
http://www.bigboygames.com.br/3ds-resident-evil-revelations-p3663/
		Acessando URL do produto.
		Nome do Produto: PS3 - Resident Evil Revelations
http://www.bigboygames.com.br/ps3-resident-evil-revelations-p4964/
		Acessando URL do produto.
		Nome do Produto: Xbox 360 - Resident Evil Revelations
http://www.bigboygames.com.br/xbox-360-resident-evil-revelations-p4965/
		Acessando URL do produto.
	Tempo Para buscar: 17158
Loja: Casas Bahia
	URL Principal: http://www.casasbahia.com.br/
	URL Busca: http://buscas.casasbahia.com.br/search?w=<BUSCA>
http://buscas.casasbahia.com.br/search?w=Resident+Evil+Revelations
		Documento Lido
		Resultados: 1
	Tempo Para buscar: 4634
Loja: Extra
	URL Principal: http://www.extra.com.br/
	URL Busca: http://buscando.extra.com.br/search?w=<BUSCA>
http://buscando.extra.com.br/search?w=Resident+Evil+Revelations
		Documento Lido
		Resultados: 3
		Nome do Produto: Game Resident Evil: Revelations para Download - PC
http://buscando.extra.com.br/search?p=R&srid=S1-USESD02&lbc=extra&w=Resident%20Evil%20Revelations&url=http%3a%2f%2fproduto.extra.com.br%2f2067404%3f&rk=1&uid=600563584&sid=2&ts=custom&rsc=jKNx-p2QqL7jEMQm&method=and&isort=score&view=grid
		Acessando URL do produto.
		Nome do Produto: Resident Evil Revelations Xbox 360
http://buscando.extra.com.br/search?p=R&srid=S1-USESD02&lbc=extra&w=Resident%20Evil%20Revelations&url=http%3a%2f%2fproduto.extra.com.br%2f3113640%3f&rk=2&uid=600563584&sid=2&ts=custom&rsc=l2-L9KxpjCi56IXU&method=and&isort=score&view=grid
		Acessando URL do produto.
		Nome do Produto: Resident Evil Revelations PS3
http://buscando.extra.com.br/search?p=R&srid=S1-USESD02&lbc=extra&w=Resident%20Evil%20Revelations&url=http%3a%2f%2fproduto.extra.com.br%2f3390456%3f&rk=3&uid=600563584&sid=2&ts=custom&rsc=GF-qxTEsNQy7O58H&method=and&isort=score&view=grid
		Acessando URL do produto.
	Tempo Para buscar: 6393
Loja: Fast Games
	URL Principal: http://www.fastgames.com.br/
	URL Busca: http://www.fastgames.com.br/loja/busca.php?loja=187970&palavra_busca=<BUSCA>
http://www.fastgames.com.br/loja/busca.php?loja=187970&palavra_busca=Resident+Evil+Revelations
		Documento Lido
		Resultados: 4
		Nome do Produto: Circle Pad Pro - 3DS
			Igorando Pelo Filtro de Nome...
		Nome do Produto: Resident Evil: Revelations - 3DS
http://www.fastgames.com.br//resident-evil-revelations-3ds-pr-3158-187970.htm
		Acessando URL do produto.
		Nome do Produto: Resident Evil: Revelations - PS3
http://www.fastgames.com.br//resident-evil-revelations-ps3-pr-5851-187970.htm
		Acessando URL do produto.
		Nome do Produto: Resident Evil: Revelations - XBOX 360
http://www.fastgames.com.br//resident-evil-revelations-xbox-360-pr-5853-187970.htm
		Acessando URL do produto.
	Tempo Para buscar: 5238
Loja: Fast Shop
	URL Principal: http://www.fastshop.com.br/loja/
	URL Busca: http://www.fastshop.com.br/webapp/wcs/stores/servlet/SearchDisplay?searchTerm=<BUSCA>&categoryId=&storeId=10151&catalogId=11052&langId=-6&pageSize=9&beginIndex=0&sType=SimpleSearch&resultCatEntryType=2&showResultsPage=true&searchSource=Q&pageView=&hotsite=fastshop
http://www.fastshop.com.br/webapp/wcs/stores/servlet/SearchDisplay?searchTerm=Resident+Evil+Revelations&categoryId=&storeId=10151&catalogId=11052&langId=-6&pageSize=9&beginIndex=0&sType=SimpleSearch&resultCatEntryType=2&showResultsPage=true&searchSource=Q&pageView=&hotsite=fastshop
		Documento Lido
		Resultados: 0
	Tempo Para buscar: 439
Loja: FNAC
	URL Principal: http://www.fnac.com.br/index.html
	URL Busca: http://busca.fnac.com.br/?busca=<BUSCA>
http://busca.fnac.com.br/?busca=Resident+Evil+Revelations
		Documento Lido
		Resultados: 22
		Nome do Produto: Ps3 Resident Evil: Revelations
http://busca.FNAC.com.br/Busca/Redir?url=http%3a%2f%2fwww.FNAC.com.br%2fps3-resident-evil-revelations%2fp%2f636399&esid=636399
		Acessando URL do produto.
		Nome do Produto: Xbox 360 Resident Evil: Revelations
http://busca.FNAC.com.br/Busca/Redir?url=http%3a%2f%2fwww.FNAC.com.br%2fxbox-360-resident-evil-revelations%2fp%2f636401&esid=636401
		Acessando URL do produto.
	Tempo Para buscar: 2879
Loja: Kabum
	URL Principal: http://www.kabum.com.br/
	URL Busca: http://www.kabum.com.br/cgi-local/site/listagem/listagem.cgi?string=<BUSCA>&btnG=
http://www.kabum.com.br/cgi-local/site/listagem/listagem.cgi?string=Resident+Evil+Revelations&btnG=
		Documento Lido
		Resultados: 2
		Nome do Produto: Game Resident Evil Revelations PS3
http://www.kabum.com.br/produto/41636/game-resident-evil-revelations-ps3/?tag=Resident Evil Revelations
		Acessando URL do produto.
		Nome do Produto: Game Resident Evil Revelations Xbox 360
http://www.kabum.com.br/produto/41635/game-resident-evil-revelations-xbox-360/?tag=Resident Evil Revelations
		Acessando URL do produto.
	Tempo Para buscar: 831
Loja: Livraria Cultura
	URL Principal: http://www.livrariacultura.com.br/
	URL Busca: http://www.livrariacultura.com.br/busca?N=0&Ntt=<BUSCA>
http://www.livrariacultura.com.br/busca?N=0&Ntt=Resident+Evil+Revelations
		Documento Lido
		Resultados: 11
		Nome do Produto: RESIDENT EVIL - REVELATIONS (PS3)
http://www.livrariacultura.com.br/p/resident-evil-revelations-ps3-42110625
		Acessando URL do produto.
		Nome do Produto: RESIDENT EVIL - REVELATIONS (X360)
http://www.livrariacultura.com.br/p/resident-evil-revelations-x360-42110630
		Acessando URL do produto.
		Nome do Produto: RESIDENT EVIL REVELATIONS: ULTIMATE GUIDE
http://www.livrariacultura.com.br/p/resident-evil-revelations-ultimate-guide-82117663
		Acessando URL do produto.
		Nome do Produto: RESIDENT EVIL REVELATIONS
http://www.livrariacultura.com.br/p/resident-evil-revelations-42812180
		Acessando URL do produto.
		Nome do Produto: CIRCLE PAD PRO - NINTENDO 3DS
			Igorando Pelo Filtro de Nome...
		Nome do Produto: RESIDENT EVIL 6 68 SUCCESS SECRETS - 68 MOST
			Igorando Pelo Filtro de Nome...
		Nome do Produto: RESIDENT EVIL 283 SUCCESS SECRETS - 283 MOST
			Igorando Pelo Filtro de Nome...
		Nome do Produto: REVELATIONS
			Igorando Pelo Filtro de Nome...
		Nome do Produto: GAME FREAKS 365'S NINTENDO 3DS GUIDE
			Igorando Pelo Filtro de Nome...
		Nome do Produto: RESIDENT DEPUTY SHERIFF
			Igorando Pelo Filtro de Nome...
		Nome do Produto: RESIDENT EVIL - REVELATIONS (3DS)
http://www.livrariacultura.com.br/p/resident-evil-revelations-3ds-29480524
		Acessando URL do produto.
	Tempo Para buscar: 2350
Loja: Magazine Luiza
	URL Principal: http://www.magazineluiza.com.br/
	URL Busca: http://www.magazineluiza.com.br/busca/<BUSCA>/
http://www.magazineluiza.com.br/busca/Resident+Evil+Revelations/
		Documento Lido
		Resultados: 3
		Nome do Produto: Resident Evil Revelations para Xbox 360 - Capcom
http://www.magazineluiza.com.br//resident-evil-revelations-para-xbox-360-capcom/p/0884195/ga/gajx/?_b=Resident+Evil+Revelations
		Acessando URL do produto.
		Nome do Produto: Resident Evil Revelations para PS3 - Capcom
http://www.magazineluiza.com.br//resident-evil-revelations-para-ps3-capcom/p/0884194/ga/gajp/?_b=Resident+Evil+Revelations
		Acessando URL do produto.
		Nome do Produto: Resident Evil Revelations para Xbox 360 - Capcom
http://www.magazineluiza.com.br//resident-evil-revelations-para-xbox-360-capcom/p/2123530/ga/gajx/?_b=Resident+Evil+Revelations
		Acessando URL do produto.
	Tempo Para buscar: 1166
Loja: Mula Games
	URL Principal: http://www.mulagames.com.br/
	URL Busca: http://www.mulagames.com.br/produtos-index/catalogo_produtos/-/-/<BUSCA>/-/-/-/-/-/
http://www.mulagames.com.br/produtos-index/catalogo_produtos/-/-/Resident%20Evil%20Revelations/-/-/-/-/-/
		Documento Lido
		Resultados: 7
		Nome do Produto: Resident Evil: Revelations (em Portugues) - XBox 360
http://www.mulagames.com.br/Resident-Evil--Revelations--em-Portugues--XBox-360/prod-1396106/
		Acessando URL do produto.
http://www.mulagames.com.br/produto-ajax_retorna_dados_preco_comprar/1396106
		Acessando URL do preço produto.
		Nome do Produto: Resident Evil: Revelations - 3DS
http://www.mulagames.com.br/Resident-Evil--Revelations-3DS/prod-457773/
		Acessando URL do produto.
http://www.mulagames.com.br/produto-ajax_retorna_dados_preco_comprar/457773
		Acessando URL do preço produto.
		Nome do Produto: Resident Evil: Revelations (em Portugues + DLC Bonus) - PS3
http://www.mulagames.com.br/Resident-Evil--Revelations--em-Portugues---DLC-Bonus--PS3/prod-1396078/
		Acessando URL do produto.
http://www.mulagames.com.br/produto-ajax_retorna_dados_preco_comprar/1396078
		Acessando URL do preço produto.
		Nome do Produto: Resident Evil: Revelations 2 (em Portugues) (PRÉ-VENDA) - PS4
http://www.mulagames.com.br/Resident-Evil--Revelations-2--em-Portugues---PRE-VENDA--PS4/prod-2619760/
		Acessando URL do produto.
http://www.mulagames.com.br/produto-ajax_retorna_dados_preco_comprar/2619760
		Acessando URL do preço produto.
		Nome do Produto: Resident Evil: Revelations 2 (em Portugues) (PRÉ-VENDA) - XBox One
http://www.mulagames.com.br/Resident-Evil--Revelations-2--em-Portugues---PRE-VENDA--XBox-One/prod-2619776/
		Acessando URL do produto.
http://www.mulagames.com.br/produto-ajax_retorna_dados_preco_comprar/2619776
		Acessando URL do preço produto.
		Nome do Produto: Resident Evil: Revelations 2 (em Portugues) (PRÉ-VENDA) - PS3
http://www.mulagames.com.br/Resident-Evil--Revelations-2--em-Portugues---PRE-VENDA--PS3/prod-2619798/
		Acessando URL do produto.
http://www.mulagames.com.br/produto-ajax_retorna_dados_preco_comprar/2619798
		Acessando URL do preço produto.
		Nome do Produto: Resident Evil: Revelations 2 (em Portugues) (PRÉ-VENDA) - XBox 360
http://www.mulagames.com.br/Resident-Evil--Revelations-2--em-Portugues---PRE-VENDA--XBox-360/prod-2619804/
		Acessando URL do produto.
http://www.mulagames.com.br/produto-ajax_retorna_dados_preco_comprar/2619804
		Acessando URL do preço produto.
	Tempo Para buscar: 9811
Loja: Net Shoes
	URL Principal: http://www.netshoes.com.br/
	URL Busca: http://www.netshoes.com.br/search?Ntt=<BUSCA>
http://www.netshoes.com.br/search?Ntt=Resident+Evil+Revelations
		Documento Lido
		Resultados: 0
	Tempo Para buscar: 136
Loja: Ponto Frio
	URL Principal: http://www.pontofrio.com.br/
	URL Busca: http://search.pontofrio.com.br/search?w=<BUSCA>
http://search.pontofrio.com.br/search?w=Resident+Evil+Revelations
		Documento Lido
		Resultados: 1
	Tempo Para buscar: 4779
Loja: Ricardo Eletro
	URL Principal: http://www.ricardoeletro.com.br/
	URL Busca: http://www.ricardoeletro.com.br/Busca/Resultado/?q=<BUSCA>
http://www.ricardoeletro.com.br/Busca/Resultado/?q=Resident+Evil+Revelations
		Documento Lido
		Resultados: 5
		Nome do Produto: Jogo The Evil Within para Playstation 4 (PS4)
			Igorando Pelo Filtro de Nome...
		Nome do Produto: Jogo Resident Evil 5 - Gold Edition - para Playstation 3 (PS3)
			Igorando Pelo Filtro de Nome...
		Nome do Produto: Jogo The Evil Within para Playstation 3 (PS3)
			Igorando Pelo Filtro de Nome...
		Nome do Produto: Jogo Resident Evil 6 para Xbox 360 (X360)
			Igorando Pelo Filtro de Nome...
		Nome do Produto: Jogo Resident Evil 5 - Edição Gold - para Xbox 360 (X360)
			Igorando Pelo Filtro de Nome...
	Tempo Para buscar: 567
Loja: RiHappy
	URL Principal: http://www.rihappy.com.br/
	URL Busca: http://www.rihappy.com.br/<BUSCA>
http://www.rihappy.com.br/Resident%20Evil%20Revelations
		Documento Lido
		Resultados: 4
		Nome do Produto: Nave Evil Dr. Porkchops Spaceship - Imaginext Toy Story 3 - Fisher-Price - Cenários Temáticos (Playsets)
			Igorando Pelo Filtro de Nome...
		Nome do Produto: Bolsa Original 2 em 1 - Red Devil - Bébé Confort - Bolsas para Transportes
			Igorando Pelo Filtro de Nome...
		Nome do Produto: Quebra-Cabeça - Sevilha - 500 Peças - Grow - Até 500 Peças
			Igorando Pelo Filtro de Nome...
		Nome do Produto: Trecho de Pista Hot Wheels - Track Builder - Daredevil Drop - Mattel - Pistas de Percursos
			Igorando Pelo Filtro de Nome...
	Tempo Para buscar: 1114
Loja: Saraiva
	URL Principal: http://www.saraiva.com.br/
	URL Busca: http://busca.saraiva.com.br/search?w=<BUSCA>&PAC_ID=129457&ts=ajax
http://busca.saraiva.com.br/search?w=Resident+Evil+Revelations&PAC_ID=129457&ts=ajax
		Documento Lido
		Resultados: 30
		Nome do Produto: The Evil Within - PS3
			Igorando Pelo Filtro de Nome...
		Nome do Produto: Resident Evil 5: Retribuição - Blu-ray
			Igorando Pelo Filtro de Nome...
		Nome do Produto: Resident Evil 6 Leon S. Kennedy - Play Arts Kai
			Igorando Pelo Filtro de Nome...
		Nome do Produto: Resident Evil - Retribuição
			Igorando Pelo Filtro de Nome...
		Nome do Produto: Desvendando o Resident Evil
			Igorando Pelo Filtro de Nome...
		Nome do Produto: Resident Evil Zero (pg)
			Igorando Pelo Filtro de Nome...
		Nome do Produto: Resident Evil(genesis)
			Igorando Pelo Filtro de Nome...
		Nome do Produto: Resident Evil 2: Apocalipse - DVD
			Igorando Pelo Filtro de Nome...
		Nome do Produto: Resident Evil - Submundo - Vol. 4
			Igorando Pelo Filtro de Nome...
		Nome do Produto: Resident Evil 5: Retribuição - DVD
			Igorando Pelo Filtro de Nome...
		Nome do Produto: Resident Evil 5: Retribuição - Blu-ray 3D
			Igorando Pelo Filtro de Nome...
		Nome do Produto: Resident Evil 3: A Extinção - DVD
			Igorando Pelo Filtro de Nome...
		Nome do Produto: Resident Evil 6 + Dlc - PS3
			Igorando Pelo Filtro de Nome...
		Nome do Produto: Resident Evil 4: Recomeço - DVD
			Igorando Pelo Filtro de Nome...
		Nome do Produto: Resident Evil 4: Recomeço - Blu-ray
			Igorando Pelo Filtro de Nome...
		Nome do Produto: Resident Evil 4: Recomeço - Blu-ray 3D
			Igorando Pelo Filtro de Nome...
		Nome do Produto: Resident Evil 3: A Extinção - Blu-Ray
			Igorando Pelo Filtro de Nome...
		Nome do Produto: Resident Evil 2: Apocalipse - Blu-Ray
			Igorando Pelo Filtro de Nome...
		Nome do Produto: Resident Evil: Retribuição
			Igorando Pelo Filtro de Nome...
		Nome do Produto: Resident Evil 2 - O incidente de Caliban Cove
			Igorando Pelo Filtro de Nome...
		Nome do Produto: Resident Evil 3 - A cidade dos mortos
			Igorando Pelo Filtro de Nome...
		Nome do Produto: Resident Evil - A Cidade Dos Mortos - Vol. 3
			Igorando Pelo Filtro de Nome...
		Nome do Produto: Resident Evil 6 Helena Harper - Play Arts Kai
			Igorando Pelo Filtro de Nome...
		Nome do Produto: Resident Evil - A Conspiração Umbrella - Vol. 1
			Igorando Pelo Filtro de Nome...
		Nome do Produto: Resident Evil - A Conspiração Umbrella - Vol. 1
			Igorando Pelo Filtro de Nome...
		Nome do Produto: Resident Evil 2: Apocalipse - Edição de Luxo - DVD
			Igorando Pelo Filtro de Nome...
		Nome do Produto: Revelations
			Igorando Pelo Filtro de Nome...
		Nome do Produto: Revelations
			Igorando Pelo Filtro de Nome...
		Nome do Produto: Revelations
			Igorando Pelo Filtro de Nome...
		Nome do Produto: Revelations
			Igorando Pelo Filtro de Nome...
	Tempo Para buscar: 5730
Loja: Shop Facil
	URL Principal: http://ww2.shopfacil.com.br/
	URL Busca: http://ww2.shopfacil.com.br/<BUSCA>
http://ww2.shopfacil.com.br/Resident%20Evil%20Revelations
		Documento Lido
		Resultados: 15
		Nome do Produto: DVD - Resident Evil 5: Retribuição - Retribution
			Igorando Pelo Filtro de Nome...
		Nome do Produto: Blu-Ray - Resident Evil 4: Recomeço
			Igorando Pelo Filtro de Nome...
		Nome do Produto: Livro - Resident Evil: Retribuição - John Shirley
			Igorando Pelo Filtro de Nome...
		Nome do Produto: Blu-Ray - Resident Evil 2: Apocalipse
			Igorando Pelo Filtro de Nome...
		Nome do Produto: Blu-Ray - Resident Evil 3: A Extinção - Simples
			Igorando Pelo Filtro de Nome...
		Nome do Produto: Blu-Ray 3D - Resident Evil 5: Retribuição - Retribution
			Igorando Pelo Filtro de Nome...
		Nome do Produto: Blu-Ray 3D - Resident Evil 4: Recomeço
			Igorando Pelo Filtro de Nome...
		Nome do Produto: Jogo Nintendo 3DS Resident Evil: The Mercenaries 3D
			Igorando Pelo Filtro de Nome...
		Nome do Produto: Jogo Assassin’s Creed: Revelations - PS3
			Igorando Pelo Filtro de Nome...
		Nome do Produto: Jogo The Evil Within - Xbox 360
			Igorando Pelo Filtro de Nome...
		Nome do Produto: Jogo The Evil Within - Xbox One
			Igorando Pelo Filtro de Nome...
		Nome do Produto: Fone de Ouvido Aerial7 Tank Evil
			Igorando Pelo Filtro de Nome...
		Nome do Produto: Nave Evil Dr. Porkchops Spaceship - Imaginext Toy Story 3 - Fisher-Price
			Igorando Pelo Filtro de Nome...
		Nome do Produto: Jogo Diablo III Ultimate Evil Edition para XBOX One
			Igorando Pelo Filtro de Nome...
		Nome do Produto: DVD - Livrai nos do Mal - Deliver Us From Evil
			Igorando Pelo Filtro de Nome...
	Tempo Para buscar: 1496
Loja: Shop Time
	URL Principal: http://www.shoptime.com.br/
	URL Busca: http://busca.shoptime.com.br/busca.php?q=<BUSCA>
http://busca.shoptime.com.br/busca.php?q=Resident+Evil+Revelations
		Documento Lido
		Resultados: 8
		Nome do Produto: Game - Resident Evil: Revelations - PS3 Game Resident Evil: Revelations - PS3 Game Resident Evil: Revelations -XBOX 360 Game - Resident Evil: Revelations - XBOX 360 Game - Resident Evil - Revelations - Xbox 360 Game Resident Evil Revelations - 3DS Game Resident Evil: Revelations - Xbox 360 Game Resident Evil: Revelations - PS3
http://busca.shoptime.com.br/produto.php?link=http://www.shoptime.com.br/produto/120743600/game-resident-evil-revelations-ps3&ranking=1&sessao=U09GDYT016SK7&idbusca=56e6ad762c00b3f6311ccd8207b617175c233ed3&idproduto=120743600
		Acessando URL do produto.
		Nome do Produto: Game - Resident Evil: Revelations - PS3 Game Resident Evil: Revelations - PS3 Game Resident Evil: Revelations -XBOX 360 Game - Resident Evil: Revelations - XBOX 360 Game - Resident Evil - Revelations - Xbox 360 Game Resident Evil Revelations - 3DS Game Resident Evil: Revelations - Xbox 360 Game Resident Evil: Revelations - PS3
http://busca.shoptime.com.br/produto.php?link=http://www.shoptime.com.br/produto/7938490/game-resident-evil-revelations-ps3&ranking=2&sessao=U09GDYT016SK7&idbusca=56e6ad762c00b3f6311ccd8207b617175c233ed3&idproduto=7938490
		Acessando URL do produto.
		Nome do Produto: Game - Resident Evil: Revelations - PS3 Game Resident Evil: Revelations - PS3 Game Resident Evil: Revelations -XBOX 360 Game - Resident Evil: Revelations - XBOX 360 Game - Resident Evil - Revelations - Xbox 360 Game Resident Evil Revelations - 3DS Game Resident Evil: Revelations - Xbox 360 Game Resident Evil: Revelations - PS3
http://busca.shoptime.com.br/produto.php?link=http://www.shoptime.com.br/produto/7938491/game-resident-evil-revelations-xbox-360&ranking=3&sessao=U09GDYT016SK7&idbusca=56e6ad762c00b3f6311ccd8207b617175c233ed3&idproduto=7938491
		Acessando URL do produto.
		Nome do Produto: Game - Resident Evil: Revelations - PS3 Game Resident Evil: Revelations - PS3 Game Resident Evil: Revelations -XBOX 360 Game - Resident Evil: Revelations - XBOX 360 Game - Resident Evil - Revelations - Xbox 360 Game Resident Evil Revelations - 3DS Game Resident Evil: Revelations - Xbox 360 Game Resident Evil: Revelations - PS3
http://busca.shoptime.com.br/produto.php?link=http://www.shoptime.com.br/produto/120743626/game-resident-evil-revelations-xbox-360&ranking=4&sessao=U09GDYT016SK7&idbusca=56e6ad762c00b3f6311ccd8207b617175c233ed3&idproduto=120743626
		Acessando URL do produto.
		Nome do Produto: Game - Resident Evil: Revelations - PS3 Game Resident Evil: Revelations - PS3 Game Resident Evil: Revelations -XBOX 360 Game - Resident Evil: Revelations - XBOX 360 Game - Resident Evil - Revelations - Xbox 360 Game Resident Evil Revelations - 3DS Game Resident Evil: Revelations - Xbox 360 Game Resident Evil: Revelations - PS3
http://busca.shoptime.com.br/produto.php?link=http://www.shoptime.com.br/produto/120297478/game-resident-evil-revelations-xbox-360&ranking=5&sessao=U09GDYT016SK7&idbusca=56e6ad762c00b3f6311ccd8207b617175c233ed3&idproduto=120297478
		Acessando URL do produto.
		Nome do Produto: Game - Resident Evil: Revelations - PS3 Game Resident Evil: Revelations - PS3 Game Resident Evil: Revelations -XBOX 360 Game - Resident Evil: Revelations - XBOX 360 Game - Resident Evil - Revelations - Xbox 360 Game Resident Evil Revelations - 3DS Game Resident Evil: Revelations - Xbox 360 Game Resident Evil: Revelations - PS3
http://busca.shoptime.com.br/produto.php?link=http://www.shoptime.com.br/produto/110839190/game-resident-evil-revelations-3ds&ranking=6&sessao=U09GDYT016SK7&idbusca=56e6ad762c00b3f6311ccd8207b617175c233ed3&idproduto=110839190
		Acessando URL do produto.
		Nome do Produto: Game - Resident Evil: Revelations - PS3 Game Resident Evil: Revelations - PS3 Game Resident Evil: Revelations -XBOX 360 Game - Resident Evil: Revelations - XBOX 360 Game - Resident Evil - Revelations - Xbox 360 Game Resident Evil Revelations - 3DS Game Resident Evil: Revelations - Xbox 360 Game Resident Evil: Revelations - PS3
http://busca.shoptime.com.br/produto.php?link=http://www.shoptime.com.br/produto/113266518/game-resident-evil-revelations-xbox-360&ranking=7&sessao=U09GDYT016SK7&idbusca=56e6ad762c00b3f6311ccd8207b617175c233ed3&idproduto=113266518
		Acessando URL do produto.
		Nome do Produto: Game - Resident Evil: Revelations - PS3 Game Resident Evil: Revelations - PS3 Game Resident Evil: Revelations -XBOX 360 Game - Resident Evil: Revelations - XBOX 360 Game - Resident Evil - Revelations - Xbox 360 Game Resident Evil Revelations - 3DS Game Resident Evil: Revelations - Xbox 360 Game Resident Evil: Revelations - PS3
http://busca.shoptime.com.br/produto.php?link=http://www.shoptime.com.br/produto/113266497/game-resident-evil-revelations-ps3&ranking=8&sessao=U09GDYT016SK7&idbusca=56e6ad762c00b3f6311ccd8207b617175c233ed3&idproduto=113266497
		Acessando URL do produto.
	Tempo Para buscar: 13651
Loja: ShopB
	URL Principal: http://www.shopb.com.br/
	URL Busca: http://busca.shopb.com.br/?busca=<BUSCA>
http://busca.shopb.com.br/?busca=Resident+Evil+Revelations
		Documento Lido
		Resultados: 38
		Nome do Produto: Resident Evil Revelations - PS3
http://shopb.ecommercesearch.com.br/Busca/Redir?url=http%3a%2f%2fwww.shopb.com.br%2fecommerce_site%2findex.php%3fpg%3dproduto%26cdg%3d4488%26idp%3d31632%26idparceiro%3dp1&esid=31632
		Acessando URL do produto.
		Nome do Produto: Resident Evil Revelations - XBOX 360
http://shopb.ecommercesearch.com.br/Busca/Redir?url=http%3a%2f%2fwww.shopb.com.br%2fecommerce_site%2findex.php%3fpg%3dproduto%26cdg%3d4488%26idp%3d31651%26idparceiro%3dp1&esid=31651
		Acessando URL do produto.
		Nome do Produto: Skin PS3 - Resident Evil Revelations MOD 1 Fat
http://shopb.ecommercesearch.com.br/Busca/Redir?url=http%3a%2f%2fwww.shopb.com.br%2fecommerce_site%2findex.php%3fpg%3dproduto%26cdg%3d4488%26idp%3d17101%26idparceiro%3dp1&esid=9820
		Acessando URL do produto.
		Nome do Produto: Skin PS3 - Resident Evil Revelations MOD 1 Slim
http://shopb.ecommercesearch.com.br/Busca/Redir?url=http%3a%2f%2fwww.shopb.com.br%2fecommerce_site%2findex.php%3fpg%3dproduto%26cdg%3d4488%26idp%3d17101%26idparceiro%3dp1&esid=9821
		Acessando URL do produto.
		Nome do Produto: Skin PS3 - Resident Evil Revelations MOD 2 Fat
http://shopb.ecommercesearch.com.br/Busca/Redir?url=http%3a%2f%2fwww.shopb.com.br%2fecommerce_site%2findex.php%3fpg%3dproduto%26cdg%3d4488%26idp%3d17109%26idparceiro%3dp1&esid=9824
		Acessando URL do produto.
		Nome do Produto: Skin PS3 - Resident Evil Revelations MOD 2 Slim
http://shopb.ecommercesearch.com.br/Busca/Redir?url=http%3a%2f%2fwww.shopb.com.br%2fecommerce_site%2findex.php%3fpg%3dproduto%26cdg%3d4488%26idp%3d17109%26idparceiro%3dp1&esid=9825
		Acessando URL do produto.
		Nome do Produto: Resident Evil Revelations - 3DS
http://shopb.ecommercesearch.com.br/Busca/Redir?url=http%3a%2f%2fwww.shopb.com.br%2fecommerce_site%2findex.php%3fpg%3dproduto%26cdg%3d4488%26idp%3d21595%26idparceiro%3dp1&esid=21595
		Acessando URL do produto.
		Nome do Produto: Resident Evil Revelations - Wii U
http://shopb.ecommercesearch.com.br/Busca/Redir?url=http%3a%2f%2fwww.shopb.com.br%2fecommerce_site%2findex.php%3fpg%3dproduto%26cdg%3d4488%26idp%3d35633%26idparceiro%3dp1&esid=35633
		Acessando URL do produto.
		Nome do Produto: Assassins Creed: Revelations - XBOX 360
			Igorando Pelo Filtro de Nome...
		Nome do Produto: Dance Dance Revolution Universe 3 - XBOX 360
			Igorando Pelo Filtro de Nome...
		Nome do Produto: Deus Ex: Human Revolution - PS3
			Igorando Pelo Filtro de Nome...
		Nome do Produto: Deus Ex: Human Revolution - XBOX 360
			Igorando Pelo Filtro de Nome...
		Nome do Produto: Deus Ex: Human Revolution Directors Cut Edition - XBOX 360
			Igorando Pelo Filtro de Nome...
		Nome do Produto: Diablo 3 Reaper of souls: Ultimate Evil Edition - XBOX 360
			Igorando Pelo Filtro de Nome...
		Nome do Produto: Diablo 3 Reaper of souls: Ultimate Evil Edition - XBOX ONE
			Igorando Pelo Filtro de Nome...
		Nome do Produto: Karaoke Revolutions + Microfone - XBOX 360
			Igorando Pelo Filtro de Nome...
		Nome do Produto: Naruto Shippuden: Ultimate Ninja Storm Revolution - PS3
			Igorando Pelo Filtro de Nome...
		Nome do Produto: Naruto Shippuden: Ultimate Ninja Storm Revolution - XBOX 360
			Igorando Pelo Filtro de Nome...
		Nome do Produto: Resistance 2 - PS3
			Igorando Pelo Filtro de Nome...
		Nome do Produto: Resistance 3 - PS3
			Igorando Pelo Filtro de Nome...
		Nome do Produto: Resistance 3: Survivor Edition - PS3
			Igorando Pelo Filtro de Nome...
		Nome do Produto: Resistance Collection - PS3
			Igorando Pelo Filtro de Nome...
		Nome do Produto: Resistance: Burning Skies - PS Vita
			Igorando Pelo Filtro de Nome...
		Nome do Produto: Rock Revolution - PS3
			Igorando Pelo Filtro de Nome...
		Nome do Produto: Sid Meiers: Civilization Revolution - XBOX 360
			Igorando Pelo Filtro de Nome...
		Nome do Produto: Skin XBOX - Resident Evil 6 MOD 1 Fat
			Igorando Pelo Filtro de Nome...
		Nome do Produto: Skin XBOX - Resident Evil 6 MOD 1 Slim
			Igorando Pelo Filtro de Nome...
		Nome do Produto: Skin XBOX - Resident Evil MOD 2 Fat
			Igorando Pelo Filtro de Nome...
		Nome do Produto: Skin XBOX - Resident Evil MOD 2 Slim
			Igorando Pelo Filtro de Nome...
		Nome do Produto: Super Poster - Assassins Creed Revelations
			Igorando Pelo Filtro de Nome...
		Nome do Produto: Super Poster - Resident Evil 4
			Igorando Pelo Filtro de Nome...
		Nome do Produto: Super Poster - Resident Evil Darkside Chronicles
			Igorando Pelo Filtro de Nome...
		Nome do Produto: Super Poster - Resident Evil: Operation Raccoon City MOD 02
			Igorando Pelo Filtro de Nome...
		Nome do Produto: Super Poster - Resident Evil: Operation Raccoon City MOD 03
			Igorando Pelo Filtro de Nome...
		Nome do Produto: Super Poster - Resident Evil: Operation Raccoon City MOD 04
			Igorando Pelo Filtro de Nome...
		Nome do Produto: The Evil Within - PS3
			Igorando Pelo Filtro de Nome...
		Nome do Produto: The Evil Within - PS4
			Igorando Pelo Filtro de Nome...
		Nome do Produto: The Evil Within - XBOX 360
			Igorando Pelo Filtro de Nome...
	Tempo Para buscar: 6056
Loja: Submarino
	URL Principal: http://www.submarino.com.br/
	URL Busca: http://busca.submarino.com.br/busca.php?q=<BUSCA>
http://busca.submarino.com.br/busca.php?q=Resident+Evil+Revelations
		Documento Lido
		Resultados: 8
		Nome do Produto: Game Resident Evil: Revelations - Xbox 360
http://busca.submarino.com.br/produto.php?link=http://www.submarino.com.br/produto/113266518/game-resident-evil-revelations-xbox-360&ranking=1&sessao=U09GEOBSDIOS7&idbusca=4770790c0530595b775df7ca9456febdf1af1307&idproduto=113266518
		Acessando URL do produto.
		Nome do Produto: Game - Resident Evil: Revelations - PS3
http://busca.submarino.com.br/produto.php?link=http://www.submarino.com.br/produto/120743600/game-resident-evil-revelations-ps3&ranking=2&sessao=U09GEOBSDIOS7&idbusca=4770790c0530595b775df7ca9456febdf1af1307&idproduto=120743600
		Acessando URL do produto.
		Nome do Produto: Game - Resident Evil - Revelations - Xbox 360
http://busca.submarino.com.br/produto.php?link=http://www.submarino.com.br/produto/120297478/game-resident-evil-revelations-xbox-360&ranking=3&sessao=U09GEOBSDIOS7&idbusca=4770790c0530595b775df7ca9456febdf1af1307&idproduto=120297478
		Acessando URL do produto.
		Nome do Produto: Game - Resident Evil: Revelations - XBOX 360
http://busca.submarino.com.br/produto.php?link=http://www.submarino.com.br/produto/120743626/game-resident-evil-revelations-xbox-360&ranking=4&sessao=U09GEOBSDIOS7&idbusca=4770790c0530595b775df7ca9456febdf1af1307&idproduto=120743626
		Acessando URL do produto.
		Nome do Produto: Game Resident Evil: Revelations -XBOX 360
http://busca.submarino.com.br/produto.php?link=http://www.submarino.com.br/produto/7938491/game-resident-evil-revelations-xbox-360&ranking=5&sessao=U09GEOBSDIOS7&idbusca=4770790c0530595b775df7ca9456febdf1af1307&idproduto=7938491
		Acessando URL do produto.
		Nome do Produto: Game Resident Evil: Revelations - PS3
http://busca.submarino.com.br/produto.php?link=http://www.submarino.com.br/produto/113266497/game-resident-evil-revelations-ps3&ranking=6&sessao=U09GEOBSDIOS7&idbusca=4770790c0530595b775df7ca9456febdf1af1307&idproduto=113266497
		Acessando URL do produto.
		Nome do Produto: Game Resident Evil: Revelations - PS3
http://busca.submarino.com.br/produto.php?link=http://www.submarino.com.br/produto/7938490/game-resident-evil-revelations-ps3&ranking=7&sessao=U09GEOBSDIOS7&idbusca=4770790c0530595b775df7ca9456febdf1af1307&idproduto=7938490
		Acessando URL do produto.
		Nome do Produto: Game Resident Evil Revelations - 3DS
http://busca.submarino.com.br/produto.php?link=http://www.submarino.com.br/produto/110839190/game-resident-evil-revelations-3ds&ranking=8&sessao=U09GEOBSDIOS7&idbusca=4770790c0530595b775df7ca9456febdf1af1307&idproduto=110839190
		Acessando URL do produto.
	Tempo Para buscar: 11571
Loja: Walmart
	URL Principal: http://www.walmart.com.br/
	URL Busca: http://www.walmart.com.br/busca/?ft=<BUSCA>&PS=20
http://www.walmart.com.br/busca/?ft=Resident+Evil+Revelations&PS=20
		Documento Lido
		Resultados: 4
		Nome do Produto: Jogo Xbox 360 Resident Evil: Revelations
http://www.walmart.com.br//produto/Games/Jogos-para-Xbox-360/Capcom/377898-Jogo-Xbox-360-Resident-Evil-Revelations
		Acessando URL do produto.
		Nome do Produto: Jogo PS3 Resident Evil: Revelations
http://www.walmart.com.br//produto/Games/Jogos-para-PS3/Capcom/377897-Jogo-PS3-Resident-Evil-Revelations
		Acessando URL do produto.
		Nome do Produto: Resident Evil Revelations Wii U
http://www.walmart.com.br//produto/Games/Jogos-Nintendo-Wii-U/Capcom/2377020m-resident_evil_revelations_wii_u
		Acessando URL do produto.
		Nome do Produto: Resident Evil Revelations N3DS
http://www.walmart.com.br//produto/Games/Jogos-para-Nintendo-3DS/Capcom/2374441m-resident_evil_revelations_n3ds
		Acessando URL do produto.
	Tempo Para buscar: 4943

File copied from C:\java\rep\lookforprices\resources\imports\css.css to C:\java\rep\lookforprices\reports\2015-01-21 15\css.css
File copied from C:\java\rep\lookforprices\resources\imports\jquery.js to C:\java\rep\lookforprices\reports\2015-01-21 15\jquery.js
File copied from C:\java\rep\lookforprices\resources\imports\scripts.js to C:\java\rep\lookforprices\reports\2015-01-21 15\scripts.js
Tempo total de execução: 116711
