Game: Shin Megami Tensei
Loja: Nintendo eShop
	URL Principal: http://www.nintendo.com/3ds/eshop
	URL Busca: http://www.nintendo.com/json/content/get/game/filter?&&&&qterm=<BUSCA>
NintendoEShopSearch.search() http://www.nintendo.com/json/content/get/game/filter?&&&&qterm=Shin+Megami+Tensei
		Documento Lido
		Resultados: 6
		Nome do Produto: Shin Megami Tensei IV
http://www.nintendo.com/games/detail/IFBKB39761rBuUcpxVkqT2ELtkyB70EB
		Acessando URL do produto.
URL = http://www.nintendo.com/games/detail/IFBKB39761rBuUcpxVkqT2ELtkyB70EB
		Nome do Produto: Shin Megami Tensei: Devil Summoner: Soul Hackers
http://www.nintendo.com/games/detail/4MNlUB1s_TonGtyYBBM8Wc41mlxa0u4_
		Acessando URL do produto.
URL = http://www.nintendo.com/games/detail/4MNlUB1s_TonGtyYBBM8Wc41mlxa0u4_
		Nome do Produto: Shin Megami Tensei: Devil Survivor 2
http://www.nintendo.com/games/detail/wCxGjUhyc-X9-m5ZMY9Ob2_6cKe7mlcu
		Acessando URL do produto.
URL = http://www.nintendo.com/games/detail/wCxGjUhyc-X9-m5ZMY9Ob2_6cKe7mlcu
		Nome do Produto: Shin Megami Tensei: Devil Survivor Overclocked
http://www.nintendo.com/games/detail/tKDJ7tyZ-olVhVBW9mswLhlRxJr0mcZG
		Acessando URL do produto.
URL = http://www.nintendo.com/games/detail/tKDJ7tyZ-olVhVBW9mswLhlRxJr0mcZG
		Nome do Produto: Shin Megami Tensei: Strange Journey
http://www.nintendo.com/games/detail/uWViUqW9VP8eI7pGO3amfocbQbn2Vci-
		Acessando URL do produto.
URL = http://www.nintendo.com/games/detail/uWViUqW9VP8eI7pGO3amfocbQbn2Vci-
		Nome do Produto: Shin Megami Tensei: Devil Survivor
http://www.nintendo.com/games/detail/VF3db6kzN-TEJEXGw2cShxwhLzQ3vB5z
		Acessando URL do produto.
URL = http://www.nintendo.com/games/detail/VF3db6kzN-TEJEXGw2cShxwhLzQ3vB5z
	Tempo Para buscar: 3502
Loja: Americanas
	URL Principal: http://www.americanas.com.br/
	URL Busca: http://busca.americanas.com.br/busca.php?q=<BUSCA>
http://busca.americanas.com.br/busca.php?q=Shin+Megami+Tensei
		Documento Lido
		Resultados: 1
		Nome do Produto: Game Shin Megami Tensei Devil Summoner PS2
http://busca.americanas.com.br/produto.php?link=http://www.americanas.com.br/produto/344480/game-shin-megami-tensei-devil-summoner-ps2&ranking=1&sessao=U09G52I7X80S7&idbusca=db8914f047a2e31b9bf4b179e81b5a01b086b02b&idproduto=344480
		Acessando URL do produto.
	Tempo Para buscar: 2571
Loja: Big Boy Games
	URL Principal: http://www.bigboygames.com.br/
	URL Busca: http://www.bigboygames.com.br/pesquisa/?p=<BUSCA>
http://www.bigboygames.com.br/pesquisa/?p=Shin+Megami+Tensei
		Documento Lido
		Resultados: 7
		Nome do Produto: 3DS - Shin Megami Tensei IV
http://www.bigboygames.com.br/3ds-shin-megami-tensei-iv-p6173/
		Acessando URL do produto.
		Nome do Produto: 3DS - Shin Megami Tensei: Devil Summoner: Soul Hackers
http://www.bigboygames.com.br/3ds-shin-megami-tensei-devil-summoner-soul-hackers-p6186/
		Acessando URL do produto.
		Nome do Produto: 3DS - Shin Megami Tensei - Devil Survivor Overclocked
http://www.bigboygames.com.br/3ds-shin-megami-tensei-devil-survivor-overclocked-p3284/
		Acessando URL do produto.
		Nome do Produto: 3DS - Shin Megami Tensei Devil Summoner:Soul Hackers - LIMITED EDITION
http://www.bigboygames.com.br/3ds-shin-megami-tensei-devil-summoner-soul-hackers-limited-edition-p5080/
		Acessando URL do produto.
		Nome do Produto: DS - Shin Megami Tensei: Devil Survivor 2
http://www.bigboygames.com.br/ds-shin-megami-tensei-devil-survivor-2-p5545/
		Acessando URL do produto.
		Nome do Produto: 3DS - Shin Megami Tensei IV Limited Edition
http://www.bigboygames.com.br/3ds-shin-megami-tensei-iv-limited-edition-p5471/
		Acessando URL do produto.
		Nome do Produto: PSP - Shin Megami Tensei - Persona 2 Innocent Sin
http://www.bigboygames.com.br/psp-shin-megami-tensei-persona-2-innocent-sin-p3444/
		Acessando URL do produto.
	Tempo Para buscar: 9788
Loja: Casas Bahia
	URL Principal: http://www.casasbahia.com.br/
	URL Busca: http://buscas.casasbahia.com.br/search?w=<BUSCA>
http://buscas.casasbahia.com.br/search?w=Shin+Megami+Tensei
		Documento Lido
		Resultados: 1
		Nome do Produto: Livro - Fuga do Campo 14 - Blaine Harden
			Igorando Pelo Filtro de Nome...
		Nome do Produto: Blu-Ray - Paixão Inocente - Breathe In
			Igorando Pelo Filtro de Nome...
		Nome do Produto: DVD - Paixão Inocente - Breathe In
			Igorando Pelo Filtro de Nome...
		Nome do Produto: Livro - Por Favor, Cuide da Mamãe
			Igorando Pelo Filtro de Nome...
		Nome do Produto: Livro - A Casa de Chá
			Igorando Pelo Filtro de Nome...
		Nome do Produto: Livro - O Metrô Vem Correndo... Edição Bílingue (Português/Coreano) - Dong-Jun Shin
			Igorando Pelo Filtro de Nome...
		Nome do Produto: Livro - Nao Hara: Culinária Japonesa, Sabores Tropicais - Danubia Barbara, Nao Hara
			Igorando Pelo Filtro de Nome...
		Nome do Produto: Livro - Filho do Hamas: um Relato Impressionante Sobre Terrorismo, Traição, Intrigas Políticas e Escolhas Impensáveis
			Igorando Pelo Filtro de Nome...
		Nome do Produto: Livro - American Shine F/teens Teacher's Guide 5 - Kathryn Johnston
			Igorando Pelo Filtro de Nome...
		Nome do Produto: Livro - American Shine 3 Student's Book - Judy Garton-Sprenger
			Igorando Pelo Filtro de Nome...
		Nome do Produto: Livro + 2 CDs + Reader - Super Suzy - American Shine For Teens - Student's Book - Pack 6 - Judy Garton-Sprenger e Philip Prowse
			Igorando Pelo Filtro de Nome...
		Nome do Produto: Livro - Regras Para Bem Viver - Robert Dosley
			Igorando Pelo Filtro de Nome...
		Nome do Produto: Livro - Forca de Um Misterio, a - Romance
			Igorando Pelo Filtro de Nome...
		Nome do Produto: Livro - Percepções do Verdadeiro Sentido da Vida - Volume 02
			Igorando Pelo Filtro de Nome...
		Nome do Produto: Livro - O Elfo e a Sereia
			Igorando Pelo Filtro de Nome...
		Nome do Produto: Livro - Bruxismo
			Igorando Pelo Filtro de Nome...
		Nome do Produto: Livro - Houses in Impossible Places / Casas en lugares Imposibles - Bilíngue
			Igorando Pelo Filtro de Nome...
		Nome do Produto: Perfect Tenses: Como Entender e Empregar - Teoria e Exercícios
			Igorando Pelo Filtro de Nome...
		Nome do Produto: Controle de jogos para smartphones e Tablets Android Gametel
			Igorando Pelo Filtro de Nome...
		Nome do Produto: DVD - Cavaleiros do Zodíaco: Os Cavaleiros de Prata - Volume 6
			Igorando Pelo Filtro de Nome...
	Tempo Para buscar: 1088
Loja: Extra
	URL Principal: http://www.extra.com.br/
	URL Busca: http://buscando.extra.com.br/search?w=<BUSCA>
http://buscando.extra.com.br/search?w=Shin+Megami+Tensei
		Documento Lido
		Resultados: 1
		Nome do Produto: Jogo Shin Megami Tensei IV - 3DS
http://buscando.extra.com.br/search?p=R&srid=S1-USWSD01&lbc=extra&w=Shin%20Megami%20Tensei&url=http%3a%2f%2fproduto.extra.com.br%2f3380467%3f&rk=1&uid=598612382&sid=2&ts=custom&rsc=K%3aKF1Fz2-LCvDRL9&method=and&isort=score&view=grid
		Acessando URL do produto.
	Tempo Para buscar: 3053
Loja: Fast Games
	URL Principal: http://www.fastgames.com.br/
	URL Busca: http://www.fastgames.com.br/loja/busca.php?loja=187970&palavra_busca=<BUSCA>
http://www.fastgames.com.br/loja/busca.php?loja=187970&palavra_busca=Shin+Megami+Tensei
		Documento Lido
		Resultados: 4
		Nome do Produto: Persona 4 Arena - PS3
			Igorando Pelo Filtro de Nome...
		Nome do Produto: Persona 4 Arena - XBOX 360
			Igorando Pelo Filtro de Nome...
		Nome do Produto: Shin Megami Tensei Devil Summoner: Soul Hackers - 3DS
http://www.fastgames.com.br//shin-megami-tensei-devil-summoner-soul-hackers-3ds-pr-6311-187970.htm
		Acessando URL do produto.
		Nome do Produto: Shin Megami Tensei IV - 3DS
http://www.fastgames.com.br//shin-megami-tensei-iv-3ds-pr-6969-187970.htm
		Acessando URL do produto.
	Tempo Para buscar: 3593
Loja: Fast Shop
	URL Principal: http://www.fastshop.com.br/loja/
	URL Busca: http://www.fastshop.com.br/webapp/wcs/stores/servlet/SearchDisplay?searchTerm=<BUSCA>&categoryId=&storeId=10151&catalogId=11052&langId=-6&pageSize=9&beginIndex=0&sType=SimpleSearch&resultCatEntryType=2&showResultsPage=true&searchSource=Q&pageView=&hotsite=fastshop
http://www.fastshop.com.br/webapp/wcs/stores/servlet/SearchDisplay?searchTerm=Shin+Megami+Tensei&categoryId=&storeId=10151&catalogId=11052&langId=-6&pageSize=9&beginIndex=0&sType=SimpleSearch&resultCatEntryType=2&showResultsPage=true&searchSource=Q&pageView=&hotsite=fastshop
		Documento Lido
		Resultados: 0
	Tempo Para buscar: 1141
Loja: FNAC
	URL Principal: http://www.fnac.com.br/index.html
	URL Busca: http://busca.fnac.com.br/?busca=<BUSCA>
http://busca.fnac.com.br/?busca=Shin+Megami+Tensei
		Documento Lido
		Resultados: 20
		Nome do Produto: Shine
			Igorando Pelo Filtro de Nome...
		Nome do Produto: O Metrô Vem Correndo...
			Igorando Pelo Filtro de Nome...
		Nome do Produto: Shine On
			Igorando Pelo Filtro de Nome...
		Nome do Produto: O Porco Mais Elegante do Mundo
			Igorando Pelo Filtro de Nome...
		Nome do Produto: A Cor do Sabor - A Culinária Afetiva de Shin Koike
			Igorando Pelo Filtro de Nome...
		Nome do Produto: Shine A Light - The Rolling Stone
			Igorando Pelo Filtro de Nome...
		Nome do Produto: The Rolling Stones Shine A Light (DVD)
			Igorando Pelo Filtro de Nome...
		Nome do Produto: Martin Scorcese - Shine A Light (2 CDs)
			Igorando Pelo Filtro de Nome...
		Nome do Produto: O Cinema de Ozu Vol. 2 (3 DVDs)
			Igorando Pelo Filtro de Nome...
		Nome do Produto: O Cinema de Ozu (3 DVDs)
			Igorando Pelo Filtro de Nome...
		Nome do Produto: 007 - na Mira dos Assassinos (DVD)
			Igorando Pelo Filtro de Nome...
		Nome do Produto: Casa Mexicana
			Igorando Pelo Filtro de Nome...
		Nome do Produto: Tela Retratil 84" 1:1- Sumay
			Igorando Pelo Filtro de Nome...
		Nome do Produto: Hot December With Moxine
			Igorando Pelo Filtro de Nome...
		Nome do Produto: Tela Para Projeção C/ Tripé 84" 1:1 Sumay
			Igorando Pelo Filtro de Nome...
		Nome do Produto: Tela Retratil Para Projeção 150" 4:3 Sumay
			Igorando Pelo Filtro de Nome...
		Nome do Produto: Bíblia Sagrada - Presente de Casamento
			Igorando Pelo Filtro de Nome...
		Nome do Produto: Bíblia Vida Melhor - Mulher
			Igorando Pelo Filtro de Nome...
		Nome do Produto: Bíblia Vida Melhor - Líder
			Igorando Pelo Filtro de Nome...
		Nome do Produto: Bíblia Vida Melhor - Boas -novas
			Igorando Pelo Filtro de Nome...
	Tempo Para buscar: 1329
Loja: Kabum
	URL Principal: http://www.kabum.com.br/
	URL Busca: http://www.kabum.com.br/cgi-local/site/listagem/listagem.cgi?string=<BUSCA>&btnG=
http://www.kabum.com.br/cgi-local/site/listagem/listagem.cgi?string=Shin+Megami+Tensei&btnG=
		Documento Lido
		Resultados: 0
	Tempo Para buscar: 310
Loja: Livraria Cultura
	URL Principal: http://www.livrariacultura.com.br/
	URL Busca: http://www.livrariacultura.com.br/busca?N=0&Ntt=<BUSCA>
http://www.livrariacultura.com.br/busca?N=0&Ntt=Shin+Megami+Tensei
		Documento Lido
		Resultados: 7
		Nome do Produto: SHIN MEGAMI TENSEI (KAHN) VOLUME 1
http://www.livrariacultura.com.br/p/shin-megami-tensei-kahn-volume-1-2180129
		Acessando URL do produto.
		Nome do Produto: SHIN MEGAMI TENSEI (KAHN) VOLUME 2
http://www.livrariacultura.com.br/p/shin-megami-tensei-kahn-volume-2-2345786
		Acessando URL do produto.
		Nome do Produto: SHIN MEGAMI TENSEI (KAHN) VOLUME 3
http://www.livrariacultura.com.br/p/shin-megami-tensei-kahn-volume-3-2431847
		Acessando URL do produto.
		Nome do Produto: DYSTOPIAN FICTION
			Igorando Pelo Filtro de Nome...
		Nome do Produto: FREE ONLINE GAMES
			Igorando Pelo Filtro de Nome...
		Nome do Produto: CAVE
			Igorando Pelo Filtro de Nome...
		Nome do Produto: 1995 ANIME OVAS
			Igorando Pelo Filtro de Nome...
	Tempo Para buscar: 1837
Loja: Magazine Luiza
	URL Principal: http://www.magazineluiza.com.br/
	URL Busca: http://www.magazineluiza.com.br/busca/<BUSCA>/
http://www.magazineluiza.com.br/busca/Shin+Megami+Tensei/
		Documento Lido
		Resultados: 0
	Tempo Para buscar: 610
Loja: Mula Games
	URL Principal: http://www.mulagames.com.br/
	URL Busca: http://www.mulagames.com.br/produtos-index/catalogo_produtos/-/-/<BUSCA>/-/-/-/-/-/
http://www.mulagames.com.br/produtos-index/catalogo_produtos/-/-/Shin%20Megami%20Tensei/-/-/-/-/-/
		Documento Lido
		Resultados: 3
		Nome do Produto: Shin Megami Tensei: Devil Summoner Soul Hackers (com Music CD) - 3DS
http://www.mulagames.com.br/Shin-Megami-Tensei--Devil-Summoner-Soul-Hackers--com-Music-CD--3DS/prod-1233868/
		Acessando URL do produto.
http://www.mulagames.com.br/produto-ajax_retorna_dados_preco_comprar/1233868
		Acessando URL do preço produto.
		Nome do Produto: Shin Megami Tensei: Devil Survivor Overclocked - 3DS
http://www.mulagames.com.br/Shin-Megami-Tensei--Devil-Survivor-Overclocked-3DS/prod-457527/
		Acessando URL do produto.
http://www.mulagames.com.br/produto-ajax_retorna_dados_preco_comprar/457527
		Acessando URL do preço produto.
		Nome do Produto: Shin Megami Tensei IV - 3DS
http://www.mulagames.com.br/Shin-Megami-Tensei-IV-3DS/prod-1521116/
		Acessando URL do produto.
http://www.mulagames.com.br/produto-ajax_retorna_dados_preco_comprar/1521116
		Acessando URL do preço produto.
	Tempo Para buscar: 4233
Loja: Net Shoes
	URL Principal: http://www.netshoes.com.br/
	URL Busca: http://www.netshoes.com.br/search?Ntt=<BUSCA>
http://www.netshoes.com.br/search?Ntt=Shin+Megami+Tensei
		Documento Lido
		Resultados: 6
		Nome do Produto: Chuteira Mizuno Morelia Neo Shin IN
			Igorando Pelo Filtro de Nome...
		Nome do Produto: Chuteira Mizuno Morelia Neo Shin MD
			Igorando Pelo Filtro de Nome...
		Nome do Produto: Chuteira Mizuno Neo Shin IN Infantil
			Igorando Pelo Filtro de Nome...
		Nome do Produto: Chuteira Mizuno Morelia Neo Shin AS Infantil
			Igorando Pelo Filtro de Nome...
		Nome do Produto: Chuteira Mizuno Morelia Neo Shin IN
			Igorando Pelo Filtro de Nome...
		Nome do Produto: Chuteira Mizuno Morelia Neo Shin AS Infantil
			Igorando Pelo Filtro de Nome...
	Tempo Para buscar: 142
Loja: Ponto Frio
	URL Principal: http://www.pontofrio.com.br/
	URL Busca: http://search.pontofrio.com.br/search?w=<BUSCA>
http://search.pontofrio.com.br/search?w=Shin+Megami+Tensei
		Documento Lido
		Resultados: 1
		Nome do Produto: Livro - Fuga do Campo 14 - Blaine Harden
			Igorando Pelo Filtro de Nome...
		Nome do Produto: Blu-Ray - Paixão Inocente - Breathe In
			Igorando Pelo Filtro de Nome...
		Nome do Produto: DVD - Paixão Inocente - Breathe In
			Igorando Pelo Filtro de Nome...
		Nome do Produto: Livro - Por Favor, Cuide da Mamãe
			Igorando Pelo Filtro de Nome...
		Nome do Produto: Livro - A Casa de Chá
			Igorando Pelo Filtro de Nome...
		Nome do Produto: Livro - Nana - Volume 6 - Ai Yazawa
			Igorando Pelo Filtro de Nome...
		Nome do Produto: Livro - O Metrô Vem Correndo... Edição Bílingue (Português/Coreano) - Dong-Jun Shin
			Igorando Pelo Filtro de Nome...
		Nome do Produto: Livro - Nao Hara: Culinária Japonesa, Sabores Tropicais - Danubia Barbara, Nao Hara
			Igorando Pelo Filtro de Nome...
		Nome do Produto: Livro - Filho do Hamas: um Relato Impressionante Sobre Terrorismo, Traição, Intrigas Políticas e Escolhas Impensáveis
			Igorando Pelo Filtro de Nome...
		Nome do Produto: Livro - American Shine F/teens Teacher's Guide 5 - Kathryn Johnston
			Igorando Pelo Filtro de Nome...
		Nome do Produto: Livro - American Shine 3 Student's Book - Judy Garton-Sprenger
			Igorando Pelo Filtro de Nome...
		Nome do Produto: Livro + 2 CDs + Reader - Super Suzy - American Shine For Teens - Student's Book - Pack 6 - Judy Garton-Sprenger e Philip Prowse
			Igorando Pelo Filtro de Nome...
		Nome do Produto: Livro - Regras Para Bem Viver - Robert Dosley
			Igorando Pelo Filtro de Nome...
		Nome do Produto: Livro - Forca de Um Misterio, a - Romance
			Igorando Pelo Filtro de Nome...
		Nome do Produto: DVD - Nickelback: Live At Sturgis 2006 - Importado
			Igorando Pelo Filtro de Nome...
		Nome do Produto: Livro - Percepções do Verdadeiro Sentido da Vida - Volume 02
			Igorando Pelo Filtro de Nome...
		Nome do Produto: Livro - O Elfo e a Sereia
			Igorando Pelo Filtro de Nome...
		Nome do Produto: Livro - Bruxismo
			Igorando Pelo Filtro de Nome...
		Nome do Produto: Livro - Houses in Impossible Places / Casas en lugares Imposibles - Bilíngue
			Igorando Pelo Filtro de Nome...
		Nome do Produto: Perfect Tenses: Como Entender e Empregar - Teoria e Exercícios
			Igorando Pelo Filtro de Nome...
		Nome do Produto: Livro - Fuga do Campo 14 - Blaine Harden
			Igorando Pelo Filtro de Nome...
		Nome do Produto: Blu-Ray - Paixão Inocente - Breathe In
			Igorando Pelo Filtro de Nome...
		Nome do Produto: DVD - Paixão Inocente - Breathe In
			Igorando Pelo Filtro de Nome...
		Nome do Produto: Livro - Por Favor, Cuide da Mamãe
			Igorando Pelo Filtro de Nome...
		Nome do Produto: Livro - A Casa de Chá
			Igorando Pelo Filtro de Nome...
		Nome do Produto: Livro - Nana - Volume 6 - Ai Yazawa
			Igorando Pelo Filtro de Nome...
		Nome do Produto: Livro - O Metrô Vem Correndo... Edição Bílingue (Português/Coreano) - Dong-Jun Shin
			Igorando Pelo Filtro de Nome...
		Nome do Produto: Livro - Nao Hara: Culinária Japonesa, Sabores Tropicais - Danubia Barbara, Nao Hara
			Igorando Pelo Filtro de Nome...
		Nome do Produto: Livro - Filho do Hamas: um Relato Impressionante Sobre Terrorismo, Traição, Intrigas Políticas e Escolhas Impensáveis
			Igorando Pelo Filtro de Nome...
		Nome do Produto: Livro - American Shine F/teens Teacher's Guide 5 - Kathryn Johnston
			Igorando Pelo Filtro de Nome...
		Nome do Produto: Livro - American Shine 3 Student's Book - Judy Garton-Sprenger
			Igorando Pelo Filtro de Nome...
		Nome do Produto: Livro + 2 CDs + Reader - Super Suzy - American Shine For Teens - Student's Book - Pack 6 - Judy Garton-Sprenger e Philip Prowse
			Igorando Pelo Filtro de Nome...
		Nome do Produto: Livro - Regras Para Bem Viver - Robert Dosley
			Igorando Pelo Filtro de Nome...
		Nome do Produto: Livro - Forca de Um Misterio, a - Romance
			Igorando Pelo Filtro de Nome...
		Nome do Produto: DVD - Nickelback: Live At Sturgis 2006 - Importado
			Igorando Pelo Filtro de Nome...
		Nome do Produto: Livro - Percepções do Verdadeiro Sentido da Vida - Volume 02
			Igorando Pelo Filtro de Nome...
		Nome do Produto: Livro - O Elfo e a Sereia
			Igorando Pelo Filtro de Nome...
		Nome do Produto: Livro - Bruxismo
			Igorando Pelo Filtro de Nome...
		Nome do Produto: Livro - Houses in Impossible Places / Casas en lugares Imposibles - Bilíngue
			Igorando Pelo Filtro de Nome...
		Nome do Produto: Perfect Tenses: Como Entender e Empregar - Teoria e Exercícios
			Igorando Pelo Filtro de Nome...
	Tempo Para buscar: 1784
Loja: Ricardo Eletro
	URL Principal: http://www.ricardoeletro.com.br/
	URL Busca: http://www.ricardoeletro.com.br/Busca/Resultado/?q=<BUSCA>
http://www.ricardoeletro.com.br/Busca/Resultado/?q=Shin+Megami+Tensei
		Documento Lido
		Resultados: 0
	Tempo Para buscar: 1224
Loja: RiHappy
	URL Principal: http://www.rihappy.com.br/
	URL Busca: http://www.rihappy.com.br/<BUSCA>
http://www.rihappy.com.br/Shin%20Megami%20Tensei
		Documento Lido
		Resultados: 18
		Nome do Produto: Boneca Adora Doll - My Heart - Shiny Toys - Adora Doll
			Igorando Pelo Filtro de Nome...
		Nome do Produto: Cadeira de Balanço - Bouncer Sunshine Baby Pets World - Safety 1st - Cadeirinha de Descanso
			Igorando Pelo Filtro de Nome...
		Nome do Produto: Boneca Adora Doll - Woof Boy - Shiny Toys - Adora Doll
			Igorando Pelo Filtro de Nome...
		Nome do Produto: Boneca Adora Doll - Mon Cheri - Shiny Toys - Adora Doll
			Igorando Pelo Filtro de Nome...
		Nome do Produto: Boneca Adora Doll - Polka Dotty - Shiny Toys - Adora Doll
			Igorando Pelo Filtro de Nome...
		Nome do Produto: Boneca Adora Doll - Glirly Girl - Shiny Toys - Adora Doll
			Igorando Pelo Filtro de Nome...
		Nome do Produto: Boneca Adora Doll - Party Perfect - Shiny Toys - Adora Doll
			Igorando Pelo Filtro de Nome...
		Nome do Produto: Boneca Adora Doll - Tickled Pink - Shiny Toys - Adora Doll
			Igorando Pelo Filtro de Nome...
		Nome do Produto: Boneca Adora Doll - Licorice Striped - Shiny Toys - Adora Doll
			Igorando Pelo Filtro de Nome...
		Nome do Produto: Boneca Adora Doll - Love & Joy - Shiny Toys - Adora Doll
			Igorando Pelo Filtro de Nome...
		Nome do Produto: Boneca Adora Doll - Let´s Play - Shiny Toys - Adora Doll
			Igorando Pelo Filtro de Nome...
		Nome do Produto: Boneca Adora Doll - Circus Fun - Shiny Toys - Adora Doll
			Igorando Pelo Filtro de Nome...
		Nome do Produto: Boneca Adora Doll - Lion Love - Shiny Toys - Adora Doll
			Igorando Pelo Filtro de Nome...
		Nome do Produto: Boneca Adora Doll - Summer Breeze - Shiny Toys - Adora Doll
			Igorando Pelo Filtro de Nome...
		Nome do Produto: Boneca Adora Doll - Seeing Spots - Shiny Toys - Adora Doll
			Igorando Pelo Filtro de Nome...
		Nome do Produto: Boneca Adora Doll - Twist of Lime - Shiny Toys - Adora Doll
			Igorando Pelo Filtro de Nome...
		Nome do Produto: Boneca Adora Doll - Balancing Act - Shiny Toys - Adora Doll
			Igorando Pelo Filtro de Nome...
		Nome do Produto: Boneca Adora Doll - Branca de Neve - Shiny Toys - Adora Doll
			Igorando Pelo Filtro de Nome...
	Tempo Para buscar: 1288
Loja: Saraiva
	URL Principal: http://www.saraiva.com.br/
	URL Busca: http://busca.saraiva.com.br/search?w=<BUSCA>&PAC_ID=129457&ts=ajax
http://busca.saraiva.com.br/search?w=Shin+Megami+Tensei&PAC_ID=129457&ts=ajax
		Documento Lido
		Resultados: 30
		Nome do Produto: Victorious: Time To Shine - X360
			Igorando Pelo Filtro de Nome...
		Nome do Produto: Making Tens
			Igorando Pelo Filtro de Nome...
		Nome do Produto: Counting By Tens
			Igorando Pelo Filtro de Nome...
		Nome do Produto: Eight Tens Eight Festival
			Igorando Pelo Filtro de Nome...
		Nome do Produto: Tense
			Igorando Pelo Filtro de Nome...
		Nome do Produto: Hacer Decenas / Making Tens
			Igorando Pelo Filtro de Nome...
		Nome do Produto: Shine
			Igorando Pelo Filtro de Nome...
		Nome do Produto: Shine
			Igorando Pelo Filtro de Nome...
		Nome do Produto: Down Cut Shin Creek
			Igorando Pelo Filtro de Nome...
		Nome do Produto: Shine
			Igorando Pelo Filtro de Nome...
		Nome do Produto: Sir Cumference And All the King's Tens
			Igorando Pelo Filtro de Nome...
		Nome do Produto: Sir Cumference And All the King's Tens
			Igorando Pelo Filtro de Nome...
		Nome do Produto: Good-Bye, 382 Shin Dang Dong
			Igorando Pelo Filtro de Nome...
		Nome do Produto: Future Tense
			Igorando Pelo Filtro de Nome...
		Nome do Produto: Binary Tense
			Igorando Pelo Filtro de Nome...
		Nome do Produto: Binary Tense
			Igorando Pelo Filtro de Nome...
		Nome do Produto: Present Tense
			Igorando Pelo Filtro de Nome...
		Nome do Produto: Past Tense
			Igorando Pelo Filtro de Nome...
		Nome do Produto: Past Tense
			Igorando Pelo Filtro de Nome...
		Nome do Produto: Present Tense
			Igorando Pelo Filtro de Nome...
		Nome do Produto: Past Tense
			Igorando Pelo Filtro de Nome...
		Nome do Produto: Tense Commandments
			Igorando Pelo Filtro de Nome...
		Nome do Produto: Tense Commandments
			Igorando Pelo Filtro de Nome...
		Nome do Produto: Past Tense
			Igorando Pelo Filtro de Nome...
		Nome do Produto: Tense Past
			Igorando Pelo Filtro de Nome...
		Nome do Produto: Crayon Shin Chan - Vol. 2
			Igorando Pelo Filtro de Nome...
		Nome do Produto: Lairg Loch Shin Naver 1/50 000
			Igorando Pelo Filtro de Nome...
		Nome do Produto: Divine Inspirations of Florence Scovel Shin
			Igorando Pelo Filtro de Nome...
		Nome do Produto: Altor T4 Immortels de Shin Kara (les)
			Igorando Pelo Filtro de Nome...
		Nome do Produto: Naturalness: A Classic Of Shin Buddhism: A Classic…
			Igorando Pelo Filtro de Nome...
	Tempo Para buscar: 1938
Loja: Shop Facil
	URL Principal: http://ww2.shopfacil.com.br/
	URL Busca: http://ww2.shopfacil.com.br/<BUSCA>
http://ww2.shopfacil.com.br/Shin%20Megami%20Tensei
		Documento Lido
		Resultados: 15
		Nome do Produto: Livro - O Metrô Vem Correndo... Edição Bílingue (Português/Coreano) - Dong-Jun Shin
			Igorando Pelo Filtro de Nome...
		Nome do Produto: Livro - O Futuro da MEGAMIDIA - Kevin Maney
			Igorando Pelo Filtro de Nome...
		Nome do Produto: Livro - Washington
			Igorando Pelo Filtro de Nome...
		Nome do Produto: CD - Let It Shine
			Igorando Pelo Filtro de Nome...
		Nome do Produto: Livro - Acupuntura Japonesa: Akabane, Hinaishin e Shonishin
			Igorando Pelo Filtro de Nome...
		Nome do Produto: Shine On Biosilk - Spray de Brilho
			Igorando Pelo Filtro de Nome...
		Nome do Produto: DVD - Sherlock Holmes Em Washington
			Igorando Pelo Filtro de Nome...
		Nome do Produto: DVD - Tempestade Sobre Washington
			Igorando Pelo Filtro de Nome...
		Nome do Produto: Livro - Dois Papagaios - Rashin
			Igorando Pelo Filtro de Nome...
		Nome do Produto: Livro - Washington - Manual de Oncologia
			Igorando Pelo Filtro de Nome...
		Nome do Produto: DVD - Sunshine Pop
			Igorando Pelo Filtro de Nome...
		Nome do Produto: Washington Square - Level 4
			Igorando Pelo Filtro de Nome...
		Nome do Produto: Livro - Na Fazenda - Autumn Publishing
			Igorando Pelo Filtro de Nome...
		Nome do Produto: Livro - Washington - Manual de Cirurgia
			Igorando Pelo Filtro de Nome...
		Nome do Produto: Water Shine Maybelline - Batom
			Igorando Pelo Filtro de Nome...
	Tempo Para buscar: 1855
Loja: Shop Time
	URL Principal: http://www.shoptime.com.br/
	URL Busca: http://busca.shoptime.com.br/busca.php?q=<BUSCA>
http://busca.shoptime.com.br/busca.php?q=Shin+Megami+Tensei
		Documento Lido
		Resultados: 1
		Nome do Produto: Game Shin Megami Tensei Devil Summoner PS2
http://busca.shoptime.com.br/produto.php?link=http://www.shoptime.com.br/produto/344480/game-shin-megami-tensei-devil-summoner-ps2&ranking=1&sessao=U09G6EZWZ40W7&idbusca=3d6d208e700415fa3ddaba23c19d47a7261c4277&idproduto=344480
		Acessando URL do produto.
	Tempo Para buscar: 2872
Loja: ShopB
	URL Principal: http://www.shopb.com.br/
	URL Busca: http://busca.shopb.com.br/?busca=<BUSCA>
http://busca.shopb.com.br/?busca=Shin+Megami+Tensei
		Documento Lido
		Resultados: 30
		Nome do Produto: Adaptador - Placa de Som Usb 7.1 p/Entrada P2 Fone Microfone - PS3
			Igorando Pelo Filtro de Nome...
		Nome do Produto: Boneco Disney Infinity: Lightning McQueen e Holley Shiftwell - XBOX 360, PS3
			Igorando Pelo Filtro de Nome...
		Nome do Produto: Cabo Carregador - Sony Ericson
			Igorando Pelo Filtro de Nome...
		Nome do Produto: Cabo HDMI 1.9m - Sony PS3/ PS4
			Igorando Pelo Filtro de Nome...
		Nome do Produto: Caixa de Som 2.0 Multimídia - Coletek
			Igorando Pelo Filtro de Nome...
		Nome do Produto: Caixa de Som Kolke c/ Controle Remoto - Preto
			Igorando Pelo Filtro de Nome...
		Nome do Produto: Caixa de Som Kolke c/ Controle Remoto - Vermelho
			Igorando Pelo Filtro de Nome...
		Nome do Produto: Caixa de Som Mini System USB Direct / MP3 / CD / DVD - Philips
			Igorando Pelo Filtro de Nome...
		Nome do Produto: Caixas de Som Kolke Multimídia - Preto
			Igorando Pelo Filtro de Nome...
		Nome do Produto: Caixas de Som Kolke Multimídia - Vermelho
			Igorando Pelo Filtro de Nome...
		Nome do Produto: Caixas de Som Kolke Multimídia - Violeta
			Igorando Pelo Filtro de Nome...
		Nome do Produto: Caixas de Som Kolke Multimídia USB - Preto
			Igorando Pelo Filtro de Nome...
		Nome do Produto: Caixas de Som Kolke Multimídia USB - Verde
			Igorando Pelo Filtro de Nome...
		Nome do Produto: Caixas de Som Kolke Multimídia USB - Vermelho
			Igorando Pelo Filtro de Nome...
		Nome do Produto: Caixas de Som Multimídia - K-Mex
			Igorando Pelo Filtro de Nome...
		Nome do Produto: Carregador para Controles Playstation Move - Original Sony - PS3
			Igorando Pelo Filtro de Nome...
		Nome do Produto: Carrier Command: GAEA Mission - XBOX 360
			Igorando Pelo Filtro de Nome...
		Nome do Produto: Case de Couro Reforçado p/ PS Vita - Sony
			Igorando Pelo Filtro de Nome...
		Nome do Produto: Celular Blu Amour feito c/ Swarovski Zirconia Dual Sim com Câmera integrada, TV, Rádio FM/AM e Micro SD - Branco
			Igorando Pelo Filtro de Nome...
		Nome do Produto: Celular Blu Dash 3.5 Dual Sim com Câmera integrada, Wi-Fi, Rádio FM/AM e Micro SD - Branco
			Igorando Pelo Filtro de Nome...
		Nome do Produto: Celular Blu Dash 3.5 Dual Sim com Câmera integrada, Wi-Fi, Rádio FM/AM e Micro SD - Preto
			Igorando Pelo Filtro de Nome...
		Nome do Produto: Celular Blu Diva Dual Sim com Câmera integrada, TV, Rádio FM/AM e Micro SD - Preto
			Igorando Pelo Filtro de Nome...
		Nome do Produto: Celular Blu Jenny TV Dual Sim com Câmera integrada, TV, Rádio FM/AM e Micro SD - Branco
			Igorando Pelo Filtro de Nome...
		Nome do Produto: Celular Blu Jenny TV Dual Sim com Câmera integrada, TV, Rádio FM/AM e Micro SD - Branco / Azul
			Igorando Pelo Filtro de Nome...
		Nome do Produto: Celular Blu Jenny TV Dual Sim com Câmera integrada, TV, Rádio FM/AM e Micro SD - Branco / Lima
			Igorando Pelo Filtro de Nome...
		Nome do Produto: Celular Blu Jenny TV Dual Sim com Câmera integrada, TV, Rádio FM/AM e Micro SD - Branco / Rosa
			Igorando Pelo Filtro de Nome...
		Nome do Produto: Celular Blu Jenny TV Dual Sim com Câmera integrada, TV, Rádio FM/AM e Micro SD - Preto / Amarelo
			Igorando Pelo Filtro de Nome...
		Nome do Produto: Celular Blu Samba JR Teclado Qwerty com Câmera integrada 1.3MP, Dual Sim, Rádio FM e Micro SD - Prata
			Igorando Pelo Filtro de Nome...
		Nome do Produto: Celular Blu Samba JR Teclado Qwerty com Câmera integrada 1.3MP, Dual Sim, Rádio FM e Micro SD - Vermelho
			Igorando Pelo Filtro de Nome...
		Nome do Produto: Celular Blu Tank c/ Lanterna, Câmera integrada, Antena FM e Micro SD - Preto / Azul
			Igorando Pelo Filtro de Nome...
	Tempo Para buscar: 820
Loja: Submarino
	URL Principal: http://www.submarino.com.br/
	URL Busca: http://busca.submarino.com.br/busca.php?q=<BUSCA>
http://busca.submarino.com.br/busca.php?q=Shin+Megami+Tensei
		Documento Lido
		Resultados: 1
		Nome do Produto: Game Shin Megami Tensei Devil Summoner PS2
http://busca.submarino.com.br/produto.php?link=http://www.submarino.com.br/produto/344480/game-shin-megami-tensei-devil-summoner-ps2&ranking=1&sessao=U09G6ITQFDW47&idbusca=f50a865f1d8428cf082c0b3f7d49bfe51c841686&idproduto=344480
		Acessando URL do produto.
	Tempo Para buscar: 2586
Loja: Walmart
	URL Principal: http://www.walmart.com.br/
	URL Busca: http://www.walmart.com.br/busca/?ft=<BUSCA>&PS=20
http://www.walmart.com.br/busca/?ft=Shin+Megami+Tensei&PS=20
		Documento Lido
		Resultados: 2
		Nome do Produto: Shin Megami Tensei IV N3DS
http://www.walmart.com.br//produto/Games/Jogos-para-Nintendo-3DS/Atlus/2377084m-shin_megami_tensei_iv_n3ds
		Acessando URL do produto.
		Nome do Produto: Shin Megami Tensei: Devil Survivor Overclocked - 3DS
http://www.walmart.com.br//produto/Games/Jogos-para-Nintendo-3DS/Atlus/2255247m-shin_megami_tensei_devil_survivor_overclocked_3ds
		Acessando URL do produto.
	Tempo Para buscar: 3588

File copied from C:\java\rep\lookforprices\resources\imports\css.css to C:\java\rep\lookforprices\reports\2015-01-21 15\css.css
File copied from C:\java\rep\lookforprices\resources\imports\jquery.js to C:\java\rep\lookforprices\reports\2015-01-21 15\jquery.js
File copied from C:\java\rep\lookforprices\resources\imports\scripts.js to C:\java\rep\lookforprices\reports\2015-01-21 15\scripts.js
Tempo total de execução: 51168
