Game: Star fox 64
Loja: Nintendo eShop
	URL Principal: http://www.nintendo.com/3ds/eshop
	URL Busca: http://www.nintendo.com/json/content/get/game/filter?&&&&qterm=<BUSCA>
NintendoEShopSearch.search() http://www.nintendo.com/json/content/get/game/filter?&&&&qterm=Star+fox+64
		Documento Lido
		Resultados: 3
		Nome do Produto: Star Fox 64 3D
http://www.nintendo.com/games/detail/0j1gpK8X4abgC1PE17H7K9PGo5ehd1QR
		Acessando URL do produto.
URL = http://www.nintendo.com/games/detail/0j1gpK8X4abgC1PE17H7K9PGo5ehd1QR
		Nome do Produto: Rock Band 2
			Igorando Pelo Filtro de Nome...
		Nome do Produto: Star Fox 64
http://www.nintendo.com/games/detail/D8mJHx13Obly-Le1Pvg4tzvMncaVfRmZ
		Acessando URL do produto.
URL = http://www.nintendo.com/games/detail/D8mJHx13Obly-Le1Pvg4tzvMncaVfRmZ
	Tempo Para buscar: 1729
Loja: Americanas
	URL Principal: http://www.americanas.com.br/
	URL Busca: http://busca.americanas.com.br/busca.php?q=<BUSCA>
http://busca.americanas.com.br/busca.php?q=Star+fox+64
		Documento Lido
		Resultados: 30
		Nome do Produto: Coleção Dvd Star Wars - A Saga Completa (6 discos)
			Igorando Pelo Filtro de Nome...
		Nome do Produto: Boneco Star Wars Obi-Wan Kenobi - Hasbro
			Igorando Pelo Filtro de Nome...
		Nome do Produto: Star Wars Veículo Class Li - Hasbro
			Igorando Pelo Filtro de Nome...
		Nome do Produto: Star Wars Black Series Dak Ralter - Hasbro
			Igorando Pelo Filtro de Nome...
		Nome do Produto: Starwars Mission 2 Bonecos Obi-Wan Kenobi e General Grievous Hasbro
			Igorando Pelo Filtro de Nome...
		Nome do Produto: Star Wars Black Series Luke Skywalker - Hasbro
			Igorando Pelo Filtro de Nome...
		Nome do Produto: Star Wars Republic Gunship to Clone Pilot - Hasbro
			Igorando Pelo Filtro de Nome...
		Nome do Produto: Star Wars Fightpod Propulsor com 4 Figuras A0693/A0694 - Hasbro
			Igorando Pelo Filtro de Nome...
		Nome do Produto: Star Wars Black Series Bastila Shan - Hasbro
			Igorando Pelo Filtro de Nome...
		Nome do Produto: Star Wars Mestre Yoda - Hasbro
			Igorando Pelo Filtro de Nome...
		Nome do Produto: Star Wars Black Series Toryn Fair - Hasbro
			Igorando Pelo Filtro de Nome...
		Nome do Produto: Star Wars Black Series Snowtropper - Hasbro
			Igorando Pelo Filtro de Nome...
		Nome do Produto: Star Wars Lanterna Chewbacca - DTC
			Igorando Pelo Filtro de Nome...
		Nome do Produto: Star Wars Lanterna Darth Vader - DTC
			Igorando Pelo Filtro de Nome...
		Nome do Produto: Star Wars Lanterna Mestre Yoda - DTC
			Igorando Pelo Filtro de Nome...
		Nome do Produto: Star Wars Lanterna R2-D2 - DTC
			Igorando Pelo Filtro de Nome...
		Nome do Produto: Star Wars Fighter Pods com 7 Figuras A0978/A0893 - Hasbro
			Igorando Pelo Filtro de Nome...
		Nome do Produto: Boneco Star Wars Luke Skywalker Black Series 6" - Hasbro
			Igorando Pelo Filtro de Nome...
		Nome do Produto: Boneco Star Wars Luke Skywalker - Hasbro
			Igorando Pelo Filtro de Nome...
		Nome do Produto: Conjunto Star Wars Command Millennium Falcon Hasbro
			Igorando Pelo Filtro de Nome...
		Nome do Produto: Boneco Star Wars 12'' Clone Trooper A0865/A0867 - Hasbro
			Igorando Pelo Filtro de Nome...
		Nome do Produto: Starwars Mission 2 Bonecos Han Solo e Chewbacca Hasbro
			Igorando Pelo Filtro de Nome...
		Nome do Produto: Boneco Star Wars StormTrooper - Hasbro
			Igorando Pelo Filtro de Nome...
		Nome do Produto: Boneco Star Wars Command Battle Pack Sandtrooper Strike Hasbro
			Igorando Pelo Filtro de Nome...
		Nome do Produto: Boneco Star Wars Obi-Wan Kenobi Black Series 6" - Hasbro
			Igorando Pelo Filtro de Nome...
		Nome do Produto: Boneco Star Wars Han Solo Black Series 6" - Hasbro
			Igorando Pelo Filtro de Nome...
		Nome do Produto: Sofá-Cama 3 Lugares Star Clean Chenille Cinza - Paropas
			Igorando Pelo Filtro de Nome...
		Nome do Produto: Moto Elétrica Pink Star - 6V-4AH - 20W - Speed 3KM/HR
			Igorando Pelo Filtro de Nome...
		Nome do Produto: Star Wars: The Force Unleashed Ii - Ps3
			Igorando Pelo Filtro de Nome...
		Nome do Produto: Blu-ray Coleção Star Wars: A Saga Completa (9 Discos)
			Igorando Pelo Filtro de Nome...
	Tempo Para buscar: 1155
Loja: Big Boy Games
	URL Principal: http://www.bigboygames.com.br/
	URL Busca: http://www.bigboygames.com.br/pesquisa/?p=<BUSCA>
http://www.bigboygames.com.br/pesquisa/?p=Star+fox+64
		Documento Lido
		Resultados*: 1
		Acessando URL do produto.
	Tempo Para buscar: 4001
Loja: Casas Bahia
	URL Principal: http://www.casasbahia.com.br/
	URL Busca: http://buscas.casasbahia.com.br/search?w=<BUSCA>
http://buscas.casasbahia.com.br/search?w=Star+fox+64
		Documento Lido
		Resultados: 1
		Nome do Produto: Impressora Jato de Tinta Colorida A3 ePrint 7110 Wide HP
			Igorando Pelo Filtro de Nome...
		Nome do Produto: Multifuncional Jato De Tinta Color Wireless Officejet 7612 Hp
			Igorando Pelo Filtro de Nome...
		Nome do Produto: Multifuncional Jato De Tinta Colorida Wireless Officejet Pro 276Dw Cr770a Hp
			Igorando Pelo Filtro de Nome...
		Nome do Produto: Multifuncional Jato De Tinta Colorida Wireless Ink Advantage 4646 Hp
			Igorando Pelo Filtro de Nome...
		Nome do Produto: Livro - Tudo Por um Pop Star
			Igorando Pelo Filtro de Nome...
		Nome do Produto: Livro - Coleção Talita Rebouças (03 Volumes)
			Igorando Pelo Filtro de Nome...
		Nome do Produto: Quarto Completo Infantil Ben10 Star Licenciado - Pura Magia
			Igorando Pelo Filtro de Nome...
		Nome do Produto: Multifuncional HP Laserjet M1536dnf MFP (Fax/Scanner/Copiadora /Ethernet RJ-45/USB 2.0 / 127 V)
			Igorando Pelo Filtro de Nome...
		Nome do Produto: Placa de vídeo R5 230 2GB DDR3 64BITS XFX - R5230ACNH2
			Igorando Pelo Filtro de Nome...
		Nome do Produto: Quarto Completo Infantil Carros Disney Star Licenciado - Pura Magia
			Igorando Pelo Filtro de Nome...
		Nome do Produto: Cartões de Memória SanDisk Extreme CompactFlash 64GB
			Igorando Pelo Filtro de Nome...
		Nome do Produto: Pen Drive SanDisk Ultra Fit 3.0 - 64GB
			Igorando Pelo Filtro de Nome...
		Nome do Produto: Monitor LED 23 Pol Full HD PHILIPS 239C4QHSW
			Igorando Pelo Filtro de Nome...
		Nome do Produto: Jogo Star Wars The Force Unleashed Ultimate Sith Edition para Download - PC
			Igorando Pelo Filtro de Nome...
		Nome do Produto: Ipad Mini Tela Retina 7,9" 64Gb Ios7 Wi-Fi Cinza Espacial Apple
			Igorando Pelo Filtro de Nome...
		Nome do Produto: Capacete para Skate Star 1016 - Azul
			Igorando Pelo Filtro de Nome...
		Nome do Produto: Capacete para Skate Star 1017 - Verde
			Igorando Pelo Filtro de Nome...
		Nome do Produto: Jogo Hasbro - Angry Birds Star Wars - Destroyer
			Igorando Pelo Filtro de Nome...
		Nome do Produto: Star Team: Pack with Student Book and Workbook with CD Rom - Level 2
			Igorando Pelo Filtro de Nome...
		Nome do Produto: Baby Garage
			Igorando Pelo Filtro de Nome...
	Tempo Para buscar: 1785
Loja: Extra
	URL Principal: http://www.extra.com.br/
	URL Busca: http://buscando.extra.com.br/search?w=<BUSCA>
http://buscando.extra.com.br/search?w=Star+fox+64
		Documento Lido
		Resultados: 12
		Nome do Produto: Amortecedor do porta-malas - Amortex - Fox/CrossFox - 2003 em diante - cada (unidade) - 96323
			Igorando Pelo Filtro de Nome...
		Nome do Produto: Braço do capô - Alternativo - Gol/Saveiro/Voyage - 2008 em diante - Fox 2003 em diante - lado do passageiro - cada (unidade)
			Igorando Pelo Filtro de Nome...
		Nome do Produto: Braço do capô - Alternativo - Gol/Saveiro/Voyage - 2008 em diante - Fox 2003 em diante - lado do motorista - cada (unidade)
			Igorando Pelo Filtro de Nome...
		Nome do Produto: Filtro de óleo - Bosch - Gol/Fox/Golf/Kombi/Logus/Parati/Apolo/Bora/Passat/Pointer - Spacefox/Crossfox/Troller RF 2.0/Seat Cordoba Ibiza - cada (u...
			Igorando Pelo Filtro de Nome...
		Nome do Produto: Retrovisor externo - SPJ - Fox - 2003 até 2009 - Space Fox - 2006 até 2009 - elétrico - preto - lado do passageiro - cada (unidade) - EB252
			Igorando Pelo Filtro de Nome...
		Nome do Produto: Retrovisor externo - SPJ - Fox - 2003 até 2009 - Space Fox - 2006 até 2009 - elétrico - preto - lado do motorista - cada (unidade) - EB251
			Igorando Pelo Filtro de Nome...
		Nome do Produto: Correia com perfil Poly-V - Goodyear - Polo 1.6 2002/ - Fox - SpaceFox - ver detalhes - cada (unidade) - 6PK0755
			Igorando Pelo Filtro de Nome...
		Nome do Produto: Filtro de óleo - Bosch - Gol/Fox/Crossfox/Parati/Golf/Polo 1.6 8/16v 99/08 - Komb 1.4 - cada (unidade) - 0986B00019
			Igorando Pelo Filtro de Nome...
		Nome do Produto: Retrovisor externo - Alternativo - Cofran - Fox 2003 até 2009 - SpaceFox 2006 até 2009 - elétrico - lado do passageiro - cada (unidade) - 1518.1
			Igorando Pelo Filtro de Nome...
		Nome do Produto: Retrovisor externo - Alternativo - Cofran - Fox 2003 até 2009 - SpaceFox 2006 até 2009 - elétrico - lado do motorista - cada (unidade) - 1519.0
			Igorando Pelo Filtro de Nome...
		Nome do Produto: Aplique do capô - Alternativo - Fox 2003 até 2010 - dianteiro - cada (unidade)
			Igorando Pelo Filtro de Nome...
		Nome do Produto: Acabamento externo do para-brisa - Fox/SpaceFox - 2003 até 2009 - inferior - cada (unidade)
			Igorando Pelo Filtro de Nome...
	Tempo Para buscar: 1498
Loja: Fast Games
	URL Principal: http://www.fastgames.com.br/
	URL Busca: http://www.fastgames.com.br/loja/busca.php?loja=187970&palavra_busca=<BUSCA>
http://www.fastgames.com.br/loja/busca.php?loja=187970&palavra_busca=Star+fox+64
		Documento Lido
		Resultados: 0
	Tempo Para buscar: 565
Loja: Fast Shop
	URL Principal: http://www.fastshop.com.br/loja/
	URL Busca: http://www.fastshop.com.br/webapp/wcs/stores/servlet/SearchDisplay?searchTerm=<BUSCA>&categoryId=&storeId=10151&catalogId=11052&langId=-6&pageSize=9&beginIndex=0&sType=SimpleSearch&resultCatEntryType=2&showResultsPage=true&searchSource=Q&pageView=&hotsite=fastshop
http://www.fastshop.com.br/webapp/wcs/stores/servlet/SearchDisplay?searchTerm=Star+fox+64&categoryId=&storeId=10151&catalogId=11052&langId=-6&pageSize=9&beginIndex=0&sType=SimpleSearch&resultCatEntryType=2&showResultsPage=true&searchSource=Q&pageView=&hotsite=fastshop
		Documento Lido
		Resultados: 0
	Tempo Para buscar: 472
Loja: FNAC
	URL Principal: http://www.fnac.com.br/index.html
	URL Busca: http://busca.fnac.com.br/?busca=<BUSCA>
http://busca.fnac.com.br/?busca=Star+fox+64
		Documento Lido
		Resultados: 20
		Nome do Produto: Star Trek - Além da Escuridão (DVD)
			Igorando Pelo Filtro de Nome...
		Nome do Produto: Lego Star Wars - O Império Detona Geral (DVD)
			Igorando Pelo Filtro de Nome...
		Nome do Produto: Lego Star Wars - A Ameaça Padawan (DVD)
			Igorando Pelo Filtro de Nome...
		Nome do Produto: Star Wars - A Saga Completa (blu-ray) (9 Discos)
			Igorando Pelo Filtro de Nome...
		Nome do Produto: Star Wars Trilogia Original (episódios 1-3) (3 DVDs)
			Igorando Pelo Filtro de Nome...
		Nome do Produto: Microsoft Office 365 Literatura Personal 32/64 Brasilian
			Igorando Pelo Filtro de Nome...
		Nome do Produto: Missão Fox - O Resgate dos Golfinhos
			Igorando Pelo Filtro de Nome...
		Nome do Produto: Microsoft Windows 8.1 32-bit/64-bit Brazilian Vup DVD
			Igorando Pelo Filtro de Nome...
		Nome do Produto: Microsoft Windows Pro 8.1 32-bit/64-bit Brazilian Vup DVD
			Igorando Pelo Filtro de Nome...
		Nome do Produto: Caught In The Act (DVD + CD)
			Igorando Pelo Filtro de Nome...
		Nome do Produto: Star Wars - Star Destroyer™
			Igorando Pelo Filtro de Nome...
		Nome do Produto: Brasil - de Getúlio A Castello (1930-64)
			Igorando Pelo Filtro de Nome...
		Nome do Produto: Guilherme Augusto Araujo Fernandes
			Igorando Pelo Filtro de Nome...
		Nome do Produto: Pobre George
			Igorando Pelo Filtro de Nome...
		Nome do Produto: Billie Holiday
			Igorando Pelo Filtro de Nome...
		Nome do Produto: Para Gostar de Contar
			Igorando Pelo Filtro de Nome...
		Nome do Produto: de Repente, É Ele - Livro 2
			Igorando Pelo Filtro de Nome...
		Nome do Produto: Um Amor Perfeito
			Igorando Pelo Filtro de Nome...
		Nome do Produto: Cocô de Dinossauro
			Igorando Pelo Filtro de Nome...
		Nome do Produto: de Repente, O Destino - Livro 3
			Igorando Pelo Filtro de Nome...
	Tempo Para buscar: 1291
Loja: Kabum
	URL Principal: http://www.kabum.com.br/
	URL Busca: http://www.kabum.com.br/cgi-local/site/listagem/listagem.cgi?string=<BUSCA>&btnG=
http://www.kabum.com.br/cgi-local/site/listagem/listagem.cgi?string=Star+fox+64&btnG=
		Documento Lido
		Resultados: 0
	Tempo Para buscar: 315
Loja: Livraria Cultura
	URL Principal: http://www.livrariacultura.com.br/
	URL Busca: http://www.livrariacultura.com.br/busca?N=0&Ntt=<BUSCA>
http://www.livrariacultura.com.br/busca?N=0&Ntt=Star+fox+64
		Documento Lido
		Resultados: 3
		Nome do Produto: GAME FREAKS 365'S NINTENDO 3DS GUIDE
			Igorando Pelo Filtro de Nome...
		Nome do Produto: GRIMM'S HOUSEHOLD TALES
			Igorando Pelo Filtro de Nome...
		Nome do Produto: GRIMM'S FAIRY TALES
			Igorando Pelo Filtro de Nome...
	Tempo Para buscar: 482
Loja: Magazine Luiza
	URL Principal: http://www.magazineluiza.com.br/
	URL Busca: http://www.magazineluiza.com.br/busca/<BUSCA>/
http://www.magazineluiza.com.br/busca/Star+fox+64/
		Documento Lido
		Resultados: 60
		Nome do Produto: Cama Elástica Profissional Star 32 Molas - Suporta até 100kg
			Igorando Pelo Filtro de Nome...
		Nome do Produto: Colchonete Espuma p/ Ginástica - Star
			Igorando Pelo Filtro de Nome...
		Nome do Produto: Relógio Feminino All Star AS 58102 - Analógico Resistente à Água
			Igorando Pelo Filtro de Nome...
		Nome do Produto: Simulador de Caminhada Star Fitness - c/ Sistema de Amortecimento de Impacto
			Igorando Pelo Filtro de Nome...
		Nome do Produto: Barra de Tubo Vulcanizada 30cm - Star 1179
			Igorando Pelo Filtro de Nome...
		Nome do Produto: Barra de Tubo Vulcanizada 30cm - Star 1178
			Igorando Pelo Filtro de Nome...
		Nome do Produto: Barra de Tubo 120cm - Star 1084
			Igorando Pelo Filtro de Nome...
		Nome do Produto: Barra de Tubo 150cm - Star 1085
			Igorando Pelo Filtro de Nome...
		Nome do Produto: Barra de Tubo Romana 120cm - Star 1086
			Igorando Pelo Filtro de Nome...
		Nome do Produto: Simulador de Caminhada Space Fitness Twister - c/ 10 Tipos de Exercícios
			Igorando Pelo Filtro de Nome...
		Nome do Produto: Aparelho Abdominal Super com Colchonete - Star
			Igorando Pelo Filtro de Nome...
		Nome do Produto: Aparelho Abdominal AB Corps - Star
			Igorando Pelo Filtro de Nome...
		Nome do Produto: Sofá 3 Lugares Decorare Fox - Linoforte
			Igorando Pelo Filtro de Nome...
		Nome do Produto: Sofá 3 Lugares Decorare Fox - Linoforte
			Igorando Pelo Filtro de Nome...
		Nome do Produto: Sofá 2 Lugares Decorare Fox - Linoforte
			Igorando Pelo Filtro de Nome...
		Nome do Produto: Sofá 3 Lugares Decorare Fox - Linoforte
			Igorando Pelo Filtro de Nome...
		Nome do Produto: Sofá 2 Lugares Decorare Fox - Linoforte
			Igorando Pelo Filtro de Nome...
		Nome do Produto: Sofá 2 Lugares Decorare Fox - Linoforte
			Igorando Pelo Filtro de Nome...
		Nome do Produto: Jogo de Cama / Lençol Queen Size Essentials Star - 4 Peças 180 Fios 100% Algodão - Artex
			Igorando Pelo Filtro de Nome...
		Nome do Produto: Mesa para Computador/Escrivaninha Star - Artely
			Igorando Pelo Filtro de Nome...
		Nome do Produto: Guarda-Roupa Solteiro Hot Wheels Star 4 Portas - 2 Gavetas - Pura Magia
			Igorando Pelo Filtro de Nome...
		Nome do Produto: Secador de Cabelo 2000W 2 Velocidades - Taiff Fox Íon
			Igorando Pelo Filtro de Nome...
		Nome do Produto: Caneca para Chopp 500ml 2 Peças - Ruvolo Mestre Cervejeiro Star
			Igorando Pelo Filtro de Nome...
		Nome do Produto: Caneca de Chopp 500ml 2 Peças - Ruvolo Mestre Cervejeiro Star
			Igorando Pelo Filtro de Nome...
		Nome do Produto: Secador de Cabelo 2 Velocidades 1300W - NewHair Star SE008
			Igorando Pelo Filtro de Nome...
		Nome do Produto: Colcha/Cobre-Leito Queen Size Artex Essentials - Stars 3 Peças 180 Fios 100% Algodão
			Igorando Pelo Filtro de Nome...
		Nome do Produto: Cama de Solteiro - Pura Magia Aviões Disney Star
			Igorando Pelo Filtro de Nome...
		Nome do Produto: Beliche 78x188cm com Fechamento Horizontal - Art In Móveis Multifuncional Star
			Igorando Pelo Filtro de Nome...
		Nome do Produto: Caneca para Chop em Vidro - Ruvolo Star
			Igorando Pelo Filtro de Nome...
		Nome do Produto: Armário Multiuso Havana Star - Santos Andirá
			Igorando Pelo Filtro de Nome...
		Nome do Produto: Armário Multiuso Havana Star - Santos Andirá
			Igorando Pelo Filtro de Nome...
		Nome do Produto: Rímel para Cílios Hypnôse Star - Cor 01 - Lancôme
			Igorando Pelo Filtro de Nome...
		Nome do Produto: Star Trek para Xbox 360 - Bandai Namco
			Igorando Pelo Filtro de Nome...
		Nome do Produto: Guarda-Roupa Casal Havana Star - 3 Portas de Correr 5 Gavetas - Santos Andirá
			Igorando Pelo Filtro de Nome...
		Nome do Produto: Guarda-Roupa Solteiro Havana Star - 2 Portas de Correr 3 Gavetas - Santos Andirá
			Igorando Pelo Filtro de Nome...
		Nome do Produto: Armário Multiuso Havana Star 2 Portas - Santos Andirá
			Igorando Pelo Filtro de Nome...
		Nome do Produto: Telefone sem Fio Dect 6.0 Digital - Motorola FOX500
			Igorando Pelo Filtro de Nome...
		Nome do Produto: Star Trek para PS3 - Bandai Namco
			Igorando Pelo Filtro de Nome...
		Nome do Produto: Guarda-Roupa Casal Havana Star 6 Portas - 3 Gavetas - Santos Andirá
			Igorando Pelo Filtro de Nome...
		Nome do Produto: Guarda-Roupa Solteiro Havana Star 3 Portas - 2 Gavetas - Santos Andirá
			Igorando Pelo Filtro de Nome...
		Nome do Produto: Guarda-Roupa Solteiro Havana Star 3 Portas - 2 Gavetas - Santos Andirá
			Igorando Pelo Filtro de Nome...
		Nome do Produto: Guarda-Roupa Solteiro Havana Star 3 Portas - 2 Gavetas - Santos Andirá
			Igorando Pelo Filtro de Nome...
		Nome do Produto: Smartphone Samsung Galaxy Star Trios Tri Chip 3G - Android 4.1 Câm. 2MP Tela 3.14" Wi-Fi A-GPS
			Igorando Pelo Filtro de Nome...
		Nome do Produto: Kit de Maquiagem 5 Star - Just 4 Princess
			Igorando Pelo Filtro de Nome...
		Nome do Produto: Guarda-Roupa Casal Havana Star 6 Portas 3 Gavetas - Santos Andirá
			Igorando Pelo Filtro de Nome...
		Nome do Produto: Guarda-Roupa Casal Havana Star 6 Portas 3 Gavetas - Santos Andirá
			Igorando Pelo Filtro de Nome...
		Nome do Produto: Guarda-Roupa Casal Havana Star 6 Portas 4 Gavetas - Santos Andirá
			Igorando Pelo Filtro de Nome...
		Nome do Produto: Guarda-Roupa Casal Havana Star 6 Portas 4 Gavetas - Santos Andirá
			Igorando Pelo Filtro de Nome...
		Nome do Produto: DVD Barbie A Princesa Pop Star - Paramount
			Igorando Pelo Filtro de Nome...
		Nome do Produto: Black Onix Falling Star Man - Perfume Masculino Eau de Toilette 100ml
			Igorando Pelo Filtro de Nome...
		Nome do Produto: Máscara para Olhos Hypnôse Star Waterproof - Cor 01 Noir Midnigh - Lancôme
			Igorando Pelo Filtro de Nome...
		Nome do Produto: Angry Birds Star Wars p/ Xbox One - Activision
			Igorando Pelo Filtro de Nome...
		Nome do Produto: Angry Birds Star Wars p/ PS4 - Activision
			Igorando Pelo Filtro de Nome...
		Nome do Produto: Cama Infantil Ben 10 Star - Pura Magia
			Igorando Pelo Filtro de Nome...
		Nome do Produto: Box para Colchão King Size Silver Star New - 193x203cm Castor
			Igorando Pelo Filtro de Nome...
		Nome do Produto: Box para Colchão Queen Size Silver Star New - 158x198cm Castor
			Igorando Pelo Filtro de Nome...
		Nome do Produto: Base para Colchão Casal Silver Star New - 138x188cm Castor
			Igorando Pelo Filtro de Nome...
		Nome do Produto: Guarda-Roupa Casal Havana Star Clean 6 Portas - 3 Gavetas - Santos Andirá
			Igorando Pelo Filtro de Nome...
		Nome do Produto: Guarda-Roupa Solteiro Havana Star Clean 4 Portas - 2 Gavetas - Santos Andirá
			Igorando Pelo Filtro de Nome...
		Nome do Produto: Guarda-Roupa Casal Havana Star Clean 6 Portas - 3 Gavetas - Santos Andirá
			Igorando Pelo Filtro de Nome...
	Tempo Para buscar: 537
Loja: Mula Games
	URL Principal: http://www.mulagames.com.br/
	URL Busca: http://www.mulagames.com.br/produtos-index/catalogo_produtos/-/-/<BUSCA>/-/-/-/-/-/
http://www.mulagames.com.br/produtos-index/catalogo_produtos/-/-/Star%20fox%2064/-/-/-/-/-/
		Documento Lido
		Resultados: 1
		Nome do Produto: Star Fox 64 3D - 3DS
http://www.mulagames.com.br/Star-Fox-64-3D-3DS/prod-457576/
		Acessando URL do produto.
http://www.mulagames.com.br/produto-ajax_retorna_dados_preco_comprar/457576
		Acessando URL do preço produto.
	Tempo Para buscar: 2104
Loja: Net Shoes
	URL Principal: http://www.netshoes.com.br/
	URL Busca: http://www.netshoes.com.br/search?Ntt=<BUSCA>
http://www.netshoes.com.br/search?Ntt=Star+fox+64
		Documento Lido
		Resultados: 60
		Nome do Produto: Tênis Asics Gel Star Br 2
			Igorando Pelo Filtro de Nome...
		Nome do Produto: Simulador de Caminhada Star Fitness + Abdominal
			Igorando Pelo Filtro de Nome...
		Nome do Produto: Tênis Adidas Star 2
			Igorando Pelo Filtro de Nome...
		Nome do Produto: GammaBlack 64 Cáps - Midway
			Igorando Pelo Filtro de Nome...
		Nome do Produto: Tênis Converse All Star CT AS Specialty Malden HI
			Igorando Pelo Filtro de Nome...
		Nome do Produto: Tênis Converse All Star Skidgrip CVO Print OX
			Igorando Pelo Filtro de Nome...
		Nome do Produto: Tênis Converse All Star CT AS Specialty Malden HI
			Igorando Pelo Filtro de Nome...
		Nome do Produto: Tênis Converse All Star Skidgrip CVO OX
			Igorando Pelo Filtro de Nome...
		Nome do Produto: Tênis Converse All Star Skidgrip CVO OX
			Igorando Pelo Filtro de Nome...
		Nome do Produto: Tênis Converse All Star CT AS Denim OX
			Igorando Pelo Filtro de Nome...
		Nome do Produto: Tênis Adidas Porsche Typ 64
			Igorando Pelo Filtro de Nome...
		Nome do Produto: Tênis Converse All Star CT AS Dainty Leather OX
			Igorando Pelo Filtro de Nome...
		Nome do Produto: Tênis Converse All Star CT AS Dainty Leather OX
			Igorando Pelo Filtro de Nome...
		Nome do Produto: Tênis Converse ALL STAR CT As Malden Ox
			Igorando Pelo Filtro de Nome...
		Nome do Produto: Tênis Converse All Star Skidgrip CVO OX
			Igorando Pelo Filtro de Nome...
		Nome do Produto: Tênis Converse All Star Player EV OX
			Igorando Pelo Filtro de Nome...
		Nome do Produto: Tênis Converse All Star CT AS Specialty OX
			Igorando Pelo Filtro de Nome...
		Nome do Produto: Tênis Converse All Star CT AS Denim HI
			Igorando Pelo Filtro de Nome...
		Nome do Produto: Tênis Adidas Star Racer Juvenil
			Igorando Pelo Filtro de Nome...
		Nome do Produto: Tênis Converse All Star Player Suede LP Ox
			Igorando Pelo Filtro de Nome...
		Nome do Produto: Tênis Converse Skateboard Sea Star LS Mid
			Igorando Pelo Filtro de Nome...
		Nome do Produto: Tênis Converse All Star Pro Skid OX
			Igorando Pelo Filtro de Nome...
		Nome do Produto: Tênis Converse All Star Player EV OX
			Igorando Pelo Filtro de Nome...
		Nome do Produto: Tênis Converse All Star Player Suede LP Ox
			Igorando Pelo Filtro de Nome...
		Nome do Produto: Tênis Converse ALL STAR CT AS Malden HI
			Igorando Pelo Filtro de Nome...
		Nome do Produto: Tênis Converse All Star CT AS OX
			Igorando Pelo Filtro de Nome...
		Nome do Produto: Tênis Converse All Star CT AS Denim OX
			Igorando Pelo Filtro de Nome...
		Nome do Produto: Tênis Converse ALL STAR Pro Leather Vulc OX
			Igorando Pelo Filtro de Nome...
		Nome do Produto: Tênis Converse All Star CT AS Stained OX
			Igorando Pelo Filtro de Nome...
		Nome do Produto: Tênis Converse All Star Skidgrip CVO Tropical EV
			Igorando Pelo Filtro de Nome...
		Nome do Produto: Tênis Converse All Star Player EV HI
			Igorando Pelo Filtro de Nome...
		Nome do Produto: Tênis Converse Skateboard Sea Star LS Mid
			Igorando Pelo Filtro de Nome...
		Nome do Produto: Tênis Adidas Star 2 Flower CF Infantil
			Igorando Pelo Filtro de Nome...
		Nome do Produto: Tênis Converse ALL STAR CT AS Core Ox Infantil
			Igorando Pelo Filtro de Nome...
		Nome do Produto: Tênis Converse All Star Ct As Ox
			Igorando Pelo Filtro de Nome...
		Nome do Produto: Tênis Converse All Star Player EV OX
			Igorando Pelo Filtro de Nome...
		Nome do Produto: Simulador de Caminhada Sport e Camping Star Fitness c/ Anilhas de Peso
			Igorando Pelo Filtro de Nome...
		Nome do Produto: Tênis Converse All Star CT AS Chambray HI
			Igorando Pelo Filtro de Nome...
		Nome do Produto: Tênis Converse All Star Sideways OX
			Igorando Pelo Filtro de Nome...
		Nome do Produto: Tênis Converse ALL STAR CT AS Malden HI
			Igorando Pelo Filtro de Nome...
		Nome do Produto: Tênis Converse All Star Skipgrip Slip CVO OX
			Igorando Pelo Filtro de Nome...
		Nome do Produto: Tênis Converse All Star Downtown OX
			Igorando Pelo Filtro de Nome...
		Nome do Produto: Tênis Converse ALL STAR Core HI Infantil
			Igorando Pelo Filtro de Nome...
		Nome do Produto: Tênis Converse All Star Skidgrip CVO OX
			Igorando Pelo Filtro de Nome...
		Nome do Produto: Tênis Converse ALL STAR CT AS Core Ox Infantil
			Igorando Pelo Filtro de Nome...
		Nome do Produto: Tênis Converse All Star CT AS Stained OX
			Igorando Pelo Filtro de Nome...
		Nome do Produto: Tênis Converse All Star CT AS Striped HI
			Igorando Pelo Filtro de Nome...
		Nome do Produto: Tênis Converse All Star Ct As Hi
			Igorando Pelo Filtro de Nome...
		Nome do Produto: Tênis Converse All Star Ct As Hi
			Igorando Pelo Filtro de Nome...
		Nome do Produto: Tênis Converse ALL STAR CT AS Core 2V Infantil
			Igorando Pelo Filtro de Nome...
		Nome do Produto: Tênis Converse ALL STAR CT AS Core 2V Infantil
			Igorando Pelo Filtro de Nome...
		Nome do Produto: Tênis Adidas Vulc Star LO EF
			Igorando Pelo Filtro de Nome...
		Nome do Produto: Tênis Converse ALL STAR Core HI Infantil
			Igorando Pelo Filtro de Nome...
		Nome do Produto: Barraca Nautika Fox - 3 Pessoas
			Igorando Pelo Filtro de Nome...
		Nome do Produto: Tênis Converse ALL STAR CT AS Core Ox Infantil
			Igorando Pelo Filtro de Nome...
		Nome do Produto: Tênis Converse All Star CT AS Galaxy OX
			Igorando Pelo Filtro de Nome...
		Nome do Produto: Tênis Converse All Star Player EV HI
			Igorando Pelo Filtro de Nome...
		Nome do Produto: Tênis Adidas Court Star Slim
			Igorando Pelo Filtro de Nome...
		Nome do Produto: Tênis Converse All Star Pro Skid OX
			Igorando Pelo Filtro de Nome...
		Nome do Produto: Tênis Converse ALL STAR CT AS Core 2V Infantil
			Igorando Pelo Filtro de Nome...
	Tempo Para buscar: 343
Loja: Ponto Frio
	URL Principal: http://www.pontofrio.com.br/
	URL Busca: http://search.pontofrio.com.br/search?w=<BUSCA>
http://search.pontofrio.com.br/search?w=Star+fox+64
		Documento Lido
		Resultados: 1
		Nome do Produto: DVD - Box Star Wars: Nova Trilogia - 3 Discos
			Igorando Pelo Filtro de Nome...
		Nome do Produto: DVD - Box Star Wars: Trilogia Clássica - 3 Discos
			Igorando Pelo Filtro de Nome...
		Nome do Produto: DVD - Star Wars: Episódio I: A Ameaça Fantasma - 2 Discos
			Igorando Pelo Filtro de Nome...
		Nome do Produto: DVD - Star Wars: Episódio II: Ataque dos Clones - 2 Discos
			Igorando Pelo Filtro de Nome...
		Nome do Produto: DVD - O Anjo do Farol
			Igorando Pelo Filtro de Nome...
		Nome do Produto: Impressora Jato de Tinta Colorida A3 ePrint 7110 Wide HP
			Igorando Pelo Filtro de Nome...
		Nome do Produto: Multifuncional Jato De Tinta Color Wireless Officejet 7612 Hp
			Igorando Pelo Filtro de Nome...
		Nome do Produto: Multifuncional Jato De Tinta Colorida Wireless Officejet Pro 276Dw Cr770a Hp
			Igorando Pelo Filtro de Nome...
		Nome do Produto: Multifuncional Jato De Tinta Colorida Wireless Ink Advantage 4646 Hp
			Igorando Pelo Filtro de Nome...
		Nome do Produto: Livro - Cadê Você, Bernadette? Maria Semple
			Igorando Pelo Filtro de Nome...
		Nome do Produto: DVD - Star Wars III: A Vingança dos Sith - Duplo
			Igorando Pelo Filtro de Nome...
		Nome do Produto: DVD - Star Wars: Episódio IV: Uma Nova Esperança - 2 Discos
			Igorando Pelo Filtro de Nome...
		Nome do Produto: DVD - Star Wars: Episódio V: O Império Contra-Ataca - 2 Discos
			Igorando Pelo Filtro de Nome...
		Nome do Produto: DVD - Star Wars: Episódio VI: O Retorno de Jedi - 2 Discos
			Igorando Pelo Filtro de Nome...
		Nome do Produto: Livro - Tudo Por um Pop Star
			Igorando Pelo Filtro de Nome...
		Nome do Produto: Livro - Coleção Talita Rebouças (03 Volumes)
			Igorando Pelo Filtro de Nome...
		Nome do Produto: Quarto Completo Infantil Ben10 Star Licenciado - Pura Magia
			Igorando Pelo Filtro de Nome...
		Nome do Produto: Multifuncional HP Laserjet M1536dnf MFP (Fax/Scanner/Copiadora /Ethernet RJ-45/USB 2.0 / 127 V)
			Igorando Pelo Filtro de Nome...
		Nome do Produto: Placa de vídeo R5 230 2GB DDR3 64BITS XFX - R5230ACNH2
			Igorando Pelo Filtro de Nome...
		Nome do Produto: Quarto Completo Infantil Carros Disney Star Licenciado - Pura Magia
			Igorando Pelo Filtro de Nome...
		Nome do Produto: DVD - Box Star Wars: Nova Trilogia - 3 Discos
			Igorando Pelo Filtro de Nome...
		Nome do Produto: DVD - Box Star Wars: Trilogia Clássica - 3 Discos
			Igorando Pelo Filtro de Nome...
		Nome do Produto: DVD - Star Wars: Episódio I: A Ameaça Fantasma - 2 Discos
			Igorando Pelo Filtro de Nome...
		Nome do Produto: DVD - Star Wars: Episódio II: Ataque dos Clones - 2 Discos
			Igorando Pelo Filtro de Nome...
		Nome do Produto: DVD - O Anjo do Farol
			Igorando Pelo Filtro de Nome...
		Nome do Produto: Impressora Jato de Tinta Colorida A3 ePrint 7110 Wide HP
			Igorando Pelo Filtro de Nome...
		Nome do Produto: Multifuncional Jato De Tinta Color Wireless Officejet 7612 Hp
			Igorando Pelo Filtro de Nome...
		Nome do Produto: Multifuncional Jato De Tinta Colorida Wireless Officejet Pro 276Dw Cr770a Hp
			Igorando Pelo Filtro de Nome...
		Nome do Produto: Multifuncional Jato De Tinta Colorida Wireless Ink Advantage 4646 Hp
			Igorando Pelo Filtro de Nome...
		Nome do Produto: Livro - Cadê Você, Bernadette? Maria Semple
			Igorando Pelo Filtro de Nome...
		Nome do Produto: DVD - Star Wars III: A Vingança dos Sith - Duplo
			Igorando Pelo Filtro de Nome...
		Nome do Produto: DVD - Star Wars: Episódio IV: Uma Nova Esperança - 2 Discos
			Igorando Pelo Filtro de Nome...
		Nome do Produto: DVD - Star Wars: Episódio V: O Império Contra-Ataca - 2 Discos
			Igorando Pelo Filtro de Nome...
		Nome do Produto: DVD - Star Wars: Episódio VI: O Retorno de Jedi - 2 Discos
			Igorando Pelo Filtro de Nome...
		Nome do Produto: Livro - Tudo Por um Pop Star
			Igorando Pelo Filtro de Nome...
		Nome do Produto: Livro - Coleção Talita Rebouças (03 Volumes)
			Igorando Pelo Filtro de Nome...
		Nome do Produto: Quarto Completo Infantil Ben10 Star Licenciado - Pura Magia
			Igorando Pelo Filtro de Nome...
		Nome do Produto: Multifuncional HP Laserjet M1536dnf MFP (Fax/Scanner/Copiadora /Ethernet RJ-45/USB 2.0 / 127 V)
			Igorando Pelo Filtro de Nome...
		Nome do Produto: Placa de vídeo R5 230 2GB DDR3 64BITS XFX - R5230ACNH2
			Igorando Pelo Filtro de Nome...
		Nome do Produto: Quarto Completo Infantil Carros Disney Star Licenciado - Pura Magia
			Igorando Pelo Filtro de Nome...
	Tempo Para buscar: 1254
Loja: Ricardo Eletro
	URL Principal: http://www.ricardoeletro.com.br/
	URL Busca: http://www.ricardoeletro.com.br/Busca/Resultado/?q=<BUSCA>
http://www.ricardoeletro.com.br/Busca/Resultado/?q=Star+fox+64
		Documento Lido
		Resultados: 24
		Nome do Produto: Mini Cama Elástica Star Board - Sport e Camping
			Igorando Pelo Filtro de Nome...
		Nome do Produto: Simulador de Caminhada Star Fitness com Monitor 4 Funções - Sportcamping
			Igorando Pelo Filtro de Nome...
		Nome do Produto: 75049 LEGO Star Wars - Snowspeeder™
			Igorando Pelo Filtro de Nome...
		Nome do Produto: Colchonete Star Fitness Azul - Sport e Camping
			Igorando Pelo Filtro de Nome...
		Nome do Produto: Aparelho Abdominal Super Star - Sport Camping
			Igorando Pelo Filtro de Nome...
		Nome do Produto: 75052 LEGO Star Wars - Mos Eisley Cantina™
			Igorando Pelo Filtro de Nome...
		Nome do Produto: 75021 LEGO Star Wars - Republic Gunship™
			Igorando Pelo Filtro de Nome...
		Nome do Produto: Colchonete Star Fitness Verde - Sport e Camping
			Igorando Pelo Filtro de Nome...
		Nome do Produto: Mini Veículo Elétrico 6V Little Star Rosa - Biemme
			Igorando Pelo Filtro de Nome...
		Nome do Produto: Kit Meu Cházinho - Big Star
			Igorando Pelo Filtro de Nome...
		Nome do Produto: Baby Posto - Big Star
			Igorando Pelo Filtro de Nome...
		Nome do Produto: 75050 LEGO Star Wars - B-Wing™
			Igorando Pelo Filtro de Nome...
		Nome do Produto: 75051 LEGO Star Wars - Jedi™ Scout Fighter
			Igorando Pelo Filtro de Nome...
		Nome do Produto: Baby Garage - Big Star
			Igorando Pelo Filtro de Nome...
		Nome do Produto: Kit Aniversário - Big Star
			Igorando Pelo Filtro de Nome...
		Nome do Produto: Mini Veículo Elétrico 6V Little Star Vermelha - Biemme
			Igorando Pelo Filtro de Nome...
		Nome do Produto: Jogo Angry Birds Star Wars para Playstation 4 (PS4)
			Igorando Pelo Filtro de Nome...
		Nome do Produto: 75034 LEGO Star Wars - Death Star™ Troopers™
			Igorando Pelo Filtro de Nome...
		Nome do Produto: 75031 LEGO Star Wars - TIE Interceptor™
			Igorando Pelo Filtro de Nome...
		Nome do Produto: 75053 LEGO Star Wars - The Ghost™
			Igorando Pelo Filtro de Nome...
		Nome do Produto: 75022 LEGO Star Wars - Mandalorian Speeder™
			Igorando Pelo Filtro de Nome...
		Nome do Produto: 75041 LEGO Star Wars - Vulture Droid™
			Igorando Pelo Filtro de Nome...
		Nome do Produto: Easy Kit Star Wars Millenium Falcon - Revell
			Igorando Pelo Filtro de Nome...
		Nome do Produto: Guia Retrátil Star Flex G - Preto e Azul - Amicus
			Igorando Pelo Filtro de Nome...
	Tempo Para buscar: 1151
Loja: RiHappy
	URL Principal: http://www.rihappy.com.br/
	URL Busca: http://www.rihappy.com.br/<BUSCA>
http://www.rihappy.com.br/Star%20fox%2064
		Documento Lido
		Resultados: 18
		Nome do Produto: Travel System Fox - Preto - Kiddo - Carrinhos Travel Systems
			Igorando Pelo Filtro de Nome...
		Nome do Produto: 75033 - LEGO Star Wars Microfighters - Star Destroyer - LEGO
			Igorando Pelo Filtro de Nome...
		Nome do Produto: 75055 - LEGO Star Wars - Imperial Star Destroyer - LEGO
			Igorando Pelo Filtro de Nome...
		Nome do Produto: Mini Moto Elétrica - Fox Hello Kitty 6V - Biemme - Elétricos
			Igorando Pelo Filtro de Nome...
		Nome do Produto: Mini Moto Elétrica - Fox G-Force Azul 6V - Biemme - Elétricos
			Igorando Pelo Filtro de Nome...
		Nome do Produto: Mini Moto Elétrica - Fox G-Force Rosa 6V - Biemme - Elétricos
			Igorando Pelo Filtro de Nome...
		Nome do Produto: Jogo Angry Birds Star Wars - Death Star - Hasbro - Jogos de Tabuleiro
			Igorando Pelo Filtro de Nome...
		Nome do Produto: Playset Star Wars Commander - Nave Star Destroyer - Hasbro - Cenários Temáticos (Playsets)
			Igorando Pelo Filtro de Nome...
		Nome do Produto: Tênis Star Premium, Azul - Pimpolho - Tênis
			Igorando Pelo Filtro de Nome...
		Nome do Produto: Mini Locomotivas Thomas & Friends Collectible Railway - Percy - Fisher-Price - Trens
			Igorando Pelo Filtro de Nome...
		Nome do Produto: Boneco Max Steel - Max Turbo Ataque Sky - Mattel - Bonecos de Ação
			Igorando Pelo Filtro de Nome...
		Nome do Produto: Estação Alien - Imaginext Espaço - Fisher-Price - Cenários Temáticos (Playsets)
			Igorando Pelo Filtro de Nome...
		Nome do Produto: Bonecos Star Wars - Fighter Pods Rampage - Batalha em Geonosis - Hasbro - Bonecos de Ação
			Igorando Pelo Filtro de Nome...
		Nome do Produto: Boneco Star Wars - 30 cm - Luke Skywalker - Hasbro - Bonecos de Ação
			Igorando Pelo Filtro de Nome...
		Nome do Produto: Figura Star Wars - The Black Series - 10 cm - #22 Mestre Yoda - Hasbro - Bonecos de Ação
			Igorando Pelo Filtro de Nome...
		Nome do Produto: Boneco Star Wars - 30 cm - Stormtrooper - Hasbro - Bonecos de Ação
			Igorando Pelo Filtro de Nome...
		Nome do Produto: Figura Star Wars - The Black Series - 10 cm - #21 Luke Skywalker - Hasbro - Bonecos de Ação
			Igorando Pelo Filtro de Nome...
		Nome do Produto: Bonecos Star Wars - Fighter Pods Rampage - Geonosis Arena - Hasbro - Bonecos de Ação
			Igorando Pelo Filtro de Nome...
	Tempo Para buscar: 1438
Loja: Saraiva
	URL Principal: http://www.saraiva.com.br/
	URL Busca: http://busca.saraiva.com.br/search?w=<BUSCA>&PAC_ID=129457&ts=ajax
http://busca.saraiva.com.br/search?w=Star+fox+64&PAC_ID=129457&ts=ajax
		Documento Lido
		Resultados: 30
		Nome do Produto: 64
			Igorando Pelo Filtro de Nome...
		Nome do Produto: Fox
			Igorando Pelo Filtro de Nome...
		Nome do Produto: Fox
			Igorando Pelo Filtro de Nome...
		Nome do Produto: Fox
			Igorando Pelo Filtro de Nome...
		Nome do Produto: Fox
			Igorando Pelo Filtro de Nome...
		Nome do Produto: Fox
			Igorando Pelo Filtro de Nome...
		Nome do Produto: Fox
			Igorando Pelo Filtro de Nome...
		Nome do Produto: Fox
			Igorando Pelo Filtro de Nome...
		Nome do Produto: Star Style
			Igorando Pelo Filtro de Nome...
		Nome do Produto: Sweet Hearts: Star Crossed
			Igorando Pelo Filtro de Nome...
		Nome do Produto: All Star Comics
			Igorando Pelo Filtro de Nome...
		Nome do Produto: All Star Comics
			Igorando Pelo Filtro de Nome...
		Nome do Produto: All Star Comics
			Igorando Pelo Filtro de Nome...
		Nome do Produto: All Star Comics
			Igorando Pelo Filtro de Nome...
		Nome do Produto: All Star Archives
			Igorando Pelo Filtro de Nome...
		Nome do Produto: Star
			Igorando Pelo Filtro de Nome...
		Nome do Produto: Star
			Igorando Pelo Filtro de Nome...
		Nome do Produto: Star
			Igorando Pelo Filtro de Nome...
		Nome do Produto: Star
			Igorando Pelo Filtro de Nome...
		Nome do Produto: Star
			Igorando Pelo Filtro de Nome...
		Nome do Produto: Star
			Igorando Pelo Filtro de Nome...
		Nome do Produto: Star
			Igorando Pelo Filtro de Nome...
		Nome do Produto: Star
			Igorando Pelo Filtro de Nome...
		Nome do Produto: Pouvoirs 64
			Igorando Pelo Filtro de Nome...
		Nome do Produto: Poetique 64
			Igorando Pelo Filtro de Nome...
		Nome do Produto: Diogene 64
			Igorando Pelo Filtro de Nome...
		Nome do Produto: Julie Andrews - A Estrela - Fox Classics - DVD
			Igorando Pelo Filtro de Nome...
		Nome do Produto: George Fox
			Igorando Pelo Filtro de Nome...
		Nome do Produto: Red Fox
			Igorando Pelo Filtro de Nome...
		Nome do Produto: Megan Fox
			Igorando Pelo Filtro de Nome...
	Tempo Para buscar: 5663
Loja: Shop Facil
	URL Principal: http://ww2.shopfacil.com.br/
	URL Busca: http://ww2.shopfacil.com.br/<BUSCA>
http://ww2.shopfacil.com.br/Star%20fox%2064
		Documento Lido
		Resultados: 15
		Nome do Produto: Star Truck Eau de Parfum Perfumania - Perfume Feminino
			Igorando Pelo Filtro de Nome...
		Nome do Produto: Star Reporter - Starter
			Igorando Pelo Filtro de Nome...
		Nome do Produto: Star: Student's Book and Workbook
			Igorando Pelo Filtro de Nome...
		Nome do Produto: Star Khôl Arcancil - Lápis para os Olhos
			Igorando Pelo Filtro de Nome...
		Nome do Produto: Star Team: Pack with Student Book and Workbook with CD Rom - Level 2
			Igorando Pelo Filtro de Nome...
		Nome do Produto: Box Stargate Atlantis - 5ª Temporada - DVD - Fox
			Igorando Pelo Filtro de Nome...
		Nome do Produto: NorthStar Reading and Writing 3: Student Book with MyNorthStarLab - Laurie Barton And Carolyn DuPaquier Sardinas
			Igorando Pelo Filtro de Nome...
		Nome do Produto: NorthStar: Listening And Speaking 3 With MyNorthStarLab - Helen Solorzano And Jennifer P.L. Schmidt
			Igorando Pelo Filtro de Nome...
		Nome do Produto: NorthStar: Listening and Speaking 2 - Laurie Frazier And Robin Mills
			Igorando Pelo Filtro de Nome...
		Nome do Produto: NorthStar Building Skills for the TOEFL® iBT: Intermediate Student Book - John Beaumont
			Igorando Pelo Filtro de Nome...
		Nome do Produto: NorthStar: Reading and Writing 4 - Andrew K. English and Laura Monahon English
			Igorando Pelo Filtro de Nome...
		Nome do Produto: NorthStar: Reading and Writing 5 - Robert F. Cohen and Judy L. Miller
			Igorando Pelo Filtro de Nome...
		Nome do Produto: NorthStar: Reading and Writing 2 - Natasha Haugnes and Beth Maher
			Igorando Pelo Filtro de Nome...
		Nome do Produto: Livro - Desesperados - Paula Fox
			Igorando Pelo Filtro de Nome...
		Nome do Produto: Poltrona Ristretto Fox Velvet
			Igorando Pelo Filtro de Nome...
	Tempo Para buscar: 2200
Loja: Shop Time
	URL Principal: http://www.shoptime.com.br/
	URL Busca: http://busca.shoptime.com.br/busca.php?q=<BUSCA>
http://busca.shoptime.com.br/busca.php?q=Star+fox+64
		Documento Lido
		Resultados: 20
		Nome do Produto: Cozinha Compacta Telasul Star 4 Peças: Armário Aéreo, Armário Geladeira,... Cozinha Compacta Telasul Star 4 Peças: Armário Aéreo, Armário Geladeira,... Star Wars Gal Grievous to Griev. Starfighter - Hasbro Star Wars Mestre Yoda - Hasbro Star Wars Fighter Pods com 7 Figuras A0978/A0893 - Hasbro Star Wars Black Series Bastila Shan - Hasbro Star Wars Black Series Luke Skywalker - Hasbro Star Wars Black Series Snowtropper - Hasbro Star Wars Black Series Dak Ralter - Hasbro Star Wars Black Series Toryn Fair - Hasbro Star Wars - Dengar - Piziitoys Star Wars Republic Gunship to Clone Pilot - Hasbro Star Wars Veículo Class Li - Hasbro Star Wars - Zuckuss - Piziitoys Star Wars Fightpod Propulsor com 4 Figuras A0693/A0694 - Hasbro Star Wars Lanterna Chewbacca - DTC Star Wars Lanterna Darth Vader - DTC Star Wars Lanterna Mestre Yoda - DTC Star Wars Lanterna R2-D2 - DTC Kit Livros - Especial Star Wars: O Caminho Jedi + O Livro dos Sith (2...
			Igorando Pelo Filtro de Nome...
		Nome do Produto: Cozinha Compacta Telasul Star 4 Peças: Armário Aéreo, Armário Geladeira,... Cozinha Compacta Telasul Star 4 Peças: Armário Aéreo, Armário Geladeira,... Star Wars Gal Grievous to Griev. Starfighter - Hasbro Star Wars Mestre Yoda - Hasbro Star Wars Fighter Pods com 7 Figuras A0978/A0893 - Hasbro Star Wars Black Series Bastila Shan - Hasbro Star Wars Black Series Luke Skywalker - Hasbro Star Wars Black Series Snowtropper - Hasbro Star Wars Black Series Dak Ralter - Hasbro Star Wars Black Series Toryn Fair - Hasbro Star Wars - Dengar - Piziitoys Star Wars Republic Gunship to Clone Pilot - Hasbro Star Wars Veículo Class Li - Hasbro Star Wars - Zuckuss - Piziitoys Star Wars Fightpod Propulsor com 4 Figuras A0693/A0694 - Hasbro Star Wars Lanterna Chewbacca - DTC Star Wars Lanterna Darth Vader - DTC Star Wars Lanterna Mestre Yoda - DTC Star Wars Lanterna R2-D2 - DTC Kit Livros - Especial Star Wars: O Caminho Jedi + O Livro dos Sith (2...
			Igorando Pelo Filtro de Nome...
		Nome do Produto: Cozinha Compacta Telasul Star 4 Peças: Armário Aéreo, Armário Geladeira,... Cozinha Compacta Telasul Star 4 Peças: Armário Aéreo, Armário Geladeira,... Star Wars Gal Grievous to Griev. Starfighter - Hasbro Star Wars Mestre Yoda - Hasbro Star Wars Fighter Pods com 7 Figuras A0978/A0893 - Hasbro Star Wars Black Series Bastila Shan - Hasbro Star Wars Black Series Luke Skywalker - Hasbro Star Wars Black Series Snowtropper - Hasbro Star Wars Black Series Dak Ralter - Hasbro Star Wars Black Series Toryn Fair - Hasbro Star Wars - Dengar - Piziitoys Star Wars Republic Gunship to Clone Pilot - Hasbro Star Wars Veículo Class Li - Hasbro Star Wars - Zuckuss - Piziitoys Star Wars Fightpod Propulsor com 4 Figuras A0693/A0694 - Hasbro Star Wars Lanterna Chewbacca - DTC Star Wars Lanterna Darth Vader - DTC Star Wars Lanterna Mestre Yoda - DTC Star Wars Lanterna R2-D2 - DTC Kit Livros - Especial Star Wars: O Caminho Jedi + O Livro dos Sith (2...
			Igorando Pelo Filtro de Nome...
		Nome do Produto: Cozinha Compacta Telasul Star 4 Peças: Armário Aéreo, Armário Geladeira,... Cozinha Compacta Telasul Star 4 Peças: Armário Aéreo, Armário Geladeira,... Star Wars Gal Grievous to Griev. Starfighter - Hasbro Star Wars Mestre Yoda - Hasbro Star Wars Fighter Pods com 7 Figuras A0978/A0893 - Hasbro Star Wars Black Series Bastila Shan - Hasbro Star Wars Black Series Luke Skywalker - Hasbro Star Wars Black Series Snowtropper - Hasbro Star Wars Black Series Dak Ralter - Hasbro Star Wars Black Series Toryn Fair - Hasbro Star Wars - Dengar - Piziitoys Star Wars Republic Gunship to Clone Pilot - Hasbro Star Wars Veículo Class Li - Hasbro Star Wars - Zuckuss - Piziitoys Star Wars Fightpod Propulsor com 4 Figuras A0693/A0694 - Hasbro Star Wars Lanterna Chewbacca - DTC Star Wars Lanterna Darth Vader - DTC Star Wars Lanterna Mestre Yoda - DTC Star Wars Lanterna R2-D2 - DTC Kit Livros - Especial Star Wars: O Caminho Jedi + O Livro dos Sith (2...
			Igorando Pelo Filtro de Nome...
		Nome do Produto: Cozinha Compacta Telasul Star 4 Peças: Armário Aéreo, Armário Geladeira,... Cozinha Compacta Telasul Star 4 Peças: Armário Aéreo, Armário Geladeira,... Star Wars Gal Grievous to Griev. Starfighter - Hasbro Star Wars Mestre Yoda - Hasbro Star Wars Fighter Pods com 7 Figuras A0978/A0893 - Hasbro Star Wars Black Series Bastila Shan - Hasbro Star Wars Black Series Luke Skywalker - Hasbro Star Wars Black Series Snowtropper - Hasbro Star Wars Black Series Dak Ralter - Hasbro Star Wars Black Series Toryn Fair - Hasbro Star Wars - Dengar - Piziitoys Star Wars Republic Gunship to Clone Pilot - Hasbro Star Wars Veículo Class Li - Hasbro Star Wars - Zuckuss - Piziitoys Star Wars Fightpod Propulsor com 4 Figuras A0693/A0694 - Hasbro Star Wars Lanterna Chewbacca - DTC Star Wars Lanterna Darth Vader - DTC Star Wars Lanterna Mestre Yoda - DTC Star Wars Lanterna R2-D2 - DTC Kit Livros - Especial Star Wars: O Caminho Jedi + O Livro dos Sith (2...
			Igorando Pelo Filtro de Nome...
		Nome do Produto: Cozinha Compacta Telasul Star 4 Peças: Armário Aéreo, Armário Geladeira,... Cozinha Compacta Telasul Star 4 Peças: Armário Aéreo, Armário Geladeira,... Star Wars Gal Grievous to Griev. Starfighter - Hasbro Star Wars Mestre Yoda - Hasbro Star Wars Fighter Pods com 7 Figuras A0978/A0893 - Hasbro Star Wars Black Series Bastila Shan - Hasbro Star Wars Black Series Luke Skywalker - Hasbro Star Wars Black Series Snowtropper - Hasbro Star Wars Black Series Dak Ralter - Hasbro Star Wars Black Series Toryn Fair - Hasbro Star Wars - Dengar - Piziitoys Star Wars Republic Gunship to Clone Pilot - Hasbro Star Wars Veículo Class Li - Hasbro Star Wars - Zuckuss - Piziitoys Star Wars Fightpod Propulsor com 4 Figuras A0693/A0694 - Hasbro Star Wars Lanterna Chewbacca - DTC Star Wars Lanterna Darth Vader - DTC Star Wars Lanterna Mestre Yoda - DTC Star Wars Lanterna R2-D2 - DTC Kit Livros - Especial Star Wars: O Caminho Jedi + O Livro dos Sith (2...
			Igorando Pelo Filtro de Nome...
		Nome do Produto: Cozinha Compacta Telasul Star 4 Peças: Armário Aéreo, Armário Geladeira,... Cozinha Compacta Telasul Star 4 Peças: Armário Aéreo, Armário Geladeira,... Star Wars Gal Grievous to Griev. Starfighter - Hasbro Star Wars Mestre Yoda - Hasbro Star Wars Fighter Pods com 7 Figuras A0978/A0893 - Hasbro Star Wars Black Series Bastila Shan - Hasbro Star Wars Black Series Luke Skywalker - Hasbro Star Wars Black Series Snowtropper - Hasbro Star Wars Black Series Dak Ralter - Hasbro Star Wars Black Series Toryn Fair - Hasbro Star Wars - Dengar - Piziitoys Star Wars Republic Gunship to Clone Pilot - Hasbro Star Wars Veículo Class Li - Hasbro Star Wars - Zuckuss - Piziitoys Star Wars Fightpod Propulsor com 4 Figuras A0693/A0694 - Hasbro Star Wars Lanterna Chewbacca - DTC Star Wars Lanterna Darth Vader - DTC Star Wars Lanterna Mestre Yoda - DTC Star Wars Lanterna R2-D2 - DTC Kit Livros - Especial Star Wars: O Caminho Jedi + O Livro dos Sith (2...
			Igorando Pelo Filtro de Nome...
		Nome do Produto: Cozinha Compacta Telasul Star 4 Peças: Armário Aéreo, Armário Geladeira,... Cozinha Compacta Telasul Star 4 Peças: Armário Aéreo, Armário Geladeira,... Star Wars Gal Grievous to Griev. Starfighter - Hasbro Star Wars Mestre Yoda - Hasbro Star Wars Fighter Pods com 7 Figuras A0978/A0893 - Hasbro Star Wars Black Series Bastila Shan - Hasbro Star Wars Black Series Luke Skywalker - Hasbro Star Wars Black Series Snowtropper - Hasbro Star Wars Black Series Dak Ralter - Hasbro Star Wars Black Series Toryn Fair - Hasbro Star Wars - Dengar - Piziitoys Star Wars Republic Gunship to Clone Pilot - Hasbro Star Wars Veículo Class Li - Hasbro Star Wars - Zuckuss - Piziitoys Star Wars Fightpod Propulsor com 4 Figuras A0693/A0694 - Hasbro Star Wars Lanterna Chewbacca - DTC Star Wars Lanterna Darth Vader - DTC Star Wars Lanterna Mestre Yoda - DTC Star Wars Lanterna R2-D2 - DTC Kit Livros - Especial Star Wars: O Caminho Jedi + O Livro dos Sith (2...
			Igorando Pelo Filtro de Nome...
		Nome do Produto: Cozinha Compacta Telasul Star 4 Peças: Armário Aéreo, Armário Geladeira,... Cozinha Compacta Telasul Star 4 Peças: Armário Aéreo, Armário Geladeira,... Star Wars Gal Grievous to Griev. Starfighter - Hasbro Star Wars Mestre Yoda - Hasbro Star Wars Fighter Pods com 7 Figuras A0978/A0893 - Hasbro Star Wars Black Series Bastila Shan - Hasbro Star Wars Black Series Luke Skywalker - Hasbro Star Wars Black Series Snowtropper - Hasbro Star Wars Black Series Dak Ralter - Hasbro Star Wars Black Series Toryn Fair - Hasbro Star Wars - Dengar - Piziitoys Star Wars Republic Gunship to Clone Pilot - Hasbro Star Wars Veículo Class Li - Hasbro Star Wars - Zuckuss - Piziitoys Star Wars Fightpod Propulsor com 4 Figuras A0693/A0694 - Hasbro Star Wars Lanterna Chewbacca - DTC Star Wars Lanterna Darth Vader - DTC Star Wars Lanterna Mestre Yoda - DTC Star Wars Lanterna R2-D2 - DTC Kit Livros - Especial Star Wars: O Caminho Jedi + O Livro dos Sith (2...
			Igorando Pelo Filtro de Nome...
		Nome do Produto: Cozinha Compacta Telasul Star 4 Peças: Armário Aéreo, Armário Geladeira,... Cozinha Compacta Telasul Star 4 Peças: Armário Aéreo, Armário Geladeira,... Star Wars Gal Grievous to Griev. Starfighter - Hasbro Star Wars Mestre Yoda - Hasbro Star Wars Fighter Pods com 7 Figuras A0978/A0893 - Hasbro Star Wars Black Series Bastila Shan - Hasbro Star Wars Black Series Luke Skywalker - Hasbro Star Wars Black Series Snowtropper - Hasbro Star Wars Black Series Dak Ralter - Hasbro Star Wars Black Series Toryn Fair - Hasbro Star Wars - Dengar - Piziitoys Star Wars Republic Gunship to Clone Pilot - Hasbro Star Wars Veículo Class Li - Hasbro Star Wars - Zuckuss - Piziitoys Star Wars Fightpod Propulsor com 4 Figuras A0693/A0694 - Hasbro Star Wars Lanterna Chewbacca - DTC Star Wars Lanterna Darth Vader - DTC Star Wars Lanterna Mestre Yoda - DTC Star Wars Lanterna R2-D2 - DTC Kit Livros - Especial Star Wars: O Caminho Jedi + O Livro dos Sith (2...
			Igorando Pelo Filtro de Nome...
		Nome do Produto: Cozinha Compacta Telasul Star 4 Peças: Armário Aéreo, Armário Geladeira,... Cozinha Compacta Telasul Star 4 Peças: Armário Aéreo, Armário Geladeira,... Star Wars Gal Grievous to Griev. Starfighter - Hasbro Star Wars Mestre Yoda - Hasbro Star Wars Fighter Pods com 7 Figuras A0978/A0893 - Hasbro Star Wars Black Series Bastila Shan - Hasbro Star Wars Black Series Luke Skywalker - Hasbro Star Wars Black Series Snowtropper - Hasbro Star Wars Black Series Dak Ralter - Hasbro Star Wars Black Series Toryn Fair - Hasbro Star Wars - Dengar - Piziitoys Star Wars Republic Gunship to Clone Pilot - Hasbro Star Wars Veículo Class Li - Hasbro Star Wars - Zuckuss - Piziitoys Star Wars Fightpod Propulsor com 4 Figuras A0693/A0694 - Hasbro Star Wars Lanterna Chewbacca - DTC Star Wars Lanterna Darth Vader - DTC Star Wars Lanterna Mestre Yoda - DTC Star Wars Lanterna R2-D2 - DTC Kit Livros - Especial Star Wars: O Caminho Jedi + O Livro dos Sith (2...
			Igorando Pelo Filtro de Nome...
		Nome do Produto: Cozinha Compacta Telasul Star 4 Peças: Armário Aéreo, Armário Geladeira,... Cozinha Compacta Telasul Star 4 Peças: Armário Aéreo, Armário Geladeira,... Star Wars Gal Grievous to Griev. Starfighter - Hasbro Star Wars Mestre Yoda - Hasbro Star Wars Fighter Pods com 7 Figuras A0978/A0893 - Hasbro Star Wars Black Series Bastila Shan - Hasbro Star Wars Black Series Luke Skywalker - Hasbro Star Wars Black Series Snowtropper - Hasbro Star Wars Black Series Dak Ralter - Hasbro Star Wars Black Series Toryn Fair - Hasbro Star Wars - Dengar - Piziitoys Star Wars Republic Gunship to Clone Pilot - Hasbro Star Wars Veículo Class Li - Hasbro Star Wars - Zuckuss - Piziitoys Star Wars Fightpod Propulsor com 4 Figuras A0693/A0694 - Hasbro Star Wars Lanterna Chewbacca - DTC Star Wars Lanterna Darth Vader - DTC Star Wars Lanterna Mestre Yoda - DTC Star Wars Lanterna R2-D2 - DTC Kit Livros - Especial Star Wars: O Caminho Jedi + O Livro dos Sith (2...
			Igorando Pelo Filtro de Nome...
		Nome do Produto: Cozinha Compacta Telasul Star 4 Peças: Armário Aéreo, Armário Geladeira,... Cozinha Compacta Telasul Star 4 Peças: Armário Aéreo, Armário Geladeira,... Star Wars Gal Grievous to Griev. Starfighter - Hasbro Star Wars Mestre Yoda - Hasbro Star Wars Fighter Pods com 7 Figuras A0978/A0893 - Hasbro Star Wars Black Series Bastila Shan - Hasbro Star Wars Black Series Luke Skywalker - Hasbro Star Wars Black Series Snowtropper - Hasbro Star Wars Black Series Dak Ralter - Hasbro Star Wars Black Series Toryn Fair - Hasbro Star Wars - Dengar - Piziitoys Star Wars Republic Gunship to Clone Pilot - Hasbro Star Wars Veículo Class Li - Hasbro Star Wars - Zuckuss - Piziitoys Star Wars Fightpod Propulsor com 4 Figuras A0693/A0694 - Hasbro Star Wars Lanterna Chewbacca - DTC Star Wars Lanterna Darth Vader - DTC Star Wars Lanterna Mestre Yoda - DTC Star Wars Lanterna R2-D2 - DTC Kit Livros - Especial Star Wars: O Caminho Jedi + O Livro dos Sith (2...
			Igorando Pelo Filtro de Nome...
		Nome do Produto: Cozinha Compacta Telasul Star 4 Peças: Armário Aéreo, Armário Geladeira,... Cozinha Compacta Telasul Star 4 Peças: Armário Aéreo, Armário Geladeira,... Star Wars Gal Grievous to Griev. Starfighter - Hasbro Star Wars Mestre Yoda - Hasbro Star Wars Fighter Pods com 7 Figuras A0978/A0893 - Hasbro Star Wars Black Series Bastila Shan - Hasbro Star Wars Black Series Luke Skywalker - Hasbro Star Wars Black Series Snowtropper - Hasbro Star Wars Black Series Dak Ralter - Hasbro Star Wars Black Series Toryn Fair - Hasbro Star Wars - Dengar - Piziitoys Star Wars Republic Gunship to Clone Pilot - Hasbro Star Wars Veículo Class Li - Hasbro Star Wars - Zuckuss - Piziitoys Star Wars Fightpod Propulsor com 4 Figuras A0693/A0694 - Hasbro Star Wars Lanterna Chewbacca - DTC Star Wars Lanterna Darth Vader - DTC Star Wars Lanterna Mestre Yoda - DTC Star Wars Lanterna R2-D2 - DTC Kit Livros - Especial Star Wars: O Caminho Jedi + O Livro dos Sith (2...
			Igorando Pelo Filtro de Nome...
		Nome do Produto: Cozinha Compacta Telasul Star 4 Peças: Armário Aéreo, Armário Geladeira,... Cozinha Compacta Telasul Star 4 Peças: Armário Aéreo, Armário Geladeira,... Star Wars Gal Grievous to Griev. Starfighter - Hasbro Star Wars Mestre Yoda - Hasbro Star Wars Fighter Pods com 7 Figuras A0978/A0893 - Hasbro Star Wars Black Series Bastila Shan - Hasbro Star Wars Black Series Luke Skywalker - Hasbro Star Wars Black Series Snowtropper - Hasbro Star Wars Black Series Dak Ralter - Hasbro Star Wars Black Series Toryn Fair - Hasbro Star Wars - Dengar - Piziitoys Star Wars Republic Gunship to Clone Pilot - Hasbro Star Wars Veículo Class Li - Hasbro Star Wars - Zuckuss - Piziitoys Star Wars Fightpod Propulsor com 4 Figuras A0693/A0694 - Hasbro Star Wars Lanterna Chewbacca - DTC Star Wars Lanterna Darth Vader - DTC Star Wars Lanterna Mestre Yoda - DTC Star Wars Lanterna R2-D2 - DTC Kit Livros - Especial Star Wars: O Caminho Jedi + O Livro dos Sith (2...
			Igorando Pelo Filtro de Nome...
		Nome do Produto: Cozinha Compacta Telasul Star 4 Peças: Armário Aéreo, Armário Geladeira,... Cozinha Compacta Telasul Star 4 Peças: Armário Aéreo, Armário Geladeira,... Star Wars Gal Grievous to Griev. Starfighter - Hasbro Star Wars Mestre Yoda - Hasbro Star Wars Fighter Pods com 7 Figuras A0978/A0893 - Hasbro Star Wars Black Series Bastila Shan - Hasbro Star Wars Black Series Luke Skywalker - Hasbro Star Wars Black Series Snowtropper - Hasbro Star Wars Black Series Dak Ralter - Hasbro Star Wars Black Series Toryn Fair - Hasbro Star Wars - Dengar - Piziitoys Star Wars Republic Gunship to Clone Pilot - Hasbro Star Wars Veículo Class Li - Hasbro Star Wars - Zuckuss - Piziitoys Star Wars Fightpod Propulsor com 4 Figuras A0693/A0694 - Hasbro Star Wars Lanterna Chewbacca - DTC Star Wars Lanterna Darth Vader - DTC Star Wars Lanterna Mestre Yoda - DTC Star Wars Lanterna R2-D2 - DTC Kit Livros - Especial Star Wars: O Caminho Jedi + O Livro dos Sith (2...
			Igorando Pelo Filtro de Nome...
		Nome do Produto: Cozinha Compacta Telasul Star 4 Peças: Armário Aéreo, Armário Geladeira,... Cozinha Compacta Telasul Star 4 Peças: Armário Aéreo, Armário Geladeira,... Star Wars Gal Grievous to Griev. Starfighter - Hasbro Star Wars Mestre Yoda - Hasbro Star Wars Fighter Pods com 7 Figuras A0978/A0893 - Hasbro Star Wars Black Series Bastila Shan - Hasbro Star Wars Black Series Luke Skywalker - Hasbro Star Wars Black Series Snowtropper - Hasbro Star Wars Black Series Dak Ralter - Hasbro Star Wars Black Series Toryn Fair - Hasbro Star Wars - Dengar - Piziitoys Star Wars Republic Gunship to Clone Pilot - Hasbro Star Wars Veículo Class Li - Hasbro Star Wars - Zuckuss - Piziitoys Star Wars Fightpod Propulsor com 4 Figuras A0693/A0694 - Hasbro Star Wars Lanterna Chewbacca - DTC Star Wars Lanterna Darth Vader - DTC Star Wars Lanterna Mestre Yoda - DTC Star Wars Lanterna R2-D2 - DTC Kit Livros - Especial Star Wars: O Caminho Jedi + O Livro dos Sith (2...
			Igorando Pelo Filtro de Nome...
		Nome do Produto: Cozinha Compacta Telasul Star 4 Peças: Armário Aéreo, Armário Geladeira,... Cozinha Compacta Telasul Star 4 Peças: Armário Aéreo, Armário Geladeira,... Star Wars Gal Grievous to Griev. Starfighter - Hasbro Star Wars Mestre Yoda - Hasbro Star Wars Fighter Pods com 7 Figuras A0978/A0893 - Hasbro Star Wars Black Series Bastila Shan - Hasbro Star Wars Black Series Luke Skywalker - Hasbro Star Wars Black Series Snowtropper - Hasbro Star Wars Black Series Dak Ralter - Hasbro Star Wars Black Series Toryn Fair - Hasbro Star Wars - Dengar - Piziitoys Star Wars Republic Gunship to Clone Pilot - Hasbro Star Wars Veículo Class Li - Hasbro Star Wars - Zuckuss - Piziitoys Star Wars Fightpod Propulsor com 4 Figuras A0693/A0694 - Hasbro Star Wars Lanterna Chewbacca - DTC Star Wars Lanterna Darth Vader - DTC Star Wars Lanterna Mestre Yoda - DTC Star Wars Lanterna R2-D2 - DTC Kit Livros - Especial Star Wars: O Caminho Jedi + O Livro dos Sith (2...
			Igorando Pelo Filtro de Nome...
		Nome do Produto: Cozinha Compacta Telasul Star 4 Peças: Armário Aéreo, Armário Geladeira,... Cozinha Compacta Telasul Star 4 Peças: Armário Aéreo, Armário Geladeira,... Star Wars Gal Grievous to Griev. Starfighter - Hasbro Star Wars Mestre Yoda - Hasbro Star Wars Fighter Pods com 7 Figuras A0978/A0893 - Hasbro Star Wars Black Series Bastila Shan - Hasbro Star Wars Black Series Luke Skywalker - Hasbro Star Wars Black Series Snowtropper - Hasbro Star Wars Black Series Dak Ralter - Hasbro Star Wars Black Series Toryn Fair - Hasbro Star Wars - Dengar - Piziitoys Star Wars Republic Gunship to Clone Pilot - Hasbro Star Wars Veículo Class Li - Hasbro Star Wars - Zuckuss - Piziitoys Star Wars Fightpod Propulsor com 4 Figuras A0693/A0694 - Hasbro Star Wars Lanterna Chewbacca - DTC Star Wars Lanterna Darth Vader - DTC Star Wars Lanterna Mestre Yoda - DTC Star Wars Lanterna R2-D2 - DTC Kit Livros - Especial Star Wars: O Caminho Jedi + O Livro dos Sith (2...
			Igorando Pelo Filtro de Nome...
		Nome do Produto: Cozinha Compacta Telasul Star 4 Peças: Armário Aéreo, Armário Geladeira,... Cozinha Compacta Telasul Star 4 Peças: Armário Aéreo, Armário Geladeira,... Star Wars Gal Grievous to Griev. Starfighter - Hasbro Star Wars Mestre Yoda - Hasbro Star Wars Fighter Pods com 7 Figuras A0978/A0893 - Hasbro Star Wars Black Series Bastila Shan - Hasbro Star Wars Black Series Luke Skywalker - Hasbro Star Wars Black Series Snowtropper - Hasbro Star Wars Black Series Dak Ralter - Hasbro Star Wars Black Series Toryn Fair - Hasbro Star Wars - Dengar - Piziitoys Star Wars Republic Gunship to Clone Pilot - Hasbro Star Wars Veículo Class Li - Hasbro Star Wars - Zuckuss - Piziitoys Star Wars Fightpod Propulsor com 4 Figuras A0693/A0694 - Hasbro Star Wars Lanterna Chewbacca - DTC Star Wars Lanterna Darth Vader - DTC Star Wars Lanterna Mestre Yoda - DTC Star Wars Lanterna R2-D2 - DTC Kit Livros - Especial Star Wars: O Caminho Jedi + O Livro dos Sith (2...
			Igorando Pelo Filtro de Nome...
	Tempo Para buscar: 1300
Loja: ShopB
	URL Principal: http://www.shopb.com.br/
	URL Busca: http://busca.shopb.com.br/?busca=<BUSCA>
http://busca.shopb.com.br/?busca=Star+fox+64
		Documento Lido
		Resultados: 31
		Nome do Produto: Star Fox 64 3D - 3DS
http://shopb.ecommercesearch.com.br/Busca/Redir?url=http%3a%2f%2fwww.shopb.com.br%2fecommerce_site%2findex.php%3fpg%3dproduto%26cdg%3d4488%26idp%3d35922%26idparceiro%3dp1&esid=35922
		Acessando URL do produto.
		Nome do Produto: Angry Birds: Star Wars - PS3
			Igorando Pelo Filtro de Nome...
		Nome do Produto: Angry Birds: Star Wars - PS4
			Igorando Pelo Filtro de Nome...
		Nome do Produto: Angry Birds: Star Wars - XBOX 360
			Igorando Pelo Filtro de Nome...
		Nome do Produto: Angry Birds: Star Wars - XBOX ONE
			Igorando Pelo Filtro de Nome...
		Nome do Produto: Blaster Shooter - PS3
			Igorando Pelo Filtro de Nome...
		Nome do Produto: Cartão PSN R$ 100 - Playstation Network Store - Brasil
			Igorando Pelo Filtro de Nome...
		Nome do Produto: Cartão PSN R$ 250 - Playstation Network Store - Brasil
			Igorando Pelo Filtro de Nome...
		Nome do Produto: Console FC Twin 8-16 Bits NES / SNES 2 em 1 - Gameware
			Igorando Pelo Filtro de Nome...
		Nome do Produto: Digimon: All-Star Rumble - PS3
			Igorando Pelo Filtro de Nome...
		Nome do Produto: Digimon: All-Star Rumble - XBOX 360
			Igorando Pelo Filtro de Nome...
		Nome do Produto: FUSE - PS3
			Igorando Pelo Filtro de Nome...
		Nome do Produto: FUSE - XBOX 360
			Igorando Pelo Filtro de Nome...
		Nome do Produto: Fonte Paralela Positivo Unique 64 65 66 67 68 69
			Igorando Pelo Filtro de Nome...
		Nome do Produto: Fonte Paralela Sony Vaio PCG-F PCG-FR PCG-FX Voltagem 19.5v 3.9A
			Igorando Pelo Filtro de Nome...
		Nome do Produto: Fonte Paralela Sony Vaio PCG-F PCG-FR PCG-FX Voltagem 19.5v 4.7A
			Igorando Pelo Filtro de Nome...
		Nome do Produto: Fonte Paralela Sony Vaio PCG-FXA PCG-GRS PCG-GRX Voltagem 19.5v 3.9A
			Igorando Pelo Filtro de Nome...
		Nome do Produto: Fonte Paralela Sony Vaio PCG-FXA PCG-GRS PCG-GRX Voltagem 19.5v 4.7A
			Igorando Pelo Filtro de Nome...
		Nome do Produto: Headphone Stereo c/ Fio Philips SHP2000 - PC
			Igorando Pelo Filtro de Nome...
		Nome do Produto: Headset Sony Wireless Stereo Gold - PS3, PS4 e PS Vita
			Igorando Pelo Filtro de Nome...
		Nome do Produto: Headset Tritton Kunai Stereo - Nintendo Wii U/3DS
			Igorando Pelo Filtro de Nome...
		Nome do Produto: Headset Tritton Titanfall Kunai Stereo - XBOX 360
			Igorando Pelo Filtro de Nome...
		Nome do Produto: Headset Wireless Stereo 7.1 Pulse Elite - PS3, PC e PS Vita
			Igorando Pelo Filtro de Nome...
		Nome do Produto: Headset c/ Fio Tritton Kunai Stereo Branco - PS3 / PS Vita
			Igorando Pelo Filtro de Nome...
		Nome do Produto: Headset c/ Fio Tritton Kunai Stereo Preto - PS3 / PS Vita
			Igorando Pelo Filtro de Nome...
		Nome do Produto: Kens Rage 2: Fist of the North Star - XBOX 360
			Igorando Pelo Filtro de Nome...
		Nome do Produto: Kit Move Sharp Shooter - Playstation 3
			Igorando Pelo Filtro de Nome...
		Nome do Produto: LEGO Star Wars III: The Clone Wars - 3DS
			Igorando Pelo Filtro de Nome...
		Nome do Produto: Lego Star Wars III The Clone Wars - PS3
			Igorando Pelo Filtro de Nome...
		Nome do Produto: Lego Star Wars The Complete Saga - XBOX 360
			Igorando Pelo Filtro de Nome...
		Nome do Produto: Mouse Gamer Star Craft II Spectre - Razer
			Igorando Pelo Filtro de Nome...
	Tempo Para buscar: 1397
Loja: Submarino
	URL Principal: http://www.submarino.com.br/
	URL Busca: http://busca.submarino.com.br/busca.php?q=<BUSCA>
http://busca.submarino.com.br/busca.php?q=Star+fox+64
		Documento Lido
		Resultados: 30
		Nome do Produto: Livro - Star Wars: A Trilogia - Special Edition
			Igorando Pelo Filtro de Nome...
		Nome do Produto: Star Wars Fighter Pods com 7 Figuras A0978/A0893 - Hasbro
			Igorando Pelo Filtro de Nome...
		Nome do Produto: Star Wars Mestre Yoda - Hasbro
			Igorando Pelo Filtro de Nome...
		Nome do Produto: Star Wars Black Series Luke Skywalker - Hasbro
			Igorando Pelo Filtro de Nome...
		Nome do Produto: Star Wars Black Series Dak Ralter - Hasbro
			Igorando Pelo Filtro de Nome...
		Nome do Produto: Star Wars Black Series Snowtropper - Hasbro
			Igorando Pelo Filtro de Nome...
		Nome do Produto: Star Wars Gal Grievous to Griev. Starfighter - Hasbro
			Igorando Pelo Filtro de Nome...
		Nome do Produto: Star Wars - Dengar - Piziitoys
			Igorando Pelo Filtro de Nome...
		Nome do Produto: Star Wars Republic Gunship to Clone Pilot - Hasbro
			Igorando Pelo Filtro de Nome...
		Nome do Produto: Star Wars Fightpod Propulsor com 4 Figuras A0693/A0694 - Hasbro
			Igorando Pelo Filtro de Nome...
		Nome do Produto: Star Wars Veículo Class Li - Hasbro
			Igorando Pelo Filtro de Nome...
		Nome do Produto: Star Wars Black Series Bastila Shan - Hasbro
			Igorando Pelo Filtro de Nome...
		Nome do Produto: Star Wars Black Series Toryn Fair - Hasbro
			Igorando Pelo Filtro de Nome...
		Nome do Produto: Star Wars Lanterna Chewbacca - DTC
			Igorando Pelo Filtro de Nome...
		Nome do Produto: Star Wars Lanterna Darth Vader - DTC
			Igorando Pelo Filtro de Nome...
		Nome do Produto: Star Wars Lanterna Mestre Yoda - DTC
			Igorando Pelo Filtro de Nome...
		Nome do Produto: Star Wars - Zuckuss - Piziitoys
			Igorando Pelo Filtro de Nome...
		Nome do Produto: Boneco Star Wars StormTrooper - Hasbro
			Igorando Pelo Filtro de Nome...
		Nome do Produto: Kit Livros - Especial Star Wars: O Caminho Jedi + O Livro dos Sith (2 vols)
			Igorando Pelo Filtro de Nome...
		Nome do Produto: Sabre de Luz Color Change Star Wars - Hasbro
			Igorando Pelo Filtro de Nome...
		Nome do Produto: Boneco Star Wars 12'' Anakin Skywalker A0865/A0866 - Hasbro
			Igorando Pelo Filtro de Nome...
		Nome do Produto: Boneco Star Wars 12'' Clone Trooper A0865/A0867 - Hasbro
			Igorando Pelo Filtro de Nome...
		Nome do Produto: Boneco Star Wars Luke Skywalker Black Series 6" - Hasbro
			Igorando Pelo Filtro de Nome...
		Nome do Produto: Boneco Star Wars Obi-Wan Kenobi Black Series 6" - Hasbro
			Igorando Pelo Filtro de Nome...
		Nome do Produto: Boneco Star Wars Luke Skywalker - Hasbro
			Igorando Pelo Filtro de Nome...
		Nome do Produto: Boneco Star Wars Obi-Wan Kenobi - Hasbro
			Igorando Pelo Filtro de Nome...
		Nome do Produto: Conjunto Star Wars Command Millennium Falcon Hasbro
			Igorando Pelo Filtro de Nome...
		Nome do Produto: Veículo Star Wars Hero Series X-Wing Fightering Hasbro
			Igorando Pelo Filtro de Nome...
		Nome do Produto: Boneco Star Wars Command Battle Pack Sandtrooper Strike Hasbro
			Igorando Pelo Filtro de Nome...
		Nome do Produto: Boneco Star Wars R2D2 Interativo Hasbro
			Igorando Pelo Filtro de Nome...
	Tempo Para buscar: 1547
Loja: Walmart
	URL Principal: http://www.walmart.com.br/
	URL Busca: http://www.walmart.com.br/busca/?ft=<BUSCA>&PS=20
http://www.walmart.com.br/busca/?ft=Star+fox+64&PS=20
		Documento Lido
		Resultados: 1
		Nome do Produto: Jogo 3DS Star Fox 64 3D
http://www.walmart.com.br//produto/Games/Jogos-para-Nintendo-3DS/Nintendo/2055503-Jogo-3DS-Star-Fox-64-3D
		Acessando URL do produto.
	Tempo Para buscar: 5630

File copied from C:\java\rep\lookforprices\resources\imports\css.css to C:\java\rep\lookforprices\reports\2015-01-21 15\css.css
File copied from C:\java\rep\lookforprices\resources\imports\jquery.js to C:\java\rep\lookforprices\reports\2015-01-21 15\jquery.js
File copied from C:\java\rep\lookforprices\resources\imports\scripts.js to C:\java\rep\lookforprices\reports\2015-01-21 15\scripts.js
Tempo total de execução: 37869
