Game: Tenkai Knights
Loja: Nintendo eShop
	URL Principal: http://www.nintendo.com/3ds/eshop
	URL Busca: http://www.nintendo.com/json/content/get/game/filter?&&&&qterm=<BUSCA>
NintendoEShopSearch.search() http://www.nintendo.com/json/content/get/game/filter?&&&&qterm=Tenkai+Knights
		Documento Lido
		Resultados: 1
		Nome do Produto: Tenkai Knights Brave Battle
http://www.nintendo.com/games/detail/_4V1z8w0d6GsfzxbexTQM5jdH_tbUKl0
		Acessando URL do produto.
URL = http://www.nintendo.com/games/detail/_4V1z8w0d6GsfzxbexTQM5jdH_tbUKl0
	Tempo Para buscar: 714
Loja: Americanas
	URL Principal: http://www.americanas.com.br/
	URL Busca: http://busca.americanas.com.br/busca.php?q=<BUSCA>
http://busca.americanas.com.br/busca.php?q=Tenkai+Knights
		Documento Lido
		Resultados: 30
		Nome do Produto: Lancheira Batman Dark Knight Rises - Xeryus Preta
			Igorando Pelo Filtro de Nome...
		Nome do Produto: Batman Dark Knight Rises The Bat Hot Wheels Elite One 1:50
			Igorando Pelo Filtro de Nome...
		Nome do Produto: Boneco Transformers Silver Knight Prime Hasbro
			Igorando Pelo Filtro de Nome...
		Nome do Produto: Batmóvel (Tumbler) - The Dark Knight Trilogy Camuflado 1:18 Hot Wheels
			Igorando Pelo Filtro de Nome...
		Nome do Produto: Game The Witch And The Hundred Knights - PS3
			Igorando Pelo Filtro de Nome...
		Nome do Produto: Coldre De Perna (Alforge) Texx Black Knight
			Igorando Pelo Filtro de Nome...
		Nome do Produto: Mochila Moto Texx Black Knight C Capa De Chuva
			Igorando Pelo Filtro de Nome...
		Nome do Produto: Alforge (Mala) De Tanque Gps Tank Texx Black Knight
			Igorando Pelo Filtro de Nome...
		Nome do Produto: Mala De Tanque (Alforge) Coldre De Perna - Texx Black Knight Pequena
			Igorando Pelo Filtro de Nome...
		Nome do Produto: Alforge Mala Texx Traseira Black Knight Capa De Chuva
			Igorando Pelo Filtro de Nome...
		Nome do Produto: Alforge (Mala) De Tanque Magnética Fixação Com Imã Texx Black Knight
			Igorando Pelo Filtro de Nome...
		Nome do Produto: Alforge (Mala) Traseira Texx Black Knight Moto 25 Litros
			Igorando Pelo Filtro de Nome...
		Nome do Produto: Camiseta Feminina Dc Comics Batman The Dark Knight 3
			Igorando Pelo Filtro de Nome...
		Nome do Produto: Capa para Celular Motorola Moto E Emborrachada Batman Dark Knight
			Igorando Pelo Filtro de Nome...
		Nome do Produto: Cooler Para Processador 120mm Led Branco Dark Knight Xigmatek
			Igorando Pelo Filtro de Nome...
		Nome do Produto: Blu-Ray Segurança de Shopping
			Igorando Pelo Filtro de Nome...
		Nome do Produto: Miniatura Pontiac 1982 Firebird Trans Am K.I.T.T Kitt Knight Rider Hot Wheels Elite 1:18
			Igorando Pelo Filtro de Nome...
		Nome do Produto: Caneca Batman - The Dark Knight
			Igorando Pelo Filtro de Nome...
		Nome do Produto: CD Jorge Pescara - Knight Without Amour
			Igorando Pelo Filtro de Nome...
		Nome do Produto: CD Mark Knight 2.0 - Toolroom Knights - Duplo
			Igorando Pelo Filtro de Nome...
		Nome do Produto: Alforge Lateral 30L Texx Black Knight para moto
			Igorando Pelo Filtro de Nome...
		Nome do Produto: Game Knights Contract - PS3
			Igorando Pelo Filtro de Nome...
		Nome do Produto: Mochila Moto Texx Carbon Black Knight 26L com Capa de Chuva
			Igorando Pelo Filtro de Nome...
		Nome do Produto: DVD Kamen Rider - Dragon Knight - Volume 7
			Igorando Pelo Filtro de Nome...
		Nome do Produto: CD Hans Zimmer - The Dark Knight Rises (Batman)
			Igorando Pelo Filtro de Nome...
		Nome do Produto: DVD Dream`s Collection Vol 2
			Igorando Pelo Filtro de Nome...
		Nome do Produto: Miniatura Pontiac 1982 Firebird Trans Am K.A.R.R. Knight Automated Roving Robot 1:18 Hot Wheels Elite
			Igorando Pelo Filtro de Nome...
		Nome do Produto: Livro - Churchill - Desmascarado
			Igorando Pelo Filtro de Nome...
		Nome do Produto: Kre-o Ataque Knight Catapult Pack A6744/A7706 - Hasbro
			Igorando Pelo Filtro de Nome...
		Nome do Produto: Livro - O Pio da Corujinha
			Igorando Pelo Filtro de Nome...
	Tempo Para buscar: 1390
Loja: Big Boy Games
	URL Principal: http://www.bigboygames.com.br/
	URL Busca: http://www.bigboygames.com.br/pesquisa/?p=<BUSCA>
http://www.bigboygames.com.br/pesquisa/?p=Tenkai+Knights
		Documento Lido
		Resultados*: 1
		Acessando URL do produto.
	Tempo Para buscar: 6325
Loja: Casas Bahia
	URL Principal: http://www.casasbahia.com.br/
	URL Busca: http://buscas.casasbahia.com.br/search?w=<BUSCA>
http://buscas.casasbahia.com.br/search?w=Tenkai+Knights
		Documento Lido
		Resultados: 1
		Nome do Produto: Game The Elder Scrolls IV: Oblivion GOTY Edition Deluxe para Download - PC
			Igorando Pelo Filtro de Nome...
		Nome do Produto: Jogo Paradox Indie Bundle para Download - PC
			Igorando Pelo Filtro de Nome...
		Nome do Produto: Livro - Enem Nota Máxima - Linguagens e suas Tecnologias IV: Língua Estrangeira Moderna - Volume 10
			Igorando Pelo Filtro de Nome...
		Nome do Produto: Game Knights of Pen & Paper: +1 Edition para Download - PC e Mac
			Igorando Pelo Filtro de Nome...
		Nome do Produto: Game The Elder Scrolls IV: Oblivion® Goty Edition para Download - PC
			Igorando Pelo Filtro de Nome...
		Nome do Produto: Jogo The Elder Scrolls IV: Oblivion Goty - PS3
			Igorando Pelo Filtro de Nome...
		Nome do Produto: Game Star Wars: Knights of the Old Republic para Download - Mac
			Igorando Pelo Filtro de Nome...
		Nome do Produto: Jogo Grotesque Tactics 2 - Dungeons And Donuts para Download - PC
			Igorando Pelo Filtro de Nome...
		Nome do Produto: Jogo Paradox Platinum Pack para Download - PC
			Igorando Pelo Filtro de Nome...
		Nome do Produto: Game Knights of Pen & Paper +1 Edition para Download - PC/MAC
			Igorando Pelo Filtro de Nome...
		Nome do Produto: Game The Settlers 7: Deluxe Gold Edition para Download - PC
			Igorando Pelo Filtro de Nome...
		Nome do Produto: Game Blood Knights para Download - PC
			Igorando Pelo Filtro de Nome...
		Nome do Produto: CD-Audio -The Heinle Reading Library Illustrated Classics - King Arthur and the Knights -Level B
			Igorando Pelo Filtro de Nome...
		Nome do Produto: Livro - The Whispering Knights - Oxford Bookworms Library - Level 4 - Penelope Lively
			Igorando Pelo Filtro de Nome...
		Nome do Produto: The Heinle Reading Library Illustrated Classics - King Arthur and Knights of the Round Table - Level B
			Igorando Pelo Filtro de Nome...
		Nome do Produto: Jogo The Elder Scrolls IV: Oblivion Game Of The Year Edition - Xbox 360
			Igorando Pelo Filtro de Nome...
	Tempo Para buscar: 951
Loja: Extra
	URL Principal: http://www.extra.com.br/
	URL Busca: http://buscando.extra.com.br/search?w=<BUSCA>
http://buscando.extra.com.br/search?w=Tenkai+Knights
		Documento Lido
		Resultados: 12
		Nome do Produto: Vallhalla Knights PSVita
			Igorando Pelo Filtro de Nome...
		Nome do Produto: Game The Elder Scrolls IV: Oblivion GOTY Edition Deluxe para Download - PC
			Igorando Pelo Filtro de Nome...
		Nome do Produto: Game Star Wars: Knights of the Old Republic para Download - Mac
			Igorando Pelo Filtro de Nome...
		Nome do Produto: Game Knights of Pen & Paper: +1 Edition para Download - PC e Mac
			Igorando Pelo Filtro de Nome...
		Nome do Produto: Jogo Paradox Indie Bundle para Download - PC
			Igorando Pelo Filtro de Nome...
		Nome do Produto: Game Knights of Pen & Paper +1 Edition para Download - PC/MAC
			Igorando Pelo Filtro de Nome...
		Nome do Produto: Jogo Grotesque Tactics 2 - Dungeons And Donuts para Download - PC
			Igorando Pelo Filtro de Nome...
		Nome do Produto: Game Blood Knights para Download - PC
			Igorando Pelo Filtro de Nome...
		Nome do Produto: Game The Elder Scrolls IV: Oblivion® Goty Edition para Download - PC
			Igorando Pelo Filtro de Nome...
		Nome do Produto: Jogo The Elder Scrolls IV: Oblivion Game Of The Year Edition - Xbox 360
			Igorando Pelo Filtro de Nome...
		Nome do Produto: Jogo The Elder Scrolls IV: Oblivion Goty - PS3
			Igorando Pelo Filtro de Nome...
		Nome do Produto: Livro - The Whispering Knights - Oxford Bookworms Library - Level 4 - Penelope Lively
			Igorando Pelo Filtro de Nome...
	Tempo Para buscar: 1308
Loja: Fast Games
	URL Principal: http://www.fastgames.com.br/
	URL Busca: http://www.fastgames.com.br/loja/busca.php?loja=187970&palavra_busca=<BUSCA>
http://www.fastgames.com.br/loja/busca.php?loja=187970&palavra_busca=Tenkai+Knights
		Documento Lido
		Resultados: 0
	Tempo Para buscar: 522
Loja: Fast Shop
	URL Principal: http://www.fastshop.com.br/loja/
	URL Busca: http://www.fastshop.com.br/webapp/wcs/stores/servlet/SearchDisplay?searchTerm=<BUSCA>&categoryId=&storeId=10151&catalogId=11052&langId=-6&pageSize=9&beginIndex=0&sType=SimpleSearch&resultCatEntryType=2&showResultsPage=true&searchSource=Q&pageView=&hotsite=fastshop
http://www.fastshop.com.br/webapp/wcs/stores/servlet/SearchDisplay?searchTerm=Tenkai+Knights&categoryId=&storeId=10151&catalogId=11052&langId=-6&pageSize=9&beginIndex=0&sType=SimpleSearch&resultCatEntryType=2&showResultsPage=true&searchSource=Q&pageView=&hotsite=fastshop
		Documento Lido
		Resultados: 1
		Nome do Produto: 
			Igorando Pelo Filtro de Nome...
		Nome do Produto: 
			Igorando Pelo Filtro de Nome...
		Nome do Produto: 
			Igorando Pelo Filtro de Nome...
		Nome do Produto: 
			Igorando Pelo Filtro de Nome...
	Tempo Para buscar: 6174
Loja: FNAC
	URL Principal: http://www.fnac.com.br/index.html
	URL Busca: http://busca.fnac.com.br/?busca=<BUSCA>
http://busca.fnac.com.br/?busca=Tenkai+Knights
		Documento Lido
		Resultados: 20
		Nome do Produto: King Arthur And The Knights Os Round Table - Macmillan Readers Intermediate - Book With 2 Audio CDs
			Igorando Pelo Filtro de Nome...
		Nome do Produto: Cartão de Memória Kingston Sdhc 8gb Classe 4
			Igorando Pelo Filtro de Nome...
		Nome do Produto: Cartão de Memória Kingston Sdhc 16gb Classe 10 - 30mb/s
			Igorando Pelo Filtro de Nome...
		Nome do Produto: Cartão de Memória Kingston Sdhc 8gb Classe 10 - 30mb/s
			Igorando Pelo Filtro de Nome...
		Nome do Produto: Kit Mobility Cartão de Memória Kingston Micro Sdhc 8gb Classe 10 - 10mb/s
			Igorando Pelo Filtro de Nome...
		Nome do Produto: Kit Mobility Cartão de Memória Kingston Micro Sdhc 16gb Classe 10 - 10mb/s
			Igorando Pelo Filtro de Nome...
		Nome do Produto: Bíblia Sagrada - Presente de Casamento
			Igorando Pelo Filtro de Nome...
		Nome do Produto: Bíblia Vida Melhor - Mulher
			Igorando Pelo Filtro de Nome...
		Nome do Produto: Bíblia Vida Melhor - Líder
			Igorando Pelo Filtro de Nome...
		Nome do Produto: Bíblia Vida Melhor - Boas -novas
			Igorando Pelo Filtro de Nome...
		Nome do Produto: Bíblia Vida Melhor - Jovem
			Igorando Pelo Filtro de Nome...
		Nome do Produto: Thomaz Farkas, Pacaembu
			Igorando Pelo Filtro de Nome...
		Nome do Produto: O Livro Vermelho - Citacoes do Comandante Mao Tse-tung - Colecao A Obra Prima de Cada Autor
			Igorando Pelo Filtro de Nome...
		Nome do Produto: Lili, A Bruxa - Vira A Escola de Pernas Para O Ar
			Igorando Pelo Filtro de Nome...
		Nome do Produto: Lili, A Bruxa - O Dragão E O Livro Mágico
			Igorando Pelo Filtro de Nome...
		Nome do Produto: Lili, A Bruxa - no Castelo de Drácula
			Igorando Pelo Filtro de Nome...
		Nome do Produto: Lili, A Bruxa E O Cavaleiro em Viagem Pelo Tempo
			Igorando Pelo Filtro de Nome...
		Nome do Produto: Tragic Kingdom
			Igorando Pelo Filtro de Nome...
		Nome do Produto: Túneis
			Igorando Pelo Filtro de Nome...
		Nome do Produto: Modern Times
			Igorando Pelo Filtro de Nome...
	Tempo Para buscar: 1295
Loja: Kabum
	URL Principal: http://www.kabum.com.br/
	URL Busca: http://www.kabum.com.br/cgi-local/site/listagem/listagem.cgi?string=<BUSCA>&btnG=
http://www.kabum.com.br/cgi-local/site/listagem/listagem.cgi?string=Tenkai+Knights&btnG=
		Documento Lido
		Resultados: 0
	Tempo Para buscar: 473
Loja: Livraria Cultura
	URL Principal: http://www.livrariacultura.com.br/
	URL Busca: http://www.livrariacultura.com.br/busca?N=0&Ntt=<BUSCA>
http://www.livrariacultura.com.br/busca?N=0&Ntt=Tenkai+Knights
		Documento Lido
		Resultados: 3
		Nome do Produto: TENKAI KNIGHTS GO
http://www.livrariacultura.com.br/p/tenkai-knights-go-42296564
		Acessando URL do produto.
		Nome do Produto: DEFENDERS OF QUARTON
			Igorando Pelo Filtro de Nome...
		Nome do Produto: THE POWER OF FOUR
			Igorando Pelo Filtro de Nome...
	Tempo Para buscar: 789
Loja: Magazine Luiza
	URL Principal: http://www.magazineluiza.com.br/
	URL Busca: http://www.magazineluiza.com.br/busca/<BUSCA>/
http://www.magazineluiza.com.br/busca/Tenkai+Knights/
		Documento Lido
		Resultados: 1
		Nome do Produto: Batmóvel The Dark Knight Rises 7 Funções - Candide
			Igorando Pelo Filtro de Nome...
	Tempo Para buscar: 288
Loja: Mula Games
	URL Principal: http://www.mulagames.com.br/
	URL Busca: http://www.mulagames.com.br/produtos-index/catalogo_produtos/-/-/<BUSCA>/-/-/-/-/-/
http://www.mulagames.com.br/produtos-index/catalogo_produtos/-/-/Tenkai%20Knights/-/-/-/-/-/
		Documento Lido
		Resultados: 0
	Tempo Para buscar: 854
Loja: Net Shoes
	URL Principal: http://www.netshoes.com.br/
	URL Busca: http://www.netshoes.com.br/search?Ntt=<BUSCA>
http://www.netshoes.com.br/search?Ntt=Tenkai+Knights
		Documento Lido
		Resultados: 0
	Tempo Para buscar: 131
Loja: Ponto Frio
	URL Principal: http://www.pontofrio.com.br/
	URL Busca: http://search.pontofrio.com.br/search?w=<BUSCA>
http://search.pontofrio.com.br/search?w=Tenkai+Knights
		Documento Lido
		Resultados: 1
		Nome do Produto: Game The Elder Scrolls IV: Oblivion GOTY Edition Deluxe para Download - PC
			Igorando Pelo Filtro de Nome...
		Nome do Produto: Jogo Paradox Indie Bundle para Download - PC
			Igorando Pelo Filtro de Nome...
		Nome do Produto: Livro - Enem Nota Máxima - Linguagens e suas Tecnologias IV: Língua Estrangeira Moderna - Volume 10
			Igorando Pelo Filtro de Nome...
		Nome do Produto: Game Knights of Pen & Paper: +1 Edition para Download - PC e Mac
			Igorando Pelo Filtro de Nome...
		Nome do Produto: Game The Elder Scrolls IV: Oblivion® Goty Edition para Download - PC
			Igorando Pelo Filtro de Nome...
		Nome do Produto: Jogo The Elder Scrolls IV: Oblivion Game Of The Year Edition - Xbox 360
			Igorando Pelo Filtro de Nome...
		Nome do Produto: Jogo The Elder Scrolls IV: Oblivion Goty - PS3
			Igorando Pelo Filtro de Nome...
		Nome do Produto: Game Star Wars: Knights of the Old Republic para Download - Mac
			Igorando Pelo Filtro de Nome...
		Nome do Produto: Jogo Grotesque Tactics 2 - Dungeons And Donuts para Download - PC
			Igorando Pelo Filtro de Nome...
		Nome do Produto: Jogo Paradox Platinum Pack para Download - PC
			Igorando Pelo Filtro de Nome...
		Nome do Produto: Game Knights of Pen & Paper +1 Edition para Download - PC/MAC
			Igorando Pelo Filtro de Nome...
		Nome do Produto: Game The Settlers 7: Deluxe Gold Edition para Download - PC
			Igorando Pelo Filtro de Nome...
		Nome do Produto: Game Blood Knights para Download - PC
			Igorando Pelo Filtro de Nome...
		Nome do Produto: CD-Audio -The Heinle Reading Library Illustrated Classics - King Arthur and the Knights -Level B
			Igorando Pelo Filtro de Nome...
		Nome do Produto: Livro - The Whispering Knights - Oxford Bookworms Library - Level 4 - Penelope Lively
			Igorando Pelo Filtro de Nome...
		Nome do Produto: The Heinle Reading Library Illustrated Classics - King Arthur and Knights of the Round Table - Level B
			Igorando Pelo Filtro de Nome...
		Nome do Produto: Game The Elder Scrolls IV: Oblivion GOTY Edition Deluxe para Download - PC
			Igorando Pelo Filtro de Nome...
		Nome do Produto: Jogo Paradox Indie Bundle para Download - PC
			Igorando Pelo Filtro de Nome...
		Nome do Produto: Livro - Enem Nota Máxima - Linguagens e suas Tecnologias IV: Língua Estrangeira Moderna - Volume 10
			Igorando Pelo Filtro de Nome...
		Nome do Produto: Game Knights of Pen & Paper: +1 Edition para Download - PC e Mac
			Igorando Pelo Filtro de Nome...
		Nome do Produto: Game The Elder Scrolls IV: Oblivion® Goty Edition para Download - PC
			Igorando Pelo Filtro de Nome...
		Nome do Produto: Jogo The Elder Scrolls IV: Oblivion Game Of The Year Edition - Xbox 360
			Igorando Pelo Filtro de Nome...
		Nome do Produto: Jogo The Elder Scrolls IV: Oblivion Goty - PS3
			Igorando Pelo Filtro de Nome...
		Nome do Produto: Game Star Wars: Knights of the Old Republic para Download - Mac
			Igorando Pelo Filtro de Nome...
		Nome do Produto: Jogo Grotesque Tactics 2 - Dungeons And Donuts para Download - PC
			Igorando Pelo Filtro de Nome...
		Nome do Produto: Jogo Paradox Platinum Pack para Download - PC
			Igorando Pelo Filtro de Nome...
		Nome do Produto: Game Knights of Pen & Paper +1 Edition para Download - PC/MAC
			Igorando Pelo Filtro de Nome...
		Nome do Produto: Game The Settlers 7: Deluxe Gold Edition para Download - PC
			Igorando Pelo Filtro de Nome...
		Nome do Produto: Game Blood Knights para Download - PC
			Igorando Pelo Filtro de Nome...
		Nome do Produto: CD-Audio -The Heinle Reading Library Illustrated Classics - King Arthur and the Knights -Level B
			Igorando Pelo Filtro de Nome...
		Nome do Produto: Livro - The Whispering Knights - Oxford Bookworms Library - Level 4 - Penelope Lively
			Igorando Pelo Filtro de Nome...
		Nome do Produto: The Heinle Reading Library Illustrated Classics - King Arthur and Knights of the Round Table - Level B
			Igorando Pelo Filtro de Nome...
	Tempo Para buscar: 1128
Loja: Ricardo Eletro
	URL Principal: http://www.ricardoeletro.com.br/
	URL Busca: http://www.ricardoeletro.com.br/Busca/Resultado/?q=<BUSCA>
http://www.ricardoeletro.com.br/Busca/Resultado/?q=Tenkai+Knights
		Documento Lido
		Resultados: 0
	Tempo Para buscar: 1188
Loja: RiHappy
	URL Principal: http://www.rihappy.com.br/
	URL Busca: http://www.rihappy.com.br/<BUSCA>
http://www.rihappy.com.br/Tenkai%20Knights
		Documento Lido
		Resultados: 0
	Tempo Para buscar: 1709
Loja: Saraiva
	URL Principal: http://www.saraiva.com.br/
	URL Busca: http://busca.saraiva.com.br/search?w=<BUSCA>&PAC_ID=129457&ts=ajax
http://busca.saraiva.com.br/search?w=Tenkai+Knights&PAC_ID=129457&ts=ajax
		Documento Lido
		Resultados: 30
		Nome do Produto: Tenka Preta Pretinha
			Igorando Pelo Filtro de Nome...
		Nome do Produto: Knights
			Igorando Pelo Filtro de Nome...
		Nome do Produto: Knights
			Igorando Pelo Filtro de Nome...
		Nome do Produto: Knights
			Igorando Pelo Filtro de Nome...
		Nome do Produto: Knights
			Igorando Pelo Filtro de Nome...
		Nome do Produto: Knights
			Igorando Pelo Filtro de Nome...
		Nome do Produto: Knights
			Igorando Pelo Filtro de Nome...
		Nome do Produto: Knights
			Igorando Pelo Filtro de Nome...
		Nome do Produto: Knights
			Igorando Pelo Filtro de Nome...
		Nome do Produto: Knights Divided
			Igorando Pelo Filtro de Nome...
		Nome do Produto: Vegas Knights
			Igorando Pelo Filtro de Nome...
		Nome do Produto: Good Knights
			Igorando Pelo Filtro de Nome...
		Nome do Produto: Boca Knights
			Igorando Pelo Filtro de Nome...
		Nome do Produto: Medieval Knights
			Igorando Pelo Filtro de Nome...
		Nome do Produto: Knights Templar
			Igorando Pelo Filtro de Nome...
		Nome do Produto: Real Knights
			Igorando Pelo Filtro de Nome...
		Nome do Produto: Grey Knights
			Igorando Pelo Filtro de Nome...
		Nome do Produto: Black Knights
			Igorando Pelo Filtro de Nome...
		Nome do Produto: Black Knights
			Igorando Pelo Filtro de Nome...
		Nome do Produto: Medieval Knights
			Igorando Pelo Filtro de Nome...
		Nome do Produto: Dragon Knights
			Igorando Pelo Filtro de Nome...
		Nome do Produto: Black Knights
			Igorando Pelo Filtro de Nome...
		Nome do Produto: The Knights
			Igorando Pelo Filtro de Nome...
		Nome do Produto: The Knights of Arthur
			Igorando Pelo Filtro de Nome...
		Nome do Produto: Knights And Armour
			Igorando Pelo Filtro de Nome...
		Nome do Produto: Knights of Christmas
			Igorando Pelo Filtro de Nome...
		Nome do Produto: Knights And Castles
			Igorando Pelo Filtro de Nome...
		Nome do Produto: Medieval Knights Stickers
			Igorando Pelo Filtro de Nome...
		Nome do Produto: King Arthur's Knights
			Igorando Pelo Filtro de Nome...
		Nome do Produto: Knights of Columbus
			Igorando Pelo Filtro de Nome...
	Tempo Para buscar: 5650
Loja: Shop Facil
	URL Principal: http://ww2.shopfacil.com.br/
	URL Busca: http://ww2.shopfacil.com.br/<BUSCA>
http://ww2.shopfacil.com.br/Tenkai%20Knights
		Documento Lido
		Resultados: 3
		Nome do Produto: Livro - The Whispering Knights - Oxford Bookworms Library - Level 4 - Penelope Lively
			Igorando Pelo Filtro de Nome...
		Nome do Produto: The Heinle Reading Library Illustrated Classics - King Arthur and Knights of the Round Table - Level B
			Igorando Pelo Filtro de Nome...
		Nome do Produto: CD-Audio -The Heinle Reading Library Illustrated Classics - King Arthur and the Knights -Level B
			Igorando Pelo Filtro de Nome...
	Tempo Para buscar: 955
Loja: Shop Time
	URL Principal: http://www.shoptime.com.br/
	URL Busca: http://busca.shoptime.com.br/busca.php?q=<BUSCA>
http://busca.shoptime.com.br/busca.php?q=Tenkai+Knights
		Documento Lido
		Resultados: 20
		Nome do Produto: Lancheira Batman Dark Knight Rises - Xeryus Preta Coldre De Perna (Alforge) Texx Black Knight Game The Witch And The Hundred Knights - PS3 Boneco Transformers Silver Knight Prime Hasbro Mochila Moto Texx Black Knight C Capa De Chuva Alforge Mala Texx Traseira Black Knight Capa De Chuva Alforge (Mala) De Tanque Gps Tank Texx Black Knight Mala De Tanque (Alforge) Coldre De Perna - Texx Black Knight Pequena Alforge (Mala) De Tanque Magnética Fixação Com Imã Texx Black Knight Alforge (Mala) Traseira Texx Black Knight Moto 25 Litros CD Mark Knight 2.0 - Toolroom Knights - Duplo DVD Kamen Rider - Dragon Knight - Volume 7 Caneca Batman - The Dark Knight Blu-Ray Segurança de Shopping Livro - Knight Of Staufenberg, The Livro - Adventures of the Knight Theuerdank, The CD Joel Frederiksen - The Elfin Knight (Importado) Alforge Lateral 30L Texx Black Knight para moto Mochila Moto Texx Carbon Black Knight 26L com Capa de Chuva CD Jorge Pescara - Knight Without Amour
			Igorando Pelo Filtro de Nome...
		Nome do Produto: Lancheira Batman Dark Knight Rises - Xeryus Preta Coldre De Perna (Alforge) Texx Black Knight Game The Witch And The Hundred Knights - PS3 Boneco Transformers Silver Knight Prime Hasbro Mochila Moto Texx Black Knight C Capa De Chuva Alforge Mala Texx Traseira Black Knight Capa De Chuva Alforge (Mala) De Tanque Gps Tank Texx Black Knight Mala De Tanque (Alforge) Coldre De Perna - Texx Black Knight Pequena Alforge (Mala) De Tanque Magnética Fixação Com Imã Texx Black Knight Alforge (Mala) Traseira Texx Black Knight Moto 25 Litros CD Mark Knight 2.0 - Toolroom Knights - Duplo DVD Kamen Rider - Dragon Knight - Volume 7 Caneca Batman - The Dark Knight Blu-Ray Segurança de Shopping Livro - Knight Of Staufenberg, The Livro - Adventures of the Knight Theuerdank, The CD Joel Frederiksen - The Elfin Knight (Importado) Alforge Lateral 30L Texx Black Knight para moto Mochila Moto Texx Carbon Black Knight 26L com Capa de Chuva CD Jorge Pescara - Knight Without Amour
			Igorando Pelo Filtro de Nome...
		Nome do Produto: Lancheira Batman Dark Knight Rises - Xeryus Preta Coldre De Perna (Alforge) Texx Black Knight Game The Witch And The Hundred Knights - PS3 Boneco Transformers Silver Knight Prime Hasbro Mochila Moto Texx Black Knight C Capa De Chuva Alforge Mala Texx Traseira Black Knight Capa De Chuva Alforge (Mala) De Tanque Gps Tank Texx Black Knight Mala De Tanque (Alforge) Coldre De Perna - Texx Black Knight Pequena Alforge (Mala) De Tanque Magnética Fixação Com Imã Texx Black Knight Alforge (Mala) Traseira Texx Black Knight Moto 25 Litros CD Mark Knight 2.0 - Toolroom Knights - Duplo DVD Kamen Rider - Dragon Knight - Volume 7 Caneca Batman - The Dark Knight Blu-Ray Segurança de Shopping Livro - Knight Of Staufenberg, The Livro - Adventures of the Knight Theuerdank, The CD Joel Frederiksen - The Elfin Knight (Importado) Alforge Lateral 30L Texx Black Knight para moto Mochila Moto Texx Carbon Black Knight 26L com Capa de Chuva CD Jorge Pescara - Knight Without Amour
			Igorando Pelo Filtro de Nome...
		Nome do Produto: Lancheira Batman Dark Knight Rises - Xeryus Preta Coldre De Perna (Alforge) Texx Black Knight Game The Witch And The Hundred Knights - PS3 Boneco Transformers Silver Knight Prime Hasbro Mochila Moto Texx Black Knight C Capa De Chuva Alforge Mala Texx Traseira Black Knight Capa De Chuva Alforge (Mala) De Tanque Gps Tank Texx Black Knight Mala De Tanque (Alforge) Coldre De Perna - Texx Black Knight Pequena Alforge (Mala) De Tanque Magnética Fixação Com Imã Texx Black Knight Alforge (Mala) Traseira Texx Black Knight Moto 25 Litros CD Mark Knight 2.0 - Toolroom Knights - Duplo DVD Kamen Rider - Dragon Knight - Volume 7 Caneca Batman - The Dark Knight Blu-Ray Segurança de Shopping Livro - Knight Of Staufenberg, The Livro - Adventures of the Knight Theuerdank, The CD Joel Frederiksen - The Elfin Knight (Importado) Alforge Lateral 30L Texx Black Knight para moto Mochila Moto Texx Carbon Black Knight 26L com Capa de Chuva CD Jorge Pescara - Knight Without Amour
			Igorando Pelo Filtro de Nome...
		Nome do Produto: Lancheira Batman Dark Knight Rises - Xeryus Preta Coldre De Perna (Alforge) Texx Black Knight Game The Witch And The Hundred Knights - PS3 Boneco Transformers Silver Knight Prime Hasbro Mochila Moto Texx Black Knight C Capa De Chuva Alforge Mala Texx Traseira Black Knight Capa De Chuva Alforge (Mala) De Tanque Gps Tank Texx Black Knight Mala De Tanque (Alforge) Coldre De Perna - Texx Black Knight Pequena Alforge (Mala) De Tanque Magnética Fixação Com Imã Texx Black Knight Alforge (Mala) Traseira Texx Black Knight Moto 25 Litros CD Mark Knight 2.0 - Toolroom Knights - Duplo DVD Kamen Rider - Dragon Knight - Volume 7 Caneca Batman - The Dark Knight Blu-Ray Segurança de Shopping Livro - Knight Of Staufenberg, The Livro - Adventures of the Knight Theuerdank, The CD Joel Frederiksen - The Elfin Knight (Importado) Alforge Lateral 30L Texx Black Knight para moto Mochila Moto Texx Carbon Black Knight 26L com Capa de Chuva CD Jorge Pescara - Knight Without Amour
			Igorando Pelo Filtro de Nome...
		Nome do Produto: Lancheira Batman Dark Knight Rises - Xeryus Preta Coldre De Perna (Alforge) Texx Black Knight Game The Witch And The Hundred Knights - PS3 Boneco Transformers Silver Knight Prime Hasbro Mochila Moto Texx Black Knight C Capa De Chuva Alforge Mala Texx Traseira Black Knight Capa De Chuva Alforge (Mala) De Tanque Gps Tank Texx Black Knight Mala De Tanque (Alforge) Coldre De Perna - Texx Black Knight Pequena Alforge (Mala) De Tanque Magnética Fixação Com Imã Texx Black Knight Alforge (Mala) Traseira Texx Black Knight Moto 25 Litros CD Mark Knight 2.0 - Toolroom Knights - Duplo DVD Kamen Rider - Dragon Knight - Volume 7 Caneca Batman - The Dark Knight Blu-Ray Segurança de Shopping Livro - Knight Of Staufenberg, The Livro - Adventures of the Knight Theuerdank, The CD Joel Frederiksen - The Elfin Knight (Importado) Alforge Lateral 30L Texx Black Knight para moto Mochila Moto Texx Carbon Black Knight 26L com Capa de Chuva CD Jorge Pescara - Knight Without Amour
			Igorando Pelo Filtro de Nome...
		Nome do Produto: Lancheira Batman Dark Knight Rises - Xeryus Preta Coldre De Perna (Alforge) Texx Black Knight Game The Witch And The Hundred Knights - PS3 Boneco Transformers Silver Knight Prime Hasbro Mochila Moto Texx Black Knight C Capa De Chuva Alforge Mala Texx Traseira Black Knight Capa De Chuva Alforge (Mala) De Tanque Gps Tank Texx Black Knight Mala De Tanque (Alforge) Coldre De Perna - Texx Black Knight Pequena Alforge (Mala) De Tanque Magnética Fixação Com Imã Texx Black Knight Alforge (Mala) Traseira Texx Black Knight Moto 25 Litros CD Mark Knight 2.0 - Toolroom Knights - Duplo DVD Kamen Rider - Dragon Knight - Volume 7 Caneca Batman - The Dark Knight Blu-Ray Segurança de Shopping Livro - Knight Of Staufenberg, The Livro - Adventures of the Knight Theuerdank, The CD Joel Frederiksen - The Elfin Knight (Importado) Alforge Lateral 30L Texx Black Knight para moto Mochila Moto Texx Carbon Black Knight 26L com Capa de Chuva CD Jorge Pescara - Knight Without Amour
			Igorando Pelo Filtro de Nome...
		Nome do Produto: Lancheira Batman Dark Knight Rises - Xeryus Preta Coldre De Perna (Alforge) Texx Black Knight Game The Witch And The Hundred Knights - PS3 Boneco Transformers Silver Knight Prime Hasbro Mochila Moto Texx Black Knight C Capa De Chuva Alforge Mala Texx Traseira Black Knight Capa De Chuva Alforge (Mala) De Tanque Gps Tank Texx Black Knight Mala De Tanque (Alforge) Coldre De Perna - Texx Black Knight Pequena Alforge (Mala) De Tanque Magnética Fixação Com Imã Texx Black Knight Alforge (Mala) Traseira Texx Black Knight Moto 25 Litros CD Mark Knight 2.0 - Toolroom Knights - Duplo DVD Kamen Rider - Dragon Knight - Volume 7 Caneca Batman - The Dark Knight Blu-Ray Segurança de Shopping Livro - Knight Of Staufenberg, The Livro - Adventures of the Knight Theuerdank, The CD Joel Frederiksen - The Elfin Knight (Importado) Alforge Lateral 30L Texx Black Knight para moto Mochila Moto Texx Carbon Black Knight 26L com Capa de Chuva CD Jorge Pescara - Knight Without Amour
			Igorando Pelo Filtro de Nome...
		Nome do Produto: Lancheira Batman Dark Knight Rises - Xeryus Preta Coldre De Perna (Alforge) Texx Black Knight Game The Witch And The Hundred Knights - PS3 Boneco Transformers Silver Knight Prime Hasbro Mochila Moto Texx Black Knight C Capa De Chuva Alforge Mala Texx Traseira Black Knight Capa De Chuva Alforge (Mala) De Tanque Gps Tank Texx Black Knight Mala De Tanque (Alforge) Coldre De Perna - Texx Black Knight Pequena Alforge (Mala) De Tanque Magnética Fixação Com Imã Texx Black Knight Alforge (Mala) Traseira Texx Black Knight Moto 25 Litros CD Mark Knight 2.0 - Toolroom Knights - Duplo DVD Kamen Rider - Dragon Knight - Volume 7 Caneca Batman - The Dark Knight Blu-Ray Segurança de Shopping Livro - Knight Of Staufenberg, The Livro - Adventures of the Knight Theuerdank, The CD Joel Frederiksen - The Elfin Knight (Importado) Alforge Lateral 30L Texx Black Knight para moto Mochila Moto Texx Carbon Black Knight 26L com Capa de Chuva CD Jorge Pescara - Knight Without Amour
			Igorando Pelo Filtro de Nome...
		Nome do Produto: Lancheira Batman Dark Knight Rises - Xeryus Preta Coldre De Perna (Alforge) Texx Black Knight Game The Witch And The Hundred Knights - PS3 Boneco Transformers Silver Knight Prime Hasbro Mochila Moto Texx Black Knight C Capa De Chuva Alforge Mala Texx Traseira Black Knight Capa De Chuva Alforge (Mala) De Tanque Gps Tank Texx Black Knight Mala De Tanque (Alforge) Coldre De Perna - Texx Black Knight Pequena Alforge (Mala) De Tanque Magnética Fixação Com Imã Texx Black Knight Alforge (Mala) Traseira Texx Black Knight Moto 25 Litros CD Mark Knight 2.0 - Toolroom Knights - Duplo DVD Kamen Rider - Dragon Knight - Volume 7 Caneca Batman - The Dark Knight Blu-Ray Segurança de Shopping Livro - Knight Of Staufenberg, The Livro - Adventures of the Knight Theuerdank, The CD Joel Frederiksen - The Elfin Knight (Importado) Alforge Lateral 30L Texx Black Knight para moto Mochila Moto Texx Carbon Black Knight 26L com Capa de Chuva CD Jorge Pescara - Knight Without Amour
			Igorando Pelo Filtro de Nome...
		Nome do Produto: Lancheira Batman Dark Knight Rises - Xeryus Preta Coldre De Perna (Alforge) Texx Black Knight Game The Witch And The Hundred Knights - PS3 Boneco Transformers Silver Knight Prime Hasbro Mochila Moto Texx Black Knight C Capa De Chuva Alforge Mala Texx Traseira Black Knight Capa De Chuva Alforge (Mala) De Tanque Gps Tank Texx Black Knight Mala De Tanque (Alforge) Coldre De Perna - Texx Black Knight Pequena Alforge (Mala) De Tanque Magnética Fixação Com Imã Texx Black Knight Alforge (Mala) Traseira Texx Black Knight Moto 25 Litros CD Mark Knight 2.0 - Toolroom Knights - Duplo DVD Kamen Rider - Dragon Knight - Volume 7 Caneca Batman - The Dark Knight Blu-Ray Segurança de Shopping Livro - Knight Of Staufenberg, The Livro - Adventures of the Knight Theuerdank, The CD Joel Frederiksen - The Elfin Knight (Importado) Alforge Lateral 30L Texx Black Knight para moto Mochila Moto Texx Carbon Black Knight 26L com Capa de Chuva CD Jorge Pescara - Knight Without Amour
			Igorando Pelo Filtro de Nome...
		Nome do Produto: Lancheira Batman Dark Knight Rises - Xeryus Preta Coldre De Perna (Alforge) Texx Black Knight Game The Witch And The Hundred Knights - PS3 Boneco Transformers Silver Knight Prime Hasbro Mochila Moto Texx Black Knight C Capa De Chuva Alforge Mala Texx Traseira Black Knight Capa De Chuva Alforge (Mala) De Tanque Gps Tank Texx Black Knight Mala De Tanque (Alforge) Coldre De Perna - Texx Black Knight Pequena Alforge (Mala) De Tanque Magnética Fixação Com Imã Texx Black Knight Alforge (Mala) Traseira Texx Black Knight Moto 25 Litros CD Mark Knight 2.0 - Toolroom Knights - Duplo DVD Kamen Rider - Dragon Knight - Volume 7 Caneca Batman - The Dark Knight Blu-Ray Segurança de Shopping Livro - Knight Of Staufenberg, The Livro - Adventures of the Knight Theuerdank, The CD Joel Frederiksen - The Elfin Knight (Importado) Alforge Lateral 30L Texx Black Knight para moto Mochila Moto Texx Carbon Black Knight 26L com Capa de Chuva CD Jorge Pescara - Knight Without Amour
			Igorando Pelo Filtro de Nome...
		Nome do Produto: Lancheira Batman Dark Knight Rises - Xeryus Preta Coldre De Perna (Alforge) Texx Black Knight Game The Witch And The Hundred Knights - PS3 Boneco Transformers Silver Knight Prime Hasbro Mochila Moto Texx Black Knight C Capa De Chuva Alforge Mala Texx Traseira Black Knight Capa De Chuva Alforge (Mala) De Tanque Gps Tank Texx Black Knight Mala De Tanque (Alforge) Coldre De Perna - Texx Black Knight Pequena Alforge (Mala) De Tanque Magnética Fixação Com Imã Texx Black Knight Alforge (Mala) Traseira Texx Black Knight Moto 25 Litros CD Mark Knight 2.0 - Toolroom Knights - Duplo DVD Kamen Rider - Dragon Knight - Volume 7 Caneca Batman - The Dark Knight Blu-Ray Segurança de Shopping Livro - Knight Of Staufenberg, The Livro - Adventures of the Knight Theuerdank, The CD Joel Frederiksen - The Elfin Knight (Importado) Alforge Lateral 30L Texx Black Knight para moto Mochila Moto Texx Carbon Black Knight 26L com Capa de Chuva CD Jorge Pescara - Knight Without Amour
			Igorando Pelo Filtro de Nome...
		Nome do Produto: Lancheira Batman Dark Knight Rises - Xeryus Preta Coldre De Perna (Alforge) Texx Black Knight Game The Witch And The Hundred Knights - PS3 Boneco Transformers Silver Knight Prime Hasbro Mochila Moto Texx Black Knight C Capa De Chuva Alforge Mala Texx Traseira Black Knight Capa De Chuva Alforge (Mala) De Tanque Gps Tank Texx Black Knight Mala De Tanque (Alforge) Coldre De Perna - Texx Black Knight Pequena Alforge (Mala) De Tanque Magnética Fixação Com Imã Texx Black Knight Alforge (Mala) Traseira Texx Black Knight Moto 25 Litros CD Mark Knight 2.0 - Toolroom Knights - Duplo DVD Kamen Rider - Dragon Knight - Volume 7 Caneca Batman - The Dark Knight Blu-Ray Segurança de Shopping Livro - Knight Of Staufenberg, The Livro - Adventures of the Knight Theuerdank, The CD Joel Frederiksen - The Elfin Knight (Importado) Alforge Lateral 30L Texx Black Knight para moto Mochila Moto Texx Carbon Black Knight 26L com Capa de Chuva CD Jorge Pescara - Knight Without Amour
			Igorando Pelo Filtro de Nome...
		Nome do Produto: Lancheira Batman Dark Knight Rises - Xeryus Preta Coldre De Perna (Alforge) Texx Black Knight Game The Witch And The Hundred Knights - PS3 Boneco Transformers Silver Knight Prime Hasbro Mochila Moto Texx Black Knight C Capa De Chuva Alforge Mala Texx Traseira Black Knight Capa De Chuva Alforge (Mala) De Tanque Gps Tank Texx Black Knight Mala De Tanque (Alforge) Coldre De Perna - Texx Black Knight Pequena Alforge (Mala) De Tanque Magnética Fixação Com Imã Texx Black Knight Alforge (Mala) Traseira Texx Black Knight Moto 25 Litros CD Mark Knight 2.0 - Toolroom Knights - Duplo DVD Kamen Rider - Dragon Knight - Volume 7 Caneca Batman - The Dark Knight Blu-Ray Segurança de Shopping Livro - Knight Of Staufenberg, The Livro - Adventures of the Knight Theuerdank, The CD Joel Frederiksen - The Elfin Knight (Importado) Alforge Lateral 30L Texx Black Knight para moto Mochila Moto Texx Carbon Black Knight 26L com Capa de Chuva CD Jorge Pescara - Knight Without Amour
			Igorando Pelo Filtro de Nome...
		Nome do Produto: Lancheira Batman Dark Knight Rises - Xeryus Preta Coldre De Perna (Alforge) Texx Black Knight Game The Witch And The Hundred Knights - PS3 Boneco Transformers Silver Knight Prime Hasbro Mochila Moto Texx Black Knight C Capa De Chuva Alforge Mala Texx Traseira Black Knight Capa De Chuva Alforge (Mala) De Tanque Gps Tank Texx Black Knight Mala De Tanque (Alforge) Coldre De Perna - Texx Black Knight Pequena Alforge (Mala) De Tanque Magnética Fixação Com Imã Texx Black Knight Alforge (Mala) Traseira Texx Black Knight Moto 25 Litros CD Mark Knight 2.0 - Toolroom Knights - Duplo DVD Kamen Rider - Dragon Knight - Volume 7 Caneca Batman - The Dark Knight Blu-Ray Segurança de Shopping Livro - Knight Of Staufenberg, The Livro - Adventures of the Knight Theuerdank, The CD Joel Frederiksen - The Elfin Knight (Importado) Alforge Lateral 30L Texx Black Knight para moto Mochila Moto Texx Carbon Black Knight 26L com Capa de Chuva CD Jorge Pescara - Knight Without Amour
			Igorando Pelo Filtro de Nome...
		Nome do Produto: Lancheira Batman Dark Knight Rises - Xeryus Preta Coldre De Perna (Alforge) Texx Black Knight Game The Witch And The Hundred Knights - PS3 Boneco Transformers Silver Knight Prime Hasbro Mochila Moto Texx Black Knight C Capa De Chuva Alforge Mala Texx Traseira Black Knight Capa De Chuva Alforge (Mala) De Tanque Gps Tank Texx Black Knight Mala De Tanque (Alforge) Coldre De Perna - Texx Black Knight Pequena Alforge (Mala) De Tanque Magnética Fixação Com Imã Texx Black Knight Alforge (Mala) Traseira Texx Black Knight Moto 25 Litros CD Mark Knight 2.0 - Toolroom Knights - Duplo DVD Kamen Rider - Dragon Knight - Volume 7 Caneca Batman - The Dark Knight Blu-Ray Segurança de Shopping Livro - Knight Of Staufenberg, The Livro - Adventures of the Knight Theuerdank, The CD Joel Frederiksen - The Elfin Knight (Importado) Alforge Lateral 30L Texx Black Knight para moto Mochila Moto Texx Carbon Black Knight 26L com Capa de Chuva CD Jorge Pescara - Knight Without Amour
			Igorando Pelo Filtro de Nome...
		Nome do Produto: Lancheira Batman Dark Knight Rises - Xeryus Preta Coldre De Perna (Alforge) Texx Black Knight Game The Witch And The Hundred Knights - PS3 Boneco Transformers Silver Knight Prime Hasbro Mochila Moto Texx Black Knight C Capa De Chuva Alforge Mala Texx Traseira Black Knight Capa De Chuva Alforge (Mala) De Tanque Gps Tank Texx Black Knight Mala De Tanque (Alforge) Coldre De Perna - Texx Black Knight Pequena Alforge (Mala) De Tanque Magnética Fixação Com Imã Texx Black Knight Alforge (Mala) Traseira Texx Black Knight Moto 25 Litros CD Mark Knight 2.0 - Toolroom Knights - Duplo DVD Kamen Rider - Dragon Knight - Volume 7 Caneca Batman - The Dark Knight Blu-Ray Segurança de Shopping Livro - Knight Of Staufenberg, The Livro - Adventures of the Knight Theuerdank, The CD Joel Frederiksen - The Elfin Knight (Importado) Alforge Lateral 30L Texx Black Knight para moto Mochila Moto Texx Carbon Black Knight 26L com Capa de Chuva CD Jorge Pescara - Knight Without Amour
			Igorando Pelo Filtro de Nome...
		Nome do Produto: Lancheira Batman Dark Knight Rises - Xeryus Preta Coldre De Perna (Alforge) Texx Black Knight Game The Witch And The Hundred Knights - PS3 Boneco Transformers Silver Knight Prime Hasbro Mochila Moto Texx Black Knight C Capa De Chuva Alforge Mala Texx Traseira Black Knight Capa De Chuva Alforge (Mala) De Tanque Gps Tank Texx Black Knight Mala De Tanque (Alforge) Coldre De Perna - Texx Black Knight Pequena Alforge (Mala) De Tanque Magnética Fixação Com Imã Texx Black Knight Alforge (Mala) Traseira Texx Black Knight Moto 25 Litros CD Mark Knight 2.0 - Toolroom Knights - Duplo DVD Kamen Rider - Dragon Knight - Volume 7 Caneca Batman - The Dark Knight Blu-Ray Segurança de Shopping Livro - Knight Of Staufenberg, The Livro - Adventures of the Knight Theuerdank, The CD Joel Frederiksen - The Elfin Knight (Importado) Alforge Lateral 30L Texx Black Knight para moto Mochila Moto Texx Carbon Black Knight 26L com Capa de Chuva CD Jorge Pescara - Knight Without Amour
			Igorando Pelo Filtro de Nome...
		Nome do Produto: Lancheira Batman Dark Knight Rises - Xeryus Preta Coldre De Perna (Alforge) Texx Black Knight Game The Witch And The Hundred Knights - PS3 Boneco Transformers Silver Knight Prime Hasbro Mochila Moto Texx Black Knight C Capa De Chuva Alforge Mala Texx Traseira Black Knight Capa De Chuva Alforge (Mala) De Tanque Gps Tank Texx Black Knight Mala De Tanque (Alforge) Coldre De Perna - Texx Black Knight Pequena Alforge (Mala) De Tanque Magnética Fixação Com Imã Texx Black Knight Alforge (Mala) Traseira Texx Black Knight Moto 25 Litros CD Mark Knight 2.0 - Toolroom Knights - Duplo DVD Kamen Rider - Dragon Knight - Volume 7 Caneca Batman - The Dark Knight Blu-Ray Segurança de Shopping Livro - Knight Of Staufenberg, The Livro - Adventures of the Knight Theuerdank, The CD Joel Frederiksen - The Elfin Knight (Importado) Alforge Lateral 30L Texx Black Knight para moto Mochila Moto Texx Carbon Black Knight 26L com Capa de Chuva CD Jorge Pescara - Knight Without Amour
			Igorando Pelo Filtro de Nome...
	Tempo Para buscar: 1333
Loja: ShopB
	URL Principal: http://www.shopb.com.br/
	URL Busca: http://busca.shopb.com.br/?busca=<BUSCA>
http://busca.shopb.com.br/?busca=Tenkai+Knights
		Documento Lido
		Resultados: 30
		Nome do Produto: Adrenalin Misfits (Requer Kinect) - XBOX 360
			Igorando Pelo Filtro de Nome...
		Nome do Produto: Batman: Arkham Knight - PS4
			Igorando Pelo Filtro de Nome...
		Nome do Produto: Batman: Arkham Knight - XBOX ONE
			Igorando Pelo Filtro de Nome...
		Nome do Produto: Body and Brain Connection (Compatível com Kinect) - XBOX 360
			Igorando Pelo Filtro de Nome...
		Nome do Produto: Brunswick Pro Bowling (Compatível com Kinect) - XBOX 360
			Igorando Pelo Filtro de Nome...
		Nome do Produto: Cabo / Fonte - Kinect
			Igorando Pelo Filtro de Nome...
		Nome do Produto: Cartão de Memória Micro SD - 4 GB - Kingston
			Igorando Pelo Filtro de Nome...
		Nome do Produto: Cartão de Memória Micro SD - 8 GB - Kingston
			Igorando Pelo Filtro de Nome...
		Nome do Produto: Celular Blu Tank c/ Lanterna, Câmera integrada, Antena FM e Micro SD - Preto / Azul
			Igorando Pelo Filtro de Nome...
		Nome do Produto: Celular Blu Tank c/ Lanterna, Câmera integrada, Antena FM e Micro SD - Preto / Vermelho
			Igorando Pelo Filtro de Nome...
		Nome do Produto: Dance Central 3 - XBOX 360
			Igorando Pelo Filtro de Nome...
		Nome do Produto: Dragon Ball Z for Kinect - XBOX 360
			Igorando Pelo Filtro de Nome...
		Nome do Produto: Dragon Ball Z: Ultimate Tenkaichi - PS3
			Igorando Pelo Filtro de Nome...
		Nome do Produto: Fantastic Pets - XBOX 360 [Requer Kinect]
			Igorando Pelo Filtro de Nome...
		Nome do Produto: Fighters Uncaged - XBOX 360 [Requer Kinect]
			Igorando Pelo Filtro de Nome...
		Nome do Produto: Grand Slam Tennis 2 - XBOX 360
			Igorando Pelo Filtro de Nome...
		Nome do Produto: HD SSD para Notebook 120GB 10X - Kingston
			Igorando Pelo Filtro de Nome...
		Nome do Produto: Harry Potter for Kinect - XBOX 360
			Igorando Pelo Filtro de Nome...
		Nome do Produto: Just Dance Disney Party [Requer Kinect] - XBOX 360
			Igorando Pelo Filtro de Nome...
		Nome do Produto: Kinect Adventures - XBOX 360
			Igorando Pelo Filtro de Nome...
		Nome do Produto: Kinect Joy Ride (Requer Kinect) - XBOX 360
			Igorando Pelo Filtro de Nome...
		Nome do Produto: Kinect Rush: Uma Aventura da Disney Pixar - XBOX 360
			Igorando Pelo Filtro de Nome...
		Nome do Produto: Kinect Sports - XBOX 360
			Igorando Pelo Filtro de Nome...
		Nome do Produto: Kinect Sports 2 - XBOX 360
			Igorando Pelo Filtro de Nome...
		Nome do Produto: Kinect Sports Rivals - XBOX ONE
			Igorando Pelo Filtro de Nome...
		Nome do Produto: Kinect Sports Ultimate Collection - XBOX 360
			Igorando Pelo Filtro de Nome...
		Nome do Produto: Kinectimals - XBOX 360
			Igorando Pelo Filtro de Nome...
		Nome do Produto: Kingdom Hearts HD 1.5 Remix - PS3
			Igorando Pelo Filtro de Nome...
		Nome do Produto: Kingdom Hearts HD 2.5 Remix - PS3
			Igorando Pelo Filtro de Nome...
		Nome do Produto: Kingdoms of Amalur: Reckoning - XBOX 360
			Igorando Pelo Filtro de Nome...
	Tempo Para buscar: 779
Loja: Submarino
	URL Principal: http://www.submarino.com.br/
	URL Busca: http://busca.submarino.com.br/busca.php?q=<BUSCA>
http://busca.submarino.com.br/busca.php?q=Tenkai+Knights
		Documento Lido
		Resultados: 30
		Nome do Produto: Batman Dark Knight Rises The Bat Hot Wheels Elite One 1:50
			Igorando Pelo Filtro de Nome...
		Nome do Produto: Livro - Story of King Arthur and His Knights
			Igorando Pelo Filtro de Nome...
		Nome do Produto: Batmóvel (Tumbler) - The Dark Knight Trilogy Camuflado 1:18 Hot Wheels
			Igorando Pelo Filtro de Nome...
		Nome do Produto: Camiseta Feminina Dc Comics Batman The Dark Knight 3
			Igorando Pelo Filtro de Nome...
		Nome do Produto: Coldre De Perna (Alforge) Texx Black Knight
			Igorando Pelo Filtro de Nome...
		Nome do Produto: Game The Witch And The Hundred Knights - PS3
			Igorando Pelo Filtro de Nome...
		Nome do Produto: Mochila Moto Texx Black Knight C Capa De Chuva
			Igorando Pelo Filtro de Nome...
		Nome do Produto: Cooler Para Processador 120mm Led Branco Dark Knight Xigmatek
			Igorando Pelo Filtro de Nome...
		Nome do Produto: Alforge (Mala) Traseira Texx Black Knight Moto 25 Litros
			Igorando Pelo Filtro de Nome...
		Nome do Produto: Alforge Mala Texx Traseira Black Knight Capa De Chuva
			Igorando Pelo Filtro de Nome...
		Nome do Produto: Alforge (Mala) De Tanque Gps Tank Texx Black Knight
			Igorando Pelo Filtro de Nome...
		Nome do Produto: Mala De Tanque (Alforge) Coldre De Perna - Texx Black Knight Pequena
			Igorando Pelo Filtro de Nome...
		Nome do Produto: Alforge (Mala) De Tanque Magnética Fixação Com Imã Texx Black Knight
			Igorando Pelo Filtro de Nome...
		Nome do Produto: Blu-Ray Segurança de Shopping
			Igorando Pelo Filtro de Nome...
		Nome do Produto: Livro - A Verdadeira Vida de Sebastian Knight
			Igorando Pelo Filtro de Nome...
		Nome do Produto: Lancheira Batman Dark Knight Rises - Xeryus Preta
			Igorando Pelo Filtro de Nome...
		Nome do Produto: Alforge Lateral 30L Texx Black Knight para moto
			Igorando Pelo Filtro de Nome...
		Nome do Produto: Blu-ray First Knight - Importado
			Igorando Pelo Filtro de Nome...
		Nome do Produto: DVD Kamen Rider - Dragon Knight - Volume 7
			Igorando Pelo Filtro de Nome...
		Nome do Produto: Caneca Batman - The Dark Knight
			Igorando Pelo Filtro de Nome...
		Nome do Produto: Livro - Gestão, Planejamento e Operação de Restaurantes
			Igorando Pelo Filtro de Nome...
		Nome do Produto: CD Jorge Pescara - Knight Without Amour
			Igorando Pelo Filtro de Nome...
		Nome do Produto: Livro - Churchill - Desmascarado
			Igorando Pelo Filtro de Nome...
		Nome do Produto: CD Mark Knight 2.0 - Toolroom Knights - Duplo
			Igorando Pelo Filtro de Nome...
		Nome do Produto: Mochila Moto Texx Carbon Black Knight 26L com Capa de Chuva
			Igorando Pelo Filtro de Nome...
		Nome do Produto: Livro - The Hedge Knight: A Game of Thrones Prequel Graphic Novel
			Igorando Pelo Filtro de Nome...
		Nome do Produto: Boneco Transformers Silver Knight Prime Hasbro
			Igorando Pelo Filtro de Nome...
		Nome do Produto: Livro - Libertada: Uma Década de Escuridão, Uma Vida Recuperada
			Igorando Pelo Filtro de Nome...
		Nome do Produto: Livro - Física - Uma Abordagem Estratégica
			Igorando Pelo Filtro de Nome...
		Nome do Produto: Livro - O Pio da Corujinha
			Igorando Pelo Filtro de Nome...
	Tempo Para buscar: 1484
Loja: Walmart
	URL Principal: http://www.walmart.com.br/
	URL Busca: http://www.walmart.com.br/busca/?ft=<BUSCA>&PS=20
http://www.walmart.com.br/busca/?ft=Tenkai+Knights&PS=20
		Documento Lido
		Resultados: 20
		Nome do Produto: Knights Contract Xbox 360
			Igorando Pelo Filtro de Nome...
		Nome do Produto: Vallhalla Knights PSVita
			Igorando Pelo Filtro de Nome...
		Nome do Produto: Alforge (Mala) de Tanque GPS Tank Texx Black Knight
			Igorando Pelo Filtro de Nome...
		Nome do Produto: Alforge (Mala) Lateral 30 Litros Texx Black Knight para moto
			Igorando Pelo Filtro de Nome...
		Nome do Produto: The Dark Knight Manual
			Igorando Pelo Filtro de Nome...
		Nome do Produto: Doctor Lautrec And The Forgotten Knights N3DS
			Igorando Pelo Filtro de Nome...
		Nome do Produto: Alforge (Mala) Traseira Texx Black Knight Moto 25 Litros
			Igorando Pelo Filtro de Nome...
		Nome do Produto: Batman And Philosophy: The Dark Knight of the Soul
			Igorando Pelo Filtro de Nome...
		Nome do Produto: King Arthur - Knights Of Round Table - Level 2 Pack CD MP3
			Igorando Pelo Filtro de Nome...
		Nome do Produto: Kamen Rider - Dragon Knight - Vol.4 - DVD4
			Igorando Pelo Filtro de Nome...
		Nome do Produto: Star Wars: Knights of the Old Republic Vol. 2 Flashpoint (2nd Printing)
			Igorando Pelo Filtro de Nome...
		Nome do Produto: A Knight's Vow
			Igorando Pelo Filtro de Nome...
		Nome do Produto: One Knight Only
			Igorando Pelo Filtro de Nome...
		Nome do Produto: One Good Knight
			Igorando Pelo Filtro de Nome...
		Nome do Produto: King Arthur And the Black Knight
			Igorando Pelo Filtro de Nome...
		Nome do Produto: Eyewitness Knight
			Igorando Pelo Filtro de Nome...
		Nome do Produto: The Knight
			Igorando Pelo Filtro de Nome...
		Nome do Produto: Kamen Rider - Dragon Knight - Vol. 12 - Dvd4
			Igorando Pelo Filtro de Nome...
		Nome do Produto: Westward Ho! Or, the Voyages And Adventures of Sir Amyas Leigh, Knight
			Igorando Pelo Filtro de Nome...
		Nome do Produto: Knights of the Razor
			Igorando Pelo Filtro de Nome...
	Tempo Para buscar: 1484

File copied from C:\java\rep\lookforprices\resources\imports\css.css to C:\java\rep\lookforprices\reports\2015-01-21 15\css.css
File copied from C:\java\rep\lookforprices\resources\imports\jquery.js to C:\java\rep\lookforprices\reports\2015-01-21 15\jquery.js
File copied from C:\java\rep\lookforprices\resources\imports\scripts.js to C:\java\rep\lookforprices\reports\2015-01-21 15\scripts.js
Tempo total de execução: 36939
