Game: zelda tri force heroes
Product Name: zelda tri force heroes
Loja: Nintendo eShop
	URL Principal: http://www.nintendo.com/3ds/eshop
	URL Busca: http://www.nintendo.com/json/content/get/game/filter?&qterm=<BUSCA>
NintendoEShopSearch.search() http://www.nintendo.com/json/content/get/game/filter?&qterm=zelda+tri+force+heroes
		Documento Lido
		Resultados: 1
		Nome do Produto: The Legend of Zelda: Tri Force Heroes
http://www.nintendo.com/games/detail/pjaS5nCJ1sYFb-zGXsyzBQ_dfKQkN2mn
		Acessando URL do produto.
URL = http://www.nintendo.com/games/detail/pjaS5nCJ1sYFb-zGXsyzBQ_dfKQkN2mn
	Tempo Para buscar: 1344
Loja: Americanas
	URL Principal: http://www.americanas.com.br/
	URL Busca: http://busca.americanas.com.br/busca.php?q=<BUSCA>
http://busca.americanas.com.br/busca.php?q=zelda+tri+force+heroes
		Documento Lido
		Resultados: 30
		Nome do Produto: Aparador de Pelos Cadence Gladius TRI100-BAT
			Igorando Pelo Filtro de Nome...
		Nome do Produto: Patinete Tri Wheels Infantil Bw0001 - Brink+
			Igorando Pelo Filtro de Nome...
		Nome do Produto: Celular Tri Chip Multilaser Fit Rosa / Preto Desbloqueado -...
			Igorando Pelo Filtro de Nome...
		Nome do Produto: Patinete Tri Wheels Infantil Bw0002 - Brink+
			Igorando Pelo Filtro de Nome...
		Nome do Produto: Relógio Diesel
			Igorando Pelo Filtro de Nome...
		Nome do Produto: Relógio X Games
			Igorando Pelo Filtro de Nome...
		Nome do Produto: Relógio Diesel
			Igorando Pelo Filtro de Nome...
		Nome do Produto: Relógio Mormaii
			Igorando Pelo Filtro de Nome...
		Nome do Produto: Relógio Orient
			Igorando Pelo Filtro de Nome...
		Nome do Produto: Relógio Lince
			Igorando Pelo Filtro de Nome...
		Nome do Produto: Relógio Lince
			Igorando Pelo Filtro de Nome...
		Nome do Produto: Relógio Orient
			Igorando Pelo Filtro de Nome...
		Nome do Produto: Relógio Orient
			Igorando Pelo Filtro de Nome...
		Nome do Produto: Relógio Orient
			Igorando Pelo Filtro de Nome...
		Nome do Produto: Relógio Orient
			Igorando Pelo Filtro de Nome...
		Nome do Produto: Relógio Orient
			Igorando Pelo Filtro de Nome...
		Nome do Produto: Relógio Orient
			Igorando Pelo Filtro de Nome...
		Nome do Produto: Relógio Orient
			Igorando Pelo Filtro de Nome...
		Nome do Produto: Relógio Orient
			Igorando Pelo Filtro de Nome...
		Nome do Produto: Kit Patins Tri-Line Tamanho 26 a 29 Fênix Azul
			Igorando Pelo Filtro de Nome...
		Nome do Produto: Relógio Michael Kors
			Igorando Pelo Filtro de Nome...
		Nome do Produto: Relógio Michael Kors
			Igorando Pelo Filtro de Nome...
		Nome do Produto: Relógio Michael Kors
			Igorando Pelo Filtro de Nome...
		Nome do Produto: Relógio Fossil Townsman Automático
			Igorando Pelo Filtro de Nome...
		Nome do Produto: Relógio Armani Exchange
			Igorando Pelo Filtro de Nome...
		Nome do Produto: Relógio Guess
			Igorando Pelo Filtro de Nome...
		Nome do Produto: Relógio Michael Kors
			Igorando Pelo Filtro de Nome...
		Nome do Produto: Relógio Armani Exchange
			Igorando Pelo Filtro de Nome...
		Nome do Produto: Relógio Fossil Breaker
			Igorando Pelo Filtro de Nome...
		Nome do Produto: Relógio X Games
			Igorando Pelo Filtro de Nome...
	Tempo Para buscar: 453
Loja: Big Boy Games
	URL Principal: http://www.bigboygames.com.br/
	URL Busca: http://www.bigboygames.com.br/pesquisa/?p=<BUSCA>
http://www.bigboygames.com.br/pesquisa/?p=zelda+tri+force+heroes
		Documento Lido
		Resultados: 4
		Nome do Produto: PS3 - LEGO Batman 3: Beyond Gotham
			Igorando Pelo Filtro de Nome...
		Nome do Produto: PS3 - Destiny
			Igorando Pelo Filtro de Nome...
		Nome do Produto: Xbox One - Final Fantasy Type-0 HD
			Igorando Pelo Filtro de Nome...
		Nome do Produto: Google Chromecast HDMI Streaming
			Igorando Pelo Filtro de Nome...
	Tempo Para buscar: 502
Loja: Balão da Informática
	URL Principal: https://www.balaodainformatica.com.br/
	URL Busca: https://www.balaodainformatica.com.br/Produtos/Buscar/?busca=<BUSCA>
https://www.balaodainformatica.com.br/Produtos/Buscar/?busca=zelda+tri+force+heroes
		Documento Lido
		Resultados: 1
		Nome do Produto: Jogo The Legend Of Zelda: Triforce Heroes Nintendo 3ds
https://www.balaodainformatica.com.br//ProdutoAnuncio/1043851/Jogo-The-Legend-Of-Zelda-Triforce-Heroes-Nintendo-3ds
		Acessando URL do produto.
	Tempo Para buscar: 626
Loja: Casas Bahia
	URL Principal: http://www.casasbahia.com.br/
	URL Busca: http://buscas.casasbahia.com.br/search?w=<BUSCA>
http://buscas.casasbahia.com.br/search?w=zelda+tri+force+heroes
		Documento Lido
		Resultados: 1
		Nome do Produto: Camiseta feminina Nerd Factory Zelda Tri Force
			Igorando Pelo Filtro de Nome...
		Nome do Produto: Pingente - Tri Force - Zelda - Folheado a Prata
			Igorando Pelo Filtro de Nome...
		Nome do Produto: MOLETINHO TRI FORCE
			Igorando Pelo Filtro de Nome...
		Nome do Produto: The Legend Of Zelda: Majoras Mask 3d - 3ds
			Igorando Pelo Filtro de Nome...
		Nome do Produto: THE LEGEND OF ZELDA: MAJORA`S MASK 3D - 3DS
			Igorando Pelo Filtro de Nome...
		Nome do Produto: The Legend of Zelda: Majoras Mask 3D - 3DS
			Igorando Pelo Filtro de Nome...
		Nome do Produto: Heroes
			Igorando Pelo Filtro de Nome...
		Nome do Produto: Letters from Heroes
			Igorando Pelo Filtro de Nome...
		Nome do Produto: Super/Heroes
			Igorando Pelo Filtro de Nome...
		Nome do Produto: Jogo The Legend of Zelda: Majora's Mask 3D - Nintendo 3DS
			Igorando Pelo Filtro de Nome...
		Nome do Produto: Heroes of the Great Conflict
			Igorando Pelo Filtro de Nome...
		Nome do Produto: PlayStation Move Heroes - PS3
			Igorando Pelo Filtro de Nome...
		Nome do Produto: Placa Keep Calm Zelda
			Igorando Pelo Filtro de Nome...
		Nome do Produto: Amiibo - Zelda
			Igorando Pelo Filtro de Nome...
		Nome do Produto: Camiseta Zelda Game Over
			Igorando Pelo Filtro de Nome...
		Nome do Produto: Zelda Amiibo Figure
			Igorando Pelo Filtro de Nome...
		Nome do Produto: Lego 76028- Super Heroes-a Invasão De Darkseid - 545 Pçs
			Igorando Pelo Filtro de Nome...
		Nome do Produto: Camiseta Zelda Song of Storm
			Igorando Pelo Filtro de Nome...
		Nome do Produto: Camiseta Zelda Song of Storm
			Igorando Pelo Filtro de Nome...
		Nome do Produto: Camiseta Zelda Song of Storm
			Igorando Pelo Filtro de Nome...
	Tempo Para buscar: 1859
Loja: Extra
	URL Principal: http://www.extra.com.br/
	URL Busca: http://buscando.extra.com.br/search?w=<BUSCA>
http://buscando.extra.com.br/search?w=zelda+tri+force+heroes
		Documento Lido
		Resultados: 12
		Nome do Produto: Camiseta feminina Nerd Factory Zelda Tri Force
			Igorando Pelo Filtro de Nome...
		Nome do Produto: Pingente - Tri Force - Zelda - Folheado a Prata
			Igorando Pelo Filtro de Nome...
		Nome do Produto: MOLETINHO TRI FORCE
			Igorando Pelo Filtro de Nome...
		Nome do Produto: The Legend Of Zelda: Majoras Mask 3d - 3ds
			Igorando Pelo Filtro de Nome...
		Nome do Produto: THE LEGEND OF ZELDA: MAJORA`S MASK 3D - 3DS
			Igorando Pelo Filtro de Nome...
		Nome do Produto: The Legend of Zelda: Majoras Mask 3D - 3DS
			Igorando Pelo Filtro de Nome...
		Nome do Produto: Heroes
			Igorando Pelo Filtro de Nome...
		Nome do Produto: Letters from Heroes
			Igorando Pelo Filtro de Nome...
		Nome do Produto: Super/Heroes
			Igorando Pelo Filtro de Nome...
		Nome do Produto: Heroes of the Great Conflict
			Igorando Pelo Filtro de Nome...
		Nome do Produto: PlayStation Move Heroes - PS3
			Igorando Pelo Filtro de Nome...
		Nome do Produto: Jogo The Legend of Zelda: Majora's Mask 3D - Nintendo 3DS
			Igorando Pelo Filtro de Nome...
	Tempo Para buscar: 1627
Loja: E-Virtua
	URL Principal: http://www.evirtua.com.br/
	URL Busca: http://www.evirtua.com.br/Busca?search_department_id=0&SearchTerm=<BUSCA>
http://www.evirtua.com.br/Busca?search_department_id=0&SearchTerm=zelda+tri+force+heroes
		Documento Lido
		Resultados: 1
		Nome do Produto: The Legend of Zelda: TriForce Heroes - 3DS
http://www.evirtua.com.br//the-legend-of-zelda-triforce-heroes-3ds/3846-01
		Acessando URL do produto.
	Tempo Para buscar: 408
Loja: Fast Games
	URL Principal: http://www.fastgames.com.br/
	URL Busca: http://www.fastgames.com.br/loja/busca.php?loja=187970&palavra_busca=<BUSCA>
http://www.fastgames.com.br/loja/busca.php?loja=187970&palavra_busca=zelda+tri+force+heroes
		Documento Lido
		Resultados: 1
		Nome do Produto: The Legend of Zelda: TriForce Heroes - 3DS
http://www.fastgames.com.br/the-legend-of-zelda-triforce-heroes-3ds-pr-10549-187970.htm
		Acessando URL do produto.
	Tempo Para buscar: 2116
Loja: Fast Shop
	URL Principal: http://www.fastshop.com.br/loja/
	URL Busca: http://www.fastshop.com.br/webapp/wcs/stores/servlet/SearchDisplay?searchTerm=<BUSCA>&categoryId=&storeId=10151&catalogId=11052&langId=-6&pageSize=9&beginIndex=0&sType=SimpleSearch&resultCatEntryType=2&showResultsPage=true&searchSource=Q&pageView=&hotsite=fastshop
http://www.fastshop.com.br/webapp/wcs/stores/servlet/SearchDisplay?searchTerm=zelda+tri+force+heroes&categoryId=&storeId=10151&catalogId=11052&langId=-6&pageSize=9&beginIndex=0&sType=SimpleSearch&resultCatEntryType=2&showResultsPage=true&searchSource=Q&pageView=&hotsite=fastshop
		Documento Lido
		Resultados: 1
		Nome do Produto: 
			Igorando Pelo Filtro de Nome...
	Tempo Para buscar: 799
Loja: FNAC
	URL Principal: http://www.fnac.com.br/index.html
	URL Busca: http://busca.fnac.com.br/?busca=<BUSCA>
http://busca.fnac.com.br/?busca=zelda+tri+force+heroes
		Documento Lido
		Resultados: 0
	Tempo Para buscar: 1122
Loja: Kabum
	URL Principal: http://www.kabum.com.br/
	URL Busca: http://www.kabum.com.br/cgi-local/site/listagem/listagem.cgi?string=<BUSCA>&btnG=
http://www.kabum.com.br/cgi-local/site/listagem/listagem.cgi?string=zelda+tri+force+heroes&btnG=
		Documento Lido
		Resultados: 0
	Tempo Para buscar: 641
Loja: Livraria Cultura
	URL Principal: http://www.livrariacultura.com.br/
	URL Busca: http://www.livrariacultura.com.br/busca?N=0&Ntt=<BUSCA>
http://www.livrariacultura.com.br/busca?N=0&Ntt=zelda+tri+force+heroes
		Documento Lido
		Resultados: 10
		Nome do Produto: AIR FORCE HEROES IN VIETNAM [ILLUSTRATED EDITION]
			Igorando Pelo Filtro de Nome...
		Nome do Produto: TURN YOUR SALES FORCE INTO PROFIT HEROES:
			Igorando Pelo Filtro de Nome...
		Nome do Produto: AIR FORCE HEROES IN VIETNAM
			Igorando Pelo Filtro de Nome...
		Nome do Produto: AIR FORCE HEROES IN VIETNAM
			Igorando Pelo Filtro de Nome...
		Nome do Produto: AIR FORCE HEROES IN VIETNAM
			Igorando Pelo Filtro de Nome...
		Nome do Produto: HEROES OF THE US AIR FORCE
			Igorando Pelo Filtro de Nome...
		Nome do Produto: HEROES OF THE US AIR FORCE
			Igorando Pelo Filtro de Nome...
		Nome do Produto: MARVEL HEROES ULTIMATE FIGHTING FORCE FOLDOUT TB B
			Igorando Pelo Filtro de Nome...
		Nome do Produto: MEET THE HEROES OF AIR FORCE FLYING CLASS 55N
			Igorando Pelo Filtro de Nome...
		Nome do Produto: HEROES ON THE GO!
			Igorando Pelo Filtro de Nome...
	Tempo Para buscar: 398
Loja: Magazine Luiza
	URL Principal: http://www.magazineluiza.com.br/
	URL Busca: http://www.magazineluiza.com.br/busca/<BUSCA>/
http://www.magazineluiza.com.br/busca/zelda+tri+force+heroes/
		Documento Lido
		Resultados: 60
		Nome do Produto: Gamma Zma Force 120 Liquid Cápsulas - Cell Force
			Igorando Pelo Filtro de Nome...
		Nome do Produto: Nobreak 1000VA Force Line c/ Estabilizador - Filtro de Linha Bivolt 4 Tomadas 1 Bateria Selada
			Igorando Pelo Filtro de Nome...
		Nome do Produto: Nobreak 700VA Force Line c/ Estabilizador - Filtro de Linha Bivolt 4 Tomadas 1 Bateria Selada
			Igorando Pelo Filtro de Nome...
		Nome do Produto: Nobreak 5000VA Force Line Alta Potência - Estabilizador e Filtro de Linha Entrada Bivolt
			Igorando Pelo Filtro de Nome...
		Nome do Produto: Nobreak 3000VA Force Line c/ Estabilizador - Filtro de Linha Entrada Bivolt 6 Baterias Seladas
			Igorando Pelo Filtro de Nome...
		Nome do Produto: Nobreak 1000VA Force Line Monovolt Estabilizador - Filtro de Linha 4 Tomadas 1 Bateria Selada
			Igorando Pelo Filtro de Nome...
		Nome do Produto: Autotrafo Bivolt 5000VA - Force Line
			Igorando Pelo Filtro de Nome...
		Nome do Produto: Autotrafo Bivolt 3000VA - Force Line
			Igorando Pelo Filtro de Nome...
		Nome do Produto: Carregador Veicular para Bateria 12V - Force Line
			Igorando Pelo Filtro de Nome...
		Nome do Produto: Estabilizador 3000VA 4 Tomadas Bivolt - Force Line
			Igorando Pelo Filtro de Nome...
		Nome do Produto: Massa Post Cell Recovery 60 Cápsulas - Cell Force
			Igorando Pelo Filtro de Nome...
		Nome do Produto: Massa Post Cell Recovery 120 Cápsulas - Cell Force
			Igorando Pelo Filtro de Nome...
		Nome do Produto: Termogênico Lipo Super HD 120 Liquid Cápsulas - Cell Force
			Igorando Pelo Filtro de Nome...
		Nome do Produto: Lipo Super HD Termogênico 30 Cápsulas - Cell Force
			Igorando Pelo Filtro de Nome...
		Nome do Produto: Filtro de Linha 4 Tomadas Tripolares - Force Line 5005
			Igorando Pelo Filtro de Nome...
		Nome do Produto: Autotransformador 750VA - Force line 291
			Igorando Pelo Filtro de Nome...
		Nome do Produto: Mochila para Notebook até 17 polegadas - Force Line 5453
			Igorando Pelo Filtro de Nome...
		Nome do Produto: Autotransformador 100VA - Force Line 209
			Igorando Pelo Filtro de Nome...
		Nome do Produto: Nobreak 1500 VA - Force Line 610
			Igorando Pelo Filtro de Nome...
		Nome do Produto: Termogênico Lipo Extreme - Thermo Hardcore - 60 Liquid Cápsulas - Cell Force
			Igorando Pelo Filtro de Nome...
		Nome do Produto: Estabilizador 500VA 4 Tomadas Bivolt - Force Line Evolution III
			Igorando Pelo Filtro de Nome...
		Nome do Produto: Filtro de Linha c/ Protetor contra Surtos - Adaptador 10 Tomadas Bivolt - Force Line
			Igorando Pelo Filtro de Nome...
		Nome do Produto: Filtro de Linha c/ Protetor contra Surtos - Adaptador 6 Tomadas Bivolt - Force Line
			Igorando Pelo Filtro de Nome...
		Nome do Produto: Filtro de Linha c/ Protetor contra Surtos - Adaptador 6 Tomadas Bivolt - Force Line
			Igorando Pelo Filtro de Nome...
		Nome do Produto: Filtro de Linha c/ Protetor contra Surtos - Adaptador 5 Tomadas Bivolt - Force Line
			Igorando Pelo Filtro de Nome...
		Nome do Produto: Régua Extensora com Entrada 8 Tomadas - Adaptador 8 Tomadas Bivolt - Force Line Eternity
			Igorando Pelo Filtro de Nome...
		Nome do Produto: Protetor Inteligente para Eletrônios - TV, Áudio e Vídeo - Force Line
			Igorando Pelo Filtro de Nome...
		Nome do Produto: Módulo Isolador com Estabilizador 300VA Bivolt - Foce Line
			Igorando Pelo Filtro de Nome...
		Nome do Produto: Aparador de Pelos para Barba/Nariz e Orelhas - 4 Níveis de Ajuste 1 Velocidade Cadence Gladius
			Igorando Pelo Filtro de Nome...
		Nome do Produto: Cooktop 3 Bocas Mueller 3B a Gás - Tripla-Chama Acendimento Superautomático
			Igorando Pelo Filtro de Nome...
		Nome do Produto: Cooktop 5 Bocas Tramontina Penta 5GX Tri 75 a Gás - Inox Superautomático com Tripla Chama
			Igorando Pelo Filtro de Nome...
		Nome do Produto: Smartphone LG Optimus L1 II Tri Chip Android 4.1 - 3G Câmera 2MP Tela 3" Wi-Fi GPS MP3 Player
			Igorando Pelo Filtro de Nome...
		Nome do Produto: Bicicleta Colli Bike Force One Mountain Bike - Aro 29 21 Marchas Câmbio Shimano Freio a Disco
			Igorando Pelo Filtro de Nome...
		Nome do Produto: Bicicleta Colli Bike Force One Mountain Bike - Aro 29 21 Marchas Câmbio Shimano Freio a Disco
			Igorando Pelo Filtro de Nome...
		Nome do Produto: Star Wars: The Force Unleashed para Xbox 360 - LucasArts
			Igorando Pelo Filtro de Nome...
		Nome do Produto: Super Turbo Force Ultra Concentrado - 60 Cápsulas - Intlab
			Igorando Pelo Filtro de Nome...
		Nome do Produto: Ventilador de Mesa Arno Silence Force - 3 Velocidades 30cm
			Igorando Pelo Filtro de Nome...
		Nome do Produto: Ventilador de Mesa Arno Silence Force - 3 Velocidades 30cm
			Igorando Pelo Filtro de Nome...
		Nome do Produto: Star Wars: The Force Unleashed II para Xbox 360 - LucasArts
			Igorando Pelo Filtro de Nome...
		Nome do Produto: Smartphone Motorola Moto X Force 64GB Dual Chip - 4G Câm 21MP + Selfie 5MP Flash Tela 5.4" Octa Core
			Igorando Pelo Filtro de Nome...
		Nome do Produto: Ventilador de Mesa Arno Silence Force VF40 6 Pás - 3 Velocidades Preto
			Igorando Pelo Filtro de Nome...
		Nome do Produto: Ventilador de Mesa Arno Silence Force VF30 6 Pás - 3 Velocidades Preto
			Igorando Pelo Filtro de Nome...
		Nome do Produto: Ventilador de Mesa Arno Silence Force VF30 6 Pás - 3 Velocidades Preto
			Igorando Pelo Filtro de Nome...
		Nome do Produto: Heroes Of The Storm para PC - Blizzard
			Igorando Pelo Filtro de Nome...
		Nome do Produto: Lego Marvel Super Heroes para Xbox One - Warner
			Igorando Pelo Filtro de Nome...
		Nome do Produto: Star Wars: The Force Unleashed para PS3 - LucasArts
			Igorando Pelo Filtro de Nome...
		Nome do Produto: Star Wars: The Force Unleashed II para PS3 - LucasArts
			Igorando Pelo Filtro de Nome...
		Nome do Produto: Cooktop 5 Bocas Tramontina Glass a Gás - Penta R 5GG Tri 70 Tripla Chama
			Igorando Pelo Filtro de Nome...
		Nome do Produto: Cortina para Quarto Marinho Santista Disney - Cars Heroes 2,80x1,80m
			Igorando Pelo Filtro de Nome...
		Nome do Produto: Pen Drive 8GB SanDisk - Cruzer Force SecureAccess
			Igorando Pelo Filtro de Nome...
		Nome do Produto: Pen Drive 16GB SanDisk - Cruzer Force Software SecureAccess
			Igorando Pelo Filtro de Nome...
		Nome do Produto: Pen Drive 32GB SanDisk - Cruzer Force Software SecureAccess
			Igorando Pelo Filtro de Nome...
		Nome do Produto: Playskool Heroes Jurassic World - Tyrannosaurus Rex com Acessório - Hasbro
			Igorando Pelo Filtro de Nome...
		Nome do Produto: Playskool Heroes - Jurassic World - Veículo de Caça Dino Tracker 4x4 - Hasbro
			Igorando Pelo Filtro de Nome...
		Nome do Produto: Playskool Heroes - Jurassic World - Hasbro
			Igorando Pelo Filtro de Nome...
		Nome do Produto: Playskool Heroes - Jurassic World - Veículo de Caça Dino Tracker Copter com Acessórios
			Igorando Pelo Filtro de Nome...
		Nome do Produto: Barbie Colecionável Insurgente Tris - Mattel
			Igorando Pelo Filtro de Nome...
		Nome do Produto: Playskool HeatWave Resgate Heroes - Hasbro
			Igorando Pelo Filtro de Nome...
		Nome do Produto: Titan Heroes Transformers - Hasbro
			Igorando Pelo Filtro de Nome...
		Nome do Produto: Playskool Heroes - Jurassic World Dilophosaurus - Hasbro
			Igorando Pelo Filtro de Nome...
	Tempo Para buscar: 1663
Loja: Mula Games
	URL Principal: http://www.mulagames.com.br/
	URL Busca: http://www.mulagames.com.br/produtos-index/catalogo_produtos/-/-/<BUSCA>/-/-/-/-/-/
http://www.mulagames.com.br/produtos-index/catalogo_produtos/-/-/zelda%20tri%20force%20heroes/-/-/-/-/-/
		Documento Lido
		Resultados: 1
		Nome do Produto: The Legend of Zelda: Tri Force Heroes - 3DS
http://www.mulagames.com.br/The-Legend-of-Zelda--Tri-Force-Heroes-3DS/prod-3634221/
		Acessando URL do produto.
http://www.mulagames.com.br/produto-ajax_retorna_dados_preco_comprar/3634221
		Acessando URL do preço produto.
	Tempo Para buscar: 2176
Loja: Net Shoes
	URL Principal: http://www.netshoes.com.br/
	URL Busca: http://www.netshoes.com.br/search?Ntt=<BUSCA>
http://www.netshoes.com.br/search?Ntt=zelda+tri+force+heroes
		Documento Lido
		Resultados: 60
		Nome do Produto: Tênis Nike Tri Fusion Run MSL
			Igorando Pelo Filtro de Nome...
		Nome do Produto: Tênis Nike Tri Fusion Run MSL
			Igorando Pelo Filtro de Nome...
		Nome do Produto: Tênis Asics Gel Noosa Tri 10
			Igorando Pelo Filtro de Nome...
		Nome do Produto: Tênis Asics Gel Noosa Tri 10
			Igorando Pelo Filtro de Nome...
		Nome do Produto: Tênis Nike Tri Fusion Run MSL
			Igorando Pelo Filtro de Nome...
		Nome do Produto: Tênis Nike Tri Fusion Run MSL
			Igorando Pelo Filtro de Nome...
		Nome do Produto: Tênis Nike Tri Fusion Run 4 Infantil
			Igorando Pelo Filtro de Nome...
		Nome do Produto: Tênis Nike Tri Fusion Run MSL
			Igorando Pelo Filtro de Nome...
		Nome do Produto: Tênis Nike Tri Fusion Run 4 Infantil
			Igorando Pelo Filtro de Nome...
		Nome do Produto: Tênis Nike Son OF Force Juvenil
			Igorando Pelo Filtro de Nome...
		Nome do Produto: Tênis Nike Tri Fusion Run MSL
			Igorando Pelo Filtro de Nome...
		Nome do Produto: Tênis Nike Tri Fusion Run 4 Infantil
			Igorando Pelo Filtro de Nome...
		Nome do Produto: Tênis Nike Tri Fusion Run 4 Infantil
			Igorando Pelo Filtro de Nome...
		Nome do Produto: Tênis Nike Tri Fusion Run MSL
			Igorando Pelo Filtro de Nome...
		Nome do Produto: Tênis Asics Gel Hyper Tri
			Igorando Pelo Filtro de Nome...
		Nome do Produto: Tênis Nike Son OF Force Infantil
			Igorando Pelo Filtro de Nome...
		Nome do Produto: Tênis Nike Tri Fusion Run 4 Infantil
			Igorando Pelo Filtro de Nome...
		Nome do Produto: Chuteira Under Armour Speed Force FG Campo
			Igorando Pelo Filtro de Nome...
		Nome do Produto: Tênis Asics Gel Noosa Tri 10
			Igorando Pelo Filtro de Nome...
		Nome do Produto: Tênis Asics Gel Hyper Tri
			Igorando Pelo Filtro de Nome...
		Nome do Produto: Tênis Asics Gel Noosa Tri 10
			Igorando Pelo Filtro de Nome...
		Nome do Produto: Tênis Asics Gel Noosa Tri 10
			Igorando Pelo Filtro de Nome...
		Nome do Produto: Tênis Asics Gel Noosa Tri 10
			Igorando Pelo Filtro de Nome...
		Nome do Produto: Tênis Asics Gel Noosa Tri 10
			Igorando Pelo Filtro de Nome...
		Nome do Produto: Chuteira Under Armour Speed Force FG Campo
			Igorando Pelo Filtro de Nome...
		Nome do Produto: Tênis Nike Tri Fusion Run 4 Infantil
			Igorando Pelo Filtro de Nome...
		Nome do Produto: Tênis Nike Tri Fusion Run MSL
			Igorando Pelo Filtro de Nome...
		Nome do Produto: Chuteira Under Armour Corespeed Force FG Campo
			Igorando Pelo Filtro de Nome...
		Nome do Produto: Tênis Nike Tri Fusion Run MSL
			Igorando Pelo Filtro de Nome...
		Nome do Produto: Tênis Nike Tri Fusion Run MSL
			Igorando Pelo Filtro de Nome...
		Nome do Produto: Tênis Nike Tri Fusion Run MSL
			Igorando Pelo Filtro de Nome...
		Nome do Produto: Tênis Nike Son OF Force Juvenil
			Igorando Pelo Filtro de Nome...
		Nome do Produto: Chuteira Under Armour Corespeed Force FG Campo
			Igorando Pelo Filtro de Nome...
		Nome do Produto: Tênis Nike Tri Fusion Run 4 Infantil
			Igorando Pelo Filtro de Nome...
		Nome do Produto: Mochila Puma Foundation Tri
			Igorando Pelo Filtro de Nome...
		Nome do Produto: Chuteira Under Armour Clutchfit Force FG Campo
			Igorando Pelo Filtro de Nome...
		Nome do Produto: Tênis Nike Tri Fusion Run 4 Infantil
			Igorando Pelo Filtro de Nome...
		Nome do Produto: Chuteira Under Armour Corespeed Force FG Campo
			Igorando Pelo Filtro de Nome...
		Nome do Produto: Tênis Nike Tri Fusion Run MSL
			Igorando Pelo Filtro de Nome...
		Nome do Produto: Boné Element Tri
			Igorando Pelo Filtro de Nome...
		Nome do Produto: Tênis Asics Gel Noosa Tri 10
			Igorando Pelo Filtro de Nome...
		Nome do Produto: Tênis Nike Tri Fusion Run 4 Infantil
			Igorando Pelo Filtro de Nome...
		Nome do Produto: Chuteira Under Armour Clutchfit Force FG Campo
			Igorando Pelo Filtro de Nome...
		Nome do Produto: Camiseta Lost Salem Party Heroes
			Igorando Pelo Filtro de Nome...
		Nome do Produto: Chuteira Under Armour Clutchfit Force FG Campo
			Igorando Pelo Filtro de Nome...
		Nome do Produto: Boné New Era UFC 5950 Force
			Igorando Pelo Filtro de Nome...
		Nome do Produto: Tênis Asics Gel Hyper Tri
			Igorando Pelo Filtro de Nome...
		Nome do Produto: Tênis Asics Gel Noosa Tri 10 Accelerate Hope
			Igorando Pelo Filtro de Nome...
		Nome do Produto: Tênis Asics Gel Noosa Tri 10 Accelerate Hope
			Igorando Pelo Filtro de Nome...
		Nome do Produto: Tênis Asics Gel Hyper Tri
			Igorando Pelo Filtro de Nome...
		Nome do Produto: Camisa de Compressão Under Armour Heroes
			Igorando Pelo Filtro de Nome...
		Nome do Produto: Tênis Asics Gel Noosa Tri 10
			Igorando Pelo Filtro de Nome...
		Nome do Produto: Tênis Everlast Force
			Igorando Pelo Filtro de Nome...
		Nome do Produto: Biquini Rip Curl Firefly Tri
			Igorando Pelo Filtro de Nome...
		Nome do Produto: Kit Force Acte Sports
			Igorando Pelo Filtro de Nome...
		Nome do Produto: Tênis Nike Force Sky High Print
			Igorando Pelo Filtro de Nome...
		Nome do Produto: Tênis Nike Tri Fusion Run 4 Infantil
			Igorando Pelo Filtro de Nome...
		Nome do Produto: Tênis Nike Tri Fusion Run 4 Infantil
			Igorando Pelo Filtro de Nome...
		Nome do Produto: Tênis Nike Tri Fusion Run 4 Infantil
			Igorando Pelo Filtro de Nome...
		Nome do Produto: Bermuda de Compressão Asics Triathlon Noosa Tri
			Igorando Pelo Filtro de Nome...
	Tempo Para buscar: 1031
Loja: Ponto Frio
	URL Principal: http://www.pontofrio.com.br/
	URL Busca: http://search.pontofrio.com.br/search?w=<BUSCA>
http://search.pontofrio.com.br/search?w=zelda+tri+force+heroes
		Documento Lido
		Resultados: 1
		Nome do Produto: Camiseta feminina Nerd Factory Zelda Tri Force
			Igorando Pelo Filtro de Nome...
		Nome do Produto: Pingente - Tri Force - Zelda - Folheado a Prata
			Igorando Pelo Filtro de Nome...
		Nome do Produto: MOLETINHO TRI FORCE
			Igorando Pelo Filtro de Nome...
		Nome do Produto: The Legend Of Zelda: Majoras Mask 3d - 3ds
			Igorando Pelo Filtro de Nome...
		Nome do Produto: THE LEGEND OF ZELDA: MAJORA`S MASK 3D - 3DS
			Igorando Pelo Filtro de Nome...
		Nome do Produto: The Legend of Zelda: Majoras Mask 3D - 3DS
			Igorando Pelo Filtro de Nome...
		Nome do Produto: Heroes
			Igorando Pelo Filtro de Nome...
		Nome do Produto: Letters from Heroes
			Igorando Pelo Filtro de Nome...
		Nome do Produto: Super/Heroes
			Igorando Pelo Filtro de Nome...
		Nome do Produto: Heroes of the Great Conflict
			Igorando Pelo Filtro de Nome...
		Nome do Produto: PlayStation Move Heroes - PS3
			Igorando Pelo Filtro de Nome...
		Nome do Produto: Jogo The Legend of Zelda: Majora's Mask 3D - Nintendo 3DS
			Igorando Pelo Filtro de Nome...
		Nome do Produto: Amiibo - Zelda
			Igorando Pelo Filtro de Nome...
		Nome do Produto: Camiseta Zelda Game Over
			Igorando Pelo Filtro de Nome...
		Nome do Produto: Zelda Amiibo Figure
			Igorando Pelo Filtro de Nome...
		Nome do Produto: Placa Keep Calm Zelda
			Igorando Pelo Filtro de Nome...
		Nome do Produto: Lego 76028- Super Heroes-a Invasão De Darkseid - 545 Pçs
			Igorando Pelo Filtro de Nome...
		Nome do Produto: Camiseta Zelda Song of Storm
			Igorando Pelo Filtro de Nome...
		Nome do Produto: Camiseta Zelda Song of Storm
			Igorando Pelo Filtro de Nome...
		Nome do Produto: Camiseta Zelda Song of Storm
			Igorando Pelo Filtro de Nome...
		Nome do Produto: Camiseta feminina Nerd Factory Zelda Tri Force
			Igorando Pelo Filtro de Nome...
		Nome do Produto: Pingente - Tri Force - Zelda - Folheado a Prata
			Igorando Pelo Filtro de Nome...
		Nome do Produto: MOLETINHO TRI FORCE
			Igorando Pelo Filtro de Nome...
		Nome do Produto: The Legend Of Zelda: Majoras Mask 3d - 3ds
			Igorando Pelo Filtro de Nome...
		Nome do Produto: THE LEGEND OF ZELDA: MAJORA`S MASK 3D - 3DS
			Igorando Pelo Filtro de Nome...
		Nome do Produto: The Legend of Zelda: Majoras Mask 3D - 3DS
			Igorando Pelo Filtro de Nome...
		Nome do Produto: Heroes
			Igorando Pelo Filtro de Nome...
		Nome do Produto: Letters from Heroes
			Igorando Pelo Filtro de Nome...
		Nome do Produto: Super/Heroes
			Igorando Pelo Filtro de Nome...
		Nome do Produto: Heroes of the Great Conflict
			Igorando Pelo Filtro de Nome...
		Nome do Produto: PlayStation Move Heroes - PS3
			Igorando Pelo Filtro de Nome...
		Nome do Produto: Jogo The Legend of Zelda: Majora's Mask 3D - Nintendo 3DS
			Igorando Pelo Filtro de Nome...
		Nome do Produto: Amiibo - Zelda
			Igorando Pelo Filtro de Nome...
		Nome do Produto: Camiseta Zelda Game Over
			Igorando Pelo Filtro de Nome...
		Nome do Produto: Zelda Amiibo Figure
			Igorando Pelo Filtro de Nome...
		Nome do Produto: Placa Keep Calm Zelda
			Igorando Pelo Filtro de Nome...
		Nome do Produto: Lego 76028- Super Heroes-a Invasão De Darkseid - 545 Pçs
			Igorando Pelo Filtro de Nome...
		Nome do Produto: Camiseta Zelda Song of Storm
			Igorando Pelo Filtro de Nome...
		Nome do Produto: Camiseta Zelda Song of Storm
			Igorando Pelo Filtro de Nome...
		Nome do Produto: Camiseta Zelda Song of Storm
			Igorando Pelo Filtro de Nome...
	Tempo Para buscar: 2928
Loja: Ricardo Eletro
	URL Principal: http://www.ricardoeletro.com.br/
	URL Busca: http://www.ricardoeletro.com.br/Busca/Resultado/?q=<BUSCA>
http://www.ricardoeletro.com.br/Busca/Resultado/?q=zelda+tri+force+heroes
		Documento Lido
		Resultados: 0
	Tempo Para buscar: 632
Loja: RiHappy
	URL Principal: http://www.rihappy.com.br/
	URL Busca: http://www.rihappy.com.br/<BUSCA>
http://www.rihappy.com.br/zelda%20tri%20force%20heroes
		Documento Lido
		Resultados: 0
	Tempo Para buscar: 589
Loja: Saraiva
	URL Principal: http://www.saraiva.com.br/
	URL Busca: http://busca.saraiva.com.br/?q=<BUSCA>
http://busca.saraiva.com.br/?q=zelda+tri+force+heroes
		Documento Lido
		Resultados: 45
		Nome do Produto: Star Wars - The Force Unleashed II - X360
			Igorando Pelo Filtro de Nome...
		Nome do Produto: Star Wars - The Force Unleashed II - Ps3
			Igorando Pelo Filtro de Nome...
		Nome do Produto: Star Wars - The Force Unleashed - PS3
			Igorando Pelo Filtro de Nome...
		Nome do Produto: Star Wars - The Force Unleashed - X360
			Igorando Pelo Filtro de Nome...
		Nome do Produto: Cabo USB Force Line 3288s Am/bm 2.0 Preto C/ 1,8m
			Igorando Pelo Filtro de Nome...
		Nome do Produto: Silent Force - Digipack
			Igorando Pelo Filtro de Nome...
		Nome do Produto: Star Wars - The Force Unleashed II - Nds
			Igorando Pelo Filtro de Nome...
		Nome do Produto: The Force Unleashed Star Wars
			Igorando Pelo Filtro de Nome...
		Nome do Produto: Skylanders Swap Force Starter Pack Wii u
			Igorando Pelo Filtro de Nome...
		Nome do Produto: Notebook Dell Inspiron I14-3443-B40t Preto Processador Intel® Core? i5-5200U, 8Gb, HD 1Tb, 14" W8.1
			Igorando Pelo Filtro de Nome...
		Nome do Produto: Os Cavaleiros do Zodíaco - Alma Dos Soldados - PS4
			Igorando Pelo Filtro de Nome...
		Nome do Produto: O Diário de Anne Frank - Edição Definitiva
			Igorando Pelo Filtro de Nome...
		Nome do Produto: Star Wars - Battlefront - PS4
			Igorando Pelo Filtro de Nome...
		Nome do Produto: Odisseia Cósmica
			Igorando Pelo Filtro de Nome...
		Nome do Produto: Star Wars - Marcas da Guerra
			Igorando Pelo Filtro de Nome...
		Nome do Produto: Console Playstation 4 - HD 500Gb + Dualshock 4 - Oficial Sony Brasil - PS4
			Igorando Pelo Filtro de Nome...
		Nome do Produto: Box - Jogos Vorazes - A Trilogia
			Igorando Pelo Filtro de Nome...
		Nome do Produto: After 5 - Depois Da Promessa
			Igorando Pelo Filtro de Nome...
		Nome do Produto: A Espada do Verão - Magnus Chase e Os Deuses de Asgard
			Igorando Pelo Filtro de Nome...
		Nome do Produto: Notebook Dell Inspiron I14-5458-A10b Branco Processador Intel® Core™ i3-4005U, 4Gb, HD 1Tb, 14" W8.1
			Igorando Pelo Filtro de Nome...
		Nome do Produto: DVD Coleção Supernatural - Temporadas Completas 1 A 10 - 59 Discos
			Igorando Pelo Filtro de Nome...
		Nome do Produto: Homem-Formiga - Blu-Ray
			Igorando Pelo Filtro de Nome...
		Nome do Produto: Os Vingadores - Mundo de Vingadores
			Igorando Pelo Filtro de Nome...
		Nome do Produto: X-Men Massacre - A Saga Completa - Vol. 1
			Igorando Pelo Filtro de Nome...
		Nome do Produto: Star Wars - Estrelas Perdidas
			Igorando Pelo Filtro de Nome...
		Nome do Produto: Lanterna Verde - Agente Laranja
			Igorando Pelo Filtro de Nome...
		Nome do Produto: Trilogia Thrawn - Star Wars Legends
			Igorando Pelo Filtro de Nome...
		Nome do Produto: Harry Potter e A Pedra Filosofal 1
			Igorando Pelo Filtro de Nome...
		Nome do Produto: O Doador de Memórias - Quando Não Há Memórias, A Liberdade É Apenas Uma Ilusão
			Igorando Pelo Filtro de Nome...
		Nome do Produto: Smartphone Motorola Moto X Force Preto 4G Tela 5.4" Android 5.1 Câmera 21Mp Dual Chip 64Gb
			Igorando Pelo Filtro de Nome...
		Nome do Produto: Super-Heróis Marvel - Guerras Secretas
			Igorando Pelo Filtro de Nome...
		Nome do Produto: Box - Trilogia Rock Star
			Igorando Pelo Filtro de Nome...
		Nome do Produto: Blu-Ray - Star Wars - A Saga Completa - 9 Discos
			Igorando Pelo Filtro de Nome...
		Nome do Produto: Para Onde Ela Foi
			Igorando Pelo Filtro de Nome...
		Nome do Produto: Ela Confiou na Vida
			Igorando Pelo Filtro de Nome...
		Nome do Produto: DVD Coleção Star Wars - A Trilogia Original - 3 Discos
			Igorando Pelo Filtro de Nome...
		Nome do Produto: After 2 - Depois da Verdade
			Igorando Pelo Filtro de Nome...
		Nome do Produto: Halo 5 - Guardians - Xbox One
			Igorando Pelo Filtro de Nome...
		Nome do Produto: After 4 - Depois da Esperança
			Igorando Pelo Filtro de Nome...
		Nome do Produto: Star Wars - o Último Comando
			Igorando Pelo Filtro de Nome...
		Nome do Produto: Box - Contos Completos Tolstói
			Igorando Pelo Filtro de Nome...
		Nome do Produto: Uma Longa Jornada
			Igorando Pelo Filtro de Nome...
		Nome do Produto: Star Wars - Battlefront - Xbox One
			Igorando Pelo Filtro de Nome...
		Nome do Produto: Diário de Um Zumbi do Minecraft - Parceiros e Rivais
			Igorando Pelo Filtro de Nome...
		Nome do Produto: O Despertar do Príncipe - Col. Deuses do Egito - Livro 1
			Igorando Pelo Filtro de Nome...
	Tempo Para buscar: 307
Loja: Shop Facil
	URL Principal: http://ww2.shopfacil.com.br/
	URL Busca: http://ww2.shopfacil.com.br/<BUSCA>
http://ww2.shopfacil.com.br/zelda%20tri%20force%20heroes
		Documento Lido
		Resultados: 0
	Tempo Para buscar: 3488
Loja: Shop Time
	URL Principal: http://www.shoptime.com.br/
	URL Busca: http://busca.shoptime.com.br/busca.php?q=<BUSCA>
http://busca.shoptime.com.br/busca.php?q=zelda+tri+force+heroes
		Documento Lido
		Resultados: 20
		Nome do Produto: Aparador de Pelos Cadence Gladius TRI100-BAT Relógio Diesel Relógio Feminino Technos GL20GN/4K Social Relógio Diesel Relógio Michael Kors Relógio Michael Kors Relógio Mormaii Relógio Michael Kors Relógio Michael Kors Relógio Armani Exchange Relógio Fossil Coachman Relógio Guess Relógio Armani Exchange Relógio Fossil Breaker Relógio Guess Relógio Armani Exchange Relógio Armani Exchange Relógio Armani Exchange Relógio Guess Relógio Guess
			Igorando Pelo Filtro de Nome...
		Nome do Produto: Aparador de Pelos Cadence Gladius TRI100-BAT Relógio Diesel Relógio Feminino Technos GL20GN/4K Social Relógio Diesel Relógio Michael Kors Relógio Michael Kors Relógio Mormaii Relógio Michael Kors Relógio Michael Kors Relógio Armani Exchange Relógio Fossil Coachman Relógio Guess Relógio Armani Exchange Relógio Fossil Breaker Relógio Guess Relógio Armani Exchange Relógio Armani Exchange Relógio Armani Exchange Relógio Guess Relógio Guess
			Igorando Pelo Filtro de Nome...
		Nome do Produto: Aparador de Pelos Cadence Gladius TRI100-BAT Relógio Diesel Relógio Feminino Technos GL20GN/4K Social Relógio Diesel Relógio Michael Kors Relógio Michael Kors Relógio Mormaii Relógio Michael Kors Relógio Michael Kors Relógio Armani Exchange Relógio Fossil Coachman Relógio Guess Relógio Armani Exchange Relógio Fossil Breaker Relógio Guess Relógio Armani Exchange Relógio Armani Exchange Relógio Armani Exchange Relógio Guess Relógio Guess
			Igorando Pelo Filtro de Nome...
		Nome do Produto: Aparador de Pelos Cadence Gladius TRI100-BAT Relógio Diesel Relógio Feminino Technos GL20GN/4K Social Relógio Diesel Relógio Michael Kors Relógio Michael Kors Relógio Mormaii Relógio Michael Kors Relógio Michael Kors Relógio Armani Exchange Relógio Fossil Coachman Relógio Guess Relógio Armani Exchange Relógio Fossil Breaker Relógio Guess Relógio Armani Exchange Relógio Armani Exchange Relógio Armani Exchange Relógio Guess Relógio Guess
			Igorando Pelo Filtro de Nome...
		Nome do Produto: Aparador de Pelos Cadence Gladius TRI100-BAT Relógio Diesel Relógio Feminino Technos GL20GN/4K Social Relógio Diesel Relógio Michael Kors Relógio Michael Kors Relógio Mormaii Relógio Michael Kors Relógio Michael Kors Relógio Armani Exchange Relógio Fossil Coachman Relógio Guess Relógio Armani Exchange Relógio Fossil Breaker Relógio Guess Relógio Armani Exchange Relógio Armani Exchange Relógio Armani Exchange Relógio Guess Relógio Guess
			Igorando Pelo Filtro de Nome...
		Nome do Produto: Aparador de Pelos Cadence Gladius TRI100-BAT Relógio Diesel Relógio Feminino Technos GL20GN/4K Social Relógio Diesel Relógio Michael Kors Relógio Michael Kors Relógio Mormaii Relógio Michael Kors Relógio Michael Kors Relógio Armani Exchange Relógio Fossil Coachman Relógio Guess Relógio Armani Exchange Relógio Fossil Breaker Relógio Guess Relógio Armani Exchange Relógio Armani Exchange Relógio Armani Exchange Relógio Guess Relógio Guess
			Igorando Pelo Filtro de Nome...
		Nome do Produto: Aparador de Pelos Cadence Gladius TRI100-BAT Relógio Diesel Relógio Feminino Technos GL20GN/4K Social Relógio Diesel Relógio Michael Kors Relógio Michael Kors Relógio Mormaii Relógio Michael Kors Relógio Michael Kors Relógio Armani Exchange Relógio Fossil Coachman Relógio Guess Relógio Armani Exchange Relógio Fossil Breaker Relógio Guess Relógio Armani Exchange Relógio Armani Exchange Relógio Armani Exchange Relógio Guess Relógio Guess
			Igorando Pelo Filtro de Nome...
		Nome do Produto: Aparador de Pelos Cadence Gladius TRI100-BAT Relógio Diesel Relógio Feminino Technos GL20GN/4K Social Relógio Diesel Relógio Michael Kors Relógio Michael Kors Relógio Mormaii Relógio Michael Kors Relógio Michael Kors Relógio Armani Exchange Relógio Fossil Coachman Relógio Guess Relógio Armani Exchange Relógio Fossil Breaker Relógio Guess Relógio Armani Exchange Relógio Armani Exchange Relógio Armani Exchange Relógio Guess Relógio Guess
			Igorando Pelo Filtro de Nome...
		Nome do Produto: Aparador de Pelos Cadence Gladius TRI100-BAT Relógio Diesel Relógio Feminino Technos GL20GN/4K Social Relógio Diesel Relógio Michael Kors Relógio Michael Kors Relógio Mormaii Relógio Michael Kors Relógio Michael Kors Relógio Armani Exchange Relógio Fossil Coachman Relógio Guess Relógio Armani Exchange Relógio Fossil Breaker Relógio Guess Relógio Armani Exchange Relógio Armani Exchange Relógio Armani Exchange Relógio Guess Relógio Guess
			Igorando Pelo Filtro de Nome...
		Nome do Produto: Aparador de Pelos Cadence Gladius TRI100-BAT Relógio Diesel Relógio Feminino Technos GL20GN/4K Social Relógio Diesel Relógio Michael Kors Relógio Michael Kors Relógio Mormaii Relógio Michael Kors Relógio Michael Kors Relógio Armani Exchange Relógio Fossil Coachman Relógio Guess Relógio Armani Exchange Relógio Fossil Breaker Relógio Guess Relógio Armani Exchange Relógio Armani Exchange Relógio Armani Exchange Relógio Guess Relógio Guess
			Igorando Pelo Filtro de Nome...
		Nome do Produto: Aparador de Pelos Cadence Gladius TRI100-BAT Relógio Diesel Relógio Feminino Technos GL20GN/4K Social Relógio Diesel Relógio Michael Kors Relógio Michael Kors Relógio Mormaii Relógio Michael Kors Relógio Michael Kors Relógio Armani Exchange Relógio Fossil Coachman Relógio Guess Relógio Armani Exchange Relógio Fossil Breaker Relógio Guess Relógio Armani Exchange Relógio Armani Exchange Relógio Armani Exchange Relógio Guess Relógio Guess
			Igorando Pelo Filtro de Nome...
		Nome do Produto: Aparador de Pelos Cadence Gladius TRI100-BAT Relógio Diesel Relógio Feminino Technos GL20GN/4K Social Relógio Diesel Relógio Michael Kors Relógio Michael Kors Relógio Mormaii Relógio Michael Kors Relógio Michael Kors Relógio Armani Exchange Relógio Fossil Coachman Relógio Guess Relógio Armani Exchange Relógio Fossil Breaker Relógio Guess Relógio Armani Exchange Relógio Armani Exchange Relógio Armani Exchange Relógio Guess Relógio Guess
			Igorando Pelo Filtro de Nome...
		Nome do Produto: Aparador de Pelos Cadence Gladius TRI100-BAT Relógio Diesel Relógio Feminino Technos GL20GN/4K Social Relógio Diesel Relógio Michael Kors Relógio Michael Kors Relógio Mormaii Relógio Michael Kors Relógio Michael Kors Relógio Armani Exchange Relógio Fossil Coachman Relógio Guess Relógio Armani Exchange Relógio Fossil Breaker Relógio Guess Relógio Armani Exchange Relógio Armani Exchange Relógio Armani Exchange Relógio Guess Relógio Guess
			Igorando Pelo Filtro de Nome...
		Nome do Produto: Aparador de Pelos Cadence Gladius TRI100-BAT Relógio Diesel Relógio Feminino Technos GL20GN/4K Social Relógio Diesel Relógio Michael Kors Relógio Michael Kors Relógio Mormaii Relógio Michael Kors Relógio Michael Kors Relógio Armani Exchange Relógio Fossil Coachman Relógio Guess Relógio Armani Exchange Relógio Fossil Breaker Relógio Guess Relógio Armani Exchange Relógio Armani Exchange Relógio Armani Exchange Relógio Guess Relógio Guess
			Igorando Pelo Filtro de Nome...
		Nome do Produto: Aparador de Pelos Cadence Gladius TRI100-BAT Relógio Diesel Relógio Feminino Technos GL20GN/4K Social Relógio Diesel Relógio Michael Kors Relógio Michael Kors Relógio Mormaii Relógio Michael Kors Relógio Michael Kors Relógio Armani Exchange Relógio Fossil Coachman Relógio Guess Relógio Armani Exchange Relógio Fossil Breaker Relógio Guess Relógio Armani Exchange Relógio Armani Exchange Relógio Armani Exchange Relógio Guess Relógio Guess
			Igorando Pelo Filtro de Nome...
		Nome do Produto: Aparador de Pelos Cadence Gladius TRI100-BAT Relógio Diesel Relógio Feminino Technos GL20GN/4K Social Relógio Diesel Relógio Michael Kors Relógio Michael Kors Relógio Mormaii Relógio Michael Kors Relógio Michael Kors Relógio Armani Exchange Relógio Fossil Coachman Relógio Guess Relógio Armani Exchange Relógio Fossil Breaker Relógio Guess Relógio Armani Exchange Relógio Armani Exchange Relógio Armani Exchange Relógio Guess Relógio Guess
			Igorando Pelo Filtro de Nome...
		Nome do Produto: Aparador de Pelos Cadence Gladius TRI100-BAT Relógio Diesel Relógio Feminino Technos GL20GN/4K Social Relógio Diesel Relógio Michael Kors Relógio Michael Kors Relógio Mormaii Relógio Michael Kors Relógio Michael Kors Relógio Armani Exchange Relógio Fossil Coachman Relógio Guess Relógio Armani Exchange Relógio Fossil Breaker Relógio Guess Relógio Armani Exchange Relógio Armani Exchange Relógio Armani Exchange Relógio Guess Relógio Guess
			Igorando Pelo Filtro de Nome...
		Nome do Produto: Aparador de Pelos Cadence Gladius TRI100-BAT Relógio Diesel Relógio Feminino Technos GL20GN/4K Social Relógio Diesel Relógio Michael Kors Relógio Michael Kors Relógio Mormaii Relógio Michael Kors Relógio Michael Kors Relógio Armani Exchange Relógio Fossil Coachman Relógio Guess Relógio Armani Exchange Relógio Fossil Breaker Relógio Guess Relógio Armani Exchange Relógio Armani Exchange Relógio Armani Exchange Relógio Guess Relógio Guess
			Igorando Pelo Filtro de Nome...
		Nome do Produto: Aparador de Pelos Cadence Gladius TRI100-BAT Relógio Diesel Relógio Feminino Technos GL20GN/4K Social Relógio Diesel Relógio Michael Kors Relógio Michael Kors Relógio Mormaii Relógio Michael Kors Relógio Michael Kors Relógio Armani Exchange Relógio Fossil Coachman Relógio Guess Relógio Armani Exchange Relógio Fossil Breaker Relógio Guess Relógio Armani Exchange Relógio Armani Exchange Relógio Armani Exchange Relógio Guess Relógio Guess
			Igorando Pelo Filtro de Nome...
		Nome do Produto: Aparador de Pelos Cadence Gladius TRI100-BAT Relógio Diesel Relógio Feminino Technos GL20GN/4K Social Relógio Diesel Relógio Michael Kors Relógio Michael Kors Relógio Mormaii Relógio Michael Kors Relógio Michael Kors Relógio Armani Exchange Relógio Fossil Coachman Relógio Guess Relógio Armani Exchange Relógio Fossil Breaker Relógio Guess Relógio Armani Exchange Relógio Armani Exchange Relógio Armani Exchange Relógio Guess Relógio Guess
			Igorando Pelo Filtro de Nome...
	Tempo Para buscar: 609
Loja: ShopB
	URL Principal: http://www.shopb.com.br/
	URL Busca: http://www.shopb.com.br/buscar?q=<BUSCA>
http://www.shopb.com.br/buscar?q=zelda+tri+force+heroes
		Documento Lido
		Resultados: 0
	Tempo Para buscar: 1013
Loja: Submarino
	URL Principal: http://www.submarino.com.br/
	URL Busca: http://busca.submarino.com.br/busca.php?q=<BUSCA>
http://busca.submarino.com.br/busca.php?q=zelda+tri+force+heroes
		Documento Lido
		Resultados: 2
		Nome do Produto: Pingente - Tri Force - Zelda - Folheado A Prata
			Igorando Pelo Filtro de Nome...
		Nome do Produto: Pingente - Tri Force - Zelda - Folheado A Prata
			Igorando Pelo Filtro de Nome...
	Tempo Para buscar: 282
Loja: Walmart
	URL Principal: http://www.walmart.com.br/
	URL Busca: http://www.walmart.com.br/busca/?ft=<BUSCA>&PS=20
http://www.walmart.com.br/busca/?ft=zelda+tri+force+heroes&PS=20
		Documento Lido
		Resultados: 1
		Nome do Produto: The Legend of Zelda Tri Force Heroes N3DS
http://www.walmart.com.br//the-legend-of-zelda-tri-force-heroes-n3ds/3629647/pr
		Acessando URL do produto.
	Tempo Para buscar: 898
Loja: Zig Store
	URL Principal: http://www.zigstore.com.br/
	URL Busca: http://www.zigstore.com.br/pesquisa/?p=<BUSCA>
http://www.zigstore.com.br/pesquisa/?p=zelda+tri+force+heroes
		Documento Lido
		Resultados: 4
		Nome do Produto: PS3 - Os Cavaleiros do Zodiaco: Alma dos Soldados
			Igorando Pelo Filtro de Nome...
		Nome do Produto: PS4 - Tearaway Unfolded
			Igorando Pelo Filtro de Nome...
		Nome do Produto: PS4 - DualShock 4 Vermelho
			Igorando Pelo Filtro de Nome...
		Nome do Produto: WiiU - Amiibo Zelda
			Igorando Pelo Filtro de Nome...
	Tempo Para buscar: 77

File copied from E:\WorkSpaces\workspace estudo\lookforprices\resources\imports\css.css to E:\WorkSpaces\workspace estudo\lookforprices\reports\2015-11-28 17\css.css
File copied from E:\WorkSpaces\workspace estudo\lookforprices\resources\imports\jquery.js to E:\WorkSpaces\workspace estudo\lookforprices\reports\2015-11-28 17\jquery.js
File copied from E:\WorkSpaces\workspace estudo\lookforprices\resources\imports\scripts.js to E:\WorkSpaces\workspace estudo\lookforprices\reports\2015-11-28 17\scripts.js
Tempo total de execução: 27604
