Game: Bravely Default
Product Name: Bravely Default
Loja: Nintendo eShop
	URL Principal: http://www.nintendo.com/3ds/eshop
	URL Busca: http://www.nintendo.com/json/content/get/game/filter?&qterm=<BUSCA>
NintendoEShopSearch.search() http://www.nintendo.com/json/content/get/game/filter?&qterm=Bravely+Default
		Documento Lido
		Resultados: 2
		Nome do Produto: The Legend of Legacy
			Igorando Pelo Filtro de Nome...
		Nome do Produto: Bravely Default
http://www.nintendo.com/games/detail/_TC4w2TeJY7qrqBL64gpszI_65tjrVyp
		Acessando URL do produto.
URL = http://www.nintendo.com/games/detail/_TC4w2TeJY7qrqBL64gpszI_65tjrVyp
	Tempo Para buscar: 1253
Loja: Americanas
	URL Principal: http://www.americanas.com.br/
	URL Busca: http://busca.americanas.com.br/busca.php?q=<BUSCA>
http://busca.americanas.com.br/busca.php?q=Bravely+Default
		Documento Lido
		Resultados: 1
		Nome do Produto: Game Bravely Default - 3Ds
http://www.americanas.com.br/produto/117676784/game-bravely-default-3ds&review=1
		Acessando URL do produto.
java.lang.NullPointerException
	at interfaces.search.AmericanasSearch.readEachProduct(AmericanasSearch.java:76)
	at interfaces.search.AmericanasSearch.search(AmericanasSearch.java:39)
	at objects.Shop.searchProduct(Shop.java:33)
	at Main.generateHtmlReport(Main.java:89)
	at Main.main(Main.java:58)
	Tempo Para buscar: 686
Loja: Big Boy Games
	URL Principal: http://www.bigboygames.com.br/
	URL Busca: http://www.bigboygames.com.br/pesquisa/?p=<BUSCA>
http://www.bigboygames.com.br/pesquisa/?p=Bravely+Default
		Documento Lido
		Resultados*: 1
		Acessando URL do produto.
	Tempo Para buscar: 1252
Loja: Casas Bahia
	URL Principal: http://www.casasbahia.com.br/
	URL Busca: http://buscas.casasbahia.com.br/search?w=<BUSCA>
http://buscas.casasbahia.com.br/search?w=Bravely+Default
		Documento Lido
		Resultados: 1
		Nome do Produto: Bravely Default N3DS
http://buscas.casasbahia.com.br/search?p=R&srid=S6-USWSD01&lbc=casasbahia&w=Bravely%20Default&url=http%3a%2f%2fproduto.casasbahia.com.br%2f3379391%3f&rk=1&uid=192813501&sid=2&ts=custom&rsc=-Cb9ROLS54rXHPAp&method=and&isort=score&view=grid
		Acessando URL do produto.
		Nome do Produto: Bravely Default - 3DS
http://buscas.casasbahia.com.br/search?p=R&srid=S6-USWSD01&lbc=casasbahia&w=Bravely%20Default&url=http%3a%2f%2fproduto.casasbahia.com.br%2f5413924%3f&rk=2&uid=192813501&sid=2&ts=custom&rsc=pwA70FDb7qZSyWlj&method=and&isort=score&view=grid
		Acessando URL do produto.
	Tempo Para buscar: 4683
Loja: Extra
	URL Principal: http://www.extra.com.br/
	URL Busca: http://buscando.extra.com.br/search?w=<BUSCA>
http://buscando.extra.com.br/search?w=Bravely+Default
		Documento Lido
		Resultados: 2
		Nome do Produto: Bravely Default N3DS
http://buscando.extra.com.br/search?p=R&srid=S1-USCDR01&lbc=extra&w=Bravely%20Default&url=http%3a%2f%2fproduto.extra.com.br%2f3379391%3f&rk=1&uid=192866032&sid=2&ts=custom&rsc=pJAeD3MW-ra7Jvj1&method=and&isort=score&view=grid
		Acessando URL do produto.
		Nome do Produto: Bravely Default - 3DS
http://buscando.extra.com.br/search?p=R&srid=S1-USCDR01&lbc=extra&w=Bravely%20Default&url=http%3a%2f%2fproduto.extra.com.br%2f5413924%3f&rk=2&uid=192866032&sid=2&ts=custom&rsc=gSBj2BwTQhfy2jEy&method=and&isort=score&view=grid
		Acessando URL do produto.
	Tempo Para buscar: 4063
Loja: E-Virtua
	URL Principal: http://www.evirtua.com.br/
	URL Busca: http://www.evirtua.com.br/Busca?search_department_id=0&SearchTerm=<BUSCA>
http://www.evirtua.com.br/Busca?search_department_id=0&SearchTerm=Bravely+Default
		Documento Lido
		Resultados: 1
		Nome do Produto: Bravely Default - 3DS
http://www.evirtua.com.br//bravely-default-3ds/3386-01
		Acessando URL do produto.
	Tempo Para buscar: 676
Loja: Fast Games
	URL Principal: http://www.fastgames.com.br/
	URL Busca: http://www.fastgames.com.br/loja/busca.php?loja=187970&palavra_busca=<BUSCA>
http://www.fastgames.com.br/loja/busca.php?loja=187970&palavra_busca=Bravely+Default
		Documento Lido
		Resultados: 0
	Tempo Para buscar: 334
Loja: Fast Shop
	URL Principal: http://www.fastshop.com.br/loja/
	URL Busca: http://www.fastshop.com.br/webapp/wcs/stores/servlet/SearchDisplay?searchTerm=<BUSCA>&categoryId=&storeId=10151&catalogId=11052&langId=-6&pageSize=9&beginIndex=0&sType=SimpleSearch&resultCatEntryType=2&showResultsPage=true&searchSource=Q&pageView=&hotsite=fastshop
http://www.fastshop.com.br/webapp/wcs/stores/servlet/SearchDisplay?searchTerm=Bravely+Default&categoryId=&storeId=10151&catalogId=11052&langId=-6&pageSize=9&beginIndex=0&sType=SimpleSearch&resultCatEntryType=2&showResultsPage=true&searchSource=Q&pageView=&hotsite=fastshop
		Documento Lido
		Resultados: 1
		Nome do Produto: 
			Igorando Pelo Filtro de Nome...
	Tempo Para buscar: 826
Loja: FNAC
	URL Principal: http://www.fnac.com.br/index.html
	URL Busca: http://busca.fnac.com.br/?busca=<BUSCA>
http://busca.fnac.com.br/?busca=Bravely+Default
		Documento Lido
		Resultados: 20
		Nome do Produto: Divaldo Franco Responde - Volume 2
			Igorando Pelo Filtro de Nome...
		Nome do Produto: Box Divaldo Franco Responde Volumes 1 E 2
			Igorando Pelo Filtro de Nome...
		Nome do Produto: Rumo Às Estrelas
			Igorando Pelo Filtro de Nome...
		Nome do Produto: Divaldo Franco
			Igorando Pelo Filtro de Nome...
		Nome do Produto: Divaldo Frahnco Responde - Volume 1
			Igorando Pelo Filtro de Nome...
		Nome do Produto: Indiana Jones And The Seven Veils
			Igorando Pelo Filtro de Nome...
		Nome do Produto: Wicked Angel
			Igorando Pelo Filtro de Nome...
		Nome do Produto: Rama 2
			Igorando Pelo Filtro de Nome...
		Nome do Produto: Rama Revealed
			Igorando Pelo Filtro de Nome...
		Nome do Produto: Deceiver
			Igorando Pelo Filtro de Nome...
		Nome do Produto: Garden Of Rama
			Igorando Pelo Filtro de Nome...
		Nome do Produto: Sunny Chandler`s Return
			Igorando Pelo Filtro de Nome...
		Nome do Produto: Dubliners
			Igorando Pelo Filtro de Nome...
		Nome do Produto: Notorious
			Igorando Pelo Filtro de Nome...
		Nome do Produto: Too Hot To Hold
			Igorando Pelo Filtro de Nome...
		Nome do Produto: Magnificent Folly
			Igorando Pelo Filtro de Nome...
		Nome do Produto: Blood And Ice
			Igorando Pelo Filtro de Nome...
		Nome do Produto: A Borboleta Azul
			Igorando Pelo Filtro de Nome...
		Nome do Produto: O Enigma da Borboleta
			Igorando Pelo Filtro de Nome...
		Nome do Produto: A Oficina das Borboletas
			Igorando Pelo Filtro de Nome...
	Tempo Para buscar: 1377
Loja: Kabum
	URL Principal: http://www.kabum.com.br/
	URL Busca: http://www.kabum.com.br/cgi-local/site/listagem/listagem.cgi?string=<BUSCA>&btnG=
http://www.kabum.com.br/cgi-local/site/listagem/listagem.cgi?string=Bravely+Default&btnG=
		Documento Lido
		Resultados: 0
	Tempo Para buscar: 1176
Loja: Livraria Cultura
	URL Principal: http://www.livrariacultura.com.br/
	URL Busca: http://www.livrariacultura.com.br/busca?N=0&Ntt=<BUSCA>
http://www.livrariacultura.com.br/busca?N=0&Ntt=Bravely+Default
		Documento Lido
		Resultados: 2
		Nome do Produto: BRAVELY DEFAULT (3DS)
http://www.livrariacultura.com.br/p/bravely-default-3ds-42196723
		Acessando URL do produto.
		Nome do Produto: BRAVELY DEFAULT - COLLECTOR'S EDITION (3DS)
http://www.livrariacultura.com.br/p/bravely-default-collectors-edition-3ds-42196726
		Acessando URL do produto.
	Tempo Para buscar: 1490
Loja: Magazine Luiza
	URL Principal: http://www.magazineluiza.com.br/
	URL Busca: http://www.magazineluiza.com.br/busca/<BUSCA>/
http://www.magazineluiza.com.br/busca/Bravely+Default/
		Documento Lido
		Resultados: 0
	Tempo Para buscar: 630
Loja: Mula Games
	URL Principal: http://www.mulagames.com.br/
	URL Busca: http://www.mulagames.com.br/produtos-index/catalogo_produtos/-/-/<BUSCA>/-/-/-/-/-/
http://www.mulagames.com.br/produtos-index/catalogo_produtos/-/-/Bravely%20Default/-/-/-/-/-/
		Documento Lido
		Resultados: 1
		Nome do Produto: Bravely Default - 3DS
http://www.mulagames.com.br/Bravely-Default-3DS/prod-1967717/
		Acessando URL do produto.
http://www.mulagames.com.br/produto-ajax_retorna_dados_preco_comprar/1967717
		Acessando URL do preço produto.
	Tempo Para buscar: 2232
Loja: Net Shoes
	URL Principal: http://www.netshoes.com.br/
	URL Busca: http://www.netshoes.com.br/search?Ntt=<BUSCA>
http://www.netshoes.com.br/search?Ntt=Bravely+Default
		Documento Lido
		Resultados: 0
	Tempo Para buscar: 113
Loja: Ponto Frio
	URL Principal: http://www.pontofrio.com.br/
	URL Busca: http://search.pontofrio.com.br/search?w=<BUSCA>
http://search.pontofrio.com.br/search?w=Bravely+Default
		Documento Lido
		Resultados: 1
		Nome do Produto: Bravely Default - 3DS
http://search.pontofrio.com.br/search?p=R&srid=S3-USESD02&lbc=pontofrio-br&w=Bravely%20Default&url=http%3a%2f%2fproduto.pontofrio.com.br%2f5413924%3f&rk=1&uid=192995760&sid=2&ts=custom&rsc=ilbrWGFoiC14CHPX&method=and&isort=score&view=grid
		Nome do Produto: Bravely Default N3DS
http://search.pontofrio.com.br/search?p=R&srid=S3-USESD02&lbc=pontofrio-br&w=Bravely%20Default&url=http%3a%2f%2fproduto.pontofrio.com.br%2f3379391%3f&rk=2&uid=192995760&sid=2&ts=custom&rsc=bKDby2jC3F907-ER&method=and&isort=score&view=grid
		Nome do Produto: Bravely Default - 3DS
http://search.pontofrio.com.br/search?p=R&srid=S3-USESD02&lbc=pontofrio-br&w=Bravely%20Default&url=http%3a%2f%2fproduto.pontofrio.com.br%2f5413924%3f&rk=1&uid=192995760&sid=2&ts=custom&rsc=ilbrWGFoiC14CHPX&method=and&isort=score&view=grid
		Nome do Produto: Bravely Default N3DS
http://search.pontofrio.com.br/search?p=R&srid=S3-USESD02&lbc=pontofrio-br&w=Bravely%20Default&url=http%3a%2f%2fproduto.pontofrio.com.br%2f3379391%3f&rk=2&uid=192995760&sid=2&ts=custom&rsc=bKDby2jC3F907-ER&method=and&isort=score&view=grid
	Tempo Para buscar: 4868
Loja: Ricardo Eletro
	URL Principal: http://www.ricardoeletro.com.br/
	URL Busca: http://www.ricardoeletro.com.br/Busca/Resultado/?q=<BUSCA>
http://www.ricardoeletro.com.br/Busca/Resultado/?q=Bravely+Default
		Documento Lido
		Resultados: 0
	Tempo Para buscar: 905
Loja: RiHappy
	URL Principal: http://www.rihappy.com.br/
	URL Busca: http://www.rihappy.com.br/<BUSCA>
http://www.rihappy.com.br/Bravely%20Default
		Documento Lido
		Resultados: 0
	Tempo Para buscar: 1511
Loja: Saraiva
	URL Principal: http://www.saraiva.com.br/
	URL Busca: http://busca.saraiva.com.br/search?w=<BUSCA>&PAC_ID=129457&ts=ajax
http://busca.saraiva.com.br/search?w=Bravely+Default&PAC_ID=129457&ts=ajax
		Documento Lido
		Resultados: 2
		Nome do Produto: Calculadora Cientifica HP 10s+
			Igorando Pelo Filtro de Nome...
		Nome do Produto: ENEM Coleção Completa - Edição 2015
			Igorando Pelo Filtro de Nome...
	Tempo Para buscar: 492
Loja: Shop Facil
	URL Principal: http://ww2.shopfacil.com.br/
	URL Busca: http://ww2.shopfacil.com.br/<BUSCA>
http://ww2.shopfacil.com.br/Bravely%20Default
		Documento Lido
		Resultados: 0
	Tempo Para buscar: 2852
Loja: Shop Time
	URL Principal: http://www.shoptime.com.br/
	URL Busca: http://busca.shoptime.com.br/busca.php?q=<BUSCA>
http://busca.shoptime.com.br/busca.php?q=Bravely+Default
		Documento Lido
		Resultados: 1
		Nome do Produto: Game Bravely Default - 3Ds
http://www.shoptime.com.br/produto/117676784/game-bravely-default-3ds
		Acessando URL do produto.
	Tempo Para buscar: 717
Loja: ShopB
	URL Principal: http://www.shopb.com.br/
	URL Busca: http://busca.shopb.com.br/?busca=<BUSCA>
http://busca.shopb.com.br/?busca=Bravely+Default
		Documento Lido
		Resultados: 14
		Nome do Produto: Bravely Default - 3DS
http://shopb.ecommercesearch.com.br/Busca/Redir?url=http%3a%2f%2fwww.shopb.com.br%2fecommerce_site%2findex.php%3fpg%3dproduto%26cdg%3d4488%26idp%3d36832%26idparceiro%3dp1&esid=36832
		Acessando URL do produto.
		Nome do Produto: Assassins Creed Rogue - PS3
			Igorando Pelo Filtro de Nome...
		Nome do Produto: Assassins Creed Rogue - XBOX 360
			Igorando Pelo Filtro de Nome...
		Nome do Produto: Assassins Creed Unity: Signature Edition - XBOX ONE
			Igorando Pelo Filtro de Nome...
		Nome do Produto: Just Dance 2015 - PS3
			Igorando Pelo Filtro de Nome...
		Nome do Produto: Just Dance 2015 - PS4
			Igorando Pelo Filtro de Nome...
		Nome do Produto: Just Dance 2015 - XBOX 360
			Igorando Pelo Filtro de Nome...
		Nome do Produto: Just Dance 2015 - XBOX ONE
			Igorando Pelo Filtro de Nome...
		Nome do Produto: Little Big Planet 3 - PS3
			Igorando Pelo Filtro de Nome...
		Nome do Produto: Minecraft - XBOX 360 Edition
			Igorando Pelo Filtro de Nome...
		Nome do Produto: The Order 1886: BlackWater Edition - PS4
			Igorando Pelo Filtro de Nome...
		Nome do Produto: The Order: 1886 - PS4
			Igorando Pelo Filtro de Nome...
		Nome do Produto: LEGO Batman 3: Beyond Gotham - XBOX 360
			Igorando Pelo Filtro de Nome...
		Nome do Produto: Little Big Planet - Game of Year Edition - PS3
			Igorando Pelo Filtro de Nome...
	Tempo Para buscar: 1738
Loja: Submarino
	URL Principal: http://www.submarino.com.br/
	URL Busca: http://busca.submarino.com.br/busca.php?q=<BUSCA>
http://busca.submarino.com.br/busca.php?q=Bravely+Default
		Documento Lido
		Resultados: 1
		Nome do Produto: Game Bravely Default - 3Ds
http://www.submarino.com.br/produto/117676784/game-bravely-default-3ds
		Acessando URL do produto.
	Tempo Para buscar: 717
Loja: Walmart
	URL Principal: http://www.walmart.com.br/
	URL Busca: http://www.walmart.com.br/busca/?ft=<BUSCA>&PS=20
http://www.walmart.com.br/busca/?ft=Bravely+Default&PS=20
		Documento Lido
		Resultados: 5
		Nome do Produto: Diamonds And Defaults
			Igorando Pelo Filtro de Nome...
		Nome do Produto: Empire By Default
			Igorando Pelo Filtro de Nome...
		Nome do Produto: Equality by Default
			Igorando Pelo Filtro de Nome...
		Nome do Produto: Default Y La Reestructuracion de La Deuda, El
			Igorando Pelo Filtro de Nome...
		Nome do Produto: Equality by Default - ISI Books
			Igorando Pelo Filtro de Nome...
	Tempo Para buscar: 553

File copied from C:\java\workspace Estudo\lookforprices\resources\imports\css.css to C:\java\workspace Estudo\lookforprices\reports\2015-08-10 12\css.css
File copied from C:\java\workspace Estudo\lookforprices\resources\imports\jquery.js to C:\java\workspace Estudo\lookforprices\reports\2015-08-10 12\jquery.js
File copied from C:\java\workspace Estudo\lookforprices\resources\imports\scripts.js to C:\java\workspace Estudo\lookforprices\reports\2015-08-10 12\scripts.js
Tempo total de execução: 35159
