Game: donkey kong country returns
Product Name: donkey kong country returns
Loja: Nintendo eShop
	URL Principal: http://www.nintendo.com/3ds/eshop
	URL Busca: http://www.nintendo.com/json/content/get/game/filter?&qterm=<BUSCA>
NintendoEShopSearch.search() http://www.nintendo.com/json/content/get/game/filter?&qterm=donkey+kong+country+returns
		Documento Lido
		Resultados: 3
		Nome do Produto: Donkey Kong Country Returns 3D
http://www.nintendo.com/games/detail/zp2Ns75itEVaf0PoEIyv49f2MEBspSeA
		Acessando URL do produto.
URL = http://www.nintendo.com/games/detail/zp2Ns75itEVaf0PoEIyv49f2MEBspSeA
		Nome do Produto: Mario Kart 7
			Igorando Pelo Filtro de Nome...
		Nome do Produto: Donkey Kong Country Returns
http://www.nintendo.com/games/detail/eg4kKvQUjm_NuRUr5LgHM3eoAsFwzOU1
		Acessando URL do produto.
URL = http://www.nintendo.com/games/detail/eg4kKvQUjm_NuRUr5LgHM3eoAsFwzOU1
	Tempo Para buscar: 1418
Loja: Americanas
	URL Principal: http://www.americanas.com.br/
	URL Busca: http://busca.americanas.com.br/busca.php?q=<BUSCA>
http://busca.americanas.com.br/busca.php?q=donkey+kong+country+returns
		Documento Lido
		Resultados: 1
		Nome do Produto: Game Donkey Kong: Country Returns 3D - 3DS
http://www.americanas.com.br/produto/113295757/game-donkey-kong-country-returns-3d-3ds&review=1
		Acessando URL do produto.
	Tempo Para buscar: 1002
Loja: Big Boy Games
	URL Principal: http://www.bigboygames.com.br/
	URL Busca: http://www.bigboygames.com.br/pesquisa/?p=<BUSCA>
http://www.bigboygames.com.br/pesquisa/?p=donkey+kong+country+returns
		Documento Lido
		Resultados: 2
		Nome do Produto: 3DS - Donkey Kong Country Returns 3D
http://www.bigboygames.com.br/3ds-donkey-kong-country-returns-3d-p4977/
		Acessando URL do produto.
		Nome do Produto: Wii - Donkey Kong Country Returns
http://www.bigboygames.com.br/wii-donkey-kong-country-returns-p2327/
		Acessando URL do produto.
	Tempo Para buscar: 1361
Loja: Casas Bahia
	URL Principal: http://www.casasbahia.com.br/
	URL Busca: http://buscas.casasbahia.com.br/search?w=<BUSCA>
http://buscas.casasbahia.com.br/search?w=donkey+kong+country+returns
		Documento Lido
		Resultados: 1
		Nome do Produto: Jogo Donkey Kong: Country Returns 3D - 3DS
http://buscas.casasbahia.com.br/search?p=R&srid=S6-USESD02&lbc=casasbahia&w=donkey%20kong%20country%20returns&url=http%3a%2f%2fproduto.casasbahia.com.br%2f2088333%3f&rk=1&uid=193602658&sid=2&ts=custom&rsc=4op-qkKFRwyVlCqa&method=and&isort=score&view=grid
		Acessando URL do produto.
		Nome do Produto: Jogo Donkey Kong: Country Returns 3D - 3DS
http://buscas.casasbahia.com.br/search?p=R&srid=S6-USESD02&lbc=casasbahia&w=donkey%20kong%20country%20returns&url=http%3a%2f%2fproduto.casasbahia.com.br%2f5003839%3f&rk=2&uid=193602658&sid=2&ts=custom&rsc=JLjVLyCFx6sx9drb&method=and&isort=score&view=grid
		Acessando URL do produto.
		Nome do Produto: Mario Kart 8 - Wii U
			Igorando Pelo Filtro de Nome...
	Tempo Para buscar: 4856
Loja: Extra
	URL Principal: http://www.extra.com.br/
	URL Busca: http://buscando.extra.com.br/search?w=<BUSCA>
http://buscando.extra.com.br/search?w=donkey+kong+country+returns
		Documento Lido
		Resultados: 3
		Nome do Produto: Jogo Donkey Kong: Country Returns 3D - 3DS
http://buscando.extra.com.br/search?p=R&srid=S1-USCDR01&lbc=extra&w=donkey%20kong%20country%20returns&url=http%3a%2f%2fproduto.extra.com.br%2f2088333%3f&rk=1&uid=193649873&sid=2&ts=custom&rsc=nadBQtmBvrpprlWX&method=and&isort=score&view=grid
		Acessando URL do produto.
		Nome do Produto: Jogo Donkey Kong: Country Returns 3D - 3DS
http://buscando.extra.com.br/search?p=R&srid=S1-USCDR01&lbc=extra&w=donkey%20kong%20country%20returns&url=http%3a%2f%2fproduto.extra.com.br%2f5003839%3f&rk=2&uid=193649873&sid=2&ts=custom&rsc=m1xPyndPR5haWcob&method=and&isort=score&view=grid
		Acessando URL do produto.
		Nome do Produto: Mario Kart 8 - Wii U
			Igorando Pelo Filtro de Nome...
	Tempo Para buscar: 11768
Loja: E-Virtua
	URL Principal: http://www.evirtua.com.br/
	URL Busca: http://www.evirtua.com.br/Busca?search_department_id=0&SearchTerm=<BUSCA>
http://www.evirtua.com.br/Busca?search_department_id=0&SearchTerm=donkey+kong+country+returns
		Documento Lido
		Resultados: 1
		Nome do Produto: Donkey Kong Country Returns 3D - 3DS
http://www.evirtua.com.br//donkey-kong-country-returns-3d-3ds/3173-01
		Acessando URL do produto.
	Tempo Para buscar: 863
Loja: Fast Games
	URL Principal: http://www.fastgames.com.br/
	URL Busca: http://www.fastgames.com.br/loja/busca.php?loja=187970&palavra_busca=<BUSCA>
http://www.fastgames.com.br/loja/busca.php?loja=187970&palavra_busca=donkey+kong+country+returns
		Documento Lido
		Resultados: 1
		Nome do Produto: Donkey Kong Country Returns 3D - 3DS
http://www.fastgames.com.br//donkey-kong-country-returns-3d-3ds-pr-6405-187970.htm
		Acessando URL do produto.
	Tempo Para buscar: 2147
Loja: Fast Shop
	URL Principal: http://www.fastshop.com.br/loja/
	URL Busca: http://www.fastshop.com.br/webapp/wcs/stores/servlet/SearchDisplay?searchTerm=<BUSCA>&categoryId=&storeId=10151&catalogId=11052&langId=-6&pageSize=9&beginIndex=0&sType=SimpleSearch&resultCatEntryType=2&showResultsPage=true&searchSource=Q&pageView=&hotsite=fastshop
http://www.fastshop.com.br/webapp/wcs/stores/servlet/SearchDisplay?searchTerm=donkey+kong+country+returns&categoryId=&storeId=10151&catalogId=11052&langId=-6&pageSize=9&beginIndex=0&sType=SimpleSearch&resultCatEntryType=2&showResultsPage=true&searchSource=Q&pageView=&hotsite=fastshop
		Documento Lido
		Resultados: 0
	Tempo Para buscar: 532
Loja: FNAC
	URL Principal: http://www.fnac.com.br/index.html
	URL Busca: http://busca.fnac.com.br/?busca=<BUSCA>
http://busca.fnac.com.br/?busca=donkey+kong+country+returns
		Documento Lido
		Resultados: 20
		Nome do Produto: Lunatic
			Igorando Pelo Filtro de Nome...
		Nome do Produto: Women And Country
			Igorando Pelo Filtro de Nome...
		Nome do Produto: King Kong E Cervejas
			Igorando Pelo Filtro de Nome...
		Nome do Produto: Hit Man Returns (cd+dvd)
			Igorando Pelo Filtro de Nome...
		Nome do Produto: Hit Mans Returns (blu-ray)
			Igorando Pelo Filtro de Nome...
		Nome do Produto: King Kong - Reel Heroes (DVD)
			Igorando Pelo Filtro de Nome...
		Nome do Produto: Hong Kong - Seu Guia Passo A Passo
			Igorando Pelo Filtro de Nome...
		Nome do Produto: Hit Man Returns (blu-ray + CD)
			Igorando Pelo Filtro de Nome...
		Nome do Produto: Box - Luxury Trilogy - Country (3 CDs)
			Igorando Pelo Filtro de Nome...
		Nome do Produto: Brasil - O País E O Povo / Brazil - The Country And The People
			Igorando Pelo Filtro de Nome...
		Nome do Produto: Pop! Animation: Hanna-barbera - Hong Kong Phooey - Funko
			Igorando Pelo Filtro de Nome...
		Nome do Produto: Arritmias Cardíacas - Rotinas do Centro de Arritmia do Hospital Israelita Albert Einstein
			Igorando Pelo Filtro de Nome...
		Nome do Produto: Dienis
			Igorando Pelo Filtro de Nome...
		Nome do Produto: Dança Macabra
			Igorando Pelo Filtro de Nome...
		Nome do Produto: A Dança da Morte
			Igorando Pelo Filtro de Nome...
		Nome do Produto: Eu Domenique
			Igorando Pelo Filtro de Nome...
		Nome do Produto: Danca da Chuva
			Igorando Pelo Filtro de Nome...
		Nome do Produto: Rússia Contra Napoleão
			Igorando Pelo Filtro de Nome...
		Nome do Produto: Placido Domingo - Great Scenes (DVD)
			Igorando Pelo Filtro de Nome...
		Nome do Produto: O Melhor de Regis Danese
			Igorando Pelo Filtro de Nome...
	Tempo Para buscar: 1170
Loja: Kabum
	URL Principal: http://www.kabum.com.br/
	URL Busca: http://www.kabum.com.br/cgi-local/site/listagem/listagem.cgi?string=<BUSCA>&btnG=
http://www.kabum.com.br/cgi-local/site/listagem/listagem.cgi?string=donkey+kong+country+returns&btnG=
		Documento Lido
		Resultados: 0
	Tempo Para buscar: 1209
Loja: Livraria Cultura
	URL Principal: http://www.livrariacultura.com.br/
	URL Busca: http://www.livrariacultura.com.br/busca?N=0&Ntt=<BUSCA>
http://www.livrariacultura.com.br/busca?N=0&Ntt=donkey+kong+country+returns
		Documento Lido
		Resultados: 4
		Nome do Produto: DONKEY KONG COUNTRY RETURNS 3D
http://www.livrariacultura.com.br/p/donkey-kong-country-returns-3d-42744959
		Acessando URL do produto.
		Nome do Produto: DONKEY KONG COUNTRY RETURNS [WITH POSTER]
http://www.livrariacultura.com.br/p/donkey-kong-country-returns-with-poster-22770638
		Acessando URL do produto.
		Nome do Produto: DONKEY KONG COUNTRY RETURNS 3D (3DS)
http://www.livrariacultura.com.br/p/donkey-kong-country-returns-3d-3ds-42112046
		Acessando URL do produto.
		Nome do Produto: DONKEY KONG COUNTRY RETURNS (WII)
http://www.livrariacultura.com.br/p/donkey-kong-country-returns-wii-15013857
		Acessando URL do produto.
	Tempo Para buscar: 2459
Loja: Magazine Luiza
	URL Principal: http://www.magazineluiza.com.br/
	URL Busca: http://www.magazineluiza.com.br/busca/<BUSCA>/
http://www.magazineluiza.com.br/busca/donkey+kong+country+returns/
		Documento Lido
		Resultados: 8
		Nome do Produto: Mario vs. Donkey Kong Mini-land Mayhem! - Nintendo DS - Nintendo
			Igorando Pelo Filtro de Nome...
		Nome do Produto: Lightning Returns: Final Fantasy XIII p/ Xbox 360 - Square Enix
			Igorando Pelo Filtro de Nome...
		Nome do Produto: Bicicleta Track & Bikes TK 700 W Cross Country - Aro 26 27 Marchas Suspensão Dianteira
			Igorando Pelo Filtro de Nome...
		Nome do Produto: Lightning Returns: Final Fantasy XIII para PS3 - Square Enix
			Igorando Pelo Filtro de Nome...
		Nome do Produto: Kit Colcha/Cobre-Leito Solteiro Country 4 Peças - Tabaco - A Criativa
			Igorando Pelo Filtro de Nome...
		Nome do Produto: Kit Colcha/Cobre-Leito Solteiro Country 4 Peças - Preto - A Criativa
			Igorando Pelo Filtro de Nome...
		Nome do Produto: Manta Decorativa para Sofá Artesanal Teares - Country 1 Peça 100% Algodão
			Igorando Pelo Filtro de Nome...
		Nome do Produto: Star Wars - Digital Collection Return of the Jedi - Hasbro
			Igorando Pelo Filtro de Nome...
	Tempo Para buscar: 272
Loja: Mula Games
	URL Principal: http://www.mulagames.com.br/
	URL Busca: http://www.mulagames.com.br/produtos-index/catalogo_produtos/-/-/<BUSCA>/-/-/-/-/-/
http://www.mulagames.com.br/produtos-index/catalogo_produtos/-/-/donkey%20kong%20country%20returns/-/-/-/-/-/
		Documento Lido
		Resultados: 2
		Nome do Produto: Donkey Kong Country Returns 3D - 3DS
http://www.mulagames.com.br/Donkey-Kong-Country-Returns-3D-3DS/prod-1344698/
		Acessando URL do produto.
http://www.mulagames.com.br/produto-ajax_retorna_dados_preco_comprar/1344698
		Acessando URL do preço produto.
		Nome do Produto: Donkey Kong Country Returns - Wii
http://www.mulagames.com.br/Donkey-Kong-Country-Returns-Wii/prod-468321/
		Acessando URL do produto.
http://www.mulagames.com.br/produto-ajax_retorna_dados_preco_comprar/468321
		Acessando URL do preço produto.
	Tempo Para buscar: 3547
Loja: Net Shoes
	URL Principal: http://www.netshoes.com.br/
	URL Busca: http://www.netshoes.com.br/search?Ntt=<BUSCA>
http://www.netshoes.com.br/search?Ntt=donkey+kong+country+returns
		Documento Lido
		Resultados: 10
		Nome do Produto: Chuteira Puma Momentta Country IT
			Igorando Pelo Filtro de Nome...
		Nome do Produto: Luva Kong Hands Pretorian
			Igorando Pelo Filtro de Nome...
		Nome do Produto: Mochila Puma Country
			Igorando Pelo Filtro de Nome...
		Nome do Produto: Tênis Diversão Country Franjas Infantil
			Igorando Pelo Filtro de Nome...
		Nome do Produto: Chuteira Puma Momentta Country IT
			Igorando Pelo Filtro de Nome...
		Nome do Produto: Bota Pink Cats Country c/ 2 Fivelas Infantil
			Igorando Pelo Filtro de Nome...
		Nome do Produto: Bota Pink Cats Country Corrente Infantil
			Igorando Pelo Filtro de Nome...
		Nome do Produto: Camiseta Adidas Country Lineage
			Igorando Pelo Filtro de Nome...
		Nome do Produto: Camiseta Adidas Country
			Igorando Pelo Filtro de Nome...
		Nome do Produto: Tricot Wrangler Com Capuz
			Igorando Pelo Filtro de Nome...
	Tempo Para buscar: 922
Loja: Ponto Frio
	URL Principal: http://www.pontofrio.com.br/
	URL Busca: http://search.pontofrio.com.br/search?w=<BUSCA>
http://search.pontofrio.com.br/search?w=donkey+kong+country+returns
		Documento Lido
		Resultados: 1
		Nome do Produto: Jogo Donkey Kong: Country Returns 3D - 3DS
http://search.pontofrio.com.br/search?p=R&srid=S3-USWSD02&lbc=pontofrio-br&w=donkey%20kong%20country%20returns&url=http%3a%2f%2fproduto.pontofrio.com.br%2f2088333%3f&rk=1&uid=193897541&sid=2&ts=custom&rsc=0-Ta4pExKoqHRj6y&method=and&isort=score&view=grid
		Nome do Produto: Jogo Donkey Kong: Country Returns 3D - 3DS
http://search.pontofrio.com.br/search?p=R&srid=S3-USWSD02&lbc=pontofrio-br&w=donkey%20kong%20country%20returns&url=http%3a%2f%2fproduto.pontofrio.com.br%2f5003839%3f&rk=2&uid=193897541&sid=2&ts=custom&rsc=9zUAwxI5YRFrP%3aeF&method=and&isort=score&view=grid
		Nome do Produto: Mario Kart 8 - Wii U
			Igorando Pelo Filtro de Nome...
		Nome do Produto: Jogo Donkey Kong: Country Returns 3D - 3DS
http://search.pontofrio.com.br/search?p=R&srid=S3-USWSD02&lbc=pontofrio-br&w=donkey%20kong%20country%20returns&url=http%3a%2f%2fproduto.pontofrio.com.br%2f2088333%3f&rk=1&uid=193897541&sid=2&ts=custom&rsc=0-Ta4pExKoqHRj6y&method=and&isort=score&view=grid
		Nome do Produto: Jogo Donkey Kong: Country Returns 3D - 3DS
http://search.pontofrio.com.br/search?p=R&srid=S3-USWSD02&lbc=pontofrio-br&w=donkey%20kong%20country%20returns&url=http%3a%2f%2fproduto.pontofrio.com.br%2f5003839%3f&rk=2&uid=193897541&sid=2&ts=custom&rsc=9zUAwxI5YRFrP%3aeF&method=and&isort=score&view=grid
		Nome do Produto: Mario Kart 8 - Wii U
			Igorando Pelo Filtro de Nome...
	Tempo Para buscar: 5573
Loja: Ricardo Eletro
	URL Principal: http://www.ricardoeletro.com.br/
	URL Busca: http://www.ricardoeletro.com.br/Busca/Resultado/?q=<BUSCA>
http://www.ricardoeletro.com.br/Busca/Resultado/?q=donkey+kong+country+returns
		Documento Lido
		Resultados: 0
	Tempo Para buscar: 908
Loja: RiHappy
	URL Principal: http://www.rihappy.com.br/
	URL Busca: http://www.rihappy.com.br/<BUSCA>
http://www.rihappy.com.br/donkey%20kong%20country%20returns
		Documento Lido
		Resultados: 0
	Tempo Para buscar: 894
Loja: Saraiva
	URL Principal: http://www.saraiva.com.br/
	URL Busca: http://busca.saraiva.com.br/search?w=<BUSCA>&PAC_ID=129457&ts=ajax
http://busca.saraiva.com.br/search?w=donkey+kong+country+returns&PAC_ID=129457&ts=ajax
		Documento Lido
		Resultados: 2
		Nome do Produto: Calculadora Cientifica HP 10s+
			Igorando Pelo Filtro de Nome...
		Nome do Produto: ENEM Coleção Completa - Edição 2015
			Igorando Pelo Filtro de Nome...
	Tempo Para buscar: 333
Loja: Shop Facil
	URL Principal: http://ww2.shopfacil.com.br/
	URL Busca: http://ww2.shopfacil.com.br/<BUSCA>
http://ww2.shopfacil.com.br/donkey%20kong%20country%20returns
		Documento Lido
		Resultados: 0
	Tempo Para buscar: 1800
Loja: Shop Time
	URL Principal: http://www.shoptime.com.br/
	URL Busca: http://busca.shoptime.com.br/busca.php?q=<BUSCA>
http://busca.shoptime.com.br/busca.php?q=donkey+kong+country+returns
		Documento Lido
		Resultados: 1
		Nome do Produto: Game Donkey Kong: Country Returns 3D - 3DS
http://www.shoptime.com.br/produto/113295757/game-donkey-kong-country-returns-3d-3ds
		Acessando URL do produto.
	Tempo Para buscar: 884
Loja: ShopB
	URL Principal: http://www.shopb.com.br/
	URL Busca: http://busca.shopb.com.br/?busca=<BUSCA>
http://busca.shopb.com.br/?busca=donkey+kong+country+returns
		Documento Lido
		Resultados: 31
		Nome do Produto: Donkey Kong: Country Returns 3D - 3DS
http://shopb.ecommercesearch.com.br/Busca/Redir?url=http%3a%2f%2fwww.shopb.com.br%2fecommerce_site%2findex.php%3fpg%3dproduto%26cdg%3d4488%26idp%3d39556%26idparceiro%3dp1&esid=39556
		Acessando URL do produto.
		Nome do Produto: 2 Baterias Recarregáveis para Controle XBOX 360 - Microsoft
			Igorando Pelo Filtro de Nome...
		Nome do Produto: Adidas miCoach - PS3
			Igorando Pelo Filtro de Nome...
		Nome do Produto: Alice: Madness Returns - PS3
			Igorando Pelo Filtro de Nome...
		Nome do Produto: Base Cooler em Alumínio para Notebook - Cool King
			Igorando Pelo Filtro de Nome...
		Nome do Produto: Bateria e Carregador para Controle XBOX 360 - Play n Charge Preta - Microsoft
			Igorando Pelo Filtro de Nome...
		Nome do Produto: Capa Protetora Faceplate p/ Controle XBOX ONE - Hyperkin
			Igorando Pelo Filtro de Nome...
		Nome do Produto: Capa Silicone Controle XBOX 360 Branco
			Igorando Pelo Filtro de Nome...
		Nome do Produto: Capa Silicone Controle XBOX 360 Verde
			Igorando Pelo Filtro de Nome...
		Nome do Produto: Capa de Silicone Azul p/ Dualshock 4 - Tomee
			Igorando Pelo Filtro de Nome...
		Nome do Produto: Capa de Silicone Branca p/ Dualshock 4 - Tomee
			Igorando Pelo Filtro de Nome...
		Nome do Produto: Carregador Duplo Power & Play Charging System para PS3 - Energizer
			Igorando Pelo Filtro de Nome...
		Nome do Produto: Carregador Quadruplo p/ Controles Wireless Charging Station - PS3
			Igorando Pelo Filtro de Nome...
		Nome do Produto: Carregador para Controles Playstation Move - Original Sony - PS3
			Igorando Pelo Filtro de Nome...
		Nome do Produto: Carregador para Controles Playstation Move - PS3
			Igorando Pelo Filtro de Nome...
		Nome do Produto: Case para Controle + Jogo Forza Motorsport 5 Completo - XBOX ONE
			Igorando Pelo Filtro de Nome...
		Nome do Produto: Case para Controle - XBOX ONE
			Igorando Pelo Filtro de Nome...
		Nome do Produto: Command & Conquer Kanes Wrath 3 - XBOX 360
			Igorando Pelo Filtro de Nome...
		Nome do Produto: Controle Arcade Atrox para XBOX 360 - Razer
			Igorando Pelo Filtro de Nome...
		Nome do Produto: Controle Flex Avaí - Com Fio - NEO
			Igorando Pelo Filtro de Nome...
		Nome do Produto: Controle Flex Fluminense - Com Fio - NEO
			Igorando Pelo Filtro de Nome...
		Nome do Produto: Controle Flex Santos - Com Fio - NEO
			Igorando Pelo Filtro de Nome...
		Nome do Produto: Controle Kolke c/ fio Dualshock 2 - PS2
			Igorando Pelo Filtro de Nome...
		Nome do Produto: Controle Motion Controller - Ps Move PS3 - Sony
			Igorando Pelo Filtro de Nome...
		Nome do Produto: Controle Playstation 3 - Wireless - Sem Fio - NEO
			Igorando Pelo Filtro de Nome...
		Nome do Produto: Controle Remoto Blu-Ray - PS3
			Igorando Pelo Filtro de Nome...
		Nome do Produto: Controle Remoto Multimídia - XBOX 360
			Igorando Pelo Filtro de Nome...
		Nome do Produto: Controle Tomb Raider Wireless - XBOX 360
			Igorando Pelo Filtro de Nome...
		Nome do Produto: Controle USB 2 em 1 Dual Shock Duplo PC e PS3
			Igorando Pelo Filtro de Nome...
		Nome do Produto: Controle Wii U Wireless - Pro Controller - Branco - Original
			Igorando Pelo Filtro de Nome...
		Nome do Produto: Controle Wireless Black Piano + Play n Charge para Controle - XBOX ONE
			Igorando Pelo Filtro de Nome...
	Tempo Para buscar: 1807
Loja: Submarino
	URL Principal: http://www.submarino.com.br/
	URL Busca: http://busca.submarino.com.br/busca.php?q=<BUSCA>
http://busca.submarino.com.br/busca.php?q=donkey+kong+country+returns
		Documento Lido
		Resultados: 2
		Nome do Produto: Game Donkey Kong: Country Returns 3D - 3DS
http://www.submarino.com.br/produto/113295757/game-donkey-kong-country-returns-3d-3ds
		Acessando URL do produto.
		Nome do Produto: Game Donkey Kong Country Returns - Wii
http://www.submarino.com.br/produto/109325888/game-donkey-kong-country-returns-wii
		Acessando URL do produto.
java.lang.NullPointerException
	at interfaces.search.SubmarinoSearch.readEachProduct(SubmarinoSearch.java:74)
	at interfaces.search.SubmarinoSearch.search(SubmarinoSearch.java:38)
	at objects.Shop.searchProduct(Shop.java:33)
	at Main.generateHtmlReport(Main.java:89)
	at Main.main(Main.java:58)
	Tempo Para buscar: 1999
Loja: Walmart
	URL Principal: http://www.walmart.com.br/
	URL Busca: http://www.walmart.com.br/busca/?ft=<BUSCA>&PS=20
http://www.walmart.com.br/busca/?ft=donkey+kong+country+returns&PS=20
		Documento Lido
		Resultados: 17
		Nome do Produto: Telefone Público Retro em Carvalho Country Wall Phone - Crosley
			Igorando Pelo Filtro de Nome...
		Nome do Produto: Jogo Lightning Returns: Final Fantasy XIII - Xbox 360
			Igorando Pelo Filtro de Nome...
		Nome do Produto: Jogo Lightning Returns: Final Fantasy XIII - PS3
			Igorando Pelo Filtro de Nome...
		Nome do Produto: Final Fantasy XIII-3: Lightning Returns - XBOX 360
			Igorando Pelo Filtro de Nome...
		Nome do Produto: Alice Madness Returns PS3
			Igorando Pelo Filtro de Nome...
		Nome do Produto: Bicicleta Track Bikes Aro 26, 27 Marchas, Suspensão Dianteira, Alumínio, Pedivela Tripla, Branco - Cross Country TK700
			Igorando Pelo Filtro de Nome...
		Nome do Produto: Bicicleta Track Bikes Aro 26, 27 Marchas, Suspensão Dianteira, Alumínio, Pedivela Tripla, Freios Shimano, Grafite - Cross Country TK700
			Igorando Pelo Filtro de Nome...
		Nome do Produto: Luva Pretorian Kong Hand Training, Boxe, Preta - LPTR
			Igorando Pelo Filtro de Nome...
		Nome do Produto: Bola de Futebol de Campo Country Inglaterra Puma 822120
			Igorando Pelo Filtro de Nome...
		Nome do Produto: Toalha de Mesa Country 150x150cm Vermelho
			Igorando Pelo Filtro de Nome...
		Nome do Produto: Capa de Almofada Country 40x40cm Preto
			Igorando Pelo Filtro de Nome...
		Nome do Produto: Toalha de Mesa Country 150x220cm Vermelho
			Igorando Pelo Filtro de Nome...
		Nome do Produto: Toalha de Mesa Country 150x150cm Preto
			Igorando Pelo Filtro de Nome...
		Nome do Produto: Mario Kart Boneco Donkey Kong Bike Kit 34 pçs Montar Personagem Jogo Corrida Nintendo - MLS8 BR041
			Igorando Pelo Filtro de Nome...
		Nome do Produto: Mario Kart Toad Kong Bike Kit 34 Peças Montar Boneco Personagem Jogo Corrida Nintendo - MLS8 BR041
			Igorando Pelo Filtro de Nome...
		Nome do Produto: Mario Kart Wario Kong Bike Kit 34 peças Montar Boneco Personagem Jogo Corrida Nintendo - MLS8 BR041
			Igorando Pelo Filtro de Nome...
		Nome do Produto: Mario Kart Diddy Kong Bike Kit 35pçs Montar Boneco Personagem Jogo Corrida Nintendo - MLS8 BR041
			Igorando Pelo Filtro de Nome...
	Tempo Para buscar: 1049

File copied from C:\java\workspace Estudo\lookforprices\resources\imports\css.css to C:\java\workspace Estudo\lookforprices\reports\2015-08-10 12\css.css
File copied from C:\java\workspace Estudo\lookforprices\resources\imports\jquery.js to C:\java\workspace Estudo\lookforprices\reports\2015-08-10 12\jquery.js
File copied from C:\java\workspace Estudo\lookforprices\resources\imports\scripts.js to C:\java\workspace Estudo\lookforprices\reports\2015-08-10 12\scripts.js
Tempo total de execução: 48788
