Game: Kingdom Hearts 3D
Product Name: Kingdom Hearts 3D
Loja: Nintendo eShop
	URL Principal: http://www.nintendo.com/3ds/eshop
	URL Busca: http://www.nintendo.com/json/content/get/game/filter?&qterm=<BUSCA>
NintendoEShopSearch.search() http://www.nintendo.com/json/content/get/game/filter?&qterm=Kingdom+Hearts+3D
		Documento Lido
		Resultados: 2
		Nome do Produto: Kingdom Hearts 3D [Dream Drop Distance]
http://www.nintendo.com/games/detail/lMsdY4sAuNaMvikXHPN53UOKQYL-5UM8
		Acessando URL do produto.
URL = http://www.nintendo.com/games/detail/lMsdY4sAuNaMvikXHPN53UOKQYL-5UM8
		Nome do Produto: Heroes of Mana
			Igorando Pelo Filtro de Nome...
	Tempo Para buscar: 1167
Loja: Americanas
	URL Principal: http://www.americanas.com.br/
	URL Busca: http://busca.americanas.com.br/busca.php?q=<BUSCA>
http://busca.americanas.com.br/busca.php?q=Kingdom+Hearts+3D
		Documento Lido
		Resultados: 10
		Nome do Produto: Game - Kingdom Hearts Hd 1.5 Remix - PS3
			Igorando Pelo Filtro de Nome...
		Nome do Produto: Jogo Kingdom Hearts Hd 2.5 Remix - Ps3
			Igorando Pelo Filtro de Nome...
		Nome do Produto: Kingdom Hearts 2.5 Limited Edition Ps3
			Igorando Pelo Filtro de Nome...
		Nome do Produto: Kingdom Hearts 1.5 Hd Remix Ps3
			Igorando Pelo Filtro de Nome...
		Nome do Produto: Kingdom Hearts 2.5 Hd Remix Ps3
			Igorando Pelo Filtro de Nome...
		Nome do Produto: Kingdom Hearts Hd 2.5 Remix - Ps3
			Igorando Pelo Filtro de Nome...
		Nome do Produto: Kingdom Hearts Hd 1.5 Remix - Ps3
			Igorando Pelo Filtro de Nome...
		Nome do Produto: Ds - Kingdom Hearts 358/2 Days
			Igorando Pelo Filtro de Nome...
		Nome do Produto: Ds - Kingdom Hearts 358/2 Days
			Igorando Pelo Filtro de Nome...
		Nome do Produto: Game - Kingdom Hearts HD 2.5 ReMIX - PS3
			Igorando Pelo Filtro de Nome...
	Tempo Para buscar: 478
Loja: Big Boy Games
	URL Principal: http://www.bigboygames.com.br/
	URL Busca: http://www.bigboygames.com.br/pesquisa/?p=<BUSCA>
http://www.bigboygames.com.br/pesquisa/?p=Kingdom+Hearts+3D
		Documento Lido
		Resultados*: 1
		Acessando URL do produto.
	Tempo Para buscar: 1363
Loja: Casas Bahia
	URL Principal: http://www.casasbahia.com.br/
	URL Busca: http://buscas.casasbahia.com.br/search?w=<BUSCA>
http://buscas.casasbahia.com.br/search?w=Kingdom+Hearts+3D
		Documento Lido
		Resultados: 2
		Nome do Produto: 
			Igorando Pelo Filtro de Nome...
		Nome do Produto: 
			Igorando Pelo Filtro de Nome...
		Nome do Produto: 
			Igorando Pelo Filtro de Nome...
		Nome do Produto: 
			Igorando Pelo Filtro de Nome...
		Nome do Produto: 
			Igorando Pelo Filtro de Nome...
		Nome do Produto: 
			Igorando Pelo Filtro de Nome...
		Nome do Produto: 
			Igorando Pelo Filtro de Nome...
		Nome do Produto: 
			Igorando Pelo Filtro de Nome...
		Nome do Produto: 
			Igorando Pelo Filtro de Nome...
		Nome do Produto: 
			Igorando Pelo Filtro de Nome...
		Nome do Produto: 
			Igorando Pelo Filtro de Nome...
	Tempo Para buscar: 2748
Loja: Extra
	URL Principal: http://www.extra.com.br/
	URL Busca: http://buscando.extra.com.br/search?w=<BUSCA>
http://buscando.extra.com.br/search?w=Kingdom+Hearts+3D
		Documento Lido
		Resultados: 1
		Nome do Produto: Jogo Kingdom Hearts 3D Dream Drop Distance - 3DS
http://buscando.extra.com.br/search?p=R&srid=S1-USESD01&lbc=extra&w=Kingdom%20Hearts%203D&url=http%3a%2f%2fproduto.extra.com.br%2f3380230%3f&rk=1&uid=19444259&sid=2&ts=custom&rsc=Cl6asNT%3aOcs0Tpah&method=and&isort=score&view=grid
		Acessando URL do produto.
	Tempo Para buscar: 2500
Loja: E-Virtua
	URL Principal: http://www.evirtua.com.br/
	URL Busca: http://www.evirtua.com.br/Busca?search_department_id=0&SearchTerm=<BUSCA>
http://www.evirtua.com.br/Busca?search_department_id=0&SearchTerm=Kingdom+Hearts+3D
		Documento Lido
		Resultados: 0
	Tempo Para buscar: 144
Loja: Fast Games
	URL Principal: http://www.fastgames.com.br/
	URL Busca: http://www.fastgames.com.br/loja/busca.php?loja=187970&palavra_busca=<BUSCA>
http://www.fastgames.com.br/loja/busca.php?loja=187970&palavra_busca=Kingdom+Hearts+3D
		Documento Lido
		Resultados: 0
	Tempo Para buscar: 354
Loja: Fast Shop
	URL Principal: http://www.fastshop.com.br/loja/
	URL Busca: http://www.fastshop.com.br/webapp/wcs/stores/servlet/SearchDisplay?searchTerm=<BUSCA>&categoryId=&storeId=10151&catalogId=11052&langId=-6&pageSize=9&beginIndex=0&sType=SimpleSearch&resultCatEntryType=2&showResultsPage=true&searchSource=Q&pageView=&hotsite=fastshop
http://www.fastshop.com.br/webapp/wcs/stores/servlet/SearchDisplay?searchTerm=Kingdom+Hearts+3D&categoryId=&storeId=10151&catalogId=11052&langId=-6&pageSize=9&beginIndex=0&sType=SimpleSearch&resultCatEntryType=2&showResultsPage=true&searchSource=Q&pageView=&hotsite=fastshop
		Documento Lido
		Resultados: 0
	Tempo Para buscar: 402
Loja: FNAC
	URL Principal: http://www.fnac.com.br/index.html
	URL Busca: http://busca.fnac.com.br/?busca=<BUSCA>
http://busca.fnac.com.br/?busca=Kingdom+Hearts+3D
		Documento Lido
		Resultados: 20
		Nome do Produto: Little Broken Hearts (2 CDs)
			Igorando Pelo Filtro de Nome...
		Nome do Produto: Sgt Pepper's Lonely Hearts Club Band
			Igorando Pelo Filtro de Nome...
		Nome do Produto: Nurse 3D (bluray 3D)
			Igorando Pelo Filtro de Nome...
		Nome do Produto: Contabilidade 3D
			Igorando Pelo Filtro de Nome...
		Nome do Produto: Camiseta Unissex The Beatles - Sgt - Pepper´s Club Band And The Lonely Hearts - P
			Igorando Pelo Filtro de Nome...
		Nome do Produto: Turbo (blu-ray 3D)
			Igorando Pelo Filtro de Nome...
		Nome do Produto: Autocad 2014 3D Avançado
			Igorando Pelo Filtro de Nome...
		Nome do Produto: Khumba (blu-ray 3D)
			Igorando Pelo Filtro de Nome...
		Nome do Produto: Carros (bluray 3D)
			Igorando Pelo Filtro de Nome...
		Nome do Produto: Furia de Titãs (bluray 3D)
			Igorando Pelo Filtro de Nome...
		Nome do Produto: Autocad 2014 - Modelando em 3D
			Igorando Pelo Filtro de Nome...
		Nome do Produto: Uma Aventura Lego (bluray 3D)
			Igorando Pelo Filtro de Nome...
		Nome do Produto: Autocad 2015 - Modelando em 3D
			Igorando Pelo Filtro de Nome...
		Nome do Produto: A Lenda de Beowulf (bluray 3D)
			Igorando Pelo Filtro de Nome...
		Nome do Produto: Piratas Pirados (blu-ray 3D)
			Igorando Pelo Filtro de Nome...
		Nome do Produto: Ta Chovendo Hamburger (bluray 3D)
			Igorando Pelo Filtro de Nome...
		Nome do Produto: Aviões (bluray 3D + Blu-ray)
			Igorando Pelo Filtro de Nome...
		Nome do Produto: Gravidade (bluray 3D) (2 Discos)
			Igorando Pelo Filtro de Nome...
		Nome do Produto: Noé (blu-ray + Bluray 3D)
			Igorando Pelo Filtro de Nome...
		Nome do Produto: Malévola (blu-ray + Bluray 3D)
			Igorando Pelo Filtro de Nome...
	Tempo Para buscar: 1099
Loja: Kabum
	URL Principal: http://www.kabum.com.br/
	URL Busca: http://www.kabum.com.br/cgi-local/site/listagem/listagem.cgi?string=<BUSCA>&btnG=
http://www.kabum.com.br/cgi-local/site/listagem/listagem.cgi?string=Kingdom+Hearts+3D&btnG=
		Documento Lido
		Resultados: 0
	Tempo Para buscar: 1216
Loja: Livraria Cultura
	URL Principal: http://www.livrariacultura.com.br/
	URL Busca: http://www.livrariacultura.com.br/busca?N=0&Ntt=<BUSCA>
http://www.livrariacultura.com.br/busca?N=0&Ntt=Kingdom+Hearts+3D
		Documento Lido
		Resultados: 48
		Nome do Produto: KINGDOM HEARTS - HD 1.5 REMIX (PS3)
			Igorando Pelo Filtro de Nome...
		Nome do Produto: SHIRO AMANO THE ARTWORK OF KINGDOM HEARTS
			Igorando Pelo Filtro de Nome...
		Nome do Produto: KINGDOM HEARTS: THE NOVEL
			Igorando Pelo Filtro de Nome...
		Nome do Produto: KINGDOM HEARTS 358/2 DAYS
			Igorando Pelo Filtro de Nome...
		Nome do Produto: STOUT HEARTS & WHIZZING BISCUITS
			Igorando Pelo Filtro de Nome...
		Nome do Produto: KINGDOM HEARTS - CHAIN OF MEMORIES, BD.2
			Igorando Pelo Filtro de Nome...
		Nome do Produto: KINGDOM HEARTS 2014
			Igorando Pelo Filtro de Nome...
		Nome do Produto: KINGDOM HEARTS II
			Igorando Pelo Filtro de Nome...
		Nome do Produto: KINGDOM HEARTS II
			Igorando Pelo Filtro de Nome...
		Nome do Produto: KINGDOM HEARTS: ULTIMATE FAN GUIDE
			Igorando Pelo Filtro de Nome...
		Nome do Produto: SORA (KINGDOM HEARTS)
			Igorando Pelo Filtro de Nome...
		Nome do Produto: KINGDOM HEARTS
			Igorando Pelo Filtro de Nome...
		Nome do Produto: KINGDOM HEARTS (VIDEO GAME)
			Igorando Pelo Filtro de Nome...
		Nome do Produto: PREPAK--KILALA V 1 AND KINGDOM HEARTS COM V 1
			Igorando Pelo Filtro de Nome...
		Nome do Produto: THE UNAUTHORIZED GUIDE TO KINGDOM HEARTS
			Igorando Pelo Filtro de Nome...
		Nome do Produto: GAME GUIDE FOR KINGDOM HEARTS 2 (UNOFFICIAL)
			Igorando Pelo Filtro de Nome...
		Nome do Produto: KINGDOM HEARTS - 358/2 DIAS - Nº03
			Igorando Pelo Filtro de Nome...
		Nome do Produto: KINGDOM HEARTS - 358/2 DIAS - Nº05
			Igorando Pelo Filtro de Nome...
		Nome do Produto: KINGDOM HEARTS - HD 2.5 REMIX (PS3)
			Igorando Pelo Filtro de Nome...
		Nome do Produto: KINGDOM HEARTS - 358/2 DIAS - Nº02
			Igorando Pelo Filtro de Nome...
		Nome do Produto: KINGDOM HEARTS - 358/2 DIAS - Nº04
			Igorando Pelo Filtro de Nome...
		Nome do Produto: KINGDOM HEARTS II - Nº08
			Igorando Pelo Filtro de Nome...
		Nome do Produto: KINGDOM HEARTS - 358/2 DIAS - Nº01
			Igorando Pelo Filtro de Nome...
		Nome do Produto: KINGDOM HEARTS II - Nº06
			Igorando Pelo Filtro de Nome...
		Nome do Produto: KINGDOM HEARTS II - Nº07
			Igorando Pelo Filtro de Nome...
		Nome do Produto: KINGDOM HEARTS II - Nº03
			Igorando Pelo Filtro de Nome...
		Nome do Produto: KINGDOM HEARTS II - Nº04
			Igorando Pelo Filtro de Nome...
		Nome do Produto: KINGDOM HEARTS II - Nº02
			Igorando Pelo Filtro de Nome...
		Nome do Produto: KINGDOM HEARTS II - Nº05
			Igorando Pelo Filtro de Nome...
		Nome do Produto: KINGDOM HEARTS TRADING CARD GAME BLISTER PACK
			Igorando Pelo Filtro de Nome...
		Nome do Produto: KINGDOM HEARTS II - Nº01
			Igorando Pelo Filtro de Nome...
		Nome do Produto: KINGDOM HEARTS - CHAIN OF MEMORIES - Nº01
			Igorando Pelo Filtro de Nome...
		Nome do Produto: KINGDOM HEARTS - DREAM DROP DISTANCE (3DS)
http://www.livrariacultura.com.br/p/kingdom-hearts-dream-drop-distance-3ds-30176701
		Acessando URL do produto.
		Nome do Produto: KINGDOM HEARTS - THE COMPLETE SERIES VOLS. 1-4
			Igorando Pelo Filtro de Nome...
		Nome do Produto: KINGDOM HEARTS 1
			Igorando Pelo Filtro de Nome...
		Nome do Produto: KINGDOM HEARTS 4
			Igorando Pelo Filtro de Nome...
		Nome do Produto: KINGDOM HEARTS HD 1.5 REMIX
			Igorando Pelo Filtro de Nome...
		Nome do Produto: KINGDOM HEARTS RE - CODED (DS)
			Igorando Pelo Filtro de Nome...
		Nome do Produto: KINGDOM HEARTS 3
			Igorando Pelo Filtro de Nome...
		Nome do Produto: KINGDOM HEARTS 2
			Igorando Pelo Filtro de Nome...
		Nome do Produto: KINGDOM HEARTS - CHAIN OF MEMORIES BOXED SET
			Igorando Pelo Filtro de Nome...
		Nome do Produto: KINGDOM HEARTS - MICKEY
			Igorando Pelo Filtro de Nome...
		Nome do Produto: KINGDOM HEARTS - BIRTH BY SLEEP, OFFICIAL STRATEGY
			Igorando Pelo Filtro de Nome...
		Nome do Produto: KINGDOM HEARTS - CHAIN OF MEMORIES V.2
			Igorando Pelo Filtro de Nome...
		Nome do Produto: KINGDOM HEARTS - CHAIN OF MEMORIES V.1
			Igorando Pelo Filtro de Nome...
		Nome do Produto: KINGDOM HEARTS 358/2 DAYS SIGNATURE SERIES GUIDE
			Igorando Pelo Filtro de Nome...
		Nome do Produto: KINGDOM HEARTS / O.S.T.
			Igorando Pelo Filtro de Nome...
		Nome do Produto: KINGDOM HEARTS
			Igorando Pelo Filtro de Nome...
	Tempo Para buscar: 1985
Loja: Magazine Luiza
	URL Principal: http://www.magazineluiza.com.br/
	URL Busca: http://www.magazineluiza.com.br/busca/<BUSCA>/
http://www.magazineluiza.com.br/busca/Kingdom+Hearts+3D/
		Documento Lido
		Resultados: 60
		Nome do Produto: Blu-ray 3D Samsung BD-F5500/ZD - Conexão HDMI USB e Dolby Digital Plus / TrueHD
			Igorando Pelo Filtro de Nome...
		Nome do Produto: Smart TV LED 3D 65" LG LB7200 Full HD - Conversor Integrado DTV 3 HDMI 3 USB 4 Óculos 3D
			Igorando Pelo Filtro de Nome...
		Nome do Produto: Smart TV LED 3D 47" LG 47LB6500 Full HD 1080p - Conversor Integrado DTV 3 HDMI 3 USB Wi-Fi WebOS
			Igorando Pelo Filtro de Nome...
		Nome do Produto: Smart TV LED 3D 50" LG LB6500 Full HD 1080p - Conv. Integrado 3 HDMI 3 USB Wi-Fi 4 Óculos WebOS
			Igorando Pelo Filtro de Nome...
		Nome do Produto: Smart TV LED 3D 55" LG 55LF6500 Full HD - Conversor Integrado 3 HDMI 3 USB Wi-Fi
			Igorando Pelo Filtro de Nome...
		Nome do Produto: Smart TV LED 3D 60" LG 60LF6500 Full HD - Conversor Integrado 3 HDMI 3 USB Wi-Fi 4 Óculos
			Igorando Pelo Filtro de Nome...
		Nome do Produto: Smart TV LED Curva 3D 48" Samsung UN48H8000AG - Full HD Conversor Integrado 4 HDMI 3 USB Wi-Fi
			Igorando Pelo Filtro de Nome...
		Nome do Produto: Smart TV LED Curva 3D 78" Samsung HU9000 Ultra HD - Conversor Integrado 4 HDMI 3 USB Wi-Fi
			Igorando Pelo Filtro de Nome...
		Nome do Produto: Smart TV LED 3D 60" LG 60LB6500 Full HD 1080p - Conversor Integrado DTV 3 HDMI 3 USB Wi-Fi WebOS
			Igorando Pelo Filtro de Nome...
		Nome do Produto: Smart TV LED 3D 55" LG 55LB6500 Full HD 1080p - Conversor Integrado DTV 3 HDMI 3 USB Wi-Fi WebOS
			Igorando Pelo Filtro de Nome...
		Nome do Produto: Smart TV LED 3D 70" LG LB7200 Full HD - Conversor Integrado 3 HDMI 3 USB Wi-Fi 4 Óculos
			Igorando Pelo Filtro de Nome...
		Nome do Produto: Smart TV OLED 3D 55" LG 55EC9300 Full HD - Conversor Integrado 4 HDMI 3 USB Wi-Fi 4 Óculos
			Igorando Pelo Filtro de Nome...
		Nome do Produto: Smart TV OLED Curva 3D 55" EA9850 Full HD - Conversor Integrado 4 HDMI 3 USB Wi-Fi 4 Óculos
			Igorando Pelo Filtro de Nome...
		Nome do Produto: Smart TV LED 3D 42" LG 42LF6500 Full HD - Conversor Integrado 3 HDMI 3 USB Wi-Fi 4 Óculos
			Igorando Pelo Filtro de Nome...
		Nome do Produto: Smart TV LED 4K Ultra HD 55" Semp Toshiba 55L7400 - Ultra HD Conversor Integrado 3 HDMI 2 USB
			Igorando Pelo Filtro de Nome...
		Nome do Produto: Smart TV LED Curva 3D 55" Samsung UN55H8000 - Full HD Conv Integrado 4 HDMI 3 USB Wi-Fi 2 Óculos
			Igorando Pelo Filtro de Nome...
		Nome do Produto: Smart TV LED 4K Ultra HD 3D 79" LG UB9800 - Conversor Integrado 4 HDMI 3 USB Wi-Fi 4 Óculos
			Igorando Pelo Filtro de Nome...
		Nome do Produto: Smart TV LED 4k Ultra HD 3D 84" LG UB9800 - Conversor Integrado 4 HDMI 3 USB Wi-Fi 4 Óculos
			Igorando Pelo Filtro de Nome...
		Nome do Produto: Smart TV LED 4k Ultra HD 3D 49" LG 49UB8300 - Conv. Integrado 3 HDMI 3 USB Wi-Fi 4 Óculos
			Igorando Pelo Filtro de Nome...
		Nome do Produto: Smart TV LED 4K Ultra HD 3D 65" LG 65UB9500 - Conversor Integrado 4 HDMI 3 USB Wi-Fi 4 Óculos
			Igorando Pelo Filtro de Nome...
		Nome do Produto: Smart TV LED 4k Ultra HD 3D 55" LG 55UB8300 - Conversor Integrado 3 HDMI 3 USB Wi-Fi 4 Óculos
			Igorando Pelo Filtro de Nome...
		Nome do Produto: Smart TV LED 3D 49" LG 49LF6400 Full HD - Conversor Integrado 3 HDMI 3 USB 4 Óculos
			Igorando Pelo Filtro de Nome...
		Nome do Produto: Smart TV LED Ultra HD 3D 79" LG 79UG8800 - Conversor Integrado 4 HDMI 3 USB 4 Óculos
			Igorando Pelo Filtro de Nome...
		Nome do Produto: Smart TV LED 4k Ultra HD 3D 49" LG 49UB8550 WebOS - Conversor Integrado 4 HDMI 3 USB Wi-Fi 4 Óculos
			Igorando Pelo Filtro de Nome...
		Nome do Produto: Smart TV LED Ultra HD 3D 65" Semp Toshiba 65L8400 - Conversor Integrado 3 HDMI 2 USB Wi-Fi
			Igorando Pelo Filtro de Nome...
		Nome do Produto: Smart TV LED 4k Ultra HD 3D 55" LG UB8500 - Conv. Integrado 4 HDMI 3 USB Wi-Fi 4 Óculos WebOS
			Igorando Pelo Filtro de Nome...
		Nome do Produto: Smart TV LED 4k Ultra HD 3D 65" LG 65UC9700 - Conversor Integrado 4 HDMI 3 USB Wi-Fi 4 Óculos
			Igorando Pelo Filtro de Nome...
		Nome do Produto: Smart TV Gamer LED 3D 48" UN48J6400AGXZD - Full HD 4 HDMI 2 USB 2 Óculos
			Igorando Pelo Filtro de Nome...
		Nome do Produto: Smart TV LED 3D 70" Sony KDL70W855B Full HD - Conversor Integrado 4 HDMI 2 USB Wi-Fi 2 Óculos
			Igorando Pelo Filtro de Nome...
		Nome do Produto: Smart TV Gamer Nano Cristal 4k Ultra HD 3D 55" - Samsung UN55JS9000GX 4 HDMI 4 USB Wi-Fi
			Igorando Pelo Filtro de Nome...
		Nome do Produto: Smart TV LED 4K Ultra HD 3D 65" LG 65UF9500 - Conversor Integrado 4 HDMI 1 USB Wi-Fi 4 Óculos
			Igorando Pelo Filtro de Nome...
		Nome do Produto: Smart TV LED 3D 65" Sony XBR-65X855C Ultra HD 4K - 4 HDMI 3 USB Wi-Fi 1 Óculos
			Igorando Pelo Filtro de Nome...
		Nome do Produto: Smart TV LED Ultra HD 3D 85" Samsung UN85HU8500GX - Conversor Integrado 4 HDMI 3 USB Wi-Fi
			Igorando Pelo Filtro de Nome...
		Nome do Produto: Smart TV LED 4k Ultra HD 3D 55" LG UF8500 - Conversor Integrado 3 HDMI 3 USB Wi-Fi 4 Óculos
			Igorando Pelo Filtro de Nome...
		Nome do Produto: Smart TV LED 4k Ultra HD 3D 65" LG UF8500 - Conversor Integrado 3 HDMI 3 USB Wi-Fi 4 Óculos
			Igorando Pelo Filtro de Nome...
		Nome do Produto: Smart TV LED Ultra HD 3D 65" Samsung UN65HU8500 - Conversor Integrado 4 HDMI 3 USB Wi-Fi
			Igorando Pelo Filtro de Nome...
		Nome do Produto: Smart TV LED Curva 4K Ultra HD 3D 55" LG 55UG8700 - Conversor Integrado 4 HDMI 3 USB Wi-Fi
			Igorando Pelo Filtro de Nome...
		Nome do Produto: Smart TV LED Curva 4k Ultra HD 3D 65" LG 65UG8700 - Conversor Integrado 4 HDMI 3 USB Wi-Fi 4 Óculos
			Igorando Pelo Filtro de Nome...
		Nome do Produto: Smart TV LED 4K Ultra HD 3D 84" LG 84LA9800 - Conversor Integrado DTV 3 HDMI 3 USB Wi-Fi
			Igorando Pelo Filtro de Nome...
		Nome do Produto: Smart TV LED 4K Ultra HD 3D 55" Sony XBR-55X855C - Conversor Integrado 4 HDMI 3 USB Wi-Fi Android TV
			Igorando Pelo Filtro de Nome...
		Nome do Produto: Smart TV LED 4K Ultra HD 55" LG UB8200 - Conversor Integrado 3 HDMI 3 USB Wi-Fi
			Igorando Pelo Filtro de Nome...
		Nome do Produto: Smart TV LED 4k Ultra HD 43" LG UF7700 - Conversor Integrado DTV 3 HDMI 3 USB
			Igorando Pelo Filtro de Nome...
		Nome do Produto: Smart TV LED 55" Samsung UN55H6103 Full HD - Conversor Integrado 2 HDMI 2 USB Wi-Fi
			Igorando Pelo Filtro de Nome...
		Nome do Produto: Smart TV Gamer LED 4k Ultra HD 48" Samsung - UN48JU6500GXZD 4 HDMI 3 USB Wi-Fi
			Igorando Pelo Filtro de Nome...
		Nome do Produto: Óculos 3D Passivo LG AG-F210 - Compatível com TV LG 3D Passivo
			Igorando Pelo Filtro de Nome...
		Nome do Produto: Arnold 3D 300g Frutas - Arnold Nutrition
			Igorando Pelo Filtro de Nome...
		Nome do Produto: Termogênico Lipo 3D 60 Cápsulas - Nutrilatina
			Igorando Pelo Filtro de Nome...
		Nome do Produto: Mini System Sony Leitor de DVD Função Karaokê - Dj Effect com USB MP3 e Bluetooth Shake X-3D
			Igorando Pelo Filtro de Nome...
		Nome do Produto: Mini System Sony Leitor de DVD Função Karaokê - Dj Effect com USB MP3 e Bluetooth MHC-GT3D
			Igorando Pelo Filtro de Nome...
		Nome do Produto: Body 3D Pré-Workout Pré-Treino 270g - Guaraná com Açaí - Body Nutry
			Igorando Pelo Filtro de Nome...
		Nome do Produto: iPhone 6 Apple 16GB 4G iOS 8 Tela 4.7" Câm. 8MP - Proc. A8 Touch ID Wi-Fi GPS NFC Dourado
			Igorando Pelo Filtro de Nome...
		Nome do Produto: Fone de Ouvido Earbud - Chilli Beans Skull Beans
			Igorando Pelo Filtro de Nome...
		Nome do Produto: Dark Souls II: Scholar of the First Sin para PS3 - Namco Bandai
			Igorando Pelo Filtro de Nome...
		Nome do Produto: Geladeira/Refrigerador Panasonic Frost Free - Inverse 432L French Door e Painel Digital D513
			Igorando Pelo Filtro de Nome...
		Nome do Produto: Shirley May Pure Heart - Perfume Feminino Eau de Toilette 100ml
			Igorando Pelo Filtro de Nome...
		Nome do Produto: Pré-Treino Arnold 3D 120 Tabletes - Arnold Nutrition
			Igorando Pelo Filtro de Nome...
		Nome do Produto: Shirley May Sweet Heart - Perfume Feminino Eau de Toilette 100ml
			Igorando Pelo Filtro de Nome...
		Nome do Produto: Shirley May Golden Heart Perfume Feminino - Eau de Toilette 100ml
			Igorando Pelo Filtro de Nome...
		Nome do Produto: Starcraft 2: Heart of the Swarm para PC - EA
			Igorando Pelo Filtro de Nome...
		Nome do Produto: Persiana PVC Horizontal 1,00x2,20m - Evolux
			Igorando Pelo Filtro de Nome...
	Tempo Para buscar: 1278
Loja: Mula Games
	URL Principal: http://www.mulagames.com.br/
	URL Busca: http://www.mulagames.com.br/produtos-index/catalogo_produtos/-/-/<BUSCA>/-/-/-/-/-/
http://www.mulagames.com.br/produtos-index/catalogo_produtos/-/-/Kingdom%20Hearts%203D/-/-/-/-/-/
		Documento Lido
		Resultados: 1
		Nome do Produto: Kingdom Hearts 3D: Dream Drop Distance - 3DS
http://www.mulagames.com.br/Kingdom-Hearts-3D--Dream-Drop-Distance-3DS/prod-598700/
		Acessando URL do produto.
http://www.mulagames.com.br/produto-ajax_retorna_dados_preco_comprar/598700
		Acessando URL do preço produto.
	Tempo Para buscar: 2244
Loja: Net Shoes
	URL Principal: http://www.netshoes.com.br/
	URL Busca: http://www.netshoes.com.br/search?Ntt=<BUSCA>
http://www.netshoes.com.br/search?Ntt=Kingdom+Hearts+3D
		Documento Lido
		Resultados: 40
		Nome do Produto: Pedômetro Wiso Ultra Slim 3D Sensor Mod. PW 15
			Igorando Pelo Filtro de Nome...
		Nome do Produto: Lipo 3D 6 Oleos Newpharma 60 Cáps - Nutrilatina
			Igorando Pelo Filtro de Nome...
		Nome do Produto: Pedômetro Wiso Ultra Slim 3D Sensor Mod. PW 15
			Igorando Pelo Filtro de Nome...
		Nome do Produto: Estádio Arena da Gávea Flamengo - Maquete em 3D p/ Montar
			Igorando Pelo Filtro de Nome...
		Nome do Produto: RedWay 3D 300 g - Midway
			Igorando Pelo Filtro de Nome...
		Nome do Produto: Estádio Laranjeiras Fluminense - Maquete em 3D para montar
			Igorando Pelo Filtro de Nome...
		Nome do Produto: Pack 3D 300 g - Atlhetica Nutrition
			Igorando Pelo Filtro de Nome...
		Nome do Produto: Sandália Crocs Genna 2 Hearts Flat Infantil
			Igorando Pelo Filtro de Nome...
		Nome do Produto: Thermo Abdomen 3D 480 ml - Body Action
			Igorando Pelo Filtro de Nome...
		Nome do Produto: Touca Adidas Silicone 3D
			Igorando Pelo Filtro de Nome...
		Nome do Produto: Bota Salomon Xa Pro 3D Mid LTR Goretex
			Igorando Pelo Filtro de Nome...
		Nome do Produto: Xpand 3D Foods - BR Nutrition Foods
			Igorando Pelo Filtro de Nome...
		Nome do Produto: Arnold 3D - 120 Tabs - Arnold Nutrition
			Igorando Pelo Filtro de Nome...
		Nome do Produto: Tênis Salomon XA Pro 3D
			Igorando Pelo Filtro de Nome...
		Nome do Produto: Tênis Salomon XA Pro 3D
			Igorando Pelo Filtro de Nome...
		Nome do Produto: Tênis Salomon XA Pro 3D
			Igorando Pelo Filtro de Nome...
		Nome do Produto: Tênis Salomon XA Pro 3D
			Igorando Pelo Filtro de Nome...
		Nome do Produto: Adaptador 3D Hero System GoPro
			Igorando Pelo Filtro de Nome...
		Nome do Produto: Tênis Salomon XA Pro 3D
			Igorando Pelo Filtro de Nome...
		Nome do Produto: Tênis Salomon XA Pro 3D
			Igorando Pelo Filtro de Nome...
		Nome do Produto: Lipo 3D 6 Oleos Clinical 30 Cáps - Nutrilatina
			Igorando Pelo Filtro de Nome...
		Nome do Produto: Sandália Crocs Genna 2 Hearts Flat Infantil
			Igorando Pelo Filtro de Nome...
		Nome do Produto: Sandália Crocs Genna 2 Hearts Flat Infantil
			Igorando Pelo Filtro de Nome...
		Nome do Produto: Tênis Salomon XA Pro 3D
			Igorando Pelo Filtro de Nome...
		Nome do Produto: Sandália Crocs Genna 2 Hearts Flat Infantil
			Igorando Pelo Filtro de Nome...
		Nome do Produto: Sandália Crocs Airy Hearts Flat OS Infantil
			Igorando Pelo Filtro de Nome...
		Nome do Produto: Bermuda Nike Elite 3D
			Igorando Pelo Filtro de Nome...
		Nome do Produto: Camisa Penalty Santa Cruz III 2015 nº 10
			Igorando Pelo Filtro de Nome...
		Nome do Produto: Camisa Umbro Vasco III 2015 s/nº
			Igorando Pelo Filtro de Nome...
		Nome do Produto: Camisa Polo Olympikus Cruzeiro Viagem 2014
			Igorando Pelo Filtro de Nome...
		Nome do Produto: Camisa Penalty Santa Cruz III 2015 nº 10 - Juvenil
			Igorando Pelo Filtro de Nome...
		Nome do Produto: Camisa Umbro Vasco III 2015 nº 10 Infantil
			Igorando Pelo Filtro de Nome...
		Nome do Produto: Camisa Feminina Penalty Santa Cruz III 2015 nº 10
			Igorando Pelo Filtro de Nome...
		Nome do Produto: Camisa Feminina Super Bolla Sampaio Corrêa II 2013 nº 10
			Igorando Pelo Filtro de Nome...
		Nome do Produto: Tênis Reebok Dance Urtempo Mid 2.0
			Igorando Pelo Filtro de Nome...
		Nome do Produto: Bota Salomon Conquest Gtx
			Igorando Pelo Filtro de Nome...
		Nome do Produto: Bota Salomon Conquest Gtx
			Igorando Pelo Filtro de Nome...
		Nome do Produto: Tênis Reebok Dance Urtempo Mid 2.0
			Igorando Pelo Filtro de Nome...
		Nome do Produto: Bota Salomon Conquest Gtx
			Igorando Pelo Filtro de Nome...
		Nome do Produto: Tênis Rainha Seul
			Igorando Pelo Filtro de Nome...
	Tempo Para buscar: 413
Loja: Ponto Frio
	URL Principal: http://www.pontofrio.com.br/
	URL Busca: http://search.pontofrio.com.br/search?w=<BUSCA>
http://search.pontofrio.com.br/search?w=Kingdom+Hearts+3D
		Documento Lido
		Resultados: 2
		Nome do Produto: 
			Igorando Pelo Filtro de Nome...
		Nome do Produto: 
			Igorando Pelo Filtro de Nome...
		Nome do Produto: 
			Igorando Pelo Filtro de Nome...
		Nome do Produto: 
			Igorando Pelo Filtro de Nome...
		Nome do Produto: 
			Igorando Pelo Filtro de Nome...
		Nome do Produto: 
			Igorando Pelo Filtro de Nome...
		Nome do Produto: 
			Igorando Pelo Filtro de Nome...
		Nome do Produto: 
			Igorando Pelo Filtro de Nome...
		Nome do Produto: 
			Igorando Pelo Filtro de Nome...
		Nome do Produto: 
			Igorando Pelo Filtro de Nome...
		Nome do Produto: 
			Igorando Pelo Filtro de Nome...
		Nome do Produto: 
			Igorando Pelo Filtro de Nome...
		Nome do Produto: 
			Igorando Pelo Filtro de Nome...
		Nome do Produto: 
			Igorando Pelo Filtro de Nome...
		Nome do Produto: 
			Igorando Pelo Filtro de Nome...
		Nome do Produto: 
			Igorando Pelo Filtro de Nome...
		Nome do Produto: 
			Igorando Pelo Filtro de Nome...
		Nome do Produto: 
			Igorando Pelo Filtro de Nome...
		Nome do Produto: 
			Igorando Pelo Filtro de Nome...
		Nome do Produto: 
			Igorando Pelo Filtro de Nome...
		Nome do Produto: 
			Igorando Pelo Filtro de Nome...
		Nome do Produto: 
			Igorando Pelo Filtro de Nome...
	Tempo Para buscar: 2672
Loja: Ricardo Eletro
	URL Principal: http://www.ricardoeletro.com.br/
	URL Busca: http://www.ricardoeletro.com.br/Busca/Resultado/?q=<BUSCA>
http://www.ricardoeletro.com.br/Busca/Resultado/?q=Kingdom+Hearts+3D
		Documento Lido
		Resultados: 0
	Tempo Para buscar: 907
Loja: RiHappy
	URL Principal: http://www.rihappy.com.br/
	URL Busca: http://www.rihappy.com.br/<BUSCA>
http://www.rihappy.com.br/Kingdom%20Hearts%203D
		Documento Lido
		Resultados: 0
	Tempo Para buscar: 848
Loja: Saraiva
	URL Principal: http://www.saraiva.com.br/
	URL Busca: http://busca.saraiva.com.br/search?w=<BUSCA>&PAC_ID=129457&ts=ajax
http://busca.saraiva.com.br/search?w=Kingdom+Hearts+3D&PAC_ID=129457&ts=ajax
		Documento Lido
		Resultados: 2
		Nome do Produto: Calculadora Cientifica HP 10s+
			Igorando Pelo Filtro de Nome...
		Nome do Produto: ENEM Coleção Completa - Edição 2015
			Igorando Pelo Filtro de Nome...
	Tempo Para buscar: 135
Loja: Shop Facil
	URL Principal: http://ww2.shopfacil.com.br/
	URL Busca: http://ww2.shopfacil.com.br/<BUSCA>
http://ww2.shopfacil.com.br/Kingdom%20Hearts%203D
		Documento Lido
		Resultados: 0
	Tempo Para buscar: 1785
Loja: Shop Time
	URL Principal: http://www.shoptime.com.br/
	URL Busca: http://busca.shoptime.com.br/busca.php?q=<BUSCA>
http://busca.shoptime.com.br/busca.php?q=Kingdom+Hearts+3D
		Documento Lido
		Resultados: 10
		Nome do Produto: Game - Kingdom Hearts Hd 1.5 Remix - PS3 Jogo Kingdom Hearts Hd 2.5 Remix - Ps3 Kingdom Hearts Hd 2.5 Remix - Ps3 Kingdom Hearts Hd 1.5 Remix - Ps3 Kingdom Hearts 1.5 Hd Remix Ps3 Kingdom Hearts 2.5 Hd Remix Ps3 Ds - Kingdom Hearts 358/2 Days Kingdom Hearts 2.5 Limited Edition Ps3 Kingdom Hearts Re: Chain of Memories - PS2 Game - Kingdom Hearts HD 2.5 ReMIX - PS3
			Igorando Pelo Filtro de Nome...
		Nome do Produto: Game - Kingdom Hearts Hd 1.5 Remix - PS3 Jogo Kingdom Hearts Hd 2.5 Remix - Ps3 Kingdom Hearts Hd 2.5 Remix - Ps3 Kingdom Hearts Hd 1.5 Remix - Ps3 Kingdom Hearts 1.5 Hd Remix Ps3 Kingdom Hearts 2.5 Hd Remix Ps3 Ds - Kingdom Hearts 358/2 Days Kingdom Hearts 2.5 Limited Edition Ps3 Kingdom Hearts Re: Chain of Memories - PS2 Game - Kingdom Hearts HD 2.5 ReMIX - PS3
			Igorando Pelo Filtro de Nome...
		Nome do Produto: Game - Kingdom Hearts Hd 1.5 Remix - PS3 Jogo Kingdom Hearts Hd 2.5 Remix - Ps3 Kingdom Hearts Hd 2.5 Remix - Ps3 Kingdom Hearts Hd 1.5 Remix - Ps3 Kingdom Hearts 1.5 Hd Remix Ps3 Kingdom Hearts 2.5 Hd Remix Ps3 Ds - Kingdom Hearts 358/2 Days Kingdom Hearts 2.5 Limited Edition Ps3 Kingdom Hearts Re: Chain of Memories - PS2 Game - Kingdom Hearts HD 2.5 ReMIX - PS3
			Igorando Pelo Filtro de Nome...
		Nome do Produto: Game - Kingdom Hearts Hd 1.5 Remix - PS3 Jogo Kingdom Hearts Hd 2.5 Remix - Ps3 Kingdom Hearts Hd 2.5 Remix - Ps3 Kingdom Hearts Hd 1.5 Remix - Ps3 Kingdom Hearts 1.5 Hd Remix Ps3 Kingdom Hearts 2.5 Hd Remix Ps3 Ds - Kingdom Hearts 358/2 Days Kingdom Hearts 2.5 Limited Edition Ps3 Kingdom Hearts Re: Chain of Memories - PS2 Game - Kingdom Hearts HD 2.5 ReMIX - PS3
			Igorando Pelo Filtro de Nome...
		Nome do Produto: Game - Kingdom Hearts Hd 1.5 Remix - PS3 Jogo Kingdom Hearts Hd 2.5 Remix - Ps3 Kingdom Hearts Hd 2.5 Remix - Ps3 Kingdom Hearts Hd 1.5 Remix - Ps3 Kingdom Hearts 1.5 Hd Remix Ps3 Kingdom Hearts 2.5 Hd Remix Ps3 Ds - Kingdom Hearts 358/2 Days Kingdom Hearts 2.5 Limited Edition Ps3 Kingdom Hearts Re: Chain of Memories - PS2 Game - Kingdom Hearts HD 2.5 ReMIX - PS3
			Igorando Pelo Filtro de Nome...
		Nome do Produto: Game - Kingdom Hearts Hd 1.5 Remix - PS3 Jogo Kingdom Hearts Hd 2.5 Remix - Ps3 Kingdom Hearts Hd 2.5 Remix - Ps3 Kingdom Hearts Hd 1.5 Remix - Ps3 Kingdom Hearts 1.5 Hd Remix Ps3 Kingdom Hearts 2.5 Hd Remix Ps3 Ds - Kingdom Hearts 358/2 Days Kingdom Hearts 2.5 Limited Edition Ps3 Kingdom Hearts Re: Chain of Memories - PS2 Game - Kingdom Hearts HD 2.5 ReMIX - PS3
			Igorando Pelo Filtro de Nome...
		Nome do Produto: Game - Kingdom Hearts Hd 1.5 Remix - PS3 Jogo Kingdom Hearts Hd 2.5 Remix - Ps3 Kingdom Hearts Hd 2.5 Remix - Ps3 Kingdom Hearts Hd 1.5 Remix - Ps3 Kingdom Hearts 1.5 Hd Remix Ps3 Kingdom Hearts 2.5 Hd Remix Ps3 Ds - Kingdom Hearts 358/2 Days Kingdom Hearts 2.5 Limited Edition Ps3 Kingdom Hearts Re: Chain of Memories - PS2 Game - Kingdom Hearts HD 2.5 ReMIX - PS3
			Igorando Pelo Filtro de Nome...
		Nome do Produto: Game - Kingdom Hearts Hd 1.5 Remix - PS3 Jogo Kingdom Hearts Hd 2.5 Remix - Ps3 Kingdom Hearts Hd 2.5 Remix - Ps3 Kingdom Hearts Hd 1.5 Remix - Ps3 Kingdom Hearts 1.5 Hd Remix Ps3 Kingdom Hearts 2.5 Hd Remix Ps3 Ds - Kingdom Hearts 358/2 Days Kingdom Hearts 2.5 Limited Edition Ps3 Kingdom Hearts Re: Chain of Memories - PS2 Game - Kingdom Hearts HD 2.5 ReMIX - PS3
			Igorando Pelo Filtro de Nome...
		Nome do Produto: Game - Kingdom Hearts Hd 1.5 Remix - PS3 Jogo Kingdom Hearts Hd 2.5 Remix - Ps3 Kingdom Hearts Hd 2.5 Remix - Ps3 Kingdom Hearts Hd 1.5 Remix - Ps3 Kingdom Hearts 1.5 Hd Remix Ps3 Kingdom Hearts 2.5 Hd Remix Ps3 Ds - Kingdom Hearts 358/2 Days Kingdom Hearts 2.5 Limited Edition Ps3 Kingdom Hearts Re: Chain of Memories - PS2 Game - Kingdom Hearts HD 2.5 ReMIX - PS3
			Igorando Pelo Filtro de Nome...
		Nome do Produto: Game - Kingdom Hearts Hd 1.5 Remix - PS3 Jogo Kingdom Hearts Hd 2.5 Remix - Ps3 Kingdom Hearts Hd 2.5 Remix - Ps3 Kingdom Hearts Hd 1.5 Remix - Ps3 Kingdom Hearts 1.5 Hd Remix Ps3 Kingdom Hearts 2.5 Hd Remix Ps3 Ds - Kingdom Hearts 358/2 Days Kingdom Hearts 2.5 Limited Edition Ps3 Kingdom Hearts Re: Chain of Memories - PS2 Game - Kingdom Hearts HD 2.5 ReMIX - PS3
			Igorando Pelo Filtro de Nome...
	Tempo Para buscar: 292
Loja: ShopB
	URL Principal: http://www.shopb.com.br/
	URL Busca: http://busca.shopb.com.br/?busca=<BUSCA>
http://busca.shopb.com.br/?busca=Kingdom+Hearts+3D
		Documento Lido
		Resultados: 31
		Nome do Produto: Kingdom Hearts 3D - 3DS
http://shopb.ecommercesearch.com.br/Busca/Redir?url=http%3a%2f%2fwww.shopb.com.br%2fecommerce_site%2findex.php%3fpg%3dproduto%26cdg%3d4488%26idp%3d40576%26idparceiro%3dp1&esid=40576
		Acessando URL do produto.
		Nome do Produto: 3D Dot Game Heroes - PS3
			Igorando Pelo Filtro de Nome...
		Nome do Produto: Adrenalin Misfits (Requer Kinect) - XBOX 360
			Igorando Pelo Filtro de Nome...
		Nome do Produto: Adventure Time: The Secret of the Nameless Kingdom - 3DS
			Igorando Pelo Filtro de Nome...
		Nome do Produto: Batman Arkham Asylum 3D - XBOX 360
			Igorando Pelo Filtro de Nome...
		Nome do Produto: Batman Arkham Asylum Game of The Year Edition - PS3
			Igorando Pelo Filtro de Nome...
		Nome do Produto: Batman: Arkham Knight - PS4
			Igorando Pelo Filtro de Nome...
		Nome do Produto: Batman: Arkham Knight - PS4 - Americano
			Igorando Pelo Filtro de Nome...
		Nome do Produto: Batman: Arkham Knight - XBOX ONE
			Igorando Pelo Filtro de Nome...
		Nome do Produto: Body and Brain Connection (Compatível com Kinect) - XBOX 360
			Igorando Pelo Filtro de Nome...
		Nome do Produto: Brunswick Pro Bowling (Compatível com Kinect) - XBOX 360
			Igorando Pelo Filtro de Nome...
		Nome do Produto: Cabo / Fonte - Kinect
			Igorando Pelo Filtro de Nome...
		Nome do Produto: Cabo HDMI 2 metros 1.4v 1080p aceita imagem 3D
			Igorando Pelo Filtro de Nome...
		Nome do Produto: Cabo HDMI 5 metros 1.4v 1080p aceita imagem 3D
			Igorando Pelo Filtro de Nome...
		Nome do Produto: Cartão de Memória Micro SD - 16 GB - Kingston
			Igorando Pelo Filtro de Nome...
		Nome do Produto: Cartão de Memória Micro SD - 8 GB - Kingston
			Igorando Pelo Filtro de Nome...
		Nome do Produto: Console XBOX One 500Gb com Kinect + Controle Wireless
			Igorando Pelo Filtro de Nome...
		Nome do Produto: Dance Central 3 - XBOX 360
			Igorando Pelo Filtro de Nome...
		Nome do Produto: Donkey Kong: Country Returns 3D - 3DS
			Igorando Pelo Filtro de Nome...
		Nome do Produto: Fable The Journey (Requer Kinect) - XBOX 360
			Igorando Pelo Filtro de Nome...
		Nome do Produto: Fantastic Pets - XBOX 360 [Requer Kinect]
			Igorando Pelo Filtro de Nome...
		Nome do Produto: Fighters Uncaged - XBOX 360 [Requer Kinect]
			Igorando Pelo Filtro de Nome...
		Nome do Produto: God of War: Origins Collection - PS3
			Igorando Pelo Filtro de Nome...
		Nome do Produto: Harry Potter for Kinect - XBOX 360
			Igorando Pelo Filtro de Nome...
		Nome do Produto: Harvest Moon: The Lost Valley 3D - 3DS
			Igorando Pelo Filtro de Nome...
		Nome do Produto: Just Dance Disney Party [Requer Kinect] - XBOX 360
			Igorando Pelo Filtro de Nome...
		Nome do Produto: Kinect Adventures - XBOX 360
			Igorando Pelo Filtro de Nome...
		Nome do Produto: Kinect Adventures - XBOX 360 - Capa Dura
			Igorando Pelo Filtro de Nome...
		Nome do Produto: Kinect Disneyland Adventures - XBOX 360
			Igorando Pelo Filtro de Nome...
		Nome do Produto: Kinect Rush: Uma Aventura da Disney Pixar - XBOX 360
			Igorando Pelo Filtro de Nome...
		Nome do Produto: Kinect Sports - XBOX 360
			Igorando Pelo Filtro de Nome...
	Tempo Para buscar: 1842
Loja: Submarino
	URL Principal: http://www.submarino.com.br/
	URL Busca: http://busca.submarino.com.br/busca.php?q=<BUSCA>
http://busca.submarino.com.br/busca.php?q=Kingdom+Hearts+3D
		Documento Lido
		Resultados: 15
		Nome do Produto: Kingdom Hearts Hd 1.5 Remix - Ps3
			Igorando Pelo Filtro de Nome...
		Nome do Produto: Kingdom Hearts Hd 2.5 Remix - Ps3
			Igorando Pelo Filtro de Nome...
		Nome do Produto: Jogo Kingdom Hearts Hd 2.5 Remix - Ps3
			Igorando Pelo Filtro de Nome...
		Nome do Produto: Ds - Kingdom Hearts 358/2 Days
			Igorando Pelo Filtro de Nome...
		Nome do Produto: Game - Kingdom Hearts Hd 1.5 Remix - PS3
			Igorando Pelo Filtro de Nome...
		Nome do Produto: Kingdom Hearts 2.5 Limited Edition Ps3
			Igorando Pelo Filtro de Nome...
		Nome do Produto: Kingdom Hearts 1.5 Hd Remix Ps3
			Igorando Pelo Filtro de Nome...
		Nome do Produto: Kingdom Hearts 2.5 Hd Remix Ps3
			Igorando Pelo Filtro de Nome...
		Nome do Produto: Kingdom Hearts 2.5 Hd Remix Ps3
			Igorando Pelo Filtro de Nome...
		Nome do Produto: Game Kingdom Hearts 358/2 Days - DS
			Igorando Pelo Filtro de Nome...
		Nome do Produto: Kingdom Hearts - Head Knocker - Pateta - Neca
			Igorando Pelo Filtro de Nome...
		Nome do Produto: Game Kingdom Hearts - 3DS
http://www.submarino.com.br/produto/113182875/game-kingdom-hearts-3ds
		Acessando URL do produto.
java.lang.NullPointerException
	at interfaces.search.SubmarinoSearch.readEachProduct(SubmarinoSearch.java:74)
	at interfaces.search.SubmarinoSearch.search(SubmarinoSearch.java:38)
	at objects.Shop.searchProduct(Shop.java:33)
	at Main.generateHtmlReport(Main.java:89)
	at Main.main(Main.java:58)
	Tempo Para buscar: 1010
Loja: Walmart
	URL Principal: http://www.walmart.com.br/
	URL Busca: http://www.walmart.com.br/busca/?ft=<BUSCA>&PS=20
http://www.walmart.com.br/busca/?ft=Kingdom+Hearts+3D&PS=20
		Documento Lido
		Resultados: 1
		Nome do Produto: Kingdom Hearts 3D Dream Drop Distance N3DS
http://www.walmart.com.br//kingdom-hearts-3d-dream-drop-distance-n3ds/2377113/pr
		Acessando URL do produto.
	Tempo Para buscar: 1169

File copied from C:\java\workspace Estudo\lookforprices\resources\imports\css.css to C:\java\workspace Estudo\lookforprices\reports\2015-08-10 12\css.css
File copied from C:\java\workspace Estudo\lookforprices\resources\imports\jquery.js to C:\java\workspace Estudo\lookforprices\reports\2015-08-10 12\jquery.js
File copied from C:\java\workspace Estudo\lookforprices\resources\imports\scripts.js to C:\java\workspace Estudo\lookforprices\reports\2015-08-10 12\scripts.js
Tempo total de execução: 28065
