Game: Mario Party
Product Name: Mario Party
Loja: Nintendo eShop
	URL Principal: http://www.nintendo.com/3ds/eshop
	URL Busca: http://www.nintendo.com/json/content/get/game/filter?&qterm=<BUSCA>
NintendoEShopSearch.search() http://www.nintendo.com/json/content/get/game/filter?&qterm=Mario+Party
		Documento Lido
		Resultados: 16
		Nome do Produto: Mario Party 10
http://www.nintendo.com/games/detail/REGT9oL8TMur8_5s9Ofb2VdbFnPcnn21
		Acessando URL do produto.
URL = http://www.nintendo.com/games/detail/REGT9oL8TMur8_5s9Ofb2VdbFnPcnn21
		Nome do Produto: Mario Party 10 Bundle
http://www.nintendo.com/games/detail/PHW3L8-FIeYVrWa1WTtUIQ1tC7VR4lvM
		Acessando URL do produto.
URL = http://www.nintendo.com/games/detail/PHW3L8-FIeYVrWa1WTtUIQ1tC7VR4lvM
		Nome do Produto: Mario Party Advance
http://www.nintendo.com/games/detail/wzM9ziqiTZpgNPq4JAavAReWTZAbowDX
		Acessando URL do produto.
URL = http://www.nintendo.com/games/detail/wzM9ziqiTZpgNPq4JAavAReWTZAbowDX
		Nome do Produto: Super Smash Bros.
			Igorando Pelo Filtro de Nome...
		Nome do Produto: Mario Party: Island Tour
http://www.nintendo.com/games/detail/jJ2KP3ofqeqOHHccjg-mRu1hz0YCJ2By
		Acessando URL do produto.
URL = http://www.nintendo.com/games/detail/jJ2KP3ofqeqOHHccjg-mRu1hz0YCJ2By
		Nome do Produto: Mario Party 9
http://www.nintendo.com/games/detail/NmcKbzZnRefioDCbEp2_v6rwsLPpbEEw
		Acessando URL do produto.
URL = http://www.nintendo.com/games/detail/NmcKbzZnRefioDCbEp2_v6rwsLPpbEEw
		Nome do Produto: Mario & Sonic at the London 2012 Olympic Games
			Igorando Pelo Filtro de Nome...
		Nome do Produto: Mario & Sonic at the London 2012 Olympic Games
			Igorando Pelo Filtro de Nome...
		Nome do Produto: Just Dance 3
			Igorando Pelo Filtro de Nome...
		Nome do Produto: Mario Party 2
http://www.nintendo.com/games/detail/1wWLs-g1b1KY6RIKDbgHZqGH1BCoxPXn
		Acessando URL do produto.
URL = http://www.nintendo.com/games/detail/1wWLs-g1b1KY6RIKDbgHZqGH1BCoxPXn
		Nome do Produto: Mario and Sonic at the Olympic Winter Games
			Igorando Pelo Filtro de Nome...
		Nome do Produto: Mario & Sonic at the Olympic Winter Games
			Igorando Pelo Filtro de Nome...
		Nome do Produto: Mario vs. Donkey Kong: Minis March Again!
			Igorando Pelo Filtro de Nome...
		Nome do Produto: Mario Party DS
http://www.nintendo.com/games/detail/bYOnzZFYh7E70cgflA2LY_o7i5sU382f
		Acessando URL do produto.
URL = http://www.nintendo.com/games/detail/bYOnzZFYh7E70cgflA2LY_o7i5sU382f
		Nome do Produto: Mario Party 8
http://www.nintendo.com/games/detail/WnjIJm5FSwjb8m39oUzkZvIqkRXZ6F-I
		Acessando URL do produto.
URL = http://www.nintendo.com/games/detail/WnjIJm5FSwjb8m39oUzkZvIqkRXZ6F-I
		Nome do Produto: Super Mario 64 DS
			Igorando Pelo Filtro de Nome...
	Tempo Para buscar: 5468
Loja: Americanas
	URL Principal: http://www.americanas.com.br/
	URL Busca: http://busca.americanas.com.br/busca.php?q=<BUSCA>
http://busca.americanas.com.br/busca.php?q=Mario+Party
		Documento Lido
		Resultados: 8
		Nome do Produto: Bundle Mario Party 10 Amiibo Super Mario - Wii U
http://www.americanas.com.br/produto/9221459/bundle-mario-party-10-amiibo-super-mario-wii-u
		Acessando URL do produto.
		Nome do Produto: Game Mario Party - Island Tour - 3DS
http://www.americanas.com.br/produto/116707833/game-mario-party-island-tour-3ds
		Acessando URL do produto.
		Nome do Produto: Game Mario Party 9 - Wii
http://www.americanas.com.br/produto/110759958/game-mario-party-9-wii
		Acessando URL do produto.
		Nome do Produto: Mario Party 10 Wii U
http://www.americanas.com.br/produto/9957346/mario-party-10-wii-u
		Acessando URL do produto.
		Nome do Produto: Bundle Mario Party 10 Amiibo Super Mario - Wii U
http://www.americanas.com.br/produto/9876610/bundle-mario-party-10-amiibo-super-mario-wii-u
		Acessando URL do produto.
		Nome do Produto: Mario Party 10 (Bundle Jogo Amiibo Super Mario) - Wii U
http://www.americanas.com.br/produto/9903167/mario-party-10-bundle-jogo-amiibo-super-mario-wii-u
		Acessando URL do produto.
		Nome do Produto: Mario Party 10 Amiibo Wii U
http://www.americanas.com.br/produto/9957374/mario-party-10-amiibo-wii-u
		Acessando URL do produto.
		Nome do Produto: Mario Party 10 Amiibo Wii U
http://www.americanas.com.br/produto/9957374/mario-party-10-amiibo-wii-u
		Acessando URL do produto.
	Tempo Para buscar: 6009
Loja: Big Boy Games
	URL Principal: http://www.bigboygames.com.br/
	URL Busca: http://www.bigboygames.com.br/pesquisa/?p=<BUSCA>
http://www.bigboygames.com.br/pesquisa/?p=Mario+Party
		Documento Lido
		Resultados: 7
		Nome do Produto: WiiU - Mario Party 10 Bundle
http://www.bigboygames.com.br/wiiu-mario-party-10-bundle-p6997/
		Acessando URL do produto.
		Nome do Produto: WiiU - Mario Party 10
http://www.bigboygames.com.br/wiiu-mario-party-10-p6988/
		Acessando URL do produto.
		Nome do Produto: 3DS - Mario Party: Island Tour
http://www.bigboygames.com.br/3ds-mario-party-island-tour-p5729/
		Acessando URL do produto.
		Nome do Produto: Wii - Mario Party 9
http://www.bigboygames.com.br/wii-mario-party-9-p3840/
		Acessando URL do produto.
		Nome do Produto: DS - Mario Party DS
http://www.bigboygames.com.br/ds-mario-party-ds-p68/
		Acessando URL do produto.
		Nome do Produto: Nintendo 64 - Mario Party 3
http://www.bigboygames.com.br/nintendo-64-mario-party-3-p1666/
		Acessando URL do produto.
		Nome do Produto: Nintendo 64 - Mario Party 2
http://www.bigboygames.com.br/nintendo-64-mario-party-2-p1665/
		Acessando URL do produto.
	Tempo Para buscar: 5910
Loja: Casas Bahia
	URL Principal: http://www.casasbahia.com.br/
	URL Busca: http://buscas.casasbahia.com.br/search?w=<BUSCA>
http://buscas.casasbahia.com.br/search?w=Mario+Party
		Documento Lido
		Resultados: 1
		Nome do Produto: Mario Party 9 Wii
http://buscas.casasbahia.com.br/search?p=R&srid=S6-USWSD01&lbc=casasbahia&w=Mario%20Party&url=http%3a%2f%2fproduto.casasbahia.com.br%2f3389455%3f&rk=1&uid=19938950&sid=2&ts=custom&rsc=8nr%3a0sjauF45RD6a&method=and&isort=score&view=grid
		Acessando URL do produto.
		Nome do Produto: Jogo Mario Party Island Tour - 3DS
http://buscas.casasbahia.com.br/search?p=R&srid=S6-USWSD01&lbc=casasbahia&w=Mario%20Party&url=http%3a%2f%2fproduto.casasbahia.com.br%2f2532591%3f&rk=2&uid=19938950&sid=2&ts=custom&rsc=f-c-FkJ-B6EADiuk&method=and&isort=score&view=grid
		Acessando URL do produto.
		Nome do Produto: Mario Party: Island Tour - 3DS
http://buscas.casasbahia.com.br/search?p=R&srid=S6-USWSD01&lbc=casasbahia&w=Mario%20Party&url=http%3a%2f%2fproduto.casasbahia.com.br%2f5414005%3f&rk=3&uid=19938950&sid=2&ts=custom&rsc=DVdPnGDe6YnLOqjO&method=and&isort=score&view=grid
		Acessando URL do produto.
		Nome do Produto: Bundle Mario Party 10 + Amiibo Super Mario - Wii U
http://buscas.casasbahia.com.br/search?p=R&srid=S6-USWSD01&lbc=casasbahia&w=Mario%20Party&url=http%3a%2f%2fproduto.casasbahia.com.br%2f5413686%3f&rk=4&uid=19938950&sid=2&ts=custom&rsc=PyUJYMpqlpuTkYK4&method=and&isort=score&view=grid
		Acessando URL do produto.
		Nome do Produto: Nintendo Amiibo: Bowser - Wii U
			Igorando Pelo Filtro de Nome...
		Nome do Produto: Mai Tai One on
			Igorando Pelo Filtro de Nome...
		Nome do Produto: Pravus
			Igorando Pelo Filtro de Nome...
		Nome do Produto: Circle of Deception
			Igorando Pelo Filtro de Nome...
		Nome do Produto: Detour Through Hell
			Igorando Pelo Filtro de Nome...
	Tempo Para buscar: 6182
Loja: Extra
	URL Principal: http://www.extra.com.br/
	URL Busca: http://buscando.extra.com.br/search?w=<BUSCA>
http://buscando.extra.com.br/search?w=Mario+Party
		Documento Lido
		Resultados: 9
		Nome do Produto: Mario Party 9 Wii
http://buscando.extra.com.br/search?p=R&srid=S1-USCDR01&lbc=extra&w=Mario%20Party&url=http%3a%2f%2fproduto.extra.com.br%2f3389455%3f&rk=1&uid=199443806&sid=2&ts=custom&rsc=LaqpEJ3UER%3aYlCMP&method=and&isort=score&view=grid
		Acessando URL do produto.
		Nome do Produto: Jogo Mario Party Island Tour - 3DS
http://buscando.extra.com.br/search?p=R&srid=S1-USCDR01&lbc=extra&w=Mario%20Party&url=http%3a%2f%2fproduto.extra.com.br%2f2532591%3f&rk=2&uid=199443806&sid=2&ts=custom&rsc=Hr1DyEmV41iFh11H&method=and&isort=score&view=grid
		Acessando URL do produto.
		Nome do Produto: Mario Party: Island Tour - 3DS
http://buscando.extra.com.br/search?p=R&srid=S1-USCDR01&lbc=extra&w=Mario%20Party&url=http%3a%2f%2fproduto.extra.com.br%2f5414005%3f&rk=3&uid=199443806&sid=2&ts=custom&rsc=KO2Uy8BmZxL2iMXu&method=and&isort=score&view=grid
		Acessando URL do produto.
		Nome do Produto: Bundle Mario Party 10 + Amiibo Super Mario - Wii U
http://buscando.extra.com.br/search?p=R&srid=S1-USCDR01&lbc=extra&w=Mario%20Party&url=http%3a%2f%2fproduto.extra.com.br%2f5413686%3f&rk=4&uid=199443806&sid=2&ts=custom&rsc=mN15pSvTXSdkynU6&method=and&isort=score&view=grid
		Acessando URL do produto.
		Nome do Produto: Nintendo Amiibo: Bowser - Wii U
			Igorando Pelo Filtro de Nome...
		Nome do Produto: Mai Tai One on
			Igorando Pelo Filtro de Nome...
		Nome do Produto: Pravus
			Igorando Pelo Filtro de Nome...
		Nome do Produto: Circle of Deception
			Igorando Pelo Filtro de Nome...
		Nome do Produto: Detour Through Hell
			Igorando Pelo Filtro de Nome...
	Tempo Para buscar: 7179
Loja: E-Virtua
	URL Principal: http://www.evirtua.com.br/
	URL Busca: http://www.evirtua.com.br/Busca?search_department_id=0&SearchTerm=<BUSCA>
http://www.evirtua.com.br/Busca?search_department_id=0&SearchTerm=Mario+Party
		Documento Lido
		Resultados: 2
		Nome do Produto: Mario Party 10 - Nintendo Wii U
http://www.evirtua.com.br//mario-party-10-nintendo-wii-u/3729-01
		Acessando URL do produto.
		Nome do Produto: Mario Party: Island Tour - Nintendo 3DS
http://www.evirtua.com.br//mario-party-island-tour-nintendo-3ds/3352-01
		Acessando URL do produto.
	Tempo Para buscar: 1255
Loja: Fast Games
	URL Principal: http://www.fastgames.com.br/
	URL Busca: http://www.fastgames.com.br/loja/busca.php?loja=187970&palavra_busca=<BUSCA>
http://www.fastgames.com.br/loja/busca.php?loja=187970&palavra_busca=Mario+Party
		Documento Lido
		Resultados: 3
		Nome do Produto: Mario Party 10 (Bundle Jogo + Amiibo Super Mario) - Wii U
http://www.fastgames.com.br//mario-party-10-bundle-jogo-amiibo-super-mario-wii-u-pr-9572-187970.htm
		Acessando URL do produto.
		Nome do Produto: Mario Party 9 - Wii
http://www.fastgames.com.br//mario-party-9-wii-pr-3401-187970.htm
		Acessando URL do produto.
		Nome do Produto: Mario Party: Island Tour - 3DS
http://www.fastgames.com.br//mario-party-island-tour-3ds-pr-7170-187970.htm
		Acessando URL do produto.
	Tempo Para buscar: 4231
Loja: Fast Shop
	URL Principal: http://www.fastshop.com.br/loja/
	URL Busca: http://www.fastshop.com.br/webapp/wcs/stores/servlet/SearchDisplay?searchTerm=<BUSCA>&categoryId=&storeId=10151&catalogId=11052&langId=-6&pageSize=9&beginIndex=0&sType=SimpleSearch&resultCatEntryType=2&showResultsPage=true&searchSource=Q&pageView=&hotsite=fastshop
http://www.fastshop.com.br/webapp/wcs/stores/servlet/SearchDisplay?searchTerm=Mario+Party&categoryId=&storeId=10151&catalogId=11052&langId=-6&pageSize=9&beginIndex=0&sType=SimpleSearch&resultCatEntryType=2&showResultsPage=true&searchSource=Q&pageView=&hotsite=fastshop
		Documento Lido
		Resultados: 0
	Tempo Para buscar: 436
Loja: FNAC
	URL Principal: http://www.fnac.com.br/index.html
	URL Busca: http://busca.fnac.com.br/?busca=<BUSCA>
http://busca.fnac.com.br/?busca=Mario+Party
		Documento Lido
		Resultados: 20
		Nome do Produto: Mario Prata Entrevista Uns Brasileiros
			Igorando Pelo Filtro de Nome...
		Nome do Produto: Hidroginastica - Propostas de Exercicios Para Idosod Ed 2
			Igorando Pelo Filtro de Nome...
		Nome do Produto: Kate Middleton - Estilo Elegância do Maior Ícone da Realeza
			Igorando Pelo Filtro de Nome...
		Nome do Produto: Mary Poppins E Sua Criadora - A Vida de Pamela Travers
			Igorando Pelo Filtro de Nome...
		Nome do Produto: Paris 98
			Igorando Pelo Filtro de Nome...
		Nome do Produto: Purgatorio
			Igorando Pelo Filtro de Nome...
		Nome do Produto: Cem Melhores Cronicas
			Igorando Pelo Filtro de Nome...
		Nome do Produto: Diário de Um Magro - 15 Anos Num Spa
			Igorando Pelo Filtro de Nome...
		Nome do Produto: Schifaizfavoire - Dicionário de Português
			Igorando Pelo Filtro de Nome...
		Nome do Produto: Minhas Mulheres E Meus Homens
			Igorando Pelo Filtro de Nome...
		Nome do Produto: Os Anjos de Badaró
			Igorando Pelo Filtro de Nome...
		Nome do Produto: James Lins - O Playboy que Não Deu Certo
			Igorando Pelo Filtro de Nome...
		Nome do Produto: Pirata
			Igorando Pelo Filtro de Nome...
		Nome do Produto: Calendário Mesa Maria Eugênia 2014
			Igorando Pelo Filtro de Nome...
		Nome do Produto: Caderno Maria Eugênia G Bolhas Flexível C/ Pauta
			Igorando Pelo Filtro de Nome...
		Nome do Produto: Caderno Maria Eugênia G Folhas Flexível C/ Pauta
			Igorando Pelo Filtro de Nome...
		Nome do Produto: Caderno Maria Eugênia G Tweed Flexível C/ Pauta
			Igorando Pelo Filtro de Nome...
		Nome do Produto: Caderno Maria Eugênia M Bolhas Flexível C/ Pauta
			Igorando Pelo Filtro de Nome...
		Nome do Produto: Caderno Maria Eugênia M Folhas Flexível C/ Pauta
			Igorando Pelo Filtro de Nome...
		Nome do Produto: Caderno Maria Eugênia M Tweed Flexível C/ Pauta
			Igorando Pelo Filtro de Nome...
	Tempo Para buscar: 1270
Loja: Kabum
	URL Principal: http://www.kabum.com.br/
	URL Busca: http://www.kabum.com.br/cgi-local/site/listagem/listagem.cgi?string=<BUSCA>&btnG=
http://www.kabum.com.br/cgi-local/site/listagem/listagem.cgi?string=Mario+Party&btnG=
		Documento Lido
		Resultados: 0
	Tempo Para buscar: 1141
Loja: Livraria Cultura
	URL Principal: http://www.livrariacultura.com.br/
	URL Busca: http://www.livrariacultura.com.br/busca?N=0&Ntt=<BUSCA>
http://www.livrariacultura.com.br/busca?N=0&Ntt=Mario+Party
		Documento Lido
		Resultados: 6
		Nome do Produto: MARIO PARTY 8
http://www.livrariacultura.com.br/p/mario-party-8-29878488
		Acessando URL do produto.
		Nome do Produto: MARIO TESTINO : PARTY
http://www.livrariacultura.com.br/p/mario-testino-party-564069
		Acessando URL do produto.
		Nome do Produto: MARIO PARTY - ISLAND TOUR (3DS)
http://www.livrariacultura.com.br/p/mario-party-island-tour-3ds-42151991
		Acessando URL do produto.
		Nome do Produto: MARIO PARTY 9
http://www.livrariacultura.com.br/p/mario-party-9-29508713
		Acessando URL do produto.
		Nome do Produto: MARIO PARTY 8
http://www.livrariacultura.com.br/p/mario-party-8-2939252
		Acessando URL do produto.
		Nome do Produto: MARIO PARTY (DS)
http://www.livrariacultura.com.br/p/mario-party-ds-11036269
		Acessando URL do produto.
	Tempo Para buscar: 2375
Loja: Magazine Luiza
	URL Principal: http://www.magazineluiza.com.br/
	URL Busca: http://www.magazineluiza.com.br/busca/<BUSCA>/
http://www.magazineluiza.com.br/busca/Mario+Party/
		Documento Lido
		Resultados: 1
		Nome do Produto: Mario Party Island Tour para Nintendo 3DS - Nintendo
http://www.magazineluiza.com.br//mario-party-island-tour-para-nintendo-3ds-nintendo/p/0884460/ga/gads/?_b=Mario+Party
		Acessando URL do produto.
	Tempo Para buscar: 450
Loja: Mula Games
	URL Principal: http://www.mulagames.com.br/
	URL Busca: http://www.mulagames.com.br/produtos-index/catalogo_produtos/-/-/<BUSCA>/-/-/-/-/-/
http://www.mulagames.com.br/produtos-index/catalogo_produtos/-/-/Mario%20Party/-/-/-/-/-/
		Documento Lido
		Resultados: 4
		Nome do Produto: Mario Party: Island Tour - 3DS
http://www.mulagames.com.br/Mario-Party--Island-Tour-3DS/prod-1888325/
		Acessando URL do produto.
http://www.mulagames.com.br/produto-ajax_retorna_dados_preco_comprar/1888325
		Acessando URL do preço produto.
		Nome do Produto: Mario Party 9 - Wii
http://www.mulagames.com.br/Mario-Party-9-Wii/prod-2349754/
		Acessando URL do produto.
http://www.mulagames.com.br/produto-ajax_retorna_dados_preco_comprar/2349754
		Acessando URL do preço produto.
		Nome do Produto: Mario Party 10 - Wii U
http://www.mulagames.com.br/Mario-Party-10-Wii-U/prod-2779433/
		Acessando URL do produto.
http://www.mulagames.com.br/produto-ajax_retorna_dados_preco_comprar/2779433
		Acessando URL do preço produto.
		Nome do Produto: Mario Party 10 + Nintendo Amiibo: Mario - Wii U
http://www.mulagames.com.br/Mario-Party-10---Nintendo-Amiibo--Mario-Wii-U/prod-2936427/
		Acessando URL do produto.
http://www.mulagames.com.br/produto-ajax_retorna_dados_preco_comprar/2936427
		Acessando URL do preço produto.
	Tempo Para buscar: 7893
Loja: Net Shoes
	URL Principal: http://www.netshoes.com.br/
	URL Busca: http://www.netshoes.com.br/search?Ntt=<BUSCA>
http://www.netshoes.com.br/search?Ntt=Mario+Party
		Documento Lido
		Resultados: 5
		Nome do Produto: Jogo Rayman Raving Rabbids TV Party Wii
			Igorando Pelo Filtro de Nome...
		Nome do Produto: Tênis Converse All Star CT AS Denim Party HI Infantil
			Igorando Pelo Filtro de Nome...
		Nome do Produto: Tênis Converse All Star CT AS Denim Party HI Infantil
			Igorando Pelo Filtro de Nome...
		Nome do Produto: Camiseta Nike Jdi Print Party Juvenil
			Igorando Pelo Filtro de Nome...
		Nome do Produto: Camiseta Nike Jdi Print Party Juvenil
			Igorando Pelo Filtro de Nome...
	Tempo Para buscar: 220
Loja: Ponto Frio
	URL Principal: http://www.pontofrio.com.br/
	URL Busca: http://search.pontofrio.com.br/search?w=<BUSCA>
http://search.pontofrio.com.br/search?w=Mario+Party
		Documento Lido
		Resultados: 1
		Nome do Produto: Jogo Mario Party Island Tour - 3DS
http://search.pontofrio.com.br/search?p=R&srid=S3-USWSD01&lbc=pontofrio-br&w=Mario%20Party&url=http%3a%2f%2fproduto.pontofrio.com.br%2f2532591%3f&rk=1&uid=199716627&sid=2&ts=custom&rsc=AGyGx5VVATg-sYWM&method=and&isort=score&view=grid
		Nome do Produto: Mario Party 9 Wii
http://search.pontofrio.com.br/search?p=R&srid=S3-USWSD01&lbc=pontofrio-br&w=Mario%20Party&url=http%3a%2f%2fproduto.pontofrio.com.br%2f3389455%3f&rk=2&uid=199716627&sid=2&ts=custom&rsc=CRpkQFTqjH0XC0Na&method=and&isort=score&view=grid
		Nome do Produto: Mario Party: Island Tour - 3DS
http://search.pontofrio.com.br/search?p=R&srid=S3-USWSD01&lbc=pontofrio-br&w=Mario%20Party&url=http%3a%2f%2fproduto.pontofrio.com.br%2f5414005%3f&rk=3&uid=199716627&sid=2&ts=custom&rsc=IESiwBJz3aErEuZ8&method=and&isort=score&view=grid
		Nome do Produto: Bundle Mario Party 10 + Amiibo Super Mario - Wii U
http://search.pontofrio.com.br/search?p=R&srid=S3-USWSD01&lbc=pontofrio-br&w=Mario%20Party&url=http%3a%2f%2fproduto.pontofrio.com.br%2f5413686%3f&rk=4&uid=199716627&sid=2&ts=custom&rsc=q2mSoymye0lELKdd&method=and&isort=score&view=grid
		Nome do Produto: Nintendo Amiibo: Bowser - Wii U
			Igorando Pelo Filtro de Nome...
		Nome do Produto: Mai Tai One on
			Igorando Pelo Filtro de Nome...
		Nome do Produto: Pravus
			Igorando Pelo Filtro de Nome...
		Nome do Produto: Circle of Deception
			Igorando Pelo Filtro de Nome...
		Nome do Produto: Detour Through Hell
			Igorando Pelo Filtro de Nome...
		Nome do Produto: Jogo Mario Party Island Tour - 3DS
http://search.pontofrio.com.br/search?p=R&srid=S3-USWSD01&lbc=pontofrio-br&w=Mario%20Party&url=http%3a%2f%2fproduto.pontofrio.com.br%2f2532591%3f&rk=1&uid=199716627&sid=2&ts=custom&rsc=AGyGx5VVATg-sYWM&method=and&isort=score&view=grid
		Nome do Produto: Mario Party 9 Wii
http://search.pontofrio.com.br/search?p=R&srid=S3-USWSD01&lbc=pontofrio-br&w=Mario%20Party&url=http%3a%2f%2fproduto.pontofrio.com.br%2f3389455%3f&rk=2&uid=199716627&sid=2&ts=custom&rsc=CRpkQFTqjH0XC0Na&method=and&isort=score&view=grid
		Nome do Produto: Mario Party: Island Tour - 3DS
http://search.pontofrio.com.br/search?p=R&srid=S3-USWSD01&lbc=pontofrio-br&w=Mario%20Party&url=http%3a%2f%2fproduto.pontofrio.com.br%2f5414005%3f&rk=3&uid=199716627&sid=2&ts=custom&rsc=IESiwBJz3aErEuZ8&method=and&isort=score&view=grid
		Nome do Produto: Bundle Mario Party 10 + Amiibo Super Mario - Wii U
http://search.pontofrio.com.br/search?p=R&srid=S3-USWSD01&lbc=pontofrio-br&w=Mario%20Party&url=http%3a%2f%2fproduto.pontofrio.com.br%2f5413686%3f&rk=4&uid=199716627&sid=2&ts=custom&rsc=q2mSoymye0lELKdd&method=and&isort=score&view=grid
		Nome do Produto: Nintendo Amiibo: Bowser - Wii U
			Igorando Pelo Filtro de Nome...
		Nome do Produto: Mai Tai One on
			Igorando Pelo Filtro de Nome...
		Nome do Produto: Pravus
			Igorando Pelo Filtro de Nome...
		Nome do Produto: Circle of Deception
			Igorando Pelo Filtro de Nome...
		Nome do Produto: Detour Through Hell
			Igorando Pelo Filtro de Nome...
	Tempo Para buscar: 57662
Loja: Ricardo Eletro
	URL Principal: http://www.ricardoeletro.com.br/
	URL Busca: http://www.ricardoeletro.com.br/Busca/Resultado/?q=<BUSCA>
http://www.ricardoeletro.com.br/Busca/Resultado/?q=Mario+Party
		Documento Lido
		Resultados: 3
		Nome do Produto: Jogo de Copos Long Drink com 6 Peças Mario 375ml - Art Craft UD Brasil
			Igorando Pelo Filtro de Nome...
		Nome do Produto: Jogo Mario Golf: World Tour para Nintendo 3DS (N3DS)
			Igorando Pelo Filtro de Nome...
		Nome do Produto: Carro de Montar + Pista de Corrida com obstáculo Mario e Luigi - Multi Kids
			Igorando Pelo Filtro de Nome...
	Tempo Para buscar: 452
Loja: RiHappy
	URL Principal: http://www.rihappy.com.br/
	URL Busca: http://www.rihappy.com.br/<BUSCA>
http://www.rihappy.com.br/Mario%20Party
		Documento Lido
		Resultados: 0
	Tempo Para buscar: 1618
Loja: Saraiva
	URL Principal: http://www.saraiva.com.br/
	URL Busca: http://busca.saraiva.com.br/search?w=<BUSCA>&PAC_ID=129457&ts=ajax
http://busca.saraiva.com.br/search?w=Mario+Party&PAC_ID=129457&ts=ajax
		Documento Lido
		Resultados: 2
		Nome do Produto: Calculadora Cientifica HP 10s+
			Igorando Pelo Filtro de Nome...
		Nome do Produto: ENEM Coleção Completa - Edição 2015
			Igorando Pelo Filtro de Nome...
	Tempo Para buscar: 359
Loja: Shop Facil
	URL Principal: http://ww2.shopfacil.com.br/
	URL Busca: http://ww2.shopfacil.com.br/<BUSCA>
http://ww2.shopfacil.com.br/Mario%20Party
		Documento Lido
		Resultados: 0
	Tempo Para buscar: 1702
Loja: Shop Time
	URL Principal: http://www.shoptime.com.br/
	URL Busca: http://busca.shoptime.com.br/busca.php?q=<BUSCA>
http://busca.shoptime.com.br/busca.php?q=Mario+Party
		Documento Lido
		Resultados: 7
		Nome do Produto: Mario Party 10 Wii U Game Mario Party - Island Tour - 3DS Bundle Mario Party 10 Amiibo Super Mario - Wii U Mario Party 10 (Bundle Jogo Amiibo Super Mario) - Wii U Bundle Mario Party 10 Amiibo Super Mario - Wii U Mario Party 10 Amiibo Wii U Game Mario Party 9 - Wii
http://www.shoptime.com.br/produto/9957346/mario-party-10-wii-u
		Acessando URL do produto.
		Nome do Produto: Mario Party 10 Wii U Game Mario Party - Island Tour - 3DS Bundle Mario Party 10 Amiibo Super Mario - Wii U Mario Party 10 (Bundle Jogo Amiibo Super Mario) - Wii U Bundle Mario Party 10 Amiibo Super Mario - Wii U Mario Party 10 Amiibo Wii U Game Mario Party 9 - Wii
http://www.shoptime.com.br/produto/116707833/game-mario-party-island-tour-3ds
		Acessando URL do produto.
		Nome do Produto: Mario Party 10 Wii U Game Mario Party - Island Tour - 3DS Bundle Mario Party 10 Amiibo Super Mario - Wii U Mario Party 10 (Bundle Jogo Amiibo Super Mario) - Wii U Bundle Mario Party 10 Amiibo Super Mario - Wii U Mario Party 10 Amiibo Wii U Game Mario Party 9 - Wii
http://www.shoptime.com.br/produto/9221459/bundle-mario-party-10-amiibo-super-mario-wii-u
		Acessando URL do produto.
		Nome do Produto: Mario Party 10 Wii U Game Mario Party - Island Tour - 3DS Bundle Mario Party 10 Amiibo Super Mario - Wii U Mario Party 10 (Bundle Jogo Amiibo Super Mario) - Wii U Bundle Mario Party 10 Amiibo Super Mario - Wii U Mario Party 10 Amiibo Wii U Game Mario Party 9 - Wii
http://www.shoptime.com.br/produto/9903167/mario-party-10-bundle-jogo-amiibo-super-mario-wii-u
		Acessando URL do produto.
		Nome do Produto: Mario Party 10 Wii U Game Mario Party - Island Tour - 3DS Bundle Mario Party 10 Amiibo Super Mario - Wii U Mario Party 10 (Bundle Jogo Amiibo Super Mario) - Wii U Bundle Mario Party 10 Amiibo Super Mario - Wii U Mario Party 10 Amiibo Wii U Game Mario Party 9 - Wii
http://www.shoptime.com.br/produto/9876610/bundle-mario-party-10-amiibo-super-mario-wii-u
		Acessando URL do produto.
		Nome do Produto: Mario Party 10 Wii U Game Mario Party - Island Tour - 3DS Bundle Mario Party 10 Amiibo Super Mario - Wii U Mario Party 10 (Bundle Jogo Amiibo Super Mario) - Wii U Bundle Mario Party 10 Amiibo Super Mario - Wii U Mario Party 10 Amiibo Wii U Game Mario Party 9 - Wii
http://www.shoptime.com.br/produto/9957374/mario-party-10-amiibo-wii-u
		Acessando URL do produto.
		Nome do Produto: Mario Party 10 Wii U Game Mario Party - Island Tour - 3DS Bundle Mario Party 10 Amiibo Super Mario - Wii U Mario Party 10 (Bundle Jogo Amiibo Super Mario) - Wii U Bundle Mario Party 10 Amiibo Super Mario - Wii U Mario Party 10 Amiibo Wii U Game Mario Party 9 - Wii
http://www.shoptime.com.br/produto/110759958/game-mario-party-9-wii
		Acessando URL do produto.
	Tempo Para buscar: 5238
Loja: ShopB
	URL Principal: http://www.shopb.com.br/
	URL Busca: http://busca.shopb.com.br/?busca=<BUSCA>
http://busca.shopb.com.br/?busca=Mario+Party
		Documento Lido
		Resultados: 34
		Nome do Produto: Bundle Mario Party 10 + Amiibo Super Mario - Wii U
http://shopb.ecommercesearch.com.br/Busca/Redir?url=http%3a%2f%2fwww.shopb.com.br%2fecommerce_site%2findex.php%3fpg%3dproduto%26cdg%3d4488%26idp%3d39443%26idparceiro%3dp1&esid=39443
		Acessando URL do produto.
		Nome do Produto: Mario Party 10 - Wii U
http://shopb.ecommercesearch.com.br/Busca/Redir?url=http%3a%2f%2fwww.shopb.com.br%2fecommerce_site%2findex.php%3fpg%3dproduto%26cdg%3d4488%26idp%3d39441%26idparceiro%3dp1&esid=39441
		Acessando URL do produto.
		Nome do Produto: Mario Party: Island Tour - 3DS
http://shopb.ecommercesearch.com.br/Busca/Redir?url=http%3a%2f%2fwww.shopb.com.br%2fecommerce_site%2findex.php%3fpg%3dproduto%26cdg%3d4488%26idp%3d34753%26idparceiro%3dp1&esid=34753
		Acessando URL do produto.
		Nome do Produto: Nintendo 3DS XL Edição Especial Mario & Luigi Dream Team - Prata
			Igorando Pelo Filtro de Nome...
		Nome do Produto: Antena Externa Prata 12dB 3 em 1 VHF / UHF/ Digital - Capte
			Igorando Pelo Filtro de Nome...
		Nome do Produto: Atelier Meruru: The Apprentice of Arland - PS3
			Igorando Pelo Filtro de Nome...
		Nome do Produto: Bateria e Carregador para Controle XBOX 360 - Play n Charge Preta - Microsoft
			Igorando Pelo Filtro de Nome...
		Nome do Produto: Cabo HDMI 1.4v / 19pm Kolke - 1.8m - Preto
			Igorando Pelo Filtro de Nome...
		Nome do Produto: Cabo HDMI 1.5m - Preto
			Igorando Pelo Filtro de Nome...
		Nome do Produto: Caixa de Som Kolke c/ Controle Remoto - Preto
			Igorando Pelo Filtro de Nome...
		Nome do Produto: Camiseta Super Mario - Modelo 1 G
			Igorando Pelo Filtro de Nome...
		Nome do Produto: Camiseta Super Mario - Modelo 1 GG
			Igorando Pelo Filtro de Nome...
		Nome do Produto: Camiseta Super Mario - Modelo 1 M
			Igorando Pelo Filtro de Nome...
		Nome do Produto: Camiseta Super Mario - Modelo 1 P
			Igorando Pelo Filtro de Nome...
		Nome do Produto: Celular Blu Samba JR Teclado Qwerty com Câmera integrada 1.3MP, Dual Sim, Rádio FM e Micro SD - Prata
			Igorando Pelo Filtro de Nome...
		Nome do Produto: Celular Blu Samba TV Dual Chip com Câmera integrada, TV, Rádio FM e Micro SD - Azul / Preto
			Igorando Pelo Filtro de Nome...
		Nome do Produto: Celular Blu Samba W Teclado Qwerty com Câmera integrada, Wi-Fi, Rádio FM/AM e Micro SD - Prata
			Igorando Pelo Filtro de Nome...
		Nome do Produto: Celular Blu Tank c/ Lanterna, Câmera integrada, Antena FM e Micro SD - Preto / Azul
			Igorando Pelo Filtro de Nome...
		Nome do Produto: Celular Blu Tank c/ Lanterna, Câmera integrada, Antena FM e Micro SD - Preto / Vermelho
			Igorando Pelo Filtro de Nome...
		Nome do Produto: Controle Gamecube Battle Pad Luigi c/ Fio: Edição Super Mario - Wii U / Wii
			Igorando Pelo Filtro de Nome...
		Nome do Produto: Controle Wireless Cromado Preto: Edição Especial - XBOX 360
			Igorando Pelo Filtro de Nome...
		Nome do Produto: Controle Wireless Dualshock 3 Prata - PS3
			Igorando Pelo Filtro de Nome...
		Nome do Produto: Deck Yu-Gi-Oh - O Milênio Perdido: Edição Especial - PT
			Igorando Pelo Filtro de Nome...
		Nome do Produto: Harry Potter: And The Deathly Hallows Part 2 - PS3
			Igorando Pelo Filtro de Nome...
		Nome do Produto: Headphone c/ Fio Philips DJ Powerfull Bass SHL3000BL Preto - PC
			Igorando Pelo Filtro de Nome...
		Nome do Produto: Headset Multimedia Micro SD + FM Radio - Preto / Vermelho
			Igorando Pelo Filtro de Nome...
		Nome do Produto: Headset c/ Fio Philips Shibuya CitiScape SHL5205 Preto - PC
			Igorando Pelo Filtro de Nome...
		Nome do Produto: Just Dance Disney Party - Wii
			Igorando Pelo Filtro de Nome...
		Nome do Produto: Just Dance Disney Party [Requer Kinect] - XBOX 360
			Igorando Pelo Filtro de Nome...
		Nome do Produto: Kit Mouse Óptico + Mouse Pad Preto e Branco - Kolke
			Igorando Pelo Filtro de Nome...
		Nome do Produto: Mario & Luigi: Bowsers Inside Story - DS
			Igorando Pelo Filtro de Nome...
		Nome do Produto: Mario & Luigi: Dream Team - 3DS
			Igorando Pelo Filtro de Nome...
		Nome do Produto: Mario & Sonic at The Olympic Winter Games Sochi 2014 - Wii U
			Igorando Pelo Filtro de Nome...
		Nome do Produto: Mario Golf: World Tour - 3DS
			Igorando Pelo Filtro de Nome...
	Tempo Para buscar: 3357
Loja: Submarino
	URL Principal: http://www.submarino.com.br/
	URL Busca: http://busca.submarino.com.br/busca.php?q=<BUSCA>
http://busca.submarino.com.br/busca.php?q=Mario+Party
		Documento Lido
		Resultados: 10
		Nome do Produto: Game Mario Party - Island Tour - 3DS
http://www.submarino.com.br/produto/116707833/game-mario-party-island-tour-3ds
		Acessando URL do produto.
		Nome do Produto: Bundle Mario Party 10 Amiibo Super Mario - Wii U
http://www.submarino.com.br/produto/9221459/bundle-mario-party-10-amiibo-super-mario-wii-u
		Acessando URL do produto.
		Nome do Produto: Game Mario Party 9 - Wii
http://www.submarino.com.br/produto/110759958/game-mario-party-9-wii
		Acessando URL do produto.
		Nome do Produto: Bundle Mario Party 10 Amiibo Super Mario - Wii U
http://www.submarino.com.br/produto/9876610/bundle-mario-party-10-amiibo-super-mario-wii-u
		Acessando URL do produto.
		Nome do Produto: Mario Party 10 Wii U
http://www.submarino.com.br/produto/9957346/mario-party-10-wii-u
		Acessando URL do produto.
		Nome do Produto: Mario Party 10 (Bundle Jogo Amiibo Super Mario) - Wii U
http://www.submarino.com.br/produto/9903167/mario-party-10-bundle-jogo-amiibo-super-mario-wii-u
		Acessando URL do produto.
		Nome do Produto: Mario Party 10 Amiibo Wii U
http://www.submarino.com.br/produto/9957374/mario-party-10-amiibo-wii-u
		Acessando URL do produto.
		Nome do Produto: Mario Party 10 Amiibo Wii U
http://www.submarino.com.br/produto/9957374/mario-party-10-amiibo-wii-u
		Acessando URL do produto.
		Nome do Produto: Game Mario Party 4 GC
http://www.submarino.com.br/produto/152622/game-mario-party-4-gc
		Acessando URL do produto.
java.lang.NullPointerException
	at interfaces.search.SubmarinoSearch.readEachProduct(SubmarinoSearch.java:74)
	at interfaces.search.SubmarinoSearch.search(SubmarinoSearch.java:38)
	at objects.Shop.searchProduct(Shop.java:33)
	at Main.generateHtmlReport(Main.java:89)
	at Main.main(Main.java:58)
	Tempo Para buscar: 8554
Loja: Walmart
	URL Principal: http://www.walmart.com.br/
	URL Busca: http://www.walmart.com.br/busca/?ft=<BUSCA>&PS=20
http://www.walmart.com.br/busca/?ft=Mario+Party&PS=20
		Documento Lido
		Resultados: 1
		Nome do Produto: Jogo Mario Party: Island Tour - 3DS
http://www.walmart.com.br//jogo-mario-party-island-tour-3ds/2109273/pr
		Acessando URL do produto.
	Tempo Para buscar: 879

File copied from C:\java\workspace Estudo\lookforprices\resources\imports\css.css to C:\java\workspace Estudo\lookforprices\reports\2015-08-10 12\css.css
File copied from C:\java\workspace Estudo\lookforprices\resources\imports\jquery.js to C:\java\workspace Estudo\lookforprices\reports\2015-08-10 12\jquery.js
File copied from C:\java\workspace Estudo\lookforprices\resources\imports\scripts.js to C:\java\workspace Estudo\lookforprices\reports\2015-08-10 12\scripts.js
Tempo total de execução: 129858
