Game: monster hunter ultimate 4
Product Name: monster hunter ultimate 4
Loja: Nintendo eShop
	URL Principal: http://www.nintendo.com/3ds/eshop
	URL Busca: http://www.nintendo.com/json/content/get/game/filter?&qterm=<BUSCA>
NintendoEShopSearch.search() http://www.nintendo.com/json/content/get/game/filter?&qterm=monster+hunter+ultimate+4
		Documento Lido
		Resultados: 3
		Nome do Produto: Monster Hunter 4 Ultimate
http://www.nintendo.com/games/detail/xKYkSY9ybVIBDX3rGWZ0CBDZgtLt9Am3
		Acessando URL do produto.
URL = http://www.nintendo.com/games/detail/xKYkSY9ybVIBDX3rGWZ0CBDZgtLt9Am3
		Nome do Produto: Monster Hunter 3 Ultimate
			Igorando Pelo Filtro de Nome...
		Nome do Produto: SNK Arcade Classics Volume 1
			Igorando Pelo Filtro de Nome...
	Tempo Para buscar: 758
Loja: Americanas
	URL Principal: http://www.americanas.com.br/
	URL Busca: http://busca.americanas.com.br/busca.php?q=<BUSCA>
http://busca.americanas.com.br/busca.php?q=monster+hunter+ultimate+4
		Documento Lido
		Resultados: 4
		Nome do Produto: Jogo Nintendo 3ds Monster Hunter Ultimate 4 - Capcom
http://www.americanas.com.br/produto/9814064/jogo-nintendo-3ds-monster-hunter-ultimate-4-capcom
		Acessando URL do produto.
		Nome do Produto: Jogo Nintendo 3ds Monster Hunter Ultimate 4 - Capcom
http://www.americanas.com.br/produto/8579697/jogo-nintendo-3ds-monster-hunter-ultimate-4-capcom
		Acessando URL do produto.
		Nome do Produto: Monster Hunter 4 Ultimate N3ds
http://www.americanas.com.br/produto/9957090/monster-hunter-4-ultimate-n3ds
		Acessando URL do produto.
		Nome do Produto: Monster Hunter 4 Ultimate N3ds
http://www.americanas.com.br/produto/9957090/monster-hunter-4-ultimate-n3ds
		Acessando URL do produto.
	Tempo Para buscar: 1118
Loja: Big Boy Games
	URL Principal: http://www.bigboygames.com.br/
	URL Busca: http://www.bigboygames.com.br/pesquisa/?p=<BUSCA>
http://www.bigboygames.com.br/pesquisa/?p=monster+hunter+ultimate+4
		Documento Lido
		Resultados: 3
		Nome do Produto: 3DS - Monster Hunter 4 Ultimate
http://www.bigboygames.com.br/3ds-monster-hunter-4-ultimate-p6907/
		Acessando URL do produto.
		Nome do Produto: WiiU - Monster Hunter 3 Ultimate
			Igorando Pelo Filtro de Nome...
		Nome do Produto: Monster Hunter 3 Ultimate - 3DS
			Igorando Pelo Filtro de Nome...
	Tempo Para buscar: 1959
Loja: Casas Bahia
	URL Principal: http://www.casasbahia.com.br/
	URL Busca: http://buscas.casasbahia.com.br/search?w=<BUSCA>
http://buscas.casasbahia.com.br/search?w=monster+hunter+ultimate+4
		Documento Lido
		Resultados: 1
		Nome do Produto: Jogo Monster Hunter 3 Ultimate - 3DS
			Igorando Pelo Filtro de Nome...
		Nome do Produto: Game Monster Hunter Ultimate 4 - 3DS
http://buscas.casasbahia.com.br/search?p=R&srid=S6-USWSD02&lbc=casasbahia&w=monster%20hunter%20ultimate%204&url=http%3a%2f%2fproduto.casasbahia.com.br%2f5413956%3f&rk=2&uid=191339237&sid=2&ts=custom&rsc=rBYvvAbQz7kks-sI&method=and&isort=score&view=grid
		Acessando URL do produto.
		Nome do Produto: Game Monster Hunter 3 Ultimate - WiiU
			Igorando Pelo Filtro de Nome...
	Tempo Para buscar: 2026
Loja: Extra
	URL Principal: http://www.extra.com.br/
	URL Busca: http://buscando.extra.com.br/search?w=<BUSCA>
http://buscando.extra.com.br/search?w=monster+hunter+ultimate+4
		Documento Lido
		Resultados: 3
		Nome do Produto: Game Monster Hunter Ultimate 4 - 3DS
http://buscando.extra.com.br/search?p=R&srid=S1-USESD01&lbc=extra&w=monster%20hunter%20ultimate%204&url=http%3a%2f%2fproduto.extra.com.br%2f5413956%3f&rk=1&uid=191347425&sid=2&ts=custom&rsc=IPfu%3a1P05vhJtaXE&method=and&isort=score&view=grid
		Acessando URL do produto.
		Nome do Produto: Jogo Monster Hunter 3 Ultimate - 3DS
			Igorando Pelo Filtro de Nome...
		Nome do Produto: Game Monster Hunter 3 Ultimate - WiiU
			Igorando Pelo Filtro de Nome...
	Tempo Para buscar: 1879
Loja: E-Virtua
	URL Principal: http://www.evirtua.com.br/
	URL Busca: http://www.evirtua.com.br/Busca?search_department_id=0&SearchTerm=<BUSCA>
http://www.evirtua.com.br/Busca?search_department_id=0&SearchTerm=monster+hunter+ultimate+4
		Documento Lido
		Resultados: 1
		Nome do Produto: Monster Hunter 4 Ultimate - Nintendo 3DS
http://www.evirtua.com.br//monster-hunter-4-ultimate-nintendo-3ds/3685-01
		Acessando URL do produto.
	Tempo Para buscar: 530
Loja: Fast Games
	URL Principal: http://www.fastgames.com.br/
	URL Busca: http://www.fastgames.com.br/loja/busca.php?loja=187970&palavra_busca=<BUSCA>
http://www.fastgames.com.br/loja/busca.php?loja=187970&palavra_busca=monster+hunter+ultimate+4
		Documento Lido
		Resultados: 1
		Nome do Produto: Monster Hunter 3 Ultimate - Wii U
			Igorando Pelo Filtro de Nome...
	Tempo Para buscar: 1385
Loja: Fast Shop
	URL Principal: http://www.fastshop.com.br/loja/
	URL Busca: http://www.fastshop.com.br/webapp/wcs/stores/servlet/SearchDisplay?searchTerm=<BUSCA>&categoryId=&storeId=10151&catalogId=11052&langId=-6&pageSize=9&beginIndex=0&sType=SimpleSearch&resultCatEntryType=2&showResultsPage=true&searchSource=Q&pageView=&hotsite=fastshop
http://www.fastshop.com.br/webapp/wcs/stores/servlet/SearchDisplay?searchTerm=monster+hunter+ultimate+4&categoryId=&storeId=10151&catalogId=11052&langId=-6&pageSize=9&beginIndex=0&sType=SimpleSearch&resultCatEntryType=2&showResultsPage=true&searchSource=Q&pageView=&hotsite=fastshop
		Documento Lido
		Resultados: 0
	Tempo Para buscar: 403
Loja: FNAC
	URL Principal: http://www.fnac.com.br/index.html
	URL Busca: http://busca.fnac.com.br/?busca=<BUSCA>
http://busca.fnac.com.br/?busca=monster+hunter+ultimate+4
		Documento Lido
		Resultados: 20
		Nome do Produto: Escolhida ao Anoitecer
			Igorando Pelo Filtro de Nome...
		Nome do Produto: Poética E Tópicos 1,2,3 E 4
			Igorando Pelo Filtro de Nome...
		Nome do Produto: Speaker 2 em 1 Logitech Z213 Multimedia
			Igorando Pelo Filtro de Nome...
		Nome do Produto: Smart TV LED Android Sony Xbr-49x835c 49" 4k 960hz 4-hdmi
			Igorando Pelo Filtro de Nome...
		Nome do Produto: Smart TV LED Samsung Un55ju6500gxzd 55" Ultra HD Plana 240hz 4-hdmi Wi-fi Integrado
			Igorando Pelo Filtro de Nome...
		Nome do Produto: Smart TV LED Samsung Un55ju6700gxzd Curved 55" Ultra HD 240hz 4-hdmi Wi-fi Integrado
			Igorando Pelo Filtro de Nome...
		Nome do Produto: Adivinha O que É (DVD)
			Igorando Pelo Filtro de Nome...
		Nome do Produto: Iphone 6 Plus 128gb Cinza Espacial Tela Retina HD 5.5" A8-1.4ghz Ios 8.0 Câmera 8mp 4g
			Igorando Pelo Filtro de Nome...
		Nome do Produto: Iphone 6 Plus 128gb Prata Tela Retina HD 5.5" A8-1.4ghz Ios 8.0 Câmera 8mp 4g
			Igorando Pelo Filtro de Nome...
		Nome do Produto: Ipad Air 2 Gold 128gb Wi-fi + Cellular Mh1g2br/a
			Igorando Pelo Filtro de Nome...
		Nome do Produto: Nascida À Meia-noite
			Igorando Pelo Filtro de Nome...
		Nome do Produto: Levada ao Entardecer - Os Sobrenaturais
			Igorando Pelo Filtro de Nome...
		Nome do Produto: As Crônicas de Della Tsang
			Igorando Pelo Filtro de Nome...
		Nome do Produto: 40 Anos de Música
			Igorando Pelo Filtro de Nome...
		Nome do Produto: Somos Todos Iguais
			Igorando Pelo Filtro de Nome...
		Nome do Produto: Henry Iv, Part I & Part Ii
			Igorando Pelo Filtro de Nome...
		Nome do Produto: Ultimate Santana
			Igorando Pelo Filtro de Nome...
		Nome do Produto: Macbook Air 11.6'' Core I5 Dual Core 4gb 128gb Mjvm2bz/a
			Igorando Pelo Filtro de Nome...
		Nome do Produto: Smart TV LED Toshiba 55l7400 55" Ultra Hd/4k 60hz 3-hdmi 2-usb Wi-fi Integrado
			Igorando Pelo Filtro de Nome...
		Nome do Produto: Monster High - Monster Fusion (DVD)
			Igorando Pelo Filtro de Nome...
	Tempo Para buscar: 1115
Loja: Kabum
	URL Principal: http://www.kabum.com.br/
	URL Busca: http://www.kabum.com.br/cgi-local/site/listagem/listagem.cgi?string=<BUSCA>&btnG=
http://www.kabum.com.br/cgi-local/site/listagem/listagem.cgi?string=monster+hunter+ultimate+4&btnG=
		Documento Lido
		Resultados: 0
	Tempo Para buscar: 1176
Loja: Livraria Cultura
	URL Principal: http://www.livrariacultura.com.br/
	URL Busca: http://www.livrariacultura.com.br/busca?N=0&Ntt=<BUSCA>
http://www.livrariacultura.com.br/busca?N=0&Ntt=monster+hunter+ultimate+4
		Documento Lido
		Resultados: 48
		Nome do Produto: GATOS GUERREIROS - TEMPESTADE
			Igorando Pelo Filtro de Nome...
		Nome do Produto: MONSTER HIGH - MONSTRAMIGAS ATE O FIM
			Igorando Pelo Filtro de Nome...
		Nome do Produto: MONSTER 4
			Igorando Pelo Filtro de Nome...
		Nome do Produto: MONSTER HUNTER ORAGE - Nº01
			Igorando Pelo Filtro de Nome...
		Nome do Produto: MONSTER HUNTER INTERNATIONAL
			Igorando Pelo Filtro de Nome...
		Nome do Produto: DUNGEONS & DRAGONS 4.0 MONSTER MANUAL
			Igorando Pelo Filtro de Nome...
		Nome do Produto: ULTIMATE SHERLOCK HOLMES COLLECTION: 4
			Igorando Pelo Filtro de Nome...
		Nome do Produto: MONSTER HUNTER ORAGE 4
			Igorando Pelo Filtro de Nome...
		Nome do Produto: LADY JESSICA, MONSTER HUNTER: EPISODE 4 - TOOTH
			Igorando Pelo Filtro de Nome...
		Nome do Produto: SOBRENATURAIS, OS - SUSSURROS AO LUAR
			Igorando Pelo Filtro de Nome...
		Nome do Produto: PROFESSIONAL ASP.NET 4.5 IN C# AND VB
			Igorando Pelo Filtro de Nome...
		Nome do Produto: WARRIORS: THE ULTIMATE GUIDE
			Igorando Pelo Filtro de Nome...
		Nome do Produto: SAMURAI GHOST AND MONSTER WARS
			Igorando Pelo Filtro de Nome...
		Nome do Produto: WARRIORS: DAWN OF THE CLANS #4: THE BLAZING STAR
			Igorando Pelo Filtro de Nome...
		Nome do Produto: WARRIORS: POWER OF THREE #4: ECLIPSE
			Igorando Pelo Filtro de Nome...
		Nome do Produto: WILL WORK 4 FOOD
			Igorando Pelo Filtro de Nome...
		Nome do Produto: LIGHT SCIENCE AND MAGIC 4/E: AN INTRODUCTION TO
			Igorando Pelo Filtro de Nome...
		Nome do Produto: WARRIORS, POWER OF THREE, V.4 - ECLIPSE
			Igorando Pelo Filtro de Nome...
		Nome do Produto: SEEKERS: RETURN TO THE WILD #4: FOREST OF WOLVES
			Igorando Pelo Filtro de Nome...
		Nome do Produto: THE KILLING TRAIL (BODIE THE STALKER #4)
			Igorando Pelo Filtro de Nome...
		Nome do Produto: WARRIORS, OMEN OF THE STARS, V.4 -SIGN OF THE MOON
			Igorando Pelo Filtro de Nome...
		Nome do Produto: WARRIORS, V.4 - RISING STORM
			Igorando Pelo Filtro de Nome...
		Nome do Produto: WARRIORS, V.4 - RISING STORM
			Igorando Pelo Filtro de Nome...
		Nome do Produto: SURVIVORS #4: THE BROKEN PATH
			Igorando Pelo Filtro de Nome...
		Nome do Produto: WARRIORS, THE NEW PROPHECY, V.4 - STARLIGHT
			Igorando Pelo Filtro de Nome...
		Nome do Produto: SCIENCE YEAR 4
			Igorando Pelo Filtro de Nome...
		Nome do Produto: GEORGE GENTLY OMNIBUS (BOOKS 1-4)
			Igorando Pelo Filtro de Nome...
		Nome do Produto: SEEKERS SERIES, V.4 - THE LAST WILDERNESS
			Igorando Pelo Filtro de Nome...
		Nome do Produto: WARRIORS, OMEN OF THE STARS, V.4 - SIGN OF THE
			Igorando Pelo Filtro de Nome...
		Nome do Produto: THE MONSTER IN ME
			Igorando Pelo Filtro de Nome...
		Nome do Produto: SMOKE TRAILS - THE LAST OF THE F-4 PHANTOMS
			Igorando Pelo Filtro de Nome...
		Nome do Produto: WARRIORS: OMEN OF THE STARS #4: SIGN OF THE MOON
			Igorando Pelo Filtro de Nome...
		Nome do Produto: HIGH COUNTRY KILL (JASON BRAND WESTERN #4)
			Igorando Pelo Filtro de Nome...
		Nome do Produto: WARRIORS, THE NEW PROPHECY, V.4 - STARLIGHT
			Igorando Pelo Filtro de Nome...
		Nome do Produto: WARRIORS, THE NEW PROPHECY, V.4 - STARLIGHT
			Igorando Pelo Filtro de Nome...
		Nome do Produto: SEEKERS #4: THE LAST WILDERNESS
			Igorando Pelo Filtro de Nome...
		Nome do Produto: BETTER THAN SEX
			Igorando Pelo Filtro de Nome...
		Nome do Produto: THE MONTAUK MONSTER
			Igorando Pelo Filtro de Nome...
		Nome do Produto: INDUSTRIAL JAPAN
			Igorando Pelo Filtro de Nome...
		Nome do Produto: WARRIORS: THE NEW PROPHECY #4: STARLIGHT
			Igorando Pelo Filtro de Nome...
		Nome do Produto: STARLIGHT (WARRIORS: THE NEW PROPHECY, BOOK 4)
			Igorando Pelo Filtro de Nome...
		Nome do Produto: THE ULTIMATE VEGAN COOK BOOK
			Igorando Pelo Filtro de Nome...
		Nome do Produto: WARRIORS, POWER OF THREE, V.4 - ECLIPSE
			Igorando Pelo Filtro de Nome...
		Nome do Produto: SEEKERS SERIES, V.4 - THE LAST WILDERNESS
			Igorando Pelo Filtro de Nome...
		Nome do Produto: WARRIORS #4: RISING STORM
			Igorando Pelo Filtro de Nome...
		Nome do Produto: ULTIMATE SAILING
			Igorando Pelo Filtro de Nome...
		Nome do Produto: SEEKERS, V.4 - THE LAST WILDERNESS
			Igorando Pelo Filtro de Nome...
		Nome do Produto: THE MONSTER MAN
			Igorando Pelo Filtro de Nome...
	Tempo Para buscar: 2665
Loja: Magazine Luiza
	URL Principal: http://www.magazineluiza.com.br/
	URL Busca: http://www.magazineluiza.com.br/busca/<BUSCA>/
http://www.magazineluiza.com.br/busca/monster+hunter+ultimate+4/
		Documento Lido
		Resultados: 60
		Nome do Produto: Pen Drive 4GB Multilaser - Twist 2
			Igorando Pelo Filtro de Nome...
		Nome do Produto: Warriors Orochi 3 Ultimate para PS4 - Koei
			Igorando Pelo Filtro de Nome...
		Nome do Produto: Injustice: Gods Among Us - Ultimate Edition p/ PS4 - Warner
			Igorando Pelo Filtro de Nome...
		Nome do Produto: Evolve para PS4 - 2K Games
			Igorando Pelo Filtro de Nome...
		Nome do Produto: NBA 2K15 para PS4 - Take 2
			Igorando Pelo Filtro de Nome...
		Nome do Produto: Godzilla para PS4 - Bandai Namco
			Igorando Pelo Filtro de Nome...
		Nome do Produto: Knack para PS4 - Sony
			Igorando Pelo Filtro de Nome...
		Nome do Produto: NHL 15 para PS4 - EA
			Igorando Pelo Filtro de Nome...
		Nome do Produto: Madden NFL 15 para PS4 - EA
			Igorando Pelo Filtro de Nome...
		Nome do Produto: NBA Live 15 para PS4 - EA
			Igorando Pelo Filtro de Nome...
		Nome do Produto: Murdered Soul Suspect para PS4 - Capcom
			Igorando Pelo Filtro de Nome...
		Nome do Produto: F1 2015 para PS4 - Codemasters
			Igorando Pelo Filtro de Nome...
		Nome do Produto: Dark Souls II: Scholar of the First Sin para PS4 - Namco Bandai
			Igorando Pelo Filtro de Nome...
		Nome do Produto: Rabbids Invasion para PS4 - Ubisoft
			Igorando Pelo Filtro de Nome...
		Nome do Produto: Shadow Warrior para PS4 - Majesco Entertainment
			Igorando Pelo Filtro de Nome...
		Nome do Produto: The Elder Scrolls para PS4 - Bethesda
			Igorando Pelo Filtro de Nome...
		Nome do Produto: The Wolf Among Us p/ PS4 - Telltale Games
			Igorando Pelo Filtro de Nome...
		Nome do Produto: Monopoly Family Fun Pack para PS4 - Ubisoft
			Igorando Pelo Filtro de Nome...
		Nome do Produto: Terra Média - Sombras de Mordor para PS4 - Warner
			Igorando Pelo Filtro de Nome...
		Nome do Produto: Lego - O Hobbit para PS4 - Warner
			Igorando Pelo Filtro de Nome...
		Nome do Produto: The Lego Movie Videogame p/ PS4 - Warner
			Igorando Pelo Filtro de Nome...
		Nome do Produto: The Walking Dead - Game of the Year Edition - p/ PS4 - Telltale Games
			Igorando Pelo Filtro de Nome...
		Nome do Produto: Samurai Warriors 4 para PS4 - Koei
			Igorando Pelo Filtro de Nome...
		Nome do Produto: Far Cry 4 para PS4 - Ubisoft
			Igorando Pelo Filtro de Nome...
		Nome do Produto: Destiny para PS4 - Activision
			Igorando Pelo Filtro de Nome...
		Nome do Produto: Bound by Flame para PS4 - Spiders Studio
			Igorando Pelo Filtro de Nome...
		Nome do Produto: Lego Jurassic World para PS4 - Warner
			Igorando Pelo Filtro de Nome...
		Nome do Produto: The Order: 1886 para PS4 - Ready At Dawn
			Igorando Pelo Filtro de Nome...
		Nome do Produto: Infamous Second Son para PS4 - Sony
			Igorando Pelo Filtro de Nome...
		Nome do Produto: Far Cry 4 Kyrat Edition para PS4 - Ubisoft
			Igorando Pelo Filtro de Nome...
		Nome do Produto: Need for Speed Rivals para PS4 - EA
			Igorando Pelo Filtro de Nome...
		Nome do Produto: LEGO Batman 3 - Beyond Gotham para PS4 - Warner
			Igorando Pelo Filtro de Nome...
		Nome do Produto: The Crew - Signature Edition para PS4 - Ubisoft
			Igorando Pelo Filtro de Nome...
		Nome do Produto: Terra Média - Sombras de Mordor para PS4 - Warner
			Igorando Pelo Filtro de Nome...
		Nome do Produto: Lego Marvel Super Heroes para PS4 - Warner
			Igorando Pelo Filtro de Nome...
		Nome do Produto: The Last of Us - Remasterizado para PS4 - Naughty Dog
			Igorando Pelo Filtro de Nome...
		Nome do Produto: The Walking Dead - Season 2 para PS4 - Telltale Games
			Igorando Pelo Filtro de Nome...
		Nome do Produto: Driveclub para PS4 - Sony
			Igorando Pelo Filtro de Nome...
		Nome do Produto: Dying Light para PS4 - Warner
			Igorando Pelo Filtro de Nome...
		Nome do Produto: Fifa 15 para PS4 - EA
			Igorando Pelo Filtro de Nome...
		Nome do Produto: J-Stars Victory VS+ para PS4 - Bandai Namco
			Igorando Pelo Filtro de Nome...
		Nome do Produto: God of War III - Remasterizado para PS4 - Santa Monica Studio
			Igorando Pelo Filtro de Nome...
		Nome do Produto: Battlefield Hardline para PS4 - EA
			Igorando Pelo Filtro de Nome...
		Nome do Produto: Bloodborne para PS4 - Sony
			Igorando Pelo Filtro de Nome...
		Nome do Produto: Fifa 14 para PS4 - EA
			Igorando Pelo Filtro de Nome...
		Nome do Produto: Angry Birds Star Wars p/ PS4 - Activision
			Igorando Pelo Filtro de Nome...
		Nome do Produto: Resident Evil Revelations 2 para PS4 - Capcom
			Igorando Pelo Filtro de Nome...
		Nome do Produto: Devil May Cry: Definitive Edition para PS4 - Capcom
			Igorando Pelo Filtro de Nome...
		Nome do Produto: The Witcher 3: Wild Hunt para PS4 - CD Project RED
			Igorando Pelo Filtro de Nome...
		Nome do Produto: Call of Duty - Advanced Warfare: Day Zero para PS4 - Activision
			Igorando Pelo Filtro de Nome...
		Nome do Produto: Just Dance 2015 para PS4 - Ubisoft
			Igorando Pelo Filtro de Nome...
		Nome do Produto: PES 2015 - Pro Evolution Soccer 2015 para PS4 - Konam
			Igorando Pelo Filtro de Nome...
		Nome do Produto: Assassins Creed Unity - Signature Edition para PS4 - Ubisoft
			Igorando Pelo Filtro de Nome...
		Nome do Produto: Battlefield 4 para PS4 - EA
			Igorando Pelo Filtro de Nome...
		Nome do Produto: Air Conflict Vietnam para PS4 - Kalipso
			Igorando Pelo Filtro de Nome...
		Nome do Produto: Assassins Creed IV: Black Flag - Edição Limitada - p/ PS4 - Ubisoft
			Igorando Pelo Filtro de Nome...
		Nome do Produto: Just Dance 2014 p/ PS4 - Ubisoft
			Igorando Pelo Filtro de Nome...
		Nome do Produto: Monster Extreme Black - Probiótica
			Igorando Pelo Filtro de Nome...
		Nome do Produto: Animal Pack Monster Extreme Black 22 Packs - Probiótica
			Igorando Pelo Filtro de Nome...
		Nome do Produto: Monster Nitro Pack NO2 44 Packs Professional Line - Probiótica
			Igorando Pelo Filtro de Nome...
	Tempo Para buscar: 1356
Loja: Mula Games
	URL Principal: http://www.mulagames.com.br/
	URL Busca: http://www.mulagames.com.br/produtos-index/catalogo_produtos/-/-/<BUSCA>/-/-/-/-/-/
http://www.mulagames.com.br/produtos-index/catalogo_produtos/-/-/monster%20hunter%20ultimate%204/-/-/-/-/-/
		Documento Lido
		Resultados: 1
		Nome do Produto: Monster Hunter 4 Ultimate - 3DS
http://www.mulagames.com.br/Monster-Hunter-4-Ultimate-3DS/prod-2690779/
		Acessando URL do produto.
http://www.mulagames.com.br/produto-ajax_retorna_dados_preco_comprar/2690779
		Acessando URL do preço produto.
	Tempo Para buscar: 2225
Loja: Net Shoes
	URL Principal: http://www.netshoes.com.br/
	URL Busca: http://www.netshoes.com.br/search?Ntt=<BUSCA>
http://www.netshoes.com.br/search?Ntt=monster+hunter+ultimate+4
		Documento Lido
		Resultados: 60
		Nome do Produto: Chuteira Adidas Ace 15.4 FG Campo
			Igorando Pelo Filtro de Nome...
		Nome do Produto: Tênis Asics Gel Ventura 4
			Igorando Pelo Filtro de Nome...
		Nome do Produto: Kit Cueca Boxer Lupo 4 peças
			Igorando Pelo Filtro de Nome...
		Nome do Produto: Tênis Nike Air Relentless 4 MSL
			Igorando Pelo Filtro de Nome...
		Nome do Produto: Tênis Nike In-Season TR 4
			Igorando Pelo Filtro de Nome...
		Nome do Produto: Barraca Mormaii Bali 4
			Igorando Pelo Filtro de Nome...
		Nome do Produto: Tênis Asics Gel Ventura 4
			Igorando Pelo Filtro de Nome...
		Nome do Produto: Kit Cueca Boxer Lupo 4 peças
			Igorando Pelo Filtro de Nome...
		Nome do Produto: Tênis Adidas 4.3 K Infantil
			Igorando Pelo Filtro de Nome...
		Nome do Produto: Tênis Nike Air Relentless 4 MSL
			Igorando Pelo Filtro de Nome...
		Nome do Produto: Tênis Nike In-Season TR 4 Print
			Igorando Pelo Filtro de Nome...
		Nome do Produto: Barraca Mormaii Bali p/ 4 pessoas
			Igorando Pelo Filtro de Nome...
		Nome do Produto: Tênis Asics Gel Ventura 4
			Igorando Pelo Filtro de Nome...
		Nome do Produto: Chuteira Penalty K Soccer Matís 4 Futsal Juvenil
			Igorando Pelo Filtro de Nome...
		Nome do Produto: Tênis Nike Air Relentless 4 MSL
			Igorando Pelo Filtro de Nome...
		Nome do Produto: Tênis Adidas Barricade Team 4
			Igorando Pelo Filtro de Nome...
		Nome do Produto: Tênis Nike Air Relentless 4 MSL
			Igorando Pelo Filtro de Nome...
		Nome do Produto: Kit Luva de Boxe Everlast Pro Style - 12 oz + Bandagem Elástica Everlast 4,60 m
			Igorando Pelo Filtro de Nome...
		Nome do Produto: Tênis Mizuno Wave Prophecy 4
			Igorando Pelo Filtro de Nome...
		Nome do Produto: Tênis Nike Air Relentless 4 MSL
			Igorando Pelo Filtro de Nome...
		Nome do Produto: Chuteira Penalty Digital R1 4 Campo
			Igorando Pelo Filtro de Nome...
		Nome do Produto: Kit Cueca Boxer Lupo 4 peças
			Igorando Pelo Filtro de Nome...
		Nome do Produto: Tênis Mizuno Wave Prophecy 4
			Igorando Pelo Filtro de Nome...
		Nome do Produto: Tênis Fila Lugano 4.0
			Igorando Pelo Filtro de Nome...
		Nome do Produto: Chuteira Adidas Ace 15 4 IN Futsal
			Igorando Pelo Filtro de Nome...
		Nome do Produto: Chuteira Adidas X 15 4 IN Futsal
			Igorando Pelo Filtro de Nome...
		Nome do Produto: Tênis Asics Gel Ventura 4
			Igorando Pelo Filtro de Nome...
		Nome do Produto: Tênis Nike In-Season TR 4
			Igorando Pelo Filtro de Nome...
		Nome do Produto: Tênis Nike In-Season TR 4 Print
			Igorando Pelo Filtro de Nome...
		Nome do Produto: Caneleira Shura 4 Kg
			Igorando Pelo Filtro de Nome...
		Nome do Produto: Tênis Nike Air Relentless 4 MSL
			Igorando Pelo Filtro de Nome...
		Nome do Produto: Chuteira Penalty Victoria Pro 4 Futsal
			Igorando Pelo Filtro de Nome...
		Nome do Produto: Tênis Adidas Barricade Team 4
			Igorando Pelo Filtro de Nome...
		Nome do Produto: Tênis Nike Lunar Forever 4
			Igorando Pelo Filtro de Nome...
		Nome do Produto: Tênis Nike Air Relentless 4 MSL
			Igorando Pelo Filtro de Nome...
		Nome do Produto: Tênis Onitsuka Tiger Ultimate 81 PS Infantil
			Igorando Pelo Filtro de Nome...
		Nome do Produto: Tênis Nike In-Season TR 4
			Igorando Pelo Filtro de Nome...
		Nome do Produto: Chuteira Adidas X 15 4 FG Campo
			Igorando Pelo Filtro de Nome...
		Nome do Produto: Agasalho Topper Training Sport 4
			Igorando Pelo Filtro de Nome...
		Nome do Produto: Tênis Mizuno Wave Prophecy 4
			Igorando Pelo Filtro de Nome...
		Nome do Produto: Whey Cor-Performance 4 Lbs - Cellucor
			Igorando Pelo Filtro de Nome...
		Nome do Produto: Carnivor 4 Lbs - MuscleMeds
			Igorando Pelo Filtro de Nome...
		Nome do Produto: Tênis Asics Gel Dedicate 4
			Igorando Pelo Filtro de Nome...
		Nome do Produto: Tênis Adidas 4.4
			Igorando Pelo Filtro de Nome...
		Nome do Produto: Chuteira Adidas Messi 15.4 IN Futsal
			Igorando Pelo Filtro de Nome...
		Nome do Produto: Tênis Adidas 4.3 K Infantil
			Igorando Pelo Filtro de Nome...
		Nome do Produto: Calça 3/4 Asics Ayami
			Igorando Pelo Filtro de Nome...
		Nome do Produto: Chuteira Adidas X 15 4 TF Society
			Igorando Pelo Filtro de Nome...
		Nome do Produto: Tênis Mizuno Wave Prophecy 4
			Igorando Pelo Filtro de Nome...
		Nome do Produto: Sensor de Velocidade e Cadência ALL4ONE Smart Bluetooth 4.0 - Connect Bike
			Igorando Pelo Filtro de Nome...
		Nome do Produto: Tênis Nike In-Season TR 4 Print
			Igorando Pelo Filtro de Nome...
		Nome do Produto: Casein Gold Standard 4 Lbs - Optimum Nutrition
			Igorando Pelo Filtro de Nome...
		Nome do Produto: Chuteira Adidas Ace 15 4 ST Futsal
			Igorando Pelo Filtro de Nome...
		Nome do Produto: Tênis Fila Lugano 4.0
			Igorando Pelo Filtro de Nome...
		Nome do Produto: Chuteira Adidas X 15 4 TF Society
			Igorando Pelo Filtro de Nome...
		Nome do Produto: Tênis Nike Flex Experience RN 4
			Igorando Pelo Filtro de Nome...
		Nome do Produto: Waxy Maize 1,4 kg - Probiótica
			Igorando Pelo Filtro de Nome...
		Nome do Produto: Calça 3/4 Asics Ayami
			Igorando Pelo Filtro de Nome...
		Nome do Produto: Calça 3/4 Nike Legend DFC 2.0
			Igorando Pelo Filtro de Nome...
		Nome do Produto: Sandália Nike Sunray Adjust 4 GGP Infantil
			Igorando Pelo Filtro de Nome...
	Tempo Para buscar: 661
Loja: Ponto Frio
	URL Principal: http://www.pontofrio.com.br/
	URL Busca: http://search.pontofrio.com.br/search?w=<BUSCA>
http://search.pontofrio.com.br/search?w=monster+hunter+ultimate+4
		Documento Lido
		Resultados: 1
		Nome do Produto: Jogo Monster Hunter 3 Ultimate - 3DS
			Igorando Pelo Filtro de Nome...
		Nome do Produto: Game Monster Hunter Ultimate 4 - 3DS
http://search.pontofrio.com.br/search?p=R&srid=S3-USESD02&lbc=pontofrio-br&w=monster%20hunter%20ultimate%204&url=http%3a%2f%2fproduto.pontofrio.com.br%2f5413956%3f&rk=2&uid=191487138&sid=2&ts=custom&rsc=mFNzheeWNNRTgARY&method=and&isort=score&view=grid
		Nome do Produto: Game Monster Hunter 3 Ultimate - WiiU
			Igorando Pelo Filtro de Nome...
		Nome do Produto: Jogo Monster Hunter 3 Ultimate - 3DS
			Igorando Pelo Filtro de Nome...
		Nome do Produto: Game Monster Hunter Ultimate 4 - 3DS
http://search.pontofrio.com.br/search?p=R&srid=S3-USESD02&lbc=pontofrio-br&w=monster%20hunter%20ultimate%204&url=http%3a%2f%2fproduto.pontofrio.com.br%2f5413956%3f&rk=2&uid=191487138&sid=2&ts=custom&rsc=mFNzheeWNNRTgARY&method=and&isort=score&view=grid
		Nome do Produto: Game Monster Hunter 3 Ultimate - WiiU
			Igorando Pelo Filtro de Nome...
	Tempo Para buscar: 2851
Loja: Ricardo Eletro
	URL Principal: http://www.ricardoeletro.com.br/
	URL Busca: http://www.ricardoeletro.com.br/Busca/Resultado/?q=<BUSCA>
http://www.ricardoeletro.com.br/Busca/Resultado/?q=monster+hunter+ultimate+4
		Documento Lido
		Resultados: 24
		Nome do Produto: Bicicleta Aro 20 Monster High - Caloi
			Igorando Pelo Filtro de Nome...
		Nome do Produto: Boneca Monster High Aula de Arte - Draculaura - Mattel
			Igorando Pelo Filtro de Nome...
		Nome do Produto: Monster High Clawdeen Wolf - Mattel
			Igorando Pelo Filtro de Nome...
		Nome do Produto: Boneca Monster High - Monster Fusion - Frankie Stein - Mattel
			Igorando Pelo Filtro de Nome...
		Nome do Produto: Monster High Quartos De Arrepiar Penteadeira - Mattel
			Igorando Pelo Filtro de Nome...
		Nome do Produto: Pelúcia Ghoilia Yelps Monster High - BBR
			Igorando Pelo Filtro de Nome...
		Nome do Produto: Boneca Monster High - Monster Fusion - Operetta - Mattel
			Igorando Pelo Filtro de Nome...
		Nome do Produto: Pelúcia Cleo de Line Monster High - BBR
			Igorando Pelo Filtro de Nome...
		Nome do Produto: Boneca Monster High - Monster Fusion - Ghoulia Yelps - Mattel
			Igorando Pelo Filtro de Nome...
		Nome do Produto: Boneca Monster High Deuce Gorgon Olhar Assustador - Mattel
			Igorando Pelo Filtro de Nome...
		Nome do Produto: 6005 - LEGO City - Monster Truck
			Igorando Pelo Filtro de Nome...
		Nome do Produto: Pelúcia Abbey Bominable Monster High - BBR
			Igorando Pelo Filtro de Nome...
		Nome do Produto: Fone De Ouvido Monster High PH105 Multilaser
			Igorando Pelo Filtro de Nome...
		Nome do Produto: Fantasia Monster High Draculaura - Sulamericana
			Igorando Pelo Filtro de Nome...
		Nome do Produto: Fantasia Monster High Lagoona - Sulamericana
			Igorando Pelo Filtro de Nome...
		Nome do Produto: Fantasia Monster High Rochelle - Sulamericana
			Igorando Pelo Filtro de Nome...
		Nome do Produto: Fantasia Monster High Frankie Luxo - Sulamericana
			Igorando Pelo Filtro de Nome...
		Nome do Produto: Fantasia Monster High Draculaura Pop - Sulamericana
			Igorando Pelo Filtro de Nome...
		Nome do Produto: Pelúcia Pet Hissette Monster High - BBR
			Igorando Pelo Filtro de Nome...
		Nome do Produto: Massa Monster Black 1,5kg - Probiótica Professional Line
			Igorando Pelo Filtro de Nome...
		Nome do Produto: Fantasia Monster High Cleo de Nile - Sulamericana
			Igorando Pelo Filtro de Nome...
		Nome do Produto: Pelúcia Pet Neptuna Monster High- BBR toys
			Igorando Pelo Filtro de Nome...
		Nome do Produto: Fone De Ouvido Monster High Skull PH106
			Igorando Pelo Filtro de Nome...
		Nome do Produto: Fone De Ouvido Monster High PH107 Multilaser
			Igorando Pelo Filtro de Nome...
	Tempo Para buscar: 1423
Loja: RiHappy
	URL Principal: http://www.rihappy.com.br/
	URL Busca: http://www.rihappy.com.br/<BUSCA>
http://www.rihappy.com.br/monster%20hunter%20ultimate%204
		Documento Lido
		Resultados: 0
	Tempo Para buscar: 817
Loja: Saraiva
	URL Principal: http://www.saraiva.com.br/
	URL Busca: http://busca.saraiva.com.br/search?w=<BUSCA>&PAC_ID=129457&ts=ajax
http://busca.saraiva.com.br/search?w=monster+hunter+ultimate+4&PAC_ID=129457&ts=ajax
		Documento Lido
		Resultados: 2
		Nome do Produto: Calculadora Cientifica HP 10s+
			Igorando Pelo Filtro de Nome...
		Nome do Produto: ENEM Coleção Completa - Edição 2015
			Igorando Pelo Filtro de Nome...
	Tempo Para buscar: 164
Loja: Shop Facil
	URL Principal: http://ww2.shopfacil.com.br/
	URL Busca: http://ww2.shopfacil.com.br/<BUSCA>
http://ww2.shopfacil.com.br/monster%20hunter%20ultimate%204
		Documento Lido
		Resultados: 0
	Tempo Para buscar: 1783
Loja: Shop Time
	URL Principal: http://www.shoptime.com.br/
	URL Busca: http://busca.shoptime.com.br/busca.php?q=<BUSCA>
http://busca.shoptime.com.br/busca.php?q=monster+hunter+ultimate+4
		Documento Lido
		Resultados: 3
		Nome do Produto: Jogo Nintendo 3ds Monster Hunter Ultimate 4 - Capcom Jogo Nintendo 3ds Monster Hunter Ultimate 4 - Capcom Monster Hunter 4 Ultimate N3ds
http://www.shoptime.com.br/produto/8579697/jogo-nintendo-3ds-monster-hunter-ultimate-4-capcom
		Acessando URL do produto.
		Nome do Produto: Jogo Nintendo 3ds Monster Hunter Ultimate 4 - Capcom Jogo Nintendo 3ds Monster Hunter Ultimate 4 - Capcom Monster Hunter 4 Ultimate N3ds
http://www.shoptime.com.br/produto/9814064/jogo-nintendo-3ds-monster-hunter-ultimate-4-capcom
		Acessando URL do produto.
		Nome do Produto: Jogo Nintendo 3ds Monster Hunter Ultimate 4 - Capcom Jogo Nintendo 3ds Monster Hunter Ultimate 4 - Capcom Monster Hunter 4 Ultimate N3ds
http://www.shoptime.com.br/produto/9957090/monster-hunter-4-ultimate-n3ds
		Acessando URL do produto.
	Tempo Para buscar: 1024
Loja: ShopB
	URL Principal: http://www.shopb.com.br/
	URL Busca: http://busca.shopb.com.br/?busca=<BUSCA>
http://busca.shopb.com.br/?busca=monster+hunter+ultimate+4
		Documento Lido
		Resultados: 31
		Nome do Produto: Monster Hunter 4 Ultimate - 3DS
http://shopb.ecommercesearch.com.br/Busca/Redir?url=http%3a%2f%2fwww.shopb.com.br%2fecommerce_site%2findex.php%3fpg%3dproduto%26cdg%3d4488%26idp%3d39230%26idparceiro%3dp1&esid=39230
		Acessando URL do produto.
		Nome do Produto: Adaptador de Controle Gamecube 4 Portas p/ Wii U & PC - Emio
			Igorando Pelo Filtro de Nome...
		Nome do Produto: Adventure Time: Finn and Jake Investigations - PS4
			Igorando Pelo Filtro de Nome...
		Nome do Produto: Air Conflicts Vietnam: Ultimate Edition - PS4
			Igorando Pelo Filtro de Nome...
		Nome do Produto: Akibas Trip: Undead & Undressed - PS4
			Igorando Pelo Filtro de Nome...
		Nome do Produto: Alien Isolation: Nostromo Edition - PS4
			Igorando Pelo Filtro de Nome...
		Nome do Produto: Amplitude - PS4
			Igorando Pelo Filtro de Nome...
		Nome do Produto: Angry Birds: Star Wars - PS4
			Igorando Pelo Filtro de Nome...
		Nome do Produto: Antena Amplificada Bidirecional Ouro 27dB 4 em 1 VHF / UHF/ FM / Digital - Capte
			Igorando Pelo Filtro de Nome...
		Nome do Produto: Antena Externa Diamante 32dB 4 em 1 VHF / UHF / Digital / FM - Capte
			Igorando Pelo Filtro de Nome...
		Nome do Produto: Antena Interna 12db 4 em 1 - Platinum Light
			Igorando Pelo Filtro de Nome...
		Nome do Produto: Assassins Creed IV Black Flag - PS3
			Igorando Pelo Filtro de Nome...
		Nome do Produto: Assassins Creed IV Black Flag - PS4
			Igorando Pelo Filtro de Nome...
		Nome do Produto: Assassins Creed IV Black Flag - XBOX 360
			Igorando Pelo Filtro de Nome...
		Nome do Produto: Assassins Creed IV Black Flag - XBOX ONE
			Igorando Pelo Filtro de Nome...
		Nome do Produto: Assassins Creed IV Black Flag: Signature Edition - XBOX ONE
			Igorando Pelo Filtro de Nome...
		Nome do Produto: Assassins Creed IV: Black Flag Limited Edition - PS3
			Igorando Pelo Filtro de Nome...
		Nome do Produto: Assassins Creed IV: Black Flag Limited Edition - XBOX 360
			Igorando Pelo Filtro de Nome...
		Nome do Produto: Assassins Creed Unity - PS4
			Igorando Pelo Filtro de Nome...
		Nome do Produto: Assassins Creed: Syndicate - PS4
			Igorando Pelo Filtro de Nome...
		Nome do Produto: Awesomenauts Assemble! - PS4
			Igorando Pelo Filtro de Nome...
		Nome do Produto: Base Suporte Vertical & Hub USB 3 Portas - PS4
			Igorando Pelo Filtro de Nome...
		Nome do Produto: Base Suporte Vertical Branco - PS4
			Igorando Pelo Filtro de Nome...
		Nome do Produto: Batman: Arkham Knight - PS4
			Igorando Pelo Filtro de Nome...
		Nome do Produto: Batman: Arkham Knight - PS4 - Americano
			Igorando Pelo Filtro de Nome...
		Nome do Produto: Battleborn - PS4
			Igorando Pelo Filtro de Nome...
		Nome do Produto: Battlefield 4 + Filme - XBOX 360
			Igorando Pelo Filtro de Nome...
		Nome do Produto: Battlefield 4 - XBOX ONE
			Igorando Pelo Filtro de Nome...
		Nome do Produto: Battlefield Hardline - PS4
			Igorando Pelo Filtro de Nome...
		Nome do Produto: Battlefield: Bad Company 2 Ultimate Edition - XBOX 360
			Igorando Pelo Filtro de Nome...
		Nome do Produto: Bladestorm Nightmare - PS4
			Igorando Pelo Filtro de Nome...
	Tempo Para buscar: 1982
Loja: Submarino
	URL Principal: http://www.submarino.com.br/
	URL Busca: http://busca.submarino.com.br/busca.php?q=<BUSCA>
http://busca.submarino.com.br/busca.php?q=monster+hunter+ultimate+4
		Documento Lido
		Resultados: 3
		Nome do Produto: Jogo Nintendo 3ds Monster Hunter Ultimate 4 - Capcom
http://www.submarino.com.br/produto/8579697/jogo-nintendo-3ds-monster-hunter-ultimate-4-capcom
		Acessando URL do produto.
		Nome do Produto: Jogo Nintendo 3ds Monster Hunter Ultimate 4 - Capcom
http://www.submarino.com.br/produto/9814064/jogo-nintendo-3ds-monster-hunter-ultimate-4-capcom
		Acessando URL do produto.
		Nome do Produto: Monster Hunter 4 Ultimate N3ds
http://www.submarino.com.br/produto/9957090/monster-hunter-4-ultimate-n3ds
		Acessando URL do produto.
	Tempo Para buscar: 1298
Loja: Walmart
	URL Principal: http://www.walmart.com.br/
	URL Busca: http://www.walmart.com.br/busca/?ft=<BUSCA>&PS=20
http://www.walmart.com.br/busca/?ft=monster+hunter+ultimate+4&PS=20
		Documento Lido
		Resultados: 1
		Nome do Produto: Jogo Nintendo Wii U Monster Hunter 3 Ultimate
			Igorando Pelo Filtro de Nome...
	Tempo Para buscar: 697

File copied from C:\java\workspace Estudo\lookforprices\resources\imports\css.css to C:\java\workspace Estudo\lookforprices\reports\2015-08-10 12\css.css
File copied from C:\java\workspace Estudo\lookforprices\resources\imports\jquery.js to C:\java\workspace Estudo\lookforprices\reports\2015-08-10 12\jquery.js
File copied from C:\java\workspace Estudo\lookforprices\resources\imports\scripts.js to C:\java\workspace Estudo\lookforprices\reports\2015-08-10 12\scripts.js
Tempo total de execução: 31311
