Game: Persona Q
Product Name: Persona Q
Loja: Nintendo eShop
	URL Principal: http://www.nintendo.com/3ds/eshop
	URL Busca: http://www.nintendo.com/json/content/get/game/filter?&qterm=<BUSCA>
NintendoEShopSearch.search() http://www.nintendo.com/json/content/get/game/filter?&qterm=Persona+Q
		Documento Lido
		Resultados: 268
		Nome do Produto: YO-KAI WATCH
			Igorando Pelo Filtro de Nome...
		Nome do Produto: Blek
			Igorando Pelo Filtro de Nome...
		Nome do Produto: League of Heroes
			Igorando Pelo Filtro de Nome...
		Nome do Produto: Persona Q: Shadow of the Labyrinth
http://www.nintendo.com/games/detail/XBwf3Dqhwb_IEWGzE2rL9xhP-Arm4Mzz
		Acessando URL do produto.
URL = http://www.nintendo.com/games/detail/XBwf3Dqhwb_IEWGzE2rL9xhP-Arm4Mzz
		Nome do Produto: Just Dance 2015
			Igorando Pelo Filtro de Nome...
		Nome do Produto: Demon King Box
			Igorando Pelo Filtro de Nome...
		Nome do Produto: BLAZBLUE -CLONEPHANTASMA-
			Igorando Pelo Filtro de Nome...
		Nome do Produto: 101 Pony Pets 3D
			Igorando Pelo Filtro de Nome...
		Nome do Produto: Fit Music
			Igorando Pelo Filtro de Nome...
		Nome do Produto: Mega Man Xtreme
			Igorando Pelo Filtro de Nome...
		Nome do Produto: The Amazing Spider-Man 2
			Igorando Pelo Filtro de Nome...
		Nome do Produto: Disney Magical World
			Igorando Pelo Filtro de Nome...
		Nome do Produto: The Mysterious Cities of Gold: Secret Paths
			Igorando Pelo Filtro de Nome...
		Nome do Produto: Wii Fit U - Packaged Version
			Igorando Pelo Filtro de Nome...
		Nome do Produto: Wii Fit U Bundle
			Igorando Pelo Filtro de Nome...
		Nome do Produto: Nintendo 3DS Guide: Louvre
			Igorando Pelo Filtro de Nome...
		Nome do Produto: The Mysterious Cities of Gold: Secret Paths
			Igorando Pelo Filtro de Nome...
		Nome do Produto: Brawl Brothers
			Igorando Pelo Filtro de Nome...
		Nome do Produto: LEGO Friends
			Igorando Pelo Filtro de Nome...
		Nome do Produto: Wii Fit U - Digital Version
			Igorando Pelo Filtro de Nome...
		Nome do Produto: Just Dance 2014
			Igorando Pelo Filtro de Nome...
		Nome do Produto: Rune Factory 4
			Igorando Pelo Filtro de Nome...
		Nome do Produto: Rage of the Gladiator
			Igorando Pelo Filtro de Nome...
		Nome do Produto: FISH ON 3D
			Igorando Pelo Filtro de Nome...
		Nome do Produto: Pikmin 3
			Igorando Pelo Filtro de Nome...
		Nome do Produto: Gummy Bears Mini Golf
			Igorando Pelo Filtro de Nome...
		Nome do Produto: Monster Hunter 3 Ultimate
			Igorando Pelo Filtro de Nome...
		Nome do Produto: Fire Emblem Awakening
			Igorando Pelo Filtro de Nome...
		Nome do Produto: Witch's Cat
			Igorando Pelo Filtro de Nome...
		Nome do Produto: The Cave
			Igorando Pelo Filtro de Nome...
		Nome do Produto: 101 DinoPets 3D
			Igorando Pelo Filtro de Nome...
		Nome do Produto: Deer Drive Legends
			Igorando Pelo Filtro de Nome...
		Nome do Produto: Your Shape Fitness Evolved 2013
			Igorando Pelo Filtro de Nome...
		Nome do Produto: Just Dance 4
			Igorando Pelo Filtro de Nome...
		Nome do Produto: Skylanders Giants Wii U
			Igorando Pelo Filtro de Nome...
		Nome do Produto: Disney Epic Mickey 2: The Power of Two
			Igorando Pelo Filtro de Nome...
		Nome do Produto: MADDEN NFL 13
			Igorando Pelo Filtro de Nome...
		Nome do Produto: The Hip Hop Dance Experience
			Igorando Pelo Filtro de Nome...
		Nome do Produto: Pokédex 3D Pro
			Igorando Pelo Filtro de Nome...
		Nome do Produto: Imagine Babyz
			Igorando Pelo Filtro de Nome...
		Nome do Produto: Style Savvy: Trendsetters
			Igorando Pelo Filtro de Nome...
		Nome do Produto: Sparkle Snapshots 3D
			Igorando Pelo Filtro de Nome...
		Nome do Produto: Just Dance 4
			Igorando Pelo Filtro de Nome...
		Nome do Produto: NBA 2K13
			Igorando Pelo Filtro de Nome...
		Nome do Produto: THE "DENPA" MEN: They Came By Wave
			Igorando Pelo Filtro de Nome...
		Nome do Produto: Purr Pals Purrfection
			Igorando Pelo Filtro de Nome...
		Nome do Produto: Mario Tennis Open
			Igorando Pelo Filtro de Nome...
		Nome do Produto: Gogo's Crazy Bones
			Igorando Pelo Filtro de Nome...
		Nome do Produto: Horses 3D
			Igorando Pelo Filtro de Nome...
		Nome do Produto: Disney Epic Mickey 2: The Power of Two
			Igorando Pelo Filtro de Nome...
		Nome do Produto: Fun! Fun! Minigolf TOUCH!
			Igorando Pelo Filtro de Nome...
		Nome do Produto: Outdoors Unleashed Alaska 3D
			Igorando Pelo Filtro de Nome...
		Nome do Produto: Swapnote
			Igorando Pelo Filtro de Nome...
		Nome do Produto: The Adventures of Tintin: The Game
			Igorando Pelo Filtro de Nome...
		Nome do Produto: The Adventures of Tintin: The Game
			Igorando Pelo Filtro de Nome...
		Nome do Produto: Outdoors Unleashed Africa 3D
			Igorando Pelo Filtro de Nome...
		Nome do Produto: Bakugan: Rise of the Resistance
			Igorando Pelo Filtro de Nome...
		Nome do Produto: Gremlins Gizmo
			Igorando Pelo Filtro de Nome...
		Nome do Produto: Gremlins Gizmo
			Igorando Pelo Filtro de Nome...
		Nome do Produto: Wappy Dog
			Igorando Pelo Filtro de Nome...
		Nome do Produto: Deepak Chopra's Leela
			Igorando Pelo Filtro de Nome...
		Nome do Produto: ZhuZhu Babies
			Igorando Pelo Filtro de Nome...
		Nome do Produto: Zoo Mania 3D
			Igorando Pelo Filtro de Nome...
		Nome do Produto: Pillow Pets
			Igorando Pelo Filtro de Nome...
		Nome do Produto: Moxie Girlz
			Igorando Pelo Filtro de Nome...
		Nome do Produto: The Sims 3 Pets
			Igorando Pelo Filtro de Nome...
		Nome do Produto: Solatorobo: Red the Hunter
			Igorando Pelo Filtro de Nome...
		Nome do Produto: X-Men Destiny
			Igorando Pelo Filtro de Nome...
		Nome do Produto: Star Fox 64 3D
			Igorando Pelo Filtro de Nome...
		Nome do Produto: Trenches Generals
			Igorando Pelo Filtro de Nome...
		Nome do Produto: Brawl Brothers
			Igorando Pelo Filtro de Nome...
		Nome do Produto: UFC Personal Trainer: The Ultimate Fitness System
			Igorando Pelo Filtro de Nome...
		Nome do Produto: Cars 2: The Video Game
			Igorando Pelo Filtro de Nome...
		Nome do Produto: DualPenSports
			Igorando Pelo Filtro de Nome...
		Nome do Produto: Cars 2: The Video Game
			Igorando Pelo Filtro de Nome...
		Nome do Produto: Planet Fish
			Igorando Pelo Filtro de Nome...
		Nome do Produto: Pilotwings Resort
			Igorando Pelo Filtro de Nome...
		Nome do Produto: nintendogs + cats: French Bulldog & New Friends
			Igorando Pelo Filtro de Nome...
		Nome do Produto: nintendogs + cats: Golden Retriever & New Friends
			Igorando Pelo Filtro de Nome...
		Nome do Produto: nintendogs + cats: Toy Poodle & New Friends
			Igorando Pelo Filtro de Nome...
		Nome do Produto: The Sims 3
			Igorando Pelo Filtro de Nome...
		Nome do Produto: 101 Dolphin Pets
			Igorando Pelo Filtro de Nome...
		Nome do Produto: myDiary
			Igorando Pelo Filtro de Nome...
		Nome do Produto: Petz Catz Family
			Igorando Pelo Filtro de Nome...
		Nome do Produto: Frenzic
			Igorando Pelo Filtro de Nome...
		Nome do Produto: EA SPORTS Active 2
			Igorando Pelo Filtro de Nome...
		Nome do Produto: Gummy Bears Mini Golf
			Igorando Pelo Filtro de Nome...
		Nome do Produto: EA SPORTS Active NFL Training Camp
			Igorando Pelo Filtro de Nome...
		Nome do Produto: Need for Speed Nitro-X
			Igorando Pelo Filtro de Nome...
		Nome do Produto: Dood's Big Adventure
			Igorando Pelo Filtro de Nome...
		Nome do Produto: The Penguins Of Madagascar
			Igorando Pelo Filtro de Nome...
		Nome do Produto: Babysitting Mama
			Igorando Pelo Filtro de Nome...
		Nome do Produto: Rock Band 3
			Igorando Pelo Filtro de Nome...
		Nome do Produto: Happy Holidays Halloween
			Igorando Pelo Filtro de Nome...
		Nome do Produto: Gummy Bears Mini Golf
			Igorando Pelo Filtro de Nome...
		Nome do Produto: Super Scribblenauts
			Igorando Pelo Filtro de Nome...
		Nome do Produto: Oops! Prank Party
			Igorando Pelo Filtro de Nome...
		Nome do Produto: Nintendo Countdown Calendar
			Igorando Pelo Filtro de Nome...
		Nome do Produto: myNotebook: Tan
			Igorando Pelo Filtro de Nome...
		Nome do Produto: SAMURAI SHODOWN III
			Igorando Pelo Filtro de Nome...
		Nome do Produto: Metroid: Other M
			Igorando Pelo Filtro de Nome...
		Nome do Produto: myNotebook: Pearl
			Igorando Pelo Filtro de Nome...
		Nome do Produto: Gold's Gym Dance Workout
			Igorando Pelo Filtro de Nome...
		Nome do Produto: Spider-Man: Shattered Dimensions
			Igorando Pelo Filtro de Nome...
		Nome do Produto: myNotebook: Carbon
			Igorando Pelo Filtro de Nome...
		Nome do Produto: Petz Dogz Family
			Igorando Pelo Filtro de Nome...
		Nome do Produto: Littlest Pet Shop Biggest Stars - Blue Team
			Igorando Pelo Filtro de Nome...
		Nome do Produto: Littlest Pet Shop Biggest Stars - Pink Team
			Igorando Pelo Filtro de Nome...
		Nome do Produto: Littlest Pet Shop Biggest Stars - Purple Team
			Igorando Pelo Filtro de Nome...
		Nome do Produto: Petz Hamsterz Family
			Igorando Pelo Filtro de Nome...
		Nome do Produto: Hospital Havoc
			Igorando Pelo Filtro de Nome...
		Nome do Produto: AquaSpace
			Igorando Pelo Filtro de Nome...
		Nome do Produto: 101 Shark Pets
			Igorando Pelo Filtro de Nome...
		Nome do Produto: Sin & Punishment: Star Successor
			Igorando Pelo Filtro de Nome...
		Nome do Produto: thinkSMART FAMILY
			Igorando Pelo Filtro de Nome...
		Nome do Produto: Toy Story 3: The Video Game
			Igorando Pelo Filtro de Nome...
		Nome do Produto: thinkSMART kids 8+
			Igorando Pelo Filtro de Nome...
		Nome do Produto: Satisfashion
			Igorando Pelo Filtro de Nome...
		Nome do Produto: Satisfashion
			Igorando Pelo Filtro de Nome...
		Nome do Produto: Tetris® Party Deluxe
			Igorando Pelo Filtro de Nome...
		Nome do Produto: Trauma Team
			Igorando Pelo Filtro de Nome...
		Nome do Produto: Monster Hunter Tri
			Igorando Pelo Filtro de Nome...
		Nome do Produto: America's Test Kitchen: Let's Get Cooking
			Igorando Pelo Filtro de Nome...
		Nome do Produto: Pony Friends 2
			Igorando Pelo Filtro de Nome...
		Nome do Produto: Pony Friends 2
			Igorando Pelo Filtro de Nome...
		Nome do Produto: Zhu Zhu Pets
			Igorando Pelo Filtro de Nome...
		Nome do Produto: Rage of the Gladiator
			Igorando Pelo Filtro de Nome...
		Nome do Produto: Let's Golf
			Igorando Pelo Filtro de Nome...
		Nome do Produto: Family Go-Kart Racing
			Igorando Pelo Filtro de Nome...
		Nome do Produto: My Fitness Coach 2: Exercise and Nutrition
			Igorando Pelo Filtro de Nome...
		Nome do Produto: Pub Darts
			Igorando Pelo Filtro de Nome...
		Nome do Produto: Guitar Hero Van Halen
			Igorando Pelo Filtro de Nome...
		Nome do Produto: myNotebook: Green
			Igorando Pelo Filtro de Nome...
		Nome do Produto: myNotebook: Red
			Igorando Pelo Filtro de Nome...
		Nome do Produto: My Dolphin
			Igorando Pelo Filtro de Nome...
		Nome do Produto: Alvin and the Chipmunks: The Squeakquel
			Igorando Pelo Filtro de Nome...
		Nome do Produto: Alvin and the Chipmunks: The Squeakquel
			Igorando Pelo Filtro de Nome...
		Nome do Produto: My Zoo
			Igorando Pelo Filtro de Nome...
		Nome do Produto: Your Shape Featuring Jenny McCarthy
			Igorando Pelo Filtro de Nome...
		Nome do Produto: Petz Hamsterz Superstarz
			Igorando Pelo Filtro de Nome...
		Nome do Produto: Hello Kitty Party
			Igorando Pelo Filtro de Nome...
		Nome do Produto: myNotebook: Blue
			Igorando Pelo Filtro de Nome...
		Nome do Produto: Petz Dogz Talent Show
			Igorando Pelo Filtro de Nome...
		Nome do Produto: Just Dance
			Igorando Pelo Filtro de Nome...
		Nome do Produto: EA SPORTS Active More Workouts
			Igorando Pelo Filtro de Nome...
		Nome do Produto: Style Lab Makeover
			Igorando Pelo Filtro de Nome...
		Nome do Produto: Fairyland Melody Magic
			Igorando Pelo Filtro de Nome...
		Nome do Produto: Shaun White Snowboarding: World Stage
			Igorando Pelo Filtro de Nome...
		Nome do Produto: LEGO Rock Band
			Igorando Pelo Filtro de Nome...
		Nome do Produto: Style Savvy
			Igorando Pelo Filtro de Nome...
		Nome do Produto: SimAnimals Africa
			Igorando Pelo Filtro de Nome...
		Nome do Produto: SimAnimals Africa
			Igorando Pelo Filtro de Nome...
		Nome do Produto: World of Zoo
			Igorando Pelo Filtro de Nome...
		Nome do Produto: World of Zoo
			Igorando Pelo Filtro de Nome...
		Nome do Produto: Jillian Michaels Fitness Ultimatum 2010
			Igorando Pelo Filtro de Nome...
		Nome do Produto: Cars Race-O-Rama
			Igorando Pelo Filtro de Nome...
		Nome do Produto: Cars Race-O-Rama
			Igorando Pelo Filtro de Nome...
		Nome do Produto: The Biggest Loser
			Igorando Pelo Filtro de Nome...
		Nome do Produto: The Biggest Loser
			Igorando Pelo Filtro de Nome...
		Nome do Produto: Wii Fit Plus Bundle
			Igorando Pelo Filtro de Nome...
		Nome do Produto: Wii Fit Plus
			Igorando Pelo Filtro de Nome...
		Nome do Produto: Rapala We Fish
			Igorando Pelo Filtro de Nome...
		Nome do Produto: Our House: Party!
			Igorando Pelo Filtro de Nome...
		Nome do Produto: Our House
			Igorando Pelo Filtro de Nome...
		Nome do Produto: World Championship Athletics
			Igorando Pelo Filtro de Nome...
		Nome do Produto: PictureBook Games: Pop-Up Pursuit
			Igorando Pelo Filtro de Nome...
		Nome do Produto: Sexy Poker
			Igorando Pelo Filtro de Nome...
		Nome do Produto: Brain Challenge
			Igorando Pelo Filtro de Nome...
		Nome do Produto: Asphalt 4: Elite Racing
			Igorando Pelo Filtro de Nome...
		Nome do Produto: Transformers: Revenge of the Fallen: AUTOBOTS
			Igorando Pelo Filtro de Nome...
		Nome do Produto: Transformers: Revenge of the Fallen: DECEPTICONS
			Igorando Pelo Filtro de Nome...
		Nome do Produto: My Healthy Cooking Coach
			Igorando Pelo Filtro de Nome...
		Nome do Produto: Personal Trainer: Walking
			Igorando Pelo Filtro de Nome...
		Nome do Produto: Rolling Stone: Drum King
			Igorando Pelo Filtro de Nome...
		Nome do Produto: American Popstar: Road to Celebrity
			Igorando Pelo Filtro de Nome...
		Nome do Produto: Clay Fighter
			Igorando Pelo Filtro de Nome...
		Nome do Produto: EA SPORTS Active
			Igorando Pelo Filtro de Nome...
		Nome do Produto: Drama Queens
			Igorando Pelo Filtro de Nome...
		Nome do Produto: Elite Forces: Unit 77
			Igorando Pelo Filtro de Nome...
		Nome do Produto: Gold's Gym Cardio Workout
			Igorando Pelo Filtro de Nome...
		Nome do Produto: Guitar Hero Metallica
			Igorando Pelo Filtro de Nome...
		Nome do Produto: Scrabble
			Igorando Pelo Filtro de Nome...
		Nome do Produto: Powerbike
			Igorando Pelo Filtro de Nome...
		Nome do Produto: Dragon Quest V: Hand of the Heavenly Bride
			Igorando Pelo Filtro de Nome...
		Nome do Produto: Disney Sing It: High School Musical 3 Senior Year
			Igorando Pelo Filtro de Nome...
		Nome do Produto: My DoItAll
			Igorando Pelo Filtro de Nome...
		Nome do Produto: Petz Horseshoe Ranch
			Igorando Pelo Filtro de Nome...
		Nome do Produto: Personal Trainer: Math
			Igorando Pelo Filtro de Nome...
		Nome do Produto: Left Brain Right Brain 2
			Igorando Pelo Filtro de Nome...
		Nome do Produto: My Fitness Coach
			Igorando Pelo Filtro de Nome...
		Nome do Produto: SPRay
			Igorando Pelo Filtro de Nome...
		Nome do Produto: Personal Trainer: Cooking
			Igorando Pelo Filtro de Nome...
		Nome do Produto: Disney's Bolt
			Igorando Pelo Filtro de Nome...
		Nome do Produto: Monkey Mischief
			Igorando Pelo Filtro de Nome...
		Nome do Produto: Petz Monkeyz House
			Igorando Pelo Filtro de Nome...
		Nome do Produto: Petz Catz Clan
			Igorando Pelo Filtro de Nome...
		Nome do Produto: Petz Crazy Monkeyz
			Igorando Pelo Filtro de Nome...
		Nome do Produto: Animal Crossing: City Folk
			Igorando Pelo Filtro de Nome...
		Nome do Produto: Shaun White Snowboarding: Road Trip
			Igorando Pelo Filtro de Nome...
		Nome do Produto: Guinness World Records: The Videogame
			Igorando Pelo Filtro de Nome...
		Nome do Produto: FaceBreaker K.O. Party
			Igorando Pelo Filtro de Nome...
		Nome do Produto: My Stop Smoking Coach with Allen Carr
			Igorando Pelo Filtro de Nome...
		Nome do Produto: Brain Challenge
			Igorando Pelo Filtro de Nome...
		Nome do Produto: Bratz Kidz: Slumber Party
			Igorando Pelo Filtro de Nome...
		Nome do Produto: Petz Dogz Pack
			Igorando Pelo Filtro de Nome...
		Nome do Produto: Disney Sing It
			Igorando Pelo Filtro de Nome...
		Nome do Produto: Jillian Michaels' Fitness Ultimatum 2009
			Igorando Pelo Filtro de Nome...
		Nome do Produto: High School Musical 3: Senior Year
			Igorando Pelo Filtro de Nome...
		Nome do Produto: What's Cooking? with Jamie Oliver
			Igorando Pelo Filtro de Nome...
		Nome do Produto: Ener-G Horse Riders
			Igorando Pelo Filtro de Nome...
		Nome do Produto: Barbie Fashion Show: An Eye for Style
			Igorando Pelo Filtro de Nome...
		Nome do Produto: My SAT Coach
			Igorando Pelo Filtro de Nome...
		Nome do Produto: Imagine: My Secret World
			Igorando Pelo Filtro de Nome...
		Nome do Produto: Red Bull BC One
			Igorando Pelo Filtro de Nome...
		Nome do Produto: My Aquarium
			Igorando Pelo Filtro de Nome...
		Nome do Produto: Quick Yoga Training
			Igorando Pelo Filtro de Nome...
		Nome do Produto: King of Clubs
			Igorando Pelo Filtro de Nome...
		Nome do Produto: Double Sequence: The Q Virus Invasion
			Igorando Pelo Filtro de Nome...
		Nome do Produto: We Love Golf!
			Igorando Pelo Filtro de Nome...
		Nome do Produto: Purr Pals
			Igorando Pelo Filtro de Nome...
		Nome do Produto: My Weight Loss Coach
			Igorando Pelo Filtro de Nome...
		Nome do Produto: Mega Man Star Force 2: Zerker x Ninja
			Igorando Pelo Filtro de Nome...
		Nome do Produto: Mega Man Star Force 2: Zerker x Saurian
			Igorando Pelo Filtro de Nome...
		Nome do Produto: Wii Fit
			Igorando Pelo Filtro de Nome...
		Nome do Produto: BOOM BLOX
			Igorando Pelo Filtro de Nome...
		Nome do Produto: Iron Man
			Igorando Pelo Filtro de Nome...
		Nome do Produto: Iron Man
			Igorando Pelo Filtro de Nome...
		Nome do Produto: Let's Yoga
			Igorando Pelo Filtro de Nome...
		Nome do Produto: GoPets: Vacation Island
			Igorando Pelo Filtro de Nome...
		Nome do Produto: SEGA Superstars Tennis
			Igorando Pelo Filtro de Nome...
		Nome do Produto: SEGA Superstars Tennis
			Igorando Pelo Filtro de Nome...
		Nome do Produto: Diary Girl
			Igorando Pelo Filtro de Nome...
		Nome do Produto: Best of Tests DS
			Igorando Pelo Filtro de Nome...
		Nome do Produto: Brain Assist
			Igorando Pelo Filtro de Nome...
		Nome do Produto: FIFA Street 3
			Igorando Pelo Filtro de Nome...
		Nome do Produto: Action Girlz Racing
			Igorando Pelo Filtro de Nome...
		Nome do Produto: Brain Challenge
			Igorando Pelo Filtro de Nome...
		Nome do Produto: Left Brain Right Brain
			Igorando Pelo Filtro de Nome...
		Nome do Produto: AMF Bowling Pinbusters!
			Igorando Pelo Filtro de Nome...
		Nome do Produto: My Word Coach
			Igorando Pelo Filtro de Nome...
		Nome do Produto: Build A Bear Workshop
			Igorando Pelo Filtro de Nome...
		Nome do Produto: The Simpsons Game
			Igorando Pelo Filtro de Nome...
		Nome do Produto: Guitar Hero III: Legends of Rock
			Igorando Pelo Filtro de Nome...
		Nome do Produto: Tony Hawk's Proving Ground
			Igorando Pelo Filtro de Nome...
		Nome do Produto: Spider-Man: Friend or Foe
			Igorando Pelo Filtro de Nome...
		Nome do Produto: Holly Hobbie & Friends
			Igorando Pelo Filtro de Nome...
		Nome do Produto: MySims
			Igorando Pelo Filtro de Nome...
		Nome do Produto: MySims
			Igorando Pelo Filtro de Nome...
		Nome do Produto: Carnival Games
			Igorando Pelo Filtro de Nome...
		Nome do Produto: Breath of Fire II
			Igorando Pelo Filtro de Nome...
		Nome do Produto: High School Musical: Makin' the Cut
			Igorando Pelo Filtro de Nome...
		Nome do Produto: Wave Race 64
			Igorando Pelo Filtro de Nome...
		Nome do Produto: The Sims 2: Pets
			Igorando Pelo Filtro de Nome...
		Nome do Produto: Mortal Kombat: Armageddon
			Igorando Pelo Filtro de Nome...
		Nome do Produto: World Championship Poker featuring Howard Lederer: All In
			Igorando Pelo Filtro de Nome...
		Nome do Produto: Spider-Man 3
			Igorando Pelo Filtro de Nome...
		Nome do Produto: Wario: Master of Disguise
			Igorando Pelo Filtro de Nome...
		Nome do Produto: Super Swing Golf
			Igorando Pelo Filtro de Nome...
		Nome do Produto: Monster 4x4: World Circuit
			Igorando Pelo Filtro de Nome...
		Nome do Produto: The Grim Adventures of Billy & Mandy
			Igorando Pelo Filtro de Nome...
		Nome do Produto: Tamagotchi Connection: Corner Shop 2
			Igorando Pelo Filtro de Nome...
		Nome do Produto: Magnetica
			Igorando Pelo Filtro de Nome...
		Nome do Produto: Guilty Gear Dust Strikers
			Igorando Pelo Filtro de Nome...
		Nome do Produto: Brain Age: Train Your Brain in Minutes a Day!
			Igorando Pelo Filtro de Nome...
		Nome do Produto: Animal Crossing: Wild World
			Igorando Pelo Filtro de Nome...
		Nome do Produto: Mario Kart DS
			Igorando Pelo Filtro de Nome...
		Nome do Produto: Zoo Tycoon DS
			Igorando Pelo Filtro de Nome...
		Nome do Produto: Madagascar
			Igorando Pelo Filtro de Nome...
	Tempo Para buscar: 911
Loja: Americanas
	URL Principal: http://www.americanas.com.br/
	URL Busca: http://busca.americanas.com.br/busca.php?q=<BUSCA>
http://busca.americanas.com.br/busca.php?q=Persona+Q
		Documento Lido
		Resultados: 3
		Nome do Produto: Persona Q: Shadow Of The Labyrinth - 3ds
http://www.americanas.com.br/produto/9907763/persona-q-shadow-of-the-labyrinth-3ds
		Acessando URL do produto.
		Nome do Produto: Persona Q Shadow Of The Labyrinth N3ds
http://www.americanas.com.br/produto/9957176/persona-q-shadow-of-the-labyrinth-n3ds
		Acessando URL do produto.
		Nome do Produto: Persona Q Shadow Of The Labyrinth N3ds
http://www.americanas.com.br/produto/9957176/persona-q-shadow-of-the-labyrinth-n3ds
		Acessando URL do produto.
	Tempo Para buscar: 1157
Loja: Big Boy Games
	URL Principal: http://www.bigboygames.com.br/
	URL Busca: http://www.bigboygames.com.br/pesquisa/?p=<BUSCA>
http://www.bigboygames.com.br/pesquisa/?p=Persona+Q
		Documento Lido
		Resultados: 10
		Nome do Produto: Xbox 360 - Persona 4 Arena Ultimax
			Igorando Pelo Filtro de Nome...
		Nome do Produto: PS3 - Persona 4 Arena Ultimax
			Igorando Pelo Filtro de Nome...
		Nome do Produto: PSV - Persona 4 Golden
			Igorando Pelo Filtro de Nome...
		Nome do Produto: PS3 - God of War: Ascension Case Personalizada
			Igorando Pelo Filtro de Nome...
		Nome do Produto: 3DS - Persona Q Shadow of the Labyrinth
http://www.bigboygames.com.br/3ds-persona-q-shadow-of-the-labyrinth-p6825/
		Acessando URL do produto.
		Nome do Produto: PS3 - Persona 4 Arena [Apenas Para Consoles Norte Americanos]
			Igorando Pelo Filtro de Nome...
		Nome do Produto: 3DS - PersonaQ Shadow of the Labyrinth PREMIUM EDITION
http://www.bigboygames.com.br/3ds-personaq-shadow-of-the-labyrinth-premium-edition-p6895/
		Acessando URL do produto.
		Nome do Produto: Xbox 360 - Controle Wireless Personalizado Tomb Raider
			Igorando Pelo Filtro de Nome...
		Nome do Produto: PS3 - UFC Personal Trainer: The Ultimate Fitness System
			Igorando Pelo Filtro de Nome...
		Nome do Produto: PSP - Shin Megami Tensei - Persona 2 Innocent Sin
			Igorando Pelo Filtro de Nome...
	Tempo Para buscar: 2307
Loja: Casas Bahia
	URL Principal: http://www.casasbahia.com.br/
	URL Busca: http://buscas.casasbahia.com.br/search?w=<BUSCA>
http://buscas.casasbahia.com.br/search?w=Persona+Q
		Documento Lido
		Resultados: 1
		Nome do Produto: The Q
			Igorando Pelo Filtro de Nome...
		Nome do Produto: The Diachronic Mind
			Igorando Pelo Filtro de Nome...
		Nome do Produto: The Master Mind
			Igorando Pelo Filtro de Nome...
		Nome do Produto: The Secret of Success
			Igorando Pelo Filtro de Nome...
		Nome do Produto: The Chronicles of Psyt - Psychomachy
			Igorando Pelo Filtro de Nome...
		Nome do Produto: Your Thoughts, Your Power - Thought-Force In Business and Everyday Life, Thought Vibration, Hindu-Yo
			Igorando Pelo Filtro de Nome...
		Nome do Produto: Historie of the Arrival of Edward IV in England and the Finall Recouerye of His Kingdomes from Henry
			Igorando Pelo Filtro de Nome...
	Tempo Para buscar: 1008
Loja: Extra
	URL Principal: http://www.extra.com.br/
	URL Busca: http://buscando.extra.com.br/search?w=<BUSCA>
http://buscando.extra.com.br/search?w=Persona+Q
		Documento Lido
		Resultados: 7
		Nome do Produto: The Q
			Igorando Pelo Filtro de Nome...
		Nome do Produto: The Diachronic Mind
			Igorando Pelo Filtro de Nome...
		Nome do Produto: The Master Mind
			Igorando Pelo Filtro de Nome...
		Nome do Produto: The Secret of Success
			Igorando Pelo Filtro de Nome...
		Nome do Produto: The Chronicles of Psyt - Psychomachy
			Igorando Pelo Filtro de Nome...
		Nome do Produto: Your Thoughts, Your Power - Thought-Force In Business and Everyday Life, Thought Vibration, Hindu-Yo
			Igorando Pelo Filtro de Nome...
		Nome do Produto: Historie of the Arrival of Edward IV in England and the Finall Recouerye of His Kingdomes from Henry
			Igorando Pelo Filtro de Nome...
	Tempo Para buscar: 1057
Loja: E-Virtua
	URL Principal: http://www.evirtua.com.br/
	URL Busca: http://www.evirtua.com.br/Busca?search_department_id=0&SearchTerm=<BUSCA>
http://www.evirtua.com.br/Busca?search_department_id=0&SearchTerm=Persona+Q
		Documento Lido
		Resultados: 0
	Tempo Para buscar: 855
Loja: Fast Games
	URL Principal: http://www.fastgames.com.br/
	URL Busca: http://www.fastgames.com.br/loja/busca.php?loja=187970&palavra_busca=<BUSCA>
http://www.fastgames.com.br/loja/busca.php?loja=187970&palavra_busca=Persona+Q
		Documento Lido
		Resultados: 60
		Nome do Produto: A Ilha da Imaginação - Blu-ray
			Igorando Pelo Filtro de Nome...
		Nome do Produto: Ace Combat 6: Fires of Liberation - XBOX 360
			Igorando Pelo Filtro de Nome...
		Nome do Produto: Adrenalin Misfits (Kinect) - XBOX 360
			Igorando Pelo Filtro de Nome...
		Nome do Produto: Adventure Time: Explore the Dungeon Because I DON´T KNOW! - XBOX 360
			Igorando Pelo Filtro de Nome...
		Nome do Produto: Akibas Trip: Undead & Undressed - PS Vita
			Igorando Pelo Filtro de Nome...
		Nome do Produto: Akibas Trip: Undead & Undressed - PS3
			Igorando Pelo Filtro de Nome...
		Nome do Produto: Akibas Trip: Undead & Undressed - PS4
			Igorando Pelo Filtro de Nome...
		Nome do Produto: Aliens: Colonial Marines - PS3
			Igorando Pelo Filtro de Nome...
		Nome do Produto: Alpha Protocol - PC
			Igorando Pelo Filtro de Nome...
		Nome do Produto: Alpha Protocol - PS3
			Igorando Pelo Filtro de Nome...
		Nome do Produto: Anarchy Reigns (Seminovo) - PS3
			Igorando Pelo Filtro de Nome...
		Nome do Produto: Anarchy Reigns - PS3
			Igorando Pelo Filtro de Nome...
		Nome do Produto: Angry Birds Star Wars - 3DS
			Igorando Pelo Filtro de Nome...
		Nome do Produto: Angry Birds Star Wars - PS Vita
			Igorando Pelo Filtro de Nome...
		Nome do Produto: Angry Birds Star Wars - PS3
			Igorando Pelo Filtro de Nome...
		Nome do Produto: Angry Birds Star Wars - Wii U
			Igorando Pelo Filtro de Nome...
		Nome do Produto: Angry Birds Star Wars - XBOX One
			Igorando Pelo Filtro de Nome...
		Nome do Produto: AquaPazza - PS3
			Igorando Pelo Filtro de Nome...
		Nome do Produto: Arcana Heart 3: LOVE MAX!!!!! - PS Vita
			Igorando Pelo Filtro de Nome...
		Nome do Produto: Arcana Heart 3: LOVE MAX!!!!! - PS3
			Igorando Pelo Filtro de Nome...
		Nome do Produto: Armored Core V (5) - XBOX 360
			Igorando Pelo Filtro de Nome...
		Nome do Produto: Army of Two The Devil´s Cartel - PS3
			Igorando Pelo Filtro de Nome...
		Nome do Produto: Army of Two: The 40th Day - PS3
			Igorando Pelo Filtro de Nome...
		Nome do Produto: Army of Two: The 40th Day - XBOX 360
			Igorando Pelo Filtro de Nome...
		Nome do Produto: Assassins Creed (Seminovo) - PS3
			Igorando Pelo Filtro de Nome...
		Nome do Produto: Assassins Creed - XBOX 360
			Igorando Pelo Filtro de Nome...
		Nome do Produto: Assassins Creed 2 (II) (Seminovo) - XBOX 360
			Igorando Pelo Filtro de Nome...
		Nome do Produto: Assassins Creed 2 (II) - PS3
			Igorando Pelo Filtro de Nome...
		Nome do Produto: Assassins Creed 2 (II) - XBOX 360
			Igorando Pelo Filtro de Nome...
		Nome do Produto: Assassins Creed: Brotherhood (Seminovo) - XBOX 360
			Igorando Pelo Filtro de Nome...
		Nome do Produto: Assassins Creed: Brotherhood - PS3
			Igorando Pelo Filtro de Nome...
		Nome do Produto: Assassins Creed: Brotherhood - XBOX 360
			Igorando Pelo Filtro de Nome...
		Nome do Produto: Assassins Creed: Revelations (Seminovo) - PS3
			Igorando Pelo Filtro de Nome...
		Nome do Produto: Assassins Creed: Revelations (Seminovo) - XBOX 360
			Igorando Pelo Filtro de Nome...
		Nome do Produto: Assassins Creed: Revelations - PS3
			Igorando Pelo Filtro de Nome...
		Nome do Produto: Assassins Creed: Revelations - XBOX 360
			Igorando Pelo Filtro de Nome...
		Nome do Produto: Astro Boy: The Video Game - DS
			Igorando Pelo Filtro de Nome...
		Nome do Produto: BandFuse: Rock Legends (Com adaptador para Guitarra) - PS3
			Igorando Pelo Filtro de Nome...
		Nome do Produto: BandFuse: Rock Legends (Com adaptador para Guitarra) - XBOX 360
			Igorando Pelo Filtro de Nome...
		Nome do Produto: Batman: Arkham Origins - PS3
			Igorando Pelo Filtro de Nome...
		Nome do Produto: Battle vs. Chess - PS3
			Igorando Pelo Filtro de Nome...
		Nome do Produto: Battlefield 4 - PS3
			Igorando Pelo Filtro de Nome...
		Nome do Produto: Battlefield 4 - PS4
			Igorando Pelo Filtro de Nome...
		Nome do Produto: Ben 10 Galactic Racing (Seminovo) - 3DS
			Igorando Pelo Filtro de Nome...
		Nome do Produto: Ben 10 Galactic Racing - 3DS
			Igorando Pelo Filtro de Nome...
		Nome do Produto: Ben 10 Galactic Racing - PS Vita
			Igorando Pelo Filtro de Nome...
		Nome do Produto: Ben 10 Galactic Racing - PS3
			Igorando Pelo Filtro de Nome...
		Nome do Produto: Ben 10 Galactic Racing - Wii
			Igorando Pelo Filtro de Nome...
		Nome do Produto: Ben 10 Omniverse 2 - 3DS
			Igorando Pelo Filtro de Nome...
		Nome do Produto: Ben 10 Omniverse 2 - PS3
			Igorando Pelo Filtro de Nome...
		Nome do Produto: Ben 10 Omniverse 2 - Wii
			Igorando Pelo Filtro de Nome...
		Nome do Produto: Ben 10 Omniverse 2 - Wii U
			Igorando Pelo Filtro de Nome...
		Nome do Produto: Ben 10 Omniverse 2 - XBOX 360
			Igorando Pelo Filtro de Nome...
		Nome do Produto: Best of PlayStation Network Vol. 1 - PS3
			Igorando Pelo Filtro de Nome...
		Nome do Produto: Beyblade: Evolution - 3DS
			Igorando Pelo Filtro de Nome...
		Nome do Produto: Bioshock - PS3
			Igorando Pelo Filtro de Nome...
		Nome do Produto: Bioshock - XBOX 360
			Igorando Pelo Filtro de Nome...
		Nome do Produto: Bioshock 2 - PC
			Igorando Pelo Filtro de Nome...
		Nome do Produto: Bioshock 2 - PS3
			Igorando Pelo Filtro de Nome...
		Nome do Produto: Bioshock 2 - XBOX 360
			Igorando Pelo Filtro de Nome...
	Tempo Para buscar: 3197
Loja: Fast Shop
	URL Principal: http://www.fastshop.com.br/loja/
	URL Busca: http://www.fastshop.com.br/webapp/wcs/stores/servlet/SearchDisplay?searchTerm=<BUSCA>&categoryId=&storeId=10151&catalogId=11052&langId=-6&pageSize=9&beginIndex=0&sType=SimpleSearch&resultCatEntryType=2&showResultsPage=true&searchSource=Q&pageView=&hotsite=fastshop
http://www.fastshop.com.br/webapp/wcs/stores/servlet/SearchDisplay?searchTerm=Persona+Q&categoryId=&storeId=10151&catalogId=11052&langId=-6&pageSize=9&beginIndex=0&sType=SimpleSearch&resultCatEntryType=2&showResultsPage=true&searchSource=Q&pageView=&hotsite=fastshop
		Documento Lido
		Resultados: 1
		Nome do Produto: 
			Igorando Pelo Filtro de Nome...
		Nome do Produto: 
			Igorando Pelo Filtro de Nome...
		Nome do Produto: 
			Igorando Pelo Filtro de Nome...
		Nome do Produto: 
			Igorando Pelo Filtro de Nome...
		Nome do Produto: 
			Igorando Pelo Filtro de Nome...
		Nome do Produto: 
			Igorando Pelo Filtro de Nome...
		Nome do Produto: 
			Igorando Pelo Filtro de Nome...
		Nome do Produto: 
			Igorando Pelo Filtro de Nome...
		Nome do Produto: 
			Igorando Pelo Filtro de Nome...
	Tempo Para buscar: 1009
Loja: FNAC
	URL Principal: http://www.fnac.com.br/index.html
	URL Busca: http://busca.fnac.com.br/?busca=<BUSCA>
http://busca.fnac.com.br/?busca=Persona+Q
		Documento Lido
		Resultados: 34
		Nome do Produto: Persona Performática - Alteridade E Experiência na Obra de Renato Cohen
			Igorando Pelo Filtro de Nome...
		Nome do Produto: Ps3 Persona 4 Arenal
			Igorando Pelo Filtro de Nome...
		Nome do Produto: Eu Acho que Amo Você
			Igorando Pelo Filtro de Nome...
		Nome do Produto: que Presente Te Dar
			Igorando Pelo Filtro de Nome...
		Nome do Produto: 84 Perguntas que Vendem
			Igorando Pelo Filtro de Nome...
		Nome do Produto: O que Os Executivos Precisam Saber Sobre Gerenciamento de Projetos
			Igorando Pelo Filtro de Nome...
		Nome do Produto: O que Os Gerentes Precisam Saber Sobe Projetos
			Igorando Pelo Filtro de Nome...
		Nome do Produto: O Bebê Prematuro - Tudo O que Os Pais Precisam Saber
			Igorando Pelo Filtro de Nome...
		Nome do Produto: O que Seus Filhos Precisam Saber Sobre Álcool E Drogas
			Igorando Pelo Filtro de Nome...
		Nome do Produto: O que Você Quer Saber Sobre Nutrição - Perguntas E Respostas Comentadas
			Igorando Pelo Filtro de Nome...
		Nome do Produto: Como Onde Por que - Perguntas E Respostas Sobre O Mundo Animal
			Igorando Pelo Filtro de Nome...
		Nome do Produto: Assumindo A Sua Personalidade - Aproveite da Vida Tudo O que Ela Tem A Oferecer
http://busca.FNAC.com.br/Busca/Redir?url=http%3a%2f%2fwww.FNAC.com.br%2fmktredir.aspx%3furl%3dhttp%3a%2f%2fwww.FNAC.com.br%2fassumindo-a-sua-personalidade-aproveite-da-vida-tudo-o-que-ela-tem-a-oferecer%2fp%2f423906&esid=423906
		Acessando URL do produto.
		Nome do Produto: Aprendi Com Minha Mãe - 52 Personalidades Contam A Maior Lição que Receberam de Sua de Sua Mãe
http://busca.FNAC.com.br/Busca/Redir?url=http%3a%2f%2fwww.FNAC.com.br%2fmktredir.aspx%3furl%3dhttp%3a%2f%2fwww.FNAC.com.br%2faprendi-com-minha-mae-52-personalidades-contam-a-maior-licao-que-receberam-de-sua-de-sua-mae%2fp%2f521961&esid=521961
		Acessando URL do produto.
		Nome do Produto: Proteja-me - Por que nos Tornamos Tão Distantes Quando Mais Precisamos de Carinho?
			Igorando Pelo Filtro de Nome...
	Tempo Para buscar: 2765
Loja: Kabum
	URL Principal: http://www.kabum.com.br/
	URL Busca: http://www.kabum.com.br/cgi-local/site/listagem/listagem.cgi?string=<BUSCA>&btnG=
http://www.kabum.com.br/cgi-local/site/listagem/listagem.cgi?string=Persona+Q&btnG=
		Documento Lido
		Resultados: 1
		Nome do Produto: Microsoft Office 365 Personal 32/64 Bit PC/MAC QQ2-00108
http://www.kabum.com.br/produto/56723/microsoft-office-365-personal-32-64-bit-pc-mac-qq2-00108/?tag=Persona Q
		Acessando URL do produto.
	Tempo Para buscar: 2712
Loja: Livraria Cultura
	URL Principal: http://www.livrariacultura.com.br/
	URL Busca: http://www.livrariacultura.com.br/busca?N=0&Ntt=<BUSCA>
http://www.livrariacultura.com.br/busca?N=0&Ntt=Persona+Q
		Documento Lido
		Resultados: 0
	Tempo Para buscar: 654
Loja: Magazine Luiza
	URL Principal: http://www.magazineluiza.com.br/
	URL Busca: http://www.magazineluiza.com.br/busca/<BUSCA>/
http://www.magazineluiza.com.br/busca/Persona+Q/
		Documento Lido
		Resultados: 60
		Nome do Produto: Relógio Champion CH 25712 Q - Feminino Social Analógico
			Igorando Pelo Filtro de Nome...
		Nome do Produto: Relógio Feminino Ana Hickmann AH 20113 Q - Analógico Resistente à Água Calendário
			Igorando Pelo Filtro de Nome...
		Nome do Produto: Relógio Masculino Magnum MA31926Q - Analógico Resistente à Água Cronógrafo Calendário
			Igorando Pelo Filtro de Nome...
		Nome do Produto: Relógio Sector WS30661Q Analógico - Resistente á Àgua
			Igorando Pelo Filtro de Nome...
		Nome do Produto: Relógio Masculino Citizen TZ30455Q - Analógico Resistente à Água Cronógrafo
			Igorando Pelo Filtro de Nome...
		Nome do Produto: Relógio Masculino Champion CA30847Q - Analógico Resistente á Àgua com Cronográfo
			Igorando Pelo Filtro de Nome...
		Nome do Produto: Relógio Feminino Bulova WB 29796 Q - Analógico Resistente à Água
			Igorando Pelo Filtro de Nome...
		Nome do Produto: Relógio Masculino Citizen TZ20162Q - Analógico Resistente à Água
			Igorando Pelo Filtro de Nome...
		Nome do Produto: Relógio Masculino Citizen TZ30437Q - Analógico Resistente à Água Cronógrafo
			Igorando Pelo Filtro de Nome...
		Nome do Produto: Relógio Masculino Sector 175 WS31795Q - Analógico Resistente á Água com Cronográfo
			Igorando Pelo Filtro de Nome...
		Nome do Produto: Cooktop 1 Boca Vitrocerâmico Fischer 1Q Elétrico - Display Digital Painel Touch
			Igorando Pelo Filtro de Nome...
		Nome do Produto: Cooktop 2 Bocas Vitrocerâmico Fischer 2Q Elétrico - Display Digital Painel Touch
			Igorando Pelo Filtro de Nome...
		Nome do Produto: Relógio Feminino Passion CN29829Q - Analógico Resistente à Água
			Igorando Pelo Filtro de Nome...
		Nome do Produto: Máquina de Costura Singer Confidence Quilter 7469Q - Sistema de Bobina Drop & SewTM e 90 Tipos de Ponto
			Igorando Pelo Filtro de Nome...
		Nome do Produto: Relógio Feminino Just Cavalli WJ28959Q - Anadigi Resistente à Água
			Igorando Pelo Filtro de Nome...
		Nome do Produto: Relógio Feminino Just Cavalli Moon WJ28888Q - Analógico Resiste á Água
			Igorando Pelo Filtro de Nome...
		Nome do Produto: Relógio Masculino Sector Pilot Master WS30929Q - Analógico Resistente á Água com Cronógrafo e Data
			Igorando Pelo Filtro de Nome...
		Nome do Produto: Relógio Feminino Euro Mazir EU2036AJB/4Q - Analógico Resistente a Água
			Igorando Pelo Filtro de Nome...
		Nome do Produto: Cartucho de Toner Amarelo - HP Q6002AB
			Igorando Pelo Filtro de Nome...
		Nome do Produto: Toner de Tinta Magenta - HP Q6003AB
			Igorando Pelo Filtro de Nome...
		Nome do Produto: Toner de Tinta Preto - HP Q6000AB
			Igorando Pelo Filtro de Nome...
		Nome do Produto: Toner de Tinta Número 12 Preto - HP Q2612AB
			Igorando Pelo Filtro de Nome...
		Nome do Produto: Relógio Masculino Just Cavalli Crystal Gent - WJ300026Q Analógico Resistente á Água
			Igorando Pelo Filtro de Nome...
		Nome do Produto: Relógio Masculino Just Cavalli Crystal Gent - WJ30017Q Analógico Resistente á Água
			Igorando Pelo Filtro de Nome...
		Nome do Produto: Relógio Masculino Sector Race - Analógico Resistente à Água
			Igorando Pelo Filtro de Nome...
		Nome do Produto: Capa Protetora Paul Frank - Hashtag para iPhone 5 - iPhone 5S - Uncommon
			Igorando Pelo Filtro de Nome...
		Nome do Produto: Cooktop 4 Bocas Fischer Decor Slim a Gás - Acendimento Superautomático
			Igorando Pelo Filtro de Nome...
		Nome do Produto: Cooktop 4 Bocas Fischer Decor Side a Gás - Acendimento Superautomático
			Igorando Pelo Filtro de Nome...
		Nome do Produto: Cooktop 4 Bocas Fischer a Gás - Tripla Chama Acendimento Superautomático
			Igorando Pelo Filtro de Nome...
		Nome do Produto: Cooktop 5 Bocas Fischer Decor Slim a Gás - Acendimento Superautomático
			Igorando Pelo Filtro de Nome...
		Nome do Produto: P4A: Persona 4 Arena para Xbox 360 - Atlus
			Igorando Pelo Filtro de Nome...
		Nome do Produto: Ar-Condicionado Split LG 9000 BTUs Frio Inverter V - Libero E US-Q092WSG3 com Controle Remoto
			Igorando Pelo Filtro de Nome...
		Nome do Produto: Ar-Condicionado Split LG 11500 BTUs Frio - Inverter V Libero E US-Q122HSG3 c/ Controle Remoto
			Igorando Pelo Filtro de Nome...
		Nome do Produto: Impressora Multifuncional Laserjet - HP M5035XS
			Igorando Pelo Filtro de Nome...
		Nome do Produto: P4A: Persona 4 Arena para PS3 - Atlus
			Igorando Pelo Filtro de Nome...
		Nome do Produto: Coenzyme Q10 60 cápsulas - Vitaminlife
			Igorando Pelo Filtro de Nome...
		Nome do Produto: Notebook Acer Aspire E5 Intel Core i7 - 8GB 1TB Windows 8.1 LED 15,6 Placa Vídeo 2GB
			Igorando Pelo Filtro de Nome...
		Nome do Produto: Cooktop 4 Bocas Safanelli 4Q FCP4 a Gás - com Acendimento Superautomático
			Igorando Pelo Filtro de Nome...
		Nome do Produto: Cooktop 5 Bocas Safanelli 5Q FCP5 a Gás - com Acendimento Superautomático
			Igorando Pelo Filtro de Nome...
		Nome do Produto: Cooktop 4 Bocas Vitrocerâmico Fischer 4Q Elétrico - Acendimento Superautomático e Display Digital
			Igorando Pelo Filtro de Nome...
		Nome do Produto: Colchão Paropas Queen Size Mola 158x198cm - Persona
http://www.magazineluiza.com.br//colchao-paropas-queen-size-mola-158x198cm-persona/p/2116688/mo/mccm/?_b=Persona+Q
		Acessando URL do produto.
		Nome do Produto: Colchão Paropas Casal Mola 138x188cm - Persona
			Igorando Pelo Filtro de Nome...
		Nome do Produto: 1Q84 - Vol. 2 - Objetiva
			Igorando Pelo Filtro de Nome...
		Nome do Produto: 1Q84 - Livro 1 - Alfaguara
			Igorando Pelo Filtro de Nome...
		Nome do Produto: Relógio Magnum MA32701Q Masculino - Esportivo Analógico
			Igorando Pelo Filtro de Nome...
		Nome do Produto: Relógio Feminino Ana Hickmann AH 30068 Q - Analógico Resistente à Água
			Igorando Pelo Filtro de Nome...
		Nome do Produto: Relógio Masculino Bulova WB31667Q - Analógico Resistente à Água Cronógrafo Calendário
			Igorando Pelo Filtro de Nome...
		Nome do Produto: Relógio Feminino Champion CH38397Q - Analógico Resistente à Água Calendário
			Igorando Pelo Filtro de Nome...
		Nome do Produto: Relógio Masculino Champion CA31051Q - Analógico Resistente à Água Cronógrafo
			Igorando Pelo Filtro de Nome...
		Nome do Produto: Lavadora de Roupas Electrolux LP12Q 12Kg - com Água Quente e Programa Lava Tênis
			Igorando Pelo Filtro de Nome...
		Nome do Produto: Relógio Masculino Just Cavalli Blade WJ20233Q - Analógico Resistente à Água
			Igorando Pelo Filtro de Nome...
		Nome do Produto: Relógio Feminino Champion CN29776Q Analógico - Resistente à Água
			Igorando Pelo Filtro de Nome...
		Nome do Produto: Relógio Feminino Ana Hickmann AH28928Q - Analógico Resistente à Água Calendário
			Igorando Pelo Filtro de Nome...
		Nome do Produto: Cooktop 1 Boca Built BLT 1Q TC a Gás - Tripla Chama e Acendimento Superautomático
			Igorando Pelo Filtro de Nome...
		Nome do Produto: Cooktop 2 Bocas Built BLT 2Q BC a Gás - Acendimento Superautomático
			Igorando Pelo Filtro de Nome...
		Nome do Produto: Cartucho de Toner Preto - HP Q7553AB
			Igorando Pelo Filtro de Nome...
		Nome do Produto: Cooktop 3 Bocas Built BLT 3Q SL PR a Gás - Acendimento Superautomático
			Igorando Pelo Filtro de Nome...
		Nome do Produto: Caixa de Som 2,5W Bluetooth e P2 - iHome iBT16 Q
			Igorando Pelo Filtro de Nome...
		Nome do Produto: Cooktop 4 Bocas Venax Arena a Gás - Acendimento Superautomático
			Igorando Pelo Filtro de Nome...
		Nome do Produto: Amplificador Mono 140W RMS - Sony XM-SW1//Q1
			Igorando Pelo Filtro de Nome...
	Tempo Para buscar: 1070
Loja: Mula Games
	URL Principal: http://www.mulagames.com.br/
	URL Busca: http://www.mulagames.com.br/produtos-index/catalogo_produtos/-/-/<BUSCA>/-/-/-/-/-/
http://www.mulagames.com.br/produtos-index/catalogo_produtos/-/-/Persona%20Q/-/-/-/-/-/
		Documento Lido
		Resultados: 1
		Nome do Produto: Persona Q: Shadow of the Labyrinth - 3DS
http://www.mulagames.com.br/Persona-Q--Shadow-of-the-Labyrinth-3DS/prod-2727505/
		Acessando URL do produto.
http://www.mulagames.com.br/produto-ajax_retorna_dados_preco_comprar/2727505
		Acessando URL do preço produto.
	Tempo Para buscar: 3089
Loja: Net Shoes
	URL Principal: http://www.netshoes.com.br/
	URL Busca: http://www.netshoes.com.br/search?Ntt=<BUSCA>
http://www.netshoes.com.br/search?Ntt=Persona+Q
		Documento Lido
		Resultados: 60
		Nome do Produto: Camisa Adidas Flamengo I 14/15 s/nº
			Igorando Pelo Filtro de Nome...
		Nome do Produto: Camisa Nike Seleção Brasil I 14/15 s/nº - Torcedor
			Igorando Pelo Filtro de Nome...
		Nome do Produto: Camisa Adidas Flamengo II 14/15 s/nº
			Igorando Pelo Filtro de Nome...
		Nome do Produto: Camisa Adidas Flamengo III 14/15 s/nº
			Igorando Pelo Filtro de Nome...
		Nome do Produto: Camisa Nike Corinthians II 14/15 s/nº
			Igorando Pelo Filtro de Nome...
		Nome do Produto: Chuteira Adidas Predito Instinct TF Society
			Igorando Pelo Filtro de Nome...
		Nome do Produto: Chuteira Adidas Absolado Instinct TF Society
			Igorando Pelo Filtro de Nome...
		Nome do Produto: Camisa Nike Corinthians I 14/15 s/nº
			Igorando Pelo Filtro de Nome...
		Nome do Produto: Chuteira Nike Hypervenom Phelon IC
			Igorando Pelo Filtro de Nome...
		Nome do Produto: Camisa Adidas Flamengo I 2015 s/n°
			Igorando Pelo Filtro de Nome...
		Nome do Produto: Camisa Penalty Santa Cruz III 2015 nº 10
			Igorando Pelo Filtro de Nome...
		Nome do Produto: Chuteira Adidas Predito Instinct FG Campo
			Igorando Pelo Filtro de Nome...
		Nome do Produto: Chuteira Adidas F5 TF Society
			Igorando Pelo Filtro de Nome...
		Nome do Produto: Chuteira Adidas Absolado Instinct FG Campo
			Igorando Pelo Filtro de Nome...
		Nome do Produto: Mochila Nike Football Club Team
			Igorando Pelo Filtro de Nome...
		Nome do Produto: Camisa Adidas Entrada 14
			Igorando Pelo Filtro de Nome...
		Nome do Produto: Chuteira Adidas F5 TF Society Messi
			Igorando Pelo Filtro de Nome...
		Nome do Produto: Chuteira Adidas F5 FG Campo
			Igorando Pelo Filtro de Nome...
		Nome do Produto: Chuteira Adidas F10 IN Futsal
			Igorando Pelo Filtro de Nome...
		Nome do Produto: Camisa Adidas Entrada 14
			Igorando Pelo Filtro de Nome...
		Nome do Produto: Chuteira Nike Mercurial Vortex 2 FG Campo
			Igorando Pelo Filtro de Nome...
		Nome do Produto: Chuteira Penalty K Soccer Matís 4 Futsal Juvenil
			Igorando Pelo Filtro de Nome...
		Nome do Produto: Chuteira Mizuno Morelia Neo MD
			Igorando Pelo Filtro de Nome...
		Nome do Produto: Chuteira Adidas F5 FG Campo
			Igorando Pelo Filtro de Nome...
		Nome do Produto: Camisa Adidas Entrada 14
			Igorando Pelo Filtro de Nome...
		Nome do Produto: Camisa Adidas Estro 15
			Igorando Pelo Filtro de Nome...
		Nome do Produto: Camisa Nike Park 5
			Igorando Pelo Filtro de Nome...
		Nome do Produto: Camiseta Adidas Sequencials
			Igorando Pelo Filtro de Nome...
		Nome do Produto: Mochila Umbro Prime
			Igorando Pelo Filtro de Nome...
		Nome do Produto: Chuteira Nike Mercurial Victory 5 FG Campo
			Igorando Pelo Filtro de Nome...
		Nome do Produto: Camisa Adidas Estro 15
			Igorando Pelo Filtro de Nome...
		Nome do Produto: Bola Topper KV Réplica 2015 Society
			Igorando Pelo Filtro de Nome...
		Nome do Produto: Camiseta Adidas Sequencials
			Igorando Pelo Filtro de Nome...
		Nome do Produto: Mochila Adidas Tiro
			Igorando Pelo Filtro de Nome...
		Nome do Produto: Camisa Adidas Striped 15
			Igorando Pelo Filtro de Nome...
		Nome do Produto: Chuteira Adidas Absolado Instinct IN Futsal
			Igorando Pelo Filtro de Nome...
		Nome do Produto: Camiseta Nike Miler
			Igorando Pelo Filtro de Nome...
		Nome do Produto: Bola Nike Strike CBF Campo
			Igorando Pelo Filtro de Nome...
		Nome do Produto: Camisa Adidas Entrada 14
			Igorando Pelo Filtro de Nome...
		Nome do Produto: Camisa Adidas Estro 15
			Igorando Pelo Filtro de Nome...
		Nome do Produto: Chuteira Mizuno Morelia MD
			Igorando Pelo Filtro de Nome...
		Nome do Produto: Chuteira Penalty Digital R1 4 Campo
			Igorando Pelo Filtro de Nome...
		Nome do Produto: Chuteira Adidas Predito Al 1 Campo Infantil
			Igorando Pelo Filtro de Nome...
		Nome do Produto: Chuteira Nike Magista Ola FG Campo
			Igorando Pelo Filtro de Nome...
		Nome do Produto: Chuteira Nike Mercurial Vortex 2 TF Society
			Igorando Pelo Filtro de Nome...
		Nome do Produto: Bola Nike Menor CBF Futsal
			Igorando Pelo Filtro de Nome...
		Nome do Produto: Chuteira Adidas F5 TF Society
			Igorando Pelo Filtro de Nome...
		Nome do Produto: Camisa Umbro Vasco III 2015 s/nº
			Igorando Pelo Filtro de Nome...
		Nome do Produto: Camisa Adidas Palmeiras II 2015 s/nº
			Igorando Pelo Filtro de Nome...
		Nome do Produto: Chuteira Nike Hypervenom Phelon FG
			Igorando Pelo Filtro de Nome...
		Nome do Produto: Bola Topper KV Réplica 2015 Futsal
			Igorando Pelo Filtro de Nome...
		Nome do Produto: Chuteira Umbro Speed Futsal
			Igorando Pelo Filtro de Nome...
		Nome do Produto: Camisa Adidas Entrada 14
			Igorando Pelo Filtro de Nome...
		Nome do Produto: Camisa Adidas Entrada 14
			Igorando Pelo Filtro de Nome...
		Nome do Produto: Bola Nike Strike CSF Campo
			Igorando Pelo Filtro de Nome...
		Nome do Produto: Chuteira Umbro Speed Futsal
			Igorando Pelo Filtro de Nome...
		Nome do Produto: Chuteira Adidas F5 IN Futsal
			Igorando Pelo Filtro de Nome...
		Nome do Produto: Camiseta Adidas Sequencials
			Igorando Pelo Filtro de Nome...
		Nome do Produto: Chuteira Mizuno Basara 003 MD
			Igorando Pelo Filtro de Nome...
		Nome do Produto: Camisa Adidas Estro 15
			Igorando Pelo Filtro de Nome...
	Tempo Para buscar: 676
Loja: Ponto Frio
	URL Principal: http://www.pontofrio.com.br/
	URL Busca: http://search.pontofrio.com.br/search?w=<BUSCA>
http://search.pontofrio.com.br/search?w=Persona+Q
		Documento Lido
		Resultados: 1
		Nome do Produto: The Q
			Igorando Pelo Filtro de Nome...
		Nome do Produto: The Diachronic Mind
			Igorando Pelo Filtro de Nome...
		Nome do Produto: The Master Mind
			Igorando Pelo Filtro de Nome...
		Nome do Produto: The Secret of Success
			Igorando Pelo Filtro de Nome...
		Nome do Produto: The Chronicles of Psyt - Psychomachy
			Igorando Pelo Filtro de Nome...
		Nome do Produto: Your Thoughts, Your Power - Thought-Force In Business and Everyday Life, Thought Vibration, Hindu-Yo
			Igorando Pelo Filtro de Nome...
		Nome do Produto: Historie of the Arrival of Edward IV in England and the Finall Recouerye of His Kingdomes from Henry
			Igorando Pelo Filtro de Nome...
		Nome do Produto: The Q
			Igorando Pelo Filtro de Nome...
		Nome do Produto: The Diachronic Mind
			Igorando Pelo Filtro de Nome...
		Nome do Produto: The Master Mind
			Igorando Pelo Filtro de Nome...
		Nome do Produto: The Secret of Success
			Igorando Pelo Filtro de Nome...
		Nome do Produto: The Chronicles of Psyt - Psychomachy
			Igorando Pelo Filtro de Nome...
		Nome do Produto: Your Thoughts, Your Power - Thought-Force In Business and Everyday Life, Thought Vibration, Hindu-Yo
			Igorando Pelo Filtro de Nome...
		Nome do Produto: Historie of the Arrival of Edward IV in England and the Finall Recouerye of His Kingdomes from Henry
			Igorando Pelo Filtro de Nome...
	Tempo Para buscar: 1194
Loja: Ricardo Eletro
	URL Principal: http://www.ricardoeletro.com.br/
	URL Busca: http://www.ricardoeletro.com.br/Busca/Resultado/?q=<BUSCA>
http://www.ricardoeletro.com.br/Busca/Resultado/?q=Persona+Q
		Documento Lido
		Resultados: 2
		Nome do Produto: Body Manga Curta Branco Cheio de personalidade -Olha quem está falando
http://www.ricardoeletro.com.br/Produto/Body-Manga-Curta-Branco-Cheio-de-personalidade-Olha-quem-esta-falando/2322-2681-5222-527905
		Acessando URL do produto.
		Nome do Produto: Body Manga Curta Branco Cheia de personalidade - Olha quem está falando
http://www.ricardoeletro.com.br/Produto/Body-Manga-Curta-Branco-Cheia-de-personalidade-Olha-quem-esta-falando/2322-2681-5222-527902
		Acessando URL do produto.
	Tempo Para buscar: 1861
Loja: RiHappy
	URL Principal: http://www.rihappy.com.br/
	URL Busca: http://www.rihappy.com.br/<BUSCA>
http://www.rihappy.com.br/Persona%20Q
		Documento Lido
		Resultados: 0
	Tempo Para buscar: 3839
Loja: Saraiva
	URL Principal: http://www.saraiva.com.br/
	URL Busca: http://busca.saraiva.com.br/search?w=<BUSCA>&PAC_ID=129457&ts=ajax
http://busca.saraiva.com.br/search?w=Persona+Q&PAC_ID=129457&ts=ajax
		Documento Lido
		Resultados: 2
		Nome do Produto: Calculadora Cientifica HP 10s+
			Igorando Pelo Filtro de Nome...
		Nome do Produto: ENEM Coleção Completa - Edição 2015
			Igorando Pelo Filtro de Nome...
	Tempo Para buscar: 223
Loja: Shop Facil
	URL Principal: http://ww2.shopfacil.com.br/
	URL Busca: http://ww2.shopfacil.com.br/<BUSCA>
http://ww2.shopfacil.com.br/Persona%20Q
		Documento Lido
		Resultados: 1
		Nome do Produto: Notebook Acer Intel Core i7-5500U 8GB 1TB E5-571G-760Q 15.6" + Microsoft Office 365 Personal Assinatura Anual
http://ww2.shopfacil.com.br/notebook-acer-intel-core-i7-5500u-8gb-1tb-e5-571g-760q-15-6----microsoft-office-365-personal-assinatura-anual-2309649/p
		Acessando URL do produto.
	Tempo Para buscar: 7261
Loja: Shop Time
	URL Principal: http://www.shoptime.com.br/
	URL Busca: http://busca.shoptime.com.br/busca.php?q=<BUSCA>
http://busca.shoptime.com.br/busca.php?q=Persona+Q
		Documento Lido
		Resultados: 3
		Nome do Produto: Persona Q: Shadow Of The Labyrinth - 3ds Persona Q Shadow Of The Labyrinth N3ds Persona Q Shadow Of The Labyrinth N3ds
http://www.shoptime.com.br/produto/9907763/persona-q-shadow-of-the-labyrinth-3ds
		Acessando URL do produto.
		Nome do Produto: Persona Q: Shadow Of The Labyrinth - 3ds Persona Q Shadow Of The Labyrinth N3ds Persona Q Shadow Of The Labyrinth N3ds
http://www.shoptime.com.br/produto/9957176/persona-q-shadow-of-the-labyrinth-n3ds
		Acessando URL do produto.
		Nome do Produto: Persona Q: Shadow Of The Labyrinth - 3ds Persona Q Shadow Of The Labyrinth N3ds Persona Q Shadow Of The Labyrinth N3ds
http://www.shoptime.com.br/produto/9957176/persona-q-shadow-of-the-labyrinth-n3ds
		Acessando URL do produto.
	Tempo Para buscar: 1170
Loja: ShopB
	URL Principal: http://www.shopb.com.br/
	URL Busca: http://busca.shopb.com.br/?busca=<BUSCA>
http://busca.shopb.com.br/?busca=Persona+Q
		Documento Lido
		Resultados: 19
		Nome do Produto: Persona 4 Arena - PS3
			Igorando Pelo Filtro de Nome...
		Nome do Produto: Persona 4 Arena - XBOX 360
			Igorando Pelo Filtro de Nome...
		Nome do Produto: Persona 4 Golden - PS Vita
			Igorando Pelo Filtro de Nome...
		Nome do Produto: Persona Q: Shadow of the Labyrinth - 3DS
http://shopb.ecommercesearch.com.br/Busca/Redir?url=http%3a%2f%2fwww.shopb.com.br%2fecommerce_site%2findex.php%3fpg%3dproduto%26cdg%3d4488%26idp%3d39136%26idparceiro%3dp1&esid=39136
		Acessando URL do produto.
		Nome do Produto: Fonte Dell Precision 19.5V 3.34A
			Igorando Pelo Filtro de Nome...
		Nome do Produto: Fonte Dell Precision 19.5v 6.7A
			Igorando Pelo Filtro de Nome...
		Nome do Produto: Fonte Dell Precision 20v 4.5A
			Igorando Pelo Filtro de Nome...
		Nome do Produto: Fonte Dell Precision M20 M60 M65 M70 M140 M1210
			Igorando Pelo Filtro de Nome...
		Nome do Produto: Fonte Dell Precision M2400 M4400
			Igorando Pelo Filtro de Nome...
		Nome do Produto: Fonte Dell Precision M50 Workstation M40
			Igorando Pelo Filtro de Nome...
		Nome do Produto: Fonte Dell Precision M90 M6300
			Igorando Pelo Filtro de Nome...
		Nome do Produto: Fonte Paralela HP Compaq Prosignia 140 150 160 165 170 190
			Igorando Pelo Filtro de Nome...
		Nome do Produto: Precision Shot - Sharp Shooter - PS3
			Igorando Pelo Filtro de Nome...
		Nome do Produto: Super Poster - Tudo Posso Naquele que me Fortalece
			Igorando Pelo Filtro de Nome...
		Nome do Produto: Teclado Original Dell Inspiron D500 D505 D600 D800 8500 8600 9100 500m 510m 600m Precision M60
			Igorando Pelo Filtro de Nome...
		Nome do Produto: Teclado Original Dell Precision M6400 M6500
			Igorando Pelo Filtro de Nome...
		Nome do Produto: UFC Personal Trainer (Requer Kinect) - XBOX 360
http://shopb.ecommercesearch.com.br/Busca/Redir?url=http%3a%2f%2fwww.shopb.com.br%2fecommerce_site%2findex.php%3fpg%3dproduto%26cdg%3d4488%26idp%3d20992%26idparceiro%3dp1&esid=20992
		Acessando URL do produto.
		Nome do Produto: UFC Personal Trainer: The Ultimate Fitness System + Leg Strap - PS3
			Igorando Pelo Filtro de Nome...
		Nome do Produto: UFC Personal Trainer: The Ultimate Fitness System + Leg Strap [Europeu] - PS3
			Igorando Pelo Filtro de Nome...
	Tempo Para buscar: 2801
Loja: Submarino
	URL Principal: http://www.submarino.com.br/
	URL Busca: http://busca.submarino.com.br/busca.php?q=<BUSCA>
http://busca.submarino.com.br/busca.php?q=Persona+Q
		Documento Lido
		Resultados: 2
		Nome do Produto: Persona Q: Shadow Of The Labyrinth - 3ds
http://www.submarino.com.br/produto/9907763/persona-q-shadow-of-the-labyrinth-3ds
		Acessando URL do produto.
		Nome do Produto: Persona Q Shadow Of The Labyrinth N3ds
http://www.submarino.com.br/produto/9957176/persona-q-shadow-of-the-labyrinth-n3ds
		Acessando URL do produto.
	Tempo Para buscar: 789
Loja: Walmart
	URL Principal: http://www.walmart.com.br/
	URL Busca: http://www.walmart.com.br/busca/?ft=<BUSCA>&PS=20
http://www.walmart.com.br/busca/?ft=Persona+Q&PS=20
		Documento Lido
		Resultados: 20
		Nome do Produto: Notebook Acer Intel Core i7-5500U 5ª geração 8GB RAM HD 1TB E5-571G-760Q Tela 15.6" Placa de vídeo 2GB NVIDIA® GeForce® 820M
			Igorando Pelo Filtro de Nome...
		Nome do Produto: Notebook Acer Intel Celeron N2840 2GB RAM 320GB HD ES1-511-C35Q Tela 15,6" Windows 8.1
			Igorando Pelo Filtro de Nome...
		Nome do Produto: Cartucho de Toner HP Preto - 124A - Q6000AB
			Igorando Pelo Filtro de Nome...
		Nome do Produto: Toner Original Q2612AB HP 12A Preto Laserjet 1018 1020 1022 M1005 M1319 MFP
			Igorando Pelo Filtro de Nome...
		Nome do Produto: Enxoval de Cama Queen Hometrends Ivory Bege 155 Fios Microfibra 8 Peças
			Igorando Pelo Filtro de Nome...
		Nome do Produto: Enxoval de Cama Queen Hometrends Olive Verde 155 Fios Microfibra 8 Peças
			Igorando Pelo Filtro de Nome...
		Nome do Produto: Enxoval de Cama Queen Ivory Hometrends 8 peças + 2 Travesseiros Arte & Cazza Percal 200 Fios
			Igorando Pelo Filtro de Nome...
		Nome do Produto: Enxoval de Cama Queen Ivory 8 peças + Jogo de Banho Jacquard 5 Peças Bege - Hometrends
			Igorando Pelo Filtro de Nome...
		Nome do Produto: Lâmpada LED Bulbo Hitec Q1-10Y 3000K 10W Branca Quente
			Igorando Pelo Filtro de Nome...
		Nome do Produto: Camera ccd 15mm Q-SEE QSZ515D
			Igorando Pelo Filtro de Nome...
		Nome do Produto: Camera ccd 12mm Q-SEE QSC13212D
			Igorando Pelo Filtro de Nome...
		Nome do Produto: Câmera ccd 3.6mm Q-See Qsc414d
			Igorando Pelo Filtro de Nome...
		Nome do Produto: Tênis para Corrida Fila Windspeed Camouflage Rosa Preto e Roxo
			Igorando Pelo Filtro de Nome...
		Nome do Produto: Lanterna Rick 8501 1000w/2800 Lumens com Três modos de Luz Zoom de Catraca e Led Cree Q5
			Igorando Pelo Filtro de Nome...
		Nome do Produto: Calção Kappa Sanzan Azurro
			Igorando Pelo Filtro de Nome...
		Nome do Produto: Calção Kappa Sanzan Azul Marinho
			Igorando Pelo Filtro de Nome...
		Nome do Produto: Lavadora de Roupas LM13Q Electrolux 13Kg Turbo Premium Branca
			Igorando Pelo Filtro de Nome...
		Nome do Produto: Cooktop Elétrico por Indução 1 Boca Fischer Digital 1Q 220V (Grátis) Panela Inox
			Igorando Pelo Filtro de Nome...
		Nome do Produto: Fogão Cooktop Fischer 2Q de Indução Preto 14015-15915 220V
			Igorando Pelo Filtro de Nome...
		Nome do Produto: Ar Condicionado Split 12.000 Btus Quente e Frio Max Plus Vírus Doctor AQ12UWBVXAZ - Samsung
			Igorando Pelo Filtro de Nome...
	Tempo Para buscar: 903

File copied from C:\java\workspace Estudo\lookforprices\resources\imports\css.css to C:\java\workspace Estudo\lookforprices\reports\2015-08-10 12\css.css
File copied from C:\java\workspace Estudo\lookforprices\resources\imports\jquery.js to C:\java\workspace Estudo\lookforprices\reports\2015-08-10 12\jquery.js
File copied from C:\java\workspace Estudo\lookforprices\resources\imports\scripts.js to C:\java\workspace Estudo\lookforprices\reports\2015-08-10 12\scripts.js
Tempo total de execução: 42522
