Game: Pokemon Black DS
Product Name: Pokemon Black DS
Loja: Nintendo eShop
	URL Principal: http://www.nintendo.com/3ds/eshop
	URL Busca: http://www.nintendo.com/json/content/get/game/filter?&qterm=<BUSCA>
NintendoEShopSearch.search() http://www.nintendo.com/json/content/get/game/filter?&qterm=Pokemon+Black+DS
		Documento Lido
		Resultados: 8
		Nome do Produto: Pokédex 3D Pro
			Igorando Pelo Filtro de Nome...
		Nome do Produto: Pokémon Black Version 2
			Igorando Pelo Filtro de Nome...
		Nome do Produto: Pokémon White Version 2
			Igorando Pelo Filtro de Nome...
		Nome do Produto: Pokémon Dream Radar
			Igorando Pelo Filtro de Nome...
		Nome do Produto: Pokémon Conquest
			Igorando Pelo Filtro de Nome...
		Nome do Produto: Pokémon Rumble Blast
			Igorando Pelo Filtro de Nome...
		Nome do Produto: Pokémon Black Version
			Igorando Pelo Filtro de Nome...
		Nome do Produto: Pokémon White Version
			Igorando Pelo Filtro de Nome...
	Tempo Para buscar: 1157
Loja: Americanas
	URL Principal: http://www.americanas.com.br/
	URL Busca: http://busca.americanas.com.br/busca.php?q=<BUSCA>
http://busca.americanas.com.br/busca.php?q=Pokemon+Black+DS
		Documento Lido
		Resultados: 2
		Nome do Produto: Pokemon Deck Black White - Congelamento De Plasma -...
			Igorando Pelo Filtro de Nome...
		Nome do Produto: Livro - Pokémon - Black & White - Vol. 6
			Igorando Pelo Filtro de Nome...
	Tempo Para buscar: 744
Loja: Big Boy Games
	URL Principal: http://www.bigboygames.com.br/
	URL Busca: http://www.bigboygames.com.br/pesquisa/?p=<BUSCA>
http://www.bigboygames.com.br/pesquisa/?p=Pokemon+Black+DS
		Documento Lido
		Resultados: 2
		Nome do Produto: DS - Pokemon Versão Black 2
http://www.bigboygames.com.br/ds-pokemon-versao-black-2-p4430/
		Acessando URL do produto.
		Nome do Produto: DS - Pokemon Versão Black
http://www.bigboygames.com.br/ds-pokemon-versao-black-p2603/
		Acessando URL do produto.
	Tempo Para buscar: 1966
Loja: Casas Bahia
	URL Principal: http://www.casasbahia.com.br/
	URL Busca: http://buscas.casasbahia.com.br/search?w=<BUSCA>
http://buscas.casasbahia.com.br/search?w=Pokemon+Black+DS
		Documento Lido
		Resultados: 2
		Nome do Produto: 
			Igorando Pelo Filtro de Nome...
		Nome do Produto: 
			Igorando Pelo Filtro de Nome...
		Nome do Produto: 
			Igorando Pelo Filtro de Nome...
		Nome do Produto: 
			Igorando Pelo Filtro de Nome...
		Nome do Produto: 
			Igorando Pelo Filtro de Nome...
		Nome do Produto: 
			Igorando Pelo Filtro de Nome...
		Nome do Produto: 
			Igorando Pelo Filtro de Nome...
		Nome do Produto: 
			Igorando Pelo Filtro de Nome...
		Nome do Produto: 
			Igorando Pelo Filtro de Nome...
		Nome do Produto: 
			Igorando Pelo Filtro de Nome...
		Nome do Produto: 
			Igorando Pelo Filtro de Nome...
		Nome do Produto: 
			Igorando Pelo Filtro de Nome...
		Nome do Produto: 
			Igorando Pelo Filtro de Nome...
		Nome do Produto: 
			Igorando Pelo Filtro de Nome...
		Nome do Produto: 
			Igorando Pelo Filtro de Nome...
		Nome do Produto: 
			Igorando Pelo Filtro de Nome...
		Nome do Produto: 
			Igorando Pelo Filtro de Nome...
		Nome do Produto: 
			Igorando Pelo Filtro de Nome...
		Nome do Produto: 
			Igorando Pelo Filtro de Nome...
		Nome do Produto: 
			Igorando Pelo Filtro de Nome...
		Nome do Produto: 
			Igorando Pelo Filtro de Nome...
	Tempo Para buscar: 1732
Loja: Extra
	URL Principal: http://www.extra.com.br/
	URL Busca: http://buscando.extra.com.br/search?w=<BUSCA>
http://buscando.extra.com.br/search?w=Pokemon+Black+DS
		Documento Lido
		Resultados: 1
		Nome do Produto: Jogo Pokémon Rumble Blast - 3DS
			Igorando Pelo Filtro de Nome...
	Tempo Para buscar: 1007
Loja: E-Virtua
	URL Principal: http://www.evirtua.com.br/
	URL Busca: http://www.evirtua.com.br/Busca?search_department_id=0&SearchTerm=<BUSCA>
http://www.evirtua.com.br/Busca?search_department_id=0&SearchTerm=Pokemon+Black+DS
		Documento Lido
		Resultados: 0
	Tempo Para buscar: 485
Loja: Fast Games
	URL Principal: http://www.fastgames.com.br/
	URL Busca: http://www.fastgames.com.br/loja/busca.php?loja=187970&palavra_busca=<BUSCA>
http://www.fastgames.com.br/loja/busca.php?loja=187970&palavra_busca=Pokemon+Black+DS
		Documento Lido
		Resultados: 0
	Tempo Para buscar: 525
Loja: Fast Shop
	URL Principal: http://www.fastshop.com.br/loja/
	URL Busca: http://www.fastshop.com.br/webapp/wcs/stores/servlet/SearchDisplay?searchTerm=<BUSCA>&categoryId=&storeId=10151&catalogId=11052&langId=-6&pageSize=9&beginIndex=0&sType=SimpleSearch&resultCatEntryType=2&showResultsPage=true&searchSource=Q&pageView=&hotsite=fastshop
http://www.fastshop.com.br/webapp/wcs/stores/servlet/SearchDisplay?searchTerm=Pokemon+Black+DS&categoryId=&storeId=10151&catalogId=11052&langId=-6&pageSize=9&beginIndex=0&sType=SimpleSearch&resultCatEntryType=2&showResultsPage=true&searchSource=Q&pageView=&hotsite=fastshop
		Documento Lido
		Resultados: 0
	Tempo Para buscar: 500
Loja: FNAC
	URL Principal: http://www.fnac.com.br/index.html
	URL Busca: http://busca.fnac.com.br/?busca=<BUSCA>
http://busca.fnac.com.br/?busca=Pokemon+Black+DS
		Documento Lido
		Resultados: 21
		Nome do Produto: True Blood - 4ª Temporada (blu-ray) (5 Discos)
			Igorando Pelo Filtro de Nome...
	Tempo Para buscar: 1407
Loja: Kabum
	URL Principal: http://www.kabum.com.br/
	URL Busca: http://www.kabum.com.br/cgi-local/site/listagem/listagem.cgi?string=<BUSCA>&btnG=
http://www.kabum.com.br/cgi-local/site/listagem/listagem.cgi?string=Pokemon+Black+DS&btnG=
		Documento Lido
		Resultados: 0
	Tempo Para buscar: 1177
Loja: Livraria Cultura
	URL Principal: http://www.livrariacultura.com.br/
	URL Busca: http://www.livrariacultura.com.br/busca?N=0&Ntt=<BUSCA>
http://www.livrariacultura.com.br/busca?N=0&Ntt=Pokemon+Black+DS
		Documento Lido
		Resultados: 48
		Nome do Produto: POKEMON BLACK & WHITE - Nº01
			Igorando Pelo Filtro de Nome...
		Nome do Produto: POKEMON BLACK & WHITE - Nº05
			Igorando Pelo Filtro de Nome...
		Nome do Produto: POKEMON BLACK & WHITE - Nº03
			Igorando Pelo Filtro de Nome...
		Nome do Produto: POKEMON BLACK & WHITE - Nº04
			Igorando Pelo Filtro de Nome...
		Nome do Produto: POKEMON BLACK & WHITE - Nº02
			Igorando Pelo Filtro de Nome...
		Nome do Produto: POKEMON BLACK AND WHITE, V.2
			Igorando Pelo Filtro de Nome...
		Nome do Produto: POKEMON BLACK AND WHITE 4
			Igorando Pelo Filtro de Nome...
		Nome do Produto: POKEMON BLACK AND WHITE 5
			Igorando Pelo Filtro de Nome...
		Nome do Produto: POKEMON BLACK AND WHITE BOX SET
			Igorando Pelo Filtro de Nome...
		Nome do Produto: POKEMON BLACK VERSION 2 AND POKEMON WHITE VERSION
			Igorando Pelo Filtro de Nome...
		Nome do Produto: POKEMON BLACK VERSION STICKER BOOK
			Igorando Pelo Filtro de Nome...
		Nome do Produto: POKEMON BLACK AND WHITE 3
			Igorando Pelo Filtro de Nome...
		Nome do Produto: POKEMON BLACK AND WHITE 7
			Igorando Pelo Filtro de Nome...
		Nome do Produto: POKEMON BLACK AND WHITE 6
			Igorando Pelo Filtro de Nome...
		Nome do Produto: POKEMON BLACK AND WHITE, V.1
			Igorando Pelo Filtro de Nome...
		Nome do Produto: POK‚MON ADVENTURES - BLACK AND WHITE
			Igorando Pelo Filtro de Nome...
		Nome do Produto: POKEMON ADVENTURES - BLACK AND WHITE 20
			Igorando Pelo Filtro de Nome...
		Nome do Produto: POK‚MON ADVENTURES - BLACK AND WHITE
			Igorando Pelo Filtro de Nome...
		Nome do Produto: POKEMON BLACK AND WHITE
			Igorando Pelo Filtro de Nome...
		Nome do Produto: POKEMON BLACK AND WHITE
			Igorando Pelo Filtro de Nome...
		Nome do Produto: POKEMON BLACK AND WHITE
			Igorando Pelo Filtro de Nome...
		Nome do Produto: POKEMON BLACK AND WHITE 8
			Igorando Pelo Filtro de Nome...
		Nome do Produto: POKEMON BLACK AND WHITE BOX SET 2
			Igorando Pelo Filtro de Nome...
		Nome do Produto: POKEMON - BLACK & WHITE HANDBOOK
			Igorando Pelo Filtro de Nome...
		Nome do Produto: POKEMON BLACK AND WHITE
			Igorando Pelo Filtro de Nome...
		Nome do Produto: POKEMON BLACK AND WHITE
			Igorando Pelo Filtro de Nome...
		Nome do Produto: POKEMON ADVENTURES- BLACK AND WHITE 5
			Igorando Pelo Filtro de Nome...
		Nome do Produto: POKEMON ADVENTURES - BLACK AND WHITE 6
			Igorando Pelo Filtro de Nome...
		Nome do Produto: POKEMON ADVENTURES- BLACK & WHITE 7
			Igorando Pelo Filtro de Nome...
		Nome do Produto: POKEMON ADVENTURES- BLACK AND WHITE 8
			Igorando Pelo Filtro de Nome...
		Nome do Produto: PRESERVE THE DEAD
			Igorando Pelo Filtro de Nome...
		Nome do Produto: HURT
			Igorando Pelo Filtro de Nome...
		Nome do Produto: POK‚MON ADVENTURES - BLACK AND WHITE
			Igorando Pelo Filtro de Nome...
		Nome do Produto: POKEMON BLACK VERSION 2 AND POKEMON WHITE VERSION
			Igorando Pelo Filtro de Nome...
		Nome do Produto: POKEMON BLACK AND WHITE 2 GUIDE
			Igorando Pelo Filtro de Nome...
		Nome do Produto: POKEMON BLACK/WHITE: VIDEO GAME GUIDE
			Igorando Pelo Filtro de Nome...
		Nome do Produto: POKEMON BLACK AND WHITE - ULTIMATE GUIDE FOR THE
			Igorando Pelo Filtro de Nome...
		Nome do Produto: SUPER POKEMON POP-UP BLACK KYUREM
			Igorando Pelo Filtro de Nome...
		Nome do Produto: BATTLE & GET! POKEMON TYPING DS
			Igorando Pelo Filtro de Nome...
		Nome do Produto: POKEMON BLACK & WHITE 9 - BOOSTER BLISTER
			Igorando Pelo Filtro de Nome...
		Nome do Produto: POKEMON BLACK & POKEMON WHITE VERSIONS
			Igorando Pelo Filtro de Nome...
		Nome do Produto: POKEMON BLACK VERSION & POKEMON WHITE VERSION
			Igorando Pelo Filtro de Nome...
		Nome do Produto: POKEMON BLACK & WHITE 3 - DECK VITORIAS NOBRES
			Igorando Pelo Filtro de Nome...
		Nome do Produto: POKEMON BLACK & WHITE 3 - BOOSTER BLISTER - VN
			Igorando Pelo Filtro de Nome...
		Nome do Produto: LATA POKEMON - BLACK & WHITE
			Igorando Pelo Filtro de Nome...
		Nome do Produto: POKEMON BLACK & WHITE 6 - LATA
			Igorando Pelo Filtro de Nome...
		Nome do Produto: POKEMON BLACK & WHITE 7 - DECK
			Igorando Pelo Filtro de Nome...
		Nome do Produto: POKEMON BLACK & WHITE 2 - DECK TRUQUES TOXICOS
			Igorando Pelo Filtro de Nome...
	Tempo Para buscar: 2410
Loja: Magazine Luiza
	URL Principal: http://www.magazineluiza.com.br/
	URL Busca: http://www.magazineluiza.com.br/busca/<BUSCA>/
http://www.magazineluiza.com.br/busca/Pokemon+Black+DS/
		Documento Lido
		Resultados: 60
		Nome do Produto: Pokémon Omega Ruby para Nintendo 3DS - Nintendo
			Igorando Pelo Filtro de Nome...
		Nome do Produto: Pokémon Art Academy para Nintendo 3DS - Nintendo
			Igorando Pelo Filtro de Nome...
		Nome do Produto: Yoshis New Island para Nintendo 3DS - Nintendo
			Igorando Pelo Filtro de Nome...
		Nome do Produto: Mario & Luigi: Dream Team para Nintendo 3DS - Nintendo
			Igorando Pelo Filtro de Nome...
		Nome do Produto: Lego The Lord of the Rings para Nintendo DS - Warner
			Igorando Pelo Filtro de Nome...
		Nome do Produto: Professor Layton and the Azran Legacy - para Nintendo 3DS - Nintendo
			Igorando Pelo Filtro de Nome...
		Nome do Produto: Zoobles p/ Nintendo DS - Activision
			Igorando Pelo Filtro de Nome...
		Nome do Produto: Disney Magical World p/ Nintendo 3DS - Nintendo
			Igorando Pelo Filtro de Nome...
		Nome do Produto: Young Justice Legacy p/ Nintendo 3DS - Little Orbit
			Igorando Pelo Filtro de Nome...
		Nome do Produto: Nickelodeon Bubble Guppies para Nintendo DS - 2K Play
			Igorando Pelo Filtro de Nome...
		Nome do Produto: Naruto Shippuden Naruto VS Sasuke Nintendo DS - Tomy
			Igorando Pelo Filtro de Nome...
		Nome do Produto: Mario Golf": World Tour p/ Nintendo 3DS - Nintendo
			Igorando Pelo Filtro de Nome...
		Nome do Produto: The Amazing Spiderman 2 para Nintendo 3DS - Activision
			Igorando Pelo Filtro de Nome...
		Nome do Produto: Pacote Pure para Nintendo 3DS XL - bigben
			Igorando Pelo Filtro de Nome...
		Nome do Produto: Películas de Proteção para Nintendo 3DS - bigben - 3DSPROTECTKIT
			Igorando Pelo Filtro de Nome...
		Nome do Produto: Case para Nintendo 3DS XL em Metal - Bigben 3DSXLCASEMETALA
			Igorando Pelo Filtro de Nome...
		Nome do Produto: Mario vs. Donkey Kong Mini-land Mayhem! - Nintendo DS - Nintendo
			Igorando Pelo Filtro de Nome...
		Nome do Produto: Transformers: Rise of the Dark Spark - para Nintendo 3DS - Activision
			Igorando Pelo Filtro de Nome...
		Nome do Produto: Estojo Oficial para Nintendo 3DS/DS Lite/DSi - Acompanha Caneta Stylus - Bigben NDS 805M
			Igorando Pelo Filtro de Nome...
		Nome do Produto: Metal Case para Nintendo 3DS XL - Bigben
			Igorando Pelo Filtro de Nome...
		Nome do Produto: Películas Protetoras de Tela para Nintendo 3DS - bigben
			Igorando Pelo Filtro de Nome...
		Nome do Produto: Canetas para Nintendo 3DS XL 8 Peças - bigben
			Igorando Pelo Filtro de Nome...
		Nome do Produto: Carregador de Carro para Nintendo 3DS - bigben
			Igorando Pelo Filtro de Nome...
		Nome do Produto: Case de Policarbonato para Nintendo 3DS XL - Bigben
			Igorando Pelo Filtro de Nome...
		Nome do Produto: Carregador Veivular para Nintendo 3DS - Conexões Mini USB/USB - bigben
			Igorando Pelo Filtro de Nome...
		Nome do Produto: Case para Nintendo 3DS XL em Metal - Bigben 3DSXLCASEMETALC
			Igorando Pelo Filtro de Nome...
		Nome do Produto: Estojo com Bateria Recarregável para Nintendo 3DS - Acompanha Caneta Stylus - Bigben 3DSFLIPNCHABLA
			Igorando Pelo Filtro de Nome...
		Nome do Produto: Estojo Protetor para Console Nintendo 3DS BigBen - com Caneta Flip - 3DSFLIPBLACK
			Igorando Pelo Filtro de Nome...
		Nome do Produto: Band Hero Super Bundle para Nintendo DS - Activision
			Igorando Pelo Filtro de Nome...
		Nome do Produto: Discos de Poder para PS3 X360 3DS Wii e Wii U - Disney Infinity
			Igorando Pelo Filtro de Nome...
		Nome do Produto: Disney Infinity para PS3 X360 3DS Wii e Wii U - Francesco - Warner
			Igorando Pelo Filtro de Nome...
		Nome do Produto: Disney Infinity para PS3 X360 3DS Wii e Wii U - Randy - Warner
			Igorando Pelo Filtro de Nome...
		Nome do Produto: Toy Box Set Wreck It Ralph p/ PS3 X360 3DS Wii - Wii U Disney Infinity - Warner
			Igorando Pelo Filtro de Nome...
		Nome do Produto: Black Onix Fundamentals Green - Perfume Masculino Eau de Toilette 100ml
			Igorando Pelo Filtro de Nome...
		Nome do Produto: Black Onix Falling Star Man - Perfume Masculino Eau de Toilette 100ml
			Igorando Pelo Filtro de Nome...
		Nome do Produto: Furadeira TM500K Black&Decker de Impacto - 500W c/ Maleta 1 Peça
			Igorando Pelo Filtro de Nome...
		Nome do Produto: Sanduicheira Black&Decker HG610T/X - 700W
			Igorando Pelo Filtro de Nome...
		Nome do Produto: Ferro a Vapor e a Seco Black&Decker AJ2032 - Branco e Azul com Sistema de vapor na Vertical
			Igorando Pelo Filtro de Nome...
		Nome do Produto: Ferro a Vapor e a Seco Black&Decker XT2020 - Branco e Azul com Função de Autolimpeza
			Igorando Pelo Filtro de Nome...
		Nome do Produto: Ferro a Vapor e a Seco Black&Decker X500PK - Branco e Rosa
			Igorando Pelo Filtro de Nome...
		Nome do Produto: Cortador de Grama Elétrico Black & Decker GR3800BR - 1600W Corte de 38cm 5 Níveis
			Igorando Pelo Filtro de Nome...
		Nome do Produto: Termogênico Killer 2F 2,400 Kg - Black Skull
			Igorando Pelo Filtro de Nome...
		Nome do Produto: Whey Protein Monstrous 2,7Kg Chocolate - Black Skull
			Igorando Pelo Filtro de Nome...
		Nome do Produto: Whey Protein Whey 4HD 2,2kg Chocolate - Black Skull
			Igorando Pelo Filtro de Nome...
		Nome do Produto: Creatina Creator 300g - Black Skull
			Igorando Pelo Filtro de Nome...
		Nome do Produto: Whey Protein Hannibal 907g Chocolate - Black Skull
			Igorando Pelo Filtro de Nome...
		Nome do Produto: Whey Protein Holy Whey 907g Natural - Black Skull
			Igorando Pelo Filtro de Nome...
		Nome do Produto: Whey Zero Morango 907g - Black Skull
			Igorando Pelo Filtro de Nome...
		Nome do Produto: Whey Zero Baunilha 907g - Black Skull
			Igorando Pelo Filtro de Nome...
		Nome do Produto: Whey Zero Chocolate 907g - Black Skull
			Igorando Pelo Filtro de Nome...
		Nome do Produto: Whey Zero Chocolate 1,995kg - Black Skull
			Igorando Pelo Filtro de Nome...
		Nome do Produto: Whey Protein Whey 4HD 907g Baunilha - Black Skull
			Igorando Pelo Filtro de Nome...
		Nome do Produto: Whey Zero 1,995Kg Baunilha - Black Skull
			Igorando Pelo Filtro de Nome...
		Nome do Produto: Whey Zero 1,995Kg Morango - Black Skull
			Igorando Pelo Filtro de Nome...
		Nome do Produto: Mini Processador 100W - Black&Decker HC31
			Igorando Pelo Filtro de Nome...
		Nome do Produto: Pistola de Pintura para Cantos e Acabamentos - Black and Decker
			Igorando Pelo Filtro de Nome...
		Nome do Produto: Ferro a Vapor e a Seco - Black&Decker PFOX560
			Igorando Pelo Filtro de Nome...
		Nome do Produto: Lâminas Tico-Tico para Metal 24DPP 2 Peças - Black&Decker 75 269 k
			Igorando Pelo Filtro de Nome...
		Nome do Produto: Rolo de Pintura Articulação de 3 Posições - Black&Decker BDPR400
			Igorando Pelo Filtro de Nome...
		Nome do Produto: Kit de Sucção de Água - Black&Decker PWA005-LA
			Igorando Pelo Filtro de Nome...
	Tempo Para buscar: 976
Loja: Mula Games
	URL Principal: http://www.mulagames.com.br/
	URL Busca: http://www.mulagames.com.br/produtos-index/catalogo_produtos/-/-/<BUSCA>/-/-/-/-/-/
http://www.mulagames.com.br/produtos-index/catalogo_produtos/-/-/Pokemon%20Black%20DS/-/-/-/-/-/
		Documento Lido
		Resultados: 0
	Tempo Para buscar: 1187
Loja: Net Shoes
	URL Principal: http://www.netshoes.com.br/
	URL Busca: http://www.netshoes.com.br/search?Ntt=<BUSCA>
http://www.netshoes.com.br/search?Ntt=Pokemon+Black+DS
		Documento Lido
		Resultados: 60
		Nome do Produto: Camisa Polo Kappa Black Dot Nova Zelândia
			Igorando Pelo Filtro de Nome...
		Nome do Produto: Câmera Gopro Hero4 Black + Haste Telescópica Gopro Mini 35-70 cm
			Igorando Pelo Filtro de Nome...
		Nome do Produto: Camisa Polo Kappa Black Dot África do Sul
			Igorando Pelo Filtro de Nome...
		Nome do Produto: Camisa Polo Kappa Black Dot Argentina
			Igorando Pelo Filtro de Nome...
		Nome do Produto: Camisa Polo Kappa Black Dot França
			Igorando Pelo Filtro de Nome...
		Nome do Produto: Camisa Polo Kappa Black Dot Inglaterra
			Igorando Pelo Filtro de Nome...
		Nome do Produto: Tênis Asics Gel DS Racer 10
			Igorando Pelo Filtro de Nome...
		Nome do Produto: Ultimate Fire Black 120 Cáps - Max Titanium
			Igorando Pelo Filtro de Nome...
		Nome do Produto: BCAA 2500 120 Tabletes - Black Skull
			Igorando Pelo Filtro de Nome...
		Nome do Produto: Camisa Polo Kappa Black Dot Austrália
			Igorando Pelo Filtro de Nome...
		Nome do Produto: Rolamento Element Black
			Igorando Pelo Filtro de Nome...
		Nome do Produto: Waxy Maize D-R 1,5 kg - Black Skull
			Igorando Pelo Filtro de Nome...
		Nome do Produto: BCAA Powder 300 g - Black Skull
			Igorando Pelo Filtro de Nome...
		Nome do Produto: Hannibal 907 g - Black Skull
			Igorando Pelo Filtro de Nome...
		Nome do Produto: Thermogenic X-Therm Black 60 Cáps - Probiótica
			Igorando Pelo Filtro de Nome...
		Nome do Produto: ZMA 120 Cápsulas - Black Skull
			Igorando Pelo Filtro de Nome...
		Nome do Produto: BCAA Powder 300 g - Black Skull
			Igorando Pelo Filtro de Nome...
		Nome do Produto: BCAA 3:1:1 240 Tabletes - Black Skull
			Igorando Pelo Filtro de Nome...
		Nome do Produto: Bone Crusher 300 g - Black Skull
			Igorando Pelo Filtro de Nome...
		Nome do Produto: HP Black N06 250 g - Nutrilatina
			Igorando Pelo Filtro de Nome...
		Nome do Produto: BCAA 2500 60 Tabletes - Black Skull
			Igorando Pelo Filtro de Nome...
		Nome do Produto: Camisa Polo Kappa Black Dot Itália
			Igorando Pelo Filtro de Nome...
		Nome do Produto: Creapure 120 Cápsulas - Black Skull
			Igorando Pelo Filtro de Nome...
		Nome do Produto: Tênis Asics Gel DS Sky Speed 3
			Igorando Pelo Filtro de Nome...
		Nome do Produto: HP Black N06 250 g - Nutrilatina
			Igorando Pelo Filtro de Nome...
		Nome do Produto: Thermo Cuts Black60 tabs - NeoNutri
			Igorando Pelo Filtro de Nome...
		Nome do Produto: Câmera GoPro Hero4 Black Edition Adventure
			Igorando Pelo Filtro de Nome...
		Nome do Produto: Massa Monster Black 1,5 kg - Probiótica
			Igorando Pelo Filtro de Nome...
		Nome do Produto: Black Burn 60 Cáps - Nutrilatina
			Igorando Pelo Filtro de Nome...
		Nome do Produto: Thermo Cuts Black 120 tabs - NeoNutri
			Igorando Pelo Filtro de Nome...
		Nome do Produto: Thermo Cuts Black 120 tabs - NeoNutri + L-Carnitine Fire 240 ml - MidWay
			Igorando Pelo Filtro de Nome...
		Nome do Produto: Ultimate Fire Black 60 Cáps - Max Titanium
			Igorando Pelo Filtro de Nome...
		Nome do Produto: Massa Monster Black 1,5 kg - Probiótica
			Igorando Pelo Filtro de Nome...
		Nome do Produto: Massa Monster Black 3 kg - Probiótica
			Igorando Pelo Filtro de Nome...
		Nome do Produto: Black Burn 120 Cáps - Nutrilatina
			Igorando Pelo Filtro de Nome...
		Nome do Produto: Shield 300 g - Black Skull
			Igorando Pelo Filtro de Nome...
		Nome do Produto: Tênis Puma Driving Power 2 Low Ferrari Black Out
			Igorando Pelo Filtro de Nome...
		Nome do Produto: Massa Monster Black 1,5 kg - Probiótica
			Igorando Pelo Filtro de Nome...
		Nome do Produto: Boné New Era 950 Black And White Joker
			Igorando Pelo Filtro de Nome...
		Nome do Produto: Tênis Asics Gel DS Racer 10
			Igorando Pelo Filtro de Nome...
		Nome do Produto: BCAA Black 200 g - Probiótica
			Igorando Pelo Filtro de Nome...
		Nome do Produto: Gorro MCD Idyllic Black
			Igorando Pelo Filtro de Nome...
		Nome do Produto: Creator 300 g - Black Skull
			Igorando Pelo Filtro de Nome...
		Nome do Produto: Whey Zero 907 g - Black Skull
			Igorando Pelo Filtro de Nome...
		Nome do Produto: Pré Black 240 g - Probiótica
			Igorando Pelo Filtro de Nome...
		Nome do Produto: Burn Out Black 30 Packs - Probiótica
			Igorando Pelo Filtro de Nome...
		Nome do Produto: Whey Zero 907 g - Black Skull
			Igorando Pelo Filtro de Nome...
		Nome do Produto: Monstrous 2.721 kg - Black Skull
			Igorando Pelo Filtro de Nome...
		Nome do Produto: BCAA Black 200 g - Probiótica
			Igorando Pelo Filtro de Nome...
		Nome do Produto: BCAA Black 200 g - Probiótica
			Igorando Pelo Filtro de Nome...
		Nome do Produto: Thermogenic Extreme Black 120 Caps - Probiótica
			Igorando Pelo Filtro de Nome...
		Nome do Produto: Pré Black 240 g - Probiótica
			Igorando Pelo Filtro de Nome...
		Nome do Produto: Bermuda Zune Black
			Igorando Pelo Filtro de Nome...
		Nome do Produto: Monster Extreme Black 44 Packs - Probiótica
			Igorando Pelo Filtro de Nome...
		Nome do Produto: Massa Monster Black 3 kg - Probiótica
			Igorando Pelo Filtro de Nome...
		Nome do Produto: Whey 4HD 907 g - Black Skull
			Igorando Pelo Filtro de Nome...
		Nome do Produto: Holy Whey 907 g - Black Skull
			Igorando Pelo Filtro de Nome...
		Nome do Produto: Canivete Guepardo Black Hawk
			Igorando Pelo Filtro de Nome...
		Nome do Produto: Caffeine Black Jack 60 ml c/ 25 uni. - Midway
			Igorando Pelo Filtro de Nome...
		Nome do Produto: Mochila Jansport Black Label Superbreak
			Igorando Pelo Filtro de Nome...
	Tempo Para buscar: 640
Loja: Ponto Frio
	URL Principal: http://www.pontofrio.com.br/
	URL Busca: http://search.pontofrio.com.br/search?w=<BUSCA>
http://search.pontofrio.com.br/search?w=Pokemon+Black+DS
		Documento Lido
		Resultados: 1
		Nome do Produto: 
			Igorando Pelo Filtro de Nome...
		Nome do Produto: 
			Igorando Pelo Filtro de Nome...
		Nome do Produto: 
			Igorando Pelo Filtro de Nome...
		Nome do Produto: 
			Igorando Pelo Filtro de Nome...
		Nome do Produto: 
			Igorando Pelo Filtro de Nome...
		Nome do Produto: 
			Igorando Pelo Filtro de Nome...
		Nome do Produto: 
			Igorando Pelo Filtro de Nome...
		Nome do Produto: 
			Igorando Pelo Filtro de Nome...
		Nome do Produto: 
			Igorando Pelo Filtro de Nome...
		Nome do Produto: 
			Igorando Pelo Filtro de Nome...
		Nome do Produto: 
			Igorando Pelo Filtro de Nome...
		Nome do Produto: 
			Igorando Pelo Filtro de Nome...
		Nome do Produto: 
			Igorando Pelo Filtro de Nome...
		Nome do Produto: 
			Igorando Pelo Filtro de Nome...
		Nome do Produto: 
			Igorando Pelo Filtro de Nome...
		Nome do Produto: 
			Igorando Pelo Filtro de Nome...
		Nome do Produto: 
			Igorando Pelo Filtro de Nome...
		Nome do Produto: 
			Igorando Pelo Filtro de Nome...
		Nome do Produto: 
			Igorando Pelo Filtro de Nome...
		Nome do Produto: 
			Igorando Pelo Filtro de Nome...
		Nome do Produto: 
			Igorando Pelo Filtro de Nome...
		Nome do Produto: 
			Igorando Pelo Filtro de Nome...
		Nome do Produto: 
			Igorando Pelo Filtro de Nome...
		Nome do Produto: 
			Igorando Pelo Filtro de Nome...
		Nome do Produto: 
			Igorando Pelo Filtro de Nome...
		Nome do Produto: 
			Igorando Pelo Filtro de Nome...
		Nome do Produto: 
			Igorando Pelo Filtro de Nome...
		Nome do Produto: 
			Igorando Pelo Filtro de Nome...
		Nome do Produto: 
			Igorando Pelo Filtro de Nome...
		Nome do Produto: 
			Igorando Pelo Filtro de Nome...
		Nome do Produto: 
			Igorando Pelo Filtro de Nome...
		Nome do Produto: 
			Igorando Pelo Filtro de Nome...
		Nome do Produto: 
			Igorando Pelo Filtro de Nome...
		Nome do Produto: 
			Igorando Pelo Filtro de Nome...
		Nome do Produto: 
			Igorando Pelo Filtro de Nome...
		Nome do Produto: 
			Igorando Pelo Filtro de Nome...
		Nome do Produto: 
			Igorando Pelo Filtro de Nome...
		Nome do Produto: 
			Igorando Pelo Filtro de Nome...
		Nome do Produto: 
			Igorando Pelo Filtro de Nome...
		Nome do Produto: 
			Igorando Pelo Filtro de Nome...
		Nome do Produto: 
			Igorando Pelo Filtro de Nome...
		Nome do Produto: 
			Igorando Pelo Filtro de Nome...
		Nome do Produto: 
			Igorando Pelo Filtro de Nome...
		Nome do Produto: 
			Igorando Pelo Filtro de Nome...
	Tempo Para buscar: 1797
Loja: Ricardo Eletro
	URL Principal: http://www.ricardoeletro.com.br/
	URL Busca: http://www.ricardoeletro.com.br/Busca/Resultado/?q=<BUSCA>
http://www.ricardoeletro.com.br/Busca/Resultado/?q=Pokemon+Black+DS
		Documento Lido
		Resultados: 0
	Tempo Para buscar: 979
Loja: RiHappy
	URL Principal: http://www.rihappy.com.br/
	URL Busca: http://www.rihappy.com.br/<BUSCA>
http://www.rihappy.com.br/Pokemon%20Black%20DS
		Documento Lido
		Resultados: 0
	Tempo Para buscar: 1039
Loja: Saraiva
	URL Principal: http://www.saraiva.com.br/
	URL Busca: http://busca.saraiva.com.br/search?w=<BUSCA>&PAC_ID=129457&ts=ajax
http://busca.saraiva.com.br/search?w=Pokemon+Black+DS&PAC_ID=129457&ts=ajax
		Documento Lido
		Resultados: 2
		Nome do Produto: Calculadora Cientifica HP 10s+
			Igorando Pelo Filtro de Nome...
		Nome do Produto: ENEM Coleção Completa - Edição 2015
			Igorando Pelo Filtro de Nome...
	Tempo Para buscar: 206
Loja: Shop Facil
	URL Principal: http://ww2.shopfacil.com.br/
	URL Busca: http://ww2.shopfacil.com.br/<BUSCA>
http://ww2.shopfacil.com.br/Pokemon%20Black%20DS
		Documento Lido
		Resultados: 4
		Nome do Produto: Caneta Stylus Nintendo Pokémon para Nintendo DS - 3 Unidades
			Igorando Pelo Filtro de Nome...
		Nome do Produto: Deck Ataque Solar - Pokémon Black e White - Explosão de Plasma - Copag
			Igorando Pelo Filtro de Nome...
		Nome do Produto: Deck Limpeza da Mente - Pokémon Black e White - Explosão de Plasma - Copag
			Igorando Pelo Filtro de Nome...
		Nome do Produto: Lixadeira de Cinta 3" x 21" Dragster DS321 - Black and Decker
			Igorando Pelo Filtro de Nome...
	Tempo Para buscar: 985
Loja: Shop Time
	URL Principal: http://www.shoptime.com.br/
	URL Busca: http://busca.shoptime.com.br/busca.php?q=<BUSCA>
http://busca.shoptime.com.br/busca.php?q=Pokemon+Black+DS
		Documento Lido
		Resultados: 2
		Nome do Produto: Pokemon Deck Black White - Congelamento De Plasma - Esmagador Psíquico Livro - Pokémon - Black & White - Vol. 6
			Igorando Pelo Filtro de Nome...
		Nome do Produto: Pokemon Deck Black White - Congelamento De Plasma - Esmagador Psíquico Livro - Pokémon - Black & White - Vol. 6
			Igorando Pelo Filtro de Nome...
	Tempo Para buscar: 392
Loja: ShopB
	URL Principal: http://www.shopb.com.br/
	URL Busca: http://busca.shopb.com.br/?busca=<BUSCA>
http://busca.shopb.com.br/?busca=Pokemon+Black+DS
		Documento Lido
		Resultados: 30
		Nome do Produto: Assassins Creed IV Black Flag - PS3
			Igorando Pelo Filtro de Nome...
		Nome do Produto: Assassins Creed IV Black Flag - PS4
			Igorando Pelo Filtro de Nome...
		Nome do Produto: Assassins Creed IV Black Flag - XBOX 360
			Igorando Pelo Filtro de Nome...
		Nome do Produto: Assassins Creed IV Black Flag - XBOX ONE
			Igorando Pelo Filtro de Nome...
		Nome do Produto: Assassins Creed IV Black Flag: Signature Edition - XBOX ONE
			Igorando Pelo Filtro de Nome...
		Nome do Produto: Assassins Creed IV: Black Flag Limited Edition - PS3
			Igorando Pelo Filtro de Nome...
		Nome do Produto: Assassins Creed IV: Black Flag Limited Edition - XBOX 360
			Igorando Pelo Filtro de Nome...
		Nome do Produto: Atelier Ayesha: Alchemist of Dusk - PS3
			Igorando Pelo Filtro de Nome...
		Nome do Produto: Atelier Shallie: Alchemist of the Dusk Sea - PS3
			Igorando Pelo Filtro de Nome...
		Nome do Produto: Bolsa p/ Amiibo Trio Case - Hori
			Igorando Pelo Filtro de Nome...
		Nome do Produto: Bolsa p/ PS3 Slim
			Igorando Pelo Filtro de Nome...
		Nome do Produto: Bolsa p/ XBOX Slim
			Igorando Pelo Filtro de Nome...
		Nome do Produto: Box Pokemon - Charizard EX - PT
			Igorando Pelo Filtro de Nome...
		Nome do Produto: Box Pokemon - X Y 1 Gyarados - PT
			Igorando Pelo Filtro de Nome...
		Nome do Produto: Box Pokemon - X Y 2 Slurpuff - PT
			Igorando Pelo Filtro de Nome...
		Nome do Produto: Box Pokemon - X Y 3 Trevenant - PT
			Igorando Pelo Filtro de Nome...
		Nome do Produto: Call of Duty Black Ops I + Call of Duty Black Ops II Combo Pack - PS3
			Igorando Pelo Filtro de Nome...
		Nome do Produto: Call of Duty Black Ops I + Call of Duty Black Ops II Combo Pack - XBOX 360
			Igorando Pelo Filtro de Nome...
		Nome do Produto: Call of Duty Black Ops II - PS3
			Igorando Pelo Filtro de Nome...
		Nome do Produto: Call of Duty Black Ops II - XBOX 360
			Igorando Pelo Filtro de Nome...
		Nome do Produto: Call of Duty Black Ops II: Hardened Edition - PS3
			Igorando Pelo Filtro de Nome...
		Nome do Produto: Call of Duty Black Ops II: Hardened Edition - XBOX 360
			Igorando Pelo Filtro de Nome...
		Nome do Produto: Call of Duty Black Ops: Declassified - PS Vita
			Igorando Pelo Filtro de Nome...
		Nome do Produto: Call of Duty: Black Ops - DS
			Igorando Pelo Filtro de Nome...
		Nome do Produto: Call of Duty: Black Ops - PS3
			Igorando Pelo Filtro de Nome...
		Nome do Produto: Call of Duty: Black Ops - PS3 [Europeu]
			Igorando Pelo Filtro de Nome...
		Nome do Produto: Call of Duty: Black Ops - XBOX 360
			Igorando Pelo Filtro de Nome...
		Nome do Produto: Call of Duty: Black Ops III - PS4
			Igorando Pelo Filtro de Nome...
		Nome do Produto: Call of Duty: Black Ops III - XBOX ONE
			Igorando Pelo Filtro de Nome...
		Nome do Produto: Case p/ HD Externo 2.5 Black Piano 1TB SATA 480Mbps - Multilaser
			Igorando Pelo Filtro de Nome...
	Tempo Para buscar: 2134
Loja: Submarino
	URL Principal: http://www.submarino.com.br/
	URL Busca: http://busca.submarino.com.br/busca.php?q=<BUSCA>
http://busca.submarino.com.br/busca.php?q=Pokemon+Black+DS
		Documento Lido
		Resultados: 3
		Nome do Produto: Livro - Pokémon - Black & White - Vol. 6
			Igorando Pelo Filtro de Nome...
		Nome do Produto: Pokemon Deck Black White - Congelamento De Plasma - Esmagador Psíquico
			Igorando Pelo Filtro de Nome...
		Nome do Produto: Pokemon Deck Black White - Congelamento De Plasma - Esmagador Psíquico
			Igorando Pelo Filtro de Nome...
	Tempo Para buscar: 673
Loja: Walmart
	URL Principal: http://www.walmart.com.br/
	URL Busca: http://www.walmart.com.br/busca/?ft=<BUSCA>&PS=20
http://www.walmart.com.br/busca/?ft=Pokemon+Black+DS&PS=20
		Documento Lido
		Resultados: 1
		Nome do Produto: Pokemon Black Version 2 DS
http://www.walmart.com.br//pokemon-black-version-2-ds/2373659/pr
		Acessando URL do produto.
	Tempo Para buscar: 1425

File copied from C:\java\workspace Estudo\lookforprices\resources\imports\css.css to C:\java\workspace Estudo\lookforprices\reports\2015-08-10 12\css.css
File copied from C:\java\workspace Estudo\lookforprices\resources\imports\jquery.js to C:\java\workspace Estudo\lookforprices\reports\2015-08-10 12\jquery.js
File copied from C:\java\workspace Estudo\lookforprices\resources\imports\scripts.js to C:\java\workspace Estudo\lookforprices\reports\2015-08-10 12\scripts.js
Tempo total de execução: 25621
