Game: Resident Evil Revelations
Product Name: Resident Evil Revelations
Loja: Nintendo eShop
	URL Principal: http://www.nintendo.com/3ds/eshop
	URL Busca: http://www.nintendo.com/json/content/get/game/filter?&qterm=<BUSCA>
NintendoEShopSearch.search() http://www.nintendo.com/json/content/get/game/filter?&qterm=Resident+Evil+Revelations
		Documento Lido
		Resultados: 3
		Nome do Produto: Resident Evil Revelations
http://www.nintendo.com/games/detail/XkJsnA3RX3B7nlP_LdTvZQDRm0yeFMLo
		Acessando URL do produto.
URL = http://www.nintendo.com/games/detail/XkJsnA3RX3B7nlP_LdTvZQDRm0yeFMLo
		Nome do Produto: Resident Evil Revelations
http://www.nintendo.com/games/detail/sv0drfht5St0wc6G2GzSE3eBRj0CYzd-
		Acessando URL do produto.
URL = http://www.nintendo.com/games/detail/sv0drfht5St0wc6G2GzSE3eBRj0CYzd-
		Nome do Produto: Resident Evil: The Mercenaries 3D
			Igorando Pelo Filtro de Nome...
	Tempo Para buscar: 989
Loja: Americanas
	URL Principal: http://www.americanas.com.br/
	URL Busca: http://busca.americanas.com.br/busca.php?q=<BUSCA>
http://busca.americanas.com.br/busca.php?q=Resident+Evil+Revelations
		Documento Lido
		Resultados: 18
		Nome do Produto: Game Resident Evil: Revelations - Xbox 360
http://www.americanas.com.br/produto/113266518/game-resident-evil-revelations-xbox-360&review=1
		Acessando URL do produto.
		Nome do Produto: Game - Resident Evil Revelations 2 - PS3
http://www.americanas.com.br/produto/121800611/game-resident-evil-revelations-2-ps3
		Acessando URL do produto.
		Nome do Produto: Game - Resident Evil: Revelations - PS3
http://www.americanas.com.br/produto/120743600/game-resident-evil-revelations-ps3
		Acessando URL do produto.
		Nome do Produto: Game - Resident Evil Revelations 2 - PS4
http://www.americanas.com.br/produto/121800637/game-resident-evil-revelations-2-ps4
		Acessando URL do produto.
		Nome do Produto: Game - Resident Evil Revelations 2 - Xbox360
http://www.americanas.com.br/produto/121800653/game-resident-evil-revelations-2-xbox360
		Acessando URL do produto.
		Nome do Produto: Game Resident Evil: Revelations - PS3
http://www.americanas.com.br/produto/113266497/game-resident-evil-revelations-ps3
		Acessando URL do produto.
		Nome do Produto: Game - Resident Evil Revelations 2 - Xbox One
http://www.americanas.com.br/produto/121800670/game-resident-evil-revelations-2-xbox-one
		Acessando URL do produto.
		Nome do Produto: Game - Resident Evil: Revelations - XBOX 360
http://www.americanas.com.br/produto/120743626/game-resident-evil-revelations-xbox-360
		Acessando URL do produto.
		Nome do Produto: Game Resident Evil Revelations 2 + Devil May Cry:...
http://www.americanas.com.br/produto/122404978/game-resident-evil-revelations-2-devil-may-cry-definitive-edition-ps4
		Acessando URL do produto.
		Nome do Produto: Resident Evil Revelations Wii U
http://www.americanas.com.br/produto/8462919/resident-evil-revelations-wii-u
		Acessando URL do produto.
		Nome do Produto: Game Resident Evil Revelations 2 + The Evil Within - PS4
http://www.americanas.com.br/produto/122405049/game-resident-evil-revelations-2-the-evil-within-ps4
		Acessando URL do produto.
		Nome do Produto: Jogo Xbox 360 Resident Evil Revelations
http://www.americanas.com.br/produto/7938491/jogo-xbox-360-resident-evil-revelations
		Acessando URL do produto.
		Nome do Produto: Resident Evil: Revelations - Wii U
http://www.americanas.com.br/produto/9911505/resident-evil-revelations-wii-u
		Acessando URL do produto.
		Nome do Produto: Game - Resident Evil - Revelations - Xbox 360
http://www.americanas.com.br/produto/120297478/game-resident-evil-revelations-xbox-360
		Acessando URL do produto.
		Nome do Produto: Jogo Ps3 Resident Evil Revelations
http://www.americanas.com.br/produto/7938490/jogo-ps3-resident-evil-revelations
		Acessando URL do produto.
		Nome do Produto: Game Dying Light + Resident Evil Revelations 2 - XBOX ONE
http://www.americanas.com.br/produto/122449877/game-dying-light-resident-evil-revelations-2-xbox-one
		Acessando URL do produto.
		Nome do Produto: Game Resident Evil Revelations - 3DS
http://www.americanas.com.br/produto/110839190/game-resident-evil-revelations-3ds
		Acessando URL do produto.
		Nome do Produto: Game Resident Evil Revelations - 3DS
http://www.americanas.com.br/produto/110839190/game-resident-evil-revelations-3ds
		Acessando URL do produto.
	Tempo Para buscar: 6732
Loja: Big Boy Games
	URL Principal: http://www.bigboygames.com.br/
	URL Busca: http://www.bigboygames.com.br/pesquisa/?p=<BUSCA>
http://www.bigboygames.com.br/pesquisa/?p=Resident+Evil+Revelations
		Documento Lido
		Resultados: 8
		Nome do Produto: 3DS - Resident Evil Revelations
http://www.bigboygames.com.br/3ds-resident-evil-revelations-p3663/
		Acessando URL do produto.
		Nome do Produto: PS3 - Resident Evil Revelations 2
http://www.bigboygames.com.br/ps3-resident-evil-revelations-2-p6936/
		Acessando URL do produto.
		Nome do Produto: Xbox 360 - Resident Evil Revelations 2
http://www.bigboygames.com.br/xbox-360-resident-evil-revelations-2-p6937/
		Acessando URL do produto.
		Nome do Produto: PS3 - Resident Evil Revelations
http://www.bigboygames.com.br/ps3-resident-evil-revelations-p4964/
		Acessando URL do produto.
		Nome do Produto: PS4 - Resident Evil Revelations 2
http://www.bigboygames.com.br/ps4-resident-evil-revelations-2-p6934/
		Acessando URL do produto.
		Nome do Produto: Resident Evil Revelations - WiiU
http://www.bigboygames.com.br/resident-evil-revelations-wiiu-p5209/
		Acessando URL do produto.
		Nome do Produto: Xbox One - Resident Evil Revelations 2
http://www.bigboygames.com.br/xbox-one-resident-evil-revelations-2-p6935/
		Acessando URL do produto.
		Nome do Produto: Xbox 360 - Resident Evil Revelations
http://www.bigboygames.com.br/xbox-360-resident-evil-revelations-p4965/
		Acessando URL do produto.
	Tempo Para buscar: 7157
Loja: Casas Bahia
	URL Principal: http://www.casasbahia.com.br/
	URL Busca: http://buscas.casasbahia.com.br/search?w=<BUSCA>
http://buscas.casasbahia.com.br/search?w=Resident+Evil+Revelations
		Documento Lido
		Resultados: 1
		Nome do Produto: Jogo Resident Evil: Revelations 2 - PS4
http://buscas.casasbahia.com.br/search?p=R&srid=S6-USWSD02&lbc=casasbahia&w=Resident%20Evil%20Revelations&url=http%3a%2f%2fproduto.casasbahia.com.br%2f4286985%3f&rk=1&uid=196461827&sid=2&ts=custom&rsc=sEmWTVGC6s9PJZIy&method=and&isort=score&view=grid
		Acessando URL do produto.
		Nome do Produto: Jogo Resident Evil: Revelations 2 - PS3
http://buscas.casasbahia.com.br/search?p=R&srid=S6-USWSD02&lbc=casasbahia&w=Resident%20Evil%20Revelations&url=http%3a%2f%2fproduto.casasbahia.com.br%2f4286984%3f&rk=2&uid=196461827&sid=2&ts=custom&rsc=iVtko2RBjjyHCqZT&method=and&isort=score&view=grid
		Acessando URL do produto.
		Nome do Produto: Jogo Resident Evil: Revelations - Xbox 360
http://buscas.casasbahia.com.br/search?p=R&srid=S6-USWSD02&lbc=casasbahia&w=Resident%20Evil%20Revelations&url=http%3a%2f%2fproduto.casasbahia.com.br%2f2067453%3f&rk=3&uid=196461827&sid=2&ts=custom&rsc=PkYR1zUGYkl8gEd4&method=and&isort=score&view=grid
		Acessando URL do produto.
		Nome do Produto: Jogo Resident Evil: Revelations - PS3
http://buscas.casasbahia.com.br/search?p=R&srid=S6-USWSD02&lbc=casasbahia&w=Resident%20Evil%20Revelations&url=http%3a%2f%2fproduto.casasbahia.com.br%2f2067452%3f&rk=4&uid=196461827&sid=2&ts=custom&rsc=jiJt8JXp4psDujbJ&method=and&isort=score&view=grid
		Acessando URL do produto.
		Nome do Produto: Resident Evil Revelations PS3
http://buscas.casasbahia.com.br/search?p=R&srid=S6-USWSD02&lbc=casasbahia&w=Resident%20Evil%20Revelations&url=http%3a%2f%2fproduto.casasbahia.com.br%2f3390456%3f&rk=5&uid=196461827&sid=2&ts=custom&rsc=qTLpGVOU05UHZdLI&method=and&isort=score&view=grid
		Acessando URL do produto.
		Nome do Produto: Jogo Resident Evil: Revelations 2 - Xbox 360
http://buscas.casasbahia.com.br/search?p=R&srid=S6-USWSD02&lbc=casasbahia&w=Resident%20Evil%20Revelations&url=http%3a%2f%2fproduto.casasbahia.com.br%2f4286986%3f&rk=6&uid=196461827&sid=2&ts=custom&rsc=FK9IBPo3v0z787e7&method=and&isort=score&view=grid
		Acessando URL do produto.
		Nome do Produto: Jogo PS3 Resident EVIL Revelations 2
http://buscas.casasbahia.com.br/search?p=R&srid=S6-USWSD02&lbc=casasbahia&w=Resident%20Evil%20Revelations&url=http%3a%2f%2fproduto.casasbahia.com.br%2f4839793%3f&rk=7&uid=196461827&sid=2&ts=custom&rsc=3pYPcPHgKJW4KMcN&method=and&isort=score&view=grid
		Acessando URL do produto.
		Nome do Produto: Game Resident Evil Revelations 2 EP 1: Penal Colony para Download - PC
http://buscas.casasbahia.com.br/search?p=R&srid=S6-USWSD02&lbc=casasbahia&w=Resident%20Evil%20Revelations&url=http%3a%2f%2fproduto.casasbahia.com.br%2f4688043%3f&rk=8&uid=196461827&sid=2&ts=custom&rsc=CXyimJxhaAispnMF&method=and&isort=score&view=grid
		Acessando URL do produto.
		Nome do Produto: Resident Evil Revelations PS3
http://buscas.casasbahia.com.br/search?p=R&srid=S6-USWSD02&lbc=casasbahia&w=Resident%20Evil%20Revelations&url=http%3a%2f%2fproduto.casasbahia.com.br%2f5392695%3f&rk=9&uid=196461827&sid=2&ts=custom&rsc=roa-49JTDsmFxUar&method=and&isort=score&view=grid
		Acessando URL do produto.
		Nome do Produto: Resident Evil Revelations Wii U
http://buscas.casasbahia.com.br/search?p=R&srid=S6-USWSD02&lbc=casasbahia&w=Resident%20Evil%20Revelations&url=http%3a%2f%2fproduto.casasbahia.com.br%2f3114915%3f&rk=10&uid=196461827&sid=2&ts=custom&rsc=Y70E%3a-MZNxK%3a%3aqUh&method=and&isort=score&view=grid
		Acessando URL do produto.
		Nome do Produto: Resident Evil Revelations Xbox 360
http://buscas.casasbahia.com.br/search?p=R&srid=S6-USWSD02&lbc=casasbahia&w=Resident%20Evil%20Revelations&url=http%3a%2f%2fproduto.casasbahia.com.br%2f5392696%3f&rk=11&uid=196461827&sid=2&ts=custom&rsc=tnl%3aJKR-TO6Cd7SA&method=and&isort=score&view=grid
		Acessando URL do produto.
		Nome do Produto: Resident Evil Revelations 2 PS3
http://buscas.casasbahia.com.br/search?p=R&srid=S6-USWSD02&lbc=casasbahia&w=Resident%20Evil%20Revelations&url=http%3a%2f%2fproduto.casasbahia.com.br%2f5392722%3f&rk=12&uid=196461827&sid=2&ts=custom&rsc=wOv03ryCzhwSBYGi&method=and&isort=score&view=grid
		Acessando URL do produto.
		Nome do Produto: Jogo Resident Evil: Revelations 2 - PS4
http://buscas.casasbahia.com.br/search?p=R&srid=S6-USWSD02&lbc=casasbahia&w=Resident%20Evil%20Revelations&url=http%3a%2f%2fproduto.casasbahia.com.br%2f4876870%3f&rk=13&uid=196461827&sid=2&ts=custom&rsc=ZJEWsFkvnlqpjKsS&method=and&isort=score&view=grid
		Acessando URL do produto.
		Nome do Produto: Resident Evil Revelations 2 Xbox 360
http://buscas.casasbahia.com.br/search?p=R&srid=S6-USWSD02&lbc=casasbahia&w=Resident%20Evil%20Revelations&url=http%3a%2f%2fproduto.casasbahia.com.br%2f5392659%3f&rk=14&uid=196461827&sid=2&ts=custom&rsc=YdLN%3a9PlDrWR3Pwa&method=and&isort=score&view=grid
		Acessando URL do produto.
		Nome do Produto: Resident Evil Revelations 2 Xbox One
http://buscas.casasbahia.com.br/search?p=R&srid=S6-USWSD02&lbc=casasbahia&w=Resident%20Evil%20Revelations&url=http%3a%2f%2fproduto.casasbahia.com.br%2f5392677%3f&rk=15&uid=196461827&sid=2&ts=custom&rsc=G9MpRKHTOwbBUrZT&method=and&isort=score&view=grid
		Acessando URL do produto.
		Nome do Produto: Game Resident Evil: Revelations para Download - PC
http://buscas.casasbahia.com.br/search?p=R&srid=S6-USWSD02&lbc=casasbahia&w=Resident%20Evil%20Revelations&url=http%3a%2f%2fproduto.casasbahia.com.br%2f2067404%3f&rk=16&uid=196461827&sid=2&ts=custom&rsc=QU3o4oucdrOYOm0W&method=and&isort=score&view=grid
		Acessando URL do produto.
		Nome do Produto: Jogo Resident Evil: Revelations 2 - Xbox One
http://buscas.casasbahia.com.br/search?p=R&srid=S6-USWSD02&lbc=casasbahia&w=Resident%20Evil%20Revelations&url=http%3a%2f%2fproduto.casasbahia.com.br%2f4286987%3f&rk=17&uid=196461827&sid=2&ts=custom&rsc=gKujPpfhBLA8tNeE&method=and&isort=score&view=grid
		Acessando URL do produto.
		Nome do Produto: Resident Evil Revelations 2 - Ps3 - Lacrado - Original
http://buscas.casasbahia.com.br/search?p=R&srid=S6-USWSD02&lbc=casasbahia&w=Resident%20Evil%20Revelations&url=http%3a%2f%2fproduto.casasbahia.com.br%2f5236298%3f&rk=18&uid=196461827&sid=2&ts=custom&rsc=-OxYesSVRyOkpRPg&method=and&isort=score&view=grid
		Acessando URL do produto.
		Nome do Produto: Game Resident Evil Revelations 2 - Xbox One
http://buscas.casasbahia.com.br/search?p=R&srid=S6-USWSD02&lbc=casasbahia&w=Resident%20Evil%20Revelations&url=http%3a%2f%2fproduto.casasbahia.com.br%2f4879294%3f&rk=19&uid=196461827&sid=2&ts=custom&rsc=aHuUkOPW4pVR8hQD&method=and&isort=score&view=grid
		Acessando URL do produto.
		Nome do Produto: Game Resident Evil Revelations 2: Complete Season para Download - PC
http://buscas.casasbahia.com.br/search?p=R&srid=S6-USWSD02&lbc=casasbahia&w=Resident%20Evil%20Revelations&url=http%3a%2f%2fproduto.casasbahia.com.br%2f4688041%3f&rk=20&uid=196461827&sid=2&ts=custom&rsc=ZCHt7P5MYapZuMHm&method=and&isort=score&view=grid
		Acessando URL do produto.
	Tempo Para buscar: 38089
Loja: Extra
	URL Principal: http://www.extra.com.br/
	URL Busca: http://buscando.extra.com.br/search?w=<BUSCA>
http://buscando.extra.com.br/search?w=Resident+Evil+Revelations
		Documento Lido
		Resultados: 12
		Nome do Produto: Jogo Resident Evil: Revelations 2 - Xbox 360
http://buscando.extra.com.br/search?p=R&srid=S1-USCDR02&lbc=extra&w=Resident%20Evil%20Revelations&url=http%3a%2f%2fproduto.extra.com.br%2f4286986%3f&rk=1&uid=19684651&sid=2&ts=custom&rsc=VNA4scYS94rHKOkZ&method=and&isort=score&view=grid
		Acessando URL do produto.
		Nome do Produto: Jogo Resident Evil: Revelations 2 - Xbox One
http://buscando.extra.com.br/search?p=R&srid=S1-USCDR02&lbc=extra&w=Resident%20Evil%20Revelations&url=http%3a%2f%2fproduto.extra.com.br%2f4286987%3f&rk=2&uid=19684651&sid=2&ts=custom&rsc=hqzSCU2AgMbsh49z&method=and&isort=score&view=grid
		Acessando URL do produto.
		Nome do Produto: Jogo Resident Evil: Revelations 2 - PS3
http://buscando.extra.com.br/search?p=R&srid=S1-USCDR02&lbc=extra&w=Resident%20Evil%20Revelations&url=http%3a%2f%2fproduto.extra.com.br%2f4286984%3f&rk=3&uid=19684651&sid=2&ts=custom&rsc=JLXUcwqqoyB13uuW&method=and&isort=score&view=grid
		Acessando URL do produto.
		Nome do Produto: Jogo Resident Evil: Revelations - Xbox 360
http://buscando.extra.com.br/search?p=R&srid=S1-USCDR02&lbc=extra&w=Resident%20Evil%20Revelations&url=http%3a%2f%2fproduto.extra.com.br%2f2067453%3f&rk=4&uid=19684651&sid=2&ts=custom&rsc=Vi3MVZQZVGfBhi0b&method=and&isort=score&view=grid
		Acessando URL do produto.
		Nome do Produto: Resident Evil Revelations PS3
http://buscando.extra.com.br/search?p=R&srid=S1-USCDR02&lbc=extra&w=Resident%20Evil%20Revelations&url=http%3a%2f%2fproduto.extra.com.br%2f3390456%3f&rk=5&uid=19684651&sid=2&ts=custom&rsc=fVaHHkfPErWXG-bs&method=and&isort=score&view=grid
		Acessando URL do produto.
		Nome do Produto: Resident Evil Revelations Wii U
http://buscando.extra.com.br/search?p=R&srid=S1-USCDR02&lbc=extra&w=Resident%20Evil%20Revelations&url=http%3a%2f%2fproduto.extra.com.br%2f3114915%3f&rk=6&uid=19684651&sid=2&ts=custom&rsc=NUkebfkjRwTi0QBo&method=and&isort=score&view=grid
		Acessando URL do produto.
		Nome do Produto: Jogo Resident Evil: Revelations - PS3
http://buscando.extra.com.br/search?p=R&srid=S1-USCDR02&lbc=extra&w=Resident%20Evil%20Revelations&url=http%3a%2f%2fproduto.extra.com.br%2f2067452%3f&rk=7&uid=19684651&sid=2&ts=custom&rsc=sjS9TjnV5qi9WCKi&method=and&isort=score&view=grid
		Acessando URL do produto.
		Nome do Produto: Jogo Resident Evil: Revelations 2 - PS4
http://buscando.extra.com.br/search?p=R&srid=S1-USCDR02&lbc=extra&w=Resident%20Evil%20Revelations&url=http%3a%2f%2fproduto.extra.com.br%2f4286985%3f&rk=8&uid=19684651&sid=2&ts=custom&rsc=YBs4rfNhF8RYmUa0&method=and&isort=score&view=grid
		Acessando URL do produto.
		Nome do Produto: Jogo PS3 Resident EVIL Revelations 2
http://buscando.extra.com.br/search?p=R&srid=S1-USCDR02&lbc=extra&w=Resident%20Evil%20Revelations&url=http%3a%2f%2fproduto.extra.com.br%2f4839793%3f&rk=9&uid=19684651&sid=2&ts=custom&rsc=PhVpnAt1lC2FXE3a&method=and&isort=score&view=grid
		Acessando URL do produto.
		Nome do Produto: Resident Evil Revelations PS3
http://buscando.extra.com.br/search?p=R&srid=S1-USCDR02&lbc=extra&w=Resident%20Evil%20Revelations&url=http%3a%2f%2fproduto.extra.com.br%2f5392695%3f&rk=10&uid=19684651&sid=2&ts=custom&rsc=3R9ypE%3ahdYB%3a41ga&method=and&isort=score&view=grid
		Acessando URL do produto.
		Nome do Produto: Resident Evil Revelations Xbox 360
http://buscando.extra.com.br/search?p=R&srid=S1-USCDR02&lbc=extra&w=Resident%20Evil%20Revelations&url=http%3a%2f%2fproduto.extra.com.br%2f5392696%3f&rk=11&uid=19684651&sid=2&ts=custom&rsc=uHgMmTgmP5KUHTlm&method=and&isort=score&view=grid
		Acessando URL do produto.
		Nome do Produto: Resident Evil Revelations 2 PS3
http://buscando.extra.com.br/search?p=R&srid=S1-USCDR02&lbc=extra&w=Resident%20Evil%20Revelations&url=http%3a%2f%2fproduto.extra.com.br%2f5392722%3f&rk=12&uid=19684651&sid=2&ts=custom&rsc=AskQaGz4pBWaFbND&method=and&isort=score&view=grid
		Acessando URL do produto.
	Tempo Para buscar: 18030
Loja: E-Virtua
	URL Principal: http://www.evirtua.com.br/
	URL Busca: http://www.evirtua.com.br/Busca?search_department_id=0&SearchTerm=<BUSCA>
http://www.evirtua.com.br/Busca?search_department_id=0&SearchTerm=Resident+Evil+Revelations
		Documento Lido
		Resultados: 9
		Nome do Produto: Resident Evil Revelations - PC
http://www.evirtua.com.br//resident-evil-revelations-pc/3211-01
		Acessando URL do produto.
		Nome do Produto: Resident Evil Revelations -Wii U
http://www.evirtua.com.br//resident-evil-revelationswii-u/3172-01
		Acessando URL do produto.
		Nome do Produto: Resident Evil: Revelations - 3DS
http://www.evirtua.com.br//resident-evil-revelations-3ds/2960-01
		Acessando URL do produto.
		Nome do Produto: Resident Evil: Revelations - PS3
http://www.evirtua.com.br//resident-evil-revelations-ps3/3164-01
		Acessando URL do produto.
		Nome do Produto: Resident Evil: Revelations - Xbox 360
http://www.evirtua.com.br//resident-evil-revelations-xbox-360/3165-01
		Acessando URL do produto.
		Nome do Produto: Resident Evil: Revelations 2 - PS3 - Legendado em Português
http://www.evirtua.com.br//resident-evil-revelations-2-ps3-legendado-em-portugues/3702-01
		Acessando URL do produto.
		Nome do Produto: Resident Evil: Revelations 2 - PS4 - Legendado em português
http://www.evirtua.com.br//resident-evil-revelations-2-ps4-legendado-em-portugues/3700-01
		Acessando URL do produto.
		Nome do Produto: Resident Evil: Revelations 2 - XBOX 360 - Legendado em Português
http://www.evirtua.com.br//resident-evil-revelations-2-xbox-360-legendado-em-portugues/3703-01
		Acessando URL do produto.
		Nome do Produto: Resident Evil: Revelations 2 - XBOX ONE - Legendado em português
http://www.evirtua.com.br//resident-evil-revelations-2-xbox-one-legendado-em-portugues/3701-01
		Acessando URL do produto.
	Tempo Para buscar: 3435
Loja: Fast Games
	URL Principal: http://www.fastgames.com.br/
	URL Busca: http://www.fastgames.com.br/loja/busca.php?loja=187970&palavra_busca=<BUSCA>
http://www.fastgames.com.br/loja/busca.php?loja=187970&palavra_busca=Resident+Evil+Revelations
		Documento Lido
		Resultados: 8
		Nome do Produto: Circle Pad Pro - 3DS
			Igorando Pelo Filtro de Nome...
		Nome do Produto: Resident Evil: Revelations - PS3
http://www.fastgames.com.br//resident-evil-revelations-ps3-pr-5851-187970.htm
		Acessando URL do produto.
		Nome do Produto: Resident Evil: Revelations - Wii U
http://www.fastgames.com.br//resident-evil-revelations-wii-u-pr-6513-187970.htm
		Acessando URL do produto.
		Nome do Produto: Resident Evil: Revelations - XBOX 360
http://www.fastgames.com.br//resident-evil-revelations-xbox-360-pr-5853-187970.htm
		Acessando URL do produto.
		Nome do Produto: Resident Evil: Revelations 2 - PS3
http://www.fastgames.com.br//resident-evil-revelations-2-ps3-pr-9310-187970.htm
		Acessando URL do produto.
		Nome do Produto: Resident Evil: Revelations 2 - PS4
http://www.fastgames.com.br//resident-evil-revelations-2-ps4-pr-9306-187970.htm
		Acessando URL do produto.
		Nome do Produto: Resident Evil: Revelations 2 - XBOX 360
http://www.fastgames.com.br//resident-evil-revelations-2-xbox-360-pr-9312-187970.htm
		Acessando URL do produto.
		Nome do Produto: Resident Evil: Revelations 2 - XBOX One
http://www.fastgames.com.br//resident-evil-revelations-2-xbox-one-pr-9308-187970.htm
		Acessando URL do produto.
	Tempo Para buscar: 8669
Loja: Fast Shop
	URL Principal: http://www.fastshop.com.br/loja/
	URL Busca: http://www.fastshop.com.br/webapp/wcs/stores/servlet/SearchDisplay?searchTerm=<BUSCA>&categoryId=&storeId=10151&catalogId=11052&langId=-6&pageSize=9&beginIndex=0&sType=SimpleSearch&resultCatEntryType=2&showResultsPage=true&searchSource=Q&pageView=&hotsite=fastshop
http://www.fastshop.com.br/webapp/wcs/stores/servlet/SearchDisplay?searchTerm=Resident+Evil+Revelations&categoryId=&storeId=10151&catalogId=11052&langId=-6&pageSize=9&beginIndex=0&sType=SimpleSearch&resultCatEntryType=2&showResultsPage=true&searchSource=Q&pageView=&hotsite=fastshop
		Documento Lido
		Resultados: 0
	Tempo Para buscar: 435
Loja: FNAC
	URL Principal: http://www.fnac.com.br/index.html
	URL Busca: http://busca.fnac.com.br/?busca=<BUSCA>
http://busca.fnac.com.br/?busca=Resident+Evil+Revelations
		Documento Lido
		Resultados: 26
		Nome do Produto: Ps3 Resident Evil: Revelations
http://busca.FNAC.com.br/Busca/Redir?url=http%3a%2f%2fwww.FNAC.com.br%2fmktredir.aspx%3furl%3dhttp%3a%2f%2fwww.FNAC.com.br%2fps3-resident-evil-revelations%2fp%2f636399&esid=636399
		Acessando URL do produto.
		Nome do Produto: Xbox 360 Resident Evil: Revelations
http://busca.FNAC.com.br/Busca/Redir?url=http%3a%2f%2fwww.FNAC.com.br%2fmktredir.aspx%3furl%3dhttp%3a%2f%2fwww.FNAC.com.br%2fxbox-360-resident-evil-revelations%2fp%2f636401&esid=636401
		Acessando URL do produto.
		Nome do Produto: Ps3 Resident Evil Revelations 2
http://busca.FNAC.com.br/Busca/Redir?url=http%3a%2f%2fwww.FNAC.com.br%2fmktredir.aspx%3furl%3dhttp%3a%2f%2fwww.FNAC.com.br%2fps3-resident-evil-revelations-2%2fp%2f678281&esid=678281
		Acessando URL do produto.
		Nome do Produto: Ps4 Resident Evil Revelations 2
http://busca.FNAC.com.br/Busca/Redir?url=http%3a%2f%2fwww.FNAC.com.br%2fmktredir.aspx%3furl%3dhttp%3a%2f%2fwww.FNAC.com.br%2fps4-resident-evil-revelations-2%2fp%2f678284&esid=678284
		Acessando URL do produto.
		Nome do Produto: Xbox 360 Resident Evil Revelations 2
http://busca.FNAC.com.br/Busca/Redir?url=http%3a%2f%2fwww.FNAC.com.br%2fmktredir.aspx%3furl%3dhttp%3a%2f%2fwww.FNAC.com.br%2fxbox-360-resident-evil-revelations-2%2fp%2f678285&esid=678285
		Acessando URL do produto.
		Nome do Produto: Xbox One Resident Evil Revelations 2
http://busca.FNAC.com.br/Busca/Redir?url=http%3a%2f%2fwww.FNAC.com.br%2fmktredir.aspx%3furl%3dhttp%3a%2f%2fwww.FNAC.com.br%2fxbox-one-resident-evil-revelations-2%2fp%2f678287&esid=678287
		Acessando URL do produto.
	Tempo Para buscar: 5292
Loja: Kabum
	URL Principal: http://www.kabum.com.br/
	URL Busca: http://www.kabum.com.br/cgi-local/site/listagem/listagem.cgi?string=<BUSCA>&btnG=
http://www.kabum.com.br/cgi-local/site/listagem/listagem.cgi?string=Resident+Evil+Revelations&btnG=
		Documento Lido
		Resultados: 5
		Nome do Produto: Game Resident Evil: Revelations 2 PS3
http://www.kabum.com.br/produto/62073/game-resident-evil-revelations-2-ps3/?tag=Resident Evil Revelations
		Acessando URL do produto.
		Nome do Produto: Game Resident Evil: Revelations 2 Xbox 360
http://www.kabum.com.br/produto/62075/game-resident-evil-revelations-2-xbox-360/?tag=Resident Evil Revelations
		Acessando URL do produto.
		Nome do Produto: Game Resident Evil Revelations Xbox 360
http://www.kabum.com.br/produto/41635/game-resident-evil-revelations-xbox-360/?tag=Resident Evil Revelations
		Acessando URL do produto.
		Nome do Produto: Game Resident Evil Revelations PS3
http://www.kabum.com.br/produto/41636/game-resident-evil-revelations-ps3/?tag=Resident Evil Revelations
		Acessando URL do produto.
		Nome do Produto: Game Resident Evil: Revelations 2 PS4
http://www.kabum.com.br/produto/62072/game-resident-evil-revelations-2-ps4-/?tag=Resident Evil Revelations
		Acessando URL do produto.
	Tempo Para buscar: 5898
Loja: Livraria Cultura
	URL Principal: http://www.livrariacultura.com.br/
	URL Busca: http://www.livrariacultura.com.br/busca?N=0&Ntt=<BUSCA>
http://www.livrariacultura.com.br/busca?N=0&Ntt=Resident+Evil+Revelations
		Documento Lido
		Resultados: 8
		Nome do Produto: RESIDENT EVIL REVELATIONS 2 (PS3)
http://www.livrariacultura.com.br/p/resident-evil-revelations-2-ps3-42863538
		Acessando URL do produto.
		Nome do Produto: RESIDENT EVIL REVELATIONS 2 (PS4)
http://www.livrariacultura.com.br/p/resident-evil-revelations-2-ps4-42863541
		Acessando URL do produto.
		Nome do Produto: RESIDENT EVIL REVELATIONS 2 (XONE)
http://www.livrariacultura.com.br/p/resident-evil-revelations-2-xone-42863550
		Acessando URL do produto.
		Nome do Produto: RESIDENT EVIL REVELATIONS
http://www.livrariacultura.com.br/p/resident-evil-revelations-42812180
		Acessando URL do produto.
		Nome do Produto: RESIDENT EVIL REVELATIONS: ULTIMATE GUIDE
http://www.livrariacultura.com.br/p/resident-evil-revelations-ultimate-guide-82117663
		Acessando URL do produto.
		Nome do Produto: RESIDENT EVIL - REVELATIONS (PS3)
http://www.livrariacultura.com.br/p/resident-evil-revelations-ps3-42110625
		Acessando URL do produto.
		Nome do Produto: RESIDENT EVIL - REVELATIONS (X360)
http://www.livrariacultura.com.br/p/resident-evil-revelations-x360-42110630
		Acessando URL do produto.
		Nome do Produto: RESIDENT EVIL - REVELATIONS (3DS)
http://www.livrariacultura.com.br/p/resident-evil-revelations-3ds-29480524
		Acessando URL do produto.
	Tempo Para buscar: 3446
Loja: Magazine Luiza
	URL Principal: http://www.magazineluiza.com.br/
	URL Busca: http://www.magazineluiza.com.br/busca/<BUSCA>/
http://www.magazineluiza.com.br/busca/Resident+Evil+Revelations/
		Documento Lido
		Resultados: 7
		Nome do Produto: Resident Evil Revelations 2 para Xbox 360 - Capcom
http://www.magazineluiza.com.br//resident-evil-revelations-2-para-xbox-360-capcom/p/2124699/ga/gajx/?_b=Resident+Evil+Revelations
		Acessando URL do produto.
		Nome do Produto: Resident Evil Revelations para Xbox 360 - Capcom
http://www.magazineluiza.com.br//resident-evil-revelations-para-xbox-360-capcom/p/0884195/ga/gajx/?_b=Resident+Evil+Revelations
		Acessando URL do produto.
		Nome do Produto: Resident Evil Revelations 2 para Xbox One - Capcom
http://www.magazineluiza.com.br//resident-evil-revelations-2-para-xbox-one-capcom/p/2124700/ga/gjxo/?_b=Resident+Evil+Revelations
		Acessando URL do produto.
		Nome do Produto: Resident Evil Revelations 2 para PS4 - Capcom
http://www.magazineluiza.com.br//resident-evil-revelations-2-para-ps4-capcom/p/2124698/ga/gjps/?_b=Resident+Evil+Revelations
		Acessando URL do produto.
		Nome do Produto: Resident Evil Revelations 2 para PS3 - Capcom
http://www.magazineluiza.com.br//resident-evil-revelations-2-para-ps3-capcom/p/2124697/ga/gajp/?_b=Resident+Evil+Revelations
		Acessando URL do produto.
		Nome do Produto: Resident Evil Revelations para PS3 - Capcom
http://www.magazineluiza.com.br//resident-evil-revelations-para-ps3-capcom/p/0884194/ga/gajp/?_b=Resident+Evil+Revelations
		Acessando URL do produto.
		Nome do Produto: Resident Evil Revelations para Xbox 360 - Capcom
http://www.magazineluiza.com.br//resident-evil-revelations-para-xbox-360-capcom/p/2123530/ga/gajx/?_b=Resident+Evil+Revelations
		Acessando URL do produto.
	Tempo Para buscar: 4481
Loja: Mula Games
	URL Principal: http://www.mulagames.com.br/
	URL Busca: http://www.mulagames.com.br/produtos-index/catalogo_produtos/-/-/<BUSCA>/-/-/-/-/-/
http://www.mulagames.com.br/produtos-index/catalogo_produtos/-/-/Resident%20Evil%20Revelations/-/-/-/-/-/
		Documento Lido
		Resultados: 8
		Nome do Produto: Resident Evil: Revelations (em Portugues) - XBox 360
http://www.mulagames.com.br/Resident-Evil--Revelations--em-Portugues--XBox-360/prod-1396106/
		Acessando URL do produto.
http://www.mulagames.com.br/produto-ajax_retorna_dados_preco_comprar/1396106
		Acessando URL do preço produto.
		Nome do Produto: Resident Evil: Revelations 2 (em Portugues) - XBox One
http://www.mulagames.com.br/Resident-Evil--Revelations-2--em-Portugues--XBox-One/prod-2619776/
		Acessando URL do produto.
http://www.mulagames.com.br/produto-ajax_retorna_dados_preco_comprar/2619776
		Acessando URL do preço produto.
		Nome do Produto: Resident Evil: Revelations 2 (em Portugues) - PS3
http://www.mulagames.com.br/Resident-Evil--Revelations-2--em-Portugues--PS3/prod-2619798/
		Acessando URL do produto.
http://www.mulagames.com.br/produto-ajax_retorna_dados_preco_comprar/2619798
		Acessando URL do preço produto.
		Nome do Produto: Resident Evil: Revelations - 3DS
http://www.mulagames.com.br/Resident-Evil--Revelations-3DS/prod-457773/
		Acessando URL do produto.
http://www.mulagames.com.br/produto-ajax_retorna_dados_preco_comprar/457773
		Acessando URL do preço produto.
		Nome do Produto: Resident Evil: Revelations 2 (em Portugues) - XBox 360
http://www.mulagames.com.br/Resident-Evil--Revelations-2--em-Portugues--XBox-360/prod-2619804/
		Acessando URL do produto.
http://www.mulagames.com.br/produto-ajax_retorna_dados_preco_comprar/2619804
		Acessando URL do preço produto.
		Nome do Produto: Resident Evil: Revelations 2 (em Portugues) - PS4
http://www.mulagames.com.br/Resident-Evil--Revelations-2--em-Portugues--PS4/prod-2619760/
		Acessando URL do produto.
http://www.mulagames.com.br/produto-ajax_retorna_dados_preco_comprar/2619760
		Acessando URL do preço produto.
		Nome do Produto: Resident Evil: Revelations (em Portugues) - PS3
http://www.mulagames.com.br/Resident-Evil--Revelations--em-Portugues--PS3/prod-1396078/
		Acessando URL do produto.
http://www.mulagames.com.br/produto-ajax_retorna_dados_preco_comprar/1396078
		Acessando URL do preço produto.
		Nome do Produto: Resident Evil: Revelations (em Portugues) - Wii U
http://www.mulagames.com.br/Resident-Evil--Revelations--em-Portugues--Wii-U/prod-2750982/
		Acessando URL do produto.
http://www.mulagames.com.br/produto-ajax_retorna_dados_preco_comprar/2750982
		Acessando URL do preço produto.
	Tempo Para buscar: 11945
Loja: Net Shoes
	URL Principal: http://www.netshoes.com.br/
	URL Busca: http://www.netshoes.com.br/search?Ntt=<BUSCA>
http://www.netshoes.com.br/search?Ntt=Resident+Evil+Revelations
		Documento Lido
		Resultados: 0
	Tempo Para buscar: 270
Loja: Ponto Frio
	URL Principal: http://www.pontofrio.com.br/
	URL Busca: http://search.pontofrio.com.br/search?w=<BUSCA>
http://search.pontofrio.com.br/search?w=Resident+Evil+Revelations
		Documento Lido
		Resultados: 1
		Nome do Produto: Jogo Resident Evil: Revelations - Xbox 360
http://search.pontofrio.com.br/search?p=R&srid=S3-USWSD01&lbc=pontofrio-br&w=Resident%20Evil%20Revelations&url=http%3a%2f%2fproduto.pontofrio.com.br%2f2067453%3f&rk=1&uid=197466091&sid=2&ts=custom&rsc=sAet0TstFc7gJvqG&method=and&isort=score&view=grid
		Nome do Produto: Jogo Resident Evil: Revelations 2 - PS3
http://search.pontofrio.com.br/search?p=R&srid=S3-USWSD01&lbc=pontofrio-br&w=Resident%20Evil%20Revelations&url=http%3a%2f%2fproduto.pontofrio.com.br%2f4286984%3f&rk=2&uid=197466091&sid=2&ts=custom&rsc=3W%3aYVI3k5mFhBhYl&method=and&isort=score&view=grid
		Nome do Produto: Jogo Resident Evil: Revelations 2 - Xbox One
http://search.pontofrio.com.br/search?p=R&srid=S3-USWSD01&lbc=pontofrio-br&w=Resident%20Evil%20Revelations&url=http%3a%2f%2fproduto.pontofrio.com.br%2f4286987%3f&rk=3&uid=197466091&sid=2&ts=custom&rsc=%3aFojZ6hqsg7oetLQ&method=and&isort=score&view=grid
		Nome do Produto: Jogo Resident Evil: Revelations 2 - PS4
http://search.pontofrio.com.br/search?p=R&srid=S3-USWSD01&lbc=pontofrio-br&w=Resident%20Evil%20Revelations&url=http%3a%2f%2fproduto.pontofrio.com.br%2f4286985%3f&rk=4&uid=197466091&sid=2&ts=custom&rsc=AeBeNxkncyoj893D&method=and&isort=score&view=grid
		Nome do Produto: Jogo Resident Evil: Revelations - PS3
http://search.pontofrio.com.br/search?p=R&srid=S3-USWSD01&lbc=pontofrio-br&w=Resident%20Evil%20Revelations&url=http%3a%2f%2fproduto.pontofrio.com.br%2f2067452%3f&rk=5&uid=197466091&sid=2&ts=custom&rsc=95Jz6ZMxjYOkvAIm&method=and&isort=score&view=grid
		Nome do Produto: Jogo Resident Evil: Revelations 2 - Xbox 360
http://search.pontofrio.com.br/search?p=R&srid=S3-USWSD01&lbc=pontofrio-br&w=Resident%20Evil%20Revelations&url=http%3a%2f%2fproduto.pontofrio.com.br%2f4286986%3f&rk=6&uid=197466091&sid=2&ts=custom&rsc=mB8ufwGDX%3aYvwJ2Q&method=and&isort=score&view=grid
		Nome do Produto: Jogo PS3 Resident EVIL Revelations 2
http://search.pontofrio.com.br/search?p=R&srid=S3-USWSD01&lbc=pontofrio-br&w=Resident%20Evil%20Revelations&url=http%3a%2f%2fproduto.pontofrio.com.br%2f4839793%3f&rk=7&uid=197466091&sid=2&ts=custom&rsc=SAwk5Me1HSsagoV5&method=and&isort=score&view=grid
		Nome do Produto: Game Resident Evil Revelations 2: Complete Season para Download - PC
http://search.pontofrio.com.br/search?p=R&srid=S3-USWSD01&lbc=pontofrio-br&w=Resident%20Evil%20Revelations&url=http%3a%2f%2fproduto.pontofrio.com.br%2f4688041%3f&rk=8&uid=197466091&sid=2&ts=custom&rsc=RyITrnsA6rLF%3ap6N&method=and&isort=score&view=grid
		Nome do Produto: Game Resident Evil Revelations 2: Full Bundle para Download - PC
http://search.pontofrio.com.br/search?p=R&srid=S3-USWSD01&lbc=pontofrio-br&w=Resident%20Evil%20Revelations&url=http%3a%2f%2fproduto.pontofrio.com.br%2f4688042%3f&rk=9&uid=197466091&sid=2&ts=custom&rsc=4mgaVWweCU289ez6&method=and&isort=score&view=grid
		Nome do Produto: Game Resident Evil Revelations 2 EP 1: Penal Colony para Download - PC
http://search.pontofrio.com.br/search?p=R&srid=S3-USWSD01&lbc=pontofrio-br&w=Resident%20Evil%20Revelations&url=http%3a%2f%2fproduto.pontofrio.com.br%2f4688043%3f&rk=10&uid=197466091&sid=2&ts=custom&rsc=3Uc0oZVqJVwev6Jm&method=and&isort=score&view=grid
		Nome do Produto: Game Resident Evil: Revelations para Download - PC
http://search.pontofrio.com.br/search?p=R&srid=S3-USWSD01&lbc=pontofrio-br&w=Resident%20Evil%20Revelations&url=http%3a%2f%2fproduto.pontofrio.com.br%2f2067404%3f&rk=11&uid=197466091&sid=2&ts=custom&rsc=UXDnBp2utfRwrfaT&method=and&isort=score&view=grid
		Nome do Produto: Resident Evil Revelations PS3
http://search.pontofrio.com.br/search?p=R&srid=S3-USWSD01&lbc=pontofrio-br&w=Resident%20Evil%20Revelations&url=http%3a%2f%2fproduto.pontofrio.com.br%2f3390456%3f&rk=12&uid=197466091&sid=2&ts=custom&rsc=L3EWmNRgVDCM4aNL&method=and&isort=score&view=grid
		Nome do Produto: Resident Evil Revelations PS3
http://search.pontofrio.com.br/search?p=R&srid=S3-USWSD01&lbc=pontofrio-br&w=Resident%20Evil%20Revelations&url=http%3a%2f%2fproduto.pontofrio.com.br%2f5392695%3f&rk=13&uid=197466091&sid=2&ts=custom&rsc=ZhZ6RbnyhROKnwnt&method=and&isort=score&view=grid
		Nome do Produto: Resident Evil Revelations Wii U
http://search.pontofrio.com.br/search?p=R&srid=S3-USWSD01&lbc=pontofrio-br&w=Resident%20Evil%20Revelations&url=http%3a%2f%2fproduto.pontofrio.com.br%2f3114915%3f&rk=14&uid=197466091&sid=2&ts=custom&rsc=Tej%3a18aYBuEaxOLk&method=and&isort=score&view=grid
		Nome do Produto: Resident Evil Revelations Xbox 360
http://search.pontofrio.com.br/search?p=R&srid=S3-USWSD01&lbc=pontofrio-br&w=Resident%20Evil%20Revelations&url=http%3a%2f%2fproduto.pontofrio.com.br%2f5392696%3f&rk=15&uid=197466091&sid=2&ts=custom&rsc=QaL3rGoLOY40AOUy&method=and&isort=score&view=grid
		Nome do Produto: Resident Evil Revelations 2 PS3
http://search.pontofrio.com.br/search?p=R&srid=S3-USWSD01&lbc=pontofrio-br&w=Resident%20Evil%20Revelations&url=http%3a%2f%2fproduto.pontofrio.com.br%2f5392722%3f&rk=16&uid=197466091&sid=2&ts=custom&rsc=M-UVhBBTqYIizWNF&method=and&isort=score&view=grid
		Nome do Produto: Jogo Resident Evil: Revelations 2 - PS4
http://search.pontofrio.com.br/search?p=R&srid=S3-USWSD01&lbc=pontofrio-br&w=Resident%20Evil%20Revelations&url=http%3a%2f%2fproduto.pontofrio.com.br%2f4876870%3f&rk=17&uid=197466091&sid=2&ts=custom&rsc=H5I1Qh9kmZmyuwg8&method=and&isort=score&view=grid
		Nome do Produto: Resident Evil Revelations 2 Xbox 360
http://search.pontofrio.com.br/search?p=R&srid=S3-USWSD01&lbc=pontofrio-br&w=Resident%20Evil%20Revelations&url=http%3a%2f%2fproduto.pontofrio.com.br%2f5392659%3f&rk=18&uid=197466091&sid=2&ts=custom&rsc=kEoTdcdGQ3weqbjh&method=and&isort=score&view=grid
		Nome do Produto: Resident Evil Revelations 2 Xbox One
http://search.pontofrio.com.br/search?p=R&srid=S3-USWSD01&lbc=pontofrio-br&w=Resident%20Evil%20Revelations&url=http%3a%2f%2fproduto.pontofrio.com.br%2f5392677%3f&rk=19&uid=197466091&sid=2&ts=custom&rsc=kYwVUrkr9ZZuvEfU&method=and&isort=score&view=grid
		Nome do Produto: Resident Evil Revelations 2 - Ps3 - Lacrado - Original
http://search.pontofrio.com.br/search?p=R&srid=S3-USWSD01&lbc=pontofrio-br&w=Resident%20Evil%20Revelations&url=http%3a%2f%2fproduto.pontofrio.com.br%2f5236298%3f&rk=20&uid=197466091&sid=2&ts=custom&rsc=K4ifxMT2dYfpsNAQ&method=and&isort=score&view=grid
		Nome do Produto: Jogo Resident Evil: Revelations - Xbox 360
http://search.pontofrio.com.br/search?p=R&srid=S3-USWSD01&lbc=pontofrio-br&w=Resident%20Evil%20Revelations&url=http%3a%2f%2fproduto.pontofrio.com.br%2f2067453%3f&rk=1&uid=197466091&sid=2&ts=custom&rsc=sAet0TstFc7gJvqG&method=and&isort=score&view=grid
		Nome do Produto: Jogo Resident Evil: Revelations 2 - PS3
http://search.pontofrio.com.br/search?p=R&srid=S3-USWSD01&lbc=pontofrio-br&w=Resident%20Evil%20Revelations&url=http%3a%2f%2fproduto.pontofrio.com.br%2f4286984%3f&rk=2&uid=197466091&sid=2&ts=custom&rsc=3W%3aYVI3k5mFhBhYl&method=and&isort=score&view=grid
		Nome do Produto: Jogo Resident Evil: Revelations 2 - Xbox One
http://search.pontofrio.com.br/search?p=R&srid=S3-USWSD01&lbc=pontofrio-br&w=Resident%20Evil%20Revelations&url=http%3a%2f%2fproduto.pontofrio.com.br%2f4286987%3f&rk=3&uid=197466091&sid=2&ts=custom&rsc=%3aFojZ6hqsg7oetLQ&method=and&isort=score&view=grid
		Nome do Produto: Jogo Resident Evil: Revelations 2 - PS4
http://search.pontofrio.com.br/search?p=R&srid=S3-USWSD01&lbc=pontofrio-br&w=Resident%20Evil%20Revelations&url=http%3a%2f%2fproduto.pontofrio.com.br%2f4286985%3f&rk=4&uid=197466091&sid=2&ts=custom&rsc=AeBeNxkncyoj893D&method=and&isort=score&view=grid
		Nome do Produto: Jogo Resident Evil: Revelations - PS3
http://search.pontofrio.com.br/search?p=R&srid=S3-USWSD01&lbc=pontofrio-br&w=Resident%20Evil%20Revelations&url=http%3a%2f%2fproduto.pontofrio.com.br%2f2067452%3f&rk=5&uid=197466091&sid=2&ts=custom&rsc=95Jz6ZMxjYOkvAIm&method=and&isort=score&view=grid
		Nome do Produto: Jogo Resident Evil: Revelations 2 - Xbox 360
http://search.pontofrio.com.br/search?p=R&srid=S3-USWSD01&lbc=pontofrio-br&w=Resident%20Evil%20Revelations&url=http%3a%2f%2fproduto.pontofrio.com.br%2f4286986%3f&rk=6&uid=197466091&sid=2&ts=custom&rsc=mB8ufwGDX%3aYvwJ2Q&method=and&isort=score&view=grid
		Nome do Produto: Jogo PS3 Resident EVIL Revelations 2
http://search.pontofrio.com.br/search?p=R&srid=S3-USWSD01&lbc=pontofrio-br&w=Resident%20Evil%20Revelations&url=http%3a%2f%2fproduto.pontofrio.com.br%2f4839793%3f&rk=7&uid=197466091&sid=2&ts=custom&rsc=SAwk5Me1HSsagoV5&method=and&isort=score&view=grid
		Nome do Produto: Game Resident Evil Revelations 2: Complete Season para Download - PC
http://search.pontofrio.com.br/search?p=R&srid=S3-USWSD01&lbc=pontofrio-br&w=Resident%20Evil%20Revelations&url=http%3a%2f%2fproduto.pontofrio.com.br%2f4688041%3f&rk=8&uid=197466091&sid=2&ts=custom&rsc=RyITrnsA6rLF%3ap6N&method=and&isort=score&view=grid
		Nome do Produto: Game Resident Evil Revelations 2: Full Bundle para Download - PC
http://search.pontofrio.com.br/search?p=R&srid=S3-USWSD01&lbc=pontofrio-br&w=Resident%20Evil%20Revelations&url=http%3a%2f%2fproduto.pontofrio.com.br%2f4688042%3f&rk=9&uid=197466091&sid=2&ts=custom&rsc=4mgaVWweCU289ez6&method=and&isort=score&view=grid
		Nome do Produto: Game Resident Evil Revelations 2 EP 1: Penal Colony para Download - PC
http://search.pontofrio.com.br/search?p=R&srid=S3-USWSD01&lbc=pontofrio-br&w=Resident%20Evil%20Revelations&url=http%3a%2f%2fproduto.pontofrio.com.br%2f4688043%3f&rk=10&uid=197466091&sid=2&ts=custom&rsc=3Uc0oZVqJVwev6Jm&method=and&isort=score&view=grid
		Nome do Produto: Game Resident Evil: Revelations para Download - PC
http://search.pontofrio.com.br/search?p=R&srid=S3-USWSD01&lbc=pontofrio-br&w=Resident%20Evil%20Revelations&url=http%3a%2f%2fproduto.pontofrio.com.br%2f2067404%3f&rk=11&uid=197466091&sid=2&ts=custom&rsc=UXDnBp2utfRwrfaT&method=and&isort=score&view=grid
		Nome do Produto: Resident Evil Revelations PS3
http://search.pontofrio.com.br/search?p=R&srid=S3-USWSD01&lbc=pontofrio-br&w=Resident%20Evil%20Revelations&url=http%3a%2f%2fproduto.pontofrio.com.br%2f3390456%3f&rk=12&uid=197466091&sid=2&ts=custom&rsc=L3EWmNRgVDCM4aNL&method=and&isort=score&view=grid
		Nome do Produto: Resident Evil Revelations PS3
http://search.pontofrio.com.br/search?p=R&srid=S3-USWSD01&lbc=pontofrio-br&w=Resident%20Evil%20Revelations&url=http%3a%2f%2fproduto.pontofrio.com.br%2f5392695%3f&rk=13&uid=197466091&sid=2&ts=custom&rsc=ZhZ6RbnyhROKnwnt&method=and&isort=score&view=grid
		Nome do Produto: Resident Evil Revelations Wii U
http://search.pontofrio.com.br/search?p=R&srid=S3-USWSD01&lbc=pontofrio-br&w=Resident%20Evil%20Revelations&url=http%3a%2f%2fproduto.pontofrio.com.br%2f3114915%3f&rk=14&uid=197466091&sid=2&ts=custom&rsc=Tej%3a18aYBuEaxOLk&method=and&isort=score&view=grid
		Nome do Produto: Resident Evil Revelations Xbox 360
http://search.pontofrio.com.br/search?p=R&srid=S3-USWSD01&lbc=pontofrio-br&w=Resident%20Evil%20Revelations&url=http%3a%2f%2fproduto.pontofrio.com.br%2f5392696%3f&rk=15&uid=197466091&sid=2&ts=custom&rsc=QaL3rGoLOY40AOUy&method=and&isort=score&view=grid
		Nome do Produto: Resident Evil Revelations 2 PS3
http://search.pontofrio.com.br/search?p=R&srid=S3-USWSD01&lbc=pontofrio-br&w=Resident%20Evil%20Revelations&url=http%3a%2f%2fproduto.pontofrio.com.br%2f5392722%3f&rk=16&uid=197466091&sid=2&ts=custom&rsc=M-UVhBBTqYIizWNF&method=and&isort=score&view=grid
		Nome do Produto: Jogo Resident Evil: Revelations 2 - PS4
http://search.pontofrio.com.br/search?p=R&srid=S3-USWSD01&lbc=pontofrio-br&w=Resident%20Evil%20Revelations&url=http%3a%2f%2fproduto.pontofrio.com.br%2f4876870%3f&rk=17&uid=197466091&sid=2&ts=custom&rsc=H5I1Qh9kmZmyuwg8&method=and&isort=score&view=grid
		Nome do Produto: Resident Evil Revelations 2 Xbox 360
http://search.pontofrio.com.br/search?p=R&srid=S3-USWSD01&lbc=pontofrio-br&w=Resident%20Evil%20Revelations&url=http%3a%2f%2fproduto.pontofrio.com.br%2f5392659%3f&rk=18&uid=197466091&sid=2&ts=custom&rsc=kEoTdcdGQ3weqbjh&method=and&isort=score&view=grid
		Nome do Produto: Resident Evil Revelations 2 Xbox One
http://search.pontofrio.com.br/search?p=R&srid=S3-USWSD01&lbc=pontofrio-br&w=Resident%20Evil%20Revelations&url=http%3a%2f%2fproduto.pontofrio.com.br%2f5392677%3f&rk=19&uid=197466091&sid=2&ts=custom&rsc=kYwVUrkr9ZZuvEfU&method=and&isort=score&view=grid
		Nome do Produto: Resident Evil Revelations 2 - Ps3 - Lacrado - Original
http://search.pontofrio.com.br/search?p=R&srid=S3-USWSD01&lbc=pontofrio-br&w=Resident%20Evil%20Revelations&url=http%3a%2f%2fproduto.pontofrio.com.br%2f5236298%3f&rk=20&uid=197466091&sid=2&ts=custom&rsc=K4ifxMT2dYfpsNAQ&method=and&isort=score&view=grid
	Tempo Para buscar: 40578
Loja: Ricardo Eletro
	URL Principal: http://www.ricardoeletro.com.br/
	URL Busca: http://www.ricardoeletro.com.br/Busca/Resultado/?q=<BUSCA>
http://www.ricardoeletro.com.br/Busca/Resultado/?q=Resident+Evil+Revelations
		Documento Lido
		Resultados: 5
		Nome do Produto: Jogo The Evil Within para Playstation 4 (PS4)
			Igorando Pelo Filtro de Nome...
		Nome do Produto: Jogo Resident Evil: Revelations 2 para Playstation 4 (PS4)
http://www.ricardoeletro.com.br/Produto/Jogo-Resident-Evil-Revelations-2-para-Playstation-4-PS4/47-4635-4636-512009
		Acessando URL do produto.
		Nome do Produto: Jogo Resident Evil: Revelations 2 para Xbox One (XONE)
http://www.ricardoeletro.com.br/Produto/Jogo-Resident-Evil-Revelations-2-para-Xbox-One-XONE/47-4420-4422-512013
		Acessando URL do produto.
		Nome do Produto: Jogo The Evil Within para Playstation 3 (PS3)
			Igorando Pelo Filtro de Nome...
		Nome do Produto: Console Playstation 4 (PS4) 500GB HD, Leitor Blu-Ray, Wi-Fi, Controle Sem Fio DualShock 4, Fone de Ouvido - SONY + Jogo The Evil Within
			Igorando Pelo Filtro de Nome...
	Tempo Para buscar: 2019
Loja: RiHappy
	URL Principal: http://www.rihappy.com.br/
	URL Busca: http://www.rihappy.com.br/<BUSCA>
http://www.rihappy.com.br/Resident%20Evil%20Revelations
		Documento Lido
		Resultados: 0
	Tempo Para buscar: 926
Loja: Saraiva
	URL Principal: http://www.saraiva.com.br/
	URL Busca: http://busca.saraiva.com.br/search?w=<BUSCA>&PAC_ID=129457&ts=ajax
http://busca.saraiva.com.br/search?w=Resident+Evil+Revelations&PAC_ID=129457&ts=ajax
		Documento Lido
		Resultados: 2
		Nome do Produto: Calculadora Cientifica HP 10s+
			Igorando Pelo Filtro de Nome...
		Nome do Produto: ENEM Coleção Completa - Edição 2015
			Igorando Pelo Filtro de Nome...
	Tempo Para buscar: 664
Loja: Shop Facil
	URL Principal: http://ww2.shopfacil.com.br/
	URL Busca: http://ww2.shopfacil.com.br/<BUSCA>
http://ww2.shopfacil.com.br/Resident%20Evil%20Revelations
		Documento Lido
		Resultados: 12
		Nome do Produto: Jogo Xbox 360 Resident Evil: Revelations
http://ww2.shopfacil.com.br/jogo-xbox-360-resident-evil--revelations-2327992/p
		Acessando URL do produto.
		Nome do Produto: Jogo para PS4 Resident Evil Revelations 2 Sony DADC CP6987AN
http://ww2.shopfacil.com.br/jogo-para-ps4-resident-evil-revelations-2-sony-dadc-cp6987an-2305819/p
		Acessando URL do produto.
		Nome do Produto: Jogo: Resident Evil 6 - PS3
			Igorando Pelo Filtro de Nome...
		Nome do Produto: Blu-Ray - Resident Evil 4: Recomeço
			Igorando Pelo Filtro de Nome...
		Nome do Produto: Jogo Xbox 360 Resident Evil 6 com DLC
			Igorando Pelo Filtro de Nome...
		Nome do Produto: Jogo PS3 Resident Evil: Operation Raccoon City
			Igorando Pelo Filtro de Nome...
		Nome do Produto: Blu-Ray 3D - Resident Evil 4: Recomeço
			Igorando Pelo Filtro de Nome...
		Nome do Produto: Blu-Ray 3D - Resident Evil 5: Retribuição - Retribution
			Igorando Pelo Filtro de Nome...
		Nome do Produto: Jogo Resident Evil Operation Raccoon City - PS3
			Igorando Pelo Filtro de Nome...
		Nome do Produto: Jogo Nintendo 3DS Resident Evil: The Mercenaries 3D
			Igorando Pelo Filtro de Nome...
		Nome do Produto: Blu-Ray - Resident Evil 5: Retribuição - Retribution
			Igorando Pelo Filtro de Nome...
		Nome do Produto: Livro - Resident Evil: Retribuição - John Shirley
			Igorando Pelo Filtro de Nome...
	Tempo Para buscar: 7065
Loja: Shop Time
	URL Principal: http://www.shoptime.com.br/
	URL Busca: http://busca.shoptime.com.br/busca.php?q=<BUSCA>
http://busca.shoptime.com.br/busca.php?q=Resident+Evil+Revelations
		Documento Lido
		Resultados: 18
		Nome do Produto: Game Resident Evil: Revelations - Xbox 360 Game - Resident Evil: Revelations - PS3 Game - Resident Evil Revelations 2 - PS3 Game - Resident Evil: Revelations - XBOX 360 Game - Resident Evil Revelations 2 - Xbox360 Game - Resident Evil Revelations 2 - PS4 Jogo Xbox 360 Resident Evil Revelations Game - Resident Evil - Revelations - Xbox 360 Game - Resident Evil Revelations 2 - Xbox One Resident Evil Revelations 2 - Xbox 360 Resident Evil: Revelations - Wii U Resident Evil Revelations Wii U Game Resident Evil: Revelations - PS3 Game Resident Evil Revelations 2 + Devil May Cry: Definitive Edition -... Game Resident Evil Revelations 2 + The Evil Within - PS4 Jogo Ps3 Resident Evil Revelations Game Dying Light + Resident Evil Revelations 2 - XBOX ONE Game Resident Evil Revelations - 3DS
http://www.shoptime.com.br/produto/113266518/game-resident-evil-revelations-xbox-360
		Acessando URL do produto.
		Nome do Produto: Game Resident Evil: Revelations - Xbox 360 Game - Resident Evil: Revelations - PS3 Game - Resident Evil Revelations 2 - PS3 Game - Resident Evil: Revelations - XBOX 360 Game - Resident Evil Revelations 2 - Xbox360 Game - Resident Evil Revelations 2 - PS4 Jogo Xbox 360 Resident Evil Revelations Game - Resident Evil - Revelations - Xbox 360 Game - Resident Evil Revelations 2 - Xbox One Resident Evil Revelations 2 - Xbox 360 Resident Evil: Revelations - Wii U Resident Evil Revelations Wii U Game Resident Evil: Revelations - PS3 Game Resident Evil Revelations 2 + Devil May Cry: Definitive Edition -... Game Resident Evil Revelations 2 + The Evil Within - PS4 Jogo Ps3 Resident Evil Revelations Game Dying Light + Resident Evil Revelations 2 - XBOX ONE Game Resident Evil Revelations - 3DS
http://www.shoptime.com.br/produto/120743600/game-resident-evil-revelations-ps3
		Acessando URL do produto.
		Nome do Produto: Game Resident Evil: Revelations - Xbox 360 Game - Resident Evil: Revelations - PS3 Game - Resident Evil Revelations 2 - PS3 Game - Resident Evil: Revelations - XBOX 360 Game - Resident Evil Revelations 2 - Xbox360 Game - Resident Evil Revelations 2 - PS4 Jogo Xbox 360 Resident Evil Revelations Game - Resident Evil - Revelations - Xbox 360 Game - Resident Evil Revelations 2 - Xbox One Resident Evil Revelations 2 - Xbox 360 Resident Evil: Revelations - Wii U Resident Evil Revelations Wii U Game Resident Evil: Revelations - PS3 Game Resident Evil Revelations 2 + Devil May Cry: Definitive Edition -... Game Resident Evil Revelations 2 + The Evil Within - PS4 Jogo Ps3 Resident Evil Revelations Game Dying Light + Resident Evil Revelations 2 - XBOX ONE Game Resident Evil Revelations - 3DS
http://www.shoptime.com.br/produto/121800611/game-resident-evil-revelations-2-ps3
		Acessando URL do produto.
		Nome do Produto: Game Resident Evil: Revelations - Xbox 360 Game - Resident Evil: Revelations - PS3 Game - Resident Evil Revelations 2 - PS3 Game - Resident Evil: Revelations - XBOX 360 Game - Resident Evil Revelations 2 - Xbox360 Game - Resident Evil Revelations 2 - PS4 Jogo Xbox 360 Resident Evil Revelations Game - Resident Evil - Revelations - Xbox 360 Game - Resident Evil Revelations 2 - Xbox One Resident Evil Revelations 2 - Xbox 360 Resident Evil: Revelations - Wii U Resident Evil Revelations Wii U Game Resident Evil: Revelations - PS3 Game Resident Evil Revelations 2 + Devil May Cry: Definitive Edition -... Game Resident Evil Revelations 2 + The Evil Within - PS4 Jogo Ps3 Resident Evil Revelations Game Dying Light + Resident Evil Revelations 2 - XBOX ONE Game Resident Evil Revelations - 3DS
http://www.shoptime.com.br/produto/120743626/game-resident-evil-revelations-xbox-360
		Acessando URL do produto.
		Nome do Produto: Game Resident Evil: Revelations - Xbox 360 Game - Resident Evil: Revelations - PS3 Game - Resident Evil Revelations 2 - PS3 Game - Resident Evil: Revelations - XBOX 360 Game - Resident Evil Revelations 2 - Xbox360 Game - Resident Evil Revelations 2 - PS4 Jogo Xbox 360 Resident Evil Revelations Game - Resident Evil - Revelations - Xbox 360 Game - Resident Evil Revelations 2 - Xbox One Resident Evil Revelations 2 - Xbox 360 Resident Evil: Revelations - Wii U Resident Evil Revelations Wii U Game Resident Evil: Revelations - PS3 Game Resident Evil Revelations 2 + Devil May Cry: Definitive Edition -... Game Resident Evil Revelations 2 + The Evil Within - PS4 Jogo Ps3 Resident Evil Revelations Game Dying Light + Resident Evil Revelations 2 - XBOX ONE Game Resident Evil Revelations - 3DS
http://www.shoptime.com.br/produto/121800653/game-resident-evil-revelations-2-xbox360
		Acessando URL do produto.
		Nome do Produto: Game Resident Evil: Revelations - Xbox 360 Game - Resident Evil: Revelations - PS3 Game - Resident Evil Revelations 2 - PS3 Game - Resident Evil: Revelations - XBOX 360 Game - Resident Evil Revelations 2 - Xbox360 Game - Resident Evil Revelations 2 - PS4 Jogo Xbox 360 Resident Evil Revelations Game - Resident Evil - Revelations - Xbox 360 Game - Resident Evil Revelations 2 - Xbox One Resident Evil Revelations 2 - Xbox 360 Resident Evil: Revelations - Wii U Resident Evil Revelations Wii U Game Resident Evil: Revelations - PS3 Game Resident Evil Revelations 2 + Devil May Cry: Definitive Edition -... Game Resident Evil Revelations 2 + The Evil Within - PS4 Jogo Ps3 Resident Evil Revelations Game Dying Light + Resident Evil Revelations 2 - XBOX ONE Game Resident Evil Revelations - 3DS
http://www.shoptime.com.br/produto/121800637/game-resident-evil-revelations-2-ps4
		Acessando URL do produto.
		Nome do Produto: Game Resident Evil: Revelations - Xbox 360 Game - Resident Evil: Revelations - PS3 Game - Resident Evil Revelations 2 - PS3 Game - Resident Evil: Revelations - XBOX 360 Game - Resident Evil Revelations 2 - Xbox360 Game - Resident Evil Revelations 2 - PS4 Jogo Xbox 360 Resident Evil Revelations Game - Resident Evil - Revelations - Xbox 360 Game - Resident Evil Revelations 2 - Xbox One Resident Evil Revelations 2 - Xbox 360 Resident Evil: Revelations - Wii U Resident Evil Revelations Wii U Game Resident Evil: Revelations - PS3 Game Resident Evil Revelations 2 + Devil May Cry: Definitive Edition -... Game Resident Evil Revelations 2 + The Evil Within - PS4 Jogo Ps3 Resident Evil Revelations Game Dying Light + Resident Evil Revelations 2 - XBOX ONE Game Resident Evil Revelations - 3DS
http://www.shoptime.com.br/produto/7938491/jogo-xbox-360-resident-evil-revelations
		Acessando URL do produto.
		Nome do Produto: Game Resident Evil: Revelations - Xbox 360 Game - Resident Evil: Revelations - PS3 Game - Resident Evil Revelations 2 - PS3 Game - Resident Evil: Revelations - XBOX 360 Game - Resident Evil Revelations 2 - Xbox360 Game - Resident Evil Revelations 2 - PS4 Jogo Xbox 360 Resident Evil Revelations Game - Resident Evil - Revelations - Xbox 360 Game - Resident Evil Revelations 2 - Xbox One Resident Evil Revelations 2 - Xbox 360 Resident Evil: Revelations - Wii U Resident Evil Revelations Wii U Game Resident Evil: Revelations - PS3 Game Resident Evil Revelations 2 + Devil May Cry: Definitive Edition -... Game Resident Evil Revelations 2 + The Evil Within - PS4 Jogo Ps3 Resident Evil Revelations Game Dying Light + Resident Evil Revelations 2 - XBOX ONE Game Resident Evil Revelations - 3DS
http://www.shoptime.com.br/produto/120297478/game-resident-evil-revelations-xbox-360
		Acessando URL do produto.
		Nome do Produto: Game Resident Evil: Revelations - Xbox 360 Game - Resident Evil: Revelations - PS3 Game - Resident Evil Revelations 2 - PS3 Game - Resident Evil: Revelations - XBOX 360 Game - Resident Evil Revelations 2 - Xbox360 Game - Resident Evil Revelations 2 - PS4 Jogo Xbox 360 Resident Evil Revelations Game - Resident Evil - Revelations - Xbox 360 Game - Resident Evil Revelations 2 - Xbox One Resident Evil Revelations 2 - Xbox 360 Resident Evil: Revelations - Wii U Resident Evil Revelations Wii U Game Resident Evil: Revelations - PS3 Game Resident Evil Revelations 2 + Devil May Cry: Definitive Edition -... Game Resident Evil Revelations 2 + The Evil Within - PS4 Jogo Ps3 Resident Evil Revelations Game Dying Light + Resident Evil Revelations 2 - XBOX ONE Game Resident Evil Revelations - 3DS
http://www.shoptime.com.br/produto/121800670/game-resident-evil-revelations-2-xbox-one
		Acessando URL do produto.
		Nome do Produto: Game Resident Evil: Revelations - Xbox 360 Game - Resident Evil: Revelations - PS3 Game - Resident Evil Revelations 2 - PS3 Game - Resident Evil: Revelations - XBOX 360 Game - Resident Evil Revelations 2 - Xbox360 Game - Resident Evil Revelations 2 - PS4 Jogo Xbox 360 Resident Evil Revelations Game - Resident Evil - Revelations - Xbox 360 Game - Resident Evil Revelations 2 - Xbox One Resident Evil Revelations 2 - Xbox 360 Resident Evil: Revelations - Wii U Resident Evil Revelations Wii U Game Resident Evil: Revelations - PS3 Game Resident Evil Revelations 2 + Devil May Cry: Definitive Edition -... Game Resident Evil Revelations 2 + The Evil Within - PS4 Jogo Ps3 Resident Evil Revelations Game Dying Light + Resident Evil Revelations 2 - XBOX ONE Game Resident Evil Revelations - 3DS
http://www.shoptime.com.br/produto/9184058/resident-evil-revelations-2-xbox-360
		Acessando URL do produto.
		Nome do Produto: Game Resident Evil: Revelations - Xbox 360 Game - Resident Evil: Revelations - PS3 Game - Resident Evil Revelations 2 - PS3 Game - Resident Evil: Revelations - XBOX 360 Game - Resident Evil Revelations 2 - Xbox360 Game - Resident Evil Revelations 2 - PS4 Jogo Xbox 360 Resident Evil Revelations Game - Resident Evil - Revelations - Xbox 360 Game - Resident Evil Revelations 2 - Xbox One Resident Evil Revelations 2 - Xbox 360 Resident Evil: Revelations - Wii U Resident Evil Revelations Wii U Game Resident Evil: Revelations - PS3 Game Resident Evil Revelations 2 + Devil May Cry: Definitive Edition -... Game Resident Evil Revelations 2 + The Evil Within - PS4 Jogo Ps3 Resident Evil Revelations Game Dying Light + Resident Evil Revelations 2 - XBOX ONE Game Resident Evil Revelations - 3DS
http://www.shoptime.com.br/produto/9911505/resident-evil-revelations-wii-u
		Acessando URL do produto.
		Nome do Produto: Game Resident Evil: Revelations - Xbox 360 Game - Resident Evil: Revelations - PS3 Game - Resident Evil Revelations 2 - PS3 Game - Resident Evil: Revelations - XBOX 360 Game - Resident Evil Revelations 2 - Xbox360 Game - Resident Evil Revelations 2 - PS4 Jogo Xbox 360 Resident Evil Revelations Game - Resident Evil - Revelations - Xbox 360 Game - Resident Evil Revelations 2 - Xbox One Resident Evil Revelations 2 - Xbox 360 Resident Evil: Revelations - Wii U Resident Evil Revelations Wii U Game Resident Evil: Revelations - PS3 Game Resident Evil Revelations 2 + Devil May Cry: Definitive Edition -... Game Resident Evil Revelations 2 + The Evil Within - PS4 Jogo Ps3 Resident Evil Revelations Game Dying Light + Resident Evil Revelations 2 - XBOX ONE Game Resident Evil Revelations - 3DS
http://www.shoptime.com.br/produto/8462919/resident-evil-revelations-wii-u
		Acessando URL do produto.
		Nome do Produto: Game Resident Evil: Revelations - Xbox 360 Game - Resident Evil: Revelations - PS3 Game - Resident Evil Revelations 2 - PS3 Game - Resident Evil: Revelations - XBOX 360 Game - Resident Evil Revelations 2 - Xbox360 Game - Resident Evil Revelations 2 - PS4 Jogo Xbox 360 Resident Evil Revelations Game - Resident Evil - Revelations - Xbox 360 Game - Resident Evil Revelations 2 - Xbox One Resident Evil Revelations 2 - Xbox 360 Resident Evil: Revelations - Wii U Resident Evil Revelations Wii U Game Resident Evil: Revelations - PS3 Game Resident Evil Revelations 2 + Devil May Cry: Definitive Edition -... Game Resident Evil Revelations 2 + The Evil Within - PS4 Jogo Ps3 Resident Evil Revelations Game Dying Light + Resident Evil Revelations 2 - XBOX ONE Game Resident Evil Revelations - 3DS
http://www.shoptime.com.br/produto/113266497/game-resident-evil-revelations-ps3
		Acessando URL do produto.
		Nome do Produto: Game Resident Evil: Revelations - Xbox 360 Game - Resident Evil: Revelations - PS3 Game - Resident Evil Revelations 2 - PS3 Game - Resident Evil: Revelations - XBOX 360 Game - Resident Evil Revelations 2 - Xbox360 Game - Resident Evil Revelations 2 - PS4 Jogo Xbox 360 Resident Evil Revelations Game - Resident Evil - Revelations - Xbox 360 Game - Resident Evil Revelations 2 - Xbox One Resident Evil Revelations 2 - Xbox 360 Resident Evil: Revelations - Wii U Resident Evil Revelations Wii U Game Resident Evil: Revelations - PS3 Game Resident Evil Revelations 2 + Devil May Cry: Definitive Edition -... Game Resident Evil Revelations 2 + The Evil Within - PS4 Jogo Ps3 Resident Evil Revelations Game Dying Light + Resident Evil Revelations 2 - XBOX ONE Game Resident Evil Revelations - 3DS
http://www.shoptime.com.br/produto/122404978/game-resident-evil-revelations-2-devil-may-cry-definitive-edition-ps4
		Acessando URL do produto.
		Nome do Produto: Game Resident Evil: Revelations - Xbox 360 Game - Resident Evil: Revelations - PS3 Game - Resident Evil Revelations 2 - PS3 Game - Resident Evil: Revelations - XBOX 360 Game - Resident Evil Revelations 2 - Xbox360 Game - Resident Evil Revelations 2 - PS4 Jogo Xbox 360 Resident Evil Revelations Game - Resident Evil - Revelations - Xbox 360 Game - Resident Evil Revelations 2 - Xbox One Resident Evil Revelations 2 - Xbox 360 Resident Evil: Revelations - Wii U Resident Evil Revelations Wii U Game Resident Evil: Revelations - PS3 Game Resident Evil Revelations 2 + Devil May Cry: Definitive Edition -... Game Resident Evil Revelations 2 + The Evil Within - PS4 Jogo Ps3 Resident Evil Revelations Game Dying Light + Resident Evil Revelations 2 - XBOX ONE Game Resident Evil Revelations - 3DS
http://www.shoptime.com.br/produto/122405049/game-resident-evil-revelations-2-the-evil-within-ps4
		Acessando URL do produto.
		Nome do Produto: Game Resident Evil: Revelations - Xbox 360 Game - Resident Evil: Revelations - PS3 Game - Resident Evil Revelations 2 - PS3 Game - Resident Evil: Revelations - XBOX 360 Game - Resident Evil Revelations 2 - Xbox360 Game - Resident Evil Revelations 2 - PS4 Jogo Xbox 360 Resident Evil Revelations Game - Resident Evil - Revelations - Xbox 360 Game - Resident Evil Revelations 2 - Xbox One Resident Evil Revelations 2 - Xbox 360 Resident Evil: Revelations - Wii U Resident Evil Revelations Wii U Game Resident Evil: Revelations - PS3 Game Resident Evil Revelations 2 + Devil May Cry: Definitive Edition -... Game Resident Evil Revelations 2 + The Evil Within - PS4 Jogo Ps3 Resident Evil Revelations Game Dying Light + Resident Evil Revelations 2 - XBOX ONE Game Resident Evil Revelations - 3DS
http://www.shoptime.com.br/produto/7938490/jogo-ps3-resident-evil-revelations
		Acessando URL do produto.
		Nome do Produto: Game Resident Evil: Revelations - Xbox 360 Game - Resident Evil: Revelations - PS3 Game - Resident Evil Revelations 2 - PS3 Game - Resident Evil: Revelations - XBOX 360 Game - Resident Evil Revelations 2 - Xbox360 Game - Resident Evil Revelations 2 - PS4 Jogo Xbox 360 Resident Evil Revelations Game - Resident Evil - Revelations - Xbox 360 Game - Resident Evil Revelations 2 - Xbox One Resident Evil Revelations 2 - Xbox 360 Resident Evil: Revelations - Wii U Resident Evil Revelations Wii U Game Resident Evil: Revelations - PS3 Game Resident Evil Revelations 2 + Devil May Cry: Definitive Edition -... Game Resident Evil Revelations 2 + The Evil Within - PS4 Jogo Ps3 Resident Evil Revelations Game Dying Light + Resident Evil Revelations 2 - XBOX ONE Game Resident Evil Revelations - 3DS
http://www.shoptime.com.br/produto/122449877/game-dying-light-resident-evil-revelations-2-xbox-one
		Acessando URL do produto.
		Nome do Produto: Game Resident Evil: Revelations - Xbox 360 Game - Resident Evil: Revelations - PS3 Game - Resident Evil Revelations 2 - PS3 Game - Resident Evil: Revelations - XBOX 360 Game - Resident Evil Revelations 2 - Xbox360 Game - Resident Evil Revelations 2 - PS4 Jogo Xbox 360 Resident Evil Revelations Game - Resident Evil - Revelations - Xbox 360 Game - Resident Evil Revelations 2 - Xbox One Resident Evil Revelations 2 - Xbox 360 Resident Evil: Revelations - Wii U Resident Evil Revelations Wii U Game Resident Evil: Revelations - PS3 Game Resident Evil Revelations 2 + Devil May Cry: Definitive Edition -... Game Resident Evil Revelations 2 + The Evil Within - PS4 Jogo Ps3 Resident Evil Revelations Game Dying Light + Resident Evil Revelations 2 - XBOX ONE Game Resident Evil Revelations - 3DS
http://www.shoptime.com.br/produto/110839190/game-resident-evil-revelations-3ds
		Acessando URL do produto.
	Tempo Para buscar: 14377
Loja: ShopB
	URL Principal: http://www.shopb.com.br/
	URL Busca: http://busca.shopb.com.br/?busca=<BUSCA>
http://busca.shopb.com.br/?busca=Resident+Evil+Revelations
		Documento Lido
		Resultados: 42
		Nome do Produto: Resident Evil Revelations - XBOX 360
http://shopb.ecommercesearch.com.br/Busca/Redir?url=http%3a%2f%2fwww.shopb.com.br%2fecommerce_site%2findex.php%3fpg%3dproduto%26cdg%3d4488%26idp%3d31651%26idparceiro%3dp1&esid=31651
		Acessando URL do produto.
		Nome do Produto: Resident Evil: Revelations 2 - PS3
http://shopb.ecommercesearch.com.br/Busca/Redir?url=http%3a%2f%2fwww.shopb.com.br%2fecommerce_site%2findex.php%3fpg%3dproduto%26cdg%3d4488%26idp%3d39213%26idparceiro%3dp1&esid=39213
		Acessando URL do produto.
		Nome do Produto: Resident Evil: Revelations 2 - PS4
http://shopb.ecommercesearch.com.br/Busca/Redir?url=http%3a%2f%2fwww.shopb.com.br%2fecommerce_site%2findex.php%3fpg%3dproduto%26cdg%3d4488%26idp%3d39211%26idparceiro%3dp1&esid=39211
		Acessando URL do produto.
		Nome do Produto: Resident Evil: Revelations 2 - XBOX 360
http://shopb.ecommercesearch.com.br/Busca/Redir?url=http%3a%2f%2fwww.shopb.com.br%2fecommerce_site%2findex.php%3fpg%3dproduto%26cdg%3d4488%26idp%3d39214%26idparceiro%3dp1&esid=39214
		Acessando URL do produto.
		Nome do Produto: Resident Evil: Revelations 2 - XBOX ONE
http://shopb.ecommercesearch.com.br/Busca/Redir?url=http%3a%2f%2fwww.shopb.com.br%2fecommerce_site%2findex.php%3fpg%3dproduto%26cdg%3d4488%26idp%3d39212%26idparceiro%3dp1&esid=39212
		Acessando URL do produto.
		Nome do Produto: Skin PS3 - Resident Evil Revelations MOD 1 Fat
http://shopb.ecommercesearch.com.br/Busca/Redir?url=http%3a%2f%2fwww.shopb.com.br%2fecommerce_site%2findex.php%3fpg%3dproduto%26cdg%3d4488%26idp%3d17101%26idparceiro%3dp1&esid=9820
		Acessando URL do produto.
		Nome do Produto: Skin PS3 - Resident Evil Revelations MOD 1 Slim
http://shopb.ecommercesearch.com.br/Busca/Redir?url=http%3a%2f%2fwww.shopb.com.br%2fecommerce_site%2findex.php%3fpg%3dproduto%26cdg%3d4488%26idp%3d17101%26idparceiro%3dp1&esid=9821
		Acessando URL do produto.
		Nome do Produto: Skin PS3 - Resident Evil Revelations MOD 2 Fat
http://shopb.ecommercesearch.com.br/Busca/Redir?url=http%3a%2f%2fwww.shopb.com.br%2fecommerce_site%2findex.php%3fpg%3dproduto%26cdg%3d4488%26idp%3d17109%26idparceiro%3dp1&esid=9824
		Acessando URL do produto.
		Nome do Produto: Skin PS3 - Resident Evil Revelations MOD 2 Slim
http://shopb.ecommercesearch.com.br/Busca/Redir?url=http%3a%2f%2fwww.shopb.com.br%2fecommerce_site%2findex.php%3fpg%3dproduto%26cdg%3d4488%26idp%3d17109%26idparceiro%3dp1&esid=9825
		Acessando URL do produto.
		Nome do Produto: Resident Evil Revelations - 3DS
http://shopb.ecommercesearch.com.br/Busca/Redir?url=http%3a%2f%2fwww.shopb.com.br%2fecommerce_site%2findex.php%3fpg%3dproduto%26cdg%3d4488%26idp%3d21595%26idparceiro%3dp1&esid=21595
		Acessando URL do produto.
		Nome do Produto: Resident Evil Revelations - PS3
http://shopb.ecommercesearch.com.br/Busca/Redir?url=http%3a%2f%2fwww.shopb.com.br%2fecommerce_site%2findex.php%3fpg%3dproduto%26cdg%3d4488%26idp%3d31632%26idparceiro%3dp1&esid=31632
		Acessando URL do produto.
		Nome do Produto: Resident Evil Revelations - Wii U
http://shopb.ecommercesearch.com.br/Busca/Redir?url=http%3a%2f%2fwww.shopb.com.br%2fecommerce_site%2findex.php%3fpg%3dproduto%26cdg%3d4488%26idp%3d35633%26idparceiro%3dp1&esid=35633
		Acessando URL do produto.
		Nome do Produto: Assassins Creed: Revelations - XBOX 360
			Igorando Pelo Filtro de Nome...
		Nome do Produto: Dance Dance Revolution Universe 3 - XBOX 360
			Igorando Pelo Filtro de Nome...
		Nome do Produto: Deus Ex: Human Revolution - PS3
			Igorando Pelo Filtro de Nome...
		Nome do Produto: Deus Ex: Human Revolution - XBOX 360
			Igorando Pelo Filtro de Nome...
		Nome do Produto: Deus Ex: Human Revolution Directors Cut Edition - PS3
			Igorando Pelo Filtro de Nome...
		Nome do Produto: Deus Ex: Human Revolution Directors Cut Edition - XBOX 360
			Igorando Pelo Filtro de Nome...
		Nome do Produto: Diablo 3 Reaper of Souls: Ultimate Evil Edition - PS4
			Igorando Pelo Filtro de Nome...
		Nome do Produto: Diablo 3 Reaper of souls: Ultimate Evil Edition - PS3
			Igorando Pelo Filtro de Nome...
		Nome do Produto: Diablo 3 Reaper of souls: Ultimate Evil Edition - XBOX 360
			Igorando Pelo Filtro de Nome...
		Nome do Produto: Diablo 3 Reaper of souls: Ultimate Evil Edition - XBOX ONE
			Igorando Pelo Filtro de Nome...
		Nome do Produto: Karaoke Revolutions + Microfone - XBOX 360
			Igorando Pelo Filtro de Nome...
		Nome do Produto: Resistance 2 - PS3
			Igorando Pelo Filtro de Nome...
		Nome do Produto: Resistance 3 - PS3
			Igorando Pelo Filtro de Nome...
		Nome do Produto: Resistance: Burning Skies - PS Vita
			Igorando Pelo Filtro de Nome...
		Nome do Produto: Resistance: Fall of Man + Resistance 2 Combo Pack - PS3
			Igorando Pelo Filtro de Nome...
		Nome do Produto: Sid Meiers: Civilization Revolution - XBOX 360
			Igorando Pelo Filtro de Nome...
		Nome do Produto: Skin XBOX - Resident Evil 6 MOD 1 Fat
			Igorando Pelo Filtro de Nome...
		Nome do Produto: Skin XBOX - Resident Evil 6 MOD 1 Slim
			Igorando Pelo Filtro de Nome...
		Nome do Produto: Super Poster - Assassins Creed Revelations
			Igorando Pelo Filtro de Nome...
		Nome do Produto: Super Poster - Resident Evil 4
			Igorando Pelo Filtro de Nome...
		Nome do Produto: Super Poster - Resident Evil Darkside Chronicles
			Igorando Pelo Filtro de Nome...
		Nome do Produto: Super Poster - Resident Evil: Operation Raccoon City MOD 02
			Igorando Pelo Filtro de Nome...
		Nome do Produto: Super Poster - Resident Evil: Operation Raccoon City MOD 03
			Igorando Pelo Filtro de Nome...
		Nome do Produto: Super Poster - Resident Evil: Operation Raccoon City MOD 04
			Igorando Pelo Filtro de Nome...
		Nome do Produto: The Evil Within - PS3
			Igorando Pelo Filtro de Nome...
		Nome do Produto: The Evil Within - PS4
			Igorando Pelo Filtro de Nome...
		Nome do Produto: The Evil Within - XBOX 360
			Igorando Pelo Filtro de Nome...
		Nome do Produto: The Evil Within - XBOX ONE
			Igorando Pelo Filtro de Nome...
		Nome do Produto: Ultimate Stealth Triple Pack: Thief + Hitman: Absolution + Deus Ex: Human Revolution - PS3
			Igorando Pelo Filtro de Nome...
		Nome do Produto: Ultimate Stealth Triple Pack: Thief + Hitman: Absolution + Deus Ex: Human Revolution - XBOX 360
			Igorando Pelo Filtro de Nome...
	Tempo Para buscar: 11063
Loja: Submarino
	URL Principal: http://www.submarino.com.br/
	URL Busca: http://busca.submarino.com.br/busca.php?q=<BUSCA>
http://busca.submarino.com.br/busca.php?q=Resident+Evil+Revelations
		Documento Lido
		Resultados: 17
		Nome do Produto: Game Resident Evil: Revelations - Xbox 360
http://www.submarino.com.br/produto/113266518/game-resident-evil-revelations-xbox-360
		Acessando URL do produto.
		Nome do Produto: Game Resident Evil: Revelations - PS3
http://www.submarino.com.br/produto/113266497/game-resident-evil-revelations-ps3
		Acessando URL do produto.
		Nome do Produto: Game - Resident Evil Revelations 2 - PS4
http://www.submarino.com.br/produto/121800637/game-resident-evil-revelations-2-ps4
		Acessando URL do produto.
		Nome do Produto: Game - Resident Evil Revelations 2 - PS3
http://www.submarino.com.br/produto/121800611/game-resident-evil-revelations-2-ps3
		Acessando URL do produto.
		Nome do Produto: Game - Resident Evil Revelations 2 - Xbox360
http://www.submarino.com.br/produto/121800653/game-resident-evil-revelations-2-xbox360
		Acessando URL do produto.
		Nome do Produto: Game - Resident Evil: Revelations - XBOX 360
http://www.submarino.com.br/produto/120743626/game-resident-evil-revelations-xbox-360
		Acessando URL do produto.
		Nome do Produto: Jogo Xbox 360 Resident Evil Revelations
http://www.submarino.com.br/produto/7938491/jogo-xbox-360-resident-evil-revelations
		Acessando URL do produto.
		Nome do Produto: Game - Resident Evil Revelations 2 - Xbox One
http://www.submarino.com.br/produto/121800670/game-resident-evil-revelations-2-xbox-one
		Acessando URL do produto.
		Nome do Produto: Game - Resident Evil: Revelations - PS3
http://www.submarino.com.br/produto/120743600/game-resident-evil-revelations-ps3
		Acessando URL do produto.
		Nome do Produto: Game - Resident Evil - Revelations - Xbox 360
http://www.submarino.com.br/produto/120297478/game-resident-evil-revelations-xbox-360
		Acessando URL do produto.
		Nome do Produto: Game Resident Evil Revelations 2 + Devil May Cry: Definitive Edition - PS4
http://www.submarino.com.br/produto/122404978/game-resident-evil-revelations-2-devil-may-cry-definitive-edition-ps4
		Acessando URL do produto.
		Nome do Produto: Game Resident Evil Revelations 2 + The Evil Within - PS4
http://www.submarino.com.br/produto/122405049/game-resident-evil-revelations-2-the-evil-within-ps4
		Acessando URL do produto.
		Nome do Produto: Jogo Ps3 Resident Evil Revelations
http://www.submarino.com.br/produto/7938490/jogo-ps3-resident-evil-revelations
		Acessando URL do produto.
		Nome do Produto: Resident Evil: Revelations - Wii U
http://www.submarino.com.br/produto/9911505/resident-evil-revelations-wii-u
		Acessando URL do produto.
		Nome do Produto: Resident Evil Revelations Wii U
http://www.submarino.com.br/produto/8462919/resident-evil-revelations-wii-u
		Acessando URL do produto.
		Nome do Produto: Game Resident Evil: Revelations - PS3
http://www.submarino.com.br/produto/120296782/game-resident-evil-revelations-ps3
		Acessando URL do produto.
		Nome do Produto: Game Resident Evil Revelations - 3DS
http://www.submarino.com.br/produto/110839190/game-resident-evil-revelations-3ds
		Acessando URL do produto.
	Tempo Para buscar: 7866
Loja: Walmart
	URL Principal: http://www.walmart.com.br/
	URL Busca: http://www.walmart.com.br/busca/?ft=<BUSCA>&PS=20
http://www.walmart.com.br/busca/?ft=Resident+Evil+Revelations&PS=20
		Documento Lido
		Resultados: 16
		Nome do Produto: Jogo Xbox 360 Resident Evil: Revelations
http://www.walmart.com.br//jogo-xbox-360-resident-evil-revelations/2028895/pr
		Acessando URL do produto.
		Nome do Produto: Jogo PS3 Resident Evil: Revelations
http://www.walmart.com.br//jogo-ps3-resident-evil-revelations/2028894/pr
		Acessando URL do produto.
		Nome do Produto: Jogo para PS4 Resident Evil Revelations 2 Sony DADC CP6987AN
http://www.walmart.com.br//jogo-para-ps4-resident-evil-revelations-2-sony-dadc-cp6987an/3016817/pr
		Acessando URL do produto.
		Nome do Produto: Jogo para XBOX One Resident Evil Revelations 2 Sony DADC CP6987ON
http://www.walmart.com.br//jogo-para-xbox-one-resident-evil-revelations-2-sony-dadc-cp6987on/3016839/pr
		Acessando URL do produto.
		Nome do Produto: Jogo para XBOX 360 Resident Evil Revelations 2 Rihmo CP6987XN
http://www.walmart.com.br//jogo-para-xbox-360-resident-evil-revelations-2-rihmo-cp6987xn/3017025/pr
		Acessando URL do produto.
		Nome do Produto: Jogo para PS3 Resident Evil Revelations 2 Rihmo CP6987BN
http://www.walmart.com.br//jogo-para-ps3-resident-evil-revelations-2-rihmo-cp6987bn/3017031/pr
		Acessando URL do produto.
		Nome do Produto: Kit com 3 jogos para Xbox 360: Mass Effect Trilogy + Halo 3 Standard + Resident Evil Revelations
http://www.walmart.com.br//kit-com-3-jogos-para-xbox-360-mass-effect-trilogy-halo-3-standard-resident-evil-revelations/3111452/pr
		Acessando URL do produto.
		Nome do Produto: Resident Evil Revelations Wii U
http://www.walmart.com.br//resident-evil-revelations-wii-u/2377020/pr
		Acessando URL do produto.
		Nome do Produto: Game Resident Evil Revelations 2 - XBOX 360
http://www.walmart.com.br//game-resident-evil-revelations-2-xbox-360/3209785/pr
		Acessando URL do produto.
		Nome do Produto: Resident Evil Revelations - XBOX 360
http://www.walmart.com.br//resident-evil-revelations-xbox-360/3209788/pr
		Acessando URL do produto.
		Nome do Produto: Console Xbox One 500GB com Kinect e Controle sem fio + 2 jogos via Download + 2 Jogos para Xbox One
			Igorando Pelo Filtro de Nome...
		Nome do Produto: Kit com 3 Jogos para PS3: Resident Evil: Revelations + Assassin's Creed: Revelations + Gran Turismo 6 - Conteúdo Especial Ayrton Senna
http://www.walmart.com.br//kit-com-3-jogos-para-ps3-resident-evil-revelations-assassin-s-creed-revelations-gran-turismo-6-conteudo-especial-ayrton-senna/3111430/pr
		Acessando URL do produto.
		Nome do Produto: Resident Evil Revelations N3DS
http://www.walmart.com.br//resident-evil-revelations-n3ds/2374441/pr
		Acessando URL do produto.
		Nome do Produto: Jogo Capcom Resident EVIL Revelations 2 PS3 (CP6987BN)
http://www.walmart.com.br//jogo-capcom-resident-evil-revelations-2-ps3-cp6987bn/3135507/pr
		Acessando URL do produto.
		Nome do Produto: Kit Promo 2 Jogos PS3: Resident Evil Revelations + The Last Of Us
http://www.walmart.com.br//kit-promo-2-jogos-ps3-resident-evil-revelations-the-last-of-us/2970592/pr
		Acessando URL do produto.
		Nome do Produto: Kit com 3 Jogos para Xbox One: Resident Evil Revelations 2 Sony DADC + Metal Gear Solid V: Ground Zeroes Konami + Watch Dogs
http://www.walmart.com.br//kit-com-3-jogos-para-xbox-one-resident-evil-revelations-2-sony-dadc-metal-gear-solid-v-ground-zeroes-konami-watch-dogs/3111047/pr
		Acessando URL do produto.
	Tempo Para buscar: 6211

File copied from C:\java\workspace Estudo\lookforprices\resources\imports\css.css to C:\java\workspace Estudo\lookforprices\reports\2015-08-10 12\css.css
File copied from C:\java\workspace Estudo\lookforprices\resources\imports\jquery.js to C:\java\workspace Estudo\lookforprices\reports\2015-08-10 12\jquery.js
File copied from C:\java\workspace Estudo\lookforprices\resources\imports\scripts.js to C:\java\workspace Estudo\lookforprices\reports\2015-08-10 12\scripts.js
Tempo total de execução: 205655
