Game: Tenkai Knights
Product Name: Tenkai Knights
Loja: Nintendo eShop
	URL Principal: http://www.nintendo.com/3ds/eshop
	URL Busca: http://www.nintendo.com/json/content/get/game/filter?&qterm=<BUSCA>
NintendoEShopSearch.search() http://www.nintendo.com/json/content/get/game/filter?&qterm=Tenkai+Knights
		Documento Lido
		Resultados: 1
		Nome do Produto: Tenkai Knights Brave Battle
http://www.nintendo.com/games/detail/_4V1z8w0d6GsfzxbexTQM5jdH_tbUKl0
		Acessando URL do produto.
URL = http://www.nintendo.com/games/detail/_4V1z8w0d6GsfzxbexTQM5jdH_tbUKl0
	Tempo Para buscar: 970
Loja: Americanas
	URL Principal: http://www.americanas.com.br/
	URL Busca: http://busca.americanas.com.br/busca.php?q=<BUSCA>
http://busca.americanas.com.br/busca.php?q=Tenkai+Knights
		Documento Lido
		Resultados: 1
		Nome do Produto: Tenkai Knights N3ds
http://www.americanas.com.br/produto/9957115/tenkai-knights-n3ds
		Acessando URL do produto.
	Tempo Para buscar: 1167
Loja: Big Boy Games
	URL Principal: http://www.bigboygames.com.br/
	URL Busca: http://www.bigboygames.com.br/pesquisa/?p=<BUSCA>
http://www.bigboygames.com.br/pesquisa/?p=Tenkai+Knights
		Documento Lido
		Resultados: 2
		Nome do Produto: 3DS - Tenkai Knights: Brave Battle
http://www.bigboygames.com.br/3ds-tenkai-knights-brave-battle-p6716/
		Acessando URL do produto.
		Nome do Produto: 3DS - Tenkai Knights: Brave Battle [Em Breve]
http://www.bigboygames.com.br/3ds-tenkai-knights-brave-battle-em-breve-p6308/
		Acessando URL do produto.
	Tempo Para buscar: 2660
Loja: Casas Bahia
	URL Principal: http://www.casasbahia.com.br/
	URL Busca: http://buscas.casasbahia.com.br/search?w=<BUSCA>
http://buscas.casasbahia.com.br/search?w=Tenkai+Knights
		Documento Lido
		Resultados: 1
		Nome do Produto: 7 Knights
			Igorando Pelo Filtro de Nome...
		Nome do Produto: The Knights
			Igorando Pelo Filtro de Nome...
		Nome do Produto: Space Knights
			Igorando Pelo Filtro de Nome...
		Nome do Produto: Dragon Knights
			Igorando Pelo Filtro de Nome...
		Nome do Produto: Knight`s Valor
			Igorando Pelo Filtro de Nome...
		Nome do Produto: Cajun Knights
			Igorando Pelo Filtro de Nome...
		Nome do Produto: The Knights
			Igorando Pelo Filtro de Nome...
		Nome do Produto: Vallhalla Knights PSVita
			Igorando Pelo Filtro de Nome...
		Nome do Produto: Knights of the Night
			Igorando Pelo Filtro de Nome...
		Nome do Produto: Knights of St John
			Igorando Pelo Filtro de Nome...
		Nome do Produto: Knights of Cyndroania
			Igorando Pelo Filtro de Nome...
		Nome do Produto: Knights of Warsaw
			Igorando Pelo Filtro de Nome...
		Nome do Produto: The Knights Revealed
			Igorando Pelo Filtro de Nome...
		Nome do Produto: Knights of Columbus (1920)
			Igorando Pelo Filtro de Nome...
		Nome do Produto: A Knight`s Wish
			Igorando Pelo Filtro de Nome...
		Nome do Produto: Knights of the Cross
			Igorando Pelo Filtro de Nome...
		Nome do Produto: The Knights of God
			Igorando Pelo Filtro de Nome...
		Nome do Produto: Knights of the Sun
			Igorando Pelo Filtro de Nome...
		Nome do Produto: The Maroon Knights
			Igorando Pelo Filtro de Nome...
		Nome do Produto: Knights of Excalibur
			Igorando Pelo Filtro de Nome...
	Tempo Para buscar: 804
Loja: Extra
	URL Principal: http://www.extra.com.br/
	URL Busca: http://buscando.extra.com.br/search?w=<BUSCA>
http://buscando.extra.com.br/search?w=Tenkai+Knights
		Documento Lido
		Resultados: 12
		Nome do Produto: 7 Knights
			Igorando Pelo Filtro de Nome...
		Nome do Produto: The Knights
			Igorando Pelo Filtro de Nome...
		Nome do Produto: Space Knights
			Igorando Pelo Filtro de Nome...
		Nome do Produto: Dragon Knights
			Igorando Pelo Filtro de Nome...
		Nome do Produto: Knight`s Valor
			Igorando Pelo Filtro de Nome...
		Nome do Produto: Cajun Knights
			Igorando Pelo Filtro de Nome...
		Nome do Produto: The Knights
			Igorando Pelo Filtro de Nome...
		Nome do Produto: Vallhalla Knights PSVita
			Igorando Pelo Filtro de Nome...
		Nome do Produto: Knights of St John
			Igorando Pelo Filtro de Nome...
		Nome do Produto: Knights of the Night
			Igorando Pelo Filtro de Nome...
		Nome do Produto: Knights of Cyndroania
			Igorando Pelo Filtro de Nome...
		Nome do Produto: Knights of Warsaw
			Igorando Pelo Filtro de Nome...
	Tempo Para buscar: 1679
Loja: E-Virtua
	URL Principal: http://www.evirtua.com.br/
	URL Busca: http://www.evirtua.com.br/Busca?search_department_id=0&SearchTerm=<BUSCA>
http://www.evirtua.com.br/Busca?search_department_id=0&SearchTerm=Tenkai+Knights
		Documento Lido
		Resultados: 0
	Tempo Para buscar: 152
Loja: Fast Games
	URL Principal: http://www.fastgames.com.br/
	URL Busca: http://www.fastgames.com.br/loja/busca.php?loja=187970&palavra_busca=<BUSCA>
http://www.fastgames.com.br/loja/busca.php?loja=187970&palavra_busca=Tenkai+Knights
		Documento Lido
		Resultados: 1
		Nome do Produto: Tenkai Knights: Brave Battle - 3DS
http://www.fastgames.com.br//tenkai-knights-brave-battle-3ds-pr-9400-187970.htm
		Acessando URL do produto.
	Tempo Para buscar: 2345
Loja: Fast Shop
	URL Principal: http://www.fastshop.com.br/loja/
	URL Busca: http://www.fastshop.com.br/webapp/wcs/stores/servlet/SearchDisplay?searchTerm=<BUSCA>&categoryId=&storeId=10151&catalogId=11052&langId=-6&pageSize=9&beginIndex=0&sType=SimpleSearch&resultCatEntryType=2&showResultsPage=true&searchSource=Q&pageView=&hotsite=fastshop
http://www.fastshop.com.br/webapp/wcs/stores/servlet/SearchDisplay?searchTerm=Tenkai+Knights&categoryId=&storeId=10151&catalogId=11052&langId=-6&pageSize=9&beginIndex=0&sType=SimpleSearch&resultCatEntryType=2&showResultsPage=true&searchSource=Q&pageView=&hotsite=fastshop
		Documento Lido
		Resultados: 1
		Nome do Produto: 
			Igorando Pelo Filtro de Nome...
		Nome do Produto: 
			Igorando Pelo Filtro de Nome...
		Nome do Produto: 
			Igorando Pelo Filtro de Nome...
		Nome do Produto: 
			Igorando Pelo Filtro de Nome...
		Nome do Produto: 
			Igorando Pelo Filtro de Nome...
	Tempo Para buscar: 833
Loja: FNAC
	URL Principal: http://www.fnac.com.br/index.html
	URL Busca: http://busca.fnac.com.br/?busca=<BUSCA>
http://busca.fnac.com.br/?busca=Tenkai+Knights
		Documento Lido
		Resultados: 20
		Nome do Produto: Ps3 The Witch And The Hundred Knights
			Igorando Pelo Filtro de Nome...
		Nome do Produto: História de Amor Com Um Toque Divino
			Igorando Pelo Filtro de Nome...
		Nome do Produto: Bíblia Vida Melhor - Mulher
			Igorando Pelo Filtro de Nome...
		Nome do Produto: Bíblia Vida Melhor - Líder
			Igorando Pelo Filtro de Nome...
		Nome do Produto: Bíblia Vida Melhor - Boas -novas
			Igorando Pelo Filtro de Nome...
		Nome do Produto: Bíblia Vida Melhor - Jovem
			Igorando Pelo Filtro de Nome...
		Nome do Produto: Thomaz Farkas, Pacaembu
			Igorando Pelo Filtro de Nome...
		Nome do Produto: Cinquenta Tons do Sr. Darcy
			Igorando Pelo Filtro de Nome...
		Nome do Produto: Lili, A Bruxa - Vira A Escola de Pernas Para O Ar
			Igorando Pelo Filtro de Nome...
		Nome do Produto: Lili, A Bruxa - no Castelo de Drácula
			Igorando Pelo Filtro de Nome...
		Nome do Produto: Promessa É Promessa
			Igorando Pelo Filtro de Nome...
		Nome do Produto: Lili, A Bruxa E O Cavaleiro em Viagem Pelo Tempo
			Igorando Pelo Filtro de Nome...
		Nome do Produto: A Ilusão dos 50 Tons - Por que Fantasias Sexuais E Fetiches Fascinam Tanto?
			Igorando Pelo Filtro de Nome...
		Nome do Produto: O Livro Vermelho - Citacoes do Comandante Mao Tse-tung - Colecao A Obra Prima de Cada Autor
			Igorando Pelo Filtro de Nome...
		Nome do Produto: Como Começou A Guerra Fria
			Igorando Pelo Filtro de Nome...
		Nome do Produto: Perca Peso Caminhando - O Jeito Mais Fácil de Se Manter em Forma Conheça Os Benefícios da Power Caminhada
			Igorando Pelo Filtro de Nome...
		Nome do Produto: O Poder Extraordinário do Pensamento Negativo
			Igorando Pelo Filtro de Nome...
		Nome do Produto: Libertada
			Igorando Pelo Filtro de Nome...
		Nome do Produto: Túneis
			Igorando Pelo Filtro de Nome...
		Nome do Produto: Tensão
			Igorando Pelo Filtro de Nome...
	Tempo Para buscar: 1093
Loja: Kabum
	URL Principal: http://www.kabum.com.br/
	URL Busca: http://www.kabum.com.br/cgi-local/site/listagem/listagem.cgi?string=<BUSCA>&btnG=
http://www.kabum.com.br/cgi-local/site/listagem/listagem.cgi?string=Tenkai+Knights&btnG=
		Documento Lido
		Resultados: 0
	Tempo Para buscar: 1139
Loja: Livraria Cultura
	URL Principal: http://www.livrariacultura.com.br/
	URL Busca: http://www.livrariacultura.com.br/busca?N=0&Ntt=<BUSCA>
http://www.livrariacultura.com.br/busca?N=0&Ntt=Tenkai+Knights
		Documento Lido
		Resultados: 2
		Nome do Produto: TENKAI KNIGHTS GO
http://www.livrariacultura.com.br/p/tenkai-knights-go-42296564
		Acessando URL do produto.
		Nome do Produto: DEFENDERS OF QUARTON
			Igorando Pelo Filtro de Nome...
	Tempo Para buscar: 900
Loja: Magazine Luiza
	URL Principal: http://www.magazineluiza.com.br/
	URL Busca: http://www.magazineluiza.com.br/busca/<BUSCA>/
http://www.magazineluiza.com.br/busca/Tenkai+Knights/
		Documento Lido
		Resultados: 5
		Nome do Produto: Batman Arkham Knight para PC - Warner
			Igorando Pelo Filtro de Nome...
		Nome do Produto: Batman Arkham Knight para Xbox One - Warner
			Igorando Pelo Filtro de Nome...
		Nome do Produto: Boneco Transformers Silver Knight - Hasbro
			Igorando Pelo Filtro de Nome...
		Nome do Produto: Batman Arkham Knight para PS4 - Warner
			Igorando Pelo Filtro de Nome...
		Nome do Produto: Batmóvel The Dark Knight Rises 7 Funções - Candide
			Igorando Pelo Filtro de Nome...
	Tempo Para buscar: 235
Loja: Mula Games
	URL Principal: http://www.mulagames.com.br/
	URL Busca: http://www.mulagames.com.br/produtos-index/catalogo_produtos/-/-/<BUSCA>/-/-/-/-/-/
http://www.mulagames.com.br/produtos-index/catalogo_produtos/-/-/Tenkai%20Knights/-/-/-/-/-/
		Documento Lido
		Resultados: 0
	Tempo Para buscar: 870
Loja: Net Shoes
	URL Principal: http://www.netshoes.com.br/
	URL Busca: http://www.netshoes.com.br/search?Ntt=<BUSCA>
http://www.netshoes.com.br/search?Ntt=Tenkai+Knights
		Documento Lido
		Resultados: 0
	Tempo Para buscar: 143
Loja: Ponto Frio
	URL Principal: http://www.pontofrio.com.br/
	URL Busca: http://search.pontofrio.com.br/search?w=<BUSCA>
http://search.pontofrio.com.br/search?w=Tenkai+Knights
		Documento Lido
		Resultados: 1
		Nome do Produto: The Knights
			Igorando Pelo Filtro de Nome...
		Nome do Produto: 7 Knights
			Igorando Pelo Filtro de Nome...
		Nome do Produto: Space Knights
			Igorando Pelo Filtro de Nome...
		Nome do Produto: Dragon Knights
			Igorando Pelo Filtro de Nome...
		Nome do Produto: Cajun Knights
			Igorando Pelo Filtro de Nome...
		Nome do Produto: The Knights
			Igorando Pelo Filtro de Nome...
		Nome do Produto: Knight`s Valor
			Igorando Pelo Filtro de Nome...
		Nome do Produto: Vallhalla Knights PSVita
			Igorando Pelo Filtro de Nome...
		Nome do Produto: Knights of the Night
			Igorando Pelo Filtro de Nome...
		Nome do Produto: Knights of St John
			Igorando Pelo Filtro de Nome...
		Nome do Produto: Knights of Cyndroania
			Igorando Pelo Filtro de Nome...
		Nome do Produto: The Knights Revealed
			Igorando Pelo Filtro de Nome...
		Nome do Produto: Knights of Warsaw
			Igorando Pelo Filtro de Nome...
		Nome do Produto: Knights of Columbus (1920)
			Igorando Pelo Filtro de Nome...
		Nome do Produto: A Knight`s Wish
			Igorando Pelo Filtro de Nome...
		Nome do Produto: The Knights of God
			Igorando Pelo Filtro de Nome...
		Nome do Produto: Knights of the Cross
			Igorando Pelo Filtro de Nome...
		Nome do Produto: The Maroon Knights
			Igorando Pelo Filtro de Nome...
		Nome do Produto: Knights of the Sun
			Igorando Pelo Filtro de Nome...
		Nome do Produto: Knights Contract Xbox 360
			Igorando Pelo Filtro de Nome...
		Nome do Produto: The Knights
			Igorando Pelo Filtro de Nome...
		Nome do Produto: 7 Knights
			Igorando Pelo Filtro de Nome...
		Nome do Produto: Space Knights
			Igorando Pelo Filtro de Nome...
		Nome do Produto: Dragon Knights
			Igorando Pelo Filtro de Nome...
		Nome do Produto: Cajun Knights
			Igorando Pelo Filtro de Nome...
		Nome do Produto: The Knights
			Igorando Pelo Filtro de Nome...
		Nome do Produto: Knight`s Valor
			Igorando Pelo Filtro de Nome...
		Nome do Produto: Vallhalla Knights PSVita
			Igorando Pelo Filtro de Nome...
		Nome do Produto: Knights of the Night
			Igorando Pelo Filtro de Nome...
		Nome do Produto: Knights of St John
			Igorando Pelo Filtro de Nome...
		Nome do Produto: Knights of Cyndroania
			Igorando Pelo Filtro de Nome...
		Nome do Produto: The Knights Revealed
			Igorando Pelo Filtro de Nome...
		Nome do Produto: Knights of Warsaw
			Igorando Pelo Filtro de Nome...
		Nome do Produto: Knights of Columbus (1920)
			Igorando Pelo Filtro de Nome...
		Nome do Produto: A Knight`s Wish
			Igorando Pelo Filtro de Nome...
		Nome do Produto: The Knights of God
			Igorando Pelo Filtro de Nome...
		Nome do Produto: Knights of the Cross
			Igorando Pelo Filtro de Nome...
		Nome do Produto: The Maroon Knights
			Igorando Pelo Filtro de Nome...
		Nome do Produto: Knights of the Sun
			Igorando Pelo Filtro de Nome...
		Nome do Produto: Knights Contract Xbox 360
			Igorando Pelo Filtro de Nome...
	Tempo Para buscar: 1203
Loja: Ricardo Eletro
	URL Principal: http://www.ricardoeletro.com.br/
	URL Busca: http://www.ricardoeletro.com.br/Busca/Resultado/?q=<BUSCA>
http://www.ricardoeletro.com.br/Busca/Resultado/?q=Tenkai+Knights
		Documento Lido
		Resultados: 0
	Tempo Para buscar: 826
Loja: RiHappy
	URL Principal: http://www.rihappy.com.br/
	URL Busca: http://www.rihappy.com.br/<BUSCA>
http://www.rihappy.com.br/Tenkai%20Knights
		Documento Lido
		Resultados: 0
	Tempo Para buscar: 2001
Loja: Saraiva
	URL Principal: http://www.saraiva.com.br/
	URL Busca: http://busca.saraiva.com.br/search?w=<BUSCA>&PAC_ID=129457&ts=ajax
http://busca.saraiva.com.br/search?w=Tenkai+Knights&PAC_ID=129457&ts=ajax
		Documento Lido
		Resultados: 2
		Nome do Produto: Calculadora Cientifica HP 10s+
			Igorando Pelo Filtro de Nome...
		Nome do Produto: ENEM Coleção Completa - Edição 2015
			Igorando Pelo Filtro de Nome...
	Tempo Para buscar: 1671
Loja: Shop Facil
	URL Principal: http://ww2.shopfacil.com.br/
	URL Busca: http://ww2.shopfacil.com.br/<BUSCA>
http://ww2.shopfacil.com.br/Tenkai%20Knights
		Documento Lido
		Resultados: 0
	Tempo Para buscar: 2389
Loja: Shop Time
	URL Principal: http://www.shoptime.com.br/
	URL Busca: http://busca.shoptime.com.br/busca.php?q=<BUSCA>
http://busca.shoptime.com.br/busca.php?q=Tenkai+Knights
		Documento Lido
		Resultados: 1
		Nome do Produto: Tenkai Knights N3ds
http://www.shoptime.com.br/produto/9957115/tenkai-knights-n3ds
		Acessando URL do produto.
	Tempo Para buscar: 1781
Loja: ShopB
	URL Principal: http://www.shopb.com.br/
	URL Busca: http://busca.shopb.com.br/?busca=<BUSCA>
http://busca.shopb.com.br/?busca=Tenkai+Knights
		Documento Lido
		Resultados: 30
		Nome do Produto: Adrenalin Misfits (Requer Kinect) - XBOX 360
			Igorando Pelo Filtro de Nome...
		Nome do Produto: Adventure Time: The Secret of the Nameless Kingdom - 3DS
			Igorando Pelo Filtro de Nome...
		Nome do Produto: Batman: Arkham Knight - PS4
			Igorando Pelo Filtro de Nome...
		Nome do Produto: Batman: Arkham Knight - PS4 - Americano
			Igorando Pelo Filtro de Nome...
		Nome do Produto: Batman: Arkham Knight - XBOX ONE
			Igorando Pelo Filtro de Nome...
		Nome do Produto: Body and Brain Connection (Compatível com Kinect) - XBOX 360
			Igorando Pelo Filtro de Nome...
		Nome do Produto: Brunswick Pro Bowling (Compatível com Kinect) - XBOX 360
			Igorando Pelo Filtro de Nome...
		Nome do Produto: Cabo / Fonte - Kinect
			Igorando Pelo Filtro de Nome...
		Nome do Produto: Cartão de Memória Micro SD - 16 GB - Kingston
			Igorando Pelo Filtro de Nome...
		Nome do Produto: Cartão de Memória Micro SD - 8 GB - Kingston
			Igorando Pelo Filtro de Nome...
		Nome do Produto: Celular Blu Tank c/ Lanterna, Câmera integrada, Antena FM e Micro SD - Preto / Azul
			Igorando Pelo Filtro de Nome...
		Nome do Produto: Celular Blu Tank c/ Lanterna, Câmera integrada, Antena FM e Micro SD - Preto / Vermelho
			Igorando Pelo Filtro de Nome...
		Nome do Produto: Console XBOX One 500Gb com Kinect + Controle Wireless
			Igorando Pelo Filtro de Nome...
		Nome do Produto: Dance Central 3 - XBOX 360
			Igorando Pelo Filtro de Nome...
		Nome do Produto: Fable The Journey (Requer Kinect) - XBOX 360
			Igorando Pelo Filtro de Nome...
		Nome do Produto: Fantastic Pets - XBOX 360 [Requer Kinect]
			Igorando Pelo Filtro de Nome...
		Nome do Produto: Fighters Uncaged - XBOX 360 [Requer Kinect]
			Igorando Pelo Filtro de Nome...
		Nome do Produto: Harry Potter for Kinect - XBOX 360
			Igorando Pelo Filtro de Nome...
		Nome do Produto: Just Dance Disney Party [Requer Kinect] - XBOX 360
			Igorando Pelo Filtro de Nome...
		Nome do Produto: Kinect Adventures - XBOX 360
			Igorando Pelo Filtro de Nome...
		Nome do Produto: Kinect Adventures - XBOX 360 - Capa Dura
			Igorando Pelo Filtro de Nome...
		Nome do Produto: Kinect Disneyland Adventures - XBOX 360
			Igorando Pelo Filtro de Nome...
		Nome do Produto: Kinect Rush: Uma Aventura da Disney Pixar - XBOX 360
			Igorando Pelo Filtro de Nome...
		Nome do Produto: Kinect Sports - XBOX 360
			Igorando Pelo Filtro de Nome...
		Nome do Produto: Kinect Sports 2 - XBOX 360
			Igorando Pelo Filtro de Nome...
		Nome do Produto: Kinect Sports Rivals - XBOX ONE
			Igorando Pelo Filtro de Nome...
		Nome do Produto: Kinect Sports Ultimate Collection - XBOX 360
			Igorando Pelo Filtro de Nome...
		Nome do Produto: Kinect Star Wars - XBOX 360
			Igorando Pelo Filtro de Nome...
		Nome do Produto: Kinectimals: Agora com Ursos - XBOX 360
			Igorando Pelo Filtro de Nome...
		Nome do Produto: Kingdom Hearts 3D - 3DS
			Igorando Pelo Filtro de Nome...
	Tempo Para buscar: 1037
Loja: Submarino
	URL Principal: http://www.submarino.com.br/
	URL Busca: http://busca.submarino.com.br/busca.php?q=<BUSCA>
http://busca.submarino.com.br/busca.php?q=Tenkai+Knights
		Documento Lido
		Resultados: 1
		Nome do Produto: Tenkai Knights N3ds
http://www.submarino.com.br/produto/9957115/tenkai-knights-n3ds
		Acessando URL do produto.
	Tempo Para buscar: 2106
Loja: Walmart
	URL Principal: http://www.walmart.com.br/
	URL Busca: http://www.walmart.com.br/busca/?ft=<BUSCA>&PS=20
http://www.walmart.com.br/busca/?ft=Tenkai+Knights&PS=20
		Documento Lido
		Resultados: 18
		Nome do Produto: Jogo Batman: Arkham Knight para PS4 Rocksteady Studios
			Igorando Pelo Filtro de Nome...
		Nome do Produto: Jogo Batman: Arkham Knight para XBOX One Rocksteady Studios
			Igorando Pelo Filtro de Nome...
		Nome do Produto: Console Playstation 4 PS4 Edição Limitada Batman Arkham Knight 500GB Sony
			Igorando Pelo Filtro de Nome...
		Nome do Produto: Console Playstation 4 PS4 Batman Arkham Knight 500GB Sony
			Igorando Pelo Filtro de Nome...
		Nome do Produto: Boneco Transformers Hasbro Silver Knight Optimus Prime - A7772
			Igorando Pelo Filtro de Nome...
		Nome do Produto: Boneco Hasbro Transformers Campeões Titan Silver Knight A7772
			Igorando Pelo Filtro de Nome...
		Nome do Produto: Batman - The Dark Knight Rises - Figuras 25cm - Batman - Mattel
			Igorando Pelo Filtro de Nome...
		Nome do Produto: Hot Wheels Pontiac Firebird Mattel Entretenimento Retrô
			Igorando Pelo Filtro de Nome...
		Nome do Produto: Alforge (Mala) Traseira Texx Black Knight Moto 25 Litros
			Igorando Pelo Filtro de Nome...
		Nome do Produto: Alforge (Mala) Lateral 30 Litros Texx Black Knight para moto
			Igorando Pelo Filtro de Nome...
		Nome do Produto: Alforge (Mala) de Tanque Magnética Fixação com Imã Texx Black Knight
			Igorando Pelo Filtro de Nome...
		Nome do Produto: Alforge (Mala) de Tanque GPS Tank Texx Black Knight
			Igorando Pelo Filtro de Nome...
		Nome do Produto: Camisa Polo Listrada Knight Aleatory 14773
			Igorando Pelo Filtro de Nome...
		Nome do Produto: Camisa Polo Aleatory Listrada Knight
			Igorando Pelo Filtro de Nome...
		Nome do Produto: Star Wars: Knights of the Old Republic Vol. 2 Flashpoint (2nd Printing)
			Igorando Pelo Filtro de Nome...
		Nome do Produto: Kamen Rider - Dragon Knight - Vol. 11 - Dvd4
			Igorando Pelo Filtro de Nome...
		Nome do Produto: Knights of the Razor
			Igorando Pelo Filtro de Nome...
		Nome do Produto: Professional Sql Server 2008 Integration Services
			Igorando Pelo Filtro de Nome...
	Tempo Para buscar: 817

File copied from C:\java\workspace Estudo\lookforprices\resources\imports\css.css to C:\java\workspace Estudo\lookforprices\reports\2015-08-10 12\css.css
File copied from C:\java\workspace Estudo\lookforprices\resources\imports\jquery.js to C:\java\workspace Estudo\lookforprices\reports\2015-08-10 12\jquery.js
File copied from C:\java\workspace Estudo\lookforprices\resources\imports\scripts.js to C:\java\workspace Estudo\lookforprices\reports\2015-08-10 12\scripts.js
Tempo total de execução: 28835
