Game: Zelda link between worlds
Product Name: Zelda link between worlds
Loja: Nintendo eShop
	URL Principal: http://www.nintendo.com/3ds/eshop
	URL Busca: http://www.nintendo.com/json/content/get/game/filter?&qterm=<BUSCA>
NintendoEShopSearch.search() http://www.nintendo.com/json/content/get/game/filter?&qterm=Zelda+link+between+worlds
		Documento Lido
		Resultados: 2
		Nome do Produto: The Legend of Zelda: Tri Force Heroes
			Igorando Pelo Filtro de Nome...
		Nome do Produto: The Legend of Zelda: A Link Between Worlds
http://www.nintendo.com/games/detail/Z6ft-sYy0pxxdkRc-dIxtTH7XHqWVLl9
		Acessando URL do produto.
URL = http://www.nintendo.com/games/detail/Z6ft-sYy0pxxdkRc-dIxtTH7XHqWVLl9
	Tempo Para buscar: 805
Loja: Americanas
	URL Principal: http://www.americanas.com.br/
	URL Busca: http://busca.americanas.com.br/busca.php?q=<BUSCA>
http://busca.americanas.com.br/busca.php?q=Zelda+link+between+worlds
		Documento Lido
		Resultados: 1
		Nome do Produto: Game The Legend of Zelda - A Link Between Worlds - 3DS
http://www.americanas.com.br/produto/116578859/game-the-legend-of-zelda-a-link-between-worlds-3ds&review=1
		Acessando URL do produto.
	Tempo Para buscar: 870
Loja: Big Boy Games
	URL Principal: http://www.bigboygames.com.br/
	URL Busca: http://www.bigboygames.com.br/pesquisa/?p=<BUSCA>
http://www.bigboygames.com.br/pesquisa/?p=Zelda+link+between+worlds
		Documento Lido
		Resultados: 2
		Nome do Produto: 3DS - The Legend of Zelda: A Link Between Worlds
http://www.bigboygames.com.br/3ds-the-legend-of-zelda-a-link-between-worlds-p5708/
		Acessando URL do produto.
		Nome do Produto: Console Nintendo 3DS XL Dourado - Zelda A Link Between Worlds Edition
http://www.bigboygames.com.br/console-nintendo-3ds-xl-dourado-zelda-a-link-between-worlds-edition-p5923/
		Acessando URL do produto.
	Tempo Para buscar: 848
Loja: Casas Bahia
	URL Principal: http://www.casasbahia.com.br/
	URL Busca: http://buscas.casasbahia.com.br/search?w=<BUSCA>
http://buscas.casasbahia.com.br/search?w=Zelda+link+between+worlds
		Documento Lido
		Resultados: 1
		Nome do Produto: The Legend of Zelda: A Link Between Worlds - 3DS
http://buscas.casasbahia.com.br/search?p=R&srid=S6-USCDR02&lbc=casasbahia&w=Zelda%20link%20between%20worlds&url=http%3a%2f%2fproduto.casasbahia.com.br%2f5413298%3f&rk=1&uid=192266185&sid=2&ts=custom&rsc=75NBTdvcjs9NpDpL&method=and&isort=score&view=grid
		Acessando URL do produto.
		Nome do Produto: Jogo Legend Of Zelda: A Link Between World - 3DS
			Igorando Pelo Filtro de Nome...
	Tempo Para buscar: 2012
Loja: Extra
	URL Principal: http://www.extra.com.br/
	URL Busca: http://buscando.extra.com.br/search?w=<BUSCA>
http://buscando.extra.com.br/search?w=Zelda+link+between+worlds
		Documento Lido
		Resultados: 2
		Nome do Produto: The Legend of Zelda: A Link Between Worlds - 3DS
http://buscando.extra.com.br/search?p=R&srid=S1-USESD01&lbc=extra&w=Zelda%20link%20between%20worlds&url=http%3a%2f%2fproduto.extra.com.br%2f5413298%3f&rk=1&uid=192282933&sid=2&ts=custom&rsc=Zxg%3aHGYlzm2GPSRz&method=and&isort=score&view=grid
		Acessando URL do produto.
		Nome do Produto: Jogo Legend Of Zelda: A Link Between World - 3DS
			Igorando Pelo Filtro de Nome...
	Tempo Para buscar: 2251
Loja: E-Virtua
	URL Principal: http://www.evirtua.com.br/
	URL Busca: http://www.evirtua.com.br/Busca?search_department_id=0&SearchTerm=<BUSCA>
http://www.evirtua.com.br/Busca?search_department_id=0&SearchTerm=Zelda+link+between+worlds
		Documento Lido
		Resultados: 1
		Nome do Produto: The Legend of Zelda: A Link Between Worlds - 3DS
http://www.evirtua.com.br//the-legend-of-zelda-a-link-between-worlds-3ds/3326-01
		Acessando URL do produto.
	Tempo Para buscar: 575
Loja: Fast Games
	URL Principal: http://www.fastgames.com.br/
	URL Busca: http://www.fastgames.com.br/loja/busca.php?loja=187970&palavra_busca=<BUSCA>
http://www.fastgames.com.br/loja/busca.php?loja=187970&palavra_busca=Zelda+link+between+worlds
		Documento Lido
		Resultados: 0
	Tempo Para buscar: 420
Loja: Fast Shop
	URL Principal: http://www.fastshop.com.br/loja/
	URL Busca: http://www.fastshop.com.br/webapp/wcs/stores/servlet/SearchDisplay?searchTerm=<BUSCA>&categoryId=&storeId=10151&catalogId=11052&langId=-6&pageSize=9&beginIndex=0&sType=SimpleSearch&resultCatEntryType=2&showResultsPage=true&searchSource=Q&pageView=&hotsite=fastshop
http://www.fastshop.com.br/webapp/wcs/stores/servlet/SearchDisplay?searchTerm=Zelda+link+between+worlds&categoryId=&storeId=10151&catalogId=11052&langId=-6&pageSize=9&beginIndex=0&sType=SimpleSearch&resultCatEntryType=2&showResultsPage=true&searchSource=Q&pageView=&hotsite=fastshop
		Documento Lido
		Resultados: 0
	Tempo Para buscar: 434
Loja: FNAC
	URL Principal: http://www.fnac.com.br/index.html
	URL Busca: http://busca.fnac.com.br/?busca=<BUSCA>
http://busca.fnac.com.br/?busca=Zelda+link+between+worlds
		Documento Lido
		Resultados: 20
		Nome do Produto: Adaptador Wireless D-link Dwa-131
			Igorando Pelo Filtro de Nome...
		Nome do Produto: Câmera de Monitoramento Wireless D-link Dcs-930l
			Igorando Pelo Filtro de Nome...
		Nome do Produto: Adaptador Wireless D-link Dwa-132 N 300mbps
			Igorando Pelo Filtro de Nome...
		Nome do Produto: Switch D-link Des-1008a Br 10/100mbps
			Igorando Pelo Filtro de Nome...
		Nome do Produto: Câmera de Monitoramento D-link Dcs-942l Wireless Cloud
			Igorando Pelo Filtro de Nome...
		Nome do Produto: Repetidor de Sinal D-link Dir-505 Shareport N 150mbps
			Igorando Pelo Filtro de Nome...
		Nome do Produto: Roteador Wireless D-link Dir-868l 1750mbps Dual Band
			Igorando Pelo Filtro de Nome...
		Nome do Produto: Adaptador Wireless D-link Dwa-171 750mbps Dual Band
			Igorando Pelo Filtro de Nome...
		Nome do Produto: Adaptador Wireless D-link Dwa-182 1200mbps Dual Band
			Igorando Pelo Filtro de Nome...
		Nome do Produto: Roteador Wireless D-link Dir-615 N 300mbps
			Igorando Pelo Filtro de Nome...
		Nome do Produto: Repetidor & Roteador Wireless D-link Dir-503 150mbps
			Igorando Pelo Filtro de Nome...
		Nome do Produto: Repetidor Wireless D-link Dap-1320 N300 Com Botão Wps
			Igorando Pelo Filtro de Nome...
		Nome do Produto: Roteador D-link Dir-809 Ac 750mbps Dual Band
			Igorando Pelo Filtro de Nome...
		Nome do Produto: Roteador D-link Dir-890l Ultra Wi-fi Ac3200mbps - Vermelho
			Igorando Pelo Filtro de Nome...
		Nome do Produto: Câmera Wireless D-link N Com Mydlink Cloud E Função Pan/tilt Dia & Noite
			Igorando Pelo Filtro de Nome...
		Nome do Produto: Gravador de Vídeo D-link Dnr-202l Nvr USB Para 4 Câmeras
			Igorando Pelo Filtro de Nome...
		Nome do Produto: Fantasy Worlds
			Igorando Pelo Filtro de Nome...
		Nome do Produto: Esta Valsa É Minha
			Igorando Pelo Filtro de Nome...
		Nome do Produto: Bom Dia, Sr. Mandela
			Igorando Pelo Filtro de Nome...
		Nome do Produto: Between Dog And Wolf
			Igorando Pelo Filtro de Nome...
	Tempo Para buscar: 1158
Loja: Kabum
	URL Principal: http://www.kabum.com.br/
	URL Busca: http://www.kabum.com.br/cgi-local/site/listagem/listagem.cgi?string=<BUSCA>&btnG=
http://www.kabum.com.br/cgi-local/site/listagem/listagem.cgi?string=Zelda+link+between+worlds&btnG=
		Documento Lido
		Resultados: 0
	Tempo Para buscar: 1231
Loja: Livraria Cultura
	URL Principal: http://www.livrariacultura.com.br/
	URL Busca: http://www.livrariacultura.com.br/busca?N=0&Ntt=<BUSCA>
http://www.livrariacultura.com.br/busca?N=0&Ntt=Zelda+link+between+worlds
		Documento Lido
		Resultados: 2
		Nome do Produto: LEGEND OF ZELDA - A LINK BETWEEN WORLDS
http://www.livrariacultura.com.br/p/legend-of-zelda-a-link-between-worlds-42744956
		Acessando URL do produto.
		Nome do Produto: LEGEND OF ZELDA, THE - A LINK BETWEEN WORLDS (3DS)
http://www.livrariacultura.com.br/p/legend-of-zelda-the-a-link-between-worlds-3ds-42150349
		Acessando URL do produto.
	Tempo Para buscar: 1296
Loja: Magazine Luiza
	URL Principal: http://www.magazineluiza.com.br/
	URL Busca: http://www.magazineluiza.com.br/busca/<BUSCA>/
http://www.magazineluiza.com.br/busca/Zelda+link+between+worlds/
		Documento Lido
		Resultados: 60
		Nome do Produto: Roteador Wireless Link-One RW 332 - 300Mbps 2 Antenas 3 Portas
			Igorando Pelo Filtro de Nome...
		Nome do Produto: Roteador Wireless Link-One L1RW-131 - 150Mbps 1 Antena 4 Portas
			Igorando Pelo Filtro de Nome...
		Nome do Produto: Roteador Wireless TP-Link TL-MR3220 - 150Mbps 1 Antena 5 Portas 3G/4G
			Igorando Pelo Filtro de Nome...
		Nome do Produto: Roteador Wireless D-Link DIR-615 - 300Mbps 2 Antenas 5 Portas
			Igorando Pelo Filtro de Nome...
		Nome do Produto: Roteador Wireless Link-One L1-RW342 - 300Mbps 2 Antenas 5 Portas
			Igorando Pelo Filtro de Nome...
		Nome do Produto: Roteador Wireless Link-One L1-RW333 - 300Mbps 3 Antenas 4 Portas
			Igorando Pelo Filtro de Nome...
		Nome do Produto: Roteador Wireless Portátil D-Link DIR-505 - 150Mbps 2 Portas
			Igorando Pelo Filtro de Nome...
		Nome do Produto: Switch DES-1008A - D-Link
			Igorando Pelo Filtro de Nome...
		Nome do Produto: Cadeira para Escritório Giratória - Inter Link Tibaldi
			Igorando Pelo Filtro de Nome...
		Nome do Produto: Cadeira para Escritório Giratória Secretária - Inter Link Sumaré
			Igorando Pelo Filtro de Nome...
		Nome do Produto: Cristaleira 5 Portas 3 Gavetas - Inter Link Westerland
			Igorando Pelo Filtro de Nome...
		Nome do Produto: Placa Wireless PCMCIA 300Mbps - D-Link DWA-645
			Igorando Pelo Filtro de Nome...
		Nome do Produto: Switch 100Mbps 8 Portas - D-Link DES-1008D
			Igorando Pelo Filtro de Nome...
		Nome do Produto: Cadeira para Escritório Giratória Secretária - Inter Link Timon
			Igorando Pelo Filtro de Nome...
		Nome do Produto: Câmera Wireless 1.3MP - D-Link DCS 932L
			Igorando Pelo Filtro de Nome...
		Nome do Produto: Adaptador Wireless USB 2.0 - L1-AW3U - Link-One
			Igorando Pelo Filtro de Nome...
		Nome do Produto: Adaptador Wireless USB 2.0 - L1-AW1UN - Link-One
			Igorando Pelo Filtro de Nome...
		Nome do Produto: Caixa Organizadora Links - Winny
			Igorando Pelo Filtro de Nome...
		Nome do Produto: Caixa Organizadora Links - Winny
			Igorando Pelo Filtro de Nome...
		Nome do Produto: Caixa Organizadora Links - Winny
			Igorando Pelo Filtro de Nome...
		Nome do Produto: Caixa Organizadora Links - Winny
			Igorando Pelo Filtro de Nome...
		Nome do Produto: Caixa Organizadora Links - Winny
			Igorando Pelo Filtro de Nome...
		Nome do Produto: Caixa Organizadora Links - Winny
			Igorando Pelo Filtro de Nome...
		Nome do Produto: Assento Sanitário Conhaque Translúcido Link - para Louça Deca - Pontto Lavabo
			Igorando Pelo Filtro de Nome...
		Nome do Produto: Assento Sanitário Azul Translúcido Link - para Louça Deca - Pontto Lavabo
			Igorando Pelo Filtro de Nome...
		Nome do Produto: Assento Sanitário Rose Translúcido Link - para Louça Deca - Pontto Lavabo
			Igorando Pelo Filtro de Nome...
		Nome do Produto: Assento Sanitário Vermelho Translúcido Link - para Louça Deca - Pontto Lavabo
			Igorando Pelo Filtro de Nome...
		Nome do Produto: Assento Sanitário Cristal Translúcido Link - para Louça Deca - Pontto Lavabo
			Igorando Pelo Filtro de Nome...
		Nome do Produto: Criado-Mudo Módulo Links Mix 2 Gavetas - Branco
			Igorando Pelo Filtro de Nome...
		Nome do Produto: Assento Sanitário Conhaque Translúcido Link - para Louça Deca - Pontto Lavabo
			Igorando Pelo Filtro de Nome...
		Nome do Produto: Assento Sanitário Cristal Translúcido Link - para Louça Deca - Pontto Lavabo
			Igorando Pelo Filtro de Nome...
		Nome do Produto: Assento Sanitário Rose Translúcido Link - para Louça Deca - Pontto Lavabo
			Igorando Pelo Filtro de Nome...
		Nome do Produto: Assento Sanitário Vermelho Translúcido Link - para Louça Deca - Pontto Lavabo
			Igorando Pelo Filtro de Nome...
		Nome do Produto: Assento Sanitário Azul Translúcido Link - para Louça Deca - Pontto Lavabo
			Igorando Pelo Filtro de Nome...
		Nome do Produto: Assento Sanitário Verde Malva Translúcido Link - para Louça Deca - Pontto Lavabo
			Igorando Pelo Filtro de Nome...
		Nome do Produto: Assento Sanitário Almofadado Cinza Real Link - para Louça Deca - Pontto Lavabo
			Igorando Pelo Filtro de Nome...
		Nome do Produto: Assento Sanitário Almofadado Bege Claro Link - para Louça Deca - Pontto Lavabo
			Igorando Pelo Filtro de Nome...
		Nome do Produto: Assento Sanitário Verde Malva Translúcido Link - para Louça Deca - Pontto Lavabo
			Igorando Pelo Filtro de Nome...
		Nome do Produto: Assento Sanitário Branco Gelo Link para Louça Deca - Pontto Lavabo
			Igorando Pelo Filtro de Nome...
		Nome do Produto: Assento Sanitário Branco Gelo Link - para Louça Deca - Pontto Lavabo
			Igorando Pelo Filtro de Nome...
		Nome do Produto: Assento Sanitário Almofadado Branco Gelo Link - para Louça Deca - Pontto Lavabo
			Igorando Pelo Filtro de Nome...
		Nome do Produto: Kit Cozinha Links Valencia 4 Portas - 2 Gavetas
			Igorando Pelo Filtro de Nome...
		Nome do Produto: Kit Cozinha Links Siena 5 Portas - 3 Gavetas
			Igorando Pelo Filtro de Nome...
		Nome do Produto: Assento Sanitário Branco Gelo Link - para Louça Deca - Pontto Lavabo
			Igorando Pelo Filtro de Nome...
		Nome do Produto: Estante Cadore Prateleiras Fixas - Links
			Igorando Pelo Filtro de Nome...
		Nome do Produto: Vitrine Sequenza 2 Portas de Vidro 4 Prateleiras - Links
			Igorando Pelo Filtro de Nome...
		Nome do Produto: Conjunto com 4 Cadeiras Formici - Links
			Igorando Pelo Filtro de Nome...
		Nome do Produto: Estante Lena 3 Prateleiras - Links
			Igorando Pelo Filtro de Nome...
		Nome do Produto: Mesa Lateral Nono - Links
			Igorando Pelo Filtro de Nome...
		Nome do Produto: Puff Route 66 - Links
			Igorando Pelo Filtro de Nome...
		Nome do Produto: Estante Lena 2 Prateleiras - Links
			Igorando Pelo Filtro de Nome...
		Nome do Produto: Estante Lena 5 Prateleiras - Links
			Igorando Pelo Filtro de Nome...
		Nome do Produto: Balcão 9 Gavetas Provence - Links
			Igorando Pelo Filtro de Nome...
		Nome do Produto: Gaveteiro Simon 6 Gavetas - Links
			Igorando Pelo Filtro de Nome...
		Nome do Produto: Conjunto com 4 Cadeiras Formici - Links
			Igorando Pelo Filtro de Nome...
		Nome do Produto: Estante Arco 1 Prateleira - Links
			Igorando Pelo Filtro de Nome...
		Nome do Produto: Cadeira Dakota - Links
			Igorando Pelo Filtro de Nome...
		Nome do Produto: Cadeira Vegas - Links
			Igorando Pelo Filtro de Nome...
		Nome do Produto: Módulo Mix 3 Prateleiras - Links
			Igorando Pelo Filtro de Nome...
		Nome do Produto: Módulo Mix 1 Gaveta 1 Prateleira - Links
			Igorando Pelo Filtro de Nome...
	Tempo Para buscar: 1003
Loja: Mula Games
	URL Principal: http://www.mulagames.com.br/
	URL Busca: http://www.mulagames.com.br/produtos-index/catalogo_produtos/-/-/<BUSCA>/-/-/-/-/-/
http://www.mulagames.com.br/produtos-index/catalogo_produtos/-/-/Zelda%20link%20between%20worlds/-/-/-/-/-/
		Documento Lido
		Resultados: 1
		Nome do Produto: The Legend of Zelda: A Link Between Worlds - 3DS
http://www.mulagames.com.br/The-Legend-of-Zelda--A-Link-Between-Worlds-3DS/prod-1789689/
		Acessando URL do produto.
http://www.mulagames.com.br/produto-ajax_retorna_dados_preco_comprar/1789689
		Acessando URL do preço produto.
	Tempo Para buscar: 4299
Loja: Net Shoes
	URL Principal: http://www.netshoes.com.br/
	URL Busca: http://www.netshoes.com.br/search?Ntt=<BUSCA>
http://www.netshoes.com.br/search?Ntt=Zelda+link+between+worlds
		Documento Lido
		Resultados: 2
		Nome do Produto: Jogo Two Worlds Epic Edition PC
			Igorando Pelo Filtro de Nome...
		Nome do Produto: Jogo Two Worlds PC
			Igorando Pelo Filtro de Nome...
	Tempo Para buscar: 162
Loja: Ponto Frio
	URL Principal: http://www.pontofrio.com.br/
	URL Busca: http://search.pontofrio.com.br/search?w=<BUSCA>
http://search.pontofrio.com.br/search?w=Zelda+link+between+worlds
		Documento Lido
		Resultados: 1
		Nome do Produto: Jogo Legend Of Zelda: A Link Between World - 3DS
			Igorando Pelo Filtro de Nome...
		Nome do Produto: The Legend of Zelda: A Link Between Worlds - 3DS
http://search.pontofrio.com.br/search?p=R&srid=S3-USWSD01&lbc=pontofrio-br&w=Zelda%20link%20between%20worlds&url=http%3a%2f%2fproduto.pontofrio.com.br%2f5413298%3f&rk=2&uid=19241908&sid=2&ts=custom&rsc=8dGBtUSVHYssk6Pp&method=and&isort=score&view=grid
		Nome do Produto: Jogo Legend Of Zelda: A Link Between World - 3DS
			Igorando Pelo Filtro de Nome...
		Nome do Produto: The Legend of Zelda: A Link Between Worlds - 3DS
http://search.pontofrio.com.br/search?p=R&srid=S3-USWSD01&lbc=pontofrio-br&w=Zelda%20link%20between%20worlds&url=http%3a%2f%2fproduto.pontofrio.com.br%2f5413298%3f&rk=2&uid=19241908&sid=2&ts=custom&rsc=8dGBtUSVHYssk6Pp&method=and&isort=score&view=grid
	Tempo Para buscar: 2986
Loja: Ricardo Eletro
	URL Principal: http://www.ricardoeletro.com.br/
	URL Busca: http://www.ricardoeletro.com.br/Busca/Resultado/?q=<BUSCA>
http://www.ricardoeletro.com.br/Busca/Resultado/?q=Zelda+link+between+worlds
		Documento Lido
		Resultados: 0
	Tempo Para buscar: 953
Loja: RiHappy
	URL Principal: http://www.rihappy.com.br/
	URL Busca: http://www.rihappy.com.br/<BUSCA>
http://www.rihappy.com.br/Zelda%20link%20between%20worlds
		Documento Lido
		Resultados: 0
	Tempo Para buscar: 1098
Loja: Saraiva
	URL Principal: http://www.saraiva.com.br/
	URL Busca: http://busca.saraiva.com.br/search?w=<BUSCA>&PAC_ID=129457&ts=ajax
http://busca.saraiva.com.br/search?w=Zelda+link+between+worlds&PAC_ID=129457&ts=ajax
		Documento Lido
		Resultados: 2
		Nome do Produto: Calculadora Cientifica HP 10s+
			Igorando Pelo Filtro de Nome...
		Nome do Produto: ENEM Coleção Completa - Edição 2015
			Igorando Pelo Filtro de Nome...
	Tempo Para buscar: 245
Loja: Shop Facil
	URL Principal: http://ww2.shopfacil.com.br/
	URL Busca: http://ww2.shopfacil.com.br/<BUSCA>
http://ww2.shopfacil.com.br/Zelda%20link%20between%20worlds
		Documento Lido
		Resultados: 0
	Tempo Para buscar: 1857
Loja: Shop Time
	URL Principal: http://www.shoptime.com.br/
	URL Busca: http://busca.shoptime.com.br/busca.php?q=<BUSCA>
http://busca.shoptime.com.br/busca.php?q=Zelda+link+between+worlds
		Documento Lido
		Resultados: 1
		Nome do Produto: Game The Legend of Zelda - A Link Between Worlds - 3DS
http://www.shoptime.com.br/produto/116578859/game-the-legend-of-zelda-a-link-between-worlds-3ds
		Acessando URL do produto.
	Tempo Para buscar: 587
Loja: ShopB
	URL Principal: http://www.shopb.com.br/
	URL Busca: http://busca.shopb.com.br/?busca=<BUSCA>
http://busca.shopb.com.br/?busca=Zelda+link+between+worlds
		Documento Lido
		Resultados: 31
		Nome do Produto: The Legend of Zelda: A Link Between Worlds - 3DS
http://shopb.ecommercesearch.com.br/Busca/Redir?url=http%3a%2f%2fwww.shopb.com.br%2fecommerce_site%2findex.php%3fpg%3dproduto%26cdg%3d4488%26idp%3d33563%26idparceiro%3dp1&esid=33563
		Acessando URL do produto.
		Nome do Produto: Adaptador Wireless USB TL-WN721N Branco - TP-Link
			Igorando Pelo Filtro de Nome...
		Nome do Produto: Antena Interna Omni-direcional 2.4GHz 8dbi - TP Link
			Igorando Pelo Filtro de Nome...
		Nome do Produto: Mobile Wireless Router D-Link
			Igorando Pelo Filtro de Nome...
		Nome do Produto: Modem 3G - D-Link
			Igorando Pelo Filtro de Nome...
		Nome do Produto: Modem Banda Larga DSL500B - D-Link
			Igorando Pelo Filtro de Nome...
		Nome do Produto: Modem Roteador + 150 Mbps Wireless N TL-WA701ND - TP-Link
			Igorando Pelo Filtro de Nome...
		Nome do Produto: Modem Roteador + 150 Mbps Wireless N TL-WR741ND - TP-Link
			Igorando Pelo Filtro de Nome...
		Nome do Produto: Modem Roteador + 300 Mbps Wireless N ADSL2+ - TP-Link
			Igorando Pelo Filtro de Nome...
		Nome do Produto: Modem Roteador ADSL2+ TD-8816 - TP-LINK
			Igorando Pelo Filtro de Nome...
		Nome do Produto: Nintendo Amiibo: Link Super Smash Bros - Wii U
			Igorando Pelo Filtro de Nome...
		Nome do Produto: Nintendo Amiibo: Toon Link Super Smash Bros - Wii U
			Igorando Pelo Filtro de Nome...
		Nome do Produto: Nintendo Amiibo: Zelda Super Smash Bros - Wii U
			Igorando Pelo Filtro de Nome...
		Nome do Produto: Placa de Parede Decorativa: Keep Calm and Save Zelda - ShopB
			Igorando Pelo Filtro de Nome...
		Nome do Produto: Placa de Rede 10/100 Mbps PCI TF-3239DL - TP-Link
			Igorando Pelo Filtro de Nome...
		Nome do Produto: Placa de Rede Gibabit 10/100/1000 Mbps PCI Express TG-3468 - TP-Link
			Igorando Pelo Filtro de Nome...
		Nome do Produto: Placa de Rede Gibabit 1000 Mbps PCI Express TG-3269 - TP-Link
			Igorando Pelo Filtro de Nome...
		Nome do Produto: Roteador ADSL + Wireless N150 Mbps - D-Link
			Igorando Pelo Filtro de Nome...
		Nome do Produto: Switch de mesa de 8 portas de 10/100Mbps TL-SF1008D - TP-LINK
			Igorando Pelo Filtro de Nome...
		Nome do Produto: The Legend of Zelda: Majoras Mask 3D - 3DS
			Igorando Pelo Filtro de Nome...
		Nome do Produto: The Legend of Zelda: Ocarina of Time 3D - 3DS
			Igorando Pelo Filtro de Nome...
		Nome do Produto: The Legend of Zelda: The Wind Waker HD - Wii U
			Igorando Pelo Filtro de Nome...
		Nome do Produto: Adaptador USB Wireless 150Mbps - TP Link
			Igorando Pelo Filtro de Nome...
		Nome do Produto: Antena Interna Omni-direcional 2.4GHz 5dbi - TP Link
			Igorando Pelo Filtro de Nome...
		Nome do Produto: Extensor de Alcance Repetidor Wi-Fi 150Mbps DIR-505 - D-Link
			Igorando Pelo Filtro de Nome...
		Nome do Produto: Extensor de Alcance Repetidor Wi-Fi Universal 300Mbps TL-WA850RE - TP-Link
			Igorando Pelo Filtro de Nome...
		Nome do Produto: Marvel vs Capcom 3 Fate of Two Worlds - XBOX 360
			Igorando Pelo Filtro de Nome...
		Nome do Produto: Marvel vs Capcom 3: Fate of Two Worlds - PS3
			Igorando Pelo Filtro de Nome...
		Nome do Produto: Mini Adaptador USB Tp-link Wireless N Tl Branco 150mb
			Igorando Pelo Filtro de Nome...
		Nome do Produto: Modem Roteador + 150 Mbps Wireless N ADSL2 - TP-Link
			Igorando Pelo Filtro de Nome...
		Nome do Produto: Roteador Wireless 150 Mbps TL-WR720N - TP-Link
			Igorando Pelo Filtro de Nome...
	Tempo Para buscar: 1775
Loja: Submarino
	URL Principal: http://www.submarino.com.br/
	URL Busca: http://busca.submarino.com.br/busca.php?q=<BUSCA>
http://busca.submarino.com.br/busca.php?q=Zelda+link+between+worlds
		Documento Lido
		Resultados: 1
		Nome do Produto: Game The Legend of Zelda - A Link Between Worlds - 3DS
http://www.submarino.com.br/produto/116578859/game-the-legend-of-zelda-a-link-between-worlds-3ds
		Acessando URL do produto.
	Tempo Para buscar: 585
Loja: Walmart
	URL Principal: http://www.walmart.com.br/
	URL Busca: http://www.walmart.com.br/busca/?ft=<BUSCA>&PS=20
http://www.walmart.com.br/busca/?ft=Zelda+link+between+worlds&PS=20
		Documento Lido
		Resultados: 1
		Nome do Produto: The Legend Of Zelda - A Link Between Worlds Collector's Edition - Prima Official Game Guide
http://www.walmart.com.br//the-legend-of-zelda-a-link-between-worlds-collector-s-edition-prima-official-game-guide/2354056/pr
		Acessando URL do produto.
	Tempo Para buscar: 1077

File copied from C:\java\workspace Estudo\lookforprices\resources\imports\css.css to C:\java\workspace Estudo\lookforprices\reports\2015-08-10 12\css.css
File copied from C:\java\workspace Estudo\lookforprices\resources\imports\jquery.js to C:\java\workspace Estudo\lookforprices\reports\2015-08-10 12\jquery.js
File copied from C:\java\workspace Estudo\lookforprices\resources\imports\scripts.js to C:\java\workspace Estudo\lookforprices\reports\2015-08-10 12\scripts.js
Tempo total de execução: 28542
