Loja: Nintendo eShop
	URL Principal: http://www.nintendo.com/3ds/eshop
	URL Busca: http://www.nintendo.com/json/content/get/game/filter?&&&&qterm=<BUSCA>
NintendoEShopSearch.search() http://www.nintendo.com/json/content/get/game/filter?&&&&qterm=Monster+Hunter+3ds
		Documento Lido
		Resultados: 2
		Nome do Produto: Monster Hunter 4 Ultimate
			Igorando Pelo Filtro de Nome...
		Nome do Produto: Monster Hunter 3 Ultimate
			Igorando Pelo Filtro de Nome...
	Tempo Para buscar: 435
Loja: Americanas
	URL Principal: http://www.americanas.com.br/
	URL Busca: http://busca.americanas.com.br/busca.php?q=<BUSCA>
http://busca.americanas.com.br/busca.php?q=Monster+Hunter+3ds
		Documento Lido
		Resultados: 30
		Nome do Produto: Monster High - Monstros, Câmera, Ação - Viperine BLW98 Mattel
			Igorando Pelo Filtro de Nome...
		Nome do Produto: Boneca Monster High Volta as Aulas Gigi - Mattel
			Igorando Pelo Filtro de Nome...
		Nome do Produto: Boneca Monster High Clássicas Clawdeen Wolf Clássica Mattel
			Igorando Pelo Filtro de Nome...
		Nome do Produto: Boneco Monster High Volta as Aulas Invisibilly - Mattel
			Igorando Pelo Filtro de Nome...
		Nome do Produto: Boneca Monster High Clássicas Frankie Stein Clássica Mattel
			Igorando Pelo Filtro de Nome...
		Nome do Produto: Monster High - Monstros, Câmera, Ação - Draculaura BDF22/BDF23 Mattel
			Igorando Pelo Filtro de Nome...
		Nome do Produto: Monster High - Sala de Aula - Home Ick BDD81/BDD82 Mattel
			Igorando Pelo Filtro de Nome...
		Nome do Produto: Monster High Foto de Terror Catrine de Mew X4603/BGT33 Mattel
			Igorando Pelo Filtro de Nome...
		Nome do Produto: Monster High - Sala de Aula - Aula de Artes BDD81/BDD83 Mattel
			Igorando Pelo Filtro de Nome...
		Nome do Produto: Monster High - Secret Creepers Jane BLV96 Mattel
			Igorando Pelo Filtro de Nome...
		Nome do Produto: Monster High - Monstros, Câmera, Ação - Clawdeen Wolf BDF22/BDF26 Mattel
			Igorando Pelo Filtro de Nome...
		Nome do Produto: Monster High - Monstros, Câmera, Ação - Honey Swamp BLW99 Mattel
			Igorando Pelo Filtro de Nome...
		Nome do Produto: Monster High - Deuce Olhar Assustador BDD93 Mattel
			Igorando Pelo Filtro de Nome...
		Nome do Produto: Monster High Elissabat BLX00 - Mattel
			Igorando Pelo Filtro de Nome...
		Nome do Produto: Boneca Monster High Ghoulia - Mattel
			Igorando Pelo Filtro de Nome...
		Nome do Produto: Boneca Monster High Spectra Luzes Apavorantes - Mattel
			Igorando Pelo Filtro de Nome...
		Nome do Produto: Monster High Clawdia Wolf BLX01 - Mattel
			Igorando Pelo Filtro de Nome...
		Nome do Produto: Monster High Foto de Terror Jinafire Long X4603/BGT34 Mattel
			Igorando Pelo Filtro de Nome...
		Nome do Produto: Monster High Toralei Miado de Arrepiar BGW08 Mattel
			Igorando Pelo Filtro de Nome...
		Nome do Produto: Monster High - Monstros, Câmera, Ação - Lagoona BDF22/BDF24 Mattel
			Igorando Pelo Filtro de Nome...
		Nome do Produto: Monster High - Monstros, Câmera, Ação - Acessórios - Tapete Mattel
			Igorando Pelo Filtro de Nome...
		Nome do Produto: Monster High - Torcida - Zombie Boy BDF07/BGD87 Mattel
			Igorando Pelo Filtro de Nome...
		Nome do Produto: Monster High - Torcida - Venus McFlytrap BDF07/BDF09 Mattel
			Igorando Pelo Filtro de Nome...
		Nome do Produto: Monster High Aula de Arte - Skelita - Mattel
			Igorando Pelo Filtro de Nome...
		Nome do Produto: Monster High Aula de Arte Draculaura - Mattel
			Igorando Pelo Filtro de Nome...
		Nome do Produto: Monster High Torcida Frankie Stein
			Igorando Pelo Filtro de Nome...
		Nome do Produto: Monster High Aula de Arte - Abbey BDF13 - Mattel
			Igorando Pelo Filtro de Nome...
		Nome do Produto: Monster High - Torcida - Spectra Vondergeist BDF07/BDF10 Mattel
			Igorando Pelo Filtro de Nome...
		Nome do Produto: Monster High Foto de Terror Clawdeen Wolf X4603/BGT32 Mattel
			Igorando Pelo Filtro de Nome...
		Nome do Produto: Boneca Monster High Dracubecca - Mattel
			Igorando Pelo Filtro de Nome...
	Tempo Para buscar: 923
Loja: Big Boy Games
	URL Principal: http://www.bigboygames.com.br/
	URL Busca: http://www.bigboygames.com.br/pesquisa/?p=<BUSCA>
http://www.bigboygames.com.br/pesquisa/?p=Monster+Hunter+3ds
		Documento Lido
		Resultados: 2
		Nome do Produto: Monster Hunter 3 Ultimate - 3DS
http://www.bigboygames.com.br/monster-hunter-3-ultimate-3ds-p4776/
		Acessando URL do produto.
		Nome do Produto: 3DS - Monster Hunter 4 Ultimate [Pré Venda para 20/03/2015]
http://www.bigboygames.com.br/3ds-monster-hunter-4-ultimate-pre-venda-para-20-03-2015-p6907/
		Acessando URL do produto.
	Tempo Para buscar: 2744
Loja: Casas Bahia
	URL Principal: http://www.casasbahia.com.br/
	URL Busca: http://buscas.casasbahia.com.br/search?w=<BUSCA>
http://buscas.casasbahia.com.br/search?w=Monster+Hunter+3ds
		Documento Lido
		Resultados: 1
		Nome do Produto: Livro - Herdeiro da Escuridão: Um Suspense de Tirar o Fôlego e Deliciosamente Inesperado
			Igorando Pelo Filtro de Nome...
		Nome do Produto: Jogo Spy Hunter - 3DS
			Igorando Pelo Filtro de Nome...
		Nome do Produto: Livro - Love Story
			Igorando Pelo Filtro de Nome...
		Nome do Produto: Bolsa Porta Boneca Monster High - Fun Divirta-se
			Igorando Pelo Filtro de Nome...
		Nome do Produto: Livro - Não Existe Mulher Difícil - André Aguiar Marques
			Igorando Pelo Filtro de Nome...
		Nome do Produto: Livro - De Volta ao Mosteiro: o Monge e o Executivo Falam de Liderança e Trabalho em Equipe - James Hunter
			Igorando Pelo Filtro de Nome...
		Nome do Produto: Livro - Coleção De Volta ao Mosteiro + O Monge e o Executivo (2 Volumes)
			Igorando Pelo Filtro de Nome...
		Nome do Produto: Kit de Proteção Tech Dealer para Nintendo 3DS 10286
			Igorando Pelo Filtro de Nome...
		Nome do Produto: Monster High Trançador de Cabelo
			Igorando Pelo Filtro de Nome...
		Nome do Produto: Jogo de Cama Estampado Monster High - Lepper
			Igorando Pelo Filtro de Nome...
		Nome do Produto: Monster High Conjunto Crie Seu Monstro - Lobisomem
			Igorando Pelo Filtro de Nome...
		Nome do Produto: Jogo The Croods: Prehistoric Party! - 3DS
			Igorando Pelo Filtro de Nome...
		Nome do Produto: Livro - Como se Tornar um Líder Servidor: os Princípios de Liderança de o Monge e o Executivo
			Igorando Pelo Filtro de Nome...
		Nome do Produto: Livro - Tão Ontem
			Igorando Pelo Filtro de Nome...
		Nome do Produto: Livro - Cidade do Prazer
			Igorando Pelo Filtro de Nome...
		Nome do Produto: Livro - Os Sete Pecados Capitais - Machado de Assis
			Igorando Pelo Filtro de Nome...
		Nome do Produto: Livro - Construa um Grande Negocio: 7 Passos para o Sucesso de Sua Empresa - Brian Tracy
			Igorando Pelo Filtro de Nome...
		Nome do Produto: Capa Mega Carry Case Tech Dealer TV para Nintendo 3DS
			Igorando Pelo Filtro de Nome...
		Nome do Produto: Capa Mega Carry Case Tech Dealer Love para Nintendo 3DS
			Igorando Pelo Filtro de Nome...
		Nome do Produto: Jogo Phineas And Ferb: Quest For Cool Stuff - 3DS
			Igorando Pelo Filtro de Nome...
	Tempo Para buscar: 1469
Loja: Extra
	URL Principal: http://www.extra.com.br/
	URL Busca: http://buscando.extra.com.br/search?w=<BUSCA>
http://buscando.extra.com.br/search?w=Monster+Hunter+3ds
		Documento Lido
		Resultados: 1
		Nome do Produto: Jogo Monster Hunter 3 Ultimate - 3DS
http://buscando.extra.com.br/search?p=R&srid=S1-USWSD01&lbc=extra&w=Monster%20Hunter%203ds&url=http%3a%2f%2fproduto.extra.com.br%2f2067454%3f&rk=1&uid=846027731&sid=2&ts=custom&rsc=dtRknc3XiFpEdmvL&method=and&isort=score&view=grid
		Acessando URL do produto.
	Tempo Para buscar: 2696
Loja: Fast Games
	URL Principal: http://www.fastgames.com.br/
	URL Busca: http://www.fastgames.com.br/loja/busca.php?loja=187970&palavra_busca=<BUSCA>
http://www.fastgames.com.br/loja/busca.php?loja=187970&palavra_busca=Monster+Hunter+3ds
		Documento Lido
		Resultados: 2
		Nome do Produto: Monster Hunter 3 Ultimate - 3DS
http://www.fastgames.com.br//monster-hunter-3-ultimate-3ds-pr-6435-187970.htm
		Acessando URL do produto.
		Nome do Produto: Monster Hunter 3 Ultimate - Wii U
			Igorando Pelo Filtro de Nome...
	Tempo Para buscar: 2255
Loja: Fast Shop
	URL Principal: http://www.fastshop.com.br/loja/
	URL Busca: http://www.fastshop.com.br/webapp/wcs/stores/servlet/SearchDisplay?searchTerm=<BUSCA>&categoryId=&storeId=10151&catalogId=11052&langId=-6&pageSize=9&beginIndex=0&sType=SimpleSearch&resultCatEntryType=2&showResultsPage=true&searchSource=Q&pageView=&hotsite=fastshop
http://www.fastshop.com.br/webapp/wcs/stores/servlet/SearchDisplay?searchTerm=Monster+Hunter+3ds&categoryId=&storeId=10151&catalogId=11052&langId=-6&pageSize=9&beginIndex=0&sType=SimpleSearch&resultCatEntryType=2&showResultsPage=true&searchSource=Q&pageView=&hotsite=fastshop
