Loja: Nintendo eShop
	URL Principal: http://www.nintendo.com/3ds/eshop
	URL Busca: http://www.nintendo.com/json/content/get/game/filter?&&&&qterm=<BUSCA>
NintendoEShopSearch.search() http://www.nintendo.com/json/content/get/game/filter?&&&&qterm=Monster+Hunter+4+3ds
		Documento Lido
		Resultados: 2
		Nome do Produto: Monster Hunter 4 Ultimate
			Igorando Pelo Filtro de Nome...
		Nome do Produto: Monster Hunter 3 Ultimate
			Igorando Pelo Filtro de Nome...
	Tempo Para buscar: 1339
Loja: Americanas
	URL Principal: http://www.americanas.com.br/
	URL Busca: http://busca.americanas.com.br/busca.php?q=<BUSCA>
http://busca.americanas.com.br/busca.php?q=Monster+Hunter+4+3ds
		Documento Lido
		Resultados: 30
		Nome do Produto: Boneca Monster High Clássicas Clawdeen Wolf Clássica Mattel
			Igorando Pelo Filtro de Nome...
		Nome do Produto: Monster High - Monstros, Câmera, Ação - Viperine BLW98 Mattel
			Igorando Pelo Filtro de Nome...
		Nome do Produto: Boneca Monster High Clássicas Frankie Stein Clássica Mattel
			Igorando Pelo Filtro de Nome...
		Nome do Produto: Boneca Monster High Volta as Aulas Gigi - Mattel
			Igorando Pelo Filtro de Nome...
		Nome do Produto: Monster High - Sala de Aula - Aula de Artes BDD81/BDD83 Mattel
			Igorando Pelo Filtro de Nome...
		Nome do Produto: Monster High - Sala de Aula - Home Ick BDD81/BDD82 Mattel
			Igorando Pelo Filtro de Nome...
		Nome do Produto: Monster High Aula de Arte - Skelita - Mattel
			Igorando Pelo Filtro de Nome...
		Nome do Produto: Boneco Monster High Volta as Aulas Invisibilly - Mattel
			Igorando Pelo Filtro de Nome...
		Nome do Produto: Monster High Foto de Terror Catrine de Mew X4603/BGT33 Mattel
			Igorando Pelo Filtro de Nome...
		Nome do Produto: Monster High - Deuce Olhar Assustador BDD93 Mattel
			Igorando Pelo Filtro de Nome...
		Nome do Produto: Monster High - Monstros, Câmera, Ação - Draculaura BDF22/BDF23 Mattel
			Igorando Pelo Filtro de Nome...
		Nome do Produto: Monster High - Secret Creepers Jane BLV96 Mattel
			Igorando Pelo Filtro de Nome...
		Nome do Produto: Monster High Aula de Arte Draculaura - Mattel
			Igorando Pelo Filtro de Nome...
		Nome do Produto: Monster High - Monstros, Câmera, Ação - Honey Swamp BLW99 Mattel
			Igorando Pelo Filtro de Nome...
		Nome do Produto: Boneca Monster High Clássicas Draculaura Clássica Mattel
			Igorando Pelo Filtro de Nome...
		Nome do Produto: Monster High - Monstros, Câmera, Ação - Lagoona BDF22/BDF24 Mattel
			Igorando Pelo Filtro de Nome...
		Nome do Produto: Boneca Monster High Dracubecca - Mattel
			Igorando Pelo Filtro de Nome...
		Nome do Produto: Monster High Elissabat BLX00 - Mattel
			Igorando Pelo Filtro de Nome...
		Nome do Produto: Boneca Monster High Spectra Luzes Apavorantes - Mattel
			Igorando Pelo Filtro de Nome...
		Nome do Produto: Monster High - Monstros, Câmera, Ação - Clawdeen Wolf BDF22/BDF26 Mattel
			Igorando Pelo Filtro de Nome...
		Nome do Produto: Monster High Aula de Arte - Abbey BDF13 - Mattel
			Igorando Pelo Filtro de Nome...
		Nome do Produto: Boneca Monster High Ghoulia - Mattel
			Igorando Pelo Filtro de Nome...
		Nome do Produto: Monster High Foto de Terror Jinafire Long X4603/BGT34 Mattel
			Igorando Pelo Filtro de Nome...
		Nome do Produto: Monster High - Monstros, Câmera, Ação - Acessórios - Tapete Mattel
			Igorando Pelo Filtro de Nome...
		Nome do Produto: Monster High Clawdia Wolf BLX01 - Mattel
			Igorando Pelo Filtro de Nome...
		Nome do Produto: Sala dos Alunos Monster High Acessórios Escola Mattel
			Igorando Pelo Filtro de Nome...
		Nome do Produto: Monster High - Torcida - Venus McFlytrap BDF07/BDF09 Mattel
			Igorando Pelo Filtro de Nome...
		Nome do Produto: Monster High Foto de Terror Clawdeen Wolf X4603/BGT32 Mattel
			Igorando Pelo Filtro de Nome...
		Nome do Produto: Monster High Torcida Frankie Stein
			Igorando Pelo Filtro de Nome...
		Nome do Produto: Monster High - Torcida - Spectra Vondergeist BDF07/BDF10 Mattel
			Igorando Pelo Filtro de Nome...
	Tempo Para buscar: 1182
Loja: Big Boy Games
	URL Principal: http://www.bigboygames.com.br/
	URL Busca: http://www.bigboygames.com.br/pesquisa/?p=<BUSCA>
http://www.bigboygames.com.br/pesquisa/?p=Monster+Hunter+4+3ds
		Documento Lido
		Resultados: 2
		Nome do Produto: Monster Hunter 3 Ultimate - 3DS
			Igorando Pelo Filtro de Nome...
		Nome do Produto: 3DS - Monster Hunter 4 Ultimate [Pré Venda para 20/03/2015]
http://www.bigboygames.com.br/3ds-monster-hunter-4-ultimate-pre-venda-para-20-03-2015-p6907/
		Acessando URL do produto.
	Tempo Para buscar: 645
Loja: Casas Bahia
	URL Principal: http://www.casasbahia.com.br/
	URL Busca: http://buscas.casasbahia.com.br/search?w=<BUSCA>
http://buscas.casasbahia.com.br/search?w=Monster+Hunter+4+3ds
		Documento Lido
		Resultados: 1
		Nome do Produto: Livro - Herdeiro da Escuridão: Um Suspense de Tirar o Fôlego e Deliciosamente Inesperado
			Igorando Pelo Filtro de Nome...
		Nome do Produto: Jogo Spy Hunter - 3DS
			Igorando Pelo Filtro de Nome...
		Nome do Produto: Livro - Edição Luxo Jennifer Echols: Longe Demais, Como Fui Esquecer Você e Love Story - Jennifer Echols
			Igorando Pelo Filtro de Nome...
		Nome do Produto: Jogo The Croods: Prehistoric Party! - 3DS
			Igorando Pelo Filtro de Nome...
		Nome do Produto: Miçangas Spirits - Monster High - Fun
			Igorando Pelo Filtro de Nome...
		Nome do Produto: Miçangas Morcego - Monster High - Fun
			Igorando Pelo Filtro de Nome...
		Nome do Produto: Miçangas Black Skull - Monster High - Fun
			Igorando Pelo Filtro de Nome...
		Nome do Produto: Livro - Autodesk 3ds Max 2012: Essencial
			Igorando Pelo Filtro de Nome...
		Nome do Produto: Livro - Cidade do Prazer
			Igorando Pelo Filtro de Nome...
		Nome do Produto: Boneca Monster High Mattel Monstro Interior - Briguenta Amorosa
			Igorando Pelo Filtro de Nome...
		Nome do Produto: Monster High - Aplicador de Miçangas - Intek
			Igorando Pelo Filtro de Nome...
		Nome do Produto: Livro - As Entrevistas da Paris Review - Volume 2
			Igorando Pelo Filtro de Nome...
		Nome do Produto: Livro - Monster High - Monstramigas: Só Querem se Divertir - Renata Tufano
			Igorando Pelo Filtro de Nome...
		Nome do Produto: Livro - Monster High - Atividades Fantásmicas: Atividades Terríveis e Testes de Matar - Parragon Books
			Igorando Pelo Filtro de Nome...
		Nome do Produto: Boneca de Pelúcia Monster High BBR Toys Abbey Bominable - 28 cm
			Igorando Pelo Filtro de Nome...
		Nome do Produto: Mascote de Pelúcia BBR Toys Pet Hissette Monster High – Verde
			Igorando Pelo Filtro de Nome...
		Nome do Produto: Livro - 3DS Max 4: Efeitos Mágicos - Com CD-Rom - Sean Bonney
			Igorando Pelo Filtro de Nome...
		Nome do Produto: Chicote Principal (Fiação) Completa Sundown Hunter125 - Magnetron
			Igorando Pelo Filtro de Nome...
		Nome do Produto: Livro - Curso Completo - 3ds Max
			Igorando Pelo Filtro de Nome...
		Nome do Produto: Livro - Curso Completo - 3ds Max - João Barata e João Santos
			Igorando Pelo Filtro de Nome...
	Tempo Para buscar: 2399
Loja: Extra
	URL Principal: http://www.extra.com.br/
	URL Busca: http://buscando.extra.com.br/search?w=<BUSCA>
http://buscando.extra.com.br/search?w=Monster+Hunter+4+3ds
		Documento Lido
		Resultados: 12
		Nome do Produto: Livro - Herdeiro da Escuridão: Um Suspense de Tirar o Fôlego e Deliciosamente Inesperado
			Igorando Pelo Filtro de Nome...
		Nome do Produto: Jogo Spy Hunter - 3DS
			Igorando Pelo Filtro de Nome...
		Nome do Produto: Monster High Conjunto Crie seu Monstro Lobisomen Mattel
			Igorando Pelo Filtro de Nome...
		Nome do Produto: Bolsa Personalizada com Canetinha Monster High Fun Divirta-se
			Igorando Pelo Filtro de Nome...
		Nome do Produto: Livro - Edição Luxo Jennifer Echols: Longe Demais, Como Fui Esquecer Você e Love Story - Jennifer Echols
			Igorando Pelo Filtro de Nome...
		Nome do Produto: Relógio Analógico Monster High Fun Divirta-se
			Igorando Pelo Filtro de Nome...
		Nome do Produto: Barco Fish Hunter 4P - Sevylor
			Igorando Pelo Filtro de Nome...
		Nome do Produto: Caixa Acustica Injetada Ativa USB FM Hunter 2000A 200W RMS Hayonik
			Igorando Pelo Filtro de Nome...
		Nome do Produto: Caixa Acustica Injetada Passiva Hunter 2000P 200WRMS Hayonik
			Igorando Pelo Filtro de Nome...
		Nome do Produto: Cidade do Prazer
			Igorando Pelo Filtro de Nome...
		Nome do Produto: Laptop Infantil Monster High c/ 30 Atividades - Candide
			Igorando Pelo Filtro de Nome...
		Nome do Produto: Jogo Super Monkey Ball 3D - 3DS
			Igorando Pelo Filtro de Nome...
	Tempo Para buscar: 2346
Loja: Fast Games
	URL Principal: http://www.fastgames.com.br/
	URL Busca: http://www.fastgames.com.br/loja/busca.php?loja=187970&palavra_busca=<BUSCA>
http://www.fastgames.com.br/loja/busca.php?loja=187970&palavra_busca=Monster+Hunter+4+3ds
		Documento Lido
		Resultados: 2
		Nome do Produto: Monster Hunter 3 Ultimate - 3DS
			Igorando Pelo Filtro de Nome...
		Nome do Produto: Monster Hunter 3 Ultimate - Wii U
			Igorando Pelo Filtro de Nome...
	Tempo Para buscar: 1226
Loja: Fast Shop
	URL Principal: http://www.fastshop.com.br/loja/
	URL Busca: http://www.fastshop.com.br/webapp/wcs/stores/servlet/SearchDisplay?searchTerm=<BUSCA>&categoryId=&storeId=10151&catalogId=11052&langId=-6&pageSize=9&beginIndex=0&sType=SimpleSearch&resultCatEntryType=2&showResultsPage=true&searchSource=Q&pageView=&hotsite=fastshop
http://www.fastshop.com.br/webapp/wcs/stores/servlet/SearchDisplay?searchTerm=Monster+Hunter+4+3ds&categoryId=&storeId=10151&catalogId=11052&langId=-6&pageSize=9&beginIndex=0&sType=SimpleSearch&resultCatEntryType=2&showResultsPage=true&searchSource=Q&pageView=&hotsite=fastshop
		Documento Lido
		Resultados: 0
	Tempo Para buscar: 534
Loja: FNAC
	URL Principal: http://www.fnac.com.br/index.html
	URL Busca: http://busca.fnac.com.br/?busca=<BUSCA>
http://busca.fnac.com.br/?busca=Monster+Hunter+4+3ds
		Documento Lido
		Resultados: 20
		Nome do Produto: Smart TV LED 3D Samsung Un85s9 Agxzd 85'' Uhd 240 Hz 4-hdmi 4-óculos
			Igorando Pelo Filtro de Nome...
		Nome do Produto: Macbook Pro Apple Mgxa2bz/a 16gb 256gb 15,4"
			Igorando Pelo Filtro de Nome...
		Nome do Produto: Smart TV LED 3D Lg 55ea9800 Curved 55" Full HD 240hz 4-hdmi 4-óculos
			Igorando Pelo Filtro de Nome...
		Nome do Produto: Smart TV LED 3D Lg 65ub9500 65" Uhd 120 Hz 4-hdmi Webos Wi-fi Integrado
			Igorando Pelo Filtro de Nome...
		Nome do Produto: Smart TV Oled 3D Lg 55ea9850 55" Curve 120 Hz 4-hdmi 4-óculos
			Igorando Pelo Filtro de Nome...
		Nome do Produto: Smart TV LED 3D Sony Xbr-65x905a 65" Ultra HD 4k 960 Hz 4-hdmi Wi-fi Integrado 4-óculos
			Igorando Pelo Filtro de Nome...
		Nome do Produto: Smart TV LED 3D Sony Kdl-65w955b 65" Full HD 480 Hz 4-hdmi Wi-fi Integrado 2-óculos
			Igorando Pelo Filtro de Nome...
		Nome do Produto: Smart TV LED 3D Sony Kdl-70w855b 70" Full HD 480 Hz 4-hdmi 2-óculos
			Igorando Pelo Filtro de Nome...
		Nome do Produto: Smart TV LED 3D Samsung Un55hu8500gxzd 55" Ultra HD 4k 1200 Hz 4-hdmi Wi-fi Integrado 2-óculos
			Igorando Pelo Filtro de Nome...
		Nome do Produto: Smart TV LED 3D Samsung Un55h8000agxzd 55" Full HD 1200hz 4-hdmi Wi-fi Integrado 2-óculos
			Igorando Pelo Filtro de Nome...
		Nome do Produto: Câmera Reflex Nikon D7100 24.1 Mp Cmos 3.2" Filma em Fullhd @ 30qps Com Lente 18-105mm F/3.5-5.6 Ed Af-s Dx
			Igorando Pelo Filtro de Nome...
		Nome do Produto: Smart TV LED Samsung Un60h6103agxzd 60" Fulll HD 240 Hz 2-hdmi
			Igorando Pelo Filtro de Nome...
		Nome do Produto: Apple Iphone 6 Plus 128gb, A8-1.4ghz, Tela Retina HD 5.5", Ios 8.0, Câmera 8mp, Cinza Espacial
			Igorando Pelo Filtro de Nome...
		Nome do Produto: Apple Iphone 6 Plus 128gb, A8-1.4ghz, Tela Retina HD 5.5", Ios 8.0, Câmera 8mp, Prata
			Igorando Pelo Filtro de Nome...
		Nome do Produto: Apple Iphone 6 Plus 128gb, A8-1.4ghz, Tela Retina HD 5.5", Ios 8.0, Câmera 8mp, Dourado
			Igorando Pelo Filtro de Nome...
		Nome do Produto: Smart TV LED 3D Lg 60la7400 60" Full HD 960hz 3-hdmi
			Igorando Pelo Filtro de Nome...
		Nome do Produto: Smart TV LED Sony Kdl-60w605b 60" Full HD 480hz 4-hdmi Wi-fi Integrado
			Igorando Pelo Filtro de Nome...
		Nome do Produto: Apple Iphone 6 Plus 64gb, A8-1.4ghz, Tela Retina HD 5.5", Ios 8.0, Câmera 8mp, Cinza Espacial
			Igorando Pelo Filtro de Nome...
		Nome do Produto: Apple Iphone 6 Plus 64gb, A8-1.4ghz, Tela Retina HD 5.5", Ios 8.0, Câmera 8mp, Prata
			Igorando Pelo Filtro de Nome...
		Nome do Produto: Apple Iphone 6 Plus 64gb, A8-1.4ghz, Tela Retina HD 5.5", Ios 8.0, Câmera 8mp, Dourado
			Igorando Pelo Filtro de Nome...
	Tempo Para buscar: 1138
Loja: Kabum
	URL Principal: http://www.kabum.com.br/
	URL Busca: http://www.kabum.com.br/cgi-local/site/listagem/listagem.cgi?string=<BUSCA>&btnG=
http://www.kabum.com.br/cgi-local/site/listagem/listagem.cgi?string=Monster+Hunter+4+3ds&btnG=
		Documento Lido
		Resultados: 0
	Tempo Para buscar: 317
Loja: Livraria Cultura
	URL Principal: http://www.livrariacultura.com.br/
	URL Busca: http://www.livrariacultura.com.br/busca?N=0&Ntt=<BUSCA>
http://www.livrariacultura.com.br/busca?N=0&Ntt=Monster+Hunter+4+3ds
		Documento Lido
		Resultados: 1
		Nome do Produto: MONSTER HUNTER 3 ULTIMATE (3DS)
			Igorando Pelo Filtro de Nome...
	Tempo Para buscar: 234
Loja: Magazine Luiza
	URL Principal: http://www.magazineluiza.com.br/
	URL Busca: http://www.magazineluiza.com.br/busca/<BUSCA>/
http://www.magazineluiza.com.br/busca/Monster+Hunter+4+3ds/
		Documento Lido
		Resultados: 60
		Nome do Produto: Luigis Mansion: Dark Moon p/ Nintendo 3DS - Nintendo
			Igorando Pelo Filtro de Nome...
		Nome do Produto: Battlefield 4 para PS4 - EA
			Igorando Pelo Filtro de Nome...
		Nome do Produto: Fifa 14 para PS4 - EA
			Igorando Pelo Filtro de Nome...
		Nome do Produto: The Last of Us - Remasterizado para PS4 - Naughty Dog
			Igorando Pelo Filtro de Nome...
		Nome do Produto: Lego Marvel Super Heroes para PS4 - Warner
			Igorando Pelo Filtro de Nome...
		Nome do Produto: Pokémon Alpha Sapphire para Nintendo 3DS - Nintendo
			Igorando Pelo Filtro de Nome...
		Nome do Produto: Pokémon Omega Ruby para Nintendo 3DS - Nintendo
			Igorando Pelo Filtro de Nome...
		Nome do Produto: Yoshis New Island para Nintendo 3DS - Nintendo
			Igorando Pelo Filtro de Nome...
		Nome do Produto: Pokémon Art Academy para Nintendo 3DS - Nintendo
			Igorando Pelo Filtro de Nome...
		Nome do Produto: Mario & Luigi: Dream Team para Nintendo 3DS - Nintendo
			Igorando Pelo Filtro de Nome...
		Nome do Produto: Lego The Lord of the Rings para Nintendo DS - Warner
			Igorando Pelo Filtro de Nome...
		Nome do Produto: Case para Nintendo 3DS XL em Metal - Bigben 3DSXLCASEMETALA
			Igorando Pelo Filtro de Nome...
		Nome do Produto: Young Justice Legacy p/ Nintendo 3DS - Little Orbit
			Igorando Pelo Filtro de Nome...
		Nome do Produto: Disney Magical World p/ Nintendo 3DS - Nintendo
			Igorando Pelo Filtro de Nome...
		Nome do Produto: Mario Golf": World Tour p/ Nintendo 3DS - Nintendo
			Igorando Pelo Filtro de Nome...
		Nome do Produto: Metal Case para Nintendo 3DS XL - Bigben
			Igorando Pelo Filtro de Nome...
		Nome do Produto: Películas Protetoras de Tela para Nintendo 3DS - bigben
			Igorando Pelo Filtro de Nome...
		Nome do Produto: Pokemon X para Nintendo 3DS - Nintendo
			Igorando Pelo Filtro de Nome...
		Nome do Produto: Mario Party Island Tour para Nintendo 3DS - Nintendo
			Igorando Pelo Filtro de Nome...
		Nome do Produto: Pacote Pure para Nintendo 3DS XL - bigben
			Igorando Pelo Filtro de Nome...
		Nome do Produto: The Amazing Spiderman 2 para Nintendo 3DS - Activision
			Igorando Pelo Filtro de Nome...
		Nome do Produto: Nintendogs Cats Toy Poodle p/ Nintendo 3DS - Nintendo
			Igorando Pelo Filtro de Nome...
		Nome do Produto: Pacote de Acessórios para Nintendo 3DS - bigben - 3DSPACK6BLACK
			Igorando Pelo Filtro de Nome...
		Nome do Produto: Estojo com Bateria Recarregável para Nintendo 3DS - Acompanha Caneta Stylus - Bigben 3DSFLIPNCHABLA
			Igorando Pelo Filtro de Nome...
		Nome do Produto: Case para Nintendo 3DS XL em Metal - Bigben 3DSXLCASEMETALC
			Igorando Pelo Filtro de Nome...
		Nome do Produto: Estojo Protetor para Console Nintendo 3DS BigBen - com Caneta Flip - 3DSFLIPBLACK
			Igorando Pelo Filtro de Nome...
		Nome do Produto: Fire Emblem Awekening para Nintendo 3DS - Nintendo
			Igorando Pelo Filtro de Nome...
		Nome do Produto: Pacote Pure para Nintendo 3DS XL - bigben
			Igorando Pelo Filtro de Nome...
		Nome do Produto: Estojo Oficial para Nintendo 3DS/DS Lite/DSi - Acompanha Caneta Stylus - Bigben NDS 805M
			Igorando Pelo Filtro de Nome...
		Nome do Produto: Pacote Pure para Nintendo 3DS XL - bigben
			Igorando Pelo Filtro de Nome...
		Nome do Produto: Canetas para Nintendo 3DS XL 8 Peças - bigben
			Igorando Pelo Filtro de Nome...
		Nome do Produto: The Legend of Zelda: A Link Between Worlds - para Nintendo 3DS - Nintendo
			Igorando Pelo Filtro de Nome...
		Nome do Produto: Transformers: Rise of the Dark Spark - para Nintendo 3DS - Activision
			Igorando Pelo Filtro de Nome...
		Nome do Produto: Lego Marvel Super Heroes para Nintendo DS - Warner
			Igorando Pelo Filtro de Nome...
		Nome do Produto: Ben 10 Galactic Racing para Nintendo DS - D3 Publisher
			Igorando Pelo Filtro de Nome...
		Nome do Produto: Zoobles p/ Nintendo DS - Activision
			Igorando Pelo Filtro de Nome...
		Nome do Produto: Ninjatown Nintendo DS - SouthPeak
			Igorando Pelo Filtro de Nome...
		Nome do Produto: Nickelodeon Bubble Guppies para Nintendo DS - 2K Play
			Igorando Pelo Filtro de Nome...
		Nome do Produto: Phineas and Ferb: Quest for Cool Stuff - p/ Nintendo 3DS - Majesco Entertainment
			Igorando Pelo Filtro de Nome...
		Nome do Produto: PES 2013 - Pro Evolution Soccer 3D - para Nintendo 3DS - Konami
			Igorando Pelo Filtro de Nome...
		Nome do Produto: Band Hero Super Bundle para Nintendo DS - Activision
			Igorando Pelo Filtro de Nome...
		Nome do Produto: Little Big Planet 3 para PS4 - Sumo Digital
			Igorando Pelo Filtro de Nome...
		Nome do Produto: Warriors Orochi 3 Ultimate para PS4 - Koei
			Igorando Pelo Filtro de Nome...
		Nome do Produto: Metro Redux para PS4 - Deep Silver
			Igorando Pelo Filtro de Nome...
		Nome do Produto: Thief para PS4 - Square Enix
			Igorando Pelo Filtro de Nome...
		Nome do Produto: Knack para PS4 - Sony
			Igorando Pelo Filtro de Nome...
		Nome do Produto: The Wolf Among Us p/ PS4 - Telltale Games
			Igorando Pelo Filtro de Nome...
		Nome do Produto: Rayman Legends para PS4 - Ubisoft
			Igorando Pelo Filtro de Nome...
		Nome do Produto: Angry Birds Star Wars p/ PS4 - Activision
			Igorando Pelo Filtro de Nome...
		Nome do Produto: Shadow Warrior para PS4 - Majesco Entertainment
			Igorando Pelo Filtro de Nome...
		Nome do Produto: Far Cry 4 Kyrat Edition para PS4 - Ubisoft
			Igorando Pelo Filtro de Nome...
		Nome do Produto: Far Cry 4 Signature Edition para PS4 - Ubisoft
			Igorando Pelo Filtro de Nome...
		Nome do Produto: Injustice: Gods Among Us - Ultimate Edition p/ PS4 - Warner
			Igorando Pelo Filtro de Nome...
		Nome do Produto: The Evil Within para PS4 - Bethesda
			Igorando Pelo Filtro de Nome...
		Nome do Produto: Metal Gear Solid 5: Ground Zeroes para PS4 - Konami
			Igorando Pelo Filtro de Nome...
		Nome do Produto: Final Fantasy XIV Online: A Realm Reborn p/ PS4 - Square Enix
			Igorando Pelo Filtro de Nome...
		Nome do Produto: Wolfenstein: The New Order para PS4 - Bethesda
			Igorando Pelo Filtro de Nome...
		Nome do Produto: The Lego Movie Videogame p/ PS4 - Warner
			Igorando Pelo Filtro de Nome...
		Nome do Produto: Lego - O Hobbit para PS4 - Warner
			Igorando Pelo Filtro de Nome...
		Nome do Produto: Alien: Isolation - Nostromo Edition para PS4 - Sega
			Igorando Pelo Filtro de Nome...
	Tempo Para buscar: 690
Loja: Mula Games
	URL Principal: http://www.mulagames.com.br/
	URL Busca: http://www.mulagames.com.br/produtos-index/catalogo_produtos/-/-/<BUSCA>/-/-/-/-/-/
http://www.mulagames.com.br/produtos-index/catalogo_produtos/-/-/Monster%20Hunter%204%203ds/-/-/-/-/-/
		Documento Lido
		Resultados: 1
		Nome do Produto: Monster Hunter 4 Ultimate (PRÉ-VENDA) - 3DS
http://www.mulagames.com.br/Monster-Hunter-4-Ultimate--PRE-VENDA--3DS/prod-2690779/
		Acessando URL do produto.
http://www.mulagames.com.br/produto-ajax_retorna_dados_preco_comprar/2690779
		Acessando URL do preço produto.
	Tempo Para buscar: 2661
Loja: Net Shoes
	URL Principal: http://www.netshoes.com.br/
	URL Busca: http://www.netshoes.com.br/search?Ntt=<BUSCA>
http://www.netshoes.com.br/search?Ntt=Monster+Hunter+4+3ds
		Documento Lido
		Resultados: 60
		Nome do Produto: Tênis Nike Air Relentless 4 MSL
			Igorando Pelo Filtro de Nome...
		Nome do Produto: Tênis Nike Air Relentless 4 MSL
			Igorando Pelo Filtro de Nome...
		Nome do Produto: Tênis Nike Air Relentless 4 MSL
			Igorando Pelo Filtro de Nome...
		Nome do Produto: Chuteira Adidas Nitrocharge 4.0 TF Society
			Igorando Pelo Filtro de Nome...
		Nome do Produto: Tênis Adidas 4.3 K Infantil
			Igorando Pelo Filtro de Nome...
		Nome do Produto: Monster Extreme Black 44 Packs - Probiótica
			Igorando Pelo Filtro de Nome...
		Nome do Produto: Calça 3/4 Adidas ESS Fun
			Igorando Pelo Filtro de Nome...
		Nome do Produto: Tênis Nike In-Season TR 4
			Igorando Pelo Filtro de Nome...
		Nome do Produto: Tênis Nike Air Relentless 4 MSL
			Igorando Pelo Filtro de Nome...
		Nome do Produto: Massa Nitro NO2 Millennium 1,4 kg - Probiótica
			Igorando Pelo Filtro de Nome...
		Nome do Produto: Tênis Nike Air Relentless 4 MSL
			Igorando Pelo Filtro de Nome...
		Nome do Produto: Chuteira Adidas Nitrocharge 4.0 FG Campo
			Igorando Pelo Filtro de Nome...
		Nome do Produto: Tênis Nike Air Relentless 4 MSL
			Igorando Pelo Filtro de Nome...
		Nome do Produto: Tênis Nike In-Season TR 4
			Igorando Pelo Filtro de Nome...
		Nome do Produto: Tênis Nike Air Relentless 4 MSL
			Igorando Pelo Filtro de Nome...
		Nome do Produto: Caneleira Shura 4 Kg
			Igorando Pelo Filtro de Nome...
		Nome do Produto: Massa Nitro NO2 Millennium 1,4 kg - Probiótica
			Igorando Pelo Filtro de Nome...
		Nome do Produto: Massa Nitro NO2 Millennium 1,4 kg - Probiótica
			Igorando Pelo Filtro de Nome...
		Nome do Produto: Bola Adidas Starlancer 4 Campo
			Igorando Pelo Filtro de Nome...
		Nome do Produto: Sandália Nike Sunray Adjust 4 Juvenil
			Igorando Pelo Filtro de Nome...
		Nome do Produto: Camisa Nike Classic 4
			Igorando Pelo Filtro de Nome...
		Nome do Produto: Boné New Era 5950 Size 7 1/4
			Igorando Pelo Filtro de Nome...
		Nome do Produto: Tênis Nike Air Relentless 4 MSL
			Igorando Pelo Filtro de Nome...
		Nome do Produto: Tênis Nike Air Relentless 4 MSL
			Igorando Pelo Filtro de Nome...
		Nome do Produto: Blender Bottle GoStak - 4 Packs
			Igorando Pelo Filtro de Nome...
		Nome do Produto: Carnivor Proteína Hidrolisada da Carne 4 Lbs - MuscleMeds
			Igorando Pelo Filtro de Nome...
		Nome do Produto: Sensor de Velocidade e Cadência ALL4ONE Smart Bluetooth 4.0 - Connect Bike
			Igorando Pelo Filtro de Nome...
		Nome do Produto: Monster Nitro NO2 44 Packs - Probiótica
			Igorando Pelo Filtro de Nome...
		Nome do Produto: Calça 3/4 Asics Training
			Igorando Pelo Filtro de Nome...
		Nome do Produto: Tênis Nike Air Courtballistec 4.1
			Igorando Pelo Filtro de Nome...
		Nome do Produto: Tênis Nike Lunar Forever 4
			Igorando Pelo Filtro de Nome...
		Nome do Produto: Waxy Maize 1,4 kg - Probiótica
			Igorando Pelo Filtro de Nome...
		Nome do Produto: Tênis Nike Free TR Fit 4
			Igorando Pelo Filtro de Nome...
		Nome do Produto: Calça 3/4 Asics Ayami
			Igorando Pelo Filtro de Nome...
		Nome do Produto: Carnivor Proteína Hidrolisada da Carne 4 Lbs - MuscleMeds
			Igorando Pelo Filtro de Nome...
		Nome do Produto: Tênis Nike Lunar Forever 4
			Igorando Pelo Filtro de Nome...
		Nome do Produto: Massa Monster Black 3 kg - Probiótica
			Igorando Pelo Filtro de Nome...
		Nome do Produto: Massa Monster Black 1,5 kg - Probiótica
			Igorando Pelo Filtro de Nome...
		Nome do Produto: Whey Cor-Performance 4 Lbs - Cellucor
			Igorando Pelo Filtro de Nome...
		Nome do Produto: Whey Cor-Performance 4 Lbs - Cellucor
			Igorando Pelo Filtro de Nome...
		Nome do Produto: Tênis Mizuno Wave Enigma 4
			Igorando Pelo Filtro de Nome...
		Nome do Produto: Massa Monster Black 3 kg - Probiótica
			Igorando Pelo Filtro de Nome...
		Nome do Produto: Waxy Maize 1,4 kg - Probiótica
			Igorando Pelo Filtro de Nome...
		Nome do Produto: Anilha Polimet Emborrachada 4 kg
			Igorando Pelo Filtro de Nome...
		Nome do Produto: Blender Bottle GoStak - 4 Packs
			Igorando Pelo Filtro de Nome...
		Nome do Produto: Sandália Nike Sunray Adjust 4 GGP Infantil
			Igorando Pelo Filtro de Nome...
		Nome do Produto: Calça 3/4 Adidas ESS Fun
			Igorando Pelo Filtro de Nome...
		Nome do Produto: Barraca Mormaii Trip - 4 Pessoas
			Igorando Pelo Filtro de Nome...
		Nome do Produto: Massa Monster Black 1,5 kg - Probiótica
			Igorando Pelo Filtro de Nome...
		Nome do Produto: Massa Monster Black 1,5 kg - Probiótica
			Igorando Pelo Filtro de Nome...
		Nome do Produto: Chuteira Penalty Victoria Pro 4 Society
			Igorando Pelo Filtro de Nome...
		Nome do Produto: Blender Bottle GoStak - 4 Packs
			Igorando Pelo Filtro de Nome...
		Nome do Produto: Waxy Maize 1,4 kg - Probiótica
			Igorando Pelo Filtro de Nome...
		Nome do Produto: Whey+ 2 kg - 4+ Nutrition
			Igorando Pelo Filtro de Nome...
		Nome do Produto: Blender Bottle GoStak - 4 Packs
			Igorando Pelo Filtro de Nome...
		Nome do Produto: Calça 3/4 Nike Tight 3
			Igorando Pelo Filtro de Nome...
		Nome do Produto: Calça 3/4 Nike Tight 3
			Igorando Pelo Filtro de Nome...
		Nome do Produto: Sandália Nike Sunray Adjust 4 Infantil
			Igorando Pelo Filtro de Nome...
		Nome do Produto: Tênis Oakley Teeth 4
			Igorando Pelo Filtro de Nome...
		Nome do Produto: Calça 3/4 Nike Tight Poly 2.0
			Igorando Pelo Filtro de Nome...
	Tempo Para buscar: 473
Loja: Ponto Frio
	URL Principal: http://www.pontofrio.com.br/
	URL Busca: http://search.pontofrio.com.br/search?w=<BUSCA>
http://search.pontofrio.com.br/search?w=Monster+Hunter+4+3ds
		Documento Lido
		Resultados: 1
		Nome do Produto: Livro - Herdeiro da Escuridão: Um Suspense de Tirar o Fôlego e Deliciosamente Inesperado
			Igorando Pelo Filtro de Nome...
		Nome do Produto: Jogo Spy Hunter - 3DS
			Igorando Pelo Filtro de Nome...
		Nome do Produto: Livro - Edição Luxo Jennifer Echols: Longe Demais, Como Fui Esquecer Você e Love Story - Jennifer Echols
			Igorando Pelo Filtro de Nome...
		Nome do Produto: Jogo The Croods: Prehistoric Party! - 3DS
			Igorando Pelo Filtro de Nome...
		Nome do Produto: Miçangas Spirits - Monster High - Fun
			Igorando Pelo Filtro de Nome...
		Nome do Produto: Miçangas Morcego - Monster High - Fun
			Igorando Pelo Filtro de Nome...
		Nome do Produto: Miçangas Black Skull - Monster High - Fun
			Igorando Pelo Filtro de Nome...
		Nome do Produto: Livro - Autodesk 3ds Max 2012: Essencial
			Igorando Pelo Filtro de Nome...
		Nome do Produto: Livro - Cidade do Prazer
			Igorando Pelo Filtro de Nome...
		Nome do Produto: Livro - Hunter x Hunter - Volume 5 - Yoshihiro Togashi
			Igorando Pelo Filtro de Nome...
		Nome do Produto: Mascote de Pelúcia BBR Toys Pet Hissette Monster High – Verde
			Igorando Pelo Filtro de Nome...
		Nome do Produto: Boneca Monster High Mattel Monstro Interior - Briguenta Amorosa
			Igorando Pelo Filtro de Nome...
		Nome do Produto: Monster High - Aplicador de Miçangas - Intek
			Igorando Pelo Filtro de Nome...
		Nome do Produto: Livro - As Entrevistas da Paris Review - Volume 2
			Igorando Pelo Filtro de Nome...
		Nome do Produto: Livro - Monstramigas Até o Fim - Gitty Daneshvari
			Igorando Pelo Filtro de Nome...
		Nome do Produto: Livro - Monster High - Monstramigas: Só Querem se Divertir - Renata Tufano
			Igorando Pelo Filtro de Nome...
		Nome do Produto: Livro - Monster High - Atividades Fantásmicas: Atividades Terríveis e Testes de Matar - Parragon Books
			Igorando Pelo Filtro de Nome...
		Nome do Produto: Boneca de Pelúcia Monster High BBR Toys Abbey Bominable - 28 cm
			Igorando Pelo Filtro de Nome...
		Nome do Produto: Livro - 3DS Max 4: Efeitos Mágicos - Com CD-Rom - Sean Bonney
			Igorando Pelo Filtro de Nome...
		Nome do Produto: Chicote Principal (Fiação) Completa Sundown Hunter125 - Magnetron
			Igorando Pelo Filtro de Nome...
		Nome do Produto: Livro - Herdeiro da Escuridão: Um Suspense de Tirar o Fôlego e Deliciosamente Inesperado
			Igorando Pelo Filtro de Nome...
		Nome do Produto: Jogo Spy Hunter - 3DS
			Igorando Pelo Filtro de Nome...
		Nome do Produto: Livro - Edição Luxo Jennifer Echols: Longe Demais, Como Fui Esquecer Você e Love Story - Jennifer Echols
			Igorando Pelo Filtro de Nome...
		Nome do Produto: Jogo The Croods: Prehistoric Party! - 3DS
			Igorando Pelo Filtro de Nome...
		Nome do Produto: Miçangas Spirits - Monster High - Fun
			Igorando Pelo Filtro de Nome...
		Nome do Produto: Miçangas Morcego - Monster High - Fun
			Igorando Pelo Filtro de Nome...
		Nome do Produto: Miçangas Black Skull - Monster High - Fun
			Igorando Pelo Filtro de Nome...
		Nome do Produto: Livro - Autodesk 3ds Max 2012: Essencial
			Igorando Pelo Filtro de Nome...
		Nome do Produto: Livro - Cidade do Prazer
			Igorando Pelo Filtro de Nome...
		Nome do Produto: Livro - Hunter x Hunter - Volume 5 - Yoshihiro Togashi
			Igorando Pelo Filtro de Nome...
		Nome do Produto: Mascote de Pelúcia BBR Toys Pet Hissette Monster High – Verde
			Igorando Pelo Filtro de Nome...
		Nome do Produto: Boneca Monster High Mattel Monstro Interior - Briguenta Amorosa
			Igorando Pelo Filtro de Nome...
		Nome do Produto: Monster High - Aplicador de Miçangas - Intek
			Igorando Pelo Filtro de Nome...
		Nome do Produto: Livro - As Entrevistas da Paris Review - Volume 2
			Igorando Pelo Filtro de Nome...
		Nome do Produto: Livro - Monstramigas Até o Fim - Gitty Daneshvari
			Igorando Pelo Filtro de Nome...
		Nome do Produto: Livro - Monster High - Monstramigas: Só Querem se Divertir - Renata Tufano
			Igorando Pelo Filtro de Nome...
		Nome do Produto: Livro - Monster High - Atividades Fantásmicas: Atividades Terríveis e Testes de Matar - Parragon Books
			Igorando Pelo Filtro de Nome...
		Nome do Produto: Boneca de Pelúcia Monster High BBR Toys Abbey Bominable - 28 cm
			Igorando Pelo Filtro de Nome...
		Nome do Produto: Livro - 3DS Max 4: Efeitos Mágicos - Com CD-Rom - Sean Bonney
			Igorando Pelo Filtro de Nome...
		Nome do Produto: Chicote Principal (Fiação) Completa Sundown Hunter125 - Magnetron
			Igorando Pelo Filtro de Nome...
	Tempo Para buscar: 1950
Loja: Ricardo Eletro
	URL Principal: http://www.ricardoeletro.com.br/
	URL Busca: http://www.ricardoeletro.com.br/Busca/Resultado/?q=<BUSCA>
http://www.ricardoeletro.com.br/Busca/Resultado/?q=Monster+Hunter+4+3ds
		Documento Lido
		Resultados: 13
		Nome do Produto: 6005 - LEGO City Monster Truck
			Igorando Pelo Filtro de Nome...
		Nome do Produto: Massa monster black - 3kg - probiótica
			Igorando Pelo Filtro de Nome...
		Nome do Produto: Monster High - Mattel - Draculaura
			Igorando Pelo Filtro de Nome...
		Nome do Produto: Massa monster black - 3kg - probiótica
			Igorando Pelo Filtro de Nome...
		Nome do Produto: Monster High Clawdeen Wolf - Mattel
			Igorando Pelo Filtro de Nome...
		Nome do Produto: Boneca Monster High - Monster Fusion - Ghoulia Yelps - Mattel
			Igorando Pelo Filtro de Nome...
		Nome do Produto: Boneca Monster High - Monster Fusion - Frankie Stein - Mattel
			Igorando Pelo Filtro de Nome...
		Nome do Produto: Boneca Monster High - Monster Fusion - Operetta - Mattel
			Igorando Pelo Filtro de Nome...
		Nome do Produto: Fantasia Monster High Draculaura - Sulamericana
			Igorando Pelo Filtro de Nome...
		Nome do Produto: Fantasia Monster High Draculaura - Sulamericana
			Igorando Pelo Filtro de Nome...
		Nome do Produto: Fantasia Monster High Lagoona - Sulamericana
			Igorando Pelo Filtro de Nome...
		Nome do Produto: Fantasia Monster High Rochelle - Sulamericana
			Igorando Pelo Filtro de Nome...
		Nome do Produto: Pelúcia Watzit Monster High - BBR
			Igorando Pelo Filtro de Nome...
	Tempo Para buscar: 931
Loja: RiHappy
	URL Principal: http://www.rihappy.com.br/
	URL Busca: http://www.rihappy.com.br/<BUSCA>
http://www.rihappy.com.br/Monster%20Hunter%204%203ds
		Documento Lido
		Resultados: 0
	Tempo Para buscar: 1171
Loja: Saraiva
	URL Principal: http://www.saraiva.com.br/
	URL Busca: http://busca.saraiva.com.br/search?w=<BUSCA>&PAC_ID=129457&ts=ajax
http://busca.saraiva.com.br/search?w=Monster+Hunter+4+3ds&PAC_ID=129457&ts=ajax
		Documento Lido
		Resultados: 30
		Nome do Produto: Monster Hunter Orage - Vl. 04
			Igorando Pelo Filtro de Nome...
		Nome do Produto: Monster Hunter Illustrations 2
			Igorando Pelo Filtro de Nome...
		Nome do Produto: Monster Hunter Illustrations
			Igorando Pelo Filtro de Nome...
		Nome do Produto: Spy Hunter - 3ds
			Igorando Pelo Filtro de Nome...
		Nome do Produto: Monster Hunter Orage - Vol. 1
			Igorando Pelo Filtro de Nome...
		Nome do Produto: The Monster Hunter In Modern Popular Culture
			Igorando Pelo Filtro de Nome...
		Nome do Produto: Hunter X Hunter 4
			Igorando Pelo Filtro de Nome...
		Nome do Produto: Hunter X Hunter - Vol. 4
			Igorando Pelo Filtro de Nome...
		Nome do Produto: Dragon Hunter 4
			Igorando Pelo Filtro de Nome...
		Nome do Produto: City Hunter 4
			Igorando Pelo Filtro de Nome...
		Nome do Produto: Hunter-Gatherers
			Igorando Pelo Filtro de Nome...
		Nome do Produto: Hunter-Killer
			Igorando Pelo Filtro de Nome...
		Nome do Produto: Hunter
			Igorando Pelo Filtro de Nome...
		Nome do Produto: Monster
			Igorando Pelo Filtro de Nome...
		Nome do Produto: Monster
			Igorando Pelo Filtro de Nome...
		Nome do Produto: Monster
			Igorando Pelo Filtro de Nome...
		Nome do Produto: Monster
			Igorando Pelo Filtro de Nome...
		Nome do Produto: Monster
			Igorando Pelo Filtro de Nome...
		Nome do Produto: Monster
			Igorando Pelo Filtro de Nome...
		Nome do Produto: Monster
			Igorando Pelo Filtro de Nome...
		Nome do Produto: Monster
			Igorando Pelo Filtro de Nome...
		Nome do Produto: Monster
			Igorando Pelo Filtro de Nome...
		Nome do Produto: Monster
			Igorando Pelo Filtro de Nome...
		Nome do Produto: Monster
			Igorando Pelo Filtro de Nome...
		Nome do Produto: Monster
			Igorando Pelo Filtro de Nome...
		Nome do Produto: Monster
			Igorando Pelo Filtro de Nome...
		Nome do Produto: Monster
			Igorando Pelo Filtro de Nome...
		Nome do Produto: Monster
			Igorando Pelo Filtro de Nome...
		Nome do Produto: Monster
			Igorando Pelo Filtro de Nome...
		Nome do Produto: Monster
			Igorando Pelo Filtro de Nome...
	Tempo Para buscar: 3121
Loja: Shop Facil
	URL Principal: http://ww2.shopfacil.com.br/
	URL Busca: http://ww2.shopfacil.com.br/<BUSCA>
http://ww2.shopfacil.com.br/Monster%20Hunter%204%203ds
		Documento Lido
		Resultados: 0
	Tempo Para buscar: 2471
Loja: Shop Time
	URL Principal: http://www.shoptime.com.br/
	URL Busca: http://busca.shoptime.com.br/busca.php?q=<BUSCA>
http://busca.shoptime.com.br/busca.php?q=Monster+Hunter+4+3ds
		Documento Lido
		Resultados: 20
		Nome do Produto: Monster High - Monstros, Câmera, Ação - Acessórios - Tapete Mattel Monster High - Monstros, Câmera, Ação - Viperine BLW98 Mattel Monster High - Sala de Aula - Aula de Artes BDD81/BDD83 Mattel Monster High - Monstros, Câmera, Ação - Acessórios - Vestiário... Monster High Monstros Câmera Ação Acessórios Vestiário Monster High - Sala de Aula - Home Ick BDD81/BDD82 Mattel Monster High - Monstros, Câmera, Ação - Draculaura BDF22/BDF23 Mattel Monster High Toralei Miado de Arrepiar BGW08 Mattel Monster High Foto de Terror Catrine de Mew X4603/BGT33 Mattel Monster High Torcida Frankie Stein Monster High - Clawdeen Wolf & Frankie Stein Monster High Bonecas Clássicas Frankie Stein Clássica Monster High Monstros Câmera Ação Acessórios Tapete Negro Monster High Foto de Terror - Operetta - Mattel Monster High Conjunto Crie seu Monstro - Monstro do Mar Mattel Monster High Conjunto Crie Seu Monstro - Lobisomem Mattel Monster High Aula de Arte - Robecca BDD79 - Mattel Monster High - Deuce Olhar Assustador BDD93 Mattel Monster High - Acessórios Secret Creepers Mattel Monster High - Torcida - Venus McFlytrap BDF07/BDF09 Mattel
			Igorando Pelo Filtro de Nome...
		Nome do Produto: Monster High - Monstros, Câmera, Ação - Acessórios - Tapete Mattel Monster High - Monstros, Câmera, Ação - Viperine BLW98 Mattel Monster High - Sala de Aula - Aula de Artes BDD81/BDD83 Mattel Monster High - Monstros, Câmera, Ação - Acessórios - Vestiário... Monster High Monstros Câmera Ação Acessórios Vestiário Monster High - Sala de Aula - Home Ick BDD81/BDD82 Mattel Monster High - Monstros, Câmera, Ação - Draculaura BDF22/BDF23 Mattel Monster High Toralei Miado de Arrepiar BGW08 Mattel Monster High Foto de Terror Catrine de Mew X4603/BGT33 Mattel Monster High Torcida Frankie Stein Monster High - Clawdeen Wolf & Frankie Stein Monster High Bonecas Clássicas Frankie Stein Clássica Monster High Monstros Câmera Ação Acessórios Tapete Negro Monster High Foto de Terror - Operetta - Mattel Monster High Conjunto Crie seu Monstro - Monstro do Mar Mattel Monster High Conjunto Crie Seu Monstro - Lobisomem Mattel Monster High Aula de Arte - Robecca BDD79 - Mattel Monster High - Deuce Olhar Assustador BDD93 Mattel Monster High - Acessórios Secret Creepers Mattel Monster High - Torcida - Venus McFlytrap BDF07/BDF09 Mattel
			Igorando Pelo Filtro de Nome...
		Nome do Produto: Monster High - Monstros, Câmera, Ação - Acessórios - Tapete Mattel Monster High - Monstros, Câmera, Ação - Viperine BLW98 Mattel Monster High - Sala de Aula - Aula de Artes BDD81/BDD83 Mattel Monster High - Monstros, Câmera, Ação - Acessórios - Vestiário... Monster High Monstros Câmera Ação Acessórios Vestiário Monster High - Sala de Aula - Home Ick BDD81/BDD82 Mattel Monster High - Monstros, Câmera, Ação - Draculaura BDF22/BDF23 Mattel Monster High Toralei Miado de Arrepiar BGW08 Mattel Monster High Foto de Terror Catrine de Mew X4603/BGT33 Mattel Monster High Torcida Frankie Stein Monster High - Clawdeen Wolf & Frankie Stein Monster High Bonecas Clássicas Frankie Stein Clássica Monster High Monstros Câmera Ação Acessórios Tapete Negro Monster High Foto de Terror - Operetta - Mattel Monster High Conjunto Crie seu Monstro - Monstro do Mar Mattel Monster High Conjunto Crie Seu Monstro - Lobisomem Mattel Monster High Aula de Arte - Robecca BDD79 - Mattel Monster High - Deuce Olhar Assustador BDD93 Mattel Monster High - Acessórios Secret Creepers Mattel Monster High - Torcida - Venus McFlytrap BDF07/BDF09 Mattel
			Igorando Pelo Filtro de Nome...
		Nome do Produto: Monster High - Monstros, Câmera, Ação - Acessórios - Tapete Mattel Monster High - Monstros, Câmera, Ação - Viperine BLW98 Mattel Monster High - Sala de Aula - Aula de Artes BDD81/BDD83 Mattel Monster High - Monstros, Câmera, Ação - Acessórios - Vestiário... Monster High Monstros Câmera Ação Acessórios Vestiário Monster High - Sala de Aula - Home Ick BDD81/BDD82 Mattel Monster High - Monstros, Câmera, Ação - Draculaura BDF22/BDF23 Mattel Monster High Toralei Miado de Arrepiar BGW08 Mattel Monster High Foto de Terror Catrine de Mew X4603/BGT33 Mattel Monster High Torcida Frankie Stein Monster High - Clawdeen Wolf & Frankie Stein Monster High Bonecas Clássicas Frankie Stein Clássica Monster High Monstros Câmera Ação Acessórios Tapete Negro Monster High Foto de Terror - Operetta - Mattel Monster High Conjunto Crie seu Monstro - Monstro do Mar Mattel Monster High Conjunto Crie Seu Monstro - Lobisomem Mattel Monster High Aula de Arte - Robecca BDD79 - Mattel Monster High - Deuce Olhar Assustador BDD93 Mattel Monster High - Acessórios Secret Creepers Mattel Monster High - Torcida - Venus McFlytrap BDF07/BDF09 Mattel
			Igorando Pelo Filtro de Nome...
		Nome do Produto: Monster High - Monstros, Câmera, Ação - Acessórios - Tapete Mattel Monster High - Monstros, Câmera, Ação - Viperine BLW98 Mattel Monster High - Sala de Aula - Aula de Artes BDD81/BDD83 Mattel Monster High - Monstros, Câmera, Ação - Acessórios - Vestiário... Monster High Monstros Câmera Ação Acessórios Vestiário Monster High - Sala de Aula - Home Ick BDD81/BDD82 Mattel Monster High - Monstros, Câmera, Ação - Draculaura BDF22/BDF23 Mattel Monster High Toralei Miado de Arrepiar BGW08 Mattel Monster High Foto de Terror Catrine de Mew X4603/BGT33 Mattel Monster High Torcida Frankie Stein Monster High - Clawdeen Wolf & Frankie Stein Monster High Bonecas Clássicas Frankie Stein Clássica Monster High Monstros Câmera Ação Acessórios Tapete Negro Monster High Foto de Terror - Operetta - Mattel Monster High Conjunto Crie seu Monstro - Monstro do Mar Mattel Monster High Conjunto Crie Seu Monstro - Lobisomem Mattel Monster High Aula de Arte - Robecca BDD79 - Mattel Monster High - Deuce Olhar Assustador BDD93 Mattel Monster High - Acessórios Secret Creepers Mattel Monster High - Torcida - Venus McFlytrap BDF07/BDF09 Mattel
			Igorando Pelo Filtro de Nome...
		Nome do Produto: Monster High - Monstros, Câmera, Ação - Acessórios - Tapete Mattel Monster High - Monstros, Câmera, Ação - Viperine BLW98 Mattel Monster High - Sala de Aula - Aula de Artes BDD81/BDD83 Mattel Monster High - Monstros, Câmera, Ação - Acessórios - Vestiário... Monster High Monstros Câmera Ação Acessórios Vestiário Monster High - Sala de Aula - Home Ick BDD81/BDD82 Mattel Monster High - Monstros, Câmera, Ação - Draculaura BDF22/BDF23 Mattel Monster High Toralei Miado de Arrepiar BGW08 Mattel Monster High Foto de Terror Catrine de Mew X4603/BGT33 Mattel Monster High Torcida Frankie Stein Monster High - Clawdeen Wolf & Frankie Stein Monster High Bonecas Clássicas Frankie Stein Clássica Monster High Monstros Câmera Ação Acessórios Tapete Negro Monster High Foto de Terror - Operetta - Mattel Monster High Conjunto Crie seu Monstro - Monstro do Mar Mattel Monster High Conjunto Crie Seu Monstro - Lobisomem Mattel Monster High Aula de Arte - Robecca BDD79 - Mattel Monster High - Deuce Olhar Assustador BDD93 Mattel Monster High - Acessórios Secret Creepers Mattel Monster High - Torcida - Venus McFlytrap BDF07/BDF09 Mattel
			Igorando Pelo Filtro de Nome...
		Nome do Produto: Monster High - Monstros, Câmera, Ação - Acessórios - Tapete Mattel Monster High - Monstros, Câmera, Ação - Viperine BLW98 Mattel Monster High - Sala de Aula - Aula de Artes BDD81/BDD83 Mattel Monster High - Monstros, Câmera, Ação - Acessórios - Vestiário... Monster High Monstros Câmera Ação Acessórios Vestiário Monster High - Sala de Aula - Home Ick BDD81/BDD82 Mattel Monster High - Monstros, Câmera, Ação - Draculaura BDF22/BDF23 Mattel Monster High Toralei Miado de Arrepiar BGW08 Mattel Monster High Foto de Terror Catrine de Mew X4603/BGT33 Mattel Monster High Torcida Frankie Stein Monster High - Clawdeen Wolf & Frankie Stein Monster High Bonecas Clássicas Frankie Stein Clássica Monster High Monstros Câmera Ação Acessórios Tapete Negro Monster High Foto de Terror - Operetta - Mattel Monster High Conjunto Crie seu Monstro - Monstro do Mar Mattel Monster High Conjunto Crie Seu Monstro - Lobisomem Mattel Monster High Aula de Arte - Robecca BDD79 - Mattel Monster High - Deuce Olhar Assustador BDD93 Mattel Monster High - Acessórios Secret Creepers Mattel Monster High - Torcida - Venus McFlytrap BDF07/BDF09 Mattel
			Igorando Pelo Filtro de Nome...
		Nome do Produto: Monster High - Monstros, Câmera, Ação - Acessórios - Tapete Mattel Monster High - Monstros, Câmera, Ação - Viperine BLW98 Mattel Monster High - Sala de Aula - Aula de Artes BDD81/BDD83 Mattel Monster High - Monstros, Câmera, Ação - Acessórios - Vestiário... Monster High Monstros Câmera Ação Acessórios Vestiário Monster High - Sala de Aula - Home Ick BDD81/BDD82 Mattel Monster High - Monstros, Câmera, Ação - Draculaura BDF22/BDF23 Mattel Monster High Toralei Miado de Arrepiar BGW08 Mattel Monster High Foto de Terror Catrine de Mew X4603/BGT33 Mattel Monster High Torcida Frankie Stein Monster High - Clawdeen Wolf & Frankie Stein Monster High Bonecas Clássicas Frankie Stein Clássica Monster High Monstros Câmera Ação Acessórios Tapete Negro Monster High Foto de Terror - Operetta - Mattel Monster High Conjunto Crie seu Monstro - Monstro do Mar Mattel Monster High Conjunto Crie Seu Monstro - Lobisomem Mattel Monster High Aula de Arte - Robecca BDD79 - Mattel Monster High - Deuce Olhar Assustador BDD93 Mattel Monster High - Acessórios Secret Creepers Mattel Monster High - Torcida - Venus McFlytrap BDF07/BDF09 Mattel
			Igorando Pelo Filtro de Nome...
		Nome do Produto: Monster High - Monstros, Câmera, Ação - Acessórios - Tapete Mattel Monster High - Monstros, Câmera, Ação - Viperine BLW98 Mattel Monster High - Sala de Aula - Aula de Artes BDD81/BDD83 Mattel Monster High - Monstros, Câmera, Ação - Acessórios - Vestiário... Monster High Monstros Câmera Ação Acessórios Vestiário Monster High - Sala de Aula - Home Ick BDD81/BDD82 Mattel Monster High - Monstros, Câmera, Ação - Draculaura BDF22/BDF23 Mattel Monster High Toralei Miado de Arrepiar BGW08 Mattel Monster High Foto de Terror Catrine de Mew X4603/BGT33 Mattel Monster High Torcida Frankie Stein Monster High - Clawdeen Wolf & Frankie Stein Monster High Bonecas Clássicas Frankie Stein Clássica Monster High Monstros Câmera Ação Acessórios Tapete Negro Monster High Foto de Terror - Operetta - Mattel Monster High Conjunto Crie seu Monstro - Monstro do Mar Mattel Monster High Conjunto Crie Seu Monstro - Lobisomem Mattel Monster High Aula de Arte - Robecca BDD79 - Mattel Monster High - Deuce Olhar Assustador BDD93 Mattel Monster High - Acessórios Secret Creepers Mattel Monster High - Torcida - Venus McFlytrap BDF07/BDF09 Mattel
			Igorando Pelo Filtro de Nome...
		Nome do Produto: Monster High - Monstros, Câmera, Ação - Acessórios - Tapete Mattel Monster High - Monstros, Câmera, Ação - Viperine BLW98 Mattel Monster High - Sala de Aula - Aula de Artes BDD81/BDD83 Mattel Monster High - Monstros, Câmera, Ação - Acessórios - Vestiário... Monster High Monstros Câmera Ação Acessórios Vestiário Monster High - Sala de Aula - Home Ick BDD81/BDD82 Mattel Monster High - Monstros, Câmera, Ação - Draculaura BDF22/BDF23 Mattel Monster High Toralei Miado de Arrepiar BGW08 Mattel Monster High Foto de Terror Catrine de Mew X4603/BGT33 Mattel Monster High Torcida Frankie Stein Monster High - Clawdeen Wolf & Frankie Stein Monster High Bonecas Clássicas Frankie Stein Clássica Monster High Monstros Câmera Ação Acessórios Tapete Negro Monster High Foto de Terror - Operetta - Mattel Monster High Conjunto Crie seu Monstro - Monstro do Mar Mattel Monster High Conjunto Crie Seu Monstro - Lobisomem Mattel Monster High Aula de Arte - Robecca BDD79 - Mattel Monster High - Deuce Olhar Assustador BDD93 Mattel Monster High - Acessórios Secret Creepers Mattel Monster High - Torcida - Venus McFlytrap BDF07/BDF09 Mattel
			Igorando Pelo Filtro de Nome...
		Nome do Produto: Monster High - Monstros, Câmera, Ação - Acessórios - Tapete Mattel Monster High - Monstros, Câmera, Ação - Viperine BLW98 Mattel Monster High - Sala de Aula - Aula de Artes BDD81/BDD83 Mattel Monster High - Monstros, Câmera, Ação - Acessórios - Vestiário... Monster High Monstros Câmera Ação Acessórios Vestiário Monster High - Sala de Aula - Home Ick BDD81/BDD82 Mattel Monster High - Monstros, Câmera, Ação - Draculaura BDF22/BDF23 Mattel Monster High Toralei Miado de Arrepiar BGW08 Mattel Monster High Foto de Terror Catrine de Mew X4603/BGT33 Mattel Monster High Torcida Frankie Stein Monster High - Clawdeen Wolf & Frankie Stein Monster High Bonecas Clássicas Frankie Stein Clássica Monster High Monstros Câmera Ação Acessórios Tapete Negro Monster High Foto de Terror - Operetta - Mattel Monster High Conjunto Crie seu Monstro - Monstro do Mar Mattel Monster High Conjunto Crie Seu Monstro - Lobisomem Mattel Monster High Aula de Arte - Robecca BDD79 - Mattel Monster High - Deuce Olhar Assustador BDD93 Mattel Monster High - Acessórios Secret Creepers Mattel Monster High - Torcida - Venus McFlytrap BDF07/BDF09 Mattel
			Igorando Pelo Filtro de Nome...
		Nome do Produto: Monster High - Monstros, Câmera, Ação - Acessórios - Tapete Mattel Monster High - Monstros, Câmera, Ação - Viperine BLW98 Mattel Monster High - Sala de Aula - Aula de Artes BDD81/BDD83 Mattel Monster High - Monstros, Câmera, Ação - Acessórios - Vestiário... Monster High Monstros Câmera Ação Acessórios Vestiário Monster High - Sala de Aula - Home Ick BDD81/BDD82 Mattel Monster High - Monstros, Câmera, Ação - Draculaura BDF22/BDF23 Mattel Monster High Toralei Miado de Arrepiar BGW08 Mattel Monster High Foto de Terror Catrine de Mew X4603/BGT33 Mattel Monster High Torcida Frankie Stein Monster High - Clawdeen Wolf & Frankie Stein Monster High Bonecas Clássicas Frankie Stein Clássica Monster High Monstros Câmera Ação Acessórios Tapete Negro Monster High Foto de Terror - Operetta - Mattel Monster High Conjunto Crie seu Monstro - Monstro do Mar Mattel Monster High Conjunto Crie Seu Monstro - Lobisomem Mattel Monster High Aula de Arte - Robecca BDD79 - Mattel Monster High - Deuce Olhar Assustador BDD93 Mattel Monster High - Acessórios Secret Creepers Mattel Monster High - Torcida - Venus McFlytrap BDF07/BDF09 Mattel
			Igorando Pelo Filtro de Nome...
		Nome do Produto: Monster High - Monstros, Câmera, Ação - Acessórios - Tapete Mattel Monster High - Monstros, Câmera, Ação - Viperine BLW98 Mattel Monster High - Sala de Aula - Aula de Artes BDD81/BDD83 Mattel Monster High - Monstros, Câmera, Ação - Acessórios - Vestiário... Monster High Monstros Câmera Ação Acessórios Vestiário Monster High - Sala de Aula - Home Ick BDD81/BDD82 Mattel Monster High - Monstros, Câmera, Ação - Draculaura BDF22/BDF23 Mattel Monster High Toralei Miado de Arrepiar BGW08 Mattel Monster High Foto de Terror Catrine de Mew X4603/BGT33 Mattel Monster High Torcida Frankie Stein Monster High - Clawdeen Wolf & Frankie Stein Monster High Bonecas Clássicas Frankie Stein Clássica Monster High Monstros Câmera Ação Acessórios Tapete Negro Monster High Foto de Terror - Operetta - Mattel Monster High Conjunto Crie seu Monstro - Monstro do Mar Mattel Monster High Conjunto Crie Seu Monstro - Lobisomem Mattel Monster High Aula de Arte - Robecca BDD79 - Mattel Monster High - Deuce Olhar Assustador BDD93 Mattel Monster High - Acessórios Secret Creepers Mattel Monster High - Torcida - Venus McFlytrap BDF07/BDF09 Mattel
			Igorando Pelo Filtro de Nome...
		Nome do Produto: Monster High - Monstros, Câmera, Ação - Acessórios - Tapete Mattel Monster High - Monstros, Câmera, Ação - Viperine BLW98 Mattel Monster High - Sala de Aula - Aula de Artes BDD81/BDD83 Mattel Monster High - Monstros, Câmera, Ação - Acessórios - Vestiário... Monster High Monstros Câmera Ação Acessórios Vestiário Monster High - Sala de Aula - Home Ick BDD81/BDD82 Mattel Monster High - Monstros, Câmera, Ação - Draculaura BDF22/BDF23 Mattel Monster High Toralei Miado de Arrepiar BGW08 Mattel Monster High Foto de Terror Catrine de Mew X4603/BGT33 Mattel Monster High Torcida Frankie Stein Monster High - Clawdeen Wolf & Frankie Stein Monster High Bonecas Clássicas Frankie Stein Clássica Monster High Monstros Câmera Ação Acessórios Tapete Negro Monster High Foto de Terror - Operetta - Mattel Monster High Conjunto Crie seu Monstro - Monstro do Mar Mattel Monster High Conjunto Crie Seu Monstro - Lobisomem Mattel Monster High Aula de Arte - Robecca BDD79 - Mattel Monster High - Deuce Olhar Assustador BDD93 Mattel Monster High - Acessórios Secret Creepers Mattel Monster High - Torcida - Venus McFlytrap BDF07/BDF09 Mattel
			Igorando Pelo Filtro de Nome...
		Nome do Produto: Monster High - Monstros, Câmera, Ação - Acessórios - Tapete Mattel Monster High - Monstros, Câmera, Ação - Viperine BLW98 Mattel Monster High - Sala de Aula - Aula de Artes BDD81/BDD83 Mattel Monster High - Monstros, Câmera, Ação - Acessórios - Vestiário... Monster High Monstros Câmera Ação Acessórios Vestiário Monster High - Sala de Aula - Home Ick BDD81/BDD82 Mattel Monster High - Monstros, Câmera, Ação - Draculaura BDF22/BDF23 Mattel Monster High Toralei Miado de Arrepiar BGW08 Mattel Monster High Foto de Terror Catrine de Mew X4603/BGT33 Mattel Monster High Torcida Frankie Stein Monster High - Clawdeen Wolf & Frankie Stein Monster High Bonecas Clássicas Frankie Stein Clássica Monster High Monstros Câmera Ação Acessórios Tapete Negro Monster High Foto de Terror - Operetta - Mattel Monster High Conjunto Crie seu Monstro - Monstro do Mar Mattel Monster High Conjunto Crie Seu Monstro - Lobisomem Mattel Monster High Aula de Arte - Robecca BDD79 - Mattel Monster High - Deuce Olhar Assustador BDD93 Mattel Monster High - Acessórios Secret Creepers Mattel Monster High - Torcida - Venus McFlytrap BDF07/BDF09 Mattel
			Igorando Pelo Filtro de Nome...
		Nome do Produto: Monster High - Monstros, Câmera, Ação - Acessórios - Tapete Mattel Monster High - Monstros, Câmera, Ação - Viperine BLW98 Mattel Monster High - Sala de Aula - Aula de Artes BDD81/BDD83 Mattel Monster High - Monstros, Câmera, Ação - Acessórios - Vestiário... Monster High Monstros Câmera Ação Acessórios Vestiário Monster High - Sala de Aula - Home Ick BDD81/BDD82 Mattel Monster High - Monstros, Câmera, Ação - Draculaura BDF22/BDF23 Mattel Monster High Toralei Miado de Arrepiar BGW08 Mattel Monster High Foto de Terror Catrine de Mew X4603/BGT33 Mattel Monster High Torcida Frankie Stein Monster High - Clawdeen Wolf & Frankie Stein Monster High Bonecas Clássicas Frankie Stein Clássica Monster High Monstros Câmera Ação Acessórios Tapete Negro Monster High Foto de Terror - Operetta - Mattel Monster High Conjunto Crie seu Monstro - Monstro do Mar Mattel Monster High Conjunto Crie Seu Monstro - Lobisomem Mattel Monster High Aula de Arte - Robecca BDD79 - Mattel Monster High - Deuce Olhar Assustador BDD93 Mattel Monster High - Acessórios Secret Creepers Mattel Monster High - Torcida - Venus McFlytrap BDF07/BDF09 Mattel
			Igorando Pelo Filtro de Nome...
		Nome do Produto: Monster High - Monstros, Câmera, Ação - Acessórios - Tapete Mattel Monster High - Monstros, Câmera, Ação - Viperine BLW98 Mattel Monster High - Sala de Aula - Aula de Artes BDD81/BDD83 Mattel Monster High - Monstros, Câmera, Ação - Acessórios - Vestiário... Monster High Monstros Câmera Ação Acessórios Vestiário Monster High - Sala de Aula - Home Ick BDD81/BDD82 Mattel Monster High - Monstros, Câmera, Ação - Draculaura BDF22/BDF23 Mattel Monster High Toralei Miado de Arrepiar BGW08 Mattel Monster High Foto de Terror Catrine de Mew X4603/BGT33 Mattel Monster High Torcida Frankie Stein Monster High - Clawdeen Wolf & Frankie Stein Monster High Bonecas Clássicas Frankie Stein Clássica Monster High Monstros Câmera Ação Acessórios Tapete Negro Monster High Foto de Terror - Operetta - Mattel Monster High Conjunto Crie seu Monstro - Monstro do Mar Mattel Monster High Conjunto Crie Seu Monstro - Lobisomem Mattel Monster High Aula de Arte - Robecca BDD79 - Mattel Monster High - Deuce Olhar Assustador BDD93 Mattel Monster High - Acessórios Secret Creepers Mattel Monster High - Torcida - Venus McFlytrap BDF07/BDF09 Mattel
			Igorando Pelo Filtro de Nome...
		Nome do Produto: Monster High - Monstros, Câmera, Ação - Acessórios - Tapete Mattel Monster High - Monstros, Câmera, Ação - Viperine BLW98 Mattel Monster High - Sala de Aula - Aula de Artes BDD81/BDD83 Mattel Monster High - Monstros, Câmera, Ação - Acessórios - Vestiário... Monster High Monstros Câmera Ação Acessórios Vestiário Monster High - Sala de Aula - Home Ick BDD81/BDD82 Mattel Monster High - Monstros, Câmera, Ação - Draculaura BDF22/BDF23 Mattel Monster High Toralei Miado de Arrepiar BGW08 Mattel Monster High Foto de Terror Catrine de Mew X4603/BGT33 Mattel Monster High Torcida Frankie Stein Monster High - Clawdeen Wolf & Frankie Stein Monster High Bonecas Clássicas Frankie Stein Clássica Monster High Monstros Câmera Ação Acessórios Tapete Negro Monster High Foto de Terror - Operetta - Mattel Monster High Conjunto Crie seu Monstro - Monstro do Mar Mattel Monster High Conjunto Crie Seu Monstro - Lobisomem Mattel Monster High Aula de Arte - Robecca BDD79 - Mattel Monster High - Deuce Olhar Assustador BDD93 Mattel Monster High - Acessórios Secret Creepers Mattel Monster High - Torcida - Venus McFlytrap BDF07/BDF09 Mattel
			Igorando Pelo Filtro de Nome...
		Nome do Produto: Monster High - Monstros, Câmera, Ação - Acessórios - Tapete Mattel Monster High - Monstros, Câmera, Ação - Viperine BLW98 Mattel Monster High - Sala de Aula - Aula de Artes BDD81/BDD83 Mattel Monster High - Monstros, Câmera, Ação - Acessórios - Vestiário... Monster High Monstros Câmera Ação Acessórios Vestiário Monster High - Sala de Aula - Home Ick BDD81/BDD82 Mattel Monster High - Monstros, Câmera, Ação - Draculaura BDF22/BDF23 Mattel Monster High Toralei Miado de Arrepiar BGW08 Mattel Monster High Foto de Terror Catrine de Mew X4603/BGT33 Mattel Monster High Torcida Frankie Stein Monster High - Clawdeen Wolf & Frankie Stein Monster High Bonecas Clássicas Frankie Stein Clássica Monster High Monstros Câmera Ação Acessórios Tapete Negro Monster High Foto de Terror - Operetta - Mattel Monster High Conjunto Crie seu Monstro - Monstro do Mar Mattel Monster High Conjunto Crie Seu Monstro - Lobisomem Mattel Monster High Aula de Arte - Robecca BDD79 - Mattel Monster High - Deuce Olhar Assustador BDD93 Mattel Monster High - Acessórios Secret Creepers Mattel Monster High - Torcida - Venus McFlytrap BDF07/BDF09 Mattel
			Igorando Pelo Filtro de Nome...
		Nome do Produto: Monster High - Monstros, Câmera, Ação - Acessórios - Tapete Mattel Monster High - Monstros, Câmera, Ação - Viperine BLW98 Mattel Monster High - Sala de Aula - Aula de Artes BDD81/BDD83 Mattel Monster High - Monstros, Câmera, Ação - Acessórios - Vestiário... Monster High Monstros Câmera Ação Acessórios Vestiário Monster High - Sala de Aula - Home Ick BDD81/BDD82 Mattel Monster High - Monstros, Câmera, Ação - Draculaura BDF22/BDF23 Mattel Monster High Toralei Miado de Arrepiar BGW08 Mattel Monster High Foto de Terror Catrine de Mew X4603/BGT33 Mattel Monster High Torcida Frankie Stein Monster High - Clawdeen Wolf & Frankie Stein Monster High Bonecas Clássicas Frankie Stein Clássica Monster High Monstros Câmera Ação Acessórios Tapete Negro Monster High Foto de Terror - Operetta - Mattel Monster High Conjunto Crie seu Monstro - Monstro do Mar Mattel Monster High Conjunto Crie Seu Monstro - Lobisomem Mattel Monster High Aula de Arte - Robecca BDD79 - Mattel Monster High - Deuce Olhar Assustador BDD93 Mattel Monster High - Acessórios Secret Creepers Mattel Monster High - Torcida - Venus McFlytrap BDF07/BDF09 Mattel
			Igorando Pelo Filtro de Nome...
	Tempo Para buscar: 1146
Loja: ShopB
	URL Principal: http://www.shopb.com.br/
	URL Busca: http://busca.shopb.com.br/?busca=<BUSCA>
http://busca.shopb.com.br/?busca=Monster+Hunter+4+3ds
		Documento Lido
		Resultados: 30
		Nome do Produto: Alien Isolation: Nostromo Edition - PS4
			Igorando Pelo Filtro de Nome...
		Nome do Produto: Antena Amplificada Bidirecional Ouro 27dB 4 em 1 VHF / UHF/ FM / Digital - Capte
			Igorando Pelo Filtro de Nome...
		Nome do Produto: Antena Externa Diamante 32dB 4 em 1 VHF / UHF / Digital / FM - Capte
			Igorando Pelo Filtro de Nome...
		Nome do Produto: Antena Interna 12db 4 em 1 - Platinum Light
			Igorando Pelo Filtro de Nome...
		Nome do Produto: Assassins Creed IV Black Flag - PS4
			Igorando Pelo Filtro de Nome...
		Nome do Produto: Assassins Creed IV Black Flag - XBOX 360
			Igorando Pelo Filtro de Nome...
		Nome do Produto: Assassins Creed IV Black Flag - XBOX ONE
			Igorando Pelo Filtro de Nome...
		Nome do Produto: Assassins Creed IV: Black Flag Limited Edition - PS3
			Igorando Pelo Filtro de Nome...
		Nome do Produto: Assassins Creed IV: Black Flag Limited Edition - XBOX 360
			Igorando Pelo Filtro de Nome...
		Nome do Produto: Assassins Creed IV: Black Flag Limited Edition - XBOX ONE
			Igorando Pelo Filtro de Nome...
		Nome do Produto: Assassins Creed Unity - PS4
			Igorando Pelo Filtro de Nome...
		Nome do Produto: Assassins Creed Unity: Collectors Edition - PS4
			Igorando Pelo Filtro de Nome...
		Nome do Produto: Batman Arkham Origins: BlackGate - 3DS
			Igorando Pelo Filtro de Nome...
		Nome do Produto: Batman: Arkham Knight - PS4
			Igorando Pelo Filtro de Nome...
		Nome do Produto: Battlefield 4 + Filme - XBOX 360
			Igorando Pelo Filtro de Nome...
		Nome do Produto: Battlefield 4 - PC
			Igorando Pelo Filtro de Nome...
		Nome do Produto: Battlefield 4 - PS4
			Igorando Pelo Filtro de Nome...
		Nome do Produto: Battlefield 4 - XBOX ONE
			Igorando Pelo Filtro de Nome...
		Nome do Produto: Battlefield Hardline - PS4
			Igorando Pelo Filtro de Nome...
		Nome do Produto: Beyblade Evolution - 3DS
			Igorando Pelo Filtro de Nome...
		Nome do Produto: Bloodborne - PS4
			Igorando Pelo Filtro de Nome...
		Nome do Produto: Bound By Flame - PS4
			Igorando Pelo Filtro de Nome...
		Nome do Produto: Bravely Default - 3DS
			Igorando Pelo Filtro de Nome...
		Nome do Produto: Cabo HDMI 1.4 - Compatível com TV Tamanho Com 2 Metros
			Igorando Pelo Filtro de Nome...
		Nome do Produto: Cabo HDMI 1.4 - Compatível com TV Tamanho Com 5 Metros
			Igorando Pelo Filtro de Nome...
		Nome do Produto: Call Of Duty 4: Modern Warfare - XBOX 360
			Igorando Pelo Filtro de Nome...
		Nome do Produto: Call of Duty Advanced Warfare: Atlas Limited Edition - PS4
			Igorando Pelo Filtro de Nome...
		Nome do Produto: Call of Duty Advanced Warfare: Atlas Pro Edition - PS4
			Igorando Pelo Filtro de Nome...
		Nome do Produto: Call of Duty: Advanced Warfare - PS4
			Igorando Pelo Filtro de Nome...
		Nome do Produto: Call of Duty: Ghosts - PS4
			Igorando Pelo Filtro de Nome...
	Tempo Para buscar: 924
Loja: Submarino
	URL Principal: http://www.submarino.com.br/
	URL Busca: http://busca.submarino.com.br/busca.php?q=<BUSCA>
http://busca.submarino.com.br/busca.php?q=Monster+Hunter+4+3ds
		Documento Lido
		Resultados: 30
		Nome do Produto: Boneca Monster High Volta as Aulas Gigi - Mattel
			Igorando Pelo Filtro de Nome...
		Nome do Produto: Boneca Monster High Frankie Stein CBP34/CBP35 - Mattel
			Igorando Pelo Filtro de Nome...
		Nome do Produto: Boneca Monster High Clássicas Draculaura Clássica Mattel
			Igorando Pelo Filtro de Nome...
		Nome do Produto: Boneca Monster High Clássicas Clawdeen Wolf Clássica Mattel
			Igorando Pelo Filtro de Nome...
		Nome do Produto: Boneca Monster High Clássicas Frankie Stein Clássica Mattel
			Igorando Pelo Filtro de Nome...
		Nome do Produto: Boneca Monster High Fusion Cleolie - Mattel
			Igorando Pelo Filtro de Nome...
		Nome do Produto: Livro - Monster Hunter Orage #02
			Igorando Pelo Filtro de Nome...
		Nome do Produto: Monster High - Monstros, Câmera, Ação - Viperine BLW98 Mattel
			Igorando Pelo Filtro de Nome...
		Nome do Produto: Boneca Monster High Ghoulia - Mattel
			Igorando Pelo Filtro de Nome...
		Nome do Produto: Monster High Clawdia Wolf BLX01 - Mattel
			Igorando Pelo Filtro de Nome...
		Nome do Produto: Monster High Monstros Câmera Ação Acessórios Tapete Negro
			Igorando Pelo Filtro de Nome...
		Nome do Produto: Monster High - Monstros, Câmera, Ação - Acessórios - Tapete Mattel
			Igorando Pelo Filtro de Nome...
		Nome do Produto: Monster High Aula de Arte Draculaura - Mattel
			Igorando Pelo Filtro de Nome...
		Nome do Produto: Monster High Aula de Arte - Skelita - Mattel
			Igorando Pelo Filtro de Nome...
		Nome do Produto: Monster High Foto de Terror Catrine de Mew X4603/BGT33 Mattel
			Igorando Pelo Filtro de Nome...
		Nome do Produto: Monster High Foto de Terror Clawdeen Wolf X4603/BGT32 Mattel
			Igorando Pelo Filtro de Nome...
		Nome do Produto: Monster High Torcida Frankie Stein
			Igorando Pelo Filtro de Nome...
		Nome do Produto: Boneca Monster High Opereta CBP34/CBP37 - Mattel
			Igorando Pelo Filtro de Nome...
		Nome do Produto: Monster High Foto de Terror - Operetta - Mattel
			Igorando Pelo Filtro de Nome...
		Nome do Produto: Monster High Aula de Arte - Robecca BDD79 - Mattel
			Igorando Pelo Filtro de Nome...
		Nome do Produto: Monster High - Sala de Aula - Home Ick BDD81/BDD82 Mattel
			Igorando Pelo Filtro de Nome...
		Nome do Produto: Monster High - Torcida - Spectra Vondergeist BDF07/BDF10 Mattel
			Igorando Pelo Filtro de Nome...
		Nome do Produto: Monster High Aula de Arte - Abbey BDF13 - Mattel
			Igorando Pelo Filtro de Nome...
		Nome do Produto: Monster High - Monstros, Câmera, Ação - Honey Swamp BLW99 Mattel
			Igorando Pelo Filtro de Nome...
		Nome do Produto: Monster High Elissabat BLX00 - Mattel
			Igorando Pelo Filtro de Nome...
		Nome do Produto: Monster High Foto de Terror Jinafire Long X4603/BGT34 Mattel
			Igorando Pelo Filtro de Nome...
		Nome do Produto: Monster High Bonecas Clássicas Frankie Stein Clássica
			Igorando Pelo Filtro de Nome...
		Nome do Produto: Boneca Monster High com 2 Venus e Rochelle - Mattel
			Igorando Pelo Filtro de Nome...
		Nome do Produto: Fone de Ouvido Monster iSport Strive In-Ear com Microfone Azul
			Igorando Pelo Filtro de Nome...
		Nome do Produto: Monster High Monstros Câmera Ação Acessórios Vestiário
			Igorando Pelo Filtro de Nome...
	Tempo Para buscar: 840
Loja: Walmart
	URL Principal: http://www.walmart.com.br/
	URL Busca: http://www.walmart.com.br/busca/?ft=<BUSCA>&PS=20
http://www.walmart.com.br/busca/?ft=Monster+Hunter+4+3ds&PS=20
		Documento Lido
		Resultados: 20
		Nome do Produto: Monster Hunter Illustrations 2
			Igorando Pelo Filtro de Nome...
		Nome do Produto: Monster Hunter Orage - Vol. 1
			Igorando Pelo Filtro de Nome...
		Nome do Produto: City Hunter 4
			Igorando Pelo Filtro de Nome...
		Nome do Produto: Dragon Hunter 4
			Igorando Pelo Filtro de Nome...
		Nome do Produto: The Monster Hunter In Modern Popular Culture
			Igorando Pelo Filtro de Nome...
		Nome do Produto: Hunter X Hunter Vol. 6 - A Caça e o Caçador - DVD4
			Igorando Pelo Filtro de Nome...
		Nome do Produto: Guarda Roupa Malibu 4 Portas Mistas Branco com Preto e Branco Moval
			Igorando Pelo Filtro de Nome...
		Nome do Produto: PISTOLA PINTURA C/ ENTRADA DE AR 1/4' P/ COMPRESSOR FORD
			Igorando Pelo Filtro de Nome...
		Nome do Produto: Conjunto 4 Acessórios para 3DS - Dreamgear
			Igorando Pelo Filtro de Nome...
		Nome do Produto: Conjunto 4 Acessórios Vermelho para 3DS - Dreamgear
			Igorando Pelo Filtro de Nome...
		Nome do Produto: Console Playstation 4 - 500GB - Sony
			Igorando Pelo Filtro de Nome...
		Nome do Produto: Jogo Pokemon Omega Ruby para Nintendo 3DS
			Igorando Pelo Filtro de Nome...
		Nome do Produto: Motorola Moto G 2ª Geração XT1068 Preto, Dual Chip, Android 4.4, Quad Core 1.2 Ghz, Tela 5", Câmera 8MP (Frontal 2MP), Memória 8GB
			Igorando Pelo Filtro de Nome...
		Nome do Produto: Smartphone CCE SK352 Preto Desbloqueado, Dual Chip, Android 4.2.2, Processador Dual Core, Tela de 3,5", Câmera 2MP, Rádio, MP3, Wi-fi, 3G, Memória 4GB
			Igorando Pelo Filtro de Nome...
		Nome do Produto: Smartphone Sony Xperia E1 D2104 Preto, Dual Chip, Tela de 4”, Processador Dual Core, Android 4.2, Câmera 3MP, Memória 4GB - Desbloqueado Oi
			Igorando Pelo Filtro de Nome...
		Nome do Produto: Smartphone LG L Prime D337 Branco e Preto, Dual Chip, Android 4.4, Processador Quad-Core 1.3 GHz, Câmera 8MP, Tela de 5", Memória 8GB
			Igorando Pelo Filtro de Nome...
		Nome do Produto: Tablet Candide Monster High, Android 4.2, Dual Core, 8GB , Wi-Fi – Acompanha Headphone
			Igorando Pelo Filtro de Nome...
		Nome do Produto: Tablet Samsung Galaxy Tab 3 Lite Android 4.2 Dual Core 1.2 GHz 8GB Wi-Fi Branco
			Igorando Pelo Filtro de Nome...
		Nome do Produto: Tablet Multilaser M7S NB126 Android 4.2 Dual Core 8GB de memória interna Wi-Fi + Teclado
			Igorando Pelo Filtro de Nome...
		Nome do Produto: Tablet Acer Iconia One 7. Android 4.2, Intel Dual Core, 8GB e Wi-Fi - Preto
			Igorando Pelo Filtro de Nome...
	Tempo Para buscar: 2001

File copied from C:\java\rep\lookforprices\resources\imports\css.css to C:\java\rep\lookforprices\reports\2015-02-13 10\css.css
File copied from C:\java\rep\lookforprices\resources\imports\jquery.js to C:\java\rep\lookforprices\reports\2015-02-13 10\jquery.js
File copied from C:\java\rep\lookforprices\resources\imports\scripts.js to C:\java\rep\lookforprices\reports\2015-02-13 10\scripts.js
Tempo total de execução: 29789
