Loja: Nintendo eShop
	URL Principal: http://www.nintendo.com/3ds/eshop
	URL Busca: http://www.nintendo.com/json/content/get/game/filter?&&&&qterm=<BUSCA>
NintendoEShopSearch.search() http://www.nintendo.com/json/content/get/game/filter?&&&&qterm=3ds+XL
		Documento Lido
		Resultados: 4
		Nome do Produto: Xenoblade Chronicles 3D
			Igorando Pelo Filtro de Nome...
		Nome do Produto: Angry Birds Star Wars
			Igorando Pelo Filtro de Nome...
		Nome do Produto: Boulder Dash-XL 3D
			Igorando Pelo Filtro de Nome...
		Nome do Produto: Art Academy: Lessons for Everyone!
			Igorando Pelo Filtro de Nome...
	Tempo Para buscar: 681
Loja: Americanas
	URL Principal: http://www.americanas.com.br/
	URL Busca: http://busca.americanas.com.br/busca.php?q=<BUSCA>
http://busca.americanas.com.br/busca.php?q=3ds+XL
		Documento Lido
		Resultados: 18
		Nome do Produto: Starter Kit para 3DS XL e DSi XL - Azul - Tech Dealer
http://busca.americanas.com.br/produto.php?link=http://www.americanas.com.br/produto/112736856/starter-kit-para-3ds-xl-e-dsi-xl-azul-tech-dealer&ranking=1&sessao=U25P7JNRAIO07&idbusca=99e34d06aebceee294b38b48ea75cc9f253c1ad4&idproduto=112736856
		Acessando URL do produto.
		Nome do Produto: Fashion Kit para 3DS XL Pets - Branco/Rosa - Tech Dealer
http://busca.americanas.com.br/produto.php?link=http://www.americanas.com.br/produto/112736830/fashion-kit-para-3ds-xl-pets-branco-rosa-tech-dealer&ranking=2&sessao=U25P7JNRAIO07&idbusca=99e34d06aebceee294b38b48ea75cc9f253c1ad4&idproduto=112736830
		Acessando URL do produto.
		Nome do Produto: Kit Safe and Sound para 3DS XL Vermelho - Tech Dealer
http://busca.americanas.com.br/produto.php?link=http://www.americanas.com.br/produto/112736750/kit-safe-and-sound-para-3ds-xl-vermelho-tech-dealer&ranking=3&sessao=U25P7JNRAIO07&idbusca=99e34d06aebceee294b38b48ea75cc9f253c1ad4&idproduto=112736750
		Acessando URL do produto.
		Nome do Produto: Starter Kit para 3DS XL e DSi XL Vermelho - Tech Dealer
http://busca.americanas.com.br/produto.php?link=http://www.americanas.com.br/produto/112736872/starter-kit-para-3ds-xl-e-dsi-xl-vermelho-tech-dealer&ranking=4&sessao=U25P7JNRAIO07&idbusca=99e34d06aebceee294b38b48ea75cc9f253c1ad4&idproduto=112736872
		Acessando URL do produto.
		Nome do Produto: Mega Carry Case para 3DS XL e DSi XL - TV - Preto - Tech Dealer
http://busca.americanas.com.br/produto.php?link=http://www.americanas.com.br/produto/112736952/mega-carry-case-para-3ds-xl-e-dsi-xl-tv-preto-tech-dealer&ranking=5&sessao=U25P7JNRAIO07&idbusca=99e34d06aebceee294b38b48ea75cc9f253c1ad4&idproduto=112736952
		Acessando URL do produto.
		Nome do Produto: Fashion Kit para 3DS XL Aranha - Azul - Tech Dealer
http://busca.americanas.com.br/produto.php?link=http://www.americanas.com.br/produto/112736813/fashion-kit-para-3ds-xl-aranha-azul-tech-dealer&ranking=6&sessao=U25P7JNRAIO07&idbusca=99e34d06aebceee294b38b48ea75cc9f253c1ad4&idproduto=112736813
		Acessando URL do produto.
		Nome do Produto: Mega Carry Case para 3DS XL e DSi XL - Azul - Tech Dealer
http://busca.americanas.com.br/produto.php?link=http://www.americanas.com.br/produto/112737015/mega-carry-case-para-3ds-xl-e-dsi-xl-azul-tech-dealer&ranking=7&sessao=U25P7JNRAIO07&idbusca=99e34d06aebceee294b38b48ea75cc9f253c1ad4&idproduto=112737015
		Acessando URL do produto.
		Nome do Produto: Protect Kit para 3DS XL - Tech Dealer
http://busca.americanas.com.br/produto.php?link=http://www.americanas.com.br/produto/112736899/protect-kit-para-3ds-xl-tech-dealer&ranking=8&sessao=U25P7JNRAIO07&idbusca=99e34d06aebceee294b38b48ea75cc9f253c1ad4&idproduto=112736899
		Acessando URL do produto.
		Nome do Produto: Case p/ 3DS - Tech Dealer
			Igorando Pelo Filtro de Nome...
		Nome do Produto: Mega Carry Case para 3DS XL e DSi XL - Vinho - Tech Dealer
http://busca.americanas.com.br/produto.php?link=http://www.americanas.com.br/produto/112736910/mega-carry-case-para-3ds-xl-e-dsi-xl-vinho-tech-dealer&ranking=10&sessao=U25P7JNRAIO07&idbusca=99e34d06aebceee294b38b48ea75cc9f253c1ad4&idproduto=112736910
		Acessando URL do produto.
		Nome do Produto: Mega Carry Case para 3DS XL e DSi XL - Prata - Tech Dealer
http://busca.americanas.com.br/produto.php?link=http://www.americanas.com.br/produto/112736979/mega-carry-case-para-3ds-xl-e-dsi-xl-prata-tech-dealer&ranking=11&sessao=U25P7JNRAIO07&idbusca=99e34d06aebceee294b38b48ea75cc9f253c1ad4&idproduto=112736979
		Acessando URL do produto.
		Nome do Produto: Big Ben - Pacote Natural Para 3ds 3ds Xl
http://busca.americanas.com.br/produto.php?link=http://www.americanas.com.br/produto/8413126/big-ben-pacote-natural-para-3ds-3ds-xl&ranking=12&sessao=U25P7JNRAIO07&idbusca=99e34d06aebceee294b38b48ea75cc9f253c1ad4&idproduto=8413126
		Acessando URL do produto.
		Nome do Produto: Carregador Multi Plataforma - DS Lite/DSI/DSI XL/3DS/PSP Slim/PSP Go
http://busca.americanas.com.br/produto.php?link=http://www.americanas.com.br/produto/110845071/carregador-multi-plataforma-ds-lite-dsi-dsi-xl-3ds-psp-slim-psp-go&ranking=13&sessao=U25P7JNRAIO07&idbusca=99e34d06aebceee294b38b48ea75cc9f253c1ad4&idproduto=110845071
		Acessando URL do produto.
		Nome do Produto: Big Ben Metal Case Para 3ds Xl Cinza
http://busca.americanas.com.br/produto.php?link=http://www.americanas.com.br/produto/8413104/big-ben-metal-case-para-3ds-xl-cinza&ranking=14&sessao=U25P7JNRAIO07&idbusca=99e34d06aebceee294b38b48ea75cc9f253c1ad4&idproduto=8413104
		Acessando URL do produto.
		Nome do Produto: Big Ben Metal Case Para 3ds Xl Azul
http://busca.americanas.com.br/produto.php?link=http://www.americanas.com.br/produto/8413108/big-ben-metal-case-para-3ds-xl-azul&ranking=15&sessao=U25P7JNRAIO07&idbusca=99e34d06aebceee294b38b48ea75cc9f253c1ad4&idproduto=8413108
		Acessando URL do produto.
		Nome do Produto: Fonte Ac Adapter Nintendo Dsi Dsi Xl 3ds 3ds Xl Bivolt 110220v Carregador De Bateria
http://busca.americanas.com.br/produto.php?link=http://www.americanas.com.br/produto/8401422/fonte-ac-adapter-nintendo-dsi-dsi-xl-3ds-3ds-xl-bivolt-110220v-carregador-de-bateria&ranking=16&sessao=U25P7JNRAIO07&idbusca=99e34d06aebceee294b38b48ea75cc9f253c1ad4&idproduto=8401422
		Acessando URL do produto.
		Nome do Produto: Pelicula Protetora Nintendo 3DSXL - Dreamgear
http://busca.americanas.com.br/produto.php?link=http://www.americanas.com.br/produto/112873914/pelicula-protetora-nintendo-3dsxl-dreamgear&ranking=17&sessao=U25P7JNRAIO07&idbusca=99e34d06aebceee294b38b48ea75cc9f253c1ad4&idproduto=112873914
		Acessando URL do produto.
		Nome do Produto: Pelicula Protetora Nintendo 3DSXL - Dreamgear
http://busca.americanas.com.br/produto.php?link=http://www.americanas.com.br/produto/112873914/pelicula-protetora-nintendo-3dsxl-dreamgear&ranking=18&sessao=U25P7JNRAIO07&idbusca=99e34d06aebceee294b38b48ea75cc9f253c1ad4&idproduto=0
		Acessando URL do produto.
	Tempo Para buscar: 12729
Loja: Big Boy Games
	URL Principal: http://www.bigboygames.com.br/
	URL Busca: http://www.bigboygames.com.br/pesquisa/?p=<BUSCA>
http://www.bigboygames.com.br/pesquisa/?p=3ds+XL
org.jsoup.HttpStatusException: HTTP error fetching URL. Status=403, URL=http://www.bigboygames.com.br/pesquisa/?p=3ds+XL
	at org.jsoup.helper.HttpConnection$Response.execute(HttpConnection.java:459)
	at org.jsoup.helper.HttpConnection$Response.execute(HttpConnection.java:434)
	at org.jsoup.helper.HttpConnection.execute(HttpConnection.java:181)
	at org.jsoup.helper.HttpConnection.get(HttpConnection.java:170)
	at comom.Util.readUrlDocument(Util.java:94)
	at interfaces.search.BigBoyGamesSearch.readResults(BigBoyGamesSearch.java:98)
	at interfaces.search.BigBoyGamesSearch.search(BigBoyGamesSearch.java:30)
	at objects.Shop.searchProduct(Shop.java:33)
	at Main.generateHtlReport(Main.java:88)
	at Main.main(Main.java:65)
Tentando conectar Na Url de outro modo
java.io.IOException: Server returned HTTP response code: 403 for URL: http://www.bigboygames.com.br/pesquisa/?p=3ds+XL
	at sun.net.www.protocol.http.HttpURLConnection.getInputStream(HttpURLConnection.java:1615)
	at comom.Util.getPageBuffer(Util.java:138)
	at comom.Util.readUrl(Util.java:106)
	at comom.Util.readUrlDocument(Util.java:98)
	at interfaces.search.BigBoyGamesSearch.readResults(BigBoyGamesSearch.java:98)
	at interfaces.search.BigBoyGamesSearch.search(BigBoyGamesSearch.java:30)
	at objects.Shop.searchProduct(Shop.java:33)
	at Main.generateHtlReport(Main.java:88)
	at Main.main(Main.java:65)
		Documento Lido
		Resultados*: 1
		Acessando URL do produto.
java.lang.NullPointerException
	at interfaces.search.BigBoyGamesSearch.readProductPage(BigBoyGamesSearch.java:91)
	at interfaces.search.BigBoyGamesSearch.search(BigBoyGamesSearch.java:42)
	at objects.Shop.searchProduct(Shop.java:33)
	at Main.generateHtlReport(Main.java:88)
	at Main.main(Main.java:65)
	Tempo Para buscar: 501
Loja: Casas Bahia
	URL Principal: http://www.casasbahia.com.br/
	URL Busca: http://buscas.casasbahia.com.br/search?w=<BUSCA>
http://buscas.casasbahia.com.br/search?w=3ds+XL
		Documento Lido
		Resultados: 1
		Nome do Produto: Nintendo 3DS XL - Vermelho e Preto
http://buscas.casasbahia.com.br/search?p=R&srid=S6-USWSD02&lbc=casasbahia&w=3ds%20XL&url=http%3a%2f%2fproduto.casasbahia.com.br%2f1706994%3f&rk=1&uid=552596976&sid=2&ts=custom&rsc=TLrjWZWnyqvYWmhb&method=and&isort=score&view=grid
		Acessando URL do produto.
		Nome do Produto: Nintendo 3DS XL - Vermelho e Preto + Jogo Nintendogs + Cats: Toy Poodle and New Friends - 3DS
http://buscas.casasbahia.com.br/search?p=R&srid=S6-USWSD02&lbc=casasbahia&w=3ds%20XL&url=http%3a%2f%2fproduto.casasbahia.com.br%2f1000039633%3f&rk=2&uid=552596976&sid=2&ts=custom&rsc=qRjd9hDIAFDtPMRj&method=and&isort=score&view=grid
		Acessando URL do produto.
	Tempo Para buscar: 7369
Loja: Extra
	URL Principal: http://www.extra.com.br/
	URL Busca: http://buscando.extra.com.br/search?w=<BUSCA>
http://buscando.extra.com.br/search?w=3ds+XL
		Documento Lido
		Resultados: 2
		Nome do Produto: Películas DreamGear De Proteção Para Tela De Nintendo 3DS XL - DG3DSXL-2252
http://buscando.extra.com.br/search?p=R&srid=S1-USESD02&lbc=extra&w=3ds%20XL&url=http%3a%2f%2fproduto.extra.com.br%2f4099352%3f&rk=1&uid=552678360&sid=2&ts=custom&rsc=4fEOmRuYu8swxkXr&method=and&isort=score&view=grid
		Acessando URL do produto.
		Nome do Produto: Nintendo 3DS XL - Vermelho e Preto
http://buscando.extra.com.br/search?p=R&srid=S1-USESD02&lbc=extra&w=3ds%20XL&url=http%3a%2f%2fproduto.extra.com.br%2f1706994%3f&rk=2&uid=552678360&sid=2&ts=custom&rsc=e28KipisBkn-AdEx&method=and&isort=score&view=grid
		Acessando URL do produto.
	Tempo Para buscar: 13407
Loja: E-Virtua
	URL Principal: http://www.evirtua.com.br/
	URL Busca: http://www.evirtua.com.br/Busca?search_department_id=0&SearchTerm=<BUSCA>
http://www.evirtua.com.br/Busca?search_department_id=0&SearchTerm=3ds+XL
		Documento Lido
		Resultados: 8
		Nome do Produto: Mario Party: Island Tour - Nintendo 3DS
			Igorando Pelo Filtro de Nome...
		Nome do Produto: Nintendo 3DS XL - Black
http://www.evirtua.com.br//nintendo-3ds-xl-black/3303-01
		Acessando URL do produto.
		Nome do Produto: Nintendo 3DS XL - Blue
http://www.evirtua.com.br//nintendo-3ds-xl-blue/3068-01
		Acessando URL do produto.
		Nome do Produto: Nintendo 3DS XL - RED
http://www.evirtua.com.br//nintendo-3ds-xl-red/3067-01
		Acessando URL do produto.
		Nome do Produto: Nintendo 3DS XL Gold Edition + New Super Mario Bros 2 Pré-Instalado Bundle
http://www.evirtua.com.br//nintendo-3ds-xl-gold-edition--new-super-mario-bros-2-pre-instalado-bundle/3678-01
		Acessando URL do produto.
		Nome do Produto: Nintendo 3DS XL Super Smash Bros Edition Blue (Azul) - Nintendo 3DS
http://www.evirtua.com.br//nintendo-3ds-xl-super-smash-bros-edition-blue-azul-nintendo-3ds/3656-01
		Acessando URL do produto.
		Nome do Produto: Nintendo 3DS XL Super Smash Bros Edition Red (Vermelho) - Nintendo 3DS
http://www.evirtua.com.br//nintendo-3ds-xl-super-smash-bros-edition-red-vermelho-nintendo-3ds/3657-01
		Acessando URL do produto.
		Nome do Produto: The Legend of Zelda: A Link Between Worlds - 3DS
			Igorando Pelo Filtro de Nome...
	Tempo Para buscar: 2012
Loja: Fast Games
	URL Principal: http://www.fastgames.com.br/
	URL Busca: http://www.fastgames.com.br/loja/busca.php?loja=187970&palavra_busca=<BUSCA>
http://www.fastgames.com.br/loja/busca.php?loja=187970&palavra_busca=3ds+XL
		Documento Lido
		Resultados: 5
		Nome do Produto: Nintendo 3DS XL Blue/Black (Azul/Preto)
http://www.fastgames.com.br//nintendo-3ds-xl-blueblack-azulpreto-pr-4331-187970.htm
		Acessando URL do produto.
		Nome do Produto: Película Protetora - 3DS
			Igorando Pelo Filtro de Nome...
		Nome do Produto: Pokémon X (Seminovo) - 3DS
			Igorando Pelo Filtro de Nome...
		Nome do Produto: Pokémon X - 3DS
			Igorando Pelo Filtro de Nome...
		Nome do Produto: Pokémon Y - 3DS
			Igorando Pelo Filtro de Nome...
	Tempo Para buscar: 2523
Loja: Fast Shop
	URL Principal: http://www.fastshop.com.br/loja/
	URL Busca: http://www.fastshop.com.br/webapp/wcs/stores/servlet/SearchDisplay?searchTerm=<BUSCA>&categoryId=&storeId=10151&catalogId=11052&langId=-6&pageSize=9&beginIndex=0&sType=SimpleSearch&resultCatEntryType=2&showResultsPage=true&searchSource=Q&pageView=&hotsite=fastshop
http://www.fastshop.com.br/webapp/wcs/stores/servlet/SearchDisplay?searchTerm=3ds+XL&categoryId=&storeId=10151&catalogId=11052&langId=-6&pageSize=9&beginIndex=0&sType=SimpleSearch&resultCatEntryType=2&showResultsPage=true&searchSource=Q&pageView=&hotsite=fastshop
		Documento Lido
		Resultados: 1
		Nome do Produto: 
			Igorando Pelo Filtro de Nome...
		Nome do Produto: 
			Igorando Pelo Filtro de Nome...
		Nome do Produto: 
			Igorando Pelo Filtro de Nome...
		Nome do Produto: 
			Igorando Pelo Filtro de Nome...
		Nome do Produto: 
			Igorando Pelo Filtro de Nome...
		Nome do Produto: 
			Igorando Pelo Filtro de Nome...
		Nome do Produto: 
			Igorando Pelo Filtro de Nome...
		Nome do Produto: 
			Igorando Pelo Filtro de Nome...
		Nome do Produto: 
			Igorando Pelo Filtro de Nome...
	Tempo Para buscar: 697
Loja: FNAC
	URL Principal: http://www.fnac.com.br/index.html
	URL Busca: http://busca.fnac.com.br/?busca=<BUSCA>
http://busca.fnac.com.br/?busca=3ds+XL
		Documento Lido
		Resultados: 20
		Nome do Produto: Headset Y 250p Para Ps3 E PC Thrustmaster
			Igorando Pelo Filtro de Nome...
		Nome do Produto: 3ds Lego Batman 3
			Igorando Pelo Filtro de Nome...
		Nome do Produto: 3ds Disney Magical World
			Igorando Pelo Filtro de Nome...
		Nome do Produto: 3ds Super Smash Bros
			Igorando Pelo Filtro de Nome...
		Nome do Produto: 3ds Pokemon Alpha Sapphire
			Igorando Pelo Filtro de Nome...
		Nome do Produto: 3ds Pokemon Omega Ruby
			Igorando Pelo Filtro de Nome...
		Nome do Produto: 3ds The Legend Of Zelda: A Link Between Worlds
			Igorando Pelo Filtro de Nome...
		Nome do Produto: 3ds Pokemon Y
			Igorando Pelo Filtro de Nome...
		Nome do Produto: 3ds Pokemon X
			Igorando Pelo Filtro de Nome...
		Nome do Produto: Ps3 Tales Of Xillia
			Igorando Pelo Filtro de Nome...
		Nome do Produto: Ps3 Tales Of Xilia 2
			Igorando Pelo Filtro de Nome...
		Nome do Produto: 3ds Batman: Arkham Origins Blackgate
			Igorando Pelo Filtro de Nome...
		Nome do Produto: 3ds Professor Layton Vs Phoenix Wright
			Igorando Pelo Filtro de Nome...
		Nome do Produto: 3ds Mario Golf World Tour
			Igorando Pelo Filtro de Nome...
		Nome do Produto: 3ds Professor Layton And The Azran Legacy
			Igorando Pelo Filtro de Nome...
		Nome do Produto: 3ds Lego City Undervcover: Chase Begins
			Igorando Pelo Filtro de Nome...
		Nome do Produto: 3ds Scribblenauts Unlimited
			Igorando Pelo Filtro de Nome...
		Nome do Produto: 3ds Spy Hunter
			Igorando Pelo Filtro de Nome...
		Nome do Produto: Cartucho de Tinta 940 Xl Alto Rendimento Preto Hp C4906ab
			Igorando Pelo Filtro de Nome...
		Nome do Produto: 3ds Crosswords Plus
			Igorando Pelo Filtro de Nome...
	Tempo Para buscar: 1173
Loja: Kabum
	URL Principal: http://www.kabum.com.br/
	URL Busca: http://www.kabum.com.br/cgi-local/site/listagem/listagem.cgi?string=<BUSCA>&btnG=
http://www.kabum.com.br/cgi-local/site/listagem/listagem.cgi?string=3ds+XL&btnG=
		Documento Lido
		Resultados: 0
	Tempo Para buscar: 354
Loja: Livraria Cultura
	URL Principal: http://www.livrariacultura.com.br/
	URL Busca: http://www.livrariacultura.com.br/busca?N=0&Ntt=<BUSCA>
http://www.livrariacultura.com.br/busca?N=0&Ntt=3ds+XL
		Documento Lido
		Resultados: 15
		Nome do Produto: NINTENDO 3DS XL - AZUL/PRETO
http://www.livrariacultura.com.br/p/nintendo-3ds-xl-azulpreto-30177894
		Acessando URL do produto.
		Nome do Produto: NINTENDO 3DS XL - VERMELHO/PRETO
http://www.livrariacultura.com.br/p/nintendo-3ds-xl-vermelhopreto-30177893
		Acessando URL do produto.
		Nome do Produto: NINTENDO 3DS - PINK
			Igorando Pelo Filtro de Nome...
		Nome do Produto: NINTENDO 3DS - PRETO COSMICO
			Igorando Pelo Filtro de Nome...
		Nome do Produto: NINTENDO 3DS - VERMELHO
			Igorando Pelo Filtro de Nome...
		Nome do Produto: NINTENDO 3DS - MIDNIGHT PURPLE
			Igorando Pelo Filtro de Nome...
		Nome do Produto: NINTENDO 3DS - AZUL AQUA
			Igorando Pelo Filtro de Nome...
		Nome do Produto: NINTENDO 3DS - VERMELHO + SUPER MARIO 3D LAND
			Igorando Pelo Filtro de Nome...
		Nome do Produto: UNIVERSAL HARD CASE KIT - POKEMON - 3DS
			Igorando Pelo Filtro de Nome...
		Nome do Produto: SYSTEM WALLET VERMELHO - 3DS
			Igorando Pelo Filtro de Nome...
		Nome do Produto: TRAVEL CASE VERMELHO - 3DS
			Igorando Pelo Filtro de Nome...
		Nome do Produto: TRAVEL CASE PRETO - 3DS
			Igorando Pelo Filtro de Nome...
		Nome do Produto: TRAVEL CASE AZUL - 3DS
			Igorando Pelo Filtro de Nome...
		Nome do Produto: SYSTEM WALLET MARROM - 3DS
			Igorando Pelo Filtro de Nome...
		Nome do Produto: SYSTEM WALLET PRETO - 3DS
			Igorando Pelo Filtro de Nome...
	Tempo Para buscar: 1217
Loja: Magazine Luiza
	URL Principal: http://www.magazineluiza.com.br/
	URL Busca: http://www.magazineluiza.com.br/busca/<BUSCA>/
http://www.magazineluiza.com.br/busca/3ds+XL/
		Documento Lido
		Resultados: 10
		Nome do Produto: Pacote Pure para Nintendo 3DS XL - bigben
http://www.magazineluiza.com.br//pacote-pure-para-nintendo-3ds-xl-bigben/p/0884286/ga/gads/?_b=3ds+XL
		Acessando URL do produto.
		Nome do Produto: Metal Case para Nintendo 3DS XL - Bigben
http://www.magazineluiza.com.br//metal-case-para-nintendo-3ds-xl-bigben/p/0884283/ga/gads/?_b=3ds+XL
		Acessando URL do produto.
		Nome do Produto: Canetas para Nintendo 3DS XL 8 Peças - bigben
http://www.magazineluiza.com.br//canetas-para-nintendo-3ds-xl-8-pecas-bigben/p/0884281/ga/gads/?_b=3ds+XL
		Acessando URL do produto.
		Nome do Produto: Pacote Pure para Nintendo 3DS XL - bigben
http://www.magazineluiza.com.br//pacote-pure-para-nintendo-3ds-xl-bigben/p/0884288/ga/gads/?_b=3ds+XL
		Acessando URL do produto.
		Nome do Produto: Pacote Pure para Nintendo 3DS XL - bigben
http://www.magazineluiza.com.br//pacote-pure-para-nintendo-3ds-xl-bigben/p/0884287/ga/gads/?_b=3ds+XL
		Acessando URL do produto.
		Nome do Produto: Case para Nintendo 3DS XL em Metal - Bigben 3DSXLCASEMETALC
http://www.magazineluiza.com.br//case-para-nintendo-3ds-xl-em-metal-bigben-3dsxlcasemetalc/p/0884285/ga/gads/?_b=3ds+XL
		Acessando URL do produto.
		Nome do Produto: Case para Nintendo 3DS XL em Metal - Bigben 3DSXLCASEMETALA
http://www.magazineluiza.com.br//case-para-nintendo-3ds-xl-em-metal-bigben-3dsxlcasemetala/p/0884284/ga/gads/?_b=3ds+XL
		Acessando URL do produto.
		Nome do Produto: Nintendo 3DS XL - Nintendo
http://www.magazineluiza.com.br//nintendo-3ds-xl-nintendo/p/2050833/ga/gcds/?_b=3ds+XL
		Acessando URL do produto.
		Nome do Produto: Nintendo 3DS XL - Nintendo
http://www.magazineluiza.com.br//nintendo-3ds-xl-nintendo/p/2050834/ga/gcds/?_b=3ds+XL
		Acessando URL do produto.
		Nome do Produto: Case de Policarbonato para Nintendo 3DS XL - Bigben
http://www.magazineluiza.com.br//case-de-policarbonato-para-nintendo-3ds-xl-bigben/p/0884290/ga/gads/?_b=3ds+XL
		Acessando URL do produto.
	Tempo Para buscar: 3265
Loja: Mula Games
	URL Principal: http://www.mulagames.com.br/
	URL Busca: http://www.mulagames.com.br/produtos-index/catalogo_produtos/-/-/<BUSCA>/-/-/-/-/-/
http://www.mulagames.com.br/produtos-index/catalogo_produtos/-/-/3ds%20XL/-/-/-/-/-/
		Documento Lido
		Resultados: 9
		Nome do Produto: Nintendo 3DS XL Blue/Black (Azul e Preto)
http://www.mulagames.com.br/Nintendo-3DS-XL-Blue-Black--Azul-e-Preto-/prod-1175904/
		Acessando URL do produto.
http://www.mulagames.com.br/produto-ajax_retorna_dados_preco_comprar/1175904
		Acessando URL do preço produto.
		Nome do Produto: Nintendo 3DS XL Red/Black (Vermelho e Preto)
http://www.mulagames.com.br/Nintendo-3DS-XL-Red-Black--Vermelho-e-Preto-/prod-1518752/
		Acessando URL do produto.
http://www.mulagames.com.br/produto-ajax_retorna_dados_preco_comprar/1518752
		Acessando URL do preço produto.
		Nome do Produto: Nintendo 3DS XL Pink/White (Rosa e Branco)
http://www.mulagames.com.br/Nintendo-3DS-XL-Pink-White--Rosa-e-Branco-/prod-1392482/
		Acessando URL do produto.
http://www.mulagames.com.br/produto-ajax_retorna_dados_preco_comprar/1392482
		Acessando URL do preço produto.
		Nome do Produto: Case Retro Face Pouch Famicom FC Red 3DS XL Cool Clown - 3DS
http://www.mulagames.com.br/Case-Retro-Face-Pouch-Famicom-FC-Red-3DS-XL-Cool-Clown-3DS/prod-2214343/
		Acessando URL do produto.
http://www.mulagames.com.br/produto-ajax_retorna_dados_preco_comprar/2214343
		Acessando URL do preço produto.
		Nome do Produto: Rubber Grip XL Cyber - 3DS
http://www.mulagames.com.br/Rubber-Grip-XL-Cyber-3DS/prod-2183476/
		Acessando URL do produto.
http://www.mulagames.com.br/produto-ajax_retorna_dados_preco_comprar/2183476
		Acessando URL do preço produto.
		Nome do Produto: Case Retro Face Pouch PC Engine FC White 3DS XL Cool Clown - 3DS
http://www.mulagames.com.br/Case-Retro-Face-Pouch-PC-Engine-FC-White-3DS-XL-Cool-Clown-3DS/prod-2228782/
		Acessando URL do produto.
http://www.mulagames.com.br/produto-ajax_retorna_dados_preco_comprar/2228782
		Acessando URL do preço produto.
		Nome do Produto: Circle Pad Pro XL - Expansion Slide Pad - 3DS
http://www.mulagames.com.br/Circle-Pad-Pro-XL-Expansion-Slide-Pad-3DS/prod-1259387/
		Acessando URL do produto.
http://www.mulagames.com.br/produto-ajax_retorna_dados_preco_comprar/1259387
		Acessando URL do preço produto.
		Nome do Produto: Slide Pad Cover Black (Preto) Cyber - 3DS
			Igorando Pelo Filtro de Nome...
		Nome do Produto: Case Retro Facecase FC Red 3DS XL Cool Clown - 3DS
http://www.mulagames.com.br/Case-Retro-Facecase-FC-Red-3DS-XL-Cool-Clown-3DS/prod-2213167/
		Acessando URL do produto.
http://www.mulagames.com.br/produto-ajax_retorna_dados_preco_comprar/2213167
		Acessando URL do preço produto.
	Tempo Para buscar: 11987
Loja: Net Shoes
	URL Principal: http://www.netshoes.com.br/
	URL Busca: http://www.netshoes.com.br/search?Ntt=<BUSCA>
http://www.netshoes.com.br/search?Ntt=3ds+XL
		Documento Lido
		Resultados: 22
		Nome do Produto: Mochila Oakley Factory Pilot XL
			Igorando Pelo Filtro de Nome...
		Nome do Produto: Mochila Oakley Factory Pilot XL
			Igorando Pelo Filtro de Nome...
		Nome do Produto: Mochila Oakley Factory Pilot XL
			Igorando Pelo Filtro de Nome...
		Nome do Produto: Mochila Oakley Factory Pilot XL
			Igorando Pelo Filtro de Nome...
		Nome do Produto: Mochila Oakley Factory Pilot XL
			Igorando Pelo Filtro de Nome...
		Nome do Produto: Mochila Oakley Factory Pilot XL
			Igorando Pelo Filtro de Nome...
		Nome do Produto: Mochila Oakley Factory Pilot XL
			Igorando Pelo Filtro de Nome...
		Nome do Produto: Óculos Oakley Half Jacket 2.0 XL - Polarizado
			Igorando Pelo Filtro de Nome...
		Nome do Produto: Jogo Nintendogs + Cats: Toy Poodle Nintendo 3DS
			Igorando Pelo Filtro de Nome...
		Nome do Produto: Jogo Pilotwings Resort Nintendo 3DS
			Igorando Pelo Filtro de Nome...
		Nome do Produto: Jogo Tetris Axis Nintendo 3DS
			Igorando Pelo Filtro de Nome...
		Nome do Produto: Jogo Nintendogs + Cats: Golden Retriever Nintendo 3DS
			Igorando Pelo Filtro de Nome...
		Nome do Produto: Jogo Mario Tennis Open 3DS
			Igorando Pelo Filtro de Nome...
		Nome do Produto: Óculos Oakley Fast Jacket XL
			Igorando Pelo Filtro de Nome...
		Nome do Produto: Óculos Oakley Fast Jacket XL - Iridium Polarizado
			Igorando Pelo Filtro de Nome...
		Nome do Produto: Raquete de Tennis Wilson Advantage XL
			Igorando Pelo Filtro de Nome...
		Nome do Produto: Óculos Oakley Radarlock XL Tour de France
			Igorando Pelo Filtro de Nome...
		Nome do Produto: Óculos Oakley Radarlock XL Vented - Iridium
			Igorando Pelo Filtro de Nome...
		Nome do Produto: Óculos Oakley Fast Jacket XL
			Igorando Pelo Filtro de Nome...
		Nome do Produto: Óculos Oakley Half Jacket 2.0 XL Tour de France - Iridium
			Igorando Pelo Filtro de Nome...
		Nome do Produto: Óculos Oakley Half Jacket 2.0 XL
			Igorando Pelo Filtro de Nome...
		Nome do Produto: Óculos Oakley Half Jacket 2.0 XL - Transitions
			Igorando Pelo Filtro de Nome...
	Tempo Para buscar: 468
Loja: Ponto Frio
	URL Principal: http://www.pontofrio.com.br/
	URL Busca: http://search.pontofrio.com.br/search?w=<BUSCA>
http://search.pontofrio.com.br/search?w=3ds+XL
		Documento Lido
		Resultados: 1
		Nome do Produto: Nintendo 3DS XL - Vermelho e Preto
http://search.pontofrio.com.br/search?p=R&srid=S3-USCDR01&lbc=pontofrio-br&w=3ds%20XL&url=http%3a%2f%2fproduto.pontofrio.com.br%2f1706994%3f&rk=1&uid=55304255&sid=2&ts=custom&rsc=sk6u3wIGaVxb4ulQ&method=and&isort=score&view=grid
		Nome do Produto: Nintendo 3DS XL - Vermelho e Preto + Jogo Nintendogs + Cats: Toy Poodle and New Friends - 3DS
http://search.pontofrio.com.br/search?p=R&srid=S3-USCDR01&lbc=pontofrio-br&w=3ds%20XL&url=http%3a%2f%2fproduto.pontofrio.com.br%2f1000039633%3f&rk=2&uid=55304255&sid=2&ts=custom&rsc=L9UJYoZpS9cReB8e&method=and&isort=score&view=grid
		Nome do Produto: Nintendo 3DS XL - Vermelho e Preto
http://search.pontofrio.com.br/search?p=R&srid=S3-USCDR01&lbc=pontofrio-br&w=3ds%20XL&url=http%3a%2f%2fproduto.pontofrio.com.br%2f1706994%3f&rk=1&uid=55304255&sid=2&ts=custom&rsc=sk6u3wIGaVxb4ulQ&method=and&isort=score&view=grid
		Nome do Produto: Nintendo 3DS XL - Vermelho e Preto + Jogo Nintendogs + Cats: Toy Poodle and New Friends - 3DS
http://search.pontofrio.com.br/search?p=R&srid=S3-USCDR01&lbc=pontofrio-br&w=3ds%20XL&url=http%3a%2f%2fproduto.pontofrio.com.br%2f1000039633%3f&rk=2&uid=55304255&sid=2&ts=custom&rsc=L9UJYoZpS9cReB8e&method=and&isort=score&view=grid
	Tempo Para buscar: 14872
Loja: Ricardo Eletro
	URL Principal: http://www.ricardoeletro.com.br/
	URL Busca: http://www.ricardoeletro.com.br/Busca/Resultado/?q=<BUSCA>
http://www.ricardoeletro.com.br/Busca/Resultado/?q=3ds+XL
		Documento Lido
		Resultados: 17
		Nome do Produto: Monitor Gamer para E-Sports BenQ Tela Full HD 27" LED Widescreen, 3D, Frequência de 144 Hz, Tempo de Resposta 1ms e Ajuste de Altura - XL2720Z
			Igorando Pelo Filtro de Nome...
		Nome do Produto: Monitor Gamer para E-Sports BenQ Tela Full HD 24" LED Widescreen, 3D, Frequência de 144Hz, Tempo de Resposta 1ms e Ajuste de Altura - XL2420Z
			Igorando Pelo Filtro de Nome...
		Nome do Produto: Jogo Pokémon: Alpha Sapphire para Nintendo 3DS (N3DS)
			Igorando Pelo Filtro de Nome...
		Nome do Produto: Jogo Pokémon: Omega Ruby para Nintendo 3DS (N3DS)
			Igorando Pelo Filtro de Nome...
		Nome do Produto: Jogo LEGO: Lord Of The Rings - O Senhor dos Anéis - para Nintendo 3DS (N3DS)
			Igorando Pelo Filtro de Nome...
		Nome do Produto: Jogo LEGO: Friends para Nintendo 3DS (N3DS)
			Igorando Pelo Filtro de Nome...
		Nome do Produto: Jogo Mario Golf: World Tour para Nintendo 3DS (N3DS)
			Igorando Pelo Filtro de Nome...
		Nome do Produto: Jogo Disney Magical World para Nintendo 3DS (N3DS)
			Igorando Pelo Filtro de Nome...
		Nome do Produto: Jogo LEGO: Batman 3 - Beyond Gotham - para Nintendo 3DS (N3DS)
			Igorando Pelo Filtro de Nome...
		Nome do Produto: Conjunto de 13 acessórios para Console Nintendo 3DS (N3DS) - Preto - DREAMGEAR
			Igorando Pelo Filtro de Nome...
		Nome do Produto: Jogo Crosswords: Plus para Nintendo 3DS (N3DS)
			Igorando Pelo Filtro de Nome...
		Nome do Produto: Jogo Freakyforms: Deluxe para Nintendo 3DS (N3DS)
			Igorando Pelo Filtro de Nome...
		Nome do Produto: Porta Nintendo 3DS em formato de bolsa com personagens Princesas Disney® Cinderela (N3DS) - PDP GAMING
			Igorando Pelo Filtro de Nome...
		Nome do Produto: Porta Nintendo® 3DS: Triple Armor NERF® Rosa (N3DS) - PDP GAMING
			Igorando Pelo Filtro de Nome...
		Nome do Produto: Porta Nintendo® 3DS: Triple Armor NERF® Amarelo (N3DS) - PDP GAMING
			Igorando Pelo Filtro de Nome...
		Nome do Produto: Conjunto de 13 Acessórios para Console Nintendo 3DS (N3DS) - Vermelho - DREAMGEAR
			Igorando Pelo Filtro de Nome...
		Nome do Produto: Porta Nintendo 3DS em formato de bolsa com personagens Princesas Disney® Fadas (N3DS) - PDP GAMING
			Igorando Pelo Filtro de Nome...
	Tempo Para buscar: 833
Loja: RiHappy
	URL Principal: http://www.rihappy.com.br/
	URL Busca: http://www.rihappy.com.br/<BUSCA>
http://www.rihappy.com.br/3ds%20XL
		Documento Lido
		Resultados: 2
		Nome do Produto: Console Nintendo 3DS XL - Red/Black - Console
http://www.rihappy.com.br/console-nintendo-3ds-xl-red-black/p
		Acessando URL do produto.
		Nome do Produto: Console Nintendo 3DS XL - Blue/Black - Console
http://www.rihappy.com.br/console-nintendo-3ds-xl-blue-black/p
		Acessando URL do produto.
	Tempo Para buscar: 3573
Loja: Saraiva
	URL Principal: http://www.saraiva.com.br/
	URL Busca: http://busca.saraiva.com.br/search?w=<BUSCA>&PAC_ID=129457&ts=ajax
http://busca.saraiva.com.br/search?w=3ds+XL&PAC_ID=129457&ts=ajax
		Documento Lido
		Resultados: 19
		Nome do Produto: Metal Case Big Ben Azul Para Nintendo 3ds Xl
individualUrl = http://busca.saraiva.com.br/search?p=R&srid=S11-USESD02&lbc=saraiva&w=3ds%20XL&url=http%3a%2f%2fwww.saraiva.com.br%2fproduto%2f4866201&rk=1&uid=553231990&sid=2&ts=ajax&rsc=3O6m1uTVSr0XkI1r&method=and&isort=score&view=grid
http://busca.saraiva.com.br/search?p=R&srid=S11-USESD02&lbc=saraiva&w=3ds%20XL&url=http%3a%2f%2fwww.saraiva.com.br%2fproduto%2f4866201&rk=1&uid=553231990&sid=2&ts=ajax&rsc=3O6m1uTVSr0XkI1r&method=and&isort=score&view=grid
		Acessando URL do produto.
		Nome do Produto: Case Tech Dealer Vinho Para 3ds Xl
individualUrl = http://busca.saraiva.com.br/search?p=R&srid=S11-USESD02&lbc=saraiva&w=3ds%20XL&url=http%3a%2f%2fwww.saraiva.com.br%2fproduto%2f4729444&rk=2&uid=553231990&sid=2&ts=ajax&rsc=9MawccYvxWx9sGD4&method=and&isort=score&view=grid
http://busca.saraiva.com.br/search?p=R&srid=S11-USESD02&lbc=saraiva&w=3ds%20XL&url=http%3a%2f%2fwww.saraiva.com.br%2fproduto%2f4729444&rk=2&uid=553231990&sid=2&ts=ajax&rsc=9MawccYvxWx9sGD4&method=and&isort=score&view=grid
		Acessando URL do produto.
		Nome do Produto: Case Tech Dealer Xl TV Para 3ds
individualUrl = http://busca.saraiva.com.br/search?p=R&srid=S11-USESD02&lbc=saraiva&w=3ds%20XL&url=http%3a%2f%2fwww.saraiva.com.br%2fproduto%2f4361652&rk=3&uid=553231990&sid=2&ts=ajax&rsc=adyzzaGWcx3zC5VY&method=and&isort=score&view=grid
http://busca.saraiva.com.br/search?p=R&srid=S11-USESD02&lbc=saraiva&w=3ds%20XL&url=http%3a%2f%2fwww.saraiva.com.br%2fproduto%2f4361652&rk=3&uid=553231990&sid=2&ts=ajax&rsc=adyzzaGWcx3zC5VY&method=and&isort=score&view=grid
		Acessando URL do produto.
		Nome do Produto: Case Tech Dealer Xl Azul Para 3ds
individualUrl = http://busca.saraiva.com.br/search?p=R&srid=S11-USESD02&lbc=saraiva&w=3ds%20XL&url=http%3a%2f%2fwww.saraiva.com.br%2fproduto%2f4361954&rk=4&uid=553231990&sid=2&ts=ajax&rsc=PAdNElkNTihKEZ7C&method=and&isort=score&view=grid
http://busca.saraiva.com.br/search?p=R&srid=S11-USESD02&lbc=saraiva&w=3ds%20XL&url=http%3a%2f%2fwww.saraiva.com.br%2fproduto%2f4361954&rk=4&uid=553231990&sid=2&ts=ajax&rsc=PAdNElkNTihKEZ7C&method=and&isort=score&view=grid
		Acessando URL do produto.
		Nome do Produto: Pacote Big Ben Natural Preto Para Nintendo 3ds/ds…
			Igorando Pelo Filtro de Nome...
		Nome do Produto: Carregador de Carro Big Ben Preto Para Nintendo…
			Igorando Pelo Filtro de Nome...
		Nome do Produto: Bolsa de Transporte Big Ben Helo Kitty Para…
			Igorando Pelo Filtro de Nome...
		Nome do Produto: Kit Safe And Sound Tech Dealer Vermelho Para 3ds…
			Igorando Pelo Filtro de Nome...
		Nome do Produto: Bolsa de Transporte Big Ben Mario Para Nintendo Ds…
			Igorando Pelo Filtro de Nome...
		Nome do Produto: Case Tech Dealer Mega Carry Xl Prata Para 3ds
individualUrl = http://busca.saraiva.com.br/search?p=R&srid=S11-USESD02&lbc=saraiva&w=3ds%20XL&url=http%3a%2f%2fwww.saraiva.com.br%2fproduto%2f4361779&rk=10&uid=553231990&sid=2&ts=ajax&rsc=Ao9dZ99VNf-T849W&method=and&isort=score&view=grid
http://busca.saraiva.com.br/search?p=R&srid=S11-USESD02&lbc=saraiva&w=3ds%20XL&url=http%3a%2f%2fwww.saraiva.com.br%2fproduto%2f4361779&rk=10&uid=553231990&sid=2&ts=ajax&rsc=Ao9dZ99VNf-T849W&method=and&isort=score&view=grid
		Acessando URL do produto.
		Nome do Produto: Pacote Big Ben Pure Azul Para Nintendo 3ds Xl
individualUrl = http://busca.saraiva.com.br/search?p=R&srid=S11-USESD02&lbc=saraiva&w=3ds%20XL&url=http%3a%2f%2fwww.saraiva.com.br%2fproduto%2f4865210&rk=11&uid=553231990&sid=2&ts=ajax&rsc=s0MLQHTk0zS0Fscg&method=and&isort=score&view=grid
http://busca.saraiva.com.br/search?p=R&srid=S11-USESD02&lbc=saraiva&w=3ds%20XL&url=http%3a%2f%2fwww.saraiva.com.br%2fproduto%2f4865210&rk=11&uid=553231990&sid=2&ts=ajax&rsc=s0MLQHTk0zS0Fscg&method=and&isort=score&view=grid
		Acessando URL do produto.
		Nome do Produto: Case Tech Dealer Xl Marrom Para 3ds
individualUrl = http://busca.saraiva.com.br/search?p=R&srid=S11-USESD02&lbc=saraiva&w=3ds%20XL&url=http%3a%2f%2fwww.saraiva.com.br%2fproduto%2f4361846&rk=12&uid=553231990&sid=2&ts=ajax&rsc=dkQj67V-O2KB4sg6&method=and&isort=score&view=grid
http://busca.saraiva.com.br/search?p=R&srid=S11-USESD02&lbc=saraiva&w=3ds%20XL&url=http%3a%2f%2fwww.saraiva.com.br%2fproduto%2f4361846&rk=12&uid=553231990&sid=2&ts=ajax&rsc=dkQj67V-O2KB4sg6&method=and&isort=score&view=grid
		Acessando URL do produto.
		Nome do Produto: Pacote Big Ben Canetas Multistylus Para Nintendo…
			Igorando Pelo Filtro de Nome...
		Nome do Produto: Sleeve Notecare Shark Preto Para Ds/xl
			Igorando Pelo Filtro de Nome...
		Nome do Produto: Fashion Kit Tech Dealer Pets Rosa Para 3ds Xl
individualUrl = http://busca.saraiva.com.br/search?p=R&srid=S11-USESD02&lbc=saraiva&w=3ds%20XL&url=http%3a%2f%2fwww.saraiva.com.br%2fproduto%2f4695186&rk=15&uid=553231990&sid=2&ts=ajax&rsc=8bakI93%3aO3zf1DCD&method=and&isort=score&view=grid
http://busca.saraiva.com.br/search?p=R&srid=S11-USESD02&lbc=saraiva&w=3ds%20XL&url=http%3a%2f%2fwww.saraiva.com.br%2fproduto%2f4695186&rk=15&uid=553231990&sid=2&ts=ajax&rsc=8bakI93%3aO3zf1DCD&method=and&isort=score&view=grid
		Acessando URL do produto.
		Nome do Produto: Metal Case Big Ben Cinza Para Nintendo 3ds Xl
individualUrl = http://busca.saraiva.com.br/search?p=R&srid=S11-USESD02&lbc=saraiva&w=3ds%20XL&url=http%3a%2f%2fwww.saraiva.com.br%2fproduto%2f4866212&rk=16&uid=553231990&sid=2&ts=ajax&rsc=N5t7MWgDSk692rM1&method=and&isort=score&view=grid
http://busca.saraiva.com.br/search?p=R&srid=S11-USESD02&lbc=saraiva&w=3ds%20XL&url=http%3a%2f%2fwww.saraiva.com.br%2fproduto%2f4866212&rk=16&uid=553231990&sid=2&ts=ajax&rsc=N5t7MWgDSk692rM1&method=and&isort=score&view=grid
		Acessando URL do produto.
		Nome do Produto: Carregador de Carro Big Ben Azul Para Nintendo 3ds…
			Igorando Pelo Filtro de Nome...
		Nome do Produto: Adaptador De Energia De Carro Big Ben Para…
			Igorando Pelo Filtro de Nome...
		Nome do Produto: Adaptador De Energia De Carro Big Ben Para…
			Igorando Pelo Filtro de Nome...
	Tempo Para buscar: 26304
Loja: Shop Facil
	URL Principal: http://ww2.shopfacil.com.br/
	URL Busca: http://ww2.shopfacil.com.br/<BUSCA>
http://ww2.shopfacil.com.br/3ds%20XL
		Documento Lido
		Resultados: 6
		Nome do Produto: Películas Protetoras para 3DS XL - Dreamgear
http://ww2.shopfacil.com.br/peliculas-protetoras-para-3ds-xl---dreamgear-2033791/p
		Acessando URL do produto.
		Nome do Produto: Estojo de Policarbonato Para 3DS XL - BIG BEN
http://ww2.shopfacil.com.br/estojo-de-policarbonato-para-3ds-xl---big-ben-2014238/p
		Acessando URL do produto.
		Nome do Produto: Kit de Proteção Para Nintendo 3DS XL - BIG BEN
http://ww2.shopfacil.com.br/kit-de-protecao-para-nintendo-3ds-xl---big-ben-2019551/p
		Acessando URL do produto.
		Nome do Produto: Bolsa de Transporte Mario Para Nintendo DS Lite/ Dsi / Dsi XL / 3DS XL - BIG BEN
http://ww2.shopfacil.com.br/bolsa-de-transporte-mario-para-nintendo-ds-lite--dsi---dsi-xl---3ds-xl---big-ben-2020680/p
		Acessando URL do produto.
		Nome do Produto: Bolsa de Transporte Oficial HK50 Para Nintendods Lite / Dsi / Dsi XL / 3DS XL - BIG BEN
http://ww2.shopfacil.com.br/bolsa-de-transporte-oficial-hk50-para-nintendods-lite---dsi---dsi-xl---3ds-xl---big-ben-2032395/p
		Acessando URL do produto.
		Nome do Produto: Pacote Canetas Stylus Para Nintendo 3DS XL - BIG BEN
http://ww2.shopfacil.com.br/pacote-canetas-stylus-para-nintendo-3ds-xl---big-ben-2019584/p
		Acessando URL do produto.
	Tempo Para buscar: 7250
Loja: Shop Time
	URL Principal: http://www.shoptime.com.br/
	URL Busca: http://busca.shoptime.com.br/busca.php?q=<BUSCA>
http://busca.shoptime.com.br/busca.php?q=3ds+XL
		Documento Lido
		Resultados: 18
		Nome do Produto: Fashion Kit para 3DS XL Aranha - Azul - Tech Dealer Mega Carry Case para 3DS XL e DSi XL - TV - Preto - Tech Dealer Kit Safe and Sound para 3DS XL Vermelho - Tech Dealer Starter Kit para 3DS XL e DSi XL Vermelho - Tech Dealer Mega Carry Case para 3DS XL e DSi XL - Azul - Tech Dealer Protect Kit para 3DS XL - Tech Dealer Starter Kit para 3DS XL e DSi XL - Azul - Tech Dealer Mega Carry Case para 3DS XL e DSi XL - Vinho - Tech Dealer Case p/ 3DS - Tech Dealer Fashion Kit para 3DS XL Pets - Branco/Rosa - Tech Dealer Kit Acessório Pokémon Legendary p/ Nintendo DS - Nintendo Mega Carry Case para 3DS XL e DSi XL - Prata - Tech Dealer Carregador Multi Plataforma - DS Lite/DSI/DSI XL/3DS/PSP Slim/PSP Go Fonte Ac Adapter Nintendo Dsi Dsi Xl 3ds 3ds Xl Bivolt 110220v... Pelicula Protetora Nintendo 3DSXL - Dreamgear Big Ben - Pacote Natural Para 3ds 3ds Xl Big Ben Metal Case Para 3ds Xl Azul Big Ben Metal Case Para 3ds Xl Cinza
http://busca.shoptime.com.br/produto.php?link=http://www.shoptime.com.br/produto/112736813/fashion-kit-para-3ds-xl-aranha-azul-tech-dealer&ranking=1&sessao=U25PBHB0ZXWC7&idbusca=e610f5774075b9720a0bca433a8b046a76130908&idproduto=112736813
		Acessando URL do produto.
		Nome do Produto: Fashion Kit para 3DS XL Aranha - Azul - Tech Dealer Mega Carry Case para 3DS XL e DSi XL - TV - Preto - Tech Dealer Kit Safe and Sound para 3DS XL Vermelho - Tech Dealer Starter Kit para 3DS XL e DSi XL Vermelho - Tech Dealer Mega Carry Case para 3DS XL e DSi XL - Azul - Tech Dealer Protect Kit para 3DS XL - Tech Dealer Starter Kit para 3DS XL e DSi XL - Azul - Tech Dealer Mega Carry Case para 3DS XL e DSi XL - Vinho - Tech Dealer Case p/ 3DS - Tech Dealer Fashion Kit para 3DS XL Pets - Branco/Rosa - Tech Dealer Kit Acessório Pokémon Legendary p/ Nintendo DS - Nintendo Mega Carry Case para 3DS XL e DSi XL - Prata - Tech Dealer Carregador Multi Plataforma - DS Lite/DSI/DSI XL/3DS/PSP Slim/PSP Go Fonte Ac Adapter Nintendo Dsi Dsi Xl 3ds 3ds Xl Bivolt 110220v... Pelicula Protetora Nintendo 3DSXL - Dreamgear Big Ben - Pacote Natural Para 3ds 3ds Xl Big Ben Metal Case Para 3ds Xl Azul Big Ben Metal Case Para 3ds Xl Cinza
http://busca.shoptime.com.br/produto.php?link=http://www.shoptime.com.br/produto/112736952/mega-carry-case-para-3ds-xl-e-dsi-xl-tv-preto-tech-dealer&ranking=2&sessao=U25PBHB0ZXWC7&idbusca=e610f5774075b9720a0bca433a8b046a76130908&idproduto=112736952
		Acessando URL do produto.
		Nome do Produto: Fashion Kit para 3DS XL Aranha - Azul - Tech Dealer Mega Carry Case para 3DS XL e DSi XL - TV - Preto - Tech Dealer Kit Safe and Sound para 3DS XL Vermelho - Tech Dealer Starter Kit para 3DS XL e DSi XL Vermelho - Tech Dealer Mega Carry Case para 3DS XL e DSi XL - Azul - Tech Dealer Protect Kit para 3DS XL - Tech Dealer Starter Kit para 3DS XL e DSi XL - Azul - Tech Dealer Mega Carry Case para 3DS XL e DSi XL - Vinho - Tech Dealer Case p/ 3DS - Tech Dealer Fashion Kit para 3DS XL Pets - Branco/Rosa - Tech Dealer Kit Acessório Pokémon Legendary p/ Nintendo DS - Nintendo Mega Carry Case para 3DS XL e DSi XL - Prata - Tech Dealer Carregador Multi Plataforma - DS Lite/DSI/DSI XL/3DS/PSP Slim/PSP Go Fonte Ac Adapter Nintendo Dsi Dsi Xl 3ds 3ds Xl Bivolt 110220v... Pelicula Protetora Nintendo 3DSXL - Dreamgear Big Ben - Pacote Natural Para 3ds 3ds Xl Big Ben Metal Case Para 3ds Xl Azul Big Ben Metal Case Para 3ds Xl Cinza
http://busca.shoptime.com.br/produto.php?link=http://www.shoptime.com.br/produto/112736750/kit-safe-and-sound-para-3ds-xl-vermelho-tech-dealer&ranking=3&sessao=U25PBHB0ZXWC7&idbusca=e610f5774075b9720a0bca433a8b046a76130908&idproduto=112736750
		Acessando URL do produto.
		Nome do Produto: Fashion Kit para 3DS XL Aranha - Azul - Tech Dealer Mega Carry Case para 3DS XL e DSi XL - TV - Preto - Tech Dealer Kit Safe and Sound para 3DS XL Vermelho - Tech Dealer Starter Kit para 3DS XL e DSi XL Vermelho - Tech Dealer Mega Carry Case para 3DS XL e DSi XL - Azul - Tech Dealer Protect Kit para 3DS XL - Tech Dealer Starter Kit para 3DS XL e DSi XL - Azul - Tech Dealer Mega Carry Case para 3DS XL e DSi XL - Vinho - Tech Dealer Case p/ 3DS - Tech Dealer Fashion Kit para 3DS XL Pets - Branco/Rosa - Tech Dealer Kit Acessório Pokémon Legendary p/ Nintendo DS - Nintendo Mega Carry Case para 3DS XL e DSi XL - Prata - Tech Dealer Carregador Multi Plataforma - DS Lite/DSI/DSI XL/3DS/PSP Slim/PSP Go Fonte Ac Adapter Nintendo Dsi Dsi Xl 3ds 3ds Xl Bivolt 110220v... Pelicula Protetora Nintendo 3DSXL - Dreamgear Big Ben - Pacote Natural Para 3ds 3ds Xl Big Ben Metal Case Para 3ds Xl Azul Big Ben Metal Case Para 3ds Xl Cinza
http://busca.shoptime.com.br/produto.php?link=http://www.shoptime.com.br/produto/112736872/starter-kit-para-3ds-xl-e-dsi-xl-vermelho-tech-dealer&ranking=4&sessao=U25PBHB0ZXWC7&idbusca=e610f5774075b9720a0bca433a8b046a76130908&idproduto=112736872
		Acessando URL do produto.
		Nome do Produto: Fashion Kit para 3DS XL Aranha - Azul - Tech Dealer Mega Carry Case para 3DS XL e DSi XL - TV - Preto - Tech Dealer Kit Safe and Sound para 3DS XL Vermelho - Tech Dealer Starter Kit para 3DS XL e DSi XL Vermelho - Tech Dealer Mega Carry Case para 3DS XL e DSi XL - Azul - Tech Dealer Protect Kit para 3DS XL - Tech Dealer Starter Kit para 3DS XL e DSi XL - Azul - Tech Dealer Mega Carry Case para 3DS XL e DSi XL - Vinho - Tech Dealer Case p/ 3DS - Tech Dealer Fashion Kit para 3DS XL Pets - Branco/Rosa - Tech Dealer Kit Acessório Pokémon Legendary p/ Nintendo DS - Nintendo Mega Carry Case para 3DS XL e DSi XL - Prata - Tech Dealer Carregador Multi Plataforma - DS Lite/DSI/DSI XL/3DS/PSP Slim/PSP Go Fonte Ac Adapter Nintendo Dsi Dsi Xl 3ds 3ds Xl Bivolt 110220v... Pelicula Protetora Nintendo 3DSXL - Dreamgear Big Ben - Pacote Natural Para 3ds 3ds Xl Big Ben Metal Case Para 3ds Xl Azul Big Ben Metal Case Para 3ds Xl Cinza
http://busca.shoptime.com.br/produto.php?link=http://www.shoptime.com.br/produto/112737015/mega-carry-case-para-3ds-xl-e-dsi-xl-azul-tech-dealer&ranking=5&sessao=U25PBHB0ZXWC7&idbusca=e610f5774075b9720a0bca433a8b046a76130908&idproduto=112737015
		Acessando URL do produto.
		Nome do Produto: Fashion Kit para 3DS XL Aranha - Azul - Tech Dealer Mega Carry Case para 3DS XL e DSi XL - TV - Preto - Tech Dealer Kit Safe and Sound para 3DS XL Vermelho - Tech Dealer Starter Kit para 3DS XL e DSi XL Vermelho - Tech Dealer Mega Carry Case para 3DS XL e DSi XL - Azul - Tech Dealer Protect Kit para 3DS XL - Tech Dealer Starter Kit para 3DS XL e DSi XL - Azul - Tech Dealer Mega Carry Case para 3DS XL e DSi XL - Vinho - Tech Dealer Case p/ 3DS - Tech Dealer Fashion Kit para 3DS XL Pets - Branco/Rosa - Tech Dealer Kit Acessório Pokémon Legendary p/ Nintendo DS - Nintendo Mega Carry Case para 3DS XL e DSi XL - Prata - Tech Dealer Carregador Multi Plataforma - DS Lite/DSI/DSI XL/3DS/PSP Slim/PSP Go Fonte Ac Adapter Nintendo Dsi Dsi Xl 3ds 3ds Xl Bivolt 110220v... Pelicula Protetora Nintendo 3DSXL - Dreamgear Big Ben - Pacote Natural Para 3ds 3ds Xl Big Ben Metal Case Para 3ds Xl Azul Big Ben Metal Case Para 3ds Xl Cinza
http://busca.shoptime.com.br/produto.php?link=http://www.shoptime.com.br/produto/112736899/protect-kit-para-3ds-xl-tech-dealer&ranking=6&sessao=U25PBHB0ZXWC7&idbusca=e610f5774075b9720a0bca433a8b046a76130908&idproduto=112736899
		Acessando URL do produto.
		Nome do Produto: Fashion Kit para 3DS XL Aranha - Azul - Tech Dealer Mega Carry Case para 3DS XL e DSi XL - TV - Preto - Tech Dealer Kit Safe and Sound para 3DS XL Vermelho - Tech Dealer Starter Kit para 3DS XL e DSi XL Vermelho - Tech Dealer Mega Carry Case para 3DS XL e DSi XL - Azul - Tech Dealer Protect Kit para 3DS XL - Tech Dealer Starter Kit para 3DS XL e DSi XL - Azul - Tech Dealer Mega Carry Case para 3DS XL e DSi XL - Vinho - Tech Dealer Case p/ 3DS - Tech Dealer Fashion Kit para 3DS XL Pets - Branco/Rosa - Tech Dealer Kit Acessório Pokémon Legendary p/ Nintendo DS - Nintendo Mega Carry Case para 3DS XL e DSi XL - Prata - Tech Dealer Carregador Multi Plataforma - DS Lite/DSI/DSI XL/3DS/PSP Slim/PSP Go Fonte Ac Adapter Nintendo Dsi Dsi Xl 3ds 3ds Xl Bivolt 110220v... Pelicula Protetora Nintendo 3DSXL - Dreamgear Big Ben - Pacote Natural Para 3ds 3ds Xl Big Ben Metal Case Para 3ds Xl Azul Big Ben Metal Case Para 3ds Xl Cinza
http://busca.shoptime.com.br/produto.php?link=http://www.shoptime.com.br/produto/112736856/starter-kit-para-3ds-xl-e-dsi-xl-azul-tech-dealer&ranking=7&sessao=U25PBHB0ZXWC7&idbusca=e610f5774075b9720a0bca433a8b046a76130908&idproduto=112736856
		Acessando URL do produto.
		Nome do Produto: Fashion Kit para 3DS XL Aranha - Azul - Tech Dealer Mega Carry Case para 3DS XL e DSi XL - TV - Preto - Tech Dealer Kit Safe and Sound para 3DS XL Vermelho - Tech Dealer Starter Kit para 3DS XL e DSi XL Vermelho - Tech Dealer Mega Carry Case para 3DS XL e DSi XL - Azul - Tech Dealer Protect Kit para 3DS XL - Tech Dealer Starter Kit para 3DS XL e DSi XL - Azul - Tech Dealer Mega Carry Case para 3DS XL e DSi XL - Vinho - Tech Dealer Case p/ 3DS - Tech Dealer Fashion Kit para 3DS XL Pets - Branco/Rosa - Tech Dealer Kit Acessório Pokémon Legendary p/ Nintendo DS - Nintendo Mega Carry Case para 3DS XL e DSi XL - Prata - Tech Dealer Carregador Multi Plataforma - DS Lite/DSI/DSI XL/3DS/PSP Slim/PSP Go Fonte Ac Adapter Nintendo Dsi Dsi Xl 3ds 3ds Xl Bivolt 110220v... Pelicula Protetora Nintendo 3DSXL - Dreamgear Big Ben - Pacote Natural Para 3ds 3ds Xl Big Ben Metal Case Para 3ds Xl Azul Big Ben Metal Case Para 3ds Xl Cinza
http://busca.shoptime.com.br/produto.php?link=http://www.shoptime.com.br/produto/112736910/mega-carry-case-para-3ds-xl-e-dsi-xl-vinho-tech-dealer&ranking=8&sessao=U25PBHB0ZXWC7&idbusca=e610f5774075b9720a0bca433a8b046a76130908&idproduto=112736910
		Acessando URL do produto.
		Nome do Produto: Fashion Kit para 3DS XL Aranha - Azul - Tech Dealer Mega Carry Case para 3DS XL e DSi XL - TV - Preto - Tech Dealer Kit Safe and Sound para 3DS XL Vermelho - Tech Dealer Starter Kit para 3DS XL e DSi XL Vermelho - Tech Dealer Mega Carry Case para 3DS XL e DSi XL - Azul - Tech Dealer Protect Kit para 3DS XL - Tech Dealer Starter Kit para 3DS XL e DSi XL - Azul - Tech Dealer Mega Carry Case para 3DS XL e DSi XL - Vinho - Tech Dealer Case p/ 3DS - Tech Dealer Fashion Kit para 3DS XL Pets - Branco/Rosa - Tech Dealer Kit Acessório Pokémon Legendary p/ Nintendo DS - Nintendo Mega Carry Case para 3DS XL e DSi XL - Prata - Tech Dealer Carregador Multi Plataforma - DS Lite/DSI/DSI XL/3DS/PSP Slim/PSP Go Fonte Ac Adapter Nintendo Dsi Dsi Xl 3ds 3ds Xl Bivolt 110220v... Pelicula Protetora Nintendo 3DSXL - Dreamgear Big Ben - Pacote Natural Para 3ds 3ds Xl Big Ben Metal Case Para 3ds Xl Azul Big Ben Metal Case Para 3ds Xl Cinza
http://busca.shoptime.com.br/produto.php?link=http://www.shoptime.com.br/produto/112748363/case-p-3ds-tech-dealer&ranking=9&sessao=U25PBHB0ZXWC7&idbusca=e610f5774075b9720a0bca433a8b046a76130908&idproduto=112748363
		Acessando URL do produto.
		Nome do Produto: Fashion Kit para 3DS XL Aranha - Azul - Tech Dealer Mega Carry Case para 3DS XL e DSi XL - TV - Preto - Tech Dealer Kit Safe and Sound para 3DS XL Vermelho - Tech Dealer Starter Kit para 3DS XL e DSi XL Vermelho - Tech Dealer Mega Carry Case para 3DS XL e DSi XL - Azul - Tech Dealer Protect Kit para 3DS XL - Tech Dealer Starter Kit para 3DS XL e DSi XL - Azul - Tech Dealer Mega Carry Case para 3DS XL e DSi XL - Vinho - Tech Dealer Case p/ 3DS - Tech Dealer Fashion Kit para 3DS XL Pets - Branco/Rosa - Tech Dealer Kit Acessório Pokémon Legendary p/ Nintendo DS - Nintendo Mega Carry Case para 3DS XL e DSi XL - Prata - Tech Dealer Carregador Multi Plataforma - DS Lite/DSI/DSI XL/3DS/PSP Slim/PSP Go Fonte Ac Adapter Nintendo Dsi Dsi Xl 3ds 3ds Xl Bivolt 110220v... Pelicula Protetora Nintendo 3DSXL - Dreamgear Big Ben - Pacote Natural Para 3ds 3ds Xl Big Ben Metal Case Para 3ds Xl Azul Big Ben Metal Case Para 3ds Xl Cinza
http://busca.shoptime.com.br/produto.php?link=http://www.shoptime.com.br/produto/112736830/fashion-kit-para-3ds-xl-pets-branco-rosa-tech-dealer&ranking=10&sessao=U25PBHB0ZXWC7&idbusca=e610f5774075b9720a0bca433a8b046a76130908&idproduto=112736830
		Acessando URL do produto.
		Nome do Produto: Fashion Kit para 3DS XL Aranha - Azul - Tech Dealer Mega Carry Case para 3DS XL e DSi XL - TV - Preto - Tech Dealer Kit Safe and Sound para 3DS XL Vermelho - Tech Dealer Starter Kit para 3DS XL e DSi XL Vermelho - Tech Dealer Mega Carry Case para 3DS XL e DSi XL - Azul - Tech Dealer Protect Kit para 3DS XL - Tech Dealer Starter Kit para 3DS XL e DSi XL - Azul - Tech Dealer Mega Carry Case para 3DS XL e DSi XL - Vinho - Tech Dealer Case p/ 3DS - Tech Dealer Fashion Kit para 3DS XL Pets - Branco/Rosa - Tech Dealer Kit Acessório Pokémon Legendary p/ Nintendo DS - Nintendo Mega Carry Case para 3DS XL e DSi XL - Prata - Tech Dealer Carregador Multi Plataforma - DS Lite/DSI/DSI XL/3DS/PSP Slim/PSP Go Fonte Ac Adapter Nintendo Dsi Dsi Xl 3ds 3ds Xl Bivolt 110220v... Pelicula Protetora Nintendo 3DSXL - Dreamgear Big Ben - Pacote Natural Para 3ds 3ds Xl Big Ben Metal Case Para 3ds Xl Azul Big Ben Metal Case Para 3ds Xl Cinza
http://busca.shoptime.com.br/produto.php?link=http://www.shoptime.com.br/produto/7768048/kit-acessorio-pokemon-legendary-p-nintendo-ds-nintendo&ranking=11&sessao=U25PBHB0ZXWC7&idbusca=e610f5774075b9720a0bca433a8b046a76130908&idproduto=7768048
		Acessando URL do produto.
		Nome do Produto: Fashion Kit para 3DS XL Aranha - Azul - Tech Dealer Mega Carry Case para 3DS XL e DSi XL - TV - Preto - Tech Dealer Kit Safe and Sound para 3DS XL Vermelho - Tech Dealer Starter Kit para 3DS XL e DSi XL Vermelho - Tech Dealer Mega Carry Case para 3DS XL e DSi XL - Azul - Tech Dealer Protect Kit para 3DS XL - Tech Dealer Starter Kit para 3DS XL e DSi XL - Azul - Tech Dealer Mega Carry Case para 3DS XL e DSi XL - Vinho - Tech Dealer Case p/ 3DS - Tech Dealer Fashion Kit para 3DS XL Pets - Branco/Rosa - Tech Dealer Kit Acessório Pokémon Legendary p/ Nintendo DS - Nintendo Mega Carry Case para 3DS XL e DSi XL - Prata - Tech Dealer Carregador Multi Plataforma - DS Lite/DSI/DSI XL/3DS/PSP Slim/PSP Go Fonte Ac Adapter Nintendo Dsi Dsi Xl 3ds 3ds Xl Bivolt 110220v... Pelicula Protetora Nintendo 3DSXL - Dreamgear Big Ben - Pacote Natural Para 3ds 3ds Xl Big Ben Metal Case Para 3ds Xl Azul Big Ben Metal Case Para 3ds Xl Cinza
http://busca.shoptime.com.br/produto.php?link=http://www.shoptime.com.br/produto/112736979/mega-carry-case-para-3ds-xl-e-dsi-xl-prata-tech-dealer&ranking=12&sessao=U25PBHB0ZXWC7&idbusca=e610f5774075b9720a0bca433a8b046a76130908&idproduto=112736979
		Acessando URL do produto.
		Nome do Produto: Fashion Kit para 3DS XL Aranha - Azul - Tech Dealer Mega Carry Case para 3DS XL e DSi XL - TV - Preto - Tech Dealer Kit Safe and Sound para 3DS XL Vermelho - Tech Dealer Starter Kit para 3DS XL e DSi XL Vermelho - Tech Dealer Mega Carry Case para 3DS XL e DSi XL - Azul - Tech Dealer Protect Kit para 3DS XL - Tech Dealer Starter Kit para 3DS XL e DSi XL - Azul - Tech Dealer Mega Carry Case para 3DS XL e DSi XL - Vinho - Tech Dealer Case p/ 3DS - Tech Dealer Fashion Kit para 3DS XL Pets - Branco/Rosa - Tech Dealer Kit Acessório Pokémon Legendary p/ Nintendo DS - Nintendo Mega Carry Case para 3DS XL e DSi XL - Prata - Tech Dealer Carregador Multi Plataforma - DS Lite/DSI/DSI XL/3DS/PSP Slim/PSP Go Fonte Ac Adapter Nintendo Dsi Dsi Xl 3ds 3ds Xl Bivolt 110220v... Pelicula Protetora Nintendo 3DSXL - Dreamgear Big Ben - Pacote Natural Para 3ds 3ds Xl Big Ben Metal Case Para 3ds Xl Azul Big Ben Metal Case Para 3ds Xl Cinza
http://busca.shoptime.com.br/produto.php?link=http://www.shoptime.com.br/produto/110845071/carregador-multi-plataforma-ds-lite-dsi-dsi-xl-3ds-psp-slim-psp-go&ranking=13&sessao=U25PBHB0ZXWC7&idbusca=e610f5774075b9720a0bca433a8b046a76130908&idproduto=110845071
		Acessando URL do produto.
		Nome do Produto: Fashion Kit para 3DS XL Aranha - Azul - Tech Dealer Mega Carry Case para 3DS XL e DSi XL - TV - Preto - Tech Dealer Kit Safe and Sound para 3DS XL Vermelho - Tech Dealer Starter Kit para 3DS XL e DSi XL Vermelho - Tech Dealer Mega Carry Case para 3DS XL e DSi XL - Azul - Tech Dealer Protect Kit para 3DS XL - Tech Dealer Starter Kit para 3DS XL e DSi XL - Azul - Tech Dealer Mega Carry Case para 3DS XL e DSi XL - Vinho - Tech Dealer Case p/ 3DS - Tech Dealer Fashion Kit para 3DS XL Pets - Branco/Rosa - Tech Dealer Kit Acessório Pokémon Legendary p/ Nintendo DS - Nintendo Mega Carry Case para 3DS XL e DSi XL - Prata - Tech Dealer Carregador Multi Plataforma - DS Lite/DSI/DSI XL/3DS/PSP Slim/PSP Go Fonte Ac Adapter Nintendo Dsi Dsi Xl 3ds 3ds Xl Bivolt 110220v... Pelicula Protetora Nintendo 3DSXL - Dreamgear Big Ben - Pacote Natural Para 3ds 3ds Xl Big Ben Metal Case Para 3ds Xl Azul Big Ben Metal Case Para 3ds Xl Cinza
http://busca.shoptime.com.br/produto.php?link=http://www.shoptime.com.br/produto/8401422/fonte-ac-adapter-nintendo-dsi-dsi-xl-3ds-3ds-xl-bivolt-110220v-carregador-de-bateria&ranking=14&sessao=U25PBHB0ZXWC7&idbusca=e610f5774075b9720a0bca433a8b046a76130908&idproduto=8401422
		Acessando URL do produto.
		Nome do Produto: Fashion Kit para 3DS XL Aranha - Azul - Tech Dealer Mega Carry Case para 3DS XL e DSi XL - TV - Preto - Tech Dealer Kit Safe and Sound para 3DS XL Vermelho - Tech Dealer Starter Kit para 3DS XL e DSi XL Vermelho - Tech Dealer Mega Carry Case para 3DS XL e DSi XL - Azul - Tech Dealer Protect Kit para 3DS XL - Tech Dealer Starter Kit para 3DS XL e DSi XL - Azul - Tech Dealer Mega Carry Case para 3DS XL e DSi XL - Vinho - Tech Dealer Case p/ 3DS - Tech Dealer Fashion Kit para 3DS XL Pets - Branco/Rosa - Tech Dealer Kit Acessório Pokémon Legendary p/ Nintendo DS - Nintendo Mega Carry Case para 3DS XL e DSi XL - Prata - Tech Dealer Carregador Multi Plataforma - DS Lite/DSI/DSI XL/3DS/PSP Slim/PSP Go Fonte Ac Adapter Nintendo Dsi Dsi Xl 3ds 3ds Xl Bivolt 110220v... Pelicula Protetora Nintendo 3DSXL - Dreamgear Big Ben - Pacote Natural Para 3ds 3ds Xl Big Ben Metal Case Para 3ds Xl Azul Big Ben Metal Case Para 3ds Xl Cinza
http://busca.shoptime.com.br/produto.php?link=http://www.shoptime.com.br/produto/112873914/pelicula-protetora-nintendo-3dsxl-dreamgear&ranking=15&sessao=U25PBHB0ZXWC7&idbusca=e610f5774075b9720a0bca433a8b046a76130908&idproduto=112873914
		Acessando URL do produto.
		Nome do Produto: Fashion Kit para 3DS XL Aranha - Azul - Tech Dealer Mega Carry Case para 3DS XL e DSi XL - TV - Preto - Tech Dealer Kit Safe and Sound para 3DS XL Vermelho - Tech Dealer Starter Kit para 3DS XL e DSi XL Vermelho - Tech Dealer Mega Carry Case para 3DS XL e DSi XL - Azul - Tech Dealer Protect Kit para 3DS XL - Tech Dealer Starter Kit para 3DS XL e DSi XL - Azul - Tech Dealer Mega Carry Case para 3DS XL e DSi XL - Vinho - Tech Dealer Case p/ 3DS - Tech Dealer Fashion Kit para 3DS XL Pets - Branco/Rosa - Tech Dealer Kit Acessório Pokémon Legendary p/ Nintendo DS - Nintendo Mega Carry Case para 3DS XL e DSi XL - Prata - Tech Dealer Carregador Multi Plataforma - DS Lite/DSI/DSI XL/3DS/PSP Slim/PSP Go Fonte Ac Adapter Nintendo Dsi Dsi Xl 3ds 3ds Xl Bivolt 110220v... Pelicula Protetora Nintendo 3DSXL - Dreamgear Big Ben - Pacote Natural Para 3ds 3ds Xl Big Ben Metal Case Para 3ds Xl Azul Big Ben Metal Case Para 3ds Xl Cinza
http://busca.shoptime.com.br/produto.php?link=http://www.shoptime.com.br/produto/8413126/big-ben-pacote-natural-para-3ds-3ds-xl&ranking=16&sessao=U25PBHB0ZXWC7&idbusca=e610f5774075b9720a0bca433a8b046a76130908&idproduto=8413126
		Acessando URL do produto.
		Nome do Produto: Fashion Kit para 3DS XL Aranha - Azul - Tech Dealer Mega Carry Case para 3DS XL e DSi XL - TV - Preto - Tech Dealer Kit Safe and Sound para 3DS XL Vermelho - Tech Dealer Starter Kit para 3DS XL e DSi XL Vermelho - Tech Dealer Mega Carry Case para 3DS XL e DSi XL - Azul - Tech Dealer Protect Kit para 3DS XL - Tech Dealer Starter Kit para 3DS XL e DSi XL - Azul - Tech Dealer Mega Carry Case para 3DS XL e DSi XL - Vinho - Tech Dealer Case p/ 3DS - Tech Dealer Fashion Kit para 3DS XL Pets - Branco/Rosa - Tech Dealer Kit Acessório Pokémon Legendary p/ Nintendo DS - Nintendo Mega Carry Case para 3DS XL e DSi XL - Prata - Tech Dealer Carregador Multi Plataforma - DS Lite/DSI/DSI XL/3DS/PSP Slim/PSP Go Fonte Ac Adapter Nintendo Dsi Dsi Xl 3ds 3ds Xl Bivolt 110220v... Pelicula Protetora Nintendo 3DSXL - Dreamgear Big Ben - Pacote Natural Para 3ds 3ds Xl Big Ben Metal Case Para 3ds Xl Azul Big Ben Metal Case Para 3ds Xl Cinza
http://busca.shoptime.com.br/produto.php?link=http://www.shoptime.com.br/produto/8413108/big-ben-metal-case-para-3ds-xl-azul&ranking=17&sessao=U25PBHB0ZXWC7&idbusca=e610f5774075b9720a0bca433a8b046a76130908&idproduto=8413108
		Acessando URL do produto.
		Nome do Produto: Fashion Kit para 3DS XL Aranha - Azul - Tech Dealer Mega Carry Case para 3DS XL e DSi XL - TV - Preto - Tech Dealer Kit Safe and Sound para 3DS XL Vermelho - Tech Dealer Starter Kit para 3DS XL e DSi XL Vermelho - Tech Dealer Mega Carry Case para 3DS XL e DSi XL - Azul - Tech Dealer Protect Kit para 3DS XL - Tech Dealer Starter Kit para 3DS XL e DSi XL - Azul - Tech Dealer Mega Carry Case para 3DS XL e DSi XL - Vinho - Tech Dealer Case p/ 3DS - Tech Dealer Fashion Kit para 3DS XL Pets - Branco/Rosa - Tech Dealer Kit Acessório Pokémon Legendary p/ Nintendo DS - Nintendo Mega Carry Case para 3DS XL e DSi XL - Prata - Tech Dealer Carregador Multi Plataforma - DS Lite/DSI/DSI XL/3DS/PSP Slim/PSP Go Fonte Ac Adapter Nintendo Dsi Dsi Xl 3ds 3ds Xl Bivolt 110220v... Pelicula Protetora Nintendo 3DSXL - Dreamgear Big Ben - Pacote Natural Para 3ds 3ds Xl Big Ben Metal Case Para 3ds Xl Azul Big Ben Metal Case Para 3ds Xl Cinza
http://busca.shoptime.com.br/produto.php?link=http://www.shoptime.com.br/produto/8413104/big-ben-metal-case-para-3ds-xl-cinza&ranking=18&sessao=U25PBHB0ZXWC7&idbusca=e610f5774075b9720a0bca433a8b046a76130908&idproduto=8413104
		Acessando URL do produto.
	Tempo Para buscar: 14078
Loja: ShopB
	URL Principal: http://www.shopb.com.br/
	URL Busca: http://busca.shopb.com.br/?busca=<BUSCA>
http://busca.shopb.com.br/?busca=3ds+XL
		Documento Lido
		Resultados: 35
		Nome do Produto: Nintendo 3DS XL - Azul
http://shopb.ecommercesearch.com.br/Busca/Redir?url=http%3a%2f%2fwww.shopb.com.br%2fecommerce_site%2findex.php%3fpg%3dproduto%26cdg%3d4488%26idp%3d35941%26idparceiro%3dp1&esid=35941
		Acessando URL do produto.
		Nome do Produto: Nintendo 3DS XL - Vermelho
http://shopb.ecommercesearch.com.br/Busca/Redir?url=http%3a%2f%2fwww.shopb.com.br%2fecommerce_site%2findex.php%3fpg%3dproduto%26cdg%3d4488%26idp%3d28793%26idparceiro%3dp1&esid=28793
		Acessando URL do produto.
		Nome do Produto: Nintendo 3DS XL Edição Especial Yoshi - Verde
http://shopb.ecommercesearch.com.br/Busca/Redir?url=http%3a%2f%2fwww.shopb.com.br%2fecommerce_site%2findex.php%3fpg%3dproduto%26cdg%3d4488%26idp%3d37033%26idparceiro%3dp1&esid=37033
		Acessando URL do produto.
		Nome do Produto: Nintendo 3DS XL - Preto
http://shopb.ecommercesearch.com.br/Busca/Redir?url=http%3a%2f%2fwww.shopb.com.br%2fecommerce_site%2findex.php%3fpg%3dproduto%26cdg%3d4488%26idp%3d28786%26idparceiro%3dp1&esid=28786
		Acessando URL do produto.
		Nome do Produto: Nintendo 3DS XL Edição Especial Mario & Luigi Dream Team - Prata
http://shopb.ecommercesearch.com.br/Busca/Redir?url=http%3a%2f%2fwww.shopb.com.br%2fecommerce_site%2findex.php%3fpg%3dproduto%26cdg%3d4488%26idp%3d37032%26idparceiro%3dp1&esid=37032
		Acessando URL do produto.
		Nome do Produto: Batman Arkham Origins: BlackGate - 3DS
			Igorando Pelo Filtro de Nome...
		Nome do Produto: Beyblade Evolution - 3DS
			Igorando Pelo Filtro de Nome...
		Nome do Produto: Bravely Default - 3DS
			Igorando Pelo Filtro de Nome...
		Nome do Produto: Cars 2 - 3DS
			Igorando Pelo Filtro de Nome...
		Nome do Produto: Cartão Nintendo 3DS / Wii U Shop (Cash Card) $20 - USA
			Igorando Pelo Filtro de Nome...
		Nome do Produto: Cartão Nintendo 3DS / Wii U Shop (Cash Card) $35 - USA
			Igorando Pelo Filtro de Nome...
		Nome do Produto: Cartão Nintendo 3DS / Wii U Shop (Cash Card) $50 - USA
			Igorando Pelo Filtro de Nome...
		Nome do Produto: Castlevania: Lords of Shadow Mirror of Fate - 3DS
			Igorando Pelo Filtro de Nome...
		Nome do Produto: Cut the Hope: Triple Treat - 3DS
			Igorando Pelo Filtro de Nome...
		Nome do Produto: Fire Emblem: Awakening - 3DS
			Igorando Pelo Filtro de Nome...
		Nome do Produto: Gran Turismo 5 XL Edition - PS3
			Igorando Pelo Filtro de Nome...
		Nome do Produto: Green Lantern: Rise of Manhunters - 3DS
			Igorando Pelo Filtro de Nome...
		Nome do Produto: Headset Tritton Kunai Stereo - Nintendo Wii U/3DS
			Igorando Pelo Filtro de Nome...
		Nome do Produto: LEGO Marvel Super Heroes: Universe in Peril - 3DS
			Igorando Pelo Filtro de Nome...
		Nome do Produto: LEGO Star Wars III: The Clone Wars - 3DS
			Igorando Pelo Filtro de Nome...
		Nome do Produto: LEGO The Hobbit - 3DS
			Igorando Pelo Filtro de Nome...
		Nome do Produto: LEGO The Lord of The Rings - 3DS
			Igorando Pelo Filtro de Nome...
		Nome do Produto: Lego Batman 2 DC Super Heroes - 3DS
			Igorando Pelo Filtro de Nome...
		Nome do Produto: Lego Batman 3: Beyond Gotham - 3DS
			Igorando Pelo Filtro de Nome...
		Nome do Produto: Lego Harry Potter Years 5-7 - 3DS
			Igorando Pelo Filtro de Nome...
		Nome do Produto: Luigis Mansion: Dark Moon - 3DS
			Igorando Pelo Filtro de Nome...
		Nome do Produto: Mario & Luigi: Dream Team - 3DS
			Igorando Pelo Filtro de Nome...
		Nome do Produto: Mario Golf: World Tour - 3DS
			Igorando Pelo Filtro de Nome...
		Nome do Produto: Mario Party: Island Tour - 3DS
			Igorando Pelo Filtro de Nome...
		Nome do Produto: Mario Tennis Open - 3DS
			Igorando Pelo Filtro de Nome...
		Nome do Produto: Metal Gear Solid 3D: Snake Eater 3D - 3DS
			Igorando Pelo Filtro de Nome...
		Nome do Produto: Monster Hunter 4 Ultimate - 3DS
			Igorando Pelo Filtro de Nome...
		Nome do Produto: Paper Mario: Sticker Star - 3DS
			Igorando Pelo Filtro de Nome...
		Nome do Produto: Pokemon Alpha Sapphire - 3DS
			Igorando Pelo Filtro de Nome...
		Nome do Produto: Pokemon Art Academy - 3DS
			Igorando Pelo Filtro de Nome...
	Tempo Para buscar: 4430
Loja: Submarino
	URL Principal: http://www.submarino.com.br/
	URL Busca: http://busca.submarino.com.br/busca.php?q=<BUSCA>
http://busca.submarino.com.br/busca.php?q=3ds+XL
		Documento Lido
		Resultados: 19
		Nome do Produto: Protect Kit para 3DS XL - Tech Dealer
http://busca.submarino.com.br/produto.php?link=http://www.submarino.com.br/produto/112736899/protect-kit-para-3ds-xl-tech-dealer&ranking=1&sessao=U25PC49XPG087&idbusca=2fb7f943029464ba1e96f1a1b9cb0d1940f32b87&idproduto=112736899
		Acessando URL do produto.
		Nome do Produto: Fashion Kit para 3DS XL Aranha - Azul - Tech Dealer
http://busca.submarino.com.br/produto.php?link=http://www.submarino.com.br/produto/112736813/fashion-kit-para-3ds-xl-aranha-azul-tech-dealer&ranking=2&sessao=U25PC49XPG087&idbusca=2fb7f943029464ba1e96f1a1b9cb0d1940f32b87&idproduto=112736813
		Acessando URL do produto.
		Nome do Produto: Starter Kit para 3DS XL e DSi XL - Azul - Tech Dealer
http://busca.submarino.com.br/produto.php?link=http://www.submarino.com.br/produto/112736856/starter-kit-para-3ds-xl-e-dsi-xl-azul-tech-dealer&ranking=3&sessao=U25PC49XPG087&idbusca=2fb7f943029464ba1e96f1a1b9cb0d1940f32b87&idproduto=112736856
		Acessando URL do produto.
		Nome do Produto: Starter Kit para 3DS XL e DSi XL Vermelho - Tech Dealer
http://busca.submarino.com.br/produto.php?link=http://www.submarino.com.br/produto/112736872/starter-kit-para-3ds-xl-e-dsi-xl-vermelho-tech-dealer&ranking=4&sessao=U25PC49XPG087&idbusca=2fb7f943029464ba1e96f1a1b9cb0d1940f32b87&idproduto=112736872
		Acessando URL do produto.
		Nome do Produto: Kit Acessório Pokémon Legendary p/ Nintendo DS - Nintendo
			Igorando Pelo Filtro de Nome...
		Nome do Produto: Mega Carry Case para 3DS XL e DSi XL - TV - Preto - Tech Dealer
http://busca.submarino.com.br/produto.php?link=http://www.submarino.com.br/produto/112736952/mega-carry-case-para-3ds-xl-e-dsi-xl-tv-preto-tech-dealer&ranking=6&sessao=U25PC49XPG087&idbusca=2fb7f943029464ba1e96f1a1b9cb0d1940f32b87&idproduto=112736952
		Acessando URL do produto.
		Nome do Produto: Mega Carry Case para 3DS XL e DSi XL - Vinho - Tech Dealer
http://busca.submarino.com.br/produto.php?link=http://www.submarino.com.br/produto/112736910/mega-carry-case-para-3ds-xl-e-dsi-xl-vinho-tech-dealer&ranking=7&sessao=U25PC49XPG087&idbusca=2fb7f943029464ba1e96f1a1b9cb0d1940f32b87&idproduto=112736910
		Acessando URL do produto.
		Nome do Produto: Kit Safe and Sound para 3DS XL Vermelho - Tech Dealer
http://busca.submarino.com.br/produto.php?link=http://www.submarino.com.br/produto/112736750/kit-safe-and-sound-para-3ds-xl-vermelho-tech-dealer&ranking=8&sessao=U25PC49XPG087&idbusca=2fb7f943029464ba1e96f1a1b9cb0d1940f32b87&idproduto=112736750
		Acessando URL do produto.
		Nome do Produto: Big Ben Metal Case Para 3ds Xl Azul
http://busca.submarino.com.br/produto.php?link=http://www.submarino.com.br/produto/8413108/big-ben-metal-case-para-3ds-xl-azul&ranking=9&sessao=U25PC49XPG087&idbusca=2fb7f943029464ba1e96f1a1b9cb0d1940f32b87&idproduto=8413108
		Acessando URL do produto.
		Nome do Produto: Mega Carry Case para 3DS XL e DSi XL - Prata - Tech Dealer
http://busca.submarino.com.br/produto.php?link=http://www.submarino.com.br/produto/112736979/mega-carry-case-para-3ds-xl-e-dsi-xl-prata-tech-dealer&ranking=10&sessao=U25PC49XPG087&idbusca=2fb7f943029464ba1e96f1a1b9cb0d1940f32b87&idproduto=112736979
		Acessando URL do produto.
		Nome do Produto: Case p/ 3DS - Tech Dealer
			Igorando Pelo Filtro de Nome...
		Nome do Produto: Kit Acessório Pokémon Bda-Stylus p/ Nintendo DS - Nintendo
			Igorando Pelo Filtro de Nome...
		Nome do Produto: Mega Carry Case para 3DS XL e DSi XL - Azul - Tech Dealer
http://busca.submarino.com.br/produto.php?link=http://www.submarino.com.br/produto/112737015/mega-carry-case-para-3ds-xl-e-dsi-xl-azul-tech-dealer&ranking=13&sessao=U25PC49XPG087&idbusca=2fb7f943029464ba1e96f1a1b9cb0d1940f32b87&idproduto=112737015
		Acessando URL do produto.
		Nome do Produto: Fashion Kit para 3DS XL Pets - Branco/Rosa - Tech Dealer
http://busca.submarino.com.br/produto.php?link=http://www.submarino.com.br/produto/112736830/fashion-kit-para-3ds-xl-pets-branco-rosa-tech-dealer&ranking=14&sessao=U25PC49XPG087&idbusca=2fb7f943029464ba1e96f1a1b9cb0d1940f32b87&idproduto=112736830
		Acessando URL do produto.
		Nome do Produto: Big Ben - Pacote Natural Para 3ds 3ds Xl
http://busca.submarino.com.br/produto.php?link=http://www.submarino.com.br/produto/8413126/big-ben-pacote-natural-para-3ds-3ds-xl&ranking=15&sessao=U25PC49XPG087&idbusca=2fb7f943029464ba1e96f1a1b9cb0d1940f32b87&idproduto=8413126
		Acessando URL do produto.
		Nome do Produto: Fonte Ac Adapter Nintendo Dsi Dsi Xl 3ds 3ds Xl Bivolt 110220v Carregador De Bateria
http://busca.submarino.com.br/produto.php?link=http://www.submarino.com.br/produto/8401422/fonte-ac-adapter-nintendo-dsi-dsi-xl-3ds-3ds-xl-bivolt-110220v-carregador-de-bateria&ranking=16&sessao=U25PC49XPG087&idbusca=2fb7f943029464ba1e96f1a1b9cb0d1940f32b87&idproduto=8401422
		Acessando URL do produto.
		Nome do Produto: Big Ben Metal Case Para 3ds Xl Cinza
http://busca.submarino.com.br/produto.php?link=http://www.submarino.com.br/produto/8413104/big-ben-metal-case-para-3ds-xl-cinza&ranking=17&sessao=U25PC49XPG087&idbusca=2fb7f943029464ba1e96f1a1b9cb0d1940f32b87&idproduto=8413104
		Acessando URL do produto.
		Nome do Produto: Carregador Multi Plataforma - DS Lite/DSI/DSI XL/3DS/PSP Slim/PSP Go
http://busca.submarino.com.br/produto.php?link=http://www.submarino.com.br/produto/110845071/carregador-multi-plataforma-ds-lite-dsi-dsi-xl-3ds-psp-slim-psp-go&ranking=18&sessao=U25PC49XPG087&idbusca=2fb7f943029464ba1e96f1a1b9cb0d1940f32b87&idproduto=110845071
		Acessando URL do produto.
		Nome do Produto: Pelicula Protetora Nintendo 3DSXL - Dreamgear
http://busca.submarino.com.br/produto.php?link=http://www.submarino.com.br/produto/112873914/pelicula-protetora-nintendo-3dsxl-dreamgear&ranking=19&sessao=U25PC49XPG087&idbusca=2fb7f943029464ba1e96f1a1b9cb0d1940f32b87&idproduto=112873914
		Acessando URL do produto.
	Tempo Para buscar: 17055
Loja: Walmart
	URL Principal: http://www.walmart.com.br/
	URL Busca: http://www.walmart.com.br/busca/?ft=<BUSCA>&PS=20
http://www.walmart.com.br/busca/?ft=3ds+XL&PS=20
		Documento Lido
		Resultados: 5
		Nome do Produto: Kit de Proteção Para Nintendo 3DS XL - BIG BEN
http://www.walmart.com.br//produto/Games/Acessorios-Nintendo-3DS/Big-Ben/423198-Kit-de-protecao-para-Nintendo-3DS-XL---BIG-BEM
		Acessando URL do produto.
		Nome do Produto: Pacote Canetas Stylus Para Nintendo 3DS XL - BIG BEN
http://www.walmart.com.br//produto/Games/Acessorios-Nintendo-3DS/Big-Ben/423197-Pacote-canetas-Stylus-para-Nintendo-3DS-XL
		Acessando URL do produto.
		Nome do Produto: Bolsa de Transporte Mario Para Nintendo DS Lite/ Dsi / Dsi XL / 3DS XL - BIG BEN
http://www.walmart.com.br//produto/Games/Acessorios-Multiplataforma/Big-Ben/426644-Bolsa-Transp-Nintendo-DS-Lite-Dsi--DSi-XL--3DS-XL
		Acessando URL do produto.
		Nome do Produto: Estojo de Policarbonato Para 3DS XL - BIG BEN
http://www.walmart.com.br//produto/Games/Acessorios-Nintendo-3DS/Big-Ben/423199-Estojo-de-policarbonato-para-3DS-XL---BIG-BEM
		Acessando URL do produto.
		Nome do Produto: Nintendo 3DS XL - Preto
http://www.walmart.com.br//produto/Cameras-e-Filmadoras/Filmadoras-digitais/Nintendo/3015775m-nintendo-3ds-xl-preto
		Acessando URL do produto.
	Tempo Para buscar: 4860

File copied from C:\java\rep\lookforprices\resources\imports\css.css to C:\java\rep\lookforprices\reports\2015-02-19 12\css.css
File copied from C:\java\rep\lookforprices\resources\imports\jquery.js to C:\java\rep\lookforprices\reports\2015-02-19 12\jquery.js
File copied from C:\java\rep\lookforprices\resources\imports\scripts.js to C:\java\rep\lookforprices\reports\2015-02-19 12\scripts.js
Tempo total de execução: 151729
