Loja: Nintendo eShop
	URL Principal: http://www.nintendo.com/3ds/eshop
	URL Busca: http://www.nintendo.com/json/content/get/game/filter?&&&&qterm=<BUSCA>
NintendoEShopSearch.search() http://www.nintendo.com/json/content/get/game/filter?&&&&qterm=Harvest+Moon+The+Tale+of+Two+Towns
		Documento Lido
		Resultados: 2
		Nome do Produto: Harvest Moon 3D: The Tale of Two Towns
http://www.nintendo.com/games/detail/8D6NYzknQDzIuJtRUljf9I86oRqim4Wh
		Acessando URL do produto.
URL = http://www.nintendo.com/games/detail/8D6NYzknQDzIuJtRUljf9I86oRqim4Wh
		Nome do Produto: Harvest Moon DS: The Tale of Two Towns
http://www.nintendo.com/games/detail/b2MRZ57vOf3-m4gwAzVsrkmIRKXJhmMm
		Acessando URL do produto.
URL = http://www.nintendo.com/games/detail/b2MRZ57vOf3-m4gwAzVsrkmIRKXJhmMm
	Tempo Para buscar: 2419
Loja: Americanas
	URL Principal: http://www.americanas.com.br/
	URL Busca: http://busca.americanas.com.br/busca.php?q=<BUSCA>
http://busca.americanas.com.br/busca.php?q=Harvest+Moon+The+Tale+of+Two+Towns
		Documento Lido
		Resultados: 2
		Nome do Produto: Harvest Moon New 3d Beginning N3ds
			Igorando Pelo Filtro de Nome...
		Nome do Produto: CD Neil Young - Harvest Moon
			Igorando Pelo Filtro de Nome...
	Tempo Para buscar: 577
Loja: Big Boy Games
	URL Principal: http://www.bigboygames.com.br/
	URL Busca: http://www.bigboygames.com.br/pesquisa/?p=<BUSCA>
http://www.bigboygames.com.br/pesquisa/?p=Harvest+Moon+The+Tale+of+Two+Towns
		Documento Lido
		Resultados*: 1
		Acessando URL do produto.
	Tempo Para buscar: 562
Loja: Casas Bahia
	URL Principal: http://www.casasbahia.com.br/
	URL Busca: http://buscas.casasbahia.com.br/search?w=<BUSCA>
http://buscas.casasbahia.com.br/search?w=Harvest+Moon+The+Tale+of+Two+Towns
		Documento Lido
		Resultados: 1
		Nome do Produto: Romeo and Juliet
			Igorando Pelo Filtro de Nome...
		Nome do Produto: A Monkey's Tale - Level 4 - Pearson
			Igorando Pelo Filtro de Nome...
		Nome do Produto: Jane Eyre - Level 3 - Charlotte Bronte
			Igorando Pelo Filtro de Nome...
		Nome do Produto: Romeo and Juliet - With CD Audio - William Shakespeare
			Igorando Pelo Filtro de Nome...
		Nome do Produto: Livro - Five Canterbury Tales - Level 1 - Col. Dominoes - Geoffrey Chaucer
			Igorando Pelo Filtro de Nome...
		Nome do Produto: Deadly Harvest
			Igorando Pelo Filtro de Nome...
		Nome do Produto: Livro - Neil Young: a Autobiografia - Neil Young
			Igorando Pelo Filtro de Nome...
		Nome do Produto: ADR In The Age Of Contemporaneity: Chaos, Complexity and Pedagogy
			Igorando Pelo Filtro de Nome...
		Nome do Produto: Fast Track Classics - Treasure Island - Com CD - Robert Louis Stevenson
			Igorando Pelo Filtro de Nome...
		Nome do Produto: Fast Track Classics - The Phantom of the Opera - Com CD - Gaston Leroux
			Igorando Pelo Filtro de Nome...
		Nome do Produto: Fast Track Classics - Call of The Wild - Com CD - Jack London
			Igorando Pelo Filtro de Nome...
		Nome do Produto: Fast Track Classics - Dracula - Com CD - Bram Stoker
			Igorando Pelo Filtro de Nome...
		Nome do Produto: Fast Track Classics - Robinson Crusoe - Com CD - Daniel Defoe
			Igorando Pelo Filtro de Nome...
		Nome do Produto: Livro - Mercedes Sport - Rainer Schlegelmilch
			Igorando Pelo Filtro de Nome...
		Nome do Produto: The Prince and the Pauper - Mark Twain
			Igorando Pelo Filtro de Nome...
		Nome do Produto: Blu-Ray - Gaetano Donizetti: L'Elisir d'Amore - Importado
			Igorando Pelo Filtro de Nome...
		Nome do Produto: The Classic Graphic Novel - A Christmas Carol -Text
			Igorando Pelo Filtro de Nome...
		Nome do Produto: Livro - Brazilian Taste Collection: Brigadeiros - André Boccato
			Igorando Pelo Filtro de Nome...
		Nome do Produto: CD-Audio -The Heinle Reading Library Illustrated Classics - The Man in the Iron Mask - Level B
			Igorando Pelo Filtro de Nome...
		Nome do Produto: CD Audio - The Heinle Reading Library Illustrated Classics - The Three Musketeers Level A
			Igorando Pelo Filtro de Nome...
	Tempo Para buscar: 1729
Loja: Extra
	URL Principal: http://www.extra.com.br/
	URL Busca: http://buscando.extra.com.br/search?w=<BUSCA>
http://buscando.extra.com.br/search?w=Harvest+Moon+The+Tale+of+Two+Towns
		Documento Lido
		Resultados: 12
		Nome do Produto: A Monkey's Tale - Level 4 - Pearson
			Igorando Pelo Filtro de Nome...
		Nome do Produto: A Tale of Two Cities - Charles Dickens
			Igorando Pelo Filtro de Nome...
		Nome do Produto: Romeo and Juliet
			Igorando Pelo Filtro de Nome...
		Nome do Produto: The Heinle Reading Library Illustrated Classics - A Tale of Two Cities - Level C
			Igorando Pelo Filtro de Nome...
		Nome do Produto: A Tale of Two Cities - Level 4 - Charles Dickens
			Igorando Pelo Filtro de Nome...
		Nome do Produto: Livro + CD - A Tale of Two Cities - Oxford Bookworms - Charles Dickens
			Igorando Pelo Filtro de Nome...
		Nome do Produto: Jane Eyre - Level 3 - Charlotte Bronte
			Igorando Pelo Filtro de Nome...
		Nome do Produto: Romeo and Juliet - With CD Audio - William Shakespeare
			Igorando Pelo Filtro de Nome...
		Nome do Produto: Livro - Five Canterbury Tales - Level 1 - Col. Dominoes - Geoffrey Chaucer
			Igorando Pelo Filtro de Nome...
		Nome do Produto: Deadly Harvest
			Igorando Pelo Filtro de Nome...
		Nome do Produto: ADR In The Age Of Contemporaneity: Chaos, Complexity and Pedagogy
			Igorando Pelo Filtro de Nome...
		Nome do Produto: Fast Track Classics - The Phantom of the Opera - Com CD - Gaston Leroux
			Igorando Pelo Filtro de Nome...
	Tempo Para buscar: 1922
Loja: E-Virtua
	URL Principal: http://www.evirtua.com.br/
	URL Busca: http://www.evirtua.com.br/Busca?search_department_id=0&SearchTerm=<BUSCA>
http://www.evirtua.com.br/Busca?search_department_id=0&SearchTerm=Harvest+Moon+The+Tale+of+Two+Towns
		Documento Lido
		Resultados: 0
	Tempo Para buscar: 486
Loja: Fast Games
	URL Principal: http://www.fastgames.com.br/
	URL Busca: http://www.fastgames.com.br/loja/busca.php?loja=187970&palavra_busca=<BUSCA>
http://www.fastgames.com.br/loja/busca.php?loja=187970&palavra_busca=Harvest+Moon+The+Tale+of+Two+Towns
		Documento Lido
		Resultados: 1
		Nome do Produto: Harvest Moon 3D: The Tale of Two Towns - 3DS
http://www.fastgames.com.br//harvest-moon-3d-the-tale-of-two-towns-3ds-pr-6297-187970.htm
		Acessando URL do produto.
	Tempo Para buscar: 2001
Loja: Fast Shop
	URL Principal: http://www.fastshop.com.br/loja/
	URL Busca: http://www.fastshop.com.br/webapp/wcs/stores/servlet/SearchDisplay?searchTerm=<BUSCA>&categoryId=&storeId=10151&catalogId=11052&langId=-6&pageSize=9&beginIndex=0&sType=SimpleSearch&resultCatEntryType=2&showResultsPage=true&searchSource=Q&pageView=&hotsite=fastshop
http://www.fastshop.com.br/webapp/wcs/stores/servlet/SearchDisplay?searchTerm=Harvest+Moon+The+Tale+of+Two+Towns&categoryId=&storeId=10151&catalogId=11052&langId=-6&pageSize=9&beginIndex=0&sType=SimpleSearch&resultCatEntryType=2&showResultsPage=true&searchSource=Q&pageView=&hotsite=fastshop
		Documento Lido
		Resultados: 0
	Tempo Para buscar: 1100
Loja: FNAC
	URL Principal: http://www.fnac.com.br/index.html
	URL Busca: http://busca.fnac.com.br/?busca=<BUSCA>
http://busca.fnac.com.br/?busca=Harvest+Moon+The+Tale+of+Two+Towns
		Documento Lido
		Resultados: 20
		Nome do Produto: The Art Of Pin Up
			Igorando Pelo Filtro de Nome...
		Nome do Produto: Vogue: The Gown
			Igorando Pelo Filtro de Nome...
		Nome do Produto: Game Of Thrones - 1ª A 4ª Temporada Completa (blu-ray) (20 Discos)
			Igorando Pelo Filtro de Nome...
		Nome do Produto: Game Of Thrones - 1ª A 3ª Temporada Completa (blu-ray) (15 Discos)
			Igorando Pelo Filtro de Nome...
		Nome do Produto: The Ultimate Collection (4 CDs + DVD)
			Igorando Pelo Filtro de Nome...
		Nome do Produto: Game Of Thrones - 1ª A 4ª Temporada Completa (20 DVDs)
			Igorando Pelo Filtro de Nome...
		Nome do Produto: Xbox One The Witcher 3
			Igorando Pelo Filtro de Nome...
		Nome do Produto: Ps4 The Witcher 3 Wild Hunt
			Igorando Pelo Filtro de Nome...
		Nome do Produto: Xbox One Call Of Duty: Ghosts
			Igorando Pelo Filtro de Nome...
		Nome do Produto: The Audi Book
			Igorando Pelo Filtro de Nome...
		Nome do Produto: The Bentley Book
			Igorando Pelo Filtro de Nome...
		Nome do Produto: 100 Getaways Around The World
			Igorando Pelo Filtro de Nome...
		Nome do Produto: Coleção The Vampire Diaries - Love Sucks - 1ª A 3ª Temporada Completa (15 DVDs)
			Igorando Pelo Filtro de Nome...
		Nome do Produto: Ps4 Lords Of The Fallen
			Igorando Pelo Filtro de Nome...
		Nome do Produto: Xbox One Lords Of The Fallen
			Igorando Pelo Filtro de Nome...
		Nome do Produto: Xbox One The Evil Within
			Igorando Pelo Filtro de Nome...
		Nome do Produto: The Goodwife - 1ª A 3ª Temporada (18 DVDs)
			Igorando Pelo Filtro de Nome...
		Nome do Produto: Sex And The City - Coleção Completa - Caixa Sapato (19 DVDs)
			Igorando Pelo Filtro de Nome...
		Nome do Produto: Coleção Two And A Half Men - 1ª Á 5ª Temporada (19 DVDs)
			Igorando Pelo Filtro de Nome...
		Nome do Produto: Xbox 360 Call Of Duty Advanced Warfare
			Igorando Pelo Filtro de Nome...
	Tempo Para buscar: 1162
Loja: Kabum
	URL Principal: http://www.kabum.com.br/
	URL Busca: http://www.kabum.com.br/cgi-local/site/listagem/listagem.cgi?string=<BUSCA>&btnG=
http://www.kabum.com.br/cgi-local/site/listagem/listagem.cgi?string=Harvest+Moon+The+Tale+of+Two+Towns&btnG=
		Documento Lido
		Resultados: 0
	Tempo Para buscar: 374
Loja: Livraria Cultura
	URL Principal: http://www.livrariacultura.com.br/
	URL Busca: http://www.livrariacultura.com.br/busca?N=0&Ntt=<BUSCA>
http://www.livrariacultura.com.br/busca?N=0&Ntt=Harvest+Moon+The+Tale+of+Two+Towns
		Documento Lido
		Resultados: 1
		Nome do Produto: HARVEST MOON GAMES
			Igorando Pelo Filtro de Nome...
	Tempo Para buscar: 363
Loja: Magazine Luiza
	URL Principal: http://www.magazineluiza.com.br/
	URL Busca: http://www.magazineluiza.com.br/busca/<BUSCA>/
http://www.magazineluiza.com.br/busca/Harvest+Moon+The+Tale+of+Two+Towns/
		Documento Lido
		Resultados: 60
		Nome do Produto: Army of Two:The Devils Cartel p/Xbox 360 - EA
			Igorando Pelo Filtro de Nome...
		Nome do Produto: Disney Epic Mickey 2: The Power of Two p/ PS3 - Ubisoft
			Igorando Pelo Filtro de Nome...
		Nome do Produto: Batom The Balm Girls - Cor Anita Boytoy - The Balm
			Igorando Pelo Filtro de Nome...
		Nome do Produto: Batom The Balm Girls - Cor Amanda Kiss My Lips - The Balm
			Igorando Pelo Filtro de Nome...
		Nome do Produto: Sombra em Pó Overshadow the Sexpot Series - Cor No Money No Honey - The Balm
			Igorando Pelo Filtro de Nome...
		Nome do Produto: Rímel Whats Your Type? The Body Builder - Cor Black - The Balm
			Igorando Pelo Filtro de Nome...
		Nome do Produto: Palheta de Sombras Compacta Meet Matt(e) Nude - The Balm
			Igorando Pelo Filtro de Nome...
		Nome do Produto: Blush Compacto Instains - Cor Swiss Dot - The Balm
			Igorando Pelo Filtro de Nome...
		Nome do Produto: Blush Compacto Instains - Cor Argyle - The Balm
			Igorando Pelo Filtro de Nome...
		Nome do Produto: Pincel Duplo para Sombra Give Crease a Chance - The Balm - The Balm
			Igorando Pelo Filtro de Nome...
		Nome do Produto: Blush Compacto Instains - Cor Houndstooth - The Balm
			Igorando Pelo Filtro de Nome...
		Nome do Produto: Blush Compacto Instains - Cor Pinstripe - The Balm
			Igorando Pelo Filtro de Nome...
		Nome do Produto: Palheta de Sombras Compacta Nude Tude Palette - Cor Colorido - The Balm
			Igorando Pelo Filtro de Nome...
		Nome do Produto: Estojo de Maquiagem Balm Jovi - Cor Colorido - The Balm
			Igorando Pelo Filtro de Nome...
		Nome do Produto: Rímel Whats Your Type? Tall, Dark, and Handsome - Cor 01 - The Balm
			Igorando Pelo Filtro de Nome...
		Nome do Produto: Pó Compacto Bahama Mama - The Balm
			Igorando Pelo Filtro de Nome...
		Nome do Produto: Pó Compacto Betty-Lou Manizer - The Balm
			Igorando Pelo Filtro de Nome...
		Nome do Produto: Blush Compacto Hot Mama - Pink - The Balm
			Igorando Pelo Filtro de Nome...
		Nome do Produto: Delineador Schwing - Cor Preto - The Balm
			Igorando Pelo Filtro de Nome...
		Nome do Produto: Gloss Stainiac Lip and Cheek Stain - Incolor - The Balm
			Igorando Pelo Filtro de Nome...
		Nome do Produto: Corretivo Compacto Time Balm Concealer - Cor Light - The Balm
			Igorando Pelo Filtro de Nome...
		Nome do Produto: Corretivo Compacto Time Balm Concealer - Cor Medium Dark - The Balm
			Igorando Pelo Filtro de Nome...
		Nome do Produto: Face Primer 30ml - The Balm
			Igorando Pelo Filtro de Nome...
		Nome do Produto: Base Compacta Time Balm Foundation - Cor Medium Dark - The Balm
			Igorando Pelo Filtro de Nome...
		Nome do Produto: Blush DownBoy - Cor Blush - The Balm
			Igorando Pelo Filtro de Nome...
		Nome do Produto: Paleta de Sombras Compacta Smoke Balm - 2 - Glow Kindle Combust - The Balm
			Igorando Pelo Filtro de Nome...
		Nome do Produto: Base Cremosa Balm Shelter Tinted Moisturizer - Cor Medium - The Balm
			Igorando Pelo Filtro de Nome...
		Nome do Produto: Base Cremosa Balm Shelter Tinted Moisturizer - Cor After Dark - The Balm
			Igorando Pelo Filtro de Nome...
		Nome do Produto: Base Cremosa Balm Shelter Tinted Moisturizer - Cor Dark - The Balm
			Igorando Pelo Filtro de Nome...
		Nome do Produto: Base Cremosa Balm Shelter Tinted Moisturizer - Cor Medium Dark - The Balm
			Igorando Pelo Filtro de Nome...
		Nome do Produto: Base Cremosa Balm Shelter Tinted Moisturizer - Cor Light Medium - The Balm
			Igorando Pelo Filtro de Nome...
		Nome do Produto: Corretivo Time Balm Concealer - The Balm
			Igorando Pelo Filtro de Nome...
		Nome do Produto: Pó Facial Mary Lou Manizer - Cor Dourado - The Balm
			Igorando Pelo Filtro de Nome...
		Nome do Produto: Blush Compacto Cindy Lou Manizer - Cor Rosê - The Balm
			Igorando Pelo Filtro de Nome...
		Nome do Produto: Sex and the City - Perfume Feminino Eau de Parfum 60ml
			Igorando Pelo Filtro de Nome...
		Nome do Produto: Sex and the City - Perfume Feminino Eau de Parfum 30ml
			Igorando Pelo Filtro de Nome...
		Nome do Produto: Sex and the City - Perfume Feminino Eau de Parfum 100ml
			Igorando Pelo Filtro de Nome...
		Nome do Produto: Sex and the City by Night - Perfume Feminino Eau de Parfum 60ml
			Igorando Pelo Filtro de Nome...
		Nome do Produto: Sex and the City by Night - Perfume Feminino Eau de Parfum 100ml
			Igorando Pelo Filtro de Nome...
		Nome do Produto: Sex and the City B Night Perfume Feminino - Eau de Parfum 30ml
			Igorando Pelo Filtro de Nome...
		Nome do Produto: 4 Copos com Canudo 296ml - The First Years
			Igorando Pelo Filtro de Nome...
		Nome do Produto: Pote para Lanches Princesas Disney - The First Years
			Igorando Pelo Filtro de Nome...
		Nome do Produto: Pote para Lanches Carros - The First Years
			Igorando Pelo Filtro de Nome...
		Nome do Produto: 4 Copos com Canudo - The First Years F4933
			Igorando Pelo Filtro de Nome...
		Nome do Produto: Tigela com Porta-Molho Destacável - The First Years
			Igorando Pelo Filtro de Nome...
		Nome do Produto: Tigela com Porta-Molho Destacável - The First Years
			Igorando Pelo Filtro de Nome...
		Nome do Produto: Yardley London Lily of the Valley - Perfume Feminino Eau de Toilette 125 ml
			Igorando Pelo Filtro de Nome...
		Nome do Produto: Yardley London Lily of the Valley - Perfume Feminino Eau de Toilette 50 ml
			Igorando Pelo Filtro de Nome...
		Nome do Produto: Yardley London Lyli of The Valley - Talco Feminino 200 g
			Igorando Pelo Filtro de Nome...
		Nome do Produto: Lego The Lord of the Rings para Nintendo DS - Warner
			Igorando Pelo Filtro de Nome...
		Nome do Produto: Lego The Lord of the Rings para PC - Warner
			Igorando Pelo Filtro de Nome...
		Nome do Produto: Lords of the Fallen para Xbox One - Bandai Namco
			Igorando Pelo Filtro de Nome...
		Nome do Produto: Lords of the Fallen para PS4 - Bandai Namco
			Igorando Pelo Filtro de Nome...
		Nome do Produto: The Last of Us para PS3 - Sony
			Igorando Pelo Filtro de Nome...
		Nome do Produto: Relógio Feminino Just Cavalli Moon WJ28888Q - Analógico Resiste á Água
			Igorando Pelo Filtro de Nome...
		Nome do Produto: The Walking Dead - Game of the Year Edition - p/ PS4 - Telltale Games
			Igorando Pelo Filtro de Nome...
		Nome do Produto: The Walking Dead - Game of the Year Edition - para Xbox One - Telltale Games
			Igorando Pelo Filtro de Nome...
		Nome do Produto: The House of the Dead: Overkill Extended Cut - jogo para PS3 - Sega
			Igorando Pelo Filtro de Nome...
		Nome do Produto: Ico & Shadow Of The Colossus para PS3 - Coleção Favoritos - Sony
			Igorando Pelo Filtro de Nome...
		Nome do Produto: The Last of Us - Remasterizado para PS4 - Naughty Dog
			Igorando Pelo Filtro de Nome...
	Tempo Para buscar: 753
Loja: Mula Games
	URL Principal: http://www.mulagames.com.br/
	URL Busca: http://www.mulagames.com.br/produtos-index/catalogo_produtos/-/-/<BUSCA>/-/-/-/-/-/
http://www.mulagames.com.br/produtos-index/catalogo_produtos/-/-/Harvest%20Moon%20The%20Tale%20of%20Two%20Towns/-/-/-/-/-/
		Documento Lido
		Resultados: 0
	Tempo Para buscar: 3614
Loja: Net Shoes
	URL Principal: http://www.netshoes.com.br/
	URL Busca: http://www.netshoes.com.br/search?Ntt=<BUSCA>
http://www.netshoes.com.br/search?Ntt=Harvest+Moon+The+Tale+of+Two+Towns
		Documento Lido
		Resultados: 60
		Nome do Produto: Jogo Transformers - Dark of the Moon Wii
			Igorando Pelo Filtro de Nome...
		Nome do Produto: Jogo Spider-Man: The Edge of Time Wii
			Igorando Pelo Filtro de Nome...
		Nome do Produto: Tênis Nike The Overplay 7
			Igorando Pelo Filtro de Nome...
		Nome do Produto: Tênis Nike The Overplay 8
			Igorando Pelo Filtro de Nome...
		Nome do Produto: Tênis Nike Zoom Run The One
			Igorando Pelo Filtro de Nome...
		Nome do Produto: Tênis Nike Son OF Force Juvenil
			Igorando Pelo Filtro de Nome...
		Nome do Produto: Tênis Nike Son OF Force Juvenil
			Igorando Pelo Filtro de Nome...
		Nome do Produto: Camiseta Adidas The Return Lebron James Cleveland Cavaliers
			Igorando Pelo Filtro de Nome...
		Nome do Produto: Tênis Nike Son OF Force Juvenil
			Igorando Pelo Filtro de Nome...
		Nome do Produto: Short Nike Set The Pace
			Igorando Pelo Filtro de Nome...
		Nome do Produto: Camiseta Regata GONEW Own the Court 2
			Igorando Pelo Filtro de Nome...
		Nome do Produto: Camiseta Regata GONEW Own the Court 1
			Igorando Pelo Filtro de Nome...
		Nome do Produto: Tênis Nike Son OF Force Juvenil
			Igorando Pelo Filtro de Nome...
		Nome do Produto: Mochila The King
			Igorando Pelo Filtro de Nome...
		Nome do Produto: Camiseta Puma Catch The Cat
			Igorando Pelo Filtro de Nome...
		Nome do Produto: Luva Penalty Max Of 12 Infantil
			Igorando Pelo Filtro de Nome...
		Nome do Produto: Bolsa de Selim Dante Urban Two
			Igorando Pelo Filtro de Nome...
		Nome do Produto: Bota Skechers On The-Go Chugga
			Igorando Pelo Filtro de Nome...
		Nome do Produto: Tênis Skechers ON THE GO
			Igorando Pelo Filtro de Nome...
		Nome do Produto: Calça Be Up On The Go
			Igorando Pelo Filtro de Nome...
		Nome do Produto: Tênis Nike Son Of Flight
			Igorando Pelo Filtro de Nome...
		Nome do Produto: Tênis Oakley Two Barrel 2
			Igorando Pelo Filtro de Nome...
		Nome do Produto: Tênis Coca-Cola The Best Leather Metal
			Igorando Pelo Filtro de Nome...
		Nome do Produto: Tênis Nike Zoom Run The One
			Igorando Pelo Filtro de Nome...
		Nome do Produto: Bermuda GONEW Own the Court 2
			Igorando Pelo Filtro de Nome...
		Nome do Produto: Bermuda GONEW Own the Court 1
			Igorando Pelo Filtro de Nome...
		Nome do Produto: Tênis Coca-Cola The Best Leather
			Igorando Pelo Filtro de Nome...
		Nome do Produto: Camiseta The King Skull Ghost
			Igorando Pelo Filtro de Nome...
		Nome do Produto: Mochila Penalty Matis Of 5
			Igorando Pelo Filtro de Nome...
		Nome do Produto: Tênis Olympikus The Club
			Igorando Pelo Filtro de Nome...
		Nome do Produto: Mochila Penalty Matis Of 5
			Igorando Pelo Filtro de Nome...
		Nome do Produto: Tênis Skechers ON THE GO
			Igorando Pelo Filtro de Nome...
		Nome do Produto: Short Nike Set The Pace
			Igorando Pelo Filtro de Nome...
		Nome do Produto: Camiseta Regata GONEW Own the Court 1
			Igorando Pelo Filtro de Nome...
		Nome do Produto: Mochila Penalty Matis Of 5
			Igorando Pelo Filtro de Nome...
		Nome do Produto: Tênis Skechers On The Go
			Igorando Pelo Filtro de Nome...
		Nome do Produto: Tênis Coca-Cola The Best Leather
			Igorando Pelo Filtro de Nome...
		Nome do Produto: Camiseta Speedo Half Moon
			Igorando Pelo Filtro de Nome...
		Nome do Produto: The Burner Control Appetite (ThermoBurn) 120 Cáps - Arnold Nutrition
			Igorando Pelo Filtro de Nome...
		Nome do Produto: Camiseta UFC The Spider Rise Again
			Igorando Pelo Filtro de Nome...
		Nome do Produto: Tênis Nike The Overplay 8
			Igorando Pelo Filtro de Nome...
		Nome do Produto: Tênis Olympikus The Club
			Igorando Pelo Filtro de Nome...
		Nome do Produto: Mochila Penalty Digital OF
			Igorando Pelo Filtro de Nome...
		Nome do Produto: Camiseta UFC The Beginning
			Igorando Pelo Filtro de Nome...
		Nome do Produto: Tênis Nike Son OF Force Infantil
			Igorando Pelo Filtro de Nome...
		Nome do Produto: Tênis Nike Son OF Force Infantil
			Igorando Pelo Filtro de Nome...
		Nome do Produto: Camiseta The King Canelada M/L
			Igorando Pelo Filtro de Nome...
		Nome do Produto: Bota Skechers On The Go Infantil
			Igorando Pelo Filtro de Nome...
		Nome do Produto: Tênis The North Face Ultra Smooth
			Igorando Pelo Filtro de Nome...
		Nome do Produto: Camiseta Speedo Half Moon
			Igorando Pelo Filtro de Nome...
		Nome do Produto: Blusão Nike YA76 HBR Brushed Fleece Over-The-Head c/ Capuz Juvenil
			Igorando Pelo Filtro de Nome...
		Nome do Produto: Camiseta Puma Catch The Cat
			Igorando Pelo Filtro de Nome...
		Nome do Produto: Mochila Penalty Victoria OF
			Igorando Pelo Filtro de Nome...
		Nome do Produto: Mochila Penalty Victoria OF
			Igorando Pelo Filtro de Nome...
		Nome do Produto: Camiseta Volcom The Leo Infantil
			Igorando Pelo Filtro de Nome...
		Nome do Produto: Bota Skechers On The Go Infantil
			Igorando Pelo Filtro de Nome...
		Nome do Produto: Blusão Nike YA76 HBR Brushed Fleece Over-The-Head c/ Capuz Juvenil
			Igorando Pelo Filtro de Nome...
		Nome do Produto: Camiseta Nike The Streets
			Igorando Pelo Filtro de Nome...
		Nome do Produto: Mochila Penalty Digital OF
			Igorando Pelo Filtro de Nome...
		Nome do Produto: Tênis Nike Zoom Run The One
			Igorando Pelo Filtro de Nome...
	Tempo Para buscar: 867
Loja: Ponto Frio
	URL Principal: http://www.pontofrio.com.br/
	URL Busca: http://search.pontofrio.com.br/search?w=<BUSCA>
http://search.pontofrio.com.br/search?w=Harvest+Moon+The+Tale+of+Two+Towns
		Documento Lido
		Resultados: 1
		Nome do Produto: A Tale of Two Cities - Charles Dickens
			Igorando Pelo Filtro de Nome...
		Nome do Produto: The Heinle Reading Library Illustrated Classics - A Tale of Two Cities - Level C
			Igorando Pelo Filtro de Nome...
		Nome do Produto: Livro + CD - A Tale of Two Cities - Oxford Bookworms - Charles Dickens
			Igorando Pelo Filtro de Nome...
		Nome do Produto: A Tale of Two Cities - Level 4 - Charles Dickens
			Igorando Pelo Filtro de Nome...
		Nome do Produto: Deadly Harvest
			Igorando Pelo Filtro de Nome...
		Nome do Produto: A Monkey's Tale - Level 4 - Pearson
			Igorando Pelo Filtro de Nome...
		Nome do Produto: Game Brothers: A tale of Two Sons para Download - PC
			Igorando Pelo Filtro de Nome...
		Nome do Produto: Stories from the Five Towns - Level 2
			Igorando Pelo Filtro de Nome...
		Nome do Produto: Livro + CD - Taste and Other Tale - Roald Dahl
			Igorando Pelo Filtro de Nome...
		Nome do Produto: Jogo Army Of Two: The Devil's Cartel - PS3
			Igorando Pelo Filtro de Nome...
		Nome do Produto: Game Society of the Serpent Moon: Last Half of Darkness para Download - PC
			Igorando Pelo Filtro de Nome...
		Nome do Produto: Two Villages: Two Hundred Years Apart
			Igorando Pelo Filtro de Nome...
		Nome do Produto: Game Journey to the Center of the Moon para Download - PC
			Igorando Pelo Filtro de Nome...
		Nome do Produto: Tales of Mystery with CD - Intermediate
			Igorando Pelo Filtro de Nome...
		Nome do Produto: Game The Book of Unwritten Tales: The Critter Chronicles para Download - PC
			Igorando Pelo Filtro de Nome...
		Nome do Produto: Game The Book of Unwritten Tales: The Critter Chronicles para Download - Mac
			Igorando Pelo Filtro de Nome...
		Nome do Produto: Livro + CD - Stories From the Five Towns - Oxford Bookworms - Level 2 - Arnold Bennett
			Igorando Pelo Filtro de Nome...
		Nome do Produto: Jogo Disney Epic Mickey 2: The Power of Two - PS3
			Igorando Pelo Filtro de Nome...
		Nome do Produto: Game Two Worlds II: Pirates of the Flying Fortress para Download - PC
			Igorando Pelo Filtro de Nome...
		Nome do Produto: Game Two Worlds II: Pirates of the Flying Fortress para Download - Mac
			Igorando Pelo Filtro de Nome...
		Nome do Produto: A Tale of Two Cities - Charles Dickens
			Igorando Pelo Filtro de Nome...
		Nome do Produto: The Heinle Reading Library Illustrated Classics - A Tale of Two Cities - Level C
			Igorando Pelo Filtro de Nome...
		Nome do Produto: Livro + CD - A Tale of Two Cities - Oxford Bookworms - Charles Dickens
			Igorando Pelo Filtro de Nome...
		Nome do Produto: A Tale of Two Cities - Level 4 - Charles Dickens
			Igorando Pelo Filtro de Nome...
		Nome do Produto: Deadly Harvest
			Igorando Pelo Filtro de Nome...
		Nome do Produto: A Monkey's Tale - Level 4 - Pearson
			Igorando Pelo Filtro de Nome...
		Nome do Produto: Game Brothers: A tale of Two Sons para Download - PC
			Igorando Pelo Filtro de Nome...
		Nome do Produto: Stories from the Five Towns - Level 2
			Igorando Pelo Filtro de Nome...
		Nome do Produto: Livro + CD - Taste and Other Tale - Roald Dahl
			Igorando Pelo Filtro de Nome...
		Nome do Produto: Jogo Army Of Two: The Devil's Cartel - PS3
			Igorando Pelo Filtro de Nome...
		Nome do Produto: Game Society of the Serpent Moon: Last Half of Darkness para Download - PC
			Igorando Pelo Filtro de Nome...
		Nome do Produto: Two Villages: Two Hundred Years Apart
			Igorando Pelo Filtro de Nome...
		Nome do Produto: Game Journey to the Center of the Moon para Download - PC
			Igorando Pelo Filtro de Nome...
		Nome do Produto: Tales of Mystery with CD - Intermediate
			Igorando Pelo Filtro de Nome...
		Nome do Produto: Game The Book of Unwritten Tales: The Critter Chronicles para Download - PC
			Igorando Pelo Filtro de Nome...
		Nome do Produto: Game The Book of Unwritten Tales: The Critter Chronicles para Download - Mac
			Igorando Pelo Filtro de Nome...
		Nome do Produto: Livro + CD - Stories From the Five Towns - Oxford Bookworms - Level 2 - Arnold Bennett
			Igorando Pelo Filtro de Nome...
		Nome do Produto: Jogo Disney Epic Mickey 2: The Power of Two - PS3
			Igorando Pelo Filtro de Nome...
		Nome do Produto: Game Two Worlds II: Pirates of the Flying Fortress para Download - PC
			Igorando Pelo Filtro de Nome...
		Nome do Produto: Game Two Worlds II: Pirates of the Flying Fortress para Download - Mac
			Igorando Pelo Filtro de Nome...
	Tempo Para buscar: 1144
Loja: Ricardo Eletro
	URL Principal: http://www.ricardoeletro.com.br/
	URL Busca: http://www.ricardoeletro.com.br/Busca/Resultado/?q=<BUSCA>
http://www.ricardoeletro.com.br/Busca/Resultado/?q=Harvest+Moon+The+Tale+of+Two+Towns
		Documento Lido
		Resultados: 0
	Tempo Para buscar: 1137
Loja: RiHappy
	URL Principal: http://www.rihappy.com.br/
	URL Busca: http://www.rihappy.com.br/<BUSCA>
http://www.rihappy.com.br/Harvest%20Moon%20The%20Tale%20of%20Two%20Towns
		Documento Lido
		Resultados: 0
	Tempo Para buscar: 1036
Loja: Saraiva
	URL Principal: http://www.saraiva.com.br/
	URL Busca: http://busca.saraiva.com.br/search?w=<BUSCA>&PAC_ID=129457&ts=ajax
http://busca.saraiva.com.br/search?w=Harvest+Moon+The+Tale+of+Two+Towns&PAC_ID=129457&ts=ajax
		Documento Lido
		Resultados: 30
		Nome do Produto: The Tale of Two Mice
			Igorando Pelo Filtro de Nome...
		Nome do Produto: A Tale of Two Cities
			Igorando Pelo Filtro de Nome...
		Nome do Produto: A Tale of Two Cities
			Igorando Pelo Filtro de Nome...
		Nome do Produto: Tales of the Five Towns
			Igorando Pelo Filtro de Nome...
		Nome do Produto: Tales of the Five Towns
			Igorando Pelo Filtro de Nome...
		Nome do Produto: Tales of the Five Towns
			Igorando Pelo Filtro de Nome...
		Nome do Produto: Tales of the Five Towns
			Igorando Pelo Filtro de Nome...
		Nome do Produto: The Miraculous Tale of the Two Maries
			Igorando Pelo Filtro de Nome...
		Nome do Produto: The Ancient Egyptian "tale of Two Brothers"
			Igorando Pelo Filtro de Nome...
		Nome do Produto: The Tale of Two Bad Mice
			Igorando Pelo Filtro de Nome...
		Nome do Produto: Tale Of Two Cities
			Igorando Pelo Filtro de Nome...
		Nome do Produto: Tale of Two Halves
			Igorando Pelo Filtro de Nome...
		Nome do Produto: Tale of Two Cities
			Igorando Pelo Filtro de Nome...
		Nome do Produto: Tale of Two Summers
			Igorando Pelo Filtro de Nome...
		Nome do Produto: Tale of Two Cities
			Igorando Pelo Filtro de Nome...
		Nome do Produto: Tale of Two Murders
			Igorando Pelo Filtro de Nome...
		Nome do Produto: Tale Of Two Cities
			Igorando Pelo Filtro de Nome...
		Nome do Produto: Tale of Two Cities
			Igorando Pelo Filtro de Nome...
		Nome do Produto: Tale of Two Cities
			Igorando Pelo Filtro de Nome...
		Nome do Produto: Tale of Two Cities
			Igorando Pelo Filtro de Nome...
		Nome do Produto: Under The Harvest Moon
			Igorando Pelo Filtro de Nome...
		Nome do Produto: A Tale of Two Factions
			Igorando Pelo Filtro de Nome...
		Nome do Produto: A Tale of Two Cities
			Igorando Pelo Filtro de Nome...
		Nome do Produto: A Tale of Two Turtles
			Igorando Pelo Filtro de Nome...
		Nome do Produto: A Tale Of Two Cities
			Igorando Pelo Filtro de Nome...
		Nome do Produto: A Tale of Two Cities
			Igorando Pelo Filtro de Nome...
		Nome do Produto: A Tale Of Two Vikings
			Igorando Pelo Filtro de Nome...
		Nome do Produto: A Tale Of Two Citie
			Igorando Pelo Filtro de Nome...
		Nome do Produto: A Tale Of Two Cities
			Igorando Pelo Filtro de Nome...
		Nome do Produto: A Tale of Two Cities
			Igorando Pelo Filtro de Nome...
	Tempo Para buscar: 3856
Loja: Shop Facil
	URL Principal: http://ww2.shopfacil.com.br/
	URL Busca: http://ww2.shopfacil.com.br/<BUSCA>
http://ww2.shopfacil.com.br/Harvest%20Moon%20The%20Tale%20of%20Two%20Towns
		Documento Lido
		Resultados: 0
	Tempo Para buscar: 10604
Loja: Shop Time
	URL Principal: http://www.shoptime.com.br/
	URL Busca: http://busca.shoptime.com.br/busca.php?q=<BUSCA>
http://busca.shoptime.com.br/busca.php?q=Harvest+Moon+The+Tale+of+Two+Towns
		Documento Lido
		Resultados: 2
		Nome do Produto: Harvest Moon New 3d Beginning N3ds CD Neil Young - Harvest Moon
			Igorando Pelo Filtro de Nome...
		Nome do Produto: Harvest Moon New 3d Beginning N3ds CD Neil Young - Harvest Moon
			Igorando Pelo Filtro de Nome...
	Tempo Para buscar: 430
Loja: ShopB
	URL Principal: http://www.shopb.com.br/
	URL Busca: http://busca.shopb.com.br/?busca=<BUSCA>
http://busca.shopb.com.br/?busca=Harvest+Moon+The+Tale+of+Two+Towns
		Documento Lido
		Resultados: 30
		Nome do Produto: A Game Of Thrones Genesis - PC
			Igorando Pelo Filtro de Nome...
		Nome do Produto: Adaptador Mini Display / HDMI
			Igorando Pelo Filtro de Nome...
		Nome do Produto: Adventure Time: Explore the Dungeon Because I Dont Know - PS3
			Igorando Pelo Filtro de Nome...
		Nome do Produto: Army of Two: The 40th Day - PS3
			Igorando Pelo Filtro de Nome...
		Nome do Produto: Army of Two: The 40th Day - XBOX 360
			Igorando Pelo Filtro de Nome...
		Nome do Produto: Army of Two: The Devils Cartel - PS3
			Igorando Pelo Filtro de Nome...
		Nome do Produto: Army of Two: The Devils Cartel - XBOX 360
			Igorando Pelo Filtro de Nome...
		Nome do Produto: Assassins Creed: The Americas Collection - PS3
			Igorando Pelo Filtro de Nome...
		Nome do Produto: Assassins Creed: The Americas Collection - XBOX 360
			Igorando Pelo Filtro de Nome...
		Nome do Produto: BAJA: Edge of Control - PS3
			Igorando Pelo Filtro de Nome...
		Nome do Produto: Back to the Future: The Game - PS3
			Igorando Pelo Filtro de Nome...
		Nome do Produto: Batman Arkham City: Game of The Year Edition - XBOX 360
			Igorando Pelo Filtro de Nome...
		Nome do Produto: Best of Playstation Network Collection: Vol 1 - PS3
			Igorando Pelo Filtro de Nome...
		Nome do Produto: Beyond Two Souls - PS3
			Igorando Pelo Filtro de Nome...
		Nome do Produto: Boneco - Anderson "The Spider" Silva UFC Ultimate Collector
			Igorando Pelo Filtro de Nome...
		Nome do Produto: Boneco - Wanderlei "The Axe Murderer" Silva UFC Ultimate Collector
			Igorando Pelo Filtro de Nome...
		Nome do Produto: Borderlands: The Pre-Sequel - PS3
			Igorando Pelo Filtro de Nome...
		Nome do Produto: Borderlands: The Pre-Sequel - XBOX 360
			Igorando Pelo Filtro de Nome...
		Nome do Produto: Bundle The Darkness II + Bioshock 2 + Mafia II - PS3
			Igorando Pelo Filtro de Nome...
		Nome do Produto: Bundle The Elder Scrolls V: Skyrim + Bioshock Infinite - PS3
			Igorando Pelo Filtro de Nome...
		Nome do Produto: Bundle The Elder Scrolls V: Skyrim + Bioshock Infinite - XBOX 360
			Igorando Pelo Filtro de Nome...
		Nome do Produto: Caixa de Som Mini System USB Direct / MP3 / CD / DVD - Philips
			Igorando Pelo Filtro de Nome...
		Nome do Produto: Call Of Duty 4: Modern Warfare - PS3
			Igorando Pelo Filtro de Nome...
		Nome do Produto: Call Of Duty 4: Modern Warfare - XBOX 360
			Igorando Pelo Filtro de Nome...
		Nome do Produto: Call Of Duty: World at War - XBOX 360
			Igorando Pelo Filtro de Nome...
		Nome do Produto: Call of Duty Advanced Warfare: Atlas Limited Edition - PS4
			Igorando Pelo Filtro de Nome...
		Nome do Produto: Call of Duty Advanced Warfare: Atlas Limited Edition - XBOX ONE
			Igorando Pelo Filtro de Nome...
		Nome do Produto: Call of Duty Advanced Warfare: Atlas Pro Edition - PS4
			Igorando Pelo Filtro de Nome...
		Nome do Produto: Call of Duty Black Ops 2 - Wii U
			Igorando Pelo Filtro de Nome...
		Nome do Produto: Call of Duty Black Ops 2: Hardened Edition - PS3
			Igorando Pelo Filtro de Nome...
	Tempo Para buscar: 957
Loja: Submarino
	URL Principal: http://www.submarino.com.br/
	URL Busca: http://busca.submarino.com.br/busca.php?q=<BUSCA>
http://busca.submarino.com.br/busca.php?q=Harvest+Moon+The+Tale+of+Two+Towns
		Documento Lido
		Resultados: 2
		Nome do Produto: Harvest Moon New 3d Beginning N3ds
			Igorando Pelo Filtro de Nome...
		Nome do Produto: CD Neil Young - Harvest Moon
			Igorando Pelo Filtro de Nome...
	Tempo Para buscar: 521
Loja: Walmart
	URL Principal: http://www.walmart.com.br/
	URL Busca: http://www.walmart.com.br/busca/?ft=<BUSCA>&PS=20
http://www.walmart.com.br/busca/?ft=Harvest+Moon+The+Tale+of+Two+Towns&PS=20
		Documento Lido
		Resultados: 1
		Nome do Produto: Jogo Harvest Moon: The Tale of Two Towns - Nintendo 3DS - 14005
http://www.walmart.com.br//produto/Games/Jogos-para-Nintendo-3DS/Nintendo/2739089m-jogo-harvest-moon-the-tale-of-two-towns-nintendo-3ds-14005
		Acessando URL do produto.
	Tempo Para buscar: 2593

File copied from C:\java\rep\lookforprices\resources\imports\css.css to C:\java\rep\lookforprices\reports\2015-02-27 10\css.css
File copied from C:\java\rep\lookforprices\resources\imports\jquery.js to C:\java\rep\lookforprices\reports\2015-02-27 10\jquery.js
File copied from C:\java\rep\lookforprices\resources\imports\scripts.js to C:\java\rep\lookforprices\reports\2015-02-27 10\scripts.js
Tempo total de execução: 40285
