Game: Bravely Default
Product Name: Bravely Default
Loja: Nintendo eShop
	URL Principal: http://www.nintendo.com/3ds/eshop
	URL Busca: http://www.nintendo.com/json/content/get/game/filter?&qterm=<BUSCA>
NintendoEShopSearch.search() http://www.nintendo.com/json/content/get/game/filter?&qterm=Bravely+Default
		Documento Lido
		Resultados: 1
		Nome do Produto: Bravely Default
http://www.nintendo.com/games/detail/_TC4w2TeJY7qrqBL64gpszI_65tjrVyp
		Acessando URL do produto.
URL = http://www.nintendo.com/games/detail/_TC4w2TeJY7qrqBL64gpszI_65tjrVyp
	Tempo Para buscar: 1325
Loja: Americanas
	URL Principal: http://www.americanas.com.br/
	URL Busca: http://busca.americanas.com.br/busca.php?q=<BUSCA>
http://busca.americanas.com.br/busca.php?q=Bravely+Default
		Documento Lido
		Resultados: 1
		Nome do Produto: Game Bravely Default - 3Ds
http://busca.americanas.com.br/produto.php?link=http://www.americanas.com.br/produto/117676784/game-bravely-default-3ds&ranking=1&sessao=U7OAJXWNH5W07&idbusca=7841eeaf9c7b176a2c50b293a3b703fd77744a85&idproduto=117676784
		Acessando URL do produto.
	Tempo Para buscar: 1242
Loja: Big Boy Games
	URL Principal: http://www.bigboygames.com.br/
	URL Busca: http://www.bigboygames.com.br/pesquisa/?p=<BUSCA>
http://www.bigboygames.com.br/pesquisa/?p=Bravely+Default
		Documento Lido
		Resultados*: 1
		Acessando URL do produto.
	Tempo Para buscar: 1111
Loja: Casas Bahia
	URL Principal: http://www.casasbahia.com.br/
	URL Busca: http://buscas.casasbahia.com.br/search?w=<BUSCA>
http://buscas.casasbahia.com.br/search?w=Bravely+Default
		Documento Lido
		Resultados: 2
		Nome do Produto: 
			Igorando Pelo Filtro de Nome...
		Nome do Produto: 
			Igorando Pelo Filtro de Nome...
		Nome do Produto: 
			Igorando Pelo Filtro de Nome...
		Nome do Produto: 
			Igorando Pelo Filtro de Nome...
		Nome do Produto: 
			Igorando Pelo Filtro de Nome...
		Nome do Produto: 
			Igorando Pelo Filtro de Nome...
		Nome do Produto: 
			Igorando Pelo Filtro de Nome...
		Nome do Produto: 
			Igorando Pelo Filtro de Nome...
		Nome do Produto: 
			Igorando Pelo Filtro de Nome...
		Nome do Produto: 
			Igorando Pelo Filtro de Nome...
		Nome do Produto: 
			Igorando Pelo Filtro de Nome...
		Nome do Produto: 
			Igorando Pelo Filtro de Nome...
		Nome do Produto: 
			Igorando Pelo Filtro de Nome...
		Nome do Produto: 
			Igorando Pelo Filtro de Nome...
		Nome do Produto: 
			Igorando Pelo Filtro de Nome...
		Nome do Produto: 
			Igorando Pelo Filtro de Nome...
		Nome do Produto: 
			Igorando Pelo Filtro de Nome...
		Nome do Produto: 
			Igorando Pelo Filtro de Nome...
		Nome do Produto: 
			Igorando Pelo Filtro de Nome...
		Nome do Produto: 
			Igorando Pelo Filtro de Nome...
		Nome do Produto: 
			Igorando Pelo Filtro de Nome...
		Nome do Produto: 
			Igorando Pelo Filtro de Nome...
	Tempo Para buscar: 2098
Loja: Extra
	URL Principal: http://www.extra.com.br/
	URL Busca: http://buscando.extra.com.br/search?w=<BUSCA>
http://buscando.extra.com.br/search?w=Bravely+Default
		Documento Lido
		Resultados: 1
		Nome do Produto: Bravely Default N3DS
http://buscando.extra.com.br/search?p=R&srid=S1-USESD01&lbc=extra&w=Bravely%20Default&url=http%3a%2f%2fproduto.extra.com.br%2f3379391%3f&rk=1&uid=161219644&sid=2&ts=custom&rsc=jcM37SPiDpSNyKPm&method=and&isort=score&view=grid
		Acessando URL do produto.
	Tempo Para buscar: 2518
Loja: E-Virtua
	URL Principal: http://www.evirtua.com.br/
	URL Busca: http://www.evirtua.com.br/Busca?search_department_id=0&SearchTerm=<BUSCA>
http://www.evirtua.com.br/Busca?search_department_id=0&SearchTerm=Bravely+Default
		Documento Lido
		Resultados: 1
		Nome do Produto: Bravely Default - 3DS
http://www.evirtua.com.br//bravely-default-3ds/3386-01
		Acessando URL do produto.
	Tempo Para buscar: 550
Loja: Fast Games
	URL Principal: http://www.fastgames.com.br/
	URL Busca: http://www.fastgames.com.br/loja/busca.php?loja=187970&palavra_busca=<BUSCA>
http://www.fastgames.com.br/loja/busca.php?loja=187970&palavra_busca=Bravely+Default
		Documento Lido
		Resultados: 0
	Tempo Para buscar: 220
Loja: Fast Shop
	URL Principal: http://www.fastshop.com.br/loja/
	URL Busca: http://www.fastshop.com.br/webapp/wcs/stores/servlet/SearchDisplay?searchTerm=<BUSCA>&categoryId=&storeId=10151&catalogId=11052&langId=-6&pageSize=9&beginIndex=0&sType=SimpleSearch&resultCatEntryType=2&showResultsPage=true&searchSource=Q&pageView=&hotsite=fastshop
http://www.fastshop.com.br/webapp/wcs/stores/servlet/SearchDisplay?searchTerm=Bravely+Default&categoryId=&storeId=10151&catalogId=11052&langId=-6&pageSize=9&beginIndex=0&sType=SimpleSearch&resultCatEntryType=2&showResultsPage=true&searchSource=Q&pageView=&hotsite=fastshop
		Documento Lido
		Resultados: 1
		Nome do Produto: 
			Igorando Pelo Filtro de Nome...
	Tempo Para buscar: 530
Loja: FNAC
	URL Principal: http://www.fnac.com.br/index.html
	URL Busca: http://busca.fnac.com.br/?busca=<BUSCA>
http://busca.fnac.com.br/?busca=Bravely+Default
		Documento Lido
		Resultados: 20
		Nome do Produto: Braun Depilador 5380 - Branco E Rosa
			Igorando Pelo Filtro de Nome...
		Nome do Produto: Divaldo Franco - Humanista E Médium Espírita (2 DVDs)
			Igorando Pelo Filtro de Nome...
		Nome do Produto: Box Divaldo Franco Responde Volumes 1 E 2
			Igorando Pelo Filtro de Nome...
		Nome do Produto: Chapeuzinho Vermelho - Uma Aventura Borbulhante
			Igorando Pelo Filtro de Nome...
		Nome do Produto: Efeito Borboleta - Revelação (blu-ray)
			Igorando Pelo Filtro de Nome...
		Nome do Produto: Borboletinha - Meu Primeiro Livro Quebra-cabeça
			Igorando Pelo Filtro de Nome...
		Nome do Produto: Borboleta de Papel - Perdoar Nem Sempre É Possível. Alguns Crimes Jamais Serão Esquecidos
			Igorando Pelo Filtro de Nome...
		Nome do Produto: Um Milhâo de Borboletas
			Igorando Pelo Filtro de Nome...
		Nome do Produto: O Enigma da Borboleta
			Igorando Pelo Filtro de Nome...
		Nome do Produto: Divaldo Franco Responde - Volume 2
			Igorando Pelo Filtro de Nome...
		Nome do Produto: Borboletas no Jardim
			Igorando Pelo Filtro de Nome...
		Nome do Produto: Divaldo Franco
			Igorando Pelo Filtro de Nome...
		Nome do Produto: A Borboleta Azul
			Igorando Pelo Filtro de Nome...
		Nome do Produto: A Menina que Colecionava Borboletas
			Igorando Pelo Filtro de Nome...
		Nome do Produto: Números Descubra E Aprenda - Borboletas
			Igorando Pelo Filtro de Nome...
		Nome do Produto: Rumo Às Estrelas
			Igorando Pelo Filtro de Nome...
		Nome do Produto: As Borboletas Encantadas
			Igorando Pelo Filtro de Nome...
		Nome do Produto: Divaldo Frahnco Responde - Volume 1
			Igorando Pelo Filtro de Nome...
		Nome do Produto: Murder At Union Station
			Igorando Pelo Filtro de Nome...
		Nome do Produto: Deceiver
			Igorando Pelo Filtro de Nome...
	Tempo Para buscar: 1060
Loja: Kabum
	URL Principal: http://www.kabum.com.br/
	URL Busca: http://www.kabum.com.br/cgi-local/site/listagem/listagem.cgi?string=<BUSCA>&btnG=
http://www.kabum.com.br/cgi-local/site/listagem/listagem.cgi?string=Bravely+Default&btnG=
		Documento Lido
		Resultados: 0
	Tempo Para buscar: 460
Loja: Livraria Cultura
	URL Principal: http://www.livrariacultura.com.br/
	URL Busca: http://www.livrariacultura.com.br/busca?N=0&Ntt=<BUSCA>
http://www.livrariacultura.com.br/busca?N=0&Ntt=Bravely+Default
		Documento Lido
		Resultados: 48
		Nome do Produto: STAR WARS - ALLEGIANCE
			Igorando Pelo Filtro de Nome...
		Nome do Produto: SO BRAVELY VEGETATIVE
			Igorando Pelo Filtro de Nome...
		Nome do Produto: SIN BRAVELY
			Igorando Pelo Filtro de Nome...
		Nome do Produto: SO BRAVELY AND SO WELL
			Igorando Pelo Filtro de Nome...
		Nome do Produto: BRAVELY FOUGHT THE QUEEN
			Igorando Pelo Filtro de Nome...
		Nome do Produto: BRAVELY FOUGHT THE QUEEN
			Igorando Pelo Filtro de Nome...
		Nome do Produto: MUSIC BRAVELY RINGING
			Igorando Pelo Filtro de Nome...
		Nome do Produto: SO BRAVELY AND SO WELL
			Igorando Pelo Filtro de Nome...
		Nome do Produto: THEY DID THEIR WORK BRAVELY
			Igorando Pelo Filtro de Nome...
		Nome do Produto: MUSIC BRAVELY RINGING
			Igorando Pelo Filtro de Nome...
		Nome do Produto: AGING BRAVELY
			Igorando Pelo Filtro de Nome...
		Nome do Produto: THE NEVERENDING STORY
			Igorando Pelo Filtro de Nome...
		Nome do Produto: DECAMERON TAROT
			Igorando Pelo Filtro de Nome...
		Nome do Produto: DRAGONART HOW TO DRAW FANTASTIC DRAGONS AND FANTAS
			Igorando Pelo Filtro de Nome...
		Nome do Produto: SPIDER-MAN
			Igorando Pelo Filtro de Nome...
		Nome do Produto: BLACK BEAUTY
			Igorando Pelo Filtro de Nome...
		Nome do Produto: 20,000 LEAGUES UNDER THE SEA
			Igorando Pelo Filtro de Nome...
		Nome do Produto: 20,000 LEAGUES UNDER THE SEA
			Igorando Pelo Filtro de Nome...
		Nome do Produto: ALLEGIANCE: STAR WARS
			Igorando Pelo Filtro de Nome...
		Nome do Produto: THE TIME OF MY LIFE
			Igorando Pelo Filtro de Nome...
		Nome do Produto: FEMALE WARRIORS, VOL. I (OF 2) (ILLUSTRATED)
			Igorando Pelo Filtro de Nome...
		Nome do Produto: RAGE OF A DEMON KING
			Igorando Pelo Filtro de Nome...
		Nome do Produto: MANIFESTA [10TH ANNIVERSARY EDITION]
			Igorando Pelo Filtro de Nome...
		Nome do Produto: LOVE FOR LIFE, A - LEVEL 6
			Igorando Pelo Filtro de Nome...
		Nome do Produto: RIVALS, THE - CHRIS EVERET VS MARTINA NAVRATILOVA
			Igorando Pelo Filtro de Nome...
		Nome do Produto: THE UGLY DUCKLING
			Igorando Pelo Filtro de Nome...
		Nome do Produto: STARTUPLAND
			Igorando Pelo Filtro de Nome...
		Nome do Produto: 20,000 LEAGUES UNDER THE SEA
			Igorando Pelo Filtro de Nome...
		Nome do Produto: SLAVE SPECIES OF GOD
			Igorando Pelo Filtro de Nome...
		Nome do Produto: BLOOD AND GOLD
			Igorando Pelo Filtro de Nome...
		Nome do Produto: SHARPE SERIES, V.4 - SHARPE'S TRAFALGAR
			Igorando Pelo Filtro de Nome...
		Nome do Produto: SPLENDOR: A LUXE NOVEL
			Igorando Pelo Filtro de Nome...
		Nome do Produto: JULIE KAGAWA’S: THE IRON KING THE GRAPHIC NOVEL
			Igorando Pelo Filtro de Nome...
		Nome do Produto: GENERAL AND MADAM DE LAFAYETTE
			Igorando Pelo Filtro de Nome...
		Nome do Produto: JOURNEY TO JO'BURG - A SOUTH AFRICAN STORY
			Igorando Pelo Filtro de Nome...
		Nome do Produto: THE LIGHT BRIDGE
			Igorando Pelo Filtro de Nome...
		Nome do Produto: SANCTIFICUM
			Igorando Pelo Filtro de Nome...
		Nome do Produto: SAMIRA & SAMIR
			Igorando Pelo Filtro de Nome...
		Nome do Produto: SECRET BETRAYAL OF BRITAIN'S WARTIME ALLIES:
			Igorando Pelo Filtro de Nome...
		Nome do Produto: MUDDLE EARTH
			Igorando Pelo Filtro de Nome...
		Nome do Produto: NO APPARENT DANGER
			Igorando Pelo Filtro de Nome...
		Nome do Produto: BEYOND GRACE’S RAINBOW
			Igorando Pelo Filtro de Nome...
		Nome do Produto: BLACK BEAUTY
			Igorando Pelo Filtro de Nome...
		Nome do Produto: PILGRIMS
			Igorando Pelo Filtro de Nome...
		Nome do Produto: LET IT GLOW!
			Igorando Pelo Filtro de Nome...
		Nome do Produto: HONOR'S SPLENDOUR
			Igorando Pelo Filtro de Nome...
		Nome do Produto: BLITZ KIDS
			Igorando Pelo Filtro de Nome...
		Nome do Produto: THE MAN WHO FORGOT HOW TO READ
			Igorando Pelo Filtro de Nome...
	Tempo Para buscar: 4491
Loja: Magazine Luiza
	URL Principal: http://www.magazineluiza.com.br/
	URL Busca: http://www.magazineluiza.com.br/busca/<BUSCA>/
http://www.magazineluiza.com.br/busca/Bravely+Default/
		Documento Lido
		Resultados: 0
	Tempo Para buscar: 700
Loja: Mula Games
	URL Principal: http://www.mulagames.com.br/
	URL Busca: http://www.mulagames.com.br/produtos-index/catalogo_produtos/-/-/<BUSCA>/-/-/-/-/-/
http://www.mulagames.com.br/produtos-index/catalogo_produtos/-/-/Bravely%20Default/-/-/-/-/-/
		Documento Lido
		Resultados: 1
		Nome do Produto: Bravely Default - 3DS
http://www.mulagames.com.br/Bravely-Default-3DS/prod-1967717/
		Acessando URL do produto.
http://www.mulagames.com.br/produto-ajax_retorna_dados_preco_comprar/1967717
		Acessando URL do preço produto.
	Tempo Para buscar: 2400
Loja: Net Shoes
	URL Principal: http://www.netshoes.com.br/
	URL Busca: http://www.netshoes.com.br/search?Ntt=<BUSCA>
http://www.netshoes.com.br/search?Ntt=Bravely+Default
		Documento Lido
		Resultados: 0
	Tempo Para buscar: 140
Loja: Ponto Frio
	URL Principal: http://www.pontofrio.com.br/
	URL Busca: http://search.pontofrio.com.br/search?w=<BUSCA>
http://search.pontofrio.com.br/search?w=Bravely+Default
		Documento Lido
		Resultados: 2
		Nome do Produto: 
			Igorando Pelo Filtro de Nome...
		Nome do Produto: 
			Igorando Pelo Filtro de Nome...
		Nome do Produto: 
			Igorando Pelo Filtro de Nome...
		Nome do Produto: 
			Igorando Pelo Filtro de Nome...
		Nome do Produto: 
			Igorando Pelo Filtro de Nome...
		Nome do Produto: 
			Igorando Pelo Filtro de Nome...
		Nome do Produto: 
			Igorando Pelo Filtro de Nome...
		Nome do Produto: 
			Igorando Pelo Filtro de Nome...
		Nome do Produto: 
			Igorando Pelo Filtro de Nome...
		Nome do Produto: 
			Igorando Pelo Filtro de Nome...
		Nome do Produto: 
			Igorando Pelo Filtro de Nome...
		Nome do Produto: 
			Igorando Pelo Filtro de Nome...
		Nome do Produto: 
			Igorando Pelo Filtro de Nome...
		Nome do Produto: 
			Igorando Pelo Filtro de Nome...
		Nome do Produto: 
			Igorando Pelo Filtro de Nome...
		Nome do Produto: 
			Igorando Pelo Filtro de Nome...
		Nome do Produto: 
			Igorando Pelo Filtro de Nome...
		Nome do Produto: 
			Igorando Pelo Filtro de Nome...
		Nome do Produto: 
			Igorando Pelo Filtro de Nome...
		Nome do Produto: 
			Igorando Pelo Filtro de Nome...
		Nome do Produto: 
			Igorando Pelo Filtro de Nome...
		Nome do Produto: 
			Igorando Pelo Filtro de Nome...
		Nome do Produto: 
			Igorando Pelo Filtro de Nome...
		Nome do Produto: 
			Igorando Pelo Filtro de Nome...
		Nome do Produto: 
			Igorando Pelo Filtro de Nome...
		Nome do Produto: 
			Igorando Pelo Filtro de Nome...
		Nome do Produto: 
			Igorando Pelo Filtro de Nome...
		Nome do Produto: 
			Igorando Pelo Filtro de Nome...
		Nome do Produto: 
			Igorando Pelo Filtro de Nome...
		Nome do Produto: 
			Igorando Pelo Filtro de Nome...
		Nome do Produto: 
			Igorando Pelo Filtro de Nome...
		Nome do Produto: 
			Igorando Pelo Filtro de Nome...
		Nome do Produto: 
			Igorando Pelo Filtro de Nome...
		Nome do Produto: 
			Igorando Pelo Filtro de Nome...
		Nome do Produto: 
			Igorando Pelo Filtro de Nome...
		Nome do Produto: 
			Igorando Pelo Filtro de Nome...
		Nome do Produto: 
			Igorando Pelo Filtro de Nome...
		Nome do Produto: 
			Igorando Pelo Filtro de Nome...
		Nome do Produto: 
			Igorando Pelo Filtro de Nome...
		Nome do Produto: 
			Igorando Pelo Filtro de Nome...
		Nome do Produto: 
			Igorando Pelo Filtro de Nome...
		Nome do Produto: 
			Igorando Pelo Filtro de Nome...
	Tempo Para buscar: 2197
Loja: Ricardo Eletro
	URL Principal: http://www.ricardoeletro.com.br/
	URL Busca: http://www.ricardoeletro.com.br/Busca/Resultado/?q=<BUSCA>
http://www.ricardoeletro.com.br/Busca/Resultado/?q=Bravely+Default
		Documento Lido
		Resultados: 0
	Tempo Para buscar: 1220
Loja: RiHappy
	URL Principal: http://www.rihappy.com.br/
	URL Busca: http://www.rihappy.com.br/<BUSCA>
http://www.rihappy.com.br/Bravely%20Default
		Documento Lido
		Resultados: 0
	Tempo Para buscar: 1070
Loja: Saraiva
	URL Principal: http://www.saraiva.com.br/
	URL Busca: http://busca.saraiva.com.br/search?w=<BUSCA>&PAC_ID=129457&ts=ajax
http://busca.saraiva.com.br/search?w=Bravely+Default&PAC_ID=129457&ts=ajax
		Documento Lido
		Resultados: 15
		Nome do Produto: Sin Bravely
			Igorando Pelo Filtro de Nome...
		Nome do Produto: Default Semantics
			Igorando Pelo Filtro de Nome...
		Nome do Produto: Discrimination By Default
			Igorando Pelo Filtro de Nome...
		Nome do Produto: Discrimination by Default
			Igorando Pelo Filtro de Nome...
		Nome do Produto: Equality by Default
			Igorando Pelo Filtro de Nome...
		Nome do Produto: Equality by Default
			Igorando Pelo Filtro de Nome...
		Nome do Produto: The Default Country
			Igorando Pelo Filtro de Nome...
		Nome do Produto: Empire By Default
			Igorando Pelo Filtro de Nome...
		Nome do Produto: Default Articles of Association For Companies
			Igorando Pelo Filtro de Nome...
		Nome do Produto: How to make money providing default mortgage field…
			Igorando Pelo Filtro de Nome...
		Nome do Produto: Quantitative Properties of Sovereign Default…
			Igorando Pelo Filtro de Nome...
		Nome do Produto: Probabilidade de Default - Modelo de Cálculo com…
			Igorando Pelo Filtro de Nome...
		Nome do Produto: The Fundamental Determinants of Credit Default…
			Igorando Pelo Filtro de Nome...
		Nome do Produto: ONE THING REMAINS
			Igorando Pelo Filtro de Nome...
		Nome do Produto: ELOCATION
			Igorando Pelo Filtro de Nome...
	Tempo Para buscar: 510
Loja: Shop Facil
	URL Principal: http://ww2.shopfacil.com.br/
	URL Busca: http://ww2.shopfacil.com.br/<BUSCA>
http://ww2.shopfacil.com.br/Bravely%20Default
		Documento Lido
		Resultados: 0
	Tempo Para buscar: 1220
Loja: Shop Time
	URL Principal: http://www.shoptime.com.br/
	URL Busca: http://busca.shoptime.com.br/busca.php?q=<BUSCA>
http://busca.shoptime.com.br/busca.php?q=Bravely+Default
		Documento Lido
		Resultados: 1
		Nome do Produto: Game Bravely Default - 3Ds
http://busca.shoptime.com.br/produto.php?link=http://www.shoptime.com.br/produto/117676784/game-bravely-default-3ds&ranking=1&sessao=U7OAKR999R4G7&idbusca=b3d550d03198c65db6b28e03d659e6885385fb97&idproduto=117676784
		Acessando URL do produto.
	Tempo Para buscar: 1310
Loja: ShopB
	URL Principal: http://www.shopb.com.br/
	URL Busca: http://busca.shopb.com.br/?busca=<BUSCA>
http://busca.shopb.com.br/?busca=Bravely+Default
		Documento Lido
		Resultados: 14
		Nome do Produto: Bravely Default - 3DS
http://shopb.ecommercesearch.com.br/Busca/Redir?url=http%3a%2f%2fwww.shopb.com.br%2fecommerce_site%2findex.php%3fpg%3dproduto%26cdg%3d4488%26idp%3d36832%26idparceiro%3dp1&esid=36832
		Acessando URL do produto.
		Nome do Produto: Assassins Creed Rogue - PS3
			Igorando Pelo Filtro de Nome...
		Nome do Produto: Assassins Creed Rogue - XBOX 360
			Igorando Pelo Filtro de Nome...
		Nome do Produto: Assassins Creed Unity: Signature Edition - XBOX ONE
			Igorando Pelo Filtro de Nome...
		Nome do Produto: Just Dance 2015 - PS4
			Igorando Pelo Filtro de Nome...
		Nome do Produto: Just Dance 2015 - XBOX ONE
			Igorando Pelo Filtro de Nome...
		Nome do Produto: Lego Batman 3: Beyond Gotham - XBOX 360
			Igorando Pelo Filtro de Nome...
		Nome do Produto: Little Big Planet - Game of Year Edition - PS3
			Igorando Pelo Filtro de Nome...
		Nome do Produto: Little Big Planet 3 - PS3
			Igorando Pelo Filtro de Nome...
		Nome do Produto: Minecraft - XBOX 360 Edition
			Igorando Pelo Filtro de Nome...
		Nome do Produto: The Order 1886: BlackWater Edition - PS4
			Igorando Pelo Filtro de Nome...
		Nome do Produto: The Order: 1886 - PS4
			Igorando Pelo Filtro de Nome...
		Nome do Produto: Just Dance 2015 - PS3
			Igorando Pelo Filtro de Nome...
		Nome do Produto: Just Dance 2015 - XBOX 360
			Igorando Pelo Filtro de Nome...
	Tempo Para buscar: 1630
Loja: Submarino
	URL Principal: http://www.submarino.com.br/
	URL Busca: http://busca.submarino.com.br/busca.php?q=<BUSCA>
http://busca.submarino.com.br/busca.php?q=Bravely+Default
		Documento Lido
		Resultados: 1
		Nome do Produto: Game Bravely Default - 3Ds
http://busca.submarino.com.br/produto.php?link=http://www.submarino.com.br/produto/117676784/game-bravely-default-3ds&ranking=1&sessao=U7OAKV32Q0GO7&idbusca=59ae489051223a4cf73e1f9196f7335b4ad3870b&idproduto=117676784
		Acessando URL do produto.
	Tempo Para buscar: 1644
Loja: Walmart
	URL Principal: http://www.walmart.com.br/
	URL Busca: http://www.walmart.com.br/busca/?ft=<BUSCA>&PS=20
http://www.walmart.com.br/busca/?ft=Bravely+Default&PS=20
		Documento Lido
		Resultados: 5
		Nome do Produto: Diamonds And Defaults
			Igorando Pelo Filtro de Nome...
		Nome do Produto: Empire By Default
			Igorando Pelo Filtro de Nome...
		Nome do Produto: Equality by Default
			Igorando Pelo Filtro de Nome...
		Nome do Produto: Default Y La Reestructuracion de La Deuda, El
			Igorando Pelo Filtro de Nome...
		Nome do Produto: Equality by Default - ISI Books
			Igorando Pelo Filtro de Nome...
	Tempo Para buscar: 1353

File copied from C:\java\workspace Estudo\lookforprices\resources\imports\css.css to C:\java\workspace Estudo\lookforprices\reports\2015-05-14 12\css.css
File copied from C:\java\workspace Estudo\lookforprices\resources\imports\jquery.js to C:\java\workspace Estudo\lookforprices\reports\2015-05-14 12\jquery.js
File copied from C:\java\workspace Estudo\lookforprices\resources\imports\scripts.js to C:\java\workspace Estudo\lookforprices\reports\2015-05-14 12\scripts.js
Tempo total de execução: 31009
