Game: monster hunter ultimate 4
Product Name: monster hunter ultimate 4
Loja: Nintendo eShop
	URL Principal: http://www.nintendo.com/3ds/eshop
	URL Busca: http://www.nintendo.com/json/content/get/game/filter?&qterm=<BUSCA>
NintendoEShopSearch.search() http://www.nintendo.com/json/content/get/game/filter?&qterm=monster+hunter+ultimate+4
		Documento Lido
		Resultados: 3
		Nome do Produto: Monster Hunter 4 Ultimate
http://www.nintendo.com/games/detail/xKYkSY9ybVIBDX3rGWZ0CBDZgtLt9Am3
		Acessando URL do produto.
URL = http://www.nintendo.com/games/detail/xKYkSY9ybVIBDX3rGWZ0CBDZgtLt9Am3
		Nome do Produto: Monster Hunter 3 Ultimate
			Igorando Pelo Filtro de Nome...
		Nome do Produto: SNK Arcade Classics Volume 1
			Igorando Pelo Filtro de Nome...
	Tempo Para buscar: 740
Loja: Americanas
	URL Principal: http://www.americanas.com.br/
	URL Busca: http://busca.americanas.com.br/busca.php?q=<BUSCA>
http://busca.americanas.com.br/busca.php?q=monster+hunter+ultimate+4
		Documento Lido
		Resultados: 1
		Nome do Produto: Jogo Nintendo 3ds Monster Hunter Ultimate 4 - Capcom
http://busca.americanas.com.br/produto.php?link=http://www.americanas.com.br/produto/8579697/jogo-nintendo-3ds-monster-hunter-ultimate-4-capcom&ranking=1&sessao=U7OADUF2X8G47&idbusca=34af9fa84696d44790b2ff61346d867c792532f9&idproduto=8579697
		Acessando URL do produto.
	Tempo Para buscar: 1482
Loja: Big Boy Games
	URL Principal: http://www.bigboygames.com.br/
	URL Busca: http://www.bigboygames.com.br/pesquisa/?p=<BUSCA>
http://www.bigboygames.com.br/pesquisa/?p=monster+hunter+ultimate+4
		Documento Lido
		Resultados: 3
		Nome do Produto: 3DS - Monster Hunter 4 Ultimate
http://www.bigboygames.com.br/3ds-monster-hunter-4-ultimate-p6907/
		Acessando URL do produto.
		Nome do Produto: WiiU - Monster Hunter 3 Ultimate
			Igorando Pelo Filtro de Nome...
		Nome do Produto: Monster Hunter 3 Ultimate - 3DS
			Igorando Pelo Filtro de Nome...
	Tempo Para buscar: 1297
Loja: Casas Bahia
	URL Principal: http://www.casasbahia.com.br/
	URL Busca: http://buscas.casasbahia.com.br/search?w=<BUSCA>
http://buscas.casasbahia.com.br/search?w=monster+hunter+ultimate+4
		Documento Lido
		Resultados: 1
		Nome do Produto: Jogo Monster Hunter 3 Ultimate - 3DS
			Igorando Pelo Filtro de Nome...
		Nome do Produto: Game Monster Hunter 3 Ultimate - WiiU
			Igorando Pelo Filtro de Nome...
	Tempo Para buscar: 1016
Loja: Extra
	URL Principal: http://www.extra.com.br/
	URL Busca: http://buscando.extra.com.br/search?w=<BUSCA>
http://buscando.extra.com.br/search?w=monster+hunter+ultimate+4
		Documento Lido
		Resultados: 2
		Nome do Produto: Jogo Monster Hunter 3 Ultimate - 3DS
			Igorando Pelo Filtro de Nome...
		Nome do Produto: Game Monster Hunter 3 Ultimate - WiiU
			Igorando Pelo Filtro de Nome...
	Tempo Para buscar: 1713
Loja: E-Virtua
	URL Principal: http://www.evirtua.com.br/
	URL Busca: http://www.evirtua.com.br/Busca?search_department_id=0&SearchTerm=<BUSCA>
http://www.evirtua.com.br/Busca?search_department_id=0&SearchTerm=monster+hunter+ultimate+4
		Documento Lido
		Resultados: 1
		Nome do Produto: Monster Hunter 4 Ultimate - Nintendo 3DS
http://www.evirtua.com.br//monster-hunter-4-ultimate-nintendo-3ds/3685-01
		Acessando URL do produto.
	Tempo Para buscar: 400
Loja: Fast Games
	URL Principal: http://www.fastgames.com.br/
	URL Busca: http://www.fastgames.com.br/loja/busca.php?loja=187970&palavra_busca=<BUSCA>
http://www.fastgames.com.br/loja/busca.php?loja=187970&palavra_busca=monster+hunter+ultimate+4
		Documento Lido
		Resultados: 2
		Nome do Produto: Monster Hunter 3 Ultimate - 3DS
			Igorando Pelo Filtro de Nome...
		Nome do Produto: Monster Hunter 3 Ultimate - Wii U
			Igorando Pelo Filtro de Nome...
	Tempo Para buscar: 1230
Loja: Fast Shop
	URL Principal: http://www.fastshop.com.br/loja/
	URL Busca: http://www.fastshop.com.br/webapp/wcs/stores/servlet/SearchDisplay?searchTerm=<BUSCA>&categoryId=&storeId=10151&catalogId=11052&langId=-6&pageSize=9&beginIndex=0&sType=SimpleSearch&resultCatEntryType=2&showResultsPage=true&searchSource=Q&pageView=&hotsite=fastshop
http://www.fastshop.com.br/webapp/wcs/stores/servlet/SearchDisplay?searchTerm=monster+hunter+ultimate+4&categoryId=&storeId=10151&catalogId=11052&langId=-6&pageSize=9&beginIndex=0&sType=SimpleSearch&resultCatEntryType=2&showResultsPage=true&searchSource=Q&pageView=&hotsite=fastshop
		Documento Lido
		Resultados: 0
	Tempo Para buscar: 600
Loja: FNAC
	URL Principal: http://www.fnac.com.br/index.html
	URL Busca: http://busca.fnac.com.br/?busca=<BUSCA>
http://busca.fnac.com.br/?busca=monster+hunter+ultimate+4
		Documento Lido
		Resultados: 20
		Nome do Produto: Smart TV Oled 3D Lg 55ea9800 Curved 55" Full HD 240hz 4-hdmi 3-usb 4-óculos Wi-fi Integrado
			Igorando Pelo Filtro de Nome...
		Nome do Produto: Macbook Pro Apple Mgxa2bz/a 16gb 256gb 15,4"
			Igorando Pelo Filtro de Nome...
		Nome do Produto: Smart TV LED 3D Samsung Un65hu8700gxzd 65" Uhd Curve 1200 Hz 4-hdmi
			Igorando Pelo Filtro de Nome...
		Nome do Produto: Smart TV LED 3D Sony Kdl-65w955b 65" Full HD 480 Hz 4-hdmi Wi-fi Integrado 2-óculos
			Igorando Pelo Filtro de Nome...
		Nome do Produto: Smart TV LED 3D Philips 65pfg7459/78 65" Full HD 960 Hz 3-hdmi 4-óculos
			Igorando Pelo Filtro de Nome...
		Nome do Produto: Smart TV LED Sony Kdl-60w605b 60" Full HD 480hz 4-hdmi Wi-fi Integrado
			Igorando Pelo Filtro de Nome...
		Nome do Produto: Samsung Galaxy S6 Edge Sm-g925izkezto 64gb, Tela 5.1'', Android 5.0 Lollipop,câmera 16mp, 4g, Preto (celular/smartphone)
			Igorando Pelo Filtro de Nome...
		Nome do Produto: Samsung Galaxy S6 Edge Sm-g925izdezto 64gb, Tela 5.1'', Android 5.0 Lollipop, Câmera 16mp, 4g, Dourado (celular/smartphone)
			Igorando Pelo Filtro de Nome...
		Nome do Produto: Samsung Galaxy S6 Edge Sm G925izwezto 64gb, Tela 5.1'', Android 5.0 Lollipop, Câmera 16mp, 4g, Branco (celular/smartphone)
			Igorando Pelo Filtro de Nome...
		Nome do Produto: Smart TV LED 3D Sony Kdl-55w805b 55" Full HD 480hz 4-hdmi Wi-fi Integrado 2-óculos
			Igorando Pelo Filtro de Nome...
		Nome do Produto: Apple Iphone 6 Plus 128gb, A8-1.4ghz, Tela Retina HD 5.5", Ios 8.0, Câmera 8mp, Prata
			Igorando Pelo Filtro de Nome...
		Nome do Produto: Apple Iphone 6 Plus 128gb, A8-1.4ghz, Tela Retina HD 5.5", Ios 8.0, Câmera 8mp, Dourado
			Igorando Pelo Filtro de Nome...
		Nome do Produto: Smart TV LED Samsung Un60h6103agxzd 60" Fulll HD 240 Hz 2-hdmi Wi-fi Integrado
			Igorando Pelo Filtro de Nome...
		Nome do Produto: Playstation 4
			Igorando Pelo Filtro de Nome...
		Nome do Produto: Apple Iphone 6 Plus 64gb, A8-1.4ghz, Tela Retina HD 5.5", Ios 8.0, Câmera 8mp, Dourado
			Igorando Pelo Filtro de Nome...
		Nome do Produto: Apple Iphone 5s 64gb, 1.3ghz, Tela Retina 4", Ios 7.0, Câmera 8mp, 4g, Grafite ( Celular / Smartphone )
			Igorando Pelo Filtro de Nome...
		Nome do Produto: Apple Ipad Air 2 Mgwl2br/a 128gb Wi-fi+cellular - Space Gray ( Tablet)
			Igorando Pelo Filtro de Nome...
		Nome do Produto: Apple Ipad Air 2 Mgwm2br/a 128gb Wi-fi+cellular - Silver (tablet)
			Igorando Pelo Filtro de Nome...
		Nome do Produto: Smart TV LED 3D Philips 55pfg7109/78 55" Full HD 960 Hz 4-hdmi 4-óculos Ambilight
			Igorando Pelo Filtro de Nome...
		Nome do Produto: All In One Lenovo B550 Core I5-4430 8gb 1tb Windows 8.1 23"
			Igorando Pelo Filtro de Nome...
	Tempo Para buscar: 1286
Loja: Kabum
	URL Principal: http://www.kabum.com.br/
	URL Busca: http://www.kabum.com.br/cgi-local/site/listagem/listagem.cgi?string=<BUSCA>&btnG=
http://www.kabum.com.br/cgi-local/site/listagem/listagem.cgi?string=monster+hunter+ultimate+4&btnG=
		Documento Lido
		Resultados: 0
	Tempo Para buscar: 411
Loja: Livraria Cultura
	URL Principal: http://www.livrariacultura.com.br/
	URL Busca: http://www.livrariacultura.com.br/busca?N=0&Ntt=<BUSCA>
http://www.livrariacultura.com.br/busca?N=0&Ntt=monster+hunter+ultimate+4
		Documento Lido
		Resultados: 4
		Nome do Produto: ALPHA HUNTER
			Igorando Pelo Filtro de Nome...
		Nome do Produto: A TALE OF TWO DEMON SLAYERS
			Igorando Pelo Filtro de Nome...
		Nome do Produto: MONSTER HUNTER 3 ULTIMATE (3DS)
			Igorando Pelo Filtro de Nome...
		Nome do Produto: CABELA'S VIDEO GAMES
			Igorando Pelo Filtro de Nome...
	Tempo Para buscar: 423
Loja: Magazine Luiza
	URL Principal: http://www.magazineluiza.com.br/
	URL Busca: http://www.magazineluiza.com.br/busca/<BUSCA>/
http://www.magazineluiza.com.br/busca/monster+hunter+ultimate+4/
		Documento Lido
		Resultados: 60
		Nome do Produto: Warriors Orochi 3 Ultimate para PS4 - Koei
			Igorando Pelo Filtro de Nome...
		Nome do Produto: Injustice: Gods Among Us - Ultimate Edition p/ PS4 - Warner
			Igorando Pelo Filtro de Nome...
		Nome do Produto: Killzone Shadow Fall para PS4 - Sony
			Igorando Pelo Filtro de Nome...
		Nome do Produto: Alien: Isolation - Nostromo Edition para PS4 - Sega
			Igorando Pelo Filtro de Nome...
		Nome do Produto: Evolve para PS4 - 2K Games
			Igorando Pelo Filtro de Nome...
		Nome do Produto: Final Fantasy XIV Online: A Realm Reborn p/ PS4 - Square Enix
			Igorando Pelo Filtro de Nome...
		Nome do Produto: Knack para PS4 - Sony
			Igorando Pelo Filtro de Nome...
		Nome do Produto: Minecraft para PS4 - Mojang
			Igorando Pelo Filtro de Nome...
		Nome do Produto: Dragon Age: Inquisition para PS4 - EA
			Igorando Pelo Filtro de Nome...
		Nome do Produto: NHL 15 para PS4 - EA
			Igorando Pelo Filtro de Nome...
		Nome do Produto: Madden NFL 15 para PS4 - EA
			Igorando Pelo Filtro de Nome...
		Nome do Produto: Murdered Soul Suspect para PS4 - Capcom
			Igorando Pelo Filtro de Nome...
		Nome do Produto: Battlefield 4 para PS4 - EA
			Igorando Pelo Filtro de Nome...
		Nome do Produto: Thief para PS4 - Square Enix
			Igorando Pelo Filtro de Nome...
		Nome do Produto: Knack para PS4 - Sony
			Igorando Pelo Filtro de Nome...
		Nome do Produto: Rabbids Invasion para PS4 - Ubisoft
			Igorando Pelo Filtro de Nome...
		Nome do Produto: The Wolf Among Us p/ PS4 - Telltale Games
			Igorando Pelo Filtro de Nome...
		Nome do Produto: Rayman Legends para PS4 - Ubisoft
			Igorando Pelo Filtro de Nome...
		Nome do Produto: Angry Birds Star Wars p/ PS4 - Activision
			Igorando Pelo Filtro de Nome...
		Nome do Produto: Shadow Warrior para PS4 - Majesco Entertainment
			Igorando Pelo Filtro de Nome...
		Nome do Produto: Tomb Raider: Definite Edition p/ PS4 - Square Enix
			Igorando Pelo Filtro de Nome...
		Nome do Produto: Lego - O Hobbit para PS4 - Warner
			Igorando Pelo Filtro de Nome...
		Nome do Produto: The Lego Movie Videogame p/ PS4 - Warner
			Igorando Pelo Filtro de Nome...
		Nome do Produto: Little Big Planet 3 para PS4 - Sumo Digital
			Igorando Pelo Filtro de Nome...
		Nome do Produto: Monopoly Family Fun Pack para PS4 - Ubisoft
			Igorando Pelo Filtro de Nome...
		Nome do Produto: Terra Média - Sombras de Mordor para PS4 - Warner
			Igorando Pelo Filtro de Nome...
		Nome do Produto: The Evil Within para PS4 - Bethesda
			Igorando Pelo Filtro de Nome...
		Nome do Produto: Saints Row IV Re-elected e Gat Out of Hell - para PS4 - Square Enix
			Igorando Pelo Filtro de Nome...
		Nome do Produto: The Walking Dead - Game of the Year Edition - p/ PS4 - Telltale Games
			Igorando Pelo Filtro de Nome...
		Nome do Produto: Samurai Warriors 4 para PS4 - Koei
			Igorando Pelo Filtro de Nome...
		Nome do Produto: Far Cry 4 para PS4 - Ubisoft
			Igorando Pelo Filtro de Nome...
		Nome do Produto: Watch Dogs para PS4 - Ubisoft
			Igorando Pelo Filtro de Nome...
		Nome do Produto: Infamous Second Son para PS4 - Sony
			Igorando Pelo Filtro de Nome...
		Nome do Produto: Bound by Flame para PS4 - Spiders Studio
			Igorando Pelo Filtro de Nome...
		Nome do Produto: The Order: 1886 para PS4 - Ready At Dawn
			Igorando Pelo Filtro de Nome...
		Nome do Produto: Far Cry 4 Kyrat Edition para PS4 - Ubisoft
			Igorando Pelo Filtro de Nome...
		Nome do Produto: Terra Média - Sombras de Mordor para PS4 - Warner
			Igorando Pelo Filtro de Nome...
		Nome do Produto: LEGO Batman 3 - Beyond Gotham para PS4 - Warner
			Igorando Pelo Filtro de Nome...
		Nome do Produto: Lords of the Fallen para PS4 - Bandai Namco
			Igorando Pelo Filtro de Nome...
		Nome do Produto: The Crew - Signature Edition para PS4 - Ubisoft
			Igorando Pelo Filtro de Nome...
		Nome do Produto: Air Conflict Vietnam para PS4 - Kalipso
			Igorando Pelo Filtro de Nome...
		Nome do Produto: The Last of Us - Remasterizado para PS4 - Naughty Dog
			Igorando Pelo Filtro de Nome...
		Nome do Produto: The Walking Dead - Season 2 para PS4 - Telltale Games
			Igorando Pelo Filtro de Nome...
		Nome do Produto: Tablet Dell Venue 7 16GB Tela 7" Wi-Fi Android 4.4 - Proc. Intel Dual Core Câmera 5MP + Frontal GPS
			Igorando Pelo Filtro de Nome...
		Nome do Produto: Dying Light para PS4 - Warner
			Igorando Pelo Filtro de Nome...
		Nome do Produto: Fifa 15 para PS4 - EA
			Igorando Pelo Filtro de Nome...
		Nome do Produto: Fifa 14 para PS4 - EA
			Igorando Pelo Filtro de Nome...
		Nome do Produto: Bloodborne para PS4 - Sony
			Igorando Pelo Filtro de Nome...
		Nome do Produto: Battlefield Hardline para PS4 - EA
			Igorando Pelo Filtro de Nome...
		Nome do Produto: The Witcher 3: Wild Hunt para PS4 - CD Project RED - Pré-Venda
			Igorando Pelo Filtro de Nome...
		Nome do Produto: Dragon Ball Xenoverse para PS4 - Bandai Namco
			Igorando Pelo Filtro de Nome...
		Nome do Produto: Call Of Duty: Ghosts para PS4 - Activision
			Igorando Pelo Filtro de Nome...
		Nome do Produto: Sniper Elite 3 - Collectors Edition para PS4 - 505 Games
			Igorando Pelo Filtro de Nome...
		Nome do Produto: Resident Evil Revelations 2 para PS4 - Capcom
			Igorando Pelo Filtro de Nome...
		Nome do Produto: Devil May Cry: Definitive Edition para PS4 - Capcom
			Igorando Pelo Filtro de Nome...
		Nome do Produto: Assassins Creed Unity - Signature Edition para PS4 - Ubisoft
			Igorando Pelo Filtro de Nome...
		Nome do Produto: Call of Duty - Advanced Warfare: Day Zero para PS4 - Activision
			Igorando Pelo Filtro de Nome...
		Nome do Produto: Just Dance 2015 para PS4 - Ubisoft
			Igorando Pelo Filtro de Nome...
		Nome do Produto: Assassins Creed Unity - Collectors Edition - para PS4 - Ubisoft
			Igorando Pelo Filtro de Nome...
		Nome do Produto: Assassins Creed IV: Black Flag - Edição Limitada - p/ PS4 - Ubisoft
			Igorando Pelo Filtro de Nome...
	Tempo Para buscar: 630
Loja: Mula Games
	URL Principal: http://www.mulagames.com.br/
	URL Busca: http://www.mulagames.com.br/produtos-index/catalogo_produtos/-/-/<BUSCA>/-/-/-/-/-/
http://www.mulagames.com.br/produtos-index/catalogo_produtos/-/-/monster%20hunter%20ultimate%204/-/-/-/-/-/
		Documento Lido
		Resultados: 1
		Nome do Produto: Monster Hunter 4 Ultimate - 3DS
http://www.mulagames.com.br/Monster-Hunter-4-Ultimate-3DS/prod-2690779/
		Acessando URL do produto.
http://www.mulagames.com.br/produto-ajax_retorna_dados_preco_comprar/2690779
		Acessando URL do preço produto.
	Tempo Para buscar: 2227
Loja: Net Shoes
	URL Principal: http://www.netshoes.com.br/
	URL Busca: http://www.netshoes.com.br/search?Ntt=<BUSCA>
http://www.netshoes.com.br/search?Ntt=monster+hunter+ultimate+4
		Documento Lido
		Resultados: 60
		Nome do Produto: Bicicleta GONEW Endorphine 4.1 - Aro 26 - 21 Marchas
			Igorando Pelo Filtro de Nome...
		Nome do Produto: Bicicleta GONEW Endorphine 4.1 - Aro 26 - 21 Marchas
			Igorando Pelo Filtro de Nome...
		Nome do Produto: Tênis Nike Air Relentless 4 MSL
			Igorando Pelo Filtro de Nome...
		Nome do Produto: Tênis Adidas 4.3 K Infantil
			Igorando Pelo Filtro de Nome...
		Nome do Produto: Kit Chuteira Umbro Speciali 4 LTL Campo + Chuteira Umbro Grass ID
			Igorando Pelo Filtro de Nome...
		Nome do Produto: Chuteira Umbro Speciali 4 LTL Campo
			Igorando Pelo Filtro de Nome...
		Nome do Produto: Bola Penalty S11 R3 4 Campo
			Igorando Pelo Filtro de Nome...
		Nome do Produto: Tênis Nike Impax Atlas 4 SL
			Igorando Pelo Filtro de Nome...
		Nome do Produto: Tênis Nike Air Relentless 4 MSL
			Igorando Pelo Filtro de Nome...
		Nome do Produto: Tênis Puma Racer 4
			Igorando Pelo Filtro de Nome...
		Nome do Produto: Tênis Mizuno Wave Prophecy 4
			Igorando Pelo Filtro de Nome...
		Nome do Produto: Tênis Mizuno Wave Prophecy 4
			Igorando Pelo Filtro de Nome...
		Nome do Produto: Tênis Nike Air Relentless 4 MSL
			Igorando Pelo Filtro de Nome...
		Nome do Produto: Tênis Nike In-Season TR 4
			Igorando Pelo Filtro de Nome...
		Nome do Produto: Tênis Nike In-Season TR 4 Print
			Igorando Pelo Filtro de Nome...
		Nome do Produto: Tênis Nike In-Season TR 4
			Igorando Pelo Filtro de Nome...
		Nome do Produto: Tênis Nike Air Relentless 4 MSL
			Igorando Pelo Filtro de Nome...
		Nome do Produto: Chuteira Puma Evopower 4 IT JR Juvenil
			Igorando Pelo Filtro de Nome...
		Nome do Produto: Tênis Nike Impax Atlas 4 SL
			Igorando Pelo Filtro de Nome...
		Nome do Produto: Tênis Mizuno Wave Prophecy 4
			Igorando Pelo Filtro de Nome...
		Nome do Produto: Tênis Nike Air Relentless 4 MSL
			Igorando Pelo Filtro de Nome...
		Nome do Produto: Tênis Nike Air Relentless 4 MSL
			Igorando Pelo Filtro de Nome...
		Nome do Produto: Tênis Mizuno Wave Prophecy 4
			Igorando Pelo Filtro de Nome...
		Nome do Produto: Caneleira Shura 4 Kg
			Igorando Pelo Filtro de Nome...
		Nome do Produto: Waxy Maize 1,4 kg - NeoNutri
			Igorando Pelo Filtro de Nome...
		Nome do Produto: Tênis Nike In-Season TR 4
			Igorando Pelo Filtro de Nome...
		Nome do Produto: Tênis Nike Air Relentless 4 MSL
			Igorando Pelo Filtro de Nome...
		Nome do Produto: Tênis Mizuno Wave Prophecy 4
			Igorando Pelo Filtro de Nome...
		Nome do Produto: Tênis Mizuno Wave Prophecy 4
			Igorando Pelo Filtro de Nome...
		Nome do Produto: Barraca Mormaii Bali 4
			Igorando Pelo Filtro de Nome...
		Nome do Produto: Chuteira Puma Evopower 4 IT
			Igorando Pelo Filtro de Nome...
		Nome do Produto: Tênis Nike Air Relentless 4 MSL
			Igorando Pelo Filtro de Nome...
		Nome do Produto: Tênis Timberland Nabi 4
			Igorando Pelo Filtro de Nome...
		Nome do Produto: Tênis Nike In-Season TR 4 Print
			Igorando Pelo Filtro de Nome...
		Nome do Produto: Camiseta Cruzeiro 4 Linhas
			Igorando Pelo Filtro de Nome...
		Nome do Produto: Bola Adidas Starlancer 4 Campo
			Igorando Pelo Filtro de Nome...
		Nome do Produto: Monster Extreme Black 44 Packs - Probiótica
			Igorando Pelo Filtro de Nome...
		Nome do Produto: Tênis Nike Air Relentless 4 MSL
			Igorando Pelo Filtro de Nome...
		Nome do Produto: Tênis Nike Impax Atlas 4 SL
			Igorando Pelo Filtro de Nome...
		Nome do Produto: Tênis Puma Racer 4
			Igorando Pelo Filtro de Nome...
		Nome do Produto: Tênis Timberland Nabi 4
			Igorando Pelo Filtro de Nome...
		Nome do Produto: Tênis Mizuno Wave Enigma 4
			Igorando Pelo Filtro de Nome...
		Nome do Produto: Tênis Asics Gel Dedicate 4
			Igorando Pelo Filtro de Nome...
		Nome do Produto: Sensor de Velocidade e Cadência ALL4ONE Smart Bluetooth 4.0 - Connect Bike
			Igorando Pelo Filtro de Nome...
		Nome do Produto: Monster Nitro NO2 44 Packs - Probiótica
			Igorando Pelo Filtro de Nome...
		Nome do Produto: Ultimate 5 Whey Protein 900 g - Probiótica
			Igorando Pelo Filtro de Nome...
		Nome do Produto: Kit Whey Protein 1 kg + Iso Waxy Maize 1,4 kg + Creatine Way 100 g - Midway
			Igorando Pelo Filtro de Nome...
		Nome do Produto: Bola Penalty Matís C/C 4 Society
			Igorando Pelo Filtro de Nome...
		Nome do Produto: Sandália Nike Sunray Adjust 4 Juvenil
			Igorando Pelo Filtro de Nome...
		Nome do Produto: Waxy Maize 1,4 kg - Probiótica
			Igorando Pelo Filtro de Nome...
		Nome do Produto: Massa Monster Black 1,5 kg - Probiótica
			Igorando Pelo Filtro de Nome...
		Nome do Produto: Tênis Adidas Barricade Team 4
			Igorando Pelo Filtro de Nome...
		Nome do Produto: Whey Cor-Performance 4 Lbs - Cellucor
			Igorando Pelo Filtro de Nome...
		Nome do Produto: Kit Whey Cor-Performance 4 Lbs - 2 unidades + Whey Cor-Performance 2 Lbs - Cellucor
			Igorando Pelo Filtro de Nome...
		Nome do Produto: Tela LCD Touch Bacpac GoPro Hero 4 Hero 3+ Hero 3
			Igorando Pelo Filtro de Nome...
		Nome do Produto: Tênis Nike Lunar Forever 4
			Igorando Pelo Filtro de Nome...
		Nome do Produto: Tênis Asics Gel Dedicate 4
			Igorando Pelo Filtro de Nome...
		Nome do Produto: Barraca Nautika Indy 3 / 4 Pessoas
			Igorando Pelo Filtro de Nome...
		Nome do Produto: Waxy Maize 1,4 kg - Probiótica
			Igorando Pelo Filtro de Nome...
		Nome do Produto: Tênis Nike Air Relentless 4 MSL
			Igorando Pelo Filtro de Nome...
	Tempo Para buscar: 543
Loja: Ponto Frio
	URL Principal: http://www.pontofrio.com.br/
	URL Busca: http://search.pontofrio.com.br/search?w=<BUSCA>
http://search.pontofrio.com.br/search?w=monster+hunter+ultimate+4
		Documento Lido
		Resultados: 1
		Nome do Produto: Jogo Monster Hunter 3 Ultimate - 3DS
			Igorando Pelo Filtro de Nome...
		Nome do Produto: Game Monster Hunter 3 Ultimate - WiiU
			Igorando Pelo Filtro de Nome...
		Nome do Produto: Jogo Monster Hunter 3 Ultimate - 3DS
			Igorando Pelo Filtro de Nome...
		Nome do Produto: Game Monster Hunter 3 Ultimate - WiiU
			Igorando Pelo Filtro de Nome...
	Tempo Para buscar: 1141
Loja: Ricardo Eletro
	URL Principal: http://www.ricardoeletro.com.br/
	URL Busca: http://www.ricardoeletro.com.br/Busca/Resultado/?q=<BUSCA>
http://www.ricardoeletro.com.br/Busca/Resultado/?q=monster+hunter+ultimate+4
		Documento Lido
		Resultados: 18
		Nome do Produto: Boneca Monster High - Sangueteria - Draculaura - Mattel
			Igorando Pelo Filtro de Nome...
		Nome do Produto: Boneca Monster High - Monster Fusion - Ghoulia Yelps - Mattel
			Igorando Pelo Filtro de Nome...
		Nome do Produto: Monster High Clawdeen Wolf - Mattel
			Igorando Pelo Filtro de Nome...
		Nome do Produto: 6005 - LEGO City Monster Truck
			Igorando Pelo Filtro de Nome...
		Nome do Produto: Pelúcia Lagoona Blue Monster High - BBR
			Igorando Pelo Filtro de Nome...
		Nome do Produto: Boneca Monster High - Monster Fusion - Operetta - Mattel
			Igorando Pelo Filtro de Nome...
		Nome do Produto: Monster High - Mattel - Draculaura
			Igorando Pelo Filtro de Nome...
		Nome do Produto: Pelúcia Watzit Monster High - BBR
			Igorando Pelo Filtro de Nome...
		Nome do Produto: Boneca Monster High - Monster Fusion - Frankie Stein - Mattel
			Igorando Pelo Filtro de Nome...
		Nome do Produto: Fantasia Monster High Draculaura - Sulamericana
			Igorando Pelo Filtro de Nome...
		Nome do Produto: Fantasia Monster High Lagoona - Sulamericana
			Igorando Pelo Filtro de Nome...
		Nome do Produto: Fantasia Monster High Rochelle - Sulamericana
			Igorando Pelo Filtro de Nome...
		Nome do Produto: Fantasia Monster High Frankie Luxo - Sulamericana
			Igorando Pelo Filtro de Nome...
		Nome do Produto: Fantasia Monster High Draculaura Pop - Sulamericana
			Igorando Pelo Filtro de Nome...
		Nome do Produto: Pelúcia Pet Hissette Monster High - BBR
			Igorando Pelo Filtro de Nome...
		Nome do Produto: Pelúcia Abbey Bominable Monster High - BBR
			Igorando Pelo Filtro de Nome...
		Nome do Produto: Pelúcia Ghoilia Yelps Monster High - BBR
			Igorando Pelo Filtro de Nome...
		Nome do Produto: Pelúcia Clawdeen Wolf Monster High- BBR
			Igorando Pelo Filtro de Nome...
	Tempo Para buscar: 586
Loja: RiHappy
	URL Principal: http://www.rihappy.com.br/
	URL Busca: http://www.rihappy.com.br/<BUSCA>
http://www.rihappy.com.br/monster%20hunter%20ultimate%204
		Documento Lido
		Resultados: 0
	Tempo Para buscar: 1095
Loja: Saraiva
	URL Principal: http://www.saraiva.com.br/
	URL Busca: http://busca.saraiva.com.br/search?w=<BUSCA>&PAC_ID=129457&ts=ajax
http://busca.saraiva.com.br/search?w=monster+hunter+ultimate+4&PAC_ID=129457&ts=ajax
		Documento Lido
		Resultados: 30
		Nome do Produto: Monster Hunter Illustrations
			Igorando Pelo Filtro de Nome...
		Nome do Produto: Monster Hunter Orage - Vl. 04
			Igorando Pelo Filtro de Nome...
		Nome do Produto: Monster Hunter Illustrations 2
			Igorando Pelo Filtro de Nome...
		Nome do Produto: Monster Hunter Orage - Vol. 1
			Igorando Pelo Filtro de Nome...
		Nome do Produto: The Monster Hunter In Modern Popular Culture
			Igorando Pelo Filtro de Nome...
		Nome do Produto: Hunter X Hunter 4
			Igorando Pelo Filtro de Nome...
		Nome do Produto: Doctor Who: The Ultimate Monster Guide
			Igorando Pelo Filtro de Nome...
		Nome do Produto: Hunter X Hunter - Vol. 4
			Igorando Pelo Filtro de Nome...
		Nome do Produto: Dragon Hunter 4
			Igorando Pelo Filtro de Nome...
		Nome do Produto: City Hunter 4
			Igorando Pelo Filtro de Nome...
		Nome do Produto: Hunter-Gatherers
			Igorando Pelo Filtro de Nome...
		Nome do Produto: Hunter-Killer
			Igorando Pelo Filtro de Nome...
		Nome do Produto: Hunter
			Igorando Pelo Filtro de Nome...
		Nome do Produto: Monster Blood III
			Igorando Pelo Filtro de Nome...
		Nome do Produto: Monster
			Igorando Pelo Filtro de Nome...
		Nome do Produto: Monster
			Igorando Pelo Filtro de Nome...
		Nome do Produto: Monster
			Igorando Pelo Filtro de Nome...
		Nome do Produto: Monster
			Igorando Pelo Filtro de Nome...
		Nome do Produto: Monster
			Igorando Pelo Filtro de Nome...
		Nome do Produto: Monster
			Igorando Pelo Filtro de Nome...
		Nome do Produto: Monster
			Igorando Pelo Filtro de Nome...
		Nome do Produto: Monster
			Igorando Pelo Filtro de Nome...
		Nome do Produto: Monster
			Igorando Pelo Filtro de Nome...
		Nome do Produto: Monster
			Igorando Pelo Filtro de Nome...
		Nome do Produto: Monster
			Igorando Pelo Filtro de Nome...
		Nome do Produto: Monster
			Igorando Pelo Filtro de Nome...
		Nome do Produto: Monster
			Igorando Pelo Filtro de Nome...
		Nome do Produto: Monster
			Igorando Pelo Filtro de Nome...
		Nome do Produto: Monster
			Igorando Pelo Filtro de Nome...
		Nome do Produto: Monster
			Igorando Pelo Filtro de Nome...
	Tempo Para buscar: 690
Loja: Shop Facil
	URL Principal: http://ww2.shopfacil.com.br/
	URL Busca: http://ww2.shopfacil.com.br/<BUSCA>
http://ww2.shopfacil.com.br/monster%20hunter%20ultimate%204
		Documento Lido
		Resultados: 0
	Tempo Para buscar: 2220
Loja: Shop Time
	URL Principal: http://www.shoptime.com.br/
	URL Busca: http://busca.shoptime.com.br/busca.php?q=<BUSCA>
http://busca.shoptime.com.br/busca.php?q=monster+hunter+ultimate+4
		Documento Lido
		Resultados: 1
		Nome do Produto: Jogo Nintendo 3ds Monster Hunter Ultimate 4 - Capcom
http://busca.shoptime.com.br/produto.php?link=http://www.shoptime.com.br/produto/8579697/jogo-nintendo-3ds-monster-hunter-ultimate-4-capcom&ranking=1&sessao=U7OAEINXG68G7&idbusca=57b607c75e4f5940d11ad52ca0cd57a12ca38ae6&idproduto=8579697
		Acessando URL do produto.
	Tempo Para buscar: 990
Loja: ShopB
	URL Principal: http://www.shopb.com.br/
	URL Busca: http://busca.shopb.com.br/?busca=<BUSCA>
http://busca.shopb.com.br/?busca=monster+hunter+ultimate+4
		Documento Lido
		Resultados: 31
		Nome do Produto: Monster Hunter 4 Ultimate - 3DS
http://shopb.ecommercesearch.com.br/Busca/Redir?url=http%3a%2f%2fwww.shopb.com.br%2fecommerce_site%2findex.php%3fpg%3dproduto%26cdg%3d4488%26idp%3d39230%26idparceiro%3dp1&esid=39230
		Acessando URL do produto.
		Nome do Produto: Adaptador de Controle Gamecube 4 Portas p/ Wii U & PC - May Flash
			Igorando Pelo Filtro de Nome...
		Nome do Produto: Air Conflicts Vietnam: Ultimate Edition - PS4
			Igorando Pelo Filtro de Nome...
		Nome do Produto: Alien Isolation: Nostromo Edition - PS4
			Igorando Pelo Filtro de Nome...
		Nome do Produto: Antena Amplificada Bidirecional Ouro 27dB 4 em 1 VHF / UHF/ FM / Digital - Capte
			Igorando Pelo Filtro de Nome...
		Nome do Produto: Antena Externa Diamante 32dB 4 em 1 VHF / UHF / Digital / FM - Capte
			Igorando Pelo Filtro de Nome...
		Nome do Produto: Antena Interna 12db 4 em 1 - Platinum Light
			Igorando Pelo Filtro de Nome...
		Nome do Produto: Assassins Creed IV Black Flag - PS3
			Igorando Pelo Filtro de Nome...
		Nome do Produto: Assassins Creed IV Black Flag - PS4
			Igorando Pelo Filtro de Nome...
		Nome do Produto: Assassins Creed IV Black Flag - XBOX 360
			Igorando Pelo Filtro de Nome...
		Nome do Produto: Assassins Creed IV Black Flag - XBOX ONE
			Igorando Pelo Filtro de Nome...
		Nome do Produto: Assassins Creed IV Black Flag: Signature Edition - XBOX ONE
			Igorando Pelo Filtro de Nome...
		Nome do Produto: Assassins Creed IV: Black Flag Limited Edition - PS3
			Igorando Pelo Filtro de Nome...
		Nome do Produto: Assassins Creed IV: Black Flag Limited Edition - XBOX 360
			Igorando Pelo Filtro de Nome...
		Nome do Produto: Assassins Creed IV: Black Flag Limited Edition - XBOX ONE
			Igorando Pelo Filtro de Nome...
		Nome do Produto: Assassins Creed Unity - PS4
			Igorando Pelo Filtro de Nome...
		Nome do Produto: Assassins Creed Unity: Collectors Edition - PS4
			Igorando Pelo Filtro de Nome...
		Nome do Produto: Awesomenauts Assemble! - PS4
			Igorando Pelo Filtro de Nome...
		Nome do Produto: Base Suporte Vertical & Hub USB 3 Portas - PS4
			Igorando Pelo Filtro de Nome...
		Nome do Produto: Base Suporte Vertical Branco - PS4
			Igorando Pelo Filtro de Nome...
		Nome do Produto: Base Suporte Vertical Preto - PS4
			Igorando Pelo Filtro de Nome...
		Nome do Produto: Batman: Arkham Knight - PS4
			Igorando Pelo Filtro de Nome...
		Nome do Produto: Battlefield 4 + Filme - XBOX 360
			Igorando Pelo Filtro de Nome...
		Nome do Produto: Battlefield 4 - PC
			Igorando Pelo Filtro de Nome...
		Nome do Produto: Battlefield 4 - PS3
			Igorando Pelo Filtro de Nome...
		Nome do Produto: Battlefield 4 - PS4
			Igorando Pelo Filtro de Nome...
		Nome do Produto: Battlefield 4 - XBOX ONE
			Igorando Pelo Filtro de Nome...
		Nome do Produto: Battlefield Bad Company 2: Ultimate Edition - PS3
			Igorando Pelo Filtro de Nome...
		Nome do Produto: Battlefield Hardline - PS4
			Igorando Pelo Filtro de Nome...
		Nome do Produto: Bioshock Ultimate Rapture Edition - XBOX 360
			Igorando Pelo Filtro de Nome...
		Nome do Produto: Bladestorm Nightmare - PS4
			Igorando Pelo Filtro de Nome...
	Tempo Para buscar: 2343
Loja: Submarino
	URL Principal: http://www.submarino.com.br/
	URL Busca: http://busca.submarino.com.br/busca.php?q=<BUSCA>
http://busca.submarino.com.br/busca.php?q=monster+hunter+ultimate+4
		Documento Lido
		Resultados: 1
		Nome do Produto: Jogo Nintendo 3ds Monster Hunter Ultimate 4 - Capcom
http://busca.submarino.com.br/produto.php?link=http://www.submarino.com.br/produto/8579697/jogo-nintendo-3ds-monster-hunter-ultimate-4-capcom&ranking=1&sessao=U7OAENROPU8C7&idbusca=69dbc7948971a17a3ebaa4952aa3ec952bafbc99&idproduto=8579697
		Acessando URL do produto.
	Tempo Para buscar: 777
Loja: Walmart
	URL Principal: http://www.walmart.com.br/
	URL Busca: http://www.walmart.com.br/busca/?ft=<BUSCA>&PS=20
http://www.walmart.com.br/busca/?ft=monster+hunter+ultimate+4&PS=20
		Documento Lido
		Resultados: 1
		Nome do Produto: Jogo 3DS Monster Hunter 3 Ultimate
			Igorando Pelo Filtro de Nome...
	Tempo Para buscar: 693

File copied from C:\java\workspace Estudo\lookforprices\resources\imports\css.css to C:\java\workspace Estudo\lookforprices\reports\2015-05-14 12\css.css
File copied from C:\java\workspace Estudo\lookforprices\resources\imports\jquery.js to C:\java\workspace Estudo\lookforprices\reports\2015-05-14 12\jquery.js
File copied from C:\java\workspace Estudo\lookforprices\resources\imports\scripts.js to C:\java\workspace Estudo\lookforprices\reports\2015-05-14 12\scripts.js
Tempo total de execução: 24554
