Game: Pokemon White
Product Name: Pokemon White
Loja: Nintendo eShop
	URL Principal: http://www.nintendo.com/3ds/eshop
	URL Busca: http://www.nintendo.com/json/content/get/game/filter?&qterm=<BUSCA>
NintendoEShopSearch.search() http://www.nintendo.com/json/content/get/game/filter?&qterm=Pokemon+White
		Documento Lido
		Resultados: 8
		Nome do Produto: Pokédex 3D Pro
			Igorando Pelo Filtro de Nome...
		Nome do Produto: Pokémon Black Version 2
			Igorando Pelo Filtro de Nome...
		Nome do Produto: Pokémon White Version 2
http://www.nintendo.com/games/detail/T8CzApFE8sElWVp7aWYnU73wWaSdE5n3
		Acessando URL do produto.
URL = http://www.nintendo.com/games/detail/T8CzApFE8sElWVp7aWYnU73wWaSdE5n3
		Nome do Produto: Pokémon Dream Radar
			Igorando Pelo Filtro de Nome...
		Nome do Produto: Pokémon Conquest
			Igorando Pelo Filtro de Nome...
		Nome do Produto: Pokémon Rumble Blast
			Igorando Pelo Filtro de Nome...
		Nome do Produto: Pokémon Black Version
			Igorando Pelo Filtro de Nome...
		Nome do Produto: Pokémon White Version
http://www.nintendo.com/games/detail/SMEXeh_oh0-jWf91E8rVEW52L6bQUubj
		Acessando URL do produto.
URL = http://www.nintendo.com/games/detail/SMEXeh_oh0-jWf91E8rVEW52L6bQUubj
	Tempo Para buscar: 1744
Loja: Americanas
	URL Principal: http://www.americanas.com.br/
	URL Busca: http://busca.americanas.com.br/busca.php?q=<BUSCA>
http://busca.americanas.com.br/busca.php?q=Pokemon+White
		Documento Lido
		Resultados: 1
		Nome do Produto: Game Pokemon White Version 2 - DS
http://busca.americanas.com.br/produto.php?link=http://www.americanas.com.br/produto/112884015/game-pokemon-white-version-2-ds&ranking=1&sessao=U7OAA6ZBR6S47&idbusca=077723d632a991568dc831869064d002aff6a3f6&idproduto=112884015
		Acessando URL do produto.
	Tempo Para buscar: 1331
Loja: Big Boy Games
	URL Principal: http://www.bigboygames.com.br/
	URL Busca: http://www.bigboygames.com.br/pesquisa/?p=<BUSCA>
http://www.bigboygames.com.br/pesquisa/?p=Pokemon+White
		Documento Lido
		Resultados: 5
		Nome do Produto: DS - Pokemon Versão White 2
http://www.bigboygames.com.br/ds-pokemon-versao-white-2-p4431/
		Acessando URL do produto.
		Nome do Produto: POKÉMON Black & White Fronteiras Cruzadas Booster
http://www.bigboygames.com.br/pokemon-black-white-fronteiras-cruzadas-booster-p5872/
		Acessando URL do produto.
		Nome do Produto: POKÉMON Black & White Tempestade de Plasma Booster
http://www.bigboygames.com.br/pokemon-black-white-tempestade-de-plasma-booster-p5875/
		Acessando URL do produto.
		Nome do Produto: POKÉMON Black & White Dragões Enaltecidos Booster
http://www.bigboygames.com.br/pokemon-black-white-dragoes-enaltecidos-booster-p5302/
		Acessando URL do produto.
		Nome do Produto: DS - Pokemon Versão White
http://www.bigboygames.com.br/ds-pokemon-versao-white-p2604/
		Acessando URL do produto.
	Tempo Para buscar: 2974
Loja: Casas Bahia
	URL Principal: http://www.casasbahia.com.br/
	URL Busca: http://buscas.casasbahia.com.br/search?w=<BUSCA>
http://buscas.casasbahia.com.br/search?w=Pokemon+White
		Documento Lido
		Resultados: 2
		Nome do Produto: 
			Igorando Pelo Filtro de Nome...
		Nome do Produto: 
			Igorando Pelo Filtro de Nome...
		Nome do Produto: 
			Igorando Pelo Filtro de Nome...
		Nome do Produto: 
			Igorando Pelo Filtro de Nome...
		Nome do Produto: 
			Igorando Pelo Filtro de Nome...
		Nome do Produto: 
			Igorando Pelo Filtro de Nome...
		Nome do Produto: 
			Igorando Pelo Filtro de Nome...
		Nome do Produto: 
			Igorando Pelo Filtro de Nome...
		Nome do Produto: 
			Igorando Pelo Filtro de Nome...
		Nome do Produto: 
			Igorando Pelo Filtro de Nome...
		Nome do Produto: 
			Igorando Pelo Filtro de Nome...
		Nome do Produto: 
			Igorando Pelo Filtro de Nome...
		Nome do Produto: 
			Igorando Pelo Filtro de Nome...
		Nome do Produto: 
			Igorando Pelo Filtro de Nome...
		Nome do Produto: 
			Igorando Pelo Filtro de Nome...
		Nome do Produto: 
			Igorando Pelo Filtro de Nome...
		Nome do Produto: 
			Igorando Pelo Filtro de Nome...
		Nome do Produto: 
			Igorando Pelo Filtro de Nome...
		Nome do Produto: 
			Igorando Pelo Filtro de Nome...
	Tempo Para buscar: 1484
Loja: Extra
	URL Principal: http://www.extra.com.br/
	URL Busca: http://buscando.extra.com.br/search?w=<BUSCA>
http://buscando.extra.com.br/search?w=Pokemon+White
		Documento Lido
		Resultados: 1
		Nome do Produto: Deck Esmagador Psíquico - Pokémon Black & White - Congelamento de Plasma - Copag
http://buscando.extra.com.br/search?p=R&srid=S1-USCDR01&lbc=extra&w=Pokemon%20White&url=http%3a%2f%2fproduto.extra.com.br%2f3839660%3f&rk=1&uid=158483485&sid=2&ts=custom&rsc=BFtWIlMjzlNyWfKQ&method=and&isort=score&view=grid
		Acessando URL do produto.
	Tempo Para buscar: 1690
Loja: E-Virtua
	URL Principal: http://www.evirtua.com.br/
	URL Busca: http://www.evirtua.com.br/Busca?search_department_id=0&SearchTerm=<BUSCA>
http://www.evirtua.com.br/Busca?search_department_id=0&SearchTerm=Pokemon+White
		Documento Lido
		Resultados: 0
	Tempo Para buscar: 150
Loja: Fast Games
	URL Principal: http://www.fastgames.com.br/
	URL Busca: http://www.fastgames.com.br/loja/busca.php?loja=187970&palavra_busca=<BUSCA>
http://www.fastgames.com.br/loja/busca.php?loja=187970&palavra_busca=Pokemon+White
		Documento Lido
		Resultados: 0
	Tempo Para buscar: 636
Loja: Fast Shop
	URL Principal: http://www.fastshop.com.br/loja/
	URL Busca: http://www.fastshop.com.br/webapp/wcs/stores/servlet/SearchDisplay?searchTerm=<BUSCA>&categoryId=&storeId=10151&catalogId=11052&langId=-6&pageSize=9&beginIndex=0&sType=SimpleSearch&resultCatEntryType=2&showResultsPage=true&searchSource=Q&pageView=&hotsite=fastshop
http://www.fastshop.com.br/webapp/wcs/stores/servlet/SearchDisplay?searchTerm=Pokemon+White&categoryId=&storeId=10151&catalogId=11052&langId=-6&pageSize=9&beginIndex=0&sType=SimpleSearch&resultCatEntryType=2&showResultsPage=true&searchSource=Q&pageView=&hotsite=fastshop
		Documento Lido
		Resultados: 0
	Tempo Para buscar: 412
Loja: FNAC
	URL Principal: http://www.fnac.com.br/index.html
	URL Busca: http://busca.fnac.com.br/?busca=<BUSCA>
http://busca.fnac.com.br/?busca=Pokemon+White
		Documento Lido
		Resultados: 20
		Nome do Produto: Filmadora Gopro Hero3 Chdhe-302-br White Edition, Fullhd @ 30qps, 5.0mp, Ultra Grande Angular, F/2.8, 6-elementos, Wi-fi Embutido
			Igorando Pelo Filtro de Nome...
		Nome do Produto: Razer Kraken Pro White Headset
			Igorando Pelo Filtro de Nome...
		Nome do Produto: Cafeteira Nespresso Inissia + White - 110v
			Igorando Pelo Filtro de Nome...
		Nome do Produto: Cafeteira Nespresso Inissia + White - 220v
			Igorando Pelo Filtro de Nome...
		Nome do Produto: A Feiticeira - A Série Completa (33 DVDs)
			Igorando Pelo Filtro de Nome...
		Nome do Produto: 3ds Pokemon Y
			Igorando Pelo Filtro de Nome...
		Nome do Produto: 3ds Pokemon Art Academy
			Igorando Pelo Filtro de Nome...
		Nome do Produto: 3ds Pokemon Omega Ruby
			Igorando Pelo Filtro de Nome...
		Nome do Produto: 3ds Pokemon X
			Igorando Pelo Filtro de Nome...
		Nome do Produto: 3ds Pokemon Alpha Sapphire
			Igorando Pelo Filtro de Nome...
		Nome do Produto: Túnel do Tempo - 1ª Temporada Vol. 2 (4 DVDs)
			Igorando Pelo Filtro de Nome...
		Nome do Produto: Live Black & White (blu-ray)
			Igorando Pelo Filtro de Nome...
		Nome do Produto: Genet - Uma Biografia - Colecao Contra Luz
			Igorando Pelo Filtro de Nome...
		Nome do Produto: The Beatles - White Album (2 CDs)
			Igorando Pelo Filtro de Nome...
		Nome do Produto: Beauty & Beast - 1ª Temporada (6 DVDs)
			Igorando Pelo Filtro de Nome...
		Nome do Produto: Código da Máfia (blu-ray)
			Igorando Pelo Filtro de Nome...
		Nome do Produto: Volant Large Ruled White
			Igorando Pelo Filtro de Nome...
		Nome do Produto: Notebook Poket Ruled White Hard
			Igorando Pelo Filtro de Nome...
		Nome do Produto: Supersexy Swingin Sounds
			Igorando Pelo Filtro de Nome...
		Nome do Produto: Volant Pocket Ruled White
			Igorando Pelo Filtro de Nome...
	Tempo Para buscar: 1374
Loja: Kabum
	URL Principal: http://www.kabum.com.br/
	URL Busca: http://www.kabum.com.br/cgi-local/site/listagem/listagem.cgi?string=<BUSCA>&btnG=
http://www.kabum.com.br/cgi-local/site/listagem/listagem.cgi?string=Pokemon+White&btnG=
		Documento Lido
		Resultados: 0
	Tempo Para buscar: 459
Loja: Livraria Cultura
	URL Principal: http://www.livrariacultura.com.br/
	URL Busca: http://www.livrariacultura.com.br/busca?N=0&Ntt=<BUSCA>
http://www.livrariacultura.com.br/busca?N=0&Ntt=Pokemon+White
		Documento Lido
		Resultados: 48
		Nome do Produto: POKEMON BLACK & WHITE - Nº01
http://www.livrariacultura.com.br/p/pokemon-black-white-n01-42690873
		Acessando URL do produto.
		Nome do Produto: POKEMON BLACK & WHITE - Nº02
http://www.livrariacultura.com.br/p/pokemon-black-white-n02-11107524
		Acessando URL do produto.
		Nome do Produto: POKEMON BLACK & WHITE - Nº05
http://www.livrariacultura.com.br/p/pokemon-black-white-n05-42890554
		Acessando URL do produto.
		Nome do Produto: POKEMON BLACK & WHITE - Nº03
http://www.livrariacultura.com.br/p/pokemon-black-white-n03-40041633
		Acessando URL do produto.
		Nome do Produto: POKEMON BLACK & WHITE - Nº04
http://www.livrariacultura.com.br/p/pokemon-black-white-n04-40042487
		Acessando URL do produto.
		Nome do Produto: POKEMON BLACK VERSION 2 AND POKEMON WHITE VERSION
http://www.livrariacultura.com.br/p/pokemon-black-version-2-and-pokemon-white-version-30737190
		Acessando URL do produto.
		Nome do Produto: POKEMON SUPER STICKER BOOK
			Igorando Pelo Filtro de Nome...
		Nome do Produto: POKEMON BLACK VERSION 2 AND POKEMON WHITE VERSION
http://www.livrariacultura.com.br/p/pokemon-black-version-2-and-pokemon-white-version-30737189
		Acessando URL do produto.
		Nome do Produto: POKEMON BLACK AND WHITE BOX SET
http://www.livrariacultura.com.br/p/pokemon-black-and-white-box-set-29605247
		Acessando URL do produto.
		Nome do Produto: POKEMON BLACK AND WHITE 3
http://www.livrariacultura.com.br/p/pokemon-black-and-white-3-22569811
		Acessando URL do produto.
		Nome do Produto: POKEMON BLACK AND WHITE, V.2
http://www.livrariacultura.com.br/p/pokemon-black-and-white-v2-22538795
		Acessando URL do produto.
		Nome do Produto: POKEMON BLACK AND WHITE 8
http://www.livrariacultura.com.br/p/pokemon-black-and-white-8-29012123
		Acessando URL do produto.
		Nome do Produto: POKEMON BLACK AND WHITE 4
http://www.livrariacultura.com.br/p/pokemon-black-and-white-4-22569813
		Acessando URL do produto.
		Nome do Produto: POKEMON BLACK AND WHITE 5
http://www.livrariacultura.com.br/p/pokemon-black-and-white-5-22954190
		Acessando URL do produto.
		Nome do Produto: POKEMON BLACK AND WHITE 7
http://www.livrariacultura.com.br/p/pokemon-black-and-white-7-5110465
		Acessando URL do produto.
		Nome do Produto: POKEMON BLACK AND WHITE BOX SET 2
http://www.livrariacultura.com.br/p/pokemon-black-and-white-box-set-2-42249596
		Acessando URL do produto.
		Nome do Produto: POKEMON - BLACK & WHITE HANDBOOK
http://www.livrariacultura.com.br/p/pokemon-black-white-handbook-22403483
		Acessando URL do produto.
		Nome do Produto: POKEMON BLACK AND WHITE 2 GUIDE
http://www.livrariacultura.com.br/p/pokemon-black-and-white-2-guide-61782217
		Acessando URL do produto.
		Nome do Produto: POKEMON BLACK AND WHITE
http://www.livrariacultura.com.br/p/pokemon-black-and-white-42253226
		Acessando URL do produto.
		Nome do Produto: POKEMON BLACK AND WHITE 6
http://www.livrariacultura.com.br/p/pokemon-black-and-white-6-22954191
		Acessando URL do produto.
		Nome do Produto: POKEMON BLACK/WHITE: VIDEO GAME GUIDE
http://www.livrariacultura.com.br/p/pokemon-blackwhite-video-game-guide-30709601
		Acessando URL do produto.
		Nome do Produto: POKEMON BLACK AND WHITE, V.1
http://www.livrariacultura.com.br/p/pokemon-black-and-white-v1-22538900
		Acessando URL do produto.
		Nome do Produto: POKEMON ADVENTURES- BLACK AND WHITE 5
http://www.livrariacultura.com.br/p/pokemon-adventures-black-and-white-5-45017779
		Acessando URL do produto.
		Nome do Produto: POKEMON ADVENTURES- BLACK & WHITE 7
http://www.livrariacultura.com.br/p/pokemon-adventures-black-white-7-42841954
		Acessando URL do produto.
		Nome do Produto: POKEMON ADVENTURES - BLACK AND WHITE 6
http://www.livrariacultura.com.br/p/pokemon-adventures-black-and-white-6-42783124
		Acessando URL do produto.
		Nome do Produto: POKEMON ADVENTURES- BLACK AND WHITE 8
http://www.livrariacultura.com.br/p/pokemon-adventures-black-and-white-8-42841955
		Acessando URL do produto.
		Nome do Produto: POKEMON BLACK AND WHITE
http://www.livrariacultura.com.br/p/pokemon-black-and-white-42253225
		Acessando URL do produto.
		Nome do Produto: POKEMON ADVENTURES - BLACK AND WHITE 20
http://www.livrariacultura.com.br/p/pokemon-adventures-black-and-white-20-42783148
		Acessando URL do produto.
		Nome do Produto: POKEMON BLACK AND WHITE
http://www.livrariacultura.com.br/p/pokemon-black-and-white-42079188
		Acessando URL do produto.
		Nome do Produto: POKEMON BLACK AND WHITE
http://www.livrariacultura.com.br/p/pokemon-black-and-white-42079189
		Acessando URL do produto.
		Nome do Produto: SUPER POKEMON POP-UP WHITE KYUREM
http://www.livrariacultura.com.br/p/super-pokemon-pop-up-white-kyurem-30888731
		Acessando URL do produto.
		Nome do Produto: POKEMON BLACK AND WHITE
http://www.livrariacultura.com.br/p/pokemon-black-and-white-42079187
		Acessando URL do produto.
		Nome do Produto: POK‚MON ADVENTURES - BLACK AND WHITE
			Igorando Pelo Filtro de Nome...
		Nome do Produto: POK‚MON ADVENTURES - BLACK AND WHITE
			Igorando Pelo Filtro de Nome...
		Nome do Produto: POK‚MON ADVENTURES - BLACK AND WHITE
			Igorando Pelo Filtro de Nome...
		Nome do Produto: GAME FREAKS 365'S NINTENDO DS REVIEW GUIDE
			Igorando Pelo Filtro de Nome...
		Nome do Produto: POKEMON BLACK & POKEMON WHITE VERSIONS
http://www.livrariacultura.com.br/p/pokemon-black-pokemon-white-versions-22490780
		Acessando URL do produto.
		Nome do Produto: POKEMON BLACK VERSION & POKEMON WHITE VERSION
http://www.livrariacultura.com.br/p/pokemon-black-version-pokemon-white-version-22490781
		Acessando URL do produto.
		Nome do Produto: POKEMON CONQUEST (DS)
			Igorando Pelo Filtro de Nome...
		Nome do Produto: LATA POKEMON - BLACK & WHITE
http://www.livrariacultura.com.br/p/lata-pokemon-black-white-33000186
		Acessando URL do produto.
		Nome do Produto: POKEMON BLACK & WHITE 6 - LATA
http://www.livrariacultura.com.br/p/pokemon-black-white-6-lata-42113157
		Acessando URL do produto.
		Nome do Produto: POKEMON BLACK & WHITE 7 - DECK
http://www.livrariacultura.com.br/p/pokemon-black-white-7-deck-42134062
		Acessando URL do produto.
		Nome do Produto: POKEMON BLACK & WHITE 2 - DECK TRUQUES TOXICOS
http://www.livrariacultura.com.br/p/pokemon-black-white-2-deck-truques-toxicos-29597577
		Acessando URL do produto.
		Nome do Produto: POKEMON BLACK & WHITE 6 - DECK
http://www.livrariacultura.com.br/p/pokemon-black-white-6-deck-42113035
		Acessando URL do produto.
		Nome do Produto: POKEMON BLACK & WHITE - ATAQUE AZUL - BARALHO
http://www.livrariacultura.com.br/p/pokemon-black-white-ataque-azul-baralho-11068034
		Acessando URL do produto.
		Nome do Produto: POKEMON BLACK & WHITE 9 - DECK
http://www.livrariacultura.com.br/p/pokemon-black-white-9-deck-42158869
		Acessando URL do produto.
		Nome do Produto: POKEMON BLACK & WHITE 7 - BOOSTER BLISTER
http://www.livrariacultura.com.br/p/pokemon-black-white-7-booster-blister-42134061
		Acessando URL do produto.
		Nome do Produto: POKEMON BLACK & WHITE - TORNADO VERDE - BARALHO
http://www.livrariacultura.com.br/p/pokemon-black-white-tornado-verde-baralho-29037486
		Acessando URL do produto.
	Tempo Para buscar: 13769
Loja: Magazine Luiza
	URL Principal: http://www.magazineluiza.com.br/
	URL Busca: http://www.magazineluiza.com.br/busca/<BUSCA>/
http://www.magazineluiza.com.br/busca/Pokemon+White/
		Documento Lido
		Resultados: 41
		Nome do Produto: Ultimate Fire White 120 Cápsulas - Max Titanium
			Igorando Pelo Filtro de Nome...
		Nome do Produto: Pokémon Alpha Sapphire para Nintendo 3DS - Nintendo
			Igorando Pelo Filtro de Nome...
		Nome do Produto: Pokémon Omega Ruby para Nintendo 3DS - Nintendo
			Igorando Pelo Filtro de Nome...
		Nome do Produto: Ultimate Fire White 60 Cápsulas - Max Titanium
			Igorando Pelo Filtro de Nome...
		Nome do Produto: Câmera Digital White Edition Hero 3 - GoPro
			Igorando Pelo Filtro de Nome...
		Nome do Produto: Ted Lapidus White Soul - Perfume Feminino Eau de Parfum 50 ml
			Igorando Pelo Filtro de Nome...
		Nome do Produto: Ted Lapidus White Soul - Perfume Feminino Eau de Parfum 30 ml
			Igorando Pelo Filtro de Nome...
		Nome do Produto: Pokémon Art Academy para Nintendo 3DS - Nintendo
			Igorando Pelo Filtro de Nome...
		Nome do Produto: White Hot Termogênico 90 Tabletes - Weider
			Igorando Pelo Filtro de Nome...
		Nome do Produto: Omerta Silver & White Perfume Feminino - Eau de Parfum 100ml
			Igorando Pelo Filtro de Nome...
		Nome do Produto: Liquidificador Cadence Pratic White - 2 Velocidades
			Igorando Pelo Filtro de Nome...
		Nome do Produto: Clareador Ótico para Unhas Mava-White 10 ml - Mavala
			Igorando Pelo Filtro de Nome...
		Nome do Produto: Travessa Porcelana Super White c/ Espátula - Edfort HP092
			Igorando Pelo Filtro de Nome...
		Nome do Produto: Aparelho de Jantar Loop White 30 Peças - em Porcelana - Oxford
			Igorando Pelo Filtro de Nome...
		Nome do Produto: Aparelho de Jantar Coup White 42 Peças - em Porcelana - Oxford
			Igorando Pelo Filtro de Nome...
		Nome do Produto: Coifa de Parede Fogatti CVC 60 White - 60cm 3 Velocidades
			Igorando Pelo Filtro de Nome...
		Nome do Produto: Coifa de Parede Fogatti CVC 70 White - 70cm 3 Velocidades
			Igorando Pelo Filtro de Nome...
		Nome do Produto: Coifa de Parede Fogatti CVC 75 White - 75cm 3 Velocidades
			Igorando Pelo Filtro de Nome...
		Nome do Produto: Aparelho de Jantar Quartier White 42 Peças - em Porcelana - Oxford
			Igorando Pelo Filtro de Nome...
		Nome do Produto: Roteador Wireless White Piano L1RW-131 - 4 Portas 150 Mbps - Link-One
			Igorando Pelo Filtro de Nome...
		Nome do Produto: Micro-ondas Fischer Special White 25L - com 6 Receitas Pré-Programadas
			Igorando Pelo Filtro de Nome...
		Nome do Produto: Forno a Gás de Embutir Venax Arena White 50L - com Grill Elétrico e Forno Easy Clean
			Igorando Pelo Filtro de Nome...
		Nome do Produto: Forno a Gás de Embutir Venax Arena White 90L - com Grill Elétrico e Forno Easy Clean
			Igorando Pelo Filtro de Nome...
		Nome do Produto: Box para Colchão King Size Black White - 193x203cm Castor
			Igorando Pelo Filtro de Nome...
		Nome do Produto: Box para Colchão Queen Size Black White - 158x198cm Castor
			Igorando Pelo Filtro de Nome...
		Nome do Produto: Box para Colchão Casal Black White - 138x188cm Castor
			Igorando Pelo Filtro de Nome...
		Nome do Produto: Base para Colchão Solteiro Black White - 88x188cm Castor
			Igorando Pelo Filtro de Nome...
		Nome do Produto: Coifa de Parede Fogatti CVC 80 White Inox 80cm - 3 Velocidades
			Igorando Pelo Filtro de Nome...
		Nome do Produto: Coifa de Parede Fogatti CVC 90 White Inox 90cm - 3 Velocidades
			Igorando Pelo Filtro de Nome...
		Nome do Produto: Forno a Gás de Embutir Venax Arena White 90L - Convertido a Gás Natural com Grill Elétrico
			Igorando Pelo Filtro de Nome...
		Nome do Produto: Pokemon X para Nintendo 3DS - Nintendo
			Igorando Pelo Filtro de Nome...
		Nome do Produto: Aparelho de Jantar Soleil White 42 Peças - em Porcelana - Oxford
			Igorando Pelo Filtro de Nome...
		Nome do Produto: Boleira Super White com Tampa - Edfort HP82
			Igorando Pelo Filtro de Nome...
		Nome do Produto: Aparelho de Jantar Loop White 20 Peças - em Porcelana - Oxford
			Igorando Pelo Filtro de Nome...
		Nome do Produto: Aparelho de Jantar Coup White 20 Peças - em Porcelana - Oxford
			Igorando Pelo Filtro de Nome...
		Nome do Produto: Aparelho de Jantar Soleil White 42 Peças - em Porcelana - Oxford
			Igorando Pelo Filtro de Nome...
		Nome do Produto: Conjunto de Lanche White 12 Peças - em Porcelana - Schmidt
			Igorando Pelo Filtro de Nome...
		Nome do Produto: Aparelho de Jantar Quartier White 20 Peças - em Porcelana - Oxford
			Igorando Pelo Filtro de Nome...
		Nome do Produto: Aparelho de Jantar Shift White 20 Peças - em Porcelana - Oxford
			Igorando Pelo Filtro de Nome...
		Nome do Produto: Aparelho de Jantar Shift White 42 Peças - em Porcelana - Oxford
			Igorando Pelo Filtro de Nome...
		Nome do Produto: Aparelho de Jantar Mom White 42 Peças em Porcelana - Blu 5542-CH11
			Igorando Pelo Filtro de Nome...
	Tempo Para buscar: 562
Loja: Mula Games
	URL Principal: http://www.mulagames.com.br/
	URL Busca: http://www.mulagames.com.br/produtos-index/catalogo_produtos/-/-/<BUSCA>/-/-/-/-/-/
http://www.mulagames.com.br/produtos-index/catalogo_produtos/-/-/Pokemon%20White/-/-/-/-/-/
		Documento Lido
		Resultados: 0
	Tempo Para buscar: 1041
Loja: Net Shoes
	URL Principal: http://www.netshoes.com.br/
	URL Busca: http://www.netshoes.com.br/search?Ntt=<BUSCA>
http://www.netshoes.com.br/search?Ntt=Pokemon+White
		Documento Lido
		Resultados: 60
		Nome do Produto: Câmera GoPro HD Hero3 White Edition GoPro
			Igorando Pelo Filtro de Nome...
		Nome do Produto: Óculos Oakley Shaun White Signature Series Enduro
			Igorando Pelo Filtro de Nome...
		Nome do Produto: Óculos Oakley Shaun White Signature Series Enduro - Iridium Polarizado
			Igorando Pelo Filtro de Nome...
		Nome do Produto: Óculos Oakley Shaun White Signature Series Enduro
			Igorando Pelo Filtro de Nome...
		Nome do Produto: Óculos Oakley Holbrook Gold Series - Shaun White
			Igorando Pelo Filtro de Nome...
		Nome do Produto: Ultimate Fire White 60 Cáps - Max Titanium
			Igorando Pelo Filtro de Nome...
		Nome do Produto: Sapatilha Molekinha Verniz
			Igorando Pelo Filtro de Nome...
		Nome do Produto: Tênis Casual M. Officer Lisi Matelassê
			Igorando Pelo Filtro de Nome...
		Nome do Produto: Sapatênis Kildare Hanói
			Igorando Pelo Filtro de Nome...
		Nome do Produto: Tênis Coca-Cola Vulcan Low
			Igorando Pelo Filtro de Nome...
		Nome do Produto: Tênis Casual M. Officer Sofia Matelassê
			Igorando Pelo Filtro de Nome...
		Nome do Produto: Sapatênis Cavalera Ricardo
			Igorando Pelo Filtro de Nome...
		Nome do Produto: Moletom Kyly c/ Capuz
			Igorando Pelo Filtro de Nome...
		Nome do Produto: Tênis Kolosh Cadarço Elástico c/ Fivela
			Igorando Pelo Filtro de Nome...
		Nome do Produto: Tênis Perky
			Igorando Pelo Filtro de Nome...
		Nome do Produto: Tênis Casual Whoop Montecar
			Igorando Pelo Filtro de Nome...
		Nome do Produto: Camiseta Tigor T. Tigre Infantil
			Igorando Pelo Filtro de Nome...
		Nome do Produto: Tênis Coca-Cola New Bufalino
			Igorando Pelo Filtro de Nome...
		Nome do Produto: Tênis Kolosh Slip On Laser
			Igorando Pelo Filtro de Nome...
		Nome do Produto: Sapatilha Tip Toey Joey Nurture Infantil
			Igorando Pelo Filtro de Nome...
		Nome do Produto: Tênis Casual Whoop
			Igorando Pelo Filtro de Nome...
		Nome do Produto: Sandália Ortopé Carinhoso
			Igorando Pelo Filtro de Nome...
		Nome do Produto: Sapatênis Cavalera Thomas
			Igorando Pelo Filtro de Nome...
		Nome do Produto: Conjunto Kyly Moletom c/ Capuz e Calça
			Igorando Pelo Filtro de Nome...
		Nome do Produto: Tênis Coca-Cola Argento
			Igorando Pelo Filtro de Nome...
		Nome do Produto: Tênis Casual Whoop Slip On
			Igorando Pelo Filtro de Nome...
		Nome do Produto: Boné Coca-Cola Coke
			Igorando Pelo Filtro de Nome...
		Nome do Produto: Sapatênis Kidy Infantil
			Igorando Pelo Filtro de Nome...
		Nome do Produto: Blusa Calvin Klein Juvenil * Cinza * 6A
			Igorando Pelo Filtro de Nome...
		Nome do Produto: Sapatilha Kidy Laço Infantil
			Igorando Pelo Filtro de Nome...
		Nome do Produto: Dock Sider Kidy Colors Infantil
			Igorando Pelo Filtro de Nome...
		Nome do Produto: Sapatênis Pegada Metal
			Igorando Pelo Filtro de Nome...
		Nome do Produto: Sapatilha Kidy Soft Anatômica Infantil
			Igorando Pelo Filtro de Nome...
		Nome do Produto: Tênis Pé com Pé Infantil
			Igorando Pelo Filtro de Nome...
		Nome do Produto: Sapatilha Molekinha Bico Fino Salomé Infantil
			Igorando Pelo Filtro de Nome...
		Nome do Produto: Sapatênis Ferracini Old Cano Alto
			Igorando Pelo Filtro de Nome...
		Nome do Produto: Camiseta Tigor T. Tigre Infantil
			Igorando Pelo Filtro de Nome...
		Nome do Produto: Tênis Kolosh Cadarço Elástico
			Igorando Pelo Filtro de Nome...
		Nome do Produto: Tênis Ortopé DNA Rosinhas
			Igorando Pelo Filtro de Nome...
		Nome do Produto: Tênis Kolosh Cadarço Elástico
			Igorando Pelo Filtro de Nome...
		Nome do Produto: Tênis Kidy Flex Anatômico Infantil
			Igorando Pelo Filtro de Nome...
		Nome do Produto: Sapatilha Gambo Cherry Infantil
			Igorando Pelo Filtro de Nome...
		Nome do Produto: Sapatilha Tip Toey Joey Fancy Infantil
			Igorando Pelo Filtro de Nome...
		Nome do Produto: Tênis Kolosh Cadarço Elástico
			Igorando Pelo Filtro de Nome...
		Nome do Produto: Jaqueta Tip Top c/ Capuz Infantil
			Igorando Pelo Filtro de Nome...
		Nome do Produto: Blusa Hello Kitty Devore Infantil
			Igorando Pelo Filtro de Nome...
		Nome do Produto: Blusa Hello Kitty Pêlo Infantil
			Igorando Pelo Filtro de Nome...
		Nome do Produto: Blusa Hello Kitty Light Infantil
			Igorando Pelo Filtro de Nome...
		Nome do Produto: Tênis Bee Happy Baby Bee Boy Infantil
			Igorando Pelo Filtro de Nome...
		Nome do Produto: Vestido Tip Top Infantil
			Igorando Pelo Filtro de Nome...
		Nome do Produto: Mocassim Toke Infantil
			Igorando Pelo Filtro de Nome...
		Nome do Produto: Mocassim Toke Laço Infantil
			Igorando Pelo Filtro de Nome...
		Nome do Produto: Mocassim Toke Infantil
			Igorando Pelo Filtro de Nome...
		Nome do Produto: Calça Tip Top Infantil
			Igorando Pelo Filtro de Nome...
		Nome do Produto: Conjunto Kyly c/ 2 Peças
			Igorando Pelo Filtro de Nome...
		Nome do Produto: Camisa Polo Tigor T. Tigre Max Infantil
			Igorando Pelo Filtro de Nome...
		Nome do Produto: Tênis Casual Cavalera Laiza
			Igorando Pelo Filtro de Nome...
		Nome do Produto: Sandália Ortopé Fechada Bebê
			Igorando Pelo Filtro de Nome...
		Nome do Produto: Sapatênis Pegada Elástico
			Igorando Pelo Filtro de Nome...
		Nome do Produto: Vestido Dora A Aventureira M/L Infantil
			Igorando Pelo Filtro de Nome...
	Tempo Para buscar: 402
Loja: Ponto Frio
	URL Principal: http://www.pontofrio.com.br/
	URL Busca: http://search.pontofrio.com.br/search?w=<BUSCA>
http://search.pontofrio.com.br/search?w=Pokemon+White
		Documento Lido
		Resultados: 1
		Nome do Produto: Jogo Pokémon White Version 2 - NDS
http://search.pontofrio.com.br/search?p=R&srid=S3-USWSD01&lbc=pontofrio-br&w=Pokemon%20White&url=http%3a%2f%2fproduto.pontofrio.com.br%2f1751007%3f&rk=1&uid=158696651&sid=2&ts=custom&rsc=0lq5w%3ax05LcwYT6M&method=and&isort=score&view=grid
		Nome do Produto: Deck Esmagador Psíquico - Pokémon Black & White - Congelamento de Plasma - Copag
http://search.pontofrio.com.br/search?p=R&srid=S3-USWSD01&lbc=pontofrio-br&w=Pokemon%20White&url=http%3a%2f%2fproduto.pontofrio.com.br%2f3839660%3f&rk=2&uid=158696651&sid=2&ts=custom&rsc=n8SNqEvQ3%3ad%3axejE&method=and&isort=score&view=grid
		Nome do Produto: Jogo Pokémon White Version 2 - NDS
http://search.pontofrio.com.br/search?p=R&srid=S3-USWSD01&lbc=pontofrio-br&w=Pokemon%20White&url=http%3a%2f%2fproduto.pontofrio.com.br%2f1751007%3f&rk=1&uid=158696651&sid=2&ts=custom&rsc=0lq5w%3ax05LcwYT6M&method=and&isort=score&view=grid
		Nome do Produto: Deck Esmagador Psíquico - Pokémon Black & White - Congelamento de Plasma - Copag
http://search.pontofrio.com.br/search?p=R&srid=S3-USWSD01&lbc=pontofrio-br&w=Pokemon%20White&url=http%3a%2f%2fproduto.pontofrio.com.br%2f3839660%3f&rk=2&uid=158696651&sid=2&ts=custom&rsc=n8SNqEvQ3%3ad%3axejE&method=and&isort=score&view=grid
	Tempo Para buscar: 6653
Loja: Ricardo Eletro
	URL Principal: http://www.ricardoeletro.com.br/
	URL Busca: http://www.ricardoeletro.com.br/Busca/Resultado/?q=<BUSCA>
http://www.ricardoeletro.com.br/Busca/Resultado/?q=Pokemon+White
		Documento Lido
		Resultados: 0
	Tempo Para buscar: 1497
Loja: RiHappy
	URL Principal: http://www.rihappy.com.br/
	URL Busca: http://www.rihappy.com.br/<BUSCA>
http://www.rihappy.com.br/Pokemon%20White
		Documento Lido
		Resultados: 4
		Nome do Produto: Deck Raio Congelante - Pokémon Black & White - Congelamento de Plasma - Copag - Jogos de Cartas
http://www.rihappy.com.br/deck-raio-congelante-pokemon-black-e-white-congelamento-de-plasma-copag/p
		Acessando URL do produto.
		Nome do Produto: Deck Esmagador Psíquico - Pokémon Black & White - Congelamento de Plasma - Copag - Jogos de Cartas
http://www.rihappy.com.br/deck-esmagador-psiquico-pokemon-black-e-white-congelamento-de-plasma-copag/p
		Acessando URL do produto.
		Nome do Produto: Deck Ataque Solar - Pokémon Black e White - Explosão de Plasma - Copag - Jogos de Cartas
http://www.rihappy.com.br/deck-ataque-solar-pokemon-black-e-white-explosao-de-plasma-copag/p
		Acessando URL do produto.
		Nome do Produto: Deck Limpeza da Mente - Pokémon Black e White - Explosão de Plasma - Copag - Jogos de Cartas
http://www.rihappy.com.br/deck-limpeza-da-mente-pokemon-black-e-white-explosao-de-plasma-copag/p
		Acessando URL do produto.
	Tempo Para buscar: 3499
Loja: Saraiva
	URL Principal: http://www.saraiva.com.br/
	URL Busca: http://busca.saraiva.com.br/search?w=<BUSCA>&PAC_ID=129457&ts=ajax
http://busca.saraiva.com.br/search?w=Pokemon+White&PAC_ID=129457&ts=ajax
		Documento Lido
		Resultados: 4
		Nome do Produto: Pokémon Mini-sticker Book - White Edition
individualUrl = http://busca.saraiva.com.br/search?p=R&srid=S11-USCDR02&lbc=saraiva&w=Pokemon%20White&url=http%3a%2f%2fwww.saraiva.com.br%2fproduto%2f5820226&rk=1&uid=158801485&sid=2&ts=ajax&rsc=Sn%3aJ9cir-VlHpa4f&method=and&isort=score&view=grid
http://busca.saraiva.com.br/search?p=R&srid=S11-USCDR02&lbc=saraiva&w=Pokemon%20White&url=http%3a%2f%2fwww.saraiva.com.br%2fproduto%2f5820226&rk=1&uid=158801485&sid=2&ts=ajax&rsc=Sn%3aJ9cir-VlHpa4f&method=and&isort=score&view=grid
		Acessando URL do produto.
		Nome do Produto: Super Pokémon Pop-up - White Kyurem
individualUrl = http://busca.saraiva.com.br/search?p=R&srid=S11-USCDR02&lbc=saraiva&w=Pokemon%20White&url=http%3a%2f%2fwww.saraiva.com.br%2fproduto%2f5820521&rk=2&uid=158801485&sid=2&ts=ajax&rsc=dpWs6PGBGkSuKX5I&method=and&isort=score&view=grid
http://busca.saraiva.com.br/search?p=R&srid=S11-USCDR02&lbc=saraiva&w=Pokemon%20White&url=http%3a%2f%2fwww.saraiva.com.br%2fproduto%2f5820521&rk=2&uid=158801485&sid=2&ts=ajax&rsc=dpWs6PGBGkSuKX5I&method=and&isort=score&view=grid
		Acessando URL do produto.
		Nome do Produto: Pokémon - Black & White - Vol. 04
individualUrl = http://busca.saraiva.com.br/search?p=R&srid=S11-USCDR02&lbc=saraiva&w=Pokemon%20White&url=http%3a%2f%2fwww.saraiva.com.br%2fproduto%2f8694542&rk=3&uid=158801485&sid=2&ts=ajax&rsc=o4yskDrOrYPxr-GR&method=and&isort=score&view=grid
http://busca.saraiva.com.br/search?p=R&srid=S11-USCDR02&lbc=saraiva&w=Pokemon%20White&url=http%3a%2f%2fwww.saraiva.com.br%2fproduto%2f8694542&rk=3&uid=158801485&sid=2&ts=ajax&rsc=o4yskDrOrYPxr-GR&method=and&isort=score&view=grid
		Acessando URL do produto.
		Nome do Produto: Pokémon - Black & White - Vol. 03
individualUrl = http://busca.saraiva.com.br/search?p=R&srid=S11-USCDR02&lbc=saraiva&w=Pokemon%20White&url=http%3a%2f%2fwww.saraiva.com.br%2fproduto%2f8416852&rk=4&uid=158801485&sid=2&ts=ajax&rsc=cTI7QctmNFFW3iP8&method=and&isort=score&view=grid
http://busca.saraiva.com.br/search?p=R&srid=S11-USCDR02&lbc=saraiva&w=Pokemon%20White&url=http%3a%2f%2fwww.saraiva.com.br%2fproduto%2f8416852&rk=4&uid=158801485&sid=2&ts=ajax&rsc=cTI7QctmNFFW3iP8&method=and&isort=score&view=grid
		Acessando URL do produto.
	Tempo Para buscar: 6730
Loja: Shop Facil
	URL Principal: http://ww2.shopfacil.com.br/
	URL Busca: http://ww2.shopfacil.com.br/<BUSCA>
http://ww2.shopfacil.com.br/Pokemon%20White
		Documento Lido
		Resultados: 0
	Tempo Para buscar: 2560
Loja: Shop Time
	URL Principal: http://www.shoptime.com.br/
	URL Busca: http://busca.shoptime.com.br/busca.php?q=<BUSCA>
http://busca.shoptime.com.br/busca.php?q=Pokemon+White
		Documento Lido
		Resultados: 1
		Nome do Produto: Game Pokemon White Version 2 - DS
http://busca.shoptime.com.br/produto.php?link=http://www.shoptime.com.br/produto/112884015/game-pokemon-white-version-2-ds&ranking=1&sessao=U7OABW8EZ8GK7&idbusca=868bff595b0748fe20511a0201b738f42da5b006&idproduto=112884015
		Acessando URL do produto.
	Tempo Para buscar: 1029
Loja: ShopB
	URL Principal: http://www.shopb.com.br/
	URL Busca: http://busca.shopb.com.br/?busca=<BUSCA>
http://busca.shopb.com.br/?busca=Pokemon+White
		Documento Lido
		Resultados: 15
		Nome do Produto: Pokémon White Version 2 - DS
http://shopb.ecommercesearch.com.br/Busca/Redir?url=http%3a%2f%2fwww.shopb.com.br%2fecommerce_site%2findex.php%3fpg%3dproduto%26cdg%3d4488%26idp%3d39137%26idparceiro%3dp1&esid=39137
		Acessando URL do produto.
		Nome do Produto: Boneco Disney Infinity: Woody - XBOX 360, PS3
			Igorando Pelo Filtro de Nome...
		Nome do Produto: Get Fit with Mel B - PS3
			Igorando Pelo Filtro de Nome...
		Nome do Produto: Jimmie Johnsons: Anything With an Engine - XBOX 360
			Igorando Pelo Filtro de Nome...
		Nome do Produto: Pikmin 3 - Wii U
			Igorando Pelo Filtro de Nome...
		Nome do Produto: Placa de Parede Decorativa: May The Force Be With You - ShopB
			Igorando Pelo Filtro de Nome...
		Nome do Produto: Pokemon Alpha Sapphire - 3DS
			Igorando Pelo Filtro de Nome...
		Nome do Produto: Pokemon Art Academy - 3DS
			Igorando Pelo Filtro de Nome...
		Nome do Produto: Pokemon Omega Ruby - 3DS
			Igorando Pelo Filtro de Nome...
		Nome do Produto: Pokemon X - 3DS
			Igorando Pelo Filtro de Nome...
		Nome do Produto: Pokemon Y - 3DS
			Igorando Pelo Filtro de Nome...
		Nome do Produto: Shaun White: Skateboarding - PS3
			Igorando Pelo Filtro de Nome...
		Nome do Produto: White Knight Chronicles: International Edition - PS3
			Igorando Pelo Filtro de Nome...
		Nome do Produto: Pokemon Mystery Dungeon: Gates to Infinity - 3DS
			Igorando Pelo Filtro de Nome...
		Nome do Produto: White Knight Chronicles II - PS3
			Igorando Pelo Filtro de Nome...
	Tempo Para buscar: 1705
Loja: Submarino
	URL Principal: http://www.submarino.com.br/
	URL Busca: http://busca.submarino.com.br/busca.php?q=<BUSCA>
http://busca.submarino.com.br/busca.php?q=Pokemon+White
		Documento Lido
		Resultados: 1
		Nome do Produto: Game Pokemon White Version 2 - DS
http://busca.submarino.com.br/produto.php?link=http://www.submarino.com.br/produto/112884015/game-pokemon-white-version-2-ds&ranking=1&sessao=U7OABYSAM2OW7&idbusca=691f116686e089f1d2ad5c807e1c85a82999074a&idproduto=112884015
		Acessando URL do produto.
	Tempo Para buscar: 948
Loja: Walmart
	URL Principal: http://www.walmart.com.br/
	URL Busca: http://www.walmart.com.br/busca/?ft=<BUSCA>&PS=20
http://www.walmart.com.br/busca/?ft=Pokemon+White&PS=20
		Documento Lido
		Resultados: 6
		Nome do Produto: Pokémon Mini-sticker Book - White Edition
http://www.walmart.com.br//produto/Livros/Literatura-Infanto-Juvenil/Pikachu-Press/2277950m-pokemon_mini_sticker_book_white_edition
		Acessando URL do produto.
		Nome do Produto: Super Pokémon Pop-up - White Kyurem
http://www.walmart.com.br//produto/Livros/Literatura-Infanto-Juvenil/Pikachu-Press/2350339m-super_pokemon_pop_up_white_kyurem
		Acessando URL do produto.
		Nome do Produto: Pokemon White Version 2 DS
http://www.walmart.com.br//produto/Games/Jogos-para-Nintendo-DS/Nintendo/2374178m-pokemon_white_version_2_ds
		Acessando URL do produto.
		Nome do Produto: Pokémon-Lata Black e White Snivy Copag 210
http://www.walmart.com.br//produto/Brinquedos/Jogos-de-Cartas/Pokemon/3014702m-pokemon-lata-black-e-white-snivy-copag-210
		Acessando URL do produto.
		Nome do Produto: Pokémon-Lata Black e White Oshawott Copag 210B
http://www.walmart.com.br//produto/Brinquedos/Jogos-de-Tabuleiro/Pokemon/2992185m-pokemon-lata-black-e-white-oshawott-copag-210b
		Acessando URL do produto.
		Nome do Produto: Pokémon-Lata Black e White Tepig Copag 210A
http://www.walmart.com.br//produto/Brinquedos/Jogos-de-Cartas/Pokemon/3014698m-pokemon-lata-black-e-white-tepig-copag-210a
		Acessando URL do produto.
	Tempo Para buscar: 3063

File copied from C:\java\workspace Estudo\lookforprices\resources\imports\css.css to C:\java\workspace Estudo\lookforprices\reports\2015-05-14 12\css.css
File copied from C:\java\workspace Estudo\lookforprices\resources\imports\jquery.js to C:\java\workspace Estudo\lookforprices\reports\2015-05-14 12\jquery.js
File copied from C:\java\workspace Estudo\lookforprices\resources\imports\scripts.js to C:\java\workspace Estudo\lookforprices\reports\2015-05-14 12\scripts.js
Tempo total de execução: 55715
