Game: Pokemon Platinum
Product Name: Pokemon Platinum
Loja: Nintendo eShop
	URL Principal: http://www.nintendo.com/3ds/eshop
	URL Busca: http://www.nintendo.com/json/content/get/game/filter?&qterm=<BUSCA>
NintendoEShopSearch.search() http://www.nintendo.com/json/content/get/game/filter?&qterm=Pokemon+Platinum
		Documento Lido
		Resultados: 1
		Nome do Produto: Pokémon Platinum
http://www.nintendo.com/games/detail/JoArRkwnb2vOPnAM4jd5vNF1VMoQVvjE
		Acessando URL do produto.
URL = http://www.nintendo.com/games/detail/JoArRkwnb2vOPnAM4jd5vNF1VMoQVvjE
	Tempo Para buscar: 1408
Loja: Americanas
	URL Principal: http://www.americanas.com.br/
	URL Busca: http://busca.americanas.com.br/busca.php?q=<BUSCA>
http://busca.americanas.com.br/busca.php?q=Pokemon+Platinum
		Documento Lido
		Resultados: 17
		Nome do Produto: Game - Pokémon Omega Ruby - 3DS
			Igorando Pelo Filtro de Nome...
		Nome do Produto: Game - Pokémon Alpha Sapphire - 3DS
			Igorando Pelo Filtro de Nome...
		Nome do Produto: Game - Pokémon X - 3DS
			Igorando Pelo Filtro de Nome...
		Nome do Produto: Game - Pokémon Y - 3DS
			Igorando Pelo Filtro de Nome...
		Nome do Produto: Game Pokémon Conquest - 3DS
			Igorando Pelo Filtro de Nome...
		Nome do Produto: Kit Acessórios Nintendo Pokémon Universal Hard p/ Nintendo DS - Nintendo
			Igorando Pelo Filtro de Nome...
		Nome do Produto: Kit Acessório Pokémon Bda-Stylus p/ Nintendo DS - Nintendo
			Igorando Pelo Filtro de Nome...
		Nome do Produto: Livro - Japanese Animation: From Painted Scrolls to Pokémon
			Igorando Pelo Filtro de Nome...
		Nome do Produto: Game Pokémon Art Academy - 3DS
			Igorando Pelo Filtro de Nome...
		Nome do Produto: Livro - Pokemon Club V.1 - As Primeiras Aventuras
			Igorando Pelo Filtro de Nome...
		Nome do Produto: Game Pokemon Y + Poster Promocional Pokemon - 3DS
			Igorando Pelo Filtro de Nome...
		Nome do Produto: Livro - Pokémon - Vol.1
			Igorando Pelo Filtro de Nome...
		Nome do Produto: Livro - Pokémon - Vol.2
			Igorando Pelo Filtro de Nome...
		Nome do Produto: Livro - Pokémon - Vol.3
			Igorando Pelo Filtro de Nome...
		Nome do Produto: Livro - Pokémon - Vol. 04
			Igorando Pelo Filtro de Nome...
		Nome do Produto: Game Pokemon White Version 2 - DS
			Igorando Pelo Filtro de Nome...
		Nome do Produto: Game Pokemon X + Poster Promocional Pokemon - 3DS
			Igorando Pelo Filtro de Nome...
	Tempo Para buscar: 578
Loja: Big Boy Games
	URL Principal: http://www.bigboygames.com.br/
	URL Busca: http://www.bigboygames.com.br/pesquisa/?p=<BUSCA>
http://www.bigboygames.com.br/pesquisa/?p=Pokemon+Platinum
		Documento Lido
		Resultados: 4
		Nome do Produto: PS4 - Mortal Kombat X
			Igorando Pelo Filtro de Nome...
		Nome do Produto: Xbox 360 - LEGO: Marvel Super Heroes
			Igorando Pelo Filtro de Nome...
		Nome do Produto: PS3 - Mortal Kombat X [Pré-Venda para 01/07/2015]
			Igorando Pelo Filtro de Nome...
		Nome do Produto: PS3 - Uncharted 2: Among Thieves - Game of The Year
			Igorando Pelo Filtro de Nome...
	Tempo Para buscar: 843
Loja: Casas Bahia
	URL Principal: http://www.casasbahia.com.br/
	URL Busca: http://buscas.casasbahia.com.br/search?w=<BUSCA>
http://buscas.casasbahia.com.br/search?w=Pokemon+Platinum
		Documento Lido
		Resultados: 1
		Nome do Produto: Jogo Pokémon Conquest - NDS
			Igorando Pelo Filtro de Nome...
		Nome do Produto: Jogo Pokémon Omega Ruby - 3DS
			Igorando Pelo Filtro de Nome...
		Nome do Produto: Jogo Pokémon Alpha Sapphire - 3DS
			Igorando Pelo Filtro de Nome...
		Nome do Produto: Lata Pokemon Xerneas EX - Em Português
			Igorando Pelo Filtro de Nome...
		Nome do Produto: Lata Pokemon Yveltal EX - Em Português
			Igorando Pelo Filtro de Nome...
		Nome do Produto: Cadeira Platinum Estilos 1030
			Igorando Pelo Filtro de Nome...
		Nome do Produto: The Platinum Project
			Igorando Pelo Filtro de Nome...
		Nome do Produto: Anthropogenic Platinum-Group Element Emissions
			Igorando Pelo Filtro de Nome...
		Nome do Produto: Nero 2014 Platinum
			Igorando Pelo Filtro de Nome...
		Nome do Produto: Nero 2015 Platinum
			Igorando Pelo Filtro de Nome...
		Nome do Produto: Máscara Matizadora Secrets Platinum
			Igorando Pelo Filtro de Nome...
		Nome do Produto: Lata Pokemon Kalos Power Delphox Ex - Em Português
			Igorando Pelo Filtro de Nome...
		Nome do Produto: Pokemon Box Charizard Ex - Totalmente em Português
			Igorando Pelo Filtro de Nome...
		Nome do Produto: Pokemon Box Lendas Da Justiça - Totalmente Em Português
			Igorando Pelo Filtro de Nome...
		Nome do Produto: Caneta Stylus Nintendo Pokémon para Nintendo DS - 3 Unidades
			Igorando Pelo Filtro de Nome...
		Nome do Produto: Pokemon Sylveon Collection Box - Totalmente Em Português
			Igorando Pelo Filtro de Nome...
		Nome do Produto: Triple Pack - Pokémon XY - Gallade - Copag
			Igorando Pelo Filtro de Nome...
		Nome do Produto: Triple Pack - Pokémon XY - Gyarados - Copag
			Igorando Pelo Filtro de Nome...
		Nome do Produto: Expansão de Cartas - Pokémon XY - Xerneas - Copag
			Igorando Pelo Filtro de Nome...
		Nome do Produto: Expansão de Cartas - Pokémon XY - Yveltal - Copag
			Igorando Pelo Filtro de Nome...
	Tempo Para buscar: 1520
Loja: Extra
	URL Principal: http://www.extra.com.br/
	URL Busca: http://buscando.extra.com.br/search?w=<BUSCA>
http://buscando.extra.com.br/search?w=Pokemon+Platinum
		Documento Lido
		Resultados: 12
		Nome do Produto: Jogo Pokémon Conquest - NDS
			Igorando Pelo Filtro de Nome...
		Nome do Produto: Jogo Pokémon Alpha Sapphire - 3DS
			Igorando Pelo Filtro de Nome...
		Nome do Produto: Jogo Pokémon Omega Ruby - 3DS
			Igorando Pelo Filtro de Nome...
		Nome do Produto: Lata Pokemon Xerneas EX - Em Português
			Igorando Pelo Filtro de Nome...
		Nome do Produto: Lata Pokemon Yveltal EX - Em Português
			Igorando Pelo Filtro de Nome...
		Nome do Produto: Lata Pokemon Kalos Power Delphox Ex - Em Português
			Igorando Pelo Filtro de Nome...
		Nome do Produto: Pokemon Box Charizard Ex - Totalmente em Português
			Igorando Pelo Filtro de Nome...
		Nome do Produto: Pokemon Box Lendas Da Justiça - Totalmente Em Português
			Igorando Pelo Filtro de Nome...
		Nome do Produto: Pokemon Sylveon Collection Box - Totalmente Em Português
			Igorando Pelo Filtro de Nome...
		Nome do Produto: Caneta Stylus Nintendo Pokémon para Nintendo DS - 3 Unidades
			Igorando Pelo Filtro de Nome...
		Nome do Produto: Cadeira Platinum Estilos 1030
			Igorando Pelo Filtro de Nome...
		Nome do Produto: Nero 2014 Platinum
			Igorando Pelo Filtro de Nome...
	Tempo Para buscar: 1703
Loja: E-Virtua
	URL Principal: http://www.evirtua.com.br/
	URL Busca: http://www.evirtua.com.br/Busca?search_department_id=0&SearchTerm=<BUSCA>
http://www.evirtua.com.br/Busca?search_department_id=0&SearchTerm=Pokemon+Platinum
		Documento Lido
		Resultados: 0
	Tempo Para buscar: 177
Loja: Fast Games
	URL Principal: http://www.fastgames.com.br/
	URL Busca: http://www.fastgames.com.br/loja/busca.php?loja=187970&palavra_busca=<BUSCA>
http://www.fastgames.com.br/loja/busca.php?loja=187970&palavra_busca=Pokemon+Platinum
		Documento Lido
		Resultados: 0
	Tempo Para buscar: 1689
Loja: Fast Shop
	URL Principal: http://www.fastshop.com.br/loja/
	URL Busca: http://www.fastshop.com.br/webapp/wcs/stores/servlet/SearchDisplay?searchTerm=<BUSCA>&categoryId=&storeId=10151&catalogId=11052&langId=-6&pageSize=9&beginIndex=0&sType=SimpleSearch&resultCatEntryType=2&showResultsPage=true&searchSource=Q&pageView=&hotsite=fastshop
http://www.fastshop.com.br/webapp/wcs/stores/servlet/SearchDisplay?searchTerm=Pokemon+Platinum&categoryId=&storeId=10151&catalogId=11052&langId=-6&pageSize=9&beginIndex=0&sType=SimpleSearch&resultCatEntryType=2&showResultsPage=true&searchSource=Q&pageView=&hotsite=fastshop
		Documento Lido
		Resultados: 0
	Tempo Para buscar: 1541
Loja: FNAC
	URL Principal: http://www.fnac.com.br/index.html
	URL Busca: http://busca.fnac.com.br/?busca=<BUSCA>
http://busca.fnac.com.br/?busca=Pokemon+Platinum
		Documento Lido
		Resultados: 7
		Nome do Produto: Beyoncé (platinum Edition/ 2 CDs + 2 DVDs)
			Igorando Pelo Filtro de Nome...
		Nome do Produto: 3ds Pokemon X
			Igorando Pelo Filtro de Nome...
		Nome do Produto: 3ds Pokemon Art Academy
			Igorando Pelo Filtro de Nome...
		Nome do Produto: 3ds Pokemon Alpha Sapphire
			Igorando Pelo Filtro de Nome...
		Nome do Produto: 3ds Pokemon Omega Ruby
			Igorando Pelo Filtro de Nome...
		Nome do Produto: 3ds Pokemon Y
			Igorando Pelo Filtro de Nome...
		Nome do Produto: Platinum
			Igorando Pelo Filtro de Nome...
	Tempo Para buscar: 1090
Loja: Kabum
	URL Principal: http://www.kabum.com.br/
	URL Busca: http://www.kabum.com.br/cgi-local/site/listagem/listagem.cgi?string=<BUSCA>&btnG=
http://www.kabum.com.br/cgi-local/site/listagem/listagem.cgi?string=Pokemon+Platinum&btnG=
		Documento Lido
		Resultados: 0
	Tempo Para buscar: 410
Loja: Livraria Cultura
	URL Principal: http://www.livrariacultura.com.br/
	URL Busca: http://www.livrariacultura.com.br/busca?N=0&Ntt=<BUSCA>
http://www.livrariacultura.com.br/busca?N=0&Ntt=Pokemon+Platinum
		Documento Lido
		Resultados: 10
		Nome do Produto: POKEMON ADVENTURES PLATINUM, V.1
http://www.livrariacultura.com.br/p/pokemon-adventures-platinum-v1-22203005
		Acessando URL do produto.
		Nome do Produto: POKEMON ADVENTURES PLATINUM, V.4
http://www.livrariacultura.com.br/p/pokemon-adventures-platinum-v4-22668210
		Acessando URL do produto.
		Nome do Produto: POKEMON ADVENTURES PLATINUM, V.3
http://www.livrariacultura.com.br/p/pokemon-adventures-platinum-v3-22540386
		Acessando URL do produto.
		Nome do Produto: POKEMON ADVENTURES PLATINUM, V.2
http://www.livrariacultura.com.br/p/pokemon-adventures-platinum-v2-22357901
		Acessando URL do produto.
		Nome do Produto: POKEMON ADVENTURES DIAMOND AND PEARL PLATINUM
http://www.livrariacultura.com.br/p/pokemon-adventures-diamond-and-pearl-platinum-42106242
		Acessando URL do produto.
		Nome do Produto: CHEATS UNLIMITED PRESENTS EZ CHEATS:
			Igorando Pelo Filtro de Nome...
		Nome do Produto: POKEMON PLATINUM - PRIMA OFFICIAL GAME GUIDE
http://www.livrariacultura.com.br/p/pokemon-platinum-prima-official-game-guide-5081026
		Acessando URL do produto.
		Nome do Produto: ALBUMS CERTIFIED PLATINUM BY THE CANADIAN
			Igorando Pelo Filtro de Nome...
		Nome do Produto: ALBUMS CERTIFIED PLATINUM BY THE INTERNATIONAL
			Igorando Pelo Filtro de Nome...
		Nome do Produto: ALBUMS CERTIFIED DOUBLE PLATINUM BY THE
			Igorando Pelo Filtro de Nome...
	Tempo Para buscar: 2292
Loja: Magazine Luiza
	URL Principal: http://www.magazineluiza.com.br/
	URL Busca: http://www.magazineluiza.com.br/busca/<BUSCA>/
http://www.magazineluiza.com.br/busca/Pokemon+Platinum/
		Documento Lido
		Resultados: 60
		Nome do Produto: Pokémon Alpha Sapphire para Nintendo 3DS - Nintendo
			Igorando Pelo Filtro de Nome...
		Nome do Produto: Pokémon Omega Ruby para Nintendo 3DS - Nintendo
			Igorando Pelo Filtro de Nome...
		Nome do Produto: Pokémon Art Academy para Nintendo 3DS - Nintendo
			Igorando Pelo Filtro de Nome...
		Nome do Produto: Shampoo Matizador Platinum - Cadiveu 250ml
			Igorando Pelo Filtro de Nome...
		Nome do Produto: Mask Platinum 30g - Charis
			Igorando Pelo Filtro de Nome...
		Nome do Produto: Condicionador Platinum 250ml - Cadiveu
			Igorando Pelo Filtro de Nome...
		Nome do Produto: Shampoo Platinum 250ml - Cadiveu
			Igorando Pelo Filtro de Nome...
		Nome do Produto: Colcha/Cobre-Leito Solteiro Santista Platinum - Sophie 2 Peças 200 Fios
			Igorando Pelo Filtro de Nome...
		Nome do Produto: Colcha/Cobre-Leito Solteiro Santista Platinum - Orfeu 2 Peças 200 Fios
			Igorando Pelo Filtro de Nome...
		Nome do Produto: Colcha/Cobre-Leito Solteiro Santista Platinum - Marcelo 2 Peças 200 Fios
			Igorando Pelo Filtro de Nome...
		Nome do Produto: Colcha/Cobre-Leito Solteiro Santista Platinum - Luiza 3 Peças 200 Fios
			Igorando Pelo Filtro de Nome...
		Nome do Produto: Colcha/Cobre-Leito King Size Santista Platinum - Orfeu 3 Peças 200 Fios
			Igorando Pelo Filtro de Nome...
		Nome do Produto: Colcha/Cobre-Leito King Size Santista Platinum - Luiza 3 Peças 200 Fios
			Igorando Pelo Filtro de Nome...
		Nome do Produto: Colcha/Cobre-Leito King Size Santista Platinum - Sophie 3 Peças 200 Fios
			Igorando Pelo Filtro de Nome...
		Nome do Produto: Cobreleito Casal Santista Platinum Caroline 2 - 3 Peças 200 Fios
			Igorando Pelo Filtro de Nome...
		Nome do Produto: Cobreleito Solteiro Santista Platinum Caroline 2 - 2 Peças 200 Fios
			Igorando Pelo Filtro de Nome...
		Nome do Produto: Colcha/Cobreleito Solteiro Santista Platinum - Anabelle 2 Peças 200 Fios
			Igorando Pelo Filtro de Nome...
		Nome do Produto: Guarda-Roupa Casal Platinum 6 Portas - 4 Gavetas - THB
			Igorando Pelo Filtro de Nome...
		Nome do Produto: Platinum para Reconstrução do Cabelo 140g - Cadiveu
			Igorando Pelo Filtro de Nome...
		Nome do Produto: Jogo de Cama / Lençol King Size Platinum Orfeu - 4 Peças 200 Fios - Santista
			Igorando Pelo Filtro de Nome...
		Nome do Produto: Jogo de Cama / Lençol King Size Platinum Marcelo - 4 Peças 200 Fios - Santista
			Igorando Pelo Filtro de Nome...
		Nome do Produto: Jogo de Cama / Lençol King Size Platinum Luiza - 4 Peças 200 Fios - Santista
			Igorando Pelo Filtro de Nome...
		Nome do Produto: Jogo de Cama / Lençol Solteiro Platinum Marcelo - 3 Peças 200 Fios - Santista
			Igorando Pelo Filtro de Nome...
		Nome do Produto: Jogo de Cama / Lençol Solteiro Platinum Sophie - 3 Peças 200 Fios - Santista
			Igorando Pelo Filtro de Nome...
		Nome do Produto: Colcha/Cobre-Leito Casal Santista Platinum Marcelo - 3 Peças 200 Fios
			Igorando Pelo Filtro de Nome...
		Nome do Produto: Colcha/Cobre-Leito Casal Santista Platinum Sophie - 3 Peças 200 Fios
			Igorando Pelo Filtro de Nome...
		Nome do Produto: Colcha/Cobre-Leito Queen Size Santista Platinum - Sophie 3 Peças 200 Fios
			Igorando Pelo Filtro de Nome...
		Nome do Produto: Colcha/Cobreleito Queen Size Santista Platinum - Luiza 3 Peças 200 Fios
			Igorando Pelo Filtro de Nome...
		Nome do Produto: Colcha/Cobre-Leito Queen Size Santista Platinum - Marcelo 3 Peças 200 Fios
			Igorando Pelo Filtro de Nome...
		Nome do Produto: Estação de Musculação Golds Gym Platinum - Suporta até 150Kg com Regulador de Esforço
			Igorando Pelo Filtro de Nome...
		Nome do Produto: Jogo de Cama / Lençol Queen Size Platinum Luiza - 4 Peças 200 Fios - Santista
			Igorando Pelo Filtro de Nome...
		Nome do Produto: Jogo de Cama / Lençol Casal Platinum Orfeu 4 Peças - 200 Fios - Santista
			Igorando Pelo Filtro de Nome...
		Nome do Produto: Jogo de Cama / Lençol Casal Platinum Marcelo - 4 Peças 200 Fios - Santista
			Igorando Pelo Filtro de Nome...
		Nome do Produto: Jogo de Cama / Lençol Queen Size Platinum Orfeu - 4 Peças 200 Fios - Santista
			Igorando Pelo Filtro de Nome...
		Nome do Produto: Jogo de Cama / Lençol Queen Size Platinum Marcelo - 4 Peças 200 Fios - Santista
			Igorando Pelo Filtro de Nome...
		Nome do Produto: Colcha/Cobre-Leito Casal Santista Platinum Orfeu - 3 Peças 200 Fios
			Igorando Pelo Filtro de Nome...
		Nome do Produto: Pokemon X para Nintendo 3DS - Nintendo
			Igorando Pelo Filtro de Nome...
		Nome do Produto: Toalha de Banho Santista Platinum Paul - 100% Algodão - Royal
			Igorando Pelo Filtro de Nome...
		Nome do Produto: Toalha de Banho Santista Platinum Paul - 100% Algodão - Oceano
			Igorando Pelo Filtro de Nome...
		Nome do Produto: Toalha de Banho Santista Platinum Magnolia - 100% Algodão - Maça
			Igorando Pelo Filtro de Nome...
		Nome do Produto: Toalha de Banho Santista Platinum Paul - 100% Algodão - Vermelha
			Igorando Pelo Filtro de Nome...
		Nome do Produto: Toalha de Banho Santista Platinum Magnolia - 100% Algodão - Lilás
			Igorando Pelo Filtro de Nome...
		Nome do Produto: Toalha de Banho Santista Platinum Magnolia - 100% Algodão - Rosa
			Igorando Pelo Filtro de Nome...
		Nome do Produto: Toalha de Banho Santista Platinum Magnolia - 100% Algodão - Branco
			Igorando Pelo Filtro de Nome...
		Nome do Produto: Toalha de Banho Santista Platinum Magnolia - 100% Algodão - Pétala
			Igorando Pelo Filtro de Nome...
		Nome do Produto: Toalha de Rosto Santista Platinum Paul - 100% Algodão - Royal
			Igorando Pelo Filtro de Nome...
		Nome do Produto: Toalha de Banho Santista Platinum Liana - 100% Algodão - Pêssego
			Igorando Pelo Filtro de Nome...
		Nome do Produto: Toalha de Rosto Santista Platinum Paul - 100% Algodão - Oceano
			Igorando Pelo Filtro de Nome...
		Nome do Produto: Toalha de Banho Santista Platinum Liana - 100% Algodão - Azul
			Igorando Pelo Filtro de Nome...
		Nome do Produto: Toalha de Banho Santista Platinum Paul - 100% Algodão - Oliva
			Igorando Pelo Filtro de Nome...
		Nome do Produto: Toalha de Rosto Santista Platinum Magnolia - 100% Algodão - Rosa
			Igorando Pelo Filtro de Nome...
		Nome do Produto: Toalha de Rosto Santista Platinum Liana - 100% Algodão - Azul
			Igorando Pelo Filtro de Nome...
		Nome do Produto: Toalha de Rosto Santista Platinum Magnolia - 100% Algodão - Branco
			Igorando Pelo Filtro de Nome...
		Nome do Produto: Toalha de Rosto Santista Platinum Magnolia - 100% Algodão - Pétala
			Igorando Pelo Filtro de Nome...
		Nome do Produto: Toalha de Rosto Santista Platinum Magnolia - 100% Algodão - Lilás
			Igorando Pelo Filtro de Nome...
		Nome do Produto: Toalha de Banho Santista Platinum Paul - 100% Algodão - Preto
			Igorando Pelo Filtro de Nome...
		Nome do Produto: Toalha de Rosto Santista Platinum Liana - 100% Algodão - Camomila
			Igorando Pelo Filtro de Nome...
		Nome do Produto: Toalha de Rosto Santista Platinum Liana - 100% Algodão - Rosê
			Igorando Pelo Filtro de Nome...
		Nome do Produto: Toalha de Rosto Santista Platinum Liana - 100% Algodão - Pêssego
			Igorando Pelo Filtro de Nome...
		Nome do Produto: Toalha de Rosto Santista Platinum Paul - 100% Algodão - Vermelho
			Igorando Pelo Filtro de Nome...
	Tempo Para buscar: 640
Loja: Mula Games
	URL Principal: http://www.mulagames.com.br/
	URL Busca: http://www.mulagames.com.br/produtos-index/catalogo_produtos/-/-/<BUSCA>/-/-/-/-/-/
http://www.mulagames.com.br/produtos-index/catalogo_produtos/-/-/Pokemon%20Platinum/-/-/-/-/-/
		Documento Lido
		Resultados: 0
	Tempo Para buscar: 974
Loja: Net Shoes
	URL Principal: http://www.netshoes.com.br/
	URL Busca: http://www.netshoes.com.br/search?Ntt=<BUSCA>
http://www.netshoes.com.br/search?Ntt=Pokemon+Platinum
		Documento Lido
		Resultados: 2
		Nome do Produto: Óculos Rainha Platinum
			Igorando Pelo Filtro de Nome...
		Nome do Produto: Óculos Rainha Platinum
			Igorando Pelo Filtro de Nome...
	Tempo Para buscar: 110
Loja: Ponto Frio
	URL Principal: http://www.pontofrio.com.br/
	URL Busca: http://search.pontofrio.com.br/search?w=<BUSCA>
http://search.pontofrio.com.br/search?w=Pokemon+Platinum
		Documento Lido
		Resultados: 1
		Nome do Produto: Jogo Pokémon Conquest - NDS
			Igorando Pelo Filtro de Nome...
		Nome do Produto: Jogo Pokémon White Version 2 - NDS
			Igorando Pelo Filtro de Nome...
		Nome do Produto: Lata Pokemon Xerneas EX - Em Português
			Igorando Pelo Filtro de Nome...
		Nome do Produto: Lata Pokemon Yveltal EX - Em Português
			Igorando Pelo Filtro de Nome...
		Nome do Produto: Jogo Pokémon Omega Ruby - 3DS
			Igorando Pelo Filtro de Nome...
		Nome do Produto: Jogo Pokémon Alpha Sapphire - 3DS
			Igorando Pelo Filtro de Nome...
		Nome do Produto: Lata Pokemon Kalos Power Delphox Ex - Em Português
			Igorando Pelo Filtro de Nome...
		Nome do Produto: Pokemon Box Charizard Ex - Totalmente em Português
			Igorando Pelo Filtro de Nome...
		Nome do Produto: Pokemon Box Lendas Da Justiça - Totalmente Em Português
			Igorando Pelo Filtro de Nome...
		Nome do Produto: Pokemon Sylveon Collection Box - Totalmente Em Português
			Igorando Pelo Filtro de Nome...
		Nome do Produto: Caneta Stylus Nintendo Pokémon para Nintendo DS - 3 Unidades
			Igorando Pelo Filtro de Nome...
		Nome do Produto: Cadeira Platinum Estilos 1030
			Igorando Pelo Filtro de Nome...
		Nome do Produto: The Platinum Project
			Igorando Pelo Filtro de Nome...
		Nome do Produto: Nero 2014 Platinum
			Igorando Pelo Filtro de Nome...
		Nome do Produto: Anthropogenic Platinum-Group Element Emissions
			Igorando Pelo Filtro de Nome...
		Nome do Produto: Condicionador Cadiveu Platinum 250ml
			Igorando Pelo Filtro de Nome...
		Nome do Produto: Nero 2015 Platinum
			Igorando Pelo Filtro de Nome...
		Nome do Produto: Máscara Matizadora Secrets Platinum
			Igorando Pelo Filtro de Nome...
		Nome do Produto: Platinum-Based Drugs in Cancer Therapy
			Igorando Pelo Filtro de Nome...
		Nome do Produto: Calculadora Financeira HP 12C Platinum
			Igorando Pelo Filtro de Nome...
		Nome do Produto: Jogo Pokémon Conquest - NDS
			Igorando Pelo Filtro de Nome...
		Nome do Produto: Jogo Pokémon White Version 2 - NDS
			Igorando Pelo Filtro de Nome...
		Nome do Produto: Lata Pokemon Xerneas EX - Em Português
			Igorando Pelo Filtro de Nome...
		Nome do Produto: Lata Pokemon Yveltal EX - Em Português
			Igorando Pelo Filtro de Nome...
		Nome do Produto: Jogo Pokémon Omega Ruby - 3DS
			Igorando Pelo Filtro de Nome...
		Nome do Produto: Jogo Pokémon Alpha Sapphire - 3DS
			Igorando Pelo Filtro de Nome...
		Nome do Produto: Lata Pokemon Kalos Power Delphox Ex - Em Português
			Igorando Pelo Filtro de Nome...
		Nome do Produto: Pokemon Box Charizard Ex - Totalmente em Português
			Igorando Pelo Filtro de Nome...
		Nome do Produto: Pokemon Box Lendas Da Justiça - Totalmente Em Português
			Igorando Pelo Filtro de Nome...
		Nome do Produto: Pokemon Sylveon Collection Box - Totalmente Em Português
			Igorando Pelo Filtro de Nome...
		Nome do Produto: Caneta Stylus Nintendo Pokémon para Nintendo DS - 3 Unidades
			Igorando Pelo Filtro de Nome...
		Nome do Produto: Cadeira Platinum Estilos 1030
			Igorando Pelo Filtro de Nome...
		Nome do Produto: The Platinum Project
			Igorando Pelo Filtro de Nome...
		Nome do Produto: Nero 2014 Platinum
			Igorando Pelo Filtro de Nome...
		Nome do Produto: Anthropogenic Platinum-Group Element Emissions
			Igorando Pelo Filtro de Nome...
		Nome do Produto: Condicionador Cadiveu Platinum 250ml
			Igorando Pelo Filtro de Nome...
		Nome do Produto: Nero 2015 Platinum
			Igorando Pelo Filtro de Nome...
		Nome do Produto: Máscara Matizadora Secrets Platinum
			Igorando Pelo Filtro de Nome...
		Nome do Produto: Platinum-Based Drugs in Cancer Therapy
			Igorando Pelo Filtro de Nome...
		Nome do Produto: Calculadora Financeira HP 12C Platinum
			Igorando Pelo Filtro de Nome...
	Tempo Para buscar: 1153
Loja: Ricardo Eletro
	URL Principal: http://www.ricardoeletro.com.br/
	URL Busca: http://www.ricardoeletro.com.br/Busca/Resultado/?q=<BUSCA>
http://www.ricardoeletro.com.br/Busca/Resultado/?q=Pokemon+Platinum
		Documento Lido
		Resultados: 0
	Tempo Para buscar: 1304
Loja: RiHappy
	URL Principal: http://www.rihappy.com.br/
	URL Busca: http://www.rihappy.com.br/<BUSCA>
http://www.rihappy.com.br/Pokemon%20Platinum
		Documento Lido
		Resultados: 0
	Tempo Para buscar: 985
Loja: Saraiva
	URL Principal: http://www.saraiva.com.br/
	URL Busca: http://busca.saraiva.com.br/search?w=<BUSCA>&PAC_ID=129457&ts=ajax
http://busca.saraiva.com.br/search?w=Pokemon+Platinum&PAC_ID=129457&ts=ajax
		Documento Lido
		Resultados: 30
		Nome do Produto: Pokemon
			Igorando Pelo Filtro de Nome...
		Nome do Produto: Pokemon
			Igorando Pelo Filtro de Nome...
		Nome do Produto: Pokemon
			Igorando Pelo Filtro de Nome...
		Nome do Produto: Platinum
			Igorando Pelo Filtro de Nome...
		Nome do Produto: Platinum Arabic
			Igorando Pelo Filtro de Nome...
		Nome do Produto: Platinum Japanese
			Igorando Pelo Filtro de Nome...
		Nome do Produto: Platinum Chinese
			Igorando Pelo Filtro de Nome...
		Nome do Produto: Platinum French
			Igorando Pelo Filtro de Nome...
		Nome do Produto: Platinum German
			Igorando Pelo Filtro de Nome...
		Nome do Produto: Platinum Italian
			Igorando Pelo Filtro de Nome...
		Nome do Produto: Platinum Spanish
			Igorando Pelo Filtro de Nome...
		Nome do Produto: Platinum Pohl
			Igorando Pelo Filtro de Nome...
		Nome do Produto: Platinum Canary
			Igorando Pelo Filtro de Nome...
		Nome do Produto: Platinum Dolls
			Igorando Pelo Filtro de Nome...
		Nome do Produto: Platinum Blues
			Igorando Pelo Filtro de Nome...
		Nome do Produto: Platinum Jam'98
			Igorando Pelo Filtro de Nome...
		Nome do Produto: Guide To Pokemon Legends
			Igorando Pelo Filtro de Nome...
		Nome do Produto: Pokemon Mega Sticker Collection
			Igorando Pelo Filtro de Nome...
		Nome do Produto: Let's Find Pokemon! Crystal
			Igorando Pelo Filtro de Nome...
		Nome do Produto: Pokemon Adventures 1
			Igorando Pelo Filtro de Nome...
		Nome do Produto: Pokemon Adventures 2
			Igorando Pelo Filtro de Nome...
		Nome do Produto: Pokemon Adventures 3
			Igorando Pelo Filtro de Nome...
		Nome do Produto: Pokémon: Junior Novelization (2008)
			Igorando Pelo Filtro de Nome...
		Nome do Produto: Let's Find Pokemon!
			Igorando Pelo Filtro de Nome...
		Nome do Produto: Let's Find Pokemon!
			Igorando Pelo Filtro de Nome...
		Nome do Produto: Fun With Pokemon
			Igorando Pelo Filtro de Nome...
		Nome do Produto: Pokemon Guide Book
			Igorando Pelo Filtro de Nome...
		Nome do Produto: How To Draw Pokemon
			Igorando Pelo Filtro de Nome...
		Nome do Produto: Magical Pokemon Journey
			Igorando Pelo Filtro de Nome...
		Nome do Produto: How to Draw Pokemon
			Igorando Pelo Filtro de Nome...
	Tempo Para buscar: 619
Loja: Shop Facil
	URL Principal: http://ww2.shopfacil.com.br/
	URL Busca: http://ww2.shopfacil.com.br/<BUSCA>
http://ww2.shopfacil.com.br/Pokemon%20Platinum
		Documento Lido
		Resultados: 0
	Tempo Para buscar: 1080
Loja: Shop Time
	URL Principal: http://www.shoptime.com.br/
	URL Busca: http://busca.shoptime.com.br/busca.php?q=<BUSCA>
http://busca.shoptime.com.br/busca.php?q=Pokemon+Platinum
		Documento Lido
		Resultados: 18
		Nome do Produto: Game Pokémon Conquest - 3DS Game - Pokémon Alpha Sapphire - 3DS Game - Pokémon Y - 3DS Game - Pokémon Omega Ruby - 3DS Game Pokemon White Version 2 - DS Game - Pokémon X - 3DS Kit Acessórios Nintendo Pokémon Universal Hard p/ Nintendo DS - Nintendo Game Pokémon Art Academy - 3DS Kit Acessório Pokémon Bda-Stylus p/ Nintendo DS - Nintendo Game Pokemon Mystery Dungeon Exp. Sky - DS Game Pokemon Battle Revolution Wii Game Pokémon Sapphire GBA Game Pokemon Y + Poster Promocional Pokemon - 3DS Livro - Pokémon - Vol.1 Livro - Pokémon - Vol.2 Livro - Pokémon - Vol.3 Livro - Pokémon - Vol. 04 Game Pokemon X + Poster Promocional Pokemon - 3DS
			Igorando Pelo Filtro de Nome...
		Nome do Produto: Game Pokémon Conquest - 3DS Game - Pokémon Alpha Sapphire - 3DS Game - Pokémon Y - 3DS Game - Pokémon Omega Ruby - 3DS Game Pokemon White Version 2 - DS Game - Pokémon X - 3DS Kit Acessórios Nintendo Pokémon Universal Hard p/ Nintendo DS - Nintendo Game Pokémon Art Academy - 3DS Kit Acessório Pokémon Bda-Stylus p/ Nintendo DS - Nintendo Game Pokemon Mystery Dungeon Exp. Sky - DS Game Pokemon Battle Revolution Wii Game Pokémon Sapphire GBA Game Pokemon Y + Poster Promocional Pokemon - 3DS Livro - Pokémon - Vol.1 Livro - Pokémon - Vol.2 Livro - Pokémon - Vol.3 Livro - Pokémon - Vol. 04 Game Pokemon X + Poster Promocional Pokemon - 3DS
			Igorando Pelo Filtro de Nome...
		Nome do Produto: Game Pokémon Conquest - 3DS Game - Pokémon Alpha Sapphire - 3DS Game - Pokémon Y - 3DS Game - Pokémon Omega Ruby - 3DS Game Pokemon White Version 2 - DS Game - Pokémon X - 3DS Kit Acessórios Nintendo Pokémon Universal Hard p/ Nintendo DS - Nintendo Game Pokémon Art Academy - 3DS Kit Acessório Pokémon Bda-Stylus p/ Nintendo DS - Nintendo Game Pokemon Mystery Dungeon Exp. Sky - DS Game Pokemon Battle Revolution Wii Game Pokémon Sapphire GBA Game Pokemon Y + Poster Promocional Pokemon - 3DS Livro - Pokémon - Vol.1 Livro - Pokémon - Vol.2 Livro - Pokémon - Vol.3 Livro - Pokémon - Vol. 04 Game Pokemon X + Poster Promocional Pokemon - 3DS
			Igorando Pelo Filtro de Nome...
		Nome do Produto: Game Pokémon Conquest - 3DS Game - Pokémon Alpha Sapphire - 3DS Game - Pokémon Y - 3DS Game - Pokémon Omega Ruby - 3DS Game Pokemon White Version 2 - DS Game - Pokémon X - 3DS Kit Acessórios Nintendo Pokémon Universal Hard p/ Nintendo DS - Nintendo Game Pokémon Art Academy - 3DS Kit Acessório Pokémon Bda-Stylus p/ Nintendo DS - Nintendo Game Pokemon Mystery Dungeon Exp. Sky - DS Game Pokemon Battle Revolution Wii Game Pokémon Sapphire GBA Game Pokemon Y + Poster Promocional Pokemon - 3DS Livro - Pokémon - Vol.1 Livro - Pokémon - Vol.2 Livro - Pokémon - Vol.3 Livro - Pokémon - Vol. 04 Game Pokemon X + Poster Promocional Pokemon - 3DS
			Igorando Pelo Filtro de Nome...
		Nome do Produto: Game Pokémon Conquest - 3DS Game - Pokémon Alpha Sapphire - 3DS Game - Pokémon Y - 3DS Game - Pokémon Omega Ruby - 3DS Game Pokemon White Version 2 - DS Game - Pokémon X - 3DS Kit Acessórios Nintendo Pokémon Universal Hard p/ Nintendo DS - Nintendo Game Pokémon Art Academy - 3DS Kit Acessório Pokémon Bda-Stylus p/ Nintendo DS - Nintendo Game Pokemon Mystery Dungeon Exp. Sky - DS Game Pokemon Battle Revolution Wii Game Pokémon Sapphire GBA Game Pokemon Y + Poster Promocional Pokemon - 3DS Livro - Pokémon - Vol.1 Livro - Pokémon - Vol.2 Livro - Pokémon - Vol.3 Livro - Pokémon - Vol. 04 Game Pokemon X + Poster Promocional Pokemon - 3DS
			Igorando Pelo Filtro de Nome...
		Nome do Produto: Game Pokémon Conquest - 3DS Game - Pokémon Alpha Sapphire - 3DS Game - Pokémon Y - 3DS Game - Pokémon Omega Ruby - 3DS Game Pokemon White Version 2 - DS Game - Pokémon X - 3DS Kit Acessórios Nintendo Pokémon Universal Hard p/ Nintendo DS - Nintendo Game Pokémon Art Academy - 3DS Kit Acessório Pokémon Bda-Stylus p/ Nintendo DS - Nintendo Game Pokemon Mystery Dungeon Exp. Sky - DS Game Pokemon Battle Revolution Wii Game Pokémon Sapphire GBA Game Pokemon Y + Poster Promocional Pokemon - 3DS Livro - Pokémon - Vol.1 Livro - Pokémon - Vol.2 Livro - Pokémon - Vol.3 Livro - Pokémon - Vol. 04 Game Pokemon X + Poster Promocional Pokemon - 3DS
			Igorando Pelo Filtro de Nome...
		Nome do Produto: Game Pokémon Conquest - 3DS Game - Pokémon Alpha Sapphire - 3DS Game - Pokémon Y - 3DS Game - Pokémon Omega Ruby - 3DS Game Pokemon White Version 2 - DS Game - Pokémon X - 3DS Kit Acessórios Nintendo Pokémon Universal Hard p/ Nintendo DS - Nintendo Game Pokémon Art Academy - 3DS Kit Acessório Pokémon Bda-Stylus p/ Nintendo DS - Nintendo Game Pokemon Mystery Dungeon Exp. Sky - DS Game Pokemon Battle Revolution Wii Game Pokémon Sapphire GBA Game Pokemon Y + Poster Promocional Pokemon - 3DS Livro - Pokémon - Vol.1 Livro - Pokémon - Vol.2 Livro - Pokémon - Vol.3 Livro - Pokémon - Vol. 04 Game Pokemon X + Poster Promocional Pokemon - 3DS
			Igorando Pelo Filtro de Nome...
		Nome do Produto: Game Pokémon Conquest - 3DS Game - Pokémon Alpha Sapphire - 3DS Game - Pokémon Y - 3DS Game - Pokémon Omega Ruby - 3DS Game Pokemon White Version 2 - DS Game - Pokémon X - 3DS Kit Acessórios Nintendo Pokémon Universal Hard p/ Nintendo DS - Nintendo Game Pokémon Art Academy - 3DS Kit Acessório Pokémon Bda-Stylus p/ Nintendo DS - Nintendo Game Pokemon Mystery Dungeon Exp. Sky - DS Game Pokemon Battle Revolution Wii Game Pokémon Sapphire GBA Game Pokemon Y + Poster Promocional Pokemon - 3DS Livro - Pokémon - Vol.1 Livro - Pokémon - Vol.2 Livro - Pokémon - Vol.3 Livro - Pokémon - Vol. 04 Game Pokemon X + Poster Promocional Pokemon - 3DS
			Igorando Pelo Filtro de Nome...
		Nome do Produto: Game Pokémon Conquest - 3DS Game - Pokémon Alpha Sapphire - 3DS Game - Pokémon Y - 3DS Game - Pokémon Omega Ruby - 3DS Game Pokemon White Version 2 - DS Game - Pokémon X - 3DS Kit Acessórios Nintendo Pokémon Universal Hard p/ Nintendo DS - Nintendo Game Pokémon Art Academy - 3DS Kit Acessório Pokémon Bda-Stylus p/ Nintendo DS - Nintendo Game Pokemon Mystery Dungeon Exp. Sky - DS Game Pokemon Battle Revolution Wii Game Pokémon Sapphire GBA Game Pokemon Y + Poster Promocional Pokemon - 3DS Livro - Pokémon - Vol.1 Livro - Pokémon - Vol.2 Livro - Pokémon - Vol.3 Livro - Pokémon - Vol. 04 Game Pokemon X + Poster Promocional Pokemon - 3DS
			Igorando Pelo Filtro de Nome...
		Nome do Produto: Game Pokémon Conquest - 3DS Game - Pokémon Alpha Sapphire - 3DS Game - Pokémon Y - 3DS Game - Pokémon Omega Ruby - 3DS Game Pokemon White Version 2 - DS Game - Pokémon X - 3DS Kit Acessórios Nintendo Pokémon Universal Hard p/ Nintendo DS - Nintendo Game Pokémon Art Academy - 3DS Kit Acessório Pokémon Bda-Stylus p/ Nintendo DS - Nintendo Game Pokemon Mystery Dungeon Exp. Sky - DS Game Pokemon Battle Revolution Wii Game Pokémon Sapphire GBA Game Pokemon Y + Poster Promocional Pokemon - 3DS Livro - Pokémon - Vol.1 Livro - Pokémon - Vol.2 Livro - Pokémon - Vol.3 Livro - Pokémon - Vol. 04 Game Pokemon X + Poster Promocional Pokemon - 3DS
			Igorando Pelo Filtro de Nome...
		Nome do Produto: Game Pokémon Conquest - 3DS Game - Pokémon Alpha Sapphire - 3DS Game - Pokémon Y - 3DS Game - Pokémon Omega Ruby - 3DS Game Pokemon White Version 2 - DS Game - Pokémon X - 3DS Kit Acessórios Nintendo Pokémon Universal Hard p/ Nintendo DS - Nintendo Game Pokémon Art Academy - 3DS Kit Acessório Pokémon Bda-Stylus p/ Nintendo DS - Nintendo Game Pokemon Mystery Dungeon Exp. Sky - DS Game Pokemon Battle Revolution Wii Game Pokémon Sapphire GBA Game Pokemon Y + Poster Promocional Pokemon - 3DS Livro - Pokémon - Vol.1 Livro - Pokémon - Vol.2 Livro - Pokémon - Vol.3 Livro - Pokémon - Vol. 04 Game Pokemon X + Poster Promocional Pokemon - 3DS
			Igorando Pelo Filtro de Nome...
		Nome do Produto: Game Pokémon Conquest - 3DS Game - Pokémon Alpha Sapphire - 3DS Game - Pokémon Y - 3DS Game - Pokémon Omega Ruby - 3DS Game Pokemon White Version 2 - DS Game - Pokémon X - 3DS Kit Acessórios Nintendo Pokémon Universal Hard p/ Nintendo DS - Nintendo Game Pokémon Art Academy - 3DS Kit Acessório Pokémon Bda-Stylus p/ Nintendo DS - Nintendo Game Pokemon Mystery Dungeon Exp. Sky - DS Game Pokemon Battle Revolution Wii Game Pokémon Sapphire GBA Game Pokemon Y + Poster Promocional Pokemon - 3DS Livro - Pokémon - Vol.1 Livro - Pokémon - Vol.2 Livro - Pokémon - Vol.3 Livro - Pokémon - Vol. 04 Game Pokemon X + Poster Promocional Pokemon - 3DS
			Igorando Pelo Filtro de Nome...
		Nome do Produto: Game Pokémon Conquest - 3DS Game - Pokémon Alpha Sapphire - 3DS Game - Pokémon Y - 3DS Game - Pokémon Omega Ruby - 3DS Game Pokemon White Version 2 - DS Game - Pokémon X - 3DS Kit Acessórios Nintendo Pokémon Universal Hard p/ Nintendo DS - Nintendo Game Pokémon Art Academy - 3DS Kit Acessório Pokémon Bda-Stylus p/ Nintendo DS - Nintendo Game Pokemon Mystery Dungeon Exp. Sky - DS Game Pokemon Battle Revolution Wii Game Pokémon Sapphire GBA Game Pokemon Y + Poster Promocional Pokemon - 3DS Livro - Pokémon - Vol.1 Livro - Pokémon - Vol.2 Livro - Pokémon - Vol.3 Livro - Pokémon - Vol. 04 Game Pokemon X + Poster Promocional Pokemon - 3DS
			Igorando Pelo Filtro de Nome...
		Nome do Produto: Game Pokémon Conquest - 3DS Game - Pokémon Alpha Sapphire - 3DS Game - Pokémon Y - 3DS Game - Pokémon Omega Ruby - 3DS Game Pokemon White Version 2 - DS Game - Pokémon X - 3DS Kit Acessórios Nintendo Pokémon Universal Hard p/ Nintendo DS - Nintendo Game Pokémon Art Academy - 3DS Kit Acessório Pokémon Bda-Stylus p/ Nintendo DS - Nintendo Game Pokemon Mystery Dungeon Exp. Sky - DS Game Pokemon Battle Revolution Wii Game Pokémon Sapphire GBA Game Pokemon Y + Poster Promocional Pokemon - 3DS Livro - Pokémon - Vol.1 Livro - Pokémon - Vol.2 Livro - Pokémon - Vol.3 Livro - Pokémon - Vol. 04 Game Pokemon X + Poster Promocional Pokemon - 3DS
			Igorando Pelo Filtro de Nome...
		Nome do Produto: Game Pokémon Conquest - 3DS Game - Pokémon Alpha Sapphire - 3DS Game - Pokémon Y - 3DS Game - Pokémon Omega Ruby - 3DS Game Pokemon White Version 2 - DS Game - Pokémon X - 3DS Kit Acessórios Nintendo Pokémon Universal Hard p/ Nintendo DS - Nintendo Game Pokémon Art Academy - 3DS Kit Acessório Pokémon Bda-Stylus p/ Nintendo DS - Nintendo Game Pokemon Mystery Dungeon Exp. Sky - DS Game Pokemon Battle Revolution Wii Game Pokémon Sapphire GBA Game Pokemon Y + Poster Promocional Pokemon - 3DS Livro - Pokémon - Vol.1 Livro - Pokémon - Vol.2 Livro - Pokémon - Vol.3 Livro - Pokémon - Vol. 04 Game Pokemon X + Poster Promocional Pokemon - 3DS
			Igorando Pelo Filtro de Nome...
		Nome do Produto: Game Pokémon Conquest - 3DS Game - Pokémon Alpha Sapphire - 3DS Game - Pokémon Y - 3DS Game - Pokémon Omega Ruby - 3DS Game Pokemon White Version 2 - DS Game - Pokémon X - 3DS Kit Acessórios Nintendo Pokémon Universal Hard p/ Nintendo DS - Nintendo Game Pokémon Art Academy - 3DS Kit Acessório Pokémon Bda-Stylus p/ Nintendo DS - Nintendo Game Pokemon Mystery Dungeon Exp. Sky - DS Game Pokemon Battle Revolution Wii Game Pokémon Sapphire GBA Game Pokemon Y + Poster Promocional Pokemon - 3DS Livro - Pokémon - Vol.1 Livro - Pokémon - Vol.2 Livro - Pokémon - Vol.3 Livro - Pokémon - Vol. 04 Game Pokemon X + Poster Promocional Pokemon - 3DS
			Igorando Pelo Filtro de Nome...
		Nome do Produto: Game Pokémon Conquest - 3DS Game - Pokémon Alpha Sapphire - 3DS Game - Pokémon Y - 3DS Game - Pokémon Omega Ruby - 3DS Game Pokemon White Version 2 - DS Game - Pokémon X - 3DS Kit Acessórios Nintendo Pokémon Universal Hard p/ Nintendo DS - Nintendo Game Pokémon Art Academy - 3DS Kit Acessório Pokémon Bda-Stylus p/ Nintendo DS - Nintendo Game Pokemon Mystery Dungeon Exp. Sky - DS Game Pokemon Battle Revolution Wii Game Pokémon Sapphire GBA Game Pokemon Y + Poster Promocional Pokemon - 3DS Livro - Pokémon - Vol.1 Livro - Pokémon - Vol.2 Livro - Pokémon - Vol.3 Livro - Pokémon - Vol. 04 Game Pokemon X + Poster Promocional Pokemon - 3DS
			Igorando Pelo Filtro de Nome...
		Nome do Produto: Game Pokémon Conquest - 3DS Game - Pokémon Alpha Sapphire - 3DS Game - Pokémon Y - 3DS Game - Pokémon Omega Ruby - 3DS Game Pokemon White Version 2 - DS Game - Pokémon X - 3DS Kit Acessórios Nintendo Pokémon Universal Hard p/ Nintendo DS - Nintendo Game Pokémon Art Academy - 3DS Kit Acessório Pokémon Bda-Stylus p/ Nintendo DS - Nintendo Game Pokemon Mystery Dungeon Exp. Sky - DS Game Pokemon Battle Revolution Wii Game Pokémon Sapphire GBA Game Pokemon Y + Poster Promocional Pokemon - 3DS Livro - Pokémon - Vol.1 Livro - Pokémon - Vol.2 Livro - Pokémon - Vol.3 Livro - Pokémon - Vol. 04 Game Pokemon X + Poster Promocional Pokemon - 3DS
			Igorando Pelo Filtro de Nome...
	Tempo Para buscar: 484
Loja: ShopB
	URL Principal: http://www.shopb.com.br/
	URL Busca: http://busca.shopb.com.br/?busca=<BUSCA>
http://busca.shopb.com.br/?busca=Pokemon+Platinum
		Documento Lido
		Resultados: 13
		Nome do Produto: Antena Interna 12db 4 em 1 - Platinum Light
			Igorando Pelo Filtro de Nome...
		Nome do Produto: Dead Space [Platinum Hits] - XBOX 360
			Igorando Pelo Filtro de Nome...
		Nome do Produto: Pikmin 3 - Wii U
			Igorando Pelo Filtro de Nome...
		Nome do Produto: Pokemon Alpha Sapphire - 3DS
			Igorando Pelo Filtro de Nome...
		Nome do Produto: Pokemon Art Academy - 3DS
			Igorando Pelo Filtro de Nome...
		Nome do Produto: Pokemon Omega Ruby - 3DS
			Igorando Pelo Filtro de Nome...
		Nome do Produto: Pokemon X - 3DS
			Igorando Pelo Filtro de Nome...
		Nome do Produto: Pokemon Y - 3DS
			Igorando Pelo Filtro de Nome...
		Nome do Produto: Pokémon White Version 2 - DS
			Igorando Pelo Filtro de Nome...
		Nome do Produto: Tom Clancys Splinter Cell: Blacklist: Paladin Multi-Mission Aircraft Edition - PS3
			Igorando Pelo Filtro de Nome...
		Nome do Produto: Tom Clancys Splinter Cell: Blacklist: Paladin Multi-Mission Aircraft Edition - XBOX 360
			Igorando Pelo Filtro de Nome...
		Nome do Produto: Forza Motorsport 3 Ultimate Collection - XBOX 360 [Platinum Hits]
			Igorando Pelo Filtro de Nome...
		Nome do Produto: Pokemon Mystery Dungeon: Gates to Infinity - 3DS
			Igorando Pelo Filtro de Nome...
	Tempo Para buscar: 806
Loja: Submarino
	URL Principal: http://www.submarino.com.br/
	URL Busca: http://busca.submarino.com.br/busca.php?q=<BUSCA>
http://busca.submarino.com.br/busca.php?q=Pokemon+Platinum
		Documento Lido
		Resultados: 30
		Nome do Produto: Game - Pokémon Alpha Sapphire - 3DS
			Igorando Pelo Filtro de Nome...
		Nome do Produto: Game - Pokémon Omega Ruby - 3DS
			Igorando Pelo Filtro de Nome...
		Nome do Produto: Game - Pokémon Y - 3DS
			Igorando Pelo Filtro de Nome...
		Nome do Produto: Game - Pokémon X - 3DS
			Igorando Pelo Filtro de Nome...
		Nome do Produto: Game Pokémon Conquest - 3DS
			Igorando Pelo Filtro de Nome...
		Nome do Produto: Kit Acessórios Nintendo Pokémon Universal Hard p/ Nintendo DS - Nintendo
			Igorando Pelo Filtro de Nome...
		Nome do Produto: Game Pokemon White Version 2 - DS
			Igorando Pelo Filtro de Nome...
		Nome do Produto: Kit Acessório Pokémon Bda-Stylus p/ Nintendo DS - Nintendo
			Igorando Pelo Filtro de Nome...
		Nome do Produto: Game Pokémon Art Academy - 3DS
			Igorando Pelo Filtro de Nome...
		Nome do Produto: Livro - Japanese Animation: From Painted Scrolls to Pokémon
			Igorando Pelo Filtro de Nome...
		Nome do Produto: Game Pokemon Ranger: Shadows of Almia - DS
			Igorando Pelo Filtro de Nome...
		Nome do Produto: Game Pokemon Ranger DS
			Igorando Pelo Filtro de Nome...
		Nome do Produto: Game Pokemon Mystery Dungeon Explores Darkness - DS
			Igorando Pelo Filtro de Nome...
		Nome do Produto: Game Pokemon Battle Revolution Wii
			Igorando Pelo Filtro de Nome...
		Nome do Produto: Livro - Comprando e Vendendo as Almas de Nossas Crianças: O Que está por Trás do Pokemon
			Igorando Pelo Filtro de Nome...
		Nome do Produto: Game Pokémon Dash - DS
			Igorando Pelo Filtro de Nome...
		Nome do Produto: Game Pokémon Mystery Dungeon Blue DS
			Igorando Pelo Filtro de Nome...
		Nome do Produto: Game Pokémon Diamond DS
			Igorando Pelo Filtro de Nome...
		Nome do Produto: Game Pokemon Mystery Dungeon Red Rescue Team GBA
			Igorando Pelo Filtro de Nome...
		Nome do Produto: Game Pokemon Trozei DS
			Igorando Pelo Filtro de Nome...
		Nome do Produto: Game Pokémon - Fire Red GBA
			Igorando Pelo Filtro de Nome...
		Nome do Produto: Game Pokemon Mystery Dungeon Exp. Sky - DS
			Igorando Pelo Filtro de Nome...
		Nome do Produto: Game Pokémon Heartgold Version - DS
			Igorando Pelo Filtro de Nome...
		Nome do Produto: Game Pokémon Soulsilver Version - DS
			Igorando Pelo Filtro de Nome...
		Nome do Produto: Game Pokémon Rumble Blast - 3DS
			Igorando Pelo Filtro de Nome...
		Nome do Produto: Livro - Pokémon - Vol.1
			Igorando Pelo Filtro de Nome...
		Nome do Produto: Livro - Pokémon - Vol.3
			Igorando Pelo Filtro de Nome...
		Nome do Produto: Livro - Pokémon - Vol. 04
			Igorando Pelo Filtro de Nome...
		Nome do Produto: Game Pokemon Black Version 2 - DS
			Igorando Pelo Filtro de Nome...
		Nome do Produto: Game Pokemon Mystery Dungeon:Gates To Inifinity - 3DS
			Igorando Pelo Filtro de Nome...
	Tempo Para buscar: 501
Loja: Walmart
	URL Principal: http://www.walmart.com.br/
	URL Busca: http://www.walmart.com.br/busca/?ft=<BUSCA>&PS=20
http://www.walmart.com.br/busca/?ft=Pokemon+Platinum&PS=20
		Documento Lido
		Resultados: 20
		Nome do Produto: Geladeira/Refrigerador 2 Portas Consul Bem Estar Frost Free 405L CRM51AK Platinum/Evox
			Igorando Pelo Filtro de Nome...
		Nome do Produto: Refrigerador/Geladeira Brastemp Side Inverse BRO80AK 540 litros 3 portas Frost Free Platinum
			Igorando Pelo Filtro de Nome...
		Nome do Produto: Geladeira/Refrigerador 2 Portas Consul Bem Estar Frost Free 437L CRM55AK Platinum/Evox
			Igorando Pelo Filtro de Nome...
		Nome do Produto: Geladeira/Refrigerador Side By Side Brastemp Inverse 540L Platinum com Wi-Fi BRN80AK
			Igorando Pelo Filtro de Nome...
		Nome do Produto: Enxoval de Cama Queen Platinum 155 fios Microfibra 8 peças – Hometrends
			Igorando Pelo Filtro de Nome...
		Nome do Produto: Toalha de Banho Platinum Fio Pentado Roxo - Santista
			Igorando Pelo Filtro de Nome...
		Nome do Produto: Toalha de Rosto Platinum Fio Penteado Petróleo - Santista
			Igorando Pelo Filtro de Nome...
		Nome do Produto: Toalha de Banho Platinum Fio Penteado Petróleo - Santista
			Igorando Pelo Filtro de Nome...
		Nome do Produto: Jogo Pokemon Alpha Sapphire para Nintendo 3DS
			Igorando Pelo Filtro de Nome...
		Nome do Produto: Jogo Pokemon Omega Ruby para Nintendo 3DS
			Igorando Pelo Filtro de Nome...
		Nome do Produto: Jogo X360 Forza 4 Platinum
			Igorando Pelo Filtro de Nome...
		Nome do Produto: Jogo Pokémon Art Academy para Nintendo 3DS
			Igorando Pelo Filtro de Nome...
		Nome do Produto: Colchão Solteiro Molas Bonnel 088x188cm Platinum - Americanflex
			Igorando Pelo Filtro de Nome...
		Nome do Produto: Colchão Solteiro + Cama Box Solteiro Platinum 88x188cm - Americanflex
			Igorando Pelo Filtro de Nome...
		Nome do Produto: Colchão Casal Molas Bonnel 138x188cm Platinum - Americanflex
			Igorando Pelo Filtro de Nome...
		Nome do Produto: Box Platinum Solteiro - Americanflex - 88x188cm
			Igorando Pelo Filtro de Nome...
		Nome do Produto: Boneco Capitão America Platinum Legends - Hasbro
			Igorando Pelo Filtro de Nome...
		Nome do Produto: Boneco Capitão América 6" Platinum Legends - Hasbro
			Igorando Pelo Filtro de Nome...
		Nome do Produto: Pokémon-Blister Triplo Xy Gallade Copag 144
			Igorando Pelo Filtro de Nome...
		Nome do Produto: Pokémon - XY Mini Figuras Chespin Vs Wobuffet Tomy 18063
			Igorando Pelo Filtro de Nome...
	Tempo Para buscar: 766

File copied from C:\java\workspace Estudo\lookforprices\resources\imports\css.css to C:\java\workspace Estudo\lookforprices\reports\2015-05-14 12\css.css
File copied from C:\java\workspace Estudo\lookforprices\resources\imports\jquery.js to C:\java\workspace Estudo\lookforprices\reports\2015-05-14 12\jquery.js
File copied from C:\java\workspace Estudo\lookforprices\resources\imports\scripts.js to C:\java\workspace Estudo\lookforprices\reports\2015-05-14 12\scripts.js
Tempo total de execução: 22685
