Game: Pokemon Black
Product Name: Pokemon Black
Loja: Nintendo eShop
	URL Principal: http://www.nintendo.com/3ds/eshop
	URL Busca: http://www.nintendo.com/json/content/get/game/filter?&qterm=<BUSCA>
NintendoEShopSearch.search() http://www.nintendo.com/json/content/get/game/filter?&qterm=Pokemon+Black
		Documento Lido
		Resultados: 8
		Nome do Produto: Pokédex 3D Pro
			Igorando Pelo Filtro de Nome...
		Nome do Produto: Pokémon Black Version 2
http://www.nintendo.com/games/detail/iSk_xW9HIh_4kbq6bVfRyao_zEH3nFDt
		Acessando URL do produto.
URL = http://www.nintendo.com/games/detail/iSk_xW9HIh_4kbq6bVfRyao_zEH3nFDt
		Nome do Produto: Pokémon White Version 2
			Igorando Pelo Filtro de Nome...
		Nome do Produto: Pokémon Dream Radar
			Igorando Pelo Filtro de Nome...
		Nome do Produto: Pokémon Conquest
			Igorando Pelo Filtro de Nome...
		Nome do Produto: Pokémon Rumble Blast
			Igorando Pelo Filtro de Nome...
		Nome do Produto: Pokémon Black Version
http://www.nintendo.com/games/detail/KYV94iTvLxiUlOoM08N1simS8TaWvduX
		Acessando URL do produto.
URL = http://www.nintendo.com/games/detail/KYV94iTvLxiUlOoM08N1simS8TaWvduX
		Nome do Produto: Pokémon White Version
			Igorando Pelo Filtro de Nome...
	Tempo Para buscar: 3590
Loja: Americanas
	URL Principal: http://www.americanas.com.br/
	URL Busca: http://busca.americanas.com.br/busca.php?q=<BUSCA>
http://busca.americanas.com.br/busca.php?q=Pokemon+Black
		Documento Lido
		Resultados: 17
		Nome do Produto: Game - Pokémon Omega Ruby - 3DS
			Igorando Pelo Filtro de Nome...
		Nome do Produto: Game - Pokémon Alpha Sapphire - 3DS
			Igorando Pelo Filtro de Nome...
		Nome do Produto: Game - Pokémon X - 3DS
			Igorando Pelo Filtro de Nome...
		Nome do Produto: Game - Pokémon Y - 3DS
			Igorando Pelo Filtro de Nome...
		Nome do Produto: Game Pokémon Conquest - 3DS
			Igorando Pelo Filtro de Nome...
		Nome do Produto: Kit Acessórios Nintendo Pokémon Universal Hard p/ Nintendo DS - Nintendo
			Igorando Pelo Filtro de Nome...
		Nome do Produto: Kit Acessório Pokémon Bda-Stylus p/ Nintendo DS - Nintendo
			Igorando Pelo Filtro de Nome...
		Nome do Produto: Game Pokémon Art Academy - 3DS
			Igorando Pelo Filtro de Nome...
		Nome do Produto: Livro - Japanese Animation: From Painted Scrolls to Pokémon
			Igorando Pelo Filtro de Nome...
		Nome do Produto: Game Pokemon X + Poster Promocional Pokemon - 3DS
			Igorando Pelo Filtro de Nome...
		Nome do Produto: Livro - Pokemon Club V.1 - As Primeiras Aventuras
			Igorando Pelo Filtro de Nome...
		Nome do Produto: Livro - Pokémon - Vol.1
			Igorando Pelo Filtro de Nome...
		Nome do Produto: Livro - Pokémon - Vol.2
			Igorando Pelo Filtro de Nome...
		Nome do Produto: Livro - Pokémon - Vol.3
			Igorando Pelo Filtro de Nome...
		Nome do Produto: Livro - Pokémon - Vol. 04
			Igorando Pelo Filtro de Nome...
		Nome do Produto: Game Pokemon White Version 2 - DS
			Igorando Pelo Filtro de Nome...
		Nome do Produto: Game Pokemon Y + Poster Promocional Pokemon - 3DS
			Igorando Pelo Filtro de Nome...
	Tempo Para buscar: 720
Loja: Big Boy Games
	URL Principal: http://www.bigboygames.com.br/
	URL Busca: http://www.bigboygames.com.br/pesquisa/?p=<BUSCA>
http://www.bigboygames.com.br/pesquisa/?p=Pokemon+Black
		Documento Lido
		Resultados: 5
		Nome do Produto: POKÉMON Black & White Fronteiras Cruzadas Booster
http://www.bigboygames.com.br/pokemon-black-white-fronteiras-cruzadas-booster-p5872/
		Acessando URL do produto.
		Nome do Produto: POKÉMON Black & White Tempestade de Plasma Booster
http://www.bigboygames.com.br/pokemon-black-white-tempestade-de-plasma-booster-p5875/
		Acessando URL do produto.
		Nome do Produto: POKÉMON Black & White Dragões Enaltecidos Booster
http://www.bigboygames.com.br/pokemon-black-white-dragoes-enaltecidos-booster-p5302/
		Acessando URL do produto.
		Nome do Produto: DS - Pokemon Versão Black 2
http://www.bigboygames.com.br/ds-pokemon-versao-black-2-p4430/
		Acessando URL do produto.
		Nome do Produto: DS - Pokemon Versão Black
http://www.bigboygames.com.br/ds-pokemon-versao-black-p2603/
		Acessando URL do produto.
	Tempo Para buscar: 3505
Loja: Casas Bahia
	URL Principal: http://www.casasbahia.com.br/
	URL Busca: http://buscas.casasbahia.com.br/search?w=<BUSCA>
http://buscas.casasbahia.com.br/search?w=Pokemon+Black
		Documento Lido
		Resultados: 2
		Nome do Produto: 
			Igorando Pelo Filtro de Nome...
		Nome do Produto: 
			Igorando Pelo Filtro de Nome...
		Nome do Produto: 
			Igorando Pelo Filtro de Nome...
		Nome do Produto: 
			Igorando Pelo Filtro de Nome...
		Nome do Produto: 
			Igorando Pelo Filtro de Nome...
		Nome do Produto: 
			Igorando Pelo Filtro de Nome...
		Nome do Produto: 
			Igorando Pelo Filtro de Nome...
		Nome do Produto: 
			Igorando Pelo Filtro de Nome...
		Nome do Produto: 
			Igorando Pelo Filtro de Nome...
		Nome do Produto: 
			Igorando Pelo Filtro de Nome...
		Nome do Produto: 
			Igorando Pelo Filtro de Nome...
		Nome do Produto: 
			Igorando Pelo Filtro de Nome...
		Nome do Produto: 
			Igorando Pelo Filtro de Nome...
		Nome do Produto: 
			Igorando Pelo Filtro de Nome...
		Nome do Produto: 
			Igorando Pelo Filtro de Nome...
		Nome do Produto: 
			Igorando Pelo Filtro de Nome...
		Nome do Produto: 
			Igorando Pelo Filtro de Nome...
		Nome do Produto: 
			Igorando Pelo Filtro de Nome...
		Nome do Produto: 
			Igorando Pelo Filtro de Nome...
	Tempo Para buscar: 4593
Loja: Extra
	URL Principal: http://www.extra.com.br/
	URL Busca: http://buscando.extra.com.br/search?w=<BUSCA>
http://buscando.extra.com.br/search?w=Pokemon+Black
		Documento Lido
		Resultados: 1
		Nome do Produto: Deck Esmagador Psíquico - Pokémon Black & White - Congelamento de Plasma - Copag
http://buscando.extra.com.br/search?p=R&srid=S1-USESD01&lbc=extra&w=Pokemon%20Black&url=http%3a%2f%2fproduto.extra.com.br%2f3839660%3f&rk=1&uid=157871350&sid=2&ts=custom&rsc=i3C4tPpZfz-v6Q2j&method=and&isort=score&view=grid
		Acessando URL do produto.
	Tempo Para buscar: 3254
Loja: E-Virtua
	URL Principal: http://www.evirtua.com.br/
	URL Busca: http://www.evirtua.com.br/Busca?search_department_id=0&SearchTerm=<BUSCA>
http://www.evirtua.com.br/Busca?search_department_id=0&SearchTerm=Pokemon+Black
		Documento Lido
		Resultados: 0
	Tempo Para buscar: 231
Loja: Fast Games
	URL Principal: http://www.fastgames.com.br/
	URL Busca: http://www.fastgames.com.br/loja/busca.php?loja=187970&palavra_busca=<BUSCA>
http://www.fastgames.com.br/loja/busca.php?loja=187970&palavra_busca=Pokemon+Black
		Documento Lido
		Resultados: 0
	Tempo Para buscar: 415
Loja: Fast Shop
	URL Principal: http://www.fastshop.com.br/loja/
	URL Busca: http://www.fastshop.com.br/webapp/wcs/stores/servlet/SearchDisplay?searchTerm=<BUSCA>&categoryId=&storeId=10151&catalogId=11052&langId=-6&pageSize=9&beginIndex=0&sType=SimpleSearch&resultCatEntryType=2&showResultsPage=true&searchSource=Q&pageView=&hotsite=fastshop
http://www.fastshop.com.br/webapp/wcs/stores/servlet/SearchDisplay?searchTerm=Pokemon+Black&categoryId=&storeId=10151&catalogId=11052&langId=-6&pageSize=9&beginIndex=0&sType=SimpleSearch&resultCatEntryType=2&showResultsPage=true&searchSource=Q&pageView=&hotsite=fastshop
		Documento Lido
		Resultados: 0
	Tempo Para buscar: 637
Loja: FNAC
	URL Principal: http://www.fnac.com.br/index.html
	URL Busca: http://busca.fnac.com.br/?busca=<BUSCA>
http://busca.fnac.com.br/?busca=Pokemon+Black
		Documento Lido
		Resultados: 20
		Nome do Produto: Filmadora Gopro Hero4 Edition Chdhx-401-br Black Edition, 4k @ 30qps, 12.0mp, Ultra Grande Angular F/2.8 6-elementos, Wi-fi E Bluetooth® Embutidos
			Igorando Pelo Filtro de Nome...
		Nome do Produto: Filmadora Gopro Hero3+ Chdhx-302-br Black Edition, 4k @ 15qps, 12.0mp, Ultra Grande Angular, F/2.8, 6-elementos, Wi-fi Embutido
			Igorando Pelo Filtro de Nome...
		Nome do Produto: Jbl Charge Ii Black Social Bluetooth
			Igorando Pelo Filtro de Nome...
		Nome do Produto: Fone de Ouvido Beats Urbeats - Black
			Igorando Pelo Filtro de Nome...
		Nome do Produto: Torradeira Kenwood Ttm024 Toaster 2sl P+v Bw Black 220v Br
			Igorando Pelo Filtro de Nome...
		Nome do Produto: Cafeteira Nespresso Inissia + Black - 110v
			Igorando Pelo Filtro de Nome...
		Nome do Produto: Cafeteira Nespresso Inissia + Black - 220v
			Igorando Pelo Filtro de Nome...
		Nome do Produto: Jbl Clip Caixa Bluetooth Black
			Igorando Pelo Filtro de Nome...
		Nome do Produto: Ps3 Grid Autosport – Black Edition
			Igorando Pelo Filtro de Nome...
		Nome do Produto: Xbox 360 Grid Autosport – Black Edition
			Igorando Pelo Filtro de Nome...
		Nome do Produto: 3ds Pokemon X
			Igorando Pelo Filtro de Nome...
		Nome do Produto: 3ds Pokemon Y
			Igorando Pelo Filtro de Nome...
		Nome do Produto: 3ds Pokemon Art Academy
			Igorando Pelo Filtro de Nome...
		Nome do Produto: 3ds Pokemon Alpha Sapphire
			Igorando Pelo Filtro de Nome...
		Nome do Produto: 3ds Pokemon Omega Ruby
			Igorando Pelo Filtro de Nome...
		Nome do Produto: Evernote Notebook Large Ruled Black Hard
			Igorando Pelo Filtro de Nome...
		Nome do Produto: Xbox One Assassin`s Creed Iv: Black Flag Signature Edition
			Igorando Pelo Filtro de Nome...
		Nome do Produto: Ps4 Assassin`s Creed Iv: Black Flag (versão em Português)
			Igorando Pelo Filtro de Nome...
		Nome do Produto: Bbc - Orphan Black - 1ª Temporada Completa (3 DVDs)
			Igorando Pelo Filtro de Nome...
		Nome do Produto: Guia Para O Dsm-5 - Complemento Essencial Para O Manual Diagnóstico E Estatístico de Transtornos Mentais
			Igorando Pelo Filtro de Nome...
	Tempo Para buscar: 1309
Loja: Kabum
	URL Principal: http://www.kabum.com.br/
	URL Busca: http://www.kabum.com.br/cgi-local/site/listagem/listagem.cgi?string=<BUSCA>&btnG=
http://www.kabum.com.br/cgi-local/site/listagem/listagem.cgi?string=Pokemon+Black&btnG=
		Documento Lido
		Resultados: 0
	Tempo Para buscar: 446
Loja: Livraria Cultura
	URL Principal: http://www.livrariacultura.com.br/
	URL Busca: http://www.livrariacultura.com.br/busca?N=0&Ntt=<BUSCA>
http://www.livrariacultura.com.br/busca?N=0&Ntt=Pokemon+Black
		Documento Lido
		Resultados: 48
		Nome do Produto: POKEMON BLACK & WHITE - Nº01
http://www.livrariacultura.com.br/p/pokemon-black-white-n01-42690873
		Acessando URL do produto.
		Nome do Produto: POKEMON BLACK & WHITE - Nº02
http://www.livrariacultura.com.br/p/pokemon-black-white-n02-11107524
		Acessando URL do produto.
		Nome do Produto: POKEMON BLACK & WHITE - Nº05
http://www.livrariacultura.com.br/p/pokemon-black-white-n05-42890554
		Acessando URL do produto.
		Nome do Produto: POKEMON BLACK & WHITE - Nº03
http://www.livrariacultura.com.br/p/pokemon-black-white-n03-40041633
		Acessando URL do produto.
		Nome do Produto: POKEMON BLACK & WHITE - Nº04
http://www.livrariacultura.com.br/p/pokemon-black-white-n04-40042487
		Acessando URL do produto.
		Nome do Produto: POKEMON BLACK VERSION 2 AND POKEMON WHITE VERSION
http://www.livrariacultura.com.br/p/pokemon-black-version-2-and-pokemon-white-version-30737190
		Acessando URL do produto.
		Nome do Produto: POKEMON SUPER STICKER BOOK
			Igorando Pelo Filtro de Nome...
		Nome do Produto: POKEMON BLACK AND WHITE BOX SET
http://www.livrariacultura.com.br/p/pokemon-black-and-white-box-set-29605247
		Acessando URL do produto.
		Nome do Produto: POKEMON BLACK AND WHITE 3
http://www.livrariacultura.com.br/p/pokemon-black-and-white-3-22569811
		Acessando URL do produto.
		Nome do Produto: POKEMON BLACK AND WHITE, V.2
http://www.livrariacultura.com.br/p/pokemon-black-and-white-v2-22538795
		Acessando URL do produto.
		Nome do Produto: POKEMON BLACK VERSION 2 AND POKEMON WHITE VERSION
http://www.livrariacultura.com.br/p/pokemon-black-version-2-and-pokemon-white-version-30737189
		Acessando URL do produto.
		Nome do Produto: POKEMON BLACK AND WHITE 8
http://www.livrariacultura.com.br/p/pokemon-black-and-white-8-29012123
		Acessando URL do produto.
		Nome do Produto: POKEMON BLACK AND WHITE 4
http://www.livrariacultura.com.br/p/pokemon-black-and-white-4-22569813
		Acessando URL do produto.
		Nome do Produto: POKEMON BLACK AND WHITE 5
http://www.livrariacultura.com.br/p/pokemon-black-and-white-5-22954190
		Acessando URL do produto.
		Nome do Produto: POKEMON BLACK AND WHITE 7
http://www.livrariacultura.com.br/p/pokemon-black-and-white-7-5110465
		Acessando URL do produto.
		Nome do Produto: POKEMON BLACK AND WHITE BOX SET 2
http://www.livrariacultura.com.br/p/pokemon-black-and-white-box-set-2-42249596
		Acessando URL do produto.
		Nome do Produto: POKEMON - BLACK & WHITE HANDBOOK
http://www.livrariacultura.com.br/p/pokemon-black-white-handbook-22403483
		Acessando URL do produto.
		Nome do Produto: POKEMON BLACK AND WHITE 2 GUIDE
http://www.livrariacultura.com.br/p/pokemon-black-and-white-2-guide-61782217
		Acessando URL do produto.
		Nome do Produto: POKEMON BLACK AND WHITE
http://www.livrariacultura.com.br/p/pokemon-black-and-white-42253226
		Acessando URL do produto.
		Nome do Produto: POKEMON BLACK AND WHITE 6
http://www.livrariacultura.com.br/p/pokemon-black-and-white-6-22954191
		Acessando URL do produto.
		Nome do Produto: POKEMON BLACK/WHITE: VIDEO GAME GUIDE
http://www.livrariacultura.com.br/p/pokemon-blackwhite-video-game-guide-30709601
		Acessando URL do produto.
		Nome do Produto: POKEMON BLACK AND WHITE, V.1
http://www.livrariacultura.com.br/p/pokemon-black-and-white-v1-22538900
		Acessando URL do produto.
		Nome do Produto: POKEMON BLACK AND WHITE
http://www.livrariacultura.com.br/p/pokemon-black-and-white-42253225
		Acessando URL do produto.
		Nome do Produto: POKEMON BLACK AND WHITE
http://www.livrariacultura.com.br/p/pokemon-black-and-white-42079188
		Acessando URL do produto.
		Nome do Produto: POKEMON BLACK AND WHITE
http://www.livrariacultura.com.br/p/pokemon-black-and-white-42079189
		Acessando URL do produto.
		Nome do Produto: POKEMON BLACK VERSION STICKER BOOK
http://www.livrariacultura.com.br/p/pokemon-black-version-sticker-book-30938432
		Acessando URL do produto.
		Nome do Produto: POKEMON BLACK AND WHITE
http://www.livrariacultura.com.br/p/pokemon-black-and-white-42079187
		Acessando URL do produto.
		Nome do Produto: POK‚MON ADVENTURES - BLACK AND WHITE
			Igorando Pelo Filtro de Nome...
		Nome do Produto: POKEMON ADVENTURES - BLACK AND WHITE 20
http://www.livrariacultura.com.br/p/pokemon-adventures-black-and-white-20-42783148
		Acessando URL do produto.
		Nome do Produto: POK‚MON ADVENTURES - BLACK AND WHITE
			Igorando Pelo Filtro de Nome...
		Nome do Produto: POKEMON ADVENTURES- BLACK AND WHITE 5
http://www.livrariacultura.com.br/p/pokemon-adventures-black-and-white-5-45017779
		Acessando URL do produto.
		Nome do Produto: POKEMON ADVENTURES- BLACK & WHITE 7
http://www.livrariacultura.com.br/p/pokemon-adventures-black-white-7-42841954
		Acessando URL do produto.
		Nome do Produto: POKEMON ADVENTURES - BLACK AND WHITE 6
http://www.livrariacultura.com.br/p/pokemon-adventures-black-and-white-6-42783124
		Acessando URL do produto.
		Nome do Produto: POKEMON ADVENTURES- BLACK AND WHITE 8
http://www.livrariacultura.com.br/p/pokemon-adventures-black-and-white-8-42841955
		Acessando URL do produto.
		Nome do Produto: SUPER POKEMON POP-UP BLACK KYUREM
http://www.livrariacultura.com.br/p/super-pokemon-pop-up-black-kyurem-30888730
		Acessando URL do produto.
		Nome do Produto: POK‚MON ADVENTURES - BLACK AND WHITE
			Igorando Pelo Filtro de Nome...
		Nome do Produto: GAME FREAKS 365'S NINTENDO DS REVIEW GUIDE
			Igorando Pelo Filtro de Nome...
		Nome do Produto: LATA POKEMON - BLACK & WHITE
http://www.livrariacultura.com.br/p/lata-pokemon-black-white-33000186
		Acessando URL do produto.
		Nome do Produto: POKEMON BLACK & WHITE 6 - LATA
http://www.livrariacultura.com.br/p/pokemon-black-white-6-lata-42113157
		Acessando URL do produto.
		Nome do Produto: POKEMON BLACK & WHITE 7 - DECK
http://www.livrariacultura.com.br/p/pokemon-black-white-7-deck-42134062
		Acessando URL do produto.
		Nome do Produto: POKEMON BLACK & WHITE 2 - DECK TRUQUES TOXICOS
http://www.livrariacultura.com.br/p/pokemon-black-white-2-deck-truques-toxicos-29597577
		Acessando URL do produto.
		Nome do Produto: POKEMON BLACK & WHITE 6 - DECK
http://www.livrariacultura.com.br/p/pokemon-black-white-6-deck-42113035
		Acessando URL do produto.
		Nome do Produto: POKEMON BLACK & WHITE - ATAQUE AZUL - BARALHO
http://www.livrariacultura.com.br/p/pokemon-black-white-ataque-azul-baralho-11068034
		Acessando URL do produto.
		Nome do Produto: POKEMON BLACK & WHITE 9 - DECK
http://www.livrariacultura.com.br/p/pokemon-black-white-9-deck-42158869
		Acessando URL do produto.
		Nome do Produto: POKEMON BLACK & WHITE 7 - BOOSTER BLISTER
http://www.livrariacultura.com.br/p/pokemon-black-white-7-booster-blister-42134061
		Acessando URL do produto.
		Nome do Produto: POKEMON BLACK & WHITE - TORNADO VERDE - BARALHO
http://www.livrariacultura.com.br/p/pokemon-black-white-tornado-verde-baralho-29037486
		Acessando URL do produto.
		Nome do Produto: POKEMON BLACK & WHITE - EMERGING POWERS - DECK
http://www.livrariacultura.com.br/p/pokemon-black-white-emerging-powers-deck-29508552
		Acessando URL do produto.
		Nome do Produto: POKEMON BLACK & WHITE 6 - BOOSTER
http://www.livrariacultura.com.br/p/pokemon-black-white-6-booster-42113038
		Acessando URL do produto.
	Tempo Para buscar: 15734
Loja: Magazine Luiza
	URL Principal: http://www.magazineluiza.com.br/
	URL Busca: http://www.magazineluiza.com.br/busca/<BUSCA>/
http://www.magazineluiza.com.br/busca/Pokemon+Black/
		Documento Lido
		Resultados: 60
		Nome do Produto: Black Onix Female Erotics - Perfume Feminino Eau de Parfum 100ml
			Igorando Pelo Filtro de Nome...
		Nome do Produto: Black Onix Male Erotics - Perfume Masculino Eau de Toilette 100ml
			Igorando Pelo Filtro de Nome...
		Nome do Produto: Black Onix Fundamentals Green - Perfume Masculino Eau de Toilette 100ml
			Igorando Pelo Filtro de Nome...
		Nome do Produto: Black Onix Falling Star Man - Perfume Masculino Eau de Toilette 100ml
			Igorando Pelo Filtro de Nome...
		Nome do Produto: Liquidificador Black&Decker Excellence LE700 - 2 Velocidades
			Igorando Pelo Filtro de Nome...
		Nome do Produto: Ferro a Vapor e a Seco Black&Decker AJ2032 - Branco e Azul com Sistema de vapor na Vertical
			Igorando Pelo Filtro de Nome...
		Nome do Produto: Sanduicheira Black&Decker HG610T/X - 700W
			Igorando Pelo Filtro de Nome...
		Nome do Produto: Aparador de Grama Black&Decker GL400P - 600W Corte de 25,5cm
			Igorando Pelo Filtro de Nome...
		Nome do Produto: Furadeira TM500K Black&Decker de Impacto - 500W c/ Maleta 1 Peça
			Igorando Pelo Filtro de Nome...
		Nome do Produto: Lavadora de Alta Pressão Black&Decker PW2100 Profi - 1885 Libras Motor de Indução 2100W Mangueira 8m
			Igorando Pelo Filtro de Nome...
		Nome do Produto: Faca Elétrica Black&Decker EK100 - 100W
			Igorando Pelo Filtro de Nome...
		Nome do Produto: Ferro a Vapor e a Seco Black&Decker X500PK - Branco e Rosa
			Igorando Pelo Filtro de Nome...
		Nome do Produto: Ferro a Vapor e a Seco Black&Decker XT2020 - Branco e Azul com Função de Autolimpeza
			Igorando Pelo Filtro de Nome...
		Nome do Produto: Balança Digital 3kg com Função Tara - Black&Decker BC200B
			Igorando Pelo Filtro de Nome...
		Nome do Produto: Ferro a Vapor e a Seco - Black&Decker PFOX560
			Igorando Pelo Filtro de Nome...
		Nome do Produto: Ferro à Seco Automático - Black&Decker VFA-1110 Preto
			Igorando Pelo Filtro de Nome...
		Nome do Produto: Lâminas Tico-Tico para Metal 24DPP 2 Peças - Black&Decker 75 269 k
			Igorando Pelo Filtro de Nome...
		Nome do Produto: Lâminas Convencionais de Serras Tico-Tico - para Metal 18DPP 2 Peças - Black&Decker 75 253
			Igorando Pelo Filtro de Nome...
		Nome do Produto: Micro Retífica Velocidade Variável - Black&Decker RT650KA
			Igorando Pelo Filtro de Nome...
		Nome do Produto: Whey 4HD Morango 907g - Black Skull
			Igorando Pelo Filtro de Nome...
		Nome do Produto: Whey Zero Chocolate 1,995kg - Black Skull
			Igorando Pelo Filtro de Nome...
		Nome do Produto: Whey Protein Whey 4HD 907g Baunilha - Black Skull
			Igorando Pelo Filtro de Nome...
		Nome do Produto: Mini Processador 100W - Black&Decker HC31
			Igorando Pelo Filtro de Nome...
		Nome do Produto: Termogênico Killer 2F 2,400 Kg - Black Skull
			Igorando Pelo Filtro de Nome...
		Nome do Produto: Whey Protein Monstrous 2,7Kg Chocolate - Black Skull
			Igorando Pelo Filtro de Nome...
		Nome do Produto: Whey Protein Hannibal 907g Chocolate - Black Skull
			Igorando Pelo Filtro de Nome...
		Nome do Produto: Whey Protein Holy Whey 907g Natural - Black Skull
			Igorando Pelo Filtro de Nome...
		Nome do Produto: Whey Zero Baunilha 907g - Black Skull
			Igorando Pelo Filtro de Nome...
		Nome do Produto: Mandril de 1/2" e Chave - Black&Decker 70-021E
			Igorando Pelo Filtro de Nome...
		Nome do Produto: Kit de Perfuração 102 Peças - Black&Decker A8094G
			Igorando Pelo Filtro de Nome...
		Nome do Produto: Pistola de Pintura para Cantos e Acabamentos - Black and Decker
			Igorando Pelo Filtro de Nome...
		Nome do Produto: Rolo de Pintura Articulação de 3 Posições - Black&Decker BDPR400
			Igorando Pelo Filtro de Nome...
		Nome do Produto: Escova Giratória para Lavagem de Automóveis - e Janelas - Black&Decker PWA003 LA
			Igorando Pelo Filtro de Nome...
		Nome do Produto: Escova Rígida - Black&Decker PWA002-LA
			Igorando Pelo Filtro de Nome...
		Nome do Produto: Kit de Sucção de Água - Black&Decker PWA005-LA
			Igorando Pelo Filtro de Nome...
		Nome do Produto: Rolo de Pintura e Pulverizador de Tinta - Black&Decker + Pistola de Pintura para Cantos
			Igorando Pelo Filtro de Nome...
		Nome do Produto: Pokémon Alpha Sapphire para Nintendo 3DS - Nintendo
			Igorando Pelo Filtro de Nome...
		Nome do Produto: Pokémon Omega Ruby para Nintendo 3DS - Nintendo
			Igorando Pelo Filtro de Nome...
		Nome do Produto: Termogênico X-treme Black Hardcore 60 Cápsulas - X-Pharma
			Igorando Pelo Filtro de Nome...
		Nome do Produto: Ultimate Fire Black 120 Cápsulas - Max Titanium
			Igorando Pelo Filtro de Nome...
		Nome do Produto: Thermo Black 60 Cápsulas - Nitech Nutrition
			Igorando Pelo Filtro de Nome...
		Nome do Produto: Energético Carb Up Black 30g Laranja - Probiótica
			Igorando Pelo Filtro de Nome...
		Nome do Produto: Energético Carb Up Black 30g Morango - Probiótica
			Igorando Pelo Filtro de Nome...
		Nome do Produto: Ultimate Fire Black 60 Cápsulas - Max Titanium
			Igorando Pelo Filtro de Nome...
		Nome do Produto: Delineador para Olhos ColorStay Eyeliner - Cor Black - Revlon
			Igorando Pelo Filtro de Nome...
		Nome do Produto: Carrinho de Bebê Passeio Bebê Confort High Trek - Reclinável 3 Posições Reversível até 15Kg
			Igorando Pelo Filtro de Nome...
		Nome do Produto: Carrinho de Bebê Passeio Bebê Confort Elea - Reclinável 3 Posições Reversível até 15Kg
			Igorando Pelo Filtro de Nome...
		Nome do Produto: Burn Out Black 30 Packs Guaraná e Mate 96g - Probiótica
			Igorando Pelo Filtro de Nome...
		Nome do Produto: Delineador para Olhos Clubbing Cor Ultra Black - Bourjois
			Igorando Pelo Filtro de Nome...
		Nome do Produto: Secador de Cabelo Black 2 Velocidades 1700W - Taiff Black
			Igorando Pelo Filtro de Nome...
		Nome do Produto: Lápis para Contorno dos Olhos Cor Black Party - Bourjois
			Igorando Pelo Filtro de Nome...
		Nome do Produto: Tanquinho Newup 6kg Black - Dispenser para Sabão
			Igorando Pelo Filtro de Nome...
		Nome do Produto: Termogênico Black Bee Cafeína 60 Cápsulas - Probiótica
			Igorando Pelo Filtro de Nome...
		Nome do Produto: Câmera Digital Black Edition Hero 3+ - GoPro
			Igorando Pelo Filtro de Nome...
		Nome do Produto: Tanquinho New.Up! 12Kg - com Desligamento Automático
			Igorando Pelo Filtro de Nome...
		Nome do Produto: Carrinho de Bebê Passeio para Gêmeos Safety 1st - Double Ômega Black Reclinável até 15Kg
			Igorando Pelo Filtro de Nome...
		Nome do Produto: Conjunto de Malas - Batiki ET665BLACK
			Igorando Pelo Filtro de Nome...
		Nome do Produto: Rimel Volume Glamour Ultra Curl - Black Curl Bourjois
			Igorando Pelo Filtro de Nome...
		Nome do Produto: Cadeira para Auto Bébé Confort Hipsos - para Crianças de 15 a 36 Kg
			Igorando Pelo Filtro de Nome...
		Nome do Produto: Lápis para Contorno dos Olhos Effet Smoky Crayon - Cor 76 Ultra Black - Bourjois
			Igorando Pelo Filtro de Nome...
	Tempo Para buscar: 807
Loja: Mula Games
	URL Principal: http://www.mulagames.com.br/
	URL Busca: http://www.mulagames.com.br/produtos-index/catalogo_produtos/-/-/<BUSCA>/-/-/-/-/-/
http://www.mulagames.com.br/produtos-index/catalogo_produtos/-/-/Pokemon%20Black/-/-/-/-/-/
		Documento Lido
		Resultados: 0
	Tempo Para buscar: 1184
Loja: Net Shoes
	URL Principal: http://www.netshoes.com.br/
	URL Busca: http://www.netshoes.com.br/search?Ntt=<BUSCA>
http://www.netshoes.com.br/search?Ntt=Pokemon+Black
		Documento Lido
		Resultados: 55
		Nome do Produto: Thermo Cuts Black 120 tabs - NeoNutri + L-Carnitine Fire 240 ml - MidWay
			Igorando Pelo Filtro de Nome...
		Nome do Produto: Thermo Cuts Black 120 tabs - NeoNutri
			Igorando Pelo Filtro de Nome...
		Nome do Produto: Monster Extreme Black 44 Packs - Probiótica
			Igorando Pelo Filtro de Nome...
		Nome do Produto: Massa Monster Black 1,5 kg - Probiótica
			Igorando Pelo Filtro de Nome...
		Nome do Produto: Tênis Puma Driving Power 2 Low Ferrari Black Out
			Igorando Pelo Filtro de Nome...
		Nome do Produto: BCAA Black 200 g - Probiótica
			Igorando Pelo Filtro de Nome...
		Nome do Produto: Massa Monster Black 3 kg - Probiótica
			Igorando Pelo Filtro de Nome...
		Nome do Produto: Massa Monster Black 1,5 kg - Probiótica
			Igorando Pelo Filtro de Nome...
		Nome do Produto: Massa Monster Black 3 kg - Probiótica
			Igorando Pelo Filtro de Nome...
		Nome do Produto: Mochila Jansport Black Label Superbreak
			Igorando Pelo Filtro de Nome...
		Nome do Produto: BCAA Black 200 g - Probiótica
			Igorando Pelo Filtro de Nome...
		Nome do Produto: Câmera GoPro Hero4 Black Edition Adventure
			Igorando Pelo Filtro de Nome...
		Nome do Produto: Massa Monster Black 1,5 kg - Probiótica
			Igorando Pelo Filtro de Nome...
		Nome do Produto: BCAA Black 200 g - Probiótica
			Igorando Pelo Filtro de Nome...
		Nome do Produto: Rolamento Element Black
			Igorando Pelo Filtro de Nome...
		Nome do Produto: Thermogenic Extreme Black 120 Caps - Probiótica
			Igorando Pelo Filtro de Nome...
		Nome do Produto: Black Bee Cafeína 60 Cápsulas - Probiótica
			Igorando Pelo Filtro de Nome...
		Nome do Produto: Massa Monster Black 3 kg - Probiótica
			Igorando Pelo Filtro de Nome...
		Nome do Produto: Caffeine Black Jack 60 ml c/ 25 uni. - Midway
			Igorando Pelo Filtro de Nome...
		Nome do Produto: Burn Out Black 30 Packs - Probiótica
			Igorando Pelo Filtro de Nome...
		Nome do Produto: Pré Black 240 g - Probiótica
			Igorando Pelo Filtro de Nome...
		Nome do Produto: Pré Black 240 g - Probiótica
			Igorando Pelo Filtro de Nome...
		Nome do Produto: BCAA Black 200 g - Probiótica
			Igorando Pelo Filtro de Nome...
		Nome do Produto: Mesa de Ping Pong / Tênis de Mesa Klopf Oficial Black Edition - 15 mm
			Igorando Pelo Filtro de Nome...
		Nome do Produto: Boné New Era 5950 Ne Batik Black
			Igorando Pelo Filtro de Nome...
		Nome do Produto: Camiseta Quiksilver Black Hole
			Igorando Pelo Filtro de Nome...
		Nome do Produto: Camiseta Quiksilver Black Hole
			Igorando Pelo Filtro de Nome...
		Nome do Produto: Camiseta Nike SB DF Black Cat
			Igorando Pelo Filtro de Nome...
		Nome do Produto: Canivete Guepardo Black Hawk
			Igorando Pelo Filtro de Nome...
		Nome do Produto: Camiseta Quiksilver Black Diamond
			Igorando Pelo Filtro de Nome...
		Nome do Produto: Camiseta Nike SB DF Black Cat
			Igorando Pelo Filtro de Nome...
		Nome do Produto: Mala Roxy Trekker True Black
			Igorando Pelo Filtro de Nome...
		Nome do Produto: Relógio Puma Ultrasize Metal black
			Igorando Pelo Filtro de Nome...
		Nome do Produto: Jogo The Black Eyed Peas Experience Wii
			Igorando Pelo Filtro de Nome...
		Nome do Produto: Camiseta Quiksilver Black Hole
			Igorando Pelo Filtro de Nome...
		Nome do Produto: Kit Verão DIET WAY + L-Carnitine Black Jack 245ml Midway Baunilha
			Igorando Pelo Filtro de Nome...
		Nome do Produto: Carb-Up Gel Black c/ 10 Sachês - Probiótica
			Igorando Pelo Filtro de Nome...
		Nome do Produto: L-Carnitine Black Jack 245 ml - MidWay
			Igorando Pelo Filtro de Nome...
		Nome do Produto: Kit Verão DIET WAY + L-Carnitine Black Jack 245ml Midway Banana
			Igorando Pelo Filtro de Nome...
		Nome do Produto: Kit Verão DIET WAY + L-Carnitine Black Jack 245ml Midway Coco
			Igorando Pelo Filtro de Nome...
		Nome do Produto: L-Carnitine Black Jack 245 ml - MidWay
			Igorando Pelo Filtro de Nome...
		Nome do Produto: Kit Verão DIET WAY + L-Carnitine Black Jack 245ml Midway Chocolate
			Igorando Pelo Filtro de Nome...
		Nome do Produto: Kit Verão DIET WAY + L-Carnitine Black Jack 245ml Midway Morango
			Igorando Pelo Filtro de Nome...
		Nome do Produto: Thermo Cuts Black 15 Tabs - NeoNutri
			Igorando Pelo Filtro de Nome...
		Nome do Produto: Carb-Up Gel Black c/ 10 Sachês - Probiótica
			Igorando Pelo Filtro de Nome...
		Nome do Produto: Carb-Up Gel Black c/ 10 Sachês - Probiótica
			Igorando Pelo Filtro de Nome...
		Nome do Produto: Andros Black 90 Cáps - MidWay
			Igorando Pelo Filtro de Nome...
		Nome do Produto: Thermo Cuts Black 60 Tabs - NeoNutri
			Igorando Pelo Filtro de Nome...
		Nome do Produto: Boné New Era 5950 Black on Black Philadelphia Phillies
			Igorando Pelo Filtro de Nome...
		Nome do Produto: Óculos Pretorian Solar Black Ice
			Igorando Pelo Filtro de Nome...
		Nome do Produto: Camiseta Quiksilver Black Hole
			Igorando Pelo Filtro de Nome...
		Nome do Produto: Boné New Era 5950 Black on Black San Francisco Giants
			Igorando Pelo Filtro de Nome...
		Nome do Produto: Boné New Era 5950 Black On Black Boston Red Sox
			Igorando Pelo Filtro de Nome...
		Nome do Produto: Camiseta Topper Grêmio Black
			Igorando Pelo Filtro de Nome...
		Nome do Produto: Camiseta Barbedo Triple Black
			Igorando Pelo Filtro de Nome...
	Tempo Para buscar: 393
Loja: Ponto Frio
	URL Principal: http://www.pontofrio.com.br/
	URL Busca: http://search.pontofrio.com.br/search?w=<BUSCA>
http://search.pontofrio.com.br/search?w=Pokemon+Black
		Documento Lido
		Resultados: 2
		Nome do Produto: 
			Igorando Pelo Filtro de Nome...
		Nome do Produto: 
			Igorando Pelo Filtro de Nome...
		Nome do Produto: 
			Igorando Pelo Filtro de Nome...
		Nome do Produto: 
			Igorando Pelo Filtro de Nome...
		Nome do Produto: 
			Igorando Pelo Filtro de Nome...
		Nome do Produto: 
			Igorando Pelo Filtro de Nome...
		Nome do Produto: 
			Igorando Pelo Filtro de Nome...
		Nome do Produto: 
			Igorando Pelo Filtro de Nome...
		Nome do Produto: 
			Igorando Pelo Filtro de Nome...
		Nome do Produto: 
			Igorando Pelo Filtro de Nome...
		Nome do Produto: 
			Igorando Pelo Filtro de Nome...
		Nome do Produto: 
			Igorando Pelo Filtro de Nome...
		Nome do Produto: 
			Igorando Pelo Filtro de Nome...
		Nome do Produto: 
			Igorando Pelo Filtro de Nome...
		Nome do Produto: 
			Igorando Pelo Filtro de Nome...
		Nome do Produto: 
			Igorando Pelo Filtro de Nome...
		Nome do Produto: 
			Igorando Pelo Filtro de Nome...
		Nome do Produto: 
			Igorando Pelo Filtro de Nome...
		Nome do Produto: 
			Igorando Pelo Filtro de Nome...
		Nome do Produto: 
			Igorando Pelo Filtro de Nome...
		Nome do Produto: 
			Igorando Pelo Filtro de Nome...
		Nome do Produto: 
			Igorando Pelo Filtro de Nome...
		Nome do Produto: 
			Igorando Pelo Filtro de Nome...
		Nome do Produto: 
			Igorando Pelo Filtro de Nome...
		Nome do Produto: 
			Igorando Pelo Filtro de Nome...
		Nome do Produto: 
			Igorando Pelo Filtro de Nome...
		Nome do Produto: 
			Igorando Pelo Filtro de Nome...
		Nome do Produto: 
			Igorando Pelo Filtro de Nome...
		Nome do Produto: 
			Igorando Pelo Filtro de Nome...
		Nome do Produto: 
			Igorando Pelo Filtro de Nome...
		Nome do Produto: 
			Igorando Pelo Filtro de Nome...
		Nome do Produto: 
			Igorando Pelo Filtro de Nome...
		Nome do Produto: 
			Igorando Pelo Filtro de Nome...
		Nome do Produto: 
			Igorando Pelo Filtro de Nome...
		Nome do Produto: 
			Igorando Pelo Filtro de Nome...
		Nome do Produto: 
			Igorando Pelo Filtro de Nome...
	Tempo Para buscar: 1547
Loja: Ricardo Eletro
	URL Principal: http://www.ricardoeletro.com.br/
	URL Busca: http://www.ricardoeletro.com.br/Busca/Resultado/?q=<BUSCA>
http://www.ricardoeletro.com.br/Busca/Resultado/?q=Pokemon+Black
		Documento Lido
		Resultados: 0
	Tempo Para buscar: 1346
Loja: RiHappy
	URL Principal: http://www.rihappy.com.br/
	URL Busca: http://www.rihappy.com.br/<BUSCA>
http://www.rihappy.com.br/Pokemon%20Black
		Documento Lido
		Resultados: 4
		Nome do Produto: Deck Limpeza da Mente - Pokémon Black e White - Explosão de Plasma - Copag - Jogos de Cartas
http://www.rihappy.com.br/deck-limpeza-da-mente-pokemon-black-e-white-explosao-de-plasma-copag/p
		Acessando URL do produto.
		Nome do Produto: Deck Ataque Solar - Pokémon Black e White - Explosão de Plasma - Copag - Jogos de Cartas
http://www.rihappy.com.br/deck-ataque-solar-pokemon-black-e-white-explosao-de-plasma-copag/p
		Acessando URL do produto.
		Nome do Produto: Deck Raio Congelante - Pokémon Black & White - Congelamento de Plasma - Copag - Jogos de Cartas
http://www.rihappy.com.br/deck-raio-congelante-pokemon-black-e-white-congelamento-de-plasma-copag/p
		Acessando URL do produto.
		Nome do Produto: Deck Esmagador Psíquico - Pokémon Black & White - Congelamento de Plasma - Copag - Jogos de Cartas
http://www.rihappy.com.br/deck-esmagador-psiquico-pokemon-black-e-white-congelamento-de-plasma-copag/p
		Acessando URL do produto.
	Tempo Para buscar: 4783
Loja: Saraiva
	URL Principal: http://www.saraiva.com.br/
	URL Busca: http://busca.saraiva.com.br/search?w=<BUSCA>&PAC_ID=129457&ts=ajax
http://busca.saraiva.com.br/search?w=Pokemon+Black&PAC_ID=129457&ts=ajax
		Documento Lido
		Resultados: 4
		Nome do Produto: Pokémon - Black & White - Vol. 04
individualUrl = http://busca.saraiva.com.br/search?p=R&srid=S11-USESD01&lbc=saraiva&w=Pokemon%20Black&url=http%3a%2f%2fwww.saraiva.com.br%2fproduto%2f8694542&rk=1&uid=158194172&sid=2&ts=ajax&rsc=Qw96AafB9lQpJXBC&method=and&isort=score&view=grid
http://busca.saraiva.com.br/search?p=R&srid=S11-USESD01&lbc=saraiva&w=Pokemon%20Black&url=http%3a%2f%2fwww.saraiva.com.br%2fproduto%2f8694542&rk=1&uid=158194172&sid=2&ts=ajax&rsc=Qw96AafB9lQpJXBC&method=and&isort=score&view=grid
		Acessando URL do produto.
		Nome do Produto: Pokémon Mini-sticker Book - Black Edition
individualUrl = http://busca.saraiva.com.br/search?p=R&srid=S11-USESD01&lbc=saraiva&w=Pokemon%20Black&url=http%3a%2f%2fwww.saraiva.com.br%2fproduto%2f5819959&rk=2&uid=158194172&sid=2&ts=ajax&rsc=FHvjkAYmO9-qOZkt&method=and&isort=score&view=grid
http://busca.saraiva.com.br/search?p=R&srid=S11-USESD01&lbc=saraiva&w=Pokemon%20Black&url=http%3a%2f%2fwww.saraiva.com.br%2fproduto%2f5819959&rk=2&uid=158194172&sid=2&ts=ajax&rsc=FHvjkAYmO9-qOZkt&method=and&isort=score&view=grid
		Acessando URL do produto.
		Nome do Produto: Pokémon - Black & White - Vol. 03
individualUrl = http://busca.saraiva.com.br/search?p=R&srid=S11-USESD01&lbc=saraiva&w=Pokemon%20Black&url=http%3a%2f%2fwww.saraiva.com.br%2fproduto%2f8416852&rk=3&uid=158194172&sid=2&ts=ajax&rsc=TAMCkx9XlAB5naTA&method=and&isort=score&view=grid
http://busca.saraiva.com.br/search?p=R&srid=S11-USESD01&lbc=saraiva&w=Pokemon%20Black&url=http%3a%2f%2fwww.saraiva.com.br%2fproduto%2f8416852&rk=3&uid=158194172&sid=2&ts=ajax&rsc=TAMCkx9XlAB5naTA&method=and&isort=score&view=grid
		Acessando URL do produto.
		Nome do Produto: Super Pokémon Pop-up - Black Kyurem
individualUrl = http://busca.saraiva.com.br/search?p=R&srid=S11-USESD01&lbc=saraiva&w=Pokemon%20Black&url=http%3a%2f%2fwww.saraiva.com.br%2fproduto%2f5820419&rk=4&uid=158194172&sid=2&ts=ajax&rsc=K37jUTo12A2duBJD&method=and&isort=score&view=grid
http://busca.saraiva.com.br/search?p=R&srid=S11-USESD01&lbc=saraiva&w=Pokemon%20Black&url=http%3a%2f%2fwww.saraiva.com.br%2fproduto%2f5820419&rk=4&uid=158194172&sid=2&ts=ajax&rsc=K37jUTo12A2duBJD&method=and&isort=score&view=grid
		Acessando URL do produto.
	Tempo Para buscar: 8678
Loja: Shop Facil
	URL Principal: http://ww2.shopfacil.com.br/
	URL Busca: http://ww2.shopfacil.com.br/<BUSCA>
http://ww2.shopfacil.com.br/Pokemon%20Black
		Documento Lido
		Resultados: 0
	Tempo Para buscar: 2289
Loja: Shop Time
	URL Principal: http://www.shoptime.com.br/
	URL Busca: http://busca.shoptime.com.br/busca.php?q=<BUSCA>
http://busca.shoptime.com.br/busca.php?q=Pokemon+Black
		Documento Lido
		Resultados: 18
		Nome do Produto: Game Pokémon Conquest - 3DS Game - Pokémon Omega Ruby - 3DS Game - Pokémon Alpha Sapphire - 3DS Game - Pokémon Y - 3DS Game - Pokémon X - 3DS Game Pokemon White Version 2 - DS Kit Acessórios Nintendo Pokémon Universal Hard p/ Nintendo DS - Nintendo Game Pokémon Art Academy - 3DS Kit Acessório Pokémon Bda-Stylus p/ Nintendo DS - Nintendo Game Pokemon Mystery Dungeon Exp. Sky - DS Game Pokemon Battle Revolution Wii Game Pokémon Sapphire GBA Game Pokemon Y + Poster Promocional Pokemon - 3DS Livro - Pokémon - Vol.1 Livro - Pokémon - Vol.2 Livro - Pokémon - Vol.3 Livro - Pokémon - Vol. 04 Game Pokemon X + Poster Promocional Pokemon - 3DS
			Igorando Pelo Filtro de Nome...
		Nome do Produto: Game Pokémon Conquest - 3DS Game - Pokémon Omega Ruby - 3DS Game - Pokémon Alpha Sapphire - 3DS Game - Pokémon Y - 3DS Game - Pokémon X - 3DS Game Pokemon White Version 2 - DS Kit Acessórios Nintendo Pokémon Universal Hard p/ Nintendo DS - Nintendo Game Pokémon Art Academy - 3DS Kit Acessório Pokémon Bda-Stylus p/ Nintendo DS - Nintendo Game Pokemon Mystery Dungeon Exp. Sky - DS Game Pokemon Battle Revolution Wii Game Pokémon Sapphire GBA Game Pokemon Y + Poster Promocional Pokemon - 3DS Livro - Pokémon - Vol.1 Livro - Pokémon - Vol.2 Livro - Pokémon - Vol.3 Livro - Pokémon - Vol. 04 Game Pokemon X + Poster Promocional Pokemon - 3DS
			Igorando Pelo Filtro de Nome...
		Nome do Produto: Game Pokémon Conquest - 3DS Game - Pokémon Omega Ruby - 3DS Game - Pokémon Alpha Sapphire - 3DS Game - Pokémon Y - 3DS Game - Pokémon X - 3DS Game Pokemon White Version 2 - DS Kit Acessórios Nintendo Pokémon Universal Hard p/ Nintendo DS - Nintendo Game Pokémon Art Academy - 3DS Kit Acessório Pokémon Bda-Stylus p/ Nintendo DS - Nintendo Game Pokemon Mystery Dungeon Exp. Sky - DS Game Pokemon Battle Revolution Wii Game Pokémon Sapphire GBA Game Pokemon Y + Poster Promocional Pokemon - 3DS Livro - Pokémon - Vol.1 Livro - Pokémon - Vol.2 Livro - Pokémon - Vol.3 Livro - Pokémon - Vol. 04 Game Pokemon X + Poster Promocional Pokemon - 3DS
			Igorando Pelo Filtro de Nome...
		Nome do Produto: Game Pokémon Conquest - 3DS Game - Pokémon Omega Ruby - 3DS Game - Pokémon Alpha Sapphire - 3DS Game - Pokémon Y - 3DS Game - Pokémon X - 3DS Game Pokemon White Version 2 - DS Kit Acessórios Nintendo Pokémon Universal Hard p/ Nintendo DS - Nintendo Game Pokémon Art Academy - 3DS Kit Acessório Pokémon Bda-Stylus p/ Nintendo DS - Nintendo Game Pokemon Mystery Dungeon Exp. Sky - DS Game Pokemon Battle Revolution Wii Game Pokémon Sapphire GBA Game Pokemon Y + Poster Promocional Pokemon - 3DS Livro - Pokémon - Vol.1 Livro - Pokémon - Vol.2 Livro - Pokémon - Vol.3 Livro - Pokémon - Vol. 04 Game Pokemon X + Poster Promocional Pokemon - 3DS
			Igorando Pelo Filtro de Nome...
		Nome do Produto: Game Pokémon Conquest - 3DS Game - Pokémon Omega Ruby - 3DS Game - Pokémon Alpha Sapphire - 3DS Game - Pokémon Y - 3DS Game - Pokémon X - 3DS Game Pokemon White Version 2 - DS Kit Acessórios Nintendo Pokémon Universal Hard p/ Nintendo DS - Nintendo Game Pokémon Art Academy - 3DS Kit Acessório Pokémon Bda-Stylus p/ Nintendo DS - Nintendo Game Pokemon Mystery Dungeon Exp. Sky - DS Game Pokemon Battle Revolution Wii Game Pokémon Sapphire GBA Game Pokemon Y + Poster Promocional Pokemon - 3DS Livro - Pokémon - Vol.1 Livro - Pokémon - Vol.2 Livro - Pokémon - Vol.3 Livro - Pokémon - Vol. 04 Game Pokemon X + Poster Promocional Pokemon - 3DS
			Igorando Pelo Filtro de Nome...
		Nome do Produto: Game Pokémon Conquest - 3DS Game - Pokémon Omega Ruby - 3DS Game - Pokémon Alpha Sapphire - 3DS Game - Pokémon Y - 3DS Game - Pokémon X - 3DS Game Pokemon White Version 2 - DS Kit Acessórios Nintendo Pokémon Universal Hard p/ Nintendo DS - Nintendo Game Pokémon Art Academy - 3DS Kit Acessório Pokémon Bda-Stylus p/ Nintendo DS - Nintendo Game Pokemon Mystery Dungeon Exp. Sky - DS Game Pokemon Battle Revolution Wii Game Pokémon Sapphire GBA Game Pokemon Y + Poster Promocional Pokemon - 3DS Livro - Pokémon - Vol.1 Livro - Pokémon - Vol.2 Livro - Pokémon - Vol.3 Livro - Pokémon - Vol. 04 Game Pokemon X + Poster Promocional Pokemon - 3DS
			Igorando Pelo Filtro de Nome...
		Nome do Produto: Game Pokémon Conquest - 3DS Game - Pokémon Omega Ruby - 3DS Game - Pokémon Alpha Sapphire - 3DS Game - Pokémon Y - 3DS Game - Pokémon X - 3DS Game Pokemon White Version 2 - DS Kit Acessórios Nintendo Pokémon Universal Hard p/ Nintendo DS - Nintendo Game Pokémon Art Academy - 3DS Kit Acessório Pokémon Bda-Stylus p/ Nintendo DS - Nintendo Game Pokemon Mystery Dungeon Exp. Sky - DS Game Pokemon Battle Revolution Wii Game Pokémon Sapphire GBA Game Pokemon Y + Poster Promocional Pokemon - 3DS Livro - Pokémon - Vol.1 Livro - Pokémon - Vol.2 Livro - Pokémon - Vol.3 Livro - Pokémon - Vol. 04 Game Pokemon X + Poster Promocional Pokemon - 3DS
			Igorando Pelo Filtro de Nome...
		Nome do Produto: Game Pokémon Conquest - 3DS Game - Pokémon Omega Ruby - 3DS Game - Pokémon Alpha Sapphire - 3DS Game - Pokémon Y - 3DS Game - Pokémon X - 3DS Game Pokemon White Version 2 - DS Kit Acessórios Nintendo Pokémon Universal Hard p/ Nintendo DS - Nintendo Game Pokémon Art Academy - 3DS Kit Acessório Pokémon Bda-Stylus p/ Nintendo DS - Nintendo Game Pokemon Mystery Dungeon Exp. Sky - DS Game Pokemon Battle Revolution Wii Game Pokémon Sapphire GBA Game Pokemon Y + Poster Promocional Pokemon - 3DS Livro - Pokémon - Vol.1 Livro - Pokémon - Vol.2 Livro - Pokémon - Vol.3 Livro - Pokémon - Vol. 04 Game Pokemon X + Poster Promocional Pokemon - 3DS
			Igorando Pelo Filtro de Nome...
		Nome do Produto: Game Pokémon Conquest - 3DS Game - Pokémon Omega Ruby - 3DS Game - Pokémon Alpha Sapphire - 3DS Game - Pokémon Y - 3DS Game - Pokémon X - 3DS Game Pokemon White Version 2 - DS Kit Acessórios Nintendo Pokémon Universal Hard p/ Nintendo DS - Nintendo Game Pokémon Art Academy - 3DS Kit Acessório Pokémon Bda-Stylus p/ Nintendo DS - Nintendo Game Pokemon Mystery Dungeon Exp. Sky - DS Game Pokemon Battle Revolution Wii Game Pokémon Sapphire GBA Game Pokemon Y + Poster Promocional Pokemon - 3DS Livro - Pokémon - Vol.1 Livro - Pokémon - Vol.2 Livro - Pokémon - Vol.3 Livro - Pokémon - Vol. 04 Game Pokemon X + Poster Promocional Pokemon - 3DS
			Igorando Pelo Filtro de Nome...
		Nome do Produto: Game Pokémon Conquest - 3DS Game - Pokémon Omega Ruby - 3DS Game - Pokémon Alpha Sapphire - 3DS Game - Pokémon Y - 3DS Game - Pokémon X - 3DS Game Pokemon White Version 2 - DS Kit Acessórios Nintendo Pokémon Universal Hard p/ Nintendo DS - Nintendo Game Pokémon Art Academy - 3DS Kit Acessório Pokémon Bda-Stylus p/ Nintendo DS - Nintendo Game Pokemon Mystery Dungeon Exp. Sky - DS Game Pokemon Battle Revolution Wii Game Pokémon Sapphire GBA Game Pokemon Y + Poster Promocional Pokemon - 3DS Livro - Pokémon - Vol.1 Livro - Pokémon - Vol.2 Livro - Pokémon - Vol.3 Livro - Pokémon - Vol. 04 Game Pokemon X + Poster Promocional Pokemon - 3DS
			Igorando Pelo Filtro de Nome...
		Nome do Produto: Game Pokémon Conquest - 3DS Game - Pokémon Omega Ruby - 3DS Game - Pokémon Alpha Sapphire - 3DS Game - Pokémon Y - 3DS Game - Pokémon X - 3DS Game Pokemon White Version 2 - DS Kit Acessórios Nintendo Pokémon Universal Hard p/ Nintendo DS - Nintendo Game Pokémon Art Academy - 3DS Kit Acessório Pokémon Bda-Stylus p/ Nintendo DS - Nintendo Game Pokemon Mystery Dungeon Exp. Sky - DS Game Pokemon Battle Revolution Wii Game Pokémon Sapphire GBA Game Pokemon Y + Poster Promocional Pokemon - 3DS Livro - Pokémon - Vol.1 Livro - Pokémon - Vol.2 Livro - Pokémon - Vol.3 Livro - Pokémon - Vol. 04 Game Pokemon X + Poster Promocional Pokemon - 3DS
			Igorando Pelo Filtro de Nome...
		Nome do Produto: Game Pokémon Conquest - 3DS Game - Pokémon Omega Ruby - 3DS Game - Pokémon Alpha Sapphire - 3DS Game - Pokémon Y - 3DS Game - Pokémon X - 3DS Game Pokemon White Version 2 - DS Kit Acessórios Nintendo Pokémon Universal Hard p/ Nintendo DS - Nintendo Game Pokémon Art Academy - 3DS Kit Acessório Pokémon Bda-Stylus p/ Nintendo DS - Nintendo Game Pokemon Mystery Dungeon Exp. Sky - DS Game Pokemon Battle Revolution Wii Game Pokémon Sapphire GBA Game Pokemon Y + Poster Promocional Pokemon - 3DS Livro - Pokémon - Vol.1 Livro - Pokémon - Vol.2 Livro - Pokémon - Vol.3 Livro - Pokémon - Vol. 04 Game Pokemon X + Poster Promocional Pokemon - 3DS
			Igorando Pelo Filtro de Nome...
		Nome do Produto: Game Pokémon Conquest - 3DS Game - Pokémon Omega Ruby - 3DS Game - Pokémon Alpha Sapphire - 3DS Game - Pokémon Y - 3DS Game - Pokémon X - 3DS Game Pokemon White Version 2 - DS Kit Acessórios Nintendo Pokémon Universal Hard p/ Nintendo DS - Nintendo Game Pokémon Art Academy - 3DS Kit Acessório Pokémon Bda-Stylus p/ Nintendo DS - Nintendo Game Pokemon Mystery Dungeon Exp. Sky - DS Game Pokemon Battle Revolution Wii Game Pokémon Sapphire GBA Game Pokemon Y + Poster Promocional Pokemon - 3DS Livro - Pokémon - Vol.1 Livro - Pokémon - Vol.2 Livro - Pokémon - Vol.3 Livro - Pokémon - Vol. 04 Game Pokemon X + Poster Promocional Pokemon - 3DS
			Igorando Pelo Filtro de Nome...
		Nome do Produto: Game Pokémon Conquest - 3DS Game - Pokémon Omega Ruby - 3DS Game - Pokémon Alpha Sapphire - 3DS Game - Pokémon Y - 3DS Game - Pokémon X - 3DS Game Pokemon White Version 2 - DS Kit Acessórios Nintendo Pokémon Universal Hard p/ Nintendo DS - Nintendo Game Pokémon Art Academy - 3DS Kit Acessório Pokémon Bda-Stylus p/ Nintendo DS - Nintendo Game Pokemon Mystery Dungeon Exp. Sky - DS Game Pokemon Battle Revolution Wii Game Pokémon Sapphire GBA Game Pokemon Y + Poster Promocional Pokemon - 3DS Livro - Pokémon - Vol.1 Livro - Pokémon - Vol.2 Livro - Pokémon - Vol.3 Livro - Pokémon - Vol. 04 Game Pokemon X + Poster Promocional Pokemon - 3DS
			Igorando Pelo Filtro de Nome...
		Nome do Produto: Game Pokémon Conquest - 3DS Game - Pokémon Omega Ruby - 3DS Game - Pokémon Alpha Sapphire - 3DS Game - Pokémon Y - 3DS Game - Pokémon X - 3DS Game Pokemon White Version 2 - DS Kit Acessórios Nintendo Pokémon Universal Hard p/ Nintendo DS - Nintendo Game Pokémon Art Academy - 3DS Kit Acessório Pokémon Bda-Stylus p/ Nintendo DS - Nintendo Game Pokemon Mystery Dungeon Exp. Sky - DS Game Pokemon Battle Revolution Wii Game Pokémon Sapphire GBA Game Pokemon Y + Poster Promocional Pokemon - 3DS Livro - Pokémon - Vol.1 Livro - Pokémon - Vol.2 Livro - Pokémon - Vol.3 Livro - Pokémon - Vol. 04 Game Pokemon X + Poster Promocional Pokemon - 3DS
			Igorando Pelo Filtro de Nome...
		Nome do Produto: Game Pokémon Conquest - 3DS Game - Pokémon Omega Ruby - 3DS Game - Pokémon Alpha Sapphire - 3DS Game - Pokémon Y - 3DS Game - Pokémon X - 3DS Game Pokemon White Version 2 - DS Kit Acessórios Nintendo Pokémon Universal Hard p/ Nintendo DS - Nintendo Game Pokémon Art Academy - 3DS Kit Acessório Pokémon Bda-Stylus p/ Nintendo DS - Nintendo Game Pokemon Mystery Dungeon Exp. Sky - DS Game Pokemon Battle Revolution Wii Game Pokémon Sapphire GBA Game Pokemon Y + Poster Promocional Pokemon - 3DS Livro - Pokémon - Vol.1 Livro - Pokémon - Vol.2 Livro - Pokémon - Vol.3 Livro - Pokémon - Vol. 04 Game Pokemon X + Poster Promocional Pokemon - 3DS
			Igorando Pelo Filtro de Nome...
		Nome do Produto: Game Pokémon Conquest - 3DS Game - Pokémon Omega Ruby - 3DS Game - Pokémon Alpha Sapphire - 3DS Game - Pokémon Y - 3DS Game - Pokémon X - 3DS Game Pokemon White Version 2 - DS Kit Acessórios Nintendo Pokémon Universal Hard p/ Nintendo DS - Nintendo Game Pokémon Art Academy - 3DS Kit Acessório Pokémon Bda-Stylus p/ Nintendo DS - Nintendo Game Pokemon Mystery Dungeon Exp. Sky - DS Game Pokemon Battle Revolution Wii Game Pokémon Sapphire GBA Game Pokemon Y + Poster Promocional Pokemon - 3DS Livro - Pokémon - Vol.1 Livro - Pokémon - Vol.2 Livro - Pokémon - Vol.3 Livro - Pokémon - Vol. 04 Game Pokemon X + Poster Promocional Pokemon - 3DS
			Igorando Pelo Filtro de Nome...
		Nome do Produto: Game Pokémon Conquest - 3DS Game - Pokémon Omega Ruby - 3DS Game - Pokémon Alpha Sapphire - 3DS Game - Pokémon Y - 3DS Game - Pokémon X - 3DS Game Pokemon White Version 2 - DS Kit Acessórios Nintendo Pokémon Universal Hard p/ Nintendo DS - Nintendo Game Pokémon Art Academy - 3DS Kit Acessório Pokémon Bda-Stylus p/ Nintendo DS - Nintendo Game Pokemon Mystery Dungeon Exp. Sky - DS Game Pokemon Battle Revolution Wii Game Pokémon Sapphire GBA Game Pokemon Y + Poster Promocional Pokemon - 3DS Livro - Pokémon - Vol.1 Livro - Pokémon - Vol.2 Livro - Pokémon - Vol.3 Livro - Pokémon - Vol. 04 Game Pokemon X + Poster Promocional Pokemon - 3DS
			Igorando Pelo Filtro de Nome...
	Tempo Para buscar: 594
Loja: ShopB
	URL Principal: http://www.shopb.com.br/
	URL Busca: http://busca.shopb.com.br/?busca=<BUSCA>
http://busca.shopb.com.br/?busca=Pokemon+Black
		Documento Lido
		Resultados: 30
		Nome do Produto: Assassins Creed IV Black Flag - PS3
			Igorando Pelo Filtro de Nome...
		Nome do Produto: Assassins Creed IV Black Flag - PS4
			Igorando Pelo Filtro de Nome...
		Nome do Produto: Assassins Creed IV Black Flag - XBOX 360
			Igorando Pelo Filtro de Nome...
		Nome do Produto: Assassins Creed IV Black Flag - XBOX ONE
			Igorando Pelo Filtro de Nome...
		Nome do Produto: Assassins Creed IV Black Flag: Signature Edition - XBOX ONE
			Igorando Pelo Filtro de Nome...
		Nome do Produto: Assassins Creed IV: Black Flag Limited Edition - PS3
			Igorando Pelo Filtro de Nome...
		Nome do Produto: Assassins Creed IV: Black Flag Limited Edition - XBOX 360
			Igorando Pelo Filtro de Nome...
		Nome do Produto: Assassins Creed IV: Black Flag Limited Edition - XBOX ONE
			Igorando Pelo Filtro de Nome...
		Nome do Produto: Bolsa p/ Amiibo Trio Case - Hori
			Igorando Pelo Filtro de Nome...
		Nome do Produto: Bolsa p/ PS3 Slim
			Igorando Pelo Filtro de Nome...
		Nome do Produto: Bolsa p/ XBOX Slim
			Igorando Pelo Filtro de Nome...
		Nome do Produto: Call of Duty Black Ops 2 - Wii U
			Igorando Pelo Filtro de Nome...
		Nome do Produto: Call of Duty Black Ops 2: Hardened Edition - PS3
			Igorando Pelo Filtro de Nome...
		Nome do Produto: Call of Duty Black Ops 2: Hardened Edition - XBOX 360
			Igorando Pelo Filtro de Nome...
		Nome do Produto: Call of Duty: Black Ops - DS
			Igorando Pelo Filtro de Nome...
		Nome do Produto: Call of Duty: Black Ops - PS3
			Igorando Pelo Filtro de Nome...
		Nome do Produto: Call of Duty: Black Ops - PS3 [Europeu]
			Igorando Pelo Filtro de Nome...
		Nome do Produto: Call of Duty: Black Ops - XBOX 360
			Igorando Pelo Filtro de Nome...
		Nome do Produto: Case p/ HD Externo 2.5 Black Piano 1TB SATA 480Mbps - Multilaser
			Igorando Pelo Filtro de Nome...
		Nome do Produto: Controle Wireless Black Piano + Play n Charge para Controle - XBOX ONE
			Igorando Pelo Filtro de Nome...
		Nome do Produto: Controle XBOX - Wireless - Black Piano
			Igorando Pelo Filtro de Nome...
		Nome do Produto: Controle XBOX ONE - Black Piano - Wireless
			Igorando Pelo Filtro de Nome...
		Nome do Produto: Controle XBOX ONE Black Piano Wireless + Killer Instinct
			Igorando Pelo Filtro de Nome...
		Nome do Produto: Dark Souls II: Black Armor Edition - XBOX 360
			Igorando Pelo Filtro de Nome...
		Nome do Produto: Fonte de Alimentação 250W - BlueCase
			Igorando Pelo Filtro de Nome...
		Nome do Produto: Fonte de Alimentação 500W - BlueCase
			Igorando Pelo Filtro de Nome...
		Nome do Produto: Gabinete Black Box Series BX1-4237 v2.2- Sentey
			Igorando Pelo Filtro de Nome...
		Nome do Produto: Grid AutoSport: Black Edition - PS3
			Igorando Pelo Filtro de Nome...
		Nome do Produto: Grid AutoSport: Black Edition - XBOX 360
			Igorando Pelo Filtro de Nome...
		Nome do Produto: Men In Black Alien Crisis - PS3
			Igorando Pelo Filtro de Nome...
	Tempo Para buscar: 864
Loja: Submarino
	URL Principal: http://www.submarino.com.br/
	URL Busca: http://busca.submarino.com.br/busca.php?q=<BUSCA>
http://busca.submarino.com.br/busca.php?q=Pokemon+Black
		Documento Lido
		Resultados: 1
		Nome do Produto: Game Pokemon Black Version 2 - DS
http://busca.submarino.com.br/produto.php?link=http://www.submarino.com.br/produto/112883995/game-pokemon-black-version-2-ds&ranking=1&sessao=U7OA9U7XKZK07&idbusca=d98015f6af241e570ef73f7743296b908b492b73&idproduto=112883995
		Acessando URL do produto.
	Tempo Para buscar: 1077
Loja: Walmart
	URL Principal: http://www.walmart.com.br/
	URL Busca: http://www.walmart.com.br/busca/?ft=<BUSCA>&PS=20
http://www.walmart.com.br/busca/?ft=Pokemon+Black&PS=20
		Documento Lido
		Resultados: 7
		Nome do Produto: Super Pokémon Pop-up - Black Kyurem
http://www.walmart.com.br//produto/Livros/Literatura-Infanto-Juvenil/Pikachu-Press/2350338m-super_pokemon_pop_up_black_kyurem
		Acessando URL do produto.
		Nome do Produto: Pokémon Mini-sticker Book - Black Edition
http://www.walmart.com.br//produto/Livros/Literatura-Infanto-Juvenil/Pikachu-Press/2277948m-pokemon_mini_sticker_book_black_edition
		Acessando URL do produto.
		Nome do Produto: Jogo Nintendo DS Pokémon Black
http://www.walmart.com.br//produto/Games/Jogos-para-Nintendo-DS/Nintendo/283657-Jogo-Nintendo-DS-Pokemon-Black
		Acessando URL do produto.
		Nome do Produto: Pokemon Black Version 2 DS
http://www.walmart.com.br//produto/Games/Jogos-para-Nintendo-DS/Nintendo/2373659m-pokemon_black_version_2_ds
		Acessando URL do produto.
		Nome do Produto: Pokémon-Lata Black e White Snivy Copag 210
http://www.walmart.com.br//produto/Brinquedos/Jogos-de-Cartas/Pokemon/3014702m-pokemon-lata-black-e-white-snivy-copag-210
		Acessando URL do produto.
		Nome do Produto: Pokémon-Lata Black e White Oshawott Copag 210B
http://www.walmart.com.br//produto/Brinquedos/Jogos-de-Tabuleiro/Pokemon/2992185m-pokemon-lata-black-e-white-oshawott-copag-210b
		Acessando URL do produto.
		Nome do Produto: Pokémon-Lata Black e White Tepig Copag 210A
http://www.walmart.com.br//produto/Brinquedos/Jogos-de-Cartas/Pokemon/3014698m-pokemon-lata-black-e-white-tepig-copag-210a
		Acessando URL do produto.
	Tempo Para buscar: 7925

File copied from C:\java\workspace Estudo\lookforprices\resources\imports\css.css to C:\java\workspace Estudo\lookforprices\reports\2015-05-14 12\css.css
File copied from C:\java\workspace Estudo\lookforprices\resources\imports\jquery.js to C:\java\workspace Estudo\lookforprices\reports\2015-05-14 12\jquery.js
File copied from C:\java\workspace Estudo\lookforprices\resources\imports\scripts.js to C:\java\workspace Estudo\lookforprices\reports\2015-05-14 12\scripts.js
Tempo total de execução: 65994
