Game: Zelda Majora Mask
Product Name: Zelda Majora Mask
Loja: Nintendo eShop
	URL Principal: http://www.nintendo.com/3ds/eshop
	URL Busca: http://www.nintendo.com/json/content/get/game/filter?&qterm=<BUSCA>
NintendoEShopSearch.search() http://www.nintendo.com/json/content/get/game/filter?&qterm=Zelda+Majora+Mask
		Documento Lido
		Resultados: 2
		Nome do Produto: The Legend of Zelda: Majora's Mask 3D
http://www.nintendo.com/games/detail/c8UrE_y0o-DfMVe3HdlM699oMfoM1OFt
		Acessando URL do produto.
URL = http://www.nintendo.com/games/detail/c8UrE_y0o-DfMVe3HdlM699oMfoM1OFt
		Nome do Produto: The Legend of Zelda: Majora's Mask
http://www.nintendo.com/games/detail/7OfVrKE-E5ri9Rjnqx9FBs0gIzJGZtns
		Acessando URL do produto.
URL = http://www.nintendo.com/games/detail/7OfVrKE-E5ri9Rjnqx9FBs0gIzJGZtns
	Tempo Para buscar: 1287
Loja: Americanas
	URL Principal: http://www.americanas.com.br/
	URL Busca: http://busca.americanas.com.br/busca.php?q=<BUSCA>
http://busca.americanas.com.br/busca.php?q=Zelda+Majora+Mask
		Documento Lido
		Resultados: 17
		Nome do Produto: Livro - The Legend Of Zelda: Hyrule Historia
			Igorando Pelo Filtro de Nome...
		Nome do Produto: Nintendo Amiibo: Zelda - Wii U
			Igorando Pelo Filtro de Nome...
		Nome do Produto: Livro - Zelda's Puppy Love
			Igorando Pelo Filtro de Nome...
		Nome do Produto: The Legend Of Zelda: Majoras Mask 3d - 3ds
http://busca.americanas.com.br/produto.php?link=http://www.americanas.com.br/produto/8575594/the-legend-of-zelda-majoras-mask-3d-3ds&ranking=4&sessao=U7OAEQBKCPWW7&idbusca=57856aaaeb30ea9d4ced6573ea404a48f0e2e9b4&idproduto=8575594
		Acessando URL do produto.
		Nome do Produto: Placa Decorativa: Keep Calm and Save Zelda
			Igorando Pelo Filtro de Nome...
		Nome do Produto: DVD - Poltergeist II
			Igorando Pelo Filtro de Nome...
		Nome do Produto: Saia Zelda Daniele Mabe Com Couro
			Igorando Pelo Filtro de Nome...
		Nome do Produto: Livro - Esta Valsa É Minha
			Igorando Pelo Filtro de Nome...
		Nome do Produto: Livro - Bom Dia, Sr. Mandela
			Igorando Pelo Filtro de Nome...
		Nome do Produto: Game The Legend of Zelda: Twilight Princess - Wii
			Igorando Pelo Filtro de Nome...
		Nome do Produto: Livro - Querido Scott, Querida Zelda: As Cartas de Amor de F. Scott e Zelda Fitzgerald
			Igorando Pelo Filtro de Nome...
		Nome do Produto: Kit Console Nintendo Wii + Game The Legend of Zelda: Twilight Princess Nintendo Wii
			Igorando Pelo Filtro de Nome...
		Nome do Produto: Kit - Nintendo Wii Preto com Just Dance 3 + Game The Leg Zelda - Twilight Princess
			Igorando Pelo Filtro de Nome...
		Nome do Produto: Livro - A Bruxa Zelda e os 80 Docinhos
			Igorando Pelo Filtro de Nome...
		Nome do Produto: Game Broken Sword: Shadow of the Templars + Game The Legend of Zelda: Spirit Tracks + Game Sonic & SEGA...
			Igorando Pelo Filtro de Nome...
		Nome do Produto: Game The Legend of Zelda: Ocarina of Time - Nintendo 3D
			Igorando Pelo Filtro de Nome...
		Nome do Produto: Livro - The Legend of Zelda Box Set: Prima Official Game Guide
			Igorando Pelo Filtro de Nome...
	Tempo Para buscar: 17541
Loja: Big Boy Games
	URL Principal: http://www.bigboygames.com.br/
	URL Busca: http://www.bigboygames.com.br/pesquisa/?p=<BUSCA>
http://www.bigboygames.com.br/pesquisa/?p=Zelda+Majora+Mask
		Documento Lido
		Resultados*: 1
		Acessando URL do produto.
	Tempo Para buscar: 450
Loja: Casas Bahia
	URL Principal: http://www.casasbahia.com.br/
	URL Busca: http://buscas.casasbahia.com.br/search?w=<BUSCA>
http://buscas.casasbahia.com.br/search?w=Zelda+Majora+Mask
		Documento Lido
		Resultados: 1
		Nome do Produto: Livro - Querido Scott, Querida Zelda: as Cartas de Amor de Scott e Zelda Fitzgerald - Zelda Fitzgerald e Francis Scott Fitzgerald
			Igorando Pelo Filtro de Nome...
		Nome do Produto: The Unpainted Mask
			Igorando Pelo Filtro de Nome...
		Nome do Produto: Gary Carter`s Iron Mask
			Igorando Pelo Filtro de Nome...
		Nome do Produto: Fragments of a Mask
			Igorando Pelo Filtro de Nome...
		Nome do Produto: Livro - Esta Valsa é Minha - Zelda Fitzgerald
			Igorando Pelo Filtro de Nome...
		Nome do Produto: Livro - Bom dia, Sr. Mandela - Zelda la Grange
			Igorando Pelo Filtro de Nome...
		Nome do Produto: The Legend Of Zelda - Skyward Sword Wii
			Igorando Pelo Filtro de Nome...
		Nome do Produto: Vamp in the Silver Mask
			Igorando Pelo Filtro de Nome...
		Nome do Produto: Atalantis Major
			Igorando Pelo Filtro de Nome...
		Nome do Produto: Yeats`s Mask
			Igorando Pelo Filtro de Nome...
		Nome do Produto: Final Mask
			Igorando Pelo Filtro de Nome...
		Nome do Produto: Livro - Major Calabar
			Igorando Pelo Filtro de Nome...
		Nome do Produto: Major Prairie Tramp
			Igorando Pelo Filtro de Nome...
		Nome do Produto: Conversations with Clarence Major
			Igorando Pelo Filtro de Nome...
		Nome do Produto: Murder in C Major
			Igorando Pelo Filtro de Nome...
		Nome do Produto: Marrying Major Bennett
			Igorando Pelo Filtro de Nome...
		Nome do Produto: To Major Tom
			Igorando Pelo Filtro de Nome...
		Nome do Produto: Major Frank (Dodo Press)
			Igorando Pelo Filtro de Nome...
		Nome do Produto: Catherine, Major Gahagan, Etc.
			Igorando Pelo Filtro de Nome...
		Nome do Produto: Fugue in Ursa Major
			Igorando Pelo Filtro de Nome...
	Tempo Para buscar: 2301
Loja: Extra
	URL Principal: http://www.extra.com.br/
	URL Busca: http://buscando.extra.com.br/search?w=<BUSCA>
http://buscando.extra.com.br/search?w=Zelda+Majora+Mask
		Documento Lido
		Resultados: 12
		Nome do Produto: The Legend Of Zelda - Skyward Sword Wii
			Igorando Pelo Filtro de Nome...
		Nome do Produto: The Unpainted Mask
			Igorando Pelo Filtro de Nome...
		Nome do Produto: Gary Carter`s Iron Mask
			Igorando Pelo Filtro de Nome...
		Nome do Produto: Fragments of a Mask
			Igorando Pelo Filtro de Nome...
		Nome do Produto: Livro - Querido Scott, Querida Zelda: as Cartas de Amor de Scott e Zelda Fitzgerald - Zelda Fitzgerald e Francis Scott Fitzgerald
			Igorando Pelo Filtro de Nome...
		Nome do Produto: Livro - Esta Valsa é Minha - Zelda Fitzgerald
			Igorando Pelo Filtro de Nome...
		Nome do Produto: Livro - Bom dia, Sr. Mandela - Zelda la Grange
			Igorando Pelo Filtro de Nome...
		Nome do Produto: Vamp in the Silver Mask
			Igorando Pelo Filtro de Nome...
		Nome do Produto: Atalantis Major
			Igorando Pelo Filtro de Nome...
		Nome do Produto: Yeats`s Mask
			Igorando Pelo Filtro de Nome...
		Nome do Produto: Final Mask
			Igorando Pelo Filtro de Nome...
		Nome do Produto: Livro - Major Calabar
			Igorando Pelo Filtro de Nome...
	Tempo Para buscar: 1657
Loja: E-Virtua
	URL Principal: http://www.evirtua.com.br/
	URL Busca: http://www.evirtua.com.br/Busca?search_department_id=0&SearchTerm=<BUSCA>
http://www.evirtua.com.br/Busca?search_department_id=0&SearchTerm=Zelda+Majora+Mask
		Documento Lido
		Resultados: 1
		Nome do Produto: The Legend of Zelda: Majora's Mask 3D - Nintendo 3DS
http://www.evirtua.com.br//the-legend-of-zelda-majora-s-mask-3d-nintendo-3ds/3684-01
		Acessando URL do produto.
	Tempo Para buscar: 303
Loja: Fast Games
	URL Principal: http://www.fastgames.com.br/
	URL Busca: http://www.fastgames.com.br/loja/busca.php?loja=187970&palavra_busca=<BUSCA>
http://www.fastgames.com.br/loja/busca.php?loja=187970&palavra_busca=Zelda+Majora+Mask
		Documento Lido
		Resultados: 0
	Tempo Para buscar: 399
Loja: Fast Shop
	URL Principal: http://www.fastshop.com.br/loja/
	URL Busca: http://www.fastshop.com.br/webapp/wcs/stores/servlet/SearchDisplay?searchTerm=<BUSCA>&categoryId=&storeId=10151&catalogId=11052&langId=-6&pageSize=9&beginIndex=0&sType=SimpleSearch&resultCatEntryType=2&showResultsPage=true&searchSource=Q&pageView=&hotsite=fastshop
http://www.fastshop.com.br/webapp/wcs/stores/servlet/SearchDisplay?searchTerm=Zelda+Majora+Mask&categoryId=&storeId=10151&catalogId=11052&langId=-6&pageSize=9&beginIndex=0&sType=SimpleSearch&resultCatEntryType=2&showResultsPage=true&searchSource=Q&pageView=&hotsite=fastshop
		Documento Lido
		Resultados: 1
		Nome do Produto: 
			Igorando Pelo Filtro de Nome...
	Tempo Para buscar: 1575
Loja: FNAC
	URL Principal: http://www.fnac.com.br/index.html
	URL Busca: http://busca.fnac.com.br/?busca=<BUSCA>
http://busca.fnac.com.br/?busca=Zelda+Majora+Mask
		Documento Lido
		Resultados: 20
		Nome do Produto: Mac Pro Apple Md878bz/a 3.5-6c/d500/16gb/256gb - Preto
			Igorando Pelo Filtro de Nome...
		Nome do Produto: Apple Mgem2bz/a Mac Mini Core I5/1.4ghz/4gb/500gb Os X Yosemite
			Igorando Pelo Filtro de Nome...
		Nome do Produto: Motorola Moto Maxx 64gb, 2.7ghz, Tela Oled 5,2" Quad Hd, Android 4.4.4 Kitkat, Câmera 21mp, 4g, Preto
			Igorando Pelo Filtro de Nome...
		Nome do Produto: Cartão de Memória Sandisk Ultra Micro Sd + Adaptador Classe 10 128gb 48mb/s
			Igorando Pelo Filtro de Nome...
		Nome do Produto: Micro System Philips Dcm276 Com Dock
			Igorando Pelo Filtro de Nome...
		Nome do Produto: Micro System Philips Mcm3150x/78 100w
			Igorando Pelo Filtro de Nome...
		Nome do Produto: Tablet 7" Magic Iv Tt-2710
			Igorando Pelo Filtro de Nome...
		Nome do Produto: Cafeteira Kenwood Cm021 Coffee Maker Metal Vermelha 127v
			Igorando Pelo Filtro de Nome...
		Nome do Produto: Magic Tablet 5 Tt-5200i
			Igorando Pelo Filtro de Nome...
		Nome do Produto: Guia de Cirurgia Plastica - Guias de Medicina Ambulatorial E Hospitalar
			Igorando Pelo Filtro de Nome...
		Nome do Produto: Micro System Philips Mcm233/55
			Igorando Pelo Filtro de Nome...
		Nome do Produto: Cartão de Memória Sandisk Ultra Micro Sd + Adaptador Classe 10 64gb 48mb/s
			Igorando Pelo Filtro de Nome...
		Nome do Produto: Attack On Titan Mikasa - Figma
			Igorando Pelo Filtro de Nome...
		Nome do Produto: Game Of Thrones - 1ª A 4ª Temporada Completa (blu-ray) (20 Discos)
			Igorando Pelo Filtro de Nome...
		Nome do Produto: Mouse Wireless Apple M829 Magic
			Igorando Pelo Filtro de Nome...
		Nome do Produto: Magic Trackpad Apple Mc380bz/a
			Igorando Pelo Filtro de Nome...
		Nome do Produto: Micro System Philips Mcm1150x/78 C/ Cd, USB E MP3 Link- Philips
			Igorando Pelo Filtro de Nome...
		Nome do Produto: Hand Mixer Kenwood Hb716 - 220v
			Igorando Pelo Filtro de Nome...
		Nome do Produto: Hand Mixer Kenwood Hb716 - 127v
			Igorando Pelo Filtro de Nome...
		Nome do Produto: Game Of Thrones - 1ª A 4ª Temporada Completa (20 DVDs)
			Igorando Pelo Filtro de Nome...
	Tempo Para buscar: 1134
Loja: Kabum
	URL Principal: http://www.kabum.com.br/
	URL Busca: http://www.kabum.com.br/cgi-local/site/listagem/listagem.cgi?string=<BUSCA>&btnG=
http://www.kabum.com.br/cgi-local/site/listagem/listagem.cgi?string=Zelda+Majora+Mask&btnG=
		Documento Lido
		Resultados: 0
	Tempo Para buscar: 412
Loja: Livraria Cultura
	URL Principal: http://www.livrariacultura.com.br/
	URL Busca: http://www.livrariacultura.com.br/busca?N=0&Ntt=<BUSCA>
http://www.livrariacultura.com.br/busca?N=0&Ntt=Zelda+Majora+Mask
		Documento Lido
		Resultados: 3
		Nome do Produto: LEGEND OF ZELDA MAJORA'S MASK 3D COLLECTOR'S EDITI
http://www.livrariacultura.com.br/p/legend-of-zelda-majoras-mask-3d-collectors-editi-42863390
		Acessando URL do produto.
		Nome do Produto: LEGEND OF ZELDA MAJORA'S MASK 3D
http://www.livrariacultura.com.br/p/legend-of-zelda-majoras-mask-3d-42863407
		Acessando URL do produto.
		Nome do Produto: APOCALYPTIC FICTION
			Igorando Pelo Filtro de Nome...
	Tempo Para buscar: 923
Loja: Magazine Luiza
	URL Principal: http://www.magazineluiza.com.br/
	URL Busca: http://www.magazineluiza.com.br/busca/<BUSCA>/
http://www.magazineluiza.com.br/busca/Zelda+Majora+Mask/
		Documento Lido
		Resultados: 5
		Nome do Produto: Bio Enzymes Mask Hydrating 20g - Talika
			Igorando Pelo Filtro de Nome...
		Nome do Produto: Mask Platinum 30g - Charis
			Igorando Pelo Filtro de Nome...
		Nome do Produto: Máscara Hidratante Macadamia Oil Intensive Mask - Organix 237ml
			Igorando Pelo Filtro de Nome...
		Nome do Produto: Benefiance Firming Massage Mask 50ml - Shiseido
			Igorando Pelo Filtro de Nome...
		Nome do Produto: Intensive Treatment Hair Mask 200ml - Shiseido
			Igorando Pelo Filtro de Nome...
	Tempo Para buscar: 227
Loja: Mula Games
	URL Principal: http://www.mulagames.com.br/
	URL Busca: http://www.mulagames.com.br/produtos-index/catalogo_produtos/-/-/<BUSCA>/-/-/-/-/-/
http://www.mulagames.com.br/produtos-index/catalogo_produtos/-/-/Zelda%20Majora%20Mask/-/-/-/-/-/
		Documento Lido
		Resultados: 1
		Nome do Produto: The Legend of Zelda: Majora’s Mask 3D - 3DS
http://www.mulagames.com.br/The-Legend-of-Zelda--Majora---s-Mask-3D-3DS/prod-2734660/
		Acessando URL do produto.
http://www.mulagames.com.br/produto-ajax_retorna_dados_preco_comprar/2734660
		Acessando URL do preço produto.
	Tempo Para buscar: 2366
Loja: Net Shoes
	URL Principal: http://www.netshoes.com.br/
	URL Busca: http://www.netshoes.com.br/search?Ntt=<BUSCA>
http://www.netshoes.com.br/search?Ntt=Zelda+Majora+Mask
		Documento Lido
		Resultados: 4
		Nome do Produto: Óculos Speedo Omega Swim Mask
			Igorando Pelo Filtro de Nome...
		Nome do Produto: Óculos Speedo Omega Swim Mask
			Igorando Pelo Filtro de Nome...
		Nome do Produto: Óculos Speedo Omega Swim Mask
			Igorando Pelo Filtro de Nome...
		Nome do Produto: Óculos Speedo Omega Swim Mask
			Igorando Pelo Filtro de Nome...
	Tempo Para buscar: 130
Loja: Ponto Frio
	URL Principal: http://www.pontofrio.com.br/
	URL Busca: http://search.pontofrio.com.br/search?w=<BUSCA>
http://search.pontofrio.com.br/search?w=Zelda+Majora+Mask
		Documento Lido
		Resultados: 1
		Nome do Produto: The Unpainted Mask
			Igorando Pelo Filtro de Nome...
		Nome do Produto: Livro - Querido Scott, Querida Zelda: as Cartas de Amor de Scott e Zelda Fitzgerald - Zelda Fitzgerald e Francis Scott Fitzgerald
			Igorando Pelo Filtro de Nome...
		Nome do Produto: Gary Carter`s Iron Mask
			Igorando Pelo Filtro de Nome...
		Nome do Produto: Fragments of a Mask
			Igorando Pelo Filtro de Nome...
		Nome do Produto: Livro - Esta Valsa é Minha - Zelda Fitzgerald
			Igorando Pelo Filtro de Nome...
		Nome do Produto: The Legend Of Zelda - Skyward Sword Wii
			Igorando Pelo Filtro de Nome...
		Nome do Produto: Livro - Bom dia, Sr. Mandela - Zelda la Grange
			Igorando Pelo Filtro de Nome...
		Nome do Produto: Vamp in the Silver Mask
			Igorando Pelo Filtro de Nome...
		Nome do Produto: Atalantis Major
			Igorando Pelo Filtro de Nome...
		Nome do Produto: Yeats`s Mask
			Igorando Pelo Filtro de Nome...
		Nome do Produto: Final Mask
			Igorando Pelo Filtro de Nome...
		Nome do Produto: Major Prairie Tramp
			Igorando Pelo Filtro de Nome...
		Nome do Produto: Conversations with Clarence Major
			Igorando Pelo Filtro de Nome...
		Nome do Produto: Murder in C Major
			Igorando Pelo Filtro de Nome...
		Nome do Produto: Marrying Major Bennett
			Igorando Pelo Filtro de Nome...
		Nome do Produto: To Major Tom
			Igorando Pelo Filtro de Nome...
		Nome do Produto: Livro - Major Calabar
			Igorando Pelo Filtro de Nome...
		Nome do Produto: Major Frank (Dodo Press)
			Igorando Pelo Filtro de Nome...
		Nome do Produto: Catherine, Major Gahagan, Etc.
			Igorando Pelo Filtro de Nome...
		Nome do Produto: Murder in A-Major
			Igorando Pelo Filtro de Nome...
		Nome do Produto: The Unpainted Mask
			Igorando Pelo Filtro de Nome...
		Nome do Produto: Livro - Querido Scott, Querida Zelda: as Cartas de Amor de Scott e Zelda Fitzgerald - Zelda Fitzgerald e Francis Scott Fitzgerald
			Igorando Pelo Filtro de Nome...
		Nome do Produto: Gary Carter`s Iron Mask
			Igorando Pelo Filtro de Nome...
		Nome do Produto: Fragments of a Mask
			Igorando Pelo Filtro de Nome...
		Nome do Produto: Livro - Esta Valsa é Minha - Zelda Fitzgerald
			Igorando Pelo Filtro de Nome...
		Nome do Produto: The Legend Of Zelda - Skyward Sword Wii
			Igorando Pelo Filtro de Nome...
		Nome do Produto: Livro - Bom dia, Sr. Mandela - Zelda la Grange
			Igorando Pelo Filtro de Nome...
		Nome do Produto: Vamp in the Silver Mask
			Igorando Pelo Filtro de Nome...
		Nome do Produto: Atalantis Major
			Igorando Pelo Filtro de Nome...
		Nome do Produto: Yeats`s Mask
			Igorando Pelo Filtro de Nome...
		Nome do Produto: Final Mask
			Igorando Pelo Filtro de Nome...
		Nome do Produto: Major Prairie Tramp
			Igorando Pelo Filtro de Nome...
		Nome do Produto: Conversations with Clarence Major
			Igorando Pelo Filtro de Nome...
		Nome do Produto: Murder in C Major
			Igorando Pelo Filtro de Nome...
		Nome do Produto: Marrying Major Bennett
			Igorando Pelo Filtro de Nome...
		Nome do Produto: To Major Tom
			Igorando Pelo Filtro de Nome...
		Nome do Produto: Livro - Major Calabar
			Igorando Pelo Filtro de Nome...
		Nome do Produto: Major Frank (Dodo Press)
			Igorando Pelo Filtro de Nome...
		Nome do Produto: Catherine, Major Gahagan, Etc.
			Igorando Pelo Filtro de Nome...
		Nome do Produto: Murder in A-Major
			Igorando Pelo Filtro de Nome...
	Tempo Para buscar: 1786
Loja: Ricardo Eletro
	URL Principal: http://www.ricardoeletro.com.br/
	URL Busca: http://www.ricardoeletro.com.br/Busca/Resultado/?q=<BUSCA>
http://www.ricardoeletro.com.br/Busca/Resultado/?q=Zelda+Majora+Mask
		Documento Lido
		Resultados: 0
	Tempo Para buscar: 1217
Loja: RiHappy
	URL Principal: http://www.rihappy.com.br/
	URL Busca: http://www.rihappy.com.br/<BUSCA>
http://www.rihappy.com.br/Zelda%20Majora%20Mask
		Documento Lido
		Resultados: 0
	Tempo Para buscar: 1427
Loja: Saraiva
	URL Principal: http://www.saraiva.com.br/
	URL Busca: http://busca.saraiva.com.br/search?w=<BUSCA>&PAC_ID=129457&ts=ajax
http://busca.saraiva.com.br/search?w=Zelda+Majora+Mask&PAC_ID=129457&ts=ajax
		Documento Lido
		Resultados: 30
		Nome do Produto: The Legend Of Zelda Box Set
			Igorando Pelo Filtro de Nome...
		Nome do Produto: Zelda Fitzgerald
			Igorando Pelo Filtro de Nome...
		Nome do Produto: Zelda And Ivy
			Igorando Pelo Filtro de Nome...
		Nome do Produto: Zelda
			Igorando Pelo Filtro de Nome...
		Nome do Produto: The Legend of Zelda 3 - Mejora's Mask
			Igorando Pelo Filtro de Nome...
		Nome do Produto: Zelda Wisdom
			Igorando Pelo Filtro de Nome...
		Nome do Produto: Zelda Wisdom
			Igorando Pelo Filtro de Nome...
		Nome do Produto: Rouge Zelda
			Igorando Pelo Filtro de Nome...
		Nome do Produto: Zelda And Ivy
			Igorando Pelo Filtro de Nome...
		Nome do Produto: The Zen of Zelda
			Igorando Pelo Filtro de Nome...
		Nome do Produto: Zelda Rules on Love
			Igorando Pelo Filtro de Nome...
		Nome do Produto: Z Comme Zelda
			Igorando Pelo Filtro de Nome...
		Nome do Produto: Zelda La Douce
			Igorando Pelo Filtro de Nome...
		Nome do Produto: Zelda And Ivy: Keeping Secrets
			Igorando Pelo Filtro de Nome...
		Nome do Produto: Zelda And Ivy, the Runaways
			Igorando Pelo Filtro de Nome...
		Nome do Produto: Zelda and Ivy One Christmas
			Igorando Pelo Filtro de Nome...
		Nome do Produto: The Collected Writings of Zelda Fitzgerald
			Igorando Pelo Filtro de Nome...
		Nome do Produto: Mask
			Igorando Pelo Filtro de Nome...
		Nome do Produto: Mask
			Igorando Pelo Filtro de Nome...
		Nome do Produto: Mask
			Igorando Pelo Filtro de Nome...
		Nome do Produto: Mask
			Igorando Pelo Filtro de Nome...
		Nome do Produto: Placa Keep Calm And Save Zelda
			Igorando Pelo Filtro de Nome...
		Nome do Produto: A bruxa Zelda e os 80 docinhos
			Igorando Pelo Filtro de Nome...
		Nome do Produto: The Legend Of Zelda - Hyrule Historia
			Igorando Pelo Filtro de Nome...
		Nome do Produto: The Legend of Zelda and Philosophy
			Igorando Pelo Filtro de Nome...
		Nome do Produto: The Case of the Amazing Zelda
			Igorando Pelo Filtro de Nome...
		Nome do Produto: The Case of the Amazing Zelda
			Igorando Pelo Filtro de Nome...
		Nome do Produto: Zelda Dans "la Ville Est a Moi"
			Igorando Pelo Filtro de Nome...
		Nome do Produto: Zelda La Sorciere Et Son Ignoble Anniversaire
			Igorando Pelo Filtro de Nome...
		Nome do Produto: Lettres a Zelda Et Autres Correspondances
			Igorando Pelo Filtro de Nome...
	Tempo Para buscar: 610
Loja: Shop Facil
	URL Principal: http://ww2.shopfacil.com.br/
	URL Busca: http://ww2.shopfacil.com.br/<BUSCA>
http://ww2.shopfacil.com.br/Zelda%20Majora%20Mask
		Documento Lido
		Resultados: 0
	Tempo Para buscar: 2091
Loja: Shop Time
	URL Principal: http://www.shoptime.com.br/
	URL Busca: http://busca.shoptime.com.br/busca.php?q=<BUSCA>
http://busca.shoptime.com.br/busca.php?q=Zelda+Majora+Mask
		Documento Lido
		Resultados: 11
		Nome do Produto: Game The Legend of Zelda: Twilight Princess - Nintendo Wii Placa Decorativa: Keep Calm and Save Zelda The Legend Of Zelda: Majoras Mask 3d - 3ds Nintendo Amiibo: Zelda - Wii U Livro - Esta Valsa É Minha Livro - Bom Dia, Sr. Mandela Livro - Querido Scott, Querida Zelda: As Cartas de Amor de F. Scott e... Kit - Nintendo Wii Preto com Just Dance 3 + Game The Leg Zelda -... Livro - A Bruxa Zelda e os 80 Docinhos Game The Legend of Zelda: Ocarina of Time - Nintendo 3D Game The Legend of Zelda - A Link Between Worlds - 3DS
http://busca.shoptime.com.br/produto.php?link=http://www.shoptime.com.br/produto/348122/game-the-legend-of-zelda-twilight-princess-nintendo-wii&ranking=1&sessao=U7OAG1JBL5CC7&idbusca=beac654104031fdfb385f2525fc6d8316016f1f1&idproduto=348122
		Acessando URL do produto.
		Nome do Produto: Game The Legend of Zelda: Twilight Princess - Nintendo Wii Placa Decorativa: Keep Calm and Save Zelda The Legend Of Zelda: Majoras Mask 3d - 3ds Nintendo Amiibo: Zelda - Wii U Livro - Esta Valsa É Minha Livro - Bom Dia, Sr. Mandela Livro - Querido Scott, Querida Zelda: As Cartas de Amor de F. Scott e... Kit - Nintendo Wii Preto com Just Dance 3 + Game The Leg Zelda -... Livro - A Bruxa Zelda e os 80 Docinhos Game The Legend of Zelda: Ocarina of Time - Nintendo 3D Game The Legend of Zelda - A Link Between Worlds - 3DS
http://busca.shoptime.com.br/produto.php?link=http://www.shoptime.com.br/produto/122522211/placa-decorativa-keep-calm-and-save-zelda&ranking=2&sessao=U7OAG1JBL5CC7&idbusca=beac654104031fdfb385f2525fc6d8316016f1f1&idproduto=122522211
		Acessando URL do produto.
		Nome do Produto: Game The Legend of Zelda: Twilight Princess - Nintendo Wii Placa Decorativa: Keep Calm and Save Zelda The Legend Of Zelda: Majoras Mask 3d - 3ds Nintendo Amiibo: Zelda - Wii U Livro - Esta Valsa É Minha Livro - Bom Dia, Sr. Mandela Livro - Querido Scott, Querida Zelda: As Cartas de Amor de F. Scott e... Kit - Nintendo Wii Preto com Just Dance 3 + Game The Leg Zelda -... Livro - A Bruxa Zelda e os 80 Docinhos Game The Legend of Zelda: Ocarina of Time - Nintendo 3D Game The Legend of Zelda - A Link Between Worlds - 3DS
http://busca.shoptime.com.br/produto.php?link=http://www.shoptime.com.br/produto/8575594/the-legend-of-zelda-majoras-mask-3d-3ds&ranking=3&sessao=U7OAG1JBL5CC7&idbusca=beac654104031fdfb385f2525fc6d8316016f1f1&idproduto=8575594
		Acessando URL do produto.
		Nome do Produto: Game The Legend of Zelda: Twilight Princess - Nintendo Wii Placa Decorativa: Keep Calm and Save Zelda The Legend Of Zelda: Majoras Mask 3d - 3ds Nintendo Amiibo: Zelda - Wii U Livro - Esta Valsa É Minha Livro - Bom Dia, Sr. Mandela Livro - Querido Scott, Querida Zelda: As Cartas de Amor de F. Scott e... Kit - Nintendo Wii Preto com Just Dance 3 + Game The Leg Zelda -... Livro - A Bruxa Zelda e os 80 Docinhos Game The Legend of Zelda: Ocarina of Time - Nintendo 3D Game The Legend of Zelda - A Link Between Worlds - 3DS
http://busca.shoptime.com.br/produto.php?link=http://www.shoptime.com.br/produto/8479951/nintendo-amiibo-zelda-wii-u&ranking=4&sessao=U7OAG1JBL5CC7&idbusca=beac654104031fdfb385f2525fc6d8316016f1f1&idproduto=8479951
		Acessando URL do produto.
		Nome do Produto: Game The Legend of Zelda: Twilight Princess - Nintendo Wii Placa Decorativa: Keep Calm and Save Zelda The Legend Of Zelda: Majoras Mask 3d - 3ds Nintendo Amiibo: Zelda - Wii U Livro - Esta Valsa É Minha Livro - Bom Dia, Sr. Mandela Livro - Querido Scott, Querida Zelda: As Cartas de Amor de F. Scott e... Kit - Nintendo Wii Preto com Just Dance 3 + Game The Leg Zelda -... Livro - A Bruxa Zelda e os 80 Docinhos Game The Legend of Zelda: Ocarina of Time - Nintendo 3D Game The Legend of Zelda - A Link Between Worlds - 3DS
http://busca.shoptime.com.br/produto.php?link=http://www.shoptime.com.br/produto/117469953/livro-esta-valsa-e-minha&ranking=5&sessao=U7OAG1JBL5CC7&idbusca=beac654104031fdfb385f2525fc6d8316016f1f1&idproduto=117469953
		Acessando URL do produto.
		Nome do Produto: Game The Legend of Zelda: Twilight Princess - Nintendo Wii Placa Decorativa: Keep Calm and Save Zelda The Legend Of Zelda: Majoras Mask 3d - 3ds Nintendo Amiibo: Zelda - Wii U Livro - Esta Valsa É Minha Livro - Bom Dia, Sr. Mandela Livro - Querido Scott, Querida Zelda: As Cartas de Amor de F. Scott e... Kit - Nintendo Wii Preto com Just Dance 3 + Game The Leg Zelda -... Livro - A Bruxa Zelda e os 80 Docinhos Game The Legend of Zelda: Ocarina of Time - Nintendo 3D Game The Legend of Zelda - A Link Between Worlds - 3DS
http://busca.shoptime.com.br/produto.php?link=http://www.shoptime.com.br/produto/122479793/livro-bom-dia-sr.-mandela&ranking=6&sessao=U7OAG1JBL5CC7&idbusca=beac654104031fdfb385f2525fc6d8316016f1f1&idproduto=122479793
		Acessando URL do produto.
		Nome do Produto: Game The Legend of Zelda: Twilight Princess - Nintendo Wii Placa Decorativa: Keep Calm and Save Zelda The Legend Of Zelda: Majoras Mask 3d - 3ds Nintendo Amiibo: Zelda - Wii U Livro - Esta Valsa É Minha Livro - Bom Dia, Sr. Mandela Livro - Querido Scott, Querida Zelda: As Cartas de Amor de F. Scott e... Kit - Nintendo Wii Preto com Just Dance 3 + Game The Leg Zelda -... Livro - A Bruxa Zelda e os 80 Docinhos Game The Legend of Zelda: Ocarina of Time - Nintendo 3D Game The Legend of Zelda - A Link Between Worlds - 3DS
http://busca.shoptime.com.br/produto.php?link=http://www.shoptime.com.br/produto/5434505/livro-querido-scott-querida-zelda-as-cartas-de-amor-de-f.-scott-e-zelda-fitzgerald&ranking=7&sessao=U7OAG1JBL5CC7&idbusca=beac654104031fdfb385f2525fc6d8316016f1f1&idproduto=5434505
		Acessando URL do produto.
		Nome do Produto: Game The Legend of Zelda: Twilight Princess - Nintendo Wii Placa Decorativa: Keep Calm and Save Zelda The Legend Of Zelda: Majoras Mask 3d - 3ds Nintendo Amiibo: Zelda - Wii U Livro - Esta Valsa É Minha Livro - Bom Dia, Sr. Mandela Livro - Querido Scott, Querida Zelda: As Cartas de Amor de F. Scott e... Kit - Nintendo Wii Preto com Just Dance 3 + Game The Leg Zelda -... Livro - A Bruxa Zelda e os 80 Docinhos Game The Legend of Zelda: Ocarina of Time - Nintendo 3D Game The Legend of Zelda - A Link Between Worlds - 3DS
http://busca.shoptime.com.br/produto.php?link=http://www.shoptime.com.br/produto/110767501/kit-nintendo-wii-preto-com-just-dance-3-game-the-leg-zelda-twilight-princess&ranking=8&sessao=U7OAG1JBL5CC7&idbusca=beac654104031fdfb385f2525fc6d8316016f1f1&idproduto=110767501
		Acessando URL do produto.
		Nome do Produto: Game The Legend of Zelda: Twilight Princess - Nintendo Wii Placa Decorativa: Keep Calm and Save Zelda The Legend Of Zelda: Majoras Mask 3d - 3ds Nintendo Amiibo: Zelda - Wii U Livro - Esta Valsa É Minha Livro - Bom Dia, Sr. Mandela Livro - Querido Scott, Querida Zelda: As Cartas de Amor de F. Scott e... Kit - Nintendo Wii Preto com Just Dance 3 + Game The Leg Zelda -... Livro - A Bruxa Zelda e os 80 Docinhos Game The Legend of Zelda: Ocarina of Time - Nintendo 3D Game The Legend of Zelda - A Link Between Worlds - 3DS
http://busca.shoptime.com.br/produto.php?link=http://www.shoptime.com.br/produto/119561956/livro-a-bruxa-zelda-e-os-80-docinhos&ranking=9&sessao=U7OAG1JBL5CC7&idbusca=beac654104031fdfb385f2525fc6d8316016f1f1&idproduto=119561956
		Acessando URL do produto.
		Nome do Produto: Game The Legend of Zelda: Twilight Princess - Nintendo Wii Placa Decorativa: Keep Calm and Save Zelda The Legend Of Zelda: Majoras Mask 3d - 3ds Nintendo Amiibo: Zelda - Wii U Livro - Esta Valsa É Minha Livro - Bom Dia, Sr. Mandela Livro - Querido Scott, Querida Zelda: As Cartas de Amor de F. Scott e... Kit - Nintendo Wii Preto com Just Dance 3 + Game The Leg Zelda -... Livro - A Bruxa Zelda e os 80 Docinhos Game The Legend of Zelda: Ocarina of Time - Nintendo 3D Game The Legend of Zelda - A Link Between Worlds - 3DS
http://busca.shoptime.com.br/produto.php?link=http://www.shoptime.com.br/produto/110455145/game-the-legend-of-zelda-ocarina-of-time-nintendo-3d&ranking=10&sessao=U7OAG1JBL5CC7&idbusca=beac654104031fdfb385f2525fc6d8316016f1f1&idproduto=110455145
		Acessando URL do produto.
		Nome do Produto: Game The Legend of Zelda: Twilight Princess - Nintendo Wii Placa Decorativa: Keep Calm and Save Zelda The Legend Of Zelda: Majoras Mask 3d - 3ds Nintendo Amiibo: Zelda - Wii U Livro - Esta Valsa É Minha Livro - Bom Dia, Sr. Mandela Livro - Querido Scott, Querida Zelda: As Cartas de Amor de F. Scott e... Kit - Nintendo Wii Preto com Just Dance 3 + Game The Leg Zelda -... Livro - A Bruxa Zelda e os 80 Docinhos Game The Legend of Zelda: Ocarina of Time - Nintendo 3D Game The Legend of Zelda - A Link Between Worlds - 3DS
http://busca.shoptime.com.br/produto.php?link=http://www.shoptime.com.br/produto/116578859/game-the-legend-of-zelda-a-link-between-worlds-3ds&ranking=11&sessao=U7OAG1JBL5CC7&idbusca=beac654104031fdfb385f2525fc6d8316016f1f1&idproduto=116578859
		Acessando URL do produto.
	Tempo Para buscar: 10479
Loja: ShopB
	URL Principal: http://www.shopb.com.br/
	URL Busca: http://busca.shopb.com.br/?busca=<BUSCA>
http://busca.shopb.com.br/?busca=Zelda+Majora+Mask
		Documento Lido
		Resultados: 31
		Nome do Produto: The Legend of Zelda: Majoras Mask 3D - 3DS
http://shopb.ecommercesearch.com.br/Busca/Redir?url=http%3a%2f%2fwww.shopb.com.br%2fecommerce_site%2findex.php%3fpg%3dproduto%26cdg%3d4488%26idp%3d39222%26idparceiro%3dp1&esid=39222
		Acessando URL do produto.
		Nome do Produto: AC DC Live Rockband Track Pack - PS3
			Igorando Pelo Filtro de Nome...
		Nome do Produto: AC DC Live Rockband Track Pack - XBOX 360
			Igorando Pelo Filtro de Nome...
		Nome do Produto: Adidas MiCoach - XBOX 360
			Igorando Pelo Filtro de Nome...
		Nome do Produto: Adidas miCoach - PS3
			Igorando Pelo Filtro de Nome...
		Nome do Produto: Bandfuse Rock Legends: Artists Pack - PS3
			Igorando Pelo Filtro de Nome...
		Nome do Produto: Bandfuse Rock Legends: Artists Pack - XBOX 360
			Igorando Pelo Filtro de Nome...
		Nome do Produto: Boneco Disney Infinity: Mickey Mago Aprendiz - XBOX 360, PS3
			Igorando Pelo Filtro de Nome...
		Nome do Produto: Boneco Disney Infinity: Mike - XBOX 360, PS3
			Igorando Pelo Filtro de Nome...
		Nome do Produto: Caixas de Som Multimídia - K-Mex
			Igorando Pelo Filtro de Nome...
		Nome do Produto: Caixas de Som Speaker SP-0300 - K-Mex
			Igorando Pelo Filtro de Nome...
		Nome do Produto: Cartão Xbox Live Gold 01 Mês
			Igorando Pelo Filtro de Nome...
		Nome do Produto: Cartão Xbox Live Gold 03 Meses
			Igorando Pelo Filtro de Nome...
		Nome do Produto: Cartão de Memória Micro SD - 16 GB - Kingston
			Igorando Pelo Filtro de Nome...
		Nome do Produto: Cartão de Memória Micro SD - 4 GB - Kingston
			Igorando Pelo Filtro de Nome...
		Nome do Produto: Cartão de Memória Micro SD - 8 GB - Kingston
			Igorando Pelo Filtro de Nome...
		Nome do Produto: Celular Blu Dash 3.5 Dual Sim com Câmera integrada, Wi-Fi, Rádio FM/AM e Micro SD - Preto
			Igorando Pelo Filtro de Nome...
		Nome do Produto: Celular Blu Jenny TV Dual Sim com Câmera integrada, TV, Rádio FM/AM e Micro SD - Branco
			Igorando Pelo Filtro de Nome...
		Nome do Produto: Celular Blu Jenny TV Dual Sim com Câmera integrada, TV, Rádio FM/AM e Micro SD - Branco / Azul
			Igorando Pelo Filtro de Nome...
		Nome do Produto: Celular Blu Jenny TV Dual Sim com Câmera integrada, TV, Rádio FM/AM e Micro SD - Branco / Rosa
			Igorando Pelo Filtro de Nome...
		Nome do Produto: Celular Blu Life Play Android 4.2 c/ Câmera integrada 8 MP, 16 GB, 1.5 Ghz, 1 GB Ram e Micro SD - Amarelo
			Igorando Pelo Filtro de Nome...
		Nome do Produto: Celular Blu Life Play Android 4.2 c/ Câmera integrada 8 MP, 16 GB, 1.5 Ghz, 1 GB Ram e Micro SD - Azul
			Igorando Pelo Filtro de Nome...
		Nome do Produto: Celular Blu Life Play Android 4.2 c/ Câmera integrada 8 MP, 16 GB, 1.5 Ghz, 1 GB Ram e Micro SD - Branco
			Igorando Pelo Filtro de Nome...
		Nome do Produto: Celular Blu Life Play Android 4.2 c/ Câmera integrada 8 MP, 16 GB, 1.5 Ghz, 1 GB Ram e Micro SD - Cinza
			Igorando Pelo Filtro de Nome...
		Nome do Produto: Celular Blu Life Play Android 4.2 c/ Câmera integrada 8 MP, 16 GB, 1.5 Ghz, 1 GB Ram e Micro SD - Rosa
			Igorando Pelo Filtro de Nome...
		Nome do Produto: Celular Blu Samba JR Teclado Qwerty com Câmera integrada 1.3MP, Dual Sim, Rádio FM e Micro SD - Prata
			Igorando Pelo Filtro de Nome...
		Nome do Produto: Celular Blu Samba JR Teclado Qwerty com Câmera integrada 1.3MP, Dual Sim, Rádio FM e Micro SD - Vermelho
			Igorando Pelo Filtro de Nome...
		Nome do Produto: Celular Blu Samba TV Dual Chip com Câmera integrada, TV, Rádio FM e Micro SD - Azul / Preto
			Igorando Pelo Filtro de Nome...
		Nome do Produto: Celular Blu Samba TV Dual Chip com Câmera integrada, TV, Rádio FM e Micro SD - Branco / Rosa
			Igorando Pelo Filtro de Nome...
		Nome do Produto: Celular Blu Samba TV Dual Chip com Câmera integrada, TV, Rádio FM e Micro SD - Vermelho / Preto
			Igorando Pelo Filtro de Nome...
		Nome do Produto: Celular Blu Samba W Teclado Qwerty com Câmera integrada, Wi-Fi, Rádio FM/AM e Micro SD - Azul
			Igorando Pelo Filtro de Nome...
	Tempo Para buscar: 3413
Loja: Submarino
	URL Principal: http://www.submarino.com.br/
	URL Busca: http://busca.submarino.com.br/busca.php?q=<BUSCA>
http://busca.submarino.com.br/busca.php?q=Zelda+Majora+Mask
		Documento Lido
		Resultados: 1
		Nome do Produto: The Legend of Zelda Majora´s Mask - Edição de Cole - GRADIENTE ENTERTAINMENT LTDA
http://busca.submarino.com.br/produto.php?link=http://www.submarino.com.br/produto/135856/the-legend-of-zelda-majora-s-mask-edicao-de-cole-gradiente-entertainment-ltda&ranking=1&sessao=U7OAGJEH100C7&idbusca=1fb1fd5dbd8f37e24c5443dc3713368f26d1ee4e&idproduto=135856
		Acessando URL do produto.
	Tempo Para buscar: 1386
Loja: Walmart
	URL Principal: http://www.walmart.com.br/
	URL Busca: http://www.walmart.com.br/busca/?ft=<BUSCA>&PS=20
http://www.walmart.com.br/busca/?ft=Zelda+Majora+Mask&PS=20
		Documento Lido
		Resultados: 1
		Nome do Produto: The Legend of Zelda 3 - Mejora's Mask
			Igorando Pelo Filtro de Nome...
	Tempo Para buscar: 1607

File copied from C:\java\workspace Estudo\lookforprices\resources\imports\css.css to C:\java\workspace Estudo\lookforprices\reports\2015-05-14 12\css.css
File copied from C:\java\workspace Estudo\lookforprices\resources\imports\jquery.js to C:\java\workspace Estudo\lookforprices\reports\2015-05-14 12\jquery.js
File copied from C:\java\workspace Estudo\lookforprices\resources\imports\scripts.js to C:\java\workspace Estudo\lookforprices\reports\2015-05-14 12\scripts.js
Tempo total de execução: 54732
