Game: Zelda link between worlds
Product Name: Zelda link between worlds
Loja: Nintendo eShop
	URL Principal: http://www.nintendo.com/3ds/eshop
	URL Busca: http://www.nintendo.com/json/content/get/game/filter?&qterm=<BUSCA>
NintendoEShopSearch.search() http://www.nintendo.com/json/content/get/game/filter?&qterm=Zelda+link+between+worlds
		Documento Lido
		Resultados: 2
		Nome do Produto: The Legend of Zelda: Tri Force Heroes
			Igorando Pelo Filtro de Nome...
		Nome do Produto: The Legend of Zelda: A Link Between Worlds
http://www.nintendo.com/games/detail/Z6ft-sYy0pxxdkRc-dIxtTH7XHqWVLl9
		Acessando URL do produto.
URL = http://www.nintendo.com/games/detail/Z6ft-sYy0pxxdkRc-dIxtTH7XHqWVLl9
	Tempo Para buscar: 728
Loja: Americanas
	URL Principal: http://www.americanas.com.br/
	URL Busca: http://busca.americanas.com.br/busca.php?q=<BUSCA>
http://busca.americanas.com.br/busca.php?q=Zelda+link+between+worlds
		Documento Lido
		Resultados: 3
		Nome do Produto: Pelúcia World of Nintendo - The Legend Of Zelda - Link -...
			Igorando Pelo Filtro de Nome...
		Nome do Produto: The Legend Of Zelda - Link - Figma
			Igorando Pelo Filtro de Nome...
		Nome do Produto: The Legend Of Zelda - Link - Figma
			Igorando Pelo Filtro de Nome...
	Tempo Para buscar: 394
Loja: Big Boy Games
	URL Principal: http://www.bigboygames.com.br/
	URL Busca: http://www.bigboygames.com.br/pesquisa/?p=<BUSCA>
http://www.bigboygames.com.br/pesquisa/?p=Zelda+link+between+worlds
		Documento Lido
		Resultados: 4
		Nome do Produto: 3DS - The Legend of Zelda: A Link Between Worlds
http://www.bigboygames.com.br/3ds-the-legend-of-zelda-a-link-between-worlds-p5708/
		Acessando URL do produto.
		Nome do Produto: 3DS - The Legend Of Zelda: Majora's Mask + The Legend of Zelda: A Link Between Worlds
http://www.bigboygames.com.br/3ds-the-legend-of-zelda-majora-s-mask-the-legend-of-zelda-a-link-between-worlds-p7589/
		Acessando URL do produto.
		Nome do Produto: 3DS - The Legend of Zelda: A Link Between Worlds - USADO
Removi por causa de USADO
			Igorando Pelo Filtro de Nome...
		Nome do Produto: Console Nintendo 3DS XL Dourado - Zelda A Link Between Worlds Edition
http://www.bigboygames.com.br/console-nintendo-3ds-xl-dourado-zelda-a-link-between-worlds-edition-p5923/
		Acessando URL do produto.
	Tempo Para buscar: 1826
Loja: Balão da Informática
	URL Principal: https://www.balaodainformatica.com.br/
	URL Busca: https://www.balaodainformatica.com.br/Produtos/Buscar/?busca=<BUSCA>
https://www.balaodainformatica.com.br/Produtos/Buscar/?busca=Zelda+link+between+worlds
		Documento Lido
		Resultados: 0
	Tempo Para buscar: 316
Loja: Casas Bahia
	URL Principal: http://www.casasbahia.com.br/
	URL Busca: http://buscas.casasbahia.com.br/search?w=<BUSCA>
http://buscas.casasbahia.com.br/search?w=Zelda+link+between+worlds
		Documento Lido
		Resultados: 1
		Nome do Produto: The Legend of Zelda: A Link Between Worlds - 3DS
http://buscas.casasbahia.com.br/search?p=R&srid=S1-2SEAP&lbc=casasbahia&w=Zelda%20link%20between%20worlds&url=http%3a%2f%2fproduto.casasbahia.com.br%2f5413298%3f&rk=1&uid=46944494&sid=2&ts=custom&rsc=KiqyFL6d6FFySUph&method=and&isort=score&view=grid
		Acessando URL do produto.
		Nome do Produto: Jogo 3Ds The Legend Of Zelda: A Link Between Worlds
http://buscas.casasbahia.com.br/search?p=R&srid=S1-2SEAP&lbc=casasbahia&w=Zelda%20link%20between%20worlds&url=http%3a%2f%2fproduto.casasbahia.com.br%2f5158819%3f&rk=2&uid=46944494&sid=2&ts=custom&rsc=3NYiHYv0S2NxOUW6&method=and&isort=score&view=grid
		Acessando URL do produto.
		Nome do Produto: Jogo Legend Of Zelda: A Link Between World - 3DS
			Igorando Pelo Filtro de Nome...
	Tempo Para buscar: 3010
Loja: Extra
	URL Principal: http://www.extra.com.br/
	URL Busca: http://buscando.extra.com.br/search?w=<BUSCA>
http://buscando.extra.com.br/search?w=Zelda+link+between+worlds
		Documento Lido
		Resultados: 3
		Nome do Produto: The Legend of Zelda: A Link Between Worlds - 3DS
http://buscando.extra.com.br/search?p=R&srid=S1-4SEAP&lbc=extra&w=Zelda%20link%20between%20worlds&url=http%3a%2f%2fproduto.extra.com.br%2f5413298%3f&rk=1&uid=469471565&sid=2&ts=custom&rsc=pIvBGXqSWSHrXq7Y&method=and&isort=score&view=grid
		Acessando URL do produto.
		Nome do Produto: Jogo 3Ds The Legend Of Zelda: A Link Between Worlds
http://buscando.extra.com.br/search?p=R&srid=S1-4SEAP&lbc=extra&w=Zelda%20link%20between%20worlds&url=http%3a%2f%2fproduto.extra.com.br%2f5158819%3f&rk=2&uid=469471565&sid=2&ts=custom&rsc=mJnL1iWxpbQ1Uu66&method=and&isort=score&view=grid
		Acessando URL do produto.
		Nome do Produto: Jogo Legend Of Zelda: A Link Between World - 3DS
			Igorando Pelo Filtro de Nome...
	Tempo Para buscar: 3406
Loja: E-Virtua
	URL Principal: http://www.evirtua.com.br/
	URL Busca: http://www.evirtua.com.br/Busca?search_department_id=0&SearchTerm=<BUSCA>
http://www.evirtua.com.br/Busca?search_department_id=0&SearchTerm=Zelda+link+between+worlds
		Documento Lido
		Resultados: 1
		Nome do Produto: The Legend of Zelda: A Link Between Worlds - 3DS
http://www.evirtua.com.br//the-legend-of-zelda-a-link-between-worlds-3ds/3326-01
		Acessando URL do produto.
	Tempo Para buscar: 346
Loja: Fast Games
	URL Principal: http://www.fastgames.com.br/
	URL Busca: http://www.fastgames.com.br/loja/busca.php?loja=187970&palavra_busca=<BUSCA>
http://www.fastgames.com.br/loja/busca.php?loja=187970&palavra_busca=Zelda+link+between+worlds
		Documento Lido
		Resultados: 2
		Nome do Produto: The Legend of Zelda: A Link Between Worlds - 3DS
http://www.fastgames.com.br/the-legend-of-zelda-a-link-between-worlds-3ds-pr-7172-187970.htm
		Acessando URL do produto.
		Nome do Produto: The Legend of Zelda: TriForce Heroes - 3DS
			Igorando Pelo Filtro de Nome...
	Tempo Para buscar: 2487
Loja: Fast Shop
	URL Principal: http://www.fastshop.com.br/loja/
	URL Busca: http://www.fastshop.com.br/webapp/wcs/stores/servlet/SearchDisplay?searchTerm=<BUSCA>&categoryId=&storeId=10151&catalogId=11052&langId=-6&pageSize=9&beginIndex=0&sType=SimpleSearch&resultCatEntryType=2&showResultsPage=true&searchSource=Q&pageView=&hotsite=fastshop
http://www.fastshop.com.br/webapp/wcs/stores/servlet/SearchDisplay?searchTerm=Zelda+link+between+worlds&categoryId=&storeId=10151&catalogId=11052&langId=-6&pageSize=9&beginIndex=0&sType=SimpleSearch&resultCatEntryType=2&showResultsPage=true&searchSource=Q&pageView=&hotsite=fastshop
		Documento Lido
		Resultados: 1
		Nome do Produto: 
			Igorando Pelo Filtro de Nome...
	Tempo Para buscar: 567
Loja: FNAC
	URL Principal: http://www.fnac.com.br/index.html
	URL Busca: http://busca.fnac.com.br/?busca=<BUSCA>
http://busca.fnac.com.br/?busca=Zelda+link+between+worlds
		Documento Lido
		Resultados: 0
	Tempo Para buscar: 1057
Loja: Kabum
	URL Principal: http://www.kabum.com.br/
	URL Busca: http://www.kabum.com.br/cgi-local/site/listagem/listagem.cgi?string=<BUSCA>&btnG=
http://www.kabum.com.br/cgi-local/site/listagem/listagem.cgi?string=Zelda+link+between+worlds&btnG=
		Documento Lido
		Resultados: 0
	Tempo Para buscar: 56
Loja: Livraria Cultura
	URL Principal: http://www.livrariacultura.com.br/
	URL Busca: http://www.livrariacultura.com.br/busca?N=0&Ntt=<BUSCA>
http://www.livrariacultura.com.br/busca?N=0&Ntt=Zelda+link+between+worlds
		Documento Lido
		Resultados: 2
		Nome do Produto: LEGEND OF ZELDA - A LINK BETWEEN WORLDS
http://www.livrariacultura.com.br/p/legend-of-zelda-a-link-between-worlds-42744956
		Acessando URL do produto.
		Nome do Produto: LEGEND OF ZELDA, THE - A LINK BETWEEN WORLDS (3DS)
http://www.livrariacultura.com.br/p/legend-of-zelda-the-a-link-between-worlds-3ds-42150349
		Acessando URL do produto.
	Tempo Para buscar: 1047
Loja: Magazine Luiza
	URL Principal: http://www.magazineluiza.com.br/
	URL Busca: http://www.magazineluiza.com.br/busca/<BUSCA>/
http://www.magazineluiza.com.br/busca/Zelda+link+between+worlds/
		Documento Lido
		Resultados: 56
		Nome do Produto: Roteador Wireless Link-One L1RW-131 - 150Mbps 1 Antena 4 Portas
			Igorando Pelo Filtro de Nome...
		Nome do Produto: Roteador Wireless Portátil D-Link DIR-505 - 150Mbps 2 Portas
			Igorando Pelo Filtro de Nome...
		Nome do Produto: Roteador Wireless Multi-Functional TP-Link - TL-WR842ND 300mbps 4 Portas
			Igorando Pelo Filtro de Nome...
		Nome do Produto: Repetidor + Roteador Mini Wireless TP-Link - TL-WR702N 150mbps Multifunção
			Igorando Pelo Filtro de Nome...
		Nome do Produto: Roteador Wireless TP-Link TL-WR941ND 300Mbps - 3 Antenas 5 Portas
			Igorando Pelo Filtro de Nome...
		Nome do Produto: Modem Roteador TP-Link TD-8816 100Mbps - 2 Portas
			Igorando Pelo Filtro de Nome...
		Nome do Produto: Roteador Mini Wireless TP-Link TL-MR3020 - 3G/4G 150Mbps
			Igorando Pelo Filtro de Nome...
		Nome do Produto: Adaptador Wireless TP-Link TL-WN821N - 300Mbps
			Igorando Pelo Filtro de Nome...
		Nome do Produto: Adaptador USB Wireless 150Mbps TL-WN721N - TP-Link
			Igorando Pelo Filtro de Nome...
		Nome do Produto: Placa Wireless PCMCIA 300Mbps - D-Link DWA-645
			Igorando Pelo Filtro de Nome...
		Nome do Produto: Cadeira para Escritório Giratória - Inter Link Tibaldi
			Igorando Pelo Filtro de Nome...
		Nome do Produto: Adaptador Wireless USB 2.0 - L1-AW3U - Link-One
			Igorando Pelo Filtro de Nome...
		Nome do Produto: Assento Sanitário Azul Translúcido Link - para Louça Deca - Pontto Lavabo
			Igorando Pelo Filtro de Nome...
		Nome do Produto: Assento Sanitário Conhaque Translúcido Link - para Louça Deca - Pontto Lavabo
			Igorando Pelo Filtro de Nome...
		Nome do Produto: Assento Sanitário Cristal Translúcido Link - para Louça Deca - Pontto Lavabo
			Igorando Pelo Filtro de Nome...
		Nome do Produto: Assento Sanitário Rose Translúcido Link - para Louça Deca - Pontto Lavabo
			Igorando Pelo Filtro de Nome...
		Nome do Produto: Assento Sanitário Verde Malva Translúcido Link - para Louça Deca - Pontto Lavabo
			Igorando Pelo Filtro de Nome...
		Nome do Produto: Assento Sanitário Vermelho Translúcido Link - para Louça Deca - Pontto Lavabo
			Igorando Pelo Filtro de Nome...
		Nome do Produto: Assento Sanitário Almofadado Cinza Real Link - para Louça Deca - Pontto Lavabo
			Igorando Pelo Filtro de Nome...
		Nome do Produto: Assento Sanitário Almofadado Bege Claro Link - para Louça Deca - Pontto Lavabo
			Igorando Pelo Filtro de Nome...
		Nome do Produto: Balcão Links 9 Gavetas - Provence
			Igorando Pelo Filtro de Nome...
		Nome do Produto: Assento Sanitário Azul Translúcido Link - para Louça Deca - Pontto Lavabo
			Igorando Pelo Filtro de Nome...
		Nome do Produto: Assento Sanitário Conhaque Translúcido Link - para Louça Deca - Pontto Lavabo
			Igorando Pelo Filtro de Nome...
		Nome do Produto: Assento Sanitário Rose Translúcido Link - para Louça Deca - Pontto Lavabo
			Igorando Pelo Filtro de Nome...
		Nome do Produto: Assento Sanitário Vermelho Translúcido Link - para Louça Deca - Pontto Lavabo
			Igorando Pelo Filtro de Nome...
		Nome do Produto: Assento Sanitário Verde Malva Translúcido Link - para Louça Deca - Pontto Lavabo
			Igorando Pelo Filtro de Nome...
		Nome do Produto: Assento Sanitário Cristal Translúcido Link - para Louça Deca - Pontto Lavabo
			Igorando Pelo Filtro de Nome...
		Nome do Produto: Assento Sanitário Branco Gelo Link - para Louça Deca - Pontto Lavabo
			Igorando Pelo Filtro de Nome...
		Nome do Produto: Assento Sanitário Almofadado Branco Gelo Link - para Louça Deca - Pontto Lavabo
			Igorando Pelo Filtro de Nome...
		Nome do Produto: Assento Sanitário Branco Gelo Link - para Louça Deca - Pontto Lavabo
			Igorando Pelo Filtro de Nome...
		Nome do Produto: Assento Sanitário Branco Gelo Link para Louça Deca - Pontto Lavabo
			Igorando Pelo Filtro de Nome...
		Nome do Produto: Puff Piazza - Links
			Igorando Pelo Filtro de Nome...
		Nome do Produto: Mesa de Centro Ovali - Links
			Igorando Pelo Filtro de Nome...
		Nome do Produto: Aparador Livio Tampo Fixo 3 Portas - 3 Gavetas Links
			Igorando Pelo Filtro de Nome...
		Nome do Produto: Roteador Wireless TP-Link TL-MR3220 - 150Mbps 1 Antena 5 Portas 3G/4G
			Igorando Pelo Filtro de Nome...
		Nome do Produto: Roteador Wireless D-Link DIR-850L - 1200mbps 5 Portas
			Igorando Pelo Filtro de Nome...
		Nome do Produto: Roteador Wireless Link-One L1-RW141 - 150Mbps 1 Antena 5 Portas
			Igorando Pelo Filtro de Nome...
		Nome do Produto: Roteador Wireless Link-One L1-RWH333 - 300Mbps 3 Antenas 4 Portas
			Igorando Pelo Filtro de Nome...
		Nome do Produto: Roteador Wireless Link-One L1-S108D - 150Mbps 1 Antena 8 Portas Switch Fast Ethernet
			Igorando Pelo Filtro de Nome...
		Nome do Produto: Roteador Wireless D-Link DIR-868L - 1750Mbps 5 Portas
			Igorando Pelo Filtro de Nome...
		Nome do Produto: Roteador Wireless Link-One L1-RWH342D - 300Mbps 2 Antenas 5 Portas
			Igorando Pelo Filtro de Nome...
		Nome do Produto: Roteador Wireless Tp-Link TL-WDR4300 750Mbps - 7 Portas
			Igorando Pelo Filtro de Nome...
		Nome do Produto: Repetidor Wireless Tp-link TL-WA854RE 300mbps - 2 Antenas
			Igorando Pelo Filtro de Nome...
		Nome do Produto: Roteador Wireless TP-Link TL-WR841N 300mbps - 5 Portas 2 Antenas de 5dBi
			Igorando Pelo Filtro de Nome...
		Nome do Produto: Roteador Wireless TP-Link WR740N 150mbps - 5 Portas 13 Canais
			Igorando Pelo Filtro de Nome...
		Nome do Produto: Roteador Wireless TP-Link TL-WR720N 150mbps - 3 Portas 13 Canais
			Igorando Pelo Filtro de Nome...
		Nome do Produto: Switch DES-1008A - D-Link
			Igorando Pelo Filtro de Nome...
		Nome do Produto: Adaptador Wireless DWA-171 - D-Link
			Igorando Pelo Filtro de Nome...
		Nome do Produto: Câmera IP Wireless Pan/Tilt DCS 5020L - D-Link
			Igorando Pelo Filtro de Nome...
		Nome do Produto: Nano Adaptador USB Wireless 150Mbps TL-WN725N - TP-Link
			Igorando Pelo Filtro de Nome...
		Nome do Produto: Switch para Rack/Mesa 24 Portas 100 Mbps - D-Link DES1024D
			Igorando Pelo Filtro de Nome...
		Nome do Produto: Adaptador Wireless USB 2.0 - D-Link DWA-123
			Igorando Pelo Filtro de Nome...
		Nome do Produto: Câmera de Rede Wireless Residencial - D-Link DSC 930L
			Igorando Pelo Filtro de Nome...
		Nome do Produto: Adaptador Wireless USB 2.0 - L1-AW1UD - Link-One
			Igorando Pelo Filtro de Nome...
		Nome do Produto: Câmera Wireless 1.3MP - D-Link DCS 942L
			Igorando Pelo Filtro de Nome...
		Nome do Produto: Switch 8 Portas - TP-Link TL-SF1008D
			Igorando Pelo Filtro de Nome...
	Tempo Para buscar: 1782
Loja: Mula Games
	URL Principal: http://www.mulagames.com.br/
	URL Busca: http://www.mulagames.com.br/produtos-index/catalogo_produtos/-/-/<BUSCA>/-/-/-/-/-/
http://www.mulagames.com.br/produtos-index/catalogo_produtos/-/-/Zelda%20link%20between%20worlds/-/-/-/-/-/
		Documento Lido
		Resultados: 1
		Nome do Produto: The Legend of Zelda: A Link Between Worlds - 3DS
http://www.mulagames.com.br/The-Legend-of-Zelda--A-Link-Between-Worlds-3DS/prod-1789689/
		Acessando URL do produto.
http://www.mulagames.com.br/produto-ajax_retorna_dados_preco_comprar/1789689
		Acessando URL do preço produto.
	Tempo Para buscar: 1851
Loja: Net Shoes
	URL Principal: http://www.netshoes.com.br/
	URL Busca: http://www.netshoes.com.br/search?Ntt=<BUSCA>
http://www.netshoes.com.br/search?Ntt=Zelda+link+between+worlds
		Documento Lido
		Resultados: 3
		Nome do Produto: Boné New Era 950 Of Visor Link Oakland Raiders
			Igorando Pelo Filtro de Nome...
		Nome do Produto: Jogo Two Worlds Epic Edition PC
			Igorando Pelo Filtro de Nome...
		Nome do Produto: Jogo Two Worlds PC
			Igorando Pelo Filtro de Nome...
	Tempo Para buscar: 1823
Loja: Ponto Frio
	URL Principal: http://www.pontofrio.com.br/
	URL Busca: http://search.pontofrio.com.br/search?w=<BUSCA>
http://search.pontofrio.com.br/search?w=Zelda+link+between+worlds
		Documento Lido
		Resultados: 1
		Nome do Produto: The Legend of Zelda: A Link Between Worlds - 3DS
http://search.pontofrio.com.br/search?p=R&srid=S1-4IADP&lbc=pontofrio-br&w=Zelda%20link%20between%20worlds&url=http%3a%2f%2fproduto.pontofrio.com.br%2f5413298%3f&rk=1&uid=469622681&sid=2&ts=custom&rsc=S8JyQqhEDeAg%3aPGy&method=and&isort=score&view=grid
		Nome do Produto: Jogo 3Ds The Legend Of Zelda: A Link Between Worlds
http://search.pontofrio.com.br/search?p=R&srid=S1-4IADP&lbc=pontofrio-br&w=Zelda%20link%20between%20worlds&url=http%3a%2f%2fproduto.pontofrio.com.br%2f5158819%3f&rk=2&uid=469622681&sid=2&ts=custom&rsc=5JT2swW%3aQmSiD67l&method=and&isort=score&view=grid
		Nome do Produto: Jogo Legend Of Zelda: A Link Between World - 3DS
			Igorando Pelo Filtro de Nome...
		Nome do Produto: The Legend of Zelda: A Link Between Worlds - 3DS
http://search.pontofrio.com.br/search?p=R&srid=S1-4IADP&lbc=pontofrio-br&w=Zelda%20link%20between%20worlds&url=http%3a%2f%2fproduto.pontofrio.com.br%2f5413298%3f&rk=1&uid=469622681&sid=2&ts=custom&rsc=S8JyQqhEDeAg%3aPGy&method=and&isort=score&view=grid
		Nome do Produto: Jogo 3Ds The Legend Of Zelda: A Link Between Worlds
http://search.pontofrio.com.br/search?p=R&srid=S1-4IADP&lbc=pontofrio-br&w=Zelda%20link%20between%20worlds&url=http%3a%2f%2fproduto.pontofrio.com.br%2f5158819%3f&rk=2&uid=469622681&sid=2&ts=custom&rsc=5JT2swW%3aQmSiD67l&method=and&isort=score&view=grid
		Nome do Produto: Jogo Legend Of Zelda: A Link Between World - 3DS
			Igorando Pelo Filtro de Nome...
	Tempo Para buscar: 4160
Loja: Ricardo Eletro
	URL Principal: http://www.ricardoeletro.com.br/
	URL Busca: http://www.ricardoeletro.com.br/Busca/Resultado/?q=<BUSCA>
http://www.ricardoeletro.com.br/Busca/Resultado/?q=Zelda+link+between+worlds
		Documento Lido
		Resultados: 0
	Tempo Para buscar: 722
Loja: RiHappy
	URL Principal: http://www.rihappy.com.br/
	URL Busca: http://www.rihappy.com.br/<BUSCA>
http://www.rihappy.com.br/Zelda%20link%20between%20worlds
		Documento Lido
		Resultados: 0
	Tempo Para buscar: 587
Loja: Saraiva
	URL Principal: http://www.saraiva.com.br/
	URL Busca: http://busca.saraiva.com.br/?q=<BUSCA>
http://busca.saraiva.com.br/?q=Zelda+link+between+worlds
		Documento Lido
		Resultados: 45
		Nome do Produto: Roteador D-Link Cloud Shareport Dir-505 Roteador Wireless Botão WPS, Repetidor de Sinal, Entrada USB
			Igorando Pelo Filtro de Nome...
		Nome do Produto: Roteador TP-Link Tl-Wr720n Branco 150Mbps, Antena Embutida
			Igorando Pelo Filtro de Nome...
		Nome do Produto: Repetidor D-Link Dap-1520 Wireless AC 750Mbps
			Igorando Pelo Filtro de Nome...
		Nome do Produto: Adaptador D-Link Dwa-131 Wireless USB Nano N 300Mbps
			Igorando Pelo Filtro de Nome...
		Nome do Produto: Roteador D-link Dir-655 Br 300mbps Wireless Itw
			Igorando Pelo Filtro de Nome...
		Nome do Produto: Switch D-Link Des-1024D 24 Portas Fast-Ethernet 10/100Mbps Suporte Para Rack 19"
			Igorando Pelo Filtro de Nome...
		Nome do Produto: The Crown
			Igorando Pelo Filtro de Nome...
		Nome do Produto: Roteador e Repetidor D-Link Dir-809 AC 750Mbps Dual Band Com 3 Antenas Externas 5Dbi
			Igorando Pelo Filtro de Nome...
		Nome do Produto: Katy Perry - The Prismatic World Tour Live - DVD
			Igorando Pelo Filtro de Nome...
		Nome do Produto: Harry Potter And The Philosopher's Stone - Illustrated Edition
			Igorando Pelo Filtro de Nome...
		Nome do Produto: Como Passar Em Concursos Cespe - 8000 Questões Comentadas - 5ª Ed. 2016
			Igorando Pelo Filtro de Nome...
		Nome do Produto: DVD The Vampire Diaries - 6ª Temporada - 5 Discos
			Igorando Pelo Filtro de Nome...
		Nome do Produto: Dragon Quest Heroes - Day One Edition - PS4
Removi por causa de PS4
			Igorando Pelo Filtro de Nome...
		Nome do Produto: Play - Stage Dive 2
			Igorando Pelo Filtro de Nome...
		Nome do Produto: Harry Potter - Hogwarts Deluxe Stationery Set
			Igorando Pelo Filtro de Nome...
		Nome do Produto: Katy Perry - The Prismatic World Tour Live - Blu-Ray
			Igorando Pelo Filtro de Nome...
		Nome do Produto: Eden - It´S An Endless World! - Vol. 1
			Igorando Pelo Filtro de Nome...
		Nome do Produto: Harry Potter - The Official Coloring Book - 1
			Igorando Pelo Filtro de Nome...
		Nome do Produto: One Direction - The Official Annual 2016
			Igorando Pelo Filtro de Nome...
		Nome do Produto: Alice's Adventures In Wonderland And Through The Looking-Glass
			Igorando Pelo Filtro de Nome...
		Nome do Produto: Alice's Adventures In Wonderland And Through The Looking Glass
			Igorando Pelo Filtro de Nome...
		Nome do Produto: A Estrela Que Nunca Vai Se Apagar
			Igorando Pelo Filtro de Nome...
		Nome do Produto: Roteador Ultra Wi-Fi D-Link Dir-890L Preto Ac3200mbps
			Igorando Pelo Filtro de Nome...
		Nome do Produto: A Travessia - Blu-Ray 3D + Blu-Ray
			Igorando Pelo Filtro de Nome...
		Nome do Produto: Batman- Killing Joke - DELUXE
			Igorando Pelo Filtro de Nome...
		Nome do Produto: 100 Shows Para Assistir Antes de Morrer - Box Com 5 DVDs
			Igorando Pelo Filtro de Nome...
		Nome do Produto: Flashpoint
			Igorando Pelo Filtro de Nome...
		Nome do Produto: Notebook HP 14-V060br Vermelho, Processador Intel® Core? i5-4210U, 4Gb, HD 500Gb, 14" W8.1
			Igorando Pelo Filtro de Nome...
		Nome do Produto: Gears Of War 3 - X360
Removi por causa de X360
			Igorando Pelo Filtro de Nome...
		Nome do Produto: Gisele Bündchen - Collector's Edition
			Igorando Pelo Filtro de Nome...
		Nome do Produto: Game Of Thrones Story Continues Box Set
			Igorando Pelo Filtro de Nome...
		Nome do Produto: Pen Drive Sandisk Cruzer Blade 16gb Itw
			Igorando Pelo Filtro de Nome...
		Nome do Produto: Kim Kardashian Selfish
			Igorando Pelo Filtro de Nome...
		Nome do Produto: Cruel Crown - A Red Queen Novella
			Igorando Pelo Filtro de Nome...
		Nome do Produto: Guyton & Hall - Tratado de Fisiologia Médica - 12ª Ed. 2011
			Igorando Pelo Filtro de Nome...
		Nome do Produto: Glass Sword - The Red Queen 2
			Igorando Pelo Filtro de Nome...
		Nome do Produto: Notebook HP 14-R051br Preto, 4ª Geração Processador Intel® Core? i3-4005U, 4Gb, HD 500Gb, 14" W8.1
			Igorando Pelo Filtro de Nome...
		Nome do Produto: Notebook Conversível HP Pavilion X360 11-N026br Processador Intel® Celeron® N2830 4Gb HD 500Gb 11.6"
Removi por causa de X360
			Igorando Pelo Filtro de Nome...
		Nome do Produto: Adorável cretino
			Igorando Pelo Filtro de Nome...
		Nome do Produto: The Favorite
			Igorando Pelo Filtro de Nome...
		Nome do Produto: DVD Big Bang: A Teoria - 8ª Temporada - 3 Discos
			Igorando Pelo Filtro de Nome...
		Nome do Produto: Zélia Duncan - Antes do Mundo Acabar
			Igorando Pelo Filtro de Nome...
		Nome do Produto: Endgame - o Chamado
			Igorando Pelo Filtro de Nome...
		Nome do Produto: Beyoncé ao Vivo Em Dobro - Glatonbury 2011 + London 2006 - DVD
			Igorando Pelo Filtro de Nome...
		Nome do Produto: Computador All In One HP 18-5600Br Processador AMD E1-6010, 4Gb, HD 500Gb, LED 18.5" Windows 10
			Igorando Pelo Filtro de Nome...
	Tempo Para buscar: 299
Loja: Shop Facil
	URL Principal: http://ww2.shopfacil.com.br/
	URL Busca: http://ww2.shopfacil.com.br/<BUSCA>
http://ww2.shopfacil.com.br/Zelda%20link%20between%20worlds
		Documento Lido
		Resultados: 3
		Nome do Produto: Jogo Zelda: A Link Between Worlds - 3DS
http://ww2.shopfacil.com.br/jogo-zelda--a-link-between-worlds---3ds-2032858/p
		Acessando URL do produto.
		Nome do Produto: Jogo Legend Of Zelda- A Link Between World - 3DS
			Igorando Pelo Filtro de Nome...
		Nome do Produto: Jogo Nintendo 3DS - The Legend of Zelda - A Link Between Worlds
http://ww2.shopfacil.com.br/jogo-nintendo-3ds---the-legend-of-zelda---a-link-between-worlds-2183170/p
		Acessando URL do produto.
	Tempo Para buscar: 3931
Loja: Shop Time
	URL Principal: http://www.shoptime.com.br/
	URL Busca: http://busca.shoptime.com.br/busca.php?q=<BUSCA>
http://busca.shoptime.com.br/busca.php?q=Zelda+link+between+worlds
		Documento Lido
		Resultados: 1
		Nome do Produto: Game The Legend of Zelda - A Link Between Worlds - 3DS
http://www.shoptime.com.br/produto/116578859/game-the-legend-of-zelda-a-link-between-worlds-3ds
		Acessando URL do produto.
	Tempo Para buscar: 721
Loja: ShopB
	URL Principal: http://www.shopb.com.br/
	URL Busca: http://www.shopb.com.br/buscar?q=<BUSCA>
http://www.shopb.com.br/buscar?q=Zelda+link+between+worlds
		Documento Lido
		Resultados: 1
		Nome do Produto: Jogo The Legend of Zelda: A Link Between Worlds - 3DS
http://www.shopb.com.br/jogo-the-legend-of-zelda-a-link-between-worlds-3ds-7314194
		Acessando URL do produto.
	Tempo Para buscar: 1396
Loja: Submarino
	URL Principal: http://www.submarino.com.br/
	URL Busca: http://busca.submarino.com.br/busca.php?q=<BUSCA>
http://busca.submarino.com.br/busca.php?q=Zelda+link+between+worlds
		Documento Lido
		Resultados: 1
		Nome do Produto: Game The Legend of Zelda - A Link Between Worlds - 3DS
http://www.submarino.com.br/produto/116578859/game-the-legend-of-zelda-a-link-between-worlds-3ds
		Acessando URL do produto.
	Tempo Para buscar: 814
Loja: Walmart
	URL Principal: http://www.walmart.com.br/
	URL Busca: http://www.walmart.com.br/busca/?ft=<BUSCA>&PS=20
http://www.walmart.com.br/busca/?ft=Zelda+link+between+worlds&PS=20
		Documento Lido
		Resultados: 4
		Nome do Produto: Jogo Zelda: A Link Between Worlds - 3DS
http://www.walmart.com.br//jogo-zelda-a-link-between-worlds-3ds/2109272/pr
		Acessando URL do produto.
		Nome do Produto: Jogo 3Ds The Legend Of Zelda: A Link Between Worlds
http://www.walmart.com.br//jogo-3ds-the-legend-of-zelda-a-link-between-worlds/3334564/pr
		Acessando URL do produto.
		Nome do Produto: Jogo The Legend of Zelda: A Link Between Worlds Nintendo 3DS
http://www.walmart.com.br//jogo-the-legend-of-zelda-a-link-between-worlds-nintendo-3ds/3338821/pr
		Acessando URL do produto.
		Nome do Produto: The Legend Of Zelda - A Link Between Worlds Collector’s Edition - Prima Official Game Guide
Removi por causa de Guide
			Igorando Pelo Filtro de Nome...
	Tempo Para buscar: 2209
Loja: Zig Store
	URL Principal: http://www.zigstore.com.br/
	URL Busca: http://www.zigstore.com.br/pesquisa/?p=<BUSCA>
http://www.zigstore.com.br/pesquisa/?p=Zelda+link+between+worlds
		Documento Lido
		Resultados: 4
		Nome do Produto: PS4 - Fallout 4
Removi por causa de PS4
			Igorando Pelo Filtro de Nome...
		Nome do Produto: Xbox One - Rise of the Tomb Raider
Removi por causa de XBOX
			Igorando Pelo Filtro de Nome...
		Nome do Produto: PS4 - Os Cavaleiros do Zodiaco: Alma dos Soldados
Removi por causa de PS4
			Igorando Pelo Filtro de Nome...
		Nome do Produto: PS4 - DualShock 4 Sony Preto
Removi por causa de PS4
			Igorando Pelo Filtro de Nome...
	Tempo Para buscar: 551

File copied from E:\WorkSpaces\workspace estudo\lookforprices\resources\imports\css.css to E:\WorkSpaces\workspace estudo\lookforprices\reports\2015-11-28 19\css.css
File copied from E:\WorkSpaces\workspace estudo\lookforprices\resources\imports\jquery.js to E:\WorkSpaces\workspace estudo\lookforprices\reports\2015-11-28 19\jquery.js
File copied from E:\WorkSpaces\workspace estudo\lookforprices\resources\imports\scripts.js to E:\WorkSpaces\workspace estudo\lookforprices\reports\2015-11-28 19\scripts.js
Tempo total de execução: 36108
Game: Zelda tri force heroes
Product Name: Zelda tri force heroes
Loja: Nintendo eShop
	URL Principal: http://www.nintendo.com/3ds/eshop
	URL Busca: http://www.nintendo.com/json/content/get/game/filter?&qterm=<BUSCA>
NintendoEShopSearch.search() http://www.nintendo.com/json/content/get/game/filter?&qterm=Zelda+tri+force+heroes
		Documento Lido
		Resultados: 1
		Nome do Produto: The Legend of Zelda: Tri Force Heroes
http://www.nintendo.com/games/detail/pjaS5nCJ1sYFb-zGXsyzBQ_dfKQkN2mn
		Acessando URL do produto.
URL = http://www.nintendo.com/games/detail/pjaS5nCJ1sYFb-zGXsyzBQ_dfKQkN2mn
	Tempo Para buscar: 731
Loja: Americanas
	URL Principal: http://www.americanas.com.br/
	URL Busca: http://busca.americanas.com.br/busca.php?q=<BUSCA>
http://busca.americanas.com.br/busca.php?q=Zelda+tri+force+heroes
		Documento Lido
		Resultados: 30
		Nome do Produto: Aparador de Pelos Cadence Gladius TRI100-BAT
			Igorando Pelo Filtro de Nome...
		Nome do Produto: Patinete Tri Wheels Infantil Bw0001 - Brink+
			Igorando Pelo Filtro de Nome...
		Nome do Produto: Celular Tri Chip Multilaser Fit Rosa / Preto Desbloqueado -...
			Igorando Pelo Filtro de Nome...
		Nome do Produto: Patinete Tri Wheels Infantil Bw0002 - Brink+
			Igorando Pelo Filtro de Nome...
		Nome do Produto: Relógio Diesel
			Igorando Pelo Filtro de Nome...
		Nome do Produto: Relógio X Games
			Igorando Pelo Filtro de Nome...
		Nome do Produto: Relógio Diesel
			Igorando Pelo Filtro de Nome...
		Nome do Produto: Relógio Mormaii
			Igorando Pelo Filtro de Nome...
		Nome do Produto: Relógio Orient
			Igorando Pelo Filtro de Nome...
		Nome do Produto: Relógio Lince
			Igorando Pelo Filtro de Nome...
		Nome do Produto: Relógio Lince
			Igorando Pelo Filtro de Nome...
		Nome do Produto: Relógio Orient
			Igorando Pelo Filtro de Nome...
		Nome do Produto: Relógio Orient
			Igorando Pelo Filtro de Nome...
		Nome do Produto: Relógio Orient
			Igorando Pelo Filtro de Nome...
		Nome do Produto: Relógio Orient
			Igorando Pelo Filtro de Nome...
		Nome do Produto: Relógio Orient
			Igorando Pelo Filtro de Nome...
		Nome do Produto: Relógio Orient
			Igorando Pelo Filtro de Nome...
		Nome do Produto: Relógio Orient
			Igorando Pelo Filtro de Nome...
		Nome do Produto: Relógio Orient
			Igorando Pelo Filtro de Nome...
		Nome do Produto: Kit Patins Tri-Line Tamanho 26 a 29 Fênix Azul
			Igorando Pelo Filtro de Nome...
		Nome do Produto: Relógio Michael Kors
			Igorando Pelo Filtro de Nome...
		Nome do Produto: Relógio Michael Kors
			Igorando Pelo Filtro de Nome...
		Nome do Produto: Relógio Michael Kors
			Igorando Pelo Filtro de Nome...
		Nome do Produto: Relógio Fossil Townsman Automático
			Igorando Pelo Filtro de Nome...
		Nome do Produto: Relógio Armani Exchange
			Igorando Pelo Filtro de Nome...
		Nome do Produto: Relógio Guess
			Igorando Pelo Filtro de Nome...
		Nome do Produto: Relógio Michael Kors
			Igorando Pelo Filtro de Nome...
		Nome do Produto: Relógio Armani Exchange
			Igorando Pelo Filtro de Nome...
		Nome do Produto: Relógio Fossil Breaker
			Igorando Pelo Filtro de Nome...
		Nome do Produto: Relógio X Games
			Igorando Pelo Filtro de Nome...
	Tempo Para buscar: 635
Loja: Big Boy Games
	URL Principal: http://www.bigboygames.com.br/
	URL Busca: http://www.bigboygames.com.br/pesquisa/?p=<BUSCA>
http://www.bigboygames.com.br/pesquisa/?p=Zelda+tri+force+heroes
		Documento Lido
		Resultados: 4
		Nome do Produto: PS3 - LEGO Batman 3: Beyond Gotham
Removi por causa de PS3
			Igorando Pelo Filtro de Nome...
		Nome do Produto: PS3 - Gran Turismo 6
Removi por causa de PS3
			Igorando Pelo Filtro de Nome...
		Nome do Produto: PS4 - Tales of Zestiria
Removi por causa de PS4
			Igorando Pelo Filtro de Nome...
		Nome do Produto: HD Samsung Externo USB 3.0 Portátil 1TB Preto
			Igorando Pelo Filtro de Nome...
	Tempo Para buscar: 553
Loja: Balão da Informática
	URL Principal: https://www.balaodainformatica.com.br/
	URL Busca: https://www.balaodainformatica.com.br/Produtos/Buscar/?busca=<BUSCA>
https://www.balaodainformatica.com.br/Produtos/Buscar/?busca=Zelda+tri+force+heroes
		Documento Lido
		Resultados: 1
		Nome do Produto: Jogo The Legend Of Zelda: Triforce Heroes Nintendo 3ds
https://www.balaodainformatica.com.br//ProdutoAnuncio/1043851/Jogo-The-Legend-Of-Zelda-Triforce-Heroes-Nintendo-3ds
		Acessando URL do produto.
	Tempo Para buscar: 571
Loja: Casas Bahia
	URL Principal: http://www.casasbahia.com.br/
	URL Busca: http://buscas.casasbahia.com.br/search?w=<BUSCA>
http://buscas.casasbahia.com.br/search?w=Zelda+tri+force+heroes
		Documento Lido
		Resultados: 1
		Nome do Produto: Camiseta feminina Nerd Factory Zelda Tri Force
			Igorando Pelo Filtro de Nome...
		Nome do Produto: Pingente - Tri Force - Zelda - Folheado a Prata
			Igorando Pelo Filtro de Nome...
		Nome do Produto: MOLETINHO TRI FORCE
			Igorando Pelo Filtro de Nome...
		Nome do Produto: WiiU - The Legend of Zelda: The Wind Waker HD
Removi por causa de Wii
			Igorando Pelo Filtro de Nome...
		Nome do Produto: The Legend Of Zelda: Majoras Mask 3d - 3ds
			Igorando Pelo Filtro de Nome...
		Nome do Produto: THE LEGEND OF ZELDA: MAJORA`S MASK 3D - 3DS
			Igorando Pelo Filtro de Nome...
		Nome do Produto: The Legend of Zelda: Majoras Mask 3D - 3DS
			Igorando Pelo Filtro de Nome...
		Nome do Produto: Heroes
			Igorando Pelo Filtro de Nome...
		Nome do Produto: Letters from Heroes
			Igorando Pelo Filtro de Nome...
		Nome do Produto: Super/Heroes
			Igorando Pelo Filtro de Nome...
		Nome do Produto: Jogo The Legend of Zelda: Majora's Mask 3D - Nintendo 3DS
			Igorando Pelo Filtro de Nome...
		Nome do Produto: Heroes of the Great Conflict
			Igorando Pelo Filtro de Nome...
		Nome do Produto: PlayStation Move Heroes - PS3
Removi por causa de PS3
			Igorando Pelo Filtro de Nome...
		Nome do Produto: Placa Keep Calm Zelda
			Igorando Pelo Filtro de Nome...
		Nome do Produto: Amiibo - Zelda
			Igorando Pelo Filtro de Nome...
		Nome do Produto: Camiseta Zelda Game Over
			Igorando Pelo Filtro de Nome...
		Nome do Produto: Zelda Amiibo Figure
			Igorando Pelo Filtro de Nome...
		Nome do Produto: Lego 76028- Super Heroes-a Invasão De Darkseid - 545 Pçs
			Igorando Pelo Filtro de Nome...
		Nome do Produto: Camiseta Zelda Song of Storm
			Igorando Pelo Filtro de Nome...
		Nome do Produto: Camiseta Zelda Song of Storm
			Igorando Pelo Filtro de Nome...
	Tempo Para buscar: 1870
Loja: Extra
	URL Principal: http://www.extra.com.br/
	URL Busca: http://buscando.extra.com.br/search?w=<BUSCA>
http://buscando.extra.com.br/search?w=Zelda+tri+force+heroes
		Documento Lido
		Resultados: 12
		Nome do Produto: Camiseta feminina Nerd Factory Zelda Tri Force
			Igorando Pelo Filtro de Nome...
		Nome do Produto: Pingente - Tri Force - Zelda - Folheado a Prata
			Igorando Pelo Filtro de Nome...
		Nome do Produto: MOLETINHO TRI FORCE
			Igorando Pelo Filtro de Nome...
		Nome do Produto: WiiU - The Legend of Zelda: The Wind Waker HD
Removi por causa de Wii
			Igorando Pelo Filtro de Nome...
		Nome do Produto: The Legend Of Zelda: Majoras Mask 3d - 3ds
			Igorando Pelo Filtro de Nome...
		Nome do Produto: THE LEGEND OF ZELDA: MAJORA`S MASK 3D - 3DS
			Igorando Pelo Filtro de Nome...
		Nome do Produto: The Legend of Zelda: Majoras Mask 3D - 3DS
			Igorando Pelo Filtro de Nome...
		Nome do Produto: Heroes
			Igorando Pelo Filtro de Nome...
		Nome do Produto: Letters from Heroes
			Igorando Pelo Filtro de Nome...
		Nome do Produto: Super/Heroes
			Igorando Pelo Filtro de Nome...
		Nome do Produto: Heroes of the Great Conflict
			Igorando Pelo Filtro de Nome...
		Nome do Produto: PlayStation Move Heroes - PS3
Removi por causa de PS3
			Igorando Pelo Filtro de Nome...
	Tempo Para buscar: 2028
Loja: E-Virtua
	URL Principal: http://www.evirtua.com.br/
	URL Busca: http://www.evirtua.com.br/Busca?search_department_id=0&SearchTerm=<BUSCA>
http://www.evirtua.com.br/Busca?search_department_id=0&SearchTerm=Zelda+tri+force+heroes
		Documento Lido
		Resultados: 1
		Nome do Produto: The Legend of Zelda: TriForce Heroes - 3DS
http://www.evirtua.com.br//the-legend-of-zelda-triforce-heroes-3ds/3846-01
		Acessando URL do produto.
	Tempo Para buscar: 482
Loja: Fast Games
	URL Principal: http://www.fastgames.com.br/
	URL Busca: http://www.fastgames.com.br/loja/busca.php?loja=187970&palavra_busca=<BUSCA>
http://www.fastgames.com.br/loja/busca.php?loja=187970&palavra_busca=Zelda+tri+force+heroes
		Documento Lido
		Resultados: 1
		Nome do Produto: The Legend of Zelda: TriForce Heroes - 3DS
http://www.fastgames.com.br/the-legend-of-zelda-triforce-heroes-3ds-pr-10549-187970.htm
		Acessando URL do produto.
	Tempo Para buscar: 2131
Loja: Fast Shop
	URL Principal: http://www.fastshop.com.br/loja/
	URL Busca: http://www.fastshop.com.br/webapp/wcs/stores/servlet/SearchDisplay?searchTerm=<BUSCA>&categoryId=&storeId=10151&catalogId=11052&langId=-6&pageSize=9&beginIndex=0&sType=SimpleSearch&resultCatEntryType=2&showResultsPage=true&searchSource=Q&pageView=&hotsite=fastshop
http://www.fastshop.com.br/webapp/wcs/stores/servlet/SearchDisplay?searchTerm=Zelda+tri+force+heroes&categoryId=&storeId=10151&catalogId=11052&langId=-6&pageSize=9&beginIndex=0&sType=SimpleSearch&resultCatEntryType=2&showResultsPage=true&searchSource=Q&pageView=&hotsite=fastshop
		Documento Lido
		Resultados: 1
		Nome do Produto: 
			Igorando Pelo Filtro de Nome...
	Tempo Para buscar: 943
Loja: FNAC
	URL Principal: http://www.fnac.com.br/index.html
	URL Busca: http://busca.fnac.com.br/?busca=<BUSCA>
http://busca.fnac.com.br/?busca=Zelda+tri+force+heroes
		Documento Lido
		Resultados: 0
	Tempo Para buscar: 1153
Loja: Kabum
	URL Principal: http://www.kabum.com.br/
	URL Busca: http://www.kabum.com.br/cgi-local/site/listagem/listagem.cgi?string=<BUSCA>&btnG=
http://www.kabum.com.br/cgi-local/site/listagem/listagem.cgi?string=Zelda+tri+force+heroes&btnG=
		Documento Lido
		Resultados: 0
	Tempo Para buscar: 34
Loja: Livraria Cultura
	URL Principal: http://www.livrariacultura.com.br/
	URL Busca: http://www.livrariacultura.com.br/busca?N=0&Ntt=<BUSCA>
http://www.livrariacultura.com.br/busca?N=0&Ntt=Zelda+tri+force+heroes
		Documento Lido
		Resultados: 10
		Nome do Produto: AIR FORCE HEROES IN VIETNAM [ILLUSTRATED EDITION]
			Igorando Pelo Filtro de Nome...
		Nome do Produto: TURN YOUR SALES FORCE INTO PROFIT HEROES:
			Igorando Pelo Filtro de Nome...
		Nome do Produto: AIR FORCE HEROES IN VIETNAM
			Igorando Pelo Filtro de Nome...
		Nome do Produto: AIR FORCE HEROES IN VIETNAM
			Igorando Pelo Filtro de Nome...
		Nome do Produto: AIR FORCE HEROES IN VIETNAM
			Igorando Pelo Filtro de Nome...
		Nome do Produto: HEROES OF THE US AIR FORCE
			Igorando Pelo Filtro de Nome...
		Nome do Produto: HEROES OF THE US AIR FORCE
			Igorando Pelo Filtro de Nome...
		Nome do Produto: MARVEL HEROES ULTIMATE FIGHTING FORCE FOLDOUT TB B
			Igorando Pelo Filtro de Nome...
		Nome do Produto: MEET THE HEROES OF AIR FORCE FLYING CLASS 55N
			Igorando Pelo Filtro de Nome...
		Nome do Produto: HEROES ON THE GO!
			Igorando Pelo Filtro de Nome...
	Tempo Para buscar: 596
Loja: Magazine Luiza
	URL Principal: http://www.magazineluiza.com.br/
	URL Busca: http://www.magazineluiza.com.br/busca/<BUSCA>/
http://www.magazineluiza.com.br/busca/Zelda+tri+force+heroes/
		Documento Lido
		Resultados: 60
		Nome do Produto: Gamma Zma Force 120 Liquid Cápsulas - Cell Force
			Igorando Pelo Filtro de Nome...
		Nome do Produto: Nobreak 5000VA Force Line Alta Potência - Estabilizador e Filtro de Linha Entrada Bivolt
			Igorando Pelo Filtro de Nome...
		Nome do Produto: Nobreak 3000VA Force Line c/ Estabilizador - Filtro de Linha Entrada Bivolt 6 Baterias Seladas
			Igorando Pelo Filtro de Nome...
		Nome do Produto: Nobreak 1000VA Force Line c/ Estabilizador - Filtro de Linha Bivolt 4 Tomadas 1 Bateria Selada
			Igorando Pelo Filtro de Nome...
		Nome do Produto: Nobreak 700VA Force Line c/ Estabilizador - Filtro de Linha Bivolt 4 Tomadas 1 Bateria Selada
			Igorando Pelo Filtro de Nome...
		Nome do Produto: Nobreak 1000VA Force Line Monovolt Estabilizador - Filtro de Linha 4 Tomadas 1 Bateria Selada
			Igorando Pelo Filtro de Nome...
		Nome do Produto: Massa Post Cell Recovery 60 Cápsulas - Cell Force
			Igorando Pelo Filtro de Nome...
		Nome do Produto: Lipo Super HD Termogênico 30 Cápsulas - Cell Force
			Igorando Pelo Filtro de Nome...
		Nome do Produto: Massa Post Cell Recovery 120 Cápsulas - Cell Force
			Igorando Pelo Filtro de Nome...
		Nome do Produto: Termogênico Lipo Super HD 120 Liquid Cápsulas - Cell Force
			Igorando Pelo Filtro de Nome...
		Nome do Produto: Autotrafo Bivolt 5000VA - Force Line
			Igorando Pelo Filtro de Nome...
		Nome do Produto: Autotrafo Bivolt 3000VA - Force Line
			Igorando Pelo Filtro de Nome...
		Nome do Produto: Carregador Veicular para Bateria 12V - Force Line
			Igorando Pelo Filtro de Nome...
		Nome do Produto: Estabilizador 3000VA 4 Tomadas Bivolt - Force Line
			Igorando Pelo Filtro de Nome...
		Nome do Produto: Filtro de Linha 4 Tomadas Tripolares - Force Line 5005
			Igorando Pelo Filtro de Nome...
		Nome do Produto: Nobreak 1500 VA - Force Line 610
			Igorando Pelo Filtro de Nome...
		Nome do Produto: Autotransformador 750VA - Force line 291
			Igorando Pelo Filtro de Nome...
		Nome do Produto: Autotransformador 100VA - Force Line 209
			Igorando Pelo Filtro de Nome...
		Nome do Produto: Mochila para Notebook até 17 polegadas - Force Line 5453
			Igorando Pelo Filtro de Nome...
		Nome do Produto: Termogênico Lipo Extreme - Thermo Hardcore - 60 Liquid Cápsulas - Cell Force
			Igorando Pelo Filtro de Nome...
		Nome do Produto: Estabilizador 500VA 4 Tomadas Bivolt - Force Line Evolution III
			Igorando Pelo Filtro de Nome...
		Nome do Produto: Filtro de Linha c/ Protetor contra Surtos - Adaptador 6 Tomadas Bivolt - Force Line
			Igorando Pelo Filtro de Nome...
		Nome do Produto: Filtro de Linha c/ Protetor contra Surtos - Adaptador 6 Tomadas Bivolt - Force Line
			Igorando Pelo Filtro de Nome...
		Nome do Produto: Filtro de Linha c/ Protetor contra Surtos - Adaptador 5 Tomadas Bivolt - Force Line
			Igorando Pelo Filtro de Nome...
		Nome do Produto: Filtro de Linha c/ Protetor contra Surtos - Adaptador 10 Tomadas Bivolt - Force Line
			Igorando Pelo Filtro de Nome...
		Nome do Produto: Régua Extensora com Entrada 8 Tomadas - Adaptador 8 Tomadas Bivolt - Force Line Eternity
			Igorando Pelo Filtro de Nome...
		Nome do Produto: Protetor Inteligente para Eletrônios - TV, Áudio e Vídeo - Force Line
			Igorando Pelo Filtro de Nome...
		Nome do Produto: Módulo Isolador com Estabilizador 300VA Bivolt - Foce Line
			Igorando Pelo Filtro de Nome...
		Nome do Produto: Cooktop 3 Bocas Mueller 3B a Gás - Tripla-Chama Acendimento Superautomático
			Igorando Pelo Filtro de Nome...
		Nome do Produto: Aparador de Pelos para Barba/Nariz e Orelhas - 4 Níveis de Ajuste 1 Velocidade Cadence Gladius
			Igorando Pelo Filtro de Nome...
		Nome do Produto: Smartphone LG Optimus L1 II Tri Chip Android 4.1 - 3G Câmera 2MP Tela 3" Wi-Fi GPS MP3 Player
			Igorando Pelo Filtro de Nome...
		Nome do Produto: Cooktop 5 Bocas Tramontina Penta 5GX Tri 75 a Gás - Inox Superautomático com Tripla Chama
			Igorando Pelo Filtro de Nome...
		Nome do Produto: Ventilador de Mesa Arno Silence Force - 3 Velocidades 30cm
			Igorando Pelo Filtro de Nome...
		Nome do Produto: Star Wars: The Force Unleashed para Xbox 360 - LucasArts
Removi por causa de XBOX
			Igorando Pelo Filtro de Nome...
		Nome do Produto: Super Turbo Force Ultra Concentrado - 60 Cápsulas - Intlab
			Igorando Pelo Filtro de Nome...
		Nome do Produto: Bicicleta Colli Bike Force One Mountain Bike - Aro 29 21 Marchas Câmbio Shimano Freio a Disco
			Igorando Pelo Filtro de Nome...
		Nome do Produto: Bicicleta Colli Bike Force One Mountain Bike - Aro 29 21 Marchas Câmbio Shimano Freio a Disco
			Igorando Pelo Filtro de Nome...
		Nome do Produto: Ventilador de Mesa Arno Silence Force - 3 Velocidades 30cm
			Igorando Pelo Filtro de Nome...
		Nome do Produto: Star Wars: The Force Unleashed II para Xbox 360 - LucasArts
Removi por causa de XBOX
			Igorando Pelo Filtro de Nome...
		Nome do Produto: Ventilador de Mesa Arno Silence Force VF40 6 Pás - 3 Velocidades Preto
			Igorando Pelo Filtro de Nome...
		Nome do Produto: Ventilador de Mesa Arno Silence Force VF30 6 Pás - 3 Velocidades Preto
			Igorando Pelo Filtro de Nome...
		Nome do Produto: Ventilador de Mesa Arno Silence Force VF30 6 Pás - 3 Velocidades Preto
			Igorando Pelo Filtro de Nome...
		Nome do Produto: Smartphone Motorola Moto X Force 64GB Dual Chip - 4G Câm 21MP + Selfie 5MP Flash Tela 5.4" Octa Core
			Igorando Pelo Filtro de Nome...
		Nome do Produto: Heroes Of The Storm para PC - Blizzard
			Igorando Pelo Filtro de Nome...
		Nome do Produto: Lego Marvel Super Heroes para Xbox One - Warner
Removi por causa de XBOX
			Igorando Pelo Filtro de Nome...
		Nome do Produto: Star Wars: The Force Unleashed para PS3 - LucasArts
Removi por causa de PS3
			Igorando Pelo Filtro de Nome...
		Nome do Produto: Star Wars: The Force Unleashed II para PS3 - LucasArts
Removi por causa de PS3
			Igorando Pelo Filtro de Nome...
		Nome do Produto: Cooktop 5 Bocas Tramontina Glass a Gás - Penta R 5GG Tri 70 Tripla Chama
			Igorando Pelo Filtro de Nome...
		Nome do Produto: Cortina para Quarto Marinho Santista Disney - Cars Heroes 2,80x1,80m
			Igorando Pelo Filtro de Nome...
		Nome do Produto: Pen Drive 8GB SanDisk - Cruzer Force SecureAccess
			Igorando Pelo Filtro de Nome...
		Nome do Produto: Pen Drive 32GB SanDisk - Cruzer Force Software SecureAccess
			Igorando Pelo Filtro de Nome...
		Nome do Produto: Pen Drive 16GB SanDisk - Cruzer Force Software SecureAccess
			Igorando Pelo Filtro de Nome...
		Nome do Produto: Playskool Heroes Jurassic World - Tyrannosaurus Rex com Acessório - Hasbro
			Igorando Pelo Filtro de Nome...
		Nome do Produto: Playskool Heroes - Jurassic World - Hasbro
			Igorando Pelo Filtro de Nome...
		Nome do Produto: Playskool Heroes - Jurassic World - Veículo de Caça Dino Tracker 4x4 - Hasbro
			Igorando Pelo Filtro de Nome...
		Nome do Produto: Playskool Heroes - Jurassic World - Veículo de Caça Dino Tracker Copter com Acessórios
			Igorando Pelo Filtro de Nome...
		Nome do Produto: Barbie Colecionável Insurgente Tris - Mattel
			Igorando Pelo Filtro de Nome...
		Nome do Produto: Playskool HeatWave Resgate Heroes - Hasbro
			Igorando Pelo Filtro de Nome...
		Nome do Produto: Titan Heroes Transformers - Hasbro
			Igorando Pelo Filtro de Nome...
		Nome do Produto: Playskool Heroes - Jurassic World Dilophosaurus - Hasbro
			Igorando Pelo Filtro de Nome...
	Tempo Para buscar: 1818
Loja: Mula Games
	URL Principal: http://www.mulagames.com.br/
	URL Busca: http://www.mulagames.com.br/produtos-index/catalogo_produtos/-/-/<BUSCA>/-/-/-/-/-/
http://www.mulagames.com.br/produtos-index/catalogo_produtos/-/-/Zelda%20tri%20force%20heroes/-/-/-/-/-/
		Documento Lido
		Resultados: 1
		Nome do Produto: The Legend of Zelda: Tri Force Heroes - 3DS
http://www.mulagames.com.br/The-Legend-of-Zelda--Tri-Force-Heroes-3DS/prod-3634221/
		Acessando URL do produto.
http://www.mulagames.com.br/produto-ajax_retorna_dados_preco_comprar/3634221
		Acessando URL do preço produto.
	Tempo Para buscar: 1833
Loja: Net Shoes
	URL Principal: http://www.netshoes.com.br/
	URL Busca: http://www.netshoes.com.br/search?Ntt=<BUSCA>
http://www.netshoes.com.br/search?Ntt=Zelda+tri+force+heroes
		Documento Lido
		Resultados: 60
		Nome do Produto: Tênis Nike Tri Fusion Run MSL
			Igorando Pelo Filtro de Nome...
		Nome do Produto: Tênis Nike Tri Fusion Run MSL
			Igorando Pelo Filtro de Nome...
		Nome do Produto: Tênis Asics Gel Noosa Tri 10
			Igorando Pelo Filtro de Nome...
		Nome do Produto: Tênis Asics Gel Noosa Tri 10
			Igorando Pelo Filtro de Nome...
		Nome do Produto: Tênis Nike Tri Fusion Run MSL
			Igorando Pelo Filtro de Nome...
		Nome do Produto: Tênis Nike Tri Fusion Run MSL
			Igorando Pelo Filtro de Nome...
		Nome do Produto: Tênis Nike Tri Fusion Run 4 Infantil
			Igorando Pelo Filtro de Nome...
		Nome do Produto: Tênis Nike Tri Fusion Run MSL
			Igorando Pelo Filtro de Nome...
		Nome do Produto: Tênis Nike Tri Fusion Run 4 Infantil
			Igorando Pelo Filtro de Nome...
		Nome do Produto: Tênis Nike Son OF Force Juvenil
			Igorando Pelo Filtro de Nome...
		Nome do Produto: Tênis Nike Tri Fusion Run MSL
			Igorando Pelo Filtro de Nome...
		Nome do Produto: Tênis Nike Tri Fusion Run 4 Infantil
			Igorando Pelo Filtro de Nome...
		Nome do Produto: Tênis Nike Tri Fusion Run 4 Infantil
			Igorando Pelo Filtro de Nome...
		Nome do Produto: Tênis Nike Tri Fusion Run MSL
			Igorando Pelo Filtro de Nome...
		Nome do Produto: Tênis Asics Gel Hyper Tri
			Igorando Pelo Filtro de Nome...
		Nome do Produto: Tênis Nike Son OF Force Infantil
			Igorando Pelo Filtro de Nome...
		Nome do Produto: Tênis Nike Tri Fusion Run 4 Infantil
			Igorando Pelo Filtro de Nome...
		Nome do Produto: Chuteira Under Armour Speed Force FG Campo
			Igorando Pelo Filtro de Nome...
		Nome do Produto: Tênis Asics Gel Noosa Tri 10
			Igorando Pelo Filtro de Nome...
		Nome do Produto: Tênis Asics Gel Hyper Tri
			Igorando Pelo Filtro de Nome...
		Nome do Produto: Tênis Asics Gel Noosa Tri 10
			Igorando Pelo Filtro de Nome...
		Nome do Produto: Tênis Asics Gel Noosa Tri 10
			Igorando Pelo Filtro de Nome...
		Nome do Produto: Tênis Asics Gel Noosa Tri 10
			Igorando Pelo Filtro de Nome...
		Nome do Produto: Tênis Asics Gel Noosa Tri 10
			Igorando Pelo Filtro de Nome...
		Nome do Produto: Chuteira Under Armour Speed Force FG Campo
			Igorando Pelo Filtro de Nome...
		Nome do Produto: Tênis Nike Tri Fusion Run 4 Infantil
			Igorando Pelo Filtro de Nome...
		Nome do Produto: Tênis Nike Tri Fusion Run MSL
			Igorando Pelo Filtro de Nome...
		Nome do Produto: Chuteira Under Armour Corespeed Force FG Campo
			Igorando Pelo Filtro de Nome...
		Nome do Produto: Tênis Nike Tri Fusion Run MSL
			Igorando Pelo Filtro de Nome...
		Nome do Produto: Tênis Nike Tri Fusion Run MSL
			Igorando Pelo Filtro de Nome...
		Nome do Produto: Tênis Nike Tri Fusion Run MSL
			Igorando Pelo Filtro de Nome...
		Nome do Produto: Tênis Nike Son OF Force Juvenil
			Igorando Pelo Filtro de Nome...
		Nome do Produto: Chuteira Under Armour Corespeed Force FG Campo
			Igorando Pelo Filtro de Nome...
		Nome do Produto: Tênis Nike Tri Fusion Run 4 Infantil
			Igorando Pelo Filtro de Nome...
		Nome do Produto: Mochila Puma Foundation Tri
			Igorando Pelo Filtro de Nome...
		Nome do Produto: Chuteira Under Armour Clutchfit Force FG Campo
			Igorando Pelo Filtro de Nome...
		Nome do Produto: Tênis Nike Tri Fusion Run 4 Infantil
			Igorando Pelo Filtro de Nome...
		Nome do Produto: Chuteira Under Armour Corespeed Force FG Campo
			Igorando Pelo Filtro de Nome...
		Nome do Produto: Tênis Nike Tri Fusion Run MSL
			Igorando Pelo Filtro de Nome...
		Nome do Produto: Boné Element Tri
			Igorando Pelo Filtro de Nome...
		Nome do Produto: Tênis Asics Gel Noosa Tri 10
			Igorando Pelo Filtro de Nome...
		Nome do Produto: Tênis Nike Tri Fusion Run 4 Infantil
			Igorando Pelo Filtro de Nome...
		Nome do Produto: Chuteira Under Armour Clutchfit Force FG Campo
			Igorando Pelo Filtro de Nome...
		Nome do Produto: Camiseta Lost Salem Party Heroes
			Igorando Pelo Filtro de Nome...
		Nome do Produto: Chuteira Under Armour Clutchfit Force FG Campo
			Igorando Pelo Filtro de Nome...
		Nome do Produto: Boné New Era UFC 5950 Force
			Igorando Pelo Filtro de Nome...
		Nome do Produto: Tênis Asics Gel Hyper Tri
			Igorando Pelo Filtro de Nome...
		Nome do Produto: Tênis Asics Gel Noosa Tri 10 Accelerate Hope
			Igorando Pelo Filtro de Nome...
		Nome do Produto: Tênis Asics Gel Noosa Tri 10 Accelerate Hope
			Igorando Pelo Filtro de Nome...
		Nome do Produto: Tênis Asics Gel Hyper Tri
			Igorando Pelo Filtro de Nome...
		Nome do Produto: Camisa de Compressão Under Armour Heroes
			Igorando Pelo Filtro de Nome...
		Nome do Produto: Tênis Asics Gel Noosa Tri 10
			Igorando Pelo Filtro de Nome...
		Nome do Produto: Tênis Everlast Force
			Igorando Pelo Filtro de Nome...
		Nome do Produto: Biquini Rip Curl Firefly Tri
			Igorando Pelo Filtro de Nome...
		Nome do Produto: Kit Force Acte Sports
			Igorando Pelo Filtro de Nome...
		Nome do Produto: Tênis Nike Force Sky High Print
			Igorando Pelo Filtro de Nome...
		Nome do Produto: Tênis Nike Tri Fusion Run 4 Infantil
			Igorando Pelo Filtro de Nome...
		Nome do Produto: Tênis Nike Tri Fusion Run 4 Infantil
			Igorando Pelo Filtro de Nome...
		Nome do Produto: Tênis Nike Tri Fusion Run 4 Infantil
			Igorando Pelo Filtro de Nome...
		Nome do Produto: Bermuda de Compressão Asics Triathlon Noosa Tri
			Igorando Pelo Filtro de Nome...
	Tempo Para buscar: 1055
Loja: Ponto Frio
	URL Principal: http://www.pontofrio.com.br/
	URL Busca: http://search.pontofrio.com.br/search?w=<BUSCA>
http://search.pontofrio.com.br/search?w=Zelda+tri+force+heroes
		Documento Lido
		Resultados: 1
		Nome do Produto: Camiseta feminina Nerd Factory Zelda Tri Force
			Igorando Pelo Filtro de Nome...
		Nome do Produto: Pingente - Tri Force - Zelda - Folheado a Prata
			Igorando Pelo Filtro de Nome...
		Nome do Produto: MOLETINHO TRI FORCE
			Igorando Pelo Filtro de Nome...
		Nome do Produto: The Legend Of Zelda: Majoras Mask 3d - 3ds
			Igorando Pelo Filtro de Nome...
		Nome do Produto: THE LEGEND OF ZELDA: MAJORA`S MASK 3D - 3DS
			Igorando Pelo Filtro de Nome...
		Nome do Produto: The Legend of Zelda: Majoras Mask 3D - 3DS
			Igorando Pelo Filtro de Nome...
		Nome do Produto: Heroes
			Igorando Pelo Filtro de Nome...
		Nome do Produto: Letters from Heroes
			Igorando Pelo Filtro de Nome...
		Nome do Produto: Super/Heroes
			Igorando Pelo Filtro de Nome...
		Nome do Produto: Heroes of the Great Conflict
			Igorando Pelo Filtro de Nome...
		Nome do Produto: PlayStation Move Heroes - PS3
Removi por causa de PS3
			Igorando Pelo Filtro de Nome...
		Nome do Produto: Jogo The Legend of Zelda: Majora's Mask 3D - Nintendo 3DS
			Igorando Pelo Filtro de Nome...
		Nome do Produto: Amiibo - Zelda
			Igorando Pelo Filtro de Nome...
		Nome do Produto: Camiseta Zelda Game Over
			Igorando Pelo Filtro de Nome...
		Nome do Produto: Zelda Amiibo Figure
			Igorando Pelo Filtro de Nome...
		Nome do Produto: Placa Keep Calm Zelda
			Igorando Pelo Filtro de Nome...
		Nome do Produto: Lego 76028- Super Heroes-a Invasão De Darkseid - 545 Pçs
			Igorando Pelo Filtro de Nome...
		Nome do Produto: Camiseta Zelda Song of Storm
			Igorando Pelo Filtro de Nome...
		Nome do Produto: Camiseta Zelda Song of Storm
			Igorando Pelo Filtro de Nome...
		Nome do Produto: Camiseta Zelda Song of Storm
			Igorando Pelo Filtro de Nome...
		Nome do Produto: Camiseta feminina Nerd Factory Zelda Tri Force
			Igorando Pelo Filtro de Nome...
		Nome do Produto: Pingente - Tri Force - Zelda - Folheado a Prata
			Igorando Pelo Filtro de Nome...
		Nome do Produto: MOLETINHO TRI FORCE
			Igorando Pelo Filtro de Nome...
		Nome do Produto: The Legend Of Zelda: Majoras Mask 3d - 3ds
			Igorando Pelo Filtro de Nome...
		Nome do Produto: THE LEGEND OF ZELDA: MAJORA`S MASK 3D - 3DS
			Igorando Pelo Filtro de Nome...
		Nome do Produto: The Legend of Zelda: Majoras Mask 3D - 3DS
			Igorando Pelo Filtro de Nome...
		Nome do Produto: Heroes
			Igorando Pelo Filtro de Nome...
		Nome do Produto: Letters from Heroes
			Igorando Pelo Filtro de Nome...
		Nome do Produto: Super/Heroes
			Igorando Pelo Filtro de Nome...
		Nome do Produto: Heroes of the Great Conflict
			Igorando Pelo Filtro de Nome...
		Nome do Produto: PlayStation Move Heroes - PS3
Removi por causa de PS3
			Igorando Pelo Filtro de Nome...
		Nome do Produto: Jogo The Legend of Zelda: Majora's Mask 3D - Nintendo 3DS
			Igorando Pelo Filtro de Nome...
		Nome do Produto: Amiibo - Zelda
			Igorando Pelo Filtro de Nome...
		Nome do Produto: Camiseta Zelda Game Over
			Igorando Pelo Filtro de Nome...
		Nome do Produto: Zelda Amiibo Figure
			Igorando Pelo Filtro de Nome...
		Nome do Produto: Placa Keep Calm Zelda
			Igorando Pelo Filtro de Nome...
		Nome do Produto: Lego 76028- Super Heroes-a Invasão De Darkseid - 545 Pçs
			Igorando Pelo Filtro de Nome...
		Nome do Produto: Camiseta Zelda Song of Storm
			Igorando Pelo Filtro de Nome...
		Nome do Produto: Camiseta Zelda Song of Storm
			Igorando Pelo Filtro de Nome...
		Nome do Produto: Camiseta Zelda Song of Storm
			Igorando Pelo Filtro de Nome...
	Tempo Para buscar: 2255
Loja: Ricardo Eletro
	URL Principal: http://www.ricardoeletro.com.br/
	URL Busca: http://www.ricardoeletro.com.br/Busca/Resultado/?q=<BUSCA>
http://www.ricardoeletro.com.br/Busca/Resultado/?q=Zelda+tri+force+heroes
		Documento Lido
		Resultados: 0
	Tempo Para buscar: 708
Loja: RiHappy
	URL Principal: http://www.rihappy.com.br/
	URL Busca: http://www.rihappy.com.br/<BUSCA>
http://www.rihappy.com.br/Zelda%20tri%20force%20heroes
		Documento Lido
		Resultados: 0
	Tempo Para buscar: 989
Loja: Saraiva
	URL Principal: http://www.saraiva.com.br/
	URL Busca: http://busca.saraiva.com.br/?q=<BUSCA>
http://busca.saraiva.com.br/?q=Zelda+tri+force+heroes
		Documento Lido
		Resultados: 45
		Nome do Produto: Star Wars - The Force Unleashed II - X360
Removi por causa de X360
			Igorando Pelo Filtro de Nome...
		Nome do Produto: Star Wars - The Force Unleashed II - Ps3
Removi por causa de PS3
			Igorando Pelo Filtro de Nome...
		Nome do Produto: Star Wars - The Force Unleashed - PS3
Removi por causa de PS3
			Igorando Pelo Filtro de Nome...
		Nome do Produto: Star Wars - The Force Unleashed - X360
Removi por causa de X360
			Igorando Pelo Filtro de Nome...
		Nome do Produto: Cabo USB Force Line 3288s Am/bm 2.0 Preto C/ 1,8m
			Igorando Pelo Filtro de Nome...
		Nome do Produto: Silent Force - Digipack
			Igorando Pelo Filtro de Nome...
		Nome do Produto: Star Wars - The Force Unleashed II - Nds
			Igorando Pelo Filtro de Nome...
		Nome do Produto: The Force Unleashed Star Wars
			Igorando Pelo Filtro de Nome...
		Nome do Produto: Skylanders Swap Force Starter Pack Wii u
Removi por causa de Wii
			Igorando Pelo Filtro de Nome...
		Nome do Produto: Notebook Dell Inspiron I14-3443-B40t Preto Processador Intel® Core? i5-5200U, 8Gb, HD 1Tb, 14" W8.1
			Igorando Pelo Filtro de Nome...
		Nome do Produto: Os Cavaleiros do Zodíaco - Alma Dos Soldados - PS4
Removi por causa de PS4
			Igorando Pelo Filtro de Nome...
		Nome do Produto: O Diário de Anne Frank - Edição Definitiva
			Igorando Pelo Filtro de Nome...
		Nome do Produto: Star Wars - Battlefront - PS4
Removi por causa de PS4
			Igorando Pelo Filtro de Nome...
		Nome do Produto: Odisseia Cósmica
			Igorando Pelo Filtro de Nome...
		Nome do Produto: Star Wars - Marcas da Guerra
			Igorando Pelo Filtro de Nome...
		Nome do Produto: Console Playstation 4 - HD 500Gb + Dualshock 4 - Oficial Sony Brasil - PS4
Removi por causa de PS4
			Igorando Pelo Filtro de Nome...
		Nome do Produto: Box - Jogos Vorazes - A Trilogia
			Igorando Pelo Filtro de Nome...
		Nome do Produto: After 5 - Depois Da Promessa
			Igorando Pelo Filtro de Nome...
		Nome do Produto: A Espada do Verão - Magnus Chase e Os Deuses de Asgard
			Igorando Pelo Filtro de Nome...
		Nome do Produto: Notebook Dell Inspiron I14-5458-A10b Branco Processador Intel® Core™ i3-4005U, 4Gb, HD 1Tb, 14" W8.1
			Igorando Pelo Filtro de Nome...
		Nome do Produto: DVD Coleção Supernatural - Temporadas Completas 1 A 10 - 59 Discos
			Igorando Pelo Filtro de Nome...
		Nome do Produto: Homem-Formiga - Blu-Ray
			Igorando Pelo Filtro de Nome...
		Nome do Produto: Os Vingadores - Mundo de Vingadores
			Igorando Pelo Filtro de Nome...
		Nome do Produto: X-Men Massacre - A Saga Completa - Vol. 1
			Igorando Pelo Filtro de Nome...
		Nome do Produto: Star Wars - Estrelas Perdidas
			Igorando Pelo Filtro de Nome...
		Nome do Produto: Lanterna Verde - Agente Laranja
			Igorando Pelo Filtro de Nome...
		Nome do Produto: Trilogia Thrawn - Star Wars Legends
			Igorando Pelo Filtro de Nome...
		Nome do Produto: Harry Potter e A Pedra Filosofal 1
			Igorando Pelo Filtro de Nome...
		Nome do Produto: O Doador de Memórias - Quando Não Há Memórias, A Liberdade É Apenas Uma Ilusão
			Igorando Pelo Filtro de Nome...
		Nome do Produto: Smartphone Motorola Moto X Force Preto 4G Tela 5.4" Android 5.1 Câmera 21Mp Dual Chip 64Gb
			Igorando Pelo Filtro de Nome...
		Nome do Produto: Super-Heróis Marvel - Guerras Secretas
			Igorando Pelo Filtro de Nome...
		Nome do Produto: Box - Trilogia Rock Star
			Igorando Pelo Filtro de Nome...
		Nome do Produto: Blu-Ray - Star Wars - A Saga Completa - 9 Discos
			Igorando Pelo Filtro de Nome...
		Nome do Produto: Para Onde Ela Foi
			Igorando Pelo Filtro de Nome...
		Nome do Produto: Ela Confiou na Vida
			Igorando Pelo Filtro de Nome...
		Nome do Produto: DVD Coleção Star Wars - A Trilogia Original - 3 Discos
			Igorando Pelo Filtro de Nome...
		Nome do Produto: After 2 - Depois da Verdade
			Igorando Pelo Filtro de Nome...
		Nome do Produto: Halo 5 - Guardians - Xbox One
Removi por causa de XBOX
			Igorando Pelo Filtro de Nome...
		Nome do Produto: After 4 - Depois da Esperança
			Igorando Pelo Filtro de Nome...
		Nome do Produto: Star Wars - o Último Comando
			Igorando Pelo Filtro de Nome...
		Nome do Produto: Box - Contos Completos Tolstói
			Igorando Pelo Filtro de Nome...
		Nome do Produto: Uma Longa Jornada
			Igorando Pelo Filtro de Nome...
		Nome do Produto: Star Wars - Battlefront - Xbox One
Removi por causa de XBOX
			Igorando Pelo Filtro de Nome...
		Nome do Produto: Diário de Um Zumbi do Minecraft - Parceiros e Rivais
			Igorando Pelo Filtro de Nome...
		Nome do Produto: O Despertar do Príncipe - Col. Deuses do Egito - Livro 1
			Igorando Pelo Filtro de Nome...
	Tempo Para buscar: 677
Loja: Shop Facil
	URL Principal: http://ww2.shopfacil.com.br/
	URL Busca: http://ww2.shopfacil.com.br/<BUSCA>
http://ww2.shopfacil.com.br/Zelda%20tri%20force%20heroes
		Documento Lido
		Resultados: 0
	Tempo Para buscar: 2815
Loja: Shop Time
	URL Principal: http://www.shoptime.com.br/
	URL Busca: http://busca.shoptime.com.br/busca.php?q=<BUSCA>
http://busca.shoptime.com.br/busca.php?q=Zelda+tri+force+heroes
		Documento Lido
		Resultados: 20
		Nome do Produto: Tábua de Passar Roupas Pluma Tri-Plus - Metaltec Aparador de Pelos Cadence Gladius TRI100-BAT Relógio Diesel Relógio Feminino Technos GL20GN/4K Social Relógio Diesel Relógio Michael Kors Relógio Michael Kors Relógio Mormaii Relógio Michael Kors Relógio Michael Kors Relógio Armani Exchange Relógio Fossil Coachman Relógio Guess Relógio Armani Exchange Relógio Fossil Breaker Relógio Guess Relógio Armani Exchange Relógio Armani Exchange Relógio Armani Exchange Relógio Guess
			Igorando Pelo Filtro de Nome...
		Nome do Produto: Tábua de Passar Roupas Pluma Tri-Plus - Metaltec Aparador de Pelos Cadence Gladius TRI100-BAT Relógio Diesel Relógio Feminino Technos GL20GN/4K Social Relógio Diesel Relógio Michael Kors Relógio Michael Kors Relógio Mormaii Relógio Michael Kors Relógio Michael Kors Relógio Armani Exchange Relógio Fossil Coachman Relógio Guess Relógio Armani Exchange Relógio Fossil Breaker Relógio Guess Relógio Armani Exchange Relógio Armani Exchange Relógio Armani Exchange Relógio Guess
			Igorando Pelo Filtro de Nome...
		Nome do Produto: Tábua de Passar Roupas Pluma Tri-Plus - Metaltec Aparador de Pelos Cadence Gladius TRI100-BAT Relógio Diesel Relógio Feminino Technos GL20GN/4K Social Relógio Diesel Relógio Michael Kors Relógio Michael Kors Relógio Mormaii Relógio Michael Kors Relógio Michael Kors Relógio Armani Exchange Relógio Fossil Coachman Relógio Guess Relógio Armani Exchange Relógio Fossil Breaker Relógio Guess Relógio Armani Exchange Relógio Armani Exchange Relógio Armani Exchange Relógio Guess
			Igorando Pelo Filtro de Nome...
		Nome do Produto: Tábua de Passar Roupas Pluma Tri-Plus - Metaltec Aparador de Pelos Cadence Gladius TRI100-BAT Relógio Diesel Relógio Feminino Technos GL20GN/4K Social Relógio Diesel Relógio Michael Kors Relógio Michael Kors Relógio Mormaii Relógio Michael Kors Relógio Michael Kors Relógio Armani Exchange Relógio Fossil Coachman Relógio Guess Relógio Armani Exchange Relógio Fossil Breaker Relógio Guess Relógio Armani Exchange Relógio Armani Exchange Relógio Armani Exchange Relógio Guess
			Igorando Pelo Filtro de Nome...
		Nome do Produto: Tábua de Passar Roupas Pluma Tri-Plus - Metaltec Aparador de Pelos Cadence Gladius TRI100-BAT Relógio Diesel Relógio Feminino Technos GL20GN/4K Social Relógio Diesel Relógio Michael Kors Relógio Michael Kors Relógio Mormaii Relógio Michael Kors Relógio Michael Kors Relógio Armani Exchange Relógio Fossil Coachman Relógio Guess Relógio Armani Exchange Relógio Fossil Breaker Relógio Guess Relógio Armani Exchange Relógio Armani Exchange Relógio Armani Exchange Relógio Guess
			Igorando Pelo Filtro de Nome...
		Nome do Produto: Tábua de Passar Roupas Pluma Tri-Plus - Metaltec Aparador de Pelos Cadence Gladius TRI100-BAT Relógio Diesel Relógio Feminino Technos GL20GN/4K Social Relógio Diesel Relógio Michael Kors Relógio Michael Kors Relógio Mormaii Relógio Michael Kors Relógio Michael Kors Relógio Armani Exchange Relógio Fossil Coachman Relógio Guess Relógio Armani Exchange Relógio Fossil Breaker Relógio Guess Relógio Armani Exchange Relógio Armani Exchange Relógio Armani Exchange Relógio Guess
			Igorando Pelo Filtro de Nome...
		Nome do Produto: Tábua de Passar Roupas Pluma Tri-Plus - Metaltec Aparador de Pelos Cadence Gladius TRI100-BAT Relógio Diesel Relógio Feminino Technos GL20GN/4K Social Relógio Diesel Relógio Michael Kors Relógio Michael Kors Relógio Mormaii Relógio Michael Kors Relógio Michael Kors Relógio Armani Exchange Relógio Fossil Coachman Relógio Guess Relógio Armani Exchange Relógio Fossil Breaker Relógio Guess Relógio Armani Exchange Relógio Armani Exchange Relógio Armani Exchange Relógio Guess
			Igorando Pelo Filtro de Nome...
		Nome do Produto: Tábua de Passar Roupas Pluma Tri-Plus - Metaltec Aparador de Pelos Cadence Gladius TRI100-BAT Relógio Diesel Relógio Feminino Technos GL20GN/4K Social Relógio Diesel Relógio Michael Kors Relógio Michael Kors Relógio Mormaii Relógio Michael Kors Relógio Michael Kors Relógio Armani Exchange Relógio Fossil Coachman Relógio Guess Relógio Armani Exchange Relógio Fossil Breaker Relógio Guess Relógio Armani Exchange Relógio Armani Exchange Relógio Armani Exchange Relógio Guess
			Igorando Pelo Filtro de Nome...
		Nome do Produto: Tábua de Passar Roupas Pluma Tri-Plus - Metaltec Aparador de Pelos Cadence Gladius TRI100-BAT Relógio Diesel Relógio Feminino Technos GL20GN/4K Social Relógio Diesel Relógio Michael Kors Relógio Michael Kors Relógio Mormaii Relógio Michael Kors Relógio Michael Kors Relógio Armani Exchange Relógio Fossil Coachman Relógio Guess Relógio Armani Exchange Relógio Fossil Breaker Relógio Guess Relógio Armani Exchange Relógio Armani Exchange Relógio Armani Exchange Relógio Guess
			Igorando Pelo Filtro de Nome...
		Nome do Produto: Tábua de Passar Roupas Pluma Tri-Plus - Metaltec Aparador de Pelos Cadence Gladius TRI100-BAT Relógio Diesel Relógio Feminino Technos GL20GN/4K Social Relógio Diesel Relógio Michael Kors Relógio Michael Kors Relógio Mormaii Relógio Michael Kors Relógio Michael Kors Relógio Armani Exchange Relógio Fossil Coachman Relógio Guess Relógio Armani Exchange Relógio Fossil Breaker Relógio Guess Relógio Armani Exchange Relógio Armani Exchange Relógio Armani Exchange Relógio Guess
			Igorando Pelo Filtro de Nome...
		Nome do Produto: Tábua de Passar Roupas Pluma Tri-Plus - Metaltec Aparador de Pelos Cadence Gladius TRI100-BAT Relógio Diesel Relógio Feminino Technos GL20GN/4K Social Relógio Diesel Relógio Michael Kors Relógio Michael Kors Relógio Mormaii Relógio Michael Kors Relógio Michael Kors Relógio Armani Exchange Relógio Fossil Coachman Relógio Guess Relógio Armani Exchange Relógio Fossil Breaker Relógio Guess Relógio Armani Exchange Relógio Armani Exchange Relógio Armani Exchange Relógio Guess
			Igorando Pelo Filtro de Nome...
		Nome do Produto: Tábua de Passar Roupas Pluma Tri-Plus - Metaltec Aparador de Pelos Cadence Gladius TRI100-BAT Relógio Diesel Relógio Feminino Technos GL20GN/4K Social Relógio Diesel Relógio Michael Kors Relógio Michael Kors Relógio Mormaii Relógio Michael Kors Relógio Michael Kors Relógio Armani Exchange Relógio Fossil Coachman Relógio Guess Relógio Armani Exchange Relógio Fossil Breaker Relógio Guess Relógio Armani Exchange Relógio Armani Exchange Relógio Armani Exchange Relógio Guess
			Igorando Pelo Filtro de Nome...
		Nome do Produto: Tábua de Passar Roupas Pluma Tri-Plus - Metaltec Aparador de Pelos Cadence Gladius TRI100-BAT Relógio Diesel Relógio Feminino Technos GL20GN/4K Social Relógio Diesel Relógio Michael Kors Relógio Michael Kors Relógio Mormaii Relógio Michael Kors Relógio Michael Kors Relógio Armani Exchange Relógio Fossil Coachman Relógio Guess Relógio Armani Exchange Relógio Fossil Breaker Relógio Guess Relógio Armani Exchange Relógio Armani Exchange Relógio Armani Exchange Relógio Guess
			Igorando Pelo Filtro de Nome...
		Nome do Produto: Tábua de Passar Roupas Pluma Tri-Plus - Metaltec Aparador de Pelos Cadence Gladius TRI100-BAT Relógio Diesel Relógio Feminino Technos GL20GN/4K Social Relógio Diesel Relógio Michael Kors Relógio Michael Kors Relógio Mormaii Relógio Michael Kors Relógio Michael Kors Relógio Armani Exchange Relógio Fossil Coachman Relógio Guess Relógio Armani Exchange Relógio Fossil Breaker Relógio Guess Relógio Armani Exchange Relógio Armani Exchange Relógio Armani Exchange Relógio Guess
			Igorando Pelo Filtro de Nome...
		Nome do Produto: Tábua de Passar Roupas Pluma Tri-Plus - Metaltec Aparador de Pelos Cadence Gladius TRI100-BAT Relógio Diesel Relógio Feminino Technos GL20GN/4K Social Relógio Diesel Relógio Michael Kors Relógio Michael Kors Relógio Mormaii Relógio Michael Kors Relógio Michael Kors Relógio Armani Exchange Relógio Fossil Coachman Relógio Guess Relógio Armani Exchange Relógio Fossil Breaker Relógio Guess Relógio Armani Exchange Relógio Armani Exchange Relógio Armani Exchange Relógio Guess
			Igorando Pelo Filtro de Nome...
		Nome do Produto: Tábua de Passar Roupas Pluma Tri-Plus - Metaltec Aparador de Pelos Cadence Gladius TRI100-BAT Relógio Diesel Relógio Feminino Technos GL20GN/4K Social Relógio Diesel Relógio Michael Kors Relógio Michael Kors Relógio Mormaii Relógio Michael Kors Relógio Michael Kors Relógio Armani Exchange Relógio Fossil Coachman Relógio Guess Relógio Armani Exchange Relógio Fossil Breaker Relógio Guess Relógio Armani Exchange Relógio Armani Exchange Relógio Armani Exchange Relógio Guess
			Igorando Pelo Filtro de Nome...
		Nome do Produto: Tábua de Passar Roupas Pluma Tri-Plus - Metaltec Aparador de Pelos Cadence Gladius TRI100-BAT Relógio Diesel Relógio Feminino Technos GL20GN/4K Social Relógio Diesel Relógio Michael Kors Relógio Michael Kors Relógio Mormaii Relógio Michael Kors Relógio Michael Kors Relógio Armani Exchange Relógio Fossil Coachman Relógio Guess Relógio Armani Exchange Relógio Fossil Breaker Relógio Guess Relógio Armani Exchange Relógio Armani Exchange Relógio Armani Exchange Relógio Guess
			Igorando Pelo Filtro de Nome...
		Nome do Produto: Tábua de Passar Roupas Pluma Tri-Plus - Metaltec Aparador de Pelos Cadence Gladius TRI100-BAT Relógio Diesel Relógio Feminino Technos GL20GN/4K Social Relógio Diesel Relógio Michael Kors Relógio Michael Kors Relógio Mormaii Relógio Michael Kors Relógio Michael Kors Relógio Armani Exchange Relógio Fossil Coachman Relógio Guess Relógio Armani Exchange Relógio Fossil Breaker Relógio Guess Relógio Armani Exchange Relógio Armani Exchange Relógio Armani Exchange Relógio Guess
			Igorando Pelo Filtro de Nome...
		Nome do Produto: Tábua de Passar Roupas Pluma Tri-Plus - Metaltec Aparador de Pelos Cadence Gladius TRI100-BAT Relógio Diesel Relógio Feminino Technos GL20GN/4K Social Relógio Diesel Relógio Michael Kors Relógio Michael Kors Relógio Mormaii Relógio Michael Kors Relógio Michael Kors Relógio Armani Exchange Relógio Fossil Coachman Relógio Guess Relógio Armani Exchange Relógio Fossil Breaker Relógio Guess Relógio Armani Exchange Relógio Armani Exchange Relógio Armani Exchange Relógio Guess
			Igorando Pelo Filtro de Nome...
		Nome do Produto: Tábua de Passar Roupas Pluma Tri-Plus - Metaltec Aparador de Pelos Cadence Gladius TRI100-BAT Relógio Diesel Relógio Feminino Technos GL20GN/4K Social Relógio Diesel Relógio Michael Kors Relógio Michael Kors Relógio Mormaii Relógio Michael Kors Relógio Michael Kors Relógio Armani Exchange Relógio Fossil Coachman Relógio Guess Relógio Armani Exchange Relógio Fossil Breaker Relógio Guess Relógio Armani Exchange Relógio Armani Exchange Relógio Armani Exchange Relógio Guess
			Igorando Pelo Filtro de Nome...
	Tempo Para buscar: 472
Loja: ShopB
	URL Principal: http://www.shopb.com.br/
	URL Busca: http://www.shopb.com.br/buscar?q=<BUSCA>
http://www.shopb.com.br/buscar?q=Zelda+tri+force+heroes
		Documento Lido
		Resultados: 0
	Tempo Para buscar: 967
Loja: Submarino
	URL Principal: http://www.submarino.com.br/
	URL Busca: http://busca.submarino.com.br/busca.php?q=<BUSCA>
http://busca.submarino.com.br/busca.php?q=Zelda+tri+force+heroes
		Documento Lido
		Resultados: 2
		Nome do Produto: Pingente - Tri Force - Zelda - Folheado A Prata
			Igorando Pelo Filtro de Nome...
		Nome do Produto: Pingente - Tri Force - Zelda - Folheado A Prata
			Igorando Pelo Filtro de Nome...
	Tempo Para buscar: 249
Loja: Walmart
	URL Principal: http://www.walmart.com.br/
	URL Busca: http://www.walmart.com.br/busca/?ft=<BUSCA>&PS=20
http://www.walmart.com.br/busca/?ft=Zelda+tri+force+heroes&PS=20
		Documento Lido
		Resultados: 1
		Nome do Produto: The Legend of Zelda Tri Force Heroes N3DS
http://www.walmart.com.br//the-legend-of-zelda-tri-force-heroes-n3ds/3629647/pr
		Acessando URL do produto.
	Tempo Para buscar: 1365
Loja: Zig Store
	URL Principal: http://www.zigstore.com.br/
	URL Busca: http://www.zigstore.com.br/pesquisa/?p=<BUSCA>
http://www.zigstore.com.br/pesquisa/?p=Zelda+tri+force+heroes
		Documento Lido
		Resultados: 4
		Nome do Produto: PS4 - Need for Speed
Removi por causa de PS4
			Igorando Pelo Filtro de Nome...
		Nome do Produto: Amiibo 30th Anniversary Mario Modern Color
			Igorando Pelo Filtro de Nome...
		Nome do Produto: PS4 - DualShock 4 Vermelho
Removi por causa de PS4
			Igorando Pelo Filtro de Nome...
		Nome do Produto: PS4 - Tomb Raider: Definitive Edition
Removi por causa de PS4
			Igorando Pelo Filtro de Nome...
	Tempo Para buscar: 650

File copied from E:\WorkSpaces\workspace estudo\lookforprices\resources\imports\css.css to E:\WorkSpaces\workspace estudo\lookforprices\reports\2015-11-28 19\css.css
File copied from E:\WorkSpaces\workspace estudo\lookforprices\resources\imports\jquery.js to E:\WorkSpaces\workspace estudo\lookforprices\reports\2015-11-28 19\jquery.js
File copied from E:\WorkSpaces\workspace estudo\lookforprices\resources\imports\scripts.js to E:\WorkSpaces\workspace estudo\lookforprices\reports\2015-11-28 19\scripts.js
Tempo total de execução: 27601
