Game: Digimon Story Cyber Sleuth
Product Name: Digimon Story Cyber Sleuth
Loja: Nintendo eShop
	URL Principal: http://www.nintendo.com/3ds/eshop
	URL Busca: http://www.nintendo.com/json/content/get/game/filter?&qterm=<BUSCA>
NintendoEShopSearch.search() http://www.nintendo.com/json/content/get/game/filter?&qterm=Digimon+Story+Cyber+Sleuth
		Documento Lido
org.json.JSONException: JSONObject["game"] not found.
	at org.json.JSONObject.get(JSONObject.java:476)
	at interfaces.search.NintendoEShopSearch.search(NintendoEShopSearch.java:37)
	at objects.Shop.searchProduct(Shop.java:33)
	at Main.generateHtmlReport(Main.java:101)
	at Main.main(Main.java:66)
	Tempo Para buscar: 967
Loja: Americanas
	URL Principal: http://www.americanas.com.br/
	URL Busca: http://busca.americanas.com.br/busca.php?q=<BUSCA>
http://busca.americanas.com.br/busca.php?q=Digimon+Story+Cyber+Sleuth
		Documento Lido
		Resultados: 0
	Tempo Para buscar: 891
Loja: Big Boy Games
	URL Principal: http://www.bigboygames.com.br/
	URL Busca: http://www.bigboygames.com.br/pesquisa/?p=<BUSCA>
http://www.bigboygames.com.br/pesquisa/?p=Digimon+Story+Cyber+Sleuth
		Documento Lido
		Resultados*: 1
		Acessando URL do produto.
	Tempo Para buscar: 1140
Loja: Balão da Informática
	URL Principal: https://www.balaodainformatica.com.br/
	URL Busca: https://www.balaodainformatica.com.br/Produtos/Buscar/?busca=<BUSCA>
https://www.balaodainformatica.com.br/Produtos/Buscar/?busca=Digimon+Story+Cyber+Sleuth
		Documento Lido
		Resultados: 2
		Nome do Produto: Controle Remoto C0828 para CCE/Cyber Grafite MXT
			Igorando Pelo Filtro de Nome...
		Nome do Produto: Alarme Positron Cyber TX290 Alarme para carros e caminhões compatível com voltagem 12 e 24 volts POSITRON
			Igorando Pelo Filtro de Nome...
	Tempo Para buscar: 901
Loja: Casas Bahia
	URL Principal: http://www.casasbahia.com.br/
	URL Busca: http://buscas.casasbahia.com.br/search?w=<BUSCA>
http://buscas.casasbahia.com.br/search?w=Digimon+Story+Cyber+Sleuth
		Documento Lido
		Resultados: 1
		Nome do Produto: 
			Igorando Pelo Filtro de Nome...
		Nome do Produto: 
			Igorando Pelo Filtro de Nome...
		Nome do Produto: 
			Igorando Pelo Filtro de Nome...
	Tempo Para buscar: 196
Loja: Extra
	URL Principal: http://www.extra.com.br/
	URL Busca: http://buscando.extra.com.br/search?w=<BUSCA>
http://buscando.extra.com.br/search?w=Digimon+Story+Cyber+Sleuth
		Documento Lido
		Resultados: 3
		Nome do Produto: 
			Igorando Pelo Filtro de Nome...
		Nome do Produto: 
			Igorando Pelo Filtro de Nome...
		Nome do Produto: 
			Igorando Pelo Filtro de Nome...
	Tempo Para buscar: 1006
Loja: E-Virtua
	URL Principal: http://www.evirtua.com.br/
	URL Busca: http://www.evirtua.com.br/Busca?search_department_id=0&SearchTerm=<BUSCA>
http://www.evirtua.com.br/Busca?search_department_id=0&SearchTerm=Digimon+Story+Cyber+Sleuth
		Documento Lido
		Resultados: 0
	Tempo Para buscar: 868
Loja: Fast Games
	URL Principal: http://www.fastgames.com.br/
	URL Busca: http://www.fastgames.com.br/loja/busca.php?loja=187970&palavra_busca=<BUSCA>
http://www.fastgames.com.br/loja/busca.php?loja=187970&palavra_busca=Digimon+Story+Cyber+Sleuth
		Documento Lido
		Resultados: 0
	Tempo Para buscar: 79
Loja: Fast Shop
	URL Principal: http://www.fastshop.com.br/loja/
	URL Busca: http://www.fastshop.com.br/webapp/wcs/stores/servlet/SearchDisplay?searchTerm=<BUSCA>&categoryId=&storeId=10151&catalogId=11052&langId=-6&pageSize=9&beginIndex=0&sType=SimpleSearch&resultCatEntryType=2&showResultsPage=true&searchSource=Q&pageView=&hotsite=fastshop
http://www.fastshop.com.br/webapp/wcs/stores/servlet/SearchDisplay?searchTerm=Digimon+Story+Cyber+Sleuth&categoryId=&storeId=10151&catalogId=11052&langId=-6&pageSize=9&beginIndex=0&sType=SimpleSearch&resultCatEntryType=2&showResultsPage=true&searchSource=Q&pageView=&hotsite=fastshop
		Documento Lido
		Resultados: 1
		Nome do Produto: 
			Igorando Pelo Filtro de Nome...
	Tempo Para buscar: 598
Loja: FNAC
	URL Principal: http://www.fnac.com.br/index.html
	URL Busca: http://busca.fnac.com.br/?busca=<BUSCA>
http://busca.fnac.com.br/?busca=Digimon+Story+Cyber+Sleuth
org.jsoup.HttpStatusException: HTTP error fetching URL. Status=500, URL=http://busca.fnac.com.br/?busca=Digimon+Story+Cyber+Sleuth
	at org.jsoup.helper.HttpConnection$Response.execute(HttpConnection.java:459)
	at org.jsoup.helper.HttpConnection$Response.execute(HttpConnection.java:434)
	at org.jsoup.helper.HttpConnection.execute(HttpConnection.java:181)
	at org.jsoup.helper.HttpConnection.get(HttpConnection.java:170)
	at comom.Util.readUrlDocument(Util.java:94)
	at interfaces.search.FNACSearch.readResults(FNACSearch.java:92)
	at interfaces.search.FNACSearch.search(FNACSearch.java:29)
	at objects.Shop.searchProduct(Shop.java:33)
	at Main.generateHtmlReport(Main.java:101)
	at Main.main(Main.java:66)
Tentando conectar Na Url de outro modo
java.io.IOException: Server returned HTTP response code: 500 for URL: http://busca.fnac.com.br/?busca=Digimon+Story+Cyber+Sleuth
	at sun.net.www.protocol.http.HttpURLConnection.getInputStream0(Unknown Source)
	at sun.net.www.protocol.http.HttpURLConnection.getInputStream(Unknown Source)
	at comom.Util.getPageBuffer(Util.java:138)
	at comom.Util.readUrl(Util.java:106)
	at comom.Util.readUrlDocument(Util.java:98)
	at interfaces.search.FNACSearch.readResults(FNACSearch.java:92)
	at interfaces.search.FNACSearch.search(FNACSearch.java:29)
	at objects.Shop.searchProduct(Shop.java:33)
	at Main.generateHtmlReport(Main.java:101)
	at Main.main(Main.java:66)
		Documento Lido
		Resultados: 0
	Tempo Para buscar: 224
Loja: Kabum
	URL Principal: http://www.kabum.com.br/
	URL Busca: http://www.kabum.com.br/cgi-local/site/listagem/listagem.cgi?string=<BUSCA>&btnG=
http://www.kabum.com.br/cgi-local/site/listagem/listagem.cgi?string=Digimon+Story+Cyber+Sleuth&btnG=
		Documento Lido
		Resultados: 0
	Tempo Para buscar: 713
Loja: Livraria Cultura
	URL Principal: http://www.livrariacultura.com.br/
	URL Busca: http://www.livrariacultura.com.br/busca?N=0&Ntt=<BUSCA>
http://www.livrariacultura.com.br/busca?N=0&Ntt=Digimon+Story+Cyber+Sleuth
		Documento Lido
		Resultados: 0
	Tempo Para buscar: 331
Loja: Magazine Luiza
	URL Principal: http://www.magazineluiza.com.br/
	URL Busca: http://www.magazineluiza.com.br/busca/<BUSCA>/
http://www.magazineluiza.com.br/busca/Digimon+Story+Cyber+Sleuth/
		Documento Lido
		Resultados: 2
		Nome do Produto: Digimon Story Cyber Sleuth para PS4 - Bandai Namco
			Igorando Pelo Filtro de Nome...
		Nome do Produto: Jogo Digimon Story Cyber Sleuth - PS4 - BANDAI NAMCO
			Igorando Pelo Filtro de Nome...
	Tempo Para buscar: 1060
Loja: Mula Games
	URL Principal: http://www.mulagames.com.br/
	URL Busca: http://www.mulagames.com.br/produtos-index/catalogo_produtos/-/-/<BUSCA>/-/-/-/-/-/
http://www.mulagames.com.br/produtos-index/catalogo_produtos/-/-/Digimon%20Story%20Cyber%20Sleuth/-/-/-/-/-/
		Documento Lido
		Resultados: 0
	Tempo Para buscar: 4792
Loja: Net Shoes
	URL Principal: http://www.netshoes.com.br/
	URL Busca: http://www.netshoes.com.br/search?Ntt=<BUSCA>
http://www.netshoes.com.br/search?Ntt=Digimon+Story+Cyber+Sleuth
		Documento Lido
		Resultados: 33
		Nome do Produto: Cyber L-Carnitine 60 Cáps - Midway
			Igorando Pelo Filtro de Nome...
		Nome do Produto: Mochila Dermiwil Toy Story Quadrinhos Carrinho
			Igorando Pelo Filtro de Nome...
		Nome do Produto: Camiseta Fakini Disney Toy Story Infantil
			Igorando Pelo Filtro de Nome...
		Nome do Produto: Tênis Toy Story Infantil
			Igorando Pelo Filtro de Nome...
		Nome do Produto: D-Ribose Cyber Creatine 260 g - Midway
			Igorando Pelo Filtro de Nome...
		Nome do Produto: Tênis Toy Story
			Igorando Pelo Filtro de Nome...
		Nome do Produto: Camiseta Toy Story Friends
			Igorando Pelo Filtro de Nome...
		Nome do Produto: D-Ribose Cyber Creatine 260 g - Midway
			Igorando Pelo Filtro de Nome...
		Nome do Produto: Mochila Dermiwil Toy Story Woody 3D
			Igorando Pelo Filtro de Nome...
		Nome do Produto: Camiseta Adidas Story D Rose
			Igorando Pelo Filtro de Nome...
		Nome do Produto: Tênis Diversão Toy Story Velcro Infantil
			Igorando Pelo Filtro de Nome...
		Nome do Produto: Bottom Jibbitz Crocs Toy Story Woody
			Igorando Pelo Filtro de Nome...
		Nome do Produto: Lancheira Dermiwil Toy Story
			Igorando Pelo Filtro de Nome...
		Nome do Produto: Camiseta Toy Story Friends
			Igorando Pelo Filtro de Nome...
		Nome do Produto: Camiseta Toy Story Friends
			Igorando Pelo Filtro de Nome...
		Nome do Produto: Tênis Diversão Toy Story Velcro Infantil
			Igorando Pelo Filtro de Nome...
		Nome do Produto: Conjunto Fakini Toy Story Infantil
			Igorando Pelo Filtro de Nome...
		Nome do Produto: Estojo Dermiwil Duplo Toy Story
			Igorando Pelo Filtro de Nome...
		Nome do Produto: Mochila Dermiwil Toy Story Brilha No Escuro
			Igorando Pelo Filtro de Nome...
		Nome do Produto: Camiseta Toy Story Buzz Lightyear
			Igorando Pelo Filtro de Nome...
		Nome do Produto: Bottom Jibbitz Crocs Toy Story Buzz Lightyear
			Igorando Pelo Filtro de Nome...
		Nome do Produto: Camiseta Toy Story Buzz Lightyear
			Igorando Pelo Filtro de Nome...
		Nome do Produto: Camiseta Toy Story Buzz Lightyear
			Igorando Pelo Filtro de Nome...
		Nome do Produto: Camiseta Fakini Disney Toy Story Infantil
			Igorando Pelo Filtro de Nome...
		Nome do Produto: Corda Topspin Cyber Blue 16L 1.30Mm Set Individual
			Igorando Pelo Filtro de Nome...
		Nome do Produto: Corda Topspin Cyber Flash 17L 1.25Mm Set Individual
			Igorando Pelo Filtro de Nome...
		Nome do Produto: Mochila Dermiwil Toy Story Blue Costas
			Igorando Pelo Filtro de Nome...
		Nome do Produto: Corda Topspin Cyber Black 17L 1.25Mm Set Individual
			Igorando Pelo Filtro de Nome...
		Nome do Produto: Lancheira Dermiwil Toy Story
			Igorando Pelo Filtro de Nome...
		Nome do Produto: Kit Cueca Toy Story Lupo 3 Peças Infantil
			Igorando Pelo Filtro de Nome...
		Nome do Produto: Tênis Diversão 2 Velcros Toy Story
			Igorando Pelo Filtro de Nome...
		Nome do Produto: Mochila de Rodinha Dermiwil Toy Story c/Brinde Infantil
			Igorando Pelo Filtro de Nome...
		Nome do Produto: Bermuda Água WG Old School Story
			Igorando Pelo Filtro de Nome...
	Tempo Para buscar: 1269
Loja: Ponto Frio
	URL Principal: http://www.pontofrio.com.br/
	URL Busca: http://search.pontofrio.com.br/search?w=<BUSCA>
http://search.pontofrio.com.br/search?w=Digimon+Story+Cyber+Sleuth
		Documento Lido
		Resultados: 1
		Nome do Produto: 
			Igorando Pelo Filtro de Nome...
		Nome do Produto: 
			Igorando Pelo Filtro de Nome...
		Nome do Produto: 
			Igorando Pelo Filtro de Nome...
		Nome do Produto: 
			Igorando Pelo Filtro de Nome...
		Nome do Produto: 
			Igorando Pelo Filtro de Nome...
		Nome do Produto: 
			Igorando Pelo Filtro de Nome...
	Tempo Para buscar: 173
Loja: Ricardo Eletro
	URL Principal: http://www.ricardoeletro.com.br/
	URL Busca: http://www.ricardoeletro.com.br/Busca/Resultado/?q=<BUSCA>
http://www.ricardoeletro.com.br/Busca/Resultado/?q=Digimon+Story+Cyber+Sleuth
		Documento Lido
		Resultados: 1
		Nome do Produto: Jogo Digimon Story: Cyber Sleuth para Playstation 4 (PS4) - Bandai Namco
			Igorando Pelo Filtro de Nome...
	Tempo Para buscar: 100
Loja: RiHappy
	URL Principal: http://www.rihappy.com.br/
	URL Busca: http://www.rihappy.com.br/<BUSCA>
http://www.rihappy.com.br/Digimon%20Story%20Cyber%20Sleuth
		Documento Lido
		Resultados: 0
	Tempo Para buscar: 1611
Loja: Saraiva
	URL Principal: http://www.saraiva.com.br/
	URL Busca: http://busca.saraiva.com.br/?q=<BUSCA>
http://busca.saraiva.com.br/?q=Digimon+Story+Cyber+Sleuth
		Documento Lido
		Resultados: 1
		Nome do Produto: Digimon Story Cyber Sleuth - PS4
			Igorando Pelo Filtro de Nome...
	Tempo Para buscar: 177
Loja: Shop Facil
	URL Principal: http://ww2.shopfacil.com.br/
	URL Busca: http://ww2.shopfacil.com.br/<BUSCA>
http://ww2.shopfacil.com.br/Digimon%20Story%20Cyber%20Sleuth
		Documento Lido
		Resultados: 2
		Nome do Produto: Jogo Digimon Story- Cyber Sleuth - PS4
			Igorando Pelo Filtro de Nome...
		Nome do Produto: Digimon Story Cyber Sleuth p/ PS4 - Bandai Namco
			Igorando Pelo Filtro de Nome...
	Tempo Para buscar: 1294
Loja: Shop Time
	URL Principal: http://www.shoptime.com.br/
	URL Busca: http://busca.shoptime.com.br/busca.php?q=<BUSCA>
http://busca.shoptime.com.br/busca.php?q=Digimon+Story+Cyber+Sleuth
		Documento Lido
		Resultados: 0
	Tempo Para buscar: 234
Loja: ShopB
	URL Principal: http://www.shopb.com.br/
	URL Busca: http://www.shopb.com.br/buscar?q=<BUSCA>
http://www.shopb.com.br/buscar?q=Digimon+Story+Cyber+Sleuth
		Documento Lido
		Resultados: 1
		Nome do Produto: Jogo Digimon Story: Cyber Sleuth - PS4
			Igorando Pelo Filtro de Nome...
	Tempo Para buscar: 861
Loja: Submarino
	URL Principal: http://www.submarino.com.br/
	URL Busca: http://busca.submarino.com.br/busca.php?q=<BUSCA>
http://busca.submarino.com.br/busca.php?q=Digimon+Story+Cyber+Sleuth
		Documento Lido
		Resultados: 0
	Tempo Para buscar: 581
Loja: Walmart
	URL Principal: http://www.walmart.com.br/
	URL Busca: http://www.walmart.com.br/busca/?ft=<BUSCA>&PS=20
http://www.walmart.com.br/busca/?ft=Digimon+Story+Cyber+Sleuth&PS=20
		Documento Lido
		Resultados: 0
	Tempo Para buscar: 514
Loja: Zig Store
	URL Principal: http://www.zigstore.com.br/
	URL Busca: http://www.zigstore.com.br/pesquisa/?p=<BUSCA>
http://www.zigstore.com.br/pesquisa/?p=Digimon+Story+Cyber+Sleuth
		Documento Lido
		Resultados: 4
		Nome do Produto: PS4 - Naruto Shippuden: Ultimate Ninja Storm 4
			Igorando Pelo Filtro de Nome...
		Nome do Produto: 3DS - Pokémon Sun
			Igorando Pelo Filtro de Nome...
		Nome do Produto: Xbox 360 - Grand Theft Auto: San Andreas
			Igorando Pelo Filtro de Nome...
		Nome do Produto: 3DS - Luigis Mansion: Dark Moon
			Igorando Pelo Filtro de Nome...
	Tempo Para buscar: 645

File copied from E:\WorkSpaces\workspace estudo\lookforprices\resources\imports\css.css to E:\WorkSpaces\workspace estudo\lookforprices\reports\2017-01-02 05\css.css
File copied from E:\WorkSpaces\workspace estudo\lookforprices\resources\imports\jquery.js to E:\WorkSpaces\workspace estudo\lookforprices\reports\2017-01-02 05\jquery.js
File copied from E:\WorkSpaces\workspace estudo\lookforprices\resources\imports\scripts.js to E:\WorkSpaces\workspace estudo\lookforprices\reports\2017-01-02 05\scripts.js
Tempo total de execução: 21262
