Game: kid Icarus Uprising
Product Name: kid Icarus Uprising
Loja: Nintendo eShop
	URL Principal: http://www.nintendo.com/3ds/eshop
	URL Busca: http://www.nintendo.com/json/content/get/game/filter?&qterm=<BUSCA>
NintendoEShopSearch.search() http://www.nintendo.com/json/content/get/game/filter?&qterm=kid+Icarus+Uprising
		Documento Lido
		Resultados: 1
		Nome do Produto: Kid Icarus: Uprising
http://www.nintendo.com/games/detail/leoRNk4z_ui0yblzMlCVz6Wy9jGb5qSq
		Acessando URL do produto.
URL = http://www.nintendo.com/games/detail/leoRNk4z_ui0yblzMlCVz6Wy9jGb5qSq
	Tempo Para buscar: 683
Loja: Americanas
	URL Principal: http://www.americanas.com.br/
	URL Busca: http://busca.americanas.com.br/busca.php?q=<BUSCA>
http://busca.americanas.com.br/busca.php?q=kid+Icarus+Uprising
		Documento Lido
		Resultados: 30
		Nome do Produto: Kids Chef Pik Raspadinha Multikids
			Igorando Pelo Filtro de Nome...
		Nome do Produto: Game Zumba Kids Maj - XBOX 360
			Igorando Pelo Filtro de Nome...
		Nome do Produto: Kids Chef Sorveteria Multikids
			Igorando Pelo Filtro de Nome...
		Nome do Produto: Tablet Multilaser Kid Pad NB 194 Quad Core 8GB Tela 7"...
			Igorando Pelo Filtro de Nome...
		Nome do Produto: Bicicleta Verden Aro 16 Kids Amarela
			Igorando Pelo Filtro de Nome...
		Nome do Produto: Pula-Pula Bestway Play Center Kids
			Igorando Pelo Filtro de Nome...
		Nome do Produto: Kids Chef Frosty Fruit - Multikids
			Igorando Pelo Filtro de Nome...
		Nome do Produto: Microondas Philco PMS24 20 Litros com Tecla Kids Branco
			Igorando Pelo Filtro de Nome...
		Nome do Produto: Centopéia Colorida K´S Kids
			Igorando Pelo Filtro de Nome...
		Nome do Produto: Cama Elástica Quadrada 1m Multicolorida Henri Kids
			Igorando Pelo Filtro de Nome...
		Nome do Produto: Cama Elástica Quadrada Dino Henri Kids
			Igorando Pelo Filtro de Nome...
		Nome do Produto: Colecao Happy Kids
			Igorando Pelo Filtro de Nome...
		Nome do Produto: 3 Kids Dreamin
			Igorando Pelo Filtro de Nome...
		Nome do Produto: Cama Elástica Triangular Joaninha Henri Kids
			Igorando Pelo Filtro de Nome...
		Nome do Produto: Toalha Com Capuz Kids Mommy Bear Creme Grow Up
			Igorando Pelo Filtro de Nome...
		Nome do Produto: Yesterdays Rain --- A Kids G
			Igorando Pelo Filtro de Nome...
		Nome do Produto: The Zodiac For Kids
			Igorando Pelo Filtro de Nome...
		Nome do Produto: Moving Journal For Kids
			Igorando Pelo Filtro de Nome...
		Nome do Produto: Raising High Achieving Kids
			Igorando Pelo Filtro de Nome...
		Nome do Produto: Kona Forevermore--A Kids Guid
			Igorando Pelo Filtro de Nome...
		Nome do Produto: Hungry Hearted Kids
			Igorando Pelo Filtro de Nome...
		Nome do Produto: Speedy Kids Coloring Book
			Igorando Pelo Filtro de Nome...
		Nome do Produto: 365 Silly Jokes For Kids
			Igorando Pelo Filtro de Nome...
		Nome do Produto: Speedy Kids Livre De Coloriage
			Igorando Pelo Filtro de Nome...
		Nome do Produto: Kids Coloring Book
			Igorando Pelo Filtro de Nome...
		Nome do Produto: Kids These Days
			Igorando Pelo Filtro de Nome...
		Nome do Produto: Activity Book For Kids
			Igorando Pelo Filtro de Nome...
		Nome do Produto: Puzzle Book For Kids
			Igorando Pelo Filtro de Nome...
		Nome do Produto: Crossword Puzzles For Kids
			Igorando Pelo Filtro de Nome...
		Nome do Produto: Everything Kids Coloring Book
			Igorando Pelo Filtro de Nome...
	Tempo Para buscar: 819
Loja: Big Boy Games
	URL Principal: http://www.bigboygames.com.br/
	URL Busca: http://www.bigboygames.com.br/pesquisa/?p=<BUSCA>
http://www.bigboygames.com.br/pesquisa/?p=kid+Icarus+Uprising
		Documento Lido
		Resultados: 2
		Nome do Produto: 3DS - Kid Icarus: Uprising [Incluí 3DS stand] - USADO
http://www.bigboygames.com.br/3ds-kid-icarus-uprising-inclui-3ds-stand-usado-p7510/
		Acessando URL do produto.
		Nome do Produto: 3DS - Kid Icarus: Uprising [Incluí 3DS stand]
http://www.bigboygames.com.br/3ds-kid-icarus-uprising-inclui-3ds-stand-p3748/
		Acessando URL do produto.
	Tempo Para buscar: 1631
Loja: Balão da Informática
	URL Principal: https://www.balaodainformatica.com.br/
	URL Busca: https://www.balaodainformatica.com.br/Produtos/Buscar/?busca=<BUSCA>
https://www.balaodainformatica.com.br/Produtos/Buscar/?busca=kid+Icarus+Uprising
		Documento Lido
		Resultados: 0
	Tempo Para buscar: 309
Loja: Casas Bahia
	URL Principal: http://www.casasbahia.com.br/
	URL Busca: http://buscas.casasbahia.com.br/search?w=<BUSCA>
http://buscas.casasbahia.com.br/search?w=kid+Icarus+Uprising
		Documento Lido
		Resultados: 1
		Nome do Produto: Uller Uprising
			Igorando Pelo Filtro de Nome...
		Nome do Produto: Uprising at Bowling Green
			Igorando Pelo Filtro de Nome...
		Nome do Produto: Indian Uprising of 1857-8
			Igorando Pelo Filtro de Nome...
		Nome do Produto: Voo De Icarus, O
			Igorando Pelo Filtro de Nome...
		Nome do Produto: The Wings of Icarus
			Igorando Pelo Filtro de Nome...
		Nome do Produto: Daughters of Icarus
			Igorando Pelo Filtro de Nome...
		Nome do Produto: Uprising in East Germany, 1953
			Igorando Pelo Filtro de Nome...
		Nome do Produto: Gaveteiro Kid
			Igorando Pelo Filtro de Nome...
		Nome do Produto: Boat Kid
			Igorando Pelo Filtro de Nome...
		Nome do Produto: Preacher`s Kid
			Igorando Pelo Filtro de Nome...
		Nome do Produto: Kid`s Toys
			Igorando Pelo Filtro de Nome...
		Nome do Produto: Blucher and the Uprising of Prussia Against Napoleon
			Igorando Pelo Filtro de Nome...
		Nome do Produto: Livro - Hot Kid
			Igorando Pelo Filtro de Nome...
		Nome do Produto: Triciclo Kid Cross Bandeirante
			Igorando Pelo Filtro de Nome...
		Nome do Produto: A Kid from Pittsburgh
			Igorando Pelo Filtro de Nome...
		Nome do Produto: Kid Cross Brinquedos Bandeirantes
			Igorando Pelo Filtro de Nome...
		Nome do Produto: The Raisin Bread Kid
			Igorando Pelo Filtro de Nome...
		Nome do Produto: Never a Kid
			Igorando Pelo Filtro de Nome...
		Nome do Produto: Still a Kid!
			Igorando Pelo Filtro de Nome...
		Nome do Produto: The Comeback Kid
			Igorando Pelo Filtro de Nome...
	Tempo Para buscar: 881
Loja: Extra
	URL Principal: http://www.extra.com.br/
	URL Busca: http://buscando.extra.com.br/search?w=<BUSCA>
http://buscando.extra.com.br/search?w=kid+Icarus+Uprising
		Documento Lido
		Resultados: 12
		Nome do Produto: Uller Uprising
			Igorando Pelo Filtro de Nome...
		Nome do Produto: Uprising at Bowling Green
			Igorando Pelo Filtro de Nome...
		Nome do Produto: Indian Uprising of 1857-8
			Igorando Pelo Filtro de Nome...
		Nome do Produto: Voo De Icarus, O
			Igorando Pelo Filtro de Nome...
		Nome do Produto: Daughters of Icarus
			Igorando Pelo Filtro de Nome...
		Nome do Produto: The Wings of Icarus
			Igorando Pelo Filtro de Nome...
		Nome do Produto: Uprising in East Germany, 1953
			Igorando Pelo Filtro de Nome...
		Nome do Produto: Gaveteiro Kid
			Igorando Pelo Filtro de Nome...
		Nome do Produto: Preacher`s Kid
			Igorando Pelo Filtro de Nome...
		Nome do Produto: Boat Kid
			Igorando Pelo Filtro de Nome...
		Nome do Produto: Kid`s Toys
			Igorando Pelo Filtro de Nome...
		Nome do Produto: Blucher and the Uprising of Prussia Against Napoleon
			Igorando Pelo Filtro de Nome...
	Tempo Para buscar: 1015
Loja: E-Virtua
	URL Principal: http://www.evirtua.com.br/
	URL Busca: http://www.evirtua.com.br/Busca?search_department_id=0&SearchTerm=<BUSCA>
http://www.evirtua.com.br/Busca?search_department_id=0&SearchTerm=kid+Icarus+Uprising
		Documento Lido
		Resultados: 0
	Tempo Para buscar: 240
Loja: Fast Games
	URL Principal: http://www.fastgames.com.br/
	URL Busca: http://www.fastgames.com.br/loja/busca.php?loja=187970&palavra_busca=<BUSCA>
http://www.fastgames.com.br/loja/busca.php?loja=187970&palavra_busca=kid+Icarus+Uprising
		Documento Lido
		Resultados: 0
	Tempo Para buscar: 501
Loja: Fast Shop
	URL Principal: http://www.fastshop.com.br/loja/
	URL Busca: http://www.fastshop.com.br/webapp/wcs/stores/servlet/SearchDisplay?searchTerm=<BUSCA>&categoryId=&storeId=10151&catalogId=11052&langId=-6&pageSize=9&beginIndex=0&sType=SimpleSearch&resultCatEntryType=2&showResultsPage=true&searchSource=Q&pageView=&hotsite=fastshop
http://www.fastshop.com.br/webapp/wcs/stores/servlet/SearchDisplay?searchTerm=kid+Icarus+Uprising&categoryId=&storeId=10151&catalogId=11052&langId=-6&pageSize=9&beginIndex=0&sType=SimpleSearch&resultCatEntryType=2&showResultsPage=true&searchSource=Q&pageView=&hotsite=fastshop
		Documento Lido
		Resultados: 1
		Nome do Produto: 
			Igorando Pelo Filtro de Nome...
		Nome do Produto: 
			Igorando Pelo Filtro de Nome...
	Tempo Para buscar: 628
Loja: FNAC
	URL Principal: http://www.fnac.com.br/index.html
	URL Busca: http://busca.fnac.com.br/?busca=<BUSCA>
http://busca.fnac.com.br/?busca=kid+Icarus+Uprising
		Documento Lido
		Resultados: 0
	Tempo Para buscar: 1029
Loja: Kabum
	URL Principal: http://www.kabum.com.br/
	URL Busca: http://www.kabum.com.br/cgi-local/site/listagem/listagem.cgi?string=<BUSCA>&btnG=
http://www.kabum.com.br/cgi-local/site/listagem/listagem.cgi?string=kid+Icarus+Uprising&btnG=
		Documento Lido
		Resultados: 0
	Tempo Para buscar: 556
Loja: Livraria Cultura
	URL Principal: http://www.livrariacultura.com.br/
	URL Busca: http://www.livrariacultura.com.br/busca?N=0&Ntt=<BUSCA>
http://www.livrariacultura.com.br/busca?N=0&Ntt=kid+Icarus+Uprising
		Documento Lido
		Resultados: 1
		Nome do Produto: KID ICARUS UPRISING (3DS)
http://www.livrariacultura.com.br/p/kid-icarus-uprising-3ds-29508718
		Acessando URL do produto.
	Tempo Para buscar: 565
Loja: Magazine Luiza
	URL Principal: http://www.magazineluiza.com.br/
	URL Busca: http://www.magazineluiza.com.br/busca/<BUSCA>/
http://www.magazineluiza.com.br/busca/kid+Icarus+Uprising/
		Documento Lido
		Resultados: 10
		Nome do Produto: Kid Pad Boy - Beeme Toys
			Igorando Pelo Filtro de Nome...
		Nome do Produto: Kid Pad Girl - Beeme Toys
			Igorando Pelo Filtro de Nome...
		Nome do Produto: Tablet Multilaser Kid Pad 8GB Tela 7 3G Wi-Fi - Android 4.4 Proc. Quad Core Câm. 2MP + Frontal
			Igorando Pelo Filtro de Nome...
		Nome do Produto: Tablet Multilaser Kid Pad 8GB Tela 7 Wi-Fi - Android 4.4 Proc. Quad Core Câm. 2MP + Frontal
			Igorando Pelo Filtro de Nome...
		Nome do Produto: Triciclo Kid Cross Rosa - Bandeirante
			Igorando Pelo Filtro de Nome...
		Nome do Produto: Triciclo Kid Cross Azul - Bandeirante
			Igorando Pelo Filtro de Nome...
		Nome do Produto: Triciclo Infantil Kid Cross Passeio - Bandeirante
			Igorando Pelo Filtro de Nome...
		Nome do Produto: Triciclo Infantil Kid Cross Passeio - Bandeirante
			Igorando Pelo Filtro de Nome...
		Nome do Produto: Quadriciclo Elétrico Kid Passeio - Bandeirante
			Igorando Pelo Filtro de Nome...
		Nome do Produto: Quadriciclo Elétrico Kid Passeio - Bandeirante
			Igorando Pelo Filtro de Nome...
	Tempo Para buscar: 1104
Loja: Mula Games
	URL Principal: http://www.mulagames.com.br/
	URL Busca: http://www.mulagames.com.br/produtos-index/catalogo_produtos/-/-/<BUSCA>/-/-/-/-/-/
http://www.mulagames.com.br/produtos-index/catalogo_produtos/-/-/kid%20Icarus%20Uprising/-/-/-/-/-/
		Documento Lido
		Resultados: 1
		Nome do Produto: Kid Icarus: Uprising (com 3DS Stand e 6 Battle Cards) - 3DS
http://www.mulagames.com.br/Kid-Icarus--Uprising--com-3DS-Stand-e-6-Battle-Cards--3DS/prod-557226/
		Acessando URL do produto.
http://www.mulagames.com.br/produto-ajax_retorna_dados_preco_comprar/557226
		Acessando URL do preço produto.
	Tempo Para buscar: 1983
Loja: Net Shoes
	URL Principal: http://www.netshoes.com.br/
	URL Busca: http://www.netshoes.com.br/search?Ntt=<BUSCA>
http://www.netshoes.com.br/search?Ntt=kid+Icarus+Uprising
		Documento Lido
		Resultados: 1
		Nome do Produto: Protetor de Ouvido de Silicone Kid's ClearPassage - 6 pares
			Igorando Pelo Filtro de Nome...
	Tempo Para buscar: 1832
Loja: Ponto Frio
	URL Principal: http://www.pontofrio.com.br/
	URL Busca: http://search.pontofrio.com.br/search?w=<BUSCA>
http://search.pontofrio.com.br/search?w=kid+Icarus+Uprising
		Documento Lido
		Resultados: 1
		Nome do Produto: Uller Uprising
			Igorando Pelo Filtro de Nome...
		Nome do Produto: Uprising at Bowling Green
			Igorando Pelo Filtro de Nome...
		Nome do Produto: Indian Uprising of 1857-8
			Igorando Pelo Filtro de Nome...
		Nome do Produto: Voo De Icarus, O
			Igorando Pelo Filtro de Nome...
		Nome do Produto: The Wings of Icarus
			Igorando Pelo Filtro de Nome...
		Nome do Produto: Daughters of Icarus
			Igorando Pelo Filtro de Nome...
		Nome do Produto: Uprising in East Germany, 1953
			Igorando Pelo Filtro de Nome...
		Nome do Produto: Gaveteiro Kid
			Igorando Pelo Filtro de Nome...
		Nome do Produto: Boat Kid
			Igorando Pelo Filtro de Nome...
		Nome do Produto: Preacher`s Kid
			Igorando Pelo Filtro de Nome...
		Nome do Produto: Kid`s Toys
			Igorando Pelo Filtro de Nome...
		Nome do Produto: Blucher and the Uprising of Prussia Against Napoleon
			Igorando Pelo Filtro de Nome...
		Nome do Produto: A Kid from Pittsburgh
			Igorando Pelo Filtro de Nome...
		Nome do Produto: Kid Cross Brinquedos Bandeirantes
			Igorando Pelo Filtro de Nome...
		Nome do Produto: The Raisin Bread Kid
			Igorando Pelo Filtro de Nome...
		Nome do Produto: Livro - Hot Kid
			Igorando Pelo Filtro de Nome...
		Nome do Produto: Never a Kid
			Igorando Pelo Filtro de Nome...
		Nome do Produto: The Comeback Kid
			Igorando Pelo Filtro de Nome...
		Nome do Produto: Still a Kid!
			Igorando Pelo Filtro de Nome...
		Nome do Produto: Kid in Chief
			Igorando Pelo Filtro de Nome...
		Nome do Produto: Uller Uprising
			Igorando Pelo Filtro de Nome...
		Nome do Produto: Uprising at Bowling Green
			Igorando Pelo Filtro de Nome...
		Nome do Produto: Indian Uprising of 1857-8
			Igorando Pelo Filtro de Nome...
		Nome do Produto: Voo De Icarus, O
			Igorando Pelo Filtro de Nome...
		Nome do Produto: The Wings of Icarus
			Igorando Pelo Filtro de Nome...
		Nome do Produto: Daughters of Icarus
			Igorando Pelo Filtro de Nome...
		Nome do Produto: Uprising in East Germany, 1953
			Igorando Pelo Filtro de Nome...
		Nome do Produto: Gaveteiro Kid
			Igorando Pelo Filtro de Nome...
		Nome do Produto: Boat Kid
			Igorando Pelo Filtro de Nome...
		Nome do Produto: Preacher`s Kid
			Igorando Pelo Filtro de Nome...
		Nome do Produto: Kid`s Toys
			Igorando Pelo Filtro de Nome...
		Nome do Produto: Blucher and the Uprising of Prussia Against Napoleon
			Igorando Pelo Filtro de Nome...
		Nome do Produto: A Kid from Pittsburgh
			Igorando Pelo Filtro de Nome...
		Nome do Produto: Kid Cross Brinquedos Bandeirantes
			Igorando Pelo Filtro de Nome...
		Nome do Produto: The Raisin Bread Kid
			Igorando Pelo Filtro de Nome...
		Nome do Produto: Livro - Hot Kid
			Igorando Pelo Filtro de Nome...
		Nome do Produto: Never a Kid
			Igorando Pelo Filtro de Nome...
		Nome do Produto: The Comeback Kid
			Igorando Pelo Filtro de Nome...
		Nome do Produto: Still a Kid!
			Igorando Pelo Filtro de Nome...
		Nome do Produto: Kid in Chief
			Igorando Pelo Filtro de Nome...
	Tempo Para buscar: 587
Loja: Ricardo Eletro
	URL Principal: http://www.ricardoeletro.com.br/
	URL Busca: http://www.ricardoeletro.com.br/Busca/Resultado/?q=<BUSCA>
http://www.ricardoeletro.com.br/Busca/Resultado/?q=kid+Icarus+Uprising
		Documento Lido
		Resultados: 0
	Tempo Para buscar: 735
Loja: RiHappy
	URL Principal: http://www.rihappy.com.br/
	URL Busca: http://www.rihappy.com.br/<BUSCA>
http://www.rihappy.com.br/kid%20Icarus%20Uprising
		Documento Lido
		Resultados: 0
	Tempo Para buscar: 750
Loja: Saraiva
	URL Principal: http://www.saraiva.com.br/
	URL Busca: http://busca.saraiva.com.br/?q=<BUSCA>
http://busca.saraiva.com.br/?q=kid+Icarus+Uprising
		Documento Lido
		Resultados: 45
		Nome do Produto: Kids´ Web 1 - Livro do Aluno - 2ª Ed. 2014 + DVD-ROM + CD Áudio
			Igorando Pelo Filtro de Nome...
		Nome do Produto: Kids´ Web 3 - Livro do Aluno - 2ª Ed. 2014 + DVD-ROM + CD Áudio
			Igorando Pelo Filtro de Nome...
		Nome do Produto: Kids´ Web 2 - Livro do Aluno - 2ª Ed. 2014 + DVD-ROM + CD Áudio
			Igorando Pelo Filtro de Nome...
		Nome do Produto: Kids´ Web 4 - Livro do Aluno - 2ª Ed. 2014 + DVD-ROM + CD Áudio
			Igorando Pelo Filtro de Nome...
		Nome do Produto: Karatê Kid II - A Hora da Verdade Continua - Blu-ray
			Igorando Pelo Filtro de Nome...
		Nome do Produto: Kids´ Web 2 - Livro do Aluno - 1ª Ed. 2010
			Igorando Pelo Filtro de Nome...
		Nome do Produto: Kid Vinil - Um Herói do Brasil
			Igorando Pelo Filtro de Nome...
		Nome do Produto: Karate Kid - DVD
			Igorando Pelo Filtro de Nome...
		Nome do Produto: Karatê Kid - A Hora da Verdade - DVD
			Igorando Pelo Filtro de Nome...
		Nome do Produto: Karate Kid - Blu-Ray
			Igorando Pelo Filtro de Nome...
		Nome do Produto: Halo Uprising
			Igorando Pelo Filtro de Nome...
		Nome do Produto: Bob Marley - Uprising Live! - DVD + 2 CDs
			Igorando Pelo Filtro de Nome...
		Nome do Produto: O Lado mais Sombrio
			Igorando Pelo Filtro de Nome...
		Nome do Produto: Cinema Disney
			Igorando Pelo Filtro de Nome...
		Nome do Produto: John Green Collection
			Igorando Pelo Filtro de Nome...
		Nome do Produto: Fangirl – Exclusive Collector´s Edition
			Igorando Pelo Filtro de Nome...
		Nome do Produto: DVD Arrow - 3ª Temporada - 5 Discos
			Igorando Pelo Filtro de Nome...
		Nome do Produto: Magnus Chase And The Sword Of Summer - The Gods Of Asgard 1
			Igorando Pelo Filtro de Nome...
		Nome do Produto: Tilda's Toy Box - Sewing Patterns For Soft Toys And More From The Magical World Of Tilda
			Igorando Pelo Filtro de Nome...
		Nome do Produto: Pes 2015 - Pro Evolution Soccer - Xbox One
			Igorando Pelo Filtro de Nome...
		Nome do Produto: Percy Jackson And The Olympians Hardcover Boxed Set
			Igorando Pelo Filtro de Nome...
		Nome do Produto: Blu-Ray Coleção Rambo - Ultimate Edition - 3 Discos
			Igorando Pelo Filtro de Nome...
		Nome do Produto: Justin Bieber - First Step 2 Forever
			Igorando Pelo Filtro de Nome...
		Nome do Produto: Joyland
			Igorando Pelo Filtro de Nome...
		Nome do Produto: Breathe
			Igorando Pelo Filtro de Nome...
		Nome do Produto: Descendants - Junior Novel
			Igorando Pelo Filtro de Nome...
		Nome do Produto: Top 100 Movie Hits - Box Com 5 DVDs
			Igorando Pelo Filtro de Nome...
		Nome do Produto: DVD Coleção Clint Eastwood - 3 Discos - Exclusivo
			Igorando Pelo Filtro de Nome...
		Nome do Produto: Bita e Os Animais - DVD
			Igorando Pelo Filtro de Nome...
		Nome do Produto: Diary Of A Wimpy Kid 10 – Old School
			Igorando Pelo Filtro de Nome...
		Nome do Produto: Landline
			Igorando Pelo Filtro de Nome...
		Nome do Produto: 5 Seconds Of Summer - Live Sos
			Igorando Pelo Filtro de Nome...
		Nome do Produto: Talking Dreams
			Igorando Pelo Filtro de Nome...
		Nome do Produto: Discoteca Básica - 100 Personalidades e Seus 10 Discos Favoritos
			Igorando Pelo Filtro de Nome...
		Nome do Produto: It's Kind Of A Funny Story
			Igorando Pelo Filtro de Nome...
		Nome do Produto: John Mayer - Box Com 5 CDs - Digipack
			Igorando Pelo Filtro de Nome...
		Nome do Produto: Top 100 Hits - Disco & Dance - 5 DVDs - Exclusivo
			Igorando Pelo Filtro de Nome...
		Nome do Produto: A Pequena Sereia - A Caça ao Tesouro de Ariel - Livro Play-A-Sound
			Igorando Pelo Filtro de Nome...
		Nome do Produto: Wild Cards - Apostas Mortais - Livro 3
			Igorando Pelo Filtro de Nome...
		Nome do Produto: Toy Story Buzz Lightyear - Egg Attack
			Igorando Pelo Filtro de Nome...
		Nome do Produto: Wonder
			Igorando Pelo Filtro de Nome...
		Nome do Produto: Flashpoint- The World Of Flashpoint Featuring The Flash
			Igorando Pelo Filtro de Nome...
		Nome do Produto: The Best Of - Rock & Roll Hall Of Fame - 2 DVDs - Exclusivo
			Igorando Pelo Filtro de Nome...
		Nome do Produto: The Fault In Our Stars
			Igorando Pelo Filtro de Nome...
		Nome do Produto: Mindset
			Igorando Pelo Filtro de Nome...
	Tempo Para buscar: 288
Loja: Shop Facil
	URL Principal: http://ww2.shopfacil.com.br/
	URL Busca: http://ww2.shopfacil.com.br/<BUSCA>
http://ww2.shopfacil.com.br/kid%20Icarus%20Uprising
		Documento Lido
		Resultados: 1
		Nome do Produto: Jogo Nintendo 3DS - Kid Icarus Uprising
http://ww2.shopfacil.com.br/jogo-nintendo-3ds---kid-icarus-uprising-2196974/p
		Acessando URL do produto.
	Tempo Para buscar: 2929
Loja: Shop Time
	URL Principal: http://www.shoptime.com.br/
	URL Busca: http://busca.shoptime.com.br/busca.php?q=<BUSCA>
http://busca.shoptime.com.br/busca.php?q=kid+Icarus+Uprising
		Documento Lido
		Resultados: 20
		Nome do Produto: Microondas Philco PMS24 20 Litros com Tecla Kids Branco Centopéia Colorida K´S Kids Kit De Massinha 1 Art Kids Acrilex Kit De Massinha 6 Art Kids Acrilex Kit De Massinha 5 Art Kids Da Acrilex Kit De Massinha 3 Art Kids Acrilex Kit De Massinha 4 Art Kids Da Acrilex Cama Elástica Quadrada Dino Henri Kids Kids Play Reindeer Mermaids, A Kids G Toalha Com Capuz Kids Mommy Bear Creme Grow Up Yesterdays Rain --- A Kids G The Compton Kids The Zodiac For Kids Moving Journal For Kids Raising High Achieving Kids Kona Forevermore--A Kids Guid Hungry Hearted Kids Speedy Kids Coloring Book 365 Silly Jokes For Kids
			Igorando Pelo Filtro de Nome...
		Nome do Produto: Microondas Philco PMS24 20 Litros com Tecla Kids Branco Centopéia Colorida K´S Kids Kit De Massinha 1 Art Kids Acrilex Kit De Massinha 6 Art Kids Acrilex Kit De Massinha 5 Art Kids Da Acrilex Kit De Massinha 3 Art Kids Acrilex Kit De Massinha 4 Art Kids Da Acrilex Cama Elástica Quadrada Dino Henri Kids Kids Play Reindeer Mermaids, A Kids G Toalha Com Capuz Kids Mommy Bear Creme Grow Up Yesterdays Rain --- A Kids G The Compton Kids The Zodiac For Kids Moving Journal For Kids Raising High Achieving Kids Kona Forevermore--A Kids Guid Hungry Hearted Kids Speedy Kids Coloring Book 365 Silly Jokes For Kids
			Igorando Pelo Filtro de Nome...
		Nome do Produto: Microondas Philco PMS24 20 Litros com Tecla Kids Branco Centopéia Colorida K´S Kids Kit De Massinha 1 Art Kids Acrilex Kit De Massinha 6 Art Kids Acrilex Kit De Massinha 5 Art Kids Da Acrilex Kit De Massinha 3 Art Kids Acrilex Kit De Massinha 4 Art Kids Da Acrilex Cama Elástica Quadrada Dino Henri Kids Kids Play Reindeer Mermaids, A Kids G Toalha Com Capuz Kids Mommy Bear Creme Grow Up Yesterdays Rain --- A Kids G The Compton Kids The Zodiac For Kids Moving Journal For Kids Raising High Achieving Kids Kona Forevermore--A Kids Guid Hungry Hearted Kids Speedy Kids Coloring Book 365 Silly Jokes For Kids
			Igorando Pelo Filtro de Nome...
		Nome do Produto: Microondas Philco PMS24 20 Litros com Tecla Kids Branco Centopéia Colorida K´S Kids Kit De Massinha 1 Art Kids Acrilex Kit De Massinha 6 Art Kids Acrilex Kit De Massinha 5 Art Kids Da Acrilex Kit De Massinha 3 Art Kids Acrilex Kit De Massinha 4 Art Kids Da Acrilex Cama Elástica Quadrada Dino Henri Kids Kids Play Reindeer Mermaids, A Kids G Toalha Com Capuz Kids Mommy Bear Creme Grow Up Yesterdays Rain --- A Kids G The Compton Kids The Zodiac For Kids Moving Journal For Kids Raising High Achieving Kids Kona Forevermore--A Kids Guid Hungry Hearted Kids Speedy Kids Coloring Book 365 Silly Jokes For Kids
			Igorando Pelo Filtro de Nome...
		Nome do Produto: Microondas Philco PMS24 20 Litros com Tecla Kids Branco Centopéia Colorida K´S Kids Kit De Massinha 1 Art Kids Acrilex Kit De Massinha 6 Art Kids Acrilex Kit De Massinha 5 Art Kids Da Acrilex Kit De Massinha 3 Art Kids Acrilex Kit De Massinha 4 Art Kids Da Acrilex Cama Elástica Quadrada Dino Henri Kids Kids Play Reindeer Mermaids, A Kids G Toalha Com Capuz Kids Mommy Bear Creme Grow Up Yesterdays Rain --- A Kids G The Compton Kids The Zodiac For Kids Moving Journal For Kids Raising High Achieving Kids Kona Forevermore--A Kids Guid Hungry Hearted Kids Speedy Kids Coloring Book 365 Silly Jokes For Kids
			Igorando Pelo Filtro de Nome...
		Nome do Produto: Microondas Philco PMS24 20 Litros com Tecla Kids Branco Centopéia Colorida K´S Kids Kit De Massinha 1 Art Kids Acrilex Kit De Massinha 6 Art Kids Acrilex Kit De Massinha 5 Art Kids Da Acrilex Kit De Massinha 3 Art Kids Acrilex Kit De Massinha 4 Art Kids Da Acrilex Cama Elástica Quadrada Dino Henri Kids Kids Play Reindeer Mermaids, A Kids G Toalha Com Capuz Kids Mommy Bear Creme Grow Up Yesterdays Rain --- A Kids G The Compton Kids The Zodiac For Kids Moving Journal For Kids Raising High Achieving Kids Kona Forevermore--A Kids Guid Hungry Hearted Kids Speedy Kids Coloring Book 365 Silly Jokes For Kids
			Igorando Pelo Filtro de Nome...
		Nome do Produto: Microondas Philco PMS24 20 Litros com Tecla Kids Branco Centopéia Colorida K´S Kids Kit De Massinha 1 Art Kids Acrilex Kit De Massinha 6 Art Kids Acrilex Kit De Massinha 5 Art Kids Da Acrilex Kit De Massinha 3 Art Kids Acrilex Kit De Massinha 4 Art Kids Da Acrilex Cama Elástica Quadrada Dino Henri Kids Kids Play Reindeer Mermaids, A Kids G Toalha Com Capuz Kids Mommy Bear Creme Grow Up Yesterdays Rain --- A Kids G The Compton Kids The Zodiac For Kids Moving Journal For Kids Raising High Achieving Kids Kona Forevermore--A Kids Guid Hungry Hearted Kids Speedy Kids Coloring Book 365 Silly Jokes For Kids
			Igorando Pelo Filtro de Nome...
		Nome do Produto: Microondas Philco PMS24 20 Litros com Tecla Kids Branco Centopéia Colorida K´S Kids Kit De Massinha 1 Art Kids Acrilex Kit De Massinha 6 Art Kids Acrilex Kit De Massinha 5 Art Kids Da Acrilex Kit De Massinha 3 Art Kids Acrilex Kit De Massinha 4 Art Kids Da Acrilex Cama Elástica Quadrada Dino Henri Kids Kids Play Reindeer Mermaids, A Kids G Toalha Com Capuz Kids Mommy Bear Creme Grow Up Yesterdays Rain --- A Kids G The Compton Kids The Zodiac For Kids Moving Journal For Kids Raising High Achieving Kids Kona Forevermore--A Kids Guid Hungry Hearted Kids Speedy Kids Coloring Book 365 Silly Jokes For Kids
			Igorando Pelo Filtro de Nome...
		Nome do Produto: Microondas Philco PMS24 20 Litros com Tecla Kids Branco Centopéia Colorida K´S Kids Kit De Massinha 1 Art Kids Acrilex Kit De Massinha 6 Art Kids Acrilex Kit De Massinha 5 Art Kids Da Acrilex Kit De Massinha 3 Art Kids Acrilex Kit De Massinha 4 Art Kids Da Acrilex Cama Elástica Quadrada Dino Henri Kids Kids Play Reindeer Mermaids, A Kids G Toalha Com Capuz Kids Mommy Bear Creme Grow Up Yesterdays Rain --- A Kids G The Compton Kids The Zodiac For Kids Moving Journal For Kids Raising High Achieving Kids Kona Forevermore--A Kids Guid Hungry Hearted Kids Speedy Kids Coloring Book 365 Silly Jokes For Kids
			Igorando Pelo Filtro de Nome...
		Nome do Produto: Microondas Philco PMS24 20 Litros com Tecla Kids Branco Centopéia Colorida K´S Kids Kit De Massinha 1 Art Kids Acrilex Kit De Massinha 6 Art Kids Acrilex Kit De Massinha 5 Art Kids Da Acrilex Kit De Massinha 3 Art Kids Acrilex Kit De Massinha 4 Art Kids Da Acrilex Cama Elástica Quadrada Dino Henri Kids Kids Play Reindeer Mermaids, A Kids G Toalha Com Capuz Kids Mommy Bear Creme Grow Up Yesterdays Rain --- A Kids G The Compton Kids The Zodiac For Kids Moving Journal For Kids Raising High Achieving Kids Kona Forevermore--A Kids Guid Hungry Hearted Kids Speedy Kids Coloring Book 365 Silly Jokes For Kids
			Igorando Pelo Filtro de Nome...
		Nome do Produto: Microondas Philco PMS24 20 Litros com Tecla Kids Branco Centopéia Colorida K´S Kids Kit De Massinha 1 Art Kids Acrilex Kit De Massinha 6 Art Kids Acrilex Kit De Massinha 5 Art Kids Da Acrilex Kit De Massinha 3 Art Kids Acrilex Kit De Massinha 4 Art Kids Da Acrilex Cama Elástica Quadrada Dino Henri Kids Kids Play Reindeer Mermaids, A Kids G Toalha Com Capuz Kids Mommy Bear Creme Grow Up Yesterdays Rain --- A Kids G The Compton Kids The Zodiac For Kids Moving Journal For Kids Raising High Achieving Kids Kona Forevermore--A Kids Guid Hungry Hearted Kids Speedy Kids Coloring Book 365 Silly Jokes For Kids
			Igorando Pelo Filtro de Nome...
		Nome do Produto: Microondas Philco PMS24 20 Litros com Tecla Kids Branco Centopéia Colorida K´S Kids Kit De Massinha 1 Art Kids Acrilex Kit De Massinha 6 Art Kids Acrilex Kit De Massinha 5 Art Kids Da Acrilex Kit De Massinha 3 Art Kids Acrilex Kit De Massinha 4 Art Kids Da Acrilex Cama Elástica Quadrada Dino Henri Kids Kids Play Reindeer Mermaids, A Kids G Toalha Com Capuz Kids Mommy Bear Creme Grow Up Yesterdays Rain --- A Kids G The Compton Kids The Zodiac For Kids Moving Journal For Kids Raising High Achieving Kids Kona Forevermore--A Kids Guid Hungry Hearted Kids Speedy Kids Coloring Book 365 Silly Jokes For Kids
			Igorando Pelo Filtro de Nome...
		Nome do Produto: Microondas Philco PMS24 20 Litros com Tecla Kids Branco Centopéia Colorida K´S Kids Kit De Massinha 1 Art Kids Acrilex Kit De Massinha 6 Art Kids Acrilex Kit De Massinha 5 Art Kids Da Acrilex Kit De Massinha 3 Art Kids Acrilex Kit De Massinha 4 Art Kids Da Acrilex Cama Elástica Quadrada Dino Henri Kids Kids Play Reindeer Mermaids, A Kids G Toalha Com Capuz Kids Mommy Bear Creme Grow Up Yesterdays Rain --- A Kids G The Compton Kids The Zodiac For Kids Moving Journal For Kids Raising High Achieving Kids Kona Forevermore--A Kids Guid Hungry Hearted Kids Speedy Kids Coloring Book 365 Silly Jokes For Kids
			Igorando Pelo Filtro de Nome...
		Nome do Produto: Microondas Philco PMS24 20 Litros com Tecla Kids Branco Centopéia Colorida K´S Kids Kit De Massinha 1 Art Kids Acrilex Kit De Massinha 6 Art Kids Acrilex Kit De Massinha 5 Art Kids Da Acrilex Kit De Massinha 3 Art Kids Acrilex Kit De Massinha 4 Art Kids Da Acrilex Cama Elástica Quadrada Dino Henri Kids Kids Play Reindeer Mermaids, A Kids G Toalha Com Capuz Kids Mommy Bear Creme Grow Up Yesterdays Rain --- A Kids G The Compton Kids The Zodiac For Kids Moving Journal For Kids Raising High Achieving Kids Kona Forevermore--A Kids Guid Hungry Hearted Kids Speedy Kids Coloring Book 365 Silly Jokes For Kids
			Igorando Pelo Filtro de Nome...
		Nome do Produto: Microondas Philco PMS24 20 Litros com Tecla Kids Branco Centopéia Colorida K´S Kids Kit De Massinha 1 Art Kids Acrilex Kit De Massinha 6 Art Kids Acrilex Kit De Massinha 5 Art Kids Da Acrilex Kit De Massinha 3 Art Kids Acrilex Kit De Massinha 4 Art Kids Da Acrilex Cama Elástica Quadrada Dino Henri Kids Kids Play Reindeer Mermaids, A Kids G Toalha Com Capuz Kids Mommy Bear Creme Grow Up Yesterdays Rain --- A Kids G The Compton Kids The Zodiac For Kids Moving Journal For Kids Raising High Achieving Kids Kona Forevermore--A Kids Guid Hungry Hearted Kids Speedy Kids Coloring Book 365 Silly Jokes For Kids
			Igorando Pelo Filtro de Nome...
		Nome do Produto: Microondas Philco PMS24 20 Litros com Tecla Kids Branco Centopéia Colorida K´S Kids Kit De Massinha 1 Art Kids Acrilex Kit De Massinha 6 Art Kids Acrilex Kit De Massinha 5 Art Kids Da Acrilex Kit De Massinha 3 Art Kids Acrilex Kit De Massinha 4 Art Kids Da Acrilex Cama Elástica Quadrada Dino Henri Kids Kids Play Reindeer Mermaids, A Kids G Toalha Com Capuz Kids Mommy Bear Creme Grow Up Yesterdays Rain --- A Kids G The Compton Kids The Zodiac For Kids Moving Journal For Kids Raising High Achieving Kids Kona Forevermore--A Kids Guid Hungry Hearted Kids Speedy Kids Coloring Book 365 Silly Jokes For Kids
			Igorando Pelo Filtro de Nome...
		Nome do Produto: Microondas Philco PMS24 20 Litros com Tecla Kids Branco Centopéia Colorida K´S Kids Kit De Massinha 1 Art Kids Acrilex Kit De Massinha 6 Art Kids Acrilex Kit De Massinha 5 Art Kids Da Acrilex Kit De Massinha 3 Art Kids Acrilex Kit De Massinha 4 Art Kids Da Acrilex Cama Elástica Quadrada Dino Henri Kids Kids Play Reindeer Mermaids, A Kids G Toalha Com Capuz Kids Mommy Bear Creme Grow Up Yesterdays Rain --- A Kids G The Compton Kids The Zodiac For Kids Moving Journal For Kids Raising High Achieving Kids Kona Forevermore--A Kids Guid Hungry Hearted Kids Speedy Kids Coloring Book 365 Silly Jokes For Kids
			Igorando Pelo Filtro de Nome...
		Nome do Produto: Microondas Philco PMS24 20 Litros com Tecla Kids Branco Centopéia Colorida K´S Kids Kit De Massinha 1 Art Kids Acrilex Kit De Massinha 6 Art Kids Acrilex Kit De Massinha 5 Art Kids Da Acrilex Kit De Massinha 3 Art Kids Acrilex Kit De Massinha 4 Art Kids Da Acrilex Cama Elástica Quadrada Dino Henri Kids Kids Play Reindeer Mermaids, A Kids G Toalha Com Capuz Kids Mommy Bear Creme Grow Up Yesterdays Rain --- A Kids G The Compton Kids The Zodiac For Kids Moving Journal For Kids Raising High Achieving Kids Kona Forevermore--A Kids Guid Hungry Hearted Kids Speedy Kids Coloring Book 365 Silly Jokes For Kids
			Igorando Pelo Filtro de Nome...
		Nome do Produto: Microondas Philco PMS24 20 Litros com Tecla Kids Branco Centopéia Colorida K´S Kids Kit De Massinha 1 Art Kids Acrilex Kit De Massinha 6 Art Kids Acrilex Kit De Massinha 5 Art Kids Da Acrilex Kit De Massinha 3 Art Kids Acrilex Kit De Massinha 4 Art Kids Da Acrilex Cama Elástica Quadrada Dino Henri Kids Kids Play Reindeer Mermaids, A Kids G Toalha Com Capuz Kids Mommy Bear Creme Grow Up Yesterdays Rain --- A Kids G The Compton Kids The Zodiac For Kids Moving Journal For Kids Raising High Achieving Kids Kona Forevermore--A Kids Guid Hungry Hearted Kids Speedy Kids Coloring Book 365 Silly Jokes For Kids
			Igorando Pelo Filtro de Nome...
		Nome do Produto: Microondas Philco PMS24 20 Litros com Tecla Kids Branco Centopéia Colorida K´S Kids Kit De Massinha 1 Art Kids Acrilex Kit De Massinha 6 Art Kids Acrilex Kit De Massinha 5 Art Kids Da Acrilex Kit De Massinha 3 Art Kids Acrilex Kit De Massinha 4 Art Kids Da Acrilex Cama Elástica Quadrada Dino Henri Kids Kids Play Reindeer Mermaids, A Kids G Toalha Com Capuz Kids Mommy Bear Creme Grow Up Yesterdays Rain --- A Kids G The Compton Kids The Zodiac For Kids Moving Journal For Kids Raising High Achieving Kids Kona Forevermore--A Kids Guid Hungry Hearted Kids Speedy Kids Coloring Book 365 Silly Jokes For Kids
			Igorando Pelo Filtro de Nome...
	Tempo Para buscar: 472
Loja: ShopB
	URL Principal: http://www.shopb.com.br/
	URL Busca: http://www.shopb.com.br/buscar?q=<BUSCA>
http://www.shopb.com.br/buscar?q=kid+Icarus+Uprising
		Documento Lido
		Resultados: 1
		Nome do Produto: Suporte Nintendo Circle Pad Pro - 3DS
			Igorando Pelo Filtro de Nome...
	Tempo Para buscar: 801
Loja: Submarino
	URL Principal: http://www.submarino.com.br/
	URL Busca: http://busca.submarino.com.br/busca.php?q=<BUSCA>
http://busca.submarino.com.br/busca.php?q=kid+Icarus+Uprising
		Documento Lido
		Resultados: 30
		Nome do Produto: Extrator Manual de Leite Pétala com Mamadeira 125ml SCF330/20 Philips Avent
			Igorando Pelo Filtro de Nome...
		Nome do Produto: Microondas Philco PMS24 20 Litros com Tecla Kids Branco
			Igorando Pelo Filtro de Nome...
		Nome do Produto: Carrinho de Bebê Moving Light ABC Design Branco e Preto
			Igorando Pelo Filtro de Nome...
		Nome do Produto: Create A Yoga Practice For Kids
			Igorando Pelo Filtro de Nome...
		Nome do Produto: Body VR Kids Color
			Igorando Pelo Filtro de Nome...
		Nome do Produto: Centopéia Colorida K´S Kids
			Igorando Pelo Filtro de Nome...
		Nome do Produto: Carro Pliko P3 Compact Geo - Peg-Pérego
			Igorando Pelo Filtro de Nome...
		Nome do Produto: Esterilizador a Vapor para Micro-Ondas - Philips Avent
			Igorando Pelo Filtro de Nome...
		Nome do Produto: Kid Tips
			Igorando Pelo Filtro de Nome...
		Nome do Produto: Kids Coloring Book
			Igorando Pelo Filtro de Nome...
		Nome do Produto: Speedy Kids Coloring Book
			Igorando Pelo Filtro de Nome...
		Nome do Produto: Puzzle Book For Kids
			Igorando Pelo Filtro de Nome...
		Nome do Produto: Yoga For Kids To Teens
			Igorando Pelo Filtro de Nome...
		Nome do Produto: Cama Elástica Triangular Joaninha Henri Kids
			Igorando Pelo Filtro de Nome...
		Nome do Produto: Cama Elástica Quadrada 1m Multicolorida Henri Kids
			Igorando Pelo Filtro de Nome...
		Nome do Produto: Toalha Com Capuz Kids Mommy Bear Creme Grow Up
			Igorando Pelo Filtro de Nome...
		Nome do Produto: Yesterdays Rain --- A Kids G
			Igorando Pelo Filtro de Nome...
		Nome do Produto: The Zodiac For Kids
			Igorando Pelo Filtro de Nome...
		Nome do Produto: Moving Journal For Kids
			Igorando Pelo Filtro de Nome...
		Nome do Produto: Raising High Achieving Kids
			Igorando Pelo Filtro de Nome...
		Nome do Produto: Kona Forevermore--A Kids Guid
			Igorando Pelo Filtro de Nome...
		Nome do Produto: Hungry Hearted Kids
			Igorando Pelo Filtro de Nome...
		Nome do Produto: 365 Silly Jokes For Kids
			Igorando Pelo Filtro de Nome...
		Nome do Produto: Speedy Kids Livre De Coloriage
			Igorando Pelo Filtro de Nome...
		Nome do Produto: Kids These Days
			Igorando Pelo Filtro de Nome...
		Nome do Produto: Activity Book For Kids
			Igorando Pelo Filtro de Nome...
		Nome do Produto: Crossword Puzzles For Kids
			Igorando Pelo Filtro de Nome...
		Nome do Produto: Everything Kids Coloring Book
			Igorando Pelo Filtro de Nome...
		Nome do Produto: Kids Puzzle Book
			Igorando Pelo Filtro de Nome...
		Nome do Produto: Kids Play
			Igorando Pelo Filtro de Nome...
	Tempo Para buscar: 576
Loja: Walmart
	URL Principal: http://www.walmart.com.br/
	URL Busca: http://www.walmart.com.br/busca/?ft=<BUSCA>&PS=20
http://www.walmart.com.br/busca/?ft=kid+Icarus+Uprising&PS=20
		Documento Lido
		Resultados: 20
		Nome do Produto: Moto Elétrica Infantil Kid Connection 6V
			Igorando Pelo Filtro de Nome...
		Nome do Produto: Sacos Para Armazenar Leite Materno 25 Und BB189 MultiKids
			Igorando Pelo Filtro de Nome...
		Nome do Produto: Triciclo Kid Cross Azul - Bandeirante
			Igorando Pelo Filtro de Nome...
		Nome do Produto: Cadeirinha Infantil Kalf para Bicicleta, Suporta Crianças até 25 kg, Cinto de Segurança, Assento Revestido com Almofada de Espuma, Preta- Kid Bike
			Igorando Pelo Filtro de Nome...
		Nome do Produto: Triciclo Infantil Kid Cross Passeio - Bandeirante
			Igorando Pelo Filtro de Nome...
		Nome do Produto: Triciclo Kid Cross Rosa Pedal - Bandeirante
			Igorando Pelo Filtro de Nome...
		Nome do Produto: Miniveículo Elétrico Infantil Kid Connection 6V
			Igorando Pelo Filtro de Nome...
		Nome do Produto: Organizador Para Carro Com Case Para Tablet BB184 MultiKids
			Igorando Pelo Filtro de Nome...
		Nome do Produto: Quadriciclo Elétrico Infantil Bandeirante Kid Passeio EL 6V Vermelho
			Igorando Pelo Filtro de Nome...
		Nome do Produto: Cadeirinha Infantil Kalf para Bicicleta, Suporta Crianças até 25 kg, Cinto de Segurança, Assento Revestido com Almofada de Espuma, Vermelha- Kid Bike
			Igorando Pelo Filtro de Nome...
		Nome do Produto: Brinquedo KIDS CHEF Sorveteria Multikids BR009A
			Igorando Pelo Filtro de Nome...
		Nome do Produto: Kids Chef Multikids Sorveteria
			Igorando Pelo Filtro de Nome...
		Nome do Produto: Kit 2 Escovas de Dente Elétrica Techline Eda Kids Verde/Rosa
			Igorando Pelo Filtro de Nome...
		Nome do Produto: Suporte Redutor Para Vaso Sanitário Menino BB210 MultiKids
			Igorando Pelo Filtro de Nome...
		Nome do Produto: Evita Mofo Secar 180g Kid’s – Azul
			Igorando Pelo Filtro de Nome...
		Nome do Produto: Máquina de Fazer Sorvete Sorveteria Infantil Sorveteira Kids Chef - MLS8 BR009A
			Igorando Pelo Filtro de Nome...
		Nome do Produto: Repelente Kids Proteção Especial para Crianças Repelex 120g
			Igorando Pelo Filtro de Nome...
		Nome do Produto: Sandália Confort Kids Marinho em Couro - Toke
			Igorando Pelo Filtro de Nome...
		Nome do Produto: Quadriciclo Elétrico Infantil Bandeirante Kid Passeio EL 6V Rosa
			Igorando Pelo Filtro de Nome...
		Nome do Produto: Kids Chef Multikids Foundue Maker
			Igorando Pelo Filtro de Nome...
	Tempo Para buscar: 944
Loja: Zig Store
	URL Principal: http://www.zigstore.com.br/
	URL Busca: http://www.zigstore.com.br/pesquisa/?p=<BUSCA>
http://www.zigstore.com.br/pesquisa/?p=kid+Icarus+Uprising
		Documento Lido
		Resultados: 4
		Nome do Produto: PS4 - FIFA 16
			Igorando Pelo Filtro de Nome...
		Nome do Produto: PS4 - Need for Speed
			Igorando Pelo Filtro de Nome...
		Nome do Produto: Call of Duty Modern Warfare 3 - PS3
			Igorando Pelo Filtro de Nome...
		Nome do Produto: PS3 - Os Cavaleiros do Zodiaco: Alma dos Soldados
			Igorando Pelo Filtro de Nome...
	Tempo Para buscar: 509

File copied from E:\WorkSpaces\workspace estudo\lookforprices\resources\imports\css.css to E:\WorkSpaces\workspace estudo\lookforprices\reports\2015-11-28 15\css.css
File copied from E:\WorkSpaces\workspace estudo\lookforprices\resources\imports\jquery.js to E:\WorkSpaces\workspace estudo\lookforprices\reports\2015-11-28 15\jquery.js
File copied from E:\WorkSpaces\workspace estudo\lookforprices\resources\imports\scripts.js to E:\WorkSpaces\workspace estudo\lookforprices\reports\2015-11-28 15\scripts.js
Tempo total de execução: 22386
Game: kid Icarus Uprising
Product Name: kid Icarus Uprising
Loja: Nintendo eShop
	URL Principal: http://www.nintendo.com/3ds/eshop
	URL Busca: http://www.nintendo.com/json/content/get/game/filter?&qterm=<BUSCA>
NintendoEShopSearch.search() http://www.nintendo.com/json/content/get/game/filter?&qterm=kid+Icarus+Uprising
		Documento Lido
		Resultados: 1
		Nome do Produto: Kid Icarus: Uprising
http://www.nintendo.com/games/detail/leoRNk4z_ui0yblzMlCVz6Wy9jGb5qSq
		Acessando URL do produto.
URL = http://www.nintendo.com/games/detail/leoRNk4z_ui0yblzMlCVz6Wy9jGb5qSq
	Tempo Para buscar: 1306
Loja: Americanas
	URL Principal: http://www.americanas.com.br/
	URL Busca: http://busca.americanas.com.br/busca.php?q=<BUSCA>
http://busca.americanas.com.br/busca.php?q=kid+Icarus+Uprising
		Documento Lido
		Resultados: 30
		Nome do Produto: Kids Chef Pik Raspadinha Multikids
			Igorando Pelo Filtro de Nome...
		Nome do Produto: Game Zumba Kids Maj - XBOX 360
			Igorando Pelo Filtro de Nome...
		Nome do Produto: Kids Chef Sorveteria Multikids
			Igorando Pelo Filtro de Nome...
		Nome do Produto: Tablet Multilaser Kid Pad NB 194 Quad Core 8GB Tela 7"...
			Igorando Pelo Filtro de Nome...
		Nome do Produto: Bicicleta Verden Aro 16 Kids Amarela
			Igorando Pelo Filtro de Nome...
		Nome do Produto: Pula-Pula Bestway Play Center Kids
			Igorando Pelo Filtro de Nome...
		Nome do Produto: Kids Chef Frosty Fruit - Multikids
			Igorando Pelo Filtro de Nome...
		Nome do Produto: Microondas Philco PMS24 20 Litros com Tecla Kids Branco
			Igorando Pelo Filtro de Nome...
		Nome do Produto: Centopéia Colorida K´S Kids
			Igorando Pelo Filtro de Nome...
		Nome do Produto: Cama Elástica Quadrada 1m Multicolorida Henri Kids
			Igorando Pelo Filtro de Nome...
		Nome do Produto: Cama Elástica Quadrada Dino Henri Kids
			Igorando Pelo Filtro de Nome...
		Nome do Produto: Colecao Happy Kids
			Igorando Pelo Filtro de Nome...
		Nome do Produto: 3 Kids Dreamin
			Igorando Pelo Filtro de Nome...
		Nome do Produto: Cama Elástica Triangular Joaninha Henri Kids
			Igorando Pelo Filtro de Nome...
		Nome do Produto: Toalha Com Capuz Kids Mommy Bear Creme Grow Up
			Igorando Pelo Filtro de Nome...
		Nome do Produto: Yesterdays Rain --- A Kids G
			Igorando Pelo Filtro de Nome...
		Nome do Produto: The Zodiac For Kids
			Igorando Pelo Filtro de Nome...
		Nome do Produto: Moving Journal For Kids
			Igorando Pelo Filtro de Nome...
		Nome do Produto: Raising High Achieving Kids
			Igorando Pelo Filtro de Nome...
		Nome do Produto: Kona Forevermore--A Kids Guid
			Igorando Pelo Filtro de Nome...
		Nome do Produto: Hungry Hearted Kids
			Igorando Pelo Filtro de Nome...
		Nome do Produto: Speedy Kids Coloring Book
			Igorando Pelo Filtro de Nome...
		Nome do Produto: 365 Silly Jokes For Kids
			Igorando Pelo Filtro de Nome...
		Nome do Produto: Speedy Kids Livre De Coloriage
			Igorando Pelo Filtro de Nome...
		Nome do Produto: Kids Coloring Book
			Igorando Pelo Filtro de Nome...
		Nome do Produto: Kids These Days
			Igorando Pelo Filtro de Nome...
		Nome do Produto: Activity Book For Kids
			Igorando Pelo Filtro de Nome...
		Nome do Produto: Puzzle Book For Kids
			Igorando Pelo Filtro de Nome...
		Nome do Produto: Crossword Puzzles For Kids
			Igorando Pelo Filtro de Nome...
		Nome do Produto: Everything Kids Coloring Book
			Igorando Pelo Filtro de Nome...
	Tempo Para buscar: 574
Loja: Big Boy Games
	URL Principal: http://www.bigboygames.com.br/
	URL Busca: http://www.bigboygames.com.br/pesquisa/?p=<BUSCA>
http://www.bigboygames.com.br/pesquisa/?p=kid+Icarus+Uprising
		Documento Lido
		Resultados: 2
		Nome do Produto: 3DS - Kid Icarus: Uprising [Incluí 3DS stand] - USADO
http://www.bigboygames.com.br/3ds-kid-icarus-uprising-inclui-3ds-stand-usado-p7510/
		Acessando URL do produto.
		Nome do Produto: 3DS - Kid Icarus: Uprising [Incluí 3DS stand]
http://www.bigboygames.com.br/3ds-kid-icarus-uprising-inclui-3ds-stand-p3748/
		Acessando URL do produto.
	Tempo Para buscar: 117
Loja: Balão da Informática
	URL Principal: https://www.balaodainformatica.com.br/
	URL Busca: https://www.balaodainformatica.com.br/Produtos/Buscar/?busca=<BUSCA>
https://www.balaodainformatica.com.br/Produtos/Buscar/?busca=kid+Icarus+Uprising
		Documento Lido
		Resultados: 0
	Tempo Para buscar: 312
Loja: Casas Bahia
	URL Principal: http://www.casasbahia.com.br/
	URL Busca: http://buscas.casasbahia.com.br/search?w=<BUSCA>
http://buscas.casasbahia.com.br/search?w=kid+Icarus+Uprising
		Documento Lido
		Resultados: 1
		Nome do Produto: Uller Uprising
			Igorando Pelo Filtro de Nome...
		Nome do Produto: Uprising at Bowling Green
			Igorando Pelo Filtro de Nome...
		Nome do Produto: Indian Uprising of 1857-8
			Igorando Pelo Filtro de Nome...
		Nome do Produto: Voo De Icarus, O
			Igorando Pelo Filtro de Nome...
		Nome do Produto: The Wings of Icarus
			Igorando Pelo Filtro de Nome...
		Nome do Produto: Daughters of Icarus
			Igorando Pelo Filtro de Nome...
		Nome do Produto: Uprising in East Germany, 1953
			Igorando Pelo Filtro de Nome...
		Nome do Produto: Gaveteiro Kid
			Igorando Pelo Filtro de Nome...
		Nome do Produto: Boat Kid
			Igorando Pelo Filtro de Nome...
		Nome do Produto: Preacher`s Kid
			Igorando Pelo Filtro de Nome...
		Nome do Produto: Kid`s Toys
			Igorando Pelo Filtro de Nome...
		Nome do Produto: Blucher and the Uprising of Prussia Against Napoleon
			Igorando Pelo Filtro de Nome...
		Nome do Produto: Livro - Hot Kid
			Igorando Pelo Filtro de Nome...
		Nome do Produto: Triciclo Kid Cross Bandeirante
			Igorando Pelo Filtro de Nome...
		Nome do Produto: A Kid from Pittsburgh
			Igorando Pelo Filtro de Nome...
		Nome do Produto: Kid Cross Brinquedos Bandeirantes
			Igorando Pelo Filtro de Nome...
		Nome do Produto: The Raisin Bread Kid
			Igorando Pelo Filtro de Nome...
		Nome do Produto: Never a Kid
			Igorando Pelo Filtro de Nome...
		Nome do Produto: Still a Kid!
			Igorando Pelo Filtro de Nome...
		Nome do Produto: The Comeback Kid
			Igorando Pelo Filtro de Nome...
	Tempo Para buscar: 937
Loja: Extra
	URL Principal: http://www.extra.com.br/
	URL Busca: http://buscando.extra.com.br/search?w=<BUSCA>
http://buscando.extra.com.br/search?w=kid+Icarus+Uprising
		Documento Lido
		Resultados: 12
		Nome do Produto: Uller Uprising
			Igorando Pelo Filtro de Nome...
		Nome do Produto: Uprising at Bowling Green
			Igorando Pelo Filtro de Nome...
		Nome do Produto: Indian Uprising of 1857-8
			Igorando Pelo Filtro de Nome...
		Nome do Produto: Voo De Icarus, O
			Igorando Pelo Filtro de Nome...
		Nome do Produto: Daughters of Icarus
			Igorando Pelo Filtro de Nome...
		Nome do Produto: The Wings of Icarus
			Igorando Pelo Filtro de Nome...
		Nome do Produto: Uprising in East Germany, 1953
			Igorando Pelo Filtro de Nome...
		Nome do Produto: Gaveteiro Kid
			Igorando Pelo Filtro de Nome...
		Nome do Produto: Preacher`s Kid
			Igorando Pelo Filtro de Nome...
		Nome do Produto: Boat Kid
			Igorando Pelo Filtro de Nome...
		Nome do Produto: Kid`s Toys
			Igorando Pelo Filtro de Nome...
		Nome do Produto: Blucher and the Uprising of Prussia Against Napoleon
			Igorando Pelo Filtro de Nome...
	Tempo Para buscar: 609
Loja: E-Virtua
	URL Principal: http://www.evirtua.com.br/
	URL Busca: http://www.evirtua.com.br/Busca?search_department_id=0&SearchTerm=<BUSCA>
http://www.evirtua.com.br/Busca?search_department_id=0&SearchTerm=kid+Icarus+Uprising
		Documento Lido
		Resultados: 0
	Tempo Para buscar: 228
Loja: Fast Games
	URL Principal: http://www.fastgames.com.br/
	URL Busca: http://www.fastgames.com.br/loja/busca.php?loja=187970&palavra_busca=<BUSCA>
http://www.fastgames.com.br/loja/busca.php?loja=187970&palavra_busca=kid+Icarus+Uprising
		Documento Lido
		Resultados: 0
	Tempo Para buscar: 486
Loja: Fast Shop
	URL Principal: http://www.fastshop.com.br/loja/
	URL Busca: http://www.fastshop.com.br/webapp/wcs/stores/servlet/SearchDisplay?searchTerm=<BUSCA>&categoryId=&storeId=10151&catalogId=11052&langId=-6&pageSize=9&beginIndex=0&sType=SimpleSearch&resultCatEntryType=2&showResultsPage=true&searchSource=Q&pageView=&hotsite=fastshop
http://www.fastshop.com.br/webapp/wcs/stores/servlet/SearchDisplay?searchTerm=kid+Icarus+Uprising&categoryId=&storeId=10151&catalogId=11052&langId=-6&pageSize=9&beginIndex=0&sType=SimpleSearch&resultCatEntryType=2&showResultsPage=true&searchSource=Q&pageView=&hotsite=fastshop
		Documento Lido
		Resultados: 1
		Nome do Produto: 
			Igorando Pelo Filtro de Nome...
		Nome do Produto: 
			Igorando Pelo Filtro de Nome...
	Tempo Para buscar: 626
Loja: FNAC
	URL Principal: http://www.fnac.com.br/index.html
	URL Busca: http://busca.fnac.com.br/?busca=<BUSCA>
http://busca.fnac.com.br/?busca=kid+Icarus+Uprising
		Documento Lido
		Resultados: 0
	Tempo Para buscar: 1082
Loja: Kabum
	URL Principal: http://www.kabum.com.br/
	URL Busca: http://www.kabum.com.br/cgi-local/site/listagem/listagem.cgi?string=<BUSCA>&btnG=
http://www.kabum.com.br/cgi-local/site/listagem/listagem.cgi?string=kid+Icarus+Uprising&btnG=
		Documento Lido
		Resultados: 0
	Tempo Para buscar: 897
Loja: Livraria Cultura
	URL Principal: http://www.livrariacultura.com.br/
	URL Busca: http://www.livrariacultura.com.br/busca?N=0&Ntt=<BUSCA>
http://www.livrariacultura.com.br/busca?N=0&Ntt=kid+Icarus+Uprising
		Documento Lido
		Resultados: 1
		Nome do Produto: KID ICARUS UPRISING (3DS)
http://www.livrariacultura.com.br/p/kid-icarus-uprising-3ds-29508718
		Acessando URL do produto.
	Tempo Para buscar: 557
Loja: Magazine Luiza
	URL Principal: http://www.magazineluiza.com.br/
	URL Busca: http://www.magazineluiza.com.br/busca/<BUSCA>/
http://www.magazineluiza.com.br/busca/kid+Icarus+Uprising/
		Documento Lido
		Resultados: 10
		Nome do Produto: Kid Pad Boy - Beeme Toys
			Igorando Pelo Filtro de Nome...
		Nome do Produto: Kid Pad Girl - Beeme Toys
			Igorando Pelo Filtro de Nome...
		Nome do Produto: Tablet Multilaser Kid Pad 8GB Tela 7 3G Wi-Fi - Android 4.4 Proc. Quad Core Câm. 2MP + Frontal
			Igorando Pelo Filtro de Nome...
		Nome do Produto: Tablet Multilaser Kid Pad 8GB Tela 7 Wi-Fi - Android 4.4 Proc. Quad Core Câm. 2MP + Frontal
			Igorando Pelo Filtro de Nome...
		Nome do Produto: Triciclo Kid Cross Rosa - Bandeirante
			Igorando Pelo Filtro de Nome...
		Nome do Produto: Triciclo Kid Cross Azul - Bandeirante
			Igorando Pelo Filtro de Nome...
		Nome do Produto: Triciclo Infantil Kid Cross Passeio - Bandeirante
			Igorando Pelo Filtro de Nome...
		Nome do Produto: Triciclo Infantil Kid Cross Passeio - Bandeirante
			Igorando Pelo Filtro de Nome...
		Nome do Produto: Quadriciclo Elétrico Kid Passeio - Bandeirante
			Igorando Pelo Filtro de Nome...
		Nome do Produto: Quadriciclo Elétrico Kid Passeio - Bandeirante
			Igorando Pelo Filtro de Nome...
	Tempo Para buscar: 1093
Loja: Mula Games
	URL Principal: http://www.mulagames.com.br/
	URL Busca: http://www.mulagames.com.br/produtos-index/catalogo_produtos/-/-/<BUSCA>/-/-/-/-/-/
http://www.mulagames.com.br/produtos-index/catalogo_produtos/-/-/kid%20Icarus%20Uprising/-/-/-/-/-/
		Documento Lido
		Resultados: 1
		Nome do Produto: Kid Icarus: Uprising (com 3DS Stand e 6 Battle Cards) - 3DS
http://www.mulagames.com.br/Kid-Icarus--Uprising--com-3DS-Stand-e-6-Battle-Cards--3DS/prod-557226/
		Acessando URL do produto.
http://www.mulagames.com.br/produto-ajax_retorna_dados_preco_comprar/557226
		Acessando URL do preço produto.
	Tempo Para buscar: 1859
Loja: Net Shoes
	URL Principal: http://www.netshoes.com.br/
	URL Busca: http://www.netshoes.com.br/search?Ntt=<BUSCA>
http://www.netshoes.com.br/search?Ntt=kid+Icarus+Uprising
		Documento Lido
		Resultados: 1
		Nome do Produto: Protetor de Ouvido de Silicone Kid's ClearPassage - 6 pares
			Igorando Pelo Filtro de Nome...
	Tempo Para buscar: 393
Loja: Ponto Frio
	URL Principal: http://www.pontofrio.com.br/
	URL Busca: http://search.pontofrio.com.br/search?w=<BUSCA>
http://search.pontofrio.com.br/search?w=kid+Icarus+Uprising
		Documento Lido
		Resultados: 1
		Nome do Produto: Uller Uprising
			Igorando Pelo Filtro de Nome...
		Nome do Produto: Uprising at Bowling Green
			Igorando Pelo Filtro de Nome...
		Nome do Produto: Indian Uprising of 1857-8
			Igorando Pelo Filtro de Nome...
		Nome do Produto: Voo De Icarus, O
			Igorando Pelo Filtro de Nome...
		Nome do Produto: The Wings of Icarus
			Igorando Pelo Filtro de Nome...
		Nome do Produto: Daughters of Icarus
			Igorando Pelo Filtro de Nome...
		Nome do Produto: Uprising in East Germany, 1953
			Igorando Pelo Filtro de Nome...
		Nome do Produto: Gaveteiro Kid
			Igorando Pelo Filtro de Nome...
		Nome do Produto: Boat Kid
			Igorando Pelo Filtro de Nome...
		Nome do Produto: Preacher`s Kid
			Igorando Pelo Filtro de Nome...
		Nome do Produto: Kid`s Toys
			Igorando Pelo Filtro de Nome...
		Nome do Produto: Blucher and the Uprising of Prussia Against Napoleon
			Igorando Pelo Filtro de Nome...
		Nome do Produto: A Kid from Pittsburgh
			Igorando Pelo Filtro de Nome...
		Nome do Produto: Kid Cross Brinquedos Bandeirantes
			Igorando Pelo Filtro de Nome...
		Nome do Produto: The Raisin Bread Kid
			Igorando Pelo Filtro de Nome...
		Nome do Produto: Livro - Hot Kid
			Igorando Pelo Filtro de Nome...
		Nome do Produto: Never a Kid
			Igorando Pelo Filtro de Nome...
		Nome do Produto: The Comeback Kid
			Igorando Pelo Filtro de Nome...
		Nome do Produto: Still a Kid!
			Igorando Pelo Filtro de Nome...
		Nome do Produto: Kid in Chief
			Igorando Pelo Filtro de Nome...
		Nome do Produto: Uller Uprising
			Igorando Pelo Filtro de Nome...
		Nome do Produto: Uprising at Bowling Green
			Igorando Pelo Filtro de Nome...
		Nome do Produto: Indian Uprising of 1857-8
			Igorando Pelo Filtro de Nome...
		Nome do Produto: Voo De Icarus, O
			Igorando Pelo Filtro de Nome...
		Nome do Produto: The Wings of Icarus
			Igorando Pelo Filtro de Nome...
		Nome do Produto: Daughters of Icarus
			Igorando Pelo Filtro de Nome...
		Nome do Produto: Uprising in East Germany, 1953
			Igorando Pelo Filtro de Nome...
		Nome do Produto: Gaveteiro Kid
			Igorando Pelo Filtro de Nome...
		Nome do Produto: Boat Kid
			Igorando Pelo Filtro de Nome...
		Nome do Produto: Preacher`s Kid
			Igorando Pelo Filtro de Nome...
		Nome do Produto: Kid`s Toys
			Igorando Pelo Filtro de Nome...
		Nome do Produto: Blucher and the Uprising of Prussia Against Napoleon
			Igorando Pelo Filtro de Nome...
		Nome do Produto: A Kid from Pittsburgh
			Igorando Pelo Filtro de Nome...
		Nome do Produto: Kid Cross Brinquedos Bandeirantes
			Igorando Pelo Filtro de Nome...
		Nome do Produto: The Raisin Bread Kid
			Igorando Pelo Filtro de Nome...
		Nome do Produto: Livro - Hot Kid
			Igorando Pelo Filtro de Nome...
		Nome do Produto: Never a Kid
			Igorando Pelo Filtro de Nome...
		Nome do Produto: The Comeback Kid
			Igorando Pelo Filtro de Nome...
		Nome do Produto: Still a Kid!
			Igorando Pelo Filtro de Nome...
		Nome do Produto: Kid in Chief
			Igorando Pelo Filtro de Nome...
	Tempo Para buscar: 1328
Loja: Ricardo Eletro
	URL Principal: http://www.ricardoeletro.com.br/
	URL Busca: http://www.ricardoeletro.com.br/Busca/Resultado/?q=<BUSCA>
http://www.ricardoeletro.com.br/Busca/Resultado/?q=kid+Icarus+Uprising
		Documento Lido
		Resultados: 0
	Tempo Para buscar: 428
Loja: RiHappy
	URL Principal: http://www.rihappy.com.br/
	URL Busca: http://www.rihappy.com.br/<BUSCA>
http://www.rihappy.com.br/kid%20Icarus%20Uprising
		Documento Lido
		Resultados: 0
	Tempo Para buscar: 743
Loja: Saraiva
	URL Principal: http://www.saraiva.com.br/
	URL Busca: http://busca.saraiva.com.br/?q=<BUSCA>
http://busca.saraiva.com.br/?q=kid+Icarus+Uprising
		Documento Lido
		Resultados: 45
		Nome do Produto: Kids´ Web 1 - Livro do Aluno - 2ª Ed. 2014 + DVD-ROM + CD Áudio
			Igorando Pelo Filtro de Nome...
		Nome do Produto: Kids´ Web 3 - Livro do Aluno - 2ª Ed. 2014 + DVD-ROM + CD Áudio
			Igorando Pelo Filtro de Nome...
		Nome do Produto: Kids´ Web 2 - Livro do Aluno - 2ª Ed. 2014 + DVD-ROM + CD Áudio
			Igorando Pelo Filtro de Nome...
		Nome do Produto: Kids´ Web 4 - Livro do Aluno - 2ª Ed. 2014 + DVD-ROM + CD Áudio
			Igorando Pelo Filtro de Nome...
		Nome do Produto: Karatê Kid II - A Hora da Verdade Continua - Blu-ray
			Igorando Pelo Filtro de Nome...
		Nome do Produto: Kids´ Web 2 - Livro do Aluno - 1ª Ed. 2010
			Igorando Pelo Filtro de Nome...
		Nome do Produto: Kid Vinil - Um Herói do Brasil
			Igorando Pelo Filtro de Nome...
		Nome do Produto: Karate Kid - DVD
			Igorando Pelo Filtro de Nome...
		Nome do Produto: Karatê Kid - A Hora da Verdade - DVD
			Igorando Pelo Filtro de Nome...
		Nome do Produto: Karate Kid - Blu-Ray
			Igorando Pelo Filtro de Nome...
		Nome do Produto: Halo Uprising
			Igorando Pelo Filtro de Nome...
		Nome do Produto: Bob Marley - Uprising Live! - DVD + 2 CDs
			Igorando Pelo Filtro de Nome...
		Nome do Produto: O Lado mais Sombrio
			Igorando Pelo Filtro de Nome...
		Nome do Produto: Cinema Disney
			Igorando Pelo Filtro de Nome...
		Nome do Produto: John Green Collection
			Igorando Pelo Filtro de Nome...
		Nome do Produto: Fangirl – Exclusive Collector´s Edition
			Igorando Pelo Filtro de Nome...
		Nome do Produto: DVD Arrow - 3ª Temporada - 5 Discos
			Igorando Pelo Filtro de Nome...
		Nome do Produto: Magnus Chase And The Sword Of Summer - The Gods Of Asgard 1
			Igorando Pelo Filtro de Nome...
		Nome do Produto: Tilda's Toy Box - Sewing Patterns For Soft Toys And More From The Magical World Of Tilda
			Igorando Pelo Filtro de Nome...
		Nome do Produto: Pes 2015 - Pro Evolution Soccer - Xbox One
			Igorando Pelo Filtro de Nome...
		Nome do Produto: Percy Jackson And The Olympians Hardcover Boxed Set
			Igorando Pelo Filtro de Nome...
		Nome do Produto: Blu-Ray Coleção Rambo - Ultimate Edition - 3 Discos
			Igorando Pelo Filtro de Nome...
		Nome do Produto: Justin Bieber - First Step 2 Forever
			Igorando Pelo Filtro de Nome...
		Nome do Produto: Joyland
			Igorando Pelo Filtro de Nome...
		Nome do Produto: Breathe
			Igorando Pelo Filtro de Nome...
		Nome do Produto: Descendants - Junior Novel
			Igorando Pelo Filtro de Nome...
		Nome do Produto: Top 100 Movie Hits - Box Com 5 DVDs
			Igorando Pelo Filtro de Nome...
		Nome do Produto: DVD Coleção Clint Eastwood - 3 Discos - Exclusivo
			Igorando Pelo Filtro de Nome...
		Nome do Produto: Bita e Os Animais - DVD
			Igorando Pelo Filtro de Nome...
		Nome do Produto: Diary Of A Wimpy Kid 10 – Old School
			Igorando Pelo Filtro de Nome...
		Nome do Produto: Landline
			Igorando Pelo Filtro de Nome...
		Nome do Produto: 5 Seconds Of Summer - Live Sos
			Igorando Pelo Filtro de Nome...
		Nome do Produto: Talking Dreams
			Igorando Pelo Filtro de Nome...
		Nome do Produto: Discoteca Básica - 100 Personalidades e Seus 10 Discos Favoritos
			Igorando Pelo Filtro de Nome...
		Nome do Produto: It's Kind Of A Funny Story
			Igorando Pelo Filtro de Nome...
		Nome do Produto: John Mayer - Box Com 5 CDs - Digipack
			Igorando Pelo Filtro de Nome...
		Nome do Produto: Top 100 Hits - Disco & Dance - 5 DVDs - Exclusivo
			Igorando Pelo Filtro de Nome...
		Nome do Produto: A Pequena Sereia - A Caça ao Tesouro de Ariel - Livro Play-A-Sound
			Igorando Pelo Filtro de Nome...
		Nome do Produto: Wild Cards - Apostas Mortais - Livro 3
			Igorando Pelo Filtro de Nome...
		Nome do Produto: Toy Story Buzz Lightyear - Egg Attack
			Igorando Pelo Filtro de Nome...
		Nome do Produto: Wonder
			Igorando Pelo Filtro de Nome...
		Nome do Produto: Flashpoint- The World Of Flashpoint Featuring The Flash
			Igorando Pelo Filtro de Nome...
		Nome do Produto: The Best Of - Rock & Roll Hall Of Fame - 2 DVDs - Exclusivo
			Igorando Pelo Filtro de Nome...
		Nome do Produto: The Fault In Our Stars
			Igorando Pelo Filtro de Nome...
		Nome do Produto: Mindset
			Igorando Pelo Filtro de Nome...
	Tempo Para buscar: 247
Loja: Shop Facil
	URL Principal: http://ww2.shopfacil.com.br/
	URL Busca: http://ww2.shopfacil.com.br/<BUSCA>
http://ww2.shopfacil.com.br/kid%20Icarus%20Uprising
		Documento Lido
		Resultados: 1
		Nome do Produto: Jogo Nintendo 3DS - Kid Icarus Uprising
http://ww2.shopfacil.com.br/jogo-nintendo-3ds---kid-icarus-uprising-2196974/p
		Acessando URL do produto.
	Tempo Para buscar: 1882
Loja: Shop Time
	URL Principal: http://www.shoptime.com.br/
	URL Busca: http://busca.shoptime.com.br/busca.php?q=<BUSCA>
http://busca.shoptime.com.br/busca.php?q=kid+Icarus+Uprising
		Documento Lido
		Resultados: 20
		Nome do Produto: Microondas Philco PMS24 20 Litros com Tecla Kids Branco Centopéia Colorida K´S Kids Kit De Massinha 1 Art Kids Acrilex Kit De Massinha 6 Art Kids Acrilex Kit De Massinha 5 Art Kids Da Acrilex Kit De Massinha 3 Art Kids Acrilex Kit De Massinha 4 Art Kids Da Acrilex Cama Elástica Quadrada Dino Henri Kids Kids Play Reindeer Mermaids, A Kids G Toalha Com Capuz Kids Mommy Bear Creme Grow Up Yesterdays Rain --- A Kids G The Compton Kids The Zodiac For Kids Moving Journal For Kids Raising High Achieving Kids Kona Forevermore--A Kids Guid Hungry Hearted Kids Speedy Kids Coloring Book 365 Silly Jokes For Kids
			Igorando Pelo Filtro de Nome...
		Nome do Produto: Microondas Philco PMS24 20 Litros com Tecla Kids Branco Centopéia Colorida K´S Kids Kit De Massinha 1 Art Kids Acrilex Kit De Massinha 6 Art Kids Acrilex Kit De Massinha 5 Art Kids Da Acrilex Kit De Massinha 3 Art Kids Acrilex Kit De Massinha 4 Art Kids Da Acrilex Cama Elástica Quadrada Dino Henri Kids Kids Play Reindeer Mermaids, A Kids G Toalha Com Capuz Kids Mommy Bear Creme Grow Up Yesterdays Rain --- A Kids G The Compton Kids The Zodiac For Kids Moving Journal For Kids Raising High Achieving Kids Kona Forevermore--A Kids Guid Hungry Hearted Kids Speedy Kids Coloring Book 365 Silly Jokes For Kids
			Igorando Pelo Filtro de Nome...
		Nome do Produto: Microondas Philco PMS24 20 Litros com Tecla Kids Branco Centopéia Colorida K´S Kids Kit De Massinha 1 Art Kids Acrilex Kit De Massinha 6 Art Kids Acrilex Kit De Massinha 5 Art Kids Da Acrilex Kit De Massinha 3 Art Kids Acrilex Kit De Massinha 4 Art Kids Da Acrilex Cama Elástica Quadrada Dino Henri Kids Kids Play Reindeer Mermaids, A Kids G Toalha Com Capuz Kids Mommy Bear Creme Grow Up Yesterdays Rain --- A Kids G The Compton Kids The Zodiac For Kids Moving Journal For Kids Raising High Achieving Kids Kona Forevermore--A Kids Guid Hungry Hearted Kids Speedy Kids Coloring Book 365 Silly Jokes For Kids
			Igorando Pelo Filtro de Nome...
		Nome do Produto: Microondas Philco PMS24 20 Litros com Tecla Kids Branco Centopéia Colorida K´S Kids Kit De Massinha 1 Art Kids Acrilex Kit De Massinha 6 Art Kids Acrilex Kit De Massinha 5 Art Kids Da Acrilex Kit De Massinha 3 Art Kids Acrilex Kit De Massinha 4 Art Kids Da Acrilex Cama Elástica Quadrada Dino Henri Kids Kids Play Reindeer Mermaids, A Kids G Toalha Com Capuz Kids Mommy Bear Creme Grow Up Yesterdays Rain --- A Kids G The Compton Kids The Zodiac For Kids Moving Journal For Kids Raising High Achieving Kids Kona Forevermore--A Kids Guid Hungry Hearted Kids Speedy Kids Coloring Book 365 Silly Jokes For Kids
			Igorando Pelo Filtro de Nome...
		Nome do Produto: Microondas Philco PMS24 20 Litros com Tecla Kids Branco Centopéia Colorida K´S Kids Kit De Massinha 1 Art Kids Acrilex Kit De Massinha 6 Art Kids Acrilex Kit De Massinha 5 Art Kids Da Acrilex Kit De Massinha 3 Art Kids Acrilex Kit De Massinha 4 Art Kids Da Acrilex Cama Elástica Quadrada Dino Henri Kids Kids Play Reindeer Mermaids, A Kids G Toalha Com Capuz Kids Mommy Bear Creme Grow Up Yesterdays Rain --- A Kids G The Compton Kids The Zodiac For Kids Moving Journal For Kids Raising High Achieving Kids Kona Forevermore--A Kids Guid Hungry Hearted Kids Speedy Kids Coloring Book 365 Silly Jokes For Kids
			Igorando Pelo Filtro de Nome...
		Nome do Produto: Microondas Philco PMS24 20 Litros com Tecla Kids Branco Centopéia Colorida K´S Kids Kit De Massinha 1 Art Kids Acrilex Kit De Massinha 6 Art Kids Acrilex Kit De Massinha 5 Art Kids Da Acrilex Kit De Massinha 3 Art Kids Acrilex Kit De Massinha 4 Art Kids Da Acrilex Cama Elástica Quadrada Dino Henri Kids Kids Play Reindeer Mermaids, A Kids G Toalha Com Capuz Kids Mommy Bear Creme Grow Up Yesterdays Rain --- A Kids G The Compton Kids The Zodiac For Kids Moving Journal For Kids Raising High Achieving Kids Kona Forevermore--A Kids Guid Hungry Hearted Kids Speedy Kids Coloring Book 365 Silly Jokes For Kids
			Igorando Pelo Filtro de Nome...
		Nome do Produto: Microondas Philco PMS24 20 Litros com Tecla Kids Branco Centopéia Colorida K´S Kids Kit De Massinha 1 Art Kids Acrilex Kit De Massinha 6 Art Kids Acrilex Kit De Massinha 5 Art Kids Da Acrilex Kit De Massinha 3 Art Kids Acrilex Kit De Massinha 4 Art Kids Da Acrilex Cama Elástica Quadrada Dino Henri Kids Kids Play Reindeer Mermaids, A Kids G Toalha Com Capuz Kids Mommy Bear Creme Grow Up Yesterdays Rain --- A Kids G The Compton Kids The Zodiac For Kids Moving Journal For Kids Raising High Achieving Kids Kona Forevermore--A Kids Guid Hungry Hearted Kids Speedy Kids Coloring Book 365 Silly Jokes For Kids
			Igorando Pelo Filtro de Nome...
		Nome do Produto: Microondas Philco PMS24 20 Litros com Tecla Kids Branco Centopéia Colorida K´S Kids Kit De Massinha 1 Art Kids Acrilex Kit De Massinha 6 Art Kids Acrilex Kit De Massinha 5 Art Kids Da Acrilex Kit De Massinha 3 Art Kids Acrilex Kit De Massinha 4 Art Kids Da Acrilex Cama Elástica Quadrada Dino Henri Kids Kids Play Reindeer Mermaids, A Kids G Toalha Com Capuz Kids Mommy Bear Creme Grow Up Yesterdays Rain --- A Kids G The Compton Kids The Zodiac For Kids Moving Journal For Kids Raising High Achieving Kids Kona Forevermore--A Kids Guid Hungry Hearted Kids Speedy Kids Coloring Book 365 Silly Jokes For Kids
			Igorando Pelo Filtro de Nome...
		Nome do Produto: Microondas Philco PMS24 20 Litros com Tecla Kids Branco Centopéia Colorida K´S Kids Kit De Massinha 1 Art Kids Acrilex Kit De Massinha 6 Art Kids Acrilex Kit De Massinha 5 Art Kids Da Acrilex Kit De Massinha 3 Art Kids Acrilex Kit De Massinha 4 Art Kids Da Acrilex Cama Elástica Quadrada Dino Henri Kids Kids Play Reindeer Mermaids, A Kids G Toalha Com Capuz Kids Mommy Bear Creme Grow Up Yesterdays Rain --- A Kids G The Compton Kids The Zodiac For Kids Moving Journal For Kids Raising High Achieving Kids Kona Forevermore--A Kids Guid Hungry Hearted Kids Speedy Kids Coloring Book 365 Silly Jokes For Kids
			Igorando Pelo Filtro de Nome...
		Nome do Produto: Microondas Philco PMS24 20 Litros com Tecla Kids Branco Centopéia Colorida K´S Kids Kit De Massinha 1 Art Kids Acrilex Kit De Massinha 6 Art Kids Acrilex Kit De Massinha 5 Art Kids Da Acrilex Kit De Massinha 3 Art Kids Acrilex Kit De Massinha 4 Art Kids Da Acrilex Cama Elástica Quadrada Dino Henri Kids Kids Play Reindeer Mermaids, A Kids G Toalha Com Capuz Kids Mommy Bear Creme Grow Up Yesterdays Rain --- A Kids G The Compton Kids The Zodiac For Kids Moving Journal For Kids Raising High Achieving Kids Kona Forevermore--A Kids Guid Hungry Hearted Kids Speedy Kids Coloring Book 365 Silly Jokes For Kids
			Igorando Pelo Filtro de Nome...
		Nome do Produto: Microondas Philco PMS24 20 Litros com Tecla Kids Branco Centopéia Colorida K´S Kids Kit De Massinha 1 Art Kids Acrilex Kit De Massinha 6 Art Kids Acrilex Kit De Massinha 5 Art Kids Da Acrilex Kit De Massinha 3 Art Kids Acrilex Kit De Massinha 4 Art Kids Da Acrilex Cama Elástica Quadrada Dino Henri Kids Kids Play Reindeer Mermaids, A Kids G Toalha Com Capuz Kids Mommy Bear Creme Grow Up Yesterdays Rain --- A Kids G The Compton Kids The Zodiac For Kids Moving Journal For Kids Raising High Achieving Kids Kona Forevermore--A Kids Guid Hungry Hearted Kids Speedy Kids Coloring Book 365 Silly Jokes For Kids
			Igorando Pelo Filtro de Nome...
		Nome do Produto: Microondas Philco PMS24 20 Litros com Tecla Kids Branco Centopéia Colorida K´S Kids Kit De Massinha 1 Art Kids Acrilex Kit De Massinha 6 Art Kids Acrilex Kit De Massinha 5 Art Kids Da Acrilex Kit De Massinha 3 Art Kids Acrilex Kit De Massinha 4 Art Kids Da Acrilex Cama Elástica Quadrada Dino Henri Kids Kids Play Reindeer Mermaids, A Kids G Toalha Com Capuz Kids Mommy Bear Creme Grow Up Yesterdays Rain --- A Kids G The Compton Kids The Zodiac For Kids Moving Journal For Kids Raising High Achieving Kids Kona Forevermore--A Kids Guid Hungry Hearted Kids Speedy Kids Coloring Book 365 Silly Jokes For Kids
			Igorando Pelo Filtro de Nome...
		Nome do Produto: Microondas Philco PMS24 20 Litros com Tecla Kids Branco Centopéia Colorida K´S Kids Kit De Massinha 1 Art Kids Acrilex Kit De Massinha 6 Art Kids Acrilex Kit De Massinha 5 Art Kids Da Acrilex Kit De Massinha 3 Art Kids Acrilex Kit De Massinha 4 Art Kids Da Acrilex Cama Elástica Quadrada Dino Henri Kids Kids Play Reindeer Mermaids, A Kids G Toalha Com Capuz Kids Mommy Bear Creme Grow Up Yesterdays Rain --- A Kids G The Compton Kids The Zodiac For Kids Moving Journal For Kids Raising High Achieving Kids Kona Forevermore--A Kids Guid Hungry Hearted Kids Speedy Kids Coloring Book 365 Silly Jokes For Kids
			Igorando Pelo Filtro de Nome...
		Nome do Produto: Microondas Philco PMS24 20 Litros com Tecla Kids Branco Centopéia Colorida K´S Kids Kit De Massinha 1 Art Kids Acrilex Kit De Massinha 6 Art Kids Acrilex Kit De Massinha 5 Art Kids Da Acrilex Kit De Massinha 3 Art Kids Acrilex Kit De Massinha 4 Art Kids Da Acrilex Cama Elástica Quadrada Dino Henri Kids Kids Play Reindeer Mermaids, A Kids G Toalha Com Capuz Kids Mommy Bear Creme Grow Up Yesterdays Rain --- A Kids G The Compton Kids The Zodiac For Kids Moving Journal For Kids Raising High Achieving Kids Kona Forevermore--A Kids Guid Hungry Hearted Kids Speedy Kids Coloring Book 365 Silly Jokes For Kids
			Igorando Pelo Filtro de Nome...
		Nome do Produto: Microondas Philco PMS24 20 Litros com Tecla Kids Branco Centopéia Colorida K´S Kids Kit De Massinha 1 Art Kids Acrilex Kit De Massinha 6 Art Kids Acrilex Kit De Massinha 5 Art Kids Da Acrilex Kit De Massinha 3 Art Kids Acrilex Kit De Massinha 4 Art Kids Da Acrilex Cama Elástica Quadrada Dino Henri Kids Kids Play Reindeer Mermaids, A Kids G Toalha Com Capuz Kids Mommy Bear Creme Grow Up Yesterdays Rain --- A Kids G The Compton Kids The Zodiac For Kids Moving Journal For Kids Raising High Achieving Kids Kona Forevermore--A Kids Guid Hungry Hearted Kids Speedy Kids Coloring Book 365 Silly Jokes For Kids
			Igorando Pelo Filtro de Nome...
		Nome do Produto: Microondas Philco PMS24 20 Litros com Tecla Kids Branco Centopéia Colorida K´S Kids Kit De Massinha 1 Art Kids Acrilex Kit De Massinha 6 Art Kids Acrilex Kit De Massinha 5 Art Kids Da Acrilex Kit De Massinha 3 Art Kids Acrilex Kit De Massinha 4 Art Kids Da Acrilex Cama Elástica Quadrada Dino Henri Kids Kids Play Reindeer Mermaids, A Kids G Toalha Com Capuz Kids Mommy Bear Creme Grow Up Yesterdays Rain --- A Kids G The Compton Kids The Zodiac For Kids Moving Journal For Kids Raising High Achieving Kids Kona Forevermore--A Kids Guid Hungry Hearted Kids Speedy Kids Coloring Book 365 Silly Jokes For Kids
			Igorando Pelo Filtro de Nome...
		Nome do Produto: Microondas Philco PMS24 20 Litros com Tecla Kids Branco Centopéia Colorida K´S Kids Kit De Massinha 1 Art Kids Acrilex Kit De Massinha 6 Art Kids Acrilex Kit De Massinha 5 Art Kids Da Acrilex Kit De Massinha 3 Art Kids Acrilex Kit De Massinha 4 Art Kids Da Acrilex Cama Elástica Quadrada Dino Henri Kids Kids Play Reindeer Mermaids, A Kids G Toalha Com Capuz Kids Mommy Bear Creme Grow Up Yesterdays Rain --- A Kids G The Compton Kids The Zodiac For Kids Moving Journal For Kids Raising High Achieving Kids Kona Forevermore--A Kids Guid Hungry Hearted Kids Speedy Kids Coloring Book 365 Silly Jokes For Kids
			Igorando Pelo Filtro de Nome...
		Nome do Produto: Microondas Philco PMS24 20 Litros com Tecla Kids Branco Centopéia Colorida K´S Kids Kit De Massinha 1 Art Kids Acrilex Kit De Massinha 6 Art Kids Acrilex Kit De Massinha 5 Art Kids Da Acrilex Kit De Massinha 3 Art Kids Acrilex Kit De Massinha 4 Art Kids Da Acrilex Cama Elástica Quadrada Dino Henri Kids Kids Play Reindeer Mermaids, A Kids G Toalha Com Capuz Kids Mommy Bear Creme Grow Up Yesterdays Rain --- A Kids G The Compton Kids The Zodiac For Kids Moving Journal For Kids Raising High Achieving Kids Kona Forevermore--A Kids Guid Hungry Hearted Kids Speedy Kids Coloring Book 365 Silly Jokes For Kids
			Igorando Pelo Filtro de Nome...
		Nome do Produto: Microondas Philco PMS24 20 Litros com Tecla Kids Branco Centopéia Colorida K´S Kids Kit De Massinha 1 Art Kids Acrilex Kit De Massinha 6 Art Kids Acrilex Kit De Massinha 5 Art Kids Da Acrilex Kit De Massinha 3 Art Kids Acrilex Kit De Massinha 4 Art Kids Da Acrilex Cama Elástica Quadrada Dino Henri Kids Kids Play Reindeer Mermaids, A Kids G Toalha Com Capuz Kids Mommy Bear Creme Grow Up Yesterdays Rain --- A Kids G The Compton Kids The Zodiac For Kids Moving Journal For Kids Raising High Achieving Kids Kona Forevermore--A Kids Guid Hungry Hearted Kids Speedy Kids Coloring Book 365 Silly Jokes For Kids
			Igorando Pelo Filtro de Nome...
		Nome do Produto: Microondas Philco PMS24 20 Litros com Tecla Kids Branco Centopéia Colorida K´S Kids Kit De Massinha 1 Art Kids Acrilex Kit De Massinha 6 Art Kids Acrilex Kit De Massinha 5 Art Kids Da Acrilex Kit De Massinha 3 Art Kids Acrilex Kit De Massinha 4 Art Kids Da Acrilex Cama Elástica Quadrada Dino Henri Kids Kids Play Reindeer Mermaids, A Kids G Toalha Com Capuz Kids Mommy Bear Creme Grow Up Yesterdays Rain --- A Kids G The Compton Kids The Zodiac For Kids Moving Journal For Kids Raising High Achieving Kids Kona Forevermore--A Kids Guid Hungry Hearted Kids Speedy Kids Coloring Book 365 Silly Jokes For Kids
			Igorando Pelo Filtro de Nome...
	Tempo Para buscar: 474
Loja: ShopB
	URL Principal: http://www.shopb.com.br/
	URL Busca: http://www.shopb.com.br/buscar?q=<BUSCA>
http://www.shopb.com.br/buscar?q=kid+Icarus+Uprising
		Documento Lido
		Resultados: 1
		Nome do Produto: Suporte Nintendo Circle Pad Pro - 3DS
			Igorando Pelo Filtro de Nome...
	Tempo Para buscar: 767
Loja: Submarino
	URL Principal: http://www.submarino.com.br/
	URL Busca: http://busca.submarino.com.br/busca.php?q=<BUSCA>
http://busca.submarino.com.br/busca.php?q=kid+Icarus+Uprising
		Documento Lido
		Resultados: 30
		Nome do Produto: Extrator Manual de Leite Pétala com Mamadeira 125ml SCF330/20 Philips Avent
			Igorando Pelo Filtro de Nome...
		Nome do Produto: Microondas Philco PMS24 20 Litros com Tecla Kids Branco
			Igorando Pelo Filtro de Nome...
		Nome do Produto: Carrinho de Bebê Moving Light ABC Design Branco e Preto
			Igorando Pelo Filtro de Nome...
		Nome do Produto: Create A Yoga Practice For Kids
			Igorando Pelo Filtro de Nome...
		Nome do Produto: Body VR Kids Color
			Igorando Pelo Filtro de Nome...
		Nome do Produto: Centopéia Colorida K´S Kids
			Igorando Pelo Filtro de Nome...
		Nome do Produto: Carro Pliko P3 Compact Geo - Peg-Pérego
			Igorando Pelo Filtro de Nome...
		Nome do Produto: Esterilizador a Vapor para Micro-Ondas - Philips Avent
			Igorando Pelo Filtro de Nome...
		Nome do Produto: Kid Tips
			Igorando Pelo Filtro de Nome...
		Nome do Produto: Kids Coloring Book
			Igorando Pelo Filtro de Nome...
		Nome do Produto: Speedy Kids Coloring Book
			Igorando Pelo Filtro de Nome...
		Nome do Produto: Puzzle Book For Kids
			Igorando Pelo Filtro de Nome...
		Nome do Produto: Yoga For Kids To Teens
			Igorando Pelo Filtro de Nome...
		Nome do Produto: Cama Elástica Triangular Joaninha Henri Kids
			Igorando Pelo Filtro de Nome...
		Nome do Produto: Cama Elástica Quadrada 1m Multicolorida Henri Kids
			Igorando Pelo Filtro de Nome...
		Nome do Produto: Toalha Com Capuz Kids Mommy Bear Creme Grow Up
			Igorando Pelo Filtro de Nome...
		Nome do Produto: Yesterdays Rain --- A Kids G
			Igorando Pelo Filtro de Nome...
		Nome do Produto: The Zodiac For Kids
			Igorando Pelo Filtro de Nome...
		Nome do Produto: Moving Journal For Kids
			Igorando Pelo Filtro de Nome...
		Nome do Produto: Raising High Achieving Kids
			Igorando Pelo Filtro de Nome...
		Nome do Produto: Kona Forevermore--A Kids Guid
			Igorando Pelo Filtro de Nome...
		Nome do Produto: Hungry Hearted Kids
			Igorando Pelo Filtro de Nome...
		Nome do Produto: 365 Silly Jokes For Kids
			Igorando Pelo Filtro de Nome...
		Nome do Produto: Speedy Kids Livre De Coloriage
			Igorando Pelo Filtro de Nome...
		Nome do Produto: Kids These Days
			Igorando Pelo Filtro de Nome...
		Nome do Produto: Activity Book For Kids
			Igorando Pelo Filtro de Nome...
		Nome do Produto: Crossword Puzzles For Kids
			Igorando Pelo Filtro de Nome...
		Nome do Produto: Everything Kids Coloring Book
			Igorando Pelo Filtro de Nome...
		Nome do Produto: Kids Puzzle Book
			Igorando Pelo Filtro de Nome...
		Nome do Produto: Kids Play
			Igorando Pelo Filtro de Nome...
	Tempo Para buscar: 590
Loja: Walmart
	URL Principal: http://www.walmart.com.br/
	URL Busca: http://www.walmart.com.br/busca/?ft=<BUSCA>&PS=20
http://www.walmart.com.br/busca/?ft=kid+Icarus+Uprising&PS=20
		Documento Lido
		Resultados: 20
		Nome do Produto: Moto Elétrica Infantil Kid Connection 6V
			Igorando Pelo Filtro de Nome...
		Nome do Produto: Sacos Para Armazenar Leite Materno 25 Und BB189 MultiKids
			Igorando Pelo Filtro de Nome...
		Nome do Produto: Triciclo Kid Cross Azul - Bandeirante
			Igorando Pelo Filtro de Nome...
		Nome do Produto: Cadeirinha Infantil Kalf para Bicicleta, Suporta Crianças até 25 kg, Cinto de Segurança, Assento Revestido com Almofada de Espuma, Preta- Kid Bike
			Igorando Pelo Filtro de Nome...
		Nome do Produto: Triciclo Infantil Kid Cross Passeio - Bandeirante
			Igorando Pelo Filtro de Nome...
		Nome do Produto: Triciclo Kid Cross Rosa Pedal - Bandeirante
			Igorando Pelo Filtro de Nome...
		Nome do Produto: Miniveículo Elétrico Infantil Kid Connection 6V
			Igorando Pelo Filtro de Nome...
		Nome do Produto: Organizador Para Carro Com Case Para Tablet BB184 MultiKids
			Igorando Pelo Filtro de Nome...
		Nome do Produto: Quadriciclo Elétrico Infantil Bandeirante Kid Passeio EL 6V Vermelho
			Igorando Pelo Filtro de Nome...
		Nome do Produto: Cadeirinha Infantil Kalf para Bicicleta, Suporta Crianças até 25 kg, Cinto de Segurança, Assento Revestido com Almofada de Espuma, Vermelha- Kid Bike
			Igorando Pelo Filtro de Nome...
		Nome do Produto: Brinquedo KIDS CHEF Sorveteria Multikids BR009A
			Igorando Pelo Filtro de Nome...
		Nome do Produto: Kids Chef Multikids Sorveteria
			Igorando Pelo Filtro de Nome...
		Nome do Produto: Kit 2 Escovas de Dente Elétrica Techline Eda Kids Verde/Rosa
			Igorando Pelo Filtro de Nome...
		Nome do Produto: Suporte Redutor Para Vaso Sanitário Menino BB210 MultiKids
			Igorando Pelo Filtro de Nome...
		Nome do Produto: Evita Mofo Secar 180g Kid’s – Azul
			Igorando Pelo Filtro de Nome...
		Nome do Produto: Máquina de Fazer Sorvete Sorveteria Infantil Sorveteira Kids Chef - MLS8 BR009A
			Igorando Pelo Filtro de Nome...
		Nome do Produto: Repelente Kids Proteção Especial para Crianças Repelex 120g
			Igorando Pelo Filtro de Nome...
		Nome do Produto: Sandália Confort Kids Marinho em Couro - Toke
			Igorando Pelo Filtro de Nome...
		Nome do Produto: Quadriciclo Elétrico Infantil Bandeirante Kid Passeio EL 6V Rosa
			Igorando Pelo Filtro de Nome...
		Nome do Produto: Kids Chef Multikids Foundue Maker
			Igorando Pelo Filtro de Nome...
	Tempo Para buscar: 683
Loja: Zig Store
	URL Principal: http://www.zigstore.com.br/
	URL Busca: http://www.zigstore.com.br/pesquisa/?p=<BUSCA>
http://www.zigstore.com.br/pesquisa/?p=kid+Icarus+Uprising
		Documento Lido
		Resultados: 4
		Nome do Produto: PS4 - FIFA 16
			Igorando Pelo Filtro de Nome...
		Nome do Produto: PS4 - Need for Speed
			Igorando Pelo Filtro de Nome...
		Nome do Produto: Call of Duty Modern Warfare 3 - PS3
			Igorando Pelo Filtro de Nome...
		Nome do Produto: PS3 - Os Cavaleiros do Zodiaco: Alma dos Soldados
			Igorando Pelo Filtro de Nome...
	Tempo Para buscar: 81

File copied from E:\WorkSpaces\workspace estudo\lookforprices\resources\imports\css.css to E:\WorkSpaces\workspace estudo\lookforprices\reports\2015-11-28 15\css.css
File copied from E:\WorkSpaces\workspace estudo\lookforprices\resources\imports\jquery.js to E:\WorkSpaces\workspace estudo\lookforprices\reports\2015-11-28 15\jquery.js
File copied from E:\WorkSpaces\workspace estudo\lookforprices\resources\imports\scripts.js to E:\WorkSpaces\workspace estudo\lookforprices\reports\2015-11-28 15\scripts.js
Tempo total de execução: 18310
