Game: Zelda tri force heroes
Product Name: Zelda tri force heroes
Loja: Nintendo eShop
	URL Principal: http://www.nintendo.com/3ds/eshop
	URL Busca: http://www.nintendo.com/json/content/get/game/filter?&qterm=<BUSCA>
NintendoEShopSearch.search() http://www.nintendo.com/json/content/get/game/filter?&qterm=Zelda+tri+force+heroes
		Documento Lido
		Resultados: 1
		Nome do Produto: The Legend of Zelda: Tri Force Heroes
http://www.nintendo.com/games/detail/pjaS5nCJ1sYFb-zGXsyzBQ_dfKQkN2mn
		Acessando URL do produto.
URL = http://www.nintendo.com/games/detail/pjaS5nCJ1sYFb-zGXsyzBQ_dfKQkN2mn
	Tempo Para buscar: 3744
Loja: Americanas
	URL Principal: http://www.americanas.com.br/
	URL Busca: http://busca.americanas.com.br/busca.php?q=<BUSCA>
http://busca.americanas.com.br/busca.php?q=Zelda+tri+force+heroes
		Documento Lido
		Resultados: 30
		Nome do Produto: Smartphone Motorola Moto X Force Dual Chip Desbloqueado Android Lollipop Tela 5.4 64GB 4G Wi-Fi Câmera 21MP - Preto
			Igorando Pelo Filtro de Nome...
		Nome do Produto: Ventilador de Mesa Arno Silence Force 3 Velocidades -  40cm
			Igorando Pelo Filtro de Nome...
		Nome do Produto: Smartphone Motorola Moto X Force Dual Chip Preto 64gb 4g Android 5.1 Lollipop 21mp Tela 5.4
			Igorando Pelo Filtro de Nome...
		Nome do Produto: Sapatilha Tênis Everlast Force - Preto/Branco - 39
			Igorando Pelo Filtro de Nome...
		Nome do Produto: Sapatilha Tênis Everlast Force - Vermelho-Branco - 38
			Igorando Pelo Filtro de Nome...
		Nome do Produto: Sapatilha Tênis Everlast Force - Preto/Verde - 39
			Igorando Pelo Filtro de Nome...
		Nome do Produto: Sapatilha Tênis Everlast Force - Vermelho-Branco - 39
			Igorando Pelo Filtro de Nome...
		Nome do Produto: Sapatilha Tênis Everlast Force - Preto/Verde - 38
			Igorando Pelo Filtro de Nome...
		Nome do Produto: Sapatilha Tênis Everlast Force - Azul-Branco - 39
			Igorando Pelo Filtro de Nome...
		Nome do Produto: T-Shirt Premium Feminina Wonder Woman Nature Force
			Igorando Pelo Filtro de Nome...
		Nome do Produto: Camiseta Feminina Aquaman Force Feminina Feminina
			Igorando Pelo Filtro de Nome...
		Nome do Produto: Camiseta Masculina Dc Comics Aquaman Force
			Igorando Pelo Filtro de Nome...
		Nome do Produto: Sapatilha Tênis Everlast Force - Azul-Branco - 37
			Igorando Pelo Filtro de Nome...
		Nome do Produto: Camiseta Feminina Aquaman Force 2 Feminina Feminina
			Igorando Pelo Filtro de Nome...
		Nome do Produto: Desumidificador de Ambientes Force Line Fora Mofo
			Igorando Pelo Filtro de Nome...
		Nome do Produto: Autotransformador 500VA - Bivolt - Force Line
			Igorando Pelo Filtro de Nome...
		Nome do Produto: Camisa Ciclismo Asw Fun Force
			Igorando Pelo Filtro de Nome...
		Nome do Produto: Lipo Super Hd - Cell Force
			Igorando Pelo Filtro de Nome...
		Nome do Produto: Pingente - Tri Force - Zelda - Folheado A Prata
			Igorando Pelo Filtro de Nome...
		Nome do Produto: Sapatilha Tênis Everlast Force - Azul-Branco - 41
			Igorando Pelo Filtro de Nome...
		Nome do Produto: Bermuda Ciclismo Northwave Force
			Igorando Pelo Filtro de Nome...
		Nome do Produto: Camiseta Feminina Dc Comics Aquaman Force 2
			Igorando Pelo Filtro de Nome...
		Nome do Produto: Camiseta Feminina Dc Comics Aquaman Force 2
			Igorando Pelo Filtro de Nome...
		Nome do Produto: Lethal Force
			Igorando Pelo Filtro de Nome...
		Nome do Produto: Joining Forces With Glory
			Igorando Pelo Filtro de Nome...
		Nome do Produto: Attack Force
			Igorando Pelo Filtro de Nome...
		Nome do Produto: By Force Or Fear
			Igorando Pelo Filtro de Nome...
		Nome do Produto: Vital Force
			Igorando Pelo Filtro de Nome...
		Nome do Produto: Effective Sales Force Automati
			Igorando Pelo Filtro de Nome...
		Nome do Produto: Force Mulberry - The Planning
			Igorando Pelo Filtro de Nome...
	Tempo Para buscar: 445
Loja: Big Boy Games
	URL Principal: http://www.bigboygames.com.br/
	URL Busca: http://www.bigboygames.com.br/pesquisa/?p=<BUSCA>
http://www.bigboygames.com.br/pesquisa/?p=Zelda+tri+force+heroes
		Documento Lido
		Resultados: 4
		Nome do Produto: WiiU - Mario Kart 8
			Igorando Pelo Filtro de Nome...
		Nome do Produto: 3DS - The Legend Of Zelda: Majora's Mask
			Igorando Pelo Filtro de Nome...
		Nome do Produto: PS3 - Deadpool
			Igorando Pelo Filtro de Nome...
		Nome do Produto: PS3 - Copa do Mundo da FIFA Brasil 2014
			Igorando Pelo Filtro de Nome...
	Tempo Para buscar: 58
Loja: Balão da Informática
	URL Principal: https://www.balaodainformatica.com.br/
	URL Busca: https://www.balaodainformatica.com.br/Produtos/Buscar/?busca=<BUSCA>
https://www.balaodainformatica.com.br/Produtos/Buscar/?busca=Zelda+tri+force+heroes
		Documento Lido
		Resultados: 48
		Nome do Produto: Plugue padräo Force (FORCE430) Forceline
			Igorando Pelo Filtro de Nome...
		Nome do Produto: Tomada Granel Force (FORCE428) Forceline
			Igorando Pelo Filtro de Nome...
		Nome do Produto: Pino Adaptador Tripolar para Padrão Novo Force Line 4312 Forceline
			Igorando Pelo Filtro de Nome...
		Nome do Produto: Extanção tripolar 1 tomada 10A 5 metros 4954 preta - FORCE LINE Forceline
			Igorando Pelo Filtro de Nome...
		Nome do Produto: Extensão Tripolar Force Line Forceline
			Igorando Pelo Filtro de Nome...
		Nome do Produto: Extensão tripolar 1 tomada10A 10 metros 4955 preta- FORCE LINE Forceline
			Igorando Pelo Filtro de Nome...
		Nome do Produto: Estabilizador Force Line Eternity 7993 (143316) Forceline
			Igorando Pelo Filtro de Nome...
		Nome do Produto: Régua Extensora Force Line 12-10A-BIV Forceline
			Igorando Pelo Filtro de Nome...
		Nome do Produto: Sony - Tri-PLAY Aventura Sony
			Igorando Pelo Filtro de Nome...
		Nome do Produto: Suporte tri-articulado TV 23 A 55 SBRP145 preto- BRASFORMA Brasforma
			Igorando Pelo Filtro de Nome...
		Nome do Produto: No-Break 700va Office Security 657 Bivolt - Force Line Forceline
			Igorando Pelo Filtro de Nome...
		Nome do Produto: Unidade SSD GSCSSD-F480GBGS-BK Force GS Corsair
			Igorando Pelo Filtro de Nome...
		Nome do Produto: Unidade SSD Corsair Force Series GS CSSD-F360GBGS-BK Corsair
			Igorando Pelo Filtro de Nome...
		Nome do Produto: Auto Transformador Force Line 300VA Bivolt Forceline
			Igorando Pelo Filtro de Nome...
		Nome do Produto: Carregador Portátil para celular 5200MAH - FORCE - VINIK Vinik
			Igorando Pelo Filtro de Nome...
		Nome do Produto: Extensão Tripolar 1 Tomada 10a 3 Metros 4953 Preto Force L
			Igorando Pelo Filtro de Nome...
		Nome do Produto: Extensão Tripolar 1 Tomada 10a 5 Metros 4954 Preta Force L
			Igorando Pelo Filtro de Nome...
		Nome do Produto: Extensão Tripolar 3 Tomadas Branca 5 Metros 10a Force Line
			Igorando Pelo Filtro de Nome...
		Nome do Produto: Suporte Para Cpu Com Rodas Preto 4624 Force Line
			Igorando Pelo Filtro de Nome...
		Nome do Produto: Extensãotripolar 1 Tomada 10a 10 Metros 4955 Preta Force L
			Igorando Pelo Filtro de Nome...
		Nome do Produto: Auto Transformador 300va Bivolt Force Line
			Igorando Pelo Filtro de Nome...
		Nome do Produto: Kit De Ferramentas Com 75 Peças 5459 - Force Line
			Igorando Pelo Filtro de Nome...
		Nome do Produto: Auto Transformador 750va Bivolt Force Line
			Igorando Pelo Filtro de Nome...
		Nome do Produto: Auto Transformador 1010va Bivolt Force Line
			Igorando Pelo Filtro de Nome...
		Nome do Produto: Carregador Portátil Para Celular 5200mah - Force Vinik
			Igorando Pelo Filtro de Nome...
		Nome do Produto: Mouse Pad Qck Heroes Of The Storm 63076 Steelseries
			Igorando Pelo Filtro de Nome...
		Nome do Produto: Alto Falante Bomber Tri 6'' 50w Rms Dianteir Gol 1980 A 200
			Igorando Pelo Filtro de Nome...
		Nome do Produto: Auto Transformador 2000va Bivolt Force Line
			Igorando Pelo Filtro de Nome...
		Nome do Produto: Jogo The Legend Of Zelda: Majora's Mask 3d Nintendo 3ds
			Igorando Pelo Filtro de Nome...
		Nome do Produto: Suporte Tri-articulado Tv 23 A 55
			Igorando Pelo Filtro de Nome...
		Nome do Produto: Jogo The Legend Of Zelda: Triforce Heroes Nintendo 3ds
https://www.balaodainformatica.com.br/http://www.balaodainformatica.com.br/ProdutoAnuncio/1043851/Jogo-The-Legend-Of-Zelda-Triforce-Heroes-Nintendo-3ds
org.jsoup.HttpStatusException: HTTP error fetching URL. Status=400, URL=https://www.balaodainformatica.com.br/http://www.balaodainformatica.com.br/ProdutoAnuncio/1043851/Jogo-The-Legend-Of-Zelda-Triforce-Heroes-Nintendo-3ds
	at org.jsoup.helper.HttpConnection$Response.execute(HttpConnection.java:459)
	at org.jsoup.helper.HttpConnection$Response.execute(HttpConnection.java:434)
	at org.jsoup.helper.HttpConnection.execute(HttpConnection.java:181)
	at org.jsoup.helper.HttpConnection.get(HttpConnection.java:170)
	at comom.Util.readUrlDocument(Util.java:94)
	at interfaces.search.BalaoDaInformaticaSearch.readEachProduct(BalaoDaInformaticaSearch.java:74)
	at interfaces.search.BalaoDaInformaticaSearch.search(BalaoDaInformaticaSearch.java:39)
	at objects.Shop.searchProduct(Shop.java:33)
	at Main.generateHtmlReport(Main.java:101)
	at Main.main(Main.java:66)
Tentando conectar Na Url de outro modo
java.io.IOException: Server returned HTTP response code: 403 for URL: https://www.balaodainformatica.com.br/http://www.balaodainformatica.com.br/ProdutoAnuncio/1043851/Jogo-The-Legend-Of-Zelda-Triforce-Heroes-Nintendo-3ds
	at sun.net.www.protocol.http.HttpURLConnection.getInputStream0(Unknown Source)
	at sun.net.www.protocol.http.HttpURLConnection.getInputStream(Unknown Source)
	at sun.net.www.protocol.https.HttpsURLConnectionImpl.getInputStream(Unknown Source)
	at comom.Util.getPageBuffer(Util.java:138)
	at comom.Util.readUrl(Util.java:106)
	at comom.Util.readUrlDocument(Util.java:98)
	at interfaces.search.BalaoDaInformaticaSearch.readEachProduct(BalaoDaInformaticaSearch.java:74)
	at interfaces.search.BalaoDaInformaticaSearch.search(BalaoDaInformaticaSearch.java:39)
	at objects.Shop.searchProduct(Shop.java:33)
	at Main.generateHtmlReport(Main.java:101)
	at Main.main(Main.java:66)
		Acessando URL do produto.
		Nome do Produto: Ssd Desktop Notebook Corsair Cssd-f120gblsb Force Ls 120gb
			Igorando Pelo Filtro de Nome...
		Nome do Produto: Mouse Laser Heroes Of The Storm 62169 Steelseries
			Igorando Pelo Filtro de Nome...
		Nome do Produto: Headset Turtle Beach Xo Four Ear Force Xbox One + Adaptador
			Igorando Pelo Filtro de Nome...
		Nome do Produto: Ssd Desktop Notebook Corsair Cssd-f240gblsb Force Ls 240gb
			Igorando Pelo Filtro de Nome...
		Nome do Produto: Headset Turtle Beach Xo Seven Ear Force Xbox One + Adaptado
			Igorando Pelo Filtro de Nome...
		Nome do Produto: Ssd Desktop Notebook Corsair Cssd-f480gblsb Force Ls 480gb
			Igorando Pelo Filtro de Nome...
		Nome do Produto: Ssd Desktop Notebook Corsair Cssd-f960gblsb Force Ls 960gb
			Igorando Pelo Filtro de Nome...
		Nome do Produto: Auto Transformador 500va Bivolt Force Line
			Igorando Pelo Filtro de Nome...
		Nome do Produto: Auto Transformador 1500va Bivolt Force Line
			Igorando Pelo Filtro de Nome...
		Nome do Produto: Auto Transformador 3000va Bivolt Force Line
			Igorando Pelo Filtro de Nome...
		Nome do Produto: Headset Xo Four Turtle Beach Ear Force Xbox One + Adaptador
			Igorando Pelo Filtro de Nome...
		Nome do Produto: New Nintendo 3ds Xl Hyrule Gold Edition Zelda
			Igorando Pelo Filtro de Nome...
		Nome do Produto: Headset Xo Seven Turtle Beach Ear Force Xbox One + Adaptado
			Igorando Pelo Filtro de Nome...
		Nome do Produto: Headset C3 Tech Young Hero MI-2336RG C3 tech
			Igorando Pelo Filtro de Nome...
		Nome do Produto: Case Iphone 6 - Big Hero 6
			Igorando Pelo Filtro de Nome...
		Nome do Produto: 12 Pastilhas Anti-embaçantes Hero Go Pro Anti-fog Ahdaf-301
			Igorando Pelo Filtro de Nome...
		Nome do Produto: Capa Original Protetora Silicone Gopro Hero 4 - 3 -3+ Go Pr
			Igorando Pelo Filtro de Nome...
	Tempo Para buscar: 697
Loja: Casas Bahia
	URL Principal: http://www.casasbahia.com.br/
	URL Busca: http://buscas.casasbahia.com.br/search?w=<BUSCA>
http://buscas.casasbahia.com.br/search?w=Zelda+tri+force+heroes
		Documento Lido
		Resultados: 1
	Tempo Para buscar: 1481
Loja: Extra
	URL Principal: http://www.extra.com.br/
	URL Busca: http://buscando.extra.com.br/search?w=<BUSCA>
http://buscando.extra.com.br/search?w=Zelda+tri+force+heroes
		Documento Lido
		Resultados: 1
		Nome do Produto: The Legend of Zelda Tri Force Heroes N3DS
http://buscando.extra.com.br/search?p=R&srid=S1-6SEAP&lbc=extra&w=Zelda%20tri%20force%20heroes&url=http%3a%2f%2fproduto.extra.com.br%2f6920911%3f&rk=1&uid=281228900&sid=2&ts=custom&rsc=bPF4yeEeNJHT0ssa&method=and&isort=score&view=grid
		Acessando URL do produto.
	Tempo Para buscar: 1924
Loja: E-Virtua
	URL Principal: http://www.evirtua.com.br/
	URL Busca: http://www.evirtua.com.br/Busca?search_department_id=0&SearchTerm=<BUSCA>
http://www.evirtua.com.br/Busca?search_department_id=0&SearchTerm=Zelda+tri+force+heroes
		Documento Lido
		Resultados: 1
		Nome do Produto: The Legend of Zelda: TriForce Heroes - 3DS
http://www.evirtua.com.br//the-legend-of-zelda-triforce-heroes-3ds/3846-01
		Acessando URL do produto.
	Tempo Para buscar: 539
Loja: Fast Games
	URL Principal: http://www.fastgames.com.br/
	URL Busca: http://www.fastgames.com.br/loja/busca.php?loja=187970&palavra_busca=<BUSCA>
http://www.fastgames.com.br/loja/busca.php?loja=187970&palavra_busca=Zelda+tri+force+heroes
		Documento Lido
		Resultados: 1
		Nome do Produto: The Legend of Zelda: TriForce Heroes - 3DS
http://www.fastgames.com.br/the-legend-of-zelda-triforce-heroes-3ds-pr-10549-187970.htm
		Acessando URL do produto.
	Tempo Para buscar: 5256
Loja: Fast Shop
	URL Principal: http://www.fastshop.com.br/loja/
	URL Busca: http://www.fastshop.com.br/webapp/wcs/stores/servlet/SearchDisplay?searchTerm=<BUSCA>&categoryId=&storeId=10151&catalogId=11052&langId=-6&pageSize=9&beginIndex=0&sType=SimpleSearch&resultCatEntryType=2&showResultsPage=true&searchSource=Q&pageView=&hotsite=fastshop
http://www.fastshop.com.br/webapp/wcs/stores/servlet/SearchDisplay?searchTerm=Zelda+tri+force+heroes&categoryId=&storeId=10151&catalogId=11052&langId=-6&pageSize=9&beginIndex=0&sType=SimpleSearch&resultCatEntryType=2&showResultsPage=true&searchSource=Q&pageView=&hotsite=fastshop
		Documento Lido
		Resultados: 1
		Nome do Produto: 
			Igorando Pelo Filtro de Nome...
	Tempo Para buscar: 348
Loja: FNAC
	URL Principal: http://www.fnac.com.br/index.html
	URL Busca: http://busca.fnac.com.br/?busca=<BUSCA>
http://busca.fnac.com.br/?busca=Zelda+tri+force+heroes
		Documento Lido
		Resultados: 0
	Tempo Para buscar: 1071
Loja: Kabum
	URL Principal: http://www.kabum.com.br/
	URL Busca: http://www.kabum.com.br/cgi-local/site/listagem/listagem.cgi?string=<BUSCA>&btnG=
http://www.kabum.com.br/cgi-local/site/listagem/listagem.cgi?string=Zelda+tri+force+heroes&btnG=
		Documento Lido
		Resultados: 0
	Tempo Para buscar: 604
Loja: Livraria Cultura
	URL Principal: http://www.livrariacultura.com.br/
	URL Busca: http://www.livrariacultura.com.br/busca?N=0&Ntt=<BUSCA>
http://www.livrariacultura.com.br/busca?N=0&Ntt=Zelda+tri+force+heroes
		Documento Lido
		Resultados: 10
		Nome do Produto: TURN YOUR SALES FORCE INTO PROFIT HEROES:
			Igorando Pelo Filtro de Nome...
		Nome do Produto: AIR FORCE HEROES IN VIETNAM [ILLUSTRATED EDITION]
			Igorando Pelo Filtro de Nome...
		Nome do Produto: AIR FORCE HEROES IN VIETNAM
			Igorando Pelo Filtro de Nome...
		Nome do Produto: AIR FORCE HEROES IN VIETNAM
			Igorando Pelo Filtro de Nome...
		Nome do Produto: AIR FORCE HEROES IN VIETNAM
			Igorando Pelo Filtro de Nome...
		Nome do Produto: MARVEL HEROES ULTIMATE FIGHTING FORCE FOLDOUT TB B
			Igorando Pelo Filtro de Nome...
		Nome do Produto: HEROES OF THE US AIR FORCE
			Igorando Pelo Filtro de Nome...
		Nome do Produto: HEROES OF THE US AIR FORCE
			Igorando Pelo Filtro de Nome...
		Nome do Produto: MEET THE HEROES OF AIR FORCE FLYING CLASS 55N
			Igorando Pelo Filtro de Nome...
		Nome do Produto: HEROES ON THE GO!
			Igorando Pelo Filtro de Nome...
	Tempo Para buscar: 663
Loja: Magazine Luiza
	URL Principal: http://www.magazineluiza.com.br/
	URL Busca: http://www.magazineluiza.com.br/busca/<BUSCA>/
http://www.magazineluiza.com.br/busca/Zelda+tri+force+heroes/
		Documento Lido
		Resultados: 60
		Nome do Produto: Nobreak 700VA Force Line c/ Estabilizador - Filtro de Linha Bivolt 4 Tomadas 1 Bateria Selada
			Igorando Pelo Filtro de Nome...
		Nome do Produto: Nobreak 3000VA Force Line c/ Estabilizador - Filtro de Linha Entrada Bivolt 6 Baterias Seladas
			Igorando Pelo Filtro de Nome...
		Nome do Produto: Nobreak 5000VA Force Line Alta Potência - Estabilizador e Filtro de Linha Entrada Bivolt
			Igorando Pelo Filtro de Nome...
		Nome do Produto: Nobreak 1350VA Force Line Monovolt Estabilizador - Filtro de Linha 4 Tomadas 1 Bateria Selada
			Igorando Pelo Filtro de Nome...
		Nome do Produto: Nobreak 700VA Force Line Monovolt c/ Estabilizador - Filtro de Linha 4 Tomadas 1 Bateria Selada
			Igorando Pelo Filtro de Nome...
		Nome do Produto: Estabilizador 3000VA 4 Tomadas Bivolt - Force Line
			Igorando Pelo Filtro de Nome...
		Nome do Produto: Autotrafo Bivolt 5000VA - Force Line
			Igorando Pelo Filtro de Nome...
		Nome do Produto: Autotrafo Bivolt 3000VA - Force Line
			Igorando Pelo Filtro de Nome...
		Nome do Produto: Estabilizador 300VA 110v - Force Line
			Igorando Pelo Filtro de Nome...
		Nome do Produto: Estabilizador 2000VA 4 Tomadas Bivolt - Force Line
			Igorando Pelo Filtro de Nome...
		Nome do Produto: Massa Post Cell Recovery 60 Cápsulas - Cell Force
			Igorando Pelo Filtro de Nome...
		Nome do Produto: Jogo de Ferramentas com 14 Ferramentas + 61 Peças - Force Line 5459
			Igorando Pelo Filtro de Nome...
		Nome do Produto: Nobreak 1500 VA - Force Line 610
			Igorando Pelo Filtro de Nome...
		Nome do Produto: Filtro de Linha 4 Tomadas Tripolares - Force Line 5005
			Igorando Pelo Filtro de Nome...
		Nome do Produto: Luminaria com 8 LEDs USB/Pilhas - Force Line 6265
			Igorando Pelo Filtro de Nome...
		Nome do Produto: Luminaria com 8 LEDs USB/Pilhas - Force Line 6266
			Igorando Pelo Filtro de Nome...
		Nome do Produto: Estabilizador 1000VA 4 Tomadas Bivolt - Force Line Evolution III
			Igorando Pelo Filtro de Nome...
		Nome do Produto: Filtro de Linha c/ Protetor contra Surtos - Adaptador 10 Tomadas Bivolt - Force Line
			Igorando Pelo Filtro de Nome...
		Nome do Produto: Filtro de Linha c/ Protetor contra Surtos - Adaptador 5 Tomadas Bivolt - Force Line
			Igorando Pelo Filtro de Nome...
		Nome do Produto: Filtro de Linha c/ Protetor contra Surtos - Adaptador 6 Tomadas Bivolt - Force Line
			Igorando Pelo Filtro de Nome...
		Nome do Produto: Filtro de Linha c/ Protetor contra Surtos - Adaptador 6 Tomadas Bivolt - Force Line
			Igorando Pelo Filtro de Nome...
		Nome do Produto: Filtro de Linha c/ Protetor contra Surtos - Adaptador 5 Tomadas Bivolt - Force Line
			Igorando Pelo Filtro de Nome...
		Nome do Produto: Filtro de Linha c/ Protetor contra Surtos - Adaptador 5 Tomadas Bivolt - Force Line
			Igorando Pelo Filtro de Nome...
		Nome do Produto: Régua Extensora com Fusível de Proteção - Adaptador 12 Tomadas Bivolt - Force Line
			Igorando Pelo Filtro de Nome...
		Nome do Produto: Régua Extensora com Entrada 8 Tomadas - Adaptador 8 Tomadas Bivolt - Force Line Eternity
			Igorando Pelo Filtro de Nome...
		Nome do Produto: Protetor Inteligente para Eletrônios - TV, Áudio e Vídeo - Force Line
			Igorando Pelo Filtro de Nome...
		Nome do Produto: Módulo Isolador com Estabilizador 300VA Bivolt - Foce Line
			Igorando Pelo Filtro de Nome...
		Nome do Produto: Aparador de Pelos para Barba/Nariz e Orelhas - 4 Níveis de Ajuste 1 Velocidade Cadence Gladius
			Igorando Pelo Filtro de Nome...
		Nome do Produto: Cooktop 3 Bocas Mueller 3B a Gás - Tripla-Chama Acendimento Superautomático
			Igorando Pelo Filtro de Nome...
		Nome do Produto: Cooktop 5 Bocas Tramontina Penta 5GX Tri 75 a Gás - Inox Superautomático com Tripla Chama
			Igorando Pelo Filtro de Nome...
		Nome do Produto: Ventilador de Mesa Arno Silence Force - 3 Velocidades 30cm
			Igorando Pelo Filtro de Nome...
		Nome do Produto: Ventilador de Mesa Arno Silence Force - 3 Velocidades 30cm
			Igorando Pelo Filtro de Nome...
		Nome do Produto: Super Turbo Force Ultra Concentrado - 60 Cápsulas - Intlab
			Igorando Pelo Filtro de Nome...
		Nome do Produto: Star Wars: The Force Unleashed para Xbox 360 - LucasArts
			Igorando Pelo Filtro de Nome...
		Nome do Produto: Heroes Of The Storm para PC - Blizzard
			Igorando Pelo Filtro de Nome...
		Nome do Produto: Secador de Cabelo 2400W 6 Velocidades Force Íon - Salon Line
			Igorando Pelo Filtro de Nome...
		Nome do Produto: Ventilador de Mesa Arno Silence Force VF40 6 Pás - 3 Velocidades Preto
			Igorando Pelo Filtro de Nome...
		Nome do Produto: Ventilador de Mesa Arno Silence Force VF30 6 Pás - 3 Velocidades Preto
			Igorando Pelo Filtro de Nome...
		Nome do Produto: Ventilador de Mesa Arno Silence Force VF30 6 Pás - 3 Velocidades Preto
			Igorando Pelo Filtro de Nome...
		Nome do Produto: Star Wars: The Force Unleashed II para Xbox 360 - LucasArts
			Igorando Pelo Filtro de Nome...
		Nome do Produto: Ventilador 3 em 1 Arno Silence Force VFM3 - 3 Velocidades Hélice 40cm
			Igorando Pelo Filtro de Nome...
		Nome do Produto: Star Wars: The Force Unleashed II para PS3 - LucasArts
			Igorando Pelo Filtro de Nome...
		Nome do Produto: Cooktop 5 Bocas Tramontina Glass a Gás - Penta R 5GG Tri 70 Tripla Chama
			Igorando Pelo Filtro de Nome...
		Nome do Produto: Bote Inflável 1 Pessoa - Bestway Hydro Force
			Igorando Pelo Filtro de Nome...
		Nome do Produto: Bote Inflável 3 Pessoas - Bestway Hydro Force
			Igorando Pelo Filtro de Nome...
		Nome do Produto: Bote Inflável 3 Pessoas - Bestway Hydro Force
			Igorando Pelo Filtro de Nome...
		Nome do Produto: Pneu Michelin 245/70 R16 Aro 16 - LTX Force para Caminhonete e SUV
			Igorando Pelo Filtro de Nome...
		Nome do Produto: Pneu Michelin 205/70 R15 Aro 15 - LTX Force para Caminhonete e SUV
			Igorando Pelo Filtro de Nome...
		Nome do Produto: Pen Drive 16GB SanDisk - Cruzer Force Software SecureAccess
			Igorando Pelo Filtro de Nome...
		Nome do Produto: Patinete Ben 10 Tri Wheels - Astro Toys
			Igorando Pelo Filtro de Nome...
		Nome do Produto: Barbie Colecionável Insurgente Tris - Mattel
			Igorando Pelo Filtro de Nome...
		Nome do Produto: Playskool Heroes Jurassic World - Tyrannosaurus Rex com Acessório - Hasbro
			Igorando Pelo Filtro de Nome...
		Nome do Produto: Playskool Heroes - Jurassic World - Veículo de Caça Dino Tracker 4x4 - Hasbro
			Igorando Pelo Filtro de Nome...
		Nome do Produto: Playskool Heroes - Jurassic World - Veículo de Caça Dino Tracker Copter com Acessórios
			Igorando Pelo Filtro de Nome...
		Nome do Produto: Playskool Heroes - Jurassic World - Hasbro
			Igorando Pelo Filtro de Nome...
		Nome do Produto: Titan Heroes Transformers - Hasbro
			Igorando Pelo Filtro de Nome...
		Nome do Produto: Playskool Heroes - Jurassic World Dilophosaurus - Hasbro
			Igorando Pelo Filtro de Nome...
		Nome do Produto: Playskool Heroes - Jurassic World Spinosaurus - Hasbro
			Igorando Pelo Filtro de Nome...
		Nome do Produto: Playskool Heroes - Jurassic World Stegosaurus - Hasbro
			Igorando Pelo Filtro de Nome...
		Nome do Produto: Playskool Heroes - Jurassic World Velociraptor - Hasbro
			Igorando Pelo Filtro de Nome...
	Tempo Para buscar: 1864
Loja: Mula Games
	URL Principal: http://www.mulagames.com.br/
	URL Busca: http://www.mulagames.com.br/produtos-index/catalogo_produtos/-/-/<BUSCA>/-/-/-/-/-/
http://www.mulagames.com.br/produtos-index/catalogo_produtos/-/-/Zelda%20tri%20force%20heroes/-/-/-/-/-/
		Documento Lido
		Resultados: 1
		Nome do Produto: The Legend of Zelda: Tri Force Heroes - 3DS
http://www.mulagames.com.br/The-Legend-of-Zelda--Tri-Force-Heroes-3DS/prod-3634221/
		Acessando URL do produto.
http://www.mulagames.com.br/produto-ajax_retorna_dados_preco_comprar/3634221
		Acessando URL do preço produto.
	Tempo Para buscar: 1479
Loja: Net Shoes
	URL Principal: http://www.netshoes.com.br/
	URL Busca: http://www.netshoes.com.br/search?Ntt=<BUSCA>
http://www.netshoes.com.br/search?Ntt=Zelda+tri+force+heroes
		Documento Lido
		Resultados: 60
		Nome do Produto: Tênis Asics Gel Noosa Tri 10
			Igorando Pelo Filtro de Nome...
		Nome do Produto: Tênis Asics Gel Noosa Tri 10
			Igorando Pelo Filtro de Nome...
		Nome do Produto: Tênis Asics Gel Hyper Tri
			Igorando Pelo Filtro de Nome...
		Nome do Produto: Tênis Nike Tri Fusion Run MSL
			Igorando Pelo Filtro de Nome...
		Nome do Produto: Tênis Asics Gel Noosa Tri 10 Accelerate Hope
			Igorando Pelo Filtro de Nome...
		Nome do Produto: Tênis Asics Gel Hyper Tri
			Igorando Pelo Filtro de Nome...
		Nome do Produto: Tênis Asics Gel Noosa Tri 10
			Igorando Pelo Filtro de Nome...
		Nome do Produto: Tênis Nike Son Of Force Mid Winter
			Igorando Pelo Filtro de Nome...
		Nome do Produto: Tênis Nike Son Of Force Mid Winter
			Igorando Pelo Filtro de Nome...
		Nome do Produto: Tênis Asics Gel Noosa Tri 10
			Igorando Pelo Filtro de Nome...
		Nome do Produto: Tênis Nike Force Sky High
			Igorando Pelo Filtro de Nome...
		Nome do Produto: Tênis Nike Force Sky High
			Igorando Pelo Filtro de Nome...
		Nome do Produto: Tênis Asics Gel Noosa Tri 10 Accelerate Hope
			Igorando Pelo Filtro de Nome...
		Nome do Produto: Tênis Asics Gel Noosa Tri 10
			Igorando Pelo Filtro de Nome...
		Nome do Produto: Tênis Asics Gel Noosa Tri 10
			Igorando Pelo Filtro de Nome...
		Nome do Produto: Tênis Nike Tri Fusion Run MSL
			Igorando Pelo Filtro de Nome...
		Nome do Produto: Tênis Nike Tri Fusion Run MSL
			Igorando Pelo Filtro de Nome...
		Nome do Produto: Tênis Olympikus Force
			Igorando Pelo Filtro de Nome...
		Nome do Produto: Camiseta Disney SW Vader Dark Side of The Force Star Wars
			Igorando Pelo Filtro de Nome...
		Nome do Produto: Camiseta Disney SW May The Force Be With You Star Wars
			Igorando Pelo Filtro de Nome...
		Nome do Produto: Camiseta Disney SW Dark Force Side Star Wars
			Igorando Pelo Filtro de Nome...
		Nome do Produto: Camiseta Disney SW Vader Dark Side of The Force Star Wars
			Igorando Pelo Filtro de Nome...
		Nome do Produto: Camiseta Disney SW Vader Dark Side of The Force Star Wars
			Igorando Pelo Filtro de Nome...
		Nome do Produto: Camiseta Disney SW May The Force Be With You Star Wars
			Igorando Pelo Filtro de Nome...
		Nome do Produto: Camiseta Disney SW May The Force Be With You Star Wars
			Igorando Pelo Filtro de Nome...
		Nome do Produto: Camiseta Disney SW Dark Force Side Star Wars
			Igorando Pelo Filtro de Nome...
		Nome do Produto: Camiseta Disney SW Dark Force Side Star Wars
			Igorando Pelo Filtro de Nome...
		Nome do Produto: Tênis Nike Tri Fusion Run MSL
			Igorando Pelo Filtro de Nome...
		Nome do Produto: Tênis Olympikus Force
			Igorando Pelo Filtro de Nome...
		Nome do Produto: Tênis Nike Tri Fusion Run MSL
			Igorando Pelo Filtro de Nome...
		Nome do Produto: Kit Force Acte Sports
			Igorando Pelo Filtro de Nome...
		Nome do Produto: Tênis Asics Gel Hyper Tri
			Igorando Pelo Filtro de Nome...
		Nome do Produto: Tênis Nike Son Of Force Mid Winter
			Igorando Pelo Filtro de Nome...
		Nome do Produto: Camisa de Compressão Under Armour Heroes
			Igorando Pelo Filtro de Nome...
		Nome do Produto: Tênis Everlast Force
			Igorando Pelo Filtro de Nome...
		Nome do Produto: Bermuda de Compressão Asics Triathlon Noosa Tri
			Igorando Pelo Filtro de Nome...
		Nome do Produto: Tênis Nike Tri Fusion Run 4 Infantil
			Igorando Pelo Filtro de Nome...
		Nome do Produto: Biquini Rip Curl Firefly Tri
			Igorando Pelo Filtro de Nome...
		Nome do Produto: Biquini Rip Curl Bamboo Palms Tri
			Igorando Pelo Filtro de Nome...
		Nome do Produto: Tênis Olympikus Force
			Igorando Pelo Filtro de Nome...
		Nome do Produto: Tênis GONEW Force
			Igorando Pelo Filtro de Nome...
		Nome do Produto: Tênis Nike Tri Fusion Run MSL
			Igorando Pelo Filtro de Nome...
		Nome do Produto: Chuteira Under Armour Corespeed Force FG Campo
			Igorando Pelo Filtro de Nome...
		Nome do Produto: Macaquinho Asics Noosa Tri
			Igorando Pelo Filtro de Nome...
		Nome do Produto: Mochila Puma Foundation Tri
			Igorando Pelo Filtro de Nome...
		Nome do Produto: Chuteira Under Armour Clutchfit Force FG Campo
			Igorando Pelo Filtro de Nome...
		Nome do Produto: Tênis Everlast Force
			Igorando Pelo Filtro de Nome...
		Nome do Produto: Camiseta Lost Salem Party Heroes
			Igorando Pelo Filtro de Nome...
		Nome do Produto: Biquini Rip Curl Summer Vibes Tri
			Igorando Pelo Filtro de Nome...
		Nome do Produto: Biquini Rip Curl Tropical Dayze Tri
			Igorando Pelo Filtro de Nome...
		Nome do Produto: Tênis Nike Tri Fusion Run 4 Infantil
			Igorando Pelo Filtro de Nome...
		Nome do Produto: Sapatênis New Spirit Fusion Tri
			Igorando Pelo Filtro de Nome...
		Nome do Produto: Caneleira Puma Power Force 6.11 Slip
			Igorando Pelo Filtro de Nome...
		Nome do Produto: Tênis GONEW Force
			Igorando Pelo Filtro de Nome...
		Nome do Produto: Tênis Nike Tri Fusion Run 4 Infantil
			Igorando Pelo Filtro de Nome...
		Nome do Produto: Tênis Nike Tri Fusion Run 4 Infantil
			Igorando Pelo Filtro de Nome...
		Nome do Produto: Chuteira Under Armour Speed Force FG Campo
			Igorando Pelo Filtro de Nome...
		Nome do Produto: Raquete Tênis de Mesa Vollo Force I
			Igorando Pelo Filtro de Nome...
		Nome do Produto: Tênis Nike Tri Fusion Run 4 Infantil
			Igorando Pelo Filtro de Nome...
		Nome do Produto: Caneleira Puma Power Force 6.11 Slip
			Igorando Pelo Filtro de Nome...
	Tempo Para buscar: 603
Loja: Ponto Frio
	URL Principal: http://www.pontofrio.com.br/
	URL Busca: http://search.pontofrio.com.br/search?w=<BUSCA>
http://search.pontofrio.com.br/search?w=Zelda+tri+force+heroes
		Documento Lido
		Resultados: 1
	Tempo Para buscar: 1516
Loja: Ricardo Eletro
	URL Principal: http://www.ricardoeletro.com.br/
	URL Busca: http://www.ricardoeletro.com.br/Busca/Resultado/?q=<BUSCA>
http://www.ricardoeletro.com.br/Busca/Resultado/?q=Zelda+tri+force+heroes
		Documento Lido
		Resultados: 0
	Tempo Para buscar: 1194
Loja: RiHappy
	URL Principal: http://www.rihappy.com.br/
	URL Busca: http://www.rihappy.com.br/<BUSCA>
http://www.rihappy.com.br/Zelda%20tri%20force%20heroes
		Documento Lido
		Resultados: 0
	Tempo Para buscar: 627
Loja: Saraiva
	URL Principal: http://www.saraiva.com.br/
	URL Busca: http://busca.saraiva.com.br/?q=<BUSCA>
http://busca.saraiva.com.br/?q=Zelda+tri+force+heroes
		Documento Lido
		Resultados: 45
		Nome do Produto: Carteira Samsonite Tri-fold - Cinza
			Igorando Pelo Filtro de Nome...
		Nome do Produto: Carteira Samsonite Tri-fold - Marrom
			Igorando Pelo Filtro de Nome...
		Nome do Produto: Star Wars - The Force Awakens
			Igorando Pelo Filtro de Nome...
		Nome do Produto: Star Wars The Force Awakens Visual Dictionary
			Igorando Pelo Filtro de Nome...
		Nome do Produto: Star Wars The Force Awakens Build A Droid
			Igorando Pelo Filtro de Nome...
		Nome do Produto: Star Wars - The Force Awakens Film Tie In
			Igorando Pelo Filtro de Nome...
		Nome do Produto: Star Wars The Force Awakens - Rey's Survival Guide
			Igorando Pelo Filtro de Nome...
		Nome do Produto: Star Wars The Force Awakens Incredible Cross Sections
			Igorando Pelo Filtro de Nome...
		Nome do Produto: Cabo USB Force Line 3288s Am/bm 2.0 Preto C/ 1,8m
			Igorando Pelo Filtro de Nome...
		Nome do Produto: Star Wars The Force Awakens Magnetic Book And Play Set
			Igorando Pelo Filtro de Nome...
		Nome do Produto: Star Wars The Force Awakens Flashlight Adventure
			Igorando Pelo Filtro de Nome...
		Nome do Produto: Star Wars The Force Awakens Poster Activity Book
			Igorando Pelo Filtro de Nome...
		Nome do Produto: Skylanders Swap Force - Pacote Inicial - PS3
			Igorando Pelo Filtro de Nome...
		Nome do Produto: Skylanders Swap Force Heavy Duty Sprocket / Twin Blade Chop Chop / Scorp
			Igorando Pelo Filtro de Nome...
		Nome do Produto: Star Wars - The Force Awakens Ultimate Sticker Collection
			Igorando Pelo Filtro de Nome...
		Nome do Produto: The Force Unleashed Star Wars
			Igorando Pelo Filtro de Nome...
		Nome do Produto: Skylanders Swap Force Rip Tide Lightcore
			Igorando Pelo Filtro de Nome...
		Nome do Produto: Earth Defense Force: Insect Armageddon - PS3
			Igorando Pelo Filtro de Nome...
		Nome do Produto: Star Wars The Force Awakens Little Sound Book Lightsaber
			Igorando Pelo Filtro de Nome...
		Nome do Produto: Console Playstation 4 - HD 500Gb + Dualshock 4 - Oficial Sony Brasil - PS4
			Igorando Pelo Filtro de Nome...
		Nome do Produto: Kit Coleção Heróis do Olimpo - 5 Volumes
			Igorando Pelo Filtro de Nome...
		Nome do Produto: Crise Nas Infinitas Terras
			Igorando Pelo Filtro de Nome...
		Nome do Produto: O Diário de Anne Frank - Edição Definitiva
			Igorando Pelo Filtro de Nome...
		Nome do Produto: Notebook Dell Inspiron I14-5458-B10b Branco Processador Intel® Core™ i3-4005U, 4Gb, HD 1Tb, 14" W.10
			Igorando Pelo Filtro de Nome...
		Nome do Produto: V de Vingança
			Igorando Pelo Filtro de Nome...
		Nome do Produto: Kit Culpa Das Estrelas + Estrela Nunca Vai Se Apagar
			Igorando Pelo Filtro de Nome...
		Nome do Produto: Notebook Dell Inspiron I15-5548-C20 Prata Processador Intel®Core™I7-5500U 8Gb HD 1Tb 15.6" Touch W10
			Igorando Pelo Filtro de Nome...
		Nome do Produto: Fabulosos X-Men - Revolução
			Igorando Pelo Filtro de Nome...
		Nome do Produto: Os Vingadores - Mundo de Vingadores
			Igorando Pelo Filtro de Nome...
		Nome do Produto: Star Wars - Marcas da Guerra
			Igorando Pelo Filtro de Nome...
		Nome do Produto: Notebook Dell Inspiron I14-5448-C30 Prata Processador Intel®Core™I7-5500U 8Gb HD 1Tb 14"Touch W.10
			Igorando Pelo Filtro de Nome...
		Nome do Produto: À Espera de Romeu
			Igorando Pelo Filtro de Nome...
		Nome do Produto: A Espada do Verão - Magnus Chase e Os Deuses de Asgard
			Igorando Pelo Filtro de Nome...
		Nome do Produto: Box - Jogos Vorazes - A Trilogia
			Igorando Pelo Filtro de Nome...
		Nome do Produto: Harry Potter e A Pedra Filosofal 1
			Igorando Pelo Filtro de Nome...
		Nome do Produto: It - A Coisa
			Igorando Pelo Filtro de Nome...
		Nome do Produto: Star Wars - Manual do Império
			Igorando Pelo Filtro de Nome...
		Nome do Produto: After 5 - Depois Da Promessa
			Igorando Pelo Filtro de Nome...
		Nome do Produto: Curso de Direito Penal - Parte Geral - Vol. I - 18ª Ed. 2016
			Igorando Pelo Filtro de Nome...
		Nome do Produto: Smartphone Motorola Moto X Force Preto 4G Tela 5.4" Android 5.1 Câmera 21Mp Dual Chip 64Gb
			Igorando Pelo Filtro de Nome...
		Nome do Produto: Blu-Ray - Star Wars - A Saga Completa - 9 Discos
			Igorando Pelo Filtro de Nome...
		Nome do Produto: LG G Flex Prata Desbloqueado, Android 4.2, Quad Core 2.3 Ghz, Tela 6", Câmera 13 MP
			Igorando Pelo Filtro de Nome...
		Nome do Produto: After 2 - Depois da Verdade
			Igorando Pelo Filtro de Nome...
		Nome do Produto: Ela Confiou na Vida
			Igorando Pelo Filtro de Nome...
		Nome do Produto: O Iluminado
			Igorando Pelo Filtro de Nome...
	Tempo Para buscar: 355
Loja: Shop Facil
	URL Principal: http://ww2.shopfacil.com.br/
	URL Busca: http://ww2.shopfacil.com.br/<BUSCA>
http://ww2.shopfacil.com.br/Zelda%20tri%20force%20heroes
		Documento Lido
		Resultados: 0
	Tempo Para buscar: 2033
Loja: Shop Time
	URL Principal: http://www.shoptime.com.br/
	URL Busca: http://busca.shoptime.com.br/busca.php?q=<BUSCA>
http://busca.shoptime.com.br/busca.php?q=Zelda+tri+force+heroes
		Documento Lido
		Resultados: 20
		Nome do Produto: Óculos De Grau Carrera Óculos De Grau Carrera Óculos De Grau Carrera Óculos De Grau Carrera Óculos De Grau Carrera Óculos De Grau Carrera Óculos De Grau Carrera Óculos De Sol Gucci Óculos De Sol Gucci Óculos De Grau Gucci Óculos De Grau Gucci Óculos De Grau Gucci Óculos De Grau Gucci Óculos De Grau Gucci Óculos De Grau Gucci Tênis Asics Gel-Noosa Tri 10 - Masculino Óculos De Sol Carrera 87/S Óculos De Sol Carrera Champion/Rubber Óculos De Sol Carrera 89/S Óculos De Sol Carrera 54
			Igorando Pelo Filtro de Nome...
		Nome do Produto: Óculos De Grau Carrera Óculos De Grau Carrera Óculos De Grau Carrera Óculos De Grau Carrera Óculos De Grau Carrera Óculos De Grau Carrera Óculos De Grau Carrera Óculos De Sol Gucci Óculos De Sol Gucci Óculos De Grau Gucci Óculos De Grau Gucci Óculos De Grau Gucci Óculos De Grau Gucci Óculos De Grau Gucci Óculos De Grau Gucci Tênis Asics Gel-Noosa Tri 10 - Masculino Óculos De Sol Carrera 87/S Óculos De Sol Carrera Champion/Rubber Óculos De Sol Carrera 89/S Óculos De Sol Carrera 54
			Igorando Pelo Filtro de Nome...
		Nome do Produto: Óculos De Grau Carrera Óculos De Grau Carrera Óculos De Grau Carrera Óculos De Grau Carrera Óculos De Grau Carrera Óculos De Grau Carrera Óculos De Grau Carrera Óculos De Sol Gucci Óculos De Sol Gucci Óculos De Grau Gucci Óculos De Grau Gucci Óculos De Grau Gucci Óculos De Grau Gucci Óculos De Grau Gucci Óculos De Grau Gucci Tênis Asics Gel-Noosa Tri 10 - Masculino Óculos De Sol Carrera 87/S Óculos De Sol Carrera Champion/Rubber Óculos De Sol Carrera 89/S Óculos De Sol Carrera 54
			Igorando Pelo Filtro de Nome...
		Nome do Produto: Óculos De Grau Carrera Óculos De Grau Carrera Óculos De Grau Carrera Óculos De Grau Carrera Óculos De Grau Carrera Óculos De Grau Carrera Óculos De Grau Carrera Óculos De Sol Gucci Óculos De Sol Gucci Óculos De Grau Gucci Óculos De Grau Gucci Óculos De Grau Gucci Óculos De Grau Gucci Óculos De Grau Gucci Óculos De Grau Gucci Tênis Asics Gel-Noosa Tri 10 - Masculino Óculos De Sol Carrera 87/S Óculos De Sol Carrera Champion/Rubber Óculos De Sol Carrera 89/S Óculos De Sol Carrera 54
			Igorando Pelo Filtro de Nome...
		Nome do Produto: Óculos De Grau Carrera Óculos De Grau Carrera Óculos De Grau Carrera Óculos De Grau Carrera Óculos De Grau Carrera Óculos De Grau Carrera Óculos De Grau Carrera Óculos De Sol Gucci Óculos De Sol Gucci Óculos De Grau Gucci Óculos De Grau Gucci Óculos De Grau Gucci Óculos De Grau Gucci Óculos De Grau Gucci Óculos De Grau Gucci Tênis Asics Gel-Noosa Tri 10 - Masculino Óculos De Sol Carrera 87/S Óculos De Sol Carrera Champion/Rubber Óculos De Sol Carrera 89/S Óculos De Sol Carrera 54
			Igorando Pelo Filtro de Nome...
		Nome do Produto: Óculos De Grau Carrera Óculos De Grau Carrera Óculos De Grau Carrera Óculos De Grau Carrera Óculos De Grau Carrera Óculos De Grau Carrera Óculos De Grau Carrera Óculos De Sol Gucci Óculos De Sol Gucci Óculos De Grau Gucci Óculos De Grau Gucci Óculos De Grau Gucci Óculos De Grau Gucci Óculos De Grau Gucci Óculos De Grau Gucci Tênis Asics Gel-Noosa Tri 10 - Masculino Óculos De Sol Carrera 87/S Óculos De Sol Carrera Champion/Rubber Óculos De Sol Carrera 89/S Óculos De Sol Carrera 54
			Igorando Pelo Filtro de Nome...
		Nome do Produto: Óculos De Grau Carrera Óculos De Grau Carrera Óculos De Grau Carrera Óculos De Grau Carrera Óculos De Grau Carrera Óculos De Grau Carrera Óculos De Grau Carrera Óculos De Sol Gucci Óculos De Sol Gucci Óculos De Grau Gucci Óculos De Grau Gucci Óculos De Grau Gucci Óculos De Grau Gucci Óculos De Grau Gucci Óculos De Grau Gucci Tênis Asics Gel-Noosa Tri 10 - Masculino Óculos De Sol Carrera 87/S Óculos De Sol Carrera Champion/Rubber Óculos De Sol Carrera 89/S Óculos De Sol Carrera 54
			Igorando Pelo Filtro de Nome...
		Nome do Produto: Óculos De Grau Carrera Óculos De Grau Carrera Óculos De Grau Carrera Óculos De Grau Carrera Óculos De Grau Carrera Óculos De Grau Carrera Óculos De Grau Carrera Óculos De Sol Gucci Óculos De Sol Gucci Óculos De Grau Gucci Óculos De Grau Gucci Óculos De Grau Gucci Óculos De Grau Gucci Óculos De Grau Gucci Óculos De Grau Gucci Tênis Asics Gel-Noosa Tri 10 - Masculino Óculos De Sol Carrera 87/S Óculos De Sol Carrera Champion/Rubber Óculos De Sol Carrera 89/S Óculos De Sol Carrera 54
			Igorando Pelo Filtro de Nome...
		Nome do Produto: Óculos De Grau Carrera Óculos De Grau Carrera Óculos De Grau Carrera Óculos De Grau Carrera Óculos De Grau Carrera Óculos De Grau Carrera Óculos De Grau Carrera Óculos De Sol Gucci Óculos De Sol Gucci Óculos De Grau Gucci Óculos De Grau Gucci Óculos De Grau Gucci Óculos De Grau Gucci Óculos De Grau Gucci Óculos De Grau Gucci Tênis Asics Gel-Noosa Tri 10 - Masculino Óculos De Sol Carrera 87/S Óculos De Sol Carrera Champion/Rubber Óculos De Sol Carrera 89/S Óculos De Sol Carrera 54
			Igorando Pelo Filtro de Nome...
		Nome do Produto: Óculos De Grau Carrera Óculos De Grau Carrera Óculos De Grau Carrera Óculos De Grau Carrera Óculos De Grau Carrera Óculos De Grau Carrera Óculos De Grau Carrera Óculos De Sol Gucci Óculos De Sol Gucci Óculos De Grau Gucci Óculos De Grau Gucci Óculos De Grau Gucci Óculos De Grau Gucci Óculos De Grau Gucci Óculos De Grau Gucci Tênis Asics Gel-Noosa Tri 10 - Masculino Óculos De Sol Carrera 87/S Óculos De Sol Carrera Champion/Rubber Óculos De Sol Carrera 89/S Óculos De Sol Carrera 54
			Igorando Pelo Filtro de Nome...
		Nome do Produto: Óculos De Grau Carrera Óculos De Grau Carrera Óculos De Grau Carrera Óculos De Grau Carrera Óculos De Grau Carrera Óculos De Grau Carrera Óculos De Grau Carrera Óculos De Sol Gucci Óculos De Sol Gucci Óculos De Grau Gucci Óculos De Grau Gucci Óculos De Grau Gucci Óculos De Grau Gucci Óculos De Grau Gucci Óculos De Grau Gucci Tênis Asics Gel-Noosa Tri 10 - Masculino Óculos De Sol Carrera 87/S Óculos De Sol Carrera Champion/Rubber Óculos De Sol Carrera 89/S Óculos De Sol Carrera 54
			Igorando Pelo Filtro de Nome...
		Nome do Produto: Óculos De Grau Carrera Óculos De Grau Carrera Óculos De Grau Carrera Óculos De Grau Carrera Óculos De Grau Carrera Óculos De Grau Carrera Óculos De Grau Carrera Óculos De Sol Gucci Óculos De Sol Gucci Óculos De Grau Gucci Óculos De Grau Gucci Óculos De Grau Gucci Óculos De Grau Gucci Óculos De Grau Gucci Óculos De Grau Gucci Tênis Asics Gel-Noosa Tri 10 - Masculino Óculos De Sol Carrera 87/S Óculos De Sol Carrera Champion/Rubber Óculos De Sol Carrera 89/S Óculos De Sol Carrera 54
			Igorando Pelo Filtro de Nome...
		Nome do Produto: Óculos De Grau Carrera Óculos De Grau Carrera Óculos De Grau Carrera Óculos De Grau Carrera Óculos De Grau Carrera Óculos De Grau Carrera Óculos De Grau Carrera Óculos De Sol Gucci Óculos De Sol Gucci Óculos De Grau Gucci Óculos De Grau Gucci Óculos De Grau Gucci Óculos De Grau Gucci Óculos De Grau Gucci Óculos De Grau Gucci Tênis Asics Gel-Noosa Tri 10 - Masculino Óculos De Sol Carrera 87/S Óculos De Sol Carrera Champion/Rubber Óculos De Sol Carrera 89/S Óculos De Sol Carrera 54
			Igorando Pelo Filtro de Nome...
		Nome do Produto: Óculos De Grau Carrera Óculos De Grau Carrera Óculos De Grau Carrera Óculos De Grau Carrera Óculos De Grau Carrera Óculos De Grau Carrera Óculos De Grau Carrera Óculos De Sol Gucci Óculos De Sol Gucci Óculos De Grau Gucci Óculos De Grau Gucci Óculos De Grau Gucci Óculos De Grau Gucci Óculos De Grau Gucci Óculos De Grau Gucci Tênis Asics Gel-Noosa Tri 10 - Masculino Óculos De Sol Carrera 87/S Óculos De Sol Carrera Champion/Rubber Óculos De Sol Carrera 89/S Óculos De Sol Carrera 54
			Igorando Pelo Filtro de Nome...
		Nome do Produto: Óculos De Grau Carrera Óculos De Grau Carrera Óculos De Grau Carrera Óculos De Grau Carrera Óculos De Grau Carrera Óculos De Grau Carrera Óculos De Grau Carrera Óculos De Sol Gucci Óculos De Sol Gucci Óculos De Grau Gucci Óculos De Grau Gucci Óculos De Grau Gucci Óculos De Grau Gucci Óculos De Grau Gucci Óculos De Grau Gucci Tênis Asics Gel-Noosa Tri 10 - Masculino Óculos De Sol Carrera 87/S Óculos De Sol Carrera Champion/Rubber Óculos De Sol Carrera 89/S Óculos De Sol Carrera 54
			Igorando Pelo Filtro de Nome...
		Nome do Produto: Óculos De Grau Carrera Óculos De Grau Carrera Óculos De Grau Carrera Óculos De Grau Carrera Óculos De Grau Carrera Óculos De Grau Carrera Óculos De Grau Carrera Óculos De Sol Gucci Óculos De Sol Gucci Óculos De Grau Gucci Óculos De Grau Gucci Óculos De Grau Gucci Óculos De Grau Gucci Óculos De Grau Gucci Óculos De Grau Gucci Tênis Asics Gel-Noosa Tri 10 - Masculino Óculos De Sol Carrera 87/S Óculos De Sol Carrera Champion/Rubber Óculos De Sol Carrera 89/S Óculos De Sol Carrera 54
			Igorando Pelo Filtro de Nome...
		Nome do Produto: Óculos De Grau Carrera Óculos De Grau Carrera Óculos De Grau Carrera Óculos De Grau Carrera Óculos De Grau Carrera Óculos De Grau Carrera Óculos De Grau Carrera Óculos De Sol Gucci Óculos De Sol Gucci Óculos De Grau Gucci Óculos De Grau Gucci Óculos De Grau Gucci Óculos De Grau Gucci Óculos De Grau Gucci Óculos De Grau Gucci Tênis Asics Gel-Noosa Tri 10 - Masculino Óculos De Sol Carrera 87/S Óculos De Sol Carrera Champion/Rubber Óculos De Sol Carrera 89/S Óculos De Sol Carrera 54
			Igorando Pelo Filtro de Nome...
		Nome do Produto: Óculos De Grau Carrera Óculos De Grau Carrera Óculos De Grau Carrera Óculos De Grau Carrera Óculos De Grau Carrera Óculos De Grau Carrera Óculos De Grau Carrera Óculos De Sol Gucci Óculos De Sol Gucci Óculos De Grau Gucci Óculos De Grau Gucci Óculos De Grau Gucci Óculos De Grau Gucci Óculos De Grau Gucci Óculos De Grau Gucci Tênis Asics Gel-Noosa Tri 10 - Masculino Óculos De Sol Carrera 87/S Óculos De Sol Carrera Champion/Rubber Óculos De Sol Carrera 89/S Óculos De Sol Carrera 54
			Igorando Pelo Filtro de Nome...
		Nome do Produto: Óculos De Grau Carrera Óculos De Grau Carrera Óculos De Grau Carrera Óculos De Grau Carrera Óculos De Grau Carrera Óculos De Grau Carrera Óculos De Grau Carrera Óculos De Sol Gucci Óculos De Sol Gucci Óculos De Grau Gucci Óculos De Grau Gucci Óculos De Grau Gucci Óculos De Grau Gucci Óculos De Grau Gucci Óculos De Grau Gucci Tênis Asics Gel-Noosa Tri 10 - Masculino Óculos De Sol Carrera 87/S Óculos De Sol Carrera Champion/Rubber Óculos De Sol Carrera 89/S Óculos De Sol Carrera 54
			Igorando Pelo Filtro de Nome...
		Nome do Produto: Óculos De Grau Carrera Óculos De Grau Carrera Óculos De Grau Carrera Óculos De Grau Carrera Óculos De Grau Carrera Óculos De Grau Carrera Óculos De Grau Carrera Óculos De Sol Gucci Óculos De Sol Gucci Óculos De Grau Gucci Óculos De Grau Gucci Óculos De Grau Gucci Óculos De Grau Gucci Óculos De Grau Gucci Óculos De Grau Gucci Tênis Asics Gel-Noosa Tri 10 - Masculino Óculos De Sol Carrera 87/S Óculos De Sol Carrera Champion/Rubber Óculos De Sol Carrera 89/S Óculos De Sol Carrera 54
			Igorando Pelo Filtro de Nome...
	Tempo Para buscar: 467
Loja: ShopB
	URL Principal: http://www.shopb.com.br/
	URL Busca: http://www.shopb.com.br/buscar?q=<BUSCA>
http://www.shopb.com.br/buscar?q=Zelda+tri+force+heroes
		Documento Lido
		Resultados: 0
	Tempo Para buscar: 982
Loja: Submarino
	URL Principal: http://www.submarino.com.br/
	URL Busca: http://busca.submarino.com.br/busca.php?q=<BUSCA>
http://busca.submarino.com.br/busca.php?q=Zelda+tri+force+heroes
		Documento Lido
		Resultados: 30
		Nome do Produto: Livro - The Legend Of Zelda: Hyrule Historia
			Igorando Pelo Filtro de Nome...
		Nome do Produto: Game The Legend of Zelda - A Link Between Worlds - 3DS
			Igorando Pelo Filtro de Nome...
		Nome do Produto: Pelúcia World of Nintendo - The Legend Of Zelda - Link - DTC
			Igorando Pelo Filtro de Nome...
		Nome do Produto: The Legend Of Zelda: Majoras Mask 3d - 3ds
			Igorando Pelo Filtro de Nome...
		Nome do Produto: Game - The Legend Of Zelda - Majora's Mask 3D - 3DS
			Igorando Pelo Filtro de Nome...
		Nome do Produto: The Legend Of Zelda: Majoras Mask 3d - 3ds
			Igorando Pelo Filtro de Nome...
		Nome do Produto: Game The Legend of Zelda: Ocarina of Time - Nintendo 3D
			Igorando Pelo Filtro de Nome...
		Nome do Produto: Pingente - Tri Force - Zelda - Folheado A Prata
			Igorando Pelo Filtro de Nome...
		Nome do Produto: Boneco Nintendo Amiibo: Zelda - Wii U
			Igorando Pelo Filtro de Nome...
		Nome do Produto: Nintendo Amiibo: Zelda - Wii U
			Igorando Pelo Filtro de Nome...
		Nome do Produto: The Legend Of Zelda Majoras Mask N3ds
			Igorando Pelo Filtro de Nome...
		Nome do Produto: Livro - Bom Dia, Sr. Mandela
			Igorando Pelo Filtro de Nome...
		Nome do Produto: Game The Legend of Zelda - The Wind Waker - Wii U
			Igorando Pelo Filtro de Nome...
		Nome do Produto: Placa Decorativa: Keep Calm and Save Zelda
			Igorando Pelo Filtro de Nome...
		Nome do Produto: Game The Legend of Zelda: Twilight Princess - Wii
			Igorando Pelo Filtro de Nome...
		Nome do Produto: Jogo Nintendo 3ds The Legend Of Zelda: A Link Between Worlds
			Igorando Pelo Filtro de Nome...
		Nome do Produto: Boneco Amiibo Zelda - Wii U
			Igorando Pelo Filtro de Nome...
		Nome do Produto: Livro - Esta Valsa É Minha
			Igorando Pelo Filtro de Nome...
		Nome do Produto: Amiibo - Zelda (Personagem Individual) - Coleção Super Smash Bros - Wii U
			Igorando Pelo Filtro de Nome...
		Nome do Produto: Livro - Querido Scott, Querida Zelda: As Cartas de Amor de F. Scott e Zelda Fitzgerald
			Igorando Pelo Filtro de Nome...
		Nome do Produto: The Legend Of Zelda: The Wind Waker Hd - Wii U
			Igorando Pelo Filtro de Nome...
		Nome do Produto: Livro - A Bruxa Zelda e os 80 Docinhos
			Igorando Pelo Filtro de Nome...
		Nome do Produto: Amiibo - Zelda
			Igorando Pelo Filtro de Nome...
		Nome do Produto: Game Legend of Zelda: Skyward Sword - Wii
			Igorando Pelo Filtro de Nome...
		Nome do Produto: Saia Zelda Daniele Mabe Com Couro
			Igorando Pelo Filtro de Nome...
		Nome do Produto: Livro - Zelda, a Pirata
			Igorando Pelo Filtro de Nome...
		Nome do Produto: The Legend Of Zelda: Ocarina Of Time 3d
			Igorando Pelo Filtro de Nome...
		Nome do Produto: Capa Personalizada Exclusiva Asus Zenfone 5 A501 The Legend Of Zelda - Ga17
			Igorando Pelo Filtro de Nome...
		Nome do Produto: Capa Personalizada Exclusiva Asus Zenfone 6 A600cg A601 The Legend Of Zelda - Ga17
			Igorando Pelo Filtro de Nome...
		Nome do Produto: Capa Personalizada Exclusiva Asus Zenfone Selfie 5.5 Zd551kl The Legend Of Zelda - Ga17
			Igorando Pelo Filtro de Nome...
	Tempo Para buscar: 710
Loja: Walmart
	URL Principal: http://www.walmart.com.br/
	URL Busca: http://www.walmart.com.br/busca/?ft=<BUSCA>&PS=20
http://www.walmart.com.br/busca/?ft=Zelda+tri+force+heroes&PS=20
		Documento Lido
		Resultados: 1
		Nome do Produto: The Legend of Zelda Tri Force Heroes N3DS
http://www.walmart.com.br//the-legend-of-zelda-tri-force-heroes-n3ds/3629647/pr
		Acessando URL do produto.
	Tempo Para buscar: 1071
Loja: Zig Store
	URL Principal: http://www.zigstore.com.br/
	URL Busca: http://www.zigstore.com.br/pesquisa/?p=<BUSCA>
http://www.zigstore.com.br/pesquisa/?p=Zelda+tri+force+heroes
		Documento Lido
		Resultados: 4
		Nome do Produto: WiiU - Splatoon
			Igorando Pelo Filtro de Nome...
		Nome do Produto: Xbox 360 - Ben 10 Omniverse 2
			Igorando Pelo Filtro de Nome...
		Nome do Produto: WiiU - Mario Kart 8
			Igorando Pelo Filtro de Nome...
		Nome do Produto: WiiU - Animal Crossing Amiibo Festival Bundle
			Igorando Pelo Filtro de Nome...
	Tempo Para buscar: 143

File copied from E:\WorkSpaces\workspace estudo\lookforprices\resources\imports\css.css to E:\WorkSpaces\workspace estudo\lookforprices\reports\2016-01-30 02\css.css
File copied from E:\WorkSpaces\workspace estudo\lookforprices\resources\imports\jquery.js to E:\WorkSpaces\workspace estudo\lookforprices\reports\2016-01-30 02\jquery.js
File copied from E:\WorkSpaces\workspace estudo\lookforprices\resources\imports\scripts.js to E:\WorkSpaces\workspace estudo\lookforprices\reports\2016-01-30 02\scripts.js
Tempo total de execução: 29889
