Game: donkey kong country returns
Loja: Nintendo eShop
	URL Principal: http://www.nintendo.com/3ds/eshop
	URL Busca: http://www.nintendo.com/json/content/get/game/filter?&&&&qterm=<BUSCA>
NintendoEShopSearch.search() http://www.nintendo.com/json/content/get/game/filter?&&&&qterm=donkey+kong+country+returns
		Documento Lido
		Resultados: 3
		Nome do Produto: Donkey Kong Country Returns 3D
http://www.nintendo.com/games/detail/zp2Ns75itEVaf0PoEIyv49f2MEBspSeA
		Acessando URL do produto.
URL = http://www.nintendo.com/games/detail/zp2Ns75itEVaf0PoEIyv49f2MEBspSeA
		Nome do Produto: Mario Kart 7
			Igorando Pelo Filtro de Nome...
		Nome do Produto: Donkey Kong Country Returns
http://www.nintendo.com/games/detail/eg4kKvQUjm_NuRUr5LgHM3eoAsFwzOU1
		Acessando URL do produto.
URL = http://www.nintendo.com/games/detail/eg4kKvQUjm_NuRUr5LgHM3eoAsFwzOU1
	Tempo Para buscar: 1640
Loja: Americanas
	URL Principal: http://www.americanas.com.br/
	URL Busca: http://busca.americanas.com.br/busca.php?q=<BUSCA>
http://busca.americanas.com.br/busca.php?q=donkey+kong+country+returns
		Documento Lido
		Resultados: 2
		Nome do Produto: Game Donkey Kong Country Returns - 3DS + Brinde - Chaveiro Metal Donkey Kong
http://busca.americanas.com.br/produto.php?link=http://www.americanas.com.br/produto/113530008/game-donkey-kong-country-returns-3ds-brinde-chaveiro-metal-donkey-kong&ranking=1&sessao=U70MHLGVQPCS7&idbusca=31b33f836ef428fe7c3354ed5902873d29ef5e62&idproduto=113530008
		Acessando URL do produto.
		Nome do Produto: Game Donkey Kong: Country Returns 3D - 3DS
http://busca.americanas.com.br/produto.php?link=http://www.americanas.com.br/produto/113295757/game-donkey-kong-country-returns-3d-3ds&ranking=2&sessao=U70MHLGVQPCS7&idbusca=31b33f836ef428fe7c3354ed5902873d29ef5e62&idproduto=113295757
		Acessando URL do produto.
	Tempo Para buscar: 1847
Loja: Big Boy Games
	URL Principal: http://www.bigboygames.com.br/
	URL Busca: http://www.bigboygames.com.br/pesquisa/?p=<BUSCA>
http://www.bigboygames.com.br/pesquisa/?p=donkey+kong+country+returns
		Documento Lido
		Resultados: 2
		Nome do Produto: Wii - Donkey Kong Country Returns
http://www.bigboygames.com.br/wii-donkey-kong-country-returns-p2327/
		Acessando URL do produto.
		Nome do Produto: 3DS - Donkey Kong Country Returns 3D
http://www.bigboygames.com.br/3ds-donkey-kong-country-returns-3d-p4977/
		Acessando URL do produto.
	Tempo Para buscar: 2656
Loja: Casas Bahia
	URL Principal: http://www.casasbahia.com.br/
	URL Busca: http://buscas.casasbahia.com.br/search?w=<BUSCA>
http://buscas.casasbahia.com.br/search?w=donkey+kong+country+returns
		Documento Lido
		Resultados: 1
		Nome do Produto: Donkey Kong Contry Returns Wii
			Igorando Pelo Filtro de Nome...
		Nome do Produto: Jogo Donkey Kong: Country Returns 3D - 3DS
http://buscas.casasbahia.com.br/search?p=R&srid=S6-USESD01&lbc=casasbahia&w=donkey%20kong%20country%20returns&url=http%3a%2f%2fproduto.casasbahia.com.br%2f2088333%3f&rk=2&uid=507655760&sid=2&ts=custom&rsc=7lTrnhqad2Fq-Pfn&method=and&isort=score&view=grid
		Acessando URL do produto.
	Tempo Para buscar: 3277
Loja: Extra
	URL Principal: http://www.extra.com.br/
	URL Busca: http://buscando.extra.com.br/search?w=<BUSCA>
http://buscando.extra.com.br/search?w=donkey+kong+country+returns
		Documento Lido
		Resultados: 2
		Nome do Produto: Jogo Donkey Kong: Country Returns 3D - 3DS
http://buscando.extra.com.br/search?p=R&srid=S1-USESD02&lbc=extra&w=donkey%20kong%20country%20returns&url=http%3a%2f%2fproduto.extra.com.br%2f2088333%3f&rk=1&uid=507688976&sid=2&ts=custom&rsc=XZnsw9Hw0IUejb4W&method=and&isort=score&view=grid
		Acessando URL do produto.
		Nome do Produto: Donkey Kong Contry Returns Wii
			Igorando Pelo Filtro de Nome...
	Tempo Para buscar: 2911
Loja: E-Virtua
	URL Principal: http://www.evirtua.com.br/
	URL Busca: http://www.evirtua.com.br/Busca?search_department_id=0&SearchTerm=<BUSCA>
http://www.evirtua.com.br/Busca?search_department_id=0&SearchTerm=donkey+kong+country+returns
		Documento Lido
		Resultados: 1
		Nome do Produto: Donkey Kong Country Returns 3D - 3DS
http://www.evirtua.com.br//donkey-kong-country-returns-3d-3ds/3173-01
		Acessando URL do produto.
	Tempo Para buscar: 792
Loja: Fast Games
	URL Principal: http://www.fastgames.com.br/
	URL Busca: http://www.fastgames.com.br/loja/busca.php?loja=187970&palavra_busca=<BUSCA>
http://www.fastgames.com.br/loja/busca.php?loja=187970&palavra_busca=donkey+kong+country+returns
		Documento Lido
		Resultados: 3
		Nome do Produto: Donkey Kong Country Returns - Wii
http://www.fastgames.com.br//donkey-kong-country-returns-wii-pr-2067-187970.htm
		Acessando URL do produto.
		Nome do Produto: Donkey Kong Country Returns 3D - 3DS
http://www.fastgames.com.br//donkey-kong-country-returns-3d-3ds-pr-6405-187970.htm
		Acessando URL do produto.
		Nome do Produto: Mario Kart 7 - 3DS
			Igorando Pelo Filtro de Nome...
	Tempo Para buscar: 3356
Loja: Fast Shop
	URL Principal: http://www.fastshop.com.br/loja/
	URL Busca: http://www.fastshop.com.br/webapp/wcs/stores/servlet/SearchDisplay?searchTerm=<BUSCA>&categoryId=&storeId=10151&catalogId=11052&langId=-6&pageSize=9&beginIndex=0&sType=SimpleSearch&resultCatEntryType=2&showResultsPage=true&searchSource=Q&pageView=&hotsite=fastshop
http://www.fastshop.com.br/webapp/wcs/stores/servlet/SearchDisplay?searchTerm=donkey+kong+country+returns&categoryId=&storeId=10151&catalogId=11052&langId=-6&pageSize=9&beginIndex=0&sType=SimpleSearch&resultCatEntryType=2&showResultsPage=true&searchSource=Q&pageView=&hotsite=fastshop
		Documento Lido
		Resultados: 0
	Tempo Para buscar: 971
Loja: FNAC
	URL Principal: http://www.fnac.com.br/index.html
	URL Busca: http://busca.fnac.com.br/?busca=<BUSCA>
http://busca.fnac.com.br/?busca=donkey+kong+country+returns
		Documento Lido
		Resultados: 20
		Nome do Produto: Cecil Medicina 23/e Com Expert Consult
			Igorando Pelo Filtro de Nome...
		Nome do Produto: Controle Razer Sabertooth
			Igorando Pelo Filtro de Nome...
		Nome do Produto: Medicina Interna de Harrison - 1 E 2
			Igorando Pelo Filtro de Nome...
		Nome do Produto: Oftalmologia Clínica
			Igorando Pelo Filtro de Nome...
		Nome do Produto: Robbins & Cotran - Patologia Bases Patologiacas Para Doenças
			Igorando Pelo Filtro de Nome...
		Nome do Produto: True Blood - 1ª A 7ª Temporada (33 DVDs)
			Igorando Pelo Filtro de Nome...
		Nome do Produto: Game Of Thrones - 1ª A 4ª Temporada Completa (blu-ray) (20 Discos)
			Igorando Pelo Filtro de Nome...
		Nome do Produto: Coleção Big Bang - A Teoria - 1ª A 7ª Temporada (22 DVDs)
			Igorando Pelo Filtro de Nome...
		Nome do Produto: The Vampire Diaries - 1ª A 5ª Temporada (25 DVDs)
			Igorando Pelo Filtro de Nome...
		Nome do Produto: Primeiros Comentários ao Novo Código de Processo Civil
			Igorando Pelo Filtro de Nome...
		Nome do Produto: Cinturão Peitoral Canino Gopro Adogm-001
			Igorando Pelo Filtro de Nome...
		Nome do Produto: 76022 - Super Heroes - X-men Contra A Sentinela
			Igorando Pelo Filtro de Nome...
		Nome do Produto: Anatomia dos Animais Domésticos - Texto E Atlas Colorido
			Igorando Pelo Filtro de Nome...
		Nome do Produto: Game Of Thrones - 1ª A 4ª Temporada Completa (20 DVDs)
			Igorando Pelo Filtro de Nome...
		Nome do Produto: Box True Blood - 1ª A 6ª Temporada (29 DVDs)
			Igorando Pelo Filtro de Nome...
		Nome do Produto: Fundamentos da Biologia Celular
			Igorando Pelo Filtro de Nome...
		Nome do Produto: Bolsa Carteiro P/ Notebook 15,4" Kensington Contour Terrain
			Igorando Pelo Filtro de Nome...
		Nome do Produto: Ps4 Dying Light
			Igorando Pelo Filtro de Nome...
		Nome do Produto: Xbox One Dying Light
			Igorando Pelo Filtro de Nome...
		Nome do Produto: Coleção Familia Soprano (28 DVDs)
			Igorando Pelo Filtro de Nome...
	Tempo Para buscar: 1275
Loja: Kabum
	URL Principal: http://www.kabum.com.br/
	URL Busca: http://www.kabum.com.br/cgi-local/site/listagem/listagem.cgi?string=<BUSCA>&btnG=
http://www.kabum.com.br/cgi-local/site/listagem/listagem.cgi?string=donkey+kong+country+returns&btnG=
		Documento Lido
		Resultados: 0
	Tempo Para buscar: 1414
Loja: Livraria Cultura
	URL Principal: http://www.livrariacultura.com.br/
	URL Busca: http://www.livrariacultura.com.br/busca?N=0&Ntt=<BUSCA>
http://www.livrariacultura.com.br/busca?N=0&Ntt=donkey+kong+country+returns
		Documento Lido
		Resultados: 7
		Nome do Produto: DONKEY KONG COUNTRY RETURNS 3D
http://www.livrariacultura.com.br/p/donkey-kong-country-returns-3d-42744959
		Acessando URL do produto.
		Nome do Produto: DONKEY KONG COUNTRY RETURNS [WITH POSTER]
http://www.livrariacultura.com.br/p/donkey-kong-country-returns-with-poster-22770638
		Acessando URL do produto.
		Nome do Produto: GAME FREAKS 365’S VIDEO GAME GUIDE 2011
			Igorando Pelo Filtro de Nome...
		Nome do Produto: GAME FREAKS 365'S WII REVIEW GUIDE
			Igorando Pelo Filtro de Nome...
		Nome do Produto: DONKEY KONG COUNTRY RETURNS 3D (3DS)
http://www.livrariacultura.com.br/p/donkey-kong-country-returns-3d-3ds-42112046
		Acessando URL do produto.
		Nome do Produto: DONKEY KONG COUNTRY RETURNS (WII)
http://www.livrariacultura.com.br/p/donkey-kong-country-returns-wii-15013857
		Acessando URL do produto.
		Nome do Produto: GAME FREAKS 365'S WII REVIEW GUIDE
			Igorando Pelo Filtro de Nome...
	Tempo Para buscar: 1963
Loja: Magazine Luiza
	URL Principal: http://www.magazineluiza.com.br/
	URL Busca: http://www.magazineluiza.com.br/busca/<BUSCA>/
http://www.magazineluiza.com.br/busca/donkey+kong+country+returns/
java.net.SocketTimeoutException: Read timed out
	at java.net.SocketInputStream.socketRead0(Native Method)
	at java.net.SocketInputStream.socketRead(Unknown Source)
	at java.net.SocketInputStream.read(Unknown Source)
	at java.net.SocketInputStream.read(Unknown Source)
	at java.io.BufferedInputStream.fill(Unknown Source)
	at java.io.BufferedInputStream.read1(Unknown Source)
	at java.io.BufferedInputStream.read(Unknown Source)
	at sun.net.www.http.HttpClient.parseHTTPHeader(Unknown Source)
	at sun.net.www.http.HttpClient.parseHTTP(Unknown Source)
	at sun.net.www.protocol.http.HttpURLConnection.getInputStream0(Unknown Source)
	at sun.net.www.protocol.http.HttpURLConnection.getInputStream(Unknown Source)
	at java.net.HttpURLConnection.getResponseCode(Unknown Source)
	at org.jsoup.helper.HttpConnection$Response.execute(HttpConnection.java:453)
	at org.jsoup.helper.HttpConnection$Response.execute(HttpConnection.java:434)
	at org.jsoup.helper.HttpConnection.execute(HttpConnection.java:181)
	at org.jsoup.helper.HttpConnection.get(HttpConnection.java:170)
	at comom.Util.readUrlDocument(Util.java:94)
	at interfaces.search.MagazineLuizaSearch.readResults(MagazineLuizaSearch.java:92)
	at interfaces.search.MagazineLuizaSearch.search(MagazineLuizaSearch.java:30)
	at objects.Shop.searchProduct(Shop.java:33)
	at Main.generateHtlReport(Main.java:88)
	at Main.main(Main.java:59)
Tentando conectar Na Url de outro modo
java.io.IOException: Server returned HTTP response code: 500 for URL: http://www.magazineluiza.com.br/busca/donkey+kong+country+returns/
	at sun.net.www.protocol.http.HttpURLConnection.getInputStream0(Unknown Source)
	at sun.net.www.protocol.http.HttpURLConnection.getInputStream(Unknown Source)
	at comom.Util.getPageBuffer(Util.java:138)
	at comom.Util.readUrl(Util.java:106)
	at comom.Util.readUrlDocument(Util.java:98)
	at interfaces.search.MagazineLuizaSearch.readResults(MagazineLuizaSearch.java:92)
	at interfaces.search.MagazineLuizaSearch.search(MagazineLuizaSearch.java:30)
	at objects.Shop.searchProduct(Shop.java:33)
	at Main.generateHtlReport(Main.java:88)
	at Main.main(Main.java:59)
		Documento Lido
		Resultados: 0
	Tempo Para buscar: 70761
Loja: Mula Games
	URL Principal: http://www.mulagames.com.br/
	URL Busca: http://www.mulagames.com.br/produtos-index/catalogo_produtos/-/-/<BUSCA>/-/-/-/-/-/
http://www.mulagames.com.br/produtos-index/catalogo_produtos/-/-/donkey%20kong%20country%20returns/-/-/-/-/-/
		Documento Lido
		Resultados: 2
		Nome do Produto: Donkey Kong Country Returns - Wii
http://www.mulagames.com.br/Donkey-Kong-Country-Returns-Wii/prod-468321/
		Acessando URL do produto.
http://www.mulagames.com.br/produto-ajax_retorna_dados_preco_comprar/468321
		Acessando URL do preço produto.
		Nome do Produto: Donkey Kong Country Returns 3D - 3DS
http://www.mulagames.com.br/Donkey-Kong-Country-Returns-3D-3DS/prod-1344698/
		Acessando URL do produto.
http://www.mulagames.com.br/produto-ajax_retorna_dados_preco_comprar/1344698
		Acessando URL do preço produto.
	Tempo Para buscar: 3614
Loja: Net Shoes
	URL Principal: http://www.netshoes.com.br/
	URL Busca: http://www.netshoes.com.br/search?Ntt=<BUSCA>
http://www.netshoes.com.br/search?Ntt=donkey+kong+country+returns
		Documento Lido
		Resultados: 9
		Nome do Produto: Chuteira Puma Momentta Country IT
			Igorando Pelo Filtro de Nome...
		Nome do Produto: Chuteira Puma Momentta Country IT
			Igorando Pelo Filtro de Nome...
		Nome do Produto: Mochila Puma Country
			Igorando Pelo Filtro de Nome...
		Nome do Produto: Luva Kong Hands Pretorian
			Igorando Pelo Filtro de Nome...
		Nome do Produto: Tênis Diversão Country Franjas Infantil
			Igorando Pelo Filtro de Nome...
		Nome do Produto: Minibola Puma Country Fan
			Igorando Pelo Filtro de Nome...
		Nome do Produto: Camiseta Adidas Country
			Igorando Pelo Filtro de Nome...
		Nome do Produto: Bota Freeway Absolut 1
			Igorando Pelo Filtro de Nome...
		Nome do Produto: Bota Freeway Absolut 1
			Igorando Pelo Filtro de Nome...
	Tempo Para buscar: 1702
Loja: Ponto Frio
	URL Principal: http://www.pontofrio.com.br/
	URL Busca: http://search.pontofrio.com.br/search?w=<BUSCA>
http://search.pontofrio.com.br/search?w=donkey+kong+country+returns
		Documento Lido
		Resultados: 1
		Nome do Produto: 
			Igorando Pelo Filtro de Nome...
		Nome do Produto: 
			Igorando Pelo Filtro de Nome...
		Nome do Produto: 
			Igorando Pelo Filtro de Nome...
		Nome do Produto: 
			Igorando Pelo Filtro de Nome...
		Nome do Produto: 
			Igorando Pelo Filtro de Nome...
		Nome do Produto: 
			Igorando Pelo Filtro de Nome...
		Nome do Produto: 
			Igorando Pelo Filtro de Nome...
		Nome do Produto: 
			Igorando Pelo Filtro de Nome...
		Nome do Produto: 
			Igorando Pelo Filtro de Nome...
		Nome do Produto: 
			Igorando Pelo Filtro de Nome...
	Tempo Para buscar: 5828
Loja: Ricardo Eletro
	URL Principal: http://www.ricardoeletro.com.br/
	URL Busca: http://www.ricardoeletro.com.br/Busca/Resultado/?q=<BUSCA>
http://www.ricardoeletro.com.br/Busca/Resultado/?q=donkey+kong+country+returns
		Documento Lido
		Resultados: 0
	Tempo Para buscar: 1147
Loja: RiHappy
	URL Principal: http://www.rihappy.com.br/
	URL Busca: http://www.rihappy.com.br/<BUSCA>
http://www.rihappy.com.br/donkey%20kong%20country%20returns
		Documento Lido
		Resultados: 0
	Tempo Para buscar: 1266
Loja: Saraiva
	URL Principal: http://www.saraiva.com.br/
	URL Busca: http://busca.saraiva.com.br/search?w=<BUSCA>&PAC_ID=129457&ts=ajax
http://busca.saraiva.com.br/search?w=donkey+kong+country+returns&PAC_ID=129457&ts=ajax
		Documento Lido
		Resultados: 30
		Nome do Produto: Donkey Kong Country Tropical Freeze - Wii u
			Igorando Pelo Filtro de Nome...
		Nome do Produto: Kong
			Igorando Pelo Filtro de Nome...
		Nome do Produto: Kong
			Igorando Pelo Filtro de Nome...
		Nome do Produto: Kong
			Igorando Pelo Filtro de Nome...
		Nome do Produto: King-kong
			Igorando Pelo Filtro de Nome...
		Nome do Produto: King-kong
			Igorando Pelo Filtro de Nome...
		Nome do Produto: Hong-kong
			Igorando Pelo Filtro de Nome...
		Nome do Produto: Donkey Cons
			Igorando Pelo Filtro de Nome...
		Nome do Produto: The Donkey-Vous
			Igorando Pelo Filtro de Nome...
		Nome do Produto: Donkey Gospel
			Igorando Pelo Filtro de Nome...
		Nome do Produto: DONKEY SERENADE
			Igorando Pelo Filtro de Nome...
		Nome do Produto: Scarecrow Returns
			Igorando Pelo Filtro de Nome...
		Nome do Produto: Superman Returns
			Igorando Pelo Filtro de Nome...
		Nome do Produto: Superman Returns
			Igorando Pelo Filtro de Nome...
		Nome do Produto: Superman Returns
			Igorando Pelo Filtro de Nome...
		Nome do Produto: Beauty Returns
			Igorando Pelo Filtro de Nome...
		Nome do Produto: Superman Returns
			Igorando Pelo Filtro de Nome...
		Nome do Produto: Superman Returns
			Igorando Pelo Filtro de Nome...
		Nome do Produto: Superman Returns
			Igorando Pelo Filtro de Nome...
		Nome do Produto: Unexpected Returns
			Igorando Pelo Filtro de Nome...
		Nome do Produto: Eugene Returns!
			Igorando Pelo Filtro de Nome...
		Nome do Produto: Eugene Returns!
			Igorando Pelo Filtro de Nome...
		Nome do Produto: Exceptional Returns
			Igorando Pelo Filtro de Nome...
		Nome do Produto: Abiyoyo Returns
			Igorando Pelo Filtro de Nome...
		Nome do Produto: Abiyoyo Returns
			Igorando Pelo Filtro de Nome...
		Nome do Produto: Goldilocks Returns
			Igorando Pelo Filtro de Nome...
		Nome do Produto: Lunar Returns
			Igorando Pelo Filtro de Nome...
		Nome do Produto: Abiyoyo Returns
			Igorando Pelo Filtro de Nome...
		Nome do Produto: Happy Returns
			Igorando Pelo Filtro de Nome...
		Nome do Produto: Goldilocks Returns
			Igorando Pelo Filtro de Nome...
	Tempo Para buscar: 663
Loja: Shop Facil
	URL Principal: http://ww2.shopfacil.com.br/
	URL Busca: http://ww2.shopfacil.com.br/<BUSCA>
http://ww2.shopfacil.com.br/donkey%20kong%20country%20returns
		Documento Lido
		Resultados: 0
	Tempo Para buscar: 1941
Loja: Shop Time
	URL Principal: http://www.shoptime.com.br/
	URL Busca: http://busca.shoptime.com.br/busca.php?q=<BUSCA>
http://busca.shoptime.com.br/busca.php?q=donkey+kong+country+returns
		Documento Lido
		Resultados: 2
		Nome do Produto: Game Donkey Kong Country Returns - 3DS + Brinde - Chaveiro Metal Donkey... Game Donkey Kong: Country Returns 3D - 3DS
http://busca.shoptime.com.br/produto.php?link=http://www.shoptime.com.br/produto/113530008/game-donkey-kong-country-returns-3ds-brinde-chaveiro-metal-donkey-kong&ranking=1&sessao=U70MLFABZUOW7&idbusca=0febd8eaab51aac99abf8a98d18f23a066694025&idproduto=113530008
		Acessando URL do produto.
		Nome do Produto: Game Donkey Kong Country Returns - 3DS + Brinde - Chaveiro Metal Donkey... Game Donkey Kong: Country Returns 3D - 3DS
http://busca.shoptime.com.br/produto.php?link=http://www.shoptime.com.br/produto/113295757/game-donkey-kong-country-returns-3d-3ds&ranking=2&sessao=U70MLFABZUOW7&idbusca=0febd8eaab51aac99abf8a98d18f23a066694025&idproduto=113295757
		Acessando URL do produto.
	Tempo Para buscar: 1391
Loja: ShopB
	URL Principal: http://www.shopb.com.br/
	URL Busca: http://busca.shopb.com.br/?busca=<BUSCA>
http://busca.shopb.com.br/?busca=donkey+kong+country+returns
		Documento Lido
		Resultados: 31
		Nome do Produto: Donkey Kong: Country Returns 3D - 3DS
http://shopb.ecommercesearch.com.br/Busca/Redir?url=http%3a%2f%2fwww.shopb.com.br%2fecommerce_site%2findex.php%3fpg%3dproduto%26cdg%3d4488%26idp%3d39556%26idparceiro%3dp1&esid=39556
		Acessando URL do produto.
		Nome do Produto: 2 Baterias Recarregáveis para Controle XBOX 360 - Microsoft
			Igorando Pelo Filtro de Nome...
		Nome do Produto: Adidas miCoach - PS3
			Igorando Pelo Filtro de Nome...
		Nome do Produto: Base Cooler em Alumínio para Notebook - Cool King
			Igorando Pelo Filtro de Nome...
		Nome do Produto: Bateria e Carregador para Controle XBOX 360 - Play n Charge Preta - Microsoft
			Igorando Pelo Filtro de Nome...
		Nome do Produto: Capa Silicone Controle XBOX 360
			Igorando Pelo Filtro de Nome...
		Nome do Produto: Carregador Duplo Power & Play Charging System para PS3 - Energizer
			Igorando Pelo Filtro de Nome...
		Nome do Produto: Carregador Quadruplo p/ Controles Wireless Charging Station - PS3
			Igorando Pelo Filtro de Nome...
		Nome do Produto: Carregador para Controles Playstation Move - Original Sony - PS3
			Igorando Pelo Filtro de Nome...
		Nome do Produto: Carregador para Controles Playstation Move - PS3
			Igorando Pelo Filtro de Nome...
		Nome do Produto: Case para Controle + Jogo Forza Motorsport 5 Completo - XBOX ONE
			Igorando Pelo Filtro de Nome...
		Nome do Produto: Case para Controle - #Sou Fifeiro
			Igorando Pelo Filtro de Nome...
		Nome do Produto: Command & Conquer Kanes Wrath 3 - XBOX 360
			Igorando Pelo Filtro de Nome...
		Nome do Produto: Controle Arcade Atrox para XBOX 360 - Razer
			Igorando Pelo Filtro de Nome...
		Nome do Produto: Controle Dualshock 3 Com fio Medal of Honor Warfighter - PS3
			Igorando Pelo Filtro de Nome...
		Nome do Produto: Controle Flex Avaí - Com Fio - NEO
			Igorando Pelo Filtro de Nome...
		Nome do Produto: Controle Flex Fluminense - Com Fio - NEO
			Igorando Pelo Filtro de Nome...
		Nome do Produto: Controle Flex Santos - Com Fio - NEO
			Igorando Pelo Filtro de Nome...
		Nome do Produto: Controle Kolke c/ fio Dualshock 2 - PS2
			Igorando Pelo Filtro de Nome...
		Nome do Produto: Controle Motion Controller - Ps Move PS3 - Sony
			Igorando Pelo Filtro de Nome...
		Nome do Produto: Controle Playstation 3 - Wireless - Sem Fio - NEO
			Igorando Pelo Filtro de Nome...
		Nome do Produto: Controle Racing HKS- PS3
			Igorando Pelo Filtro de Nome...
		Nome do Produto: Controle Remoto Multimídia - XBOX 360
			Igorando Pelo Filtro de Nome...
		Nome do Produto: Controle Tomb Raider Wireless - XBOX 360
			Igorando Pelo Filtro de Nome...
		Nome do Produto: Controle USB 2 em 1 Dual Shock Duplo PC e PS3
			Igorando Pelo Filtro de Nome...
		Nome do Produto: Controle Wii U Wireless - Pro Controller - Branco - Original
			Igorando Pelo Filtro de Nome...
		Nome do Produto: Controle Wii U Wireless - Pro Controller - Preto - Original
			Igorando Pelo Filtro de Nome...
		Nome do Produto: Controle Wireless Black Piano + Play n Charge para Controle - XBOX ONE
			Igorando Pelo Filtro de Nome...
		Nome do Produto: Controle Wireless Branco: Edição Especial Camouflage - XBOX 360
			Igorando Pelo Filtro de Nome...
		Nome do Produto: Controle Wireless Cromado Dourado: Edição Especial - XBOX 360
			Igorando Pelo Filtro de Nome...
		Nome do Produto: Controle Wireless Cromado Prata: Edição Especial - XBOX 360
			Igorando Pelo Filtro de Nome...
	Tempo Para buscar: 1510
Loja: Submarino
	URL Principal: http://www.submarino.com.br/
	URL Busca: http://busca.submarino.com.br/busca.php?q=<BUSCA>
http://busca.submarino.com.br/busca.php?q=donkey+kong+country+returns
		Documento Lido
		Resultados: 3
		Nome do Produto: Game Donkey Kong Country Returns - 3DS + Brinde - Chaveiro Metal Donkey Kong
http://busca.submarino.com.br/produto.php?link=http://www.submarino.com.br/produto/113530008/game-donkey-kong-country-returns-3ds-brinde-chaveiro-metal-donkey-kong&ranking=1&sessao=U70MLJ45G3K47&idbusca=df7032c9ebd51e4f2643d2aa5f621fc7435be7b4&idproduto=113530008
		Acessando URL do produto.
		Nome do Produto: Game Donkey Kong Country Returns - Wii
http://busca.submarino.com.br/produto.php?link=http://www.submarino.com.br/produto/109325888/game-donkey-kong-country-returns-wii&ranking=2&sessao=U70MLJ45G3K47&idbusca=df7032c9ebd51e4f2643d2aa5f621fc7435be7b4&idproduto=109325888
		Acessando URL do produto.
java.lang.NullPointerException
	at interfaces.search.SubmarinoSearch.readEachProduct(SubmarinoSearch.java:74)
	at interfaces.search.SubmarinoSearch.search(SubmarinoSearch.java:38)
	at objects.Shop.searchProduct(Shop.java:33)
	at Main.generateHtlReport(Main.java:88)
	at Main.main(Main.java:59)
	Tempo Para buscar: 1951
Loja: Walmart
	URL Principal: http://www.walmart.com.br/
	URL Busca: http://www.walmart.com.br/busca/?ft=<BUSCA>&PS=20
http://www.walmart.com.br/busca/?ft=donkey+kong+country+returns&PS=20
		Documento Lido
		Resultados: 1
		Nome do Produto: (Pré-venda) Wii U Donkey Kong: Country Tropical Freeze
			Igorando Pelo Filtro de Nome...
	Tempo Para buscar: 1548

File copied from C:\java\workspace Estudo\lookforprices\resources\imports\css.css to C:\java\workspace Estudo\lookforprices\reports\2015-05-04 11\css.css
File copied from C:\java\workspace Estudo\lookforprices\resources\imports\jquery.js to C:\java\workspace Estudo\lookforprices\reports\2015-05-04 11\jquery.js
File copied from C:\java\workspace Estudo\lookforprices\resources\imports\scripts.js to C:\java\workspace Estudo\lookforprices\reports\2015-05-04 11\scripts.js
Tempo total de execução: 115439
