Game: Fantasy Life
Loja: Nintendo eShop
	URL Principal: http://www.nintendo.com/3ds/eshop
	URL Busca: http://www.nintendo.com/json/content/get/game/filter?&&&&qterm=<BUSCA>
NintendoEShopSearch.search() http://www.nintendo.com/json/content/get/game/filter?&&&&qterm=Fantasy+Life
		Documento Lido
		Resultados: 20
		Nome do Produto: Fantasy Life
http://www.nintendo.com/games/detail/XxUG3UOFGMJvO0WVl-YBcKpqgPCshcNS
		Acessando URL do produto.
URL = http://www.nintendo.com/games/detail/XxUG3UOFGMJvO0WVl-YBcKpqgPCshcNS
		Nome do Produto: Bravely Default
			Igorando Pelo Filtro de Nome...
		Nome do Produto: Rage of the Gladiator
			Igorando Pelo Filtro de Nome...
		Nome do Produto: WWE All Stars
			Igorando Pelo Filtro de Nome...
		Nome do Produto: Active Life: Magical Carnival
			Igorando Pelo Filtro de Nome...
		Nome do Produto: PETZ Fantasy 3D
			Igorando Pelo Filtro de Nome...
		Nome do Produto: Zumba Fitness
			Igorando Pelo Filtro de Nome...
		Nome do Produto: Final Fantasy: The 4 Heroes of Light
			Igorando Pelo Filtro de Nome...
		Nome do Produto: Puzzle Quest 2
			Igorando Pelo Filtro de Nome...
		Nome do Produto: Rage of the Gladiator
			Igorando Pelo Filtro de Nome...
		Nome do Produto: Glory of Heracles
			Igorando Pelo Filtro de Nome...
		Nome do Produto: LEGO Rock Band
			Igorando Pelo Filtro de Nome...
		Nome do Produto: Final Fantasy Crystal Chronicles My Life as a Darklord
http://www.nintendo.com/games/detail/P6z3RBV52_ZVao1rc-AZjGdBoL7XQhFA
		Acessando URL do produto.
URL = http://www.nintendo.com/games/detail/P6z3RBV52_ZVao1rc-AZjGdBoL7XQhFA
		Nome do Produto: Bella Sara
			Igorando Pelo Filtro de Nome...
		Nome do Produto: Final Fantasy IV
			Igorando Pelo Filtro de Nome...
		Nome do Produto: Final Fantasy Crystal Chronicles: My Life as a King
http://www.nintendo.com/games/detail/9_L8X5UTAP8pDrGaJgoII7yMg3B5MhR5
		Acessando URL do produto.
URL = http://www.nintendo.com/games/detail/9_L8X5UTAP8pDrGaJgoII7yMg3B5MhR5
		Nome do Produto: Fullmetal Alchemist Trading Card Game
			Igorando Pelo Filtro de Nome...
		Nome do Produto: Rune Factory: A Fantasy Harvest Moon
			Igorando Pelo Filtro de Nome...
		Nome do Produto: Super Swing Golf
			Igorando Pelo Filtro de Nome...
		Nome do Produto: Final Fantasy III
			Igorando Pelo Filtro de Nome...
	Tempo Para buscar: 3247
Loja: Americanas
	URL Principal: http://www.americanas.com.br/
	URL Busca: http://busca.americanas.com.br/busca.php?q=<BUSCA>
http://busca.americanas.com.br/busca.php?q=Fantasy+Life
		Documento Lido
		Resultados: 1
		Nome do Produto: Fantasy Life
http://busca.americanas.com.br/produto.php?link=http://www.americanas.com.br/produto/8935051/fantasy-life&ranking=1&sessao=U70O3OZI2XCC7&idbusca=cf8c28b5512720d7c19ccdd2286abf9538f27ff2&idproduto=8935051
		Acessando URL do produto.
	Tempo Para buscar: 1274
Loja: Big Boy Games
	URL Principal: http://www.bigboygames.com.br/
	URL Busca: http://www.bigboygames.com.br/pesquisa/?p=<BUSCA>
http://www.bigboygames.com.br/pesquisa/?p=Fantasy+Life
		Documento Lido
		Resultados*: 1
		Acessando URL do produto.
	Tempo Para buscar: 991
Loja: Casas Bahia
	URL Principal: http://www.casasbahia.com.br/
	URL Busca: http://buscas.casasbahia.com.br/search?w=<BUSCA>
http://buscas.casasbahia.com.br/search?w=Fantasy+Life
		Documento Lido
		Resultados: 1
		Nome do Produto: Fantasy Life
http://buscas.casasbahia.com.br/search?p=R&srid=S6-USESD02&lbc=casasbahia&w=Fantasy%20Life&url=http%3a%2f%2fproduto.casasbahia.com.br%2f4598878%3f&rk=1&uid=524012111&sid=2&ts=custom&rsc=IoQ-n2hRD3UVpjW3&method=and&isort=score&view=grid
		Acessando URL do produto.
		Nome do Produto: Fantasy Stories of the Life Cycles in Nature Making Science Enjoyable
http://buscas.casasbahia.com.br/search?p=R&srid=S6-USESD02&lbc=casasbahia&w=Fantasy%20Life&url=http%3a%2f%2fproduto.casasbahia.com.br%2f4708214%3f&rk=2&uid=524012111&sid=2&ts=custom&rsc=Vbi-3DPqKPouxQ31&method=and&isort=score&view=grid
		Acessando URL do produto.
		Nome do Produto: Life
			Igorando Pelo Filtro de Nome...
		Nome do Produto: Fantasy Soccer
			Igorando Pelo Filtro de Nome...
		Nome do Produto: Fantasy Hockey
			Igorando Pelo Filtro de Nome...
		Nome do Produto: Swiss Life
			Igorando Pelo Filtro de Nome...
		Nome do Produto: Fantasy Football for Winners
			Igorando Pelo Filtro de Nome...
		Nome do Produto: Writing Fantasy Heroes
			Igorando Pelo Filtro de Nome...
		Nome do Produto: Fantasy Basketball Handbook
			Igorando Pelo Filtro de Nome...
		Nome do Produto: Dismantling the Fantasy
			Igorando Pelo Filtro de Nome...
		Nome do Produto: A Life Without Edges
			Igorando Pelo Filtro de Nome...
		Nome do Produto: A Life Less Interrupted
			Igorando Pelo Filtro de Nome...
		Nome do Produto: Fantasy Football (Soccer to Yanks)
			Igorando Pelo Filtro de Nome...
		Nome do Produto: Turning the Page of Life
			Igorando Pelo Filtro de Nome...
		Nome do Produto: The Music of Your Life
			Igorando Pelo Filtro de Nome...
		Nome do Produto: Life in a Slower Lane
			Igorando Pelo Filtro de Nome...
		Nome do Produto: Movies and the Meaning of Life
			Igorando Pelo Filtro de Nome...
		Nome do Produto: Beyond the Horse`s Eye -- A Fantasy Out of Time
			Igorando Pelo Filtro de Nome...
		Nome do Produto: My Life from Hell (the Blooming Goddess Trilogy Book Three)
			Igorando Pelo Filtro de Nome...
		Nome do Produto: Confident Music Would Fly Us to Paradise
			Igorando Pelo Filtro de Nome...
	Tempo Para buscar: 9443
Loja: Extra
	URL Principal: http://www.extra.com.br/
	URL Busca: http://buscando.extra.com.br/search?w=<BUSCA>
http://buscando.extra.com.br/search?w=Fantasy+Life
		Documento Lido
		Resultados: 12
		Nome do Produto: Fantasy Life
http://buscando.extra.com.br/search?p=R&srid=S1-USCDR01&lbc=extra&w=Fantasy%20Life&url=http%3a%2f%2fproduto.extra.com.br%2f4598878%3f&rk=1&uid=524106208&sid=2&ts=custom&rsc=athbY2njmf1Dk7ej&method=and&isort=score&view=grid
		Acessando URL do produto.
		Nome do Produto: Fantasy Stories of the Life Cycles in Nature Making Science Enjoyable
http://buscando.extra.com.br/search?p=R&srid=S1-USCDR01&lbc=extra&w=Fantasy%20Life&url=http%3a%2f%2fproduto.extra.com.br%2f4708214%3f&rk=2&uid=524106208&sid=2&ts=custom&rsc=Xw4yyTt1Sx1fgGug&method=and&isort=score&view=grid
		Acessando URL do produto.
		Nome do Produto: Life
			Igorando Pelo Filtro de Nome...
		Nome do Produto: Fantasy Soccer
			Igorando Pelo Filtro de Nome...
		Nome do Produto: Fantasy Hockey
			Igorando Pelo Filtro de Nome...
		Nome do Produto: Swiss Life
			Igorando Pelo Filtro de Nome...
		Nome do Produto: Fantasy Football for Winners
			Igorando Pelo Filtro de Nome...
		Nome do Produto: Writing Fantasy Heroes
			Igorando Pelo Filtro de Nome...
		Nome do Produto: Fantasy Basketball Handbook
			Igorando Pelo Filtro de Nome...
		Nome do Produto: Dismantling the Fantasy
			Igorando Pelo Filtro de Nome...
		Nome do Produto: A Life Without Edges
			Igorando Pelo Filtro de Nome...
		Nome do Produto: A Life Less Interrupted
			Igorando Pelo Filtro de Nome...
	Tempo Para buscar: 3006
Loja: E-Virtua
	URL Principal: http://www.evirtua.com.br/
	URL Busca: http://www.evirtua.com.br/Busca?search_department_id=0&SearchTerm=<BUSCA>
http://www.evirtua.com.br/Busca?search_department_id=0&SearchTerm=Fantasy+Life
		Documento Lido
		Resultados: 1
		Nome do Produto: Fantasy Life - Nintendo 3DS
http://www.evirtua.com.br//fantasy-life-nintendo-3ds/3661-01
		Acessando URL do produto.
	Tempo Para buscar: 411
Loja: Fast Games
	URL Principal: http://www.fastgames.com.br/
	URL Busca: http://www.fastgames.com.br/loja/busca.php?loja=187970&palavra_busca=<BUSCA>
http://www.fastgames.com.br/loja/busca.php?loja=187970&palavra_busca=Fantasy+Life
		Documento Lido
		Resultados: 0
	Tempo Para buscar: 365
Loja: Fast Shop
	URL Principal: http://www.fastshop.com.br/loja/
	URL Busca: http://www.fastshop.com.br/webapp/wcs/stores/servlet/SearchDisplay?searchTerm=<BUSCA>&categoryId=&storeId=10151&catalogId=11052&langId=-6&pageSize=9&beginIndex=0&sType=SimpleSearch&resultCatEntryType=2&showResultsPage=true&searchSource=Q&pageView=&hotsite=fastshop
http://www.fastshop.com.br/webapp/wcs/stores/servlet/SearchDisplay?searchTerm=Fantasy+Life&categoryId=&storeId=10151&catalogId=11052&langId=-6&pageSize=9&beginIndex=0&sType=SimpleSearch&resultCatEntryType=2&showResultsPage=true&searchSource=Q&pageView=&hotsite=fastshop
		Documento Lido
		Resultados: 0
	Tempo Para buscar: 801
Loja: FNAC
	URL Principal: http://www.fnac.com.br/index.html
	URL Busca: http://busca.fnac.com.br/?busca=<BUSCA>
http://busca.fnac.com.br/?busca=Fantasy+Life
		Documento Lido
		Resultados: 21
		Nome do Produto: Fantoche Animais Selvagens - Lobo A Partir de 3 Anos
			Igorando Pelo Filtro de Nome...
	Tempo Para buscar: 1077
Loja: Kabum
	URL Principal: http://www.kabum.com.br/
	URL Busca: http://www.kabum.com.br/cgi-local/site/listagem/listagem.cgi?string=<BUSCA>&btnG=
http://www.kabum.com.br/cgi-local/site/listagem/listagem.cgi?string=Fantasy+Life&btnG=
		Documento Lido
		Resultados: 0
	Tempo Para buscar: 330
Loja: Livraria Cultura
	URL Principal: http://www.livrariacultura.com.br/
	URL Busca: http://www.livrariacultura.com.br/busca?N=0&Ntt=<BUSCA>
http://www.livrariacultura.com.br/busca?N=0&Ntt=Fantasy+Life
		Documento Lido
		Resultados: 48
		Nome do Produto: SAGA, V.1
			Igorando Pelo Filtro de Nome...
		Nome do Produto: THE GOBLIN EMPEROR
			Igorando Pelo Filtro de Nome...
		Nome do Produto: UNFORGETTABLE HEROES BOXED SET
			Igorando Pelo Filtro de Nome...
		Nome do Produto: FANTASY LIFE
http://www.livrariacultura.com.br/p/fantasy-life-17166104
		Acessando URL do produto.
		Nome do Produto: FANTASY LIFE
http://www.livrariacultura.com.br/p/fantasy-life-42064563
		Acessando URL do produto.
		Nome do Produto: FANTASY LIFE
http://www.livrariacultura.com.br/p/fantasy-life-84220015
		Acessando URL do produto.
		Nome do Produto: FANTASY LIFE
http://www.livrariacultura.com.br/p/fantasy-life-22098360
		Acessando URL do produto.
		Nome do Produto: FANTASY LIFE: POEMS
http://www.livrariacultura.com.br/p/fantasy-life-poems-60539588
		Acessando URL do produto.
		Nome do Produto: TINA'S WET DREAM (MASTURBATION FANTASY EROTICA)
			Igorando Pelo Filtro de Nome...
		Nome do Produto: THE LIFE AND TIMES OF THUNDERBOLT KID
			Igorando Pelo Filtro de Nome...
		Nome do Produto: THE LIFE AND TIMES OF THE THUNDERBOLT KID
			Igorando Pelo Filtro de Nome...
		Nome do Produto: DAYDREAMING AND FANTASY (PSYCHOLOGY REVIVALS)
			Igorando Pelo Filtro de Nome...
		Nome do Produto: A SWINGER'S LIFE
			Igorando Pelo Filtro de Nome...
		Nome do Produto: FOREVER FANTASY
			Igorando Pelo Filtro de Nome...
		Nome do Produto: FANTASY FOOTBALL FOR WINNERS: THE KICK-ASS GUIDE
			Igorando Pelo Filtro de Nome...
		Nome do Produto: FANTASY FOOTBALL FOR WINNERS
			Igorando Pelo Filtro de Nome...
		Nome do Produto: SIGNS OF LIFE
			Igorando Pelo Filtro de Nome...
		Nome do Produto: LIFE AND FANTASY
http://www.livrariacultura.com.br/p/life-and-fantasy-42015687
		Acessando URL do produto.
		Nome do Produto: THE WATER OF LIFE (SCOTTISH FANTASY)
http://www.livrariacultura.com.br/p/the-water-of-life-scottish-fantasy-17728231
		Acessando URL do produto.
		Nome do Produto: WIFE’S HUSBAND SHARING FANTASY COMES TO LIFE!
http://www.livrariacultura.com.br/p/wifes-husband-sharing-fantasy-comes-to-life-87137195
		Acessando URL do produto.
		Nome do Produto: DIAMONDS CREATING FANTASY HOME LIFE AND TRIPS
http://www.livrariacultura.com.br/p/diamonds-creating-fantasy-home-life-and-trips-42696165
		Acessando URL do produto.
		Nome do Produto: LIFE AND FANTASY
http://www.livrariacultura.com.br/p/life-and-fantasy-42012154
		Acessando URL do produto.
		Nome do Produto: LIFE AND FANTASY
http://www.livrariacultura.com.br/p/life-and-fantasy-22924374
		Acessando URL do produto.
		Nome do Produto: LIFE AND FANTASY
http://www.livrariacultura.com.br/p/life-and-fantasy-22921528
		Acessando URL do produto.
		Nome do Produto: LIFE LOVE FANTASY RELIGION AND A CUP OF COFFEE
http://www.livrariacultura.com.br/p/life-love-fantasy-religion-and-a-cup-of-coffee-1054037
		Acessando URL do produto.
		Nome do Produto: LIFE IS NOT A FANTASY
http://www.livrariacultura.com.br/p/life-is-not-a-fantasy-22822477
		Acessando URL do produto.
		Nome do Produto: LIFE AND FANTASY
http://www.livrariacultura.com.br/p/life-and-fantasy-22919450
		Acessando URL do produto.
		Nome do Produto: LIFE AND FANTASY
http://www.livrariacultura.com.br/p/life-and-fantasy-22915604
		Acessando URL do produto.
		Nome do Produto: WORLD FANTASY AWARD FOR LIFE ACHIEVEMENT
http://www.livrariacultura.com.br/p/world-fantasy-award-for-life-achievement-29808320
		Acessando URL do produto.
		Nome do Produto: ASTONISHING FANTASY WORLDS
			Igorando Pelo Filtro de Nome...
		Nome do Produto: MASTERING FANTASY ART - DRAWING DYNAMIC
			Igorando Pelo Filtro de Nome...
		Nome do Produto: FINAL FANTASY AND PHILOSOPHY
			Igorando Pelo Filtro de Nome...
		Nome do Produto: DREAMSCAPES MAGICAL MENAGERIE: CREATING FANTASY
			Igorando Pelo Filtro de Nome...
		Nome do Produto: THE EXPLORER'S GUIDE TO DRAWING FANTASY CREATURES
			Igorando Pelo Filtro de Nome...
		Nome do Produto: A BIG LIFE IN ADVERTISING
			Igorando Pelo Filtro de Nome...
		Nome do Produto: HER REAL-LIFE HERO
			Igorando Pelo Filtro de Nome...
		Nome do Produto: HANSEL & GRETEL: AN OPERA FANTASY
			Igorando Pelo Filtro de Nome...
		Nome do Produto: FANTASY BASKETBALL AND MATHEMATICS - TEACHERS
			Igorando Pelo Filtro de Nome...
		Nome do Produto: SCOTT’S DOMINANT FANTASY
			Igorando Pelo Filtro de Nome...
		Nome do Produto: SWORD BEARER (YOUNG ADULT EPIC FANTASY, BOOK ONE
			Igorando Pelo Filtro de Nome...
		Nome do Produto: MY FUTANARI CRUISE FANTASY
			Igorando Pelo Filtro de Nome...
		Nome do Produto: HOW TO BE A WIZARD: HOW LIFE IS MAGICAL, AND WE
			Igorando Pelo Filtro de Nome...
		Nome do Produto: EPIC: LEGENDS OF FANTASY
			Igorando Pelo Filtro de Nome...
		Nome do Produto: SKIRTS & SWORDS (FEMALE-LED EPIC FANTASY BOX SET
			Igorando Pelo Filtro de Nome...
		Nome do Produto: DREAMSCAPES MAGICAL MENAGERIE: CREATING FANTASY
			Igorando Pelo Filtro de Nome...
		Nome do Produto: DRAGONART FANTASY CHARACTERS: HOW TO DRAW
			Igorando Pelo Filtro de Nome...
		Nome do Produto: BEGINNINGS BOX SET: THREE FANTASY SERIES STARTERS
			Igorando Pelo Filtro de Nome...
		Nome do Produto: FAEMAKER: MAKING FANTASY CHARACTERS IN POLYMER
			Igorando Pelo Filtro de Nome...
	Tempo Para buscar: 8471
Loja: Magazine Luiza
	URL Principal: http://www.magazineluiza.com.br/
	URL Busca: http://www.magazineluiza.com.br/busca/<BUSCA>/
http://www.magazineluiza.com.br/busca/Fantasy+Life/
		Documento Lido
		Resultados: 1
		Nome do Produto: Fantasy Life para Nintendo 3DS - Nintendo
http://www.magazineluiza.com.br//fantasy-life-para-nintendo-3ds-nintendo/p/2117121/ga/gjds/?_b=Fantasy+Life
		Acessando URL do produto.
	Tempo Para buscar: 2687
Loja: Mula Games
	URL Principal: http://www.mulagames.com.br/
	URL Busca: http://www.mulagames.com.br/produtos-index/catalogo_produtos/-/-/<BUSCA>/-/-/-/-/-/
http://www.mulagames.com.br/produtos-index/catalogo_produtos/-/-/Fantasy%20Life/-/-/-/-/-/
		Documento Lido
		Resultados: 1
		Nome do Produto: Fantasy Life - 3DS
http://www.mulagames.com.br/Fantasy-Life-3DS/prod-2438245/
		Acessando URL do produto.
http://www.mulagames.com.br/produto-ajax_retorna_dados_preco_comprar/2438245
		Acessando URL do preço produto.
	Tempo Para buscar: 2331
Loja: Net Shoes
	URL Principal: http://www.netshoes.com.br/
	URL Busca: http://www.netshoes.com.br/search?Ntt=<BUSCA>
http://www.netshoes.com.br/search?Ntt=Fantasy+Life
		Documento Lido
		Resultados: 29
		Nome do Produto: Relógio Speedo Essential Sport Life Style
			Igorando Pelo Filtro de Nome...
		Nome do Produto: Relógio Speedo Essential Sport Life Style
			Igorando Pelo Filtro de Nome...
		Nome do Produto: Camiseta Element For Life
			Igorando Pelo Filtro de Nome...
		Nome do Produto: Camiseta Element Life
			Igorando Pelo Filtro de Nome...
		Nome do Produto: Relógio Speedo Essential Sport Life Style
			Igorando Pelo Filtro de Nome...
		Nome do Produto: Boné Urgh Skate Life
			Igorando Pelo Filtro de Nome...
		Nome do Produto: Camiseta Element Life
			Igorando Pelo Filtro de Nome...
		Nome do Produto: Camiseta Element For Life
			Igorando Pelo Filtro de Nome...
		Nome do Produto: Camiseta Element For Life
			Igorando Pelo Filtro de Nome...
		Nome do Produto: Relógio Speedo Essential Sport Life Style
			Igorando Pelo Filtro de Nome...
		Nome do Produto: Camiseta Timberland Worn For Life
			Igorando Pelo Filtro de Nome...
		Nome do Produto: Camiseta Timberland Worn For Life
			Igorando Pelo Filtro de Nome...
		Nome do Produto: Skate Cruiser Kryptonics Life 30 x 8
			Igorando Pelo Filtro de Nome...
		Nome do Produto: Calça Capri Fila Life
			Igorando Pelo Filtro de Nome...
		Nome do Produto: Jogo Final Fantasy XIII 2 PS3
			Igorando Pelo Filtro de Nome...
		Nome do Produto: Bermuda Fila Life
			Igorando Pelo Filtro de Nome...
		Nome do Produto: Calça Capri Fila Life
			Igorando Pelo Filtro de Nome...
		Nome do Produto: Top Fila Life
			Igorando Pelo Filtro de Nome...
		Nome do Produto: Top Fila Life
			Igorando Pelo Filtro de Nome...
		Nome do Produto: Camiseta Fila Life
			Igorando Pelo Filtro de Nome...
		Nome do Produto: Bermuda Fila Life
			Igorando Pelo Filtro de Nome...
		Nome do Produto: Bermuda Fila Life
			Igorando Pelo Filtro de Nome...
		Nome do Produto: Calça Legging Fila Life New
			Igorando Pelo Filtro de Nome...
		Nome do Produto: Calça Legging Fila Life New
			Igorando Pelo Filtro de Nome...
		Nome do Produto: Camiseta Fila Life
			Igorando Pelo Filtro de Nome...
		Nome do Produto: Camiseta Pretorian Hard Life
			Igorando Pelo Filtro de Nome...
		Nome do Produto: Top Fila Life
			Igorando Pelo Filtro de Nome...
		Nome do Produto: Top Fila Life
			Igorando Pelo Filtro de Nome...
		Nome do Produto: Havaianas Kids Fantasy
			Igorando Pelo Filtro de Nome...
	Tempo Para buscar: 267
Loja: Ponto Frio
	URL Principal: http://www.pontofrio.com.br/
	URL Busca: http://search.pontofrio.com.br/search?w=<BUSCA>
http://search.pontofrio.com.br/search?w=Fantasy+Life
		Documento Lido
		Resultados: 1
		Nome do Produto: Fantasy Life
http://search.pontofrio.com.br/search?p=R&srid=S3-USCDR01&lbc=pontofrio-br&w=Fantasy%20Life&url=http%3a%2f%2fproduto.pontofrio.com.br%2f4598878%3f&rk=1&uid=524308890&sid=2&ts=custom&rsc=KL5QKlL5Ya8G2BX3&method=and&isort=score&view=grid
		Nome do Produto: Fantasy Stories of the Life Cycles in Nature Making Science Enjoyable
http://search.pontofrio.com.br/search?p=R&srid=S3-USCDR01&lbc=pontofrio-br&w=Fantasy%20Life&url=http%3a%2f%2fproduto.pontofrio.com.br%2f4708214%3f&rk=2&uid=524308890&sid=2&ts=custom&rsc=3EtquycPb00TE%3aQs&method=and&isort=score&view=grid
		Nome do Produto: Life
			Igorando Pelo Filtro de Nome...
		Nome do Produto: Fantasy Soccer
			Igorando Pelo Filtro de Nome...
		Nome do Produto: Fantasy Hockey
			Igorando Pelo Filtro de Nome...
		Nome do Produto: Swiss Life
			Igorando Pelo Filtro de Nome...
		Nome do Produto: Fantasy Football for Winners
			Igorando Pelo Filtro de Nome...
		Nome do Produto: Writing Fantasy Heroes
			Igorando Pelo Filtro de Nome...
		Nome do Produto: Fantasy Basketball Handbook
			Igorando Pelo Filtro de Nome...
		Nome do Produto: Dismantling the Fantasy
			Igorando Pelo Filtro de Nome...
		Nome do Produto: A Life Without Edges
			Igorando Pelo Filtro de Nome...
		Nome do Produto: A Life Less Interrupted
			Igorando Pelo Filtro de Nome...
		Nome do Produto: Fantasy Football (Soccer to Yanks)
			Igorando Pelo Filtro de Nome...
		Nome do Produto: Turning the Page of Life
			Igorando Pelo Filtro de Nome...
		Nome do Produto: The Music of Your Life
			Igorando Pelo Filtro de Nome...
		Nome do Produto: Life in a Slower Lane
			Igorando Pelo Filtro de Nome...
		Nome do Produto: Movies and the Meaning of Life
			Igorando Pelo Filtro de Nome...
		Nome do Produto: Beyond the Horse`s Eye -- A Fantasy Out of Time
			Igorando Pelo Filtro de Nome...
		Nome do Produto: My Life from Hell (the Blooming Goddess Trilogy Book Three)
			Igorando Pelo Filtro de Nome...
		Nome do Produto: Confident Music Would Fly Us to Paradise
			Igorando Pelo Filtro de Nome...
		Nome do Produto: Fantasy Life
http://search.pontofrio.com.br/search?p=R&srid=S3-USCDR01&lbc=pontofrio-br&w=Fantasy%20Life&url=http%3a%2f%2fproduto.pontofrio.com.br%2f4598878%3f&rk=1&uid=524308890&sid=2&ts=custom&rsc=KL5QKlL5Ya8G2BX3&method=and&isort=score&view=grid
		Nome do Produto: Fantasy Stories of the Life Cycles in Nature Making Science Enjoyable
http://search.pontofrio.com.br/search?p=R&srid=S3-USCDR01&lbc=pontofrio-br&w=Fantasy%20Life&url=http%3a%2f%2fproduto.pontofrio.com.br%2f4708214%3f&rk=2&uid=524308890&sid=2&ts=custom&rsc=3EtquycPb00TE%3aQs&method=and&isort=score&view=grid
		Nome do Produto: Life
			Igorando Pelo Filtro de Nome...
		Nome do Produto: Fantasy Soccer
			Igorando Pelo Filtro de Nome...
		Nome do Produto: Fantasy Hockey
			Igorando Pelo Filtro de Nome...
		Nome do Produto: Swiss Life
			Igorando Pelo Filtro de Nome...
		Nome do Produto: Fantasy Football for Winners
			Igorando Pelo Filtro de Nome...
		Nome do Produto: Writing Fantasy Heroes
			Igorando Pelo Filtro de Nome...
		Nome do Produto: Fantasy Basketball Handbook
			Igorando Pelo Filtro de Nome...
		Nome do Produto: Dismantling the Fantasy
			Igorando Pelo Filtro de Nome...
		Nome do Produto: A Life Without Edges
			Igorando Pelo Filtro de Nome...
		Nome do Produto: A Life Less Interrupted
			Igorando Pelo Filtro de Nome...
		Nome do Produto: Fantasy Football (Soccer to Yanks)
			Igorando Pelo Filtro de Nome...
		Nome do Produto: Turning the Page of Life
			Igorando Pelo Filtro de Nome...
		Nome do Produto: The Music of Your Life
			Igorando Pelo Filtro de Nome...
		Nome do Produto: Life in a Slower Lane
			Igorando Pelo Filtro de Nome...
		Nome do Produto: Movies and the Meaning of Life
			Igorando Pelo Filtro de Nome...
		Nome do Produto: Beyond the Horse`s Eye -- A Fantasy Out of Time
			Igorando Pelo Filtro de Nome...
		Nome do Produto: My Life from Hell (the Blooming Goddess Trilogy Book Three)
			Igorando Pelo Filtro de Nome...
		Nome do Produto: Confident Music Would Fly Us to Paradise
			Igorando Pelo Filtro de Nome...
	Tempo Para buscar: 6027
Loja: Ricardo Eletro
	URL Principal: http://www.ricardoeletro.com.br/
	URL Busca: http://www.ricardoeletro.com.br/Busca/Resultado/?q=<BUSCA>
http://www.ricardoeletro.com.br/Busca/Resultado/?q=Fantasy+Life
		Documento Lido
		Resultados: 8
		Nome do Produto: Berço Burigotto com Trocador, Mosquiteiro e Capota Amore Fantasy Bege
			Igorando Pelo Filtro de Nome...
		Nome do Produto: Berço Burigotto com Trocador, Mosquiteiro e Capota Amore Fantasy Rosa
			Igorando Pelo Filtro de Nome...
		Nome do Produto: Berço Burigotto com Mosquiteiro, Regulagem de Altura e Trocador Elevado Sleepin Fantasy Azul
			Igorando Pelo Filtro de Nome...
		Nome do Produto: Berço Burigotto com Mosquiteiro, Regulagem de Altura e Trocador Elevado Sleepin Fantasy Rosa
			Igorando Pelo Filtro de Nome...
		Nome do Produto: Berço Burigotto com Mosquiteiro, Regulagem de Altura e Trocador Elevado Sleepin Fantasy Bege
			Igorando Pelo Filtro de Nome...
		Nome do Produto: Jogo Final Fantasy XIV: A Realm Reborn para Playstation 4 (PS4)
			Igorando Pelo Filtro de Nome...
		Nome do Produto: Babador com Cata Migalha Bébé Confort Fantasy
			Igorando Pelo Filtro de Nome...
		Nome do Produto: Conjunto de Alimentação Step 3 Bee Fantasy - Bébé Confort
			Igorando Pelo Filtro de Nome...
	Tempo Para buscar: 508
Loja: RiHappy
	URL Principal: http://www.rihappy.com.br/
	URL Busca: http://www.rihappy.com.br/<BUSCA>
http://www.rihappy.com.br/Fantasy%20Life
		Documento Lido
		Resultados: 0
	Tempo Para buscar: 1244
Loja: Saraiva
	URL Principal: http://www.saraiva.com.br/
	URL Busca: http://busca.saraiva.com.br/search?w=<BUSCA>&PAC_ID=129457&ts=ajax
http://busca.saraiva.com.br/search?w=Fantasy+Life&PAC_ID=129457&ts=ajax
		Documento Lido
		Resultados: 30
		Nome do Produto: Final Fantasy X/X-2 HD - PS4
			Igorando Pelo Filtro de Nome...
		Nome do Produto: Final Fantasy VII Yuffie - Play Arts Kai
			Igorando Pelo Filtro de Nome...
		Nome do Produto: Fantasy
			Igorando Pelo Filtro de Nome...
		Nome do Produto: Fantasy
			Igorando Pelo Filtro de Nome...
		Nome do Produto: Fantasy
			Igorando Pelo Filtro de Nome...
		Nome do Produto: Fantasy
			Igorando Pelo Filtro de Nome...
		Nome do Produto: Fantasy
			Igorando Pelo Filtro de Nome...
		Nome do Produto: Fantasy
			Igorando Pelo Filtro de Nome...
		Nome do Produto: Fantasy-Production
			Igorando Pelo Filtro de Nome...
		Nome do Produto: Fantasy
			Igorando Pelo Filtro de Nome...
		Nome do Produto: Fantasy
			Igorando Pelo Filtro de Nome...
		Nome do Produto: Life
			Igorando Pelo Filtro de Nome...
		Nome do Produto: Life
			Igorando Pelo Filtro de Nome...
		Nome do Produto: Life
			Igorando Pelo Filtro de Nome...
		Nome do Produto: Life
			Igorando Pelo Filtro de Nome...
		Nome do Produto: Life
			Igorando Pelo Filtro de Nome...
		Nome do Produto: Life
			Igorando Pelo Filtro de Nome...
		Nome do Produto: Life
			Igorando Pelo Filtro de Nome...
		Nome do Produto: Life
			Igorando Pelo Filtro de Nome...
		Nome do Produto: Life
			Igorando Pelo Filtro de Nome...
		Nome do Produto: Life
			Igorando Pelo Filtro de Nome...
		Nome do Produto: Life
			Igorando Pelo Filtro de Nome...
		Nome do Produto: Life
			Igorando Pelo Filtro de Nome...
		Nome do Produto: Life
			Igorando Pelo Filtro de Nome...
		Nome do Produto: Life
			Igorando Pelo Filtro de Nome...
		Nome do Produto: Half/life
			Igorando Pelo Filtro de Nome...
		Nome do Produto: Life
			Igorando Pelo Filtro de Nome...
		Nome do Produto: Life@work
			Igorando Pelo Filtro de Nome...
		Nome do Produto: End-of-Life-Care
			Igorando Pelo Filtro de Nome...
		Nome do Produto: Christ/life
			Igorando Pelo Filtro de Nome...
	Tempo Para buscar: 581
Loja: Shop Facil
	URL Principal: http://ww2.shopfacil.com.br/
	URL Busca: http://ww2.shopfacil.com.br/<BUSCA>
http://ww2.shopfacil.com.br/Fantasy%20Life
		Documento Lido
		Resultados: 0
	Tempo Para buscar: 1920
Loja: Shop Time
	URL Principal: http://www.shoptime.com.br/
	URL Busca: http://busca.shoptime.com.br/busca.php?q=<BUSCA>
http://busca.shoptime.com.br/busca.php?q=Fantasy+Life
		Documento Lido
		Resultados: 1
		Nome do Produto: Fantasy Life
http://busca.shoptime.com.br/produto.php?link=http://www.shoptime.com.br/produto/8935051/fantasy-life&ranking=1&sessao=U70O55B0L2OO7&idbusca=fd5c7e5adb1b1e3938796e00f5d59725c27c3d6d&idproduto=8935051
		Acessando URL do produto.
	Tempo Para buscar: 1170
Loja: ShopB
	URL Principal: http://www.shopb.com.br/
	URL Busca: http://busca.shopb.com.br/?busca=<BUSCA>
http://busca.shopb.com.br/?busca=Fantasy+Life
		Documento Lido
		Resultados: 31
		Nome do Produto: Fantasy Life - 3DS
http://shopb.ecommercesearch.com.br/Busca/Redir?url=http%3a%2f%2fwww.shopb.com.br%2fecommerce_site%2findex.php%3fpg%3dproduto%26cdg%3d4488%26idp%3d39537%26idparceiro%3dp1&esid=39537
		Acessando URL do produto.
		Nome do Produto: Cabo / Fonte - Kinect
			Igorando Pelo Filtro de Nome...
		Nome do Produto: Celular Blu Life Play Android 4.2 c/ Câmera integrada 8 MP, 16 GB, 1.5 Ghz, 1 GB Ram e Micro SD - Branco
			Igorando Pelo Filtro de Nome...
		Nome do Produto: Celular Blu Life Play Android 4.2 c/ Câmera integrada 8 MP, 16 GB, 1.5 Ghz, 1 GB Ram e Micro SD - Cinza
			Igorando Pelo Filtro de Nome...
		Nome do Produto: Disney Fantasia: Music Evolved - XBOX 360
			Igorando Pelo Filtro de Nome...
		Nome do Produto: Disney Fantasia: Music Evolved - XBOX ONE
			Igorando Pelo Filtro de Nome...
		Nome do Produto: Fantastic Pets - XBOX 360 [Requer Kinect]
			Igorando Pelo Filtro de Nome...
		Nome do Produto: Final Fantasy Type-0 HD - PS4
			Igorando Pelo Filtro de Nome...
		Nome do Produto: Final Fantasy Type-0 HD - XBOX ONE
			Igorando Pelo Filtro de Nome...
		Nome do Produto: Final Fantasy X/X-2 HD Remaster - PS Vita
			Igorando Pelo Filtro de Nome...
		Nome do Produto: Final Fantasy X/X-2 HD Remaster - PS3
			Igorando Pelo Filtro de Nome...
		Nome do Produto: Final Fantasy XIII - 2 - PS3
			Igorando Pelo Filtro de Nome...
		Nome do Produto: Final Fantasy XIII - PS3
			Igorando Pelo Filtro de Nome...
		Nome do Produto: Final Fantasy XIII - XBOX 360
			Igorando Pelo Filtro de Nome...
		Nome do Produto: Final Fantasy XIII-2 - XBOX 360
			Igorando Pelo Filtro de Nome...
		Nome do Produto: Final Fantasy XIII-3: Lightning Returns - PS3
			Igorando Pelo Filtro de Nome...
		Nome do Produto: Final Fantasy XIII-3: Lightning Returns - XBOX 360
			Igorando Pelo Filtro de Nome...
		Nome do Produto: Final Fantasy XIV: A Realm Reborn - PS3
			Igorando Pelo Filtro de Nome...
		Nome do Produto: Final Fantasy XIV: A Realm Reborn - PS4
			Igorando Pelo Filtro de Nome...
		Nome do Produto: Final Fantasy XV - PS4
			Igorando Pelo Filtro de Nome...
		Nome do Produto: Final Fantasy XV - XBOX ONE
			Igorando Pelo Filtro de Nome...
		Nome do Produto: Fonte de Alimentação 250W - BlueCase
			Igorando Pelo Filtro de Nome...
		Nome do Produto: Fonte de Alimentação 500W - BlueCase
			Igorando Pelo Filtro de Nome...
		Nome do Produto: Fonte de Alimentação 500W - Kolke
			Igorando Pelo Filtro de Nome...
		Nome do Produto: Fonte de Alimentação 600W 80 Plus Bronze Strike X EN53822 - Aerocool
			Igorando Pelo Filtro de Nome...
		Nome do Produto: Fonte de Alimentação ATX 200W - PcTop
			Igorando Pelo Filtro de Nome...
		Nome do Produto: Fonte para XBOX 360 Fat Arcade - 110v
			Igorando Pelo Filtro de Nome...
		Nome do Produto: Fonte para XBOX 360 Fat Arcade - 220v
			Igorando Pelo Filtro de Nome...
		Nome do Produto: Fonte para XBOX 360 Slim - (110v e 220v)
			Igorando Pelo Filtro de Nome...
		Nome do Produto: Fonte para XBOX 360 Super Slim - (110v e 220v)
			Igorando Pelo Filtro de Nome...
		Nome do Produto: Kit Gamer Tri-Play: Fanáticos - PS3
			Igorando Pelo Filtro de Nome...
	Tempo Para buscar: 1537
Loja: Submarino
	URL Principal: http://www.submarino.com.br/
	URL Busca: http://busca.submarino.com.br/busca.php?q=<BUSCA>
http://busca.submarino.com.br/busca.php?q=Fantasy+Life
		Documento Lido
		Resultados: 2
		Nome do Produto: Fantasy Life
http://busca.submarino.com.br/produto.php?link=http://www.submarino.com.br/produto/8935051/fantasy-life&ranking=1&sessao=U70O594U1C0W7&idbusca=5637cec1a59575a5547d5717136ab3d972a22689&idproduto=8935051
		Acessando URL do produto.
		Nome do Produto: Game Fantasy Life - 3DS
http://busca.submarino.com.br/produto.php?link=http://www.submarino.com.br/produto/121101174/game-fantasy-life-3ds&ranking=2&sessao=U70O594U1C0W7&idbusca=5637cec1a59575a5547d5717136ab3d972a22689&idproduto=121101174
		Acessando URL do produto.
	Tempo Para buscar: 1554
Loja: Walmart
	URL Principal: http://www.walmart.com.br/
	URL Busca: http://www.walmart.com.br/busca/?ft=<BUSCA>&PS=20
http://www.walmart.com.br/busca/?ft=Fantasy+Life&PS=20
		Documento Lido
		Resultados: 20
		Nome do Produto: Berço Mini Cama Fantasy Branco - Robel
			Igorando Pelo Filtro de Nome...
		Nome do Produto: Passadeira Shaggy Fantasy Amendoa 66 x 125 cm
			Igorando Pelo Filtro de Nome...
		Nome do Produto: Estante Multivisão 1653 Life – Branco com Preto
			Igorando Pelo Filtro de Nome...
		Nome do Produto: Mesa Dobrável Multiuso 1,83m LifeTime Apoio Festas Bancada Trabalho WLM8363090
			Igorando Pelo Filtro de Nome...
		Nome do Produto: Midnight Fantasy Eau de Toilette Feminino
			Igorando Pelo Filtro de Nome...
		Nome do Produto: Fantasy Eau de Parfum Feminino 100 ml
			Igorando Pelo Filtro de Nome...
		Nome do Produto: Fantasy Eau de Parfum - Feminino 50 ml
			Igorando Pelo Filtro de Nome...
		Nome do Produto: Kit Manicure Premium 3000 G-Life Bivolt -15 Peças
			Igorando Pelo Filtro de Nome...
		Nome do Produto: Jogo para PS4 Final Fantasy Type-0 HD (Day One Edition) Square Enix SE000107PS4
			Igorando Pelo Filtro de Nome...
		Nome do Produto: Jogo Xbox One Final Fantasy Type-0 HD (Day One Edition) Square Enix SE000108XB1
			Igorando Pelo Filtro de Nome...
		Nome do Produto: Jogo Lightning Returns: Final Fantasy XIII - PS3
			Igorando Pelo Filtro de Nome...
		Nome do Produto: Jogo PS3 Final Fantasy XIV: A Realm Reborn
			Igorando Pelo Filtro de Nome...
		Nome do Produto: Roda Status Fantasy S835 24x9.0 5x120 +45 Gloss Blk/Pvd 73
			Igorando Pelo Filtro de Nome...
		Nome do Produto: Capacete Bieffe 3 Sport Fantasy Azul/Grafite
			Igorando Pelo Filtro de Nome...
		Nome do Produto: Capacete Bieffe 3 Sport Fantasy Rosa/Grafite
			Igorando Pelo Filtro de Nome...
		Nome do Produto: Pneu 185R14C Van-Life Semperit Tires 102/100Q
			Igorando Pelo Filtro de Nome...
		Nome do Produto: Berço Sleepin Fantasy Azul - Burigotto
			Igorando Pelo Filtro de Nome...
		Nome do Produto: Berço Sleepin Fantasy Bege - Burigotto
			Igorando Pelo Filtro de Nome...
		Nome do Produto: Berço Sleepin Fantasy Rosa - Burigotto
			Igorando Pelo Filtro de Nome...
		Nome do Produto: Berço Burigotto Amore Fantasy - Azul
			Igorando Pelo Filtro de Nome...
	Tempo Para buscar: 1637

File copied from C:\java\workspace Estudo\lookforprices\resources\imports\css.css to C:\java\workspace Estudo\lookforprices\reports\2015-05-04 11\css.css
File copied from C:\java\workspace Estudo\lookforprices\resources\imports\jquery.js to C:\java\workspace Estudo\lookforprices\reports\2015-05-04 11\jquery.js
File copied from C:\java\workspace Estudo\lookforprices\resources\imports\scripts.js to C:\java\workspace Estudo\lookforprices\reports\2015-05-04 11\scripts.js
Tempo total de execução: 50893
