Game: Mario Kart 7
Loja: Nintendo eShop
	URL Principal: http://www.nintendo.com/3ds/eshop
	URL Busca: http://www.nintendo.com/json/content/get/game/filter?&&&&qterm=<BUSCA>
NintendoEShopSearch.search() http://www.nintendo.com/json/content/get/game/filter?&&&&qterm=Mario+Kart+7
		Documento Lido
		Resultados: 7
		Nome do Produto: Super Mario Kart
			Igorando Pelo Filtro de Nome...
		Nome do Produto: Mario Kart 8
			Igorando Pelo Filtro de Nome...
		Nome do Produto: Mario Kart 7
http://www.nintendo.com/games/detail/59JiheYMlzjHqlmUHkP5ESn3QOUHqyOq
		Acessando URL do produto.
URL = http://www.nintendo.com/games/detail/59JiheYMlzjHqlmUHkP5ESn3QOUHqyOq
		Nome do Produto: Mario Sports Mix
			Igorando Pelo Filtro de Nome...
		Nome do Produto: Super Mario Kart
			Igorando Pelo Filtro de Nome...
		Nome do Produto: Mario Kart 64
			Igorando Pelo Filtro de Nome...
		Nome do Produto: Mario Kart DS
			Igorando Pelo Filtro de Nome...
	Tempo Para buscar: 1495
Loja: Americanas
	URL Principal: http://www.americanas.com.br/
	URL Busca: http://busca.americanas.com.br/busca.php?q=<BUSCA>
http://busca.americanas.com.br/busca.php?q=Mario+Kart+7
		Documento Lido
		Resultados: 5
		Nome do Produto: Game Mario Kart 7 - 3DS
http://busca.americanas.com.br/produto.php?link=http://www.americanas.com.br/produto/110455081/game-mario-kart-7-3ds&ranking=1&sessao=U70NDYJITEOK7&idbusca=546e3bf206749eefcd4c311ba9326e7708254c71&idproduto=110455081
		Acessando URL do produto.
		Nome do Produto: Pista By Kids Nintendo Mario Kart 7
http://busca.americanas.com.br/produto.php?link=http://www.americanas.com.br/produto/120370823/pista-by-kids-nintendo-mario-kart-7&ranking=2&sessao=U70NDYJITEOK7&idbusca=546e3bf206749eefcd4c311ba9326e7708254c71&idproduto=120370823
		Acessando URL do produto.
		Nome do Produto: Pista Elétrica By Kids Nintendo Mario Kart 7
http://busca.americanas.com.br/produto.php?link=http://www.americanas.com.br/produto/120370807/pista-eletrica-by-kids-nintendo-mario-kart-7&ranking=3&sessao=U70NDYJITEOK7&idbusca=546e3bf206749eefcd4c311ba9326e7708254c71&idproduto=120370807
		Acessando URL do produto.
		Nome do Produto: Console Nintendo 2ds Vermelho Jogo Mario Kart 7 - Nintendo
http://busca.americanas.com.br/produto.php?link=http://www.americanas.com.br/produto/9252238/console-nintendo-2ds-vermelho-jogo-mario-kart-7-nintendo&ranking=4&sessao=U70NDYJITEOK7&idbusca=546e3bf206749eefcd4c311ba9326e7708254c71&idproduto=9252238
		Acessando URL do produto.
		Nome do Produto: Kit - Nintendo 3DS Cosmo Black + Mario Kart 7
http://busca.americanas.com.br/produto.php?link=http://www.americanas.com.br/produto/110767510/kit-nintendo-3ds-cosmo-black-mario-kart-7&ranking=5&sessao=U70NDYJITEOK7&idbusca=546e3bf206749eefcd4c311ba9326e7708254c71&idproduto=110767510
		Acessando URL do produto.
	Tempo Para buscar: 6788
Loja: Big Boy Games
	URL Principal: http://www.bigboygames.com.br/
	URL Busca: http://www.bigboygames.com.br/pesquisa/?p=<BUSCA>
http://www.bigboygames.com.br/pesquisa/?p=Mario+Kart+7
		Documento Lido
		Resultados: 24
		Nome do Produto: WiiU - Mario Kart 8
			Igorando Pelo Filtro de Nome...
		Nome do Produto: 3DS - Mario Kart 7
http://www.bigboygames.com.br/3ds-mario-kart-7-p3613/
		Acessando URL do produto.
		Nome do Produto: Carro Fricção Pull & Speed Mario Kart 7 Mario
http://www.bigboygames.com.br/carro-friccao-pull-speed-mario-kart-7-mario-p6553/
		Acessando URL do produto.
		Nome do Produto: WiiU - Mario Kart 8 Racing Wheel Mario
			Igorando Pelo Filtro de Nome...
		Nome do Produto: Quebra Cabeça Mario Kart Wii
			Igorando Pelo Filtro de Nome...
		Nome do Produto: WiiU - Racing Wheel Maior Kart 8 - Mario
			Igorando Pelo Filtro de Nome...
		Nome do Produto: Wii - Mario Kart Wii
			Igorando Pelo Filtro de Nome...
		Nome do Produto: Carro Fricção Pull & Speed Mario Kart 7 Koopa
http://www.bigboygames.com.br/carro-friccao-pull-speed-mario-kart-7-koopa-p6556/
		Acessando URL do produto.
		Nome do Produto: Wii - Console Nintendo Wii Mini Vermelho + Mario Kart Wii
			Igorando Pelo Filtro de Nome...
		Nome do Produto: Carro Fricção Pull & Speed Mario Kart DS Mario B-Dasher
			Igorando Pelo Filtro de Nome...
		Nome do Produto: WiiU - HORI Mario Kart 8 Protector (Mario)
			Igorando Pelo Filtro de Nome...
		Nome do Produto: Carro Fricção Pull & Speed Mario Kart Wii Wild Wings Mario
			Igorando Pelo Filtro de Nome...
		Nome do Produto: Console Nintendo 2DS Azul/Preto c/ Mario Kart 7
http://www.bigboygames.com.br/console-nintendo-2ds-azul-preto-c-mario-kart-7-p6658/
		Acessando URL do produto.
		Nome do Produto: Carro Fricção Pull & Speed Mario Kart 7 Luigi
http://www.bigboygames.com.br/carro-friccao-pull-speed-mario-kart-7-luigi-p6554/
		Acessando URL do produto.
		Nome do Produto: Carro Fricção Pull & Speed Mario Kart 7 Yoshi
http://www.bigboygames.com.br/carro-friccao-pull-speed-mario-kart-7-yoshi-p6555/
		Acessando URL do produto.
		Nome do Produto: Carro Fricção Pull & Speed Mario Kart DS Peach Royale
			Igorando Pelo Filtro de Nome...
		Nome do Produto: Carro Fricção Pull & Speed Mario Kart DS Wario Brute
			Igorando Pelo Filtro de Nome...
		Nome do Produto: Carro Fricção Pull & Speed Mario Kart Wii Wild Wings Luigi
			Igorando Pelo Filtro de Nome...
		Nome do Produto: Carro Fricção Pull & Speed Mario Kart Wii Wild Wings Peach
			Igorando Pelo Filtro de Nome...
		Nome do Produto: WiiU - HORI Mario Kart 8 Protector (Luigi)
			Igorando Pelo Filtro de Nome...
		Nome do Produto: WiiU - Mario Kart 8 Racing Wheel Luigi
			Igorando Pelo Filtro de Nome...
		Nome do Produto: Console Mario Kart 8 Wii U Deluxe 32GB
			Igorando Pelo Filtro de Nome...
		Nome do Produto: WII - Mario Kart Jogo + Volante [Semi Novo- Avarias na Caixa]
			Igorando Pelo Filtro de Nome...
		Nome do Produto: DS - Mario Kart DS
			Igorando Pelo Filtro de Nome...
	Tempo Para buscar: 6242
Loja: Casas Bahia
	URL Principal: http://www.casasbahia.com.br/
	URL Busca: http://buscas.casasbahia.com.br/search?w=<BUSCA>
http://buscas.casasbahia.com.br/search?w=Mario+Kart+7
		Documento Lido
		Resultados: 1
		Nome do Produto: Jogo Mario Kart 7 - 3DS
http://buscas.casasbahia.com.br/search?p=R&srid=S6-USCDR02&lbc=casasbahia&w=Mario%20Kart%207&url=http%3a%2f%2fproduto.casasbahia.com.br%2f470664%3f&rk=1&uid=516865556&sid=2&ts=custom&rsc=u3il2rFn4%3a1Od-Qh&method=and&isort=score&view=grid
		Acessando URL do produto.
		Nome do Produto: Mario Kart DS Wario Brute 1:43 para pista Carrera Go!!!
			Igorando Pelo Filtro de Nome...
	Tempo Para buscar: 2280
Loja: Extra
	URL Principal: http://www.extra.com.br/
	URL Busca: http://buscando.extra.com.br/search?w=<BUSCA>
http://buscando.extra.com.br/search?w=Mario+Kart+7
		Documento Lido
		Resultados: 2
		Nome do Produto: Jogo Mario Kart 7 - 3DS
http://buscando.extra.com.br/search?p=R&srid=S1-USWSD02&lbc=extra&w=Mario%20Kart%207&url=http%3a%2f%2fproduto.extra.com.br%2f470664%3f&rk=1&uid=516883606&sid=2&ts=custom&rsc=BGnyEpzUV5knHrAR&method=and&isort=score&view=grid
		Acessando URL do produto.
		Nome do Produto: Mario Kart DS Wario Brute 1:43 para pista Carrera Go!!!
			Igorando Pelo Filtro de Nome...
	Tempo Para buscar: 2821
Loja: E-Virtua
	URL Principal: http://www.evirtua.com.br/
	URL Busca: http://www.evirtua.com.br/Busca?search_department_id=0&SearchTerm=<BUSCA>
http://www.evirtua.com.br/Busca?search_department_id=0&SearchTerm=Mario+Kart+7
		Documento Lido
		Resultados: 1
		Nome do Produto: Mario Kart 7 - Nintendo 3DS
http://www.evirtua.com.br//mario-kart-7-nintendo-3ds/2904-01
		Acessando URL do produto.
	Tempo Para buscar: 360
Loja: Fast Games
	URL Principal: http://www.fastgames.com.br/
	URL Busca: http://www.fastgames.com.br/loja/busca.php?loja=187970&palavra_busca=<BUSCA>
http://www.fastgames.com.br/loja/busca.php?loja=187970&palavra_busca=Mario+Kart+7
		Documento Lido
		Resultados: 10
		Nome do Produto: Chaves Kart - PS3
			Igorando Pelo Filtro de Nome...
		Nome do Produto: Mario Kart - Wii
			Igorando Pelo Filtro de Nome...
		Nome do Produto: Mario Kart 7 - 3DS
http://www.fastgames.com.br//mario-kart-7-3ds-pr-3563-187970.htm
		Acessando URL do produto.
		Nome do Produto: Mortal Kombat: Armageddon - Wii
			Igorando Pelo Filtro de Nome...
		Nome do Produto: Nintendo Wii U 32GB (Mario Kart 8 Deluxe Set)
			Igorando Pelo Filtro de Nome...
		Nome do Produto: Sonic & All-Stars Racing Transformed - 3DS
			Igorando Pelo Filtro de Nome...
		Nome do Produto: Sonic & All-Stars Racing Transformed - PS Vita
			Igorando Pelo Filtro de Nome...
		Nome do Produto: Sonic & All-Stars Racing Transformed - PS3
			Igorando Pelo Filtro de Nome...
		Nome do Produto: Sonic & All-Stars Racing Transformed - Wii U
			Igorando Pelo Filtro de Nome...
		Nome do Produto: Sonic & All-Stars Racing Transformed - XBOX 360
			Igorando Pelo Filtro de Nome...
	Tempo Para buscar: 3315
Loja: Fast Shop
	URL Principal: http://www.fastshop.com.br/loja/
	URL Busca: http://www.fastshop.com.br/webapp/wcs/stores/servlet/SearchDisplay?searchTerm=<BUSCA>&categoryId=&storeId=10151&catalogId=11052&langId=-6&pageSize=9&beginIndex=0&sType=SimpleSearch&resultCatEntryType=2&showResultsPage=true&searchSource=Q&pageView=&hotsite=fastshop
http://www.fastshop.com.br/webapp/wcs/stores/servlet/SearchDisplay?searchTerm=Mario+Kart+7&categoryId=&storeId=10151&catalogId=11052&langId=-6&pageSize=9&beginIndex=0&sType=SimpleSearch&resultCatEntryType=2&showResultsPage=true&searchSource=Q&pageView=&hotsite=fastshop
		Documento Lido
		Resultados: 1
		Nome do Produto: 
			Igorando Pelo Filtro de Nome...
		Nome do Produto: 
			Igorando Pelo Filtro de Nome...
		Nome do Produto: 
			Igorando Pelo Filtro de Nome...
		Nome do Produto: 
			Igorando Pelo Filtro de Nome...
	Tempo Para buscar: 945
Loja: FNAC
	URL Principal: http://www.fnac.com.br/index.html
	URL Busca: http://busca.fnac.com.br/?busca=<BUSCA>
http://busca.fnac.com.br/?busca=Mario+Kart+7
		Documento Lido
		Resultados: 21
		Nome do Produto: Mario Kart 7 Luigi
http://busca.FNAC.com.br/Busca/Redir?url=http%3a%2f%2fwww.FNAC.com.br%2fmario-kart-7-luigi%2fp%2f670926&esid=670926
		Acessando URL do produto.
	Tempo Para buscar: 1599
Loja: Kabum
	URL Principal: http://www.kabum.com.br/
	URL Busca: http://www.kabum.com.br/cgi-local/site/listagem/listagem.cgi?string=<BUSCA>&btnG=
http://www.kabum.com.br/cgi-local/site/listagem/listagem.cgi?string=Mario+Kart+7&btnG=
		Documento Lido
		Resultados: 0
	Tempo Para buscar: 822
Loja: Livraria Cultura
	URL Principal: http://www.livrariacultura.com.br/
	URL Busca: http://www.livrariacultura.com.br/busca?N=0&Ntt=<BUSCA>
http://www.livrariacultura.com.br/busca?N=0&Ntt=Mario+Kart+7
		Documento Lido
		Resultados: 7
		Nome do Produto: MARIO KART 7 MARIO
http://www.livrariacultura.com.br/p/mario-kart-7-mario-42275200
		Acessando URL do produto.
		Nome do Produto: MARIO KART 7 YOSHI
http://www.livrariacultura.com.br/p/mario-kart-7-yoshi-42275226
		Acessando URL do produto.
		Nome do Produto: MARIO KART 7 LUIGI
http://www.livrariacultura.com.br/p/mario-kart-7-luigi-42275202
		Acessando URL do produto.
		Nome do Produto: MARIO KART 7 KOOPA
http://www.livrariacultura.com.br/p/mario-kart-7-koopa-42275228
		Acessando URL do produto.
		Nome do Produto: GAME FREAKS 365'S NINTENDO 3DS GUIDE
			Igorando Pelo Filtro de Nome...
		Nome do Produto: MARIO KART 7 (3DS)
http://www.livrariacultura.com.br/p/mario-kart-7-3ds-29075867
		Acessando URL do produto.
		Nome do Produto: GAME FREAKS 365'S NINTENDO 3DS GUIDE
			Igorando Pelo Filtro de Nome...
	Tempo Para buscar: 1913
Loja: Magazine Luiza
	URL Principal: http://www.magazineluiza.com.br/
	URL Busca: http://www.magazineluiza.com.br/busca/<BUSCA>/
http://www.magazineluiza.com.br/busca/Mario+Kart+7/
java.net.SocketTimeoutException: Read timed out
	at java.net.SocketInputStream.socketRead0(Native Method)
	at java.net.SocketInputStream.socketRead(Unknown Source)
	at java.net.SocketInputStream.read(Unknown Source)
	at java.net.SocketInputStream.read(Unknown Source)
	at java.io.BufferedInputStream.fill(Unknown Source)
	at java.io.BufferedInputStream.read1(Unknown Source)
	at java.io.BufferedInputStream.read(Unknown Source)
	at sun.net.www.http.HttpClient.parseHTTPHeader(Unknown Source)
	at sun.net.www.http.HttpClient.parseHTTP(Unknown Source)
	at sun.net.www.protocol.http.HttpURLConnection.getInputStream0(Unknown Source)
	at sun.net.www.protocol.http.HttpURLConnection.getInputStream(Unknown Source)
	at java.net.HttpURLConnection.getResponseCode(Unknown Source)
	at org.jsoup.helper.HttpConnection$Response.execute(HttpConnection.java:453)
	at org.jsoup.helper.HttpConnection$Response.execute(HttpConnection.java:434)
	at org.jsoup.helper.HttpConnection.execute(HttpConnection.java:181)
	at org.jsoup.helper.HttpConnection.get(HttpConnection.java:170)
	at comom.Util.readUrlDocument(Util.java:94)
	at interfaces.search.MagazineLuizaSearch.readResults(MagazineLuizaSearch.java:92)
	at interfaces.search.MagazineLuizaSearch.search(MagazineLuizaSearch.java:30)
	at objects.Shop.searchProduct(Shop.java:33)
	at Main.generateHtlReport(Main.java:88)
	at Main.main(Main.java:59)
Tentando conectar Na Url de outro modo
java.io.IOException: Server returned HTTP response code: 500 for URL: http://www.magazineluiza.com.br/busca/Mario+Kart+7/
	at sun.net.www.protocol.http.HttpURLConnection.getInputStream0(Unknown Source)
	at sun.net.www.protocol.http.HttpURLConnection.getInputStream(Unknown Source)
	at comom.Util.getPageBuffer(Util.java:138)
	at comom.Util.readUrl(Util.java:106)
	at comom.Util.readUrlDocument(Util.java:98)
	at interfaces.search.MagazineLuizaSearch.readResults(MagazineLuizaSearch.java:92)
	at interfaces.search.MagazineLuizaSearch.search(MagazineLuizaSearch.java:30)
	at objects.Shop.searchProduct(Shop.java:33)
	at Main.generateHtlReport(Main.java:88)
	at Main.main(Main.java:59)
		Documento Lido
		Resultados: 0
	Tempo Para buscar: 72617
Loja: Mula Games
	URL Principal: http://www.mulagames.com.br/
	URL Busca: http://www.mulagames.com.br/produtos-index/catalogo_produtos/-/-/<BUSCA>/-/-/-/-/-/
http://www.mulagames.com.br/produtos-index/catalogo_produtos/-/-/Mario%20Kart%207/-/-/-/-/-/
		Documento Lido
		Resultados: 1
		Nome do Produto: Mario Kart 7 - 3DS
http://www.mulagames.com.br/Mario-Kart-7-3DS/prod-457454/
		Acessando URL do produto.
http://www.mulagames.com.br/produto-ajax_retorna_dados_preco_comprar/457454
		Acessando URL do preço produto.
	Tempo Para buscar: 2350
Loja: Net Shoes
	URL Principal: http://www.netshoes.com.br/
	URL Busca: http://www.netshoes.com.br/search?Ntt=<BUSCA>
http://www.netshoes.com.br/search?Ntt=Mario+Kart+7
		Documento Lido
		Resultados: 60
		Nome do Produto: Bicicleta GONEW Endorphine 5.7 - Full Suspension 21 Marchas
			Igorando Pelo Filtro de Nome...
		Nome do Produto: Bicicleta GONEW Endorphine 5.7 - Full Suspension 21 Marchas
			Igorando Pelo Filtro de Nome...
		Nome do Produto: Bicicleta GONEW Endorphine 7.3 - Aro 29 - 24 Marchas
			Igorando Pelo Filtro de Nome...
		Nome do Produto: Bicicleta GONEW Endorphine 7.3 - Aro 29 - 24 Marchas
			Igorando Pelo Filtro de Nome...
		Nome do Produto: Bicicleta GONEW Endorphine 7.3 - Aro 29 - 24 Marchas
			Igorando Pelo Filtro de Nome...
		Nome do Produto: Bicicleta GONEW Endorphine 7.3 - Aro 29 - 24 Marchas
			Igorando Pelo Filtro de Nome...
		Nome do Produto: Tênis Nike Air Max Tailwind 7
			Igorando Pelo Filtro de Nome...
		Nome do Produto: Tênis Nike Air Max Tailwind 7
			Igorando Pelo Filtro de Nome...
		Nome do Produto: Tênis Nike Air Max Tailwind 7
			Igorando Pelo Filtro de Nome...
		Nome do Produto: Tênis Nike Air Max Tailwind 7
			Igorando Pelo Filtro de Nome...
		Nome do Produto: Tênis Nike Air Max Tailwind 7
			Igorando Pelo Filtro de Nome...
		Nome do Produto: Tênis Asics Patriot 7
			Igorando Pelo Filtro de Nome...
		Nome do Produto: Tênis Asics Patriot 7
			Igorando Pelo Filtro de Nome...
		Nome do Produto: Tênis Nike Air Max Tailwind 7
			Igorando Pelo Filtro de Nome...
		Nome do Produto: Tênis Nike Air Max Tailwind 7
			Igorando Pelo Filtro de Nome...
		Nome do Produto: Kimono Mário Yamasaki Jiu Jitsu
			Igorando Pelo Filtro de Nome...
		Nome do Produto: Tênis Asics Gel Impression 7
			Igorando Pelo Filtro de Nome...
		Nome do Produto: Tênis Asics Gel Impression 7
			Igorando Pelo Filtro de Nome...
		Nome do Produto: Tênis Nike Air Max Tailwind 7
			Igorando Pelo Filtro de Nome...
		Nome do Produto: Tênis Asics Gel Impression 7
			Igorando Pelo Filtro de Nome...
		Nome do Produto: Tênis Nike Air Max Tailwind 7
			Igorando Pelo Filtro de Nome...
		Nome do Produto: Tênis Nike The Overplay 7
			Igorando Pelo Filtro de Nome...
		Nome do Produto: Tênis Nike Air Max Tailwind 7
			Igorando Pelo Filtro de Nome...
		Nome do Produto: Tênis Nike Air Max Tailwind 7
			Igorando Pelo Filtro de Nome...
		Nome do Produto: Bermuda Nike Court 7 pol.
			Igorando Pelo Filtro de Nome...
		Nome do Produto: Tênis Asics Patriot 7
			Igorando Pelo Filtro de Nome...
		Nome do Produto: Tênis Nike Air Max Tailwind 7
			Igorando Pelo Filtro de Nome...
		Nome do Produto: Tênis Nike Air Max Tailwind 7
			Igorando Pelo Filtro de Nome...
		Nome do Produto: Tênis Adidas Kanadia 7
			Igorando Pelo Filtro de Nome...
		Nome do Produto: Halter Polimet Pintado 7 kg
			Igorando Pelo Filtro de Nome...
		Nome do Produto: Bola Nike Versa Tack 7
			Igorando Pelo Filtro de Nome...
		Nome do Produto: Short Puma Running 7 pol.
			Igorando Pelo Filtro de Nome...
		Nome do Produto: Bicicleta Caloi Ceci Juvenil - Aro 20 - 7 Marchas
			Igorando Pelo Filtro de Nome...
		Nome do Produto: Bola Nike Versa Tack 7
			Igorando Pelo Filtro de Nome...
		Nome do Produto: Tênis Adidas Supernova Glide Boost 7
			Igorando Pelo Filtro de Nome...
		Nome do Produto: Tênis Asics Patriot 7
			Igorando Pelo Filtro de Nome...
		Nome do Produto: Caneleira Shura 7 Kg
			Igorando Pelo Filtro de Nome...
		Nome do Produto: Boné New Era 5950 Size 7 1/2
			Igorando Pelo Filtro de Nome...
		Nome do Produto: Boné New Era 5950 Size 7 1/4
			Igorando Pelo Filtro de Nome...
		Nome do Produto: Tênis Nike Paul Rodriguez 7 GS Juvenil
			Igorando Pelo Filtro de Nome...
		Nome do Produto: Tênis Nike Zoom Elite 7
			Igorando Pelo Filtro de Nome...
		Nome do Produto: Tênis Asics Gel Impression 7
			Igorando Pelo Filtro de Nome...
		Nome do Produto: Tênis Adidas Kanadia 7
			Igorando Pelo Filtro de Nome...
		Nome do Produto: Sapatilha Nike Zoom Rival S 7
			Igorando Pelo Filtro de Nome...
		Nome do Produto: Tênis Adidas Supernova Glide Boost 7
			Igorando Pelo Filtro de Nome...
		Nome do Produto: Tênis Asics Patriot 7
			Igorando Pelo Filtro de Nome...
		Nome do Produto: Kit Par de Halteres 7 kg
			Igorando Pelo Filtro de Nome...
		Nome do Produto: Tênis Asics Patriot 7
			Igorando Pelo Filtro de Nome...
		Nome do Produto: Tênis Adidas Supernova Sequence Boost 7
			Igorando Pelo Filtro de Nome...
		Nome do Produto: Sapatilha Nike Zoom Rival S 7
			Igorando Pelo Filtro de Nome...
		Nome do Produto: Short Puma Running 7 pol.
			Igorando Pelo Filtro de Nome...
		Nome do Produto: Short Nike Phenom 2 em 1 7 pol.
			Igorando Pelo Filtro de Nome...
		Nome do Produto: Tênis Asics Patriot 7
			Igorando Pelo Filtro de Nome...
		Nome do Produto: Tênis Asics Patriot 7
			Igorando Pelo Filtro de Nome...
		Nome do Produto: Short Puma Running 7 pol.
			Igorando Pelo Filtro de Nome...
		Nome do Produto: Tênis Adidas Kanadia 7
			Igorando Pelo Filtro de Nome...
		Nome do Produto: Tênis Adidas Supernova Glide Boost 7
			Igorando Pelo Filtro de Nome...
		Nome do Produto: Short Nike Challenger 7 pol.
			Igorando Pelo Filtro de Nome...
		Nome do Produto: Short Puma PR Cross 7 pol.
			Igorando Pelo Filtro de Nome...
		Nome do Produto: Bola Topper Strike 7 Campo
			Igorando Pelo Filtro de Nome...
	Tempo Para buscar: 475
Loja: Ponto Frio
	URL Principal: http://www.pontofrio.com.br/
	URL Busca: http://search.pontofrio.com.br/search?w=<BUSCA>
http://search.pontofrio.com.br/search?w=Mario+Kart+7
		Documento Lido
		Resultados: 1
		Nome do Produto: Jogo Mario Kart 7 - 3DS
http://search.pontofrio.com.br/search?p=R&srid=S3-USESD02&lbc=pontofrio-br&w=Mario%20Kart%207&url=http%3a%2f%2fproduto.pontofrio.com.br%2f470664%3f&rk=1&uid=517759393&sid=2&ts=custom&rsc=YC6QBQ-XoMnrJpic&method=and&isort=score&view=grid
		Nome do Produto: Mario Kart DS Wario Brute 1:43 para pista Carrera Go!!!
			Igorando Pelo Filtro de Nome...
		Nome do Produto: Jogo Mario Kart 7 - 3DS
http://search.pontofrio.com.br/search?p=R&srid=S3-USESD02&lbc=pontofrio-br&w=Mario%20Kart%207&url=http%3a%2f%2fproduto.pontofrio.com.br%2f470664%3f&rk=1&uid=517759393&sid=2&ts=custom&rsc=YC6QBQ-XoMnrJpic&method=and&isort=score&view=grid
		Nome do Produto: Mario Kart DS Wario Brute 1:43 para pista Carrera Go!!!
			Igorando Pelo Filtro de Nome...
	Tempo Para buscar: 10241
Loja: Ricardo Eletro
	URL Principal: http://www.ricardoeletro.com.br/
	URL Busca: http://www.ricardoeletro.com.br/Busca/Resultado/?q=<BUSCA>
http://www.ricardoeletro.com.br/Busca/Resultado/?q=Mario+Kart+7
		Documento Lido
		Resultados: 3
		Nome do Produto: Jogo Mario Golf: World Tour para Nintendo 3DS (N3DS)
			Igorando Pelo Filtro de Nome...
		Nome do Produto: Jogo de Copos Long Drink com 6 Peças Mario 375ml - Art Craft UD Brasil
			Igorando Pelo Filtro de Nome...
		Nome do Produto: Carro de Montar + Pista de Corrida com obstáculo Mario e Luigi - Multi Kids
			Igorando Pelo Filtro de Nome...
	Tempo Para buscar: 449
Loja: RiHappy
	URL Principal: http://www.rihappy.com.br/
	URL Busca: http://www.rihappy.com.br/<BUSCA>
http://www.rihappy.com.br/Mario%20Kart%207
		Documento Lido
		Resultados: 2
		Nome do Produto: Knex Figura Sortida Mario Kart - MultiKids - Outras Marcas
			Igorando Pelo Filtro de Nome...
		Nome do Produto: Knex Mario e Luigi - Linha de Largada - MultiKids - Outras Marcas
			Igorando Pelo Filtro de Nome...
	Tempo Para buscar: 1028
Loja: Saraiva
	URL Principal: http://www.saraiva.com.br/
	URL Busca: http://busca.saraiva.com.br/search?w=<BUSCA>&PAC_ID=129457&ts=ajax
http://busca.saraiva.com.br/search?w=Mario+Kart+7&PAC_ID=129457&ts=ajax
		Documento Lido
		Resultados: 5
		Nome do Produto: Mario Kart 7 - 3ds
individualUrl = http://busca.saraiva.com.br/search?p=R&srid=S11-USESD02&lbc=saraiva&w=Mario%20Kart%207&url=http%3a%2f%2fwww.saraiva.com.br%2fproduto%2f3695304&rk=1&uid=517909868&sid=2&ts=ajax&rsc=xEfag9enoWFAyy8s&method=and&isort=score&view=grid
http://busca.saraiva.com.br/search?p=R&srid=S11-USESD02&lbc=saraiva&w=Mario%20Kart%207&url=http%3a%2f%2fwww.saraiva.com.br%2fproduto%2f3695304&rk=1&uid=517909868&sid=2&ts=ajax&rsc=xEfag9enoWFAyy8s&method=and&isort=score&view=grid
		Acessando URL do produto.
		Nome do Produto: Mario Kart 7 - Yoshi
individualUrl = http://busca.saraiva.com.br/search?p=R&srid=S11-USESD02&lbc=saraiva&w=Mario%20Kart%207&url=http%3a%2f%2fwww.saraiva.com.br%2fproduto%2f8229795&rk=2&uid=517909868&sid=2&ts=ajax&rsc=2dOoQz4s83OqcHZv&method=and&isort=score&view=grid
http://busca.saraiva.com.br/search?p=R&srid=S11-USESD02&lbc=saraiva&w=Mario%20Kart%207&url=http%3a%2f%2fwww.saraiva.com.br%2fproduto%2f8229795&rk=2&uid=517909868&sid=2&ts=ajax&rsc=2dOoQz4s83OqcHZv&method=and&isort=score&view=grid
		Acessando URL do produto.
		Nome do Produto: Mario Kart 7 - Mario
individualUrl = http://busca.saraiva.com.br/search?p=R&srid=S11-USESD02&lbc=saraiva&w=Mario%20Kart%207&url=http%3a%2f%2fwww.saraiva.com.br%2fproduto%2f8229777&rk=3&uid=517909868&sid=2&ts=ajax&rsc=54ynMlzBy7RK5voU&method=and&isort=score&view=grid
http://busca.saraiva.com.br/search?p=R&srid=S11-USESD02&lbc=saraiva&w=Mario%20Kart%207&url=http%3a%2f%2fwww.saraiva.com.br%2fproduto%2f8229777&rk=3&uid=517909868&sid=2&ts=ajax&rsc=54ynMlzBy7RK5voU&method=and&isort=score&view=grid
		Acessando URL do produto.
		Nome do Produto: Mario Kart 7 - Luigi
individualUrl = http://busca.saraiva.com.br/search?p=R&srid=S11-USESD02&lbc=saraiva&w=Mario%20Kart%207&url=http%3a%2f%2fwww.saraiva.com.br%2fproduto%2f8229787&rk=4&uid=517909868&sid=2&ts=ajax&rsc=qm8ilgxlCkAvuaGP&method=and&isort=score&view=grid
http://busca.saraiva.com.br/search?p=R&srid=S11-USESD02&lbc=saraiva&w=Mario%20Kart%207&url=http%3a%2f%2fwww.saraiva.com.br%2fproduto%2f8229787&rk=4&uid=517909868&sid=2&ts=ajax&rsc=qm8ilgxlCkAvuaGP&method=and&isort=score&view=grid
		Acessando URL do produto.
		Nome do Produto: Mario Kart 7 - Koopa
individualUrl = http://busca.saraiva.com.br/search?p=R&srid=S11-USESD02&lbc=saraiva&w=Mario%20Kart%207&url=http%3a%2f%2fwww.saraiva.com.br%2fproduto%2f8229816&rk=5&uid=517909868&sid=2&ts=ajax&rsc=vdbzNJuZKSZcTGTG&method=and&isort=score&view=grid
http://busca.saraiva.com.br/search?p=R&srid=S11-USESD02&lbc=saraiva&w=Mario%20Kart%207&url=http%3a%2f%2fwww.saraiva.com.br%2fproduto%2f8229816&rk=5&uid=517909868&sid=2&ts=ajax&rsc=vdbzNJuZKSZcTGTG&method=and&isort=score&view=grid
		Acessando URL do produto.
	Tempo Para buscar: 15790
Loja: Shop Facil
	URL Principal: http://ww2.shopfacil.com.br/
	URL Busca: http://ww2.shopfacil.com.br/<BUSCA>
http://ww2.shopfacil.com.br/Mario%20Kart%207
		Documento Lido
		Resultados: 6
		Nome do Produto: Carro Mario Kart Aeromodelli Seven Car
			Igorando Pelo Filtro de Nome...
		Nome do Produto: Knex Figura Sortida Mario Kart - MultiKids
			Igorando Pelo Filtro de Nome...
		Nome do Produto: Knex Mario Kart Wario Moto Bike Multikids BR041 – Colorido
			Igorando Pelo Filtro de Nome...
		Nome do Produto: Livro - Direito das Sucessões: Teoria e Prática - 7ª Edição - 2013 - Mario Roberto Carvalho de Faria
			Igorando Pelo Filtro de Nome...
		Nome do Produto: Livro - Contabilidade Básica: Caderno de Exercícios - José Carlos Marion - 7ª Edição
			Igorando Pelo Filtro de Nome...
		Nome do Produto: Blocos de Montar Mario Kart Multikids Luigi com Motor Elétrico – 30 Peças
			Igorando Pelo Filtro de Nome...
	Tempo Para buscar: 1133
Loja: Shop Time
	URL Principal: http://www.shoptime.com.br/
	URL Busca: http://busca.shoptime.com.br/busca.php?q=<BUSCA>
http://busca.shoptime.com.br/busca.php?q=Mario+Kart+7
		Documento Lido
		Resultados: 4
		Nome do Produto: Game Mario Kart 7 - 3DS Console Nintendo 2ds Vermelho Jogo Mario Kart 7 - Nintendo Pista Elétrica By Kids Nintendo Mario Kart 7 Pista By Kids Nintendo Mario Kart 7
http://busca.shoptime.com.br/produto.php?link=http://www.shoptime.com.br/produto/110455081/game-mario-kart-7-3ds&ranking=1&sessao=U70NILPKV6S47&idbusca=b3b59e011e48b16843a19ada3d2d9574228ec173&idproduto=110455081
		Acessando URL do produto.
		Nome do Produto: Game Mario Kart 7 - 3DS Console Nintendo 2ds Vermelho Jogo Mario Kart 7 - Nintendo Pista Elétrica By Kids Nintendo Mario Kart 7 Pista By Kids Nintendo Mario Kart 7
http://busca.shoptime.com.br/produto.php?link=http://www.shoptime.com.br/produto/9252238/console-nintendo-2ds-vermelho-jogo-mario-kart-7-nintendo&ranking=2&sessao=U70NILPKV6S47&idbusca=b3b59e011e48b16843a19ada3d2d9574228ec173&idproduto=9252238
		Acessando URL do produto.
		Nome do Produto: Game Mario Kart 7 - 3DS Console Nintendo 2ds Vermelho Jogo Mario Kart 7 - Nintendo Pista Elétrica By Kids Nintendo Mario Kart 7 Pista By Kids Nintendo Mario Kart 7
http://busca.shoptime.com.br/produto.php?link=http://www.shoptime.com.br/produto/120370807/pista-eletrica-by-kids-nintendo-mario-kart-7&ranking=3&sessao=U70NILPKV6S47&idbusca=b3b59e011e48b16843a19ada3d2d9574228ec173&idproduto=120370807
		Acessando URL do produto.
		Nome do Produto: Game Mario Kart 7 - 3DS Console Nintendo 2ds Vermelho Jogo Mario Kart 7 - Nintendo Pista Elétrica By Kids Nintendo Mario Kart 7 Pista By Kids Nintendo Mario Kart 7
http://busca.shoptime.com.br/produto.php?link=http://www.shoptime.com.br/produto/120370823/pista-by-kids-nintendo-mario-kart-7&ranking=4&sessao=U70NILPKV6S47&idbusca=b3b59e011e48b16843a19ada3d2d9574228ec173&idproduto=120370823
		Acessando URL do produto.
	Tempo Para buscar: 3232
Loja: ShopB
	URL Principal: http://www.shopb.com.br/
	URL Busca: http://busca.shopb.com.br/?busca=<BUSCA>
http://busca.shopb.com.br/?busca=Mario+Kart+7
		Documento Lido
		Resultados: 31
		Nome do Produto: Mario Kart 7 - 3DS
http://shopb.ecommercesearch.com.br/Busca/Redir?url=http%3a%2f%2fwww.shopb.com.br%2fecommerce_site%2findex.php%3fpg%3dproduto%26cdg%3d4488%26idp%3d23629%26idparceiro%3dp1&esid=23629
		Acessando URL do produto.
		Nome do Produto: Adaptador - Placa de Som Usb 7.1 p/Entrada P2 Fone Microfone - PS3
			Igorando Pelo Filtro de Nome...
		Nome do Produto: Bundle Mario Party 10 + Amiibo Super Mario - Wii U
			Igorando Pelo Filtro de Nome...
		Nome do Produto: Camiseta Super Mario - Modelo 1
			Igorando Pelo Filtro de Nome...
		Nome do Produto: Chaves Kart - PS3
			Igorando Pelo Filtro de Nome...
		Nome do Produto: Dynasty Warriors 7 - XBOX 360
			Igorando Pelo Filtro de Nome...
		Nome do Produto: Far Cry 4: Kyrat Edition - PS3
			Igorando Pelo Filtro de Nome...
		Nome do Produto: Far Cry 4: Kyrat Edition - PS4
			Igorando Pelo Filtro de Nome...
		Nome do Produto: Far Cry 4: Kyrat Edition - XBOX 360
			Igorando Pelo Filtro de Nome...
		Nome do Produto: Far Cry 4: Kyrat Edition - XBOX ONE
			Igorando Pelo Filtro de Nome...
		Nome do Produto: Fonte Paralela Samsung Series 7
			Igorando Pelo Filtro de Nome...
		Nome do Produto: Fonte Paralela Sony Vaio 19.5v 7.7A
			Igorando Pelo Filtro de Nome...
		Nome do Produto: Headset Sony 7.1 c/ Fio Stereo Silver - PS3, PS4 e PS Vita
			Igorando Pelo Filtro de Nome...
		Nome do Produto: Headset Wireless Stereo 7.1 Pulse - PS3, PS4, PC e PS Vita
			Igorando Pelo Filtro de Nome...
		Nome do Produto: Headset Wireless Stereo 7.1 Pulse Elite - PS3, PC e PS Vita
			Igorando Pelo Filtro de Nome...
		Nome do Produto: Lego Harry Potter Years 5-7 - 3DS
			Igorando Pelo Filtro de Nome...
		Nome do Produto: Leitor de código de barras CMC-7 - Homebank
			Igorando Pelo Filtro de Nome...
		Nome do Produto: Mario & Luigi: Dream Team - 3DS
			Igorando Pelo Filtro de Nome...
		Nome do Produto: Mario & Sonic at The Olympic Winter Games Sochi 2014 - Wii U
			Igorando Pelo Filtro de Nome...
		Nome do Produto: Mario Golf: World Tour - 3DS
			Igorando Pelo Filtro de Nome...
		Nome do Produto: Mario Party 10 - Wii U
			Igorando Pelo Filtro de Nome...
		Nome do Produto: Mario Party: Island Tour - 3DS
			Igorando Pelo Filtro de Nome...
		Nome do Produto: Mouse Gamer Ambidestro Razer Abyssus Mirror - Razer
			Igorando Pelo Filtro de Nome...
		Nome do Produto: New Super Mario Bros U - Wii U
			Igorando Pelo Filtro de Nome...
		Nome do Produto: Nintendo Amiibo: Luigi Super Mario - Wii U
			Igorando Pelo Filtro de Nome...
		Nome do Produto: Nintendo Amiibo: Peach Super Mario - Wii U
			Igorando Pelo Filtro de Nome...
		Nome do Produto: Nintendo Amiibo: Super Mario Super Smash Bros - Wii U
			Igorando Pelo Filtro de Nome...
		Nome do Produto: Nintendo Amiibo: Yoshi Super Mario - Wii U
			Igorando Pelo Filtro de Nome...
		Nome do Produto: Nintendo Wii U Deluxe Set Edição Especial Mario Kart 8 - 32GB
			Igorando Pelo Filtro de Nome...
		Nome do Produto: Paper Mario: Sticker Star - 3DS
			Igorando Pelo Filtro de Nome...
		Nome do Produto: Ridge Racer 7 - PS3
			Igorando Pelo Filtro de Nome...
	Tempo Para buscar: 3859
Loja: Submarino
	URL Principal: http://www.submarino.com.br/
	URL Busca: http://busca.submarino.com.br/busca.php?q=<BUSCA>
http://busca.submarino.com.br/busca.php?q=Mario+Kart+7
		Documento Lido
		Resultados: 5
		Nome do Produto: Game Mario Kart 7 - 3DS
http://busca.submarino.com.br/produto.php?link=http://www.submarino.com.br/produto/110455081/game-mario-kart-7-3ds&ranking=1&sessao=U70NIUN5L40G7&idbusca=2c145ed0e29e41d688877664b8bba188c5c86aec&idproduto=110455081
		Acessando URL do produto.
		Nome do Produto: Console Nintendo 2ds Vermelho Jogo Mario Kart 7 - Nintendo
http://busca.submarino.com.br/produto.php?link=http://www.submarino.com.br/produto/9252238/console-nintendo-2ds-vermelho-jogo-mario-kart-7-nintendo&ranking=2&sessao=U70NIUN5L40G7&idbusca=2c145ed0e29e41d688877664b8bba188c5c86aec&idproduto=9252238
		Acessando URL do produto.
		Nome do Produto: Pista By Kids Nintendo Mario Kart 7
http://busca.submarino.com.br/produto.php?link=http://www.submarino.com.br/produto/120370823/pista-by-kids-nintendo-mario-kart-7&ranking=3&sessao=U70NIUN5L40G7&idbusca=2c145ed0e29e41d688877664b8bba188c5c86aec&idproduto=120370823
		Acessando URL do produto.
		Nome do Produto: Pista Elétrica By Kids Nintendo Mario Kart 7
http://busca.submarino.com.br/produto.php?link=http://www.submarino.com.br/produto/120370807/pista-eletrica-by-kids-nintendo-mario-kart-7&ranking=4&sessao=U70NIUN5L40G7&idbusca=2c145ed0e29e41d688877664b8bba188c5c86aec&idproduto=120370807
		Acessando URL do produto.
		Nome do Produto: Kit - Nintendo 3DS Cosmo Black + Mario Kart 7
http://busca.submarino.com.br/produto.php?link=http://www.submarino.com.br/produto/110767510/kit-nintendo-3ds-cosmo-black-mario-kart-7&ranking=5&sessao=U70NIUN5L40G7&idbusca=2c145ed0e29e41d688877664b8bba188c5c86aec&idproduto=110767510
		Acessando URL do produto.
	Tempo Para buscar: 4267
Loja: Walmart
	URL Principal: http://www.walmart.com.br/
	URL Busca: http://www.walmart.com.br/busca/?ft=<BUSCA>&PS=20
http://www.walmart.com.br/busca/?ft=Mario+Kart+7&PS=20
		Documento Lido
		Resultados: 2
		Nome do Produto: Jogo Nintendo 3DS Mario Kart 7
http://www.walmart.com.br//produto/Games/Jogos-para-Nintendo-3DS/Nintendo/323309-Jogo-Nintendo-3DS---Mario-Kart-7
		Acessando URL do produto.
		Nome do Produto: Carrera Autorama Nintendo Mario Kart 7 By Kids 16404
http://www.walmart.com.br//produto/Brinquedos/Pista-e-Carrinho/Super-Mario/3076471m-carrera-autorama-nintendo-mario-kart-7-by-kids-16404
		Acessando URL do produto.
	Tempo Para buscar: 3039

File copied from C:\java\workspace Estudo\lookforprices\resources\imports\css.css to C:\java\workspace Estudo\lookforprices\reports\2015-05-04 11\css.css
File copied from C:\java\workspace Estudo\lookforprices\resources\imports\jquery.js to C:\java\workspace Estudo\lookforprices\reports\2015-05-04 11\jquery.js
File copied from C:\java\workspace Estudo\lookforprices\resources\imports\scripts.js to C:\java\workspace Estudo\lookforprices\reports\2015-05-04 11\scripts.js
Tempo total de execução: 147077
