Game: monster hunter ultimate 4
Loja: Nintendo eShop
	URL Principal: http://www.nintendo.com/3ds/eshop
	URL Busca: http://www.nintendo.com/json/content/get/game/filter?&&&&qterm=<BUSCA>
NintendoEShopSearch.search() http://www.nintendo.com/json/content/get/game/filter?&&&&qterm=monster+hunter+ultimate+4
		Documento Lido
		Resultados: 3
		Nome do Produto: Monster Hunter 4 Ultimate
http://www.nintendo.com/games/detail/xKYkSY9ybVIBDX3rGWZ0CBDZgtLt9Am3
		Acessando URL do produto.
URL = http://www.nintendo.com/games/detail/xKYkSY9ybVIBDX3rGWZ0CBDZgtLt9Am3
		Nome do Produto: Monster Hunter 3 Ultimate
			Igorando Pelo Filtro de Nome...
		Nome do Produto: SNK Arcade Classics Volume 1
			Igorando Pelo Filtro de Nome...
	Tempo Para buscar: 892
Loja: Americanas
	URL Principal: http://www.americanas.com.br/
	URL Busca: http://busca.americanas.com.br/busca.php?q=<BUSCA>
http://busca.americanas.com.br/busca.php?q=monster+hunter+ultimate+4
		Documento Lido
		Resultados: 1
		Nome do Produto: Jogo Nintendo 3ds Monster Hunter Ultimate 4 - Capcom
http://busca.americanas.com.br/produto.php?link=http://www.americanas.com.br/produto/8579697/jogo-nintendo-3ds-monster-hunter-ultimate-4-capcom&ranking=1&sessao=U70MBW0N6E8G7&idbusca=b5cb406de05b2a8f13955b826af629309c4ac532&idproduto=8579697
		Acessando URL do produto.
	Tempo Para buscar: 1303
Loja: Big Boy Games
	URL Principal: http://www.bigboygames.com.br/
	URL Busca: http://www.bigboygames.com.br/pesquisa/?p=<BUSCA>
http://www.bigboygames.com.br/pesquisa/?p=monster+hunter+ultimate+4
		Documento Lido
		Resultados: 3
		Nome do Produto: WiiU - Monster Hunter 3 Ultimate
			Igorando Pelo Filtro de Nome...
		Nome do Produto: Monster Hunter 3 Ultimate - 3DS
			Igorando Pelo Filtro de Nome...
		Nome do Produto: 3DS - Monster Hunter 4 Ultimate
http://www.bigboygames.com.br/3ds-monster-hunter-4-ultimate-p6907/
		Acessando URL do produto.
	Tempo Para buscar: 1352
Loja: Casas Bahia
	URL Principal: http://www.casasbahia.com.br/
	URL Busca: http://buscas.casasbahia.com.br/search?w=<BUSCA>
http://buscas.casasbahia.com.br/search?w=monster+hunter+ultimate+4
		Documento Lido
		Resultados: 1
		Nome do Produto: Jogo Monster Hunter 3 Ultimate - 3DS
			Igorando Pelo Filtro de Nome...
		Nome do Produto: Game Monster Hunter 3 Ultimate - WiiU
			Igorando Pelo Filtro de Nome...
	Tempo Para buscar: 955
Loja: Extra
	URL Principal: http://www.extra.com.br/
	URL Busca: http://buscando.extra.com.br/search?w=<BUSCA>
http://buscando.extra.com.br/search?w=monster+hunter+ultimate+4
		Documento Lido
		Resultados: 2
		Nome do Produto: Jogo Monster Hunter 3 Ultimate - 3DS
			Igorando Pelo Filtro de Nome...
		Nome do Produto: Game Monster Hunter 3 Ultimate - WiiU
			Igorando Pelo Filtro de Nome...
	Tempo Para buscar: 837
Loja: E-Virtua
	URL Principal: http://www.evirtua.com.br/
	URL Busca: http://www.evirtua.com.br/Busca?search_department_id=0&SearchTerm=<BUSCA>
http://www.evirtua.com.br/Busca?search_department_id=0&SearchTerm=monster+hunter+ultimate+4
		Documento Lido
		Resultados: 1
		Nome do Produto: Monster Hunter 4 Ultimate - Nintendo 3DS
http://www.evirtua.com.br//monster-hunter-4-ultimate-nintendo-3ds/3685-01
		Acessando URL do produto.
	Tempo Para buscar: 370
Loja: Fast Games
	URL Principal: http://www.fastgames.com.br/
	URL Busca: http://www.fastgames.com.br/loja/busca.php?loja=187970&palavra_busca=<BUSCA>
http://www.fastgames.com.br/loja/busca.php?loja=187970&palavra_busca=monster+hunter+ultimate+4
		Documento Lido
		Resultados: 2
		Nome do Produto: Monster Hunter 3 Ultimate - 3DS
			Igorando Pelo Filtro de Nome...
		Nome do Produto: Monster Hunter 3 Ultimate - Wii U
			Igorando Pelo Filtro de Nome...
	Tempo Para buscar: 1012
Loja: Fast Shop
	URL Principal: http://www.fastshop.com.br/loja/
	URL Busca: http://www.fastshop.com.br/webapp/wcs/stores/servlet/SearchDisplay?searchTerm=<BUSCA>&categoryId=&storeId=10151&catalogId=11052&langId=-6&pageSize=9&beginIndex=0&sType=SimpleSearch&resultCatEntryType=2&showResultsPage=true&searchSource=Q&pageView=&hotsite=fastshop
http://www.fastshop.com.br/webapp/wcs/stores/servlet/SearchDisplay?searchTerm=monster+hunter+ultimate+4&categoryId=&storeId=10151&catalogId=11052&langId=-6&pageSize=9&beginIndex=0&sType=SimpleSearch&resultCatEntryType=2&showResultsPage=true&searchSource=Q&pageView=&hotsite=fastshop
		Documento Lido
		Resultados: 0
	Tempo Para buscar: 765
Loja: FNAC
	URL Principal: http://www.fnac.com.br/index.html
	URL Busca: http://busca.fnac.com.br/?busca=<BUSCA>
http://busca.fnac.com.br/?busca=monster+hunter+ultimate+4
		Documento Lido
		Resultados: 20
		Nome do Produto: Smart TV Oled 3D Lg 55ea9800 Curved 55" Full HD 240hz 4-hdmi 3-usb 4-óculos Wi-fi Integrado
			Igorando Pelo Filtro de Nome...
		Nome do Produto: Smart TV LED 3D Philips 65pfg7459/78 65" Full HD 960 Hz 3-hdmi 4-óculos Ambilight
			Igorando Pelo Filtro de Nome...
		Nome do Produto: Smart TV LED 3D Sony Kdl-65w955b 65" Full HD 480 Hz 4-hdmi Wi-fi Integrado 2-óculos
			Igorando Pelo Filtro de Nome...
		Nome do Produto: Smart TV LED 3D Philips 55pfg7109/78 55" Full HD 960 Hz 4-hdmi 4-óculos Ambilight
			Igorando Pelo Filtro de Nome...
		Nome do Produto: Smart TV LED Sony Kdl-60w605b 60" Full HD 480hz 4-hdmi Wi-fi Integrado
			Igorando Pelo Filtro de Nome...
		Nome do Produto: Apple Iphone 6 128gb, A8-1.4ghz, Tela Retina HD 4.7", Ios 8.0, Câmera 8mp, Dourado
			Igorando Pelo Filtro de Nome...
		Nome do Produto: Apple Iphone 6 Plus 64gb, A8-1.4ghz, Tela Retina HD 5.5", Ios 8.0, Câmera 8mp, Prata
			Igorando Pelo Filtro de Nome...
		Nome do Produto: Samsung Galaxy S6 Edge Sm-g925izkezto 64gb, Tela 5.1'', Android 5.0 Lollipop,câmera 16mp, 4g, Preto (celular/smartphone)
			Igorando Pelo Filtro de Nome...
		Nome do Produto: Samsung Galaxy S6 Edge Sm-g925izdezto 64gb, Tela 5.1'', Android 5.0 Lollipop, Câmera 16mp, 4g, Dourado (celular/smartphone)
			Igorando Pelo Filtro de Nome...
		Nome do Produto: Samsung Galaxy S6 Edge Sm-g925izwezto 64gb, Tela 5.1'', Android 5.0 Lollipop, Câmera 16mp, 4g, Branco (celular/smartphone)
			Igorando Pelo Filtro de Nome...
		Nome do Produto: Smart TV LED Samsung Un50hu7000gxzd 50" Ultra HD 4k 240hz 4-hdmi Wi-fi Integrado
			Igorando Pelo Filtro de Nome...
		Nome do Produto: Apple Iphone 6 Plus 128gb, A8-1.4ghz, Tela Retina HD 5.5", Ios 8.0, Câmera 8mp, Prata
			Igorando Pelo Filtro de Nome...
		Nome do Produto: Playstation 4
			Igorando Pelo Filtro de Nome...
		Nome do Produto: Samsung 55" Un55h6800agxzd Full HD Curve 4 HDMI 120hz
			Igorando Pelo Filtro de Nome...
		Nome do Produto: Apple Iphone 6 Plus 64gb, A8-1.4ghz, Tela Retina HD 5.5", Ios 8.0, Câmera 8mp, Cinza Espacial
			Igorando Pelo Filtro de Nome...
		Nome do Produto: Apple Iphone 6 Plus 64gb, A8-1.4ghz, Tela Retina HD 5.5", Ios 8.0, Câmera 8mp, Dourado
			Igorando Pelo Filtro de Nome...
		Nome do Produto: Dell I15 5548-a30 Notebook 16gb 1tb 15,6` - Prata
			Igorando Pelo Filtro de Nome...
		Nome do Produto: Smart TV LED Philips 58pug6900/78 58" 4k 480 Hz Wi-fi Dual View 4-hdmi
			Igorando Pelo Filtro de Nome...
		Nome do Produto: All In One Lenovo B550 Core I5-4430 8gb 1tb Windows 8.1 23"
			Igorando Pelo Filtro de Nome...
		Nome do Produto: Smart TV 3D LED Sony Kdl-50w805b 50'' Full HD 480hz 4-hdmi Wi-fi Integrado 2-óculos
			Igorando Pelo Filtro de Nome...
	Tempo Para buscar: 1134
Loja: Kabum
	URL Principal: http://www.kabum.com.br/
	URL Busca: http://www.kabum.com.br/cgi-local/site/listagem/listagem.cgi?string=<BUSCA>&btnG=
http://www.kabum.com.br/cgi-local/site/listagem/listagem.cgi?string=monster+hunter+ultimate+4&btnG=
		Documento Lido
		Resultados: 0
	Tempo Para buscar: 1568
Loja: Livraria Cultura
	URL Principal: http://www.livrariacultura.com.br/
	URL Busca: http://www.livrariacultura.com.br/busca?N=0&Ntt=<BUSCA>
http://www.livrariacultura.com.br/busca?N=0&Ntt=monster+hunter+ultimate+4
		Documento Lido
		Resultados: 4
		Nome do Produto: ALPHA HUNTER
			Igorando Pelo Filtro de Nome...
		Nome do Produto: A TALE OF TWO DEMON SLAYERS
			Igorando Pelo Filtro de Nome...
		Nome do Produto: MONSTER HUNTER 3 ULTIMATE (3DS)
			Igorando Pelo Filtro de Nome...
		Nome do Produto: CABELA'S VIDEO GAMES
			Igorando Pelo Filtro de Nome...
	Tempo Para buscar: 9196
Loja: Magazine Luiza
	URL Principal: http://www.magazineluiza.com.br/
	URL Busca: http://www.magazineluiza.com.br/busca/<BUSCA>/
http://www.magazineluiza.com.br/busca/monster+hunter+ultimate+4/
java.net.SocketTimeoutException: Read timed out
	at java.net.SocketInputStream.socketRead0(Native Method)
	at java.net.SocketInputStream.socketRead(Unknown Source)
	at java.net.SocketInputStream.read(Unknown Source)
	at java.net.SocketInputStream.read(Unknown Source)
	at java.io.BufferedInputStream.fill(Unknown Source)
	at java.io.BufferedInputStream.read1(Unknown Source)
	at java.io.BufferedInputStream.read(Unknown Source)
	at sun.net.www.http.HttpClient.parseHTTPHeader(Unknown Source)
	at sun.net.www.http.HttpClient.parseHTTP(Unknown Source)
	at sun.net.www.protocol.http.HttpURLConnection.getInputStream0(Unknown Source)
	at sun.net.www.protocol.http.HttpURLConnection.getInputStream(Unknown Source)
	at java.net.HttpURLConnection.getResponseCode(Unknown Source)
	at org.jsoup.helper.HttpConnection$Response.execute(HttpConnection.java:453)
	at org.jsoup.helper.HttpConnection$Response.execute(HttpConnection.java:434)
	at org.jsoup.helper.HttpConnection.execute(HttpConnection.java:181)
	at org.jsoup.helper.HttpConnection.get(HttpConnection.java:170)
	at comom.Util.readUrlDocument(Util.java:94)
	at interfaces.search.MagazineLuizaSearch.readResults(MagazineLuizaSearch.java:92)
	at interfaces.search.MagazineLuizaSearch.search(MagazineLuizaSearch.java:30)
	at objects.Shop.searchProduct(Shop.java:33)
	at Main.generateHtlReport(Main.java:88)
	at Main.main(Main.java:59)
Tentando conectar Na Url de outro modo
java.io.IOException: Server returned HTTP response code: 500 for URL: http://www.magazineluiza.com.br/busca/monster+hunter+ultimate+4/
	at sun.net.www.protocol.http.HttpURLConnection.getInputStream0(Unknown Source)
	at sun.net.www.protocol.http.HttpURLConnection.getInputStream(Unknown Source)
	at comom.Util.getPageBuffer(Util.java:138)
	at comom.Util.readUrl(Util.java:106)
	at comom.Util.readUrlDocument(Util.java:98)
	at interfaces.search.MagazineLuizaSearch.readResults(MagazineLuizaSearch.java:92)
	at interfaces.search.MagazineLuizaSearch.search(MagazineLuizaSearch.java:30)
	at objects.Shop.searchProduct(Shop.java:33)
	at Main.generateHtlReport(Main.java:88)
	at Main.main(Main.java:59)
		Documento Lido
		Resultados: 0
	Tempo Para buscar: 75153
Loja: Mula Games
	URL Principal: http://www.mulagames.com.br/
	URL Busca: http://www.mulagames.com.br/produtos-index/catalogo_produtos/-/-/<BUSCA>/-/-/-/-/-/
http://www.mulagames.com.br/produtos-index/catalogo_produtos/-/-/monster%20hunter%20ultimate%204/-/-/-/-/-/
		Documento Lido
		Resultados: 1
		Nome do Produto: Monster Hunter 4 Ultimate - 3DS
http://www.mulagames.com.br/Monster-Hunter-4-Ultimate-3DS/prod-2690779/
		Acessando URL do produto.
http://www.mulagames.com.br/produto-ajax_retorna_dados_preco_comprar/2690779
		Acessando URL do preço produto.
	Tempo Para buscar: 2450
Loja: Net Shoes
	URL Principal: http://www.netshoes.com.br/
	URL Busca: http://www.netshoes.com.br/search?Ntt=<BUSCA>
http://www.netshoes.com.br/search?Ntt=monster+hunter+ultimate+4
		Documento Lido
		Resultados: 60
		Nome do Produto: Bicicleta GONEW Endorphine 4.1 - Aro 26 - 21 Marchas
			Igorando Pelo Filtro de Nome...
		Nome do Produto: Bicicleta GONEW Endorphine 4.1 - Aro 26 - 21 Marchas
			Igorando Pelo Filtro de Nome...
		Nome do Produto: Bola Penalty S11 R3 4 Campo
			Igorando Pelo Filtro de Nome...
		Nome do Produto: Tênis Nike Impax Atlas 4 SL
			Igorando Pelo Filtro de Nome...
		Nome do Produto: Tênis Adidas 4.3 K Infantil
			Igorando Pelo Filtro de Nome...
		Nome do Produto: Chuteira Umbro Speciali 4 LTL Campo
			Igorando Pelo Filtro de Nome...
		Nome do Produto: Kit Chuteira Umbro Speciali 4 LTL Campo + Chuteira Umbro Grass ID
			Igorando Pelo Filtro de Nome...
		Nome do Produto: Tênis Puma Racer 4
			Igorando Pelo Filtro de Nome...
		Nome do Produto: Tênis Mizuno Wave Prophecy 4
			Igorando Pelo Filtro de Nome...
		Nome do Produto: Chuteira Puma Evopower 4 IT JR Juvenil
			Igorando Pelo Filtro de Nome...
		Nome do Produto: Tênis Nike Impax Atlas 4 SL
			Igorando Pelo Filtro de Nome...
		Nome do Produto: Tênis Mizuno Wave Prophecy 4
			Igorando Pelo Filtro de Nome...
		Nome do Produto: Tênis Puma Racer 4
			Igorando Pelo Filtro de Nome...
		Nome do Produto: Tênis Nike Air Relentless 4 MSL
			Igorando Pelo Filtro de Nome...
		Nome do Produto: Tênis Nike In-Season TR 4
			Igorando Pelo Filtro de Nome...
		Nome do Produto: Tênis Mizuno Wave Prophecy 4
			Igorando Pelo Filtro de Nome...
		Nome do Produto: Tênis Nike In-Season TR 4 Print
			Igorando Pelo Filtro de Nome...
		Nome do Produto: Tênis Nike In-Season TR 4
			Igorando Pelo Filtro de Nome...
		Nome do Produto: Camiseta Cruzeiro 4 Linhas
			Igorando Pelo Filtro de Nome...
		Nome do Produto: 100% Casein Gold Standard 4 Lbs - Optimum Nutrition
			Igorando Pelo Filtro de Nome...
		Nome do Produto: 100% Casein Gold Standard 4 Lbs + 100 % Whey Gold Standard 1 lb - Optimum Nutrition
			Igorando Pelo Filtro de Nome...
		Nome do Produto: 100% Casein Gold Standard 4 Lbs + 100 % Whey Gold Standard 1 lb - Optimum Nutrition
			Igorando Pelo Filtro de Nome...
		Nome do Produto: Tênis Mizuno Wave Prophecy 4
			Igorando Pelo Filtro de Nome...
		Nome do Produto: Tênis Asics Gel Game 4
			Igorando Pelo Filtro de Nome...
		Nome do Produto: Tênis Puma Racer 4
			Igorando Pelo Filtro de Nome...
		Nome do Produto: Tênis Mizuno Wave Prophecy 4
			Igorando Pelo Filtro de Nome...
		Nome do Produto: Monster Extreme Black 44 Packs - Probiótica
			Igorando Pelo Filtro de Nome...
		Nome do Produto: Tênis Nike Air Relentless 4 MSL
			Igorando Pelo Filtro de Nome...
		Nome do Produto: Tênis Nike Air Relentless 4 MSL
			Igorando Pelo Filtro de Nome...
		Nome do Produto: Tênis Nike Air Relentless 4 MSL
			Igorando Pelo Filtro de Nome...
		Nome do Produto: Calça 3/4 Adidas ESS Fun
			Igorando Pelo Filtro de Nome...
		Nome do Produto: Kit Chuteira Umbro Speciali 4 Liga Campo + Chuteira Umbro Geometra 2 Society
			Igorando Pelo Filtro de Nome...
		Nome do Produto: Chuteira Umbro Speciali 4 Liga Campo
			Igorando Pelo Filtro de Nome...
		Nome do Produto: Tênis Mizuno Wave Prophecy 4
			Igorando Pelo Filtro de Nome...
		Nome do Produto: Tênis Nike In-Season TR 4
			Igorando Pelo Filtro de Nome...
		Nome do Produto: COMPRE 3 LEVE 4 - Muscle Whey Protein NO2 900 g - NeoNutri
			Igorando Pelo Filtro de Nome...
		Nome do Produto: Kit Chuteira Umbro Grass ID + Chuteira Umbro Speciali 4 Liga Campo
			Igorando Pelo Filtro de Nome...
		Nome do Produto: Tênis Nike Air Relentless 4 MSL
			Igorando Pelo Filtro de Nome...
		Nome do Produto: Chuteira Umbro Speciali 4 Liga Campo
			Igorando Pelo Filtro de Nome...
		Nome do Produto: Tênis Nike Lunar Forever 4
			Igorando Pelo Filtro de Nome...
		Nome do Produto: Caneleira Shura 4 Kg
			Igorando Pelo Filtro de Nome...
		Nome do Produto: Tênis Nike In-Season TR 4 Print
			Igorando Pelo Filtro de Nome...
		Nome do Produto: Monster Nitro NO2 44 Packs - Probiótica
			Igorando Pelo Filtro de Nome...
		Nome do Produto: Ultimate 5 Whey Protein 900 g - Probiótica
			Igorando Pelo Filtro de Nome...
		Nome do Produto: Sensor de Velocidade e Cadência ALL4ONE Smart Bluetooth 4.0 - Connect Bike
			Igorando Pelo Filtro de Nome...
		Nome do Produto: Barraca Iglu MOR 4 pessoas
			Igorando Pelo Filtro de Nome...
		Nome do Produto: Sandália Nike Sunray Adjust 4 Juvenil
			Igorando Pelo Filtro de Nome...
		Nome do Produto: Massa Nitro NO2 Millennium 1,4 kg - Probiótica
			Igorando Pelo Filtro de Nome...
		Nome do Produto: Chuteira Puma Evopower 4 IT
			Igorando Pelo Filtro de Nome...
		Nome do Produto: Waxy Maize 1,4 kg - Probiótica
			Igorando Pelo Filtro de Nome...
		Nome do Produto: Waxy Maize 1,4 kg - Probiótica
			Igorando Pelo Filtro de Nome...
		Nome do Produto: Waxy Maize 1,4 kg - NeoNutri
			Igorando Pelo Filtro de Nome...
		Nome do Produto: Massa Monster Black 1,5 kg - Probiótica
			Igorando Pelo Filtro de Nome...
		Nome do Produto: Whey Cor-Performance 4 Lbs - Cellucor
			Igorando Pelo Filtro de Nome...
		Nome do Produto: Kit Whey Cor-Performance 4 Lbs - 2 unidades + Whey Cor-Performance 2 Lbs - Cellucor
			Igorando Pelo Filtro de Nome...
		Nome do Produto: Whey Cor-Performance 4 Lbs - Cellucor
			Igorando Pelo Filtro de Nome...
		Nome do Produto: Kit Whey Cor-Performance 4 Lbs - 2 unidades + Whey Cor-Performance 2 Lbs - Cellucor
			Igorando Pelo Filtro de Nome...
		Nome do Produto: Halter Polimet Emborrachado 4 kg
			Igorando Pelo Filtro de Nome...
		Nome do Produto: Kit Par de Halteres 4 kg
			Igorando Pelo Filtro de Nome...
		Nome do Produto: Tênis Timberland Nabi 4
			Igorando Pelo Filtro de Nome...
	Tempo Para buscar: 584
Loja: Ponto Frio
	URL Principal: http://www.pontofrio.com.br/
	URL Busca: http://search.pontofrio.com.br/search?w=<BUSCA>
http://search.pontofrio.com.br/search?w=monster+hunter+ultimate+4
		Documento Lido
		Resultados: 1
		Nome do Produto: Jogo Monster Hunter 3 Ultimate - 3DS
			Igorando Pelo Filtro de Nome...
		Nome do Produto: Game Monster Hunter 3 Ultimate - WiiU
			Igorando Pelo Filtro de Nome...
		Nome do Produto: Jogo Monster Hunter 3 Ultimate - 3DS
			Igorando Pelo Filtro de Nome...
		Nome do Produto: Game Monster Hunter 3 Ultimate - WiiU
			Igorando Pelo Filtro de Nome...
	Tempo Para buscar: 843
Loja: Ricardo Eletro
	URL Principal: http://www.ricardoeletro.com.br/
	URL Busca: http://www.ricardoeletro.com.br/Busca/Resultado/?q=<BUSCA>
http://www.ricardoeletro.com.br/Busca/Resultado/?q=monster+hunter+ultimate+4
		Documento Lido
		Resultados: 21
		Nome do Produto: Boneca Monster High - Sangueteria - Draculaura - Mattel
			Igorando Pelo Filtro de Nome...
		Nome do Produto: Boneca Monster High - Monster Fusion - Ghoulia Yelps - Mattel
			Igorando Pelo Filtro de Nome...
		Nome do Produto: Monster High Clawdeen Wolf - Mattel
			Igorando Pelo Filtro de Nome...
		Nome do Produto: 6005 - LEGO City Monster Truck
			Igorando Pelo Filtro de Nome...
		Nome do Produto: Pelúcia Lagoona Blue Monster High - BBR
			Igorando Pelo Filtro de Nome...
		Nome do Produto: Monster High - Mattel - Draculaura
			Igorando Pelo Filtro de Nome...
		Nome do Produto: Boneca Monster High - Monster Fusion - Operetta - Mattel
			Igorando Pelo Filtro de Nome...
		Nome do Produto: Pelúcia Watzit Monster High - BBR
			Igorando Pelo Filtro de Nome...
		Nome do Produto: Boneca Monster High - Monster Fusion - Frankie Stein - Mattel
			Igorando Pelo Filtro de Nome...
		Nome do Produto: Fantasia Monster High Draculaura - Sulamericana
			Igorando Pelo Filtro de Nome...
		Nome do Produto: Fantasia Monster High Lagoona - Sulamericana
			Igorando Pelo Filtro de Nome...
		Nome do Produto: Fantasia Monster High Rochelle - Sulamericana
			Igorando Pelo Filtro de Nome...
		Nome do Produto: Fantasia Monster High Frankie Luxo - Sulamericana
			Igorando Pelo Filtro de Nome...
		Nome do Produto: Fantasia Monster High Draculaura Pop - Sulamericana
			Igorando Pelo Filtro de Nome...
		Nome do Produto: Pelúcia Pet Hissette Monster High - BBR
			Igorando Pelo Filtro de Nome...
		Nome do Produto: Pelúcia Abbey Bominable Monster High - BBR
			Igorando Pelo Filtro de Nome...
		Nome do Produto: Pelúcia Ghoilia Yelps Monster High - BBR
			Igorando Pelo Filtro de Nome...
		Nome do Produto: Pelúcia Clawdeen Wolf Monster High- BBR
			Igorando Pelo Filtro de Nome...
		Nome do Produto: Bicicleta Aro 20 Monster High - Caloi
			Igorando Pelo Filtro de Nome...
		Nome do Produto: Monster Extreme Black - 44 Packs - Probiótica
			Igorando Pelo Filtro de Nome...
		Nome do Produto: Monster Extreme Black - 22 Packs - Probiótica
			Igorando Pelo Filtro de Nome...
	Tempo Para buscar: 773
Loja: RiHappy
	URL Principal: http://www.rihappy.com.br/
	URL Busca: http://www.rihappy.com.br/<BUSCA>
http://www.rihappy.com.br/monster%20hunter%20ultimate%204
		Documento Lido
		Resultados: 0
	Tempo Para buscar: 1017
Loja: Saraiva
	URL Principal: http://www.saraiva.com.br/
	URL Busca: http://busca.saraiva.com.br/search?w=<BUSCA>&PAC_ID=129457&ts=ajax
http://busca.saraiva.com.br/search?w=monster+hunter+ultimate+4&PAC_ID=129457&ts=ajax
		Documento Lido
		Resultados: 30
		Nome do Produto: Monster Hunter Illustrations
			Igorando Pelo Filtro de Nome...
		Nome do Produto: Monster Hunter Orage - Vl. 04
			Igorando Pelo Filtro de Nome...
		Nome do Produto: Monster Hunter Illustrations 2
			Igorando Pelo Filtro de Nome...
		Nome do Produto: Monster Hunter Orage - Vol. 1
			Igorando Pelo Filtro de Nome...
		Nome do Produto: The Monster Hunter In Modern Popular Culture
			Igorando Pelo Filtro de Nome...
		Nome do Produto: Hunter X Hunter 4
			Igorando Pelo Filtro de Nome...
		Nome do Produto: Doctor Who: The Ultimate Monster Guide
			Igorando Pelo Filtro de Nome...
		Nome do Produto: Hunter X Hunter - Vol. 4
			Igorando Pelo Filtro de Nome...
		Nome do Produto: Dragon Hunter 4
			Igorando Pelo Filtro de Nome...
		Nome do Produto: City Hunter 4
			Igorando Pelo Filtro de Nome...
		Nome do Produto: Hunter-Gatherers
			Igorando Pelo Filtro de Nome...
		Nome do Produto: Hunter-Killer
			Igorando Pelo Filtro de Nome...
		Nome do Produto: Hunter
			Igorando Pelo Filtro de Nome...
		Nome do Produto: Monster Blood III
			Igorando Pelo Filtro de Nome...
		Nome do Produto: Monster
			Igorando Pelo Filtro de Nome...
		Nome do Produto: Monster
			Igorando Pelo Filtro de Nome...
		Nome do Produto: Monster
			Igorando Pelo Filtro de Nome...
		Nome do Produto: Monster
			Igorando Pelo Filtro de Nome...
		Nome do Produto: Monster
			Igorando Pelo Filtro de Nome...
		Nome do Produto: Monster
			Igorando Pelo Filtro de Nome...
		Nome do Produto: Monster
			Igorando Pelo Filtro de Nome...
		Nome do Produto: Monster
			Igorando Pelo Filtro de Nome...
		Nome do Produto: Monster
			Igorando Pelo Filtro de Nome...
		Nome do Produto: Monster
			Igorando Pelo Filtro de Nome...
		Nome do Produto: Monster
			Igorando Pelo Filtro de Nome...
		Nome do Produto: Monster
			Igorando Pelo Filtro de Nome...
		Nome do Produto: Monster
			Igorando Pelo Filtro de Nome...
		Nome do Produto: Monster
			Igorando Pelo Filtro de Nome...
		Nome do Produto: Monster
			Igorando Pelo Filtro de Nome...
		Nome do Produto: Monster
			Igorando Pelo Filtro de Nome...
	Tempo Para buscar: 633
Loja: Shop Facil
	URL Principal: http://ww2.shopfacil.com.br/
	URL Busca: http://ww2.shopfacil.com.br/<BUSCA>
http://ww2.shopfacil.com.br/monster%20hunter%20ultimate%204
		Documento Lido
		Resultados: 0
	Tempo Para buscar: 1123
Loja: Shop Time
	URL Principal: http://www.shoptime.com.br/
	URL Busca: http://busca.shoptime.com.br/busca.php?q=<BUSCA>
http://busca.shoptime.com.br/busca.php?q=monster+hunter+ultimate+4
		Documento Lido
		Resultados: 1
		Nome do Produto: Jogo Nintendo 3ds Monster Hunter Ultimate 4 - Capcom
http://busca.shoptime.com.br/produto.php?link=http://www.shoptime.com.br/produto/8579697/jogo-nintendo-3ds-monster-hunter-ultimate-4-capcom&ranking=1&sessao=U70MFGWIPM8O7&idbusca=1d10f2976f8d8add69f4ee68fb709a695d15c599&idproduto=8579697
		Acessando URL do produto.
	Tempo Para buscar: 980
Loja: ShopB
	URL Principal: http://www.shopb.com.br/
	URL Busca: http://busca.shopb.com.br/?busca=<BUSCA>
http://busca.shopb.com.br/?busca=monster+hunter+ultimate+4
		Documento Lido
		Resultados: 31
		Nome do Produto: Monster Hunter 4 Ultimate - 3DS
http://shopb.ecommercesearch.com.br/Busca/Redir?url=http%3a%2f%2fwww.shopb.com.br%2fecommerce_site%2findex.php%3fpg%3dproduto%26cdg%3d4488%26idp%3d39230%26idparceiro%3dp1&esid=39230
		Acessando URL do produto.
		Nome do Produto: Adaptador de Controle Gamecube 4 Portas p/ Wii U & PC - May Flash
			Igorando Pelo Filtro de Nome...
		Nome do Produto: Alien Isolation: Nostromo Edition - PS4
			Igorando Pelo Filtro de Nome...
		Nome do Produto: Antena Amplificada Bidirecional Ouro 27dB 4 em 1 VHF / UHF/ FM / Digital - Capte
			Igorando Pelo Filtro de Nome...
		Nome do Produto: Antena Externa Diamante 32dB 4 em 1 VHF / UHF / Digital / FM - Capte
			Igorando Pelo Filtro de Nome...
		Nome do Produto: Antena Interna 12db 4 em 1 - Platinum Light
			Igorando Pelo Filtro de Nome...
		Nome do Produto: Assassins Creed IV Black Flag - PS3
			Igorando Pelo Filtro de Nome...
		Nome do Produto: Assassins Creed IV Black Flag - PS4
			Igorando Pelo Filtro de Nome...
		Nome do Produto: Assassins Creed IV Black Flag - XBOX 360
			Igorando Pelo Filtro de Nome...
		Nome do Produto: Assassins Creed IV Black Flag - XBOX ONE
			Igorando Pelo Filtro de Nome...
		Nome do Produto: Assassins Creed IV Black Flag: Signature Edition - XBOX ONE
			Igorando Pelo Filtro de Nome...
		Nome do Produto: Assassins Creed IV: Black Flag Limited Edition - PS3
			Igorando Pelo Filtro de Nome...
		Nome do Produto: Assassins Creed IV: Black Flag Limited Edition - XBOX 360
			Igorando Pelo Filtro de Nome...
		Nome do Produto: Assassins Creed IV: Black Flag Limited Edition - XBOX ONE
			Igorando Pelo Filtro de Nome...
		Nome do Produto: Assassins Creed Unity - PS4
			Igorando Pelo Filtro de Nome...
		Nome do Produto: Assassins Creed Unity: Collectors Edition - PS4
			Igorando Pelo Filtro de Nome...
		Nome do Produto: Base Suporte Vertical & Hub USB 3 Portas - PS4
			Igorando Pelo Filtro de Nome...
		Nome do Produto: Base Suporte Vertical Branco - PS4
			Igorando Pelo Filtro de Nome...
		Nome do Produto: Base Suporte Vertical Preto - PS4
			Igorando Pelo Filtro de Nome...
		Nome do Produto: Batman: Arkham Knight - PS4
			Igorando Pelo Filtro de Nome...
		Nome do Produto: Battlefield 4 + Filme - XBOX 360
			Igorando Pelo Filtro de Nome...
		Nome do Produto: Battlefield 4 - PC
			Igorando Pelo Filtro de Nome...
		Nome do Produto: Battlefield 4 - PS3
			Igorando Pelo Filtro de Nome...
		Nome do Produto: Battlefield 4 - PS4
			Igorando Pelo Filtro de Nome...
		Nome do Produto: Battlefield 4 - XBOX ONE
			Igorando Pelo Filtro de Nome...
		Nome do Produto: Battlefield Bad Company 2: Ultimate Edition - PS3
			Igorando Pelo Filtro de Nome...
		Nome do Produto: Battlefield Hardline - PS4
			Igorando Pelo Filtro de Nome...
		Nome do Produto: Bioshock Ultimate Rapture Edition - XBOX 360
			Igorando Pelo Filtro de Nome...
		Nome do Produto: Bladestorm Nightmare - PS4
			Igorando Pelo Filtro de Nome...
		Nome do Produto: Bloodborne - PS4
			Igorando Pelo Filtro de Nome...
		Nome do Produto: Boneco - Anderson "The Spider" Silva UFC Ultimate Collector
			Igorando Pelo Filtro de Nome...
	Tempo Para buscar: 1672
Loja: Submarino
	URL Principal: http://www.submarino.com.br/
	URL Busca: http://busca.submarino.com.br/busca.php?q=<BUSCA>
http://busca.submarino.com.br/busca.php?q=monster+hunter+ultimate+4
		Documento Lido
		Resultados: 1
		Nome do Produto: Jogo Nintendo 3ds Monster Hunter Ultimate 4 - Capcom
http://busca.submarino.com.br/produto.php?link=http://www.submarino.com.br/produto/8579697/jogo-nintendo-3ds-monster-hunter-ultimate-4-capcom&ranking=1&sessao=U70MFJGECGG87&idbusca=5632615eb844d84ba263670a1e38bfdd03cbe51f&idproduto=8579697
		Acessando URL do produto.
	Tempo Para buscar: 1067
Loja: Walmart
	URL Principal: http://www.walmart.com.br/
	URL Busca: http://www.walmart.com.br/busca/?ft=<BUSCA>&PS=20
http://www.walmart.com.br/busca/?ft=monster+hunter+ultimate+4&PS=20
		Documento Lido
		Resultados: 1
		Nome do Produto: Jogo 3DS Monster Hunter 3 Ultimate
			Igorando Pelo Filtro de Nome...
	Tempo Para buscar: 1142

File copied from C:\java\workspace Estudo\lookforprices\resources\imports\css.css to C:\java\workspace Estudo\lookforprices\reports\2015-05-04 11\css.css
File copied from C:\java\workspace Estudo\lookforprices\resources\imports\jquery.js to C:\java\workspace Estudo\lookforprices\reports\2015-05-04 11\jquery.js
File copied from C:\java\workspace Estudo\lookforprices\resources\imports\scripts.js to C:\java\workspace Estudo\lookforprices\reports\2015-05-04 11\scripts.js
Tempo total de execução: 106838
