Game: Pokemon White
Loja: Nintendo eShop
	URL Principal: http://www.nintendo.com/3ds/eshop
	URL Busca: http://www.nintendo.com/json/content/get/game/filter?&&&&qterm=<BUSCA>
NintendoEShopSearch.search() http://www.nintendo.com/json/content/get/game/filter?&&&&qterm=Pokemon+White
		Documento Lido
		Resultados: 8
		Nome do Produto: Pokédex 3D Pro
			Igorando Pelo Filtro de Nome...
		Nome do Produto: Pokémon Black Version 2
			Igorando Pelo Filtro de Nome...
		Nome do Produto: Pokémon White Version 2
			Igorando Pelo Filtro de Nome...
		Nome do Produto: Pokémon Dream Radar
			Igorando Pelo Filtro de Nome...
		Nome do Produto: Pokémon Conquest
			Igorando Pelo Filtro de Nome...
		Nome do Produto: Pokémon Rumble Blast
			Igorando Pelo Filtro de Nome...
		Nome do Produto: Pokémon Black Version
			Igorando Pelo Filtro de Nome...
		Nome do Produto: Pokémon White Version
			Igorando Pelo Filtro de Nome...
	Tempo Para buscar: 513
Loja: Americanas
	URL Principal: http://www.americanas.com.br/
	URL Busca: http://busca.americanas.com.br/busca.php?q=<BUSCA>
http://busca.americanas.com.br/busca.php?q=Pokemon+White
		Documento Lido
		Resultados: 1
		Nome do Produto: Game Pokemon White Version 2 - DS
http://busca.americanas.com.br/produto.php?link=http://www.americanas.com.br/produto/112884015/game-pokemon-white-version-2-ds&ranking=1&sessao=U70M7QPQKHCO7&idbusca=7ca488dfc9eecd21fe003883675a88673ab25028&idproduto=112884015
		Acessando URL do produto.
	Tempo Para buscar: 1296
Loja: Big Boy Games
	URL Principal: http://www.bigboygames.com.br/
	URL Busca: http://www.bigboygames.com.br/pesquisa/?p=<BUSCA>
http://www.bigboygames.com.br/pesquisa/?p=Pokemon+White
		Documento Lido
		Resultados: 5
		Nome do Produto: DS - Pokemon Versão White 2
http://www.bigboygames.com.br/ds-pokemon-versao-white-2-p4431/
		Acessando URL do produto.
		Nome do Produto: POKÉMON Black & White Fronteiras Cruzadas Booster
			Igorando Pelo Filtro de Nome...
		Nome do Produto: POKÉMON Black & White Tempestade de Plasma Booster
			Igorando Pelo Filtro de Nome...
		Nome do Produto: POKÉMON Black & White Dragões Enaltecidos Booster
			Igorando Pelo Filtro de Nome...
		Nome do Produto: DS - Pokemon Versão White
http://www.bigboygames.com.br/ds-pokemon-versao-white-p2604/
		Acessando URL do produto.
	Tempo Para buscar: 1963
Loja: Casas Bahia
	URL Principal: http://www.casasbahia.com.br/
	URL Busca: http://buscas.casasbahia.com.br/search?w=<BUSCA>
http://buscas.casasbahia.com.br/search?w=Pokemon+White
		Documento Lido
		Resultados: 1
		Nome do Produto: Jogo Pokémon White Version 2 - NDS
			Igorando Pelo Filtro de Nome...
		Nome do Produto: Deck Esmagador Psíquico - Pokémon Black & White - Congelamento de Plasma - Copag
			Igorando Pelo Filtro de Nome...
	Tempo Para buscar: 1407
Loja: Extra
	URL Principal: http://www.extra.com.br/
	URL Busca: http://buscando.extra.com.br/search?w=<BUSCA>
http://buscando.extra.com.br/search?w=Pokemon+White
		Documento Lido
		Resultados: 2
		Nome do Produto: Jogo Pokémon White Version 2 - NDS
			Igorando Pelo Filtro de Nome...
		Nome do Produto: Deck Esmagador Psíquico - Pokémon Black & White - Congelamento de Plasma - Copag
			Igorando Pelo Filtro de Nome...
	Tempo Para buscar: 1308
Loja: E-Virtua
	URL Principal: http://www.evirtua.com.br/
	URL Busca: http://www.evirtua.com.br/Busca?search_department_id=0&SearchTerm=<BUSCA>
http://www.evirtua.com.br/Busca?search_department_id=0&SearchTerm=Pokemon+White
		Documento Lido
		Resultados: 0
	Tempo Para buscar: 134
Loja: Fast Games
	URL Principal: http://www.fastgames.com.br/
	URL Busca: http://www.fastgames.com.br/loja/busca.php?loja=187970&palavra_busca=<BUSCA>
http://www.fastgames.com.br/loja/busca.php?loja=187970&palavra_busca=Pokemon+White
		Documento Lido
		Resultados: 1
		Nome do Produto: Pokémon White Version 2 - DS
			Igorando Pelo Filtro de Nome...
	Tempo Para buscar: 1239
Loja: Fast Shop
	URL Principal: http://www.fastshop.com.br/loja/
	URL Busca: http://www.fastshop.com.br/webapp/wcs/stores/servlet/SearchDisplay?searchTerm=<BUSCA>&categoryId=&storeId=10151&catalogId=11052&langId=-6&pageSize=9&beginIndex=0&sType=SimpleSearch&resultCatEntryType=2&showResultsPage=true&searchSource=Q&pageView=&hotsite=fastshop
http://www.fastshop.com.br/webapp/wcs/stores/servlet/SearchDisplay?searchTerm=Pokemon+White&categoryId=&storeId=10151&catalogId=11052&langId=-6&pageSize=9&beginIndex=0&sType=SimpleSearch&resultCatEntryType=2&showResultsPage=true&searchSource=Q&pageView=&hotsite=fastshop
		Documento Lido
		Resultados: 0
	Tempo Para buscar: 647
Loja: FNAC
	URL Principal: http://www.fnac.com.br/index.html
	URL Busca: http://busca.fnac.com.br/?busca=<BUSCA>
http://busca.fnac.com.br/?busca=Pokemon+White
		Documento Lido
		Resultados: 20
		Nome do Produto: Filmadora Gopro Hero3 Chdhe-302-br White Edition, Fullhd @ 30qps, 5.0mp, Ultra Grande Angular, F/2.8, 6-elementos, Wi-fi Embutido
			Igorando Pelo Filtro de Nome...
		Nome do Produto: Cafeteira Nespresso Inissia + White - 110v
			Igorando Pelo Filtro de Nome...
		Nome do Produto: Cafeteira Nespresso Inissia + White - 220v
			Igorando Pelo Filtro de Nome...
		Nome do Produto: A Feiticeira - A Série Completa (33 DVDs)
			Igorando Pelo Filtro de Nome...
		Nome do Produto: 3ds Pokemon X
			Igorando Pelo Filtro de Nome...
		Nome do Produto: 3ds Pokemon Y
			Igorando Pelo Filtro de Nome...
		Nome do Produto: 3ds Pokemon Art Academy
			Igorando Pelo Filtro de Nome...
		Nome do Produto: 3ds Pokemon Alpha Sapphire
			Igorando Pelo Filtro de Nome...
		Nome do Produto: 3ds Pokemon Omega Ruby
			Igorando Pelo Filtro de Nome...
		Nome do Produto: Túnel do Tempo - 1ª Temporada Vol. 2 (4 DVDs)
			Igorando Pelo Filtro de Nome...
		Nome do Produto: Live Black & White (blu-ray)
			Igorando Pelo Filtro de Nome...
		Nome do Produto: Genet - Uma Biografia - Colecao Contra Luz
			Igorando Pelo Filtro de Nome...
		Nome do Produto: The Beatles - White Album (2 CDs)
			Igorando Pelo Filtro de Nome...
		Nome do Produto: Beauty & Beast - 1ª Temporada (6 DVDs)
			Igorando Pelo Filtro de Nome...
		Nome do Produto: Código da Máfia (blu-ray)
			Igorando Pelo Filtro de Nome...
		Nome do Produto: Notebook Poket Ruled White Hard
			Igorando Pelo Filtro de Nome...
		Nome do Produto: Náufrago (blu-ray)
			Igorando Pelo Filtro de Nome...
		Nome do Produto: White Women
			Igorando Pelo Filtro de Nome...
		Nome do Produto: Supersexy Swingin Sounds
			Igorando Pelo Filtro de Nome...
		Nome do Produto: Stephen Hawking - Uma Vida Para A Ciencia
			Igorando Pelo Filtro de Nome...
	Tempo Para buscar: 1063
Loja: Kabum
	URL Principal: http://www.kabum.com.br/
	URL Busca: http://www.kabum.com.br/cgi-local/site/listagem/listagem.cgi?string=<BUSCA>&btnG=
http://www.kabum.com.br/cgi-local/site/listagem/listagem.cgi?string=Pokemon+White&btnG=
		Documento Lido
		Resultados: 0
	Tempo Para buscar: 1121
Loja: Livraria Cultura
	URL Principal: http://www.livrariacultura.com.br/
	URL Busca: http://www.livrariacultura.com.br/busca?N=0&Ntt=<BUSCA>
http://www.livrariacultura.com.br/busca?N=0&Ntt=Pokemon+White
		Documento Lido
		Resultados: 48
		Nome do Produto: POKEMON BLACK & WHITE - Nº02
http://www.livrariacultura.com.br/p/pokemon-black-white-n02-11107524
		Acessando URL do produto.
		Nome do Produto: POKEMON BLACK & WHITE - Nº05
http://www.livrariacultura.com.br/p/pokemon-black-white-n05-42890554
		Acessando URL do produto.
		Nome do Produto: POKEMON BLACK & WHITE - Nº03
http://www.livrariacultura.com.br/p/pokemon-black-white-n03-40041633
		Acessando URL do produto.
		Nome do Produto: POKEMON BLACK & WHITE - Nº04
http://www.livrariacultura.com.br/p/pokemon-black-white-n04-40042487
		Acessando URL do produto.
		Nome do Produto: POKEMON BLACK & WHITE - Nº01
http://www.livrariacultura.com.br/p/pokemon-black-white-n01-42690873
		Acessando URL do produto.
		Nome do Produto: POKEMON BLACK VERSION 2 AND POKEMON WHITE VERSION
http://www.livrariacultura.com.br/p/pokemon-black-version-2-and-pokemon-white-version-30737190
		Acessando URL do produto.
		Nome do Produto: POKEMON BLACK VERSION 2 AND POKEMON WHITE VERSION
http://www.livrariacultura.com.br/p/pokemon-black-version-2-and-pokemon-white-version-30737189
		Acessando URL do produto.
		Nome do Produto: POKEMON SUPER STICKER BOOK
			Igorando Pelo Filtro de Nome...
		Nome do Produto: POKEMON BLACK AND WHITE BOX SET
http://www.livrariacultura.com.br/p/pokemon-black-and-white-box-set-29605247
		Acessando URL do produto.
		Nome do Produto: POKEMON BLACK AND WHITE 3
http://www.livrariacultura.com.br/p/pokemon-black-and-white-3-22569811
		Acessando URL do produto.
		Nome do Produto: POKEMON BLACK AND WHITE, V.2
http://www.livrariacultura.com.br/p/pokemon-black-and-white-v2-22538795
		Acessando URL do produto.
		Nome do Produto: POKEMON BLACK AND WHITE 4
http://www.livrariacultura.com.br/p/pokemon-black-and-white-4-22569813
		Acessando URL do produto.
		Nome do Produto: POKEMON BLACK AND WHITE 8
http://www.livrariacultura.com.br/p/pokemon-black-and-white-8-29012123
		Acessando URL do produto.
		Nome do Produto: POKEMON BLACK AND WHITE 7
http://www.livrariacultura.com.br/p/pokemon-black-and-white-7-5110465
		Acessando URL do produto.
		Nome do Produto: POKEMON BLACK AND WHITE 5
http://www.livrariacultura.com.br/p/pokemon-black-and-white-5-22954190
		Acessando URL do produto.
		Nome do Produto: POKEMON BLACK AND WHITE BOX SET 2
http://www.livrariacultura.com.br/p/pokemon-black-and-white-box-set-2-42249596
		Acessando URL do produto.
		Nome do Produto: POKEMON - BLACK & WHITE HANDBOOK
http://www.livrariacultura.com.br/p/pokemon-black-white-handbook-22403483
		Acessando URL do produto.
		Nome do Produto: POKEMON BLACK AND WHITE 2 GUIDE
http://www.livrariacultura.com.br/p/pokemon-black-and-white-2-guide-61782217
		Acessando URL do produto.
		Nome do Produto: POKEMON BLACK AND WHITE
http://www.livrariacultura.com.br/p/pokemon-black-and-white-42253226
		Acessando URL do produto.
		Nome do Produto: POKEMON BLACK AND WHITE 6
http://www.livrariacultura.com.br/p/pokemon-black-and-white-6-22954191
		Acessando URL do produto.
		Nome do Produto: POKEMON ADVENTURES- BLACK AND WHITE 5
http://www.livrariacultura.com.br/p/pokemon-adventures-black-and-white-5-45017779
		Acessando URL do produto.
		Nome do Produto: POKEMON BLACK AND WHITE, V.1
http://www.livrariacultura.com.br/p/pokemon-black-and-white-v1-22538900
		Acessando URL do produto.
		Nome do Produto: POKEMON BLACK/WHITE: VIDEO GAME GUIDE
http://www.livrariacultura.com.br/p/pokemon-blackwhite-video-game-guide-30709601
		Acessando URL do produto.
		Nome do Produto: POKEMON ADVENTURES- BLACK & WHITE 7
http://www.livrariacultura.com.br/p/pokemon-adventures-black-white-7-42841954
		Acessando URL do produto.
		Nome do Produto: POKEMON BLACK AND WHITE
http://www.livrariacultura.com.br/p/pokemon-black-and-white-42253225
		Acessando URL do produto.
		Nome do Produto: POKEMON ADVENTURES- BLACK AND WHITE 8
http://www.livrariacultura.com.br/p/pokemon-adventures-black-and-white-8-42841955
		Acessando URL do produto.
		Nome do Produto: POKEMON ADVENTURES - BLACK AND WHITE 20
http://www.livrariacultura.com.br/p/pokemon-adventures-black-and-white-20-42783148
		Acessando URL do produto.
		Nome do Produto: POKEMON ADVENTURES - BLACK AND WHITE 6
http://www.livrariacultura.com.br/p/pokemon-adventures-black-and-white-6-42783124
		Acessando URL do produto.
		Nome do Produto: POKEMON BLACK AND WHITE
http://www.livrariacultura.com.br/p/pokemon-black-and-white-42079188
		Acessando URL do produto.
		Nome do Produto: POKEMON BLACK AND WHITE
http://www.livrariacultura.com.br/p/pokemon-black-and-white-42079189
		Acessando URL do produto.
		Nome do Produto: POKEMON BLACK AND WHITE
http://www.livrariacultura.com.br/p/pokemon-black-and-white-42079187
		Acessando URL do produto.
		Nome do Produto: SUPER POKEMON POP-UP WHITE KYUREM
http://www.livrariacultura.com.br/p/super-pokemon-pop-up-white-kyurem-30888731
		Acessando URL do produto.
		Nome do Produto: POK‚MON ADVENTURES - BLACK AND WHITE
			Igorando Pelo Filtro de Nome...
		Nome do Produto: POK‚MON ADVENTURES - BLACK AND WHITE
			Igorando Pelo Filtro de Nome...
		Nome do Produto: POK‚MON ADVENTURES - BLACK AND WHITE
			Igorando Pelo Filtro de Nome...
		Nome do Produto: GAME FREAKS 365'S NINTENDO DS REVIEW GUIDE
			Igorando Pelo Filtro de Nome...
		Nome do Produto: POKEMON BLACK & POKEMON WHITE VERSIONS
http://www.livrariacultura.com.br/p/pokemon-black-pokemon-white-versions-22490780
		Acessando URL do produto.
		Nome do Produto: POKEMON BLACK VERSION & POKEMON WHITE VERSION
http://www.livrariacultura.com.br/p/pokemon-black-version-pokemon-white-version-22490781
		Acessando URL do produto.
		Nome do Produto: POKEMON CONQUEST (DS)
			Igorando Pelo Filtro de Nome...
		Nome do Produto: LATA POKEMON - BLACK & WHITE
http://www.livrariacultura.com.br/p/lata-pokemon-black-white-33000186
		Acessando URL do produto.
		Nome do Produto: POKEMON BLACK & WHITE 6 - LATA
http://www.livrariacultura.com.br/p/pokemon-black-white-6-lata-42113157
		Acessando URL do produto.
		Nome do Produto: POKEMON BLACK & WHITE 7 - DECK
http://www.livrariacultura.com.br/p/pokemon-black-white-7-deck-42134062
		Acessando URL do produto.
		Nome do Produto: POKEMON BLACK & WHITE 2 - DECK TRUQUES TOXICOS
http://www.livrariacultura.com.br/p/pokemon-black-white-2-deck-truques-toxicos-29597577
		Acessando URL do produto.
		Nome do Produto: POKEMON BLACK & WHITE 6 - DECK
http://www.livrariacultura.com.br/p/pokemon-black-white-6-deck-42113035
		Acessando URL do produto.
		Nome do Produto: POKEMON BLACK & WHITE - ATAQUE AZUL - BARALHO
http://www.livrariacultura.com.br/p/pokemon-black-white-ataque-azul-baralho-11068034
		Acessando URL do produto.
		Nome do Produto: POKEMON BLACK & WHITE 9 - DECK
http://www.livrariacultura.com.br/p/pokemon-black-white-9-deck-42158869
		Acessando URL do produto.
		Nome do Produto: POKEMON BLACK & WHITE 7 - BOOSTER BLISTER
http://www.livrariacultura.com.br/p/pokemon-black-white-7-booster-blister-42134061
		Acessando URL do produto.
		Nome do Produto: POKEMON BLACK & WHITE - TORNADO VERDE - BARALHO
http://www.livrariacultura.com.br/p/pokemon-black-white-tornado-verde-baralho-29037486
		Acessando URL do produto.
	Tempo Para buscar: 12885
Loja: Magazine Luiza
	URL Principal: http://www.magazineluiza.com.br/
	URL Busca: http://www.magazineluiza.com.br/busca/<BUSCA>/
http://www.magazineluiza.com.br/busca/Pokemon+White/
java.net.SocketTimeoutException: Read timed out
	at java.net.SocketInputStream.socketRead0(Native Method)
	at java.net.SocketInputStream.socketRead(Unknown Source)
	at java.net.SocketInputStream.read(Unknown Source)
	at java.net.SocketInputStream.read(Unknown Source)
	at java.io.BufferedInputStream.fill(Unknown Source)
	at java.io.BufferedInputStream.read1(Unknown Source)
	at java.io.BufferedInputStream.read(Unknown Source)
	at sun.net.www.http.HttpClient.parseHTTPHeader(Unknown Source)
	at sun.net.www.http.HttpClient.parseHTTP(Unknown Source)
	at sun.net.www.protocol.http.HttpURLConnection.getInputStream0(Unknown Source)
	at sun.net.www.protocol.http.HttpURLConnection.getInputStream(Unknown Source)
	at java.net.HttpURLConnection.getResponseCode(Unknown Source)
	at org.jsoup.helper.HttpConnection$Response.execute(HttpConnection.java:453)
	at org.jsoup.helper.HttpConnection$Response.execute(HttpConnection.java:434)
	at org.jsoup.helper.HttpConnection.execute(HttpConnection.java:181)
	at org.jsoup.helper.HttpConnection.get(HttpConnection.java:170)
	at comom.Util.readUrlDocument(Util.java:94)
	at interfaces.search.MagazineLuizaSearch.readResults(MagazineLuizaSearch.java:92)
	at interfaces.search.MagazineLuizaSearch.search(MagazineLuizaSearch.java:30)
	at objects.Shop.searchProduct(Shop.java:33)
	at Main.generateHtlReport(Main.java:88)
	at Main.main(Main.java:59)
Tentando conectar Na Url de outro modo
java.io.IOException: Server returned HTTP response code: 504 for URL: http://www.magazineluiza.com.br/busca/Pokemon+White/
	at sun.net.www.protocol.http.HttpURLConnection.getInputStream0(Unknown Source)
	at sun.net.www.protocol.http.HttpURLConnection.getInputStream(Unknown Source)
	at comom.Util.getPageBuffer(Util.java:138)
	at comom.Util.readUrl(Util.java:106)
	at comom.Util.readUrlDocument(Util.java:98)
	at interfaces.search.MagazineLuizaSearch.readResults(MagazineLuizaSearch.java:92)
	at interfaces.search.MagazineLuizaSearch.search(MagazineLuizaSearch.java:30)
	at objects.Shop.searchProduct(Shop.java:33)
	at Main.generateHtlReport(Main.java:88)
	at Main.main(Main.java:59)
		Documento Lido
		Resultados: 0
	Tempo Para buscar: 79620
Loja: Mula Games
	URL Principal: http://www.mulagames.com.br/
	URL Busca: http://www.mulagames.com.br/produtos-index/catalogo_produtos/-/-/<BUSCA>/-/-/-/-/-/
http://www.mulagames.com.br/produtos-index/catalogo_produtos/-/-/Pokemon%20White/-/-/-/-/-/
		Documento Lido
		Resultados: 0
	Tempo Para buscar: 1038
Loja: Net Shoes
	URL Principal: http://www.netshoes.com.br/
	URL Busca: http://www.netshoes.com.br/search?Ntt=<BUSCA>
http://www.netshoes.com.br/search?Ntt=Pokemon+White
		Documento Lido
		Resultados: 60
		Nome do Produto: Câmera GoPro HD Hero3 White Edition GoPro
			Igorando Pelo Filtro de Nome...
		Nome do Produto: Óculos Oakley Shaun White Signature Series Enduro
			Igorando Pelo Filtro de Nome...
		Nome do Produto: Óculos Oakley Shaun White Signature Series Enduro - Iridium Polarizado
			Igorando Pelo Filtro de Nome...
		Nome do Produto: Ultimate Fire White 60 Cáps - Max Titanium
			Igorando Pelo Filtro de Nome...
		Nome do Produto: Boné New Era 940 MLB Trucker Chicago White Sox
			Igorando Pelo Filtro de Nome...
		Nome do Produto: Ultimate Fire White 120 Cáps - Max Titanium
			Igorando Pelo Filtro de Nome...
		Nome do Produto: Óculos Oakley Shaun White Signature Series Enduro
			Igorando Pelo Filtro de Nome...
		Nome do Produto: Tênis Casual M. Officer Sofia Matelassê
			Igorando Pelo Filtro de Nome...
		Nome do Produto: Sapatilha Molekinha Verniz
			Igorando Pelo Filtro de Nome...
		Nome do Produto: Tênis Casual M. Officer Lisi Matelassê
			Igorando Pelo Filtro de Nome...
		Nome do Produto: Sapatênis Ferracini Old Cano Alto
			Igorando Pelo Filtro de Nome...
		Nome do Produto: Moletom Kyly c/ Capuz
			Igorando Pelo Filtro de Nome...
		Nome do Produto: Tênis Perky
			Igorando Pelo Filtro de Nome...
		Nome do Produto: Tênis Kolosh Cadarço Elástico c/ Fivela
			Igorando Pelo Filtro de Nome...
		Nome do Produto: Tênis Casual Whoop Montecar
			Igorando Pelo Filtro de Nome...
		Nome do Produto: Tênis Kolosh Cadarço Elástico
			Igorando Pelo Filtro de Nome...
		Nome do Produto: Tênis Coca-Cola Vulcan Low
			Igorando Pelo Filtro de Nome...
		Nome do Produto: Tênis Casual Capodarte Slip On Monograma
			Igorando Pelo Filtro de Nome...
		Nome do Produto: Camiseta Tigor T. Tigre Infantil
			Igorando Pelo Filtro de Nome...
		Nome do Produto: Tênis Kolosh Slip On Laser
			Igorando Pelo Filtro de Nome...
		Nome do Produto: Sapatilha Tip Toey Joey Fancy Infantil
			Igorando Pelo Filtro de Nome...
		Nome do Produto: Tênis Casual Whoop
			Igorando Pelo Filtro de Nome...
		Nome do Produto: Sandália Ortopé Carinhoso
			Igorando Pelo Filtro de Nome...
		Nome do Produto: Tênis Coca-Cola Argento
			Igorando Pelo Filtro de Nome...
		Nome do Produto: Tênis Coca-Cola New Bufalino
			Igorando Pelo Filtro de Nome...
		Nome do Produto: Sapatênis Kildare Hanói
			Igorando Pelo Filtro de Nome...
		Nome do Produto: Tênis Casual Whoop Slip On
			Igorando Pelo Filtro de Nome...
		Nome do Produto: Sapatilha Kidy Laço Infantil
			Igorando Pelo Filtro de Nome...
		Nome do Produto: Sapatênis Kidy Infantil
			Igorando Pelo Filtro de Nome...
		Nome do Produto: Sapatilha Kidy Soft Anatômica Infantil
			Igorando Pelo Filtro de Nome...
		Nome do Produto: Sapatilha Molekinha Bico Fino Salomé Infantil
			Igorando Pelo Filtro de Nome...
		Nome do Produto: Tênis Kolosh Cadarço Elástico
			Igorando Pelo Filtro de Nome...
		Nome do Produto: Tênis Kolosh Cadarço Elástico
			Igorando Pelo Filtro de Nome...
		Nome do Produto: Tênis Casual Cavalera Laiza
			Igorando Pelo Filtro de Nome...
		Nome do Produto: Tênis Ortopé DNA Rosinhas
			Igorando Pelo Filtro de Nome...
		Nome do Produto: Tênis Casual Capodarte Cano Alto Matelassê
			Igorando Pelo Filtro de Nome...
		Nome do Produto: Tênis Bee Happy Baby Bee Boy Infantil
			Igorando Pelo Filtro de Nome...
		Nome do Produto: Conjunto Kyly Moletom c/ Capuz e Calça
			Igorando Pelo Filtro de Nome...
		Nome do Produto: Blusa Hello Kitty Pêlo Infantil
			Igorando Pelo Filtro de Nome...
		Nome do Produto: Blusa Hello Kitty Light Infantil
			Igorando Pelo Filtro de Nome...
		Nome do Produto: Blusa Hello Kitty Devore Infantil
			Igorando Pelo Filtro de Nome...
		Nome do Produto: Jaqueta Tip Top c/ Capuz Infantil
			Igorando Pelo Filtro de Nome...
		Nome do Produto: Tênis Kolosh Cadarço Elástico
			Igorando Pelo Filtro de Nome...
		Nome do Produto: Conjunto Kyly c/ 2 Peças
			Igorando Pelo Filtro de Nome...
		Nome do Produto: Blusa Calvin Klein Juvenil * Cinza * 6A
			Igorando Pelo Filtro de Nome...
		Nome do Produto: Mocassim Toke Infantil
			Igorando Pelo Filtro de Nome...
		Nome do Produto: Mocassim Toke Laço Infantil
			Igorando Pelo Filtro de Nome...
		Nome do Produto: Mocassim Toke Infantil
			Igorando Pelo Filtro de Nome...
		Nome do Produto: Vestido Tip Top Infantil
			Igorando Pelo Filtro de Nome...
		Nome do Produto: Dock Sider Kidy Colors Infantil
			Igorando Pelo Filtro de Nome...
		Nome do Produto: Calça Tip Top Infantil
			Igorando Pelo Filtro de Nome...
		Nome do Produto: Camisa Polo Tigor T. Tigre Max Infantil
			Igorando Pelo Filtro de Nome...
		Nome do Produto: Camiseta Tigor T. Tigre Infantil
			Igorando Pelo Filtro de Nome...
		Nome do Produto: Tênis Pé com Pé Infantil
			Igorando Pelo Filtro de Nome...
		Nome do Produto: Sapatênis Pegada Elástico
			Igorando Pelo Filtro de Nome...
		Nome do Produto: Sandália Ortopé Fechada Bebê
			Igorando Pelo Filtro de Nome...
		Nome do Produto: Sandália Ortopé Fechada Bebê
			Igorando Pelo Filtro de Nome...
		Nome do Produto: Vestido Dora A Aventureira M/L Infantil
			Igorando Pelo Filtro de Nome...
		Nome do Produto: Tênis Kidy Flex Anatômico Infantil
			Igorando Pelo Filtro de Nome...
		Nome do Produto: Tênis Tip Toey Joey BoatyInfantil
			Igorando Pelo Filtro de Nome...
	Tempo Para buscar: 473
Loja: Ponto Frio
	URL Principal: http://www.pontofrio.com.br/
	URL Busca: http://search.pontofrio.com.br/search?w=<BUSCA>
http://search.pontofrio.com.br/search?w=Pokemon+White
		Documento Lido
		Resultados: 1
		Nome do Produto: Jogo Pokémon White Version 2 - NDS
			Igorando Pelo Filtro de Nome...
		Nome do Produto: Deck Esmagador Psíquico - Pokémon Black & White - Congelamento de Plasma - Copag
			Igorando Pelo Filtro de Nome...
		Nome do Produto: Jogo Pokémon White Version 2 - NDS
			Igorando Pelo Filtro de Nome...
		Nome do Produto: Deck Esmagador Psíquico - Pokémon Black & White - Congelamento de Plasma - Copag
			Igorando Pelo Filtro de Nome...
	Tempo Para buscar: 1176
Loja: Ricardo Eletro
	URL Principal: http://www.ricardoeletro.com.br/
	URL Busca: http://www.ricardoeletro.com.br/Busca/Resultado/?q=<BUSCA>
http://www.ricardoeletro.com.br/Busca/Resultado/?q=Pokemon+White
		Documento Lido
		Resultados: 0
	Tempo Para buscar: 1286
Loja: RiHappy
	URL Principal: http://www.rihappy.com.br/
	URL Busca: http://www.rihappy.com.br/<BUSCA>
http://www.rihappy.com.br/Pokemon%20White
		Documento Lido
		Resultados: 4
		Nome do Produto: Deck Esmagador Psíquico - Pokémon Black & White - Congelamento de Plasma - Copag - Jogos de Cartas
			Igorando Pelo Filtro de Nome...
		Nome do Produto: Deck Raio Congelante - Pokémon Black & White - Congelamento de Plasma - Copag - Jogos de Cartas
			Igorando Pelo Filtro de Nome...
		Nome do Produto: Deck Limpeza da Mente - Pokémon Black e White - Explosão de Plasma - Copag - Jogos de Cartas
			Igorando Pelo Filtro de Nome...
		Nome do Produto: Deck Ataque Solar - Pokémon Black e White - Explosão de Plasma - Copag - Jogos de Cartas
			Igorando Pelo Filtro de Nome...
	Tempo Para buscar: 1136
Loja: Saraiva
	URL Principal: http://www.saraiva.com.br/
	URL Busca: http://busca.saraiva.com.br/search?w=<BUSCA>&PAC_ID=129457&ts=ajax
http://busca.saraiva.com.br/search?w=Pokemon+White&PAC_ID=129457&ts=ajax
		Documento Lido
		Resultados: 4
		Nome do Produto: Pokémon Mini-sticker Book - White Edition
			Igorando Pelo Filtro de Nome...
		Nome do Produto: Super Pokémon Pop-up - White Kyurem
			Igorando Pelo Filtro de Nome...
		Nome do Produto: Pokémon - Black & White - Vol. 04
			Igorando Pelo Filtro de Nome...
		Nome do Produto: Pokémon - Black & White - Vol. 03
			Igorando Pelo Filtro de Nome...
	Tempo Para buscar: 739
Loja: Shop Facil
	URL Principal: http://ww2.shopfacil.com.br/
	URL Busca: http://ww2.shopfacil.com.br/<BUSCA>
http://ww2.shopfacil.com.br/Pokemon%20White
		Documento Lido
		Resultados: 0
	Tempo Para buscar: 2057
Loja: Shop Time
	URL Principal: http://www.shoptime.com.br/
	URL Busca: http://busca.shoptime.com.br/busca.php?q=<BUSCA>
http://busca.shoptime.com.br/busca.php?q=Pokemon+White
		Documento Lido
		Resultados: 1
		Nome do Produto: Game Pokemon White Version 2 - DS
http://busca.shoptime.com.br/produto.php?link=http://www.shoptime.com.br/produto/112884015/game-pokemon-white-version-2-ds&ranking=1&sessao=U70MBN32GHWK7&idbusca=d94707515c3599164115dda7ba9b6b52c6f183d9&idproduto=112884015
		Acessando URL do produto.
	Tempo Para buscar: 1160
Loja: ShopB
	URL Principal: http://www.shopb.com.br/
	URL Busca: http://busca.shopb.com.br/?busca=<BUSCA>
http://busca.shopb.com.br/?busca=Pokemon+White
		Documento Lido
		Resultados: 14
		Nome do Produto: Pokémon White Version 2 - DS
			Igorando Pelo Filtro de Nome...
		Nome do Produto: Boneco Disney Infinity: Woody - XBOX 360, PS3
			Igorando Pelo Filtro de Nome...
		Nome do Produto: Get Fit with Mel B - PS3
			Igorando Pelo Filtro de Nome...
		Nome do Produto: Jimmie Johnsons: Anything With an Engine - XBOX 360
			Igorando Pelo Filtro de Nome...
		Nome do Produto: Pikmin 3 - Wii U
			Igorando Pelo Filtro de Nome...
		Nome do Produto: Pokemon Alpha Sapphire - 3DS
			Igorando Pelo Filtro de Nome...
		Nome do Produto: Pokemon Art Academy - 3DS
			Igorando Pelo Filtro de Nome...
		Nome do Produto: Pokemon Omega Ruby - 3DS
			Igorando Pelo Filtro de Nome...
		Nome do Produto: Pokemon X - 3DS
			Igorando Pelo Filtro de Nome...
		Nome do Produto: Pokemon Y - 3DS
			Igorando Pelo Filtro de Nome...
		Nome do Produto: Shaun White: Skateboarding - PS3
			Igorando Pelo Filtro de Nome...
		Nome do Produto: White Knight Chronicles: International Edition - PS3
			Igorando Pelo Filtro de Nome...
		Nome do Produto: Pokemon Mystery Dungeon: Gates to Infinity - 3DS
			Igorando Pelo Filtro de Nome...
		Nome do Produto: White Knight Chronicles II - PS3
			Igorando Pelo Filtro de Nome...
	Tempo Para buscar: 801
Loja: Submarino
	URL Principal: http://www.submarino.com.br/
	URL Busca: http://busca.submarino.com.br/busca.php?q=<BUSCA>
http://busca.submarino.com.br/busca.php?q=Pokemon+White
		Documento Lido
		Resultados: 2
		Nome do Produto: Jogo DS- Pokemon White version
http://busca.submarino.com.br/produto.php?link=http://www.submarino.com.br/produto/7037861/jogo-ds-pokemon-white-version&ranking=1&sessao=U70MBPMY3B4W7&idbusca=459355e055220d6d15eb68e19d60c48d9bfde2be&idproduto=7037861
		Acessando URL do produto.
java.lang.NullPointerException
	at interfaces.search.SubmarinoSearch.readEachProduct(SubmarinoSearch.java:74)
	at interfaces.search.SubmarinoSearch.search(SubmarinoSearch.java:38)
	at objects.Shop.searchProduct(Shop.java:33)
	at Main.generateHtlReport(Main.java:88)
	at Main.main(Main.java:59)
	Tempo Para buscar: 1609
Loja: Walmart
	URL Principal: http://www.walmart.com.br/
	URL Busca: http://www.walmart.com.br/busca/?ft=<BUSCA>&PS=20
http://www.walmart.com.br/busca/?ft=Pokemon+White&PS=20
		Documento Lido
		Resultados: 6
		Nome do Produto: Pokémon Mini-sticker Book - White Edition
			Igorando Pelo Filtro de Nome...
		Nome do Produto: Super Pokémon Pop-up - White Kyurem
			Igorando Pelo Filtro de Nome...
		Nome do Produto: Pokemon White Version 2 DS
http://www.walmart.com.br//produto/Games/Jogos-para-Nintendo-DS/Nintendo/2374178m-pokemon_white_version_2_ds
		Acessando URL do produto.
		Nome do Produto: Pokémon-Lata Black e White Oshawott Copag 210B
			Igorando Pelo Filtro de Nome...
		Nome do Produto: Pokémon-Lata Black e White Snivy Copag 210
			Igorando Pelo Filtro de Nome...
		Nome do Produto: Pokémon-Lata Black e White Tepig Copag 210A
			Igorando Pelo Filtro de Nome...
	Tempo Para buscar: 1968

File copied from C:\java\workspace Estudo\lookforprices\resources\imports\css.css to C:\java\workspace Estudo\lookforprices\reports\2015-05-04 11\css.css
File copied from C:\java\workspace Estudo\lookforprices\resources\imports\jquery.js to C:\java\workspace Estudo\lookforprices\reports\2015-05-04 11\jquery.js
File copied from C:\java\workspace Estudo\lookforprices\resources\imports\scripts.js to C:\java\workspace Estudo\lookforprices\reports\2015-05-04 11\scripts.js
Tempo total de execução: 116653
