Game: Pokemon Mystery Dungeon
Loja: Nintendo eShop
	URL Principal: http://www.nintendo.com/3ds/eshop
	URL Busca: http://www.nintendo.com/json/content/get/game/filter?&&&&qterm=<BUSCA>
NintendoEShopSearch.search() http://www.nintendo.com/json/content/get/game/filter?&&&&qterm=Pokemon+Mystery+Dungeon
		Documento Lido
		Resultados: 5
		Nome do Produto: Pokémon Mystery Dungeon: Gates to Infinity
			Igorando Pelo Filtro de Nome...
		Nome do Produto: Pokémon Mystery Dungeon: Explorers of Sky
			Igorando Pelo Filtro de Nome...
		Nome do Produto: Pokémon Mystery Dungeon: Explorers of Darkness
			Igorando Pelo Filtro de Nome...
		Nome do Produto: Pokémon Mystery Dungeon: Explorers of Time
			Igorando Pelo Filtro de Nome...
		Nome do Produto: Pokémon Mystery Dungeon: Blue Rescue Team
			Igorando Pelo Filtro de Nome...
	Tempo Para buscar: 515
Loja: Americanas
	URL Principal: http://www.americanas.com.br/
	URL Busca: http://busca.americanas.com.br/busca.php?q=<BUSCA>
http://busca.americanas.com.br/busca.php?q=Pokemon+Mystery+Dungeon
		Documento Lido
		Resultados: 21
		Nome do Produto: Game - Pokémon Alpha Sapphire - 3DS
			Igorando Pelo Filtro de Nome...
		Nome do Produto: Pokemon Xy - Booster
			Igorando Pelo Filtro de Nome...
		Nome do Produto: Box Pokemon Charizard Ex
			Igorando Pelo Filtro de Nome...
		Nome do Produto: Pokémon Lata Power Trio Charizard - Ex
			Igorando Pelo Filtro de Nome...
		Nome do Produto: Pokémon Lata Bw 1 Nac. Sneak-Peek Oshawott
			Igorando Pelo Filtro de Nome...
		Nome do Produto: Game - Pokémon Y - 3DS
			Igorando Pelo Filtro de Nome...
		Nome do Produto: Game - Pokémon Omega Ruby - 3DS
			Igorando Pelo Filtro de Nome...
		Nome do Produto: Livro - Pokémon - Vol.2
			Igorando Pelo Filtro de Nome...
		Nome do Produto: Game - Pokémon X - 3DS
			Igorando Pelo Filtro de Nome...
		Nome do Produto: Kit Acessórios Nintendo Pokémon Universal Hard p/ Nintendo DS - Nintendo
			Igorando Pelo Filtro de Nome...
		Nome do Produto: Kit Acessório Pokémon Bda-Stylus p/ Nintendo DS - Nintendo
			Igorando Pelo Filtro de Nome...
		Nome do Produto: Livro - Pokémon - Vol. 04
			Igorando Pelo Filtro de Nome...
		Nome do Produto: Game Pokémon Art Academy - 3DS
			Igorando Pelo Filtro de Nome...
		Nome do Produto: Livro - Japanese Animation: From Painted Scrolls to Pokémon
			Igorando Pelo Filtro de Nome...
		Nome do Produto: Game Pokémon Conquest - 3DS
			Igorando Pelo Filtro de Nome...
		Nome do Produto: Livro - Pokemon Club V.1 - As Primeiras Aventuras
			Igorando Pelo Filtro de Nome...
		Nome do Produto: Game Pokemon Y + Poster Promocional Pokemon - 3DS
			Igorando Pelo Filtro de Nome...
		Nome do Produto: Livro - Pokémon - Vol.1
			Igorando Pelo Filtro de Nome...
		Nome do Produto: Game Pokemon X + Poster Promocional Pokemon - 3DS
			Igorando Pelo Filtro de Nome...
		Nome do Produto: Livro - Pokémon - Vol.3
			Igorando Pelo Filtro de Nome...
		Nome do Produto: Game Pokemon White Version 2 - DS
			Igorando Pelo Filtro de Nome...
	Tempo Para buscar: 861
Loja: Big Boy Games
	URL Principal: http://www.bigboygames.com.br/
	URL Busca: http://www.bigboygames.com.br/pesquisa/?p=<BUSCA>
http://www.bigboygames.com.br/pesquisa/?p=Pokemon+Mystery+Dungeon
		Documento Lido
		Resultados: 2
		Nome do Produto: Pokemon Mystery Dungeon Gates to Infinity
http://www.bigboygames.com.br/pokemon-mystery-dungeon-gates-to-infinity-p4970/
		Acessando URL do produto.
		Nome do Produto: DS - Pokemon Mystery Dungeon Explorers of Darkness
http://www.bigboygames.com.br/ds-pokemon-mystery-dungeon-explorers-of-darkness-p83/
		Acessando URL do produto.
	Tempo Para buscar: 1965
Loja: Casas Bahia
	URL Principal: http://www.casasbahia.com.br/
	URL Busca: http://buscas.casasbahia.com.br/search?w=<BUSCA>
http://buscas.casasbahia.com.br/search?w=Pokemon+Mystery+Dungeon
		Documento Lido
		Resultados: 1
		Nome do Produto: Jogo Pokémon Conquest - NDS
			Igorando Pelo Filtro de Nome...
		Nome do Produto: Game Dungeon Siege 3 - PS3
			Igorando Pelo Filtro de Nome...
		Nome do Produto: Game Dungeon Dashers para Download - PC
			Igorando Pelo Filtro de Nome...
		Nome do Produto: Jogo Dungeon Siege 3 - Xbox 360
			Igorando Pelo Filtro de Nome...
		Nome do Produto: Livro - Dungeon Siege - Doug Radcliffe
			Igorando Pelo Filtro de Nome...
		Nome do Produto: Game Dungeon Hearts para Download - PC
			Igorando Pelo Filtro de Nome...
		Nome do Produto: Final Fantasy Fables Chocobos Dungeon Wii
			Igorando Pelo Filtro de Nome...
		Nome do Produto: Jogo Pokémon White Version 2 - NDS
			Igorando Pelo Filtro de Nome...
		Nome do Produto: Jogo Pokémon Omega Ruby - 3DS
			Igorando Pelo Filtro de Nome...
		Nome do Produto: Jogo Pokémon Alpha Sapphire - 3DS
			Igorando Pelo Filtro de Nome...
		Nome do Produto: Lata Pokemon Xerneas EX - Em Português
			Igorando Pelo Filtro de Nome...
		Nome do Produto: Lata Pokemon Yveltal EX - Em Português
			Igorando Pelo Filtro de Nome...
		Nome do Produto: Mystery Walk
			Igorando Pelo Filtro de Nome...
		Nome do Produto: Mystery Mountain
			Igorando Pelo Filtro de Nome...
		Nome do Produto: Sweet Mystery
			Igorando Pelo Filtro de Nome...
		Nome do Produto: Mystery Civilizations
			Igorando Pelo Filtro de Nome...
		Nome do Produto: Mystery Masque
			Igorando Pelo Filtro de Nome...
		Nome do Produto: The Mystery
			Igorando Pelo Filtro de Nome...
		Nome do Produto: Mystery Celebration
			Igorando Pelo Filtro de Nome...
		Nome do Produto: Livro - Dungeon Crawlers - Marcelo Cassaro e Daniel HDR
			Igorando Pelo Filtro de Nome...
	Tempo Para buscar: 1478
Loja: Extra
	URL Principal: http://www.extra.com.br/
	URL Busca: http://buscando.extra.com.br/search?w=<BUSCA>
http://buscando.extra.com.br/search?w=Pokemon+Mystery+Dungeon
		Documento Lido
		Resultados: 12
		Nome do Produto: Jogo Pokémon Conquest - NDS
			Igorando Pelo Filtro de Nome...
		Nome do Produto: Game Dungeon Siege 3 - PS3
			Igorando Pelo Filtro de Nome...
		Nome do Produto: Final Fantasy Fables Chocobos Dungeon Wii
			Igorando Pelo Filtro de Nome...
		Nome do Produto: Game Dungeon Dashers para Download - PC
			Igorando Pelo Filtro de Nome...
		Nome do Produto: Livro - Dungeon Siege - Doug Radcliffe
			Igorando Pelo Filtro de Nome...
		Nome do Produto: Jogo Dungeon Siege 3 - Xbox 360
			Igorando Pelo Filtro de Nome...
		Nome do Produto: Game Dungeon Hearts para Download - PC
			Igorando Pelo Filtro de Nome...
		Nome do Produto: Jogo Pokémon White Version 2 - NDS
			Igorando Pelo Filtro de Nome...
		Nome do Produto: Jogo Pokémon Omega Ruby - 3DS
			Igorando Pelo Filtro de Nome...
		Nome do Produto: Jogo Pokémon Alpha Sapphire - 3DS
			Igorando Pelo Filtro de Nome...
		Nome do Produto: Lata Pokemon Xerneas EX - Em Português
			Igorando Pelo Filtro de Nome...
		Nome do Produto: Lata Pokemon Yveltal EX - Em Português
			Igorando Pelo Filtro de Nome...
	Tempo Para buscar: 4125
Loja: E-Virtua
	URL Principal: http://www.evirtua.com.br/
	URL Busca: http://www.evirtua.com.br/Busca?search_department_id=0&SearchTerm=<BUSCA>
http://www.evirtua.com.br/Busca?search_department_id=0&SearchTerm=Pokemon+Mystery+Dungeon
		Documento Lido
		Resultados: 0
	Tempo Para buscar: 261
Loja: Fast Games
	URL Principal: http://www.fastgames.com.br/
	URL Busca: http://www.fastgames.com.br/loja/busca.php?loja=187970&palavra_busca=<BUSCA>
http://www.fastgames.com.br/loja/busca.php?loja=187970&palavra_busca=Pokemon+Mystery+Dungeon
		Documento Lido
		Resultados: 0
	Tempo Para buscar: 417
Loja: Fast Shop
	URL Principal: http://www.fastshop.com.br/loja/
	URL Busca: http://www.fastshop.com.br/webapp/wcs/stores/servlet/SearchDisplay?searchTerm=<BUSCA>&categoryId=&storeId=10151&catalogId=11052&langId=-6&pageSize=9&beginIndex=0&sType=SimpleSearch&resultCatEntryType=2&showResultsPage=true&searchSource=Q&pageView=&hotsite=fastshop
http://www.fastshop.com.br/webapp/wcs/stores/servlet/SearchDisplay?searchTerm=Pokemon+Mystery+Dungeon&categoryId=&storeId=10151&catalogId=11052&langId=-6&pageSize=9&beginIndex=0&sType=SimpleSearch&resultCatEntryType=2&showResultsPage=true&searchSource=Q&pageView=&hotsite=fastshop
		Documento Lido
		Resultados: 0
	Tempo Para buscar: 1060
Loja: FNAC
	URL Principal: http://www.fnac.com.br/index.html
	URL Busca: http://busca.fnac.com.br/?busca=<BUSCA>
http://busca.fnac.com.br/?busca=Pokemon+Mystery+Dungeon
		Documento Lido
		Resultados: 9
		Nome do Produto: 3ds Pokemon Y
			Igorando Pelo Filtro de Nome...
		Nome do Produto: 3ds Pokemon Art Academy
			Igorando Pelo Filtro de Nome...
		Nome do Produto: 3ds Pokemon Omega Ruby
			Igorando Pelo Filtro de Nome...
		Nome do Produto: 3ds Pokemon X
			Igorando Pelo Filtro de Nome...
		Nome do Produto: 3ds Pokemon Alpha Sapphire
			Igorando Pelo Filtro de Nome...
		Nome do Produto: Magical Mystery Tour (blu-ray)
			Igorando Pelo Filtro de Nome...
		Nome do Produto: Magical Mystery Tour (DVD)
			Igorando Pelo Filtro de Nome...
		Nome do Produto: Magical Mystery Tour
			Igorando Pelo Filtro de Nome...
		Nome do Produto: Mystery Lady: Songs Of Billie Holiday
			Igorando Pelo Filtro de Nome...
	Tempo Para buscar: 1118
Loja: Kabum
	URL Principal: http://www.kabum.com.br/
	URL Busca: http://www.kabum.com.br/cgi-local/site/listagem/listagem.cgi?string=<BUSCA>&btnG=
http://www.kabum.com.br/cgi-local/site/listagem/listagem.cgi?string=Pokemon+Mystery+Dungeon&btnG=
		Documento Lido
		Resultados: 0
	Tempo Para buscar: 463
Loja: Livraria Cultura
	URL Principal: http://www.livrariacultura.com.br/
	URL Busca: http://www.livrariacultura.com.br/busca?N=0&Ntt=<BUSCA>
http://www.livrariacultura.com.br/busca?N=0&Ntt=Pokemon+Mystery+Dungeon
		Documento Lido
		Resultados: 3
		Nome do Produto: POKEMON MYSTERY DUNGEON
http://www.livrariacultura.com.br/p/pokemon-mystery-dungeon-22769934
		Acessando URL do produto.
		Nome do Produto: POKEMON MYSTERY DUNGEON STRATEGY GUIDE
http://www.livrariacultura.com.br/p/pokemon-mystery-dungeon-strategy-guide-22770338
		Acessando URL do produto.
		Nome do Produto: CHEATS UNLIMITED PRESENTS EZ CHEATS:
			Igorando Pelo Filtro de Nome...
	Tempo Para buscar: 1042
Loja: Magazine Luiza
	URL Principal: http://www.magazineluiza.com.br/
	URL Busca: http://www.magazineluiza.com.br/busca/<BUSCA>/
http://www.magazineluiza.com.br/busca/Pokemon+Mystery+Dungeon/
java.net.SocketTimeoutException: Read timed out
	at java.net.SocketInputStream.socketRead0(Native Method)
	at java.net.SocketInputStream.socketRead(Unknown Source)
	at java.net.SocketInputStream.read(Unknown Source)
	at java.net.SocketInputStream.read(Unknown Source)
	at java.io.BufferedInputStream.fill(Unknown Source)
	at java.io.BufferedInputStream.read1(Unknown Source)
	at java.io.BufferedInputStream.read(Unknown Source)
	at sun.net.www.http.HttpClient.parseHTTPHeader(Unknown Source)
	at sun.net.www.http.HttpClient.parseHTTP(Unknown Source)
	at sun.net.www.protocol.http.HttpURLConnection.getInputStream0(Unknown Source)
	at sun.net.www.protocol.http.HttpURLConnection.getInputStream(Unknown Source)
	at java.net.HttpURLConnection.getResponseCode(Unknown Source)
	at org.jsoup.helper.HttpConnection$Response.execute(HttpConnection.java:453)
	at org.jsoup.helper.HttpConnection$Response.execute(HttpConnection.java:434)
	at org.jsoup.helper.HttpConnection.execute(HttpConnection.java:181)
	at org.jsoup.helper.HttpConnection.get(HttpConnection.java:170)
	at comom.Util.readUrlDocument(Util.java:94)
	at interfaces.search.MagazineLuizaSearch.readResults(MagazineLuizaSearch.java:92)
	at interfaces.search.MagazineLuizaSearch.search(MagazineLuizaSearch.java:30)
	at objects.Shop.searchProduct(Shop.java:33)
	at Main.generateHtlReport(Main.java:88)
	at Main.main(Main.java:59)
Tentando conectar Na Url de outro modo
java.io.IOException: Server returned HTTP response code: 500 for URL: http://www.magazineluiza.com.br/busca/Pokemon+Mystery+Dungeon/
	at sun.net.www.protocol.http.HttpURLConnection.getInputStream0(Unknown Source)
	at sun.net.www.protocol.http.HttpURLConnection.getInputStream(Unknown Source)
	at comom.Util.getPageBuffer(Util.java:138)
	at comom.Util.readUrl(Util.java:106)
	at comom.Util.readUrlDocument(Util.java:98)
	at interfaces.search.MagazineLuizaSearch.readResults(MagazineLuizaSearch.java:92)
	at interfaces.search.MagazineLuizaSearch.search(MagazineLuizaSearch.java:30)
	at objects.Shop.searchProduct(Shop.java:33)
	at Main.generateHtlReport(Main.java:88)
	at Main.main(Main.java:59)
		Documento Lido
		Resultados: 0
	Tempo Para buscar: 74389
Loja: Mula Games
	URL Principal: http://www.mulagames.com.br/
	URL Busca: http://www.mulagames.com.br/produtos-index/catalogo_produtos/-/-/<BUSCA>/-/-/-/-/-/
http://www.mulagames.com.br/produtos-index/catalogo_produtos/-/-/Pokemon%20Mystery%20Dungeon/-/-/-/-/-/
		Documento Lido
		Resultados: 1
		Nome do Produto: Pokémon Mystery Dungeon: Gates to Infinity - 3DS
			Igorando Pelo Filtro de Nome...
	Tempo Para buscar: 1108
Loja: Net Shoes
	URL Principal: http://www.netshoes.com.br/
	URL Busca: http://www.netshoes.com.br/search?Ntt=<BUSCA>
http://www.netshoes.com.br/search?Ntt=Pokemon+Mystery+Dungeon
		Documento Lido
		Resultados: 1
		Nome do Produto: Jogo Dungeon Hunter: Alliance PSV
			Igorando Pelo Filtro de Nome...
	Tempo Para buscar: 435
Loja: Ponto Frio
	URL Principal: http://www.pontofrio.com.br/
	URL Busca: http://search.pontofrio.com.br/search?w=<BUSCA>
http://search.pontofrio.com.br/search?w=Pokemon+Mystery+Dungeon
		Documento Lido
		Resultados: 1
		Nome do Produto: Jogo Pokémon Conquest - NDS
			Igorando Pelo Filtro de Nome...
		Nome do Produto: Game Dungeon Siege 3 - PS3
			Igorando Pelo Filtro de Nome...
		Nome do Produto: Final Fantasy Fables Chocobos Dungeon Wii
			Igorando Pelo Filtro de Nome...
		Nome do Produto: Game Dungeon Dashers para Download - PC
			Igorando Pelo Filtro de Nome...
		Nome do Produto: Livro - Dungeon Siege - Doug Radcliffe
			Igorando Pelo Filtro de Nome...
		Nome do Produto: Game Dungeon Hearts para Download - PC
			Igorando Pelo Filtro de Nome...
		Nome do Produto: Jogo Dungeon Siege 3 - Xbox 360
			Igorando Pelo Filtro de Nome...
		Nome do Produto: Jogo Pokémon White Version 2 - NDS
			Igorando Pelo Filtro de Nome...
		Nome do Produto: Lata Pokemon Xerneas EX - Em Português
			Igorando Pelo Filtro de Nome...
		Nome do Produto: Lata Pokemon Yveltal EX - Em Português
			Igorando Pelo Filtro de Nome...
		Nome do Produto: Jogo Pokémon Omega Ruby - 3DS
			Igorando Pelo Filtro de Nome...
		Nome do Produto: Jogo Pokémon Alpha Sapphire - 3DS
			Igorando Pelo Filtro de Nome...
		Nome do Produto: Mystery Walk
			Igorando Pelo Filtro de Nome...
		Nome do Produto: Mystery Mountain
			Igorando Pelo Filtro de Nome...
		Nome do Produto: Sweet Mystery
			Igorando Pelo Filtro de Nome...
		Nome do Produto: The Mystery
			Igorando Pelo Filtro de Nome...
		Nome do Produto: Mystery Civilizations
			Igorando Pelo Filtro de Nome...
		Nome do Produto: Mystery Masque
			Igorando Pelo Filtro de Nome...
		Nome do Produto: Mystery Celebration
			Igorando Pelo Filtro de Nome...
		Nome do Produto: Livro - Dungeon Crawlers - Marcelo Cassaro e Daniel HDR
			Igorando Pelo Filtro de Nome...
		Nome do Produto: Jogo Pokémon Conquest - NDS
			Igorando Pelo Filtro de Nome...
		Nome do Produto: Game Dungeon Siege 3 - PS3
			Igorando Pelo Filtro de Nome...
		Nome do Produto: Final Fantasy Fables Chocobos Dungeon Wii
			Igorando Pelo Filtro de Nome...
		Nome do Produto: Game Dungeon Dashers para Download - PC
			Igorando Pelo Filtro de Nome...
		Nome do Produto: Livro - Dungeon Siege - Doug Radcliffe
			Igorando Pelo Filtro de Nome...
		Nome do Produto: Game Dungeon Hearts para Download - PC
			Igorando Pelo Filtro de Nome...
		Nome do Produto: Jogo Dungeon Siege 3 - Xbox 360
			Igorando Pelo Filtro de Nome...
		Nome do Produto: Jogo Pokémon White Version 2 - NDS
			Igorando Pelo Filtro de Nome...
		Nome do Produto: Lata Pokemon Xerneas EX - Em Português
			Igorando Pelo Filtro de Nome...
		Nome do Produto: Lata Pokemon Yveltal EX - Em Português
			Igorando Pelo Filtro de Nome...
		Nome do Produto: Jogo Pokémon Omega Ruby - 3DS
			Igorando Pelo Filtro de Nome...
		Nome do Produto: Jogo Pokémon Alpha Sapphire - 3DS
			Igorando Pelo Filtro de Nome...
		Nome do Produto: Mystery Walk
			Igorando Pelo Filtro de Nome...
		Nome do Produto: Mystery Mountain
			Igorando Pelo Filtro de Nome...
		Nome do Produto: Sweet Mystery
			Igorando Pelo Filtro de Nome...
		Nome do Produto: The Mystery
			Igorando Pelo Filtro de Nome...
		Nome do Produto: Mystery Civilizations
			Igorando Pelo Filtro de Nome...
		Nome do Produto: Mystery Masque
			Igorando Pelo Filtro de Nome...
		Nome do Produto: Mystery Celebration
			Igorando Pelo Filtro de Nome...
		Nome do Produto: Livro - Dungeon Crawlers - Marcelo Cassaro e Daniel HDR
			Igorando Pelo Filtro de Nome...
	Tempo Para buscar: 4445
Loja: Ricardo Eletro
	URL Principal: http://www.ricardoeletro.com.br/
	URL Busca: http://www.ricardoeletro.com.br/Busca/Resultado/?q=<BUSCA>
http://www.ricardoeletro.com.br/Busca/Resultado/?q=Pokemon+Mystery+Dungeon
		Documento Lido
		Resultados: 0
	Tempo Para buscar: 4476
Loja: RiHappy
	URL Principal: http://www.rihappy.com.br/
	URL Busca: http://www.rihappy.com.br/<BUSCA>
http://www.rihappy.com.br/Pokemon%20Mystery%20Dungeon
		Documento Lido
		Resultados: 0
	Tempo Para buscar: 1054
Loja: Saraiva
	URL Principal: http://www.saraiva.com.br/
	URL Busca: http://busca.saraiva.com.br/search?w=<BUSCA>&PAC_ID=129457&ts=ajax
http://busca.saraiva.com.br/search?w=Pokemon+Mystery+Dungeon&PAC_ID=129457&ts=ajax
		Documento Lido
		Resultados: 30
		Nome do Produto: Pokemon
			Igorando Pelo Filtro de Nome...
		Nome do Produto: Pokemon
			Igorando Pelo Filtro de Nome...
		Nome do Produto: Pokemon
			Igorando Pelo Filtro de Nome...
		Nome do Produto: Dungeon Crawlers
			Igorando Pelo Filtro de Nome...
		Nome do Produto: Dungeon Dragon
			Igorando Pelo Filtro de Nome...
		Nome do Produto: Dungeon Denizens
			Igorando Pelo Filtro de Nome...
		Nome do Produto: Dungeon Siege
			Igorando Pelo Filtro de Nome...
		Nome do Produto: Besm Dungeon
			Igorando Pelo Filtro de Nome...
		Nome do Produto: Puzzle Dungeon
			Igorando Pelo Filtro de Nome...
		Nome do Produto: Dungeon Crawl Classics 29
			Igorando Pelo Filtro de Nome...
		Nome do Produto: The Dungeon Gourmet
			Igorando Pelo Filtro de Nome...
		Nome do Produto: Down in the Dungeon
			Igorando Pelo Filtro de Nome...
		Nome do Produto: Dungeon Mistress Adventures
			Igorando Pelo Filtro de Nome...
		Nome do Produto: The Black Dungeon Doorway
			Igorando Pelo Filtro de Nome...
		Nome do Produto: Dungeon of Death
			Igorando Pelo Filtro de Nome...
		Nome do Produto: Fort-Dimanche, Dungeon of Death
			Igorando Pelo Filtro de Nome...
		Nome do Produto: Dungeon, Fire & Sword
			Igorando Pelo Filtro de Nome...
		Nome do Produto: Dungeon Master's Guide 2
			Igorando Pelo Filtro de Nome...
		Nome do Produto: Dungeon Monstres 1
			Igorando Pelo Filtro de Nome...
		Nome do Produto: Dungeon Monstres 2
			Igorando Pelo Filtro de Nome...
		Nome do Produto: Dungeon Master's Guide
			Igorando Pelo Filtro de Nome...
		Nome do Produto: Dungeon Crawl Classics #39
			Igorando Pelo Filtro de Nome...
		Nome do Produto: Dungeon Crawl Classics #35
			Igorando Pelo Filtro de Nome...
		Nome do Produto: The Sex Dungeon
			Igorando Pelo Filtro de Nome...
		Nome do Produto: Escape from the Dungeon
			Igorando Pelo Filtro de Nome...
		Nome do Produto: The Dungeon of Doom
			Igorando Pelo Filtro de Nome...
		Nome do Produto: The Dungeon of Doom
			Igorando Pelo Filtro de Nome...
		Nome do Produto: The Dungeon of Doom
			Igorando Pelo Filtro de Nome...
		Nome do Produto: Ravenloft Dungeon Master's Guide
			Igorando Pelo Filtro de Nome...
		Nome do Produto: The Deadly Dungeon
			Igorando Pelo Filtro de Nome...
	Tempo Para buscar: 687
Loja: Shop Facil
	URL Principal: http://ww2.shopfacil.com.br/
	URL Busca: http://ww2.shopfacil.com.br/<BUSCA>
http://ww2.shopfacil.com.br/Pokemon%20Mystery%20Dungeon
		Documento Lido
		Resultados: 0
	Tempo Para buscar: 1911
Loja: Shop Time
	URL Principal: http://www.shoptime.com.br/
	URL Busca: http://busca.shoptime.com.br/busca.php?q=<BUSCA>
http://busca.shoptime.com.br/busca.php?q=Pokemon+Mystery+Dungeon
		Documento Lido
		Resultados: 1
		Nome do Produto: Game Pokemon Mystery Dungeon Exp. Sky - DS
http://busca.shoptime.com.br/produto.php?link=http://www.shoptime.com.br/produto/7039213/game-pokemon-mystery-dungeon-exp.-sky-ds&ranking=1&sessao=U70MW8HU8DCK7&idbusca=657f30d9fd1bfa64415ba9059f20a34c688ce208&idproduto=7039213
		Acessando URL do produto.
	Tempo Para buscar: 1017
Loja: ShopB
	URL Principal: http://www.shopb.com.br/
	URL Busca: http://busca.shopb.com.br/?busca=<BUSCA>
http://busca.shopb.com.br/?busca=Pokemon+Mystery+Dungeon
		Documento Lido
		Resultados: 21
		Nome do Produto: Pokemon Mystery Dungeon: Gates to Infinity - 3DS
http://shopb.ecommercesearch.com.br/Busca/Redir?url=http%3a%2f%2fwww.shopb.com.br%2fecommerce_site%2findex.php%3fpg%3dproduto%26cdg%3d4488%26idp%3d36826%26idparceiro%3dp1&esid=36826
		Acessando URL do produto.
		Nome do Produto: Console XBOX One 500GB Branco Edição Limitada + Halo: The Master Chief Collection (Digital)
			Igorando Pelo Filtro de Nome...
		Nome do Produto: Dungeon Hunter Alliance - PS Vita
			Igorando Pelo Filtro de Nome...
		Nome do Produto: Dungeon Siege II - PC
			Igorando Pelo Filtro de Nome...
		Nome do Produto: Dungeon Siege III - XBOX 360
			Igorando Pelo Filtro de Nome...
		Nome do Produto: Halo: The Master Chief Collection - XBOX ONE
			Igorando Pelo Filtro de Nome...
		Nome do Produto: O Mistério da Carta de Tarô: Casos Estanhos - PC
			Igorando Pelo Filtro de Nome...
		Nome do Produto: Pikmin 3 - Wii U
			Igorando Pelo Filtro de Nome...
		Nome do Produto: Pokemon Alpha Sapphire - 3DS
			Igorando Pelo Filtro de Nome...
		Nome do Produto: Pokemon Art Academy - 3DS
			Igorando Pelo Filtro de Nome...
		Nome do Produto: Pokemon Omega Ruby - 3DS
			Igorando Pelo Filtro de Nome...
		Nome do Produto: Pokemon X - 3DS
			Igorando Pelo Filtro de Nome...
		Nome do Produto: Pokemon Y - 3DS
			Igorando Pelo Filtro de Nome...
		Nome do Produto: Pokémon White Version 2 - DS
			Igorando Pelo Filtro de Nome...
		Nome do Produto: Trigger Happy Havoc: Danganronpa - PS Vita
			Igorando Pelo Filtro de Nome...
		Nome do Produto: Adventure Time: Explore the Dungeon Because I Dont Know - PS3
			Igorando Pelo Filtro de Nome...
		Nome do Produto: Adventure Time: Explore the Dungeon Because I Dont Know - XBOX 360
			Igorando Pelo Filtro de Nome...
		Nome do Produto: Dance Masters - XBOX 360
			Igorando Pelo Filtro de Nome...
		Nome do Produto: Fonte de Alimentação 500W Extreme Power Plus - Cooler Master
			Igorando Pelo Filtro de Nome...
		Nome do Produto: Mouse Pad Gamer CM Storm Speed-RXL - Cooler Master
			Igorando Pelo Filtro de Nome...
		Nome do Produto: Spider-Man: Shattered Dimensions - PS3
			Igorando Pelo Filtro de Nome...
	Tempo Para buscar: 2314
Loja: Submarino
	URL Principal: http://www.submarino.com.br/
	URL Busca: http://busca.submarino.com.br/busca.php?q=<BUSCA>
http://busca.submarino.com.br/busca.php?q=Pokemon+Mystery+Dungeon
		Documento Lido
		Resultados: 5
		Nome do Produto: Game Pokemon Mystery Dungeon Red Rescue Team GBA
http://busca.submarino.com.br/produto.php?link=http://www.submarino.com.br/produto/356328/game-pokemon-mystery-dungeon-red-rescue-team-gba&ranking=1&sessao=U70MWDLLI2SG7&idbusca=4689e6200ba88a4163f3ba50d1efb181167d8429&idproduto=356328
		Acessando URL do produto.
		Nome do Produto: Game Pokémon Mystery Dungeon Blue DS
			Igorando Pelo Filtro de Nome...
		Nome do Produto: Game Pokemon Mystery Dungeon Explores Darkness - DS
http://busca.submarino.com.br/produto.php?link=http://www.submarino.com.br/produto/6741592/game-pokemon-mystery-dungeon-explores-darkness-ds&ranking=3&sessao=U70MWDLLI2SG7&idbusca=4689e6200ba88a4163f3ba50d1efb181167d8429&idproduto=6741592
		Acessando URL do produto.
java.lang.NullPointerException
	at interfaces.search.SubmarinoSearch.readEachProduct(SubmarinoSearch.java:74)
	at interfaces.search.SubmarinoSearch.search(SubmarinoSearch.java:38)
	at objects.Shop.searchProduct(Shop.java:33)
	at Main.generateHtlReport(Main.java:88)
	at Main.main(Main.java:59)
	Tempo Para buscar: 1729
Loja: Walmart
	URL Principal: http://www.walmart.com.br/
	URL Busca: http://www.walmart.com.br/busca/?ft=<BUSCA>&PS=20
http://www.walmart.com.br/busca/?ft=Pokemon+Mystery+Dungeon&PS=20
		Documento Lido
		Resultados: 1
		Nome do Produto: Pokémon Mystery Dungeon: Explorers of Darkness - NDS
			Igorando Pelo Filtro de Nome...
	Tempo Para buscar: 1358

File copied from C:\java\workspace Estudo\lookforprices\resources\imports\css.css to C:\java\workspace Estudo\lookforprices\reports\2015-05-04 11\css.css
File copied from C:\java\workspace Estudo\lookforprices\resources\imports\jquery.js to C:\java\workspace Estudo\lookforprices\reports\2015-05-04 11\jquery.js
File copied from C:\java\workspace Estudo\lookforprices\resources\imports\scripts.js to C:\java\workspace Estudo\lookforprices\reports\2015-05-04 11\scripts.js
Tempo total de execução: 108243
