Game: Pokemon Black
Loja: Nintendo eShop
	URL Principal: http://www.nintendo.com/3ds/eshop
	URL Busca: http://www.nintendo.com/json/content/get/game/filter?&&&&qterm=<BUSCA>
NintendoEShopSearch.search() http://www.nintendo.com/json/content/get/game/filter?&&&&qterm=Pokemon+Black
		Documento Lido
		Resultados: 8
		Nome do Produto: Pokédex 3D Pro
			Igorando Pelo Filtro de Nome...
		Nome do Produto: Pokémon Black Version 2
			Igorando Pelo Filtro de Nome...
		Nome do Produto: Pokémon White Version 2
			Igorando Pelo Filtro de Nome...
		Nome do Produto: Pokémon Dream Radar
			Igorando Pelo Filtro de Nome...
		Nome do Produto: Pokémon Conquest
			Igorando Pelo Filtro de Nome...
		Nome do Produto: Pokémon Rumble Blast
			Igorando Pelo Filtro de Nome...
		Nome do Produto: Pokémon Black Version
			Igorando Pelo Filtro de Nome...
		Nome do Produto: Pokémon White Version
			Igorando Pelo Filtro de Nome...
	Tempo Para buscar: 949
Loja: Americanas
	URL Principal: http://www.americanas.com.br/
	URL Busca: http://busca.americanas.com.br/busca.php?q=<BUSCA>
http://busca.americanas.com.br/busca.php?q=Pokemon+Black
		Documento Lido
		Resultados: 21
		Nome do Produto: Game - Pokémon Alpha Sapphire - 3DS
			Igorando Pelo Filtro de Nome...
		Nome do Produto: Game - Pokémon Omega Ruby - 3DS
			Igorando Pelo Filtro de Nome...
		Nome do Produto: Game - Pokémon Y - 3DS
			Igorando Pelo Filtro de Nome...
		Nome do Produto: Game - Pokémon X - 3DS
			Igorando Pelo Filtro de Nome...
		Nome do Produto: Pokemon Xy - Booster
			Igorando Pelo Filtro de Nome...
		Nome do Produto: Box Pokemon Charizard Ex
			Igorando Pelo Filtro de Nome...
		Nome do Produto: Pokémon Lata Power Trio Charizard - Ex
			Igorando Pelo Filtro de Nome...
		Nome do Produto: Pokémon Lata Bw 1 Nac. Sneak-Peek Oshawott
			Igorando Pelo Filtro de Nome...
		Nome do Produto: Livro - Pokémon - Vol.2
			Igorando Pelo Filtro de Nome...
		Nome do Produto: Kit Acessórios Nintendo Pokémon Universal Hard p/ Nintendo DS - Nintendo
			Igorando Pelo Filtro de Nome...
		Nome do Produto: Kit Acessório Pokémon Bda-Stylus p/ Nintendo DS - Nintendo
			Igorando Pelo Filtro de Nome...
		Nome do Produto: Livro - Pokémon - Vol. 04
			Igorando Pelo Filtro de Nome...
		Nome do Produto: Game Pokémon Art Academy - 3DS
			Igorando Pelo Filtro de Nome...
		Nome do Produto: Livro - Japanese Animation: From Painted Scrolls to Pokémon
			Igorando Pelo Filtro de Nome...
		Nome do Produto: Game Pokemon Y + Poster Promocional Pokemon - 3DS
			Igorando Pelo Filtro de Nome...
		Nome do Produto: Livro - Pokemon Club V.1 - As Primeiras Aventuras
			Igorando Pelo Filtro de Nome...
		Nome do Produto: Game Pokémon Conquest - 3DS
			Igorando Pelo Filtro de Nome...
		Nome do Produto: Game Pokemon X + Poster Promocional Pokemon - 3DS
			Igorando Pelo Filtro de Nome...
		Nome do Produto: Livro - Pokémon - Vol.1
			Igorando Pelo Filtro de Nome...
		Nome do Produto: Livro - Pokémon - Vol.3
			Igorando Pelo Filtro de Nome...
		Nome do Produto: Game Pokemon White Version 2 - DS
			Igorando Pelo Filtro de Nome...
	Tempo Para buscar: 790
Loja: Big Boy Games
	URL Principal: http://www.bigboygames.com.br/
	URL Busca: http://www.bigboygames.com.br/pesquisa/?p=<BUSCA>
http://www.bigboygames.com.br/pesquisa/?p=Pokemon+Black
		Documento Lido
		Resultados: 5
		Nome do Produto: POKÉMON Black & White Fronteiras Cruzadas Booster
			Igorando Pelo Filtro de Nome...
		Nome do Produto: POKÉMON Black & White Tempestade de Plasma Booster
			Igorando Pelo Filtro de Nome...
		Nome do Produto: POKÉMON Black & White Dragões Enaltecidos Booster
			Igorando Pelo Filtro de Nome...
		Nome do Produto: DS - Pokemon Versão Black 2
http://www.bigboygames.com.br/ds-pokemon-versao-black-2-p4430/
		Acessando URL do produto.
		Nome do Produto: DS - Pokemon Versão Black
http://www.bigboygames.com.br/ds-pokemon-versao-black-p2603/
		Acessando URL do produto.
	Tempo Para buscar: 2149
Loja: Casas Bahia
	URL Principal: http://www.casasbahia.com.br/
	URL Busca: http://buscas.casasbahia.com.br/search?w=<BUSCA>
http://buscas.casasbahia.com.br/search?w=Pokemon+Black
		Documento Lido
		Resultados: 2
		Nome do Produto: 
			Igorando Pelo Filtro de Nome...
		Nome do Produto: 
			Igorando Pelo Filtro de Nome...
		Nome do Produto: 
			Igorando Pelo Filtro de Nome...
		Nome do Produto: 
			Igorando Pelo Filtro de Nome...
		Nome do Produto: 
			Igorando Pelo Filtro de Nome...
		Nome do Produto: 
			Igorando Pelo Filtro de Nome...
		Nome do Produto: 
			Igorando Pelo Filtro de Nome...
		Nome do Produto: 
			Igorando Pelo Filtro de Nome...
		Nome do Produto: 
			Igorando Pelo Filtro de Nome...
		Nome do Produto: 
			Igorando Pelo Filtro de Nome...
		Nome do Produto: 
			Igorando Pelo Filtro de Nome...
		Nome do Produto: 
			Igorando Pelo Filtro de Nome...
		Nome do Produto: 
			Igorando Pelo Filtro de Nome...
		Nome do Produto: 
			Igorando Pelo Filtro de Nome...
		Nome do Produto: 
			Igorando Pelo Filtro de Nome...
	Tempo Para buscar: 2930
Loja: Extra
	URL Principal: http://www.extra.com.br/
	URL Busca: http://buscando.extra.com.br/search?w=<BUSCA>
http://buscando.extra.com.br/search?w=Pokemon+Black
		Documento Lido
		Resultados: 1
		Nome do Produto: Deck Esmagador Psíquico - Pokémon Black & White - Congelamento de Plasma - Copag
			Igorando Pelo Filtro de Nome...
	Tempo Para buscar: 1046
Loja: E-Virtua
	URL Principal: http://www.evirtua.com.br/
	URL Busca: http://www.evirtua.com.br/Busca?search_department_id=0&SearchTerm=<BUSCA>
http://www.evirtua.com.br/Busca?search_department_id=0&SearchTerm=Pokemon+Black
		Documento Lido
		Resultados: 0
	Tempo Para buscar: 276
Loja: Fast Games
	URL Principal: http://www.fastgames.com.br/
	URL Busca: http://www.fastgames.com.br/loja/busca.php?loja=187970&palavra_busca=<BUSCA>
http://www.fastgames.com.br/loja/busca.php?loja=187970&palavra_busca=Pokemon+Black
		Documento Lido
		Resultados: 1
		Nome do Produto: Pokémon White Version 2 - DS
			Igorando Pelo Filtro de Nome...
	Tempo Para buscar: 985
Loja: Fast Shop
	URL Principal: http://www.fastshop.com.br/loja/
	URL Busca: http://www.fastshop.com.br/webapp/wcs/stores/servlet/SearchDisplay?searchTerm=<BUSCA>&categoryId=&storeId=10151&catalogId=11052&langId=-6&pageSize=9&beginIndex=0&sType=SimpleSearch&resultCatEntryType=2&showResultsPage=true&searchSource=Q&pageView=&hotsite=fastshop
http://www.fastshop.com.br/webapp/wcs/stores/servlet/SearchDisplay?searchTerm=Pokemon+Black&categoryId=&storeId=10151&catalogId=11052&langId=-6&pageSize=9&beginIndex=0&sType=SimpleSearch&resultCatEntryType=2&showResultsPage=true&searchSource=Q&pageView=&hotsite=fastshop
		Documento Lido
		Resultados: 0
	Tempo Para buscar: 586
Loja: FNAC
	URL Principal: http://www.fnac.com.br/index.html
	URL Busca: http://busca.fnac.com.br/?busca=<BUSCA>
http://busca.fnac.com.br/?busca=Pokemon+Black
		Documento Lido
		Resultados: 20
		Nome do Produto: Filmadora Gopro Hero4 Edition Chdhx-401-br Black Edition, 4k @ 30qps, 12.0mp, Ultra Grande Angular F/2.8 6-elementos, Wi-fi E Bluetooth® Embutidos
			Igorando Pelo Filtro de Nome...
		Nome do Produto: Kit Sony Xperia Z2 + Jbl Charge Ii Black
			Igorando Pelo Filtro de Nome...
		Nome do Produto: Filmadora Gopro Hero3+ Chdhx-302-br Black Edition, 4k @ 15qps, 12.0mp, Ultra Grande Angular, F/2.8, 6-elementos, Wi-fi Embutido
			Igorando Pelo Filtro de Nome...
		Nome do Produto: Jbl Charge Ii Black Social Bluetooth
			Igorando Pelo Filtro de Nome...
		Nome do Produto: Torradeira Kenwood Ttm024 Toaster 2sl P+v Bw Black 220v Br
			Igorando Pelo Filtro de Nome...
		Nome do Produto: Cafeteira Nespresso Inissia + Black - 110v
			Igorando Pelo Filtro de Nome...
		Nome do Produto: Cafeteira Nespresso Inissia + Black - 220v
			Igorando Pelo Filtro de Nome...
		Nome do Produto: Jbl Clip Caixa Bluetooth Black
			Igorando Pelo Filtro de Nome...
		Nome do Produto: Ps3 Grid Autosport – Black Edition
			Igorando Pelo Filtro de Nome...
		Nome do Produto: Xbox 360 Grid Autosport – Black Edition
			Igorando Pelo Filtro de Nome...
		Nome do Produto: 3ds Pokemon X
			Igorando Pelo Filtro de Nome...
		Nome do Produto: 3ds Pokemon Y
			Igorando Pelo Filtro de Nome...
		Nome do Produto: 3ds Pokemon Art Academy
			Igorando Pelo Filtro de Nome...
		Nome do Produto: 3ds Pokemon Alpha Sapphire
			Igorando Pelo Filtro de Nome...
		Nome do Produto: 3ds Pokemon Omega Ruby
			Igorando Pelo Filtro de Nome...
		Nome do Produto: Xbox One Assassin`s Creed Iv: Black Flag Signature Edition
			Igorando Pelo Filtro de Nome...
		Nome do Produto: Ps4 Assassin`s Creed Iv: Black Flag (versão em Português)
			Igorando Pelo Filtro de Nome...
		Nome do Produto: Bbc - Orphan Black - 1ª Temporada Completa (3 DVDs)
			Igorando Pelo Filtro de Nome...
		Nome do Produto: Guia Para O Dsm-5 - Complemento Essencial Para O Manual Diagnóstico E Estatístico de Transtornos Mentais
			Igorando Pelo Filtro de Nome...
		Nome do Produto: Black Sabbath Live... Gathered In Their Masses (blu-ray)
			Igorando Pelo Filtro de Nome...
	Tempo Para buscar: 1354
Loja: Kabum
	URL Principal: http://www.kabum.com.br/
	URL Busca: http://www.kabum.com.br/cgi-local/site/listagem/listagem.cgi?string=<BUSCA>&btnG=
http://www.kabum.com.br/cgi-local/site/listagem/listagem.cgi?string=Pokemon+Black&btnG=
		Documento Lido
		Resultados: 0
	Tempo Para buscar: 1609
Loja: Livraria Cultura
	URL Principal: http://www.livrariacultura.com.br/
	URL Busca: http://www.livrariacultura.com.br/busca?N=0&Ntt=<BUSCA>
http://www.livrariacultura.com.br/busca?N=0&Ntt=Pokemon+Black
		Documento Lido
		Resultados: 48
		Nome do Produto: POKEMON BLACK & WHITE - Nº02
http://www.livrariacultura.com.br/p/pokemon-black-white-n02-11107524
		Acessando URL do produto.
		Nome do Produto: POKEMON BLACK & WHITE - Nº05
http://www.livrariacultura.com.br/p/pokemon-black-white-n05-42890554
		Acessando URL do produto.
		Nome do Produto: POKEMON BLACK & WHITE - Nº03
http://www.livrariacultura.com.br/p/pokemon-black-white-n03-40041633
		Acessando URL do produto.
		Nome do Produto: POKEMON BLACK & WHITE - Nº04
http://www.livrariacultura.com.br/p/pokemon-black-white-n04-40042487
		Acessando URL do produto.
		Nome do Produto: POKEMON BLACK & WHITE - Nº01
http://www.livrariacultura.com.br/p/pokemon-black-white-n01-42690873
		Acessando URL do produto.
		Nome do Produto: POKEMON BLACK VERSION 2 AND POKEMON WHITE VERSION
http://www.livrariacultura.com.br/p/pokemon-black-version-2-and-pokemon-white-version-30737190
		Acessando URL do produto.
		Nome do Produto: POKEMON BLACK AND WHITE BOX SET
http://www.livrariacultura.com.br/p/pokemon-black-and-white-box-set-29605247
		Acessando URL do produto.
		Nome do Produto: POKEMON BLACK AND WHITE 3
http://www.livrariacultura.com.br/p/pokemon-black-and-white-3-22569811
		Acessando URL do produto.
		Nome do Produto: POKEMON BLACK AND WHITE, V.2
http://www.livrariacultura.com.br/p/pokemon-black-and-white-v2-22538795
		Acessando URL do produto.
		Nome do Produto: POKEMON BLACK VERSION 2 AND POKEMON WHITE VERSION
http://www.livrariacultura.com.br/p/pokemon-black-version-2-and-pokemon-white-version-30737189
		Acessando URL do produto.
		Nome do Produto: POKEMON BLACK AND WHITE 4
http://www.livrariacultura.com.br/p/pokemon-black-and-white-4-22569813
		Acessando URL do produto.
		Nome do Produto: POKEMON BLACK AND WHITE 8
http://www.livrariacultura.com.br/p/pokemon-black-and-white-8-29012123
		Acessando URL do produto.
		Nome do Produto: POKEMON BLACK AND WHITE 7
http://www.livrariacultura.com.br/p/pokemon-black-and-white-7-5110465
		Acessando URL do produto.
		Nome do Produto: POKEMON BLACK AND WHITE 5
http://www.livrariacultura.com.br/p/pokemon-black-and-white-5-22954190
		Acessando URL do produto.
		Nome do Produto: POKEMON BLACK AND WHITE BOX SET 2
http://www.livrariacultura.com.br/p/pokemon-black-and-white-box-set-2-42249596
		Acessando URL do produto.
		Nome do Produto: POKEMON - BLACK & WHITE HANDBOOK
http://www.livrariacultura.com.br/p/pokemon-black-white-handbook-22403483
		Acessando URL do produto.
		Nome do Produto: POKEMON BLACK AND WHITE 2 GUIDE
http://www.livrariacultura.com.br/p/pokemon-black-and-white-2-guide-61782217
		Acessando URL do produto.
		Nome do Produto: POKEMON BLACK AND WHITE
http://www.livrariacultura.com.br/p/pokemon-black-and-white-42253226
		Acessando URL do produto.
		Nome do Produto: POKEMON BLACK AND WHITE 6
http://www.livrariacultura.com.br/p/pokemon-black-and-white-6-22954191
		Acessando URL do produto.
		Nome do Produto: POKEMON BLACK AND WHITE, V.1
http://www.livrariacultura.com.br/p/pokemon-black-and-white-v1-22538900
		Acessando URL do produto.
		Nome do Produto: POKEMON BLACK/WHITE: VIDEO GAME GUIDE
http://www.livrariacultura.com.br/p/pokemon-blackwhite-video-game-guide-30709601
		Acessando URL do produto.
		Nome do Produto: POKEMON BLACK AND WHITE
http://www.livrariacultura.com.br/p/pokemon-black-and-white-42253225
		Acessando URL do produto.
		Nome do Produto: POKEMON BLACK AND WHITE
http://www.livrariacultura.com.br/p/pokemon-black-and-white-42079188
		Acessando URL do produto.
		Nome do Produto: POKEMON BLACK VERSION STICKER BOOK
http://www.livrariacultura.com.br/p/pokemon-black-version-sticker-book-30938432
		Acessando URL do produto.
		Nome do Produto: POKEMON BLACK AND WHITE
http://www.livrariacultura.com.br/p/pokemon-black-and-white-42079189
		Acessando URL do produto.
		Nome do Produto: POKEMON BLACK AND WHITE
http://www.livrariacultura.com.br/p/pokemon-black-and-white-42079187
		Acessando URL do produto.
		Nome do Produto: POK‚MON ADVENTURES - BLACK AND WHITE
			Igorando Pelo Filtro de Nome...
		Nome do Produto: POKEMON ADVENTURES - BLACK AND WHITE 20
http://www.livrariacultura.com.br/p/pokemon-adventures-black-and-white-20-42783148
		Acessando URL do produto.
		Nome do Produto: POK‚MON ADVENTURES - BLACK AND WHITE
			Igorando Pelo Filtro de Nome...
		Nome do Produto: POKEMON SUPER STICKER BOOK
			Igorando Pelo Filtro de Nome...
		Nome do Produto: POKEMON ADVENTURES- BLACK AND WHITE 5
http://www.livrariacultura.com.br/p/pokemon-adventures-black-and-white-5-45017779
		Acessando URL do produto.
		Nome do Produto: POKEMON ADVENTURES- BLACK & WHITE 7
http://www.livrariacultura.com.br/p/pokemon-adventures-black-white-7-42841954
		Acessando URL do produto.
		Nome do Produto: POKEMON ADVENTURES- BLACK AND WHITE 8
http://www.livrariacultura.com.br/p/pokemon-adventures-black-and-white-8-42841955
		Acessando URL do produto.
		Nome do Produto: POKEMON ADVENTURES - BLACK AND WHITE 6
http://www.livrariacultura.com.br/p/pokemon-adventures-black-and-white-6-42783124
		Acessando URL do produto.
		Nome do Produto: SUPER POKEMON POP-UP BLACK KYUREM
http://www.livrariacultura.com.br/p/super-pokemon-pop-up-black-kyurem-30888730
		Acessando URL do produto.
		Nome do Produto: POK‚MON ADVENTURES - BLACK AND WHITE
			Igorando Pelo Filtro de Nome...
		Nome do Produto: GAME FREAKS 365'S NINTENDO DS REVIEW GUIDE
			Igorando Pelo Filtro de Nome...
		Nome do Produto: LATA POKEMON - BLACK & WHITE
http://www.livrariacultura.com.br/p/lata-pokemon-black-white-33000186
		Acessando URL do produto.
		Nome do Produto: POKEMON BLACK & WHITE 6 - LATA
http://www.livrariacultura.com.br/p/pokemon-black-white-6-lata-42113157
		Acessando URL do produto.
		Nome do Produto: POKEMON BLACK & WHITE 7 - DECK
http://www.livrariacultura.com.br/p/pokemon-black-white-7-deck-42134062
		Acessando URL do produto.
		Nome do Produto: POKEMON BLACK & WHITE 2 - DECK TRUQUES TOXICOS
http://www.livrariacultura.com.br/p/pokemon-black-white-2-deck-truques-toxicos-29597577
		Acessando URL do produto.
		Nome do Produto: POKEMON BLACK & WHITE 6 - DECK
http://www.livrariacultura.com.br/p/pokemon-black-white-6-deck-42113035
		Acessando URL do produto.
		Nome do Produto: POKEMON BLACK & WHITE - ATAQUE AZUL - BARALHO
http://www.livrariacultura.com.br/p/pokemon-black-white-ataque-azul-baralho-11068034
		Acessando URL do produto.
		Nome do Produto: POKEMON BLACK & WHITE 9 - DECK
http://www.livrariacultura.com.br/p/pokemon-black-white-9-deck-42158869
		Acessando URL do produto.
		Nome do Produto: POKEMON BLACK & WHITE 7 - BOOSTER BLISTER
http://www.livrariacultura.com.br/p/pokemon-black-white-7-booster-blister-42134061
		Acessando URL do produto.
		Nome do Produto: POKEMON BLACK & WHITE - TORNADO VERDE - BARALHO
http://www.livrariacultura.com.br/p/pokemon-black-white-tornado-verde-baralho-29037486
		Acessando URL do produto.
		Nome do Produto: POKEMON BLACK & WHITE 6 - BOOSTER
http://www.livrariacultura.com.br/p/pokemon-black-white-6-booster-42113038
		Acessando URL do produto.
		Nome do Produto: POKEMON BLACK & WHITE - EMERGING POWERS - DECK
http://www.livrariacultura.com.br/p/pokemon-black-white-emerging-powers-deck-29508552
		Acessando URL do produto.
	Tempo Para buscar: 14391
Loja: Magazine Luiza
	URL Principal: http://www.magazineluiza.com.br/
	URL Busca: http://www.magazineluiza.com.br/busca/<BUSCA>/
http://www.magazineluiza.com.br/busca/Pokemon+Black/
java.net.SocketTimeoutException: Read timed out
	at java.net.SocketInputStream.socketRead0(Native Method)
	at java.net.SocketInputStream.socketRead(Unknown Source)
	at java.net.SocketInputStream.read(Unknown Source)
	at java.net.SocketInputStream.read(Unknown Source)
	at java.io.BufferedInputStream.fill(Unknown Source)
	at java.io.BufferedInputStream.read1(Unknown Source)
	at java.io.BufferedInputStream.read(Unknown Source)
	at sun.net.www.http.HttpClient.parseHTTPHeader(Unknown Source)
	at sun.net.www.http.HttpClient.parseHTTP(Unknown Source)
	at sun.net.www.protocol.http.HttpURLConnection.getInputStream0(Unknown Source)
	at sun.net.www.protocol.http.HttpURLConnection.getInputStream(Unknown Source)
	at java.net.HttpURLConnection.getResponseCode(Unknown Source)
	at org.jsoup.helper.HttpConnection$Response.execute(HttpConnection.java:453)
	at org.jsoup.helper.HttpConnection$Response.execute(HttpConnection.java:434)
	at org.jsoup.helper.HttpConnection.execute(HttpConnection.java:181)
	at org.jsoup.helper.HttpConnection.get(HttpConnection.java:170)
	at comom.Util.readUrlDocument(Util.java:94)
	at interfaces.search.MagazineLuizaSearch.readResults(MagazineLuizaSearch.java:92)
	at interfaces.search.MagazineLuizaSearch.search(MagazineLuizaSearch.java:30)
	at objects.Shop.searchProduct(Shop.java:33)
	at Main.generateHtlReport(Main.java:88)
	at Main.main(Main.java:59)
Tentando conectar Na Url de outro modo
java.io.IOException: Server returned HTTP response code: 500 for URL: http://www.magazineluiza.com.br/busca/Pokemon+Black/
	at sun.net.www.protocol.http.HttpURLConnection.getInputStream0(Unknown Source)
	at sun.net.www.protocol.http.HttpURLConnection.getInputStream(Unknown Source)
	at comom.Util.getPageBuffer(Util.java:138)
	at comom.Util.readUrl(Util.java:106)
	at comom.Util.readUrlDocument(Util.java:98)
	at interfaces.search.MagazineLuizaSearch.readResults(MagazineLuizaSearch.java:92)
	at interfaces.search.MagazineLuizaSearch.search(MagazineLuizaSearch.java:30)
	at objects.Shop.searchProduct(Shop.java:33)
	at Main.generateHtlReport(Main.java:88)
	at Main.main(Main.java:59)
		Documento Lido
		Resultados: 0
	Tempo Para buscar: 63266
Loja: Mula Games
	URL Principal: http://www.mulagames.com.br/
	URL Busca: http://www.mulagames.com.br/produtos-index/catalogo_produtos/-/-/<BUSCA>/-/-/-/-/-/
http://www.mulagames.com.br/produtos-index/catalogo_produtos/-/-/Pokemon%20Black/-/-/-/-/-/
		Documento Lido
		Resultados: 0
	Tempo Para buscar: 1041
Loja: Net Shoes
	URL Principal: http://www.netshoes.com.br/
	URL Busca: http://www.netshoes.com.br/search?Ntt=<BUSCA>
http://www.netshoes.com.br/search?Ntt=Pokemon+Black
		Documento Lido
		Resultados: 58
		Nome do Produto: Monster Extreme Black 44 Packs - Probiótica
			Igorando Pelo Filtro de Nome...
		Nome do Produto: Massa Monster Black 1,5 kg - Probiótica
			Igorando Pelo Filtro de Nome...
		Nome do Produto: Tênis Puma Driving Power 2 Low Ferrari Black Out
			Igorando Pelo Filtro de Nome...
		Nome do Produto: Thermo Cuts Black 120 tabs - NeoNutri
			Igorando Pelo Filtro de Nome...
		Nome do Produto: Thermo Cuts Black 120 tabs - NeoNutri + L-Carnitine Fire 240 ml - MidWay
			Igorando Pelo Filtro de Nome...
		Nome do Produto: Mochila Jansport Black Label Superbreak
			Igorando Pelo Filtro de Nome...
		Nome do Produto: Massa Monster Black 1,5 kg - Probiótica
			Igorando Pelo Filtro de Nome...
		Nome do Produto: Massa Monster Black 3 kg - Probiótica
			Igorando Pelo Filtro de Nome...
		Nome do Produto: BCAA Black 200 g - Probiótica
			Igorando Pelo Filtro de Nome...
		Nome do Produto: BCAA Black 200 g - Probiótica
			Igorando Pelo Filtro de Nome...
		Nome do Produto: Massa Monster Black 3 kg - Probiótica
			Igorando Pelo Filtro de Nome...
		Nome do Produto: Massa Monster Black 1,5 kg - Probiótica
			Igorando Pelo Filtro de Nome...
		Nome do Produto: Câmera GoPro Hero4 Black Edition Adventure
			Igorando Pelo Filtro de Nome...
		Nome do Produto: BCAA Black 200 g - Probiótica
			Igorando Pelo Filtro de Nome...
		Nome do Produto: Thermogenic Extreme Black 120 Caps - Probiótica
			Igorando Pelo Filtro de Nome...
		Nome do Produto: Thermo Cuts Black 60 Tabs - NeoNutri
			Igorando Pelo Filtro de Nome...
		Nome do Produto: Black Bee Cafeína 60 Cápsulas - Probiótica
			Igorando Pelo Filtro de Nome...
		Nome do Produto: Massa Monster Black 3 kg - Probiótica
			Igorando Pelo Filtro de Nome...
		Nome do Produto: Rolamento Element Black
			Igorando Pelo Filtro de Nome...
		Nome do Produto: Pré Black 240 g - Probiótica
			Igorando Pelo Filtro de Nome...
		Nome do Produto: Burn Out Black 30 Packs - Probiótica
			Igorando Pelo Filtro de Nome...
		Nome do Produto: Boné New Era 5950 Ne Batik Black
			Igorando Pelo Filtro de Nome...
		Nome do Produto: BCAA Black 200 g - Probiótica
			Igorando Pelo Filtro de Nome...
		Nome do Produto: Caffeine Black Jack 60 ml c/ 25 uni. - Midway
			Igorando Pelo Filtro de Nome...
		Nome do Produto: Camiseta Quiksilver Black Hole
			Igorando Pelo Filtro de Nome...
		Nome do Produto: Camiseta Quiksilver Black Diamond
			Igorando Pelo Filtro de Nome...
		Nome do Produto: Camiseta Quiksilver Black Hole
			Igorando Pelo Filtro de Nome...
		Nome do Produto: HP Black N06 250 g - Nutrilatina
			Igorando Pelo Filtro de Nome...
		Nome do Produto: Camiseta Nike SB DF Black Cat
			Igorando Pelo Filtro de Nome...
		Nome do Produto: Relógio Puma Ultrasize Metal black
			Igorando Pelo Filtro de Nome...
		Nome do Produto: Mesa de Ping Pong / Tênis de Mesa Klopf Oficial Black Edition - 15 mm
			Igorando Pelo Filtro de Nome...
		Nome do Produto: Camiseta Nike SB DF Black Cat
			Igorando Pelo Filtro de Nome...
		Nome do Produto: Canivete Guepardo Black Hawk
			Igorando Pelo Filtro de Nome...
		Nome do Produto: Pré Black 240 g - Probiótica
			Igorando Pelo Filtro de Nome...
		Nome do Produto: Jogo The Black Eyed Peas Experience Wii
			Igorando Pelo Filtro de Nome...
		Nome do Produto: Camiseta Quiksilver Black Hole
			Igorando Pelo Filtro de Nome...
		Nome do Produto: Kit Verão DIET WAY + L-Carnitine Black Jack 245ml Midway Chocolate
			Igorando Pelo Filtro de Nome...
		Nome do Produto: Kit Verão DIET WAY + L-Carnitine Black Jack 245ml Midway Baunilha
			Igorando Pelo Filtro de Nome...
		Nome do Produto: L-Carnitine Black Jack 245 ml - MidWay
			Igorando Pelo Filtro de Nome...
		Nome do Produto: Kit Verão DIET WAY + L-Carnitine Black Jack 245ml Midway Morango
			Igorando Pelo Filtro de Nome...
		Nome do Produto: Kit Verão DIET WAY + L-Carnitine Black Jack 245ml Midway Banana
			Igorando Pelo Filtro de Nome...
		Nome do Produto: Kit Verão DIET WAY + L-Carnitine Black Jack 245ml Midway Coco
			Igorando Pelo Filtro de Nome...
		Nome do Produto: Carb-Up Gel Black c/ 10 Sachês - Probiótica
			Igorando Pelo Filtro de Nome...
		Nome do Produto: L-Carnitine Black Jack 245 ml - MidWay
			Igorando Pelo Filtro de Nome...
		Nome do Produto: Thermo Cuts Black 15 Tabs - NeoNutri
			Igorando Pelo Filtro de Nome...
		Nome do Produto: Carb-Up Gel Black c/ 10 Sachês - Probiótica
			Igorando Pelo Filtro de Nome...
		Nome do Produto: Carb-Up Gel Black c/ 10 Sachês - Probiótica
			Igorando Pelo Filtro de Nome...
		Nome do Produto: Meia Urgh Black Stripes Cano Médio
			Igorando Pelo Filtro de Nome...
		Nome do Produto: Ultimate Fire Black 120 Cáps - Max Titanium
			Igorando Pelo Filtro de Nome...
		Nome do Produto: HP Black N06 250 g - Nutrilatina
			Igorando Pelo Filtro de Nome...
		Nome do Produto: Boné New Era 5950 Black on Black Philadelphia Phillies
			Igorando Pelo Filtro de Nome...
		Nome do Produto: Boné New Era 5950 Black on Black San Francisco Giants
			Igorando Pelo Filtro de Nome...
		Nome do Produto: Óculos Pretorian Solar Black Ice
			Igorando Pelo Filtro de Nome...
		Nome do Produto: Mala Roxy Trekker True Black
			Igorando Pelo Filtro de Nome...
		Nome do Produto: Camiseta Quiksilver Black Hole
			Igorando Pelo Filtro de Nome...
		Nome do Produto: Camiseta Topper Grêmio Black
			Igorando Pelo Filtro de Nome...
		Nome do Produto: Camiseta Barbedo Triple Black
			Igorando Pelo Filtro de Nome...
		Nome do Produto: Andros Black 90 Cáps - MidWay
			Igorando Pelo Filtro de Nome...
	Tempo Para buscar: 423
Loja: Ponto Frio
	URL Principal: http://www.pontofrio.com.br/
	URL Busca: http://search.pontofrio.com.br/search?w=<BUSCA>
http://search.pontofrio.com.br/search?w=Pokemon+Black
		Documento Lido
		Resultados: 1
		Nome do Produto: 
			Igorando Pelo Filtro de Nome...
		Nome do Produto: 
			Igorando Pelo Filtro de Nome...
		Nome do Produto: 
			Igorando Pelo Filtro de Nome...
		Nome do Produto: 
			Igorando Pelo Filtro de Nome...
		Nome do Produto: 
			Igorando Pelo Filtro de Nome...
		Nome do Produto: 
			Igorando Pelo Filtro de Nome...
		Nome do Produto: 
			Igorando Pelo Filtro de Nome...
		Nome do Produto: 
			Igorando Pelo Filtro de Nome...
		Nome do Produto: 
			Igorando Pelo Filtro de Nome...
		Nome do Produto: 
			Igorando Pelo Filtro de Nome...
		Nome do Produto: 
			Igorando Pelo Filtro de Nome...
		Nome do Produto: 
			Igorando Pelo Filtro de Nome...
		Nome do Produto: 
			Igorando Pelo Filtro de Nome...
		Nome do Produto: 
			Igorando Pelo Filtro de Nome...
		Nome do Produto: 
			Igorando Pelo Filtro de Nome...
		Nome do Produto: 
			Igorando Pelo Filtro de Nome...
		Nome do Produto: 
			Igorando Pelo Filtro de Nome...
		Nome do Produto: 
			Igorando Pelo Filtro de Nome...
		Nome do Produto: 
			Igorando Pelo Filtro de Nome...
		Nome do Produto: 
			Igorando Pelo Filtro de Nome...
		Nome do Produto: 
			Igorando Pelo Filtro de Nome...
		Nome do Produto: 
			Igorando Pelo Filtro de Nome...
		Nome do Produto: 
			Igorando Pelo Filtro de Nome...
		Nome do Produto: 
			Igorando Pelo Filtro de Nome...
		Nome do Produto: 
			Igorando Pelo Filtro de Nome...
		Nome do Produto: 
			Igorando Pelo Filtro de Nome...
		Nome do Produto: 
			Igorando Pelo Filtro de Nome...
		Nome do Produto: 
			Igorando Pelo Filtro de Nome...
		Nome do Produto: 
			Igorando Pelo Filtro de Nome...
		Nome do Produto: 
			Igorando Pelo Filtro de Nome...
		Nome do Produto: 
			Igorando Pelo Filtro de Nome...
		Nome do Produto: 
			Igorando Pelo Filtro de Nome...
	Tempo Para buscar: 2981
Loja: Ricardo Eletro
	URL Principal: http://www.ricardoeletro.com.br/
	URL Busca: http://www.ricardoeletro.com.br/Busca/Resultado/?q=<BUSCA>
http://www.ricardoeletro.com.br/Busca/Resultado/?q=Pokemon+Black
		Documento Lido
		Resultados: 0
	Tempo Para buscar: 1604
Loja: RiHappy
	URL Principal: http://www.rihappy.com.br/
	URL Busca: http://www.rihappy.com.br/<BUSCA>
http://www.rihappy.com.br/Pokemon%20Black
		Documento Lido
		Resultados: 4
		Nome do Produto: Deck Limpeza da Mente - Pokémon Black e White - Explosão de Plasma - Copag - Jogos de Cartas
			Igorando Pelo Filtro de Nome...
		Nome do Produto: Deck Esmagador Psíquico - Pokémon Black & White - Congelamento de Plasma - Copag - Jogos de Cartas
			Igorando Pelo Filtro de Nome...
		Nome do Produto: Deck Ataque Solar - Pokémon Black e White - Explosão de Plasma - Copag - Jogos de Cartas
			Igorando Pelo Filtro de Nome...
		Nome do Produto: Deck Raio Congelante - Pokémon Black & White - Congelamento de Plasma - Copag - Jogos de Cartas
			Igorando Pelo Filtro de Nome...
	Tempo Para buscar: 1720
Loja: Saraiva
	URL Principal: http://www.saraiva.com.br/
	URL Busca: http://busca.saraiva.com.br/search?w=<BUSCA>&PAC_ID=129457&ts=ajax
http://busca.saraiva.com.br/search?w=Pokemon+Black&PAC_ID=129457&ts=ajax
		Documento Lido
		Resultados: 4
		Nome do Produto: Pokémon - Black & White - Vol. 04
			Igorando Pelo Filtro de Nome...
		Nome do Produto: Pokémon Mini-sticker Book - Black Edition
			Igorando Pelo Filtro de Nome...
		Nome do Produto: Pokémon - Black & White - Vol. 03
			Igorando Pelo Filtro de Nome...
		Nome do Produto: Super Pokémon Pop-up - Black Kyurem
			Igorando Pelo Filtro de Nome...
	Tempo Para buscar: 492
Loja: Shop Facil
	URL Principal: http://ww2.shopfacil.com.br/
	URL Busca: http://ww2.shopfacil.com.br/<BUSCA>
http://ww2.shopfacil.com.br/Pokemon%20Black
		Documento Lido
		Resultados: 0
	Tempo Para buscar: 1089
Loja: Shop Time
	URL Principal: http://www.shoptime.com.br/
	URL Busca: http://busca.shoptime.com.br/busca.php?q=<BUSCA>
http://busca.shoptime.com.br/busca.php?q=Pokemon+Black
		Documento Lido
		Resultados: 20
		Nome do Produto: Game - Pokémon Y - 3DS Game - Pokémon Omega Ruby - 3DS Pokémon Lata Power Trio Charizard - Ex Game - Pokémon Alpha Sapphire - 3DS Pokemon Xy - Booster Pokémon Lata Bw 1 Nac. Sneak-Peek Oshawott Game Pokémon Conquest - 3DS Game - Pokémon X - 3DS Livro - Pokémon - Vol. 04 Livro - Pokémon - Vol.2 Box Pokemon Charizard Ex Kit Acessórios Nintendo Pokémon Universal Hard p/ Nintendo DS - Nintendo Kit Acessório Pokémon Bda-Stylus p/ Nintendo DS - Nintendo Game Pokémon Art Academy - 3DS Game Pokemon Mystery Dungeon Exp. Sky - DS Game Pokemon Battle Revolution Wii Game Pokémon Sapphire GBA Livro - Pokémon - Vol.1 Game Pokemon Y + Poster Promocional Pokemon - 3DS Livro - Pokémon - Vol.3
			Igorando Pelo Filtro de Nome...
		Nome do Produto: Game - Pokémon Y - 3DS Game - Pokémon Omega Ruby - 3DS Pokémon Lata Power Trio Charizard - Ex Game - Pokémon Alpha Sapphire - 3DS Pokemon Xy - Booster Pokémon Lata Bw 1 Nac. Sneak-Peek Oshawott Game Pokémon Conquest - 3DS Game - Pokémon X - 3DS Livro - Pokémon - Vol. 04 Livro - Pokémon - Vol.2 Box Pokemon Charizard Ex Kit Acessórios Nintendo Pokémon Universal Hard p/ Nintendo DS - Nintendo Kit Acessório Pokémon Bda-Stylus p/ Nintendo DS - Nintendo Game Pokémon Art Academy - 3DS Game Pokemon Mystery Dungeon Exp. Sky - DS Game Pokemon Battle Revolution Wii Game Pokémon Sapphire GBA Livro - Pokémon - Vol.1 Game Pokemon Y + Poster Promocional Pokemon - 3DS Livro - Pokémon - Vol.3
			Igorando Pelo Filtro de Nome...
		Nome do Produto: Game - Pokémon Y - 3DS Game - Pokémon Omega Ruby - 3DS Pokémon Lata Power Trio Charizard - Ex Game - Pokémon Alpha Sapphire - 3DS Pokemon Xy - Booster Pokémon Lata Bw 1 Nac. Sneak-Peek Oshawott Game Pokémon Conquest - 3DS Game - Pokémon X - 3DS Livro - Pokémon - Vol. 04 Livro - Pokémon - Vol.2 Box Pokemon Charizard Ex Kit Acessórios Nintendo Pokémon Universal Hard p/ Nintendo DS - Nintendo Kit Acessório Pokémon Bda-Stylus p/ Nintendo DS - Nintendo Game Pokémon Art Academy - 3DS Game Pokemon Mystery Dungeon Exp. Sky - DS Game Pokemon Battle Revolution Wii Game Pokémon Sapphire GBA Livro - Pokémon - Vol.1 Game Pokemon Y + Poster Promocional Pokemon - 3DS Livro - Pokémon - Vol.3
			Igorando Pelo Filtro de Nome...
		Nome do Produto: Game - Pokémon Y - 3DS Game - Pokémon Omega Ruby - 3DS Pokémon Lata Power Trio Charizard - Ex Game - Pokémon Alpha Sapphire - 3DS Pokemon Xy - Booster Pokémon Lata Bw 1 Nac. Sneak-Peek Oshawott Game Pokémon Conquest - 3DS Game - Pokémon X - 3DS Livro - Pokémon - Vol. 04 Livro - Pokémon - Vol.2 Box Pokemon Charizard Ex Kit Acessórios Nintendo Pokémon Universal Hard p/ Nintendo DS - Nintendo Kit Acessório Pokémon Bda-Stylus p/ Nintendo DS - Nintendo Game Pokémon Art Academy - 3DS Game Pokemon Mystery Dungeon Exp. Sky - DS Game Pokemon Battle Revolution Wii Game Pokémon Sapphire GBA Livro - Pokémon - Vol.1 Game Pokemon Y + Poster Promocional Pokemon - 3DS Livro - Pokémon - Vol.3
			Igorando Pelo Filtro de Nome...
		Nome do Produto: Game - Pokémon Y - 3DS Game - Pokémon Omega Ruby - 3DS Pokémon Lata Power Trio Charizard - Ex Game - Pokémon Alpha Sapphire - 3DS Pokemon Xy - Booster Pokémon Lata Bw 1 Nac. Sneak-Peek Oshawott Game Pokémon Conquest - 3DS Game - Pokémon X - 3DS Livro - Pokémon - Vol. 04 Livro - Pokémon - Vol.2 Box Pokemon Charizard Ex Kit Acessórios Nintendo Pokémon Universal Hard p/ Nintendo DS - Nintendo Kit Acessório Pokémon Bda-Stylus p/ Nintendo DS - Nintendo Game Pokémon Art Academy - 3DS Game Pokemon Mystery Dungeon Exp. Sky - DS Game Pokemon Battle Revolution Wii Game Pokémon Sapphire GBA Livro - Pokémon - Vol.1 Game Pokemon Y + Poster Promocional Pokemon - 3DS Livro - Pokémon - Vol.3
			Igorando Pelo Filtro de Nome...
		Nome do Produto: Game - Pokémon Y - 3DS Game - Pokémon Omega Ruby - 3DS Pokémon Lata Power Trio Charizard - Ex Game - Pokémon Alpha Sapphire - 3DS Pokemon Xy - Booster Pokémon Lata Bw 1 Nac. Sneak-Peek Oshawott Game Pokémon Conquest - 3DS Game - Pokémon X - 3DS Livro - Pokémon - Vol. 04 Livro - Pokémon - Vol.2 Box Pokemon Charizard Ex Kit Acessórios Nintendo Pokémon Universal Hard p/ Nintendo DS - Nintendo Kit Acessório Pokémon Bda-Stylus p/ Nintendo DS - Nintendo Game Pokémon Art Academy - 3DS Game Pokemon Mystery Dungeon Exp. Sky - DS Game Pokemon Battle Revolution Wii Game Pokémon Sapphire GBA Livro - Pokémon - Vol.1 Game Pokemon Y + Poster Promocional Pokemon - 3DS Livro - Pokémon - Vol.3
			Igorando Pelo Filtro de Nome...
		Nome do Produto: Game - Pokémon Y - 3DS Game - Pokémon Omega Ruby - 3DS Pokémon Lata Power Trio Charizard - Ex Game - Pokémon Alpha Sapphire - 3DS Pokemon Xy - Booster Pokémon Lata Bw 1 Nac. Sneak-Peek Oshawott Game Pokémon Conquest - 3DS Game - Pokémon X - 3DS Livro - Pokémon - Vol. 04 Livro - Pokémon - Vol.2 Box Pokemon Charizard Ex Kit Acessórios Nintendo Pokémon Universal Hard p/ Nintendo DS - Nintendo Kit Acessório Pokémon Bda-Stylus p/ Nintendo DS - Nintendo Game Pokémon Art Academy - 3DS Game Pokemon Mystery Dungeon Exp. Sky - DS Game Pokemon Battle Revolution Wii Game Pokémon Sapphire GBA Livro - Pokémon - Vol.1 Game Pokemon Y + Poster Promocional Pokemon - 3DS Livro - Pokémon - Vol.3
			Igorando Pelo Filtro de Nome...
		Nome do Produto: Game - Pokémon Y - 3DS Game - Pokémon Omega Ruby - 3DS Pokémon Lata Power Trio Charizard - Ex Game - Pokémon Alpha Sapphire - 3DS Pokemon Xy - Booster Pokémon Lata Bw 1 Nac. Sneak-Peek Oshawott Game Pokémon Conquest - 3DS Game - Pokémon X - 3DS Livro - Pokémon - Vol. 04 Livro - Pokémon - Vol.2 Box Pokemon Charizard Ex Kit Acessórios Nintendo Pokémon Universal Hard p/ Nintendo DS - Nintendo Kit Acessório Pokémon Bda-Stylus p/ Nintendo DS - Nintendo Game Pokémon Art Academy - 3DS Game Pokemon Mystery Dungeon Exp. Sky - DS Game Pokemon Battle Revolution Wii Game Pokémon Sapphire GBA Livro - Pokémon - Vol.1 Game Pokemon Y + Poster Promocional Pokemon - 3DS Livro - Pokémon - Vol.3
			Igorando Pelo Filtro de Nome...
		Nome do Produto: Game - Pokémon Y - 3DS Game - Pokémon Omega Ruby - 3DS Pokémon Lata Power Trio Charizard - Ex Game - Pokémon Alpha Sapphire - 3DS Pokemon Xy - Booster Pokémon Lata Bw 1 Nac. Sneak-Peek Oshawott Game Pokémon Conquest - 3DS Game - Pokémon X - 3DS Livro - Pokémon - Vol. 04 Livro - Pokémon - Vol.2 Box Pokemon Charizard Ex Kit Acessórios Nintendo Pokémon Universal Hard p/ Nintendo DS - Nintendo Kit Acessório Pokémon Bda-Stylus p/ Nintendo DS - Nintendo Game Pokémon Art Academy - 3DS Game Pokemon Mystery Dungeon Exp. Sky - DS Game Pokemon Battle Revolution Wii Game Pokémon Sapphire GBA Livro - Pokémon - Vol.1 Game Pokemon Y + Poster Promocional Pokemon - 3DS Livro - Pokémon - Vol.3
			Igorando Pelo Filtro de Nome...
		Nome do Produto: Game - Pokémon Y - 3DS Game - Pokémon Omega Ruby - 3DS Pokémon Lata Power Trio Charizard - Ex Game - Pokémon Alpha Sapphire - 3DS Pokemon Xy - Booster Pokémon Lata Bw 1 Nac. Sneak-Peek Oshawott Game Pokémon Conquest - 3DS Game - Pokémon X - 3DS Livro - Pokémon - Vol. 04 Livro - Pokémon - Vol.2 Box Pokemon Charizard Ex Kit Acessórios Nintendo Pokémon Universal Hard p/ Nintendo DS - Nintendo Kit Acessório Pokémon Bda-Stylus p/ Nintendo DS - Nintendo Game Pokémon Art Academy - 3DS Game Pokemon Mystery Dungeon Exp. Sky - DS Game Pokemon Battle Revolution Wii Game Pokémon Sapphire GBA Livro - Pokémon - Vol.1 Game Pokemon Y + Poster Promocional Pokemon - 3DS Livro - Pokémon - Vol.3
			Igorando Pelo Filtro de Nome...
		Nome do Produto: Game - Pokémon Y - 3DS Game - Pokémon Omega Ruby - 3DS Pokémon Lata Power Trio Charizard - Ex Game - Pokémon Alpha Sapphire - 3DS Pokemon Xy - Booster Pokémon Lata Bw 1 Nac. Sneak-Peek Oshawott Game Pokémon Conquest - 3DS Game - Pokémon X - 3DS Livro - Pokémon - Vol. 04 Livro - Pokémon - Vol.2 Box Pokemon Charizard Ex Kit Acessórios Nintendo Pokémon Universal Hard p/ Nintendo DS - Nintendo Kit Acessório Pokémon Bda-Stylus p/ Nintendo DS - Nintendo Game Pokémon Art Academy - 3DS Game Pokemon Mystery Dungeon Exp. Sky - DS Game Pokemon Battle Revolution Wii Game Pokémon Sapphire GBA Livro - Pokémon - Vol.1 Game Pokemon Y + Poster Promocional Pokemon - 3DS Livro - Pokémon - Vol.3
			Igorando Pelo Filtro de Nome...
		Nome do Produto: Game - Pokémon Y - 3DS Game - Pokémon Omega Ruby - 3DS Pokémon Lata Power Trio Charizard - Ex Game - Pokémon Alpha Sapphire - 3DS Pokemon Xy - Booster Pokémon Lata Bw 1 Nac. Sneak-Peek Oshawott Game Pokémon Conquest - 3DS Game - Pokémon X - 3DS Livro - Pokémon - Vol. 04 Livro - Pokémon - Vol.2 Box Pokemon Charizard Ex Kit Acessórios Nintendo Pokémon Universal Hard p/ Nintendo DS - Nintendo Kit Acessório Pokémon Bda-Stylus p/ Nintendo DS - Nintendo Game Pokémon Art Academy - 3DS Game Pokemon Mystery Dungeon Exp. Sky - DS Game Pokemon Battle Revolution Wii Game Pokémon Sapphire GBA Livro - Pokémon - Vol.1 Game Pokemon Y + Poster Promocional Pokemon - 3DS Livro - Pokémon - Vol.3
			Igorando Pelo Filtro de Nome...
		Nome do Produto: Game - Pokémon Y - 3DS Game - Pokémon Omega Ruby - 3DS Pokémon Lata Power Trio Charizard - Ex Game - Pokémon Alpha Sapphire - 3DS Pokemon Xy - Booster Pokémon Lata Bw 1 Nac. Sneak-Peek Oshawott Game Pokémon Conquest - 3DS Game - Pokémon X - 3DS Livro - Pokémon - Vol. 04 Livro - Pokémon - Vol.2 Box Pokemon Charizard Ex Kit Acessórios Nintendo Pokémon Universal Hard p/ Nintendo DS - Nintendo Kit Acessório Pokémon Bda-Stylus p/ Nintendo DS - Nintendo Game Pokémon Art Academy - 3DS Game Pokemon Mystery Dungeon Exp. Sky - DS Game Pokemon Battle Revolution Wii Game Pokémon Sapphire GBA Livro - Pokémon - Vol.1 Game Pokemon Y + Poster Promocional Pokemon - 3DS Livro - Pokémon - Vol.3
			Igorando Pelo Filtro de Nome...
		Nome do Produto: Game - Pokémon Y - 3DS Game - Pokémon Omega Ruby - 3DS Pokémon Lata Power Trio Charizard - Ex Game - Pokémon Alpha Sapphire - 3DS Pokemon Xy - Booster Pokémon Lata Bw 1 Nac. Sneak-Peek Oshawott Game Pokémon Conquest - 3DS Game - Pokémon X - 3DS Livro - Pokémon - Vol. 04 Livro - Pokémon - Vol.2 Box Pokemon Charizard Ex Kit Acessórios Nintendo Pokémon Universal Hard p/ Nintendo DS - Nintendo Kit Acessório Pokémon Bda-Stylus p/ Nintendo DS - Nintendo Game Pokémon Art Academy - 3DS Game Pokemon Mystery Dungeon Exp. Sky - DS Game Pokemon Battle Revolution Wii Game Pokémon Sapphire GBA Livro - Pokémon - Vol.1 Game Pokemon Y + Poster Promocional Pokemon - 3DS Livro - Pokémon - Vol.3
			Igorando Pelo Filtro de Nome...
		Nome do Produto: Game - Pokémon Y - 3DS Game - Pokémon Omega Ruby - 3DS Pokémon Lata Power Trio Charizard - Ex Game - Pokémon Alpha Sapphire - 3DS Pokemon Xy - Booster Pokémon Lata Bw 1 Nac. Sneak-Peek Oshawott Game Pokémon Conquest - 3DS Game - Pokémon X - 3DS Livro - Pokémon - Vol. 04 Livro - Pokémon - Vol.2 Box Pokemon Charizard Ex Kit Acessórios Nintendo Pokémon Universal Hard p/ Nintendo DS - Nintendo Kit Acessório Pokémon Bda-Stylus p/ Nintendo DS - Nintendo Game Pokémon Art Academy - 3DS Game Pokemon Mystery Dungeon Exp. Sky - DS Game Pokemon Battle Revolution Wii Game Pokémon Sapphire GBA Livro - Pokémon - Vol.1 Game Pokemon Y + Poster Promocional Pokemon - 3DS Livro - Pokémon - Vol.3
			Igorando Pelo Filtro de Nome...
		Nome do Produto: Game - Pokémon Y - 3DS Game - Pokémon Omega Ruby - 3DS Pokémon Lata Power Trio Charizard - Ex Game - Pokémon Alpha Sapphire - 3DS Pokemon Xy - Booster Pokémon Lata Bw 1 Nac. Sneak-Peek Oshawott Game Pokémon Conquest - 3DS Game - Pokémon X - 3DS Livro - Pokémon - Vol. 04 Livro - Pokémon - Vol.2 Box Pokemon Charizard Ex Kit Acessórios Nintendo Pokémon Universal Hard p/ Nintendo DS - Nintendo Kit Acessório Pokémon Bda-Stylus p/ Nintendo DS - Nintendo Game Pokémon Art Academy - 3DS Game Pokemon Mystery Dungeon Exp. Sky - DS Game Pokemon Battle Revolution Wii Game Pokémon Sapphire GBA Livro - Pokémon - Vol.1 Game Pokemon Y + Poster Promocional Pokemon - 3DS Livro - Pokémon - Vol.3
			Igorando Pelo Filtro de Nome...
		Nome do Produto: Game - Pokémon Y - 3DS Game - Pokémon Omega Ruby - 3DS Pokémon Lata Power Trio Charizard - Ex Game - Pokémon Alpha Sapphire - 3DS Pokemon Xy - Booster Pokémon Lata Bw 1 Nac. Sneak-Peek Oshawott Game Pokémon Conquest - 3DS Game - Pokémon X - 3DS Livro - Pokémon - Vol. 04 Livro - Pokémon - Vol.2 Box Pokemon Charizard Ex Kit Acessórios Nintendo Pokémon Universal Hard p/ Nintendo DS - Nintendo Kit Acessório Pokémon Bda-Stylus p/ Nintendo DS - Nintendo Game Pokémon Art Academy - 3DS Game Pokemon Mystery Dungeon Exp. Sky - DS Game Pokemon Battle Revolution Wii Game Pokémon Sapphire GBA Livro - Pokémon - Vol.1 Game Pokemon Y + Poster Promocional Pokemon - 3DS Livro - Pokémon - Vol.3
			Igorando Pelo Filtro de Nome...
		Nome do Produto: Game - Pokémon Y - 3DS Game - Pokémon Omega Ruby - 3DS Pokémon Lata Power Trio Charizard - Ex Game - Pokémon Alpha Sapphire - 3DS Pokemon Xy - Booster Pokémon Lata Bw 1 Nac. Sneak-Peek Oshawott Game Pokémon Conquest - 3DS Game - Pokémon X - 3DS Livro - Pokémon - Vol. 04 Livro - Pokémon - Vol.2 Box Pokemon Charizard Ex Kit Acessórios Nintendo Pokémon Universal Hard p/ Nintendo DS - Nintendo Kit Acessório Pokémon Bda-Stylus p/ Nintendo DS - Nintendo Game Pokémon Art Academy - 3DS Game Pokemon Mystery Dungeon Exp. Sky - DS Game Pokemon Battle Revolution Wii Game Pokémon Sapphire GBA Livro - Pokémon - Vol.1 Game Pokemon Y + Poster Promocional Pokemon - 3DS Livro - Pokémon - Vol.3
			Igorando Pelo Filtro de Nome...
		Nome do Produto: Game - Pokémon Y - 3DS Game - Pokémon Omega Ruby - 3DS Pokémon Lata Power Trio Charizard - Ex Game - Pokémon Alpha Sapphire - 3DS Pokemon Xy - Booster Pokémon Lata Bw 1 Nac. Sneak-Peek Oshawott Game Pokémon Conquest - 3DS Game - Pokémon X - 3DS Livro - Pokémon - Vol. 04 Livro - Pokémon - Vol.2 Box Pokemon Charizard Ex Kit Acessórios Nintendo Pokémon Universal Hard p/ Nintendo DS - Nintendo Kit Acessório Pokémon Bda-Stylus p/ Nintendo DS - Nintendo Game Pokémon Art Academy - 3DS Game Pokemon Mystery Dungeon Exp. Sky - DS Game Pokemon Battle Revolution Wii Game Pokémon Sapphire GBA Livro - Pokémon - Vol.1 Game Pokemon Y + Poster Promocional Pokemon - 3DS Livro - Pokémon - Vol.3
			Igorando Pelo Filtro de Nome...
		Nome do Produto: Game - Pokémon Y - 3DS Game - Pokémon Omega Ruby - 3DS Pokémon Lata Power Trio Charizard - Ex Game - Pokémon Alpha Sapphire - 3DS Pokemon Xy - Booster Pokémon Lata Bw 1 Nac. Sneak-Peek Oshawott Game Pokémon Conquest - 3DS Game - Pokémon X - 3DS Livro - Pokémon - Vol. 04 Livro - Pokémon - Vol.2 Box Pokemon Charizard Ex Kit Acessórios Nintendo Pokémon Universal Hard p/ Nintendo DS - Nintendo Kit Acessório Pokémon Bda-Stylus p/ Nintendo DS - Nintendo Game Pokémon Art Academy - 3DS Game Pokemon Mystery Dungeon Exp. Sky - DS Game Pokemon Battle Revolution Wii Game Pokémon Sapphire GBA Livro - Pokémon - Vol.1 Game Pokemon Y + Poster Promocional Pokemon - 3DS Livro - Pokémon - Vol.3
			Igorando Pelo Filtro de Nome...
	Tempo Para buscar: 632
Loja: ShopB
	URL Principal: http://www.shopb.com.br/
	URL Busca: http://busca.shopb.com.br/?busca=<BUSCA>
http://busca.shopb.com.br/?busca=Pokemon+Black
		Documento Lido
		Resultados: 30
		Nome do Produto: Assassins Creed IV Black Flag - PS3
			Igorando Pelo Filtro de Nome...
		Nome do Produto: Assassins Creed IV Black Flag - PS4
			Igorando Pelo Filtro de Nome...
		Nome do Produto: Assassins Creed IV Black Flag - XBOX 360
			Igorando Pelo Filtro de Nome...
		Nome do Produto: Assassins Creed IV Black Flag - XBOX ONE
			Igorando Pelo Filtro de Nome...
		Nome do Produto: Assassins Creed IV Black Flag: Signature Edition - XBOX ONE
			Igorando Pelo Filtro de Nome...
		Nome do Produto: Assassins Creed IV: Black Flag Limited Edition - PS3
			Igorando Pelo Filtro de Nome...
		Nome do Produto: Assassins Creed IV: Black Flag Limited Edition - XBOX 360
			Igorando Pelo Filtro de Nome...
		Nome do Produto: Assassins Creed IV: Black Flag Limited Edition - XBOX ONE
			Igorando Pelo Filtro de Nome...
		Nome do Produto: Bolsa p/ Amiibo Trio Case - Hori
			Igorando Pelo Filtro de Nome...
		Nome do Produto: Bolsa p/ PS3 Slim
			Igorando Pelo Filtro de Nome...
		Nome do Produto: Bolsa p/ XBOX Slim
			Igorando Pelo Filtro de Nome...
		Nome do Produto: Call of Duty Black Ops 2 - Wii U
			Igorando Pelo Filtro de Nome...
		Nome do Produto: Call of Duty Black Ops 2: Hardened Edition - PS3
			Igorando Pelo Filtro de Nome...
		Nome do Produto: Call of Duty Black Ops 2: Hardened Edition - XBOX 360
			Igorando Pelo Filtro de Nome...
		Nome do Produto: Call of Duty: Black Ops - DS
			Igorando Pelo Filtro de Nome...
		Nome do Produto: Call of Duty: Black Ops - PS3
			Igorando Pelo Filtro de Nome...
		Nome do Produto: Call of Duty: Black Ops - PS3 [Europeu]
			Igorando Pelo Filtro de Nome...
		Nome do Produto: Call of Duty: Black Ops - XBOX 360
			Igorando Pelo Filtro de Nome...
		Nome do Produto: Controle Wireless Black Piano + Play n Charge para Controle - XBOX ONE
			Igorando Pelo Filtro de Nome...
		Nome do Produto: Controle XBOX - Wireless - Black Piano
			Igorando Pelo Filtro de Nome...
		Nome do Produto: Controle XBOX ONE - Black Piano - Wireless
			Igorando Pelo Filtro de Nome...
		Nome do Produto: Controle XBOX ONE Black Piano Wireless + Killer Instinct
			Igorando Pelo Filtro de Nome...
		Nome do Produto: Dark Souls II: Black Armor Edition - XBOX 360
			Igorando Pelo Filtro de Nome...
		Nome do Produto: Fonte de Alimentação 250W - BlueCase
			Igorando Pelo Filtro de Nome...
		Nome do Produto: Fonte de Alimentação 500W - BlueCase
			Igorando Pelo Filtro de Nome...
		Nome do Produto: Gabinete Black Box Series BX1-4237 v2.2- Sentey
			Igorando Pelo Filtro de Nome...
		Nome do Produto: Grid AutoSport: Black Edition - PS3
			Igorando Pelo Filtro de Nome...
		Nome do Produto: Grid AutoSport: Black Edition - XBOX 360
			Igorando Pelo Filtro de Nome...
		Nome do Produto: Men In Black Alien Crisis - PS3
			Igorando Pelo Filtro de Nome...
		Nome do Produto: Mochila Preta - Integris
			Igorando Pelo Filtro de Nome...
	Tempo Para buscar: 840
Loja: Submarino
	URL Principal: http://www.submarino.com.br/
	URL Busca: http://busca.submarino.com.br/busca.php?q=<BUSCA>
http://busca.submarino.com.br/busca.php?q=Pokemon+Black
		Documento Lido
		Resultados: 2
		Nome do Produto: Pokémon Black - Nintendo
			Igorando Pelo Filtro de Nome...
		Nome do Produto: Game Pokemon Black Version 2 - DS
http://busca.submarino.com.br/produto.php?link=http://www.submarino.com.br/produto/112883995/game-pokemon-black-version-2-ds&ranking=2&sessao=U70M7KC1HES47&idbusca=0e9bfcc0ce029e02585fe56467ba123745616012&idproduto=112883995
		Acessando URL do produto.
	Tempo Para buscar: 1681
Loja: Walmart
	URL Principal: http://www.walmart.com.br/
	URL Busca: http://www.walmart.com.br/busca/?ft=<BUSCA>&PS=20
http://www.walmart.com.br/busca/?ft=Pokemon+Black&PS=20
		Documento Lido
		Resultados: 7
		Nome do Produto: Super Pokémon Pop-up - Black Kyurem
			Igorando Pelo Filtro de Nome...
		Nome do Produto: Pokémon Mini-sticker Book - Black Edition
			Igorando Pelo Filtro de Nome...
		Nome do Produto: Jogo Nintendo DS Pokémon Black
			Igorando Pelo Filtro de Nome...
		Nome do Produto: Pokemon Black Version 2 DS
http://www.walmart.com.br//produto/Games/Jogos-para-Nintendo-DS/Nintendo/2373659m-pokemon_black_version_2_ds
		Acessando URL do produto.
		Nome do Produto: Pokémon-Lata Black e White Oshawott Copag 210B
			Igorando Pelo Filtro de Nome...
		Nome do Produto: Pokémon-Lata Black e White Snivy Copag 210
			Igorando Pelo Filtro de Nome...
		Nome do Produto: Pokémon-Lata Black e White Tepig Copag 210A
			Igorando Pelo Filtro de Nome...
	Tempo Para buscar: 2063

File copied from C:\java\workspace Estudo\lookforprices\resources\imports\css.css to C:\java\workspace Estudo\lookforprices\reports\2015-05-04 11\css.css
File copied from C:\java\workspace Estudo\lookforprices\resources\imports\jquery.js to C:\java\workspace Estudo\lookforprices\reports\2015-05-04 11\jquery.js
File copied from C:\java\workspace Estudo\lookforprices\resources\imports\scripts.js to C:\java\workspace Estudo\lookforprices\reports\2015-05-04 11\scripts.js
Tempo total de execução: 104935
