Game: Star fox 64
Loja: Nintendo eShop
	URL Principal: http://www.nintendo.com/3ds/eshop
	URL Busca: http://www.nintendo.com/json/content/get/game/filter?&&&&qterm=<BUSCA>
NintendoEShopSearch.search() http://www.nintendo.com/json/content/get/game/filter?&&&&qterm=Star+fox+64
		Documento Lido
		Resultados: 3
		Nome do Produto: Star Fox 64 3D
http://www.nintendo.com/games/detail/0j1gpK8X4abgC1PE17H7K9PGo5ehd1QR
		Acessando URL do produto.
URL = http://www.nintendo.com/games/detail/0j1gpK8X4abgC1PE17H7K9PGo5ehd1QR
		Nome do Produto: Rock Band 2
			Igorando Pelo Filtro de Nome...
		Nome do Produto: Star Fox 64
http://www.nintendo.com/games/detail/D8mJHx13Obly-Le1Pvg4tzvMncaVfRmZ
		Acessando URL do produto.
URL = http://www.nintendo.com/games/detail/D8mJHx13Obly-Le1Pvg4tzvMncaVfRmZ
	Tempo Para buscar: 1909
Loja: Americanas
	URL Principal: http://www.americanas.com.br/
	URL Busca: http://busca.americanas.com.br/busca.php?q=<BUSCA>
http://busca.americanas.com.br/busca.php?q=Star+fox+64
		Documento Lido
		Resultados: 30
		Nome do Produto: Blu-ray Coleção Star Wars: A Saga Completa (9 Discos)
			Igorando Pelo Filtro de Nome...
		Nome do Produto: Star Wars Anakin Skywalker Black Series 12 - Hasbro
			Igorando Pelo Filtro de Nome...
		Nome do Produto: Conjunto de Mesa de Jantar Canto Alemanha Tabaco/Suede Canela + Cadeira Star - Viero Móveis
			Igorando Pelo Filtro de Nome...
		Nome do Produto: Sabre de Luz Color Change Star Wars - Hasbro
			Igorando Pelo Filtro de Nome...
		Nome do Produto: Conjunto de Mesa de Jantar Canto Alemanha Avelã/Floral Cravo + Cadeira Star - Viero Móveis
			Igorando Pelo Filtro de Nome...
		Nome do Produto: Star Wars - Zuckuss - Piziitoys
			Igorando Pelo Filtro de Nome...
		Nome do Produto: Star Wars Republic Gunship to Clone Pilot - Hasbro
			Igorando Pelo Filtro de Nome...
		Nome do Produto: Star Wars Gal Grievous to Griev. Starfighter - Hasbro
			Igorando Pelo Filtro de Nome...
		Nome do Produto: Star Wars Fightpod Propulsor com 4 Figuras A0693/A0694 - Hasbro
			Igorando Pelo Filtro de Nome...
		Nome do Produto: Star Wars Veículo Class Li - Hasbro
			Igorando Pelo Filtro de Nome...
		Nome do Produto: Star Wars Command Epic Assault Pack - Hasbro
			Igorando Pelo Filtro de Nome...
		Nome do Produto: Star Wars Lanterna Chewbacca - DTC
			Igorando Pelo Filtro de Nome...
		Nome do Produto: Star Wars Command - Hasbro
			Igorando Pelo Filtro de Nome...
		Nome do Produto: Boneco Star Wars Fighter Pods Sortidos - Hasbro
			Igorando Pelo Filtro de Nome...
		Nome do Produto: Máscara Eletrônica Darth Vader A3231 - Hasbro
			Igorando Pelo Filtro de Nome...
		Nome do Produto: Stars In The Sky
			Igorando Pelo Filtro de Nome...
		Nome do Produto: Stars Of Fate Starflakes
			Igorando Pelo Filtro de Nome...
		Nome do Produto: Stars And Atoms
			Igorando Pelo Filtro de Nome...
		Nome do Produto: Stars And Angels
			Igorando Pelo Filtro de Nome...
		Nome do Produto: Boneco Star Wars 12'' Anakin Skywalker A0865/A0866 - Hasbro
			Igorando Pelo Filtro de Nome...
		Nome do Produto: Conjunto Star Wars Command Versus Arena Assault Hasbro
			Igorando Pelo Filtro de Nome...
		Nome do Produto: Conjunto Star Wars Command Jungle Attack Hasbro
			Igorando Pelo Filtro de Nome...
		Nome do Produto: Conjunto Star Wars Command Rebels Jedi Duel Hasbro
			Igorando Pelo Filtro de Nome...
		Nome do Produto: Veículo Star Wars Hero Series X-Wing Fightering Hasbro
			Igorando Pelo Filtro de Nome...
		Nome do Produto: Coleção Dvd Star Wars - A Saga Completa (6 discos)
			Igorando Pelo Filtro de Nome...
		Nome do Produto: Boneco Star Wars Luke Skywalker Black Series 6" - Hasbro
			Igorando Pelo Filtro de Nome...
		Nome do Produto: Boneco Star Wars Obi-Wan Kenobi Black Series 6" - Hasbro
			Igorando Pelo Filtro de Nome...
		Nome do Produto: Stars And Scorpions (After Ede
			Igorando Pelo Filtro de Nome...
		Nome do Produto: Stars Of The Long Night
			Igorando Pelo Filtro de Nome...
		Nome do Produto: Stars In Her Eyes
			Igorando Pelo Filtro de Nome...
	Tempo Para buscar: 760
Loja: Big Boy Games
	URL Principal: http://www.bigboygames.com.br/
	URL Busca: http://www.bigboygames.com.br/pesquisa/?p=<BUSCA>
http://www.bigboygames.com.br/pesquisa/?p=Star+fox+64
		Documento Lido
		Resultados*: 1
		Acessando URL do produto.
	Tempo Para buscar: 1160
Loja: Casas Bahia
	URL Principal: http://www.casasbahia.com.br/
	URL Busca: http://buscas.casasbahia.com.br/search?w=<BUSCA>
http://buscas.casasbahia.com.br/search?w=Star+fox+64
		Documento Lido
		Resultados: 1
		Nome do Produto: Yellow Star
			Igorando Pelo Filtro de Nome...
		Nome do Produto: Fox
			Igorando Pelo Filtro de Nome...
		Nome do Produto: Fox
			Igorando Pelo Filtro de Nome...
		Nome do Produto: Star-Crossed
			Igorando Pelo Filtro de Nome...
		Nome do Produto: Foxe`s Book of Martyrs
			Igorando Pelo Filtro de Nome...
		Nome do Produto: Cabo firewire retrátil 6-4
			Igorando Pelo Filtro de Nome...
		Nome do Produto: Pivotal Moments `64
			Igorando Pelo Filtro de Nome...
		Nome do Produto: Berço Peg-Pérego Prima Nanna IXBE5064AZC43 - Star Blue
			Igorando Pelo Filtro de Nome...
		Nome do Produto: ESSENZA REALE 64
			Igorando Pelo Filtro de Nome...
		Nome do Produto: Twentieth Century-Fox
			Igorando Pelo Filtro de Nome...
		Nome do Produto: Fat Fox
			Igorando Pelo Filtro de Nome...
		Nome do Produto: Fox Talk
			Igorando Pelo Filtro de Nome...
		Nome do Produto: Foxe Hunt
			Igorando Pelo Filtro de Nome...
		Nome do Produto: Foxe Tail
			Igorando Pelo Filtro de Nome...
		Nome do Produto: Foxe Fire
			Igorando Pelo Filtro de Nome...
		Nome do Produto: George Fox
			Igorando Pelo Filtro de Nome...
		Nome do Produto: Ben Fox
			Igorando Pelo Filtro de Nome...
		Nome do Produto: Criado-Mudo Infantil Barbie Star com Pedras Decorativas - Pura Magia
			Igorando Pelo Filtro de Nome...
		Nome do Produto: Criado Princesas Disney Star Infantil Licenciado - Pura Magia
			Igorando Pelo Filtro de Nome...
		Nome do Produto: Blu-Ray - Box Star Wars: A Saga Completa - Star Wars: The Complete Saga - 9 Discos
			Igorando Pelo Filtro de Nome...
	Tempo Para buscar: 2313
Loja: Extra
	URL Principal: http://www.extra.com.br/
	URL Busca: http://buscando.extra.com.br/search?w=<BUSCA>
http://buscando.extra.com.br/search?w=Star+fox+64
		Documento Lido
		Resultados: 12
		Nome do Produto: Yellow Star
			Igorando Pelo Filtro de Nome...
		Nome do Produto: Fox
			Igorando Pelo Filtro de Nome...
		Nome do Produto: Fox
			Igorando Pelo Filtro de Nome...
		Nome do Produto: Star-Crossed
			Igorando Pelo Filtro de Nome...
		Nome do Produto: Foxe`s Book of Martyrs
			Igorando Pelo Filtro de Nome...
		Nome do Produto: Cabo firewire retrátil 6-4
			Igorando Pelo Filtro de Nome...
		Nome do Produto: Pivotal Moments `64
			Igorando Pelo Filtro de Nome...
		Nome do Produto: ESSENZA REALE 64
			Igorando Pelo Filtro de Nome...
		Nome do Produto: Twentieth Century-Fox
			Igorando Pelo Filtro de Nome...
		Nome do Produto: Berço Peg-Pérego Prima Nanna IXBE5064AZC43 - Star Blue
			Igorando Pelo Filtro de Nome...
		Nome do Produto: Foxe Tail
			Igorando Pelo Filtro de Nome...
		Nome do Produto: Foxe Fire
			Igorando Pelo Filtro de Nome...
	Tempo Para buscar: 2228
Loja: E-Virtua
	URL Principal: http://www.evirtua.com.br/
	URL Busca: http://www.evirtua.com.br/Busca?search_department_id=0&SearchTerm=<BUSCA>
http://www.evirtua.com.br/Busca?search_department_id=0&SearchTerm=Star+fox+64
		Documento Lido
		Resultados: 0
	Tempo Para buscar: 167
Loja: Fast Games
	URL Principal: http://www.fastgames.com.br/
	URL Busca: http://www.fastgames.com.br/loja/busca.php?loja=187970&palavra_busca=<BUSCA>
http://www.fastgames.com.br/loja/busca.php?loja=187970&palavra_busca=Star+fox+64
		Documento Lido
		Resultados: 1
		Nome do Produto: Norton Internet Security (Para 1 Usuário) - PC
			Igorando Pelo Filtro de Nome...
	Tempo Para buscar: 1278
Loja: Fast Shop
	URL Principal: http://www.fastshop.com.br/loja/
	URL Busca: http://www.fastshop.com.br/webapp/wcs/stores/servlet/SearchDisplay?searchTerm=<BUSCA>&categoryId=&storeId=10151&catalogId=11052&langId=-6&pageSize=9&beginIndex=0&sType=SimpleSearch&resultCatEntryType=2&showResultsPage=true&searchSource=Q&pageView=&hotsite=fastshop
http://www.fastshop.com.br/webapp/wcs/stores/servlet/SearchDisplay?searchTerm=Star+fox+64&categoryId=&storeId=10151&catalogId=11052&langId=-6&pageSize=9&beginIndex=0&sType=SimpleSearch&resultCatEntryType=2&showResultsPage=true&searchSource=Q&pageView=&hotsite=fastshop
		Documento Lido
		Resultados: 0
	Tempo Para buscar: 631
Loja: FNAC
	URL Principal: http://www.fnac.com.br/index.html
	URL Busca: http://busca.fnac.com.br/?busca=<BUSCA>
http://busca.fnac.com.br/?busca=Star+fox+64
		Documento Lido
		Resultados: 20
		Nome do Produto: Câmera Superzoom, Nikon, Coolpix P530, Preta, 16.0 Mp,cmos, 3.0", Fixo, Filma em Full HD @ 30qps Com 42x Zoom, F/3.0-5.9, Ed Vr
			Igorando Pelo Filtro de Nome...
		Nome do Produto: Câmera Superzoom, Sony, Cyber-shot, Dsc-h400, 20.1mp, Ccd, 3.0'', Fixo, Filma em HD @ 30qps Com 63x Zoom, F/3.4-6.5
			Igorando Pelo Filtro de Nome...
		Nome do Produto: Câmera Compacta Zoom Nikon Coolpix S9500, Preta, 18.1 Mp Cmos, 3.0" Fixo, Filma em Fullhd @ 30qps, Com 22x Zoom, F/3.4-6.3, Ed Vr
			Igorando Pelo Filtro de Nome...
		Nome do Produto: Câmera Compacta Zoom Nikon Coolpix S9500, Vermelha, 18.1 Mp Cmos, 3.0" Fixo, Filma em Fullhd @ 30qps, Com 22x Zoom, F/3.4-6.3, Ed Vr
			Igorando Pelo Filtro de Nome...
		Nome do Produto: Breaking Bad - A Coleção Completa - Edição de Colecionador - Barril (17 DVDs)
			Igorando Pelo Filtro de Nome...
		Nome do Produto: Microsoft Windows Pro 8.1 32-bit/64-bit Brazilian Vup DVD
			Igorando Pelo Filtro de Nome...
		Nome do Produto: Medicina Interna de Harrison - 1 E 2
			Igorando Pelo Filtro de Nome...
		Nome do Produto: Box Bond 50 Anos Com Skyfall (blu-ray) (23 Discos)
			Igorando Pelo Filtro de Nome...
		Nome do Produto: Câmera Compacta, Nikon, Coolpix S5300, Preta, 16.0 Mp, Cmos, 3.0", Fixo, Filma em Full HD @ 30qps Com 8x, Zoom, F / 3.7-6.6 Vr
			Igorando Pelo Filtro de Nome...
		Nome do Produto: As Crônicas de Gelo E Fogo - Box Edição de Luxo
			Igorando Pelo Filtro de Nome...
		Nome do Produto: Nespresso Inissia Fuchsia Velvet 220v
			Igorando Pelo Filtro de Nome...
		Nome do Produto: Câmera Compacta, Nikon, Coolpix S3600, Vermelha, 20.0 Mp, Ccd, 2.7", Fixo, Filma em HD @ 30qps Com 8x, Zoom, F/3.7-6.6 Vr
			Igorando Pelo Filtro de Nome...
		Nome do Produto: Coleção 24 Horas - 1ª A 9ª Temporada + 24 Horas Redencao (53 DVDs)
			Igorando Pelo Filtro de Nome...
		Nome do Produto: Nespresso Inissia Fuchsia Velvet 110v
			Igorando Pelo Filtro de Nome...
		Nome do Produto: Microsoft Windows 8.1 32-bit/64-bit Brazilian Vup DVD
			Igorando Pelo Filtro de Nome...
		Nome do Produto: True Blood - 1ª A 7ª Temporada (33 DVDs)
			Igorando Pelo Filtro de Nome...
		Nome do Produto: Câmera Compacta, Nikon, Coolpix S3600, Rosa, 20.0 Mp, Ccd, 2.7", Fixo, Filma em HD @ 30qps Com 8x, Zoom, F/3.7-6.6 Vr
			Igorando Pelo Filtro de Nome...
		Nome do Produto: Braun Barbeador Cruzer 5 Face - Preto
			Igorando Pelo Filtro de Nome...
		Nome do Produto: Coleção Big Bang - A Teoria - 1ª A 7ª Temporada (22 DVDs)
			Igorando Pelo Filtro de Nome...
		Nome do Produto: The Vampire Diaries - 1ª A 5ª Temporada (25 DVDs)
			Igorando Pelo Filtro de Nome...
	Tempo Para buscar: 1086
Loja: Kabum
	URL Principal: http://www.kabum.com.br/
	URL Busca: http://www.kabum.com.br/cgi-local/site/listagem/listagem.cgi?string=<BUSCA>&btnG=
http://www.kabum.com.br/cgi-local/site/listagem/listagem.cgi?string=Star+fox+64&btnG=
		Documento Lido
		Resultados: 0
	Tempo Para buscar: 302
Loja: Livraria Cultura
	URL Principal: http://www.livrariacultura.com.br/
	URL Busca: http://www.livrariacultura.com.br/busca?N=0&Ntt=<BUSCA>
http://www.livrariacultura.com.br/busca?N=0&Ntt=Star+fox+64
		Documento Lido
		Resultados: 4
		Nome do Produto: GAME FREAKS 365'S NINTENDO 3DS GUIDE
			Igorando Pelo Filtro de Nome...
		Nome do Produto: GRIMM'S FAIRY TALES
			Igorando Pelo Filtro de Nome...
		Nome do Produto: GRIMM'S HOUSEHOLD TALES
			Igorando Pelo Filtro de Nome...
		Nome do Produto: GAME FREAKS 365'S NINTENDO 3DS GUIDE
			Igorando Pelo Filtro de Nome...
	Tempo Para buscar: 358
Loja: Magazine Luiza
	URL Principal: http://www.magazineluiza.com.br/
	URL Busca: http://www.magazineluiza.com.br/busca/<BUSCA>/
http://www.magazineluiza.com.br/busca/Star+fox+64/
java.net.SocketTimeoutException: Read timed out
	at java.net.SocketInputStream.socketRead0(Native Method)
	at java.net.SocketInputStream.socketRead(Unknown Source)
	at java.net.SocketInputStream.read(Unknown Source)
	at java.net.SocketInputStream.read(Unknown Source)
	at java.io.BufferedInputStream.fill(Unknown Source)
	at java.io.BufferedInputStream.read1(Unknown Source)
	at java.io.BufferedInputStream.read(Unknown Source)
	at sun.net.www.http.HttpClient.parseHTTPHeader(Unknown Source)
	at sun.net.www.http.HttpClient.parseHTTP(Unknown Source)
	at sun.net.www.protocol.http.HttpURLConnection.getInputStream0(Unknown Source)
	at sun.net.www.protocol.http.HttpURLConnection.getInputStream(Unknown Source)
	at java.net.HttpURLConnection.getResponseCode(Unknown Source)
	at org.jsoup.helper.HttpConnection$Response.execute(HttpConnection.java:453)
	at org.jsoup.helper.HttpConnection$Response.execute(HttpConnection.java:434)
	at org.jsoup.helper.HttpConnection.execute(HttpConnection.java:181)
	at org.jsoup.helper.HttpConnection.get(HttpConnection.java:170)
	at comom.Util.readUrlDocument(Util.java:94)
	at interfaces.search.MagazineLuizaSearch.readResults(MagazineLuizaSearch.java:92)
	at interfaces.search.MagazineLuizaSearch.search(MagazineLuizaSearch.java:30)
	at objects.Shop.searchProduct(Shop.java:33)
	at Main.generateHtlReport(Main.java:88)
	at Main.main(Main.java:59)
Tentando conectar Na Url de outro modo
java.io.IOException: Server returned HTTP response code: 500 for URL: http://www.magazineluiza.com.br/busca/Star+fox+64/
	at sun.net.www.protocol.http.HttpURLConnection.getInputStream0(Unknown Source)
	at sun.net.www.protocol.http.HttpURLConnection.getInputStream(Unknown Source)
	at comom.Util.getPageBuffer(Util.java:138)
	at comom.Util.readUrl(Util.java:106)
	at comom.Util.readUrlDocument(Util.java:98)
	at interfaces.search.MagazineLuizaSearch.readResults(MagazineLuizaSearch.java:92)
	at interfaces.search.MagazineLuizaSearch.search(MagazineLuizaSearch.java:30)
	at objects.Shop.searchProduct(Shop.java:33)
	at Main.generateHtlReport(Main.java:88)
	at Main.main(Main.java:59)
		Documento Lido
		Resultados: 0
	Tempo Para buscar: 73261
Loja: Mula Games
	URL Principal: http://www.mulagames.com.br/
	URL Busca: http://www.mulagames.com.br/produtos-index/catalogo_produtos/-/-/<BUSCA>/-/-/-/-/-/
http://www.mulagames.com.br/produtos-index/catalogo_produtos/-/-/Star%20fox%2064/-/-/-/-/-/
		Documento Lido
		Resultados: 1
		Nome do Produto: Star Fox 64 3D - 3DS
http://www.mulagames.com.br/Star-Fox-64-3D-3DS/prod-457576/
		Acessando URL do produto.
http://www.mulagames.com.br/produto-ajax_retorna_dados_preco_comprar/457576
		Acessando URL do preço produto.
	Tempo Para buscar: 2301
Loja: Net Shoes
	URL Principal: http://www.netshoes.com.br/
	URL Busca: http://www.netshoes.com.br/search?Ntt=<BUSCA>
http://www.netshoes.com.br/search?Ntt=Star+fox+64
		Documento Lido
		Resultados: 60
		Nome do Produto: Kit 100% Whey Gold Standard 2 Lbs - Optimum Nutrition + GammaBlack 64 Cáps - Midway
			Igorando Pelo Filtro de Nome...
		Nome do Produto: Kit 100% Whey Gold Standard 2 Lbs - Optimum Nutrition + GammaBlack 64 Cáps - Midway
			Igorando Pelo Filtro de Nome...
		Nome do Produto: Tênis Converse ALL STAR CT AS Core Ox Infantil
			Igorando Pelo Filtro de Nome...
		Nome do Produto: Kit 100% Whey Gold Standard 2 Lbs - Optimum Nutrition + GammaBlack 64 Cáps - Midway
			Igorando Pelo Filtro de Nome...
		Nome do Produto: Tênis Converse All Star Skidgrip CVO OX
			Igorando Pelo Filtro de Nome...
		Nome do Produto: Tênis Converse All Star Skidgrip CVO Chambray OX
			Igorando Pelo Filtro de Nome...
		Nome do Produto: Tênis Converse All Star CT AS Dainty Leather OX
			Igorando Pelo Filtro de Nome...
		Nome do Produto: Tênis Converse All Star CT AS HI
			Igorando Pelo Filtro de Nome...
		Nome do Produto: Tênis Converse All Star Skidgrip CVO Chambray OX
			Igorando Pelo Filtro de Nome...
		Nome do Produto: Tênis Converse ALL STAR European OX
			Igorando Pelo Filtro de Nome...
		Nome do Produto: Tênis Converse All Star CT AS Dainty Leather OX
			Igorando Pelo Filtro de Nome...
		Nome do Produto: Tênis Adidas Star Foun CF Infantil
			Igorando Pelo Filtro de Nome...
		Nome do Produto: Tênis Converse ALL STAR CT AS Dainty OX
			Igorando Pelo Filtro de Nome...
		Nome do Produto: Tênis Converse ALL STAR CT AS Core Ox Infantil
			Igorando Pelo Filtro de Nome...
		Nome do Produto: Tênis Converse ALL STAR CT AS Core Ox Infantil
			Igorando Pelo Filtro de Nome...
		Nome do Produto: Tênis Converse ALL STAR Core HI Infantil
			Igorando Pelo Filtro de Nome...
		Nome do Produto: Tênis Converse ALL STAR Core HI Infantil
			Igorando Pelo Filtro de Nome...
		Nome do Produto: Tênis Converse All Star Skidgrip CVO OX
			Igorando Pelo Filtro de Nome...
		Nome do Produto: Tênis Converse All Star Skidgrip CVO OX
			Igorando Pelo Filtro de Nome...
		Nome do Produto: Tênis Converse ALL STAR CT AS Core OX Infantil
			Igorando Pelo Filtro de Nome...
		Nome do Produto: Tênis Converse ALL STAR CT AS Monochrome OX
			Igorando Pelo Filtro de Nome...
		Nome do Produto: Tênis Converse ALL STAR CT AS Core OX
			Igorando Pelo Filtro de Nome...
		Nome do Produto: Tênis Converse ALL STAR Skidgrip EV
			Igorando Pelo Filtro de Nome...
		Nome do Produto: Tênis Converse All Star CT AS Monochrome X-Hi
			Igorando Pelo Filtro de Nome...
		Nome do Produto: Tênis Adidas Star Foun CF Infantil
			Igorando Pelo Filtro de Nome...
		Nome do Produto: Tênis Converse ALL STAR CT AS Core Ox Infantil
			Igorando Pelo Filtro de Nome...
		Nome do Produto: Tênis Adidas Star Foundation CF Infantil
			Igorando Pelo Filtro de Nome...
		Nome do Produto: Tênis Converse ALL STAR Core HI Infantil
			Igorando Pelo Filtro de Nome...
		Nome do Produto: Tênis Converse All Star CT AS Seasonal OX
			Igorando Pelo Filtro de Nome...
		Nome do Produto: Tênis Converse All Star CT AS Seasonal OX
			Igorando Pelo Filtro de Nome...
		Nome do Produto: Tênis Converse ALL STAR CT AS Core OX
			Igorando Pelo Filtro de Nome...
		Nome do Produto: Tênis Converse All Star CT AS Seasonal OX
			Igorando Pelo Filtro de Nome...
		Nome do Produto: Tênis Converse All Star CT AS Malden OX Infantil
			Igorando Pelo Filtro de Nome...
		Nome do Produto: Tênis Converse ALL STAR Skidgrip EV
			Igorando Pelo Filtro de Nome...
		Nome do Produto: Tênis Converse ALL STAR CT AS HI
			Igorando Pelo Filtro de Nome...
		Nome do Produto: Tênis Converse All Star CT AS HI
			Igorando Pelo Filtro de Nome...
		Nome do Produto: Simulador de Caminhada Star Fitness + Abdominal
			Igorando Pelo Filtro de Nome...
		Nome do Produto: Tênis Converse ALL STAR Core HI Infantil
			Igorando Pelo Filtro de Nome...
		Nome do Produto: Tênis Adidas Essential Star
			Igorando Pelo Filtro de Nome...
		Nome do Produto: Tênis Converse ALL STAR Core HI Infantil
			Igorando Pelo Filtro de Nome...
		Nome do Produto: Tênis Converse All Star CT AS Seasonal OX
			Igorando Pelo Filtro de Nome...
		Nome do Produto: Tênis Adidas Star Foundation CF Infantil
			Igorando Pelo Filtro de Nome...
		Nome do Produto: Tênis Converse All Star Skidgrip CVO Canvas OX Infantil
			Igorando Pelo Filtro de Nome...
		Nome do Produto: Tênis Converse All Star CT AS Seasonal OX
			Igorando Pelo Filtro de Nome...
		Nome do Produto: Tênis Adidas Star Found Juvenil
			Igorando Pelo Filtro de Nome...
		Nome do Produto: Tênis Converse All Star Skidgrip CVO Canvas OX Infantil
			Igorando Pelo Filtro de Nome...
		Nome do Produto: Jaqueta Adidas Star TT
			Igorando Pelo Filtro de Nome...
		Nome do Produto: Tênis Converse ALL STAR Skidgrip EV
			Igorando Pelo Filtro de Nome...
		Nome do Produto: Tênis Converse All Star Skidgrip Two Colors Ev
			Igorando Pelo Filtro de Nome...
		Nome do Produto: Tênis Converse ALL STAR CT AS Dainty OX
			Igorando Pelo Filtro de Nome...
		Nome do Produto: Tênis Converse ALL STAR CT AS Core 2V Infantil
			Igorando Pelo Filtro de Nome...
		Nome do Produto: Tênis Converse ALL STAR CT AS Core 2V Infantil
			Igorando Pelo Filtro de Nome...
		Nome do Produto: Tênis Converse ALL STAR CT AS Core OX Infantil
			Igorando Pelo Filtro de Nome...
		Nome do Produto: Tênis Converse All Star Skidgrip CVO Canvas OX Infantil
			Igorando Pelo Filtro de Nome...
		Nome do Produto: Jaqueta Adidas Star TT
			Igorando Pelo Filtro de Nome...
		Nome do Produto: Agasalho Adidas 1 Star Wars DV TS Infantil
			Igorando Pelo Filtro de Nome...
		Nome do Produto: Tênis Converse ALL STAR CT AS Dainty OX
			Igorando Pelo Filtro de Nome...
		Nome do Produto: Boné Adidas Star Wars Infantil
			Igorando Pelo Filtro de Nome...
		Nome do Produto: Tênis Converse All Star Player EV OX
			Igorando Pelo Filtro de Nome...
		Nome do Produto: Tênis Reebok Fox Run
			Igorando Pelo Filtro de Nome...
	Tempo Para buscar: 633
Loja: Ponto Frio
	URL Principal: http://www.pontofrio.com.br/
	URL Busca: http://search.pontofrio.com.br/search?w=<BUSCA>
http://search.pontofrio.com.br/search?w=Star+fox+64
		Documento Lido
		Resultados: 1
		Nome do Produto: Yellow Star
			Igorando Pelo Filtro de Nome...
		Nome do Produto: Fox
			Igorando Pelo Filtro de Nome...
		Nome do Produto: Fox
			Igorando Pelo Filtro de Nome...
		Nome do Produto: Star-Crossed
			Igorando Pelo Filtro de Nome...
		Nome do Produto: Foxe`s Book of Martyrs
			Igorando Pelo Filtro de Nome...
		Nome do Produto: Cabo firewire retrátil 6-4
			Igorando Pelo Filtro de Nome...
		Nome do Produto: Pivotal Moments `64
			Igorando Pelo Filtro de Nome...
		Nome do Produto: ESSENZA REALE 64
			Igorando Pelo Filtro de Nome...
		Nome do Produto: Twentieth Century-Fox
			Igorando Pelo Filtro de Nome...
		Nome do Produto: Fat Fox
			Igorando Pelo Filtro de Nome...
		Nome do Produto: Fox Talk
			Igorando Pelo Filtro de Nome...
		Nome do Produto: Foxe Tail
			Igorando Pelo Filtro de Nome...
		Nome do Produto: Foxe Hunt
			Igorando Pelo Filtro de Nome...
		Nome do Produto: Foxe Fire
			Igorando Pelo Filtro de Nome...
		Nome do Produto: George Fox
			Igorando Pelo Filtro de Nome...
		Nome do Produto: Ben Fox
			Igorando Pelo Filtro de Nome...
		Nome do Produto: Criado-Mudo Infantil Barbie Star com Pedras Decorativas - Pura Magia
			Igorando Pelo Filtro de Nome...
		Nome do Produto: Criado Princesas Disney Star Infantil Licenciado - Pura Magia
			Igorando Pelo Filtro de Nome...
		Nome do Produto: Berço Peg-Pérego Prima Nanna IXBE5064AZC43 - Star Blue
			Igorando Pelo Filtro de Nome...
		Nome do Produto: Capacete Para Bike Nutcase Star Bright Street Ntg2-2012
			Igorando Pelo Filtro de Nome...
		Nome do Produto: Yellow Star
			Igorando Pelo Filtro de Nome...
		Nome do Produto: Fox
			Igorando Pelo Filtro de Nome...
		Nome do Produto: Fox
			Igorando Pelo Filtro de Nome...
		Nome do Produto: Star-Crossed
			Igorando Pelo Filtro de Nome...
		Nome do Produto: Foxe`s Book of Martyrs
			Igorando Pelo Filtro de Nome...
		Nome do Produto: Cabo firewire retrátil 6-4
			Igorando Pelo Filtro de Nome...
		Nome do Produto: Pivotal Moments `64
			Igorando Pelo Filtro de Nome...
		Nome do Produto: ESSENZA REALE 64
			Igorando Pelo Filtro de Nome...
		Nome do Produto: Twentieth Century-Fox
			Igorando Pelo Filtro de Nome...
		Nome do Produto: Fat Fox
			Igorando Pelo Filtro de Nome...
		Nome do Produto: Fox Talk
			Igorando Pelo Filtro de Nome...
		Nome do Produto: Foxe Tail
			Igorando Pelo Filtro de Nome...
		Nome do Produto: Foxe Hunt
			Igorando Pelo Filtro de Nome...
		Nome do Produto: Foxe Fire
			Igorando Pelo Filtro de Nome...
		Nome do Produto: George Fox
			Igorando Pelo Filtro de Nome...
		Nome do Produto: Ben Fox
			Igorando Pelo Filtro de Nome...
		Nome do Produto: Criado-Mudo Infantil Barbie Star com Pedras Decorativas - Pura Magia
			Igorando Pelo Filtro de Nome...
		Nome do Produto: Criado Princesas Disney Star Infantil Licenciado - Pura Magia
			Igorando Pelo Filtro de Nome...
		Nome do Produto: Berço Peg-Pérego Prima Nanna IXBE5064AZC43 - Star Blue
			Igorando Pelo Filtro de Nome...
		Nome do Produto: Capacete Para Bike Nutcase Star Bright Street Ntg2-2012
			Igorando Pelo Filtro de Nome...
	Tempo Para buscar: 2132
Loja: Ricardo Eletro
	URL Principal: http://www.ricardoeletro.com.br/
	URL Busca: http://www.ricardoeletro.com.br/Busca/Resultado/?q=<BUSCA>
http://www.ricardoeletro.com.br/Busca/Resultado/?q=Star+fox+64
		Documento Lido
		Resultados: 24
		Nome do Produto: Relogio Feminino All Star Quartzo Analogico Branco/Prata, Pulseira De Couro Sintetico, Caixa De 40mm - As58114 + Óculos All Star
			Igorando Pelo Filtro de Nome...
		Nome do Produto: 75053 LEGO Star Wars - The Ghost™
			Igorando Pelo Filtro de Nome...
		Nome do Produto: Relogio Feminino All Star Quartzo Analogico Marron/Prata, Pulseira De Plastico, Caixa De 40mm - As581451 + Óculos All Star
			Igorando Pelo Filtro de Nome...
		Nome do Produto: Relogio Unisex All Star Quartzo Analogico Branco/Prata, Pulseira De Plastico, Caixa De 40mm - As581431 + Óculos All Star
			Igorando Pelo Filtro de Nome...
		Nome do Produto: Relogio Feminino All Star Quartzo Analogico Branco, Pulseira De Plastico, Caixa De 40mm - As58103 + Óculos All Star
			Igorando Pelo Filtro de Nome...
		Nome do Produto: Colchonete Star Fitness Verde - Sport e Camping
			Igorando Pelo Filtro de Nome...
		Nome do Produto: Relogio Feminino All Star Quartzo Analogico Azul/Prata, Pulseira De Plastico, Caixa De 40mm - As581371 + Óculos All Star
			Igorando Pelo Filtro de Nome...
		Nome do Produto: Aparelho Abdominal Super Star - Sport Camping
			Igorando Pelo Filtro de Nome...
		Nome do Produto: Relogio Unisex All Star Quartzo Analogico Azul, Pulseira De Couro Sintetico, Caixa De 40mm - As58107 + Óculos All Star
			Igorando Pelo Filtro de Nome...
		Nome do Produto: Colchonete Star Fitness Azul - Sport e Camping
			Igorando Pelo Filtro de Nome...
		Nome do Produto: Relogio Unisex All Star Quartzo Analogico Branco, Pulseira De Plastico, Caixa De 40mm - As581534 + Óculos All Star
			Igorando Pelo Filtro de Nome...
		Nome do Produto: 75050 LEGO Star Wars - B-Wing™
			Igorando Pelo Filtro de Nome...
		Nome do Produto: Relogio Unisex All Star Quartzo Analogico Branco, Pulseira De Plastico, Caixa De 40mm - As58135 + Óculos All Star
			Igorando Pelo Filtro de Nome...
		Nome do Produto: Relogio Unisex All Star Quartzo Analogico Azul, Pulseira De Plastico, Caixa De 40mm - As581676 + Óculos All Star
			Igorando Pelo Filtro de Nome...
		Nome do Produto: 75034 LEGO Star Wars - Death Star™ Troopers™
			Igorando Pelo Filtro de Nome...
		Nome do Produto: Playset Star Wars Commander - Nave Star Destroyer - Hasbro
			Igorando Pelo Filtro de Nome...
		Nome do Produto: Relogio Feminino All Star Quartzo Analogico Rosa, Pulseira De Plastico, Caixa De 40mm - As58101 + Óculos All Star
			Igorando Pelo Filtro de Nome...
		Nome do Produto: Mini Prancha Star Board - Sport e Camping
			Igorando Pelo Filtro de Nome...
		Nome do Produto: Relogio Feminino All Star Quartzo Analogico Vermelho, Pulseira De Plastico, Caixa De 40mm - As58104 + Óculos All Star
			Igorando Pelo Filtro de Nome...
		Nome do Produto: Relogio Unisex All Star Quartzo Analogico Vermelho, Pulseira De Plastico, Caixa De 40mm - As581673 + Óculos All Star
			Igorando Pelo Filtro de Nome...
		Nome do Produto: 75033 LEGO Star Wars - Star Destroyer™
			Igorando Pelo Filtro de Nome...
		Nome do Produto: 75029 LEGO Star Wars - AAT™
			Igorando Pelo Filtro de Nome...
		Nome do Produto: My style super star
			Igorando Pelo Filtro de Nome...
		Nome do Produto: My style star
			Igorando Pelo Filtro de Nome...
	Tempo Para buscar: 1586
Loja: RiHappy
	URL Principal: http://www.rihappy.com.br/
	URL Busca: http://www.rihappy.com.br/<BUSCA>
http://www.rihappy.com.br/Star%20fox%2064
		Documento Lido
		Resultados: 0
	Tempo Para buscar: 1125
Loja: Saraiva
	URL Principal: http://www.saraiva.com.br/
	URL Busca: http://busca.saraiva.com.br/search?w=<BUSCA>&PAC_ID=129457&ts=ajax
http://busca.saraiva.com.br/search?w=Star+fox+64&PAC_ID=129457&ts=ajax
		Documento Lido
		Resultados: 30
		Nome do Produto: 64
			Igorando Pelo Filtro de Nome...
		Nome do Produto: Foxes
			Igorando Pelo Filtro de Nome...
		Nome do Produto: Foxes
			Igorando Pelo Filtro de Nome...
		Nome do Produto: Foxes
			Igorando Pelo Filtro de Nome...
		Nome do Produto: Fox
			Igorando Pelo Filtro de Nome...
		Nome do Produto: Fox
			Igorando Pelo Filtro de Nome...
		Nome do Produto: Foxes
			Igorando Pelo Filtro de Nome...
		Nome do Produto: Fox
			Igorando Pelo Filtro de Nome...
		Nome do Produto: Foxes
			Igorando Pelo Filtro de Nome...
		Nome do Produto: Foxes
			Igorando Pelo Filtro de Nome...
		Nome do Produto: Fox
			Igorando Pelo Filtro de Nome...
		Nome do Produto: Fox
			Igorando Pelo Filtro de Nome...
		Nome do Produto: Fox
			Igorando Pelo Filtro de Nome...
		Nome do Produto: Fox
			Igorando Pelo Filtro de Nome...
		Nome do Produto: Foxes
			Igorando Pelo Filtro de Nome...
		Nome do Produto: Star Style
			Igorando Pelo Filtro de Nome...
		Nome do Produto: Sweet Hearts: Star Crossed
			Igorando Pelo Filtro de Nome...
		Nome do Produto: All Star Comics
			Igorando Pelo Filtro de Nome...
		Nome do Produto: All Star Comics
			Igorando Pelo Filtro de Nome...
		Nome do Produto: All Star Comics
			Igorando Pelo Filtro de Nome...
		Nome do Produto: All Star Archives
			Igorando Pelo Filtro de Nome...
		Nome do Produto: All Star Comics
			Igorando Pelo Filtro de Nome...
		Nome do Produto: Julie Andrews - A Estrela - Fox Classics - DVD
			Igorando Pelo Filtro de Nome...
		Nome do Produto: Star
			Igorando Pelo Filtro de Nome...
		Nome do Produto: Star
			Igorando Pelo Filtro de Nome...
		Nome do Produto: Star
			Igorando Pelo Filtro de Nome...
		Nome do Produto: Star
			Igorando Pelo Filtro de Nome...
		Nome do Produto: Star
			Igorando Pelo Filtro de Nome...
		Nome do Produto: Star-Crossed
			Igorando Pelo Filtro de Nome...
		Nome do Produto: Star
			Igorando Pelo Filtro de Nome...
	Tempo Para buscar: 563
Loja: Shop Facil
	URL Principal: http://ww2.shopfacil.com.br/
	URL Busca: http://ww2.shopfacil.com.br/<BUSCA>
http://ww2.shopfacil.com.br/Star%20fox%2064
		Documento Lido
		Resultados: 0
	Tempo Para buscar: 1119
Loja: Shop Time
	URL Principal: http://www.shoptime.com.br/
	URL Busca: http://busca.shoptime.com.br/busca.php?q=<BUSCA>
http://busca.shoptime.com.br/busca.php?q=Star+fox+64
		Documento Lido
		Resultados: 20
		Nome do Produto: Conjunto de Mesa de Jantar Canto Alemanha Tabaco/Suede Canela + Cadeira... Conjunto de Mesa de Jantar Canto Alemanha Avelã/Floral Cravo + Cadeira... Stars In The Sky Stars Of Fate Starflakes Stars And Atoms Stars And Angels Stars And Scorpions (After Ede Stars Of The Long Night Stars In Her Eyes Stars And Sand - Jewish Notes Star Wars-Sabre De Luz Ultimate Fx Obi-Wan Kenobi Hasbro A0861 Star Wars-Figura Black Series Jabba Hasbro A8157 Star Trek Star Surgeon Star Trek Star-Spangled Men Star Crossed Star Haven Star Of Aion Star Of The Team
			Igorando Pelo Filtro de Nome...
		Nome do Produto: Conjunto de Mesa de Jantar Canto Alemanha Tabaco/Suede Canela + Cadeira... Conjunto de Mesa de Jantar Canto Alemanha Avelã/Floral Cravo + Cadeira... Stars In The Sky Stars Of Fate Starflakes Stars And Atoms Stars And Angels Stars And Scorpions (After Ede Stars Of The Long Night Stars In Her Eyes Stars And Sand - Jewish Notes Star Wars-Sabre De Luz Ultimate Fx Obi-Wan Kenobi Hasbro A0861 Star Wars-Figura Black Series Jabba Hasbro A8157 Star Trek Star Surgeon Star Trek Star-Spangled Men Star Crossed Star Haven Star Of Aion Star Of The Team
			Igorando Pelo Filtro de Nome...
		Nome do Produto: Conjunto de Mesa de Jantar Canto Alemanha Tabaco/Suede Canela + Cadeira... Conjunto de Mesa de Jantar Canto Alemanha Avelã/Floral Cravo + Cadeira... Stars In The Sky Stars Of Fate Starflakes Stars And Atoms Stars And Angels Stars And Scorpions (After Ede Stars Of The Long Night Stars In Her Eyes Stars And Sand - Jewish Notes Star Wars-Sabre De Luz Ultimate Fx Obi-Wan Kenobi Hasbro A0861 Star Wars-Figura Black Series Jabba Hasbro A8157 Star Trek Star Surgeon Star Trek Star-Spangled Men Star Crossed Star Haven Star Of Aion Star Of The Team
			Igorando Pelo Filtro de Nome...
		Nome do Produto: Conjunto de Mesa de Jantar Canto Alemanha Tabaco/Suede Canela + Cadeira... Conjunto de Mesa de Jantar Canto Alemanha Avelã/Floral Cravo + Cadeira... Stars In The Sky Stars Of Fate Starflakes Stars And Atoms Stars And Angels Stars And Scorpions (After Ede Stars Of The Long Night Stars In Her Eyes Stars And Sand - Jewish Notes Star Wars-Sabre De Luz Ultimate Fx Obi-Wan Kenobi Hasbro A0861 Star Wars-Figura Black Series Jabba Hasbro A8157 Star Trek Star Surgeon Star Trek Star-Spangled Men Star Crossed Star Haven Star Of Aion Star Of The Team
			Igorando Pelo Filtro de Nome...
		Nome do Produto: Conjunto de Mesa de Jantar Canto Alemanha Tabaco/Suede Canela + Cadeira... Conjunto de Mesa de Jantar Canto Alemanha Avelã/Floral Cravo + Cadeira... Stars In The Sky Stars Of Fate Starflakes Stars And Atoms Stars And Angels Stars And Scorpions (After Ede Stars Of The Long Night Stars In Her Eyes Stars And Sand - Jewish Notes Star Wars-Sabre De Luz Ultimate Fx Obi-Wan Kenobi Hasbro A0861 Star Wars-Figura Black Series Jabba Hasbro A8157 Star Trek Star Surgeon Star Trek Star-Spangled Men Star Crossed Star Haven Star Of Aion Star Of The Team
			Igorando Pelo Filtro de Nome...
		Nome do Produto: Conjunto de Mesa de Jantar Canto Alemanha Tabaco/Suede Canela + Cadeira... Conjunto de Mesa de Jantar Canto Alemanha Avelã/Floral Cravo + Cadeira... Stars In The Sky Stars Of Fate Starflakes Stars And Atoms Stars And Angels Stars And Scorpions (After Ede Stars Of The Long Night Stars In Her Eyes Stars And Sand - Jewish Notes Star Wars-Sabre De Luz Ultimate Fx Obi-Wan Kenobi Hasbro A0861 Star Wars-Figura Black Series Jabba Hasbro A8157 Star Trek Star Surgeon Star Trek Star-Spangled Men Star Crossed Star Haven Star Of Aion Star Of The Team
			Igorando Pelo Filtro de Nome...
		Nome do Produto: Conjunto de Mesa de Jantar Canto Alemanha Tabaco/Suede Canela + Cadeira... Conjunto de Mesa de Jantar Canto Alemanha Avelã/Floral Cravo + Cadeira... Stars In The Sky Stars Of Fate Starflakes Stars And Atoms Stars And Angels Stars And Scorpions (After Ede Stars Of The Long Night Stars In Her Eyes Stars And Sand - Jewish Notes Star Wars-Sabre De Luz Ultimate Fx Obi-Wan Kenobi Hasbro A0861 Star Wars-Figura Black Series Jabba Hasbro A8157 Star Trek Star Surgeon Star Trek Star-Spangled Men Star Crossed Star Haven Star Of Aion Star Of The Team
			Igorando Pelo Filtro de Nome...
		Nome do Produto: Conjunto de Mesa de Jantar Canto Alemanha Tabaco/Suede Canela + Cadeira... Conjunto de Mesa de Jantar Canto Alemanha Avelã/Floral Cravo + Cadeira... Stars In The Sky Stars Of Fate Starflakes Stars And Atoms Stars And Angels Stars And Scorpions (After Ede Stars Of The Long Night Stars In Her Eyes Stars And Sand - Jewish Notes Star Wars-Sabre De Luz Ultimate Fx Obi-Wan Kenobi Hasbro A0861 Star Wars-Figura Black Series Jabba Hasbro A8157 Star Trek Star Surgeon Star Trek Star-Spangled Men Star Crossed Star Haven Star Of Aion Star Of The Team
			Igorando Pelo Filtro de Nome...
		Nome do Produto: Conjunto de Mesa de Jantar Canto Alemanha Tabaco/Suede Canela + Cadeira... Conjunto de Mesa de Jantar Canto Alemanha Avelã/Floral Cravo + Cadeira... Stars In The Sky Stars Of Fate Starflakes Stars And Atoms Stars And Angels Stars And Scorpions (After Ede Stars Of The Long Night Stars In Her Eyes Stars And Sand - Jewish Notes Star Wars-Sabre De Luz Ultimate Fx Obi-Wan Kenobi Hasbro A0861 Star Wars-Figura Black Series Jabba Hasbro A8157 Star Trek Star Surgeon Star Trek Star-Spangled Men Star Crossed Star Haven Star Of Aion Star Of The Team
			Igorando Pelo Filtro de Nome...
		Nome do Produto: Conjunto de Mesa de Jantar Canto Alemanha Tabaco/Suede Canela + Cadeira... Conjunto de Mesa de Jantar Canto Alemanha Avelã/Floral Cravo + Cadeira... Stars In The Sky Stars Of Fate Starflakes Stars And Atoms Stars And Angels Stars And Scorpions (After Ede Stars Of The Long Night Stars In Her Eyes Stars And Sand - Jewish Notes Star Wars-Sabre De Luz Ultimate Fx Obi-Wan Kenobi Hasbro A0861 Star Wars-Figura Black Series Jabba Hasbro A8157 Star Trek Star Surgeon Star Trek Star-Spangled Men Star Crossed Star Haven Star Of Aion Star Of The Team
			Igorando Pelo Filtro de Nome...
		Nome do Produto: Conjunto de Mesa de Jantar Canto Alemanha Tabaco/Suede Canela + Cadeira... Conjunto de Mesa de Jantar Canto Alemanha Avelã/Floral Cravo + Cadeira... Stars In The Sky Stars Of Fate Starflakes Stars And Atoms Stars And Angels Stars And Scorpions (After Ede Stars Of The Long Night Stars In Her Eyes Stars And Sand - Jewish Notes Star Wars-Sabre De Luz Ultimate Fx Obi-Wan Kenobi Hasbro A0861 Star Wars-Figura Black Series Jabba Hasbro A8157 Star Trek Star Surgeon Star Trek Star-Spangled Men Star Crossed Star Haven Star Of Aion Star Of The Team
			Igorando Pelo Filtro de Nome...
		Nome do Produto: Conjunto de Mesa de Jantar Canto Alemanha Tabaco/Suede Canela + Cadeira... Conjunto de Mesa de Jantar Canto Alemanha Avelã/Floral Cravo + Cadeira... Stars In The Sky Stars Of Fate Starflakes Stars And Atoms Stars And Angels Stars And Scorpions (After Ede Stars Of The Long Night Stars In Her Eyes Stars And Sand - Jewish Notes Star Wars-Sabre De Luz Ultimate Fx Obi-Wan Kenobi Hasbro A0861 Star Wars-Figura Black Series Jabba Hasbro A8157 Star Trek Star Surgeon Star Trek Star-Spangled Men Star Crossed Star Haven Star Of Aion Star Of The Team
			Igorando Pelo Filtro de Nome...
		Nome do Produto: Conjunto de Mesa de Jantar Canto Alemanha Tabaco/Suede Canela + Cadeira... Conjunto de Mesa de Jantar Canto Alemanha Avelã/Floral Cravo + Cadeira... Stars In The Sky Stars Of Fate Starflakes Stars And Atoms Stars And Angels Stars And Scorpions (After Ede Stars Of The Long Night Stars In Her Eyes Stars And Sand - Jewish Notes Star Wars-Sabre De Luz Ultimate Fx Obi-Wan Kenobi Hasbro A0861 Star Wars-Figura Black Series Jabba Hasbro A8157 Star Trek Star Surgeon Star Trek Star-Spangled Men Star Crossed Star Haven Star Of Aion Star Of The Team
			Igorando Pelo Filtro de Nome...
		Nome do Produto: Conjunto de Mesa de Jantar Canto Alemanha Tabaco/Suede Canela + Cadeira... Conjunto de Mesa de Jantar Canto Alemanha Avelã/Floral Cravo + Cadeira... Stars In The Sky Stars Of Fate Starflakes Stars And Atoms Stars And Angels Stars And Scorpions (After Ede Stars Of The Long Night Stars In Her Eyes Stars And Sand - Jewish Notes Star Wars-Sabre De Luz Ultimate Fx Obi-Wan Kenobi Hasbro A0861 Star Wars-Figura Black Series Jabba Hasbro A8157 Star Trek Star Surgeon Star Trek Star-Spangled Men Star Crossed Star Haven Star Of Aion Star Of The Team
			Igorando Pelo Filtro de Nome...
		Nome do Produto: Conjunto de Mesa de Jantar Canto Alemanha Tabaco/Suede Canela + Cadeira... Conjunto de Mesa de Jantar Canto Alemanha Avelã/Floral Cravo + Cadeira... Stars In The Sky Stars Of Fate Starflakes Stars And Atoms Stars And Angels Stars And Scorpions (After Ede Stars Of The Long Night Stars In Her Eyes Stars And Sand - Jewish Notes Star Wars-Sabre De Luz Ultimate Fx Obi-Wan Kenobi Hasbro A0861 Star Wars-Figura Black Series Jabba Hasbro A8157 Star Trek Star Surgeon Star Trek Star-Spangled Men Star Crossed Star Haven Star Of Aion Star Of The Team
			Igorando Pelo Filtro de Nome...
		Nome do Produto: Conjunto de Mesa de Jantar Canto Alemanha Tabaco/Suede Canela + Cadeira... Conjunto de Mesa de Jantar Canto Alemanha Avelã/Floral Cravo + Cadeira... Stars In The Sky Stars Of Fate Starflakes Stars And Atoms Stars And Angels Stars And Scorpions (After Ede Stars Of The Long Night Stars In Her Eyes Stars And Sand - Jewish Notes Star Wars-Sabre De Luz Ultimate Fx Obi-Wan Kenobi Hasbro A0861 Star Wars-Figura Black Series Jabba Hasbro A8157 Star Trek Star Surgeon Star Trek Star-Spangled Men Star Crossed Star Haven Star Of Aion Star Of The Team
			Igorando Pelo Filtro de Nome...
		Nome do Produto: Conjunto de Mesa de Jantar Canto Alemanha Tabaco/Suede Canela + Cadeira... Conjunto de Mesa de Jantar Canto Alemanha Avelã/Floral Cravo + Cadeira... Stars In The Sky Stars Of Fate Starflakes Stars And Atoms Stars And Angels Stars And Scorpions (After Ede Stars Of The Long Night Stars In Her Eyes Stars And Sand - Jewish Notes Star Wars-Sabre De Luz Ultimate Fx Obi-Wan Kenobi Hasbro A0861 Star Wars-Figura Black Series Jabba Hasbro A8157 Star Trek Star Surgeon Star Trek Star-Spangled Men Star Crossed Star Haven Star Of Aion Star Of The Team
			Igorando Pelo Filtro de Nome...
		Nome do Produto: Conjunto de Mesa de Jantar Canto Alemanha Tabaco/Suede Canela + Cadeira... Conjunto de Mesa de Jantar Canto Alemanha Avelã/Floral Cravo + Cadeira... Stars In The Sky Stars Of Fate Starflakes Stars And Atoms Stars And Angels Stars And Scorpions (After Ede Stars Of The Long Night Stars In Her Eyes Stars And Sand - Jewish Notes Star Wars-Sabre De Luz Ultimate Fx Obi-Wan Kenobi Hasbro A0861 Star Wars-Figura Black Series Jabba Hasbro A8157 Star Trek Star Surgeon Star Trek Star-Spangled Men Star Crossed Star Haven Star Of Aion Star Of The Team
			Igorando Pelo Filtro de Nome...
		Nome do Produto: Conjunto de Mesa de Jantar Canto Alemanha Tabaco/Suede Canela + Cadeira... Conjunto de Mesa de Jantar Canto Alemanha Avelã/Floral Cravo + Cadeira... Stars In The Sky Stars Of Fate Starflakes Stars And Atoms Stars And Angels Stars And Scorpions (After Ede Stars Of The Long Night Stars In Her Eyes Stars And Sand - Jewish Notes Star Wars-Sabre De Luz Ultimate Fx Obi-Wan Kenobi Hasbro A0861 Star Wars-Figura Black Series Jabba Hasbro A8157 Star Trek Star Surgeon Star Trek Star-Spangled Men Star Crossed Star Haven Star Of Aion Star Of The Team
			Igorando Pelo Filtro de Nome...
		Nome do Produto: Conjunto de Mesa de Jantar Canto Alemanha Tabaco/Suede Canela + Cadeira... Conjunto de Mesa de Jantar Canto Alemanha Avelã/Floral Cravo + Cadeira... Stars In The Sky Stars Of Fate Starflakes Stars And Atoms Stars And Angels Stars And Scorpions (After Ede Stars Of The Long Night Stars In Her Eyes Stars And Sand - Jewish Notes Star Wars-Sabre De Luz Ultimate Fx Obi-Wan Kenobi Hasbro A0861 Star Wars-Figura Black Series Jabba Hasbro A8157 Star Trek Star Surgeon Star Trek Star-Spangled Men Star Crossed Star Haven Star Of Aion Star Of The Team
			Igorando Pelo Filtro de Nome...
	Tempo Para buscar: 732
Loja: ShopB
	URL Principal: http://www.shopb.com.br/
	URL Busca: http://busca.shopb.com.br/?busca=<BUSCA>
http://busca.shopb.com.br/?busca=Star+fox+64
		Documento Lido
		Resultados: 31
		Nome do Produto: Star Fox 64 3D - 3DS
http://shopb.ecommercesearch.com.br/Busca/Redir?url=http%3a%2f%2fwww.shopb.com.br%2fecommerce_site%2findex.php%3fpg%3dproduto%26cdg%3d4488%26idp%3d35922%26idparceiro%3dp1&esid=35922
		Acessando URL do produto.
		Nome do Produto: Angry Birds: Star Wars - PS3
			Igorando Pelo Filtro de Nome...
		Nome do Produto: Angry Birds: Star Wars - XBOX 360
			Igorando Pelo Filtro de Nome...
		Nome do Produto: Angry Birds: Star Wars - XBOX ONE
			Igorando Pelo Filtro de Nome...
		Nome do Produto: Blaster Shooter - PS3
			Igorando Pelo Filtro de Nome...
		Nome do Produto: Cartão PSN R$ 100 - Playstation Network Store - Brasil
			Igorando Pelo Filtro de Nome...
		Nome do Produto: Cartão PSN R$ 250 - Playstation Network Store - Brasil
			Igorando Pelo Filtro de Nome...
		Nome do Produto: Console FC Twin 8-16 Bits NES / SNES 2 em 1 - Gameware
			Igorando Pelo Filtro de Nome...
		Nome do Produto: Digimon: All-Star Rumble - PS3
			Igorando Pelo Filtro de Nome...
		Nome do Produto: Digimon: All-Star Rumble - XBOX 360
			Igorando Pelo Filtro de Nome...
		Nome do Produto: FUSE - PS3
			Igorando Pelo Filtro de Nome...
		Nome do Produto: FUSE - XBOX 360
			Igorando Pelo Filtro de Nome...
		Nome do Produto: Fonte Paralela Positivo Unique 64 65 66 67 68 69
			Igorando Pelo Filtro de Nome...
		Nome do Produto: Fonte Paralela Sony Vaio PCG-F PCG-FR PCG-FX
			Igorando Pelo Filtro de Nome...
		Nome do Produto: Fonte Paralela Sony Vaio PCG-FXA PCG-GRS PCG-GRX
			Igorando Pelo Filtro de Nome...
		Nome do Produto: Headphone Stereo c/ Fio Philips SHP2000 - PC
			Igorando Pelo Filtro de Nome...
		Nome do Produto: Headset Sony 7.1 c/ Fio Stereo Silver - PS3, PS4 e PS Vita
			Igorando Pelo Filtro de Nome...
		Nome do Produto: Headset Sony Wireless Stereo Gold - PS3, PS4 e PS Vita
			Igorando Pelo Filtro de Nome...
		Nome do Produto: Headset Tritton Kunai Stereo - Nintendo Wii U/3DS
			Igorando Pelo Filtro de Nome...
		Nome do Produto: Headset Tritton Titanfall Kunai Stereo - XBOX 360
			Igorando Pelo Filtro de Nome...
		Nome do Produto: Headset Wireless Stereo 7.1 Pulse - PS3, PS4, PC e PS Vita
			Igorando Pelo Filtro de Nome...
		Nome do Produto: Headset Wireless Stereo 7.1 Pulse Elite - PS3, PC e PS Vita
			Igorando Pelo Filtro de Nome...
		Nome do Produto: Headset c/ Fio Tritton Kunai Stereo Branco - PS3 / PS Vita
			Igorando Pelo Filtro de Nome...
		Nome do Produto: Headset c/ Fio Tritton Kunai Stereo Preto - PS3 / PS Vita
			Igorando Pelo Filtro de Nome...
		Nome do Produto: Kens Rage 2: Fist of the North Star - XBOX 360
			Igorando Pelo Filtro de Nome...
		Nome do Produto: Kinect Star Wars - XBOX 360
			Igorando Pelo Filtro de Nome...
		Nome do Produto: Kit Move Sharp Shooter - Playstation 3
			Igorando Pelo Filtro de Nome...
		Nome do Produto: LEGO Star Wars III The Clone Wars - XBOX 360
			Igorando Pelo Filtro de Nome...
		Nome do Produto: LEGO Star Wars III: The Clone Wars - 3DS
			Igorando Pelo Filtro de Nome...
		Nome do Produto: Lego Star Wars III The Clone Wars - PS3
			Igorando Pelo Filtro de Nome...
		Nome do Produto: Lego Star Wars The Complete Saga - PS3
			Igorando Pelo Filtro de Nome...
	Tempo Para buscar: 1827
Loja: Submarino
	URL Principal: http://www.submarino.com.br/
	URL Busca: http://busca.submarino.com.br/busca.php?q=<BUSCA>
http://busca.submarino.com.br/busca.php?q=Star+fox+64
		Documento Lido
		Resultados: 1
		Nome do Produto: Game Star Fox 64 - Nintendo 3D
http://busca.submarino.com.br/produto.php?link=http://www.submarino.com.br/produto/110455129/game-star-fox-64-nintendo-3d&ranking=1&sessao=U70O3G1XD0GG7&idbusca=fc91836848b5967bab226c7960fdc5117591ea46&idproduto=110455129
		Acessando URL do produto.
	Tempo Para buscar: 1361
Loja: Walmart
	URL Principal: http://www.walmart.com.br/
	URL Busca: http://www.walmart.com.br/busca/?ft=<BUSCA>&PS=20
http://www.walmart.com.br/busca/?ft=Star+fox+64&PS=20
		Documento Lido
		Resultados: 1
		Nome do Produto: Jogo 3DS Star Fox 64 3D
http://www.walmart.com.br//produto/Games/Jogos-para-Nintendo-3DS/Nintendo/2055503-Jogo-3DS-Star-Fox-64-3D
		Acessando URL do produto.
	Tempo Para buscar: 2482

File copied from C:\java\workspace Estudo\lookforprices\resources\imports\css.css to C:\java\workspace Estudo\lookforprices\reports\2015-05-04 11\css.css
File copied from C:\java\workspace Estudo\lookforprices\resources\imports\jquery.js to C:\java\workspace Estudo\lookforprices\reports\2015-05-04 11\jquery.js
File copied from C:\java\workspace Estudo\lookforprices\resources\imports\scripts.js to C:\java\workspace Estudo\lookforprices\reports\2015-05-04 11\scripts.js
Tempo total de execução: 101328
