Game: Tales of the Abyss
Loja: Nintendo eShop
	URL Principal: http://www.nintendo.com/3ds/eshop
	URL Busca: http://www.nintendo.com/json/content/get/game/filter?&&&&qterm=<BUSCA>
NintendoEShopSearch.search() http://www.nintendo.com/json/content/get/game/filter?&&&&qterm=Tales+of+the+Abyss
		Documento Lido
		Resultados: 1
		Nome do Produto: Tales of the Abyss 3D
http://www.nintendo.com/games/detail/niNrF_lkjdpqpVSGymAhE0LYJGhbp7mb
		Acessando URL do produto.
URL = http://www.nintendo.com/games/detail/niNrF_lkjdpqpVSGymAhE0LYJGhbp7mb
	Tempo Para buscar: 1224
Loja: Americanas
	URL Principal: http://www.americanas.com.br/
	URL Busca: http://busca.americanas.com.br/busca.php?q=<BUSCA>
http://busca.americanas.com.br/busca.php?q=Tales+of+the+Abyss
		Documento Lido
		Resultados: 1
		Nome do Produto: Game Tales of The Abyss - 3DS
http://busca.americanas.com.br/produto.php?link=http://www.americanas.com.br/produto/110665741/game-tales-of-the-abyss-3ds&ranking=1&sessao=U70NO4S4CE847&idbusca=d26373e7faef89642a77c35696ea939014a722e3&idproduto=110665741
		Acessando URL do produto.
	Tempo Para buscar: 1185
Loja: Big Boy Games
	URL Principal: http://www.bigboygames.com.br/
	URL Busca: http://www.bigboygames.com.br/pesquisa/?p=<BUSCA>
http://www.bigboygames.com.br/pesquisa/?p=Tales+of+the+Abyss
		Documento Lido
		Resultados*: 1
		Acessando URL do produto.
	Tempo Para buscar: 1379
Loja: Casas Bahia
	URL Principal: http://www.casasbahia.com.br/
	URL Busca: http://buscas.casasbahia.com.br/search?w=<BUSCA>
http://buscas.casasbahia.com.br/search?w=Tales+of+the+Abyss
		Documento Lido
		Resultados: 1
		Nome do Produto: The Lurkers in the Abyss and Other Tales of Terror
http://buscas.casasbahia.com.br/search?p=R&srid=S6-USESD02&lbc=casasbahia&w=Tales%20of%20the%20Abyss&url=http%3a%2f%2fproduto.casasbahia.com.br%2f4481789%3f&rk=1&uid=519631749&sid=2&ts=custom&rsc=2RtLvUkkMUfkAwko&method=and&isort=score&view=grid
		Acessando URL do produto.
		Nome do Produto: Jogo Tales of Abyss - 3DS
			Igorando Pelo Filtro de Nome...
		Nome do Produto: Out of Time`s Abyss
			Igorando Pelo Filtro de Nome...
		Nome do Produto: The Sixth Black Book of Horror
			Igorando Pelo Filtro de Nome...
		Nome do Produto: Diary of a Super Chump
			Igorando Pelo Filtro de Nome...
		Nome do Produto: Ripples from the Darkness
			Igorando Pelo Filtro de Nome...
		Nome do Produto: Dear Cthulhu
			Igorando Pelo Filtro de Nome...
		Nome do Produto: Purple Crescent
			Igorando Pelo Filtro de Nome...
		Nome do Produto: Demons
			Igorando Pelo Filtro de Nome...
		Nome do Produto: Limbus, Inc. - Book II
			Igorando Pelo Filtro de Nome...
		Nome do Produto: Sin & Ashes
			Igorando Pelo Filtro de Nome...
		Nome do Produto: Turrwan
			Igorando Pelo Filtro de Nome...
		Nome do Produto: Europa
			Igorando Pelo Filtro de Nome...
	Tempo Para buscar: 3690
Loja: Extra
	URL Principal: http://www.extra.com.br/
	URL Busca: http://buscando.extra.com.br/search?w=<BUSCA>
http://buscando.extra.com.br/search?w=Tales+of+the+Abyss
		Documento Lido
		Resultados: 12
		Nome do Produto: Jogo Tales of Abyss - 3DS
			Igorando Pelo Filtro de Nome...
		Nome do Produto: The Lurkers in the Abyss and Other Tales of Terror
http://buscando.extra.com.br/search?p=R&srid=S1-USESD02&lbc=extra&w=Tales%20of%20the%20Abyss&url=http%3a%2f%2fproduto.extra.com.br%2f4481789%3f&rk=2&uid=519679378&sid=2&ts=custom&rsc=KV%3a9JFw2laTQL6TU&method=and&isort=score&view=grid
		Acessando URL do produto.
		Nome do Produto: Out of Time`s Abyss
			Igorando Pelo Filtro de Nome...
		Nome do Produto: The Sixth Black Book of Horror
			Igorando Pelo Filtro de Nome...
		Nome do Produto: Diary of a Super Chump
			Igorando Pelo Filtro de Nome...
		Nome do Produto: Ripples from the Darkness
			Igorando Pelo Filtro de Nome...
		Nome do Produto: Dear Cthulhu
			Igorando Pelo Filtro de Nome...
		Nome do Produto: Purple Crescent
			Igorando Pelo Filtro de Nome...
		Nome do Produto: Demons
			Igorando Pelo Filtro de Nome...
		Nome do Produto: Limbus, Inc. - Book II
			Igorando Pelo Filtro de Nome...
		Nome do Produto: Sin & Ashes
			Igorando Pelo Filtro de Nome...
		Nome do Produto: Turrwan
			Igorando Pelo Filtro de Nome...
	Tempo Para buscar: 6209
Loja: E-Virtua
	URL Principal: http://www.evirtua.com.br/
	URL Busca: http://www.evirtua.com.br/Busca?search_department_id=0&SearchTerm=<BUSCA>
http://www.evirtua.com.br/Busca?search_department_id=0&SearchTerm=Tales+of+the+Abyss
		Documento Lido
		Resultados: 0
	Tempo Para buscar: 253
Loja: Fast Games
	URL Principal: http://www.fastgames.com.br/
	URL Busca: http://www.fastgames.com.br/loja/busca.php?loja=187970&palavra_busca=<BUSCA>
http://www.fastgames.com.br/loja/busca.php?loja=187970&palavra_busca=Tales+of+the+Abyss
		Documento Lido
		Resultados: 1
		Nome do Produto: Tales of the Abyss - 3DS
http://www.fastgames.com.br//tales-of-the-abyss-3ds-pr-3277-187970.htm
		Acessando URL do produto.
	Tempo Para buscar: 2259
Loja: Fast Shop
	URL Principal: http://www.fastshop.com.br/loja/
	URL Busca: http://www.fastshop.com.br/webapp/wcs/stores/servlet/SearchDisplay?searchTerm=<BUSCA>&categoryId=&storeId=10151&catalogId=11052&langId=-6&pageSize=9&beginIndex=0&sType=SimpleSearch&resultCatEntryType=2&showResultsPage=true&searchSource=Q&pageView=&hotsite=fastshop
http://www.fastshop.com.br/webapp/wcs/stores/servlet/SearchDisplay?searchTerm=Tales+of+the+Abyss&categoryId=&storeId=10151&catalogId=11052&langId=-6&pageSize=9&beginIndex=0&sType=SimpleSearch&resultCatEntryType=2&showResultsPage=true&searchSource=Q&pageView=&hotsite=fastshop
		Documento Lido
		Resultados: 0
	Tempo Para buscar: 1139
Loja: FNAC
	URL Principal: http://www.fnac.com.br/index.html
	URL Busca: http://busca.fnac.com.br/?busca=<BUSCA>
http://busca.fnac.com.br/?busca=Tales+of+the+Abyss
		Documento Lido
		Resultados: 20
		Nome do Produto: The Art Of Pin Up
			Igorando Pelo Filtro de Nome...
		Nome do Produto: Game Of Thrones - 1ª A 4ª Temporada Completa (blu-ray) (20 Discos)
			Igorando Pelo Filtro de Nome...
		Nome do Produto: The Vampire Diaries - 1ª A 5ª Temporada (25 DVDs)
			Igorando Pelo Filtro de Nome...
		Nome do Produto: Game Of Thrones - 1ª A 3ª Temporada Completa (blu-ray) (15 Discos)
			Igorando Pelo Filtro de Nome...
		Nome do Produto: Vogue: The Gown
			Igorando Pelo Filtro de Nome...
		Nome do Produto: The Ultimate Collection (4 CDs + DVD)
			Igorando Pelo Filtro de Nome...
		Nome do Produto: Game Of Thrones - 1ª A 4ª Temporada Completa (20 DVDs)
			Igorando Pelo Filtro de Nome...
		Nome do Produto: Ps4 Call Of Duty: Ghosts
			Igorando Pelo Filtro de Nome...
		Nome do Produto: Xbox One Call Of Duty: Ghosts
			Igorando Pelo Filtro de Nome...
		Nome do Produto: Ps3 Tales Of Xillia
			Igorando Pelo Filtro de Nome...
		Nome do Produto: Ps4 Lords Of The Fallen
			Igorando Pelo Filtro de Nome...
		Nome do Produto: Xbox One Lords Of The Fallen
			Igorando Pelo Filtro de Nome...
		Nome do Produto: Xbox 360 Call Of Duty Advanced Warfare
			Igorando Pelo Filtro de Nome...
		Nome do Produto: Ps3 Call Of Duty - Advanced Warfare Day Zero Edition
			Igorando Pelo Filtro de Nome...
		Nome do Produto: Xbox 360 Call Of Duty Advanced Warfare Day Zero Edition
			Igorando Pelo Filtro de Nome...
		Nome do Produto: Xbox One Call Of Duty Advanced Warfare Day Zero Edition
			Igorando Pelo Filtro de Nome...
		Nome do Produto: Ps4 Call Of Duty Advanced Warfare Day Zero Edition
			Igorando Pelo Filtro de Nome...
		Nome do Produto: Game Of Thrones - 4ª Temporada Completa (blu-ray) (5 Discos)
			Igorando Pelo Filtro de Nome...
		Nome do Produto: Ps3 Borderlands: The Pre-sequel!
			Igorando Pelo Filtro de Nome...
		Nome do Produto: Xbox One The Evil Within
			Igorando Pelo Filtro de Nome...
	Tempo Para buscar: 1115
Loja: Kabum
	URL Principal: http://www.kabum.com.br/
	URL Busca: http://www.kabum.com.br/cgi-local/site/listagem/listagem.cgi?string=<BUSCA>&btnG=
http://www.kabum.com.br/cgi-local/site/listagem/listagem.cgi?string=Tales+of+the+Abyss&btnG=
		Documento Lido
		Resultados: 0
	Tempo Para buscar: 302
Loja: Livraria Cultura
	URL Principal: http://www.livrariacultura.com.br/
	URL Busca: http://www.livrariacultura.com.br/busca?N=0&Ntt=<BUSCA>
http://www.livrariacultura.com.br/busca?N=0&Ntt=Tales+of+the+Abyss
		Documento Lido
		Resultados: 48
		Nome do Produto: TALES OF THE ABYSS
http://www.livrariacultura.com.br/p/tales-of-the-abyss-22698405
		Acessando URL do produto.
		Nome do Produto: TALES OF THE ABYSS
http://www.livrariacultura.com.br/p/tales-of-the-abyss-29849532
		Acessando URL do produto.
		Nome do Produto: TALES OF THE ABYSS
http://www.livrariacultura.com.br/p/tales-of-the-abyss-22698403
		Acessando URL do produto.
		Nome do Produto: BLACK VEIL AND OTHER TALES OF SUPERNATURAL SLEUTHS
			Igorando Pelo Filtro de Nome...
		Nome do Produto: LIVING ABYSS
			Igorando Pelo Filtro de Nome...
		Nome do Produto: FEAR THE ABYSS
			Igorando Pelo Filtro de Nome...
		Nome do Produto: LIVING ABYSS
			Igorando Pelo Filtro de Nome...
		Nome do Produto: MIDNIGHT ABYSS
			Igorando Pelo Filtro de Nome...
		Nome do Produto: LIVING ABYSS
			Igorando Pelo Filtro de Nome...
		Nome do Produto: FRESH CUT TALES: A COLLECTION OF DARK FICTION
			Igorando Pelo Filtro de Nome...
		Nome do Produto: CAMPFIRE TALES FROM HELL: MUSINGS ON MARTIAL
			Igorando Pelo Filtro de Nome...
		Nome do Produto: LIVING ABYSS
			Igorando Pelo Filtro de Nome...
		Nome do Produto: LIVING ABYSS
			Igorando Pelo Filtro de Nome...
		Nome do Produto: 5 TALES OF EROTIC HORROR
			Igorando Pelo Filtro de Nome...
		Nome do Produto: LIVING ABYSS
			Igorando Pelo Filtro de Nome...
		Nome do Produto: LIVING ABYSS
			Igorando Pelo Filtro de Nome...
		Nome do Produto: FIVE TALES FROM THE WORKSHOP AT THE END OF THE
			Igorando Pelo Filtro de Nome...
		Nome do Produto: TALES OF THE LOVECRAFT MYTHOS
			Igorando Pelo Filtro de Nome...
		Nome do Produto: LIVING ABYSS
			Igorando Pelo Filtro de Nome...
		Nome do Produto: ELF TALES AND OTHER PSYCHOTIC EVENTS
			Igorando Pelo Filtro de Nome...
		Nome do Produto: NO PEOPLE: TRIBAL TALES OF ORGANIZATIONAL
			Igorando Pelo Filtro de Nome...
		Nome do Produto: INTO THE ABYSS
			Igorando Pelo Filtro de Nome...
		Nome do Produto: UNQUIET DREAMS: A MURMURATION OF UNSETTLING TALES
			Igorando Pelo Filtro de Nome...
		Nome do Produto: PERIHELION EP 6 ON THE EDGE OF THE ABYSS
			Igorando Pelo Filtro de Nome...
		Nome do Produto: BOTTLED ABYSS
			Igorando Pelo Filtro de Nome...
		Nome do Produto: SON OF THE WOLF : TALES OF THE FAR NORTH
			Igorando Pelo Filtro de Nome...
		Nome do Produto: CHAOS ASCENDANT & OTHER TALES
			Igorando Pelo Filtro de Nome...
		Nome do Produto: OUT OF TIME'S ABYSS
			Igorando Pelo Filtro de Nome...
		Nome do Produto: 8 TALES BY JACK LONDON (ILLUSTRATED)
			Igorando Pelo Filtro de Nome...
		Nome do Produto: SKINNY-DIPPING IN THE ABYSS: AN EROTIC HORROR
			Igorando Pelo Filtro de Nome...
		Nome do Produto: MOTHER, MIRROR
			Igorando Pelo Filtro de Nome...
		Nome do Produto: THE COMPLETE WORKS OF JACK LONDON
			Igorando Pelo Filtro de Nome...
		Nome do Produto: JACK LONDON: 43 BOOKS IN A SINGLE FILE
			Igorando Pelo Filtro de Nome...
		Nome do Produto: THE UGLY MERMAID
			Igorando Pelo Filtro de Nome...
		Nome do Produto: DEAR CTHULHU: GOOD ADVICE FOR BAD PEOPLE
			Igorando Pelo Filtro de Nome...
		Nome do Produto: LIMBUS, INC. - BOOK II
			Igorando Pelo Filtro de Nome...
		Nome do Produto: THE COMPLETE ESSENTIAL WORKS OF JACK LONDON
			Igorando Pelo Filtro de Nome...
		Nome do Produto: WORKS OF JACK LONDON
			Igorando Pelo Filtro de Nome...
		Nome do Produto: SIN & ASHES
			Igorando Pelo Filtro de Nome...
		Nome do Produto: WORKS OF JACK LONDON: (200 + WORKS) INCLUDES THE
			Igorando Pelo Filtro de Nome...
		Nome do Produto: JACK LONDON'S SHORT STORIES
			Igorando Pelo Filtro de Nome...
		Nome do Produto: THE RETURN OF SHERLOCK HOLMES
			Igorando Pelo Filtro de Nome...
		Nome do Produto: EVERYGNOME’S GUIDE TO PARATECHNOLOGY
			Igorando Pelo Filtro de Nome...
		Nome do Produto: CASTAN
			Igorando Pelo Filtro de Nome...
		Nome do Produto: PAST, PRESENT, AND FURTHER MORE
			Igorando Pelo Filtro de Nome...
		Nome do Produto: THE STRANGE HIGH HOUSE IN THE MIST
			Igorando Pelo Filtro de Nome...
		Nome do Produto: NAKED, ON THE EDGE
			Igorando Pelo Filtro de Nome...
		Nome do Produto: STAR TREK: DEEP SPACE NINE: TWIST OF FAITH
			Igorando Pelo Filtro de Nome...
	Tempo Para buscar: 2532
Loja: Magazine Luiza
	URL Principal: http://www.magazineluiza.com.br/
	URL Busca: http://www.magazineluiza.com.br/busca/<BUSCA>/
http://www.magazineluiza.com.br/busca/Tales+of+the+Abyss/
java.net.SocketTimeoutException: Read timed out
	at java.net.SocketInputStream.socketRead0(Native Method)
	at java.net.SocketInputStream.socketRead(Unknown Source)
	at java.net.SocketInputStream.read(Unknown Source)
	at java.net.SocketInputStream.read(Unknown Source)
	at java.io.BufferedInputStream.fill(Unknown Source)
	at java.io.BufferedInputStream.read1(Unknown Source)
	at java.io.BufferedInputStream.read(Unknown Source)
	at sun.net.www.http.HttpClient.parseHTTPHeader(Unknown Source)
	at sun.net.www.http.HttpClient.parseHTTP(Unknown Source)
	at sun.net.www.protocol.http.HttpURLConnection.getInputStream0(Unknown Source)
	at sun.net.www.protocol.http.HttpURLConnection.getInputStream(Unknown Source)
	at java.net.HttpURLConnection.getResponseCode(Unknown Source)
	at org.jsoup.helper.HttpConnection$Response.execute(HttpConnection.java:453)
	at org.jsoup.helper.HttpConnection$Response.execute(HttpConnection.java:434)
	at org.jsoup.helper.HttpConnection.execute(HttpConnection.java:181)
	at org.jsoup.helper.HttpConnection.get(HttpConnection.java:170)
	at comom.Util.readUrlDocument(Util.java:94)
	at interfaces.search.MagazineLuizaSearch.readResults(MagazineLuizaSearch.java:92)
	at interfaces.search.MagazineLuizaSearch.search(MagazineLuizaSearch.java:30)
	at objects.Shop.searchProduct(Shop.java:33)
	at Main.generateHtlReport(Main.java:88)
	at Main.main(Main.java:59)
Tentando conectar Na Url de outro modo
java.io.IOException: Server returned HTTP response code: 500 for URL: http://www.magazineluiza.com.br/busca/Tales+of+the+Abyss/
	at sun.net.www.protocol.http.HttpURLConnection.getInputStream0(Unknown Source)
	at sun.net.www.protocol.http.HttpURLConnection.getInputStream(Unknown Source)
	at comom.Util.getPageBuffer(Util.java:138)
	at comom.Util.readUrl(Util.java:106)
	at comom.Util.readUrlDocument(Util.java:98)
	at interfaces.search.MagazineLuizaSearch.readResults(MagazineLuizaSearch.java:92)
	at interfaces.search.MagazineLuizaSearch.search(MagazineLuizaSearch.java:30)
	at objects.Shop.searchProduct(Shop.java:33)
	at Main.generateHtlReport(Main.java:88)
	at Main.main(Main.java:59)
		Documento Lido
		Resultados: 0
	Tempo Para buscar: 50105
Loja: Mula Games
	URL Principal: http://www.mulagames.com.br/
	URL Busca: http://www.mulagames.com.br/produtos-index/catalogo_produtos/-/-/<BUSCA>/-/-/-/-/-/
http://www.mulagames.com.br/produtos-index/catalogo_produtos/-/-/Tales%20of%20the%20Abyss/-/-/-/-/-/
		Documento Lido
		Resultados: 1
		Nome do Produto: Tales of the Abyss - 3DS
http://www.mulagames.com.br/Tales-of-the-Abyss-3DS/prod-457832/
		Acessando URL do produto.
http://www.mulagames.com.br/produto-ajax_retorna_dados_preco_comprar/457832
		Acessando URL do preço produto.
	Tempo Para buscar: 2619
Loja: Net Shoes
	URL Principal: http://www.netshoes.com.br/
	URL Busca: http://www.netshoes.com.br/search?Ntt=<BUSCA>
http://www.netshoes.com.br/search?Ntt=Tales+of+the+Abyss
		Documento Lido
		Resultados: 60
		Nome do Produto: Jogo Transformers - Dark of the Moon Wii
			Igorando Pelo Filtro de Nome...
		Nome do Produto: Jogo Spider-Man: The Edge of Time Wii
			Igorando Pelo Filtro de Nome...
		Nome do Produto: Tênis Nike The Overplay 8
			Igorando Pelo Filtro de Nome...
		Nome do Produto: Tênis Nike The Overplay 8 NBK
			Igorando Pelo Filtro de Nome...
		Nome do Produto: Tênis Nike Son OF Force Juvenil
			Igorando Pelo Filtro de Nome...
		Nome do Produto: Tênis Coca-Cola The Best Leather Metal
			Igorando Pelo Filtro de Nome...
		Nome do Produto: Mochila Penalty S11 OF
			Igorando Pelo Filtro de Nome...
		Nome do Produto: Tênis Nike The Overplay 7
			Igorando Pelo Filtro de Nome...
		Nome do Produto: Tênis Coca-Cola The Best Leather Metal
			Igorando Pelo Filtro de Nome...
		Nome do Produto: Tênis Coca-Cola The Best Leather Metal
			Igorando Pelo Filtro de Nome...
		Nome do Produto: Tênis Nike Son Of Flight
			Igorando Pelo Filtro de Nome...
		Nome do Produto: Sapatilha Skechers On The Go Presta
			Igorando Pelo Filtro de Nome...
		Nome do Produto: Tênis Nike Son OF Force Juvenil
			Igorando Pelo Filtro de Nome...
		Nome do Produto: Mochila Penalty Matís OF
			Igorando Pelo Filtro de Nome...
		Nome do Produto: Sapatilha Skechers On The Go Presta
			Igorando Pelo Filtro de Nome...
		Nome do Produto: Blusão Nike YA76 HBR Brushed Fleece Over-The-Head c/ Capuz Juvenil
			Igorando Pelo Filtro de Nome...
		Nome do Produto: Mochila Penalty Victoria OF
			Igorando Pelo Filtro de Nome...
		Nome do Produto: Mochila Penalty Matis Of 5
			Igorando Pelo Filtro de Nome...
		Nome do Produto: Tênis Nike Zoom Run The One
			Igorando Pelo Filtro de Nome...
		Nome do Produto: Mochila Penalty Matís OF
			Igorando Pelo Filtro de Nome...
		Nome do Produto: Short Nike Set The Pace
			Igorando Pelo Filtro de Nome...
		Nome do Produto: Tênis Nike Son Of Flight
			Igorando Pelo Filtro de Nome...
		Nome do Produto: Luva Penalty Max Of 12 Infantil
			Igorando Pelo Filtro de Nome...
		Nome do Produto: Mochila Penalty Matis Of 5
			Igorando Pelo Filtro de Nome...
		Nome do Produto: Mochila Penalty Max Of 5
			Igorando Pelo Filtro de Nome...
		Nome do Produto: Mochila Penalty Max Of 5
			Igorando Pelo Filtro de Nome...
		Nome do Produto: Mochila Penalty Digital OF
			Igorando Pelo Filtro de Nome...
		Nome do Produto: Tênis Nike The Overplay 8
			Igorando Pelo Filtro de Nome...
		Nome do Produto: Tênis Nike Son OF Force Juvenil
			Igorando Pelo Filtro de Nome...
		Nome do Produto: Tênis Nike Son OF Force Juvenil
			Igorando Pelo Filtro de Nome...
		Nome do Produto: Camiseta Under Armour Nation of Ballers
			Igorando Pelo Filtro de Nome...
		Nome do Produto: Mochila Penalty Matis Of 5
			Igorando Pelo Filtro de Nome...
		Nome do Produto: Mochila Penalty Matís OF
			Igorando Pelo Filtro de Nome...
		Nome do Produto: Calça Be Up On The Go
			Igorando Pelo Filtro de Nome...
		Nome do Produto: Tênis Skechers ON THE GO
			Igorando Pelo Filtro de Nome...
		Nome do Produto: Camiseta Puma Catch The Cat
			Igorando Pelo Filtro de Nome...
		Nome do Produto: Bota Skechers On The Go Infantil
			Igorando Pelo Filtro de Nome...
		Nome do Produto: The Burner Control Appetite (ThermoBurn) 120 Cáps - Arnold Nutrition
			Igorando Pelo Filtro de Nome...
		Nome do Produto: Tênis Airwalk The One
			Igorando Pelo Filtro de Nome...
		Nome do Produto: Camiseta The King Skull Ghost
			Igorando Pelo Filtro de Nome...
		Nome do Produto: Camiseta Under Armour Nation of Ballers
			Igorando Pelo Filtro de Nome...
		Nome do Produto: Mochila Penalty Digital OF
			Igorando Pelo Filtro de Nome...
		Nome do Produto: Mochila The King
			Igorando Pelo Filtro de Nome...
		Nome do Produto: Camiseta Adidas Porsche OF Course T
			Igorando Pelo Filtro de Nome...
		Nome do Produto: Camiseta Under Armour Nation of Ballers
			Igorando Pelo Filtro de Nome...
		Nome do Produto: Mochila Penalty S11 Of 12
			Igorando Pelo Filtro de Nome...
		Nome do Produto: Mochila Penalty Victoria OF
			Igorando Pelo Filtro de Nome...
		Nome do Produto: Tênis Skechers ON THE GO
			Igorando Pelo Filtro de Nome...
		Nome do Produto: Bota Skechers On The-Go Chugga
			Igorando Pelo Filtro de Nome...
		Nome do Produto: Boné Timberland For the Wilderness
			Igorando Pelo Filtro de Nome...
		Nome do Produto: Boné New Era 950 The Muppets
			Igorando Pelo Filtro de Nome...
		Nome do Produto: Short Nike Set The Pace
			Igorando Pelo Filtro de Nome...
		Nome do Produto: Blusão Nike YA76 HBR Brushed Fleece Over-The-Head c/ Capuz Juvenil
			Igorando Pelo Filtro de Nome...
		Nome do Produto: Tênis The North Face Ultra Smooth
			Igorando Pelo Filtro de Nome...
		Nome do Produto: Tênis Olympikus The Club
			Igorando Pelo Filtro de Nome...
		Nome do Produto: Camiseta Nike The Streets
			Igorando Pelo Filtro de Nome...
		Nome do Produto: Camiseta Timberland Seek the Adventure
			Igorando Pelo Filtro de Nome...
		Nome do Produto: Camiseta Timberland Breathe the Wild Air
			Igorando Pelo Filtro de Nome...
		Nome do Produto: Tênis Skechers On The Go
			Igorando Pelo Filtro de Nome...
		Nome do Produto: Tênis Airwalk The One
			Igorando Pelo Filtro de Nome...
	Tempo Para buscar: 686
Loja: Ponto Frio
	URL Principal: http://www.pontofrio.com.br/
	URL Busca: http://search.pontofrio.com.br/search?w=<BUSCA>
http://search.pontofrio.com.br/search?w=Tales+of+the+Abyss
		Documento Lido
		Resultados: 1
		Nome do Produto: The Lurkers in the Abyss and Other Tales of Terror
http://search.pontofrio.com.br/search?p=R&srid=S3-USCDR02&lbc=pontofrio-br&w=Tales%20of%20the%20Abyss&url=http%3a%2f%2fproduto.pontofrio.com.br%2f4481789%3f&rk=1&uid=520347226&sid=2&ts=custom&rsc=CTawaNUuGesQ0D2C&method=and&isort=score&view=grid
		Nome do Produto: Jogo Tales of Abyss - 3DS
			Igorando Pelo Filtro de Nome...
		Nome do Produto: Out of Time`s Abyss
			Igorando Pelo Filtro de Nome...
		Nome do Produto: The Sixth Black Book of Horror
			Igorando Pelo Filtro de Nome...
		Nome do Produto: Ripples from the Darkness
			Igorando Pelo Filtro de Nome...
		Nome do Produto: Diary of a Super Chump
			Igorando Pelo Filtro de Nome...
		Nome do Produto: Dear Cthulhu
			Igorando Pelo Filtro de Nome...
		Nome do Produto: Purple Crescent
			Igorando Pelo Filtro de Nome...
		Nome do Produto: Demons
			Igorando Pelo Filtro de Nome...
		Nome do Produto: Limbus, Inc. - Book II
			Igorando Pelo Filtro de Nome...
		Nome do Produto: Sin & Ashes
			Igorando Pelo Filtro de Nome...
		Nome do Produto: Turrwan
			Igorando Pelo Filtro de Nome...
		Nome do Produto: Europa
			Igorando Pelo Filtro de Nome...
		Nome do Produto: The Lurkers in the Abyss and Other Tales of Terror
http://search.pontofrio.com.br/search?p=R&srid=S3-USCDR02&lbc=pontofrio-br&w=Tales%20of%20the%20Abyss&url=http%3a%2f%2fproduto.pontofrio.com.br%2f4481789%3f&rk=1&uid=520347226&sid=2&ts=custom&rsc=CTawaNUuGesQ0D2C&method=and&isort=score&view=grid
		Nome do Produto: Jogo Tales of Abyss - 3DS
			Igorando Pelo Filtro de Nome...
		Nome do Produto: Out of Time`s Abyss
			Igorando Pelo Filtro de Nome...
		Nome do Produto: The Sixth Black Book of Horror
			Igorando Pelo Filtro de Nome...
		Nome do Produto: Ripples from the Darkness
			Igorando Pelo Filtro de Nome...
		Nome do Produto: Diary of a Super Chump
			Igorando Pelo Filtro de Nome...
		Nome do Produto: Dear Cthulhu
			Igorando Pelo Filtro de Nome...
		Nome do Produto: Purple Crescent
			Igorando Pelo Filtro de Nome...
		Nome do Produto: Demons
			Igorando Pelo Filtro de Nome...
		Nome do Produto: Limbus, Inc. - Book II
			Igorando Pelo Filtro de Nome...
		Nome do Produto: Sin & Ashes
			Igorando Pelo Filtro de Nome...
		Nome do Produto: Turrwan
			Igorando Pelo Filtro de Nome...
		Nome do Produto: Europa
			Igorando Pelo Filtro de Nome...
	Tempo Para buscar: 3473
Loja: Ricardo Eletro
	URL Principal: http://www.ricardoeletro.com.br/
	URL Busca: http://www.ricardoeletro.com.br/Busca/Resultado/?q=<BUSCA>
http://www.ricardoeletro.com.br/Busca/Resultado/?q=Tales+of+the+Abyss
		Documento Lido
		Resultados: 0
	Tempo Para buscar: 1176
Loja: RiHappy
	URL Principal: http://www.rihappy.com.br/
	URL Busca: http://www.rihappy.com.br/<BUSCA>
http://www.rihappy.com.br/Tales%20of%20the%20Abyss
		Documento Lido
		Resultados: 0
	Tempo Para buscar: 1193
Loja: Saraiva
	URL Principal: http://www.saraiva.com.br/
	URL Busca: http://busca.saraiva.com.br/search?w=<BUSCA>&PAC_ID=129457&ts=ajax
http://busca.saraiva.com.br/search?w=Tales+of+the+Abyss&PAC_ID=129457&ts=ajax
		Documento Lido
		Resultados: 30
		Nome do Produto: Ghosts of the Abyss
			Igorando Pelo Filtro de Nome...
		Nome do Produto: The Abyss of Representation
			Igorando Pelo Filtro de Nome...
		Nome do Produto: People of the Abyss
			Igorando Pelo Filtro de Nome...
		Nome do Produto: The Tale of Tales
			Igorando Pelo Filtro de Nome...
		Nome do Produto: The Tale of Tales
			Igorando Pelo Filtro de Nome...
		Nome do Produto: Tales
			Igorando Pelo Filtro de Nome...
		Nome do Produto: Out of Time's Abyss
			Igorando Pelo Filtro de Nome...
		Nome do Produto: Looking Into The Abyss
			Igorando Pelo Filtro de Nome...
		Nome do Produto: Looking Into The Abyss
			Igorando Pelo Filtro de Nome...
		Nome do Produto: Courting the Abyss
			Igorando Pelo Filtro de Nome...
		Nome do Produto: The Unconscious Abyss
			Igorando Pelo Filtro de Nome...
		Nome do Produto: The People of the Abyss
			Igorando Pelo Filtro de Nome...
		Nome do Produto: The People of the Abyss
			Igorando Pelo Filtro de Nome...
		Nome do Produto: The People of the Abyss
			Igorando Pelo Filtro de Nome...
		Nome do Produto: The People of The Abyss
			Igorando Pelo Filtro de Nome...
		Nome do Produto: The People of the Abyss
			Igorando Pelo Filtro de Nome...
		Nome do Produto: The People of the Abyss
			Igorando Pelo Filtro de Nome...
		Nome do Produto: The People of the Abyss
			Igorando Pelo Filtro de Nome...
		Nome do Produto: The Eye of the Abyss
			Igorando Pelo Filtro de Nome...
		Nome do Produto: The People of the Abyss
			Igorando Pelo Filtro de Nome...
		Nome do Produto: Fate of the Jedi: Abyss
			Igorando Pelo Filtro de Nome...
		Nome do Produto: Fate of the Jedi: Abyss
			Igorando Pelo Filtro de Nome...
		Nome do Produto: Into the Abyss of Suffering
			Igorando Pelo Filtro de Nome...
		Nome do Produto: Tales of the Yukaghir
			Igorando Pelo Filtro de Nome...
		Nome do Produto: Tales of the Tepee
			Igorando Pelo Filtro de Nome...
		Nome do Produto: Tales of the City
			Igorando Pelo Filtro de Nome...
		Nome do Produto: Tales Of The Argonauts
			Igorando Pelo Filtro de Nome...
		Nome do Produto: Tales Of The Klondyke
			Igorando Pelo Filtro de Nome...
		Nome do Produto: Tales of the Argonauts
			Igorando Pelo Filtro de Nome...
		Nome do Produto: Tales of the Argonauts
			Igorando Pelo Filtro de Nome...
	Tempo Para buscar: 948
Loja: Shop Facil
	URL Principal: http://ww2.shopfacil.com.br/
	URL Busca: http://ww2.shopfacil.com.br/<BUSCA>
http://ww2.shopfacil.com.br/Tales%20of%20the%20Abyss
		Documento Lido
		Resultados: 0
	Tempo Para buscar: 1051
Loja: Shop Time
	URL Principal: http://www.shoptime.com.br/
	URL Busca: http://busca.shoptime.com.br/busca.php?q=<BUSCA>
http://busca.shoptime.com.br/busca.php?q=Tales+of+the+Abyss
		Documento Lido
		Resultados: 1
		Nome do Produto: Game Tales of The Abyss - 3DS
http://busca.shoptime.com.br/produto.php?link=http://www.shoptime.com.br/produto/110665741/game-tales-of-the-abyss-3ds&ranking=1&sessao=U70NR1F5COGS7&idbusca=2fd2775c440c1024361d2829bd2f2dcaec8630cc&idproduto=110665741
		Acessando URL do produto.
	Tempo Para buscar: 1153
Loja: ShopB
	URL Principal: http://www.shopb.com.br/
	URL Busca: http://busca.shopb.com.br/?busca=<BUSCA>
http://busca.shopb.com.br/?busca=Tales+of+the+Abyss
		Documento Lido
		Resultados: 30
		Nome do Produto: A Game Of Thrones Genesis - PC
			Igorando Pelo Filtro de Nome...
		Nome do Produto: Ace Combat 6: Fires of liberation - XBOX 360
			Igorando Pelo Filtro de Nome...
		Nome do Produto: Apache Air Assault - XBOX 360
			Igorando Pelo Filtro de Nome...
		Nome do Produto: Army of Two: The 40th Day - PS3
			Igorando Pelo Filtro de Nome...
		Nome do Produto: Army of Two: The 40th Day - XBOX 360
			Igorando Pelo Filtro de Nome...
		Nome do Produto: Army of Two: The Devils Cartel - PS3
			Igorando Pelo Filtro de Nome...
		Nome do Produto: Army of Two: The Devils Cartel - XBOX 360
			Igorando Pelo Filtro de Nome...
		Nome do Produto: Assassins Creed: The Americas Collection - XBOX 360
			Igorando Pelo Filtro de Nome...
		Nome do Produto: Atelier Shallie: Alchemist of the Dusk Sea - PS3
			Igorando Pelo Filtro de Nome...
		Nome do Produto: Back to the Future: The Game - PS3
			Igorando Pelo Filtro de Nome...
		Nome do Produto: Batman Arkham Asylum Game of The Year Edition - PS3
			Igorando Pelo Filtro de Nome...
		Nome do Produto: Batman Arkham Asylum: Game of The Year Edition - XBOX 360
			Igorando Pelo Filtro de Nome...
		Nome do Produto: Batman Arkham City: Game of The Year Edition - PS3
			Igorando Pelo Filtro de Nome...
		Nome do Produto: Batman Arkham City: Game of The Year Edition - XBOX 360
			Igorando Pelo Filtro de Nome...
		Nome do Produto: Best of PlayStation Network Volume 1 - PS3
			Igorando Pelo Filtro de Nome...
		Nome do Produto: Beyond Two Souls - PS3
			Igorando Pelo Filtro de Nome...
		Nome do Produto: Boneco - Anderson "The Spider" Silva UFC Ultimate Collector
			Igorando Pelo Filtro de Nome...
		Nome do Produto: Boneco - Wanderlei "The Axe Murderer" Silva UFC Ultimate Collector
			Igorando Pelo Filtro de Nome...
		Nome do Produto: Borderlands: The Handsome Collection - PS4
			Igorando Pelo Filtro de Nome...
		Nome do Produto: Borderlands: The Handsome Collection - XBOX ONE
			Igorando Pelo Filtro de Nome...
		Nome do Produto: Borderlands: The Pre-Sequel - PS3
			Igorando Pelo Filtro de Nome...
		Nome do Produto: Borderlands: The Pre-Sequel - XBOX 360
			Igorando Pelo Filtro de Nome...
		Nome do Produto: Bundle The Darkness II + Bioshock 2 + Mafia II - PS3
			Igorando Pelo Filtro de Nome...
		Nome do Produto: Bundle The Elder Scrolls V: Skyrim + Bioshock Infinite - XBOX 360
			Igorando Pelo Filtro de Nome...
		Nome do Produto: Call Of Duty 4: Modern Warfare - PS3
			Igorando Pelo Filtro de Nome...
		Nome do Produto: Call Of Duty 4: Modern Warfare - XBOX 360
			Igorando Pelo Filtro de Nome...
		Nome do Produto: Call Of Duty: World at War - XBOX 360
			Igorando Pelo Filtro de Nome...
		Nome do Produto: Call of Duty 3 - PS3
			Igorando Pelo Filtro de Nome...
		Nome do Produto: Call of Duty Advanced Warfare: Atlas Limited Edition - PS4
			Igorando Pelo Filtro de Nome...
		Nome do Produto: Call of Duty Advanced Warfare: Atlas Limited Edition - XBOX ONE
			Igorando Pelo Filtro de Nome...
	Tempo Para buscar: 921
Loja: Submarino
	URL Principal: http://www.submarino.com.br/
	URL Busca: http://busca.submarino.com.br/busca.php?q=<BUSCA>
http://busca.submarino.com.br/busca.php?q=Tales+of+the+Abyss
		Documento Lido
		Resultados: 1
		Nome do Produto: Game Tales of The Abyss - 3DS
http://busca.submarino.com.br/produto.php?link=http://www.submarino.com.br/produto/110665741/game-tales-of-the-abyss-3ds&ranking=1&sessao=U70NR3Z0ZI847&idbusca=0449886122a951623fd5ba2988d2b528d2dc9af2&idproduto=110665741
		Acessando URL do produto.
	Tempo Para buscar: 1689
Loja: Walmart
	URL Principal: http://www.walmart.com.br/
	URL Busca: http://www.walmart.com.br/busca/?ft=<BUSCA>&PS=20
http://www.walmart.com.br/busca/?ft=Tales+of+the+Abyss&PS=20
		Documento Lido
		Resultados: 1
		Nome do Produto: Tales of the Abyss - 3DS
http://www.walmart.com.br//produto/Games/Jogos-para-Nintendo-3DS/Namco/2256158m-tales_of_the_abyss_3ds
		Acessando URL do produto.
	Tempo Para buscar: 2005

File copied from C:\java\workspace Estudo\lookforprices\resources\imports\css.css to C:\java\workspace Estudo\lookforprices\reports\2015-05-04 11\css.css
File copied from C:\java\workspace Estudo\lookforprices\resources\imports\jquery.js to C:\java\workspace Estudo\lookforprices\reports\2015-05-04 11\jquery.js
File copied from C:\java\workspace Estudo\lookforprices\resources\imports\scripts.js to C:\java\workspace Estudo\lookforprices\reports\2015-05-04 11\scripts.js
Tempo total de execução: 88323
