Game: Fantasy Life
Product Name: Fantasy Life
Loja: Nintendo eShop
	URL Principal: http://www.nintendo.com/3ds/eshop
	URL Busca: http://www.nintendo.com/json/content/get/game/filter?&qterm=<BUSCA>
NintendoEShopSearch.search() http://www.nintendo.com/json/content/get/game/filter?&qterm=Fantasy+Life
		Documento Lido
		Resultados: 20
		Nome do Produto: Fantasy Life
http://www.nintendo.com/games/detail/XxUG3UOFGMJvO0WVl-YBcKpqgPCshcNS
		Acessando URL do produto.
URL = http://www.nintendo.com/games/detail/XxUG3UOFGMJvO0WVl-YBcKpqgPCshcNS
		Nome do Produto: Bravely Default
			Igorando Pelo Filtro de Nome...
		Nome do Produto: Rage of the Gladiator
			Igorando Pelo Filtro de Nome...
		Nome do Produto: WWE All Stars
			Igorando Pelo Filtro de Nome...
		Nome do Produto: Active Life: Magical Carnival
			Igorando Pelo Filtro de Nome...
		Nome do Produto: PETZ Fantasy 3D
			Igorando Pelo Filtro de Nome...
		Nome do Produto: Zumba Fitness
			Igorando Pelo Filtro de Nome...
		Nome do Produto: Final Fantasy: The 4 Heroes of Light
			Igorando Pelo Filtro de Nome...
		Nome do Produto: Puzzle Quest 2
			Igorando Pelo Filtro de Nome...
		Nome do Produto: Rage of the Gladiator
			Igorando Pelo Filtro de Nome...
		Nome do Produto: Glory of Heracles
			Igorando Pelo Filtro de Nome...
		Nome do Produto: LEGO Rock Band
			Igorando Pelo Filtro de Nome...
		Nome do Produto: Final Fantasy Crystal Chronicles My Life as a Darklord
http://www.nintendo.com/games/detail/P6z3RBV52_ZVao1rc-AZjGdBoL7XQhFA
		Acessando URL do produto.
URL = http://www.nintendo.com/games/detail/P6z3RBV52_ZVao1rc-AZjGdBoL7XQhFA
		Nome do Produto: Bella Sara
			Igorando Pelo Filtro de Nome...
		Nome do Produto: Final Fantasy IV
			Igorando Pelo Filtro de Nome...
		Nome do Produto: Final Fantasy Crystal Chronicles: My Life as a King
http://www.nintendo.com/games/detail/9_L8X5UTAP8pDrGaJgoII7yMg3B5MhR5
		Acessando URL do produto.
URL = http://www.nintendo.com/games/detail/9_L8X5UTAP8pDrGaJgoII7yMg3B5MhR5
		Nome do Produto: Fullmetal Alchemist Trading Card Game
			Igorando Pelo Filtro de Nome...
		Nome do Produto: Rune Factory: A Fantasy Harvest Moon
			Igorando Pelo Filtro de Nome...
		Nome do Produto: Super Swing Golf
			Igorando Pelo Filtro de Nome...
		Nome do Produto: Final Fantasy III
			Igorando Pelo Filtro de Nome...
	Tempo Para buscar: 1866
Loja: Americanas
	URL Principal: http://www.americanas.com.br/
	URL Busca: http://busca.americanas.com.br/busca.php?q=<BUSCA>
http://busca.americanas.com.br/busca.php?q=Fantasy+Life
		Documento Lido
		Resultados: 2
		Nome do Produto: Fantasy Life
http://busca.americanas.com.br/produto.php?link=http://www.americanas.com.br/produto/8935051/fantasy-life&ranking=1&sessao=U8GF5LWK86OS7&idbusca=f5108d5303c4ea6507e9325dbb1c4dcfad6df5e5&idproduto=8935051
		Acessando URL do produto.
		Nome do Produto: Fantasy Stories Of The Life Cy
http://busca.americanas.com.br/produto.php?link=http://www.americanas.com.br/produto/8668168/fantasy-stories-of-the-life-cy&ranking=2&sessao=U8GF5LWK86OS7&idbusca=f5108d5303c4ea6507e9325dbb1c4dcfad6df5e5&idproduto=8668168
		Acessando URL do produto.
	Tempo Para buscar: 1438
Loja: Big Boy Games
	URL Principal: http://www.bigboygames.com.br/
	URL Busca: http://www.bigboygames.com.br/pesquisa/?p=<BUSCA>
http://www.bigboygames.com.br/pesquisa/?p=Fantasy+Life
		Documento Lido
		Resultados*: 1
		Acessando URL do produto.
	Tempo Para buscar: 1191
Loja: Casas Bahia
	URL Principal: http://www.casasbahia.com.br/
	URL Busca: http://buscas.casasbahia.com.br/search?w=<BUSCA>
http://buscas.casasbahia.com.br/search?w=Fantasy+Life
		Documento Lido
		Resultados: 1
		Nome do Produto: Fantasy Life
http://buscas.casasbahia.com.br/search?p=R&srid=S6-USESD02&lbc=casasbahia&w=Fantasy%20Life&url=http%3a%2f%2fproduto.casasbahia.com.br%2f4598878%3f&rk=1&uid=445188259&sid=2&ts=custom&rsc=-P1aLkpT3-pFiIts&method=and&isort=score&view=grid
		Acessando URL do produto.
		Nome do Produto: Fantasy Stories of the Life Cycles in Nature Making Science Enjoyable
http://buscas.casasbahia.com.br/search?p=R&srid=S6-USESD02&lbc=casasbahia&w=Fantasy%20Life&url=http%3a%2f%2fproduto.casasbahia.com.br%2f4708214%3f&rk=2&uid=445188259&sid=2&ts=custom&rsc=Opxdn0DVI8%3aKvqn8&method=and&isort=score&view=grid
		Acessando URL do produto.
		Nome do Produto: Life
			Igorando Pelo Filtro de Nome...
		Nome do Produto: Swiss Life
			Igorando Pelo Filtro de Nome...
		Nome do Produto: Fantasy Soccer
			Igorando Pelo Filtro de Nome...
		Nome do Produto: Fantasy Hockey
			Igorando Pelo Filtro de Nome...
		Nome do Produto: Fantasy Football for Winners
			Igorando Pelo Filtro de Nome...
		Nome do Produto: A Life Without Edges
			Igorando Pelo Filtro de Nome...
		Nome do Produto: A Life Less Interrupted
			Igorando Pelo Filtro de Nome...
		Nome do Produto: Writing Fantasy Heroes
			Igorando Pelo Filtro de Nome...
		Nome do Produto: Fantasy Basketball Handbook
			Igorando Pelo Filtro de Nome...
		Nome do Produto: Dismantling the Fantasy
			Igorando Pelo Filtro de Nome...
		Nome do Produto: Turning the Page of Life
			Igorando Pelo Filtro de Nome...
		Nome do Produto: The Music of Your Life
			Igorando Pelo Filtro de Nome...
		Nome do Produto: Life in a Slower Lane
			Igorando Pelo Filtro de Nome...
		Nome do Produto: Fantasy Football (Soccer to Yanks)
			Igorando Pelo Filtro de Nome...
		Nome do Produto: Movies and the Meaning of Life
			Igorando Pelo Filtro de Nome...
		Nome do Produto: A Hidden Life and Other Poems
			Igorando Pelo Filtro de Nome...
		Nome do Produto: A Fragment of Life (Dodo Press)
			Igorando Pelo Filtro de Nome...
		Nome do Produto: The Life and Adventures of Santa Claus (Dodo Press)
			Igorando Pelo Filtro de Nome...
	Tempo Para buscar: 3119
Loja: Extra
	URL Principal: http://www.extra.com.br/
	URL Busca: http://buscando.extra.com.br/search?w=<BUSCA>
http://buscando.extra.com.br/search?w=Fantasy+Life
		Documento Lido
		Resultados: 12
		Nome do Produto: Fantasy Life
http://buscando.extra.com.br/search?p=R&srid=S1-USESD02&lbc=extra&w=Fantasy%20Life&url=http%3a%2f%2fproduto.extra.com.br%2f4598878%3f&rk=1&uid=445216785&sid=2&ts=custom&rsc=cEaO7XLl6txogc2L&method=and&isort=score&view=grid
		Acessando URL do produto.
		Nome do Produto: Fantasy Stories of the Life Cycles in Nature Making Science Enjoyable
http://buscando.extra.com.br/search?p=R&srid=S1-USESD02&lbc=extra&w=Fantasy%20Life&url=http%3a%2f%2fproduto.extra.com.br%2f4708214%3f&rk=2&uid=445216785&sid=2&ts=custom&rsc=keBoYaq1QA6TTDl9&method=and&isort=score&view=grid
		Acessando URL do produto.
		Nome do Produto: Life
			Igorando Pelo Filtro de Nome...
		Nome do Produto: Swiss Life
			Igorando Pelo Filtro de Nome...
		Nome do Produto: Fantasy Soccer
			Igorando Pelo Filtro de Nome...
		Nome do Produto: Fantasy Hockey
			Igorando Pelo Filtro de Nome...
		Nome do Produto: Fantasy Football for Winners
			Igorando Pelo Filtro de Nome...
		Nome do Produto: A Life Without Edges
			Igorando Pelo Filtro de Nome...
		Nome do Produto: A Life Less Interrupted
			Igorando Pelo Filtro de Nome...
		Nome do Produto: Writing Fantasy Heroes
			Igorando Pelo Filtro de Nome...
		Nome do Produto: Fantasy Basketball Handbook
			Igorando Pelo Filtro de Nome...
		Nome do Produto: Dismantling the Fantasy
			Igorando Pelo Filtro de Nome...
	Tempo Para buscar: 3516
Loja: E-Virtua
	URL Principal: http://www.evirtua.com.br/
	URL Busca: http://www.evirtua.com.br/Busca?search_department_id=0&SearchTerm=<BUSCA>
http://www.evirtua.com.br/Busca?search_department_id=0&SearchTerm=Fantasy+Life
		Documento Lido
		Resultados: 1
		Nome do Produto: Fantasy Life - Nintendo 3DS
http://www.evirtua.com.br//fantasy-life-nintendo-3ds/3661-01
		Acessando URL do produto.
	Tempo Para buscar: 465
Loja: Fast Games
	URL Principal: http://www.fastgames.com.br/
	URL Busca: http://www.fastgames.com.br/loja/busca.php?loja=187970&palavra_busca=<BUSCA>
http://www.fastgames.com.br/loja/busca.php?loja=187970&palavra_busca=Fantasy+Life
		Documento Lido
		Resultados: 0
	Tempo Para buscar: 479
Loja: Fast Shop
	URL Principal: http://www.fastshop.com.br/loja/
	URL Busca: http://www.fastshop.com.br/webapp/wcs/stores/servlet/SearchDisplay?searchTerm=<BUSCA>&categoryId=&storeId=10151&catalogId=11052&langId=-6&pageSize=9&beginIndex=0&sType=SimpleSearch&resultCatEntryType=2&showResultsPage=true&searchSource=Q&pageView=&hotsite=fastshop
http://www.fastshop.com.br/webapp/wcs/stores/servlet/SearchDisplay?searchTerm=Fantasy+Life&categoryId=&storeId=10151&catalogId=11052&langId=-6&pageSize=9&beginIndex=0&sType=SimpleSearch&resultCatEntryType=2&showResultsPage=true&searchSource=Q&pageView=&hotsite=fastshop
		Documento Lido
		Resultados: 0
	Tempo Para buscar: 439
Loja: FNAC
	URL Principal: http://www.fnac.com.br/index.html
	URL Busca: http://busca.fnac.com.br/?busca=<BUSCA>
http://busca.fnac.com.br/?busca=Fantasy+Life
		Documento Lido
		Resultados: 21
		Nome do Produto: Caminhos Fantásticos
			Igorando Pelo Filtro de Nome...
	Tempo Para buscar: 1237
Loja: Kabum
	URL Principal: http://www.kabum.com.br/
	URL Busca: http://www.kabum.com.br/cgi-local/site/listagem/listagem.cgi?string=<BUSCA>&btnG=
http://www.kabum.com.br/cgi-local/site/listagem/listagem.cgi?string=Fantasy+Life&btnG=
		Documento Lido
		Resultados: 0
	Tempo Para buscar: 412
Loja: Livraria Cultura
	URL Principal: http://www.livrariacultura.com.br/
	URL Busca: http://www.livrariacultura.com.br/busca?N=0&Ntt=<BUSCA>
http://www.livrariacultura.com.br/busca?N=0&Ntt=Fantasy+Life
		Documento Lido
		Resultados: 48
		Nome do Produto: SAGA, V.1
			Igorando Pelo Filtro de Nome...
		Nome do Produto: ADOBE MASTER CLASS
			Igorando Pelo Filtro de Nome...
		Nome do Produto: NO GAME NO LIFE, VOL. 2
			Igorando Pelo Filtro de Nome...
		Nome do Produto: HORNS
			Igorando Pelo Filtro de Nome...
		Nome do Produto: UNFORGETTABLE HEROES BOXED SET
			Igorando Pelo Filtro de Nome...
		Nome do Produto: WISE MAN'S FEAR, THE - THE KINGKILLER CHRONICLE
			Igorando Pelo Filtro de Nome...
		Nome do Produto: CELTIC FAIRY TALES
			Igorando Pelo Filtro de Nome...
		Nome do Produto: UNTIL THE END
			Igorando Pelo Filtro de Nome...
		Nome do Produto: THE MAGICIANS AND THE MAGICIAN KING
			Igorando Pelo Filtro de Nome...
		Nome do Produto: RUBY RED
			Igorando Pelo Filtro de Nome...
		Nome do Produto: BOOK OF LOST TALES, THE, V.I
			Igorando Pelo Filtro de Nome...
		Nome do Produto: ROBERT DOWNEY, JR.: A BIOGRAPHY
			Igorando Pelo Filtro de Nome...
		Nome do Produto: BREAKING DAWN
			Igorando Pelo Filtro de Nome...
		Nome do Produto: DELPHI COMPLETE WORKS OF GEORGE MACDONALD
			Igorando Pelo Filtro de Nome...
		Nome do Produto: THE PLEDGE
			Igorando Pelo Filtro de Nome...
		Nome do Produto: THE PATH OF DAGGERS
			Igorando Pelo Filtro de Nome...
		Nome do Produto: A HUNGER LIKE NO OTHER
			Igorando Pelo Filtro de Nome...
		Nome do Produto: ANY MAN OF MINE
			Igorando Pelo Filtro de Nome...
		Nome do Produto: DARK WITCH
			Igorando Pelo Filtro de Nome...
		Nome do Produto: THE GOBLIN EMPEROR
			Igorando Pelo Filtro de Nome...
		Nome do Produto: HARD-CORE ROMANCE
			Igorando Pelo Filtro de Nome...
		Nome do Produto: SERAPHINA
			Igorando Pelo Filtro de Nome...
		Nome do Produto: THE KNIGHT IN RUSTY ARMOR
			Igorando Pelo Filtro de Nome...
		Nome do Produto: FOREST MAGE (THE SOLDIER SON TRILOGY, BOOK 2)
			Igorando Pelo Filtro de Nome...
		Nome do Produto: WELL SUITED
			Igorando Pelo Filtro de Nome...
		Nome do Produto: UNWRITTEN, V.2 - INSIDE MAN
			Igorando Pelo Filtro de Nome...
		Nome do Produto: BACK TO LOUIS BRAILLE IN 1823 FRANCE!
			Igorando Pelo Filtro de Nome...
		Nome do Produto: KATE'S CREW
			Igorando Pelo Filtro de Nome...
		Nome do Produto: PHYSICS OF SPIRIT: GOD, HEAVEN AND HUMAN
			Igorando Pelo Filtro de Nome...
		Nome do Produto: THE SUBMISSIVE
			Igorando Pelo Filtro de Nome...
		Nome do Produto: BECOME YOUR OWN MATCHMAKER
			Igorando Pelo Filtro de Nome...
		Nome do Produto: THE WITCH WITH NO NAME
			Igorando Pelo Filtro de Nome...
		Nome do Produto: INCREDIBLE COMIC BOOK WOMEN WITH TOM NGUYEN: THE
			Igorando Pelo Filtro de Nome...
		Nome do Produto: FANTASY LIFE
http://www.livrariacultura.com.br/p/fantasy-life-17166104
		Acessando URL do produto.
		Nome do Produto: FANTASY LIFE
http://www.livrariacultura.com.br/p/fantasy-life-42064563
		Acessando URL do produto.
		Nome do Produto: FANTASY LIFE
http://www.livrariacultura.com.br/p/fantasy-life-84220015
		Acessando URL do produto.
		Nome do Produto: FANTASY LIFE: POEMS
http://www.livrariacultura.com.br/p/fantasy-life-poems-60539588
		Acessando URL do produto.
		Nome do Produto: FANTASY LIFE
http://www.livrariacultura.com.br/p/fantasy-life-22098360
		Acessando URL do produto.
		Nome do Produto: TINA'S WET DREAM (MASTURBATION FANTASY EROTICA)
			Igorando Pelo Filtro de Nome...
		Nome do Produto: THE LIFE AND TIMES OF THUNDERBOLT KID
			Igorando Pelo Filtro de Nome...
		Nome do Produto: THE LIFE AND TIMES OF THE THUNDERBOLT KID
			Igorando Pelo Filtro de Nome...
		Nome do Produto: DAYDREAMING AND FANTASY (PSYCHOLOGY REVIVALS)
			Igorando Pelo Filtro de Nome...
		Nome do Produto: A SWINGER'S LIFE
			Igorando Pelo Filtro de Nome...
		Nome do Produto: FANTASY FOOTBALL FOR WINNERS
			Igorando Pelo Filtro de Nome...
		Nome do Produto: FOREVER FANTASY
			Igorando Pelo Filtro de Nome...
		Nome do Produto: SIGNS OF LIFE
			Igorando Pelo Filtro de Nome...
		Nome do Produto: FANTASY FOOTBALL FOR WINNERS: THE KICK-ASS GUIDE
			Igorando Pelo Filtro de Nome...
		Nome do Produto: LIFE AND FANTASY
http://www.livrariacultura.com.br/p/life-and-fantasy-42012154
		Acessando URL do produto.
	Tempo Para buscar: 6881
Loja: Magazine Luiza
	URL Principal: http://www.magazineluiza.com.br/
	URL Busca: http://www.magazineluiza.com.br/busca/<BUSCA>/
http://www.magazineluiza.com.br/busca/Fantasy+Life/
		Documento Lido
		Resultados: 1
		Nome do Produto: Fantasy Life para Nintendo 3DS - Nintendo
http://www.magazineluiza.com.br//fantasy-life-para-nintendo-3ds-nintendo/p/2117121/ga/gjds/?_b=Fantasy+Life
		Acessando URL do produto.
	Tempo Para buscar: 593
Loja: Mula Games
	URL Principal: http://www.mulagames.com.br/
	URL Busca: http://www.mulagames.com.br/produtos-index/catalogo_produtos/-/-/<BUSCA>/-/-/-/-/-/
http://www.mulagames.com.br/produtos-index/catalogo_produtos/-/-/Fantasy%20Life/-/-/-/-/-/
		Documento Lido
		Resultados: 1
		Nome do Produto: Fantasy Life - 3DS
http://www.mulagames.com.br/Fantasy-Life-3DS/prod-2438245/
		Acessando URL do produto.
http://www.mulagames.com.br/produto-ajax_retorna_dados_preco_comprar/2438245
		Acessando URL do preço produto.
	Tempo Para buscar: 2966
Loja: Net Shoes
	URL Principal: http://www.netshoes.com.br/
	URL Busca: http://www.netshoes.com.br/search?Ntt=<BUSCA>
http://www.netshoes.com.br/search?Ntt=Fantasy+Life
		Documento Lido
		Resultados: 35
		Nome do Produto: Calça Legging Fila Life New
			Igorando Pelo Filtro de Nome...
		Nome do Produto: Calça Legging Fila Life New
			Igorando Pelo Filtro de Nome...
		Nome do Produto: Relógio Speedo Essential Sport Life Style
			Igorando Pelo Filtro de Nome...
		Nome do Produto: Relógio Speedo Essential Sport Life Style
			Igorando Pelo Filtro de Nome...
		Nome do Produto: Bermuda Fila Life
			Igorando Pelo Filtro de Nome...
		Nome do Produto: Calça Capri Fila Life
			Igorando Pelo Filtro de Nome...
		Nome do Produto: Calça Capri Fila Life
			Igorando Pelo Filtro de Nome...
		Nome do Produto: Camiseta Element Life
			Igorando Pelo Filtro de Nome...
		Nome do Produto: Bermuda Fila Life
			Igorando Pelo Filtro de Nome...
		Nome do Produto: Camiseta Element For Life
			Igorando Pelo Filtro de Nome...
		Nome do Produto: Camiseta Element For Life
			Igorando Pelo Filtro de Nome...
		Nome do Produto: Boné Urgh Skate Life
			Igorando Pelo Filtro de Nome...
		Nome do Produto: Camiseta Element Life
			Igorando Pelo Filtro de Nome...
		Nome do Produto: Relógio Speedo Essential Sport Life Style
			Igorando Pelo Filtro de Nome...
		Nome do Produto: Camiseta Timberland Worn For Life
			Igorando Pelo Filtro de Nome...
		Nome do Produto: Camiseta Element For Life
			Igorando Pelo Filtro de Nome...
		Nome do Produto: Jogo Final Fantasy XIII 2 PS3
			Igorando Pelo Filtro de Nome...
		Nome do Produto: Camiseta Fila Life
			Igorando Pelo Filtro de Nome...
		Nome do Produto: Camiseta Timberland Worn For Life
			Igorando Pelo Filtro de Nome...
		Nome do Produto: Calça Capri Fila Life
			Igorando Pelo Filtro de Nome...
		Nome do Produto: Calça Legging Fila Life New
			Igorando Pelo Filtro de Nome...
		Nome do Produto: Bermuda Fila Life
			Igorando Pelo Filtro de Nome...
		Nome do Produto: Bermuda Fila Life
			Igorando Pelo Filtro de Nome...
		Nome do Produto: Top Fila Life
			Igorando Pelo Filtro de Nome...
		Nome do Produto: Top Fila Life
			Igorando Pelo Filtro de Nome...
		Nome do Produto: Top Fila Life
			Igorando Pelo Filtro de Nome...
		Nome do Produto: Touca Speedo Xtra Life
			Igorando Pelo Filtro de Nome...
		Nome do Produto: Top Fila Life
			Igorando Pelo Filtro de Nome...
		Nome do Produto: Mochila Coca-Cola Life Style
			Igorando Pelo Filtro de Nome...
		Nome do Produto: Camiseta Fila Life
			Igorando Pelo Filtro de Nome...
		Nome do Produto: Camiseta Pretorian Hard Life
			Igorando Pelo Filtro de Nome...
		Nome do Produto: Macacão Rainha Melange
			Igorando Pelo Filtro de Nome...
		Nome do Produto: Top Rainha New
			Igorando Pelo Filtro de Nome...
		Nome do Produto: Top Rainha New
			Igorando Pelo Filtro de Nome...
		Nome do Produto: Top Rainha New
			Igorando Pelo Filtro de Nome...
	Tempo Para buscar: 450
Loja: Ponto Frio
	URL Principal: http://www.pontofrio.com.br/
	URL Busca: http://search.pontofrio.com.br/search?w=<BUSCA>
http://search.pontofrio.com.br/search?w=Fantasy+Life
		Documento Lido
		Resultados: 1
		Nome do Produto: Fantasy Life
http://search.pontofrio.com.br/search?p=R&srid=S3-USCDR01&lbc=pontofrio-br&w=Fantasy%20Life&url=http%3a%2f%2fproduto.pontofrio.com.br%2f4598878%3f&rk=1&uid=44538978&sid=2&ts=custom&rsc=TU4JqHqhvOVdytaG&method=and&isort=score&view=grid
		Nome do Produto: Fantasy Stories of the Life Cycles in Nature Making Science Enjoyable
http://search.pontofrio.com.br/search?p=R&srid=S3-USCDR01&lbc=pontofrio-br&w=Fantasy%20Life&url=http%3a%2f%2fproduto.pontofrio.com.br%2f4708214%3f&rk=2&uid=44538978&sid=2&ts=custom&rsc=iHc2oN3iDdBlf70e&method=and&isort=score&view=grid
		Nome do Produto: Life
			Igorando Pelo Filtro de Nome...
		Nome do Produto: Fantasy Soccer
			Igorando Pelo Filtro de Nome...
		Nome do Produto: Fantasy Hockey
			Igorando Pelo Filtro de Nome...
		Nome do Produto: Swiss Life
			Igorando Pelo Filtro de Nome...
		Nome do Produto: Fantasy Football for Winners
			Igorando Pelo Filtro de Nome...
		Nome do Produto: Writing Fantasy Heroes
			Igorando Pelo Filtro de Nome...
		Nome do Produto: Fantasy Basketball Handbook
			Igorando Pelo Filtro de Nome...
		Nome do Produto: Dismantling the Fantasy
			Igorando Pelo Filtro de Nome...
		Nome do Produto: A Life Without Edges
			Igorando Pelo Filtro de Nome...
		Nome do Produto: A Life Less Interrupted
			Igorando Pelo Filtro de Nome...
		Nome do Produto: Fantasy Football (Soccer to Yanks)
			Igorando Pelo Filtro de Nome...
		Nome do Produto: Turning the Page of Life
			Igorando Pelo Filtro de Nome...
		Nome do Produto: The Music of Your Life
			Igorando Pelo Filtro de Nome...
		Nome do Produto: Life in a Slower Lane
			Igorando Pelo Filtro de Nome...
		Nome do Produto: A Hidden Life and Other Poems
			Igorando Pelo Filtro de Nome...
		Nome do Produto: Movies and the Meaning of Life
			Igorando Pelo Filtro de Nome...
		Nome do Produto: A Fragment of Life (Dodo Press)
			Igorando Pelo Filtro de Nome...
		Nome do Produto: Beyond the Horse`s Eye -- A Fantasy Out of Time
			Igorando Pelo Filtro de Nome...
		Nome do Produto: Fantasy Life
http://search.pontofrio.com.br/search?p=R&srid=S3-USCDR01&lbc=pontofrio-br&w=Fantasy%20Life&url=http%3a%2f%2fproduto.pontofrio.com.br%2f4598878%3f&rk=1&uid=44538978&sid=2&ts=custom&rsc=TU4JqHqhvOVdytaG&method=and&isort=score&view=grid
		Nome do Produto: Fantasy Stories of the Life Cycles in Nature Making Science Enjoyable
http://search.pontofrio.com.br/search?p=R&srid=S3-USCDR01&lbc=pontofrio-br&w=Fantasy%20Life&url=http%3a%2f%2fproduto.pontofrio.com.br%2f4708214%3f&rk=2&uid=44538978&sid=2&ts=custom&rsc=iHc2oN3iDdBlf70e&method=and&isort=score&view=grid
		Nome do Produto: Life
			Igorando Pelo Filtro de Nome...
		Nome do Produto: Fantasy Soccer
			Igorando Pelo Filtro de Nome...
		Nome do Produto: Fantasy Hockey
			Igorando Pelo Filtro de Nome...
		Nome do Produto: Swiss Life
			Igorando Pelo Filtro de Nome...
		Nome do Produto: Fantasy Football for Winners
			Igorando Pelo Filtro de Nome...
		Nome do Produto: Writing Fantasy Heroes
			Igorando Pelo Filtro de Nome...
		Nome do Produto: Fantasy Basketball Handbook
			Igorando Pelo Filtro de Nome...
		Nome do Produto: Dismantling the Fantasy
			Igorando Pelo Filtro de Nome...
		Nome do Produto: A Life Without Edges
			Igorando Pelo Filtro de Nome...
		Nome do Produto: A Life Less Interrupted
			Igorando Pelo Filtro de Nome...
		Nome do Produto: Fantasy Football (Soccer to Yanks)
			Igorando Pelo Filtro de Nome...
		Nome do Produto: Turning the Page of Life
			Igorando Pelo Filtro de Nome...
		Nome do Produto: The Music of Your Life
			Igorando Pelo Filtro de Nome...
		Nome do Produto: Life in a Slower Lane
			Igorando Pelo Filtro de Nome...
		Nome do Produto: A Hidden Life and Other Poems
			Igorando Pelo Filtro de Nome...
		Nome do Produto: Movies and the Meaning of Life
			Igorando Pelo Filtro de Nome...
		Nome do Produto: A Fragment of Life (Dodo Press)
			Igorando Pelo Filtro de Nome...
		Nome do Produto: Beyond the Horse`s Eye -- A Fantasy Out of Time
			Igorando Pelo Filtro de Nome...
	Tempo Para buscar: 3931
Loja: Ricardo Eletro
	URL Principal: http://www.ricardoeletro.com.br/
	URL Busca: http://www.ricardoeletro.com.br/Busca/Resultado/?q=<BUSCA>
http://www.ricardoeletro.com.br/Busca/Resultado/?q=Fantasy+Life
		Documento Lido
		Resultados: 9
		Nome do Produto: Berço Burigotto com Trocador, Mosquiteiro e Capota Amore Fantasy Bege
			Igorando Pelo Filtro de Nome...
		Nome do Produto: Berço Burigotto com Mosquiteiro, Regulagem de Altura e Trocador Elevado Sleepin Fantasy Azul
			Igorando Pelo Filtro de Nome...
		Nome do Produto: Berço Burigotto com Trocador, Mosquiteiro e Capota Amore Fantasy Rosa
			Igorando Pelo Filtro de Nome...
		Nome do Produto: Berço Burigotto com Mosquiteiro, Regulagem de Altura e Trocador Elevado Sleepin Fantasy Bege
			Igorando Pelo Filtro de Nome...
		Nome do Produto: Berço Burigotto com Mosquiteiro, Regulagem de Altura e Trocador Elevado Sleepin Fantasy Rosa
			Igorando Pelo Filtro de Nome...
		Nome do Produto: Jogo Final Fantasy XIV: A Realm Reborn para Playstation 4 (PS4)
			Igorando Pelo Filtro de Nome...
		Nome do Produto: Babador com Cata Migalha Bébé Confort Fantasy
			Igorando Pelo Filtro de Nome...
		Nome do Produto: Conjunto de Alimentação Step 3 Bee Fantasy - Bébé Confort
			Igorando Pelo Filtro de Nome...
		Nome do Produto: Conjunto de Alimentação Step 3 Le Cirque Au Village + Babador com Cata Migalha Fantasy - Bébé Confort
			Igorando Pelo Filtro de Nome...
	Tempo Para buscar: 700
Loja: RiHappy
	URL Principal: http://www.rihappy.com.br/
	URL Busca: http://www.rihappy.com.br/<BUSCA>
http://www.rihappy.com.br/Fantasy%20Life
		Documento Lido
		Resultados: 0
	Tempo Para buscar: 1173
Loja: Saraiva
	URL Principal: http://www.saraiva.com.br/
	URL Busca: http://busca.saraiva.com.br/search?w=<BUSCA>&PAC_ID=129457&ts=ajax
http://busca.saraiva.com.br/search?w=Fantasy+Life&PAC_ID=129457&ts=ajax
		Documento Lido
		Resultados: 1
		Nome do Produto: Cabo de Lightning Para USB Apple Md818bz/a
			Igorando Pelo Filtro de Nome...
	Tempo Para buscar: 304
Loja: Shop Facil
	URL Principal: http://ww2.shopfacil.com.br/
	URL Busca: http://ww2.shopfacil.com.br/<BUSCA>
http://ww2.shopfacil.com.br/Fantasy%20Life
		Documento Lido
		Resultados: 0
	Tempo Para buscar: 1989
Loja: Shop Time
	URL Principal: http://www.shoptime.com.br/
	URL Busca: http://busca.shoptime.com.br/busca.php?q=<BUSCA>
http://busca.shoptime.com.br/busca.php?q=Fantasy+Life
		Documento Lido
		Resultados: 2
		Nome do Produto: Fantasy Life Fantasy Stories Of The Life Cy
http://busca.shoptime.com.br/produto.php?link=http://www.shoptime.com.br/produto/8935051/fantasy-life&ranking=1&sessao=U8GF6PGOK5C07&idbusca=dfb2e32ebf15b6e5a20edae3771621dcf89d3cd2&idproduto=8935051
		Acessando URL do produto.
		Nome do Produto: Fantasy Life Fantasy Stories Of The Life Cy
http://busca.shoptime.com.br/produto.php?link=http://www.shoptime.com.br/produto/8668168/fantasy-stories-of-the-life-cy&ranking=2&sessao=U8GF6PGOK5C07&idbusca=dfb2e32ebf15b6e5a20edae3771621dcf89d3cd2&idproduto=8668168
		Acessando URL do produto.
	Tempo Para buscar: 1194
Loja: ShopB
	URL Principal: http://www.shopb.com.br/
	URL Busca: http://busca.shopb.com.br/?busca=<BUSCA>
http://busca.shopb.com.br/?busca=Fantasy+Life
		Documento Lido
		Resultados: 31
		Nome do Produto: Fantasy Life - 3DS
http://shopb.ecommercesearch.com.br/Busca/Redir?url=http%3a%2f%2fwww.shopb.com.br%2fecommerce_site%2findex.php%3fpg%3dproduto%26cdg%3d4488%26idp%3d39537%26idparceiro%3dp1&esid=39537
		Acessando URL do produto.
		Nome do Produto: Cabo / Fonte - Kinect
			Igorando Pelo Filtro de Nome...
		Nome do Produto: Celular Blu Life Play Android 4.2 c/ Câmera integrada 8 MP, 16 GB, 1.5 Ghz, 1 GB Ram e Micro SD - Amarelo
			Igorando Pelo Filtro de Nome...
		Nome do Produto: Celular Blu Life Play Android 4.2 c/ Câmera integrada 8 MP, 16 GB, 1.5 Ghz, 1 GB Ram e Micro SD - Azul
			Igorando Pelo Filtro de Nome...
		Nome do Produto: Celular Blu Life Play Android 4.2 c/ Câmera integrada 8 MP, 16 GB, 1.5 Ghz, 1 GB Ram e Micro SD - Branco
			Igorando Pelo Filtro de Nome...
		Nome do Produto: Celular Blu Life Play Android 4.2 c/ Câmera integrada 8 MP, 16 GB, 1.5 Ghz, 1 GB Ram e Micro SD - Cinza
			Igorando Pelo Filtro de Nome...
		Nome do Produto: Celular Blu Life Play Android 4.2 c/ Câmera integrada 8 MP, 16 GB, 1.5 Ghz, 1 GB Ram e Micro SD - Rosa
			Igorando Pelo Filtro de Nome...
		Nome do Produto: Disney Fantasia: Music Evolved - XBOX 360
			Igorando Pelo Filtro de Nome...
		Nome do Produto: Fantastic Pets - XBOX 360 [Requer Kinect]
			Igorando Pelo Filtro de Nome...
		Nome do Produto: Final Fantasy Type-0 HD - PS4
			Igorando Pelo Filtro de Nome...
		Nome do Produto: Final Fantasy Type-0 HD - XBOX ONE
			Igorando Pelo Filtro de Nome...
		Nome do Produto: Final Fantasy X/X-2 HD Remaster - PS Vita
			Igorando Pelo Filtro de Nome...
		Nome do Produto: Final Fantasy X/X-2 HD Remaster - PS3
			Igorando Pelo Filtro de Nome...
		Nome do Produto: Final Fantasy X/X-2 HD Remaster - PS4
			Igorando Pelo Filtro de Nome...
		Nome do Produto: Final Fantasy XIII - 2 - PS3
			Igorando Pelo Filtro de Nome...
		Nome do Produto: Final Fantasy XIII - PS3
			Igorando Pelo Filtro de Nome...
		Nome do Produto: Final Fantasy XIII-2 - XBOX 360
			Igorando Pelo Filtro de Nome...
		Nome do Produto: Final Fantasy XIII-3: Lightning Returns - PS3
			Igorando Pelo Filtro de Nome...
		Nome do Produto: Final Fantasy XIII-3: Lightning Returns - XBOX 360
			Igorando Pelo Filtro de Nome...
		Nome do Produto: Final Fantasy XIV: A Realm Reborn - PS3
			Igorando Pelo Filtro de Nome...
		Nome do Produto: Final Fantasy XIV: A Realm Reborn - PS3
			Igorando Pelo Filtro de Nome...
		Nome do Produto: Final Fantasy XIV: A Realm Reborn - PS4
			Igorando Pelo Filtro de Nome...
		Nome do Produto: Final Fantasy XV - PS4
			Igorando Pelo Filtro de Nome...
		Nome do Produto: Final Fantasy XV - XBOX ONE
			Igorando Pelo Filtro de Nome...
		Nome do Produto: Fonte de Alimentação 250W - BlueCase
			Igorando Pelo Filtro de Nome...
		Nome do Produto: Fonte de Alimentação 500W - BlueCase
			Igorando Pelo Filtro de Nome...
		Nome do Produto: Fonte de Alimentação 500W - Kolke
			Igorando Pelo Filtro de Nome...
		Nome do Produto: Fonte de Alimentação 600W 80 Plus Bronze Strike X EN53822 - Aerocool
			Igorando Pelo Filtro de Nome...
		Nome do Produto: Fonte de Alimentação ATX 200W - PcTop
			Igorando Pelo Filtro de Nome...
		Nome do Produto: Fonte para XBOX 360 Fat Arcade - 110v
			Igorando Pelo Filtro de Nome...
		Nome do Produto: Fonte para XBOX 360 Fat Arcade - 220v
			Igorando Pelo Filtro de Nome...
	Tempo Para buscar: 1831
Loja: Submarino
	URL Principal: http://www.submarino.com.br/
	URL Busca: http://busca.submarino.com.br/busca.php?q=<BUSCA>
http://busca.submarino.com.br/busca.php?q=Fantasy+Life
		Documento Lido
		Resultados: 3
		Nome do Produto: Fantasy Life
http://busca.submarino.com.br/produto.php?link=http://www.submarino.com.br/produto/8935051/fantasy-life&ranking=1&sessao=U8GF6TAI0EO87&idbusca=deb233f173840f9ff3a3282c8a9f979493f6dfc2&idproduto=8935051
		Acessando URL do produto.
		Nome do Produto: Fantasy Stories Of The Life Cy
http://busca.submarino.com.br/produto.php?link=http://www.submarino.com.br/produto/8668168/fantasy-stories-of-the-life-cy&ranking=2&sessao=U8GF6TAI0EO87&idbusca=deb233f173840f9ff3a3282c8a9f979493f6dfc2&idproduto=8668168
		Acessando URL do produto.
		Nome do Produto: Game Fantasy Life - 3DS
http://busca.submarino.com.br/produto.php?link=http://www.submarino.com.br/produto/121101174/game-fantasy-life-3ds&ranking=3&sessao=U8GF6TAI0EO87&idbusca=deb233f173840f9ff3a3282c8a9f979493f6dfc2&idproduto=121101174
		Acessando URL do produto.
	Tempo Para buscar: 1942
Loja: Walmart
	URL Principal: http://www.walmart.com.br/
	URL Busca: http://www.walmart.com.br/busca/?ft=<BUSCA>&PS=20
http://www.walmart.com.br/busca/?ft=Fantasy+Life&PS=20
		Documento Lido
		Resultados: 20
		Nome do Produto: Umidificador e Ionizador Ultrassônico - 2 Litros - ZG5000 G-Life
			Igorando Pelo Filtro de Nome...
		Nome do Produto: Massageador Portátil com Infravermelho G-Life Squalo
			Igorando Pelo Filtro de Nome...
		Nome do Produto: Pedicure Soft - G-Life
			Igorando Pelo Filtro de Nome...
		Nome do Produto: Balança Digital de Vidro Capacidade 150kg - G-life
			Igorando Pelo Filtro de Nome...
		Nome do Produto: Conjunto de Panelas 6 Peças Ceramic Life 2.5mm com Revestimento de Cerâmica - Brinox
			Igorando Pelo Filtro de Nome...
		Nome do Produto: Conjunto de Panelas 8 Peças com Revestimento de Cerâmica - Brinox
			Igorando Pelo Filtro de Nome...
		Nome do Produto: Grill com Revestimento Cerâmico Ceramic Life Vermelha 26 X 26 cm - Brinox
			Igorando Pelo Filtro de Nome...
		Nome do Produto: Caçarola Brinox Cerâmica Ceramic Life 20 cm - Preto
			Igorando Pelo Filtro de Nome...
		Nome do Produto: Fantasy Eau de Parfum Feminino 100 ml
			Igorando Pelo Filtro de Nome...
		Nome do Produto: Kit Manicure Premium 3000 G-Life Bivolt -15 Peças
			Igorando Pelo Filtro de Nome...
		Nome do Produto: Midnight Fantasy Eau de Toilette Feminino
			Igorando Pelo Filtro de Nome...
		Nome do Produto: Espelho De Aumento Dupla Face Basic 3x G-Life - JY2000
			Igorando Pelo Filtro de Nome...
		Nome do Produto: Berço Mini Cama Fantasy Branco - Robel
			Igorando Pelo Filtro de Nome...
		Nome do Produto: Estante Multivisão 1653 Life – Branco com Preto
			Igorando Pelo Filtro de Nome...
		Nome do Produto: Mesa Dobrável Multiuso 1,83m LifeTime Apoio Festas Bancada Trabalho WLM8363090
			Igorando Pelo Filtro de Nome...
		Nome do Produto: Passadeira Shaggy Fantasy Amendoa 66 x 125 cm
			Igorando Pelo Filtro de Nome...
		Nome do Produto: Fone de Ouvido Headset Microsoft LifeChat LX-1000
			Igorando Pelo Filtro de Nome...
		Nome do Produto: Headphone Beewi Ground Bee Bluetooth - Azul
			Igorando Pelo Filtro de Nome...
		Nome do Produto: Web Cam Microsoft LifeCam HD-3000 USB Full HD de 720p com Microfone - T3H-00011
			Igorando Pelo Filtro de Nome...
		Nome do Produto: Headset Microsoft Life Chat LX-2000 Estéreo com Controle Volume/Microfone
			Igorando Pelo Filtro de Nome...
	Tempo Para buscar: 1393

File copied from C:\java\workspace Estudo\lookforprices\resources\imports\css.css to C:\java\workspace Estudo\lookforprices\reports\2015-05-26 09\css.css
File copied from C:\java\workspace Estudo\lookforprices\resources\imports\jquery.js to C:\java\workspace Estudo\lookforprices\reports\2015-05-26 09\jquery.js
File copied from C:\java\workspace Estudo\lookforprices\resources\imports\scripts.js to C:\java\workspace Estudo\lookforprices\reports\2015-05-26 09\scripts.js
Tempo total de execução: 39522
