Game: Kingdom Hearts 3D
Product Name: Kingdom Hearts 3D
Loja: Nintendo eShop
	URL Principal: http://www.nintendo.com/3ds/eshop
	URL Busca: http://www.nintendo.com/json/content/get/game/filter?&qterm=<BUSCA>
NintendoEShopSearch.search() http://www.nintendo.com/json/content/get/game/filter?&qterm=Kingdom+Hearts+3D
		Documento Lido
		Resultados: 2
		Nome do Produto: Kingdom Hearts 3D [Dream Drop Distance]
http://www.nintendo.com/games/detail/lMsdY4sAuNaMvikXHPN53UOKQYL-5UM8
		Acessando URL do produto.
URL = http://www.nintendo.com/games/detail/lMsdY4sAuNaMvikXHPN53UOKQYL-5UM8
		Nome do Produto: Heroes of Mana
			Igorando Pelo Filtro de Nome...
	Tempo Para buscar: 1215
Loja: Americanas
	URL Principal: http://www.americanas.com.br/
	URL Busca: http://busca.americanas.com.br/busca.php?q=<BUSCA>
http://busca.americanas.com.br/busca.php?q=Kingdom+Hearts+3D
		Documento Lido
		Resultados: 1
		Nome do Produto: Jogo Nintendo 3ds Kingdom Hearts 3d: Dream Distance - Square-Enix
http://busca.americanas.com.br/produto.php?link=http://www.americanas.com.br/produto/8578654/jogo-nintendo-3ds-kingdom-hearts-3d-dream-distance-square-enix&ranking=1&sessao=U8GFC3FGRPCW7&idbusca=4faf07f938b51a64470f27c4f9b7dc04df8b9512&idproduto=8578654
		Acessando URL do produto.
	Tempo Para buscar: 790
Loja: Big Boy Games
	URL Principal: http://www.bigboygames.com.br/
	URL Busca: http://www.bigboygames.com.br/pesquisa/?p=<BUSCA>
http://www.bigboygames.com.br/pesquisa/?p=Kingdom+Hearts+3D
		Documento Lido
		Resultados*: 1
		Acessando URL do produto.
	Tempo Para buscar: 1336
Loja: Casas Bahia
	URL Principal: http://www.casasbahia.com.br/
	URL Busca: http://buscas.casasbahia.com.br/search?w=<BUSCA>
http://buscas.casasbahia.com.br/search?w=Kingdom+Hearts+3D
		Documento Lido
		Resultados: 2
		Nome do Produto: 
			Igorando Pelo Filtro de Nome...
		Nome do Produto: 
			Igorando Pelo Filtro de Nome...
		Nome do Produto: 
			Igorando Pelo Filtro de Nome...
		Nome do Produto: 
			Igorando Pelo Filtro de Nome...
		Nome do Produto: 
			Igorando Pelo Filtro de Nome...
		Nome do Produto: 
			Igorando Pelo Filtro de Nome...
		Nome do Produto: 
			Igorando Pelo Filtro de Nome...
		Nome do Produto: 
			Igorando Pelo Filtro de Nome...
		Nome do Produto: 
			Igorando Pelo Filtro de Nome...
		Nome do Produto: 
			Igorando Pelo Filtro de Nome...
		Nome do Produto: 
			Igorando Pelo Filtro de Nome...
		Nome do Produto: 
			Igorando Pelo Filtro de Nome...
		Nome do Produto: 
			Igorando Pelo Filtro de Nome...
		Nome do Produto: 
			Igorando Pelo Filtro de Nome...
		Nome do Produto: 
			Igorando Pelo Filtro de Nome...
		Nome do Produto: 
			Igorando Pelo Filtro de Nome...
		Nome do Produto: 
			Igorando Pelo Filtro de Nome...
		Nome do Produto: 
			Igorando Pelo Filtro de Nome...
		Nome do Produto: 
			Igorando Pelo Filtro de Nome...
		Nome do Produto: 
			Igorando Pelo Filtro de Nome...
		Nome do Produto: 
			Igorando Pelo Filtro de Nome...
		Nome do Produto: 
			Igorando Pelo Filtro de Nome...
	Tempo Para buscar: 1567
Loja: Extra
	URL Principal: http://www.extra.com.br/
	URL Busca: http://buscando.extra.com.br/search?w=<BUSCA>
http://buscando.extra.com.br/search?w=Kingdom+Hearts+3D
		Documento Lido
		Resultados: 1
		Nome do Produto: Jogo Kingdom Hearts 3D Dream Drop Distance - 3DS
http://buscando.extra.com.br/search?p=R&srid=S1-USESD02&lbc=extra&w=Kingdom%20Hearts%203D&url=http%3a%2f%2fproduto.extra.com.br%2f3380230%3f&rk=1&uid=447026473&sid=2&ts=custom&rsc=jfhlodTFaTU1YbUV&method=and&isort=score&view=grid
		Acessando URL do produto.
	Tempo Para buscar: 2703
Loja: E-Virtua
	URL Principal: http://www.evirtua.com.br/
	URL Busca: http://www.evirtua.com.br/Busca?search_department_id=0&SearchTerm=<BUSCA>
http://www.evirtua.com.br/Busca?search_department_id=0&SearchTerm=Kingdom+Hearts+3D
		Documento Lido
		Resultados: 1
		Nome do Produto: Kingdom Hearts 3D Dream Drop Distance - 3DS
http://www.evirtua.com.br//kingdom-hearts-3d-dream-drop-distance-3ds/3045-01
		Acessando URL do produto.
	Tempo Para buscar: 1068
Loja: Fast Games
	URL Principal: http://www.fastgames.com.br/
	URL Busca: http://www.fastgames.com.br/loja/busca.php?loja=187970&palavra_busca=<BUSCA>
http://www.fastgames.com.br/loja/busca.php?loja=187970&palavra_busca=Kingdom+Hearts+3D
		Documento Lido
		Resultados: 0
	Tempo Para buscar: 668
Loja: Fast Shop
	URL Principal: http://www.fastshop.com.br/loja/
	URL Busca: http://www.fastshop.com.br/webapp/wcs/stores/servlet/SearchDisplay?searchTerm=<BUSCA>&categoryId=&storeId=10151&catalogId=11052&langId=-6&pageSize=9&beginIndex=0&sType=SimpleSearch&resultCatEntryType=2&showResultsPage=true&searchSource=Q&pageView=&hotsite=fastshop
http://www.fastshop.com.br/webapp/wcs/stores/servlet/SearchDisplay?searchTerm=Kingdom+Hearts+3D&categoryId=&storeId=10151&catalogId=11052&langId=-6&pageSize=9&beginIndex=0&sType=SimpleSearch&resultCatEntryType=2&showResultsPage=true&searchSource=Q&pageView=&hotsite=fastshop
		Documento Lido
		Resultados: 0
	Tempo Para buscar: 916
Loja: FNAC
	URL Principal: http://www.fnac.com.br/index.html
	URL Busca: http://busca.fnac.com.br/?busca=<BUSCA>
http://busca.fnac.com.br/?busca=Kingdom+Hearts+3D
		Documento Lido
		Resultados: 20
		Nome do Produto: Smart TV Oled 3D Lg 55ea9800 Curved 55" Full HD 240hz 4-hdmi 3-usb 4-óculos Wi-fi Integrado
			Igorando Pelo Filtro de Nome...
		Nome do Produto: Smart TV LED 3D Samsung Un65h6400agxzd 65" Full HD 480 Hz 3-hdmi Wi-fi Integrado 2-óculos
			Igorando Pelo Filtro de Nome...
		Nome do Produto: Smart TV LED 3D Sony Kdl-65w955b 65" Full HD 480 Hz 4-hdmi Wi-fi Integrado 2-óculos
			Igorando Pelo Filtro de Nome...
		Nome do Produto: Smart TV LED 3D Philips 65pfg7459/78 65" Full HD 960 Hz 3-hdmi 4-óculos
			Igorando Pelo Filtro de Nome...
		Nome do Produto: Smart TV LED 3D Philips 55pfg7109/78 55" Full HD 960 Hz 4-hdmi 4-óculos Ambilight
			Igorando Pelo Filtro de Nome...
		Nome do Produto: Receiver Rx-v477 5.1 Canais 3D HDMI
			Igorando Pelo Filtro de Nome...
		Nome do Produto: Smart TV 3D LED Sony Kdl-50w805b 50'' Full HD 480hz 4-hdmi Wi-fi Integrado 2-óculos
			Igorando Pelo Filtro de Nome...
		Nome do Produto: Smart TV LED 4k 3D Lg 49ub8300 49" Ultra HD 120hz 3-hdmi 3-usb Wi-fi Integrado 4-óculos
			Igorando Pelo Filtro de Nome...
		Nome do Produto: Home Theater Blu Ray 3D Sony Bdv-n9100wl 5.1 Canais 850 Rms Branco Torre
			Igorando Pelo Filtro de Nome...
		Nome do Produto: Smart TV LED Curve 3D Samsung Un48h6800agxzd 48" Full HD 480 Hz 4-hdmi
			Igorando Pelo Filtro de Nome...
		Nome do Produto: Smart TV LED 3D Panasonic Tc-50as700b 50" Full HD 120hz 3-hdmi 2-usb Wi-fi Integrado 2-óculos
			Igorando Pelo Filtro de Nome...
		Nome do Produto: Receiver Yamaha 5.1 500w Rx-v377bl 3D 4k Arc
			Igorando Pelo Filtro de Nome...
		Nome do Produto: Smart TV LED 3D Lg 42lf6500 42" Full HD 60hz 3-hdmi + Óculos 3D
			Igorando Pelo Filtro de Nome...
		Nome do Produto: Home Theater Sony Bdv-e2100 3D 5.1 Canais 850w Rms Bluetooth Satelite
			Igorando Pelo Filtro de Nome...
		Nome do Produto: Home Theater Blu-ray 3D Samsung Ht-f4505/zd 500w
			Igorando Pelo Filtro de Nome...
		Nome do Produto: Blu-ray Player 3D Sony Bdp-s4100 - Entradas Full Hd/usb/hdmi/internet Wi-fi Ready
			Igorando Pelo Filtro de Nome...
		Nome do Produto: O Hobbit - Trilogia (blu-ray 3D) (12 Discos)
			Igorando Pelo Filtro de Nome...
		Nome do Produto: Ps3 The Witch And The Hundred Knights
			Igorando Pelo Filtro de Nome...
		Nome do Produto: O Hobbit - A Desolação de Smaug - Edição Estendida (bluray 3D)
			Igorando Pelo Filtro de Nome...
		Nome do Produto: O Hobbit - Uma Jornada Inesperada - Versão Estendida (blu-ray 3D) (5 Discos)
			Igorando Pelo Filtro de Nome...
	Tempo Para buscar: 1095
Loja: Kabum
	URL Principal: http://www.kabum.com.br/
	URL Busca: http://www.kabum.com.br/cgi-local/site/listagem/listagem.cgi?string=<BUSCA>&btnG=
http://www.kabum.com.br/cgi-local/site/listagem/listagem.cgi?string=Kingdom+Hearts+3D&btnG=
		Documento Lido
		Resultados: 0
	Tempo Para buscar: 490
Loja: Livraria Cultura
	URL Principal: http://www.livrariacultura.com.br/
	URL Busca: http://www.livrariacultura.com.br/busca?N=0&Ntt=<BUSCA>
http://www.livrariacultura.com.br/busca?N=0&Ntt=Kingdom+Hearts+3D
		Documento Lido
		Resultados: 10
		Nome do Produto: KINGDOM HEARTS 2014
			Igorando Pelo Filtro de Nome...
		Nome do Produto: KINGDOM HEARTS: ULTIMATE FAN GUIDE
			Igorando Pelo Filtro de Nome...
		Nome do Produto: GAME FREAKS 365'S NINTENDO 3DS GUIDE
			Igorando Pelo Filtro de Nome...
		Nome do Produto: MALEFICENT 186 SUCCESS SECRETS - 186 MOST ASKED
			Igorando Pelo Filtro de Nome...
		Nome do Produto: ALYSON STONER 76 SUCCESS FACTS - EVERYTHING YOU
			Igorando Pelo Filtro de Nome...
		Nome do Produto: DREAMING AND FICTION
			Igorando Pelo Filtro de Nome...
		Nome do Produto: GAME FREAKS 365'S NINTENDO 3DS GUIDE
			Igorando Pelo Filtro de Nome...
		Nome do Produto: DONALD DUCK VIDEO GAMES
			Igorando Pelo Filtro de Nome...
		Nome do Produto: THE GAME ANIMATOR'S GUIDE TO MAYA
			Igorando Pelo Filtro de Nome...
		Nome do Produto: THE GAME ANIMATOR'S GUIDE TO MAYA
			Igorando Pelo Filtro de Nome...
	Tempo Para buscar: 856
Loja: Magazine Luiza
	URL Principal: http://www.magazineluiza.com.br/
	URL Busca: http://www.magazineluiza.com.br/busca/<BUSCA>/
http://www.magazineluiza.com.br/busca/Kingdom+Hearts+3D/
		Documento Lido
		Resultados: 60
		Nome do Produto: Blu-ray 3D LG BP440 Full HD - Conexão HDMI USB
			Igorando Pelo Filtro de Nome...
		Nome do Produto: Blu-ray 3D Samsung BD-F5500/ZD - Conexão HDMI USB e Dolby Digital Plus / TrueHD
			Igorando Pelo Filtro de Nome...
		Nome do Produto: Smart TV LED 3D 55" Philips 55PFG6809 Full HD - Conversor Integrado 3 HDMI 2 USB Wi-Fi
			Igorando Pelo Filtro de Nome...
		Nome do Produto: Smart TV LED 3D 42" LG 42LB6500 Full HD 1080p - Conversor Integrado DTV 3 HDMI 3 USB Wi-Fi WebOS
			Igorando Pelo Filtro de Nome...
		Nome do Produto: Smart TV LED 3D 47" LG 47LB6500 Full HD 1080p - Conversor Integrado DTV 3 HDMI 3 USB Wi-Fi WebOS
			Igorando Pelo Filtro de Nome...
		Nome do Produto: Smart TV LED 3D 46" Samsung UN46H6203AG Full HD - Conversor Integrado 2 HDMI 2 USB Wi-Fi 2 Óculos
			Igorando Pelo Filtro de Nome...
		Nome do Produto: Smart TV LED 3D 50" LG LB6500 Full HD 1080p - Conv. Integrado 3 HDMI 3 USB Wi-Fi 4 Óculos WebOS
			Igorando Pelo Filtro de Nome...
		Nome do Produto: Smart TV LED 3D 65" LG LB7200 Full HD - Conversor Integrado DTV 3 HDMI 3 USB 4 Óculos 3D
			Igorando Pelo Filtro de Nome...
		Nome do Produto: Smart TV LED 3D 60" Sony W855B Full HD 1080p - Conversor Integrado 4 HDMI 2 USB Wi-Fi 2 Óculos
			Igorando Pelo Filtro de Nome...
		Nome do Produto: Smart TV LED Curva 3D 48" Samsung UN48H8000AG - Full HD Conversor Integrado 4 HDMI 3 USB Wi-Fi
			Igorando Pelo Filtro de Nome...
		Nome do Produto: Smart TV LED Curva 3D 78" Samsung HU9000 Ultra HD - Conversor Integrado 4 HDMI 3 USB Wi-Fi
			Igorando Pelo Filtro de Nome...
		Nome do Produto: Smart TV LED 3D 60" LG 60LB6500 Full HD 1080p - Conversor Integrado DTV 3 HDMI 3 USB Wi-Fi WebOS
			Igorando Pelo Filtro de Nome...
		Nome do Produto: Smart TV LED 3D 55" LG 55LB6500 Full HD 1080p - Conversor Integrado DTV 3 HDMI 3 USB Wi-Fi WebOS
			Igorando Pelo Filtro de Nome...
		Nome do Produto: Smart TV LED 3D 70" LG LB7200 Full HD - Conversor Integrado 3 HDMI 3 USB Wi-Fi 4 Óculos
			Igorando Pelo Filtro de Nome...
		Nome do Produto: Smart TV Slim LED 3D 55" Philips 55PFG6519 Full HD - Conv. Integrado 3 HDMI 2 USB Wi-Fi 4 Óculos
			Igorando Pelo Filtro de Nome...
		Nome do Produto: Smart TV LED 3D 55" Sony KDL-55W805B - Conversor Integrado 4 HDMI 2 USB Wi-Fi 2 Óculos 3D
			Igorando Pelo Filtro de Nome...
		Nome do Produto: Smart TV LED 3D 55" Curva Samsung UN55H6800AGXZD - Full HD 4 HDMI 3 USB Wi-Fi
			Igorando Pelo Filtro de Nome...
		Nome do Produto: Smart TV LED 3D 40" Samsung UN40H6400AG Full HD - Conversor Integrado 4 HDMI 3 USB Wi-Fi 2 Óculos
			Igorando Pelo Filtro de Nome...
		Nome do Produto: Smart TV LED 3D 40" Philips 40PFG6309/78 Full HD - Conversor Integrado 3 HDMI 2 USB Wi-Fi
			Igorando Pelo Filtro de Nome...
		Nome do Produto: Smart TV LED 3D 65" Samsung UN65H6400AG Full HD - Conversor Integrado 4 HDMI 3 USB Wi-Fi
			Igorando Pelo Filtro de Nome...
		Nome do Produto: Smart TV OLED Curva 3D 55" EA9850 Full HD - Conversor Integrado 4 HDMI 3 USB Wi-Fi 4 Óculos
			Igorando Pelo Filtro de Nome...
		Nome do Produto: Smart TV LED Curva 3D 55" Samsung UN55H8000 - Full HD Conv Integrado 4 HDMI 3 USB Wi-Fi 2 Óculos
			Igorando Pelo Filtro de Nome...
		Nome do Produto: Smart TV LED 3D 49" LG 49UB8300 4k Ultra HD - Conv. Integrado 3 HDMI 3 USB Wi-Fi 4 Óculos
			Igorando Pelo Filtro de Nome...
		Nome do Produto: Smart TV LED 3D 55" LG 55UB8300 4k Ultra HD - Conversor Integrado 3 HDMI 3 USB Wi-Fi 4 Óculos
			Igorando Pelo Filtro de Nome...
		Nome do Produto: Smart TV LED 3D 84" LG UB9800 4k/Ultra HD - Conversor Integrado 4 HDMI 3 USB Wi-Fi 4 Óculos
			Igorando Pelo Filtro de Nome...
		Nome do Produto: Smart TV LED 3D 79" LG UB9800 Ultra HD/4K - Conversor Integrado 4 HDMI 3 USB Wi-Fi 4 Óculos
			Igorando Pelo Filtro de Nome...
		Nome do Produto: Smart TV LED 3D 65" LG 65UB9500 Ultra HD/4K - Conversor Integrado 4 HDMI 3 USB Wi-Fi 4 Óculos
			Igorando Pelo Filtro de Nome...
		Nome do Produto: Smart TV LED 3D 49" LG 49UB8500 Ultra HD/4k - Conversor Integrado 4 HDMI 3 USB Wi-Fi 4 Óculos
			Igorando Pelo Filtro de Nome...
		Nome do Produto: Smart TV LED 3D 48" Samsung UN48H6400AG Full HD - Conversor Integrado 4 HDMI 3 USB Wi-Fi
			Igorando Pelo Filtro de Nome...
		Nome do Produto: Smart TV LED 3D 42" Philips 6000 Series 6510 - Full HD Conv. Integrado 3 HDMI 2 USB 4 Óculos 3D
			Igorando Pelo Filtro de Nome...
		Nome do Produto: Smart TV LED 3D 55" LG UF8500 Ultra HD - Conversor Integrado 3 HDMI 3 USB Wi-fi 6 Óculos
			Igorando Pelo Filtro de Nome...
		Nome do Produto: Smart TV LED 3D 55" LG LB7000 Full HD - Conversor Integrado 3 HDMI 3 USB Wi-Fi 4 Óculos
			Igorando Pelo Filtro de Nome...
		Nome do Produto: Smart TV LED 3D 65" Semp Toshiba 65L8400 Ultra HD - Conversor Integrado 3 HDMI 2 USB Wi-Fi
			Igorando Pelo Filtro de Nome...
		Nome do Produto: Smart TV LED 3D 65" LG UF8500 Ultra HD - Conversor Integrado 3 HDMI 3 USB Wi-fi 6 Óculos
			Igorando Pelo Filtro de Nome...
		Nome do Produto: Smart TV LED 3D 55" LG UB8500 4k Ultra HD - Conv. Integrado 4 HDMI 3 USB Wi-Fi 4 Óculos WebOS
			Igorando Pelo Filtro de Nome...
		Nome do Produto: Smart TV LED Curva 3D 65" Samsung UN65H8000AG - Full HD Conversor Integrado 4 HDMI 3 USB Wi-Fi
			Igorando Pelo Filtro de Nome...
		Nome do Produto: Smart TV LED 3D 75" Samsung UN75HU8500GX Ultra HD - Conversor Integrado 4 HDMI 3 USB Wi-Fi 2 Óculos
			Igorando Pelo Filtro de Nome...
		Nome do Produto: Smart TV LED Curva 3D 65" Samsung UN65HU8700G - Ultra HD Conversor Integrado 4 HDMI 3 USB Wi-Fi
			Igorando Pelo Filtro de Nome...
		Nome do Produto: Smart TV LED 3D 65" LG 65UC9700 Ultra HD/4k - Conversor Integrado 4 HDMI 3 USB Wi-Fi 4 Óculos
			Igorando Pelo Filtro de Nome...
		Nome do Produto: Smart TV LED 3D 70" Sony KDL70W855B Full HD - Conversor Integrado 4 HDMI 2 USB Wi-Fi 2 Óculos
			Igorando Pelo Filtro de Nome...
		Nome do Produto: Smart TV LED 3D 48" Curva Samsung UN48H6800AGXZD - Full HD 4 HDMI 3 USB Wi-Fi
			Igorando Pelo Filtro de Nome...
		Nome do Produto: Smart TV LED 3D 55" Samsung UN55HU8500G - Ultra HD Conversor Integrado 4 HDMI 3 USB Wi-Fi
			Igorando Pelo Filtro de Nome...
		Nome do Produto: Smart TV LED 3D 85" Samsung UN85HU8500GX Ultra HD - Conversor Integrado 4 HDMI 3 USB Wi-Fi
			Igorando Pelo Filtro de Nome...
		Nome do Produto: Smart TV LED 3D 65" Samsung UN65HU8500 - Ultra HD Conversor Integrado 4 HDMI 3 USB Wi-Fi
			Igorando Pelo Filtro de Nome...
		Nome do Produto: Smart TV LED 3D 84" LG 84LA9800 4K - Conversor Integrado DTV 3 HDMI 3 USB Wi-Fi
			Igorando Pelo Filtro de Nome...
		Nome do Produto: Smart TV LED 3D 55" Sony XBR-55X855A Ultra HD 4k - Conversor Integrado 4 HDMI Wi-fi 4 Óculos 3D
			Igorando Pelo Filtro de Nome...
		Nome do Produto: Smart TV LED 55" LG UB8200 Ultra HD/4K - Conversor Integrado 3 HDMI 3 USB Wi-Fi
			Igorando Pelo Filtro de Nome...
		Nome do Produto: Smart TV LED 3D 65" Sony X905 4k/Ultra HD - Conversor Integrado 4 HDMI 3 USB Wi-Fi 4 Óculos
			Igorando Pelo Filtro de Nome...
		Nome do Produto: TV LED 3D 55" Curva Samsung UN55H6800AGXZD - Full HD + Suporte TV LCD/Plasma/LED 37" a 70"
			Igorando Pelo Filtro de Nome...
		Nome do Produto: Smart TV LED 55" Samsung UN55H6103 Full HD - Conversor Integrado 2 HDMI 2 USB Wi-Fi
			Igorando Pelo Filtro de Nome...
		Nome do Produto: Óculos 3D Passivo LG AG-F210 - Compatível com TV LG 3D Passivo
			Igorando Pelo Filtro de Nome...
		Nome do Produto: Kit com 02 Óculos 3D Ativo Samsung SSG-P51002/ZD - Compatível com Tv LED e Plasma
			Igorando Pelo Filtro de Nome...
		Nome do Produto: Emagrecedor Lipo 3D 30 Cápsulas - Nutrilatina
			Igorando Pelo Filtro de Nome...
		Nome do Produto: Termogênico Lipo 3D 60 Cápsulas - Nutrilatina
			Igorando Pelo Filtro de Nome...
		Nome do Produto: Arnold 3D 300g Frutas - Arnold Nutrition
			Igorando Pelo Filtro de Nome...
		Nome do Produto: Pré-Treino Arnold 3D 300g Uva - Arnold Nutrition
			Igorando Pelo Filtro de Nome...
		Nome do Produto: Jack 3D Ultra Concentred Pré-Treino 135g - Ponche de Frutas USP Labs
			Igorando Pelo Filtro de Nome...
		Nome do Produto: Jack 3D Ultra Concentred Pré-Treino 135g Cereja - USP Labs
			Igorando Pelo Filtro de Nome...
		Nome do Produto: Fone de Ouvido Earbud - Chilli Beans Skull Beans
			Igorando Pelo Filtro de Nome...
		Nome do Produto: Calcium 600mg 60 Cápsulas - Vitaminlife
			Igorando Pelo Filtro de Nome...
	Tempo Para buscar: 1064
Loja: Mula Games
	URL Principal: http://www.mulagames.com.br/
	URL Busca: http://www.mulagames.com.br/produtos-index/catalogo_produtos/-/-/<BUSCA>/-/-/-/-/-/
http://www.mulagames.com.br/produtos-index/catalogo_produtos/-/-/Kingdom%20Hearts%203D/-/-/-/-/-/
		Documento Lido
		Resultados: 1
		Nome do Produto: Kingdom Hearts 3D: Dream Drop Distance - 3DS
http://www.mulagames.com.br/Kingdom-Hearts-3D--Dream-Drop-Distance-3DS/prod-598700/
		Acessando URL do produto.
http://www.mulagames.com.br/produto-ajax_retorna_dados_preco_comprar/598700
		Acessando URL do preço produto.
	Tempo Para buscar: 2339
Loja: Net Shoes
	URL Principal: http://www.netshoes.com.br/
	URL Busca: http://www.netshoes.com.br/search?Ntt=<BUSCA>
http://www.netshoes.com.br/search?Ntt=Kingdom+Hearts+3D
		Documento Lido
		Resultados: 38
		Nome do Produto: Jack 3D 135 g - USPlabs
			Igorando Pelo Filtro de Nome...
		Nome do Produto: Sandália Crocs Genna 2 Hearts Flat Infantil
			Igorando Pelo Filtro de Nome...
		Nome do Produto: Estádio Arena da Gávea Flamengo - Maquete em 3D p/ Montar
			Igorando Pelo Filtro de Nome...
		Nome do Produto: Camiseta Nike 3D Just Do It
			Igorando Pelo Filtro de Nome...
		Nome do Produto: Estádio Laranjeiras Fluminense - Maquete em 3D para montar
			Igorando Pelo Filtro de Nome...
		Nome do Produto: Sandália Crocs Genna 2 Hearts Flat Infantil
			Igorando Pelo Filtro de Nome...
		Nome do Produto: Tênis Salomon Xa Pro 3D Mid LTR Goretex
			Igorando Pelo Filtro de Nome...
		Nome do Produto: Estádio Engenhão Rio Botafogo - Maquete em 3D para montar
			Igorando Pelo Filtro de Nome...
		Nome do Produto: Pack 3D 300 g - Atlhetica Nutrition
			Igorando Pelo Filtro de Nome...
		Nome do Produto: Tênis Salomon XA Pro 3D
			Igorando Pelo Filtro de Nome...
		Nome do Produto: Xpand 3D Foods - BR Nutrition Foods
			Igorando Pelo Filtro de Nome...
		Nome do Produto: Tênis Salomon XA Pro 3D
			Igorando Pelo Filtro de Nome...
		Nome do Produto: Camiseta Nike 3D Just Do It
			Igorando Pelo Filtro de Nome...
		Nome do Produto: Tênis Salomon XA Pro 3D
			Igorando Pelo Filtro de Nome...
		Nome do Produto: Tênis Salomon XA Pro 3D
			Igorando Pelo Filtro de Nome...
		Nome do Produto: Adaptador 3D Hero System GoPro
			Igorando Pelo Filtro de Nome...
		Nome do Produto: Tênis Salomon XA Pro 3D
			Igorando Pelo Filtro de Nome...
		Nome do Produto: Tênis Salomon XA Pro 3D
			Igorando Pelo Filtro de Nome...
		Nome do Produto: Sandália Crocs Genna 2 Hearts Flat Infantil
			Igorando Pelo Filtro de Nome...
		Nome do Produto: Jack 3D 135 g - USPlabs
			Igorando Pelo Filtro de Nome...
		Nome do Produto: Sandália Crocs Genna 2 Hearts Flat Infantil
			Igorando Pelo Filtro de Nome...
		Nome do Produto: Tênis Salomon XA Pro 3D
			Igorando Pelo Filtro de Nome...
		Nome do Produto: Sandália Crocs Airy Hearts Flat OS Infantil
			Igorando Pelo Filtro de Nome...
		Nome do Produto: Sandália Crocs Airy Hearts Flat OS Infantil
			Igorando Pelo Filtro de Nome...
		Nome do Produto: Camiseta Nike 3D Just Do It
			Igorando Pelo Filtro de Nome...
		Nome do Produto: Sandália Crocs Airy Hearts Flat OS Infantil
			Igorando Pelo Filtro de Nome...
		Nome do Produto: Bota Salomon Xa Pro 3D Mid Ltr Goretex
			Igorando Pelo Filtro de Nome...
		Nome do Produto: Tênis Salomon XA Pro 3D Ultra 2
			Igorando Pelo Filtro de Nome...
		Nome do Produto: Tênis Salomon Xa Pro 3D Ultra 2
			Igorando Pelo Filtro de Nome...
		Nome do Produto: Camisa Umbro Grêmio I 2015 s/nº - Jogador
			Igorando Pelo Filtro de Nome...
		Nome do Produto: Camisa Polo Olympikus Cruzeiro Viagem 2014
			Igorando Pelo Filtro de Nome...
		Nome do Produto: Camisa Feminina Super Bolla Sampaio Corrêa III 2013 nº 10
			Igorando Pelo Filtro de Nome...
		Nome do Produto: Camisa Umbro Vasco III 2015 nº 10 Infantil
			Igorando Pelo Filtro de Nome...
		Nome do Produto: Camisa Feminina Super Bolla Sampaio Corrêa II 2013 nº 10
			Igorando Pelo Filtro de Nome...
		Nome do Produto: Camisa Umbro Vasco III 2015 s/nº
			Igorando Pelo Filtro de Nome...
		Nome do Produto: Camisa Feminina Umbro Vasco III 2015 s/nº
			Igorando Pelo Filtro de Nome...
		Nome do Produto: Tênis Rainha Seul
			Igorando Pelo Filtro de Nome...
		Nome do Produto: Tênis Rainha Seul
			Igorando Pelo Filtro de Nome...
	Tempo Para buscar: 446
Loja: Ponto Frio
	URL Principal: http://www.pontofrio.com.br/
	URL Busca: http://search.pontofrio.com.br/search?w=<BUSCA>
http://search.pontofrio.com.br/search?w=Kingdom+Hearts+3D
		Documento Lido
		Resultados: 2
		Nome do Produto: 
			Igorando Pelo Filtro de Nome...
		Nome do Produto: 
			Igorando Pelo Filtro de Nome...
		Nome do Produto: 
			Igorando Pelo Filtro de Nome...
		Nome do Produto: 
			Igorando Pelo Filtro de Nome...
		Nome do Produto: 
			Igorando Pelo Filtro de Nome...
		Nome do Produto: 
			Igorando Pelo Filtro de Nome...
		Nome do Produto: 
			Igorando Pelo Filtro de Nome...
		Nome do Produto: 
			Igorando Pelo Filtro de Nome...
		Nome do Produto: 
			Igorando Pelo Filtro de Nome...
		Nome do Produto: 
			Igorando Pelo Filtro de Nome...
		Nome do Produto: 
			Igorando Pelo Filtro de Nome...
		Nome do Produto: 
			Igorando Pelo Filtro de Nome...
		Nome do Produto: 
			Igorando Pelo Filtro de Nome...
		Nome do Produto: 
			Igorando Pelo Filtro de Nome...
		Nome do Produto: 
			Igorando Pelo Filtro de Nome...
		Nome do Produto: 
			Igorando Pelo Filtro de Nome...
		Nome do Produto: 
			Igorando Pelo Filtro de Nome...
		Nome do Produto: 
			Igorando Pelo Filtro de Nome...
		Nome do Produto: 
			Igorando Pelo Filtro de Nome...
		Nome do Produto: 
			Igorando Pelo Filtro de Nome...
		Nome do Produto: 
			Igorando Pelo Filtro de Nome...
		Nome do Produto: 
			Igorando Pelo Filtro de Nome...
		Nome do Produto: 
			Igorando Pelo Filtro de Nome...
		Nome do Produto: 
			Igorando Pelo Filtro de Nome...
		Nome do Produto: 
			Igorando Pelo Filtro de Nome...
		Nome do Produto: 
			Igorando Pelo Filtro de Nome...
		Nome do Produto: 
			Igorando Pelo Filtro de Nome...
		Nome do Produto: 
			Igorando Pelo Filtro de Nome...
		Nome do Produto: 
			Igorando Pelo Filtro de Nome...
		Nome do Produto: 
			Igorando Pelo Filtro de Nome...
		Nome do Produto: 
			Igorando Pelo Filtro de Nome...
		Nome do Produto: 
			Igorando Pelo Filtro de Nome...
		Nome do Produto: 
			Igorando Pelo Filtro de Nome...
		Nome do Produto: 
			Igorando Pelo Filtro de Nome...
		Nome do Produto: 
			Igorando Pelo Filtro de Nome...
		Nome do Produto: 
			Igorando Pelo Filtro de Nome...
		Nome do Produto: 
			Igorando Pelo Filtro de Nome...
		Nome do Produto: 
			Igorando Pelo Filtro de Nome...
		Nome do Produto: 
			Igorando Pelo Filtro de Nome...
		Nome do Produto: 
			Igorando Pelo Filtro de Nome...
		Nome do Produto: 
			Igorando Pelo Filtro de Nome...
		Nome do Produto: 
			Igorando Pelo Filtro de Nome...
		Nome do Produto: 
			Igorando Pelo Filtro de Nome...
		Nome do Produto: 
			Igorando Pelo Filtro de Nome...
	Tempo Para buscar: 1411
Loja: Ricardo Eletro
	URL Principal: http://www.ricardoeletro.com.br/
	URL Busca: http://www.ricardoeletro.com.br/Busca/Resultado/?q=<BUSCA>
http://www.ricardoeletro.com.br/Busca/Resultado/?q=Kingdom+Hearts+3D
		Documento Lido
		Resultados: 0
	Tempo Para buscar: 1298
Loja: RiHappy
	URL Principal: http://www.rihappy.com.br/
	URL Busca: http://www.rihappy.com.br/<BUSCA>
http://www.rihappy.com.br/Kingdom%20Hearts%203D
		Documento Lido
		Resultados: 0
	Tempo Para buscar: 1584
Loja: Saraiva
	URL Principal: http://www.saraiva.com.br/
	URL Busca: http://busca.saraiva.com.br/search?w=<BUSCA>&PAC_ID=129457&ts=ajax
http://busca.saraiva.com.br/search?w=Kingdom+Hearts+3D&PAC_ID=129457&ts=ajax
		Documento Lido
		Resultados: 1
		Nome do Produto: Cabo de Lightning Para USB Apple Md818bz/a
			Igorando Pelo Filtro de Nome...
	Tempo Para buscar: 255
Loja: Shop Facil
	URL Principal: http://ww2.shopfacil.com.br/
	URL Busca: http://ww2.shopfacil.com.br/<BUSCA>
http://ww2.shopfacil.com.br/Kingdom%20Hearts%203D
		Documento Lido
		Resultados: 0
	Tempo Para buscar: 1323
Loja: Shop Time
	URL Principal: http://www.shoptime.com.br/
	URL Busca: http://busca.shoptime.com.br/busca.php?q=<BUSCA>
http://busca.shoptime.com.br/busca.php?q=Kingdom+Hearts+3D
		Documento Lido
		Resultados: 1
		Nome do Produto: Jogo Nintendo 3ds Kingdom Hearts 3d: Dream Distance - Square-Enix
http://busca.shoptime.com.br/produto.php?link=http://www.shoptime.com.br/produto/8578654/jogo-nintendo-3ds-kingdom-hearts-3d-dream-distance-square-enix&ranking=1&sessao=U8GFCU86XHWS7&idbusca=79455d68a67c0f7a651b4b4f15b5721abf6c2757&idproduto=8578654
		Acessando URL do produto.
	Tempo Para buscar: 928
Loja: ShopB
	URL Principal: http://www.shopb.com.br/
	URL Busca: http://busca.shopb.com.br/?busca=<BUSCA>
http://busca.shopb.com.br/?busca=Kingdom+Hearts+3D
		Documento Lido
		Resultados: 30
		Nome do Produto: 3D Dot Game Heroes - PS3
			Igorando Pelo Filtro de Nome...
		Nome do Produto: Adrenalin Misfits (Requer Kinect) - XBOX 360
			Igorando Pelo Filtro de Nome...
		Nome do Produto: Batman Arkham Asylum 3D - XBOX 360
			Igorando Pelo Filtro de Nome...
		Nome do Produto: Batman Arkham Asylum Game of The Year Edition - PS3
			Igorando Pelo Filtro de Nome...
		Nome do Produto: Batman: Arkham Knight - PS4
			Igorando Pelo Filtro de Nome...
		Nome do Produto: Batman: Arkham Knight - XBOX ONE
			Igorando Pelo Filtro de Nome...
		Nome do Produto: Body and Brain Connection (Compatível com Kinect) - XBOX 360
			Igorando Pelo Filtro de Nome...
		Nome do Produto: Brunswick Pro Bowling (Compatível com Kinect) - XBOX 360
			Igorando Pelo Filtro de Nome...
		Nome do Produto: Cabo / Fonte - Kinect
			Igorando Pelo Filtro de Nome...
		Nome do Produto: Cabo HDMI 2 metros 1.4v 1080p aceita imagem 3D
			Igorando Pelo Filtro de Nome...
		Nome do Produto: Cabo HDMI 5 metros 1.4v 1080p aceita imagem 3D
			Igorando Pelo Filtro de Nome...
		Nome do Produto: Cartão de Memória Micro SD - 16 GB - Kingston
			Igorando Pelo Filtro de Nome...
		Nome do Produto: Cartão de Memória Micro SD - 4 GB - Kingston
			Igorando Pelo Filtro de Nome...
		Nome do Produto: Cartão de Memória Micro SD - 8 GB - Kingston
			Igorando Pelo Filtro de Nome...
		Nome do Produto: Dance Central 3 - XBOX 360
			Igorando Pelo Filtro de Nome...
		Nome do Produto: Donkey Kong: Country Returns 3D - 3DS
			Igorando Pelo Filtro de Nome...
		Nome do Produto: Dragon Ball Z for Kinect - XBOX 360
			Igorando Pelo Filtro de Nome...
		Nome do Produto: Fantastic Pets - XBOX 360 [Requer Kinect]
			Igorando Pelo Filtro de Nome...
		Nome do Produto: Fighters Uncaged - XBOX 360 [Requer Kinect]
			Igorando Pelo Filtro de Nome...
		Nome do Produto: God of War: Origins Collection - PS3
			Igorando Pelo Filtro de Nome...
		Nome do Produto: HD SSD para Notebook 120GB 10X - Kingston
			Igorando Pelo Filtro de Nome...
		Nome do Produto: Harry Potter for Kinect - XBOX 360
			Igorando Pelo Filtro de Nome...
		Nome do Produto: Harvest Moon: The Lost Valley 3D - 3DS
			Igorando Pelo Filtro de Nome...
		Nome do Produto: Kinect Adventures - XBOX 360 - Capa Dura
			Igorando Pelo Filtro de Nome...
		Nome do Produto: Kinect Disneyland Adventures - XBOX 360
			Igorando Pelo Filtro de Nome...
		Nome do Produto: Kinect Joy Ride (Requer Kinect) - XBOX 360
			Igorando Pelo Filtro de Nome...
		Nome do Produto: Kinect Rush: Uma Aventura da Disney Pixar - XBOX 360
			Igorando Pelo Filtro de Nome...
		Nome do Produto: Kinect Sports Ultimate Collection - XBOX 360
			Igorando Pelo Filtro de Nome...
		Nome do Produto: Kinect Star Wars - XBOX 360
			Igorando Pelo Filtro de Nome...
		Nome do Produto: Kinectimals: Agora com Ursos - XBOX 360
			Igorando Pelo Filtro de Nome...
	Tempo Para buscar: 817
Loja: Submarino
	URL Principal: http://www.submarino.com.br/
	URL Busca: http://busca.submarino.com.br/busca.php?q=<BUSCA>
http://busca.submarino.com.br/busca.php?q=Kingdom+Hearts+3D
		Documento Lido
		Resultados: 1
		Nome do Produto: Jogo Nintendo 3ds Kingdom Hearts 3d: Dream Distance - Square-Enix
http://busca.submarino.com.br/produto.php?link=http://www.submarino.com.br/produto/8578654/jogo-nintendo-3ds-kingdom-hearts-3d-dream-distance-square-enix&ranking=1&sessao=U8GFCWS2KB4C7&idbusca=0c16bc7b05bc52ce8a63be326a59312ff6fa83a3&idproduto=8578654
		Acessando URL do produto.
	Tempo Para buscar: 764
Loja: Walmart
	URL Principal: http://www.walmart.com.br/
	URL Busca: http://www.walmart.com.br/busca/?ft=<BUSCA>&PS=20
http://www.walmart.com.br/busca/?ft=Kingdom+Hearts+3D&PS=20
		Documento Lido
		Resultados: 1
		Nome do Produto: Kingdom Hearts 3D Dream Drop Distance N3DS
http://www.walmart.com.br//produto/Games/Jogos-para-Nintendo-3DS/Square-Enix/2377113m-kingdom_hearts_3d_dream_drop_distance_n3ds
		Acessando URL do produto.
	Tempo Para buscar: 1679

File copied from C:\java\workspace Estudo\lookforprices\resources\imports\css.css to C:\java\workspace Estudo\lookforprices\reports\2015-05-26 09\css.css
File copied from C:\java\workspace Estudo\lookforprices\resources\imports\jquery.js to C:\java\workspace Estudo\lookforprices\reports\2015-05-26 09\jquery.js
File copied from C:\java\workspace Estudo\lookforprices\resources\imports\scripts.js to C:\java\workspace Estudo\lookforprices\reports\2015-05-26 09\scripts.js
Tempo total de execução: 26625
