Game: Mario Kart 7
Product Name: Mario Kart 7
Loja: Nintendo eShop
	URL Principal: http://www.nintendo.com/3ds/eshop
	URL Busca: http://www.nintendo.com/json/content/get/game/filter?&qterm=<BUSCA>
NintendoEShopSearch.search() http://www.nintendo.com/json/content/get/game/filter?&qterm=Mario+Kart+7
		Documento Lido
		Resultados: 7
		Nome do Produto: Super Mario Kart
			Igorando Pelo Filtro de Nome...
		Nome do Produto: Mario Kart 8
			Igorando Pelo Filtro de Nome...
		Nome do Produto: Mario Kart 7
http://www.nintendo.com/games/detail/59JiheYMlzjHqlmUHkP5ESn3QOUHqyOq
		Acessando URL do produto.
URL = http://www.nintendo.com/games/detail/59JiheYMlzjHqlmUHkP5ESn3QOUHqyOq
		Nome do Produto: Mario Sports Mix
			Igorando Pelo Filtro de Nome...
		Nome do Produto: Super Mario Kart
			Igorando Pelo Filtro de Nome...
		Nome do Produto: Mario Kart 64
			Igorando Pelo Filtro de Nome...
		Nome do Produto: Mario Kart DS
			Igorando Pelo Filtro de Nome...
	Tempo Para buscar: 768
Loja: Americanas
	URL Principal: http://www.americanas.com.br/
	URL Busca: http://busca.americanas.com.br/busca.php?q=<BUSCA>
http://busca.americanas.com.br/busca.php?q=Mario+Kart+7
		Documento Lido
		Resultados: 3
		Nome do Produto: Console Nintendo 2ds Vermelho Jogo Mario Kart 7 - Nintendo
http://busca.americanas.com.br/produto.php?link=http://www.americanas.com.br/produto/9252238/console-nintendo-2ds-vermelho-jogo-mario-kart-7-nintendo&ranking=1&sessao=U8GFD0LW0K0C7&idbusca=9403264421317f1b5d060a4123c5ceb5eb54d7f4&idproduto=9252238
		Acessando URL do produto.
		Nome do Produto: Pista By Kids Nintendo Mario Kart 7
http://busca.americanas.com.br/produto.php?link=http://www.americanas.com.br/produto/120370823/pista-by-kids-nintendo-mario-kart-7&ranking=2&sessao=U8GFD0LW0K0C7&idbusca=9403264421317f1b5d060a4123c5ceb5eb54d7f4&idproduto=120370823
		Acessando URL do produto.
		Nome do Produto: Pista Elétrica By Kids Nintendo Mario Kart 7
http://busca.americanas.com.br/produto.php?link=http://www.americanas.com.br/produto/120370807/pista-eletrica-by-kids-nintendo-mario-kart-7&ranking=3&sessao=U8GFD0LW0K0C7&idbusca=9403264421317f1b5d060a4123c5ceb5eb54d7f4&idproduto=120370807
		Acessando URL do produto.
	Tempo Para buscar: 1539
Loja: Big Boy Games
	URL Principal: http://www.bigboygames.com.br/
	URL Busca: http://www.bigboygames.com.br/pesquisa/?p=<BUSCA>
http://www.bigboygames.com.br/pesquisa/?p=Mario+Kart+7
		Documento Lido
		Resultados: 24
		Nome do Produto: WiiU - Mario Kart 8
			Igorando Pelo Filtro de Nome...
		Nome do Produto: Carro Fricção Pull & Speed Mario Kart 7 Mario
http://www.bigboygames.com.br/carro-friccao-pull-speed-mario-kart-7-mario-p6553/
		Acessando URL do produto.
		Nome do Produto: WiiU - Mario Kart 8 Racing Wheel Mario
			Igorando Pelo Filtro de Nome...
		Nome do Produto: Quebra Cabeça Mario Kart Wii
			Igorando Pelo Filtro de Nome...
		Nome do Produto: 3DS - Mario Kart 7
http://www.bigboygames.com.br/3ds-mario-kart-7-p3613/
		Acessando URL do produto.
		Nome do Produto: Wii - Mario Kart Wii
			Igorando Pelo Filtro de Nome...
		Nome do Produto: Carro Fricção Pull & Speed Mario Kart 7 Koopa
http://www.bigboygames.com.br/carro-friccao-pull-speed-mario-kart-7-koopa-p6556/
		Acessando URL do produto.
		Nome do Produto: Wii - Console Nintendo Wii Mini Vermelho + Mario Kart Wii
			Igorando Pelo Filtro de Nome...
		Nome do Produto: WiiU - Racing Wheel Maior Kart 8 - Mario
			Igorando Pelo Filtro de Nome...
		Nome do Produto: Carro Fricção Pull & Speed Mario Kart DS Mario B-Dasher
			Igorando Pelo Filtro de Nome...
		Nome do Produto: WiiU - HORI Mario Kart 8 Protector (Mario)
			Igorando Pelo Filtro de Nome...
		Nome do Produto: Carro Fricção Pull & Speed Mario Kart Wii Wild Wings Mario
			Igorando Pelo Filtro de Nome...
		Nome do Produto: Console Nintendo 2DS Azul/Preto c/ Mario Kart 7
http://www.bigboygames.com.br/console-nintendo-2ds-azul-preto-c-mario-kart-7-p6658/
		Acessando URL do produto.
		Nome do Produto: Carro Fricção Pull & Speed Mario Kart 7 Luigi
http://www.bigboygames.com.br/carro-friccao-pull-speed-mario-kart-7-luigi-p6554/
		Acessando URL do produto.
		Nome do Produto: Carro Fricção Pull & Speed Mario Kart 7 Yoshi
http://www.bigboygames.com.br/carro-friccao-pull-speed-mario-kart-7-yoshi-p6555/
		Acessando URL do produto.
		Nome do Produto: Carro Fricção Pull & Speed Mario Kart DS Peach Royale
			Igorando Pelo Filtro de Nome...
		Nome do Produto: Carro Fricção Pull & Speed Mario Kart DS Wario Brute
			Igorando Pelo Filtro de Nome...
		Nome do Produto: Carro Fricção Pull & Speed Mario Kart Wii Wild Wings Luigi
			Igorando Pelo Filtro de Nome...
		Nome do Produto: Carro Fricção Pull & Speed Mario Kart Wii Wild Wings Peach
			Igorando Pelo Filtro de Nome...
		Nome do Produto: WiiU - HORI Mario Kart 8 Protector (Luigi)
			Igorando Pelo Filtro de Nome...
		Nome do Produto: WiiU - Mario Kart 8 Racing Wheel Luigi
			Igorando Pelo Filtro de Nome...
		Nome do Produto: Console Mario Kart 8 Wii U Deluxe 32GB
			Igorando Pelo Filtro de Nome...
		Nome do Produto: WII - Mario Kart Jogo + Volante [Semi Novo- Avarias na Caixa]
			Igorando Pelo Filtro de Nome...
		Nome do Produto: DS - Mario Kart DS
			Igorando Pelo Filtro de Nome...
	Tempo Para buscar: 5213
Loja: Casas Bahia
	URL Principal: http://www.casasbahia.com.br/
	URL Busca: http://buscas.casasbahia.com.br/search?w=<BUSCA>
http://buscas.casasbahia.com.br/search?w=Mario+Kart+7
		Documento Lido
		Resultados: 1
		Nome do Produto: Jogo Mario Kart 7 - 3DS
http://buscas.casasbahia.com.br/search?p=R&srid=S6-USESD01&lbc=casasbahia&w=Mario%20Kart%207&url=http%3a%2f%2fproduto.casasbahia.com.br%2f470664%3f&rk=1&uid=447313997&sid=2&ts=custom&rsc=dzSCleFvpzmlW1L4&method=and&isort=score&view=grid
		Acessando URL do produto.
		Nome do Produto: Mario Kart DS Wario Brute 1:43 para pista Carrera Go!!!
			Igorando Pelo Filtro de Nome...
		Nome do Produto: Livro - Feras Futebol Clube - Mário, o Camisa 10
			Igorando Pelo Filtro de Nome...
	Tempo Para buscar: 2956
Loja: Extra
	URL Principal: http://www.extra.com.br/
	URL Busca: http://buscando.extra.com.br/search?w=<BUSCA>
http://buscando.extra.com.br/search?w=Mario+Kart+7
		Documento Lido
		Resultados: 3
		Nome do Produto: Jogo Mario Kart 7 - 3DS
http://buscando.extra.com.br/search?p=R&srid=S1-USESD02&lbc=extra&w=Mario%20Kart%207&url=http%3a%2f%2fproduto.extra.com.br%2f470664%3f&rk=1&uid=447342474&sid=2&ts=custom&rsc=GYK0ZS9%3aGpPQPnau&method=and&isort=score&view=grid
		Acessando URL do produto.
		Nome do Produto: Mario Kart DS Wario Brute 1:43 para pista Carrera Go!!!
			Igorando Pelo Filtro de Nome...
		Nome do Produto: Livro - Feras Futebol Clube - Mário, o Camisa 10
			Igorando Pelo Filtro de Nome...
	Tempo Para buscar: 2086
Loja: E-Virtua
	URL Principal: http://www.evirtua.com.br/
	URL Busca: http://www.evirtua.com.br/Busca?search_department_id=0&SearchTerm=<BUSCA>
http://www.evirtua.com.br/Busca?search_department_id=0&SearchTerm=Mario+Kart+7
		Documento Lido
		Resultados: 1
		Nome do Produto: Mario Kart 7 - Nintendo 3DS
http://www.evirtua.com.br//mario-kart-7-nintendo-3ds/2904-01
		Acessando URL do produto.
	Tempo Para buscar: 524
Loja: Fast Games
	URL Principal: http://www.fastgames.com.br/
	URL Busca: http://www.fastgames.com.br/loja/busca.php?loja=187970&palavra_busca=<BUSCA>
http://www.fastgames.com.br/loja/busca.php?loja=187970&palavra_busca=Mario+Kart+7
		Documento Lido
		Resultados: 6
		Nome do Produto: Chaves Kart - PS3
			Igorando Pelo Filtro de Nome...
		Nome do Produto: Mario Kart 7 - 3DS
http://www.fastgames.com.br//mario-kart-7-3ds-pr-3563-187970.htm
		Acessando URL do produto.
		Nome do Produto: Mortal Kombat: Armageddon - Wii
			Igorando Pelo Filtro de Nome...
		Nome do Produto: Nintendo Wii U 32GB (Mario Kart 8 Deluxe Set)
			Igorando Pelo Filtro de Nome...
		Nome do Produto: Sonic & All-Stars Racing Transformed - 3DS
			Igorando Pelo Filtro de Nome...
		Nome do Produto: Sonic & All-Stars Racing Transformed - PS3
			Igorando Pelo Filtro de Nome...
	Tempo Para buscar: 2755
Loja: Fast Shop
	URL Principal: http://www.fastshop.com.br/loja/
	URL Busca: http://www.fastshop.com.br/webapp/wcs/stores/servlet/SearchDisplay?searchTerm=<BUSCA>&categoryId=&storeId=10151&catalogId=11052&langId=-6&pageSize=9&beginIndex=0&sType=SimpleSearch&resultCatEntryType=2&showResultsPage=true&searchSource=Q&pageView=&hotsite=fastshop
http://www.fastshop.com.br/webapp/wcs/stores/servlet/SearchDisplay?searchTerm=Mario+Kart+7&categoryId=&storeId=10151&catalogId=11052&langId=-6&pageSize=9&beginIndex=0&sType=SimpleSearch&resultCatEntryType=2&showResultsPage=true&searchSource=Q&pageView=&hotsite=fastshop
		Documento Lido
		Resultados: 1
		Nome do Produto: 
			Igorando Pelo Filtro de Nome...
		Nome do Produto: 
			Igorando Pelo Filtro de Nome...
		Nome do Produto: 
			Igorando Pelo Filtro de Nome...
		Nome do Produto: 
			Igorando Pelo Filtro de Nome...
	Tempo Para buscar: 587
Loja: FNAC
	URL Principal: http://www.fnac.com.br/index.html
	URL Busca: http://busca.fnac.com.br/?busca=<BUSCA>
http://busca.fnac.com.br/?busca=Mario+Kart+7
		Documento Lido
		Resultados: 21
		Nome do Produto: Mario Kart 7 Luigi
http://busca.FNAC.com.br/Busca/Redir?url=http%3a%2f%2fwww.FNAC.com.br%2fmktredir.aspx%3fprt%3d_fbits_search%26url%3dhttp%3a%2f%2fwww.FNAC.com.br%2fmario-kart-7-luigi%2fp%2f670926&esid=670926
		Acessando URL do produto.
	Tempo Para buscar: 1763
Loja: Kabum
	URL Principal: http://www.kabum.com.br/
	URL Busca: http://www.kabum.com.br/cgi-local/site/listagem/listagem.cgi?string=<BUSCA>&btnG=
http://www.kabum.com.br/cgi-local/site/listagem/listagem.cgi?string=Mario+Kart+7&btnG=
		Documento Lido
		Resultados: 0
	Tempo Para buscar: 553
Loja: Livraria Cultura
	URL Principal: http://www.livrariacultura.com.br/
	URL Busca: http://www.livrariacultura.com.br/busca?N=0&Ntt=<BUSCA>
http://www.livrariacultura.com.br/busca?N=0&Ntt=Mario+Kart+7
		Documento Lido
		Resultados: 7
		Nome do Produto: MARIO KART 7 MARIO
http://www.livrariacultura.com.br/p/mario-kart-7-mario-42275200
		Acessando URL do produto.
		Nome do Produto: MARIO KART 7 YOSHI
http://www.livrariacultura.com.br/p/mario-kart-7-yoshi-42275226
		Acessando URL do produto.
		Nome do Produto: MARIO KART 7 LUIGI
http://www.livrariacultura.com.br/p/mario-kart-7-luigi-42275202
		Acessando URL do produto.
		Nome do Produto: MARIO KART 7 KOOPA
http://www.livrariacultura.com.br/p/mario-kart-7-koopa-42275228
		Acessando URL do produto.
		Nome do Produto: GAME FREAKS 365'S NINTENDO 3DS GUIDE
			Igorando Pelo Filtro de Nome...
		Nome do Produto: MARIO KART 7 (3DS)
http://www.livrariacultura.com.br/p/mario-kart-7-3ds-29075867
		Acessando URL do produto.
		Nome do Produto: GAME FREAKS 365'S NINTENDO 3DS GUIDE
			Igorando Pelo Filtro de Nome...
	Tempo Para buscar: 1820
Loja: Magazine Luiza
	URL Principal: http://www.magazineluiza.com.br/
	URL Busca: http://www.magazineluiza.com.br/busca/<BUSCA>/
http://www.magazineluiza.com.br/busca/Mario+Kart+7/
		Documento Lido
		Resultados: 60
		Nome do Produto: Notebook Asus Lamborghini VX7-SZ115Z Intel Core i7 - 16GB 1.5TB LED 15,6 Full HD Windows 7 Blu-Ray
			Igorando Pelo Filtro de Nome...
		Nome do Produto: Notebook Samsung Ativ Book 2 com Intel Core i7 - 8GB 1TB Windows 8.1 LED 15,6 Placa de Vídeo 2GB
			Igorando Pelo Filtro de Nome...
		Nome do Produto: Notebook Samsung Ativ Book 2 com Intel Core i7 - 8GB 1TB Windows 8.1 LED 15,6 Placa de Vídeo 2GB
			Igorando Pelo Filtro de Nome...
		Nome do Produto: Tablet DL HD7 Plus 4GB Tela 7" 3G Wi-Fi - Android 4.0 Proc. Cortex A9 Câmera Frontal HDMI
			Igorando Pelo Filtro de Nome...
		Nome do Produto: Tacho para Frituras Elétrico 7L Tedesco TFE-7 - com Cesto e Painel Removíveis
			Igorando Pelo Filtro de Nome...
		Nome do Produto: Tablet DL HD7 Kids Android 4.0 Wi-Fi 4GB - Tela 7" Conexão USB e HDMI
			Igorando Pelo Filtro de Nome...
		Nome do Produto: Tablet Dell Venue 7 16GB Tela 7" 4G Wi-Fi - Android 4.4 Proc. Intel Dual Core Câmera 5MP GPS
			Igorando Pelo Filtro de Nome...
		Nome do Produto: Tablet Philco 7A-B111A4.0 8GB Tela 7" Wi-Fi - Android 4.0 Proc. Cortex A8 Câm. 2MP + Frontal
			Igorando Pelo Filtro de Nome...
		Nome do Produto: Ar Condicionado de Janela Consul 7.500 BTUs - Quente/Frio CCO07 Controle Remoto
			Igorando Pelo Filtro de Nome...
		Nome do Produto: Ar Condicionado Janela Consul 7.000 BTUs Frio - CCB07DB
			Igorando Pelo Filtro de Nome...
		Nome do Produto: Smartphone Samsung Galaxy A5 Duos Dual Chip 4G - Android 4.4 Câm. 13MP Tela 5" Proc. Quad Core
			Igorando Pelo Filtro de Nome...
		Nome do Produto: Computador/PC PC Mix Gamer L3900 Intel Core i7 - 8GB 1TB Placa de Vídeo GeForce GT 630 2GB
			Igorando Pelo Filtro de Nome...
		Nome do Produto: Batom Joli Rouge Cor 07 - Clarins
			Igorando Pelo Filtro de Nome...
		Nome do Produto: Atomic 7 BCAA 412g Uva - Universal Nutrition
			Igorando Pelo Filtro de Nome...
		Nome do Produto: Atomic 7 BCAA 412g Cereja - Universal Nutrition
			Igorando Pelo Filtro de Nome...
		Nome do Produto: DVD Automotivo Dazz DZ65130 Tela 7" - com Entrada USB
			Igorando Pelo Filtro de Nome...
		Nome do Produto: DVD Automotivo Pósitron SP6300 Retrátil Tela 7" - Touch Screen Entradas USB Aux e p/ Câmera de Ré
			Igorando Pelo Filtro de Nome...
		Nome do Produto: Ar Condicionado de Janela Consul Frio 7500 BTUs - CCN07DB com Controle Remoto e Filtro
			Igorando Pelo Filtro de Nome...
		Nome do Produto: DVD Automotivo Leadership Retrátil 7" Touch Screen - Entrada Auxiliar e USB
			Igorando Pelo Filtro de Nome...
		Nome do Produto: DVD Automotivo Multilaser Blade Retrátil Tela 7" - Touch Screen com Entrada USB e SD
			Igorando Pelo Filtro de Nome...
		Nome do Produto: Ar Condicionado Split Consul 7.000 BTUs Frio - Facilite CBE07AB Controle Remoto e Sistema Imuni
			Igorando Pelo Filtro de Nome...
		Nome do Produto: Ar Condicionado Split Consul 7.000 BTUs - Quente/Frio Facilite CBW07AB com Sistema Imuni
			Igorando Pelo Filtro de Nome...
		Nome do Produto: Ar Condicionado Split Consul Frio 7.000 BTUs - Bem Estar CBV/CBY07 Filtro HEPA e Controle Remoto
			Igorando Pelo Filtro de Nome...
		Nome do Produto: Ar Condicionado Split Electrolux 7.000 BTUs - Quente/Frio Ecoturbo TI07R/TE07R Gás Ecológico
			Igorando Pelo Filtro de Nome...
		Nome do Produto: Ar Condicionado Split Electrolux 7.000 BTUs Frio - Ecoturbo TI07F/TE07F Gás Ecológico R410a
			Igorando Pelo Filtro de Nome...
		Nome do Produto: Bicicleta Ergométrica Kikos KV8.7i - 12 Programas Pré-Definidos
			Igorando Pelo Filtro de Nome...
		Nome do Produto: 7 Pró Gradual Action AGE 900g - Nutrilatina
			Igorando Pelo Filtro de Nome...
		Nome do Produto: Capa Protetora SoftJelly para G Pad 7.0 - LG
			Igorando Pelo Filtro de Nome...
		Nome do Produto: Notebook Dell Série 5000 Inspiron 15 Intel Core i7 - 8GB 1TB Windows 8.1 LED 15,6 HDMI Placa Vídeo 2GB
			Igorando Pelo Filtro de Nome...
		Nome do Produto: Notebook Acer Aspire E5 com Intel Core i7 - 8GB 1TB Windows 8.1 LED 15,6 Placa de video 2GB
			Igorando Pelo Filtro de Nome...
		Nome do Produto: Ultrabook Asus S46CB com Intel Core i7 - 8GB 1TB Windows 8 LED 14 HDMI Placa de video 2GB
			Igorando Pelo Filtro de Nome...
		Nome do Produto: Notebook Lenovo G40 Intel Core i7 4GB 1TB - Windows 8.1 LED 14" HDMI Bluetooth 4.0
			Igorando Pelo Filtro de Nome...
		Nome do Produto: Forno Elétrico de Embutir Electrolux OE7MX - 58L Inox com Grill e Timer
			Igorando Pelo Filtro de Nome...
		Nome do Produto: DVD Automotivo Dazz DZ-65857 Retrátil Tela 7" - Touch Screen com Entrada USB SD
			Igorando Pelo Filtro de Nome...
		Nome do Produto: Notebook Asus G750JX-T4112H Intel Core i7 - 32GB 1TB Windows 8 Tela 17,3" HDMI
			Igorando Pelo Filtro de Nome...
		Nome do Produto: Notebook Asus Vivobook S451LA-CA047H Intel Core i7 - 8GB 500GB Windows 8 LED 14 HDMI
			Igorando Pelo Filtro de Nome...
		Nome do Produto: Notebook HP Pavilion 14-v065br com Intel Core i7 - 8GB 1TB Windows 8.1 Tela HD 14 HDMI Bluetooth
			Igorando Pelo Filtro de Nome...
		Nome do Produto: Notebook HP Pavilion v066br com Intel Core i7 - 8GB 1TB Windows 8.1 LED 14" Placa de Vídeo 2GB
			Igorando Pelo Filtro de Nome...
		Nome do Produto: Notebook Dell Vostro V14T-5470-A50 Intel Core i7 - 8GB 500GB Windows 8 LED 14 HDMI Placa de Vídeo 2GB
			Igorando Pelo Filtro de Nome...
		Nome do Produto: Notebook Dell Vostro V14T-5470-A60 Intel Core i7 - 8GB 500GB Windows LED Touch 14 Placa de Vídeo 2GB
			Igorando Pelo Filtro de Nome...
		Nome do Produto: Forno a Gás de Embutir Electrolux OG7MX 56L Inox - com Grill Timer e Alarme Sonoro
			Igorando Pelo Filtro de Nome...
		Nome do Produto: Película Protetora para Tablet G Pad 7.0 - LG
			Igorando Pelo Filtro de Nome...
		Nome do Produto: Lava e Seca LG WD1485AT7 8,5kg Inox - Água Quente com 14 Programas de Lavagem
			Igorando Pelo Filtro de Nome...
		Nome do Produto: Fone de Ouvido Earbud P2 - Chilli Beans
			Igorando Pelo Filtro de Nome...
		Nome do Produto: DVD Automotivo Aquarius DPA3001 Retrátil Tela 7" - Touch Screen com Entrada USB e SD
			Igorando Pelo Filtro de Nome...
		Nome do Produto: Chaves Kart p/ PS3 - Slang
			Igorando Pelo Filtro de Nome...
		Nome do Produto: Conjunto Mesa Mille e 6 Cadeiras - Fritz Móveis
			Igorando Pelo Filtro de Nome...
		Nome do Produto: Puff Perão - Phoenix Puff
			Igorando Pelo Filtro de Nome...
		Nome do Produto: Puff Perão - Phoenix Puff
			Igorando Pelo Filtro de Nome...
		Nome do Produto: Console Xbox One 500GB Controle Wireless e Blu-ray - Novo Kinect Microsoft
			Igorando Pelo Filtro de Nome...
		Nome do Produto: Cortador de Grama Garthen Standard GM 1100I - Elétrico 1100W
			Igorando Pelo Filtro de Nome...
		Nome do Produto: Máquina de Gelo BMGX50 - BenMax Super Ice 50kg c/ Reservatório p/ 7kg
			Igorando Pelo Filtro de Nome...
		Nome do Produto: Poltrona Reclinável - Matrix Azera
			Igorando Pelo Filtro de Nome...
		Nome do Produto: Poltrona Reclinável - Matrix Azera
			Igorando Pelo Filtro de Nome...
		Nome do Produto: Ciclo Computador com Fio para Bicicleta - ACTE A7 15 Funções - Acte Sports
			Igorando Pelo Filtro de Nome...
		Nome do Produto: Garrafa Squeeze Alumínio 750ml Sport - Acte Sports
			Igorando Pelo Filtro de Nome...
		Nome do Produto: Kit Extensor Soft - Acte Sports
			Igorando Pelo Filtro de Nome...
		Nome do Produto: Ultrabook Asus Zenbook UX301LA Intel Core i7 - 8GB 512GB Windows 8.1 LED 13,3 Touch Micro HDMI
			Igorando Pelo Filtro de Nome...
		Nome do Produto: Mario vs. Donkey Kong Mini-land Mayhem! - Nintendo DS - Nintendo
			Igorando Pelo Filtro de Nome...
		Nome do Produto: Mario Golf": World Tour p/ Nintendo 3DS - Nintendo
			Igorando Pelo Filtro de Nome...
	Tempo Para buscar: 954
Loja: Mula Games
	URL Principal: http://www.mulagames.com.br/
	URL Busca: http://www.mulagames.com.br/produtos-index/catalogo_produtos/-/-/<BUSCA>/-/-/-/-/-/
http://www.mulagames.com.br/produtos-index/catalogo_produtos/-/-/Mario%20Kart%207/-/-/-/-/-/
		Documento Lido
		Resultados: 1
		Nome do Produto: Mario Kart 7 - 3DS
http://www.mulagames.com.br/Mario-Kart-7-3DS/prod-457454/
		Acessando URL do produto.
http://www.mulagames.com.br/produto-ajax_retorna_dados_preco_comprar/457454
		Acessando URL do preço produto.
	Tempo Para buscar: 2351
Loja: Net Shoes
	URL Principal: http://www.netshoes.com.br/
	URL Busca: http://www.netshoes.com.br/search?Ntt=<BUSCA>
http://www.netshoes.com.br/search?Ntt=Mario+Kart+7
		Documento Lido
		Resultados: 60
		Nome do Produto: Bicicleta GONEW Endorphine 5.7 - Full Suspension 21 Marchas
			Igorando Pelo Filtro de Nome...
		Nome do Produto: Bicicleta GONEW Endorphine 5.7 - Full Suspension 21 Marchas
			Igorando Pelo Filtro de Nome...
		Nome do Produto: Bicicleta GONEW Endorphine 7.3 - Aro 29 - 24 Marchas
			Igorando Pelo Filtro de Nome...
		Nome do Produto: Bicicleta GONEW Endorphine 7.3 - Aro 29 - 24 Marchas
			Igorando Pelo Filtro de Nome...
		Nome do Produto: Bicicleta GONEW Endorphine 7.3 - Aro 29 - 24 Marchas
			Igorando Pelo Filtro de Nome...
		Nome do Produto: Bicicleta GONEW Endorphine 7.3 - Aro 29 - 24 Marchas
			Igorando Pelo Filtro de Nome...
		Nome do Produto: Tênis Nike Air Max Tailwind 7
			Igorando Pelo Filtro de Nome...
		Nome do Produto: Tênis Nike Air Max Tailwind 7
			Igorando Pelo Filtro de Nome...
		Nome do Produto: Tênis Nike Air Max Tailwind 7
			Igorando Pelo Filtro de Nome...
		Nome do Produto: Tênis Asics Patriot 7
			Igorando Pelo Filtro de Nome...
		Nome do Produto: Tênis Asics Patriot 7
			Igorando Pelo Filtro de Nome...
		Nome do Produto: Tênis Asics Gel Impression 7
			Igorando Pelo Filtro de Nome...
		Nome do Produto: Tênis Nike Air Max Tailwind 7
			Igorando Pelo Filtro de Nome...
		Nome do Produto: Tênis Asics Patriot 7
			Igorando Pelo Filtro de Nome...
		Nome do Produto: Tênis Asics Patriot 7
			Igorando Pelo Filtro de Nome...
		Nome do Produto: Tênis Asics Patriot 7
			Igorando Pelo Filtro de Nome...
		Nome do Produto: Tênis Nike Air Max Tailwind 7
			Igorando Pelo Filtro de Nome...
		Nome do Produto: Tênis Asics Patriot 7
			Igorando Pelo Filtro de Nome...
		Nome do Produto: Tênis Asics Gel Impression 7
			Igorando Pelo Filtro de Nome...
		Nome do Produto: Tênis Nike Air Max Tailwind 7
			Igorando Pelo Filtro de Nome...
		Nome do Produto: Tênis Nike The Overplay 7
			Igorando Pelo Filtro de Nome...
		Nome do Produto: Tênis Nike Air Max Tailwind 7
			Igorando Pelo Filtro de Nome...
		Nome do Produto: Chuteira Topper Frontier 7 Futsal
			Igorando Pelo Filtro de Nome...
		Nome do Produto: Tênis Asics Patriot 7
			Igorando Pelo Filtro de Nome...
		Nome do Produto: Tênis Nike Air Max Tailwind 7
			Igorando Pelo Filtro de Nome...
		Nome do Produto: Tênis Nike Air Max Tailwind 7
			Igorando Pelo Filtro de Nome...
		Nome do Produto: Caneleira Shura 7 Kg
			Igorando Pelo Filtro de Nome...
		Nome do Produto: Short Adidas Response 7
			Igorando Pelo Filtro de Nome...
		Nome do Produto: Bicicleta Caloi Ceci Juvenil - Aro 20 - 7 Marchas
			Igorando Pelo Filtro de Nome...
		Nome do Produto: Chuteira Topper Frontier 7 Futsal
			Igorando Pelo Filtro de Nome...
		Nome do Produto: Tênis Asics Gel Impression 7
			Igorando Pelo Filtro de Nome...
		Nome do Produto: Tênis Asics Patriot 7
			Igorando Pelo Filtro de Nome...
		Nome do Produto: Tênis Adidas Kanadia 7
			Igorando Pelo Filtro de Nome...
		Nome do Produto: Tênis Nike Air Max Tailwind 7
			Igorando Pelo Filtro de Nome...
		Nome do Produto: Bermuda Nike Court 7 pol.
			Igorando Pelo Filtro de Nome...
		Nome do Produto: Tênis Nike Air Max Tailwind 7
			Igorando Pelo Filtro de Nome...
		Nome do Produto: Halter Polimet Pintado 7 kg
			Igorando Pelo Filtro de Nome...
		Nome do Produto: Tênis Adidas Supernova Glide Boost 7
			Igorando Pelo Filtro de Nome...
		Nome do Produto: Short Nike Challenger 7 pol.
			Igorando Pelo Filtro de Nome...
		Nome do Produto: Short Puma Core 7
			Igorando Pelo Filtro de Nome...
		Nome do Produto: Short Nike Distance 7 pol.
			Igorando Pelo Filtro de Nome...
		Nome do Produto: Tênis Asics Patriot 7
			Igorando Pelo Filtro de Nome...
		Nome do Produto: Kimono Mário Yamasaki Jiu Jitsu
			Igorando Pelo Filtro de Nome...
		Nome do Produto: Skate Urgh Kids 31.4 X 7.75
			Igorando Pelo Filtro de Nome...
		Nome do Produto: Tênis Adidas Supernova Glide Boost 7
			Igorando Pelo Filtro de Nome...
		Nome do Produto: Tênis Adidas Supernova Glide Boost 7
			Igorando Pelo Filtro de Nome...
		Nome do Produto: Skate Urgh Kids 31.4 X 7.75
			Igorando Pelo Filtro de Nome...
		Nome do Produto: Tênis Asics Patriot 7
			Igorando Pelo Filtro de Nome...
		Nome do Produto: Tênis Adidas Supernova Glide Boost 7
			Igorando Pelo Filtro de Nome...
		Nome do Produto: Tênis Nike Air Max Tailwind 7
			Igorando Pelo Filtro de Nome...
		Nome do Produto: Tênis Nike Zoom Elite 7
			Igorando Pelo Filtro de Nome...
		Nome do Produto: Boné New Era 5950 Size 7 1/4
			Igorando Pelo Filtro de Nome...
		Nome do Produto: Tênis Nike Paul Rodriguez 7 GS Juvenil
			Igorando Pelo Filtro de Nome...
		Nome do Produto: Kit Par de Halteres 7 kg
			Igorando Pelo Filtro de Nome...
		Nome do Produto: Bola Nike Versa Tack 7
			Igorando Pelo Filtro de Nome...
		Nome do Produto: Short Puma Running 7 pol.
			Igorando Pelo Filtro de Nome...
		Nome do Produto: Skate Urgh Kids 31.4 X 7.75
			Igorando Pelo Filtro de Nome...
		Nome do Produto: Skate Urgh Kids 31.4 X 7.75
			Igorando Pelo Filtro de Nome...
		Nome do Produto: Tênis Adidas Kanadia 7
			Igorando Pelo Filtro de Nome...
		Nome do Produto: Tênis Adidas Kanadia 7
			Igorando Pelo Filtro de Nome...
	Tempo Para buscar: 464
Loja: Ponto Frio
	URL Principal: http://www.pontofrio.com.br/
	URL Busca: http://search.pontofrio.com.br/search?w=<BUSCA>
http://search.pontofrio.com.br/search?w=Mario+Kart+7
		Documento Lido
		Resultados: 1
		Nome do Produto: Jogo Mario Kart 7 - 3DS
http://search.pontofrio.com.br/search?p=R&srid=S3-USWSD01&lbc=pontofrio-br&w=Mario%20Kart%207&url=http%3a%2f%2fproduto.pontofrio.com.br%2f470664%3f&rk=1&uid=447481694&sid=2&ts=custom&rsc=lwFKR3vlqlkQkLvH&method=and&isort=score&view=grid
		Nome do Produto: Mario Kart DS Wario Brute 1:43 para pista Carrera Go!!!
			Igorando Pelo Filtro de Nome...
		Nome do Produto: Livro - Feras Futebol Clube - Mário, o Camisa 10
			Igorando Pelo Filtro de Nome...
		Nome do Produto: Jogo Mario Kart 7 - 3DS
http://search.pontofrio.com.br/search?p=R&srid=S3-USWSD01&lbc=pontofrio-br&w=Mario%20Kart%207&url=http%3a%2f%2fproduto.pontofrio.com.br%2f470664%3f&rk=1&uid=447481694&sid=2&ts=custom&rsc=lwFKR3vlqlkQkLvH&method=and&isort=score&view=grid
		Nome do Produto: Mario Kart DS Wario Brute 1:43 para pista Carrera Go!!!
			Igorando Pelo Filtro de Nome...
		Nome do Produto: Livro - Feras Futebol Clube - Mário, o Camisa 10
			Igorando Pelo Filtro de Nome...
	Tempo Para buscar: 2531
Loja: Ricardo Eletro
	URL Principal: http://www.ricardoeletro.com.br/
	URL Busca: http://www.ricardoeletro.com.br/Busca/Resultado/?q=<BUSCA>
http://www.ricardoeletro.com.br/Busca/Resultado/?q=Mario+Kart+7
		Documento Lido
		Resultados: 3
		Nome do Produto: Jogo de Copos Long Drink com 6 Peças Mario 375ml - Art Craft UD Brasil
			Igorando Pelo Filtro de Nome...
		Nome do Produto: Jogo Mario Golf: World Tour para Nintendo 3DS (N3DS)
			Igorando Pelo Filtro de Nome...
		Nome do Produto: Carro de Montar + Pista de Corrida com obstáculo Mario e Luigi - Multi Kids
			Igorando Pelo Filtro de Nome...
	Tempo Para buscar: 434
Loja: RiHappy
	URL Principal: http://www.rihappy.com.br/
	URL Busca: http://www.rihappy.com.br/<BUSCA>
http://www.rihappy.com.br/Mario%20Kart%207
		Documento Lido
		Resultados: 2
		Nome do Produto: Knex Figura Sortida Mario Kart - MultiKids - Outras Marcas
			Igorando Pelo Filtro de Nome...
		Nome do Produto: Knex Mario e Luigi - Linha de Largada - MultiKids - Outras Marcas
			Igorando Pelo Filtro de Nome...
	Tempo Para buscar: 1185
Loja: Saraiva
	URL Principal: http://www.saraiva.com.br/
	URL Busca: http://busca.saraiva.com.br/search?w=<BUSCA>&PAC_ID=129457&ts=ajax
http://busca.saraiva.com.br/search?w=Mario+Kart+7&PAC_ID=129457&ts=ajax
		Documento Lido
		Resultados: 1
		Nome do Produto: Cabo de Lightning Para USB Apple Md818bz/a
			Igorando Pelo Filtro de Nome...
	Tempo Para buscar: 358
Loja: Shop Facil
	URL Principal: http://ww2.shopfacil.com.br/
	URL Busca: http://ww2.shopfacil.com.br/<BUSCA>
http://ww2.shopfacil.com.br/Mario%20Kart%207
		Documento Lido
		Resultados: 6
		Nome do Produto: Carro Mario Kart Aeromodelli Seven Car
			Igorando Pelo Filtro de Nome...
		Nome do Produto: Knex Figura Sortida Mario Kart - MultiKids
			Igorando Pelo Filtro de Nome...
		Nome do Produto: Knex Mario Kart Wario Moto Bike Multikids BR041 – Colorido
			Igorando Pelo Filtro de Nome...
		Nome do Produto: Blocos de Montar Mario Kart Multikids Luigi com Motor Elétrico – 30 Peças
			Igorando Pelo Filtro de Nome...
		Nome do Produto: Livro - Direito das Sucessões: Teoria e Prática - 7ª Edição - 2013 - Mario Roberto Carvalho de Faria
			Igorando Pelo Filtro de Nome...
		Nome do Produto: Livro - Contabilidade Básica: Caderno de Exercícios - José Carlos Marion - 7ª Edição
			Igorando Pelo Filtro de Nome...
	Tempo Para buscar: 973
Loja: Shop Time
	URL Principal: http://www.shoptime.com.br/
	URL Busca: http://busca.shoptime.com.br/busca.php?q=<BUSCA>
http://busca.shoptime.com.br/busca.php?q=Mario+Kart+7
		Documento Lido
		Resultados: 4
		Nome do Produto: Console Nintendo 2ds Vermelho Jogo Mario Kart 7 - Nintendo Pista Elétrica By Kids Nintendo Mario Kart 7 Pista By Kids Nintendo Mario Kart 7 Game Mario Kart 7 - 3DS
http://busca.shoptime.com.br/produto.php?link=http://www.shoptime.com.br/produto/9252238/console-nintendo-2ds-vermelho-jogo-mario-kart-7-nintendo&ranking=1&sessao=U8GFE2W2J40W7&idbusca=f4a1039b60ec12f80071985c590b4ccca47e7d5d&idproduto=9252238
		Acessando URL do produto.
		Nome do Produto: Console Nintendo 2ds Vermelho Jogo Mario Kart 7 - Nintendo Pista Elétrica By Kids Nintendo Mario Kart 7 Pista By Kids Nintendo Mario Kart 7 Game Mario Kart 7 - 3DS
http://busca.shoptime.com.br/produto.php?link=http://www.shoptime.com.br/produto/120370807/pista-eletrica-by-kids-nintendo-mario-kart-7&ranking=2&sessao=U8GFE2W2J40W7&idbusca=f4a1039b60ec12f80071985c590b4ccca47e7d5d&idproduto=120370807
		Acessando URL do produto.
		Nome do Produto: Console Nintendo 2ds Vermelho Jogo Mario Kart 7 - Nintendo Pista Elétrica By Kids Nintendo Mario Kart 7 Pista By Kids Nintendo Mario Kart 7 Game Mario Kart 7 - 3DS
http://busca.shoptime.com.br/produto.php?link=http://www.shoptime.com.br/produto/120370823/pista-by-kids-nintendo-mario-kart-7&ranking=3&sessao=U8GFE2W2J40W7&idbusca=f4a1039b60ec12f80071985c590b4ccca47e7d5d&idproduto=120370823
		Acessando URL do produto.
		Nome do Produto: Console Nintendo 2ds Vermelho Jogo Mario Kart 7 - Nintendo Pista Elétrica By Kids Nintendo Mario Kart 7 Pista By Kids Nintendo Mario Kart 7 Game Mario Kart 7 - 3DS
http://busca.shoptime.com.br/produto.php?link=http://www.shoptime.com.br/produto/110455081/game-mario-kart-7-3ds&ranking=4&sessao=U8GFE2W2J40W7&idbusca=f4a1039b60ec12f80071985c590b4ccca47e7d5d&idproduto=110455081
		Acessando URL do produto.
	Tempo Para buscar: 2467
Loja: ShopB
	URL Principal: http://www.shopb.com.br/
	URL Busca: http://busca.shopb.com.br/?busca=<BUSCA>
http://busca.shopb.com.br/?busca=Mario+Kart+7
		Documento Lido
		Resultados: 31
		Nome do Produto: Mario Kart 7 - 3DS
http://shopb.ecommercesearch.com.br/Busca/Redir?url=http%3a%2f%2fwww.shopb.com.br%2fecommerce_site%2findex.php%3fpg%3dproduto%26cdg%3d4488%26idp%3d23629%26idparceiro%3dp1&esid=23629
		Acessando URL do produto.
		Nome do Produto: Bundle Mario Party 10 + Amiibo Super Mario - Wii U
			Igorando Pelo Filtro de Nome...
		Nome do Produto: Camiseta Super Mario - Modelo 1
			Igorando Pelo Filtro de Nome...
		Nome do Produto: Chaves Kart - PS3
			Igorando Pelo Filtro de Nome...
		Nome do Produto: Dynasty Warriors 7 - XBOX 360
			Igorando Pelo Filtro de Nome...
		Nome do Produto: Far Cry 4: Kyrat Edition - PS4
			Igorando Pelo Filtro de Nome...
		Nome do Produto: Far Cry 4: Kyrat Edition - XBOX 360
			Igorando Pelo Filtro de Nome...
		Nome do Produto: Far Cry 4: Kyrat Edition - XBOX ONE
			Igorando Pelo Filtro de Nome...
		Nome do Produto: Fonte Paralela Samsung Series 7
			Igorando Pelo Filtro de Nome...
		Nome do Produto: Fonte Paralela Sony Vaio 19.5v 7.7A
			Igorando Pelo Filtro de Nome...
		Nome do Produto: Headset Sony 7.1 c/ Fio Stereo Silver - PS3, PS4 e PS Vita
			Igorando Pelo Filtro de Nome...
		Nome do Produto: Headset c/ Fio 7.1 Virtual Surround USB Bright Games - PC
			Igorando Pelo Filtro de Nome...
		Nome do Produto: Lego Harry Potter Years 5-7 - 3DS
			Igorando Pelo Filtro de Nome...
		Nome do Produto: Leitor de código de barras CMC-7 - Homebank
			Igorando Pelo Filtro de Nome...
		Nome do Produto: Mario & Luigi: Dream Team - 3DS
			Igorando Pelo Filtro de Nome...
		Nome do Produto: Mario & Sonic at The Olympic Winter Games Sochi 2014 - Wii U
			Igorando Pelo Filtro de Nome...
		Nome do Produto: Mario Golf: World Tour - 3DS
			Igorando Pelo Filtro de Nome...
		Nome do Produto: Mario Party 10 - Wii U
			Igorando Pelo Filtro de Nome...
		Nome do Produto: Mario Party: Island Tour - 3DS
			Igorando Pelo Filtro de Nome...
		Nome do Produto: Mouse Gamer Ambidestro Razer Abyssus Mirror - Razer
			Igorando Pelo Filtro de Nome...
		Nome do Produto: Nintendo Amiibo: Luigi Super Mario - Wii U
			Igorando Pelo Filtro de Nome...
		Nome do Produto: Nintendo Amiibo: Peach Super Mario - Wii U
			Igorando Pelo Filtro de Nome...
		Nome do Produto: Nintendo Amiibo: Super Mario Super Smash Bros - Wii U
			Igorando Pelo Filtro de Nome...
		Nome do Produto: Nintendo Amiibo: Yoshi Super Mario - Wii U
			Igorando Pelo Filtro de Nome...
		Nome do Produto: Nintendo Wii U Deluxe Set Edição Especial Mario Kart 8 - 32GB
			Igorando Pelo Filtro de Nome...
		Nome do Produto: Paper Mario: Sticker Star - 3DS
			Igorando Pelo Filtro de Nome...
		Nome do Produto: Ridge Racer 7 - PS3
			Igorando Pelo Filtro de Nome...
		Nome do Produto: Skin Notebook - MOD 7
			Igorando Pelo Filtro de Nome...
		Nome do Produto: Super Mario 3D Land - 3DS
			Igorando Pelo Filtro de Nome...
		Nome do Produto: Super Poster - Super Mario Galaxy 2
			Igorando Pelo Filtro de Nome...
		Nome do Produto: The Karate Kid - Blu-Ray
			Igorando Pelo Filtro de Nome...
	Tempo Para buscar: 1564
Loja: Submarino
	URL Principal: http://www.submarino.com.br/
	URL Busca: http://busca.submarino.com.br/busca.php?q=<BUSCA>
http://busca.submarino.com.br/busca.php?q=Mario+Kart+7
		Documento Lido
		Resultados: 4
		Nome do Produto: Console Nintendo 2ds Vermelho Jogo Mario Kart 7 - Nintendo
http://busca.submarino.com.br/produto.php?link=http://www.submarino.com.br/produto/9252238/console-nintendo-2ds-vermelho-jogo-mario-kart-7-nintendo&ranking=1&sessao=U8GFE7ZTSSG07&idbusca=8e97c686581b14887d9eb18872d58823af611867&idproduto=9252238
		Acessando URL do produto.
		Nome do Produto: Pista By Kids Nintendo Mario Kart 7
http://busca.submarino.com.br/produto.php?link=http://www.submarino.com.br/produto/120370823/pista-by-kids-nintendo-mario-kart-7&ranking=2&sessao=U8GFE7ZTSSG07&idbusca=8e97c686581b14887d9eb18872d58823af611867&idproduto=120370823
		Acessando URL do produto.
		Nome do Produto: Pista Elétrica By Kids Nintendo Mario Kart 7
http://busca.submarino.com.br/produto.php?link=http://www.submarino.com.br/produto/120370807/pista-eletrica-by-kids-nintendo-mario-kart-7&ranking=3&sessao=U8GFE7ZTSSG07&idbusca=8e97c686581b14887d9eb18872d58823af611867&idproduto=120370807
		Acessando URL do produto.
		Nome do Produto: Game Mario Kart 7 - 3DS
http://busca.submarino.com.br/produto.php?link=http://www.submarino.com.br/produto/110455081/game-mario-kart-7-3ds&ranking=4&sessao=U8GFE7ZTSSG07&idbusca=8e97c686581b14887d9eb18872d58823af611867&idproduto=110455081
		Acessando URL do produto.
	Tempo Para buscar: 2567
Loja: Walmart
	URL Principal: http://www.walmart.com.br/
	URL Busca: http://www.walmart.com.br/busca/?ft=<BUSCA>&PS=20
http://www.walmart.com.br/busca/?ft=Mario+Kart+7&PS=20
		Documento Lido
		Resultados: 2
		Nome do Produto: Jogo Nintendo 3DS Mario Kart 7
http://www.walmart.com.br//produto/Games/Jogos-para-Nintendo-3DS/Nintendo/323309-Jogo-Nintendo-3DS---Mario-Kart-7
		Acessando URL do produto.
		Nome do Produto: Carrera Autorama Nintendo Mario Kart 7 By Kids 16404
http://www.walmart.com.br//produto/Brinquedos/Pista-e-Carrinho/Super-Mario/3076471m-carrera-autorama-nintendo-mario-kart-7-by-kids-16404
		Acessando URL do produto.
	Tempo Para buscar: 2373

File copied from C:\java\workspace Estudo\lookforprices\resources\imports\css.css to C:\java\workspace Estudo\lookforprices\reports\2015-05-26 09\css.css
File copied from C:\java\workspace Estudo\lookforprices\resources\imports\jquery.js to C:\java\workspace Estudo\lookforprices\reports\2015-05-26 09\jquery.js
File copied from C:\java\workspace Estudo\lookforprices\resources\imports\scripts.js to C:\java\workspace Estudo\lookforprices\reports\2015-05-26 09\scripts.js
Tempo total de execução: 38806
