Game: Mario Party
Product Name: Mario Party
Loja: Nintendo eShop
	URL Principal: http://www.nintendo.com/3ds/eshop
	URL Busca: http://www.nintendo.com/json/content/get/game/filter?&qterm=<BUSCA>
NintendoEShopSearch.search() http://www.nintendo.com/json/content/get/game/filter?&qterm=Mario+Party
		Documento Lido
		Resultados: 16
		Nome do Produto: Mario Party 10
http://www.nintendo.com/games/detail/REGT9oL8TMur8_5s9Ofb2VdbFnPcnn21
		Acessando URL do produto.
URL = http://www.nintendo.com/games/detail/REGT9oL8TMur8_5s9Ofb2VdbFnPcnn21
		Nome do Produto: Mario Party 10 Bundle
http://www.nintendo.com/games/detail/PHW3L8-FIeYVrWa1WTtUIQ1tC7VR4lvM
		Acessando URL do produto.
URL = http://www.nintendo.com/games/detail/PHW3L8-FIeYVrWa1WTtUIQ1tC7VR4lvM
		Nome do Produto: Mario Party Advance
http://www.nintendo.com/games/detail/wzM9ziqiTZpgNPq4JAavAReWTZAbowDX
		Acessando URL do produto.
URL = http://www.nintendo.com/games/detail/wzM9ziqiTZpgNPq4JAavAReWTZAbowDX
		Nome do Produto: Super Smash Bros.
			Igorando Pelo Filtro de Nome...
		Nome do Produto: Mario Party: Island Tour
http://www.nintendo.com/games/detail/jJ2KP3ofqeqOHHccjg-mRu1hz0YCJ2By
		Acessando URL do produto.
URL = http://www.nintendo.com/games/detail/jJ2KP3ofqeqOHHccjg-mRu1hz0YCJ2By
		Nome do Produto: Mario Party 9
http://www.nintendo.com/games/detail/NmcKbzZnRefioDCbEp2_v6rwsLPpbEEw
		Acessando URL do produto.
URL = http://www.nintendo.com/games/detail/NmcKbzZnRefioDCbEp2_v6rwsLPpbEEw
		Nome do Produto: Mario & Sonic at the London 2012 Olympic Games
			Igorando Pelo Filtro de Nome...
		Nome do Produto: Mario & Sonic at the London 2012 Olympic Games
			Igorando Pelo Filtro de Nome...
		Nome do Produto: Just Dance 3
			Igorando Pelo Filtro de Nome...
		Nome do Produto: Mario Party 2
http://www.nintendo.com/games/detail/1wWLs-g1b1KY6RIKDbgHZqGH1BCoxPXn
		Acessando URL do produto.
URL = http://www.nintendo.com/games/detail/1wWLs-g1b1KY6RIKDbgHZqGH1BCoxPXn
		Nome do Produto: Mario and Sonic at the Olympic Winter Games
			Igorando Pelo Filtro de Nome...
		Nome do Produto: Mario & Sonic at the Olympic Winter Games
			Igorando Pelo Filtro de Nome...
		Nome do Produto: Mario vs. Donkey Kong: Minis March Again!
			Igorando Pelo Filtro de Nome...
		Nome do Produto: Mario Party DS
http://www.nintendo.com/games/detail/bYOnzZFYh7E70cgflA2LY_o7i5sU382f
		Acessando URL do produto.
URL = http://www.nintendo.com/games/detail/bYOnzZFYh7E70cgflA2LY_o7i5sU382f
		Nome do Produto: Mario Party 8
http://www.nintendo.com/games/detail/WnjIJm5FSwjb8m39oUzkZvIqkRXZ6F-I
		Acessando URL do produto.
URL = http://www.nintendo.com/games/detail/WnjIJm5FSwjb8m39oUzkZvIqkRXZ6F-I
		Nome do Produto: Super Mario 64 DS
			Igorando Pelo Filtro de Nome...
	Tempo Para buscar: 4347
Loja: Americanas
	URL Principal: http://www.americanas.com.br/
	URL Busca: http://busca.americanas.com.br/busca.php?q=<BUSCA>
http://busca.americanas.com.br/busca.php?q=Mario+Party
		Documento Lido
		Resultados: 4
		Nome do Produto: Bundle Mario Party 10 Amiibo Super Mario - Wii U
http://busca.americanas.com.br/produto.php?link=http://www.americanas.com.br/produto/9221459/bundle-mario-party-10-amiibo-super-mario-wii-u&ranking=1&sessao=U8GFQNWJMIO47&idbusca=14759cf6fce9178d92ea151b6242ae0d254aa58f&idproduto=9221459
		Acessando URL do produto.
		Nome do Produto: Game Mario Party - Island Tour - 3DS
http://busca.americanas.com.br/produto.php?link=http://www.americanas.com.br/produto/116707833/game-mario-party-island-tour-3ds&ranking=2&sessao=U8GFQNWJMIO47&idbusca=14759cf6fce9178d92ea151b6242ae0d254aa58f&idproduto=116707833
		Acessando URL do produto.
		Nome do Produto: Game Mario Party 9 - Wii
http://busca.americanas.com.br/produto.php?link=http://www.americanas.com.br/produto/110759958/game-mario-party-9-wii&ranking=3&sessao=U8GFQNWJMIO47&idbusca=14759cf6fce9178d92ea151b6242ae0d254aa58f&idproduto=110759958
		Acessando URL do produto.
		Nome do Produto: Game Resident Evil 4 + Game Mario Party 8 + Game Sonic Secret Of The Rings Wii
http://busca.americanas.com.br/produto.php?link=http://www.americanas.com.br/produto/7335872/game-resident-evil-4-game-mario-party-8-game-sonic-secret-of-the-rings-wii&ranking=4&sessao=U8GFQNWJMIO47&idbusca=14759cf6fce9178d92ea151b6242ae0d254aa58f&idproduto=7335872
		Acessando URL do produto.
	Tempo Para buscar: 2116
Loja: Big Boy Games
	URL Principal: http://www.bigboygames.com.br/
	URL Busca: http://www.bigboygames.com.br/pesquisa/?p=<BUSCA>
http://www.bigboygames.com.br/pesquisa/?p=Mario+Party
		Documento Lido
		Resultados: 7
		Nome do Produto: WiiU - Mario Party 10
http://www.bigboygames.com.br/wiiu-mario-party-10-p6988/
		Acessando URL do produto.
		Nome do Produto: WiiU - Mario Party 10 Bundle
http://www.bigboygames.com.br/wiiu-mario-party-10-bundle-p6997/
		Acessando URL do produto.
		Nome do Produto: 3DS - Mario Party: Island Tour
http://www.bigboygames.com.br/3ds-mario-party-island-tour-p5729/
		Acessando URL do produto.
		Nome do Produto: Wii - Mario Party 9
http://www.bigboygames.com.br/wii-mario-party-9-p3840/
		Acessando URL do produto.
		Nome do Produto: DS - Mario Party DS
http://www.bigboygames.com.br/ds-mario-party-ds-p68/
		Acessando URL do produto.
		Nome do Produto: Nintendo 64 - Mario Party 3
http://www.bigboygames.com.br/nintendo-64-mario-party-3-p1666/
		Acessando URL do produto.
		Nome do Produto: Nintendo 64 - Mario Party 2
http://www.bigboygames.com.br/nintendo-64-mario-party-2-p1665/
		Acessando URL do produto.
	Tempo Para buscar: 6759
Loja: Casas Bahia
	URL Principal: http://www.casasbahia.com.br/
	URL Busca: http://buscas.casasbahia.com.br/search?w=<BUSCA>
http://buscas.casasbahia.com.br/search?w=Mario+Party
		Documento Lido
		Resultados: 1
		Nome do Produto: Jogo Mario Party Island Tour - 3DS
http://buscas.casasbahia.com.br/search?p=R&srid=S6-USESD02&lbc=casasbahia&w=Mario%20Party&url=http%3a%2f%2fproduto.casasbahia.com.br%2f2532591%3f&rk=1&uid=451184478&sid=2&ts=custom&rsc=Dzuygwhm%3aoOyrgA-&method=and&isort=score&view=grid
		Acessando URL do produto.
		Nome do Produto: Mario Party 9 Wii
http://buscas.casasbahia.com.br/search?p=R&srid=S6-USESD02&lbc=casasbahia&w=Mario%20Party&url=http%3a%2f%2fproduto.casasbahia.com.br%2f3389455%3f&rk=2&uid=451184478&sid=2&ts=custom&rsc=iaLOZX3KEZLtDPJv&method=and&isort=score&view=grid
		Acessando URL do produto.
		Nome do Produto: Mai Tai One on
			Igorando Pelo Filtro de Nome...
		Nome do Produto: Pravus
			Igorando Pelo Filtro de Nome...
		Nome do Produto: Circle of Deception
			Igorando Pelo Filtro de Nome...
		Nome do Produto: Detour Through Hell
			Igorando Pelo Filtro de Nome...
	Tempo Para buscar: 3205
Loja: Extra
	URL Principal: http://www.extra.com.br/
	URL Busca: http://buscando.extra.com.br/search?w=<BUSCA>
http://buscando.extra.com.br/search?w=Mario+Party
		Documento Lido
		Resultados: 6
		Nome do Produto: Jogo Mario Party Island Tour - 3DS
http://buscando.extra.com.br/search?p=R&srid=S1-USCDR02&lbc=extra&w=Mario%20Party&url=http%3a%2f%2fproduto.extra.com.br%2f2532591%3f&rk=1&uid=451228319&sid=2&ts=custom&rsc=SgtZSmsPHycw6Af9&method=and&isort=score&view=grid
		Acessando URL do produto.
		Nome do Produto: Mario Party 9 Wii
http://buscando.extra.com.br/search?p=R&srid=S1-USCDR02&lbc=extra&w=Mario%20Party&url=http%3a%2f%2fproduto.extra.com.br%2f3389455%3f&rk=2&uid=451228319&sid=2&ts=custom&rsc=IP00XwIrkXVgKa%3ah&method=and&isort=score&view=grid
		Acessando URL do produto.
		Nome do Produto: Mai Tai One on
			Igorando Pelo Filtro de Nome...
		Nome do Produto: Pravus
			Igorando Pelo Filtro de Nome...
		Nome do Produto: Circle of Deception
			Igorando Pelo Filtro de Nome...
		Nome do Produto: Detour Through Hell
			Igorando Pelo Filtro de Nome...
	Tempo Para buscar: 3478
Loja: E-Virtua
	URL Principal: http://www.evirtua.com.br/
	URL Busca: http://www.evirtua.com.br/Busca?search_department_id=0&SearchTerm=<BUSCA>
http://www.evirtua.com.br/Busca?search_department_id=0&SearchTerm=Mario+Party
		Documento Lido
		Resultados: 2
		Nome do Produto: Mario Party 10 - Nintendo Wii U
http://www.evirtua.com.br//mario-party-10-nintendo-wii-u/3729-01
		Acessando URL do produto.
		Nome do Produto: Mario Party: Island Tour - Nintendo 3DS
http://www.evirtua.com.br//mario-party-island-tour-nintendo-3ds/3352-01
		Acessando URL do produto.
	Tempo Para buscar: 490
Loja: Fast Games
	URL Principal: http://www.fastgames.com.br/
	URL Busca: http://www.fastgames.com.br/loja/busca.php?loja=187970&palavra_busca=<BUSCA>
http://www.fastgames.com.br/loja/busca.php?loja=187970&palavra_busca=Mario+Party
		Documento Lido
		Resultados: 1
		Nome do Produto: Mario Party: Island Tour - 3DS
http://www.fastgames.com.br//mario-party-island-tour-3ds-pr-7170-187970.htm
		Acessando URL do produto.
	Tempo Para buscar: 2698
Loja: Fast Shop
	URL Principal: http://www.fastshop.com.br/loja/
	URL Busca: http://www.fastshop.com.br/webapp/wcs/stores/servlet/SearchDisplay?searchTerm=<BUSCA>&categoryId=&storeId=10151&catalogId=11052&langId=-6&pageSize=9&beginIndex=0&sType=SimpleSearch&resultCatEntryType=2&showResultsPage=true&searchSource=Q&pageView=&hotsite=fastshop
http://www.fastshop.com.br/webapp/wcs/stores/servlet/SearchDisplay?searchTerm=Mario+Party&categoryId=&storeId=10151&catalogId=11052&langId=-6&pageSize=9&beginIndex=0&sType=SimpleSearch&resultCatEntryType=2&showResultsPage=true&searchSource=Q&pageView=&hotsite=fastshop
		Documento Lido
		Resultados: 0
	Tempo Para buscar: 328
Loja: FNAC
	URL Principal: http://www.fnac.com.br/index.html
	URL Busca: http://busca.fnac.com.br/?busca=<BUSCA>
http://busca.fnac.com.br/?busca=Mario+Party
		Documento Lido
		Resultados: 38
		Nome do Produto: Os Maias (4 DVDs)
			Igorando Pelo Filtro de Nome...
		Nome do Produto: Kate Middleton - Estilo Elegância do Maior Ícone da Realeza
			Igorando Pelo Filtro de Nome...
		Nome do Produto: Live At El Morro, Puerto Rico (CD + DVD)
			Igorando Pelo Filtro de Nome...
		Nome do Produto: Pirata
			Igorando Pelo Filtro de Nome...
		Nome do Produto: Mary Poppins E Sua Criadora - A Vida de Pamela Travers
			Igorando Pelo Filtro de Nome...
		Nome do Produto: Faça Um Favor A Si Mesmo... Perdoe
			Igorando Pelo Filtro de Nome...
		Nome do Produto: Conhecendo Deus Intimamente - Como Estar Tão Perto Dele Quanto Você Deseja
			Igorando Pelo Filtro de Nome...
		Nome do Produto: Sombrio Perdão
			Igorando Pelo Filtro de Nome...
		Nome do Produto: Produgy - Os Opostos Perto do Caos - Trilogia Legend - Vol 2
			Igorando Pelo Filtro de Nome...
		Nome do Produto: Jurassic Park - O Mundo Perdido (DVD)
			Igorando Pelo Filtro de Nome...
		Nome do Produto: Porta Giratória
			Igorando Pelo Filtro de Nome...
		Nome do Produto: Purgatorio
			Igorando Pelo Filtro de Nome...
		Nome do Produto: Minhas Mulheres E Meus Homens
			Igorando Pelo Filtro de Nome...
		Nome do Produto: O Perdão Imperdoável
			Igorando Pelo Filtro de Nome...
		Nome do Produto: Diário de Um Magro - 15 Anos Num Spa
			Igorando Pelo Filtro de Nome...
		Nome do Produto: Schifaizfavoire - Dicionário de Português
			Igorando Pelo Filtro de Nome...
		Nome do Produto: James Lins - O Playboy que Não Deu Certo
			Igorando Pelo Filtro de Nome...
		Nome do Produto: Calendário Mesa Maria Eugênia 2014
			Igorando Pelo Filtro de Nome...
	Tempo Para buscar: 1303
Loja: Kabum
	URL Principal: http://www.kabum.com.br/
	URL Busca: http://www.kabum.com.br/cgi-local/site/listagem/listagem.cgi?string=<BUSCA>&btnG=
http://www.kabum.com.br/cgi-local/site/listagem/listagem.cgi?string=Mario+Party&btnG=
		Documento Lido
		Resultados: 0
	Tempo Para buscar: 5094
Loja: Livraria Cultura
	URL Principal: http://www.livrariacultura.com.br/
	URL Busca: http://www.livrariacultura.com.br/busca?N=0&Ntt=<BUSCA>
http://www.livrariacultura.com.br/busca?N=0&Ntt=Mario+Party
		Documento Lido
		Resultados: 48
		Nome do Produto: MARIO PARTY 8
http://www.livrariacultura.com.br/p/mario-party-8-29878488
		Acessando URL do produto.
		Nome do Produto: PARTY DRESS
			Igorando Pelo Filtro de Nome...
		Nome do Produto: DINNER PARTY FOR EIGHT
			Igorando Pelo Filtro de Nome...
		Nome do Produto: ADVANCED WINDOWS DEBUGGING
			Igorando Pelo Filtro de Nome...
		Nome do Produto: PLAYBOY BARTENDER'S GUIDE DELUXE EDITION
			Igorando Pelo Filtro de Nome...
		Nome do Produto: ADVANCED WINDOWS DEBUGGING
			Igorando Pelo Filtro de Nome...
		Nome do Produto: THE CHICANO GENERATION
			Igorando Pelo Filtro de Nome...
		Nome do Produto: MEXICAN AMERICAN YOUTH ORGANIZATION
			Igorando Pelo Filtro de Nome...
		Nome do Produto: MATHEMATICS OF DERIVATIVES SECURITIES WITH
			Igorando Pelo Filtro de Nome...
		Nome do Produto: THE EAT LIKE A MAN GUIDE TO FEEDING A CROWD
			Igorando Pelo Filtro de Nome...
		Nome do Produto: GERMAN SCHOLARS IN EXILE
			Igorando Pelo Filtro de Nome...
		Nome do Produto: REASON TO BELIEVE
			Igorando Pelo Filtro de Nome...
		Nome do Produto: EZ CHEATS: CHEAT CODES & TIPS FOR PS3, XBOX 360,
			Igorando Pelo Filtro de Nome...
		Nome do Produto: ROXETTE 240 SUCCESS SECRETS - 240 MOST ASKED
			Igorando Pelo Filtro de Nome...
		Nome do Produto: BITTERSWEET NIGHTSHADE
			Igorando Pelo Filtro de Nome...
		Nome do Produto: FOR SOLO VIOLIN
			Igorando Pelo Filtro de Nome...
		Nome do Produto: COME INTO DARKNESS
			Igorando Pelo Filtro de Nome...
		Nome do Produto: WAKE-UP CALLS
			Igorando Pelo Filtro de Nome...
		Nome do Produto: CARLOS PENA 79 SUCCESS FACTS - EVERYTHING YOU
			Igorando Pelo Filtro de Nome...
		Nome do Produto: SEAN COMBS 253 SUCCESS FACTS - EVERYTHING YOU
			Igorando Pelo Filtro de Nome...
		Nome do Produto: A WHISTLEBLOWER'S LAMENT
			Igorando Pelo Filtro de Nome...
		Nome do Produto: NOODLE KIDS
			Igorando Pelo Filtro de Nome...
		Nome do Produto: BREAKAWAY
			Igorando Pelo Filtro de Nome...
		Nome do Produto: THE AWFUL TRUTHS
			Igorando Pelo Filtro de Nome...
		Nome do Produto: VISION THROUGH VERSES
			Igorando Pelo Filtro de Nome...
		Nome do Produto: WHOSE CANADA?
			Igorando Pelo Filtro de Nome...
		Nome do Produto: TIME TO SAY GOODBYE
			Igorando Pelo Filtro de Nome...
		Nome do Produto: JACKY
			Igorando Pelo Filtro de Nome...
		Nome do Produto: THREE SPANKING NOVELLAS
			Igorando Pelo Filtro de Nome...
		Nome do Produto: ROMAN CANDLES
			Igorando Pelo Filtro de Nome...
		Nome do Produto: GREAT EVENTS BY FAMOUS HISTORIANS, VOLUME
			Igorando Pelo Filtro de Nome...
		Nome do Produto: THREE SPANKING NOVELLAS
			Igorando Pelo Filtro de Nome...
		Nome do Produto: MARIO PARTY - ISLAND TOUR (3DS)
http://www.livrariacultura.com.br/p/mario-party-island-tour-3ds-42151991
		Acessando URL do produto.
		Nome do Produto: MARIO PARTY 8
http://www.livrariacultura.com.br/p/mario-party-8-2939252
		Acessando URL do produto.
		Nome do Produto: MARIO PARTY 9
http://www.livrariacultura.com.br/p/mario-party-9-29508713
		Acessando URL do produto.
		Nome do Produto: MARIO PARTY (DS)
http://www.livrariacultura.com.br/p/mario-party-ds-11036269
		Acessando URL do produto.
		Nome do Produto: MARIO PARTY CHEATS
http://www.livrariacultura.com.br/p/mario-party-cheats-82986943
		Acessando URL do produto.
		Nome do Produto: MARIO PARTY CHEATS
http://www.livrariacultura.com.br/p/mario-party-cheats-60193528
		Acessando URL do produto.
		Nome do Produto: MARIO TESTINO : PARTY
http://www.livrariacultura.com.br/p/mario-testino-party-564069
		Acessando URL do produto.
		Nome do Produto: DINNER PARTY FOR EIGHT (HUMOROUS ADULT NOVELLA)
			Igorando Pelo Filtro de Nome...
		Nome do Produto: DINNER PARTY FOR EIGHT
			Igorando Pelo Filtro de Nome...
		Nome do Produto: DINNER PARTY FOR EIGHT (HUMOROUS ADULT NOVELLA)
			Igorando Pelo Filtro de Nome...
		Nome do Produto: CHRISTIAN DEMOCRAT PARTY OF CHILE POLITICIANS
			Igorando Pelo Filtro de Nome...
		Nome do Produto: DINNER PARTY FOR EIGHT
			Igorando Pelo Filtro de Nome...
		Nome do Produto: DINNER PARTY FOR EIGHT (HUMOROUS ADULT NOVELLA)
			Igorando Pelo Filtro de Nome...
		Nome do Produto: COLOMBIAN CONSERVATIVE PARTY POLITICIANS
			Igorando Pelo Filtro de Nome...
		Nome do Produto: CHICANO GENERATION: TESTIMONIOS OF THE
			Igorando Pelo Filtro de Nome...
		Nome do Produto: GERMAN SCHOLARS IN EXILE
			Igorando Pelo Filtro de Nome...
	Tempo Para buscar: 4141
Loja: Magazine Luiza
	URL Principal: http://www.magazineluiza.com.br/
	URL Busca: http://www.magazineluiza.com.br/busca/<BUSCA>/
http://www.magazineluiza.com.br/busca/Mario+Party/
		Documento Lido
		Resultados: 1
		Nome do Produto: Mario Party Island Tour para Nintendo 3DS - Nintendo
http://www.magazineluiza.com.br//mario-party-island-tour-para-nintendo-3ds-nintendo/p/0884460/ga/gads/?_b=Mario+Party
		Acessando URL do produto.
	Tempo Para buscar: 541
Loja: Mula Games
	URL Principal: http://www.mulagames.com.br/
	URL Busca: http://www.mulagames.com.br/produtos-index/catalogo_produtos/-/-/<BUSCA>/-/-/-/-/-/
http://www.mulagames.com.br/produtos-index/catalogo_produtos/-/-/Mario%20Party/-/-/-/-/-/
		Documento Lido
		Resultados: 4
		Nome do Produto: Mario Party: Island Tour - 3DS
http://www.mulagames.com.br/Mario-Party--Island-Tour-3DS/prod-1888325/
		Acessando URL do produto.
http://www.mulagames.com.br/produto-ajax_retorna_dados_preco_comprar/1888325
		Acessando URL do preço produto.
		Nome do Produto: Mario Party 9 - Wii
http://www.mulagames.com.br/Mario-Party-9-Wii/prod-2349754/
		Acessando URL do produto.
http://www.mulagames.com.br/produto-ajax_retorna_dados_preco_comprar/2349754
		Acessando URL do preço produto.
		Nome do Produto: Mario Party 10 + Nintendo Amiibo: Mario - Wii U
http://www.mulagames.com.br/Mario-Party-10---Nintendo-Amiibo--Mario-Wii-U/prod-2936427/
		Acessando URL do produto.
http://www.mulagames.com.br/produto-ajax_retorna_dados_preco_comprar/2936427
		Acessando URL do preço produto.
		Nome do Produto: Mario Party 10 - Wii U
http://www.mulagames.com.br/Mario-Party-10-Wii-U/prod-2779433/
		Acessando URL do produto.
http://www.mulagames.com.br/produto-ajax_retorna_dados_preco_comprar/2779433
		Acessando URL do preço produto.
	Tempo Para buscar: 5991
Loja: Net Shoes
	URL Principal: http://www.netshoes.com.br/
	URL Busca: http://www.netshoes.com.br/search?Ntt=<BUSCA>
http://www.netshoes.com.br/search?Ntt=Mario+Party
		Documento Lido
		Resultados: 9
		Nome do Produto: Kimono Mário Yamasaki Jiu Jitsu
			Igorando Pelo Filtro de Nome...
		Nome do Produto: Bermuda Hurley Block Party Icon
			Igorando Pelo Filtro de Nome...
		Nome do Produto: Camiseta Nike Print Party
			Igorando Pelo Filtro de Nome...
		Nome do Produto: Jogo Rayman Raving Rabbids TV Party Wii
			Igorando Pelo Filtro de Nome...
		Nome do Produto: Bermuda Hurley Block Party Icon
			Igorando Pelo Filtro de Nome...
		Nome do Produto: Tênis Converse All Star CT AS Denim Party HI Infantil
			Igorando Pelo Filtro de Nome...
		Nome do Produto: Bermuda Hurley Block Party Icon
			Igorando Pelo Filtro de Nome...
		Nome do Produto: Tênis Converse All Star CT AS Denim Party HI Infantil
			Igorando Pelo Filtro de Nome...
		Nome do Produto: Jogo Mario Tennis Open 3DS
			Igorando Pelo Filtro de Nome...
	Tempo Para buscar: 183
Loja: Ponto Frio
	URL Principal: http://www.pontofrio.com.br/
	URL Busca: http://search.pontofrio.com.br/search?w=<BUSCA>
http://search.pontofrio.com.br/search?w=Mario+Party
		Documento Lido
		Resultados: 1
		Nome do Produto: Jogo Mario Party Island Tour - 3DS
http://search.pontofrio.com.br/search?p=R&srid=S3-USESD02&lbc=pontofrio-br&w=Mario%20Party&url=http%3a%2f%2fproduto.pontofrio.com.br%2f2532591%3f&rk=1&uid=45146484&sid=2&ts=custom&rsc=cJwINcxgNrMRu7KF&method=and&isort=score&view=grid
		Nome do Produto: Mario Party 9 Wii
http://search.pontofrio.com.br/search?p=R&srid=S3-USESD02&lbc=pontofrio-br&w=Mario%20Party&url=http%3a%2f%2fproduto.pontofrio.com.br%2f3389455%3f&rk=2&uid=45146484&sid=2&ts=custom&rsc=Is6FC69dCWhMTJqb&method=and&isort=score&view=grid
		Nome do Produto: Mai Tai One on
			Igorando Pelo Filtro de Nome...
		Nome do Produto: Pravus
			Igorando Pelo Filtro de Nome...
		Nome do Produto: VOGUE & THE METROPOLITAN MUSEUM OF ART COSTUME INSTITUTE
			Igorando Pelo Filtro de Nome...
		Nome do Produto: Circle of Deception
			Igorando Pelo Filtro de Nome...
		Nome do Produto: Detour Through Hell
			Igorando Pelo Filtro de Nome...
		Nome do Produto: Jogo Mario Party Island Tour - 3DS
http://search.pontofrio.com.br/search?p=R&srid=S3-USESD02&lbc=pontofrio-br&w=Mario%20Party&url=http%3a%2f%2fproduto.pontofrio.com.br%2f2532591%3f&rk=1&uid=45146484&sid=2&ts=custom&rsc=cJwINcxgNrMRu7KF&method=and&isort=score&view=grid
		Nome do Produto: Mario Party 9 Wii
http://search.pontofrio.com.br/search?p=R&srid=S3-USESD02&lbc=pontofrio-br&w=Mario%20Party&url=http%3a%2f%2fproduto.pontofrio.com.br%2f3389455%3f&rk=2&uid=45146484&sid=2&ts=custom&rsc=Is6FC69dCWhMTJqb&method=and&isort=score&view=grid
		Nome do Produto: Mai Tai One on
			Igorando Pelo Filtro de Nome...
		Nome do Produto: Pravus
			Igorando Pelo Filtro de Nome...
		Nome do Produto: VOGUE & THE METROPOLITAN MUSEUM OF ART COSTUME INSTITUTE
			Igorando Pelo Filtro de Nome...
		Nome do Produto: Circle of Deception
			Igorando Pelo Filtro de Nome...
		Nome do Produto: Detour Through Hell
			Igorando Pelo Filtro de Nome...
	Tempo Para buscar: 5206
Loja: Ricardo Eletro
	URL Principal: http://www.ricardoeletro.com.br/
	URL Busca: http://www.ricardoeletro.com.br/Busca/Resultado/?q=<BUSCA>
http://www.ricardoeletro.com.br/Busca/Resultado/?q=Mario+Party
		Documento Lido
		Resultados: 3
		Nome do Produto: Jogo de Copos Long Drink com 6 Peças Mario 375ml - Art Craft UD Brasil
			Igorando Pelo Filtro de Nome...
		Nome do Produto: Jogo Mario Golf: World Tour para Nintendo 3DS (N3DS)
			Igorando Pelo Filtro de Nome...
		Nome do Produto: Carro de Montar + Pista de Corrida com obstáculo Mario e Luigi - Multi Kids
			Igorando Pelo Filtro de Nome...
	Tempo Para buscar: 421
Loja: RiHappy
	URL Principal: http://www.rihappy.com.br/
	URL Busca: http://www.rihappy.com.br/<BUSCA>
http://www.rihappy.com.br/Mario%20Party
		Documento Lido
		Resultados: 0
	Tempo Para buscar: 931
Loja: Saraiva
	URL Principal: http://www.saraiva.com.br/
	URL Busca: http://busca.saraiva.com.br/search?w=<BUSCA>&PAC_ID=129457&ts=ajax
http://busca.saraiva.com.br/search?w=Mario+Party&PAC_ID=129457&ts=ajax
		Documento Lido
		Resultados: 1
		Nome do Produto: Cabo de Lightning Para USB Apple Md818bz/a
			Igorando Pelo Filtro de Nome...
	Tempo Para buscar: 363
Loja: Shop Facil
	URL Principal: http://ww2.shopfacil.com.br/
	URL Busca: http://ww2.shopfacil.com.br/<BUSCA>
http://ww2.shopfacil.com.br/Mario%20Party
		Documento Lido
		Resultados: 0
	Tempo Para buscar: 1289
Loja: Shop Time
	URL Principal: http://www.shoptime.com.br/
	URL Busca: http://busca.shoptime.com.br/busca.php?q=<BUSCA>
http://busca.shoptime.com.br/busca.php?q=Mario+Party
		Documento Lido
		Resultados: 4
		Nome do Produto: Game Mario Party - Island Tour - 3DS Bundle Mario Party 10 Amiibo Super Mario - Wii U Game Mario Party 9 - Wii Kit NS Super Paper Mario + Mario Party 9 - Wii
http://busca.shoptime.com.br/produto.php?link=http://www.shoptime.com.br/produto/116707833/game-mario-party-island-tour-3ds&ranking=1&sessao=U8GFS9BTEC0C7&idbusca=84ce14cb3393026f9c150c7746559641c2db01cc&idproduto=116707833
		Acessando URL do produto.
		Nome do Produto: Game Mario Party - Island Tour - 3DS Bundle Mario Party 10 Amiibo Super Mario - Wii U Game Mario Party 9 - Wii Kit NS Super Paper Mario + Mario Party 9 - Wii
http://busca.shoptime.com.br/produto.php?link=http://www.shoptime.com.br/produto/9221459/bundle-mario-party-10-amiibo-super-mario-wii-u&ranking=2&sessao=U8GFS9BTEC0C7&idbusca=84ce14cb3393026f9c150c7746559641c2db01cc&idproduto=9221459
		Acessando URL do produto.
		Nome do Produto: Game Mario Party - Island Tour - 3DS Bundle Mario Party 10 Amiibo Super Mario - Wii U Game Mario Party 9 - Wii Kit NS Super Paper Mario + Mario Party 9 - Wii
http://busca.shoptime.com.br/produto.php?link=http://www.shoptime.com.br/produto/110759958/game-mario-party-9-wii&ranking=3&sessao=U8GFS9BTEC0C7&idbusca=84ce14cb3393026f9c150c7746559641c2db01cc&idproduto=110759958
		Acessando URL do produto.
		Nome do Produto: Game Mario Party - Island Tour - 3DS Bundle Mario Party 10 Amiibo Super Mario - Wii U Game Mario Party 9 - Wii Kit NS Super Paper Mario + Mario Party 9 - Wii
http://busca.shoptime.com.br/produto.php?link=http://www.shoptime.com.br/produto/111171275/kit-ns-super-paper-mario-mario-party-9-wii&ranking=4&sessao=U8GFS9BTEC0C7&idbusca=84ce14cb3393026f9c150c7746559641c2db01cc&idproduto=111171275
		Acessando URL do produto.
	Tempo Para buscar: 2539
Loja: ShopB
	URL Principal: http://www.shopb.com.br/
	URL Busca: http://busca.shopb.com.br/?busca=<BUSCA>
http://busca.shopb.com.br/?busca=Mario+Party
		Documento Lido
		Resultados: 34
		Nome do Produto: Bundle Mario Party 10 + Amiibo Super Mario - Wii U
http://shopb.ecommercesearch.com.br/Busca/Redir?url=http%3a%2f%2fwww.shopb.com.br%2fecommerce_site%2findex.php%3fpg%3dproduto%26cdg%3d4488%26idp%3d39443%26idparceiro%3dp1&esid=39443
		Acessando URL do produto.
		Nome do Produto: Mario Party 10 - Wii U
http://shopb.ecommercesearch.com.br/Busca/Redir?url=http%3a%2f%2fwww.shopb.com.br%2fecommerce_site%2findex.php%3fpg%3dproduto%26cdg%3d4488%26idp%3d39441%26idparceiro%3dp1&esid=39441
		Acessando URL do produto.
		Nome do Produto: Mario Party: Island Tour - 3DS
http://shopb.ecommercesearch.com.br/Busca/Redir?url=http%3a%2f%2fwww.shopb.com.br%2fecommerce_site%2findex.php%3fpg%3dproduto%26cdg%3d4488%26idp%3d34753%26idparceiro%3dp1&esid=34753
		Acessando URL do produto.
		Nome do Produto: Nintendo 3DS XL Edição Especial Mario & Luigi Dream Team - Prata
			Igorando Pelo Filtro de Nome...
		Nome do Produto: Antena Externa Prata 12dB 3 em 1 VHF / UHF/ Digital - Capte
			Igorando Pelo Filtro de Nome...
		Nome do Produto: Base Suporte Vertical Preto - PS4
			Igorando Pelo Filtro de Nome...
		Nome do Produto: Bateria e Carregador para Controle XBOX 360 - Play n Charge Preta - Microsoft
			Igorando Pelo Filtro de Nome...
		Nome do Produto: Cabo HDMI 1.4v / 19pm Kolke - 1.8m - Preto
			Igorando Pelo Filtro de Nome...
		Nome do Produto: Cabo HDMI 1.5m - Preto
			Igorando Pelo Filtro de Nome...
		Nome do Produto: Caixa de Som Kolke c/ Controle Remoto - Preto
			Igorando Pelo Filtro de Nome...
		Nome do Produto: Caixas de Som Kolke Multimídia - Preto
			Igorando Pelo Filtro de Nome...
		Nome do Produto: Caixas de Som Kolke Multimídia USB - Preto
			Igorando Pelo Filtro de Nome...
		Nome do Produto: Camiseta Super Mario - Modelo 1
			Igorando Pelo Filtro de Nome...
		Nome do Produto: Celular Blu Dash 3.5 Dual Sim com Câmera integrada, Wi-Fi, Rádio FM/AM e Micro SD - Preto
			Igorando Pelo Filtro de Nome...
		Nome do Produto: Celular Blu Samba JR Teclado Qwerty com Câmera integrada 1.3MP, Dual Sim, Rádio FM e Micro SD - Prata
			Igorando Pelo Filtro de Nome...
		Nome do Produto: Celular Blu Samba TV Dual Chip com Câmera integrada, TV, Rádio FM e Micro SD - Azul / Preto
			Igorando Pelo Filtro de Nome...
		Nome do Produto: Celular Blu Samba TV Dual Chip com Câmera integrada, TV, Rádio FM e Micro SD - Vermelho / Preto
			Igorando Pelo Filtro de Nome...
		Nome do Produto: Celular Blu Samba W Teclado Qwerty com Câmera integrada, Wi-Fi, Rádio FM/AM e Micro SD - Prata
			Igorando Pelo Filtro de Nome...
		Nome do Produto: Celular Blu Tank c/ Lanterna, Câmera integrada, Antena FM e Micro SD - Preto / Azul
			Igorando Pelo Filtro de Nome...
		Nome do Produto: Celular Blu Tank c/ Lanterna, Câmera integrada, Antena FM e Micro SD - Preto / Vermelho
			Igorando Pelo Filtro de Nome...
		Nome do Produto: Controle Gamecube c/ Fio Preto: Edição Super Smash Bros. - Wii U
			Igorando Pelo Filtro de Nome...
		Nome do Produto: Controle Wireless Cromado Prata: Edição Especial - XBOX 360
			Igorando Pelo Filtro de Nome...
		Nome do Produto: Controle Wireless Cromado Preto: Edição Especial - XBOX 360
			Igorando Pelo Filtro de Nome...
		Nome do Produto: Controle Wireless Dualshock 3 Prata - PS3
			Igorando Pelo Filtro de Nome...
		Nome do Produto: Deck Yu-Gi-Oh - O Milênio Perdido: Edição Especial - PT
			Igorando Pelo Filtro de Nome...
		Nome do Produto: Game Party Champions - Wii U
			Igorando Pelo Filtro de Nome...
		Nome do Produto: Harry Potter: And The Deathly Hallows Part 2 - PS3
			Igorando Pelo Filtro de Nome...
		Nome do Produto: Headphone c/ Fio Philips DJ Powerfull Bass SHL3000BL Preto - PC
			Igorando Pelo Filtro de Nome...
		Nome do Produto: Headset Multimedia Micro SD + FM Radio - Preto / Vermelho
			Igorando Pelo Filtro de Nome...
		Nome do Produto: Headset c/ Fio Philips Shibuya CitiScape SHL5205 Preto - PC
			Igorando Pelo Filtro de Nome...
		Nome do Produto: Headset c/ Fio Tritton Kunai Stereo Preto - PS3 / PS Vita
			Igorando Pelo Filtro de Nome...
		Nome do Produto: Kit Mouse Óptico + Mouse Pad Preto e Branco - Kolke
			Igorando Pelo Filtro de Nome...
		Nome do Produto: Mario & Luigi: Dream Team - 3DS
			Igorando Pelo Filtro de Nome...
		Nome do Produto: Mario & Sonic at The Olympic Winter Games Sochi 2014 - Wii U
			Igorando Pelo Filtro de Nome...
	Tempo Para buscar: 3316
Loja: Submarino
	URL Principal: http://www.submarino.com.br/
	URL Busca: http://busca.submarino.com.br/busca.php?q=<BUSCA>
http://busca.submarino.com.br/busca.php?q=Mario+Party
		Documento Lido
		Resultados: 13
		Nome do Produto: Bundle Mario Party 10 Amiibo Super Mario - Wii U
http://busca.submarino.com.br/produto.php?link=http://www.submarino.com.br/produto/9221459/bundle-mario-party-10-amiibo-super-mario-wii-u&ranking=1&sessao=U8GFSGZGAUOS7&idbusca=049b8f1de463fc8a6e822b9d6c40d64b39cce535&idproduto=9221459
		Acessando URL do produto.
		Nome do Produto: Game Mario Party - Island Tour - 3DS
http://busca.submarino.com.br/produto.php?link=http://www.submarino.com.br/produto/116707833/game-mario-party-island-tour-3ds&ranking=2&sessao=U8GFSGZGAUOS7&idbusca=049b8f1de463fc8a6e822b9d6c40d64b39cce535&idproduto=116707833
		Acessando URL do produto.
		Nome do Produto: Mario Party 10 - Wii U
http://busca.submarino.com.br/produto.php?link=http://www.submarino.com.br/produto/9496359/mario-party-10-wii-u&ranking=3&sessao=U8GFSGZGAUOS7&idbusca=049b8f1de463fc8a6e822b9d6c40d64b39cce535&idproduto=9496359
		Acessando URL do produto.
		Nome do Produto: Game Mario Party 9 - Wii
http://busca.submarino.com.br/produto.php?link=http://www.submarino.com.br/produto/110759958/game-mario-party-9-wii&ranking=4&sessao=U8GFSGZGAUOS7&idbusca=049b8f1de463fc8a6e822b9d6c40d64b39cce535&idproduto=110759958
		Acessando URL do produto.
		Nome do Produto: Cartucho Nintendo 64 - Mario Party 3 - Nintendo
http://busca.submarino.com.br/produto.php?link=http://www.submarino.com.br/produto/139602/cartucho-nintendo-64-mario-party-3-nintendo&ranking=5&sessao=U8GFSGZGAUOS7&idbusca=049b8f1de463fc8a6e822b9d6c40d64b39cce535&idproduto=139602
		Acessando URL do produto.
		Nome do Produto: CD Mario Party 4 G.Cube
http://busca.submarino.com.br/produto.php?link=http://www.submarino.com.br/produto/147919/cd-mario-party-4-g.cube&ranking=6&sessao=U8GFSGZGAUOS7&idbusca=049b8f1de463fc8a6e822b9d6c40d64b39cce535&idproduto=147919
		Acessando URL do produto.
		Nome do Produto: Game Mario Party 4 GC
http://busca.submarino.com.br/produto.php?link=http://www.submarino.com.br/produto/152622/game-mario-party-4-gc&ranking=7&sessao=U8GFSGZGAUOS7&idbusca=049b8f1de463fc8a6e822b9d6c40d64b39cce535&idproduto=152622
		Acessando URL do produto.
java.lang.NullPointerException
	at interfaces.search.SubmarinoSearch.readEachProduct(SubmarinoSearch.java:74)
	at interfaces.search.SubmarinoSearch.search(SubmarinoSearch.java:38)
	at objects.Shop.searchProduct(Shop.java:33)
	at Main.generateHtmlReport(Main.java:89)
	at Main.main(Main.java:58)
	Tempo Para buscar: 6115
Loja: Walmart
	URL Principal: http://www.walmart.com.br/
	URL Busca: http://www.walmart.com.br/busca/?ft=<BUSCA>&PS=20
http://www.walmart.com.br/busca/?ft=Mario+Party&PS=20
		Documento Lido
		Resultados: 2
		Nome do Produto: Jogo Mario Party: Island Tour - 3DS
http://www.walmart.com.br//produto/Games/Jogos-para-Nintendo-3DS/Nintendo/417985-Jogo-Mario-Party-Island-Tour-3DS
		Acessando URL do produto.
		Nome do Produto: Jogo Wii Mario Party 9
http://www.walmart.com.br//produto/Games/Jogos-para-Nintendo-Wii/Nintendo/337955-Jogo-Wii-Mario-Party-9
		Acessando URL do produto.
	Tempo Para buscar: 3565

File copied from C:\java\workspace Estudo\lookforprices\resources\imports\css.css to C:\java\workspace Estudo\lookforprices\reports\2015-05-26 09\css.css
File copied from C:\java\workspace Estudo\lookforprices\resources\imports\jquery.js to C:\java\workspace Estudo\lookforprices\reports\2015-05-26 09\jquery.js
File copied from C:\java\workspace Estudo\lookforprices\resources\imports\scripts.js to C:\java\workspace Estudo\lookforprices\reports\2015-05-26 09\scripts.js
Tempo total de execução: 64433
