Game: monster hunter ultimate 4
Product Name: monster hunter ultimate 4
Loja: Nintendo eShop
	URL Principal: http://www.nintendo.com/3ds/eshop
	URL Busca: http://www.nintendo.com/json/content/get/game/filter?&qterm=<BUSCA>
NintendoEShopSearch.search() http://www.nintendo.com/json/content/get/game/filter?&qterm=monster+hunter+ultimate+4
		Documento Lido
		Resultados: 3
		Nome do Produto: Monster Hunter 4 Ultimate
http://www.nintendo.com/games/detail/xKYkSY9ybVIBDX3rGWZ0CBDZgtLt9Am3
		Acessando URL do produto.
URL = http://www.nintendo.com/games/detail/xKYkSY9ybVIBDX3rGWZ0CBDZgtLt9Am3
		Nome do Produto: Monster Hunter 3 Ultimate
			Igorando Pelo Filtro de Nome...
		Nome do Produto: SNK Arcade Classics Volume 1
			Igorando Pelo Filtro de Nome...
	Tempo Para buscar: 770
Loja: Americanas
	URL Principal: http://www.americanas.com.br/
	URL Busca: http://busca.americanas.com.br/busca.php?q=<BUSCA>
http://busca.americanas.com.br/busca.php?q=monster+hunter+ultimate+4
		Documento Lido
		Resultados: 1
		Nome do Produto: Jogo Nintendo 3ds Monster Hunter Ultimate 4 - Capcom
http://busca.americanas.com.br/produto.php?link=http://www.americanas.com.br/produto/8579697/jogo-nintendo-3ds-monster-hunter-ultimate-4-capcom&ranking=1&sessao=U8GF2CI51Q807&idbusca=4f6ac3d42a69b3818019b60674dd474c0802add0&idproduto=8579697
		Acessando URL do produto.
	Tempo Para buscar: 1065
Loja: Big Boy Games
	URL Principal: http://www.bigboygames.com.br/
	URL Busca: http://www.bigboygames.com.br/pesquisa/?p=<BUSCA>
http://www.bigboygames.com.br/pesquisa/?p=monster+hunter+ultimate+4
		Documento Lido
		Resultados: 3
		Nome do Produto: 3DS - Monster Hunter 4 Ultimate
http://www.bigboygames.com.br/3ds-monster-hunter-4-ultimate-p6907/
		Acessando URL do produto.
		Nome do Produto: WiiU - Monster Hunter 3 Ultimate
			Igorando Pelo Filtro de Nome...
		Nome do Produto: Monster Hunter 3 Ultimate - 3DS
			Igorando Pelo Filtro de Nome...
	Tempo Para buscar: 1237
Loja: Casas Bahia
	URL Principal: http://www.casasbahia.com.br/
	URL Busca: http://buscas.casasbahia.com.br/search?w=<BUSCA>
http://buscas.casasbahia.com.br/search?w=monster+hunter+ultimate+4
		Documento Lido
		Resultados: 1
		Nome do Produto: Jogo Monster Hunter 3 Ultimate - 3DS
			Igorando Pelo Filtro de Nome...
		Nome do Produto: Game Monster Hunter 3 Ultimate - WiiU
			Igorando Pelo Filtro de Nome...
	Tempo Para buscar: 800
Loja: Extra
	URL Principal: http://www.extra.com.br/
	URL Busca: http://buscando.extra.com.br/search?w=<BUSCA>
http://buscando.extra.com.br/search?w=monster+hunter+ultimate+4
		Documento Lido
		Resultados: 2
		Nome do Produto: Jogo Monster Hunter 3 Ultimate - 3DS
			Igorando Pelo Filtro de Nome...
		Nome do Produto: Game Monster Hunter 3 Ultimate - WiiU
			Igorando Pelo Filtro de Nome...
	Tempo Para buscar: 1761
Loja: E-Virtua
	URL Principal: http://www.evirtua.com.br/
	URL Busca: http://www.evirtua.com.br/Busca?search_department_id=0&SearchTerm=<BUSCA>
http://www.evirtua.com.br/Busca?search_department_id=0&SearchTerm=monster+hunter+ultimate+4
		Documento Lido
		Resultados: 1
		Nome do Produto: Monster Hunter 4 Ultimate - Nintendo 3DS
http://www.evirtua.com.br//monster-hunter-4-ultimate-nintendo-3ds/3685-01
		Acessando URL do produto.
	Tempo Para buscar: 248
Loja: Fast Games
	URL Principal: http://www.fastgames.com.br/
	URL Busca: http://www.fastgames.com.br/loja/busca.php?loja=187970&palavra_busca=<BUSCA>
http://www.fastgames.com.br/loja/busca.php?loja=187970&palavra_busca=monster+hunter+ultimate+4
		Documento Lido
		Resultados: 2
		Nome do Produto: Monster Hunter 3 Ultimate - 3DS
			Igorando Pelo Filtro de Nome...
		Nome do Produto: Monster Hunter 3 Ultimate - Wii U
			Igorando Pelo Filtro de Nome...
	Tempo Para buscar: 2030
Loja: Fast Shop
	URL Principal: http://www.fastshop.com.br/loja/
	URL Busca: http://www.fastshop.com.br/webapp/wcs/stores/servlet/SearchDisplay?searchTerm=<BUSCA>&categoryId=&storeId=10151&catalogId=11052&langId=-6&pageSize=9&beginIndex=0&sType=SimpleSearch&resultCatEntryType=2&showResultsPage=true&searchSource=Q&pageView=&hotsite=fastshop
http://www.fastshop.com.br/webapp/wcs/stores/servlet/SearchDisplay?searchTerm=monster+hunter+ultimate+4&categoryId=&storeId=10151&catalogId=11052&langId=-6&pageSize=9&beginIndex=0&sType=SimpleSearch&resultCatEntryType=2&showResultsPage=true&searchSource=Q&pageView=&hotsite=fastshop
		Documento Lido
		Resultados: 0
	Tempo Para buscar: 475
Loja: FNAC
	URL Principal: http://www.fnac.com.br/index.html
	URL Busca: http://busca.fnac.com.br/?busca=<BUSCA>
http://busca.fnac.com.br/?busca=monster+hunter+ultimate+4
		Documento Lido
		Resultados: 20
		Nome do Produto: Macbook Pro Apple Mgxa2bz/a 16gb 256gb 15,4"
			Igorando Pelo Filtro de Nome...
		Nome do Produto: Smart TV Oled 3D Lg 55ea9800 Curved 55" Full HD 240hz 4-hdmi 3-usb 4-óculos Wi-fi Integrado
			Igorando Pelo Filtro de Nome...
		Nome do Produto: Smart TV LED 3D Sony Kdl-65w955b 65" Full HD 480 Hz 4-hdmi Wi-fi Integrado 2-óculos
			Igorando Pelo Filtro de Nome...
		Nome do Produto: Smart TV LED 3D Philips 65pfg7459/78 65" Full HD 960 Hz 3-hdmi 4-óculos
			Igorando Pelo Filtro de Nome...
		Nome do Produto: Monitor Display 27'' Apple Mc914bza
			Igorando Pelo Filtro de Nome...
		Nome do Produto: Samsung Galaxy S6 Edge Sm-g925izkezto, 64gb, Tela 5.1", Android 5.0 Lollipop,câmera 16mp, 4g, Preto (celular/smartphone)
			Igorando Pelo Filtro de Nome...
		Nome do Produto: Samsung Galaxy S6 Edge Sm-g925izdezto, 64gb, Tela 5.1", Android 5.0 Lollipop, Câmera 16mp, 4g, Dourado (celular/smartphone)
			Igorando Pelo Filtro de Nome...
		Nome do Produto: Samsung Galaxy S6 Edge Sm G925izwezto, 64gb, Tela 5.1", Android 5.0 Lollipop, Câmera 16mp, 4g, Branco (celular/smartphone)
			Igorando Pelo Filtro de Nome...
		Nome do Produto: Apple Iphone 6 Plus 128gb, A8-1.4ghz, Tela Retina HD 5.5", Ios 8.0, Câmera 8mp, Cinza Espacial
			Igorando Pelo Filtro de Nome...
		Nome do Produto: Apple Iphone 6 Plus 128gb, A8-1.4ghz, Tela Retina HD 5.5", Ios 8.0, Câmera 8mp, Prata
			Igorando Pelo Filtro de Nome...
		Nome do Produto: Apple Iphone 6 Plus 128gb, A8-1.4ghz, Tela Retina HD 5.5", Ios 8.0, Câmera 8mp, Dourado
			Igorando Pelo Filtro de Nome...
		Nome do Produto: Smart TV LED Sony Kdl-60w605b 60" Full HD 480hz 4-hdmi Wi-fi Integrado
			Igorando Pelo Filtro de Nome...
		Nome do Produto: Apple Iphone 6 128gb, A8-1.4ghz, Tela Retina HD 4.7", Ios 8.0, Câmera 8mp, Cinza Espacial
			Igorando Pelo Filtro de Nome...
		Nome do Produto: Apple Iphone 6 128gb, A8-1.4ghz, Tela Retina HD 4.7", Ios 8.0, Câmera 8mp, Prata
			Igorando Pelo Filtro de Nome...
		Nome do Produto: Apple Iphone 6 128gb, A8-1.4ghz, Tela Retina HD 4.7", Ios 8.0, Câmera 8mp, Dourado
			Igorando Pelo Filtro de Nome...
		Nome do Produto: Apple Iphone 6 Plus 64gb, A8-1.4ghz, Tela Retina HD 5.5", Ios 8.0, Câmera 8mp, Cinza Espacial
			Igorando Pelo Filtro de Nome...
		Nome do Produto: Apple Iphone 6 Plus 64gb, A8-1.4ghz, Tela Retina HD 5.5", Ios 8.0, Câmera 8mp, Prata
			Igorando Pelo Filtro de Nome...
		Nome do Produto: Apple Iphone 6 Plus 64gb, A8-1.4ghz, Tela Retina HD 5.5", Ios 8.0, Câmera 8mp, Dourado
			Igorando Pelo Filtro de Nome...
		Nome do Produto: Apple Ipad Air 2 Mgwl2br/a 128gb Wi-fi+cellular - Space Gray ( Tablet)
			Igorando Pelo Filtro de Nome...
		Nome do Produto: Apple Ipad Air 2 Mgwm2br/a 128gb Wi-fi+cellular - Silver (tablet)
			Igorando Pelo Filtro de Nome...
	Tempo Para buscar: 1098
Loja: Kabum
	URL Principal: http://www.kabum.com.br/
	URL Busca: http://www.kabum.com.br/cgi-local/site/listagem/listagem.cgi?string=<BUSCA>&btnG=
http://www.kabum.com.br/cgi-local/site/listagem/listagem.cgi?string=monster+hunter+ultimate+4&btnG=
		Documento Lido
		Resultados: 0
	Tempo Para buscar: 426
Loja: Livraria Cultura
	URL Principal: http://www.livrariacultura.com.br/
	URL Busca: http://www.livrariacultura.com.br/busca?N=0&Ntt=<BUSCA>
http://www.livrariacultura.com.br/busca?N=0&Ntt=monster+hunter+ultimate+4
		Documento Lido
		Resultados: 5
		Nome do Produto: ALPHA HUNTER
			Igorando Pelo Filtro de Nome...
		Nome do Produto: A TALE OF TWO DEMON SLAYERS
			Igorando Pelo Filtro de Nome...
		Nome do Produto: MONSTER HUNTER 3 ULTIMATE (3DS)
			Igorando Pelo Filtro de Nome...
		Nome do Produto: THE QUEEN: TAKEN BY THE LION GOD, PART 4
			Igorando Pelo Filtro de Nome...
		Nome do Produto: CABELA'S VIDEO GAMES
			Igorando Pelo Filtro de Nome...
	Tempo Para buscar: 561
Loja: Magazine Luiza
	URL Principal: http://www.magazineluiza.com.br/
	URL Busca: http://www.magazineluiza.com.br/busca/<BUSCA>/
http://www.magazineluiza.com.br/busca/monster+hunter+ultimate+4/
		Documento Lido
		Resultados: 60
		Nome do Produto: Warriors Orochi 3 Ultimate para PS4 - Koei
			Igorando Pelo Filtro de Nome...
		Nome do Produto: Injustice: Gods Among Us - Ultimate Edition p/ PS4 - Warner
			Igorando Pelo Filtro de Nome...
		Nome do Produto: Killzone Shadow Fall para PS4 - Sony
			Igorando Pelo Filtro de Nome...
		Nome do Produto: Alien: Isolation - Nostromo Edition para PS4 - Sega
			Igorando Pelo Filtro de Nome...
		Nome do Produto: Evolve para PS4 - 2K Games
			Igorando Pelo Filtro de Nome...
		Nome do Produto: Knack para PS4 - Sony
			Igorando Pelo Filtro de Nome...
		Nome do Produto: Minecraft para PS4 - Mojang
			Igorando Pelo Filtro de Nome...
		Nome do Produto: Dragon Age: Inquisition para PS4 - EA
			Igorando Pelo Filtro de Nome...
		Nome do Produto: NHL 15 para PS4 - EA
			Igorando Pelo Filtro de Nome...
		Nome do Produto: Project Cars p/ Playstation 4 - Namco Bandai - Pré Venda
			Igorando Pelo Filtro de Nome...
		Nome do Produto: Madden NFL 15 para PS4 - EA
			Igorando Pelo Filtro de Nome...
		Nome do Produto: Murdered Soul Suspect para PS4 - Capcom
			Igorando Pelo Filtro de Nome...
		Nome do Produto: Knack para PS4 - Sony
			Igorando Pelo Filtro de Nome...
		Nome do Produto: Rabbids Invasion para PS4 - Ubisoft
			Igorando Pelo Filtro de Nome...
		Nome do Produto: Shadow Warrior para PS4 - Majesco Entertainment
			Igorando Pelo Filtro de Nome...
		Nome do Produto: Angry Birds Star Wars p/ PS4 - Activision
			Igorando Pelo Filtro de Nome...
		Nome do Produto: The Wolf Among Us p/ PS4 - Telltale Games
			Igorando Pelo Filtro de Nome...
		Nome do Produto: Tomb Raider: Definite Edition p/ PS4 - Square Enix
			Igorando Pelo Filtro de Nome...
		Nome do Produto: Monopoly Family Fun Pack para PS4 - Ubisoft
			Igorando Pelo Filtro de Nome...
		Nome do Produto: The Evil Within para PS4 - Bethesda
			Igorando Pelo Filtro de Nome...
		Nome do Produto: Lego - O Hobbit para PS4 - Warner
			Igorando Pelo Filtro de Nome...
		Nome do Produto: The Lego Movie Videogame p/ PS4 - Warner
			Igorando Pelo Filtro de Nome...
		Nome do Produto: The Walking Dead - Game of the Year Edition - p/ PS4 - Telltale Games
			Igorando Pelo Filtro de Nome...
		Nome do Produto: Samurai Warriors 4 para PS4 - Koei
			Igorando Pelo Filtro de Nome...
		Nome do Produto: Far Cry 4 para PS4 - Ubisoft
			Igorando Pelo Filtro de Nome...
		Nome do Produto: Watch Dogs para PS4 - Ubisoft
			Igorando Pelo Filtro de Nome...
		Nome do Produto: Bound by Flame para PS4 - Spiders Studio
			Igorando Pelo Filtro de Nome...
		Nome do Produto: Infamous Second Son para PS4 - Sony
			Igorando Pelo Filtro de Nome...
		Nome do Produto: The Order: 1886 para PS4 - Ready At Dawn
			Igorando Pelo Filtro de Nome...
		Nome do Produto: Far Cry 4 Kyrat Edition para PS4 - Ubisoft
			Igorando Pelo Filtro de Nome...
		Nome do Produto: Terra Média - Sombras de Mordor para PS4 - Warner
			Igorando Pelo Filtro de Nome...
		Nome do Produto: Air Conflict Vietnam para PS4 - Kalipso
			Igorando Pelo Filtro de Nome...
		Nome do Produto: Lords of the Fallen para PS4 - Bandai Namco
			Igorando Pelo Filtro de Nome...
		Nome do Produto: The Last of Us - Remasterizado para PS4 - Naughty Dog
			Igorando Pelo Filtro de Nome...
		Nome do Produto: The Walking Dead - Season 2 para PS4 - Telltale Games
			Igorando Pelo Filtro de Nome...
		Nome do Produto: Dying Light para PS4 - Warner
			Igorando Pelo Filtro de Nome...
		Nome do Produto: Fifa 15 para PS4 - EA
			Igorando Pelo Filtro de Nome...
		Nome do Produto: Fifa 14 para PS4 - EA
			Igorando Pelo Filtro de Nome...
		Nome do Produto: Bloodborne para PS4 - Sony
			Igorando Pelo Filtro de Nome...
		Nome do Produto: Battlefield Hardline para PS4 - EA
			Igorando Pelo Filtro de Nome...
		Nome do Produto: Dragon Ball Xenoverse para PS4 - Bandai Namco
			Igorando Pelo Filtro de Nome...
		Nome do Produto: The Witcher 3: Wild Hunt para PS4 - CD Project RED
			Igorando Pelo Filtro de Nome...
		Nome do Produto: Resident Evil Revelations 2 para PS4 - Capcom
			Igorando Pelo Filtro de Nome...
		Nome do Produto: Devil May Cry: Definitive Edition para PS4 - Capcom
			Igorando Pelo Filtro de Nome...
		Nome do Produto: Assassins Creed Unity - Signature Edition para PS4 - Ubisoft
			Igorando Pelo Filtro de Nome...
		Nome do Produto: Call of Duty - Advanced Warfare: Day Zero para PS4 - Activision
			Igorando Pelo Filtro de Nome...
		Nome do Produto: Assassins Creed IV: Black Flag - Edição Limitada - p/ PS4 - Ubisoft
			Igorando Pelo Filtro de Nome...
		Nome do Produto: PES 2015 - Pro Evolution Soccer 2015 para PS4 - Konam
			Igorando Pelo Filtro de Nome...
		Nome do Produto: GTA V para PS4 - Grand Theft Auto V - Rockstar
			Igorando Pelo Filtro de Nome...
		Nome do Produto: Volante e Pedal T80 Racing Wheel para PS3 / PS4 - Thrustmaster
			Igorando Pelo Filtro de Nome...
		Nome do Produto: Headset para PC / PS3 / Xbox 360 / PS4 - PS Vita e Nintendo 3DS - Thrustmaster
			Igorando Pelo Filtro de Nome...
		Nome do Produto: Kit de Maquiagem Paetê - Just 4 Princess
			Igorando Pelo Filtro de Nome...
		Nome do Produto: Animal Pack Monster Extreme Black 22 Packs - Probiótica
			Igorando Pelo Filtro de Nome...
		Nome do Produto: Monster Nitro Pack NO2 44 Packs Professional Line - Probiótica
			Igorando Pelo Filtro de Nome...
		Nome do Produto: Mortal Kombat X para Playstation 4 - Warner
			Igorando Pelo Filtro de Nome...
		Nome do Produto: Cooktop 4 Bocas Fischer a Gás - Tripla Chama Acendimento Superautomático
			Igorando Pelo Filtro de Nome...
		Nome do Produto: Cooktop 4 Bocas Fischer Decor Side a Gás - Acendimento Superautomático
			Igorando Pelo Filtro de Nome...
		Nome do Produto: Cooktop 4 Bocas Fischer Decor Slim a Gás - Acendimento Superautomático
			Igorando Pelo Filtro de Nome...
		Nome do Produto: Cooktop 4 Bocas Continental CTGCT060E4AGL a Gás - Acendimento Superautomático
			Igorando Pelo Filtro de Nome...
		Nome do Produto: Fogão 4 Bocas Esmaltec Safira - Grill Timer e Acendimento Automático
			Igorando Pelo Filtro de Nome...
	Tempo Para buscar: 899
Loja: Mula Games
	URL Principal: http://www.mulagames.com.br/
	URL Busca: http://www.mulagames.com.br/produtos-index/catalogo_produtos/-/-/<BUSCA>/-/-/-/-/-/
http://www.mulagames.com.br/produtos-index/catalogo_produtos/-/-/monster%20hunter%20ultimate%204/-/-/-/-/-/
		Documento Lido
		Resultados: 1
		Nome do Produto: Monster Hunter 4 Ultimate - 3DS
http://www.mulagames.com.br/Monster-Hunter-4-Ultimate-3DS/prod-2690779/
		Acessando URL do produto.
http://www.mulagames.com.br/produto-ajax_retorna_dados_preco_comprar/2690779
		Acessando URL do preço produto.
	Tempo Para buscar: 4670
Loja: Net Shoes
	URL Principal: http://www.netshoes.com.br/
	URL Busca: http://www.netshoes.com.br/search?Ntt=<BUSCA>
http://www.netshoes.com.br/search?Ntt=monster+hunter+ultimate+4
		Documento Lido
		Resultados: 60
		Nome do Produto: Bicicleta GONEW Endorphine 4.1 - Aro 26 - 21 Marchas
			Igorando Pelo Filtro de Nome...
		Nome do Produto: Bicicleta GONEW Endorphine 4.1 - Aro 26 - 21 Marchas
			Igorando Pelo Filtro de Nome...
		Nome do Produto: Bola Penalty S11 R3 4 Campo
			Igorando Pelo Filtro de Nome...
		Nome do Produto: Monster Extreme Black 44 Packs - Probiótica
			Igorando Pelo Filtro de Nome...
		Nome do Produto: Tênis Nike Air Relentless 4 MSL
			Igorando Pelo Filtro de Nome...
		Nome do Produto: Chuteira Puma Evopower 4 IT JR Juvenil
			Igorando Pelo Filtro de Nome...
		Nome do Produto: Kit Chuteira Umbro Speciali 4 LTL Campo + Chuteira Umbro Grass ID
			Igorando Pelo Filtro de Nome...
		Nome do Produto: Chuteira Umbro Speciali 4 LTL Campo
			Igorando Pelo Filtro de Nome...
		Nome do Produto: Tênis Adidas 4.3 K Infantil
			Igorando Pelo Filtro de Nome...
		Nome do Produto: Barraca Mormaii Bali 4
			Igorando Pelo Filtro de Nome...
		Nome do Produto: Tênis Nike In-Season TR 4
			Igorando Pelo Filtro de Nome...
		Nome do Produto: Tênis Mizuno Wave Prophecy 4
			Igorando Pelo Filtro de Nome...
		Nome do Produto: Tênis Nike In-Season TR 4
			Igorando Pelo Filtro de Nome...
		Nome do Produto: Tênis Mizuno Wave Prophecy 4
			Igorando Pelo Filtro de Nome...
		Nome do Produto: Tênis Nike In-Season TR 4
			Igorando Pelo Filtro de Nome...
		Nome do Produto: Caneleira Shura 4 Kg
			Igorando Pelo Filtro de Nome...
		Nome do Produto: Tênis Nike Air Relentless 4 MSL
			Igorando Pelo Filtro de Nome...
		Nome do Produto: Tênis Nike Air Relentless 4 MSL
			Igorando Pelo Filtro de Nome...
		Nome do Produto: Tênis Mizuno Wave Prophecy 4
			Igorando Pelo Filtro de Nome...
		Nome do Produto: Tênis Asics Gel Trail Tambora 4
			Igorando Pelo Filtro de Nome...
		Nome do Produto: Tênis Mizuno Wave Prophecy 4
			Igorando Pelo Filtro de Nome...
		Nome do Produto: Tênis Nike Impax Atlas 4 SL
			Igorando Pelo Filtro de Nome...
		Nome do Produto: Tênis Mizuno Wave Prophecy 4
			Igorando Pelo Filtro de Nome...
		Nome do Produto: Tênis Nike Air Relentless 4 MSL
			Igorando Pelo Filtro de Nome...
		Nome do Produto: Tênis Nike In-Season TR 4 Print
			Igorando Pelo Filtro de Nome...
		Nome do Produto: Chuteira Puma Evopower 4.2 IT Futsal
			Igorando Pelo Filtro de Nome...
		Nome do Produto: Bola Adidas Starlancer 4 Campo
			Igorando Pelo Filtro de Nome...
		Nome do Produto: Kit Luva de Boxe Everlast Pro Style 12 oz + Bandagem Elástica Everlast 4,60 m
			Igorando Pelo Filtro de Nome...
		Nome do Produto: Tênis Mizuno Wave Prophecy 4
			Igorando Pelo Filtro de Nome...
		Nome do Produto: Barraca Mormaii Trip - 4 Pessoas
			Igorando Pelo Filtro de Nome...
		Nome do Produto: Tênis Nike Lunar Forever 4
			Igorando Pelo Filtro de Nome...
		Nome do Produto: Calça 3/4 Asics Ayami
			Igorando Pelo Filtro de Nome...
		Nome do Produto: Tênis Nike In-Season TR 4
			Igorando Pelo Filtro de Nome...
		Nome do Produto: Sensor de Velocidade e Cadência ALL4ONE Smart Bluetooth 4.0 - Connect Bike
			Igorando Pelo Filtro de Nome...
		Nome do Produto: Tênis Nike Air Relentless 4 MSL
			Igorando Pelo Filtro de Nome...
		Nome do Produto: Bola Penalty Ultrafusion 4 Society
			Igorando Pelo Filtro de Nome...
		Nome do Produto: Kit Whey Cor-Performance 4 Lbs - 2 unidades + Whey Cor-Performance 2 Lbs - Cellucor
			Igorando Pelo Filtro de Nome...
		Nome do Produto: Tênis Rainha Foxy 4
			Igorando Pelo Filtro de Nome...
		Nome do Produto: Tênis Mizuno Wave Enigma 4
			Igorando Pelo Filtro de Nome...
		Nome do Produto: Tênis Adidas Barricade Team 4
			Igorando Pelo Filtro de Nome...
		Nome do Produto: Bola Penalty Matís C/C 4 Society
			Igorando Pelo Filtro de Nome...
		Nome do Produto: Ultimate 5 Whey Protein 900 g - Probiótica
			Igorando Pelo Filtro de Nome...
		Nome do Produto: Tênis Bibi Icon Baby 4 Infantil
			Igorando Pelo Filtro de Nome...
		Nome do Produto: Kit Luva de Boxe Everlast Pro Style - 12 oz + Bandagem Elástica Everlast 4,60 m
			Igorando Pelo Filtro de Nome...
		Nome do Produto: Calça 3/4 Asics Ayami
			Igorando Pelo Filtro de Nome...
		Nome do Produto: Tênis Nike In-Season TR 4 Print
			Igorando Pelo Filtro de Nome...
		Nome do Produto: Tênis Olympikus Zonix 4
			Igorando Pelo Filtro de Nome...
		Nome do Produto: Kit Luva de Boxe Everlast Pro Style 14 oz + Bandagem Elástica Everlast 4,60 m
			Igorando Pelo Filtro de Nome...
		Nome do Produto: Anilha Polimet Emborrachada 4 kg
			Igorando Pelo Filtro de Nome...
		Nome do Produto: Bola Adidas Starlancer 4 Campo
			Igorando Pelo Filtro de Nome...
		Nome do Produto: Tênis Nike Air Relentless 4 MSL
			Igorando Pelo Filtro de Nome...
		Nome do Produto: Tênis Mizuno Wave Prophecy 4
			Igorando Pelo Filtro de Nome...
		Nome do Produto: Kit Whey Cor-Performance 4 Lbs - 2 unidades + Whey Cor-Performance 2 Lbs - Cellucor
			Igorando Pelo Filtro de Nome...
		Nome do Produto: Whey Cor-Performance 4 Lbs - Cellucor
			Igorando Pelo Filtro de Nome...
		Nome do Produto: Ultimate Fire Black 120 Cáps - Max Titanium
			Igorando Pelo Filtro de Nome...
		Nome do Produto: Kit Luva de Boxe Everlast Pro Style - 14 oz + Bandagem Elástica Everlast 4,60 m
			Igorando Pelo Filtro de Nome...
		Nome do Produto: Barraca Nautika Selvas - 4 Pessoas
			Igorando Pelo Filtro de Nome...
		Nome do Produto: Tênis Adidas Barricade Team 4
			Igorando Pelo Filtro de Nome...
		Nome do Produto: Whey Cor-Performance 4 Lbs - Cellucor
			Igorando Pelo Filtro de Nome...
		Nome do Produto: Kit Whey Cor-Performance 4 Lbs - 2 unidades + Whey Cor-Performance 2 Lbs - Cellucor
			Igorando Pelo Filtro de Nome...
	Tempo Para buscar: 614
Loja: Ponto Frio
	URL Principal: http://www.pontofrio.com.br/
	URL Busca: http://search.pontofrio.com.br/search?w=<BUSCA>
http://search.pontofrio.com.br/search?w=monster+hunter+ultimate+4
		Documento Lido
		Resultados: 1
		Nome do Produto: Jogo Monster Hunter 3 Ultimate - 3DS
			Igorando Pelo Filtro de Nome...
		Nome do Produto: Game Monster Hunter 3 Ultimate - WiiU
			Igorando Pelo Filtro de Nome...
		Nome do Produto: Jogo Monster Hunter 3 Ultimate - 3DS
			Igorando Pelo Filtro de Nome...
		Nome do Produto: Game Monster Hunter 3 Ultimate - WiiU
			Igorando Pelo Filtro de Nome...
	Tempo Para buscar: 877
Loja: Ricardo Eletro
	URL Principal: http://www.ricardoeletro.com.br/
	URL Busca: http://www.ricardoeletro.com.br/Busca/Resultado/?q=<BUSCA>
http://www.ricardoeletro.com.br/Busca/Resultado/?q=monster+hunter+ultimate+4
		Documento Lido
		Resultados: 14
		Nome do Produto: Boneca Monster High - Monster Fusion - Ghoulia Yelps - Mattel
			Igorando Pelo Filtro de Nome...
		Nome do Produto: Monster High Clawdeen Wolf - Mattel
			Igorando Pelo Filtro de Nome...
		Nome do Produto: Boneca Monster High - Monster Fusion - Operetta - Mattel
			Igorando Pelo Filtro de Nome...
		Nome do Produto: Monster High - Mattel - Draculaura
			Igorando Pelo Filtro de Nome...
		Nome do Produto: 6005 - LEGO City Monster Truck
			Igorando Pelo Filtro de Nome...
		Nome do Produto: Pelúcia Abbey Bominable Monster High - BBR
			Igorando Pelo Filtro de Nome...
		Nome do Produto: Boneca Monster High - Monster Fusion - Frankie Stein - Mattel
			Igorando Pelo Filtro de Nome...
		Nome do Produto: Fantasia Monster High Draculaura - Sulamericana
			Igorando Pelo Filtro de Nome...
		Nome do Produto: Fantasia Monster High Lagoona - Sulamericana
			Igorando Pelo Filtro de Nome...
		Nome do Produto: Fantasia Monster High Rochelle - Sulamericana
			Igorando Pelo Filtro de Nome...
		Nome do Produto: Fantasia Monster High Frankie Luxo - Sulamericana
			Igorando Pelo Filtro de Nome...
		Nome do Produto: Fantasia Monster High Draculaura Pop - Sulamericana
			Igorando Pelo Filtro de Nome...
		Nome do Produto: Pelúcia Pet Hissette Monster High - BBR
			Igorando Pelo Filtro de Nome...
		Nome do Produto: Pelúcia Ghoilia Yelps Monster High - BBR
			Igorando Pelo Filtro de Nome...
	Tempo Para buscar: 665
Loja: RiHappy
	URL Principal: http://www.rihappy.com.br/
	URL Busca: http://www.rihappy.com.br/<BUSCA>
http://www.rihappy.com.br/monster%20hunter%20ultimate%204
		Documento Lido
		Resultados: 0
	Tempo Para buscar: 1767
Loja: Saraiva
	URL Principal: http://www.saraiva.com.br/
	URL Busca: http://busca.saraiva.com.br/search?w=<BUSCA>&PAC_ID=129457&ts=ajax
http://busca.saraiva.com.br/search?w=monster+hunter+ultimate+4&PAC_ID=129457&ts=ajax
		Documento Lido
		Resultados: 1
		Nome do Produto: Cabo de Lightning Para USB Apple Md818bz/a
			Igorando Pelo Filtro de Nome...
	Tempo Para buscar: 1591
Loja: Shop Facil
	URL Principal: http://ww2.shopfacil.com.br/
	URL Busca: http://ww2.shopfacil.com.br/<BUSCA>
http://ww2.shopfacil.com.br/monster%20hunter%20ultimate%204
		Documento Lido
		Resultados: 0
	Tempo Para buscar: 1156
Loja: Shop Time
	URL Principal: http://www.shoptime.com.br/
	URL Busca: http://busca.shoptime.com.br/busca.php?q=<BUSCA>
http://busca.shoptime.com.br/busca.php?q=monster+hunter+ultimate+4
		Documento Lido
		Resultados: 3
		Nome do Produto: Dvd Monsters Of Metal - The Ultimate Metal Compilation Double Vol 2 Dvd Monsters Of Metal - The Ultimate Metal Compilation Part 1 Dvd Monsters Of Metal - The Ultimate Metal Compilation Part 2
			Igorando Pelo Filtro de Nome...
		Nome do Produto: Dvd Monsters Of Metal - The Ultimate Metal Compilation Double Vol 2 Dvd Monsters Of Metal - The Ultimate Metal Compilation Part 1 Dvd Monsters Of Metal - The Ultimate Metal Compilation Part 2
			Igorando Pelo Filtro de Nome...
		Nome do Produto: Dvd Monsters Of Metal - The Ultimate Metal Compilation Double Vol 2 Dvd Monsters Of Metal - The Ultimate Metal Compilation Part 1 Dvd Monsters Of Metal - The Ultimate Metal Compilation Part 2
			Igorando Pelo Filtro de Nome...
	Tempo Para buscar: 437
Loja: ShopB
	URL Principal: http://www.shopb.com.br/
	URL Busca: http://busca.shopb.com.br/?busca=<BUSCA>
http://busca.shopb.com.br/?busca=monster+hunter+ultimate+4
		Documento Lido
		Resultados: 31
		Nome do Produto: Monster Hunter 4 Ultimate - 3DS
http://shopb.ecommercesearch.com.br/Busca/Redir?url=http%3a%2f%2fwww.shopb.com.br%2fecommerce_site%2findex.php%3fpg%3dproduto%26cdg%3d4488%26idp%3d39230%26idparceiro%3dp1&esid=39230
		Acessando URL do produto.
		Nome do Produto: Adaptador de Controle Gamecube 4 Portas p/ Wii U & PC - May Flash
			Igorando Pelo Filtro de Nome...
		Nome do Produto: Adventure Time: Finn and Jake Investigations - PS4
			Igorando Pelo Filtro de Nome...
		Nome do Produto: Air Conflicts Vietnam: Ultimate Edition - PS4
			Igorando Pelo Filtro de Nome...
		Nome do Produto: Alien Isolation: Nostromo Edition - PS4
			Igorando Pelo Filtro de Nome...
		Nome do Produto: Amplitude - PS4
			Igorando Pelo Filtro de Nome...
		Nome do Produto: Antena Amplificada Bidirecional Ouro 27dB 4 em 1 VHF / UHF/ FM / Digital - Capte
			Igorando Pelo Filtro de Nome...
		Nome do Produto: Antena Externa Diamante 32dB 4 em 1 VHF / UHF / Digital / FM - Capte
			Igorando Pelo Filtro de Nome...
		Nome do Produto: Antena Interna 12db 4 em 1 - Platinum Light
			Igorando Pelo Filtro de Nome...
		Nome do Produto: Assassins Creed IV Black Flag - PS3
			Igorando Pelo Filtro de Nome...
		Nome do Produto: Assassins Creed IV Black Flag - PS4
			Igorando Pelo Filtro de Nome...
		Nome do Produto: Assassins Creed IV Black Flag - XBOX 360
			Igorando Pelo Filtro de Nome...
		Nome do Produto: Assassins Creed IV Black Flag - XBOX ONE
			Igorando Pelo Filtro de Nome...
		Nome do Produto: Assassins Creed IV Black Flag: Signature Edition - XBOX ONE
			Igorando Pelo Filtro de Nome...
		Nome do Produto: Assassins Creed IV: Black Flag Limited Edition - PS3
			Igorando Pelo Filtro de Nome...
		Nome do Produto: Assassins Creed IV: Black Flag Limited Edition - XBOX 360
			Igorando Pelo Filtro de Nome...
		Nome do Produto: Assassins Creed Unity - PS4
			Igorando Pelo Filtro de Nome...
		Nome do Produto: Assassins Creed Unity: Collectors Edition - PS4
			Igorando Pelo Filtro de Nome...
		Nome do Produto: Assassins Creed: Syndicate - PS4
			Igorando Pelo Filtro de Nome...
		Nome do Produto: Awesomenauts Assemble! - PS4
			Igorando Pelo Filtro de Nome...
		Nome do Produto: Base Suporte Vertical & Hub USB 3 Portas - PS4
			Igorando Pelo Filtro de Nome...
		Nome do Produto: Base Suporte Vertical Branco - PS4
			Igorando Pelo Filtro de Nome...
		Nome do Produto: Base Suporte Vertical Preto - PS4
			Igorando Pelo Filtro de Nome...
		Nome do Produto: Batman: Arkham Knight - PS4
			Igorando Pelo Filtro de Nome...
		Nome do Produto: Battlefield 4 + Filme - XBOX 360
			Igorando Pelo Filtro de Nome...
		Nome do Produto: Battlefield 4 - PC
			Igorando Pelo Filtro de Nome...
		Nome do Produto: Battlefield 4 - PS3
			Igorando Pelo Filtro de Nome...
		Nome do Produto: Battlefield 4 - PS4
			Igorando Pelo Filtro de Nome...
		Nome do Produto: Battlefield 4 - XBOX ONE
			Igorando Pelo Filtro de Nome...
		Nome do Produto: Battlefield Bad Company 2: Ultimate Edition - PS3
			Igorando Pelo Filtro de Nome...
		Nome do Produto: Battlefield Hardline - PS4
			Igorando Pelo Filtro de Nome...
	Tempo Para buscar: 2071
Loja: Submarino
	URL Principal: http://www.submarino.com.br/
	URL Busca: http://busca.submarino.com.br/busca.php?q=<BUSCA>
http://busca.submarino.com.br/busca.php?q=monster+hunter+ultimate+4
		Documento Lido
		Resultados: 1
		Nome do Produto: Jogo Nintendo 3ds Monster Hunter Ultimate 4 - Capcom
http://busca.submarino.com.br/produto.php?link=http://www.submarino.com.br/produto/8579697/jogo-nintendo-3ds-monster-hunter-ultimate-4-capcom&ranking=1&sessao=U8GF38EMH68S7&idbusca=32292dd54ad7c217c9763d8c9430cbcfa217a86e&idproduto=8579697
		Acessando URL do produto.
	Tempo Para buscar: 807
Loja: Walmart
	URL Principal: http://www.walmart.com.br/
	URL Busca: http://www.walmart.com.br/busca/?ft=<BUSCA>&PS=20
http://www.walmart.com.br/busca/?ft=monster+hunter+ultimate+4&PS=20
		Documento Lido
		Resultados: 1
		Nome do Produto: Jogo 3DS Monster Hunter 3 Ultimate
			Igorando Pelo Filtro de Nome...
	Tempo Para buscar: 804

File copied from C:\java\workspace Estudo\lookforprices\resources\imports\css.css to C:\java\workspace Estudo\lookforprices\reports\2015-05-26 09\css.css
File copied from C:\java\workspace Estudo\lookforprices\resources\imports\jquery.js to C:\java\workspace Estudo\lookforprices\reports\2015-05-26 09\jquery.js
File copied from C:\java\workspace Estudo\lookforprices\resources\imports\scripts.js to C:\java\workspace Estudo\lookforprices\reports\2015-05-26 09\scripts.js
Tempo total de execução: 26844
