Game: Pokemon Mystery Dungeon
Product Name: Pokemon Mystery Dungeon
Loja: Nintendo eShop
	URL Principal: http://www.nintendo.com/3ds/eshop
	URL Busca: http://www.nintendo.com/json/content/get/game/filter?&qterm=<BUSCA>
NintendoEShopSearch.search() http://www.nintendo.com/json/content/get/game/filter?&qterm=Pokemon+Mystery+Dungeon
		Documento Lido
		Resultados: 5
		Nome do Produto: Pokémon Mystery Dungeon: Gates to Infinity
http://www.nintendo.com/games/detail/pOlnlHnCCHhIslS6yBAYT-5p6BISzlrD
		Acessando URL do produto.
URL = http://www.nintendo.com/games/detail/pOlnlHnCCHhIslS6yBAYT-5p6BISzlrD
		Nome do Produto: Pokémon Mystery Dungeon: Explorers of Sky
http://www.nintendo.com/games/detail/Id-KjW1meeYtK9cTD8YQVuTksP9I2RaG
		Acessando URL do produto.
URL = http://www.nintendo.com/games/detail/Id-KjW1meeYtK9cTD8YQVuTksP9I2RaG
		Nome do Produto: Pokémon Mystery Dungeon: Explorers of Darkness
http://www.nintendo.com/games/detail/N5FoVWqOp8qQdAit67ST_Q1e1sI-_YdM
		Acessando URL do produto.
URL = http://www.nintendo.com/games/detail/N5FoVWqOp8qQdAit67ST_Q1e1sI-_YdM
		Nome do Produto: Pokémon Mystery Dungeon: Explorers of Time
http://www.nintendo.com/games/detail/DeOFPgGyWuOlq-1NnmxduPxnfpvowFRd
		Acessando URL do produto.
URL = http://www.nintendo.com/games/detail/DeOFPgGyWuOlq-1NnmxduPxnfpvowFRd
		Nome do Produto: Pokémon Mystery Dungeon: Blue Rescue Team
http://www.nintendo.com/games/detail/m-iVHWijRI-Kbd6vIHop4YzzT6R5CYXf
		Acessando URL do produto.
URL = http://www.nintendo.com/games/detail/m-iVHWijRI-Kbd6vIHop4YzzT6R5CYXf
	Tempo Para buscar: 2783
Loja: Americanas
	URL Principal: http://www.americanas.com.br/
	URL Busca: http://busca.americanas.com.br/busca.php?q=<BUSCA>
http://busca.americanas.com.br/busca.php?q=Pokemon+Mystery+Dungeon
		Documento Lido
		Resultados: 23
		Nome do Produto: Box Pokemon Charizard Ex
			Igorando Pelo Filtro de Nome...
		Nome do Produto: Pokémon Lata Power Trio Charizard - Ex
			Igorando Pelo Filtro de Nome...
		Nome do Produto: Pokémon Starter Deck Talonflame Xy 4 Força Fantasma
			Igorando Pelo Filtro de Nome...
		Nome do Produto: Game - Pokémon Omega Ruby - 3DS
			Igorando Pelo Filtro de Nome...
		Nome do Produto: Pokémon Triple Pack Darkrai Xy 4 Força Fantasma
			Igorando Pelo Filtro de Nome...
		Nome do Produto: Pokémon Lata Power Trio Blastoise - Ex
			Igorando Pelo Filtro de Nome...
		Nome do Produto: Livro - Pokémon - Vol.1
			Igorando Pelo Filtro de Nome...
		Nome do Produto: Game Pokemon White Version 2 - DS
			Igorando Pelo Filtro de Nome...
		Nome do Produto: Livro - Pokémon - Vol.2
			Igorando Pelo Filtro de Nome...
		Nome do Produto: Game - Pokémon Alpha Sapphire - 3DS
			Igorando Pelo Filtro de Nome...
		Nome do Produto: Game Pokémon Conquest - 3DS
			Igorando Pelo Filtro de Nome...
		Nome do Produto: Pelúcia Pokémon Dedenne 20 Cm
			Igorando Pelo Filtro de Nome...
		Nome do Produto: Pokémon Booster Xy Venusaur
			Igorando Pelo Filtro de Nome...
		Nome do Produto: Livro - Pokémon - Vol.3
			Igorando Pelo Filtro de Nome...
		Nome do Produto: Kit Acessório Pokémon Bda-Stylus p/ Nintendo DS - Nintendo
			Igorando Pelo Filtro de Nome...
		Nome do Produto: Kit Acessórios Nintendo Pokémon Universal Hard p/ Nintendo DS - Nintendo
			Igorando Pelo Filtro de Nome...
		Nome do Produto: Livro - Japanese Animation: From Painted Scrolls to Pokémon
			Igorando Pelo Filtro de Nome...
		Nome do Produto: Game Pokémon Art Academy - 3DS
			Igorando Pelo Filtro de Nome...
		Nome do Produto: Jogo Pokémon Xy2 Booster Flash De Fogo - Copag
			Igorando Pelo Filtro de Nome...
		Nome do Produto: Livro - Pokemon Club V.1 - As Primeiras Aventuras
			Igorando Pelo Filtro de Nome...
		Nome do Produto: Game Pokemon Y + Poster Promocional Pokemon - 3DS
			Igorando Pelo Filtro de Nome...
		Nome do Produto: Livro - Pokémon - Vol. 04
			Igorando Pelo Filtro de Nome...
		Nome do Produto: Game Pokemon X + Poster Promocional Pokemon - 3DS
			Igorando Pelo Filtro de Nome...
	Tempo Para buscar: 571
Loja: Big Boy Games
	URL Principal: http://www.bigboygames.com.br/
	URL Busca: http://www.bigboygames.com.br/pesquisa/?p=<BUSCA>
http://www.bigboygames.com.br/pesquisa/?p=Pokemon+Mystery+Dungeon
		Documento Lido
		Resultados: 2
		Nome do Produto: Pokemon Mystery Dungeon Gates to Infinity
http://www.bigboygames.com.br/pokemon-mystery-dungeon-gates-to-infinity-p4970/
		Acessando URL do produto.
		Nome do Produto: DS - Pokemon Mystery Dungeon Explorers of Darkness
http://www.bigboygames.com.br/ds-pokemon-mystery-dungeon-explorers-of-darkness-p83/
		Acessando URL do produto.
	Tempo Para buscar: 1630
Loja: Casas Bahia
	URL Principal: http://www.casasbahia.com.br/
	URL Busca: http://buscas.casasbahia.com.br/search?w=<BUSCA>
http://buscas.casasbahia.com.br/search?w=Pokemon+Mystery+Dungeon
		Documento Lido
		Resultados: 1
		Nome do Produto: Pokemon - Pyroar Box
			Igorando Pelo Filtro de Nome...
		Nome do Produto: Game Dungeon Siege 3 - PS3
			Igorando Pelo Filtro de Nome...
		Nome do Produto: Game Dungeon Dashers para Download - PC
			Igorando Pelo Filtro de Nome...
		Nome do Produto: Jogo Dungeon Siege 3 - Xbox 360
			Igorando Pelo Filtro de Nome...
		Nome do Produto: Livro - Dungeon Siege - Doug Radcliffe
			Igorando Pelo Filtro de Nome...
		Nome do Produto: Game Dungeon Hearts para Download - PC
			Igorando Pelo Filtro de Nome...
		Nome do Produto: Final Fantasy Fables Chocobos Dungeon Wii
			Igorando Pelo Filtro de Nome...
		Nome do Produto: Dungeon Siege III - XBOX 360
			Igorando Pelo Filtro de Nome...
		Nome do Produto: Dungeon Siege 3 - Xbox 360
			Igorando Pelo Filtro de Nome...
		Nome do Produto: Pokemon Box Mega Charizard X
			Igorando Pelo Filtro de Nome...
		Nome do Produto: Pokemon Box Mega Charizard Y
			Igorando Pelo Filtro de Nome...
		Nome do Produto: Mystery Walk
			Igorando Pelo Filtro de Nome...
		Nome do Produto: The Mystery
			Igorando Pelo Filtro de Nome...
		Nome do Produto: God`s Mystery
			Igorando Pelo Filtro de Nome...
		Nome do Produto: Mystery Mountain
			Igorando Pelo Filtro de Nome...
		Nome do Produto: Sweet Mystery
			Igorando Pelo Filtro de Nome...
		Nome do Produto: Mystery Masque
			Igorando Pelo Filtro de Nome...
		Nome do Produto: The Mystery
			Igorando Pelo Filtro de Nome...
		Nome do Produto: Medical Mystery
			Igorando Pelo Filtro de Nome...
		Nome do Produto: Mystery Double
			Igorando Pelo Filtro de Nome...
	Tempo Para buscar: 1269
Loja: Extra
	URL Principal: http://www.extra.com.br/
	URL Busca: http://buscando.extra.com.br/search?w=<BUSCA>
http://buscando.extra.com.br/search?w=Pokemon+Mystery+Dungeon
		Documento Lido
		Resultados: 12
		Nome do Produto: Pokemon - Pyroar Box
			Igorando Pelo Filtro de Nome...
		Nome do Produto: Game Dungeon Siege 3 - PS3
			Igorando Pelo Filtro de Nome...
		Nome do Produto: Final Fantasy Fables Chocobos Dungeon Wii
			Igorando Pelo Filtro de Nome...
		Nome do Produto: Dungeon Siege III - XBOX 360
			Igorando Pelo Filtro de Nome...
		Nome do Produto: Game Dungeon Dashers para Download - PC
			Igorando Pelo Filtro de Nome...
		Nome do Produto: Livro - Dungeon Siege - Doug Radcliffe
			Igorando Pelo Filtro de Nome...
		Nome do Produto: Jogo Dungeon Siege 3 - Xbox 360
			Igorando Pelo Filtro de Nome...
		Nome do Produto: Dungeon Siege 3 - Xbox 360
			Igorando Pelo Filtro de Nome...
		Nome do Produto: Game Dungeon Hearts para Download - PC
			Igorando Pelo Filtro de Nome...
		Nome do Produto: Pokemon Box Mega Charizard X
			Igorando Pelo Filtro de Nome...
		Nome do Produto: Pokemon Box Mega Charizard Y
			Igorando Pelo Filtro de Nome...
		Nome do Produto: Mystery Walk
			Igorando Pelo Filtro de Nome...
	Tempo Para buscar: 1767
Loja: E-Virtua
	URL Principal: http://www.evirtua.com.br/
	URL Busca: http://www.evirtua.com.br/Busca?search_department_id=0&SearchTerm=<BUSCA>
http://www.evirtua.com.br/Busca?search_department_id=0&SearchTerm=Pokemon+Mystery+Dungeon
		Documento Lido
		Resultados: 0
	Tempo Para buscar: 132
Loja: Fast Games
	URL Principal: http://www.fastgames.com.br/
	URL Busca: http://www.fastgames.com.br/loja/busca.php?loja=187970&palavra_busca=<BUSCA>
http://www.fastgames.com.br/loja/busca.php?loja=187970&palavra_busca=Pokemon+Mystery+Dungeon
		Documento Lido
		Resultados: 0
	Tempo Para buscar: 668
Loja: Fast Shop
	URL Principal: http://www.fastshop.com.br/loja/
	URL Busca: http://www.fastshop.com.br/webapp/wcs/stores/servlet/SearchDisplay?searchTerm=<BUSCA>&categoryId=&storeId=10151&catalogId=11052&langId=-6&pageSize=9&beginIndex=0&sType=SimpleSearch&resultCatEntryType=2&showResultsPage=true&searchSource=Q&pageView=&hotsite=fastshop
http://www.fastshop.com.br/webapp/wcs/stores/servlet/SearchDisplay?searchTerm=Pokemon+Mystery+Dungeon&categoryId=&storeId=10151&catalogId=11052&langId=-6&pageSize=9&beginIndex=0&sType=SimpleSearch&resultCatEntryType=2&showResultsPage=true&searchSource=Q&pageView=&hotsite=fastshop
		Documento Lido
		Resultados: 0
	Tempo Para buscar: 208
Loja: FNAC
	URL Principal: http://www.fnac.com.br/index.html
	URL Busca: http://busca.fnac.com.br/?busca=<BUSCA>
http://busca.fnac.com.br/?busca=Pokemon+Mystery+Dungeon
		Documento Lido
		Resultados: 9
		Nome do Produto: 3ds Pokemon Y
			Igorando Pelo Filtro de Nome...
		Nome do Produto: 3ds Pokemon Omega Ruby
			Igorando Pelo Filtro de Nome...
		Nome do Produto: 3ds Pokemon X
			Igorando Pelo Filtro de Nome...
		Nome do Produto: 3ds Pokemon Alpha Sapphire
			Igorando Pelo Filtro de Nome...
		Nome do Produto: 3ds Pokemon Art Academy
			Igorando Pelo Filtro de Nome...
		Nome do Produto: Magical Mystery Tour (blu-ray)
			Igorando Pelo Filtro de Nome...
		Nome do Produto: Magical Mystery Tour (DVD)
			Igorando Pelo Filtro de Nome...
		Nome do Produto: Magical Mystery Tour
			Igorando Pelo Filtro de Nome...
		Nome do Produto: Mystery Lady: Songs Of Billie Holiday
			Igorando Pelo Filtro de Nome...
	Tempo Para buscar: 1164
Loja: Kabum
	URL Principal: http://www.kabum.com.br/
	URL Busca: http://www.kabum.com.br/cgi-local/site/listagem/listagem.cgi?string=<BUSCA>&btnG=
http://www.kabum.com.br/cgi-local/site/listagem/listagem.cgi?string=Pokemon+Mystery+Dungeon&btnG=
		Documento Lido
		Resultados: 0
	Tempo Para buscar: 406
Loja: Livraria Cultura
	URL Principal: http://www.livrariacultura.com.br/
	URL Busca: http://www.livrariacultura.com.br/busca?N=0&Ntt=<BUSCA>
http://www.livrariacultura.com.br/busca?N=0&Ntt=Pokemon+Mystery+Dungeon
		Documento Lido
		Resultados: 3
		Nome do Produto: POKEMON MYSTERY DUNGEON
http://www.livrariacultura.com.br/p/pokemon-mystery-dungeon-22769934
		Acessando URL do produto.
		Nome do Produto: POKEMON MYSTERY DUNGEON STRATEGY GUIDE
http://www.livrariacultura.com.br/p/pokemon-mystery-dungeon-strategy-guide-22770338
		Acessando URL do produto.
		Nome do Produto: CHEATS UNLIMITED PRESENTS EZ CHEATS:
			Igorando Pelo Filtro de Nome...
	Tempo Para buscar: 1189
Loja: Magazine Luiza
	URL Principal: http://www.magazineluiza.com.br/
	URL Busca: http://www.magazineluiza.com.br/busca/<BUSCA>/
http://www.magazineluiza.com.br/busca/Pokemon+Mystery+Dungeon/
		Documento Lido
		Resultados: 5
		Nome do Produto: Pokémon Alpha Sapphire para Nintendo 3DS - Nintendo
			Igorando Pelo Filtro de Nome...
		Nome do Produto: Pokémon Omega Ruby para Nintendo 3DS - Nintendo
			Igorando Pelo Filtro de Nome...
		Nome do Produto: Linn Young Mystery & Excellence - Perfume Feminino Eau de Parfum 100ml
			Igorando Pelo Filtro de Nome...
		Nome do Produto: Pokémon Art Academy para Nintendo 3DS - Nintendo
			Igorando Pelo Filtro de Nome...
		Nome do Produto: Pokemon X para Nintendo 3DS - Nintendo
			Igorando Pelo Filtro de Nome...
	Tempo Para buscar: 185
Loja: Mula Games
	URL Principal: http://www.mulagames.com.br/
	URL Busca: http://www.mulagames.com.br/produtos-index/catalogo_produtos/-/-/<BUSCA>/-/-/-/-/-/
http://www.mulagames.com.br/produtos-index/catalogo_produtos/-/-/Pokemon%20Mystery%20Dungeon/-/-/-/-/-/
		Documento Lido
		Resultados: 1
		Nome do Produto: Pokémon Mystery Dungeon: Gates to Infinity - 3DS
http://www.mulagames.com.br/Pokemon-Mystery-Dungeon--Gates-to-Infinity-3DS/prod-1163131/
		Acessando URL do produto.
http://www.mulagames.com.br/produto-ajax_retorna_dados_preco_comprar/1163131
		Acessando URL do preço produto.
	Tempo Para buscar: 2533
Loja: Net Shoes
	URL Principal: http://www.netshoes.com.br/
	URL Busca: http://www.netshoes.com.br/search?Ntt=<BUSCA>
http://www.netshoes.com.br/search?Ntt=Pokemon+Mystery+Dungeon
		Documento Lido
		Resultados: 3
		Nome do Produto: Camiseta Hurley Silk Mystery Spot
			Igorando Pelo Filtro de Nome...
		Nome do Produto: Camiseta Hurley Silk Mystery Spot
			Igorando Pelo Filtro de Nome...
		Nome do Produto: Jogo Dungeon Hunter: Alliance PSV
			Igorando Pelo Filtro de Nome...
	Tempo Para buscar: 146
Loja: Ponto Frio
	URL Principal: http://www.pontofrio.com.br/
	URL Busca: http://search.pontofrio.com.br/search?w=<BUSCA>
http://search.pontofrio.com.br/search?w=Pokemon+Mystery+Dungeon
		Documento Lido
		Resultados: 1
		Nome do Produto: Final Fantasy Fables Chocobos Dungeon Wii
			Igorando Pelo Filtro de Nome...
		Nome do Produto: Livro - Dungeon Siege - Doug Radcliffe
			Igorando Pelo Filtro de Nome...
		Nome do Produto: Game Dungeon Hearts para Download - PC
			Igorando Pelo Filtro de Nome...
		Nome do Produto: Jogo Dungeon Siege 3 - Xbox 360
			Igorando Pelo Filtro de Nome...
		Nome do Produto: Dungeon Siege 3 - Xbox 360
			Igorando Pelo Filtro de Nome...
		Nome do Produto: Lata Pokemon Xerneas EX - Em Português
			Igorando Pelo Filtro de Nome...
		Nome do Produto: Lata Pokemon Yveltal EX - Em Português
			Igorando Pelo Filtro de Nome...
		Nome do Produto: Jogo Pokémon Omega Ruby - 3DS
			Igorando Pelo Filtro de Nome...
		Nome do Produto: Jogo Pokémon Alpha Sapphire - 3DS
			Igorando Pelo Filtro de Nome...
		Nome do Produto: Livro - Dungeon Crawlers - Marcelo Cassaro e Daniel HDR
			Igorando Pelo Filtro de Nome...
		Nome do Produto: Game Dungeon Siege III para Download - PC
			Igorando Pelo Filtro de Nome...
		Nome do Produto: Jogo Dungeon Siege II para Download - PC
			Igorando Pelo Filtro de Nome...
		Nome do Produto: Lata Pokemon Kalos Power Delphox Ex - Em Português
			Igorando Pelo Filtro de Nome...
		Nome do Produto: Pokemon Box Lendas Da Justiça - Totalmente Em Português
			Igorando Pelo Filtro de Nome...
		Nome do Produto: Pokemon Sylveon Collection Box - Totalmente Em Português
			Igorando Pelo Filtro de Nome...
		Nome do Produto: Caneta Stylus Nintendo Pokémon para Nintendo DS - 3 Unidades
			Igorando Pelo Filtro de Nome...
		Nome do Produto: Mystery Walk
			Igorando Pelo Filtro de Nome...
		Nome do Produto: The Mystery
			Igorando Pelo Filtro de Nome...
		Nome do Produto: God`s Mystery
			Igorando Pelo Filtro de Nome...
		Nome do Produto: Mystery Mountain
			Igorando Pelo Filtro de Nome...
		Nome do Produto: Final Fantasy Fables Chocobos Dungeon Wii
			Igorando Pelo Filtro de Nome...
		Nome do Produto: Livro - Dungeon Siege - Doug Radcliffe
			Igorando Pelo Filtro de Nome...
		Nome do Produto: Game Dungeon Hearts para Download - PC
			Igorando Pelo Filtro de Nome...
		Nome do Produto: Jogo Dungeon Siege 3 - Xbox 360
			Igorando Pelo Filtro de Nome...
		Nome do Produto: Dungeon Siege 3 - Xbox 360
			Igorando Pelo Filtro de Nome...
		Nome do Produto: Lata Pokemon Xerneas EX - Em Português
			Igorando Pelo Filtro de Nome...
		Nome do Produto: Lata Pokemon Yveltal EX - Em Português
			Igorando Pelo Filtro de Nome...
		Nome do Produto: Jogo Pokémon Omega Ruby - 3DS
			Igorando Pelo Filtro de Nome...
		Nome do Produto: Jogo Pokémon Alpha Sapphire - 3DS
			Igorando Pelo Filtro de Nome...
		Nome do Produto: Livro - Dungeon Crawlers - Marcelo Cassaro e Daniel HDR
			Igorando Pelo Filtro de Nome...
		Nome do Produto: Game Dungeon Siege III para Download - PC
			Igorando Pelo Filtro de Nome...
		Nome do Produto: Jogo Dungeon Siege II para Download - PC
			Igorando Pelo Filtro de Nome...
		Nome do Produto: Lata Pokemon Kalos Power Delphox Ex - Em Português
			Igorando Pelo Filtro de Nome...
		Nome do Produto: Pokemon Box Lendas Da Justiça - Totalmente Em Português
			Igorando Pelo Filtro de Nome...
		Nome do Produto: Pokemon Sylveon Collection Box - Totalmente Em Português
			Igorando Pelo Filtro de Nome...
		Nome do Produto: Caneta Stylus Nintendo Pokémon para Nintendo DS - 3 Unidades
			Igorando Pelo Filtro de Nome...
		Nome do Produto: Mystery Walk
			Igorando Pelo Filtro de Nome...
		Nome do Produto: The Mystery
			Igorando Pelo Filtro de Nome...
		Nome do Produto: God`s Mystery
			Igorando Pelo Filtro de Nome...
		Nome do Produto: Mystery Mountain
			Igorando Pelo Filtro de Nome...
	Tempo Para buscar: 1742
Loja: Ricardo Eletro
	URL Principal: http://www.ricardoeletro.com.br/
	URL Busca: http://www.ricardoeletro.com.br/Busca/Resultado/?q=<BUSCA>
http://www.ricardoeletro.com.br/Busca/Resultado/?q=Pokemon+Mystery+Dungeon
		Documento Lido
		Resultados: 0
	Tempo Para buscar: 1329
Loja: RiHappy
	URL Principal: http://www.rihappy.com.br/
	URL Busca: http://www.rihappy.com.br/<BUSCA>
http://www.rihappy.com.br/Pokemon%20Mystery%20Dungeon
		Documento Lido
		Resultados: 0
	Tempo Para buscar: 911
Loja: Saraiva
	URL Principal: http://www.saraiva.com.br/
	URL Busca: http://busca.saraiva.com.br/search?w=<BUSCA>&PAC_ID=129457&ts=ajax
http://busca.saraiva.com.br/search?w=Pokemon+Mystery+Dungeon&PAC_ID=129457&ts=ajax
		Documento Lido
		Resultados: 1
		Nome do Produto: Cabo de Lightning Para USB Apple Md818bz/a
			Igorando Pelo Filtro de Nome...
	Tempo Para buscar: 232
Loja: Shop Facil
	URL Principal: http://ww2.shopfacil.com.br/
	URL Busca: http://ww2.shopfacil.com.br/<BUSCA>
http://ww2.shopfacil.com.br/Pokemon%20Mystery%20Dungeon
		Documento Lido
		Resultados: 0
	Tempo Para buscar: 1293
Loja: Shop Time
	URL Principal: http://www.shoptime.com.br/
	URL Busca: http://busca.shoptime.com.br/busca.php?q=<BUSCA>
http://busca.shoptime.com.br/busca.php?q=Pokemon+Mystery+Dungeon
		Documento Lido
		Resultados: 1
		Nome do Produto: Game Pokemon Mystery Dungeon Exp. Sky - DS
http://busca.shoptime.com.br/produto.php?link=http://www.shoptime.com.br/produto/7039213/game-pokemon-mystery-dungeon-exp.-sky-ds&ranking=1&sessao=U8GFI0JC8IOG7&idbusca=c9e4ffa420bd060455aa53d26186cc7e562717cb&idproduto=7039213
		Acessando URL do produto.
	Tempo Para buscar: 863
Loja: ShopB
	URL Principal: http://www.shopb.com.br/
	URL Busca: http://busca.shopb.com.br/?busca=<BUSCA>
http://busca.shopb.com.br/?busca=Pokemon+Mystery+Dungeon
		Documento Lido
		Resultados: 26
		Nome do Produto: Pokemon Mystery Dungeon: Gates to Infinity - 3DS
http://shopb.ecommercesearch.com.br/Busca/Redir?url=http%3a%2f%2fwww.shopb.com.br%2fecommerce_site%2findex.php%3fpg%3dproduto%26cdg%3d4488%26idp%3d36826%26idparceiro%3dp1&esid=36826
		Acessando URL do produto.
		Nome do Produto: Console XBOX One 500GB Branco Edição Limitada + Halo: The Master Chief Collection (Digital)
			Igorando Pelo Filtro de Nome...
		Nome do Produto: Dungeon Hunter Alliance - PS Vita
			Igorando Pelo Filtro de Nome...
		Nome do Produto: Dungeon Siege II - PC
			Igorando Pelo Filtro de Nome...
		Nome do Produto: Dungeon Siege III - XBOX 360
			Igorando Pelo Filtro de Nome...
		Nome do Produto: Halo: The Master Chief Collection - XBOX ONE
			Igorando Pelo Filtro de Nome...
		Nome do Produto: LEGO Dimensions: Starter Pack - PS3
			Igorando Pelo Filtro de Nome...
		Nome do Produto: LEGO Dimensions: Starter Pack - PS4
			Igorando Pelo Filtro de Nome...
		Nome do Produto: LEGO Dimensions: Starter Pack - XBOX 360
			Igorando Pelo Filtro de Nome...
		Nome do Produto: LEGO Dimensions: Starter Pack - XBOX ONE
			Igorando Pelo Filtro de Nome...
		Nome do Produto: O Mistério da Carta de Tarô: Casos Estanhos - PC
			Igorando Pelo Filtro de Nome...
		Nome do Produto: Pikmin 3 - Wii U
			Igorando Pelo Filtro de Nome...
		Nome do Produto: Placa de Parede Decorativa: Time and Relative Dimension in Space - ShopB
			Igorando Pelo Filtro de Nome...
		Nome do Produto: Pokemon Alpha Sapphire - 3DS
			Igorando Pelo Filtro de Nome...
		Nome do Produto: Pokemon Art Academy - 3DS
			Igorando Pelo Filtro de Nome...
		Nome do Produto: Pokemon Omega Ruby - 3DS
			Igorando Pelo Filtro de Nome...
		Nome do Produto: Pokemon X - 3DS
			Igorando Pelo Filtro de Nome...
		Nome do Produto: Pokemon Y - 3DS
			Igorando Pelo Filtro de Nome...
		Nome do Produto: Pokémon White Version 2 - DS
			Igorando Pelo Filtro de Nome...
		Nome do Produto: Adventure Time: Explore the Dungeon Because I Dont Know - PS3
			Igorando Pelo Filtro de Nome...
		Nome do Produto: Adventure Time: Explore the Dungeon Because I Dont Know - XBOX 360
			Igorando Pelo Filtro de Nome...
		Nome do Produto: Dance Masters - XBOX 360
			Igorando Pelo Filtro de Nome...
		Nome do Produto: Fonte de Alimentação 500W Extreme Power Plus - Cooler Master
			Igorando Pelo Filtro de Nome...
		Nome do Produto: Mouse Pad Gamer CM Storm Speed-RXL - Cooler Master
			Igorando Pelo Filtro de Nome...
		Nome do Produto: Spider-Man: Shattered Dimensions - PS3
			Igorando Pelo Filtro de Nome...
		Nome do Produto: Trigger Happy Havoc: Danganronpa - PS Vita
			Igorando Pelo Filtro de Nome...
	Tempo Para buscar: 2007
Loja: Submarino
	URL Principal: http://www.submarino.com.br/
	URL Busca: http://busca.submarino.com.br/busca.php?q=<BUSCA>
http://busca.submarino.com.br/busca.php?q=Pokemon+Mystery+Dungeon
		Documento Lido
		Resultados: 5
		Nome do Produto: Game Pokemon Mystery Dungeon Red Rescue Team GBA
http://busca.submarino.com.br/produto.php?link=http://www.submarino.com.br/produto/356328/game-pokemon-mystery-dungeon-red-rescue-team-gba&ranking=1&sessao=U8GFI4D5ORKG7&idbusca=de27cd26d3c09b416f383d63d173eb68649bcf61&idproduto=356328
		Acessando URL do produto.
		Nome do Produto: Game Pokémon Mystery Dungeon Blue DS
http://busca.submarino.com.br/produto.php?link=http://www.submarino.com.br/produto/380512/game-pokemon-mystery-dungeon-blue-ds&ranking=2&sessao=U8GFI4D5ORKG7&idbusca=de27cd26d3c09b416f383d63d173eb68649bcf61&idproduto=380512
		Acessando URL do produto.
		Nome do Produto: Game Pokemon Mystery Dungeon Explores Darkness - DS
http://busca.submarino.com.br/produto.php?link=http://www.submarino.com.br/produto/6741592/game-pokemon-mystery-dungeon-explores-darkness-ds&ranking=3&sessao=U8GFI4D5ORKG7&idbusca=de27cd26d3c09b416f383d63d173eb68649bcf61&idproduto=6741592
		Acessando URL do produto.
java.lang.NullPointerException
	at interfaces.search.SubmarinoSearch.readEachProduct(SubmarinoSearch.java:74)
	at interfaces.search.SubmarinoSearch.search(SubmarinoSearch.java:38)
	at objects.Shop.searchProduct(Shop.java:33)
	at Main.generateHtmlReport(Main.java:89)
	at Main.main(Main.java:58)
	Tempo Para buscar: 1839
Loja: Walmart
	URL Principal: http://www.walmart.com.br/
	URL Busca: http://www.walmart.com.br/busca/?ft=<BUSCA>&PS=20
http://www.walmart.com.br/busca/?ft=Pokemon+Mystery+Dungeon&PS=20
		Documento Lido
		Resultados: 17
		Nome do Produto: Jogo Pokemon Alpha Sapphire para Nintendo 3DS
			Igorando Pelo Filtro de Nome...
		Nome do Produto: Jogo Pokemon Omega Ruby para Nintendo 3DS
			Igorando Pelo Filtro de Nome...
		Nome do Produto: Jogo Pokémon Art Academy para Nintendo 3DS
			Igorando Pelo Filtro de Nome...
		Nome do Produto: Adventure Time Explore The Dungeon Because I Don´t Know Xbox 360
			Igorando Pelo Filtro de Nome...
		Nome do Produto: Pokémon-Blister Triplo Xy Gallade Copag 144
			Igorando Pelo Filtro de Nome...
		Nome do Produto: Pokémon-Deck Xy2 Flash de Fogo Trovão Reluzente Copag 145-40671A
			Igorando Pelo Filtro de Nome...
		Nome do Produto: Pokémon-Lata Xy3 Kalos Power Delphox Copag 210-40677A
			Igorando Pelo Filtro de Nome...
		Nome do Produto: Pokémon-Lata Xy3 Kalos Power Chesnaught Copag 210-40677
			Igorando Pelo Filtro de Nome...
		Nome do Produto: Pokemon
			Igorando Pelo Filtro de Nome...
		Nome do Produto: Catch Oshawott! a Pokémon Look & Listen Set
			Igorando Pelo Filtro de Nome...
		Nome do Produto: Pokémon Mini-sticker Book - White Edition
			Igorando Pelo Filtro de Nome...
		Nome do Produto: Pokemon Super Activity Book - do You Know Unova?
			Igorando Pelo Filtro de Nome...
		Nome do Produto: Let's Find Pokemon! Firered Leafgreen
			Igorando Pelo Filtro de Nome...
		Nome do Produto: L'attaque Des Pokemon Prehistoriques
			Igorando Pelo Filtro de Nome...
		Nome do Produto: Let's Find Pokemon! Crystal
			Igorando Pelo Filtro de Nome...
		Nome do Produto: Dungeon Twister Paladins & Dragons
			Igorando Pelo Filtro de Nome...
		Nome do Produto: Roxy Hunter e os Mistérios da Casa Mal-Assombrada - DVD
			Igorando Pelo Filtro de Nome...
	Tempo Para buscar: 716

File copied from C:\java\workspace Estudo\lookforprices\resources\imports\css.css to C:\java\workspace Estudo\lookforprices\reports\2015-05-26 09\css.css
File copied from C:\java\workspace Estudo\lookforprices\resources\imports\jquery.js to C:\java\workspace Estudo\lookforprices\reports\2015-05-26 09\jquery.js
File copied from C:\java\workspace Estudo\lookforprices\resources\imports\scripts.js to C:\java\workspace Estudo\lookforprices\reports\2015-05-26 09\scripts.js
Tempo total de execução: 25590
