Game: Resident Evil Revelations
Product Name: Resident Evil Revelations
Loja: Nintendo eShop
	URL Principal: http://www.nintendo.com/3ds/eshop
	URL Busca: http://www.nintendo.com/json/content/get/game/filter?&qterm=<BUSCA>
NintendoEShopSearch.search() http://www.nintendo.com/json/content/get/game/filter?&qterm=Resident+Evil+Revelations
		Documento Lido
		Resultados: 3
		Nome do Produto: Resident Evil Revelations
http://www.nintendo.com/games/detail/XkJsnA3RX3B7nlP_LdTvZQDRm0yeFMLo
		Acessando URL do produto.
URL = http://www.nintendo.com/games/detail/XkJsnA3RX3B7nlP_LdTvZQDRm0yeFMLo
		Nome do Produto: Resident Evil Revelations
http://www.nintendo.com/games/detail/sv0drfht5St0wc6G2GzSE3eBRj0CYzd-
		Acessando URL do produto.
URL = http://www.nintendo.com/games/detail/sv0drfht5St0wc6G2GzSE3eBRj0CYzd-
		Nome do Produto: Resident Evil: The Mercenaries 3D
			Igorando Pelo Filtro de Nome...
	Tempo Para buscar: 960
Loja: Americanas
	URL Principal: http://www.americanas.com.br/
	URL Busca: http://busca.americanas.com.br/busca.php?q=<BUSCA>
http://busca.americanas.com.br/busca.php?q=Resident+Evil+Revelations
		Documento Lido
		Resultados: 21
		Nome do Produto: Game Resident Evil: Revelations + Dead Island + Metal Gear Rising - PS3
http://busca.americanas.com.br/produto.php?link=http://www.americanas.com.br/produto/121662465/game-resident-evil-revelations-dead-island-metal-gear-rising-ps3&ranking=1&sessao=U8GFI9GWYG0K7&idbusca=8b458d4c1c6a1e0553d6ee68ac4fb4b50f7e3d6d&idproduto=121662465
		Acessando URL do produto.
		Nome do Produto: Game - Resident Evil Revelations 2 - Xbox360
http://busca.americanas.com.br/produto.php?link=http://www.americanas.com.br/produto/121800653/game-resident-evil-revelations-2-xbox360&ranking=2&sessao=U8GFI9GWYG0K7&idbusca=8b458d4c1c6a1e0553d6ee68ac4fb4b50f7e3d6d&idproduto=121800653
		Acessando URL do produto.
		Nome do Produto: Game - Resident Evil - Revelations - Xbox 360
http://busca.americanas.com.br/produto.php?link=http://www.americanas.com.br/produto/120297478/game-resident-evil-revelations-xbox-360&ranking=3&sessao=U8GFI9GWYG0K7&idbusca=8b458d4c1c6a1e0553d6ee68ac4fb4b50f7e3d6d&idproduto=120297478
		Acessando URL do produto.
		Nome do Produto: Game Resident Evil: Revelations - PS3
http://busca.americanas.com.br/produto.php?link=http://www.americanas.com.br/produto/113266497/game-resident-evil-revelations-ps3&ranking=4&sessao=U8GFI9GWYG0K7&idbusca=8b458d4c1c6a1e0553d6ee68ac4fb4b50f7e3d6d&idproduto=113266497
		Acessando URL do produto.
		Nome do Produto: Game - Resident Evil Revelations 2 - PS3
http://busca.americanas.com.br/produto.php?link=http://www.americanas.com.br/produto/121800611/game-resident-evil-revelations-2-ps3&ranking=5&sessao=U8GFI9GWYG0K7&idbusca=8b458d4c1c6a1e0553d6ee68ac4fb4b50f7e3d6d&idproduto=121800611
		Acessando URL do produto.
		Nome do Produto: Game - Resident Evil Revelations 2 - Xbox One
http://busca.americanas.com.br/produto.php?link=http://www.americanas.com.br/produto/121800670/game-resident-evil-revelations-2-xbox-one&ranking=6&sessao=U8GFI9GWYG0K7&idbusca=8b458d4c1c6a1e0553d6ee68ac4fb4b50f7e3d6d&idproduto=121800670
		Acessando URL do produto.
		Nome do Produto: Game - Resident Evil Revelations 2 - PS4
http://busca.americanas.com.br/produto.php?link=http://www.americanas.com.br/produto/121800637/game-resident-evil-revelations-2-ps4&ranking=7&sessao=U8GFI9GWYG0K7&idbusca=8b458d4c1c6a1e0553d6ee68ac4fb4b50f7e3d6d&idproduto=121800637
		Acessando URL do produto.
		Nome do Produto: Game - Resident Evil: Revelations - XBOX 360
http://busca.americanas.com.br/produto.php?link=http://www.americanas.com.br/produto/120743626/game-resident-evil-revelations-xbox-360&ranking=8&sessao=U8GFI9GWYG0K7&idbusca=8b458d4c1c6a1e0553d6ee68ac4fb4b50f7e3d6d&idproduto=120743626
		Acessando URL do produto.
		Nome do Produto: Game - Resident Evil: Revelations - PS3
http://busca.americanas.com.br/produto.php?link=http://www.americanas.com.br/produto/120743600/game-resident-evil-revelations-ps3&ranking=9&sessao=U8GFI9GWYG0K7&idbusca=8b458d4c1c6a1e0553d6ee68ac4fb4b50f7e3d6d&idproduto=120743600
		Acessando URL do produto.
		Nome do Produto: Game Resident Evil: Revelations + Metal Gear Rising + FIFA 13 - PS3
http://busca.americanas.com.br/produto.php?link=http://www.americanas.com.br/produto/121662473/game-resident-evil-revelations-metal-gear-rising-fifa-13-ps3&ranking=10&sessao=U8GFI9GWYG0K7&idbusca=8b458d4c1c6a1e0553d6ee68ac4fb4b50f7e3d6d&idproduto=121662473
		Acessando URL do produto.
		Nome do Produto: Resident Evil Revelations 2 - Xbox 360
http://busca.americanas.com.br/produto.php?link=http://www.americanas.com.br/produto/9184058/resident-evil-revelations-2-xbox-360&ranking=11&sessao=U8GFI9GWYG0K7&idbusca=8b458d4c1c6a1e0553d6ee68ac4fb4b50f7e3d6d&idproduto=9184058
		Acessando URL do produto.
		Nome do Produto: Resident Evil Revelations Wii U
http://busca.americanas.com.br/produto.php?link=http://www.americanas.com.br/produto/8462919/resident-evil-revelations-wii-u&ranking=12&sessao=U8GFI9GWYG0K7&idbusca=8b458d4c1c6a1e0553d6ee68ac4fb4b50f7e3d6d&idproduto=8462919
		Acessando URL do produto.
		Nome do Produto: Game Resident Evil: Revelations - PS3
http://busca.americanas.com.br/produto.php?link=http://www.americanas.com.br/produto/7938490/game-resident-evil-revelations-ps3&ranking=13&sessao=U8GFI9GWYG0K7&idbusca=8b458d4c1c6a1e0553d6ee68ac4fb4b50f7e3d6d&idproduto=7938490
		Acessando URL do produto.
		Nome do Produto: Game Resident Evil Revelations 2 + Devil May Cry: Definitive Edition - PS4
http://busca.americanas.com.br/produto.php?link=http://www.americanas.com.br/produto/122404978/game-resident-evil-revelations-2-devil-may-cry-definitive-edition-ps4&ranking=14&sessao=U8GFI9GWYG0K7&idbusca=8b458d4c1c6a1e0553d6ee68ac4fb4b50f7e3d6d&idproduto=122404978
		Acessando URL do produto.
		Nome do Produto: Game Resident Evil Revelations 2 + The Last of Us - PS3
http://busca.americanas.com.br/produto.php?link=http://www.americanas.com.br/produto/122450270/game-resident-evil-revelations-2-the-last-of-us-ps3&ranking=15&sessao=U8GFI9GWYG0K7&idbusca=8b458d4c1c6a1e0553d6ee68ac4fb4b50f7e3d6d&idproduto=122450270
		Acessando URL do produto.
		Nome do Produto: Game Dying Light + Resident Evil Revelations 2 - PS4
http://busca.americanas.com.br/produto.php?link=http://www.americanas.com.br/produto/122404986/game-dying-light-resident-evil-revelations-2-ps4&ranking=16&sessao=U8GFI9GWYG0K7&idbusca=8b458d4c1c6a1e0553d6ee68ac4fb4b50f7e3d6d&idproduto=122404986
		Acessando URL do produto.
		Nome do Produto: Game Resident Evil Revelations 2 + The Evil Within - PS4
http://busca.americanas.com.br/produto.php?link=http://www.americanas.com.br/produto/122405049/game-resident-evil-revelations-2-the-evil-within-ps4&ranking=17&sessao=U8GFI9GWYG0K7&idbusca=8b458d4c1c6a1e0553d6ee68ac4fb4b50f7e3d6d&idproduto=122405049
		Acessando URL do produto.
		Nome do Produto: Game Resident Evil: Revelations -XBOX 360
http://busca.americanas.com.br/produto.php?link=http://www.americanas.com.br/produto/7938491/game-resident-evil-revelations-xbox-360&ranking=18&sessao=U8GFI9GWYG0K7&idbusca=8b458d4c1c6a1e0553d6ee68ac4fb4b50f7e3d6d&idproduto=7938491
		Acessando URL do produto.
		Nome do Produto: Game Dying Light + Resident Evil Revelations 2 - XBOX ONE
http://busca.americanas.com.br/produto.php?link=http://www.americanas.com.br/produto/122449877/game-dying-light-resident-evil-revelations-2-xbox-one&ranking=19&sessao=U8GFI9GWYG0K7&idbusca=8b458d4c1c6a1e0553d6ee68ac4fb4b50f7e3d6d&idproduto=122449877
		Acessando URL do produto.
		Nome do Produto: Game Resident Evil Revelations - 3DS
http://busca.americanas.com.br/produto.php?link=http://www.americanas.com.br/produto/110839190/game-resident-evil-revelations-3ds&ranking=20&sessao=U8GFI9GWYG0K7&idbusca=8b458d4c1c6a1e0553d6ee68ac4fb4b50f7e3d6d&idproduto=110839190
		Acessando URL do produto.
		Nome do Produto: Game Resident Evil: Revelations - Xbox 360
http://busca.americanas.com.br/produto.php?link=http://www.americanas.com.br/produto/113266518/game-resident-evil-revelations-xbox-360&ranking=21&sessao=U8GFI9GWYG0K7&idbusca=8b458d4c1c6a1e0553d6ee68ac4fb4b50f7e3d6d&idproduto=113266518
		Acessando URL do produto.
	Tempo Para buscar: 10835
Loja: Big Boy Games
	URL Principal: http://www.bigboygames.com.br/
	URL Busca: http://www.bigboygames.com.br/pesquisa/?p=<BUSCA>
http://www.bigboygames.com.br/pesquisa/?p=Resident+Evil+Revelations
		Documento Lido
		Resultados: 8
		Nome do Produto: PS4 - Resident Evil Revelations 2
http://www.bigboygames.com.br/ps4-resident-evil-revelations-2-p6934/
		Acessando URL do produto.
		Nome do Produto: Xbox 360 - Resident Evil Revelations 2
http://www.bigboygames.com.br/xbox-360-resident-evil-revelations-2-p6937/
		Acessando URL do produto.
		Nome do Produto: Xbox One - Resident Evil Revelations 2
http://www.bigboygames.com.br/xbox-one-resident-evil-revelations-2-p6935/
		Acessando URL do produto.
		Nome do Produto: Resident Evil Revelations - WiiU
http://www.bigboygames.com.br/resident-evil-revelations-wiiu-p5209/
		Acessando URL do produto.
		Nome do Produto: PS3 - Resident Evil Revelations
http://www.bigboygames.com.br/ps3-resident-evil-revelations-p4964/
		Acessando URL do produto.
		Nome do Produto: PS3 - Resident Evil Revelations 2
http://www.bigboygames.com.br/ps3-resident-evil-revelations-2-p6936/
		Acessando URL do produto.
		Nome do Produto: 3DS - Resident Evil Revelations
http://www.bigboygames.com.br/3ds-resident-evil-revelations-p3663/
		Acessando URL do produto.
		Nome do Produto: Xbox 360 - Resident Evil Revelations
http://www.bigboygames.com.br/xbox-360-resident-evil-revelations-p4965/
		Acessando URL do produto.
	Tempo Para buscar: 7237
Loja: Casas Bahia
	URL Principal: http://www.casasbahia.com.br/
	URL Busca: http://buscas.casasbahia.com.br/search?w=<BUSCA>
http://buscas.casasbahia.com.br/search?w=Resident+Evil+Revelations
		Documento Lido
		Resultados: 1
		Nome do Produto: Jogo Resident Evil: Revelations 2 Xbox One + Xbox Live Gold - 3 Meses
http://buscas.casasbahia.com.br/search?p=R&srid=S6-USWSD01&lbc=casasbahia&w=Resident%20Evil%20Revelations&url=http%3a%2f%2fproduto.casasbahia.com.br%2f1000053591%3f&rk=1&uid=448907083&sid=2&ts=custom&rsc=Ij6SHMjwJn5zFOXQ&method=and&isort=score&view=grid
		Acessando URL do produto.
		Nome do Produto: Jogo Resident Evil: Revelations 2 - Xbox 360
http://buscas.casasbahia.com.br/search?p=R&srid=S6-USWSD01&lbc=casasbahia&w=Resident%20Evil%20Revelations&url=http%3a%2f%2fproduto.casasbahia.com.br%2f4286986%3f&rk=2&uid=448907083&sid=2&ts=custom&rsc=QDUwiqadbyEUKi06&method=and&isort=score&view=grid
		Acessando URL do produto.
		Nome do Produto: Jogo Resident Evil: Revelations 2 - PS3
http://buscas.casasbahia.com.br/search?p=R&srid=S6-USWSD01&lbc=casasbahia&w=Resident%20Evil%20Revelations&url=http%3a%2f%2fproduto.casasbahia.com.br%2f4286984%3f&rk=3&uid=448907083&sid=2&ts=custom&rsc=gsNc73j6JHh6CMKe&method=and&isort=score&view=grid
		Acessando URL do produto.
		Nome do Produto: Resident Evil Revelations Xbox 360
http://buscas.casasbahia.com.br/search?p=R&srid=S6-USWSD01&lbc=casasbahia&w=Resident%20Evil%20Revelations&url=http%3a%2f%2fproduto.casasbahia.com.br%2f3113640%3f&rk=4&uid=448907083&sid=2&ts=custom&rsc=Q8kOzFKsA18rlrki&method=and&isort=score&view=grid
		Acessando URL do produto.
		Nome do Produto: Jogo Resident Evil: Revelations 2 - PS4
http://buscas.casasbahia.com.br/search?p=R&srid=S6-USWSD01&lbc=casasbahia&w=Resident%20Evil%20Revelations&url=http%3a%2f%2fproduto.casasbahia.com.br%2f4286985%3f&rk=5&uid=448907083&sid=2&ts=custom&rsc=2d-4zOcHF-wW5pLl&method=and&isort=score&view=grid
		Acessando URL do produto.
		Nome do Produto: Game Resident Evil Revelations - 3DS
http://buscas.casasbahia.com.br/search?p=R&srid=S6-USWSD01&lbc=casasbahia&w=Resident%20Evil%20Revelations&url=http%3a%2f%2fproduto.casasbahia.com.br%2f2939433%3f&rk=6&uid=448907083&sid=2&ts=custom&rsc=l4D%3aigI3Ucz6q76A&method=and&isort=score&view=grid
		Acessando URL do produto.
		Nome do Produto: Game Resident Evil: Revelations para Download - PC
http://buscas.casasbahia.com.br/search?p=R&srid=S6-USWSD01&lbc=casasbahia&w=Resident%20Evil%20Revelations&url=http%3a%2f%2fproduto.casasbahia.com.br%2f2067404%3f&rk=7&uid=448907083&sid=2&ts=custom&rsc=KM24sIIaRhCRVAs3&method=and&isort=score&view=grid
		Acessando URL do produto.
		Nome do Produto: Jogo Resident Evil: Revelations 2 Xbox 360 + Xbox Live Gold - 3 Meses
http://buscas.casasbahia.com.br/search?p=R&srid=S6-USWSD01&lbc=casasbahia&w=Resident%20Evil%20Revelations&url=http%3a%2f%2fproduto.casasbahia.com.br%2f1000053592%3f&rk=8&uid=448907083&sid=2&ts=custom&rsc=JY5hubgPsYLg3NRO&method=and&isort=score&view=grid
		Acessando URL do produto.
		Nome do Produto: Jogo Resident Evil: Revelations 2 - Xbox One
http://buscas.casasbahia.com.br/search?p=R&srid=S6-USWSD01&lbc=casasbahia&w=Resident%20Evil%20Revelations&url=http%3a%2f%2fproduto.casasbahia.com.br%2f4286987%3f&rk=9&uid=448907083&sid=2&ts=custom&rsc=mwlmKH4ULR8olCT4&method=and&isort=score&view=grid
		Acessando URL do produto.
		Nome do Produto: Game Resident Evil Revelations 2: Full Bundle para Download - PC
http://buscas.casasbahia.com.br/search?p=R&srid=S6-USWSD01&lbc=casasbahia&w=Resident%20Evil%20Revelations&url=http%3a%2f%2fproduto.casasbahia.com.br%2f4688042%3f&rk=10&uid=448907083&sid=2&ts=custom&rsc=jTWut894ENNinHL0&method=and&isort=score&view=grid
		Acessando URL do produto.
		Nome do Produto: Jogo Resident Evil: Revelations - PS3
http://buscas.casasbahia.com.br/search?p=R&srid=S6-USWSD01&lbc=casasbahia&w=Resident%20Evil%20Revelations&url=http%3a%2f%2fproduto.casasbahia.com.br%2f2067452%3f&rk=11&uid=448907083&sid=2&ts=custom&rsc=r1m43seEU0glmu2e&method=and&isort=score&view=grid
		Acessando URL do produto.
		Nome do Produto: Resident Evil Revelations Wii U
http://buscas.casasbahia.com.br/search?p=R&srid=S6-USWSD01&lbc=casasbahia&w=Resident%20Evil%20Revelations&url=http%3a%2f%2fproduto.casasbahia.com.br%2f3114915%3f&rk=12&uid=448907083&sid=2&ts=custom&rsc=f8pBhRpOgymQLVsb&method=and&isort=score&view=grid
		Acessando URL do produto.
		Nome do Produto: Resident Evil: Revelations - PS3
http://buscas.casasbahia.com.br/search?p=R&srid=S6-USWSD01&lbc=casasbahia&w=Resident%20Evil%20Revelations&url=http%3a%2f%2fproduto.casasbahia.com.br%2f4864114%3f&rk=13&uid=448907083&sid=2&ts=custom&rsc=X0kjICuU-E2dhAXp&method=and&isort=score&view=grid
		Acessando URL do produto.
		Nome do Produto: Jogo PS3 Resident EVIL Revelations 2
http://buscas.casasbahia.com.br/search?p=R&srid=S6-USWSD01&lbc=casasbahia&w=Resident%20Evil%20Revelations&url=http%3a%2f%2fproduto.casasbahia.com.br%2f4839793%3f&rk=14&uid=448907083&sid=2&ts=custom&rsc=s9g-mWivXT-hvHDR&method=and&isort=score&view=grid
		Acessando URL do produto.
		Nome do Produto: Jogo PS4 Resident EVIL Revelations 2
http://buscas.casasbahia.com.br/search?p=R&srid=S6-USWSD01&lbc=casasbahia&w=Resident%20Evil%20Revelations&url=http%3a%2f%2fproduto.casasbahia.com.br%2f4839794%3f&rk=15&uid=448907083&sid=2&ts=custom&rsc=PDTYj7VSXUQI4wnS&method=and&isort=score&view=grid
		Acessando URL do produto.
		Nome do Produto: Jogo Resident Evil: Revelations 2 - PS4
http://buscas.casasbahia.com.br/search?p=R&srid=S6-USWSD01&lbc=casasbahia&w=Resident%20Evil%20Revelations&url=http%3a%2f%2fproduto.casasbahia.com.br%2f4876870%3f&rk=16&uid=448907083&sid=2&ts=custom&rsc=FbMXdgixsTdnMdi9&method=and&isort=score&view=grid
		Acessando URL do produto.
		Nome do Produto: Resident Evil: Revelations 2 - Xbox 360
http://buscas.casasbahia.com.br/search?p=R&srid=S6-USWSD01&lbc=casasbahia&w=Resident%20Evil%20Revelations&url=http%3a%2f%2fproduto.casasbahia.com.br%2f4864097%3f&rk=17&uid=448907083&sid=2&ts=custom&rsc=b96NJdB-rAcuYf50&method=and&isort=score&view=grid
		Acessando URL do produto.
		Nome do Produto: Resident Evil: Revelations 2 - PS3
http://buscas.casasbahia.com.br/search?p=R&srid=S6-USWSD01&lbc=casasbahia&w=Resident%20Evil%20Revelations&url=http%3a%2f%2fproduto.casasbahia.com.br%2f4863848%3f&rk=18&uid=448907083&sid=2&ts=custom&rsc=CvN3w375rj2lejiw&method=and&isort=score&view=grid
		Acessando URL do produto.
		Nome do Produto: Game Resident Evil Revelations 2 EP 1: Penal Colony para Download - PC
http://buscas.casasbahia.com.br/search?p=R&srid=S6-USWSD01&lbc=casasbahia&w=Resident%20Evil%20Revelations&url=http%3a%2f%2fproduto.casasbahia.com.br%2f4688043%3f&rk=19&uid=448907083&sid=2&ts=custom&rsc=uMYWsfvj6lPhnaNH&method=and&isort=score&view=grid
		Acessando URL do produto.
		Nome do Produto: Game Resident Evil Revelations 2: Complete Season para Download - PC
http://buscas.casasbahia.com.br/search?p=R&srid=S6-USWSD01&lbc=casasbahia&w=Resident%20Evil%20Revelations&url=http%3a%2f%2fproduto.casasbahia.com.br%2f4688041%3f&rk=20&uid=448907083&sid=2&ts=custom&rsc=AIQDWM7D0D%3apR3k3&method=and&isort=score&view=grid
		Acessando URL do produto.
	Tempo Para buscar: 19432
Loja: Extra
	URL Principal: http://www.extra.com.br/
	URL Busca: http://buscando.extra.com.br/search?w=<BUSCA>
http://buscando.extra.com.br/search?w=Resident+Evil+Revelations
		Documento Lido
		Resultados: 12
		Nome do Produto: Jogo Resident Evil: Revelations 2 - Xbox One
http://buscando.extra.com.br/search?p=R&srid=S1-USCDR02&lbc=extra&w=Resident%20Evil%20Revelations&url=http%3a%2f%2fproduto.extra.com.br%2f4286987%3f&rk=1&uid=449096556&sid=2&ts=custom&rsc=HqQdOfC9dgxBSPyp&method=and&isort=score&view=grid
		Acessando URL do produto.
		Nome do Produto: Jogo PS4 Resident EVIL Revelations 2
http://buscando.extra.com.br/search?p=R&srid=S1-USCDR02&lbc=extra&w=Resident%20Evil%20Revelations&url=http%3a%2f%2fproduto.extra.com.br%2f4839794%3f&rk=2&uid=449096556&sid=2&ts=custom&rsc=wdUkPtC7295eI0Kj&method=and&isort=score&view=grid
		Acessando URL do produto.
		Nome do Produto: Jogo Resident Evil: Revelations - PS3
http://buscando.extra.com.br/search?p=R&srid=S1-USCDR02&lbc=extra&w=Resident%20Evil%20Revelations&url=http%3a%2f%2fproduto.extra.com.br%2f2067452%3f&rk=3&uid=449096556&sid=2&ts=custom&rsc=GUEoT5wwH0rkp4dc&method=and&isort=score&view=grid
		Acessando URL do produto.
		Nome do Produto: Jogo Resident Evil: Revelations 2 - PS4
http://buscando.extra.com.br/search?p=R&srid=S1-USCDR02&lbc=extra&w=Resident%20Evil%20Revelations&url=http%3a%2f%2fproduto.extra.com.br%2f4286985%3f&rk=4&uid=449096556&sid=2&ts=custom&rsc=b4dJVf6nudV8-5LN&method=and&isort=score&view=grid
		Acessando URL do produto.
		Nome do Produto: Game Resident Evil Revelations 2: Full Bundle para Download - PC
http://buscando.extra.com.br/search?p=R&srid=S1-USCDR02&lbc=extra&w=Resident%20Evil%20Revelations&url=http%3a%2f%2fproduto.extra.com.br%2f4688042%3f&rk=5&uid=449096556&sid=2&ts=custom&rsc=wwrIet1yHKIsbU8Q&method=and&isort=score&view=grid
		Acessando URL do produto.
		Nome do Produto: Jogo Resident Evil: Revelations 2 - Xbox 360
http://buscando.extra.com.br/search?p=R&srid=S1-USCDR02&lbc=extra&w=Resident%20Evil%20Revelations&url=http%3a%2f%2fproduto.extra.com.br%2f4286986%3f&rk=6&uid=449096556&sid=2&ts=custom&rsc=Yl3kTlhswx8EAucy&method=and&isort=score&view=grid
		Acessando URL do produto.
		Nome do Produto: Jogo Resident Evil: Revelations 2 - PS3
http://buscando.extra.com.br/search?p=R&srid=S1-USCDR02&lbc=extra&w=Resident%20Evil%20Revelations&url=http%3a%2f%2fproduto.extra.com.br%2f4286984%3f&rk=7&uid=449096556&sid=2&ts=custom&rsc=cGBPW0fDPMZ1WH-K&method=and&isort=score&view=grid
		Acessando URL do produto.
		Nome do Produto: Resident Evil Revelations Xbox 360
http://buscando.extra.com.br/search?p=R&srid=S1-USCDR02&lbc=extra&w=Resident%20Evil%20Revelations&url=http%3a%2f%2fproduto.extra.com.br%2f3113640%3f&rk=8&uid=449096556&sid=2&ts=custom&rsc=mi8KUckmROKcEs-K&method=and&isort=score&view=grid
		Acessando URL do produto.
		Nome do Produto: Resident Evil Revelations Wii U
http://buscando.extra.com.br/search?p=R&srid=S1-USCDR02&lbc=extra&w=Resident%20Evil%20Revelations&url=http%3a%2f%2fproduto.extra.com.br%2f3114915%3f&rk=9&uid=449096556&sid=2&ts=custom&rsc=CJgvwhMAo8lZsDAI&method=and&isort=score&view=grid
		Acessando URL do produto.
		Nome do Produto: Game Resident Evil: Revelations para Download - PC
http://buscando.extra.com.br/search?p=R&srid=S1-USCDR02&lbc=extra&w=Resident%20Evil%20Revelations&url=http%3a%2f%2fproduto.extra.com.br%2f2067404%3f&rk=10&uid=449096556&sid=2&ts=custom&rsc=glsJx9bK-MecxOVR&method=and&isort=score&view=grid
		Acessando URL do produto.
		Nome do Produto: Resident Evil: Revelations - PS3
http://buscando.extra.com.br/search?p=R&srid=S1-USCDR02&lbc=extra&w=Resident%20Evil%20Revelations&url=http%3a%2f%2fproduto.extra.com.br%2f4864114%3f&rk=11&uid=449096556&sid=2&ts=custom&rsc=cl4oIYyqsKNO0Mye&method=and&isort=score&view=grid
		Acessando URL do produto.
		Nome do Produto: Jogo PS3 Resident EVIL Revelations 2
http://buscando.extra.com.br/search?p=R&srid=S1-USCDR02&lbc=extra&w=Resident%20Evil%20Revelations&url=http%3a%2f%2fproduto.extra.com.br%2f4839793%3f&rk=12&uid=449096556&sid=2&ts=custom&rsc=lpQJdTAT5eUY6hWb&method=and&isort=score&view=grid
		Acessando URL do produto.
	Tempo Para buscar: 13519
Loja: E-Virtua
	URL Principal: http://www.evirtua.com.br/
	URL Busca: http://www.evirtua.com.br/Busca?search_department_id=0&SearchTerm=<BUSCA>
http://www.evirtua.com.br/Busca?search_department_id=0&SearchTerm=Resident+Evil+Revelations
		Documento Lido
		Resultados: 9
		Nome do Produto: Resident Evil Revelations - PC
http://www.evirtua.com.br//resident-evil-revelations-pc/3211-01
		Acessando URL do produto.
		Nome do Produto: Resident Evil Revelations -Wii U
http://www.evirtua.com.br//resident-evil-revelationswii-u/3172-01
		Acessando URL do produto.
		Nome do Produto: Resident Evil: Revelations - 3DS
http://www.evirtua.com.br//resident-evil-revelations-3ds/2960-01
		Acessando URL do produto.
		Nome do Produto: Resident Evil: Revelations - PS3
http://www.evirtua.com.br//resident-evil-revelations-ps3/3164-01
		Acessando URL do produto.
		Nome do Produto: Resident Evil: Revelations - Xbox 360
http://www.evirtua.com.br//resident-evil-revelations-xbox-360/3165-01
		Acessando URL do produto.
		Nome do Produto: Resident Evil: Revelations 2 - PS3 - Legendado em Português
http://www.evirtua.com.br//resident-evil-revelations-2-ps3-legendado-em-portugues/3702-01
		Acessando URL do produto.
		Nome do Produto: Resident Evil: Revelations 2 - PS4 - Legendado em português
http://www.evirtua.com.br//resident-evil-revelations-2-ps4-legendado-em-portugues/3700-01
		Acessando URL do produto.
		Nome do Produto: Resident Evil: Revelations 2 - XBOX 360 - Legendado em Português
http://www.evirtua.com.br//resident-evil-revelations-2-xbox-360-legendado-em-portugues/3703-01
		Acessando URL do produto.
		Nome do Produto: Resident Evil: Revelations 2 - XBOX ONE - Legendado em português
http://www.evirtua.com.br//resident-evil-revelations-2-xbox-one-legendado-em-portugues/3701-01
		Acessando URL do produto.
	Tempo Para buscar: 1484
Loja: Fast Games
	URL Principal: http://www.fastgames.com.br/
	URL Busca: http://www.fastgames.com.br/loja/busca.php?loja=187970&palavra_busca=<BUSCA>
http://www.fastgames.com.br/loja/busca.php?loja=187970&palavra_busca=Resident+Evil+Revelations
		Documento Lido
		Resultados: 9
		Nome do Produto: Circle Pad Pro - 3DS
			Igorando Pelo Filtro de Nome...
		Nome do Produto: Nintendo New 3DS XL Black (Preto)
			Igorando Pelo Filtro de Nome...
		Nome do Produto: Resident Evil: Revelations - PS3
http://www.fastgames.com.br//resident-evil-revelations-ps3-pr-5851-187970.htm
		Acessando URL do produto.
		Nome do Produto: Resident Evil: Revelations - Wii U
http://www.fastgames.com.br//resident-evil-revelations-wii-u-pr-6513-187970.htm
		Acessando URL do produto.
		Nome do Produto: Resident Evil: Revelations - XBOX 360
http://www.fastgames.com.br//resident-evil-revelations-xbox-360-pr-5853-187970.htm
		Acessando URL do produto.
		Nome do Produto: Resident Evil: Revelations 2 - PS3
http://www.fastgames.com.br//resident-evil-revelations-2-ps3-pr-9310-187970.htm
		Acessando URL do produto.
		Nome do Produto: Resident Evil: Revelations 2 - PS4
http://www.fastgames.com.br//resident-evil-revelations-2-ps4-pr-9306-187970.htm
		Acessando URL do produto.
		Nome do Produto: Resident Evil: Revelations 2 - XBOX 360
http://www.fastgames.com.br//resident-evil-revelations-2-xbox-360-pr-9312-187970.htm
		Acessando URL do produto.
		Nome do Produto: Resident Evil: Revelations 2 - XBOX One
http://www.fastgames.com.br//resident-evil-revelations-2-xbox-one-pr-9308-187970.htm
		Acessando URL do produto.
	Tempo Para buscar: 12671
Loja: Fast Shop
	URL Principal: http://www.fastshop.com.br/loja/
	URL Busca: http://www.fastshop.com.br/webapp/wcs/stores/servlet/SearchDisplay?searchTerm=<BUSCA>&categoryId=&storeId=10151&catalogId=11052&langId=-6&pageSize=9&beginIndex=0&sType=SimpleSearch&resultCatEntryType=2&showResultsPage=true&searchSource=Q&pageView=&hotsite=fastshop
http://www.fastshop.com.br/webapp/wcs/stores/servlet/SearchDisplay?searchTerm=Resident+Evil+Revelations&categoryId=&storeId=10151&catalogId=11052&langId=-6&pageSize=9&beginIndex=0&sType=SimpleSearch&resultCatEntryType=2&showResultsPage=true&searchSource=Q&pageView=&hotsite=fastshop
		Documento Lido
		Resultados: 0
	Tempo Para buscar: 451
Loja: FNAC
	URL Principal: http://www.fnac.com.br/index.html
	URL Busca: http://busca.fnac.com.br/?busca=<BUSCA>
http://busca.fnac.com.br/?busca=Resident+Evil+Revelations
		Documento Lido
		Resultados: 16
		Nome do Produto: Ps3 Resident Evil: Revelations
http://busca.FNAC.com.br/Busca/Redir?url=http%3a%2f%2fwww.FNAC.com.br%2fmktredir.aspx%3fprt%3d_fbits_search%26url%3dhttp%3a%2f%2fwww.FNAC.com.br%2fps3-resident-evil-revelations%2fp%2f636399&esid=636399
		Acessando URL do produto.
		Nome do Produto: Ps4 Resident Evil Revelations 2
http://busca.FNAC.com.br/Busca/Redir?url=http%3a%2f%2fwww.FNAC.com.br%2fmktredir.aspx%3fprt%3d_fbits_search%26url%3dhttp%3a%2f%2fwww.FNAC.com.br%2fps4-resident-evil-revelations-2%2fp%2f678284&esid=678284
		Acessando URL do produto.
		Nome do Produto: Xbox One Resident Evil Revelations 2
http://busca.FNAC.com.br/Busca/Redir?url=http%3a%2f%2fwww.FNAC.com.br%2fmktredir.aspx%3fprt%3d_fbits_search%26url%3dhttp%3a%2f%2fwww.FNAC.com.br%2fxbox-one-resident-evil-revelations-2%2fp%2f678287&esid=678287
		Acessando URL do produto.
		Nome do Produto: Ps3 Resident Evil Revelations 2
http://busca.FNAC.com.br/Busca/Redir?url=http%3a%2f%2fwww.FNAC.com.br%2fmktredir.aspx%3fprt%3d_fbits_search%26url%3dhttp%3a%2f%2fwww.FNAC.com.br%2fps3-resident-evil-revelations-2%2fp%2f678281&esid=678281
		Acessando URL do produto.
		Nome do Produto: Xbox 360 Resident Evil Revelations 2
http://busca.FNAC.com.br/Busca/Redir?url=http%3a%2f%2fwww.FNAC.com.br%2fmktredir.aspx%3fprt%3d_fbits_search%26url%3dhttp%3a%2f%2fwww.FNAC.com.br%2fxbox-360-resident-evil-revelations-2%2fp%2f678285&esid=678285
		Acessando URL do produto.
		Nome do Produto: Xbox 360 Resident Evil: Revelations
http://busca.FNAC.com.br/Busca/Redir?url=http%3a%2f%2fwww.FNAC.com.br%2fmktredir.aspx%3fprt%3d_fbits_search%26url%3dhttp%3a%2f%2fwww.FNAC.com.br%2fxbox-360-resident-evil-revelations%2fp%2f636401&esid=636401
		Acessando URL do produto.
	Tempo Para buscar: 6483
Loja: Kabum
	URL Principal: http://www.kabum.com.br/
	URL Busca: http://www.kabum.com.br/cgi-local/site/listagem/listagem.cgi?string=<BUSCA>&btnG=
http://www.kabum.com.br/cgi-local/site/listagem/listagem.cgi?string=Resident+Evil+Revelations&btnG=
		Documento Lido
		Resultados: 5
		Nome do Produto: Game Resident Evil: Revelations 2 PS4
http://www.kabum.com.br/produto/62072/game-resident-evil-revelations-2-ps4-/?tag=Resident Evil Revelations
		Acessando URL do produto.
		Nome do Produto: Game Resident Evil: Revelations 2 PS3
http://www.kabum.com.br/produto/62073/game-resident-evil-revelations-2-ps3/?tag=Resident Evil Revelations
		Acessando URL do produto.
		Nome do Produto: Game Resident Evil: Revelations 2 Xbox 360
http://www.kabum.com.br/produto/62075/game-resident-evil-revelations-2-xbox-360/?tag=Resident Evil Revelations
		Acessando URL do produto.
		Nome do Produto: Game Resident Evil Revelations Xbox 360
http://www.kabum.com.br/produto/41635/game-resident-evil-revelations-xbox-360/?tag=Resident Evil Revelations
		Acessando URL do produto.
		Nome do Produto: Game Resident Evil Revelations PS3
http://www.kabum.com.br/produto/41636/game-resident-evil-revelations-ps3/?tag=Resident Evil Revelations
		Acessando URL do produto.
	Tempo Para buscar: 8647
Loja: Livraria Cultura
	URL Principal: http://www.livrariacultura.com.br/
	URL Busca: http://www.livrariacultura.com.br/busca?N=0&Ntt=<BUSCA>
http://www.livrariacultura.com.br/busca?N=0&Ntt=Resident+Evil+Revelations
		Documento Lido
		Resultados: 18
		Nome do Produto: RESIDENT EVIL REVELATIONS 2 (PS4)
http://www.livrariacultura.com.br/p/resident-evil-revelations-2-ps4-42863541
		Acessando URL do produto.
		Nome do Produto: RESIDENT EVIL REVELATIONS 2 (PS3)
http://www.livrariacultura.com.br/p/resident-evil-revelations-2-ps3-42863538
		Acessando URL do produto.
		Nome do Produto: RESIDENT EVIL REVELATIONS 2 (XONE)
http://www.livrariacultura.com.br/p/resident-evil-revelations-2-xone-42863550
		Acessando URL do produto.
		Nome do Produto: RESIDENT EVIL REVELATIONS
http://www.livrariacultura.com.br/p/resident-evil-revelations-42812180
		Acessando URL do produto.
		Nome do Produto: CIRCLE PAD PRO - NINTENDO 3DS
			Igorando Pelo Filtro de Nome...
		Nome do Produto: RESIDENT EVIL REVELATIONS: ULTIMATE GUIDE
http://www.livrariacultura.com.br/p/resident-evil-revelations-ultimate-guide-82117663
		Acessando URL do produto.
		Nome do Produto: RESIDENT EVIL 6 68 SUCCESS SECRETS - 68 MOST
			Igorando Pelo Filtro de Nome...
		Nome do Produto: RESIDENT EVIL 283 SUCCESS SECRETS - 283 MOST
			Igorando Pelo Filtro de Nome...
		Nome do Produto: REVELATIONS
			Igorando Pelo Filtro de Nome...
		Nome do Produto: RESIDENT DEPUTY SHERIFF
			Igorando Pelo Filtro de Nome...
		Nome do Produto: GAME FREAKS 365'S NINTENDO 3DS GUIDE
			Igorando Pelo Filtro de Nome...
		Nome do Produto: BLACKWOOD'S EDINBURGH MAGAZINE, VOL. 67, NO.
			Igorando Pelo Filtro de Nome...
		Nome do Produto: RESIDENT EVIL - REVELATIONS (PS3)
http://www.livrariacultura.com.br/p/resident-evil-revelations-ps3-42110625
		Acessando URL do produto.
		Nome do Produto: RESIDENT EVIL - REVELATIONS (X360)
http://www.livrariacultura.com.br/p/resident-evil-revelations-x360-42110630
		Acessando URL do produto.
		Nome do Produto: RESIDENT EVIL REVELATIONS 2 (X360)
http://www.livrariacultura.com.br/p/resident-evil-revelations-2-x360-42863548
		Acessando URL do produto.
		Nome do Produto: RESIDENT EVIL - REVELATIONS (3DS)
http://www.livrariacultura.com.br/p/resident-evil-revelations-3ds-29480524
		Acessando URL do produto.
		Nome do Produto: GAME FREAKS 365'S NINTENDO 3DS GUIDE
			Igorando Pelo Filtro de Nome...
		Nome do Produto: THIRTY FOUR MINUTES DEAD
			Igorando Pelo Filtro de Nome...
	Tempo Para buscar: 4203
Loja: Magazine Luiza
	URL Principal: http://www.magazineluiza.com.br/
	URL Busca: http://www.magazineluiza.com.br/busca/<BUSCA>/
http://www.magazineluiza.com.br/busca/Resident+Evil+Revelations/
		Documento Lido
		Resultados: 7
		Nome do Produto: Resident Evil Revelations 2 para Xbox 360 - Capcom
http://www.magazineluiza.com.br//resident-evil-revelations-2-para-xbox-360-capcom/p/2124699/ga/gajx/?_b=Resident+Evil+Revelations
		Acessando URL do produto.
		Nome do Produto: Resident Evil Revelations para Xbox 360 - Capcom
http://www.magazineluiza.com.br//resident-evil-revelations-para-xbox-360-capcom/p/0884195/ga/gajx/?_b=Resident+Evil+Revelations
		Acessando URL do produto.
		Nome do Produto: Resident Evil Revelations 2 para Xbox One - Capcom
http://www.magazineluiza.com.br//resident-evil-revelations-2-para-xbox-one-capcom/p/2124700/ga/gjxo/?_b=Resident+Evil+Revelations
		Acessando URL do produto.
		Nome do Produto: Resident Evil Revelations 2 para PS4 - Capcom
http://www.magazineluiza.com.br//resident-evil-revelations-2-para-ps4-capcom/p/2124698/ga/gjps/?_b=Resident+Evil+Revelations
		Acessando URL do produto.
		Nome do Produto: Resident Evil Revelations 2 para PS3 - Capcom
http://www.magazineluiza.com.br//resident-evil-revelations-2-para-ps3-capcom/p/2124697/ga/gajp/?_b=Resident+Evil+Revelations
		Acessando URL do produto.
		Nome do Produto: Resident Evil Revelations para PS3 - Capcom
http://www.magazineluiza.com.br//resident-evil-revelations-para-ps3-capcom/p/0884194/ga/gajp/?_b=Resident+Evil+Revelations
		Acessando URL do produto.
		Nome do Produto: Resident Evil Revelations para Xbox 360 - Capcom
http://www.magazineluiza.com.br//resident-evil-revelations-para-xbox-360-capcom/p/2123530/ga/gajx/?_b=Resident+Evil+Revelations
		Acessando URL do produto.
	Tempo Para buscar: 5935
Loja: Mula Games
	URL Principal: http://www.mulagames.com.br/
	URL Busca: http://www.mulagames.com.br/produtos-index/catalogo_produtos/-/-/<BUSCA>/-/-/-/-/-/
http://www.mulagames.com.br/produtos-index/catalogo_produtos/-/-/Resident%20Evil%20Revelations/-/-/-/-/-/
		Documento Lido
		Resultados: 8
		Nome do Produto: Resident Evil: Revelations (em Portugues) - XBox 360
http://www.mulagames.com.br/Resident-Evil--Revelations--em-Portugues--XBox-360/prod-1396106/
		Acessando URL do produto.
http://www.mulagames.com.br/produto-ajax_retorna_dados_preco_comprar/1396106
		Acessando URL do preço produto.
		Nome do Produto: Resident Evil: Revelations - 3DS
http://www.mulagames.com.br/Resident-Evil--Revelations-3DS/prod-457773/
		Acessando URL do produto.
http://www.mulagames.com.br/produto-ajax_retorna_dados_preco_comprar/457773
		Acessando URL do preço produto.
		Nome do Produto: Resident Evil: Revelations (em Portugues) - PS3
http://www.mulagames.com.br/Resident-Evil--Revelations--em-Portugues--PS3/prod-1396078/
		Acessando URL do produto.
http://www.mulagames.com.br/produto-ajax_retorna_dados_preco_comprar/1396078
		Acessando URL do preço produto.
		Nome do Produto: Resident Evil: Revelations 2 (em Portugues) - XBox One
http://www.mulagames.com.br/Resident-Evil--Revelations-2--em-Portugues--XBox-One/prod-2619776/
		Acessando URL do produto.
http://www.mulagames.com.br/produto-ajax_retorna_dados_preco_comprar/2619776
		Acessando URL do preço produto.
		Nome do Produto: Resident Evil: Revelations 2 (em Portugues) - PS3
http://www.mulagames.com.br/Resident-Evil--Revelations-2--em-Portugues--PS3/prod-2619798/
		Acessando URL do produto.
http://www.mulagames.com.br/produto-ajax_retorna_dados_preco_comprar/2619798
		Acessando URL do preço produto.
		Nome do Produto: Resident Evil: Revelations 2 (em Portugues) - XBox 360
http://www.mulagames.com.br/Resident-Evil--Revelations-2--em-Portugues--XBox-360/prod-2619804/
		Acessando URL do produto.
http://www.mulagames.com.br/produto-ajax_retorna_dados_preco_comprar/2619804
		Acessando URL do preço produto.
		Nome do Produto: Resident Evil: Revelations 2 (em Portugues) - PS4
http://www.mulagames.com.br/Resident-Evil--Revelations-2--em-Portugues--PS4/prod-2619760/
		Acessando URL do produto.
http://www.mulagames.com.br/produto-ajax_retorna_dados_preco_comprar/2619760
		Acessando URL do preço produto.
		Nome do Produto: Resident Evil: Revelations (em Portugues) - Wii U
http://www.mulagames.com.br/Resident-Evil--Revelations--em-Portugues--Wii-U/prod-2750982/
		Acessando URL do produto.
http://www.mulagames.com.br/produto-ajax_retorna_dados_preco_comprar/2750982
		Acessando URL do preço produto.
	Tempo Para buscar: 12438
Loja: Net Shoes
	URL Principal: http://www.netshoes.com.br/
	URL Busca: http://www.netshoes.com.br/search?Ntt=<BUSCA>
http://www.netshoes.com.br/search?Ntt=Resident+Evil+Revelations
		Documento Lido
		Resultados: 0
	Tempo Para buscar: 132
Loja: Ponto Frio
	URL Principal: http://www.pontofrio.com.br/
	URL Busca: http://search.pontofrio.com.br/search?w=<BUSCA>
http://search.pontofrio.com.br/search?w=Resident+Evil+Revelations
		Documento Lido
		Resultados: 1
		Nome do Produto: Game Resident Evil Revelations 2: Full Bundle para Download - PC
http://search.pontofrio.com.br/search?p=R&srid=S3-USCDR01&lbc=pontofrio-br&w=Resident%20Evil%20Revelations&url=http%3a%2f%2fproduto.pontofrio.com.br%2f4688042%3f&rk=1&uid=449755941&sid=2&ts=custom&rsc=WxyrNFY7tAhCKFm1&method=and&isort=score&view=grid
		Nome do Produto: Game Resident Evil Revelations 2 EP 1: Penal Colony para Download - PC
http://search.pontofrio.com.br/search?p=R&srid=S3-USCDR01&lbc=pontofrio-br&w=Resident%20Evil%20Revelations&url=http%3a%2f%2fproduto.pontofrio.com.br%2f4688043%3f&rk=2&uid=449755941&sid=2&ts=custom&rsc=yMXyl2wRLgTXRfkT&method=and&isort=score&view=grid
		Nome do Produto: Jogo Resident Evil: Revelations 2 - PS4
http://search.pontofrio.com.br/search?p=R&srid=S3-USCDR01&lbc=pontofrio-br&w=Resident%20Evil%20Revelations&url=http%3a%2f%2fproduto.pontofrio.com.br%2f4286985%3f&rk=3&uid=449755941&sid=2&ts=custom&rsc=1ecvTAvnMhfHOWAi&method=and&isort=score&view=grid
		Nome do Produto: Jogo Resident Evil: Revelations - PS3
http://search.pontofrio.com.br/search?p=R&srid=S3-USCDR01&lbc=pontofrio-br&w=Resident%20Evil%20Revelations&url=http%3a%2f%2fproduto.pontofrio.com.br%2f2067452%3f&rk=4&uid=449755941&sid=2&ts=custom&rsc=1VwEtF-L2tzN7S8g&method=and&isort=score&view=grid
		Nome do Produto: Jogo Resident Evil: Revelations 2 - PS3
http://search.pontofrio.com.br/search?p=R&srid=S3-USCDR01&lbc=pontofrio-br&w=Resident%20Evil%20Revelations&url=http%3a%2f%2fproduto.pontofrio.com.br%2f4286984%3f&rk=5&uid=449755941&sid=2&ts=custom&rsc=CMsNdbu2uSHFIt2s&method=and&isort=score&view=grid
		Nome do Produto: Jogo Resident Evil: Revelations 2 - Xbox 360
http://search.pontofrio.com.br/search?p=R&srid=S3-USCDR01&lbc=pontofrio-br&w=Resident%20Evil%20Revelations&url=http%3a%2f%2fproduto.pontofrio.com.br%2f4286986%3f&rk=6&uid=449755941&sid=2&ts=custom&rsc=AG8LUSbN1JNArjLU&method=and&isort=score&view=grid
		Nome do Produto: Jogo Resident Evil: Revelations 2 Xbox One + Xbox Live Gold - 3 Meses
http://search.pontofrio.com.br/search?p=R&srid=S3-USCDR01&lbc=pontofrio-br&w=Resident%20Evil%20Revelations&url=http%3a%2f%2fproduto.pontofrio.com.br%2f1000053591%3f&rk=7&uid=449755941&sid=2&ts=custom&rsc=cBPv5D-NvqtOItDn&method=and&isort=score&view=grid
		Nome do Produto: Game Resident Evil: Revelations para Download - PC
http://search.pontofrio.com.br/search?p=R&srid=S3-USCDR01&lbc=pontofrio-br&w=Resident%20Evil%20Revelations&url=http%3a%2f%2fproduto.pontofrio.com.br%2f2067404%3f&rk=8&uid=449755941&sid=2&ts=custom&rsc=M7e7H29ITw9F4In1&method=and&isort=score&view=grid
		Nome do Produto: Jogo Resident Evil: Revelations 2 Xbox 360 + Xbox Live Gold - 3 Meses
http://search.pontofrio.com.br/search?p=R&srid=S3-USCDR01&lbc=pontofrio-br&w=Resident%20Evil%20Revelations&url=http%3a%2f%2fproduto.pontofrio.com.br%2f1000053592%3f&rk=9&uid=449755941&sid=2&ts=custom&rsc=PWHaenppCZRfEH1s&method=and&isort=score&view=grid
		Nome do Produto: Jogo Resident Evil: Revelations 2 - Xbox One
http://search.pontofrio.com.br/search?p=R&srid=S3-USCDR01&lbc=pontofrio-br&w=Resident%20Evil%20Revelations&url=http%3a%2f%2fproduto.pontofrio.com.br%2f4286987%3f&rk=10&uid=449755941&sid=2&ts=custom&rsc=fksprBMa05UL9Odr&method=and&isort=score&view=grid
		Nome do Produto: Resident Evil Revelations Wii U
http://search.pontofrio.com.br/search?p=R&srid=S3-USCDR01&lbc=pontofrio-br&w=Resident%20Evil%20Revelations&url=http%3a%2f%2fproduto.pontofrio.com.br%2f3114915%3f&rk=11&uid=449755941&sid=2&ts=custom&rsc=1LLPROLuOh%3akOONS&method=and&isort=score&view=grid
		Nome do Produto: Game Resident Evil Revelations 2: Complete Season para Download - PC
http://search.pontofrio.com.br/search?p=R&srid=S3-USCDR01&lbc=pontofrio-br&w=Resident%20Evil%20Revelations&url=http%3a%2f%2fproduto.pontofrio.com.br%2f4688041%3f&rk=12&uid=449755941&sid=2&ts=custom&rsc=G-6kVeUK-8Ekaogl&method=and&isort=score&view=grid
		Nome do Produto: Game Resident Evil Revelations 2: Full Bundle para Download - PC
http://search.pontofrio.com.br/search?p=R&srid=S3-USCDR01&lbc=pontofrio-br&w=Resident%20Evil%20Revelations&url=http%3a%2f%2fproduto.pontofrio.com.br%2f4688042%3f&rk=1&uid=449755941&sid=2&ts=custom&rsc=WxyrNFY7tAhCKFm1&method=and&isort=score&view=grid
		Nome do Produto: Game Resident Evil Revelations 2 EP 1: Penal Colony para Download - PC
http://search.pontofrio.com.br/search?p=R&srid=S3-USCDR01&lbc=pontofrio-br&w=Resident%20Evil%20Revelations&url=http%3a%2f%2fproduto.pontofrio.com.br%2f4688043%3f&rk=2&uid=449755941&sid=2&ts=custom&rsc=yMXyl2wRLgTXRfkT&method=and&isort=score&view=grid
		Nome do Produto: Jogo Resident Evil: Revelations 2 - PS4
http://search.pontofrio.com.br/search?p=R&srid=S3-USCDR01&lbc=pontofrio-br&w=Resident%20Evil%20Revelations&url=http%3a%2f%2fproduto.pontofrio.com.br%2f4286985%3f&rk=3&uid=449755941&sid=2&ts=custom&rsc=1ecvTAvnMhfHOWAi&method=and&isort=score&view=grid
		Nome do Produto: Jogo Resident Evil: Revelations - PS3
http://search.pontofrio.com.br/search?p=R&srid=S3-USCDR01&lbc=pontofrio-br&w=Resident%20Evil%20Revelations&url=http%3a%2f%2fproduto.pontofrio.com.br%2f2067452%3f&rk=4&uid=449755941&sid=2&ts=custom&rsc=1VwEtF-L2tzN7S8g&method=and&isort=score&view=grid
		Nome do Produto: Jogo Resident Evil: Revelations 2 - PS3
http://search.pontofrio.com.br/search?p=R&srid=S3-USCDR01&lbc=pontofrio-br&w=Resident%20Evil%20Revelations&url=http%3a%2f%2fproduto.pontofrio.com.br%2f4286984%3f&rk=5&uid=449755941&sid=2&ts=custom&rsc=CMsNdbu2uSHFIt2s&method=and&isort=score&view=grid
		Nome do Produto: Jogo Resident Evil: Revelations 2 - Xbox 360
http://search.pontofrio.com.br/search?p=R&srid=S3-USCDR01&lbc=pontofrio-br&w=Resident%20Evil%20Revelations&url=http%3a%2f%2fproduto.pontofrio.com.br%2f4286986%3f&rk=6&uid=449755941&sid=2&ts=custom&rsc=AG8LUSbN1JNArjLU&method=and&isort=score&view=grid
		Nome do Produto: Jogo Resident Evil: Revelations 2 Xbox One + Xbox Live Gold - 3 Meses
http://search.pontofrio.com.br/search?p=R&srid=S3-USCDR01&lbc=pontofrio-br&w=Resident%20Evil%20Revelations&url=http%3a%2f%2fproduto.pontofrio.com.br%2f1000053591%3f&rk=7&uid=449755941&sid=2&ts=custom&rsc=cBPv5D-NvqtOItDn&method=and&isort=score&view=grid
		Nome do Produto: Game Resident Evil: Revelations para Download - PC
http://search.pontofrio.com.br/search?p=R&srid=S3-USCDR01&lbc=pontofrio-br&w=Resident%20Evil%20Revelations&url=http%3a%2f%2fproduto.pontofrio.com.br%2f2067404%3f&rk=8&uid=449755941&sid=2&ts=custom&rsc=M7e7H29ITw9F4In1&method=and&isort=score&view=grid
		Nome do Produto: Jogo Resident Evil: Revelations 2 Xbox 360 + Xbox Live Gold - 3 Meses
http://search.pontofrio.com.br/search?p=R&srid=S3-USCDR01&lbc=pontofrio-br&w=Resident%20Evil%20Revelations&url=http%3a%2f%2fproduto.pontofrio.com.br%2f1000053592%3f&rk=9&uid=449755941&sid=2&ts=custom&rsc=PWHaenppCZRfEH1s&method=and&isort=score&view=grid
		Nome do Produto: Jogo Resident Evil: Revelations 2 - Xbox One
http://search.pontofrio.com.br/search?p=R&srid=S3-USCDR01&lbc=pontofrio-br&w=Resident%20Evil%20Revelations&url=http%3a%2f%2fproduto.pontofrio.com.br%2f4286987%3f&rk=10&uid=449755941&sid=2&ts=custom&rsc=fksprBMa05UL9Odr&method=and&isort=score&view=grid
		Nome do Produto: Resident Evil Revelations Wii U
http://search.pontofrio.com.br/search?p=R&srid=S3-USCDR01&lbc=pontofrio-br&w=Resident%20Evil%20Revelations&url=http%3a%2f%2fproduto.pontofrio.com.br%2f3114915%3f&rk=11&uid=449755941&sid=2&ts=custom&rsc=1LLPROLuOh%3akOONS&method=and&isort=score&view=grid
		Nome do Produto: Game Resident Evil Revelations 2: Complete Season para Download - PC
http://search.pontofrio.com.br/search?p=R&srid=S3-USCDR01&lbc=pontofrio-br&w=Resident%20Evil%20Revelations&url=http%3a%2f%2fproduto.pontofrio.com.br%2f4688041%3f&rk=12&uid=449755941&sid=2&ts=custom&rsc=G-6kVeUK-8Ekaogl&method=and&isort=score&view=grid
	Tempo Para buscar: 19241
Loja: Ricardo Eletro
	URL Principal: http://www.ricardoeletro.com.br/
	URL Busca: http://www.ricardoeletro.com.br/Busca/Resultado/?q=<BUSCA>
http://www.ricardoeletro.com.br/Busca/Resultado/?q=Resident+Evil+Revelations
		Documento Lido
		Resultados: 7
		Nome do Produto: Jogo The Evil Within para Playstation 4 (PS4)
			Igorando Pelo Filtro de Nome...
		Nome do Produto: Jogo Resident Evil: Revelations 2 para Playstation 3 (PS3)
http://www.ricardoeletro.com.br/Produto/Jogo-Resident-Evil-Revelations-2-para-Playstation-3-PS3/47-213-217-512008
		Acessando URL do produto.
		Nome do Produto: Jogo Resident Evil: Revelations 2 para Playstation 4 (PS4)
http://www.ricardoeletro.com.br/Produto/Jogo-Resident-Evil-Revelations-2-para-Playstation-4-PS4/47-4635-4636-512009
		Acessando URL do produto.
		Nome do Produto: Jogo Resident Evil: Revelations 2 para Xbox 360 (X360)
http://www.ricardoeletro.com.br/Produto/Jogo-Resident-Evil-Revelations-2-para-Xbox-360-X360/47-227-245-512012
		Acessando URL do produto.
		Nome do Produto: Jogo Resident Evil: Revelations 2 para Xbox One (XONE)
http://www.ricardoeletro.com.br/Produto/Jogo-Resident-Evil-Revelations-2-para-Xbox-One-XONE/47-4420-4422-512013
		Acessando URL do produto.
		Nome do Produto: Console Xbox One Branco (XONE) HD 500GB - Bundle HALO: The Master Chief Collection - com Wi-Fi, 1 Controle Sem Fio + Jogo Resident Evil: Revelations 2
http://www.ricardoeletro.com.br/Produto/Console-Xbox-One-Branco-XONE-HD-500GB-Bundle-HALO-The-Master-Chief-Collection-com-Wi-Fi-1-Controle-Sem-Fio-Jogo-Resident-Evil-Revelations-2/47-4420-4421-525944
		Acessando URL do produto.
		Nome do Produto: Console Playstation 4 (PS4) 500GB HD, Leitor Blu-Ray, Wi-Fi, Controle Sem Fio DualShock 4, Fone de Ouvido - SONY + Jogo The Evil Within
			Igorando Pelo Filtro de Nome...
	Tempo Para buscar: 3854
Loja: RiHappy
	URL Principal: http://www.rihappy.com.br/
	URL Busca: http://www.rihappy.com.br/<BUSCA>
http://www.rihappy.com.br/Resident%20Evil%20Revelations
		Documento Lido
		Resultados: 0
	Tempo Para buscar: 1043
Loja: Saraiva
	URL Principal: http://www.saraiva.com.br/
	URL Busca: http://busca.saraiva.com.br/search?w=<BUSCA>&PAC_ID=129457&ts=ajax
http://busca.saraiva.com.br/search?w=Resident+Evil+Revelations&PAC_ID=129457&ts=ajax
		Documento Lido
		Resultados: 1
		Nome do Produto: Cabo de Lightning Para USB Apple Md818bz/a
			Igorando Pelo Filtro de Nome...
	Tempo Para buscar: 409
Loja: Shop Facil
	URL Principal: http://ww2.shopfacil.com.br/
	URL Busca: http://ww2.shopfacil.com.br/<BUSCA>
http://ww2.shopfacil.com.br/Resident%20Evil%20Revelations
		Documento Lido
		Resultados: 12
		Nome do Produto: Resident Evil – O Incidente de Caliban Cove – S.d. Perry
			Igorando Pelo Filtro de Nome...
		Nome do Produto: Jogo Xbox 360 Resident Evil 6 com DLC
			Igorando Pelo Filtro de Nome...
		Nome do Produto: Blu-Ray - Resident Evil 2: Apocalipse
			Igorando Pelo Filtro de Nome...
		Nome do Produto: DVD - Resident Evil 5: Retribuição - Retribution
			Igorando Pelo Filtro de Nome...
		Nome do Produto: Blu-Ray - Resident Evil 4: Recomeço
			Igorando Pelo Filtro de Nome...
		Nome do Produto: Blu-Ray - Resident Evil 5: Retribuição - Retribution
			Igorando Pelo Filtro de Nome...
		Nome do Produto: Jogo: Resident Evil 6 - PS3
			Igorando Pelo Filtro de Nome...
		Nome do Produto: Livro - Resident Evil: Retribuição - John Shirley
			Igorando Pelo Filtro de Nome...
		Nome do Produto: Jogo Resident Evil Operation Raccoon City - PS3
			Igorando Pelo Filtro de Nome...
		Nome do Produto: Blu-Ray 3D - Resident Evil 5: Retribuição - Retribution
			Igorando Pelo Filtro de Nome...
		Nome do Produto: Blu-Ray 3D - Resident Evil 4: Recomeço
			Igorando Pelo Filtro de Nome...
		Nome do Produto: Jogo Nintendo 3DS Resident Evil: The Mercenaries 3D
			Igorando Pelo Filtro de Nome...
	Tempo Para buscar: 1199
Loja: Shop Time
	URL Principal: http://www.shoptime.com.br/
	URL Busca: http://busca.shoptime.com.br/busca.php?q=<BUSCA>
http://busca.shoptime.com.br/busca.php?q=Resident+Evil+Revelations
		Documento Lido
		Resultados: 20
		Nome do Produto: Game - Resident Evil Revelations 2 - PS4 Game - Resident Evil Revelations 2 - Xbox360 Game - Resident Evil: Revelations - XBOX 360 Game - Resident Evil - Revelations - Xbox 360 Resident Evil Revelations Wii U Resident Evil Revelations 2 - Xbox 360 Game Resident Evil: Revelations + Dead Island + Metal Gear Rising - PS3 Game Resident Evil Revelations 2 + Devil May Cry: Definitive Edition -... Game Resident Evil: Revelations + Metal Gear Rising + FIFA 13 - PS3 Game Resident Evil Revelations 2 + The Evil Within - PS4 Game Dying Light + Resident Evil Revelations 2 - PS4 Game - Resident Evil Revelations 2 - PS3 Game - Resident Evil: Revelations - PS3 Game - Resident Evil Revelations 2 - Xbox One Game Resident Evil: Revelations -XBOX 360 Game Resident Evil: Revelations - PS3 Game Resident Evil Revelations 2 + The Last of Us - PS3 Game Resident Evil Revelations - 3DS Game Dying Light + Resident Evil Revelations 2 - XBOX ONE Game Resident Evil: Revelations - PS3
http://busca.shoptime.com.br/produto.php?link=http://www.shoptime.com.br/produto/121800637/game-resident-evil-revelations-2-ps4&ranking=1&sessao=U8GFMU33DES07&idbusca=c17fa8a26b759d7c2dbb3bfc68fc9d429644a09c&idproduto=121800637
		Acessando URL do produto.
		Nome do Produto: Game - Resident Evil Revelations 2 - PS4 Game - Resident Evil Revelations 2 - Xbox360 Game - Resident Evil: Revelations - XBOX 360 Game - Resident Evil - Revelations - Xbox 360 Resident Evil Revelations Wii U Resident Evil Revelations 2 - Xbox 360 Game Resident Evil: Revelations + Dead Island + Metal Gear Rising - PS3 Game Resident Evil Revelations 2 + Devil May Cry: Definitive Edition -... Game Resident Evil: Revelations + Metal Gear Rising + FIFA 13 - PS3 Game Resident Evil Revelations 2 + The Evil Within - PS4 Game Dying Light + Resident Evil Revelations 2 - PS4 Game - Resident Evil Revelations 2 - PS3 Game - Resident Evil: Revelations - PS3 Game - Resident Evil Revelations 2 - Xbox One Game Resident Evil: Revelations -XBOX 360 Game Resident Evil: Revelations - PS3 Game Resident Evil Revelations 2 + The Last of Us - PS3 Game Resident Evil Revelations - 3DS Game Dying Light + Resident Evil Revelations 2 - XBOX ONE Game Resident Evil: Revelations - PS3
http://busca.shoptime.com.br/produto.php?link=http://www.shoptime.com.br/produto/121800653/game-resident-evil-revelations-2-xbox360&ranking=2&sessao=U8GFMU33DES07&idbusca=c17fa8a26b759d7c2dbb3bfc68fc9d429644a09c&idproduto=121800653
		Acessando URL do produto.
		Nome do Produto: Game - Resident Evil Revelations 2 - PS4 Game - Resident Evil Revelations 2 - Xbox360 Game - Resident Evil: Revelations - XBOX 360 Game - Resident Evil - Revelations - Xbox 360 Resident Evil Revelations Wii U Resident Evil Revelations 2 - Xbox 360 Game Resident Evil: Revelations + Dead Island + Metal Gear Rising - PS3 Game Resident Evil Revelations 2 + Devil May Cry: Definitive Edition -... Game Resident Evil: Revelations + Metal Gear Rising + FIFA 13 - PS3 Game Resident Evil Revelations 2 + The Evil Within - PS4 Game Dying Light + Resident Evil Revelations 2 - PS4 Game - Resident Evil Revelations 2 - PS3 Game - Resident Evil: Revelations - PS3 Game - Resident Evil Revelations 2 - Xbox One Game Resident Evil: Revelations -XBOX 360 Game Resident Evil: Revelations - PS3 Game Resident Evil Revelations 2 + The Last of Us - PS3 Game Resident Evil Revelations - 3DS Game Dying Light + Resident Evil Revelations 2 - XBOX ONE Game Resident Evil: Revelations - PS3
http://busca.shoptime.com.br/produto.php?link=http://www.shoptime.com.br/produto/120743626/game-resident-evil-revelations-xbox-360&ranking=3&sessao=U8GFMU33DES07&idbusca=c17fa8a26b759d7c2dbb3bfc68fc9d429644a09c&idproduto=120743626
		Acessando URL do produto.
		Nome do Produto: Game - Resident Evil Revelations 2 - PS4 Game - Resident Evil Revelations 2 - Xbox360 Game - Resident Evil: Revelations - XBOX 360 Game - Resident Evil - Revelations - Xbox 360 Resident Evil Revelations Wii U Resident Evil Revelations 2 - Xbox 360 Game Resident Evil: Revelations + Dead Island + Metal Gear Rising - PS3 Game Resident Evil Revelations 2 + Devil May Cry: Definitive Edition -... Game Resident Evil: Revelations + Metal Gear Rising + FIFA 13 - PS3 Game Resident Evil Revelations 2 + The Evil Within - PS4 Game Dying Light + Resident Evil Revelations 2 - PS4 Game - Resident Evil Revelations 2 - PS3 Game - Resident Evil: Revelations - PS3 Game - Resident Evil Revelations 2 - Xbox One Game Resident Evil: Revelations -XBOX 360 Game Resident Evil: Revelations - PS3 Game Resident Evil Revelations 2 + The Last of Us - PS3 Game Resident Evil Revelations - 3DS Game Dying Light + Resident Evil Revelations 2 - XBOX ONE Game Resident Evil: Revelations - PS3
http://busca.shoptime.com.br/produto.php?link=http://www.shoptime.com.br/produto/120297478/game-resident-evil-revelations-xbox-360&ranking=4&sessao=U8GFMU33DES07&idbusca=c17fa8a26b759d7c2dbb3bfc68fc9d429644a09c&idproduto=120297478
		Acessando URL do produto.
		Nome do Produto: Game - Resident Evil Revelations 2 - PS4 Game - Resident Evil Revelations 2 - Xbox360 Game - Resident Evil: Revelations - XBOX 360 Game - Resident Evil - Revelations - Xbox 360 Resident Evil Revelations Wii U Resident Evil Revelations 2 - Xbox 360 Game Resident Evil: Revelations + Dead Island + Metal Gear Rising - PS3 Game Resident Evil Revelations 2 + Devil May Cry: Definitive Edition -... Game Resident Evil: Revelations + Metal Gear Rising + FIFA 13 - PS3 Game Resident Evil Revelations 2 + The Evil Within - PS4 Game Dying Light + Resident Evil Revelations 2 - PS4 Game - Resident Evil Revelations 2 - PS3 Game - Resident Evil: Revelations - PS3 Game - Resident Evil Revelations 2 - Xbox One Game Resident Evil: Revelations -XBOX 360 Game Resident Evil: Revelations - PS3 Game Resident Evil Revelations 2 + The Last of Us - PS3 Game Resident Evil Revelations - 3DS Game Dying Light + Resident Evil Revelations 2 - XBOX ONE Game Resident Evil: Revelations - PS3
http://busca.shoptime.com.br/produto.php?link=http://www.shoptime.com.br/produto/8462919/resident-evil-revelations-wii-u&ranking=5&sessao=U8GFMU33DES07&idbusca=c17fa8a26b759d7c2dbb3bfc68fc9d429644a09c&idproduto=8462919
		Acessando URL do produto.
		Nome do Produto: Game - Resident Evil Revelations 2 - PS4 Game - Resident Evil Revelations 2 - Xbox360 Game - Resident Evil: Revelations - XBOX 360 Game - Resident Evil - Revelations - Xbox 360 Resident Evil Revelations Wii U Resident Evil Revelations 2 - Xbox 360 Game Resident Evil: Revelations + Dead Island + Metal Gear Rising - PS3 Game Resident Evil Revelations 2 + Devil May Cry: Definitive Edition -... Game Resident Evil: Revelations + Metal Gear Rising + FIFA 13 - PS3 Game Resident Evil Revelations 2 + The Evil Within - PS4 Game Dying Light + Resident Evil Revelations 2 - PS4 Game - Resident Evil Revelations 2 - PS3 Game - Resident Evil: Revelations - PS3 Game - Resident Evil Revelations 2 - Xbox One Game Resident Evil: Revelations -XBOX 360 Game Resident Evil: Revelations - PS3 Game Resident Evil Revelations 2 + The Last of Us - PS3 Game Resident Evil Revelations - 3DS Game Dying Light + Resident Evil Revelations 2 - XBOX ONE Game Resident Evil: Revelations - PS3
http://busca.shoptime.com.br/produto.php?link=http://www.shoptime.com.br/produto/9184058/resident-evil-revelations-2-xbox-360&ranking=6&sessao=U8GFMU33DES07&idbusca=c17fa8a26b759d7c2dbb3bfc68fc9d429644a09c&idproduto=9184058
		Acessando URL do produto.
		Nome do Produto: Game - Resident Evil Revelations 2 - PS4 Game - Resident Evil Revelations 2 - Xbox360 Game - Resident Evil: Revelations - XBOX 360 Game - Resident Evil - Revelations - Xbox 360 Resident Evil Revelations Wii U Resident Evil Revelations 2 - Xbox 360 Game Resident Evil: Revelations + Dead Island + Metal Gear Rising - PS3 Game Resident Evil Revelations 2 + Devil May Cry: Definitive Edition -... Game Resident Evil: Revelations + Metal Gear Rising + FIFA 13 - PS3 Game Resident Evil Revelations 2 + The Evil Within - PS4 Game Dying Light + Resident Evil Revelations 2 - PS4 Game - Resident Evil Revelations 2 - PS3 Game - Resident Evil: Revelations - PS3 Game - Resident Evil Revelations 2 - Xbox One Game Resident Evil: Revelations -XBOX 360 Game Resident Evil: Revelations - PS3 Game Resident Evil Revelations 2 + The Last of Us - PS3 Game Resident Evil Revelations - 3DS Game Dying Light + Resident Evil Revelations 2 - XBOX ONE Game Resident Evil: Revelations - PS3
http://busca.shoptime.com.br/produto.php?link=http://www.shoptime.com.br/produto/121662465/game-resident-evil-revelations-dead-island-metal-gear-rising-ps3&ranking=7&sessao=U8GFMU33DES07&idbusca=c17fa8a26b759d7c2dbb3bfc68fc9d429644a09c&idproduto=121662465
		Acessando URL do produto.
		Nome do Produto: Game - Resident Evil Revelations 2 - PS4 Game - Resident Evil Revelations 2 - Xbox360 Game - Resident Evil: Revelations - XBOX 360 Game - Resident Evil - Revelations - Xbox 360 Resident Evil Revelations Wii U Resident Evil Revelations 2 - Xbox 360 Game Resident Evil: Revelations + Dead Island + Metal Gear Rising - PS3 Game Resident Evil Revelations 2 + Devil May Cry: Definitive Edition -... Game Resident Evil: Revelations + Metal Gear Rising + FIFA 13 - PS3 Game Resident Evil Revelations 2 + The Evil Within - PS4 Game Dying Light + Resident Evil Revelations 2 - PS4 Game - Resident Evil Revelations 2 - PS3 Game - Resident Evil: Revelations - PS3 Game - Resident Evil Revelations 2 - Xbox One Game Resident Evil: Revelations -XBOX 360 Game Resident Evil: Revelations - PS3 Game Resident Evil Revelations 2 + The Last of Us - PS3 Game Resident Evil Revelations - 3DS Game Dying Light + Resident Evil Revelations 2 - XBOX ONE Game Resident Evil: Revelations - PS3
http://busca.shoptime.com.br/produto.php?link=http://www.shoptime.com.br/produto/122404978/game-resident-evil-revelations-2-devil-may-cry-definitive-edition-ps4&ranking=8&sessao=U8GFMU33DES07&idbusca=c17fa8a26b759d7c2dbb3bfc68fc9d429644a09c&idproduto=122404978
		Acessando URL do produto.
		Nome do Produto: Game - Resident Evil Revelations 2 - PS4 Game - Resident Evil Revelations 2 - Xbox360 Game - Resident Evil: Revelations - XBOX 360 Game - Resident Evil - Revelations - Xbox 360 Resident Evil Revelations Wii U Resident Evil Revelations 2 - Xbox 360 Game Resident Evil: Revelations + Dead Island + Metal Gear Rising - PS3 Game Resident Evil Revelations 2 + Devil May Cry: Definitive Edition -... Game Resident Evil: Revelations + Metal Gear Rising + FIFA 13 - PS3 Game Resident Evil Revelations 2 + The Evil Within - PS4 Game Dying Light + Resident Evil Revelations 2 - PS4 Game - Resident Evil Revelations 2 - PS3 Game - Resident Evil: Revelations - PS3 Game - Resident Evil Revelations 2 - Xbox One Game Resident Evil: Revelations -XBOX 360 Game Resident Evil: Revelations - PS3 Game Resident Evil Revelations 2 + The Last of Us - PS3 Game Resident Evil Revelations - 3DS Game Dying Light + Resident Evil Revelations 2 - XBOX ONE Game Resident Evil: Revelations - PS3
http://busca.shoptime.com.br/produto.php?link=http://www.shoptime.com.br/produto/121662473/game-resident-evil-revelations-metal-gear-rising-fifa-13-ps3&ranking=9&sessao=U8GFMU33DES07&idbusca=c17fa8a26b759d7c2dbb3bfc68fc9d429644a09c&idproduto=121662473
		Acessando URL do produto.
		Nome do Produto: Game - Resident Evil Revelations 2 - PS4 Game - Resident Evil Revelations 2 - Xbox360 Game - Resident Evil: Revelations - XBOX 360 Game - Resident Evil - Revelations - Xbox 360 Resident Evil Revelations Wii U Resident Evil Revelations 2 - Xbox 360 Game Resident Evil: Revelations + Dead Island + Metal Gear Rising - PS3 Game Resident Evil Revelations 2 + Devil May Cry: Definitive Edition -... Game Resident Evil: Revelations + Metal Gear Rising + FIFA 13 - PS3 Game Resident Evil Revelations 2 + The Evil Within - PS4 Game Dying Light + Resident Evil Revelations 2 - PS4 Game - Resident Evil Revelations 2 - PS3 Game - Resident Evil: Revelations - PS3 Game - Resident Evil Revelations 2 - Xbox One Game Resident Evil: Revelations -XBOX 360 Game Resident Evil: Revelations - PS3 Game Resident Evil Revelations 2 + The Last of Us - PS3 Game Resident Evil Revelations - 3DS Game Dying Light + Resident Evil Revelations 2 - XBOX ONE Game Resident Evil: Revelations - PS3
http://busca.shoptime.com.br/produto.php?link=http://www.shoptime.com.br/produto/122405049/game-resident-evil-revelations-2-the-evil-within-ps4&ranking=10&sessao=U8GFMU33DES07&idbusca=c17fa8a26b759d7c2dbb3bfc68fc9d429644a09c&idproduto=122405049
		Acessando URL do produto.
		Nome do Produto: Game - Resident Evil Revelations 2 - PS4 Game - Resident Evil Revelations 2 - Xbox360 Game - Resident Evil: Revelations - XBOX 360 Game - Resident Evil - Revelations - Xbox 360 Resident Evil Revelations Wii U Resident Evil Revelations 2 - Xbox 360 Game Resident Evil: Revelations + Dead Island + Metal Gear Rising - PS3 Game Resident Evil Revelations 2 + Devil May Cry: Definitive Edition -... Game Resident Evil: Revelations + Metal Gear Rising + FIFA 13 - PS3 Game Resident Evil Revelations 2 + The Evil Within - PS4 Game Dying Light + Resident Evil Revelations 2 - PS4 Game - Resident Evil Revelations 2 - PS3 Game - Resident Evil: Revelations - PS3 Game - Resident Evil Revelations 2 - Xbox One Game Resident Evil: Revelations -XBOX 360 Game Resident Evil: Revelations - PS3 Game Resident Evil Revelations 2 + The Last of Us - PS3 Game Resident Evil Revelations - 3DS Game Dying Light + Resident Evil Revelations 2 - XBOX ONE Game Resident Evil: Revelations - PS3
http://busca.shoptime.com.br/produto.php?link=http://www.shoptime.com.br/produto/122404986/game-dying-light-resident-evil-revelations-2-ps4&ranking=11&sessao=U8GFMU33DES07&idbusca=c17fa8a26b759d7c2dbb3bfc68fc9d429644a09c&idproduto=122404986
		Acessando URL do produto.
		Nome do Produto: Game - Resident Evil Revelations 2 - PS4 Game - Resident Evil Revelations 2 - Xbox360 Game - Resident Evil: Revelations - XBOX 360 Game - Resident Evil - Revelations - Xbox 360 Resident Evil Revelations Wii U Resident Evil Revelations 2 - Xbox 360 Game Resident Evil: Revelations + Dead Island + Metal Gear Rising - PS3 Game Resident Evil Revelations 2 + Devil May Cry: Definitive Edition -... Game Resident Evil: Revelations + Metal Gear Rising + FIFA 13 - PS3 Game Resident Evil Revelations 2 + The Evil Within - PS4 Game Dying Light + Resident Evil Revelations 2 - PS4 Game - Resident Evil Revelations 2 - PS3 Game - Resident Evil: Revelations - PS3 Game - Resident Evil Revelations 2 - Xbox One Game Resident Evil: Revelations -XBOX 360 Game Resident Evil: Revelations - PS3 Game Resident Evil Revelations 2 + The Last of Us - PS3 Game Resident Evil Revelations - 3DS Game Dying Light + Resident Evil Revelations 2 - XBOX ONE Game Resident Evil: Revelations - PS3
http://busca.shoptime.com.br/produto.php?link=http://www.shoptime.com.br/produto/121800611/game-resident-evil-revelations-2-ps3&ranking=12&sessao=U8GFMU33DES07&idbusca=c17fa8a26b759d7c2dbb3bfc68fc9d429644a09c&idproduto=121800611
		Acessando URL do produto.
		Nome do Produto: Game - Resident Evil Revelations 2 - PS4 Game - Resident Evil Revelations 2 - Xbox360 Game - Resident Evil: Revelations - XBOX 360 Game - Resident Evil - Revelations - Xbox 360 Resident Evil Revelations Wii U Resident Evil Revelations 2 - Xbox 360 Game Resident Evil: Revelations + Dead Island + Metal Gear Rising - PS3 Game Resident Evil Revelations 2 + Devil May Cry: Definitive Edition -... Game Resident Evil: Revelations + Metal Gear Rising + FIFA 13 - PS3 Game Resident Evil Revelations 2 + The Evil Within - PS4 Game Dying Light + Resident Evil Revelations 2 - PS4 Game - Resident Evil Revelations 2 - PS3 Game - Resident Evil: Revelations - PS3 Game - Resident Evil Revelations 2 - Xbox One Game Resident Evil: Revelations -XBOX 360 Game Resident Evil: Revelations - PS3 Game Resident Evil Revelations 2 + The Last of Us - PS3 Game Resident Evil Revelations - 3DS Game Dying Light + Resident Evil Revelations 2 - XBOX ONE Game Resident Evil: Revelations - PS3
http://busca.shoptime.com.br/produto.php?link=http://www.shoptime.com.br/produto/120743600/game-resident-evil-revelations-ps3&ranking=13&sessao=U8GFMU33DES07&idbusca=c17fa8a26b759d7c2dbb3bfc68fc9d429644a09c&idproduto=120743600
		Acessando URL do produto.
		Nome do Produto: Game - Resident Evil Revelations 2 - PS4 Game - Resident Evil Revelations 2 - Xbox360 Game - Resident Evil: Revelations - XBOX 360 Game - Resident Evil - Revelations - Xbox 360 Resident Evil Revelations Wii U Resident Evil Revelations 2 - Xbox 360 Game Resident Evil: Revelations + Dead Island + Metal Gear Rising - PS3 Game Resident Evil Revelations 2 + Devil May Cry: Definitive Edition -... Game Resident Evil: Revelations + Metal Gear Rising + FIFA 13 - PS3 Game Resident Evil Revelations 2 + The Evil Within - PS4 Game Dying Light + Resident Evil Revelations 2 - PS4 Game - Resident Evil Revelations 2 - PS3 Game - Resident Evil: Revelations - PS3 Game - Resident Evil Revelations 2 - Xbox One Game Resident Evil: Revelations -XBOX 360 Game Resident Evil: Revelations - PS3 Game Resident Evil Revelations 2 + The Last of Us - PS3 Game Resident Evil Revelations - 3DS Game Dying Light + Resident Evil Revelations 2 - XBOX ONE Game Resident Evil: Revelations - PS3
http://busca.shoptime.com.br/produto.php?link=http://www.shoptime.com.br/produto/121800670/game-resident-evil-revelations-2-xbox-one&ranking=14&sessao=U8GFMU33DES07&idbusca=c17fa8a26b759d7c2dbb3bfc68fc9d429644a09c&idproduto=121800670
		Acessando URL do produto.
		Nome do Produto: Game - Resident Evil Revelations 2 - PS4 Game - Resident Evil Revelations 2 - Xbox360 Game - Resident Evil: Revelations - XBOX 360 Game - Resident Evil - Revelations - Xbox 360 Resident Evil Revelations Wii U Resident Evil Revelations 2 - Xbox 360 Game Resident Evil: Revelations + Dead Island + Metal Gear Rising - PS3 Game Resident Evil Revelations 2 + Devil May Cry: Definitive Edition -... Game Resident Evil: Revelations + Metal Gear Rising + FIFA 13 - PS3 Game Resident Evil Revelations 2 + The Evil Within - PS4 Game Dying Light + Resident Evil Revelations 2 - PS4 Game - Resident Evil Revelations 2 - PS3 Game - Resident Evil: Revelations - PS3 Game - Resident Evil Revelations 2 - Xbox One Game Resident Evil: Revelations -XBOX 360 Game Resident Evil: Revelations - PS3 Game Resident Evil Revelations 2 + The Last of Us - PS3 Game Resident Evil Revelations - 3DS Game Dying Light + Resident Evil Revelations 2 - XBOX ONE Game Resident Evil: Revelations - PS3
http://busca.shoptime.com.br/produto.php?link=http://www.shoptime.com.br/produto/7938491/game-resident-evil-revelations-xbox-360&ranking=15&sessao=U8GFMU33DES07&idbusca=c17fa8a26b759d7c2dbb3bfc68fc9d429644a09c&idproduto=7938491
		Acessando URL do produto.
		Nome do Produto: Game - Resident Evil Revelations 2 - PS4 Game - Resident Evil Revelations 2 - Xbox360 Game - Resident Evil: Revelations - XBOX 360 Game - Resident Evil - Revelations - Xbox 360 Resident Evil Revelations Wii U Resident Evil Revelations 2 - Xbox 360 Game Resident Evil: Revelations + Dead Island + Metal Gear Rising - PS3 Game Resident Evil Revelations 2 + Devil May Cry: Definitive Edition -... Game Resident Evil: Revelations + Metal Gear Rising + FIFA 13 - PS3 Game Resident Evil Revelations 2 + The Evil Within - PS4 Game Dying Light + Resident Evil Revelations 2 - PS4 Game - Resident Evil Revelations 2 - PS3 Game - Resident Evil: Revelations - PS3 Game - Resident Evil Revelations 2 - Xbox One Game Resident Evil: Revelations -XBOX 360 Game Resident Evil: Revelations - PS3 Game Resident Evil Revelations 2 + The Last of Us - PS3 Game Resident Evil Revelations - 3DS Game Dying Light + Resident Evil Revelations 2 - XBOX ONE Game Resident Evil: Revelations - PS3
http://busca.shoptime.com.br/produto.php?link=http://www.shoptime.com.br/produto/7938490/game-resident-evil-revelations-ps3&ranking=16&sessao=U8GFMU33DES07&idbusca=c17fa8a26b759d7c2dbb3bfc68fc9d429644a09c&idproduto=7938490
		Acessando URL do produto.
		Nome do Produto: Game - Resident Evil Revelations 2 - PS4 Game - Resident Evil Revelations 2 - Xbox360 Game - Resident Evil: Revelations - XBOX 360 Game - Resident Evil - Revelations - Xbox 360 Resident Evil Revelations Wii U Resident Evil Revelations 2 - Xbox 360 Game Resident Evil: Revelations + Dead Island + Metal Gear Rising - PS3 Game Resident Evil Revelations 2 + Devil May Cry: Definitive Edition -... Game Resident Evil: Revelations + Metal Gear Rising + FIFA 13 - PS3 Game Resident Evil Revelations 2 + The Evil Within - PS4 Game Dying Light + Resident Evil Revelations 2 - PS4 Game - Resident Evil Revelations 2 - PS3 Game - Resident Evil: Revelations - PS3 Game - Resident Evil Revelations 2 - Xbox One Game Resident Evil: Revelations -XBOX 360 Game Resident Evil: Revelations - PS3 Game Resident Evil Revelations 2 + The Last of Us - PS3 Game Resident Evil Revelations - 3DS Game Dying Light + Resident Evil Revelations 2 - XBOX ONE Game Resident Evil: Revelations - PS3
http://busca.shoptime.com.br/produto.php?link=http://www.shoptime.com.br/produto/122450270/game-resident-evil-revelations-2-the-last-of-us-ps3&ranking=17&sessao=U8GFMU33DES07&idbusca=c17fa8a26b759d7c2dbb3bfc68fc9d429644a09c&idproduto=122450270
		Acessando URL do produto.
		Nome do Produto: Game - Resident Evil Revelations 2 - PS4 Game - Resident Evil Revelations 2 - Xbox360 Game - Resident Evil: Revelations - XBOX 360 Game - Resident Evil - Revelations - Xbox 360 Resident Evil Revelations Wii U Resident Evil Revelations 2 - Xbox 360 Game Resident Evil: Revelations + Dead Island + Metal Gear Rising - PS3 Game Resident Evil Revelations 2 + Devil May Cry: Definitive Edition -... Game Resident Evil: Revelations + Metal Gear Rising + FIFA 13 - PS3 Game Resident Evil Revelations 2 + The Evil Within - PS4 Game Dying Light + Resident Evil Revelations 2 - PS4 Game - Resident Evil Revelations 2 - PS3 Game - Resident Evil: Revelations - PS3 Game - Resident Evil Revelations 2 - Xbox One Game Resident Evil: Revelations -XBOX 360 Game Resident Evil: Revelations - PS3 Game Resident Evil Revelations 2 + The Last of Us - PS3 Game Resident Evil Revelations - 3DS Game Dying Light + Resident Evil Revelations 2 - XBOX ONE Game Resident Evil: Revelations - PS3
http://busca.shoptime.com.br/produto.php?link=http://www.shoptime.com.br/produto/110839190/game-resident-evil-revelations-3ds&ranking=18&sessao=U8GFMU33DES07&idbusca=c17fa8a26b759d7c2dbb3bfc68fc9d429644a09c&idproduto=110839190
		Acessando URL do produto.
		Nome do Produto: Game - Resident Evil Revelations 2 - PS4 Game - Resident Evil Revelations 2 - Xbox360 Game - Resident Evil: Revelations - XBOX 360 Game - Resident Evil - Revelations - Xbox 360 Resident Evil Revelations Wii U Resident Evil Revelations 2 - Xbox 360 Game Resident Evil: Revelations + Dead Island + Metal Gear Rising - PS3 Game Resident Evil Revelations 2 + Devil May Cry: Definitive Edition -... Game Resident Evil: Revelations + Metal Gear Rising + FIFA 13 - PS3 Game Resident Evil Revelations 2 + The Evil Within - PS4 Game Dying Light + Resident Evil Revelations 2 - PS4 Game - Resident Evil Revelations 2 - PS3 Game - Resident Evil: Revelations - PS3 Game - Resident Evil Revelations 2 - Xbox One Game Resident Evil: Revelations -XBOX 360 Game Resident Evil: Revelations - PS3 Game Resident Evil Revelations 2 + The Last of Us - PS3 Game Resident Evil Revelations - 3DS Game Dying Light + Resident Evil Revelations 2 - XBOX ONE Game Resident Evil: Revelations - PS3
http://busca.shoptime.com.br/produto.php?link=http://www.shoptime.com.br/produto/122449877/game-dying-light-resident-evil-revelations-2-xbox-one&ranking=19&sessao=U8GFMU33DES07&idbusca=c17fa8a26b759d7c2dbb3bfc68fc9d429644a09c&idproduto=122449877
		Acessando URL do produto.
		Nome do Produto: Game - Resident Evil Revelations 2 - PS4 Game - Resident Evil Revelations 2 - Xbox360 Game - Resident Evil: Revelations - XBOX 360 Game - Resident Evil - Revelations - Xbox 360 Resident Evil Revelations Wii U Resident Evil Revelations 2 - Xbox 360 Game Resident Evil: Revelations + Dead Island + Metal Gear Rising - PS3 Game Resident Evil Revelations 2 + Devil May Cry: Definitive Edition -... Game Resident Evil: Revelations + Metal Gear Rising + FIFA 13 - PS3 Game Resident Evil Revelations 2 + The Evil Within - PS4 Game Dying Light + Resident Evil Revelations 2 - PS4 Game - Resident Evil Revelations 2 - PS3 Game - Resident Evil: Revelations - PS3 Game - Resident Evil Revelations 2 - Xbox One Game Resident Evil: Revelations -XBOX 360 Game Resident Evil: Revelations - PS3 Game Resident Evil Revelations 2 + The Last of Us - PS3 Game Resident Evil Revelations - 3DS Game Dying Light + Resident Evil Revelations 2 - XBOX ONE Game Resident Evil: Revelations - PS3
http://busca.shoptime.com.br/produto.php?link=http://www.shoptime.com.br/produto/113266497/game-resident-evil-revelations-ps3&ranking=20&sessao=U8GFMU33DES07&idbusca=c17fa8a26b759d7c2dbb3bfc68fc9d429644a09c&idproduto=113266497
		Acessando URL do produto.
	Tempo Para buscar: 8603
Loja: ShopB
	URL Principal: http://www.shopb.com.br/
	URL Busca: http://busca.shopb.com.br/?busca=<BUSCA>
http://busca.shopb.com.br/?busca=Resident+Evil+Revelations
		Documento Lido
		Resultados: 40
		Nome do Produto: Resident Evil Revelations - XBOX 360
http://shopb.ecommercesearch.com.br/Busca/Redir?url=http%3a%2f%2fwww.shopb.com.br%2fecommerce_site%2findex.php%3fpg%3dproduto%26cdg%3d4488%26idp%3d31651%26idparceiro%3dp1&esid=31651
		Acessando URL do produto.
		Nome do Produto: Resident Evil: Revelations 2 - PS3
http://shopb.ecommercesearch.com.br/Busca/Redir?url=http%3a%2f%2fwww.shopb.com.br%2fecommerce_site%2findex.php%3fpg%3dproduto%26cdg%3d4488%26idp%3d39213%26idparceiro%3dp1&esid=39213
		Acessando URL do produto.
		Nome do Produto: Resident Evil: Revelations 2 - PS4
http://shopb.ecommercesearch.com.br/Busca/Redir?url=http%3a%2f%2fwww.shopb.com.br%2fecommerce_site%2findex.php%3fpg%3dproduto%26cdg%3d4488%26idp%3d39211%26idparceiro%3dp1&esid=39211
		Acessando URL do produto.
		Nome do Produto: Resident Evil: Revelations 2 - XBOX 360
http://shopb.ecommercesearch.com.br/Busca/Redir?url=http%3a%2f%2fwww.shopb.com.br%2fecommerce_site%2findex.php%3fpg%3dproduto%26cdg%3d4488%26idp%3d39214%26idparceiro%3dp1&esid=39214
		Acessando URL do produto.
		Nome do Produto: Resident Evil: Revelations 2 - XBOX ONE
http://shopb.ecommercesearch.com.br/Busca/Redir?url=http%3a%2f%2fwww.shopb.com.br%2fecommerce_site%2findex.php%3fpg%3dproduto%26cdg%3d4488%26idp%3d39212%26idparceiro%3dp1&esid=39212
		Acessando URL do produto.
		Nome do Produto: Skin PS3 - Resident Evil Revelations MOD 1
http://shopb.ecommercesearch.com.br/Busca/Redir?url=http%3a%2f%2fwww.shopb.com.br%2fecommerce_site%2findex.php%3fpg%3dproduto%26cdg%3d4488%26idp%3d17101%26idparceiro%3dp1&esid=17101
		Acessando URL do produto.
		Nome do Produto: Skin PS3 - Resident Evil Revelations MOD 2
http://shopb.ecommercesearch.com.br/Busca/Redir?url=http%3a%2f%2fwww.shopb.com.br%2fecommerce_site%2findex.php%3fpg%3dproduto%26cdg%3d4488%26idp%3d17109%26idparceiro%3dp1&esid=17109
		Acessando URL do produto.
		Nome do Produto: Resident Evil Revelations - 3DS
http://shopb.ecommercesearch.com.br/Busca/Redir?url=http%3a%2f%2fwww.shopb.com.br%2fecommerce_site%2findex.php%3fpg%3dproduto%26cdg%3d4488%26idp%3d21595%26idparceiro%3dp1&esid=21595
		Acessando URL do produto.
		Nome do Produto: Resident Evil Revelations - PS3
http://shopb.ecommercesearch.com.br/Busca/Redir?url=http%3a%2f%2fwww.shopb.com.br%2fecommerce_site%2findex.php%3fpg%3dproduto%26cdg%3d4488%26idp%3d31632%26idparceiro%3dp1&esid=31632
		Acessando URL do produto.
		Nome do Produto: Resident Evil Revelations - Wii U
http://shopb.ecommercesearch.com.br/Busca/Redir?url=http%3a%2f%2fwww.shopb.com.br%2fecommerce_site%2findex.php%3fpg%3dproduto%26cdg%3d4488%26idp%3d35633%26idparceiro%3dp1&esid=35633
		Acessando URL do produto.
		Nome do Produto: Assassins Creed: Revelations - PS3
			Igorando Pelo Filtro de Nome...
		Nome do Produto: Assassins Creed: Revelations - XBOX 360
			Igorando Pelo Filtro de Nome...
		Nome do Produto: Dance Dance Revolution Universe 3 - XBOX 360
			Igorando Pelo Filtro de Nome...
		Nome do Produto: Deus Ex: Human Revolution - PS3
			Igorando Pelo Filtro de Nome...
		Nome do Produto: Deus Ex: Human Revolution - XBOX 360
			Igorando Pelo Filtro de Nome...
		Nome do Produto: Deus Ex: Human Revolution Directors Cut Edition - PS3
			Igorando Pelo Filtro de Nome...
		Nome do Produto: Deus Ex: Human Revolution Directors Cut Edition - XBOX 360
			Igorando Pelo Filtro de Nome...
		Nome do Produto: Diablo 3 Reaper of souls: Ultimate Evil Edition - XBOX 360
			Igorando Pelo Filtro de Nome...
		Nome do Produto: Diablo 3 Reaper of souls: Ultimate Evil Edition - XBOX ONE
			Igorando Pelo Filtro de Nome...
		Nome do Produto: Karaoke Revolutions + Microfone - XBOX 360
			Igorando Pelo Filtro de Nome...
		Nome do Produto: Naruto Shippuden: Ultimate Ninja Storm Revolution - PS3
			Igorando Pelo Filtro de Nome...
		Nome do Produto: Naruto Shippuden: Ultimate Ninja Storm Revolution - XBOX 360
			Igorando Pelo Filtro de Nome...
		Nome do Produto: Resistance 2 - PS3
			Igorando Pelo Filtro de Nome...
		Nome do Produto: Resistance 3 - PS3
			Igorando Pelo Filtro de Nome...
		Nome do Produto: Resistance 3: Survivor Edition - PS3
			Igorando Pelo Filtro de Nome...
		Nome do Produto: Resistance: Burning Skies - PS Vita
			Igorando Pelo Filtro de Nome...
		Nome do Produto: Resistance: Fall of Man - PS3
			Igorando Pelo Filtro de Nome...
		Nome do Produto: Sid Meiers: Civilization Revolution - XBOX 360
			Igorando Pelo Filtro de Nome...
		Nome do Produto: Skin XBOX - Resident Evil 6 MOD 1
			Igorando Pelo Filtro de Nome...
		Nome do Produto: Super Poster - Assassins Creed Revelations
			Igorando Pelo Filtro de Nome...
		Nome do Produto: Super Poster - Resident Evil 4
			Igorando Pelo Filtro de Nome...
		Nome do Produto: Super Poster - Resident Evil Darkside Chronicles
			Igorando Pelo Filtro de Nome...
		Nome do Produto: Super Poster - Resident Evil: Operation Raccoon City MOD 02
			Igorando Pelo Filtro de Nome...
		Nome do Produto: Super Poster - Resident Evil: Operation Raccoon City MOD 03
			Igorando Pelo Filtro de Nome...
		Nome do Produto: Super Poster - Resident Evil: Operation Raccoon City MOD 04
			Igorando Pelo Filtro de Nome...
		Nome do Produto: The Evil Within - PS4
			Igorando Pelo Filtro de Nome...
		Nome do Produto: The Evil Within - XBOX 360
			Igorando Pelo Filtro de Nome...
		Nome do Produto: The Evil Within - XBOX ONE
			Igorando Pelo Filtro de Nome...
		Nome do Produto: Worms: The Revolution Collection - PS3
			Igorando Pelo Filtro de Nome...
		Nome do Produto: Deus Ex: Human Revolution: Augmented Edition - XBOX 360
			Igorando Pelo Filtro de Nome...
	Tempo Para buscar: 16532
Loja: Submarino
	URL Principal: http://www.submarino.com.br/
	URL Busca: http://busca.submarino.com.br/busca.php?q=<BUSCA>
http://busca.submarino.com.br/busca.php?q=Resident+Evil+Revelations
		Documento Lido
		Resultados: 21
		Nome do Produto: Game Resident Evil: Revelations - PS3
http://busca.submarino.com.br/produto.php?link=http://www.submarino.com.br/produto/113266497/game-resident-evil-revelations-ps3&ranking=1&sessao=U8GFNPZKSUSS7&idbusca=6c7c8acb2296505e3ff481954ec26ecba9444269&idproduto=113266497
		Acessando URL do produto.
		Nome do Produto: Game - Resident Evil Revelations 2 - PS3
http://busca.submarino.com.br/produto.php?link=http://www.submarino.com.br/produto/121800611/game-resident-evil-revelations-2-ps3&ranking=2&sessao=U8GFNPZKSUSS7&idbusca=6c7c8acb2296505e3ff481954ec26ecba9444269&idproduto=121800611
		Acessando URL do produto.
		Nome do Produto: Game - Resident Evil Revelations 2 - PS4
http://busca.submarino.com.br/produto.php?link=http://www.submarino.com.br/produto/121800637/game-resident-evil-revelations-2-ps4&ranking=3&sessao=U8GFNPZKSUSS7&idbusca=6c7c8acb2296505e3ff481954ec26ecba9444269&idproduto=121800637
		Acessando URL do produto.
		Nome do Produto: Game - Resident Evil: Revelations - XBOX 360
http://busca.submarino.com.br/produto.php?link=http://www.submarino.com.br/produto/120743626/game-resident-evil-revelations-xbox-360&ranking=4&sessao=U8GFNPZKSUSS7&idbusca=6c7c8acb2296505e3ff481954ec26ecba9444269&idproduto=120743626
		Acessando URL do produto.
		Nome do Produto: Game - Resident Evil Revelations 2 - Xbox360
http://busca.submarino.com.br/produto.php?link=http://www.submarino.com.br/produto/121800653/game-resident-evil-revelations-2-xbox360&ranking=5&sessao=U8GFNPZKSUSS7&idbusca=6c7c8acb2296505e3ff481954ec26ecba9444269&idproduto=121800653
		Acessando URL do produto.
		Nome do Produto: Game Resident Evil: Revelations + Dead Island + Metal Gear Rising - PS3
http://busca.submarino.com.br/produto.php?link=http://www.submarino.com.br/produto/121662465/game-resident-evil-revelations-dead-island-metal-gear-rising-ps3&ranking=6&sessao=U8GFNPZKSUSS7&idbusca=6c7c8acb2296505e3ff481954ec26ecba9444269&idproduto=121662465
		Acessando URL do produto.
		Nome do Produto: Game Resident Evil: Revelations + Metal Gear Rising + FIFA 13 - PS3
http://busca.submarino.com.br/produto.php?link=http://www.submarino.com.br/produto/121662473/game-resident-evil-revelations-metal-gear-rising-fifa-13-ps3&ranking=7&sessao=U8GFNPZKSUSS7&idbusca=6c7c8acb2296505e3ff481954ec26ecba9444269&idproduto=121662473
		Acessando URL do produto.
		Nome do Produto: Game - Resident Evil - Revelations - Xbox 360
http://busca.submarino.com.br/produto.php?link=http://www.submarino.com.br/produto/120297478/game-resident-evil-revelations-xbox-360&ranking=8&sessao=U8GFNPZKSUSS7&idbusca=6c7c8acb2296505e3ff481954ec26ecba9444269&idproduto=120297478
		Acessando URL do produto.
		Nome do Produto: Game Resident Evil Revelations 2 + The Last of Us - PS3
http://busca.submarino.com.br/produto.php?link=http://www.submarino.com.br/produto/122450270/game-resident-evil-revelations-2-the-last-of-us-ps3&ranking=9&sessao=U8GFNPZKSUSS7&idbusca=6c7c8acb2296505e3ff481954ec26ecba9444269&idproduto=122450270
		Acessando URL do produto.
		Nome do Produto: Resident Evil Revelations Wii U
http://busca.submarino.com.br/produto.php?link=http://www.submarino.com.br/produto/8462919/resident-evil-revelations-wii-u&ranking=10&sessao=U8GFNPZKSUSS7&idbusca=6c7c8acb2296505e3ff481954ec26ecba9444269&idproduto=8462919
		Acessando URL do produto.
		Nome do Produto: Game Resident Evil: Revelations - PS3
http://busca.submarino.com.br/produto.php?link=http://www.submarino.com.br/produto/7938490/game-resident-evil-revelations-ps3&ranking=11&sessao=U8GFNPZKSUSS7&idbusca=6c7c8acb2296505e3ff481954ec26ecba9444269&idproduto=7938490
		Acessando URL do produto.
		Nome do Produto: Resident Evil Revelations 2 - Xbox 360
http://busca.submarino.com.br/produto.php?link=http://www.submarino.com.br/produto/9184058/resident-evil-revelations-2-xbox-360&ranking=12&sessao=U8GFNPZKSUSS7&idbusca=6c7c8acb2296505e3ff481954ec26ecba9444269&idproduto=9184058
		Acessando URL do produto.
		Nome do Produto: Game - Resident Evil: Revelations - PS3
http://busca.submarino.com.br/produto.php?link=http://www.submarino.com.br/produto/120743600/game-resident-evil-revelations-ps3&ranking=13&sessao=U8GFNPZKSUSS7&idbusca=6c7c8acb2296505e3ff481954ec26ecba9444269&idproduto=120743600
		Acessando URL do produto.
		Nome do Produto: Game Dying Light + Resident Evil Revelations 2 - PS4
http://busca.submarino.com.br/produto.php?link=http://www.submarino.com.br/produto/122404986/game-dying-light-resident-evil-revelations-2-ps4&ranking=14&sessao=U8GFNPZKSUSS7&idbusca=6c7c8acb2296505e3ff481954ec26ecba9444269&idproduto=122404986
		Acessando URL do produto.
		Nome do Produto: Game Resident Evil Revelations 2 + Devil May Cry: Definitive Edition - PS4
http://busca.submarino.com.br/produto.php?link=http://www.submarino.com.br/produto/122404978/game-resident-evil-revelations-2-devil-may-cry-definitive-edition-ps4&ranking=15&sessao=U8GFNPZKSUSS7&idbusca=6c7c8acb2296505e3ff481954ec26ecba9444269&idproduto=122404978
		Acessando URL do produto.
		Nome do Produto: Game Resident Evil Revelations 2 + The Evil Within - PS4
http://busca.submarino.com.br/produto.php?link=http://www.submarino.com.br/produto/122405049/game-resident-evil-revelations-2-the-evil-within-ps4&ranking=16&sessao=U8GFNPZKSUSS7&idbusca=6c7c8acb2296505e3ff481954ec26ecba9444269&idproduto=122405049
		Acessando URL do produto.
		Nome do Produto: Game - Resident Evil Revelations 2 - Xbox One
http://busca.submarino.com.br/produto.php?link=http://www.submarino.com.br/produto/121800670/game-resident-evil-revelations-2-xbox-one&ranking=17&sessao=U8GFNPZKSUSS7&idbusca=6c7c8acb2296505e3ff481954ec26ecba9444269&idproduto=121800670
		Acessando URL do produto.
		Nome do Produto: Game Resident Evil: Revelations -XBOX 360
http://busca.submarino.com.br/produto.php?link=http://www.submarino.com.br/produto/7938491/game-resident-evil-revelations-xbox-360&ranking=18&sessao=U8GFNPZKSUSS7&idbusca=6c7c8acb2296505e3ff481954ec26ecba9444269&idproduto=7938491
		Acessando URL do produto.
		Nome do Produto: Game Resident Evil Revelations - 3DS
http://busca.submarino.com.br/produto.php?link=http://www.submarino.com.br/produto/110839190/game-resident-evil-revelations-3ds&ranking=19&sessao=U8GFNPZKSUSS7&idbusca=6c7c8acb2296505e3ff481954ec26ecba9444269&idproduto=110839190
		Acessando URL do produto.
		Nome do Produto: Game Resident Evil: Revelations - PS3
http://busca.submarino.com.br/produto.php?link=http://www.submarino.com.br/produto/120296782/game-resident-evil-revelations-ps3&ranking=20&sessao=U8GFNPZKSUSS7&idbusca=6c7c8acb2296505e3ff481954ec26ecba9444269&idproduto=120296782
		Acessando URL do produto.
		Nome do Produto: Game Resident Evil: Revelations - Xbox 360
http://busca.submarino.com.br/produto.php?link=http://www.submarino.com.br/produto/113266518/game-resident-evil-revelations-xbox-360&ranking=21&sessao=U8GFNPZKSUSS7&idbusca=6c7c8acb2296505e3ff481954ec26ecba9444269&idproduto=113266518
		Acessando URL do produto.
	Tempo Para buscar: 10440
Loja: Walmart
	URL Principal: http://www.walmart.com.br/
	URL Busca: http://www.walmart.com.br/busca/?ft=<BUSCA>&PS=20
http://www.walmart.com.br/busca/?ft=Resident+Evil+Revelations&PS=20
		Documento Lido
		Resultados: 8
		Nome do Produto: Jogo PS3 Resident Evil: Revelations
http://www.walmart.com.br//produto/Games/Jogos-para-PS3/Capcom/377897-Jogo-PS3-Resident-Evil-Revelations
		Acessando URL do produto.
		Nome do Produto: Jogo Xbox 360 Resident Evil: Revelations
http://www.walmart.com.br//produto/Games/Jogos-para-Xbox-360/Capcom/377898-Jogo-Xbox-360-Resident-Evil-Revelations
		Acessando URL do produto.
		Nome do Produto: Jogo para XBOX One Resident Evil Revelations 2 Sony DADC CP6987ON
http://www.walmart.com.br//produto/Games/Jogos-para-Xbox-One/Sony-Dadc/505834-jogo-para-xbox-one-resident-evil-revelations-2-sony-dadc-cp6987on
		Acessando URL do produto.
		Nome do Produto: Jogo para PS4 Resident Evil Revelations 2 Sony DADC CP6987AN
http://www.walmart.com.br//produto/Games/Jogos-para-PS4/Sony-Dadc/505832-jogo-para-ps4-resident-evil-revelations-2-sony-dadc-cp6987an
		Acessando URL do produto.
		Nome do Produto: Jogo para PS3 Resident Evil Revelations 2 Rihmo CP6987BN
http://www.walmart.com.br//produto/Games/Jogos-para-PS3/Rihmo/505831-jogo-para-ps3-resident-evil-revelations-2-rihmo-cp6987bn
		Acessando URL do produto.
		Nome do Produto: Resident Evil Revelations Wii U
http://www.walmart.com.br//produto/Games/Jogos-Nintendo-Wii-U/Capcom/2377020m-resident_evil_revelations_wii_u
		Acessando URL do produto.
		Nome do Produto: Jogo para XBOX 360 Resident Evil Revelations 2 Rihmo CP6987XN
http://www.walmart.com.br//produto/Games/Jogos-para-Xbox-360/Rihmo/505833-jogo-para-xbox-360-resident-evil-revelations-2-rihmo-cp6987xn
		Acessando URL do produto.
		Nome do Produto: Resident Evil Revelations N3DS
http://www.walmart.com.br//produto/Games/Jogos-para-Nintendo-3DS/Capcom/2374441m-resident_evil_revelations_n3ds
		Acessando URL do produto.
	Tempo Para buscar: 9375

File copied from C:\java\workspace Estudo\lookforprices\resources\imports\css.css to C:\java\workspace Estudo\lookforprices\reports\2015-05-26 09\css.css
File copied from C:\java\workspace Estudo\lookforprices\resources\imports\jquery.js to C:\java\workspace Estudo\lookforprices\reports\2015-05-26 09\jquery.js
File copied from C:\java\workspace Estudo\lookforprices\resources\imports\scripts.js to C:\java\workspace Estudo\lookforprices\reports\2015-05-26 09\scripts.js
Tempo total de execução: 175140
