Game: Star fox 64
Product Name: Star fox 64
Loja: Nintendo eShop
	URL Principal: http://www.nintendo.com/3ds/eshop
	URL Busca: http://www.nintendo.com/json/content/get/game/filter?&qterm=<BUSCA>
NintendoEShopSearch.search() http://www.nintendo.com/json/content/get/game/filter?&qterm=Star+fox+64
		Documento Lido
		Resultados: 3
		Nome do Produto: Star Fox 64 3D
http://www.nintendo.com/games/detail/0j1gpK8X4abgC1PE17H7K9PGo5ehd1QR
		Acessando URL do produto.
URL = http://www.nintendo.com/games/detail/0j1gpK8X4abgC1PE17H7K9PGo5ehd1QR
		Nome do Produto: Rock Band 2
			Igorando Pelo Filtro de Nome...
		Nome do Produto: Star Fox 64
http://www.nintendo.com/games/detail/D8mJHx13Obly-Le1Pvg4tzvMncaVfRmZ
		Acessando URL do produto.
URL = http://www.nintendo.com/games/detail/D8mJHx13Obly-Le1Pvg4tzvMncaVfRmZ
	Tempo Para buscar: 1501
Loja: Americanas
	URL Principal: http://www.americanas.com.br/
	URL Busca: http://busca.americanas.com.br/busca.php?q=<BUSCA>
http://busca.americanas.com.br/busca.php?q=Star+fox+64
		Documento Lido
		Resultados: 30
		Nome do Produto: Boneco Starwars Anakin To Vader - A2177 Hasbro
			Igorando Pelo Filtro de Nome...
		Nome do Produto: Boneco Star Wars Fighter Pods Sortidos - Hasbro
			Igorando Pelo Filtro de Nome...
		Nome do Produto: Star Wars Saga Kallus 3.75'' - Hasbro
			Igorando Pelo Filtro de Nome...
		Nome do Produto: Boneco Star Wars Darth Vader - Hasbro
			Igorando Pelo Filtro de Nome...
		Nome do Produto: Conjunto de Mesa de Jantar Canto Alemanha Tabaco/Suede Canela + Cadeira Star - Viero Móveis
			Igorando Pelo Filtro de Nome...
		Nome do Produto: Armário Aéreo Telasul Star Triplo 3 Portas de Vidro Preto - (55x120x29cm)
			Igorando Pelo Filtro de Nome...
		Nome do Produto: Coleção Dvd Star Wars - A Saga Completa (6 discos)
			Igorando Pelo Filtro de Nome...
		Nome do Produto: Boneco Star Wars Ezra - Hasbo
			Igorando Pelo Filtro de Nome...
		Nome do Produto: Boneco Star Wars Kallus - Hasbro
			Igorando Pelo Filtro de Nome...
		Nome do Produto: Boneco Star Wars Mission 3.75'' Ezra Bridger e Kanan Jarrus - Hasbro
			Igorando Pelo Filtro de Nome...
		Nome do Produto: Star Wars Class Ii The Advanced Prototype - Hasbro
			Igorando Pelo Filtro de Nome...
		Nome do Produto: Star Wars Class Ii Transportes de Tropas Imperiais - Hasbro
			Igorando Pelo Filtro de Nome...
		Nome do Produto: Boneco Star Wars Mission 3.75'' Comandante de Soldado de Assalto & Hera Syndulla - Hasbro
			Igorando Pelo Filtro de Nome...
		Nome do Produto: Boneco Star Wars Mission 3.75'' Stormtrooper e Tie Pilot - Hasbro
			Igorando Pelo Filtro de Nome...
		Nome do Produto: Boneco Star Wars Stormtrooper Rebels - Hasbro
			Igorando Pelo Filtro de Nome...
		Nome do Produto: Stars Over England
			Igorando Pelo Filtro de Nome...
		Nome do Produto: Conjunto de Mesa de Jantar Canto Alemanha Avelã/Floral Cravo + Cadeira Star - Viero Móveis
			Igorando Pelo Filtro de Nome...
		Nome do Produto: Acessório Star Wars - Capacete do Capitão Rex - Hasbro
			Igorando Pelo Filtro de Nome...
		Nome do Produto: Star Wars Republic Gunship to Clone Pilot - Hasbro
			Igorando Pelo Filtro de Nome...
		Nome do Produto: Star Wars Gal Grievous to Griev. Starfighter - Hasbro
			Igorando Pelo Filtro de Nome...
		Nome do Produto: Sabre De Luz Eletrônico Star Wars Lx Mestre Yoda - Hasbro
			Igorando Pelo Filtro de Nome...
		Nome do Produto: Máscara Star Wars Rebels - Darth Vader - A8555 - Hasbro
			Igorando Pelo Filtro de Nome...
		Nome do Produto: Star Wars Fightpod Propulsor com 4 Figuras A0693/A0694 - Hasbro
			Igorando Pelo Filtro de Nome...
		Nome do Produto: Boneco Star Wars Luke Skywalker - Hasbro
			Igorando Pelo Filtro de Nome...
		Nome do Produto: Star Wars Veículo Class Li - Hasbro
			Igorando Pelo Filtro de Nome...
		Nome do Produto: Star Wars Black Series Bastila Shan - Hasbro
			Igorando Pelo Filtro de Nome...
		Nome do Produto: Star Wars Mestre Yoda - Hasbro
			Igorando Pelo Filtro de Nome...
		Nome do Produto: Star Wars Black Series Toryn Fair - Hasbro
			Igorando Pelo Filtro de Nome...
		Nome do Produto: Star Wars Black Series Dak Ralter - Hasbro
			Igorando Pelo Filtro de Nome...
		Nome do Produto: Star Wars Black Series Snowtropper - Hasbro
			Igorando Pelo Filtro de Nome...
	Tempo Para buscar: 747
Loja: Big Boy Games
	URL Principal: http://www.bigboygames.com.br/
	URL Busca: http://www.bigboygames.com.br/pesquisa/?p=<BUSCA>
http://www.bigboygames.com.br/pesquisa/?p=Star+fox+64
		Documento Lido
		Resultados*: 1
		Acessando URL do produto.
	Tempo Para buscar: 2218
Loja: Casas Bahia
	URL Principal: http://www.casasbahia.com.br/
	URL Busca: http://buscas.casasbahia.com.br/search?w=<BUSCA>
http://buscas.casasbahia.com.br/search?w=Star+fox+64
		Documento Lido
		Resultados: 1
		Nome do Produto: Yellow Star
			Igorando Pelo Filtro de Nome...
		Nome do Produto: Fox-Hunting
			Igorando Pelo Filtro de Nome...
		Nome do Produto: Fox
			Igorando Pelo Filtro de Nome...
		Nome do Produto: Fox
			Igorando Pelo Filtro de Nome...
		Nome do Produto: Star-Crossed
			Igorando Pelo Filtro de Nome...
		Nome do Produto: Foxe`s Book of Martyrs
			Igorando Pelo Filtro de Nome...
		Nome do Produto: Foxe`s Book of Martyrs
			Igorando Pelo Filtro de Nome...
		Nome do Produto: Placa de Vídeo Quadro NVS310 512MB DDR3 64 Bits PCI-E PNY
			Igorando Pelo Filtro de Nome...
		Nome do Produto: Fat Fox
			Igorando Pelo Filtro de Nome...
		Nome do Produto: Fox Talk
			Igorando Pelo Filtro de Nome...
		Nome do Produto: Foxe Hunt
			Igorando Pelo Filtro de Nome...
		Nome do Produto: Foxe Tail
			Igorando Pelo Filtro de Nome...
		Nome do Produto: Foxe Fire
			Igorando Pelo Filtro de Nome...
		Nome do Produto: George Fox
			Igorando Pelo Filtro de Nome...
		Nome do Produto: Ben Fox
			Igorando Pelo Filtro de Nome...
		Nome do Produto: Conjunto Gabinete Aspen KCG64
			Igorando Pelo Filtro de Nome...
		Nome do Produto: Cabo firewire retrátil 6-4
			Igorando Pelo Filtro de Nome...
		Nome do Produto: Pivotal Moments `64
			Igorando Pelo Filtro de Nome...
		Nome do Produto: Berço Peg-Pérego Prima Nanna IXBE5064AZC43 - Star Blue
			Igorando Pelo Filtro de Nome...
		Nome do Produto: Hot Wheels Star Wars - Darth Maul - Mattel
			Igorando Pelo Filtro de Nome...
	Tempo Para buscar: 2526
Loja: Extra
	URL Principal: http://www.extra.com.br/
	URL Busca: http://buscando.extra.com.br/search?w=<BUSCA>
http://buscando.extra.com.br/search?w=Star+fox+64
		Documento Lido
		Resultados: 12
		Nome do Produto: Yellow Star
			Igorando Pelo Filtro de Nome...
		Nome do Produto: Fox-Hunting
			Igorando Pelo Filtro de Nome...
		Nome do Produto: Fox
			Igorando Pelo Filtro de Nome...
		Nome do Produto: Fox
			Igorando Pelo Filtro de Nome...
		Nome do Produto: Star-Crossed
			Igorando Pelo Filtro de Nome...
		Nome do Produto: Foxe`s Book of Martyrs
			Igorando Pelo Filtro de Nome...
		Nome do Produto: Foxe`s Book of Martyrs
			Igorando Pelo Filtro de Nome...
		Nome do Produto: Placa de Vídeo Quadro NVS310 512MB DDR3 64 Bits PCI-E PNY
			Igorando Pelo Filtro de Nome...
		Nome do Produto: Foxe Tail
			Igorando Pelo Filtro de Nome...
		Nome do Produto: Foxe Fire
			Igorando Pelo Filtro de Nome...
		Nome do Produto: Fat Fox
			Igorando Pelo Filtro de Nome...
		Nome do Produto: George Fox
			Igorando Pelo Filtro de Nome...
	Tempo Para buscar: 2676
Loja: E-Virtua
	URL Principal: http://www.evirtua.com.br/
	URL Busca: http://www.evirtua.com.br/Busca?search_department_id=0&SearchTerm=<BUSCA>
http://www.evirtua.com.br/Busca?search_department_id=0&SearchTerm=Star+fox+64
		Documento Lido
		Resultados: 0
	Tempo Para buscar: 162
Loja: Fast Games
	URL Principal: http://www.fastgames.com.br/
	URL Busca: http://www.fastgames.com.br/loja/busca.php?loja=187970&palavra_busca=<BUSCA>
http://www.fastgames.com.br/loja/busca.php?loja=187970&palavra_busca=Star+fox+64
		Documento Lido
		Resultados: 1
		Nome do Produto: Norton Internet Security (Para 1 Usuário) - PC
			Igorando Pelo Filtro de Nome...
	Tempo Para buscar: 2074
Loja: Fast Shop
	URL Principal: http://www.fastshop.com.br/loja/
	URL Busca: http://www.fastshop.com.br/webapp/wcs/stores/servlet/SearchDisplay?searchTerm=<BUSCA>&categoryId=&storeId=10151&catalogId=11052&langId=-6&pageSize=9&beginIndex=0&sType=SimpleSearch&resultCatEntryType=2&showResultsPage=true&searchSource=Q&pageView=&hotsite=fastshop
http://www.fastshop.com.br/webapp/wcs/stores/servlet/SearchDisplay?searchTerm=Star+fox+64&categoryId=&storeId=10151&catalogId=11052&langId=-6&pageSize=9&beginIndex=0&sType=SimpleSearch&resultCatEntryType=2&showResultsPage=true&searchSource=Q&pageView=&hotsite=fastshop
		Documento Lido
		Resultados: 0
	Tempo Para buscar: 405
Loja: FNAC
	URL Principal: http://www.fnac.com.br/index.html
	URL Busca: http://busca.fnac.com.br/?busca=<BUSCA>
http://busca.fnac.com.br/?busca=Star+fox+64
		Documento Lido
		Resultados: 20
		Nome do Produto: Câmera Superzoom, Sony, Cyber-shot, Dsc-h400, 20.1mp, Ccd, 3.0'', Fixo, Filma em HD @ 30qps Com 63x Zoom, F/3.4-6.5
			Igorando Pelo Filtro de Nome...
		Nome do Produto: Câmera Superzoom, Nikon, Coolpix P530, Preta, 16.0 Mp,cmos, 3.0", Fixo, Filma em Full HD @ 30qps Com 42x Zoom, F/3.0-5.9, Ed Vr
			Igorando Pelo Filtro de Nome...
		Nome do Produto: Breaking Bad - A Coleção Completa - Edição de Colecionador - Barril (17 DVDs)
			Igorando Pelo Filtro de Nome...
		Nome do Produto: Câmera Compacta Zoom Nikon Coolpix S9500, Preta, 18.1 Mp Cmos, 3.0" Fixo, Filma em Fullhd @ 30qps, Com 22x Zoom, F/3.4-6.3, Ed Vr
			Igorando Pelo Filtro de Nome...
		Nome do Produto: Microsoft Windows Pro 8.1 32-bit/64-bit Brazilian Vup DVD
			Igorando Pelo Filtro de Nome...
		Nome do Produto: As Crônicas de Gelo E Fogo - Box Edição de Luxo
			Igorando Pelo Filtro de Nome...
		Nome do Produto: Box Bond 50 Anos Com Skyfall (blu-ray) (23 Discos)
			Igorando Pelo Filtro de Nome...
		Nome do Produto: Câmera Compacta, Nikon, Coolpix S5300, Preta, 16.0 Mp, Cmos, 3.0", Fixo, Filma em Full HD @ 30qps Com 8x, Zoom, F / 3.7-6.6 Vr
			Igorando Pelo Filtro de Nome...
		Nome do Produto: 75051 - Star Wars - Jedi™ Scout Fighter
			Igorando Pelo Filtro de Nome...
		Nome do Produto: Nespresso Inissia Fuchsia Velvet 110v
			Igorando Pelo Filtro de Nome...
		Nome do Produto: Nespresso Inissia Fuchsia Velvet 220v
			Igorando Pelo Filtro de Nome...
		Nome do Produto: Câmera Compacta, Sony, Cyber-shot, Dsc-w830/b, Violeta, 20.0 Mp, Ccd, 2.7", Fixo, Filma em HD @ 30qps Com 8x Zoom, F/3.3-6.3
			Igorando Pelo Filtro de Nome...
		Nome do Produto: Medicina Interna de Harrison - 1 E 2
			Igorando Pelo Filtro de Nome...
		Nome do Produto: Dinossauro Rex - Toy Story Falante E Articulado
			Igorando Pelo Filtro de Nome...
		Nome do Produto: Coleção 24 Horas - 1ª A 9ª Temporada + 24 Horas Redencao (53 DVDs)
			Igorando Pelo Filtro de Nome...
		Nome do Produto: Microsoft Windows 8.1 32-bit/64-bit Brazilian Vup DVD
			Igorando Pelo Filtro de Nome...
		Nome do Produto: True Blood - 1ª A 7ª Temporada (33 DVDs)
			Igorando Pelo Filtro de Nome...
		Nome do Produto: The Vampire Diaries - 1ª A 5ª Temporada (25 DVDs)
			Igorando Pelo Filtro de Nome...
		Nome do Produto: 75050 - Star Wars - B-wing
			Igorando Pelo Filtro de Nome...
		Nome do Produto: Coleção Big Bang - A Teoria - 1ª A 7ª Temporada (22 DVDs)
			Igorando Pelo Filtro de Nome...
	Tempo Para buscar: 1279
Loja: Kabum
	URL Principal: http://www.kabum.com.br/
	URL Busca: http://www.kabum.com.br/cgi-local/site/listagem/listagem.cgi?string=<BUSCA>&btnG=
http://www.kabum.com.br/cgi-local/site/listagem/listagem.cgi?string=Star+fox+64&btnG=
		Documento Lido
		Resultados: 0
	Tempo Para buscar: 414
Loja: Livraria Cultura
	URL Principal: http://www.livrariacultura.com.br/
	URL Busca: http://www.livrariacultura.com.br/busca?N=0&Ntt=<BUSCA>
http://www.livrariacultura.com.br/busca?N=0&Ntt=Star+fox+64
		Documento Lido
		Resultados: 5
		Nome do Produto: GAME FREAKS 365'S NINTENDO 3DS GUIDE
			Igorando Pelo Filtro de Nome...
		Nome do Produto: GRIMM'S HOUSEHOLD TALES
			Igorando Pelo Filtro de Nome...
		Nome do Produto: GRIMM'S FAIRY TALES
			Igorando Pelo Filtro de Nome...
		Nome do Produto: STAR FOX CHEATS
			Igorando Pelo Filtro de Nome...
		Nome do Produto: GAME FREAKS 365'S NINTENDO 3DS GUIDE
			Igorando Pelo Filtro de Nome...
	Tempo Para buscar: 803
Loja: Magazine Luiza
	URL Principal: http://www.magazineluiza.com.br/
	URL Busca: http://www.magazineluiza.com.br/busca/<BUSCA>/
http://www.magazineluiza.com.br/busca/Star+fox+64/
		Documento Lido
		Resultados: 60
		Nome do Produto: Cama Elástica Profissional Star 32 Molas - Suporta até 100kg
			Igorando Pelo Filtro de Nome...
		Nome do Produto: Colchonete Espuma p/ Ginástica - Star
			Igorando Pelo Filtro de Nome...
		Nome do Produto: Relógio Feminino All Star AS 58102 - Analógico Resistente à Água
			Igorando Pelo Filtro de Nome...
		Nome do Produto: Simulador de Caminhada Star Fitness - c/ Sistema de Amortecimento de Impacto
			Igorando Pelo Filtro de Nome...
		Nome do Produto: Simulador de Caminhada Star Fitness - com Batimento
			Igorando Pelo Filtro de Nome...
		Nome do Produto: Simulador de Caminhada Star Fitness - c/ Sistema de Amortecimento de Impacto
			Igorando Pelo Filtro de Nome...
		Nome do Produto: Aparelho Abdominal AB Luxo com Tapete - Star
			Igorando Pelo Filtro de Nome...
		Nome do Produto: Aparelho Abdominal Super com Colchonete - Star
			Igorando Pelo Filtro de Nome...
		Nome do Produto: Aparelho Abdominal AB Corps - Star
			Igorando Pelo Filtro de Nome...
		Nome do Produto: Barra de Tubo W - Star 1088
			Igorando Pelo Filtro de Nome...
		Nome do Produto: Barra para Exercícios Reta - Star 1180
			Igorando Pelo Filtro de Nome...
		Nome do Produto: Barra de Tubo Vulcanizada 30cm - Star 1181
			Igorando Pelo Filtro de Nome...
		Nome do Produto: Barra de Tubo Vulcanizada 30cm - Star 1179
			Igorando Pelo Filtro de Nome...
		Nome do Produto: Barra de Tubo Vulcanizada 30cm - Star 1177
			Igorando Pelo Filtro de Nome...
		Nome do Produto: Barra de Tubo Vulcanizada 30cm - Star 1178
			Igorando Pelo Filtro de Nome...
		Nome do Produto: Barra de Tubo 40cm - Star 1083
			Igorando Pelo Filtro de Nome...
		Nome do Produto: Barra de Tubo 120cm - Star 1084
			Igorando Pelo Filtro de Nome...
		Nome do Produto: Barra de Tubo 150cm - Star 1085
			Igorando Pelo Filtro de Nome...
		Nome do Produto: Barra de Tubo Romana 120cm - Star 1086
			Igorando Pelo Filtro de Nome...
		Nome do Produto: Simulador de Caminhada Space Fitness Twister - c/ 10 Tipos de Exercícios
			Igorando Pelo Filtro de Nome...
		Nome do Produto: Mesa para Computador/Escrivaninha Star - Artely
			Igorando Pelo Filtro de Nome...
		Nome do Produto: Pen Drive 64GB SanDisk iXpand - Trava de Proteção
			Igorando Pelo Filtro de Nome...
		Nome do Produto: Telefone sem Fio Dect 6.0 Digital - Motorola FOX500
			Igorando Pelo Filtro de Nome...
		Nome do Produto: Secador de Cabelo 2000W 2 Velocidades - Taiff Fox Íon
			Igorando Pelo Filtro de Nome...
		Nome do Produto: Cartão de Memória Micro SDHC 64GB - Kingston SDC10 com Adaptador
			Igorando Pelo Filtro de Nome...
		Nome do Produto: Colcha/Cobre-Leito Queen Size Artex Essentials - Stars 3 Peças 180 Fios 100% Algodão
			Igorando Pelo Filtro de Nome...
		Nome do Produto: Shak Super Blocos de Empilhar 50 Peças - Fisher-Price
			Igorando Pelo Filtro de Nome...
		Nome do Produto: Pen Drive 64GB USB 3.0 - Kingston Ultimate
			Igorando Pelo Filtro de Nome...
		Nome do Produto: Aerofólio Fox 2010/2011 - TG Poli
			Igorando Pelo Filtro de Nome...
		Nome do Produto: Aro para Farol para Fox 08/09/Space Fox - Flash
			Igorando Pelo Filtro de Nome...
		Nome do Produto: Capa de Estepe Fox CroosFox - 1Linha
			Igorando Pelo Filtro de Nome...
		Nome do Produto: Calota Aro 14 para Fox 2012 - Grid Calotas 262049
			Igorando Pelo Filtro de Nome...
		Nome do Produto: Calota Aro 15 para Fox Plus - Grid Calotas
			Igorando Pelo Filtro de Nome...
		Nome do Produto: Armário Multiuso Havana Star - Santos Andirá
			Igorando Pelo Filtro de Nome...
		Nome do Produto: Faixa Cromada Personalizada Volkswagen Fox - Burg FB0023
			Igorando Pelo Filtro de Nome...
		Nome do Produto: Faixa Cromada Personalizada Volkswagen Space Fox - Burg FB0020
			Igorando Pelo Filtro de Nome...
		Nome do Produto: Calota Aro 15 para Fox Space / Polo 2013 - Grid Calotas 262078
			Igorando Pelo Filtro de Nome...
		Nome do Produto: Capa de Estepe para Cross Fox - 1Linha
			Igorando Pelo Filtro de Nome...
		Nome do Produto: Tapete Automotivo para Fox e Spacefox - 4 Peças - Borcol
			Igorando Pelo Filtro de Nome...
		Nome do Produto: Tapete Automotivo p/ Fox 5 Peças - Flash 586030
			Igorando Pelo Filtro de Nome...
		Nome do Produto: Retrovisor para Carro Direito Fox 2004/2010 - Cofran
			Igorando Pelo Filtro de Nome...
		Nome do Produto: Calha de Chuva Acrílica para Fox 2004/2010 - ou Space Fox - TG Poli T22009
			Igorando Pelo Filtro de Nome...
		Nome do Produto: Calha de Chuva Acrílica p/ Fox 2004-2010 2 Portas - TG Poli T22008
			Igorando Pelo Filtro de Nome...
		Nome do Produto: Para-Choque Dianteiro para Fox Total Flex / City - Plus / Sportline 2008/2010 - DTS 316658
			Igorando Pelo Filtro de Nome...
		Nome do Produto: Friso Lateral para Fox - 04 portas - Volkswagen - 4 Peças - Sanfil
			Igorando Pelo Filtro de Nome...
		Nome do Produto: Friso Lateral para Fox - 02 portas - Volkswagen - 4 Peças - Sanfil
			Igorando Pelo Filtro de Nome...
		Nome do Produto: Friso Lateral para Fox 4 Peças - Inter Job
			Igorando Pelo Filtro de Nome...
		Nome do Produto: Friso Lateral para Fox 2010 4 Portas - 4 Peças - Sanfil
			Igorando Pelo Filtro de Nome...
		Nome do Produto: Friso Lateral para Fox 2010 4 Portas - 4 Peças - Sanfil 118118
			Igorando Pelo Filtro de Nome...
		Nome do Produto: Friso Lateral para Fox 2 Portas 4 Peças - Inter Job
			Igorando Pelo Filtro de Nome...
		Nome do Produto: Aplique para Retrovisor Cromado p/ Fox - Lado Direito - Shekparts 452161
			Igorando Pelo Filtro de Nome...
		Nome do Produto: Aplique para Retrovisor Cromado p/ Fox - Lado Esquerdo - Shekparts 452162
			Igorando Pelo Filtro de Nome...
		Nome do Produto: Aplique para Maçaneta Cromado p Fox Gol Saveiro GV - Golf 99 Bora 2 portas - Shekparts 342031
			Igorando Pelo Filtro de Nome...
		Nome do Produto: Aplique para Maçaneta Cromado p/ Gol Gv/Fox/Polo - Golf 99 e Bora 4 Portas - Shekparts 342032
			Igorando Pelo Filtro de Nome...
		Nome do Produto: Maçaneta Interna Cromada para Fox 2011 - 2 Peças - Flash
			Igorando Pelo Filtro de Nome...
		Nome do Produto: Friso Lateral para Cross Fox 2003 2 Portas - 4 Peças - Sanfil 119005
			Igorando Pelo Filtro de Nome...
		Nome do Produto: Smartphone Samsung Galaxy S6 Edge 64GB 4G - Android 5.0 Câm. 16MP Tela 5.1" Proc. Octa Core
			Igorando Pelo Filtro de Nome...
		Nome do Produto: Smartphone Samsung Galaxy S6 Edge 64GB 4G - Android 5.0 Câm. 16MP Tela 5.1" Proc. Octa Core
			Igorando Pelo Filtro de Nome...
		Nome do Produto: Smartphone Samsung Galaxy S6 Edge 64GB 4G - Android 5.0 Câm. 16MP Tela 5.1" Proc. Octa Core
			Igorando Pelo Filtro de Nome...
		Nome do Produto: Smartphone Samsung Galaxy S6 Edge 64GB 4G - Android 5.0 Câm. 16MP Tela 5.1" Proc. Octa Core
			Igorando Pelo Filtro de Nome...
	Tempo Para buscar: 755
Loja: Mula Games
	URL Principal: http://www.mulagames.com.br/
	URL Busca: http://www.mulagames.com.br/produtos-index/catalogo_produtos/-/-/<BUSCA>/-/-/-/-/-/
http://www.mulagames.com.br/produtos-index/catalogo_produtos/-/-/Star%20fox%2064/-/-/-/-/-/
		Documento Lido
		Resultados: 1
		Nome do Produto: Star Fox 64 3D - 3DS
http://www.mulagames.com.br/Star-Fox-64-3D-3DS/prod-457576/
		Acessando URL do produto.
http://www.mulagames.com.br/produto-ajax_retorna_dados_preco_comprar/457576
		Acessando URL do preço produto.
	Tempo Para buscar: 2203
Loja: Net Shoes
	URL Principal: http://www.netshoes.com.br/
	URL Busca: http://www.netshoes.com.br/search?Ntt=<BUSCA>
http://www.netshoes.com.br/search?Ntt=Star+fox+64
		Documento Lido
		Resultados: 60
		Nome do Produto: Kit 100% Whey Gold Standard 2 Lbs - Optimum Nutrition + GammaBlack 64 Cáps - Midway
			Igorando Pelo Filtro de Nome...
		Nome do Produto: Tênis Converse All Star Skidgrip CVO OX
			Igorando Pelo Filtro de Nome...
		Nome do Produto: Tênis Converse All Star Skidgrip CVO Chambray OX
			Igorando Pelo Filtro de Nome...
		Nome do Produto: Tênis Converse All Star CT AS Dainty Leather OX
			Igorando Pelo Filtro de Nome...
		Nome do Produto: Tênis Converse ALL STAR CT AS Core 2V Infantil
			Igorando Pelo Filtro de Nome...
		Nome do Produto: Tênis Converse All Star CT AS HI
			Igorando Pelo Filtro de Nome...
		Nome do Produto: Tênis Converse All Star CT AS HI
			Igorando Pelo Filtro de Nome...
		Nome do Produto: Tênis Converse ALL STAR CT AS Core OX
			Igorando Pelo Filtro de Nome...
		Nome do Produto: Tênis Converse All Star Skidgrip CVO OX
			Igorando Pelo Filtro de Nome...
		Nome do Produto: Tênis Converse ALL STAR CT AS Core Ox Infantil
			Igorando Pelo Filtro de Nome...
		Nome do Produto: Tênis Converse ALL STAR CT AS Core Ox Infantil
			Igorando Pelo Filtro de Nome...
		Nome do Produto: Tênis Converse ALL STAR CT AS Core 2V Infantil
			Igorando Pelo Filtro de Nome...
		Nome do Produto: Kit 100% Whey Gold Standard 2 Lbs - Optimum Nutrition + GammaBlack 64 Cáps - Midway
			Igorando Pelo Filtro de Nome...
		Nome do Produto: Kit 100% Whey Gold Standard 2 Lbs - Optimum Nutrition + GammaBlack 64 Cáps - Midway
			Igorando Pelo Filtro de Nome...
		Nome do Produto: Tênis Converse ALL STAR CT AS Core Ox Infantil
			Igorando Pelo Filtro de Nome...
		Nome do Produto: Tênis Converse All Star CT AS Seasonal OX
			Igorando Pelo Filtro de Nome...
		Nome do Produto: Tênis Converse ALL STAR CT AS Core OX
			Igorando Pelo Filtro de Nome...
		Nome do Produto: Tênis Converse ALL STAR CT AS Core 2V Infantil
			Igorando Pelo Filtro de Nome...
		Nome do Produto: Tênis Converse ALL STAR CT AS Core 2V Infantil
			Igorando Pelo Filtro de Nome...
		Nome do Produto: Tênis Adidas Star Foun CF Infantil
			Igorando Pelo Filtro de Nome...
		Nome do Produto: Tênis Adidas Star Foun CF Infantil
			Igorando Pelo Filtro de Nome...
		Nome do Produto: Tênis Converse ALL STAR CT AS Dainty OX
			Igorando Pelo Filtro de Nome...
		Nome do Produto: Tênis Adidas Star Foundation CF Infantil
			Igorando Pelo Filtro de Nome...
		Nome do Produto: Tênis Converse ALL STAR CT AS Core 2V Infantil
			Igorando Pelo Filtro de Nome...
		Nome do Produto: Tênis Converse ALL STAR CT AS Monochrome OX
			Igorando Pelo Filtro de Nome...
		Nome do Produto: Tênis Converse ALL STAR CT AS HI
			Igorando Pelo Filtro de Nome...
		Nome do Produto: Sapatilha Puma Ballerina Star
			Igorando Pelo Filtro de Nome...
		Nome do Produto: Tênis Adidas Essential Star
			Igorando Pelo Filtro de Nome...
		Nome do Produto: Tênis Converse All Star CT AS Malden OX Infantil
			Igorando Pelo Filtro de Nome...
		Nome do Produto: Tênis Converse ALL STAR Core HI Infantil
			Igorando Pelo Filtro de Nome...
		Nome do Produto: Tênis Adidas Star Foundation CF Infantil
			Igorando Pelo Filtro de Nome...
		Nome do Produto: Tênis Converse All Star CT AS Seasonal OX
			Igorando Pelo Filtro de Nome...
		Nome do Produto: Jaqueta Adidas Star TT
			Igorando Pelo Filtro de Nome...
		Nome do Produto: Tênis Converse ALL STAR Player EV Infantil
			Igorando Pelo Filtro de Nome...
		Nome do Produto: Tênis Converse ALL STAR CT AS Core OX
			Igorando Pelo Filtro de Nome...
		Nome do Produto: Tênis Converse ALL STAR Core HI Infantil
			Igorando Pelo Filtro de Nome...
		Nome do Produto: Tênis Converse ALL STAR CT AS Dainty OX
			Igorando Pelo Filtro de Nome...
		Nome do Produto: Tênis Converse All Star Skidgrip CVO Canvas OX Infantil
			Igorando Pelo Filtro de Nome...
		Nome do Produto: Sapatilha Puma Ballerina Star
			Igorando Pelo Filtro de Nome...
		Nome do Produto: Barraca Nautika Fox - 4 Pessoas
			Igorando Pelo Filtro de Nome...
		Nome do Produto: Tênis Converse All Star CT AS Seasonal OX
			Igorando Pelo Filtro de Nome...
		Nome do Produto: Tênis Converse All Star CT AS Seasonal OX
			Igorando Pelo Filtro de Nome...
		Nome do Produto: Tênis Converse All Star Skidgrip CVO Canvas OX Infantil
			Igorando Pelo Filtro de Nome...
		Nome do Produto: Tênis Converse All Star Skidgrip CVO Canvas OX Infantil
			Igorando Pelo Filtro de Nome...
		Nome do Produto: Tênis Converse All Star Skidgrip CVO Canvas OX Infantil
			Igorando Pelo Filtro de Nome...
		Nome do Produto: Tênis Converse ALL STAR CT AS Core OX Infantil
			Igorando Pelo Filtro de Nome...
		Nome do Produto: Tênis Converse All Star CT AS Seasonal OX
			Igorando Pelo Filtro de Nome...
		Nome do Produto: Tênis Adidas Essential Star
			Igorando Pelo Filtro de Nome...
		Nome do Produto: Agasalho Adidas 1 Star Wars DV TS Infantil
			Igorando Pelo Filtro de Nome...
		Nome do Produto: Tênis Converse All Star Skidgrip CVO Canvas OX Infantil
			Igorando Pelo Filtro de Nome...
		Nome do Produto: Tênis Converse ALL STAR CT AS Core 2V Infantil
			Igorando Pelo Filtro de Nome...
		Nome do Produto: Simulador de Caminhada Star Fitness + Abdominal
			Igorando Pelo Filtro de Nome...
		Nome do Produto: Tênis Converse ALL STAR Skidgrip EV
			Igorando Pelo Filtro de Nome...
		Nome do Produto: Jaqueta Adidas Star TT
			Igorando Pelo Filtro de Nome...
		Nome do Produto: Tênis Adidas Star Up
			Igorando Pelo Filtro de Nome...
		Nome do Produto: Tênis Converse All Star Skidgrip CVO Canvas OX Infantil
			Igorando Pelo Filtro de Nome...
		Nome do Produto: Agasalho Adidas 1 Star Wars ST TS Infantil
			Igorando Pelo Filtro de Nome...
		Nome do Produto: Tênis Converse All Star Skidgrip CVO Canvas OX Infantil
			Igorando Pelo Filtro de Nome...
		Nome do Produto: Tênis Adidas Star
			Igorando Pelo Filtro de Nome...
		Nome do Produto: Tênis Converse All Star Player EV OX
			Igorando Pelo Filtro de Nome...
	Tempo Para buscar: 531
Loja: Ponto Frio
	URL Principal: http://www.pontofrio.com.br/
	URL Busca: http://search.pontofrio.com.br/search?w=<BUSCA>
http://search.pontofrio.com.br/search?w=Star+fox+64
		Documento Lido
		Resultados: 1
		Nome do Produto: Yellow Star
			Igorando Pelo Filtro de Nome...
		Nome do Produto: Fox-Hunting
			Igorando Pelo Filtro de Nome...
		Nome do Produto: Fox
			Igorando Pelo Filtro de Nome...
		Nome do Produto: Fox
			Igorando Pelo Filtro de Nome...
		Nome do Produto: Star-Crossed
			Igorando Pelo Filtro de Nome...
		Nome do Produto: Foxe`s Book of Martyrs
			Igorando Pelo Filtro de Nome...
		Nome do Produto: Foxe`s Book of Martyrs
			Igorando Pelo Filtro de Nome...
		Nome do Produto: Placa de Vídeo Quadro NVS310 512MB DDR3 64 Bits PCI-E PNY
			Igorando Pelo Filtro de Nome...
		Nome do Produto: Cabo firewire retrátil 6-4
			Igorando Pelo Filtro de Nome...
		Nome do Produto: Pivotal Moments `64
			Igorando Pelo Filtro de Nome...
		Nome do Produto: Conjunto Gabinete Aspen KCG64
			Igorando Pelo Filtro de Nome...
		Nome do Produto: Fat Fox
			Igorando Pelo Filtro de Nome...
		Nome do Produto: Fox Talk
			Igorando Pelo Filtro de Nome...
		Nome do Produto: Foxe Tail
			Igorando Pelo Filtro de Nome...
		Nome do Produto: Foxe Hunt
			Igorando Pelo Filtro de Nome...
		Nome do Produto: Foxe Fire
			Igorando Pelo Filtro de Nome...
		Nome do Produto: George Fox
			Igorando Pelo Filtro de Nome...
		Nome do Produto: Ben Fox
			Igorando Pelo Filtro de Nome...
		Nome do Produto: Berço Peg-Pérego Prima Nanna IXBE5064AZC43 - Star Blue
			Igorando Pelo Filtro de Nome...
		Nome do Produto: Criado Mudo Infantil Frozen Disney Star Licenciado - Pura Magia
			Igorando Pelo Filtro de Nome...
		Nome do Produto: Yellow Star
			Igorando Pelo Filtro de Nome...
		Nome do Produto: Fox-Hunting
			Igorando Pelo Filtro de Nome...
		Nome do Produto: Fox
			Igorando Pelo Filtro de Nome...
		Nome do Produto: Fox
			Igorando Pelo Filtro de Nome...
		Nome do Produto: Star-Crossed
			Igorando Pelo Filtro de Nome...
		Nome do Produto: Foxe`s Book of Martyrs
			Igorando Pelo Filtro de Nome...
		Nome do Produto: Foxe`s Book of Martyrs
			Igorando Pelo Filtro de Nome...
		Nome do Produto: Placa de Vídeo Quadro NVS310 512MB DDR3 64 Bits PCI-E PNY
			Igorando Pelo Filtro de Nome...
		Nome do Produto: Cabo firewire retrátil 6-4
			Igorando Pelo Filtro de Nome...
		Nome do Produto: Pivotal Moments `64
			Igorando Pelo Filtro de Nome...
		Nome do Produto: Conjunto Gabinete Aspen KCG64
			Igorando Pelo Filtro de Nome...
		Nome do Produto: Fat Fox
			Igorando Pelo Filtro de Nome...
		Nome do Produto: Fox Talk
			Igorando Pelo Filtro de Nome...
		Nome do Produto: Foxe Tail
			Igorando Pelo Filtro de Nome...
		Nome do Produto: Foxe Hunt
			Igorando Pelo Filtro de Nome...
		Nome do Produto: Foxe Fire
			Igorando Pelo Filtro de Nome...
		Nome do Produto: George Fox
			Igorando Pelo Filtro de Nome...
		Nome do Produto: Ben Fox
			Igorando Pelo Filtro de Nome...
		Nome do Produto: Berço Peg-Pérego Prima Nanna IXBE5064AZC43 - Star Blue
			Igorando Pelo Filtro de Nome...
		Nome do Produto: Criado Mudo Infantil Frozen Disney Star Licenciado - Pura Magia
			Igorando Pelo Filtro de Nome...
	Tempo Para buscar: 2266
Loja: Ricardo Eletro
	URL Principal: http://www.ricardoeletro.com.br/
	URL Busca: http://www.ricardoeletro.com.br/Busca/Resultado/?q=<BUSCA>
http://www.ricardoeletro.com.br/Busca/Resultado/?q=Star+fox+64
		Documento Lido
		Resultados: 20
		Nome do Produto: Relogio Feminino All Star Quartzo Analogico Branco/Prata, Pulseira De Couro Sintetico, Caixa De 40mm - As58114 + Óculos All Star
			Igorando Pelo Filtro de Nome...
		Nome do Produto: Relogio Feminino All Star Quartzo Analogico Marron/Prata, Pulseira De Plastico, Caixa De 40mm - As581451 + Óculos All Star
			Igorando Pelo Filtro de Nome...
		Nome do Produto: Relogio Feminino All Star Quartzo Analogico Azul/Prata, Pulseira De Plastico, Caixa De 40mm - As581371 + Óculos All Star
			Igorando Pelo Filtro de Nome...
		Nome do Produto: Relogio Unisex All Star Quartzo Analogico Branco/Prata, Pulseira De Plastico, Caixa De 40mm - As581431 + Óculos All Star
			Igorando Pelo Filtro de Nome...
		Nome do Produto: Relogio Feminino All Star Quartzo Analogico Branco, Pulseira De Plastico, Caixa De 40mm - As58103 + Óculos All Star
			Igorando Pelo Filtro de Nome...
		Nome do Produto: Relogio Unisex All Star Quartzo Analogico Branco, Pulseira De Plastico, Caixa De 40mm - As58135 + Óculos All Star
			Igorando Pelo Filtro de Nome...
		Nome do Produto: Relogio Unisex All Star Quartzo Analogico Branco, Pulseira De Plastico, Caixa De 40mm - As581534 + Óculos All Star
			Igorando Pelo Filtro de Nome...
		Nome do Produto: Relogio Unisex All Star Quartzo Analogico Azul, Pulseira De Plastico, Caixa De 40mm - As581676 + Óculos All Star
			Igorando Pelo Filtro de Nome...
		Nome do Produto: Relogio Unisex All Star Quartzo Analogico Azul, Pulseira De Couro Sintetico, Caixa De 40mm - As58107 + Óculos All Star
			Igorando Pelo Filtro de Nome...
		Nome do Produto: 75034 LEGO Star Wars - Death Star™ Troopers™
			Igorando Pelo Filtro de Nome...
		Nome do Produto: Relogio Feminino All Star Quartzo Analogico Rosa, Pulseira De Plastico, Caixa De 40mm - As58101 + Óculos All Star
			Igorando Pelo Filtro de Nome...
		Nome do Produto: Playset Star Wars Commander - Nave Star Destroyer - Hasbro
			Igorando Pelo Filtro de Nome...
		Nome do Produto: Relogio Feminino All Star Quartzo Analogico Vermelho, Pulseira De Plastico, Caixa De 40mm - As58104 + Óculos All Star
			Igorando Pelo Filtro de Nome...
		Nome do Produto: Relogio Unisex All Star Quartzo Analogico Vermelho, Pulseira De Plastico, Caixa De 40mm - As581673 + Óculos All Star
			Igorando Pelo Filtro de Nome...
		Nome do Produto: 75033 LEGO Star Wars - Star Destroyer™
			Igorando Pelo Filtro de Nome...
		Nome do Produto: My style super star
			Igorando Pelo Filtro de Nome...
		Nome do Produto: Tênis Converse All Star Star Player Ev Cinza
			Igorando Pelo Filtro de Nome...
		Nome do Produto: Tênis Converse All Star Star Player Ev Pink
			Igorando Pelo Filtro de Nome...
		Nome do Produto: My style star
			Igorando Pelo Filtro de Nome...
		Nome do Produto: Baby Posto - Big Star
			Igorando Pelo Filtro de Nome...
	Tempo Para buscar: 931
Loja: RiHappy
	URL Principal: http://www.rihappy.com.br/
	URL Busca: http://www.rihappy.com.br/<BUSCA>
http://www.rihappy.com.br/Star%20fox%2064
		Documento Lido
		Resultados: 0
	Tempo Para buscar: 1860
Loja: Saraiva
	URL Principal: http://www.saraiva.com.br/
	URL Busca: http://busca.saraiva.com.br/search?w=<BUSCA>&PAC_ID=129457&ts=ajax
http://busca.saraiva.com.br/search?w=Star+fox+64&PAC_ID=129457&ts=ajax
		Documento Lido
		Resultados: 1
		Nome do Produto: Cabo de Lightning Para USB Apple Md818bz/a
			Igorando Pelo Filtro de Nome...
	Tempo Para buscar: 247
Loja: Shop Facil
	URL Principal: http://ww2.shopfacil.com.br/
	URL Busca: http://ww2.shopfacil.com.br/<BUSCA>
http://ww2.shopfacil.com.br/Star%20fox%2064
		Documento Lido
		Resultados: 0
	Tempo Para buscar: 1244
Loja: Shop Time
	URL Principal: http://www.shoptime.com.br/
	URL Busca: http://busca.shoptime.com.br/busca.php?q=<BUSCA>
http://busca.shoptime.com.br/busca.php?q=Star+fox+64
		Documento Lido
		Resultados: 20
		Nome do Produto: Conjunto de Mesa de Jantar Canto Alemanha Tabaco/Suede Canela + Cadeira... Conjunto de Mesa de Jantar Canto Alemanha Avelã/Floral Cravo + Cadeira... Stars In The Sky Stars Of Fate Starflakes Stars Over England Stars And Stripes Stars And Atoms Stars And Angels Stars Destiny Stars Of The Long Night Stars In Her Eyes Stars Stripes (Cut Run, 6 Stars And Sand - Jewish Notes Star Trek Stars And Scorpions (After Ede Star Wars Class Ii Transportes de Tropas Imperiais - Hasbro Star Wars Class Ii The Advanced Prototype - Hasbro Star Bright Star Bitch Star Witness
			Igorando Pelo Filtro de Nome...
		Nome do Produto: Conjunto de Mesa de Jantar Canto Alemanha Tabaco/Suede Canela + Cadeira... Conjunto de Mesa de Jantar Canto Alemanha Avelã/Floral Cravo + Cadeira... Stars In The Sky Stars Of Fate Starflakes Stars Over England Stars And Stripes Stars And Atoms Stars And Angels Stars Destiny Stars Of The Long Night Stars In Her Eyes Stars Stripes (Cut Run, 6 Stars And Sand - Jewish Notes Star Trek Stars And Scorpions (After Ede Star Wars Class Ii Transportes de Tropas Imperiais - Hasbro Star Wars Class Ii The Advanced Prototype - Hasbro Star Bright Star Bitch Star Witness
			Igorando Pelo Filtro de Nome...
		Nome do Produto: Conjunto de Mesa de Jantar Canto Alemanha Tabaco/Suede Canela + Cadeira... Conjunto de Mesa de Jantar Canto Alemanha Avelã/Floral Cravo + Cadeira... Stars In The Sky Stars Of Fate Starflakes Stars Over England Stars And Stripes Stars And Atoms Stars And Angels Stars Destiny Stars Of The Long Night Stars In Her Eyes Stars Stripes (Cut Run, 6 Stars And Sand - Jewish Notes Star Trek Stars And Scorpions (After Ede Star Wars Class Ii Transportes de Tropas Imperiais - Hasbro Star Wars Class Ii The Advanced Prototype - Hasbro Star Bright Star Bitch Star Witness
			Igorando Pelo Filtro de Nome...
		Nome do Produto: Conjunto de Mesa de Jantar Canto Alemanha Tabaco/Suede Canela + Cadeira... Conjunto de Mesa de Jantar Canto Alemanha Avelã/Floral Cravo + Cadeira... Stars In The Sky Stars Of Fate Starflakes Stars Over England Stars And Stripes Stars And Atoms Stars And Angels Stars Destiny Stars Of The Long Night Stars In Her Eyes Stars Stripes (Cut Run, 6 Stars And Sand - Jewish Notes Star Trek Stars And Scorpions (After Ede Star Wars Class Ii Transportes de Tropas Imperiais - Hasbro Star Wars Class Ii The Advanced Prototype - Hasbro Star Bright Star Bitch Star Witness
			Igorando Pelo Filtro de Nome...
		Nome do Produto: Conjunto de Mesa de Jantar Canto Alemanha Tabaco/Suede Canela + Cadeira... Conjunto de Mesa de Jantar Canto Alemanha Avelã/Floral Cravo + Cadeira... Stars In The Sky Stars Of Fate Starflakes Stars Over England Stars And Stripes Stars And Atoms Stars And Angels Stars Destiny Stars Of The Long Night Stars In Her Eyes Stars Stripes (Cut Run, 6 Stars And Sand - Jewish Notes Star Trek Stars And Scorpions (After Ede Star Wars Class Ii Transportes de Tropas Imperiais - Hasbro Star Wars Class Ii The Advanced Prototype - Hasbro Star Bright Star Bitch Star Witness
			Igorando Pelo Filtro de Nome...
		Nome do Produto: Conjunto de Mesa de Jantar Canto Alemanha Tabaco/Suede Canela + Cadeira... Conjunto de Mesa de Jantar Canto Alemanha Avelã/Floral Cravo + Cadeira... Stars In The Sky Stars Of Fate Starflakes Stars Over England Stars And Stripes Stars And Atoms Stars And Angels Stars Destiny Stars Of The Long Night Stars In Her Eyes Stars Stripes (Cut Run, 6 Stars And Sand - Jewish Notes Star Trek Stars And Scorpions (After Ede Star Wars Class Ii Transportes de Tropas Imperiais - Hasbro Star Wars Class Ii The Advanced Prototype - Hasbro Star Bright Star Bitch Star Witness
			Igorando Pelo Filtro de Nome...
		Nome do Produto: Conjunto de Mesa de Jantar Canto Alemanha Tabaco/Suede Canela + Cadeira... Conjunto de Mesa de Jantar Canto Alemanha Avelã/Floral Cravo + Cadeira... Stars In The Sky Stars Of Fate Starflakes Stars Over England Stars And Stripes Stars And Atoms Stars And Angels Stars Destiny Stars Of The Long Night Stars In Her Eyes Stars Stripes (Cut Run, 6 Stars And Sand - Jewish Notes Star Trek Stars And Scorpions (After Ede Star Wars Class Ii Transportes de Tropas Imperiais - Hasbro Star Wars Class Ii The Advanced Prototype - Hasbro Star Bright Star Bitch Star Witness
			Igorando Pelo Filtro de Nome...
		Nome do Produto: Conjunto de Mesa de Jantar Canto Alemanha Tabaco/Suede Canela + Cadeira... Conjunto de Mesa de Jantar Canto Alemanha Avelã/Floral Cravo + Cadeira... Stars In The Sky Stars Of Fate Starflakes Stars Over England Stars And Stripes Stars And Atoms Stars And Angels Stars Destiny Stars Of The Long Night Stars In Her Eyes Stars Stripes (Cut Run, 6 Stars And Sand - Jewish Notes Star Trek Stars And Scorpions (After Ede Star Wars Class Ii Transportes de Tropas Imperiais - Hasbro Star Wars Class Ii The Advanced Prototype - Hasbro Star Bright Star Bitch Star Witness
			Igorando Pelo Filtro de Nome...
		Nome do Produto: Conjunto de Mesa de Jantar Canto Alemanha Tabaco/Suede Canela + Cadeira... Conjunto de Mesa de Jantar Canto Alemanha Avelã/Floral Cravo + Cadeira... Stars In The Sky Stars Of Fate Starflakes Stars Over England Stars And Stripes Stars And Atoms Stars And Angels Stars Destiny Stars Of The Long Night Stars In Her Eyes Stars Stripes (Cut Run, 6 Stars And Sand - Jewish Notes Star Trek Stars And Scorpions (After Ede Star Wars Class Ii Transportes de Tropas Imperiais - Hasbro Star Wars Class Ii The Advanced Prototype - Hasbro Star Bright Star Bitch Star Witness
			Igorando Pelo Filtro de Nome...
		Nome do Produto: Conjunto de Mesa de Jantar Canto Alemanha Tabaco/Suede Canela + Cadeira... Conjunto de Mesa de Jantar Canto Alemanha Avelã/Floral Cravo + Cadeira... Stars In The Sky Stars Of Fate Starflakes Stars Over England Stars And Stripes Stars And Atoms Stars And Angels Stars Destiny Stars Of The Long Night Stars In Her Eyes Stars Stripes (Cut Run, 6 Stars And Sand - Jewish Notes Star Trek Stars And Scorpions (After Ede Star Wars Class Ii Transportes de Tropas Imperiais - Hasbro Star Wars Class Ii The Advanced Prototype - Hasbro Star Bright Star Bitch Star Witness
			Igorando Pelo Filtro de Nome...
		Nome do Produto: Conjunto de Mesa de Jantar Canto Alemanha Tabaco/Suede Canela + Cadeira... Conjunto de Mesa de Jantar Canto Alemanha Avelã/Floral Cravo + Cadeira... Stars In The Sky Stars Of Fate Starflakes Stars Over England Stars And Stripes Stars And Atoms Stars And Angels Stars Destiny Stars Of The Long Night Stars In Her Eyes Stars Stripes (Cut Run, 6 Stars And Sand - Jewish Notes Star Trek Stars And Scorpions (After Ede Star Wars Class Ii Transportes de Tropas Imperiais - Hasbro Star Wars Class Ii The Advanced Prototype - Hasbro Star Bright Star Bitch Star Witness
			Igorando Pelo Filtro de Nome...
		Nome do Produto: Conjunto de Mesa de Jantar Canto Alemanha Tabaco/Suede Canela + Cadeira... Conjunto de Mesa de Jantar Canto Alemanha Avelã/Floral Cravo + Cadeira... Stars In The Sky Stars Of Fate Starflakes Stars Over England Stars And Stripes Stars And Atoms Stars And Angels Stars Destiny Stars Of The Long Night Stars In Her Eyes Stars Stripes (Cut Run, 6 Stars And Sand - Jewish Notes Star Trek Stars And Scorpions (After Ede Star Wars Class Ii Transportes de Tropas Imperiais - Hasbro Star Wars Class Ii The Advanced Prototype - Hasbro Star Bright Star Bitch Star Witness
			Igorando Pelo Filtro de Nome...
		Nome do Produto: Conjunto de Mesa de Jantar Canto Alemanha Tabaco/Suede Canela + Cadeira... Conjunto de Mesa de Jantar Canto Alemanha Avelã/Floral Cravo + Cadeira... Stars In The Sky Stars Of Fate Starflakes Stars Over England Stars And Stripes Stars And Atoms Stars And Angels Stars Destiny Stars Of The Long Night Stars In Her Eyes Stars Stripes (Cut Run, 6 Stars And Sand - Jewish Notes Star Trek Stars And Scorpions (After Ede Star Wars Class Ii Transportes de Tropas Imperiais - Hasbro Star Wars Class Ii The Advanced Prototype - Hasbro Star Bright Star Bitch Star Witness
			Igorando Pelo Filtro de Nome...
		Nome do Produto: Conjunto de Mesa de Jantar Canto Alemanha Tabaco/Suede Canela + Cadeira... Conjunto de Mesa de Jantar Canto Alemanha Avelã/Floral Cravo + Cadeira... Stars In The Sky Stars Of Fate Starflakes Stars Over England Stars And Stripes Stars And Atoms Stars And Angels Stars Destiny Stars Of The Long Night Stars In Her Eyes Stars Stripes (Cut Run, 6 Stars And Sand - Jewish Notes Star Trek Stars And Scorpions (After Ede Star Wars Class Ii Transportes de Tropas Imperiais - Hasbro Star Wars Class Ii The Advanced Prototype - Hasbro Star Bright Star Bitch Star Witness
			Igorando Pelo Filtro de Nome...
		Nome do Produto: Conjunto de Mesa de Jantar Canto Alemanha Tabaco/Suede Canela + Cadeira... Conjunto de Mesa de Jantar Canto Alemanha Avelã/Floral Cravo + Cadeira... Stars In The Sky Stars Of Fate Starflakes Stars Over England Stars And Stripes Stars And Atoms Stars And Angels Stars Destiny Stars Of The Long Night Stars In Her Eyes Stars Stripes (Cut Run, 6 Stars And Sand - Jewish Notes Star Trek Stars And Scorpions (After Ede Star Wars Class Ii Transportes de Tropas Imperiais - Hasbro Star Wars Class Ii The Advanced Prototype - Hasbro Star Bright Star Bitch Star Witness
			Igorando Pelo Filtro de Nome...
		Nome do Produto: Conjunto de Mesa de Jantar Canto Alemanha Tabaco/Suede Canela + Cadeira... Conjunto de Mesa de Jantar Canto Alemanha Avelã/Floral Cravo + Cadeira... Stars In The Sky Stars Of Fate Starflakes Stars Over England Stars And Stripes Stars And Atoms Stars And Angels Stars Destiny Stars Of The Long Night Stars In Her Eyes Stars Stripes (Cut Run, 6 Stars And Sand - Jewish Notes Star Trek Stars And Scorpions (After Ede Star Wars Class Ii Transportes de Tropas Imperiais - Hasbro Star Wars Class Ii The Advanced Prototype - Hasbro Star Bright Star Bitch Star Witness
			Igorando Pelo Filtro de Nome...
		Nome do Produto: Conjunto de Mesa de Jantar Canto Alemanha Tabaco/Suede Canela + Cadeira... Conjunto de Mesa de Jantar Canto Alemanha Avelã/Floral Cravo + Cadeira... Stars In The Sky Stars Of Fate Starflakes Stars Over England Stars And Stripes Stars And Atoms Stars And Angels Stars Destiny Stars Of The Long Night Stars In Her Eyes Stars Stripes (Cut Run, 6 Stars And Sand - Jewish Notes Star Trek Stars And Scorpions (After Ede Star Wars Class Ii Transportes de Tropas Imperiais - Hasbro Star Wars Class Ii The Advanced Prototype - Hasbro Star Bright Star Bitch Star Witness
			Igorando Pelo Filtro de Nome...
		Nome do Produto: Conjunto de Mesa de Jantar Canto Alemanha Tabaco/Suede Canela + Cadeira... Conjunto de Mesa de Jantar Canto Alemanha Avelã/Floral Cravo + Cadeira... Stars In The Sky Stars Of Fate Starflakes Stars Over England Stars And Stripes Stars And Atoms Stars And Angels Stars Destiny Stars Of The Long Night Stars In Her Eyes Stars Stripes (Cut Run, 6 Stars And Sand - Jewish Notes Star Trek Stars And Scorpions (After Ede Star Wars Class Ii Transportes de Tropas Imperiais - Hasbro Star Wars Class Ii The Advanced Prototype - Hasbro Star Bright Star Bitch Star Witness
			Igorando Pelo Filtro de Nome...
		Nome do Produto: Conjunto de Mesa de Jantar Canto Alemanha Tabaco/Suede Canela + Cadeira... Conjunto de Mesa de Jantar Canto Alemanha Avelã/Floral Cravo + Cadeira... Stars In The Sky Stars Of Fate Starflakes Stars Over England Stars And Stripes Stars And Atoms Stars And Angels Stars Destiny Stars Of The Long Night Stars In Her Eyes Stars Stripes (Cut Run, 6 Stars And Sand - Jewish Notes Star Trek Stars And Scorpions (After Ede Star Wars Class Ii Transportes de Tropas Imperiais - Hasbro Star Wars Class Ii The Advanced Prototype - Hasbro Star Bright Star Bitch Star Witness
			Igorando Pelo Filtro de Nome...
		Nome do Produto: Conjunto de Mesa de Jantar Canto Alemanha Tabaco/Suede Canela + Cadeira... Conjunto de Mesa de Jantar Canto Alemanha Avelã/Floral Cravo + Cadeira... Stars In The Sky Stars Of Fate Starflakes Stars Over England Stars And Stripes Stars And Atoms Stars And Angels Stars Destiny Stars Of The Long Night Stars In Her Eyes Stars Stripes (Cut Run, 6 Stars And Sand - Jewish Notes Star Trek Stars And Scorpions (After Ede Star Wars Class Ii Transportes de Tropas Imperiais - Hasbro Star Wars Class Ii The Advanced Prototype - Hasbro Star Bright Star Bitch Star Witness
			Igorando Pelo Filtro de Nome...
	Tempo Para buscar: 640
Loja: ShopB
	URL Principal: http://www.shopb.com.br/
	URL Busca: http://busca.shopb.com.br/?busca=<BUSCA>
http://busca.shopb.com.br/?busca=Star+fox+64
		Documento Lido
		Resultados: 31
		Nome do Produto: Star Fox 64 3D - 3DS
http://shopb.ecommercesearch.com.br/Busca/Redir?url=http%3a%2f%2fwww.shopb.com.br%2fecommerce_site%2findex.php%3fpg%3dproduto%26cdg%3d4488%26idp%3d35922%26idparceiro%3dp1&esid=35922
		Acessando URL do produto.
		Nome do Produto: Angry Birds: Star Wars - PS3
			Igorando Pelo Filtro de Nome...
		Nome do Produto: Angry Birds: Star Wars - XBOX 360
			Igorando Pelo Filtro de Nome...
		Nome do Produto: Angry Birds: Star Wars - XBOX ONE
			Igorando Pelo Filtro de Nome...
		Nome do Produto: Blaster Shooter - PS3
			Igorando Pelo Filtro de Nome...
		Nome do Produto: Cartão PSN R$ 100 - Playstation Network Store - Brasil
			Igorando Pelo Filtro de Nome...
		Nome do Produto: Cartão PSN R$ 250 - Playstation Network Store - Brasil
			Igorando Pelo Filtro de Nome...
		Nome do Produto: Console FC Twin 8-16 Bits NES / SNES 2 em 1 - Gameware
			Igorando Pelo Filtro de Nome...
		Nome do Produto: Digimon: All-Star Rumble - PS3
			Igorando Pelo Filtro de Nome...
		Nome do Produto: Digimon: All-Star Rumble - XBOX 360
			Igorando Pelo Filtro de Nome...
		Nome do Produto: FUSE - PS3
			Igorando Pelo Filtro de Nome...
		Nome do Produto: FUSE - XBOX 360
			Igorando Pelo Filtro de Nome...
		Nome do Produto: Fonte Paralela Positivo Unique 64 65 66 67 68 69
			Igorando Pelo Filtro de Nome...
		Nome do Produto: Fonte Paralela Sony Vaio PCG-F PCG-FR PCG-FX
			Igorando Pelo Filtro de Nome...
		Nome do Produto: Fonte Paralela Sony Vaio PCG-FXA PCG-GRS PCG-GRX
			Igorando Pelo Filtro de Nome...
		Nome do Produto: Headphone Stereo c/ Fio Philips SHP2000 - PC
			Igorando Pelo Filtro de Nome...
		Nome do Produto: Headset Sony 7.1 c/ Fio Stereo Silver - PS3, PS4 e PS Vita
			Igorando Pelo Filtro de Nome...
		Nome do Produto: Headset Sony Wireless Stereo Gold - PS3, PS4 e PS Vita
			Igorando Pelo Filtro de Nome...
		Nome do Produto: Headset Tritton Kunai Stereo - Nintendo Wii U/3DS
			Igorando Pelo Filtro de Nome...
		Nome do Produto: Headset Tritton Titanfall Kunai Stereo - XBOX 360
			Igorando Pelo Filtro de Nome...
		Nome do Produto: Headset c/ Fio Tritton Kunai Stereo Branco - PS3 / PS Vita
			Igorando Pelo Filtro de Nome...
		Nome do Produto: Headset c/ Fio Tritton Kunai Stereo Preto - PS3 / PS Vita
			Igorando Pelo Filtro de Nome...
		Nome do Produto: HomeTown Story - 3DS
			Igorando Pelo Filtro de Nome...
		Nome do Produto: Kens Rage 2: Fist of the North Star - XBOX 360
			Igorando Pelo Filtro de Nome...
		Nome do Produto: Kinect Star Wars - XBOX 360
			Igorando Pelo Filtro de Nome...
		Nome do Produto: Kit Move Sharp Shooter - Playstation 3
			Igorando Pelo Filtro de Nome...
		Nome do Produto: LEGO Star Wars III: The Clone Wars - 3DS
			Igorando Pelo Filtro de Nome...
		Nome do Produto: Lego Star Wars III The Clone Wars - PS3
			Igorando Pelo Filtro de Nome...
		Nome do Produto: Lego Star Wars The Complete Saga - PS3
			Igorando Pelo Filtro de Nome...
		Nome do Produto: Mouse Gamer Star Craft II Spectre - Razer
			Igorando Pelo Filtro de Nome...
		Nome do Produto: Nintendo Amiibo: Fox Super Smash Bros - Wii U
			Igorando Pelo Filtro de Nome...
	Tempo Para buscar: 1648
Loja: Submarino
	URL Principal: http://www.submarino.com.br/
	URL Busca: http://busca.submarino.com.br/busca.php?q=<BUSCA>
http://busca.submarino.com.br/busca.php?q=Star+fox+64
		Documento Lido
		Resultados: 1
		Nome do Produto: Game Star Fox 64 - Nintendo 3D
http://busca.submarino.com.br/produto.php?link=http://www.submarino.com.br/produto/110455129/game-star-fox-64-nintendo-3d&ranking=1&sessao=U8GFBYBPI1W07&idbusca=7b0cf3575ec167219e83cb600259c334048480e6&idproduto=110455129
		Acessando URL do produto.
java.lang.NullPointerException
	at interfaces.search.SubmarinoSearch.readEachProduct(SubmarinoSearch.java:74)
	at interfaces.search.SubmarinoSearch.search(SubmarinoSearch.java:38)
	at objects.Shop.searchProduct(Shop.java:33)
	at Main.generateHtmlReport(Main.java:89)
	at Main.main(Main.java:58)
	Tempo Para buscar: 893
Loja: Walmart
	URL Principal: http://www.walmart.com.br/
	URL Busca: http://www.walmart.com.br/busca/?ft=<BUSCA>&PS=20
http://www.walmart.com.br/busca/?ft=Star+fox+64&PS=20
		Documento Lido
		Resultados: 1
		Nome do Produto: Jogo 3DS Star Fox 64 3D
http://www.walmart.com.br//produto/Games/Jogos-para-Nintendo-3DS/Nintendo/2055503-Jogo-3DS-Star-Fox-64-3D
		Acessando URL do produto.
	Tempo Para buscar: 1851

File copied from C:\java\workspace Estudo\lookforprices\resources\imports\css.css to C:\java\workspace Estudo\lookforprices\reports\2015-05-26 09\css.css
File copied from C:\java\workspace Estudo\lookforprices\resources\imports\jquery.js to C:\java\workspace Estudo\lookforprices\reports\2015-05-26 09\jquery.js
File copied from C:\java\workspace Estudo\lookforprices\resources\imports\scripts.js to C:\java\workspace Estudo\lookforprices\reports\2015-05-26 09\scripts.js
Tempo total de execução: 29879
