Game: Tales of the Abyss
Product Name: Tales of the Abyss
Loja: Nintendo eShop
	URL Principal: http://www.nintendo.com/3ds/eshop
	URL Busca: http://www.nintendo.com/json/content/get/game/filter?&qterm=<BUSCA>
NintendoEShopSearch.search() http://www.nintendo.com/json/content/get/game/filter?&qterm=Tales+of+the+Abyss
		Documento Lido
		Resultados: 1
		Nome do Produto: Tales of the Abyss 3D
http://www.nintendo.com/games/detail/niNrF_lkjdpqpVSGymAhE0LYJGhbp7mb
		Acessando URL do produto.
URL = http://www.nintendo.com/games/detail/niNrF_lkjdpqpVSGymAhE0LYJGhbp7mb
	Tempo Para buscar: 1193
Loja: Americanas
	URL Principal: http://www.americanas.com.br/
	URL Busca: http://busca.americanas.com.br/busca.php?q=<BUSCA>
http://busca.americanas.com.br/busca.php?q=Tales+of+the+Abyss
		Documento Lido
		Resultados: 1
		Nome do Produto: Game Tales of The Abyss - 3DS
http://busca.americanas.com.br/produto.php?link=http://www.americanas.com.br/produto/110665741/game-tales-of-the-abyss-3ds&ranking=1&sessao=U8GFPJ2HH5C87&idbusca=04df65b4e0c63d84eeacc9b2189415cb05f43278&idproduto=110665741
		Acessando URL do produto.
	Tempo Para buscar: 749
Loja: Big Boy Games
	URL Principal: http://www.bigboygames.com.br/
	URL Busca: http://www.bigboygames.com.br/pesquisa/?p=<BUSCA>
http://www.bigboygames.com.br/pesquisa/?p=Tales+of+the+Abyss
		Documento Lido
		Resultados*: 1
		Acessando URL do produto.
	Tempo Para buscar: 2191
Loja: Casas Bahia
	URL Principal: http://www.casasbahia.com.br/
	URL Busca: http://buscas.casasbahia.com.br/search?w=<BUSCA>
http://buscas.casasbahia.com.br/search?w=Tales+of+the+Abyss
		Documento Lido
		Resultados: 1
		Nome do Produto: The Lurkers in the Abyss and Other Tales of Terror
http://buscas.casasbahia.com.br/search?p=R&srid=S6-USESD01&lbc=casasbahia&w=Tales%20of%20the%20Abyss&url=http%3a%2f%2fproduto.casasbahia.com.br%2f4481789%3f&rk=1&uid=45080222&sid=2&ts=custom&rsc=7W0icrdPqQwhJkbF&method=and&isort=score&view=grid
		Acessando URL do produto.
		Nome do Produto: Jogo Tales of Abyss - 3DS
			Igorando Pelo Filtro de Nome...
		Nome do Produto: Out of Time`s Abyss
			Igorando Pelo Filtro de Nome...
		Nome do Produto: Out of Time`s Abyss
			Igorando Pelo Filtro de Nome...
		Nome do Produto: The Sixth Black Book of Horror
			Igorando Pelo Filtro de Nome...
		Nome do Produto: Secrets of a Woman`s Soul
			Igorando Pelo Filtro de Nome...
		Nome do Produto: Ripples from the Darkness
			Igorando Pelo Filtro de Nome...
		Nome do Produto: Diary of a Super Chump
			Igorando Pelo Filtro de Nome...
		Nome do Produto: Dear Cthulhu
			Igorando Pelo Filtro de Nome...
		Nome do Produto: Purple Crescent
			Igorando Pelo Filtro de Nome...
		Nome do Produto: Demons
			Igorando Pelo Filtro de Nome...
		Nome do Produto: Sin & Ashes
			Igorando Pelo Filtro de Nome...
		Nome do Produto: Turrwan
			Igorando Pelo Filtro de Nome...
		Nome do Produto: Europa
			Igorando Pelo Filtro de Nome...
	Tempo Para buscar: 1696
Loja: Extra
	URL Principal: http://www.extra.com.br/
	URL Busca: http://buscando.extra.com.br/search?w=<BUSCA>
http://buscando.extra.com.br/search?w=Tales+of+the+Abyss
		Documento Lido
		Resultados: 12
		Nome do Produto: The Lurkers in the Abyss and Other Tales of Terror
http://buscando.extra.com.br/search?p=R&srid=S1-USCDR02&lbc=extra&w=Tales%20of%20the%20Abyss&url=http%3a%2f%2fproduto.extra.com.br%2f4481789%3f&rk=1&uid=450822173&sid=2&ts=custom&rsc=WhQrj%3apAlwsrur%3aM&method=and&isort=score&view=grid
		Acessando URL do produto.
		Nome do Produto: Jogo Tales of Abyss - 3DS
			Igorando Pelo Filtro de Nome...
		Nome do Produto: Out of Time`s Abyss
			Igorando Pelo Filtro de Nome...
		Nome do Produto: Out of Time`s Abyss
			Igorando Pelo Filtro de Nome...
		Nome do Produto: The Sixth Black Book of Horror
			Igorando Pelo Filtro de Nome...
		Nome do Produto: Secrets of a Woman`s Soul
			Igorando Pelo Filtro de Nome...
		Nome do Produto: Ripples from the Darkness
			Igorando Pelo Filtro de Nome...
		Nome do Produto: Diary of a Super Chump
			Igorando Pelo Filtro de Nome...
		Nome do Produto: Dear Cthulhu
			Igorando Pelo Filtro de Nome...
		Nome do Produto: Purple Crescent
			Igorando Pelo Filtro de Nome...
		Nome do Produto: Demons
			Igorando Pelo Filtro de Nome...
		Nome do Produto: Sin & Ashes
			Igorando Pelo Filtro de Nome...
	Tempo Para buscar: 1824
Loja: E-Virtua
	URL Principal: http://www.evirtua.com.br/
	URL Busca: http://www.evirtua.com.br/Busca?search_department_id=0&SearchTerm=<BUSCA>
http://www.evirtua.com.br/Busca?search_department_id=0&SearchTerm=Tales+of+the+Abyss
		Documento Lido
		Resultados: 0
	Tempo Para buscar: 218
Loja: Fast Games
	URL Principal: http://www.fastgames.com.br/
	URL Busca: http://www.fastgames.com.br/loja/busca.php?loja=187970&palavra_busca=<BUSCA>
http://www.fastgames.com.br/loja/busca.php?loja=187970&palavra_busca=Tales+of+the+Abyss
		Documento Lido
		Resultados: 0
	Tempo Para buscar: 635
Loja: Fast Shop
	URL Principal: http://www.fastshop.com.br/loja/
	URL Busca: http://www.fastshop.com.br/webapp/wcs/stores/servlet/SearchDisplay?searchTerm=<BUSCA>&categoryId=&storeId=10151&catalogId=11052&langId=-6&pageSize=9&beginIndex=0&sType=SimpleSearch&resultCatEntryType=2&showResultsPage=true&searchSource=Q&pageView=&hotsite=fastshop
http://www.fastshop.com.br/webapp/wcs/stores/servlet/SearchDisplay?searchTerm=Tales+of+the+Abyss&categoryId=&storeId=10151&catalogId=11052&langId=-6&pageSize=9&beginIndex=0&sType=SimpleSearch&resultCatEntryType=2&showResultsPage=true&searchSource=Q&pageView=&hotsite=fastshop
		Documento Lido
		Resultados: 0
	Tempo Para buscar: 421
Loja: FNAC
	URL Principal: http://www.fnac.com.br/index.html
	URL Busca: http://busca.fnac.com.br/?busca=<BUSCA>
http://busca.fnac.com.br/?busca=Tales+of+the+Abyss
		Documento Lido
		Resultados: 20
		Nome do Produto: Console Xbox One - Edição Branca Exclusiva Halo The Master Chief Collection
			Igorando Pelo Filtro de Nome...
		Nome do Produto: The Art Of Pin Up
			Igorando Pelo Filtro de Nome...
		Nome do Produto: The Vampire Diaries - 1ª A 5ª Temporada (25 DVDs)
			Igorando Pelo Filtro de Nome...
		Nome do Produto: Game Of Thrones - 1ª A 4ª Temporada Completa (blu-ray) (20 Discos)
			Igorando Pelo Filtro de Nome...
		Nome do Produto: Vogue: The Gown
			Igorando Pelo Filtro de Nome...
		Nome do Produto: The Ultimate Collection (4 CDs + DVD)
			Igorando Pelo Filtro de Nome...
		Nome do Produto: Game Of Thrones - 1ª A 3ª Temporada Completa (blu-ray) (15 Discos)
			Igorando Pelo Filtro de Nome...
		Nome do Produto: Ps4 Call Of Duty: Ghosts
			Igorando Pelo Filtro de Nome...
		Nome do Produto: Ps4 The Witcher 3 Wild Hunt
			Igorando Pelo Filtro de Nome...
		Nome do Produto: Game Of Thrones - 1ª A 4ª Temporada Completa (20 DVDs)
			Igorando Pelo Filtro de Nome...
		Nome do Produto: Xbox One Call Of Duty: Ghosts
			Igorando Pelo Filtro de Nome...
		Nome do Produto: Xbox One The Witcher 3 Wild Hunt
			Igorando Pelo Filtro de Nome...
		Nome do Produto: Ps4 Lords Of The Fallen
			Igorando Pelo Filtro de Nome...
		Nome do Produto: Ps4 Dark Souls Ii: Scholar Of The First Sin
			Igorando Pelo Filtro de Nome...
		Nome do Produto: Xbox 360 Call Of Duty Advanced Warfare
			Igorando Pelo Filtro de Nome...
		Nome do Produto: Ps4 The Crew
			Igorando Pelo Filtro de Nome...
		Nome do Produto: Ps4 The Crew Limited Edition
			Igorando Pelo Filtro de Nome...
		Nome do Produto: Ps3 Borderlands: The Pre-sequel!
			Igorando Pelo Filtro de Nome...
		Nome do Produto: Ps3 Call Of Duty - Advanced Warfare Day Zero Edition
			Igorando Pelo Filtro de Nome...
		Nome do Produto: Xbox 360 Call Of Duty Advanced Warfare Day Zero Edition
			Igorando Pelo Filtro de Nome...
	Tempo Para buscar: 1273
Loja: Kabum
	URL Principal: http://www.kabum.com.br/
	URL Busca: http://www.kabum.com.br/cgi-local/site/listagem/listagem.cgi?string=<BUSCA>&btnG=
http://www.kabum.com.br/cgi-local/site/listagem/listagem.cgi?string=Tales+of+the+Abyss&btnG=
		Documento Lido
		Resultados: 0
	Tempo Para buscar: 420
Loja: Livraria Cultura
	URL Principal: http://www.livrariacultura.com.br/
	URL Busca: http://www.livrariacultura.com.br/busca?N=0&Ntt=<BUSCA>
http://www.livrariacultura.com.br/busca?N=0&Ntt=Tales+of+the+Abyss
		Documento Lido
		Resultados: 48
		Nome do Produto: TALES OF THE ABYSS
http://www.livrariacultura.com.br/p/tales-of-the-abyss-22698403
		Acessando URL do produto.
		Nome do Produto: TALES OF THE ABYSS
http://www.livrariacultura.com.br/p/tales-of-the-abyss-22698405
		Acessando URL do produto.
		Nome do Produto: TALES OF THE ABYSS
http://www.livrariacultura.com.br/p/tales-of-the-abyss-29849532
		Acessando URL do produto.
		Nome do Produto: ABYSS, TALES OF THE DEVICE
http://www.livrariacultura.com.br/p/abyss-tales-of-the-device-87707996
		Acessando URL do produto.
		Nome do Produto: LIVING ABYSS
			Igorando Pelo Filtro de Nome...
		Nome do Produto: 5 TALES OF EROTIC HORROR
			Igorando Pelo Filtro de Nome...
		Nome do Produto: FEAR THE ABYSS
			Igorando Pelo Filtro de Nome...
		Nome do Produto: FRESH CUT TALES: A COLLECTION OF DARK FICTION
			Igorando Pelo Filtro de Nome...
		Nome do Produto: LIVING ABYSS
			Igorando Pelo Filtro de Nome...
		Nome do Produto: TALES OF THE LOVECRAFT MYTHOS
			Igorando Pelo Filtro de Nome...
		Nome do Produto: CAMPFIRE TALES FROM HELL: MUSINGS ON MARTIAL
			Igorando Pelo Filtro de Nome...
		Nome do Produto: LIVING ABYSS
			Igorando Pelo Filtro de Nome...
		Nome do Produto: LIVING ABYSS
			Igorando Pelo Filtro de Nome...
		Nome do Produto: LIVING ABYSS
			Igorando Pelo Filtro de Nome...
		Nome do Produto: LIVING ABYSS
			Igorando Pelo Filtro de Nome...
		Nome do Produto: FIVE TALES FROM THE WORKSHOP AT THE END OF THE
			Igorando Pelo Filtro de Nome...
		Nome do Produto: MIDNIGHT ABYSS
			Igorando Pelo Filtro de Nome...
		Nome do Produto: LIVING ABYSS
			Igorando Pelo Filtro de Nome...
		Nome do Produto: LIVING ABYSS
			Igorando Pelo Filtro de Nome...
		Nome do Produto: ELF TALES AND OTHER PSYCHOTIC EVENTS
			Igorando Pelo Filtro de Nome...
		Nome do Produto: SKINNY-DIPPING IN THE ABYSS: AN EROTIC HORROR
			Igorando Pelo Filtro de Nome...
		Nome do Produto: 8 TALES BY JACK LONDON (ILLUSTRATED)
			Igorando Pelo Filtro de Nome...
		Nome do Produto: NO PEOPLE: TRIBAL TALES OF ORGANIZATIONAL
			Igorando Pelo Filtro de Nome...
		Nome do Produto: OUT OF TIME'S ABYSS
			Igorando Pelo Filtro de Nome...
		Nome do Produto: CHAOS ASCENDANT & OTHER TALES
			Igorando Pelo Filtro de Nome...
		Nome do Produto: PERIHELION EP 6 ON THE EDGE OF THE ABYSS
			Igorando Pelo Filtro de Nome...
		Nome do Produto: BOTTLED ABYSS
			Igorando Pelo Filtro de Nome...
		Nome do Produto: UNQUIET DREAMS: A MURMURATION OF UNSETTLING TALES
			Igorando Pelo Filtro de Nome...
		Nome do Produto: INTO THE ABYSS
			Igorando Pelo Filtro de Nome...
		Nome do Produto: SON OF THE WOLF : TALES OF THE FAR NORTH
			Igorando Pelo Filtro de Nome...
		Nome do Produto: MOTHER, MIRROR
			Igorando Pelo Filtro de Nome...
		Nome do Produto: THE COMPLETE WORKS OF JACK LONDON
			Igorando Pelo Filtro de Nome...
		Nome do Produto: WORKS OF JACK LONDON: (200 + WORKS) INCLUDES THE
			Igorando Pelo Filtro de Nome...
		Nome do Produto: JACK LONDON: 43 BOOKS IN A SINGLE FILE
			Igorando Pelo Filtro de Nome...
		Nome do Produto: THE COMPLETE ESSENTIAL WORKS OF JACK LONDON
			Igorando Pelo Filtro de Nome...
		Nome do Produto: LIMBUS, INC. - BOOK II
			Igorando Pelo Filtro de Nome...
		Nome do Produto: DEAR CTHULHU: GOOD ADVICE FOR BAD PEOPLE
			Igorando Pelo Filtro de Nome...
		Nome do Produto: SIN & ASHES
			Igorando Pelo Filtro de Nome...
		Nome do Produto: WORKS OF JACK LONDON
			Igorando Pelo Filtro de Nome...
		Nome do Produto: THE UGLY MERMAID
			Igorando Pelo Filtro de Nome...
		Nome do Produto: JACK LONDON'S SHORT STORIES
			Igorando Pelo Filtro de Nome...
		Nome do Produto: THE RETURN OF SHERLOCK HOLMES
			Igorando Pelo Filtro de Nome...
		Nome do Produto: SOUTHERN HAUNTS: DEVILS IN THE DARKNESS
			Igorando Pelo Filtro de Nome...
		Nome do Produto: THE BEST HORROR OF THE YEAR VOLUME FIVE
			Igorando Pelo Filtro de Nome...
		Nome do Produto: LOCUS MAGAZINE, ISSUE 606, JULY 2011
			Igorando Pelo Filtro de Nome...
		Nome do Produto: STAR TREK: DEEP SPACE NINE: TWIST OF FAITH
			Igorando Pelo Filtro de Nome...
		Nome do Produto: RIPPLES FROM THE DARKNESS
			Igorando Pelo Filtro de Nome...
		Nome do Produto: BEYOND HUBBLE'S SHADOWS, THE DAEMON DARKNESS LIES
			Igorando Pelo Filtro de Nome...
	Tempo Para buscar: 3587
Loja: Magazine Luiza
	URL Principal: http://www.magazineluiza.com.br/
	URL Busca: http://www.magazineluiza.com.br/busca/<BUSCA>/
http://www.magazineluiza.com.br/busca/Tales+of+the+Abyss/
		Documento Lido
		Resultados: 60
		Nome do Produto: Terra Média - Sombras de Mordor para PS4 - Warner
			Igorando Pelo Filtro de Nome...
		Nome do Produto: The Last of Us para PS3 - Sony
			Igorando Pelo Filtro de Nome...
		Nome do Produto: Estojo de Maquiagem Autobalm Hawaii - The Balm
			Igorando Pelo Filtro de Nome...
		Nome do Produto: Estojo de Maquiagem Autobalm California - The Balm
			Igorando Pelo Filtro de Nome...
		Nome do Produto: Primer Pré-Maquiagem para Pálpebras - The Balm Put a Lid on It
			Igorando Pelo Filtro de Nome...
		Nome do Produto: Blush Compacto Instains - Cor Swiss Dot - The Balm
			Igorando Pelo Filtro de Nome...
		Nome do Produto: Blush Compacto Instains - Cor Argyle - The Balm
			Igorando Pelo Filtro de Nome...
		Nome do Produto: Pincel Duplo para Sombra Give Crease a Chance - The Balm - The Balm
			Igorando Pelo Filtro de Nome...
		Nome do Produto: Pincel Duplo para Sombra Crease Love and Happiness - The Balm
			Igorando Pelo Filtro de Nome...
		Nome do Produto: Palheta de Sombras Compacta Nude Tude Palette - Cor Colorido - The Balm
			Igorando Pelo Filtro de Nome...
		Nome do Produto: Estojo de Maquiagem Balm Jovi - Cor Colorido - The Balm
			Igorando Pelo Filtro de Nome...
		Nome do Produto: Base Compacta Time Balm Foundation - Cor Medium Dark - The Balm
			Igorando Pelo Filtro de Nome...
		Nome do Produto: Pó Compacto Bahama Mama - The Balm
			Igorando Pelo Filtro de Nome...
		Nome do Produto: Pó Compacto Betty-Lou Manizer - The Balm
			Igorando Pelo Filtro de Nome...
		Nome do Produto: Blush Compacto Cabana Boy - Cor Rosa - The Balm
			Igorando Pelo Filtro de Nome...
		Nome do Produto: Blush DownBoy - Cor Blush - The Balm
			Igorando Pelo Filtro de Nome...
		Nome do Produto: Blush Compacto Hot Mama - Pink - The Balm
			Igorando Pelo Filtro de Nome...
		Nome do Produto: Corretivo Compacto Time Balm Concealer - Cor Light - The Balm
			Igorando Pelo Filtro de Nome...
		Nome do Produto: Base Cremosa Balm Shelter Tinted Moisturizer - Cor Medium - The Balm
			Igorando Pelo Filtro de Nome...
		Nome do Produto: Base Cremosa Balm Shelter Tinted Moisturizer - Cor After Dark - The Balm
			Igorando Pelo Filtro de Nome...
		Nome do Produto: Base Cremosa Balm Shelter Tinted Moisturizer - Cor Dark - The Balm
			Igorando Pelo Filtro de Nome...
		Nome do Produto: Base Cremosa Balm Shelter Tinted Moisturizer - Cor Light Medium - The Balm
			Igorando Pelo Filtro de Nome...
		Nome do Produto: Base Cremosa Balm Shelter Tinted Moisturizer - Cor Medium Dark - The Balm
			Igorando Pelo Filtro de Nome...
		Nome do Produto: Pó Facial Mary Lou Manizer - Cor Dourado - The Balm
			Igorando Pelo Filtro de Nome...
		Nome do Produto: Blush Compacto Cindy Lou Manizer - Cor Rosê - The Balm
			Igorando Pelo Filtro de Nome...
		Nome do Produto: Sex and the City - Perfume Feminino Eau de Parfum 100ml
			Igorando Pelo Filtro de Nome...
		Nome do Produto: Sex and the City - Perfume Feminino Eau de Parfum 60ml
			Igorando Pelo Filtro de Nome...
		Nome do Produto: Sex and the City by Night - Perfume Feminino Eau de Parfum 100ml
			Igorando Pelo Filtro de Nome...
		Nome do Produto: Sex and the City B Night Perfume Feminino - Eau de Parfum 30ml
			Igorando Pelo Filtro de Nome...
		Nome do Produto: 4 Copos com Canudo 296ml - The First Years
			Igorando Pelo Filtro de Nome...
		Nome do Produto: Pote para Lanches Princesas Disney - The First Years
			Igorando Pelo Filtro de Nome...
		Nome do Produto: Pote para Lanches Carros - The First Years
			Igorando Pelo Filtro de Nome...
		Nome do Produto: 4 Copos com Canudo - The First Years F4933
			Igorando Pelo Filtro de Nome...
		Nome do Produto: Call of Duty - Advanced Warfare: Day Zero - para Xbox 360 - Activision
			Igorando Pelo Filtro de Nome...
		Nome do Produto: Call of Duty - Advanced Warfare: Day Zero - para Xbox One - Activision
			Igorando Pelo Filtro de Nome...
		Nome do Produto: Call of Duty Modern Warfare Xbox 360 - Activision
			Igorando Pelo Filtro de Nome...
		Nome do Produto: Call of Duty - Advanced Warfare para PS3 - Activision
			Igorando Pelo Filtro de Nome...
		Nome do Produto: Call of Duty Modern Warfare 3 para Xbox 360 - Activision
			Igorando Pelo Filtro de Nome...
		Nome do Produto: Call of Duty Modern Warfare 2 para Xbox 360 - Activision
			Igorando Pelo Filtro de Nome...
		Nome do Produto: Call of Duty World at War para Xbox 360 - Activision
			Igorando Pelo Filtro de Nome...
		Nome do Produto: Call of Duty - Advanced Warfare: Day Zero para PS4 - Activision
			Igorando Pelo Filtro de Nome...
		Nome do Produto: Yardley London Lily of the Valley - Perfume Feminino Eau de Toilette 125 ml
			Igorando Pelo Filtro de Nome...
		Nome do Produto: Yardley London Lily of the Valley - Perfume Feminino Eau de Toilette 50 ml
			Igorando Pelo Filtro de Nome...
		Nome do Produto: Cronômetro Profissional Guepardo - OF0100
			Igorando Pelo Filtro de Nome...
		Nome do Produto: Cronômetro Profissional Guepardo - OF0200
			Igorando Pelo Filtro de Nome...
		Nome do Produto: Lego The Lord of the Rings para Nintendo DS - Warner
			Igorando Pelo Filtro de Nome...
		Nome do Produto: The Walking Dead - Game of the Year Edition - p/ PS4 - Telltale Games
			Igorando Pelo Filtro de Nome...
		Nome do Produto: Lego The Lord of the Rings para PC - Warner
			Igorando Pelo Filtro de Nome...
		Nome do Produto: Call of Duty Black Ops para PS3 - Activision
			Igorando Pelo Filtro de Nome...
		Nome do Produto: Call of Duty Modern Warfare 3 para PS3 - Activision
			Igorando Pelo Filtro de Nome...
		Nome do Produto: Call of Duty Modern Warfare para PS3 - Activision
			Igorando Pelo Filtro de Nome...
		Nome do Produto: The House of the Dead: Overkill Extended Cut - jogo para PS3 - Sega
			Igorando Pelo Filtro de Nome...
		Nome do Produto: Prince of Persia The Forgotten Sands para PSP - Ubisoft
			Igorando Pelo Filtro de Nome...
		Nome do Produto: Transformers: Rise of the Dark Spark - para Nintendo 3DS - Activision
			Igorando Pelo Filtro de Nome...
		Nome do Produto: Army of Two:The Devils Cartel p/Xbox 360 - EA
			Igorando Pelo Filtro de Nome...
		Nome do Produto: LEGO Pirates of the Caribbean - Disney
			Igorando Pelo Filtro de Nome...
		Nome do Produto: Esmalte Nail Lacquer Cor The Thrill Of Brazil - O.P.I
			Igorando Pelo Filtro de Nome...
		Nome do Produto: Lords of the Fallen para Xbox One - Bandai Namco
			Igorando Pelo Filtro de Nome...
		Nome do Produto: Zone of the Enders HD Collection p/ PS3 - Konami
			Igorando Pelo Filtro de Nome...
		Nome do Produto: LEGO Pirates of the Caribbean: Video Game p/ PS3 - Disney
			Igorando Pelo Filtro de Nome...
	Tempo Para buscar: 688
Loja: Mula Games
	URL Principal: http://www.mulagames.com.br/
	URL Busca: http://www.mulagames.com.br/produtos-index/catalogo_produtos/-/-/<BUSCA>/-/-/-/-/-/
http://www.mulagames.com.br/produtos-index/catalogo_produtos/-/-/Tales%20of%20the%20Abyss/-/-/-/-/-/
		Documento Lido
		Resultados: 1
		Nome do Produto: Tales of the Abyss - 3DS
http://www.mulagames.com.br/Tales-of-the-Abyss-3DS/prod-457832/
		Acessando URL do produto.
http://www.mulagames.com.br/produto-ajax_retorna_dados_preco_comprar/457832
		Acessando URL do preço produto.
	Tempo Para buscar: 2357
Loja: Net Shoes
	URL Principal: http://www.netshoes.com.br/
	URL Busca: http://www.netshoes.com.br/search?Ntt=<BUSCA>
http://www.netshoes.com.br/search?Ntt=Tales+of+the+Abyss
		Documento Lido
		Resultados: 60
		Nome do Produto: Jogo Transformers - Dark of the Moon Wii
			Igorando Pelo Filtro de Nome...
		Nome do Produto: Jogo Spider-Man: The Edge of Time Wii
			Igorando Pelo Filtro de Nome...
		Nome do Produto: Tênis Nike The Overplay 8 NBK
			Igorando Pelo Filtro de Nome...
		Nome do Produto: Tênis Nike The Overplay 8
			Igorando Pelo Filtro de Nome...
		Nome do Produto: Calça GONEW Own The Court
			Igorando Pelo Filtro de Nome...
		Nome do Produto: Tênis Nike Son OF Force Juvenil
			Igorando Pelo Filtro de Nome...
		Nome do Produto: Tênis Coca-Cola The Best Leather Metal
			Igorando Pelo Filtro de Nome...
		Nome do Produto: Tênis Nike The Overplay 7
			Igorando Pelo Filtro de Nome...
		Nome do Produto: Tênis Coca-Cola The Best Leather Metal
			Igorando Pelo Filtro de Nome...
		Nome do Produto: Calça GONEW Own The Court
			Igorando Pelo Filtro de Nome...
		Nome do Produto: Bota Skechers On The-Go Chugga
			Igorando Pelo Filtro de Nome...
		Nome do Produto: Mochila Penalty Digital OF
			Igorando Pelo Filtro de Nome...
		Nome do Produto: Camiseta Under Armour Nation of Ballers
			Igorando Pelo Filtro de Nome...
		Nome do Produto: Sapatilha Skechers On The Go Presta
			Igorando Pelo Filtro de Nome...
		Nome do Produto: Tênis Nike Son Of Flight
			Igorando Pelo Filtro de Nome...
		Nome do Produto: Sapatilha Skechers On The Go Presta
			Igorando Pelo Filtro de Nome...
		Nome do Produto: Tênis Olympikus The Club
			Igorando Pelo Filtro de Nome...
		Nome do Produto: Short Nike Set The Pace
			Igorando Pelo Filtro de Nome...
		Nome do Produto: Mochila Penalty Matís OF
			Igorando Pelo Filtro de Nome...
		Nome do Produto: Camiseta Under Armour Nation of Ballers
			Igorando Pelo Filtro de Nome...
		Nome do Produto: Mochila Penalty Matis Of 5
			Igorando Pelo Filtro de Nome...
		Nome do Produto: Jaqueta GONEW Own The Court
			Igorando Pelo Filtro de Nome...
		Nome do Produto: Luva Penalty Max Of 12 Infantil
			Igorando Pelo Filtro de Nome...
		Nome do Produto: Mochila Penalty Max Of 5
			Igorando Pelo Filtro de Nome...
		Nome do Produto: Mochila Penalty Matís OF
			Igorando Pelo Filtro de Nome...
		Nome do Produto: Mochila Penalty Victoria OF
			Igorando Pelo Filtro de Nome...
		Nome do Produto: Tênis Nike Son Of Flight
			Igorando Pelo Filtro de Nome...
		Nome do Produto: Mochila Penalty S11 OF
			Igorando Pelo Filtro de Nome...
		Nome do Produto: Mochila Penalty Matis Of 5
			Igorando Pelo Filtro de Nome...
		Nome do Produto: Bota Skechers On The Go Infantil
			Igorando Pelo Filtro de Nome...
		Nome do Produto: Tênis Skechers ON THE GO
			Igorando Pelo Filtro de Nome...
		Nome do Produto: Tênis Olympikus The Club
			Igorando Pelo Filtro de Nome...
		Nome do Produto: Mochila Penalty Digital OF
			Igorando Pelo Filtro de Nome...
		Nome do Produto: Mochila Penalty Digital OF
			Igorando Pelo Filtro de Nome...
		Nome do Produto: Mochila Penalty Matis Of 5
			Igorando Pelo Filtro de Nome...
		Nome do Produto: Mochila The King
			Igorando Pelo Filtro de Nome...
		Nome do Produto: Tênis Nike The Overplay 8
			Igorando Pelo Filtro de Nome...
		Nome do Produto: Jaqueta GONEW Own The Court
			Igorando Pelo Filtro de Nome...
		Nome do Produto: Tênis Coca-Cola The Best Leather Metal
			Igorando Pelo Filtro de Nome...
		Nome do Produto: Mochila Penalty Digital OF
			Igorando Pelo Filtro de Nome...
		Nome do Produto: Mochila Penalty Matís OF
			Igorando Pelo Filtro de Nome...
		Nome do Produto: Tênis Nike Son OF Force Juvenil
			Igorando Pelo Filtro de Nome...
		Nome do Produto: Blusão Nike YA76 HBR Brushed Fleece Over-The-Head c/ Capuz Juvenil
			Igorando Pelo Filtro de Nome...
		Nome do Produto: Camiseta Under Armour Nation of Ballers
			Igorando Pelo Filtro de Nome...
		Nome do Produto: Bota Skechers On The Go Infantil
			Igorando Pelo Filtro de Nome...
		Nome do Produto: Tênis Nike Zoom Run The One
			Igorando Pelo Filtro de Nome...
		Nome do Produto: Mochila Penalty Max Of 5
			Igorando Pelo Filtro de Nome...
		Nome do Produto: Camiseta Adidas Porsche OF Course T
			Igorando Pelo Filtro de Nome...
		Nome do Produto: Tênis Nike Son OF Force Juvenil
			Igorando Pelo Filtro de Nome...
		Nome do Produto: Tênis Skechers ON THE GO
			Igorando Pelo Filtro de Nome...
		Nome do Produto: Tênis Nike Son OF Force Juvenil
			Igorando Pelo Filtro de Nome...
		Nome do Produto: Camiseta Adidas Train The World
			Igorando Pelo Filtro de Nome...
		Nome do Produto: Tênis Nike Son OF Force Juvenil
			Igorando Pelo Filtro de Nome...
		Nome do Produto: Camiseta Adidas Train The World
			Igorando Pelo Filtro de Nome...
		Nome do Produto: Camiseta The King Skull Ghost
			Igorando Pelo Filtro de Nome...
		Nome do Produto: Calça Be Up On The Go
			Igorando Pelo Filtro de Nome...
		Nome do Produto: Jaqueta Disney Winnie The Pooh Infantil
			Igorando Pelo Filtro de Nome...
		Nome do Produto: Bota Skechers On The-Go Chugga
			Igorando Pelo Filtro de Nome...
		Nome do Produto: Camiseta Puma Catch The Cat
			Igorando Pelo Filtro de Nome...
		Nome do Produto: Camiseta Timberland Seek the Adventure
			Igorando Pelo Filtro de Nome...
	Tempo Para buscar: 894
Loja: Ponto Frio
	URL Principal: http://www.pontofrio.com.br/
	URL Busca: http://search.pontofrio.com.br/search?w=<BUSCA>
http://search.pontofrio.com.br/search?w=Tales+of+the+Abyss
		Documento Lido
		Resultados: 1
		Nome do Produto: The Lurkers in the Abyss and Other Tales of Terror
http://search.pontofrio.com.br/search?p=R&srid=S3-USCDR02&lbc=pontofrio-br&w=Tales%20of%20the%20Abyss&url=http%3a%2f%2fproduto.pontofrio.com.br%2f4481789%3f&rk=1&uid=450948637&sid=2&ts=custom&rsc=UAy9AQ5sl55Fe8Kj&method=and&isort=score&view=grid
		Nome do Produto: Jogo Tales of Abyss - 3DS
			Igorando Pelo Filtro de Nome...
		Nome do Produto: Out of Time`s Abyss
			Igorando Pelo Filtro de Nome...
		Nome do Produto: Out of Time`s Abyss
			Igorando Pelo Filtro de Nome...
		Nome do Produto: The Sixth Black Book of Horror
			Igorando Pelo Filtro de Nome...
		Nome do Produto: Secrets of a Woman`s Soul
			Igorando Pelo Filtro de Nome...
		Nome do Produto: Ripples from the Darkness
			Igorando Pelo Filtro de Nome...
		Nome do Produto: Diary of a Super Chump
			Igorando Pelo Filtro de Nome...
		Nome do Produto: Dear Cthulhu
			Igorando Pelo Filtro de Nome...
		Nome do Produto: Purple Crescent
			Igorando Pelo Filtro de Nome...
		Nome do Produto: Demons
			Igorando Pelo Filtro de Nome...
		Nome do Produto: Sin & Ashes
			Igorando Pelo Filtro de Nome...
		Nome do Produto: Turrwan
			Igorando Pelo Filtro de Nome...
		Nome do Produto: Europa
			Igorando Pelo Filtro de Nome...
		Nome do Produto: The Lurkers in the Abyss and Other Tales of Terror
http://search.pontofrio.com.br/search?p=R&srid=S3-USCDR02&lbc=pontofrio-br&w=Tales%20of%20the%20Abyss&url=http%3a%2f%2fproduto.pontofrio.com.br%2f4481789%3f&rk=1&uid=450948637&sid=2&ts=custom&rsc=UAy9AQ5sl55Fe8Kj&method=and&isort=score&view=grid
		Nome do Produto: Jogo Tales of Abyss - 3DS
			Igorando Pelo Filtro de Nome...
		Nome do Produto: Out of Time`s Abyss
			Igorando Pelo Filtro de Nome...
		Nome do Produto: Out of Time`s Abyss
			Igorando Pelo Filtro de Nome...
		Nome do Produto: The Sixth Black Book of Horror
			Igorando Pelo Filtro de Nome...
		Nome do Produto: Secrets of a Woman`s Soul
			Igorando Pelo Filtro de Nome...
		Nome do Produto: Ripples from the Darkness
			Igorando Pelo Filtro de Nome...
		Nome do Produto: Diary of a Super Chump
			Igorando Pelo Filtro de Nome...
		Nome do Produto: Dear Cthulhu
			Igorando Pelo Filtro de Nome...
		Nome do Produto: Purple Crescent
			Igorando Pelo Filtro de Nome...
		Nome do Produto: Demons
			Igorando Pelo Filtro de Nome...
		Nome do Produto: Sin & Ashes
			Igorando Pelo Filtro de Nome...
		Nome do Produto: Turrwan
			Igorando Pelo Filtro de Nome...
		Nome do Produto: Europa
			Igorando Pelo Filtro de Nome...
	Tempo Para buscar: 2172
Loja: Ricardo Eletro
	URL Principal: http://www.ricardoeletro.com.br/
	URL Busca: http://www.ricardoeletro.com.br/Busca/Resultado/?q=<BUSCA>
http://www.ricardoeletro.com.br/Busca/Resultado/?q=Tales+of+the+Abyss
		Documento Lido
		Resultados: 0
	Tempo Para buscar: 1145
Loja: RiHappy
	URL Principal: http://www.rihappy.com.br/
	URL Busca: http://www.rihappy.com.br/<BUSCA>
http://www.rihappy.com.br/Tales%20of%20the%20Abyss
		Documento Lido
		Resultados: 0
	Tempo Para buscar: 1103
Loja: Saraiva
	URL Principal: http://www.saraiva.com.br/
	URL Busca: http://busca.saraiva.com.br/search?w=<BUSCA>&PAC_ID=129457&ts=ajax
http://busca.saraiva.com.br/search?w=Tales+of+the+Abyss&PAC_ID=129457&ts=ajax
		Documento Lido
		Resultados: 1
		Nome do Produto: Cabo de Lightning Para USB Apple Md818bz/a
			Igorando Pelo Filtro de Nome...
	Tempo Para buscar: 245
Loja: Shop Facil
	URL Principal: http://ww2.shopfacil.com.br/
	URL Busca: http://ww2.shopfacil.com.br/<BUSCA>
http://ww2.shopfacil.com.br/Tales%20of%20the%20Abyss
		Documento Lido
		Resultados: 0
	Tempo Para buscar: 1127
Loja: Shop Time
	URL Principal: http://www.shoptime.com.br/
	URL Busca: http://busca.shoptime.com.br/busca.php?q=<BUSCA>
http://busca.shoptime.com.br/busca.php?q=Tales+of+the+Abyss
		Documento Lido
		Resultados: 1
		Nome do Produto: Game Tales of The Abyss - 3DS
http://busca.shoptime.com.br/produto.php?link=http://www.shoptime.com.br/produto/110665741/game-tales-of-the-abyss-3ds&ranking=1&sessao=U8GFQCF39RKO7&idbusca=61bf67d4cd22d35217976437ee493e85b80f0bfd&idproduto=110665741
		Acessando URL do produto.
	Tempo Para buscar: 751
Loja: ShopB
	URL Principal: http://www.shopb.com.br/
	URL Busca: http://busca.shopb.com.br/?busca=<BUSCA>
http://busca.shopb.com.br/?busca=Tales+of+the+Abyss
		Documento Lido
		Resultados: 30
		Nome do Produto: A Game Of Thrones Genesis - PC
			Igorando Pelo Filtro de Nome...
		Nome do Produto: Ace Combat 6: Fires of liberation - XBOX 360
			Igorando Pelo Filtro de Nome...
		Nome do Produto: Apache Air Assault - XBOX 360
			Igorando Pelo Filtro de Nome...
		Nome do Produto: Army of Two: The 40th Day - XBOX 360
			Igorando Pelo Filtro de Nome...
		Nome do Produto: Army of Two: The Devils Cartel - PS3
			Igorando Pelo Filtro de Nome...
		Nome do Produto: Army of Two: The Devils Cartel - XBOX 360
			Igorando Pelo Filtro de Nome...
		Nome do Produto: Back to the Future: The Game - PS3
			Igorando Pelo Filtro de Nome...
		Nome do Produto: Batman Arkham Asylum Game of The Year Edition - PS3
			Igorando Pelo Filtro de Nome...
		Nome do Produto: Batman Arkham Asylum: Game of The Year Edition - XBOX 360
			Igorando Pelo Filtro de Nome...
		Nome do Produto: Batman Arkham City: Game of The Year Edition - PS3
			Igorando Pelo Filtro de Nome...
		Nome do Produto: Batman Arkham City: Game of The Year Edition - XBOX 360
			Igorando Pelo Filtro de Nome...
		Nome do Produto: Boneco - Anderson "The Spider" Silva UFC Ultimate Collector
			Igorando Pelo Filtro de Nome...
		Nome do Produto: Boneco - Wanderlei "The Axe Murderer" Silva UFC Ultimate Collector
			Igorando Pelo Filtro de Nome...
		Nome do Produto: Borderlands: The Handsome Collection - PS4
			Igorando Pelo Filtro de Nome...
		Nome do Produto: Borderlands: The Pre-Sequel - XBOX 360
			Igorando Pelo Filtro de Nome...
		Nome do Produto: Bundle The Darkness II + Bioshock 2 + Mafia II - PS3
			Igorando Pelo Filtro de Nome...
		Nome do Produto: Bundle The Elder Scrolls V: Skyrim + Bioshock Infinite - XBOX 360
			Igorando Pelo Filtro de Nome...
		Nome do Produto: Call Of Duty 4: Modern Warfare - PS3
			Igorando Pelo Filtro de Nome...
		Nome do Produto: Call Of Duty 4: Modern Warfare - XBOX 360
			Igorando Pelo Filtro de Nome...
		Nome do Produto: Call Of Duty: World at War - XBOX 360
			Igorando Pelo Filtro de Nome...
		Nome do Produto: Call of Duty 3 - PS3
			Igorando Pelo Filtro de Nome...
		Nome do Produto: Call of Duty Advanced Warfare: Atlas Limited Edition - PS4
			Igorando Pelo Filtro de Nome...
		Nome do Produto: Call of Duty Advanced Warfare: Atlas Limited Edition - XBOX ONE
			Igorando Pelo Filtro de Nome...
		Nome do Produto: Call of Duty Advanced Warfare: Atlas Pro Edition - PS4
			Igorando Pelo Filtro de Nome...
		Nome do Produto: Call of Duty Black Ops 2: Hardened Edition - PS3
			Igorando Pelo Filtro de Nome...
		Nome do Produto: Call of Duty Black Ops 2: Hardened Edition - XBOX 360
			Igorando Pelo Filtro de Nome...
		Nome do Produto: Call of Duty: Advanced Warfare - PS3
			Igorando Pelo Filtro de Nome...
		Nome do Produto: Call of Duty: Advanced Warfare - PS4
			Igorando Pelo Filtro de Nome...
		Nome do Produto: Call of Duty: Advanced Warfare - XBOX 360
			Igorando Pelo Filtro de Nome...
		Nome do Produto: Call of Duty: Advanced Warfare - XBOX ONE
			Igorando Pelo Filtro de Nome...
	Tempo Para buscar: 893
Loja: Submarino
	URL Principal: http://www.submarino.com.br/
	URL Busca: http://busca.submarino.com.br/busca.php?q=<BUSCA>
http://busca.submarino.com.br/busca.php?q=Tales+of+the+Abyss
		Documento Lido
		Resultados: 1
		Nome do Produto: Game Tales of The Abyss - 3DS
http://busca.submarino.com.br/produto.php?link=http://www.submarino.com.br/produto/110665741/game-tales-of-the-abyss-3ds&ranking=1&sessao=U8GFQEYYWMS87&idbusca=4405272c951e199fd2b52fd3673ca74026793337&idproduto=110665741
		Acessando URL do produto.
	Tempo Para buscar: 932
Loja: Walmart
	URL Principal: http://www.walmart.com.br/
	URL Busca: http://www.walmart.com.br/busca/?ft=<BUSCA>&PS=20
http://www.walmart.com.br/busca/?ft=Tales+of+the+Abyss&PS=20
		Documento Lido
		Resultados: 1
		Nome do Produto: Tales of the Abyss - 3DS
http://www.walmart.com.br//produto/Games/Jogos-para-Nintendo-3DS/Namco/2256158m-tales_of_the_abyss_3ds
		Acessando URL do produto.
	Tempo Para buscar: 2273

File copied from C:\java\workspace Estudo\lookforprices\resources\imports\css.css to C:\java\workspace Estudo\lookforprices\reports\2015-05-26 09\css.css
File copied from C:\java\workspace Estudo\lookforprices\resources\imports\jquery.js to C:\java\workspace Estudo\lookforprices\reports\2015-05-26 09\jquery.js
File copied from C:\java\workspace Estudo\lookforprices\resources\imports\scripts.js to C:\java\workspace Estudo\lookforprices\reports\2015-05-26 09\scripts.js
Tempo total de execução: 28800
