Game: Zelda link between worlds
Product Name: Zelda link between worlds
Loja: Nintendo eShop
	URL Principal: http://www.nintendo.com/3ds/eshop
	URL Busca: http://www.nintendo.com/json/content/get/game/filter?&qterm=<BUSCA>
NintendoEShopSearch.search() http://www.nintendo.com/json/content/get/game/filter?&qterm=Zelda+link+between+worlds
		Documento Lido
		Resultados: 1
		Nome do Produto: The Legend of Zelda: A Link Between Worlds
http://www.nintendo.com/games/detail/Z6ft-sYy0pxxdkRc-dIxtTH7XHqWVLl9
		Acessando URL do produto.
URL = http://www.nintendo.com/games/detail/Z6ft-sYy0pxxdkRc-dIxtTH7XHqWVLl9
	Tempo Para buscar: 772
Loja: Americanas
	URL Principal: http://www.americanas.com.br/
	URL Busca: http://busca.americanas.com.br/busca.php?q=<BUSCA>
http://busca.americanas.com.br/busca.php?q=Zelda+link+between+worlds
		Documento Lido
		Resultados: 30
		Nome do Produto: Repetidor de Sinal 300Mbps 2.4Ghz 850RE - TP-Link
			Igorando Pelo Filtro de Nome...
		Nome do Produto: Roteador Wireless 150Mbps DIR-610 - D-Link
			Igorando Pelo Filtro de Nome...
		Nome do Produto: Roteador Wireless 300Mbps High Power - L1-RWH333 - Link One
			Igorando Pelo Filtro de Nome...
		Nome do Produto: Roteador Wireless 300MBPS - D-Link - DIR-615
			Igorando Pelo Filtro de Nome...
		Nome do Produto: Roteador Wireless 300Mbps WR1043ND - TP-Link
			Igorando Pelo Filtro de Nome...
		Nome do Produto: Roteador Wireless D-Link 750mbps Dir-810l
			Igorando Pelo Filtro de Nome...
		Nome do Produto: Antena Wireless Omni de 5 dBi e Conector RSMA TL- ANT 2405C - TP-Link
			Igorando Pelo Filtro de Nome...
		Nome do Produto: Access Point Wireless 150Mbps WA701ND - TP-Link
			Igorando Pelo Filtro de Nome...
		Nome do Produto: Mini Roteador Wireless 150 Mbps WR702N - TP-Link
			Igorando Pelo Filtro de Nome...
		Nome do Produto: Roteador Wireless TP-Link TL-WDR4300 750 mbps
			Igorando Pelo Filtro de Nome...
		Nome do Produto: Roteador Wireless 600Mbps WDR3600 - TP-Link
			Igorando Pelo Filtro de Nome...
		Nome do Produto: Roteador Wireless 150Mbps - L1-RW131 - Link One
			Igorando Pelo Filtro de Nome...
		Nome do Produto: Roteador Wireless 300Mbps - L1-RW332 - Link One
			Igorando Pelo Filtro de Nome...
		Nome do Produto: Roteador Wireless 300Mbps - L1-RW342 - Link One
			Igorando Pelo Filtro de Nome...
		Nome do Produto: Roteador Wireless 450Mbps - L1-RW434 - Link One
			Igorando Pelo Filtro de Nome...
		Nome do Produto: Roteador Wireless D-Link DIR-610 N
			Igorando Pelo Filtro de Nome...
		Nome do Produto: Roteador Wireless D-Link DIR-610N
			Igorando Pelo Filtro de Nome...
		Nome do Produto: Roteador Wireless D-Link DIR-615 N
			Igorando Pelo Filtro de Nome...
		Nome do Produto: Roteador Wireless D-Link DIR-868L AC 1750Mbps
			Igorando Pelo Filtro de Nome...
		Nome do Produto: Adaptador USB D-Link DWA-171
			Igorando Pelo Filtro de Nome...
		Nome do Produto: Roteador Wireless D-Link AC 750Mbps
			Igorando Pelo Filtro de Nome...
		Nome do Produto: Roteador Wireless Dual Band 2.4/5ghz 300mbps Tl-Wdr3500 Tp-Link
			Igorando Pelo Filtro de Nome...
		Nome do Produto: Cama de Solteiro Charme Branco - Links
			Igorando Pelo Filtro de Nome...
		Nome do Produto: Roteador D-Link Wireless 300MBPS DIR-615 - Padrão N QoS IP Controle de País
			Igorando Pelo Filtro de Nome...
		Nome do Produto: Roteador Portátil Wireless 3G 150Mbps MR3020 - TP-Link
			Igorando Pelo Filtro de Nome...
		Nome do Produto: Roteador DIR-506L Portátil Multifunção com Tecnologia Shareport e Bateria - D-Link
			Igorando Pelo Filtro de Nome...
		Nome do Produto: Roteador e Repetidor Cloud DIR-505 - D-Link
			Igorando Pelo Filtro de Nome...
		Nome do Produto: Roteador Wireless 300Mbps 2.4Ghz TL-WR940N - TP-Link
			Igorando Pelo Filtro de Nome...
		Nome do Produto: Roteador Wireless 300Mbps 2.4Ghz 841HP - TP-Link
			Igorando Pelo Filtro de Nome...
		Nome do Produto: Roteador Wireless 300Mbps 2.4Ghz 840N - TP-Link
			Igorando Pelo Filtro de Nome...
	Tempo Para buscar: 501
Loja: Big Boy Games
	URL Principal: http://www.bigboygames.com.br/
	URL Busca: http://www.bigboygames.com.br/pesquisa/?p=<BUSCA>
http://www.bigboygames.com.br/pesquisa/?p=Zelda+link+between+worlds
		Documento Lido
		Resultados: 2
		Nome do Produto: 3DS - The Legend of Zelda: A Link Between Worlds
http://www.bigboygames.com.br/3ds-the-legend-of-zelda-a-link-between-worlds-p5708/
		Acessando URL do produto.
		Nome do Produto: Console Nintendo 3DS XL Dourado - Zelda A Link Between Worlds Edition
http://www.bigboygames.com.br/console-nintendo-3ds-xl-dourado-zelda-a-link-between-worlds-edition-p5923/
		Acessando URL do produto.
	Tempo Para buscar: 2786
Loja: Casas Bahia
	URL Principal: http://www.casasbahia.com.br/
	URL Busca: http://buscas.casasbahia.com.br/search?w=<BUSCA>
http://buscas.casasbahia.com.br/search?w=Zelda+link+between+worlds
		Documento Lido
		Resultados: 1
		Nome do Produto: 
			Igorando Pelo Filtro de Nome...
		Nome do Produto: 
			Igorando Pelo Filtro de Nome...
		Nome do Produto: 
			Igorando Pelo Filtro de Nome...
		Nome do Produto: 
			Igorando Pelo Filtro de Nome...
		Nome do Produto: 
			Igorando Pelo Filtro de Nome...
		Nome do Produto: 
			Igorando Pelo Filtro de Nome...
		Nome do Produto: 
			Igorando Pelo Filtro de Nome...
	Tempo Para buscar: 1668
Loja: Extra
	URL Principal: http://www.extra.com.br/
	URL Busca: http://buscando.extra.com.br/search?w=<BUSCA>
http://buscando.extra.com.br/search?w=Zelda+link+between+worlds
		Documento Lido
		Resultados: 1
		Nome do Produto: Jogo Legend Of Zelda: A Link Between World - 3DS
			Igorando Pelo Filtro de Nome...
	Tempo Para buscar: 985
Loja: E-Virtua
	URL Principal: http://www.evirtua.com.br/
	URL Busca: http://www.evirtua.com.br/Busca?search_department_id=0&SearchTerm=<BUSCA>
http://www.evirtua.com.br/Busca?search_department_id=0&SearchTerm=Zelda+link+between+worlds
		Documento Lido
		Resultados: 1
		Nome do Produto: The Legend of Zelda: A Link Between Worlds - 3DS
http://www.evirtua.com.br//the-legend-of-zelda-a-link-between-worlds-3ds/3326-01
		Acessando URL do produto.
	Tempo Para buscar: 533
Loja: Fast Games
	URL Principal: http://www.fastgames.com.br/
	URL Busca: http://www.fastgames.com.br/loja/busca.php?loja=187970&palavra_busca=<BUSCA>
http://www.fastgames.com.br/loja/busca.php?loja=187970&palavra_busca=Zelda+link+between+worlds
		Documento Lido
		Resultados: 1
		Nome do Produto: The Legend of Zelda: A Link Between Worlds - 3DS
http://www.fastgames.com.br//the-legend-of-zelda-a-link-between-worlds-3ds-pr-7172-187970.htm
		Acessando URL do produto.
	Tempo Para buscar: 4178
Loja: Fast Shop
	URL Principal: http://www.fastshop.com.br/loja/
	URL Busca: http://www.fastshop.com.br/webapp/wcs/stores/servlet/SearchDisplay?searchTerm=<BUSCA>&categoryId=&storeId=10151&catalogId=11052&langId=-6&pageSize=9&beginIndex=0&sType=SimpleSearch&resultCatEntryType=2&showResultsPage=true&searchSource=Q&pageView=&hotsite=fastshop
http://www.fastshop.com.br/webapp/wcs/stores/servlet/SearchDisplay?searchTerm=Zelda+link+between+worlds&categoryId=&storeId=10151&catalogId=11052&langId=-6&pageSize=9&beginIndex=0&sType=SimpleSearch&resultCatEntryType=2&showResultsPage=true&searchSource=Q&pageView=&hotsite=fastshop
		Documento Lido
		Resultados: 0
	Tempo Para buscar: 513
Loja: FNAC
	URL Principal: http://www.fnac.com.br/index.html
	URL Busca: http://busca.fnac.com.br/?busca=<BUSCA>
http://busca.fnac.com.br/?busca=Zelda+link+between+worlds
		Documento Lido
		Resultados: 20
		Nome do Produto: Roteador Wireless D-link Dir-868l 1750mbps Dual Band
			Igorando Pelo Filtro de Nome...
		Nome do Produto: Câmera Wireless D-link N Com Mydlink Cloud E Função Pan/tilt Dia & Noite
			Igorando Pelo Filtro de Nome...
		Nome do Produto: Câmera de Monitoramento D-link Dcs-942l Wireless Cloud
			Igorando Pelo Filtro de Nome...
		Nome do Produto: Gravador de Vídeo D-link Dnr-202l Nvr USB Para 4 Câmeras
			Igorando Pelo Filtro de Nome...
		Nome do Produto: Mini Displayport Apple Mb571z/a To Dual Link DVI Adapter
			Igorando Pelo Filtro de Nome...
		Nome do Produto: Câmera D-link Cloud Dcs-932l
			Igorando Pelo Filtro de Nome...
		Nome do Produto: Micro System Philips Mcm1150x/78 C/ Cd, USB E MP3 Link- Philips
			Igorando Pelo Filtro de Nome...
		Nome do Produto: Switch D-link Des1024d Br 10/100mbps
			Igorando Pelo Filtro de Nome...
		Nome do Produto: Câmera de Monitoramento Wireless D-link Dcs-930l
			Igorando Pelo Filtro de Nome...
		Nome do Produto: Roteador Wireless D-link Dir-803 Dual Band Ac 750mbps
			Igorando Pelo Filtro de Nome...
		Nome do Produto: Adaptador Wireless D-link Dwa-182 1200mbps Dual Band
			Igorando Pelo Filtro de Nome...
		Nome do Produto: Repetidor & Roteador Wireless D-link Dir-503 150mbps
			Igorando Pelo Filtro de Nome...
		Nome do Produto: Repetidor de Sinal D-link Dir-505 Shareport N 150mbps
			Igorando Pelo Filtro de Nome...
		Nome do Produto: Adaptador Wireless D-link Dwa-171 750mbps Dual Band
			Igorando Pelo Filtro de Nome...
		Nome do Produto: Roteador Wireless D-link Dir-615 N 300mbps
			Igorando Pelo Filtro de Nome...
		Nome do Produto: Adaptador Wireless D-link Dwa-131
			Igorando Pelo Filtro de Nome...
		Nome do Produto: Switch D-link Des-1008a Br 10/100mbps
			Igorando Pelo Filtro de Nome...
		Nome do Produto: Fantasy Worlds
			Igorando Pelo Filtro de Nome...
		Nome do Produto: Adaptador Wireless D-link Dwa-132 N 300mbps
			Igorando Pelo Filtro de Nome...
		Nome do Produto: Between Dog And Wolf
			Igorando Pelo Filtro de Nome...
	Tempo Para buscar: 1093
Loja: Kabum
	URL Principal: http://www.kabum.com.br/
	URL Busca: http://www.kabum.com.br/cgi-local/site/listagem/listagem.cgi?string=<BUSCA>&btnG=
http://www.kabum.com.br/cgi-local/site/listagem/listagem.cgi?string=Zelda+link+between+worlds&btnG=
		Documento Lido
		Resultados: 0
	Tempo Para buscar: 406
Loja: Livraria Cultura
	URL Principal: http://www.livrariacultura.com.br/
	URL Busca: http://www.livrariacultura.com.br/busca?N=0&Ntt=<BUSCA>
http://www.livrariacultura.com.br/busca?N=0&Ntt=Zelda+link+between+worlds
		Documento Lido
		Resultados: 3
		Nome do Produto: LEGEND OF ZELDA - A LINK BETWEEN WORLDS
http://www.livrariacultura.com.br/p/legend-of-zelda-a-link-between-worlds-42744956
		Acessando URL do produto.
		Nome do Produto: LEGEND OF ZELDA, THE - A LINK BETWEEN WORLDS (3DS)
http://www.livrariacultura.com.br/p/legend-of-zelda-the-a-link-between-worlds-3ds-42150349
		Acessando URL do produto.
		Nome do Produto: SCHRODINGER'S DACHSHUND: A NOVEL OF ESPIONAGE,
			Igorando Pelo Filtro de Nome...
	Tempo Para buscar: 1244
Loja: Magazine Luiza
	URL Principal: http://www.magazineluiza.com.br/
	URL Busca: http://www.magazineluiza.com.br/busca/<BUSCA>/
http://www.magazineluiza.com.br/busca/Zelda+link+between+worlds/
		Documento Lido
		Resultados: 48
		Nome do Produto: Roteador Wireless Link-One RW 332 - 300mbps 2 Antenas 3 Portas
			Igorando Pelo Filtro de Nome...
		Nome do Produto: Roteador Wireless D-Link DIR-610 150 mbps - 1 Antena 5 Portas
			Igorando Pelo Filtro de Nome...
		Nome do Produto: Roteador Wireless D-Link DIR-615 300 mbps - 2 Antenas 5 Portas
			Igorando Pelo Filtro de Nome...
		Nome do Produto: Roteador Wireless Link-One L1-RW342 - 300 mbps 2 Antenas 5 Portas
			Igorando Pelo Filtro de Nome...
		Nome do Produto: Roteador Wireless Link-One L1-RW333 - 300 mbps 3 Antenas 4 Portas
			Igorando Pelo Filtro de Nome...
		Nome do Produto: Roteador Wireless Link-One L1-RW141 - 150 mbps 1 Antena 5 Portas
			Igorando Pelo Filtro de Nome...
		Nome do Produto: Roteador Wireless Link-One L1-RWH333 - 300 mbps 3 Antenas 4 Portas
			Igorando Pelo Filtro de Nome...
		Nome do Produto: Switch DES-1008A - D-Link
			Igorando Pelo Filtro de Nome...
		Nome do Produto: Adaptador Wireless DWA-171 - D-Link
			Igorando Pelo Filtro de Nome...
		Nome do Produto: Placa Wireless PCMCIA 300Mbps - D-Link DWA-645
			Igorando Pelo Filtro de Nome...
		Nome do Produto: Adaptador Wireless USB 2.0 - D-Link DWA-123
			Igorando Pelo Filtro de Nome...
		Nome do Produto: Adaptador Wireless USB 2.0 - L1-AW3U - Link-One
			Igorando Pelo Filtro de Nome...
		Nome do Produto: Adaptador Wireless USB 2.0 - L1-AW1UN - Link-One
			Igorando Pelo Filtro de Nome...
		Nome do Produto: Roteador Wireless White Piano L1RW-131 - 4 Portas 150 Mbps - Link-One
			Igorando Pelo Filtro de Nome...
		Nome do Produto: Adaptador Wireless USB 2.0 - L1-AW1UD - Link-One
			Igorando Pelo Filtro de Nome...
		Nome do Produto: Câmera Wireless 1.3MP - D-Link DCS 932L
			Igorando Pelo Filtro de Nome...
		Nome do Produto: Câmera de Rede Wireless Residencial - D-Link DSC 930L
			Igorando Pelo Filtro de Nome...
		Nome do Produto: Roteador Wireless Portátil 150 Mbps - D-Link DIR 505
			Igorando Pelo Filtro de Nome...
		Nome do Produto: Roteador Wireless 150 Mbps com Botão QSS - TP-Link TL-MR3220
			Igorando Pelo Filtro de Nome...
		Nome do Produto: Caixa Organizadora Links - Winny
			Igorando Pelo Filtro de Nome...
		Nome do Produto: Caixa Organizadora Links - Winny
			Igorando Pelo Filtro de Nome...
		Nome do Produto: Caixa Organizadora Links - Winny
			Igorando Pelo Filtro de Nome...
		Nome do Produto: Caixa Organizadora Links - Winny
			Igorando Pelo Filtro de Nome...
		Nome do Produto: Assento Sanitário Conhaque Translúcido Link - para Louça Deca - Pontto Lavabo
			Igorando Pelo Filtro de Nome...
		Nome do Produto: Assento Sanitário Azul Translúcido Link - para Louça Deca - Pontto Lavabo
			Igorando Pelo Filtro de Nome...
		Nome do Produto: Assento Sanitário Rose Translúcido Link - para Louça Deca - Pontto Lavabo
			Igorando Pelo Filtro de Nome...
		Nome do Produto: Assento Sanitário Vermelho Translúcido Link - para Louça Deca - Pontto Lavabo
			Igorando Pelo Filtro de Nome...
		Nome do Produto: Assento Sanitário Cristal Translúcido Link - para Louça Deca - Pontto Lavabo
			Igorando Pelo Filtro de Nome...
		Nome do Produto: Assento Sanitário Conhaque Translúcido Link - para Louça Deca - Pontto Lavabo
			Igorando Pelo Filtro de Nome...
		Nome do Produto: Assento Sanitário Cristal Translúcido Link - para Louça Deca - Pontto Lavabo
			Igorando Pelo Filtro de Nome...
		Nome do Produto: Assento Sanitário Rose Translúcido Link - para Louça Deca - Pontto Lavabo
			Igorando Pelo Filtro de Nome...
		Nome do Produto: Assento Sanitário Vermelho Translúcido Link - para Louça Deca - Pontto Lavabo
			Igorando Pelo Filtro de Nome...
		Nome do Produto: Assento Sanitário Azul Translúcido Link - para Louça Deca - Pontto Lavabo
			Igorando Pelo Filtro de Nome...
		Nome do Produto: Assento Sanitário Almofadado Cinza Real Link - para Louça Deca - Pontto Lavabo
			Igorando Pelo Filtro de Nome...
		Nome do Produto: Assento Sanitário Almofadado Bege Claro Link - para Louça Deca - Pontto Lavabo
			Igorando Pelo Filtro de Nome...
		Nome do Produto: Assento Sanitário Verde Malva Translúcido Link - para Louça Deca - Pontto Lavabo
			Igorando Pelo Filtro de Nome...
		Nome do Produto: Assento Sanitário Verde Malva Translúcido Link - para Louça Deca - Pontto Lavabo
			Igorando Pelo Filtro de Nome...
		Nome do Produto: Assento Sanitário Branco Gelo Link - para Louça Deca - Pontto Lavabo
			Igorando Pelo Filtro de Nome...
		Nome do Produto: Assento Sanitário Almofadado Branco Gelo Link - para Louça Deca - Pontto Lavabo
			Igorando Pelo Filtro de Nome...
		Nome do Produto: Assento Sanitário Branco Gelo Link para Louça Deca - Pontto Lavabo
			Igorando Pelo Filtro de Nome...
		Nome do Produto: Assento Sanitário Branco Gelo Link - para Louça Deca - Pontto Lavabo
			Igorando Pelo Filtro de Nome...
		Nome do Produto: Roteador Wireless D-Link DIR 615 - 300Mbps 2 Antenas 5 Portas
			Igorando Pelo Filtro de Nome...
		Nome do Produto: Roteador Wireless D-Link DIR-868L 1750mbps - 5 Portas 1 USB
			Igorando Pelo Filtro de Nome...
		Nome do Produto: Roteador Wireless D-Link DIR-610N 150mbps - 5 Portas Fast Ethernet
			Igorando Pelo Filtro de Nome...
		Nome do Produto: Roteador Wireless Link-One L1-RWH342D - 300 mbps 2 Antenas 5 Portas
			Igorando Pelo Filtro de Nome...
		Nome do Produto: Câmera IP Wireless Pan/Tilt DCS 5020L - D-Link
			Igorando Pelo Filtro de Nome...
		Nome do Produto: Roteador Switch Fast Ethernet L1-S108D - 8 Portas 150mbps - Link-One
			Igorando Pelo Filtro de Nome...
		Nome do Produto: Kit Cozinha Links Siena 5 Portas - 3 Gavetas
			Igorando Pelo Filtro de Nome...
	Tempo Para buscar: 636
Loja: Mula Games
	URL Principal: http://www.mulagames.com.br/
	URL Busca: http://www.mulagames.com.br/produtos-index/catalogo_produtos/-/-/<BUSCA>/-/-/-/-/-/
http://www.mulagames.com.br/produtos-index/catalogo_produtos/-/-/Zelda%20link%20between%20worlds/-/-/-/-/-/
		Documento Lido
		Resultados: 1
		Nome do Produto: The Legend of Zelda: A Link Between Worlds - 3DS
http://www.mulagames.com.br/The-Legend-of-Zelda--A-Link-Between-Worlds-3DS/prod-1789689/
		Acessando URL do produto.
http://www.mulagames.com.br/produto-ajax_retorna_dados_preco_comprar/1789689
		Acessando URL do preço produto.
	Tempo Para buscar: 2322
Loja: Net Shoes
	URL Principal: http://www.netshoes.com.br/
	URL Busca: http://www.netshoes.com.br/search?Ntt=<BUSCA>
http://www.netshoes.com.br/search?Ntt=Zelda+link+between+worlds
		Documento Lido
		Resultados: 2
		Nome do Produto: Jogo Two Worlds PC
			Igorando Pelo Filtro de Nome...
		Nome do Produto: Jogo Two Worlds Epic Edition PC
			Igorando Pelo Filtro de Nome...
	Tempo Para buscar: 138
Loja: Ponto Frio
	URL Principal: http://www.pontofrio.com.br/
	URL Busca: http://search.pontofrio.com.br/search?w=<BUSCA>
http://search.pontofrio.com.br/search?w=Zelda+link+between+worlds
		Documento Lido
		Resultados: 1
		Nome do Produto: 
			Igorando Pelo Filtro de Nome...
		Nome do Produto: 
			Igorando Pelo Filtro de Nome...
		Nome do Produto: 
			Igorando Pelo Filtro de Nome...
		Nome do Produto: 
			Igorando Pelo Filtro de Nome...
		Nome do Produto: 
			Igorando Pelo Filtro de Nome...
		Nome do Produto: 
			Igorando Pelo Filtro de Nome...
		Nome do Produto: 
			Igorando Pelo Filtro de Nome...
		Nome do Produto: 
			Igorando Pelo Filtro de Nome...
		Nome do Produto: 
			Igorando Pelo Filtro de Nome...
		Nome do Produto: 
			Igorando Pelo Filtro de Nome...
		Nome do Produto: 
			Igorando Pelo Filtro de Nome...
		Nome do Produto: 
			Igorando Pelo Filtro de Nome...
		Nome do Produto: 
			Igorando Pelo Filtro de Nome...
		Nome do Produto: 
			Igorando Pelo Filtro de Nome...
		Nome do Produto: 
			Igorando Pelo Filtro de Nome...
		Nome do Produto: 
			Igorando Pelo Filtro de Nome...
		Nome do Produto: 
			Igorando Pelo Filtro de Nome...
		Nome do Produto: 
			Igorando Pelo Filtro de Nome...
		Nome do Produto: 
			Igorando Pelo Filtro de Nome...
		Nome do Produto: 
			Igorando Pelo Filtro de Nome...
		Nome do Produto: 
			Igorando Pelo Filtro de Nome...
		Nome do Produto: 
			Igorando Pelo Filtro de Nome...
		Nome do Produto: 
			Igorando Pelo Filtro de Nome...
		Nome do Produto: 
			Igorando Pelo Filtro de Nome...
		Nome do Produto: 
			Igorando Pelo Filtro de Nome...
		Nome do Produto: 
			Igorando Pelo Filtro de Nome...
		Nome do Produto: 
			Igorando Pelo Filtro de Nome...
		Nome do Produto: 
			Igorando Pelo Filtro de Nome...
		Nome do Produto: 
			Igorando Pelo Filtro de Nome...
		Nome do Produto: 
			Igorando Pelo Filtro de Nome...
		Nome do Produto: 
			Igorando Pelo Filtro de Nome...
		Nome do Produto: 
			Igorando Pelo Filtro de Nome...
		Nome do Produto: 
			Igorando Pelo Filtro de Nome...
		Nome do Produto: 
			Igorando Pelo Filtro de Nome...
		Nome do Produto: 
			Igorando Pelo Filtro de Nome...
		Nome do Produto: 
			Igorando Pelo Filtro de Nome...
		Nome do Produto: 
			Igorando Pelo Filtro de Nome...
		Nome do Produto: 
			Igorando Pelo Filtro de Nome...
		Nome do Produto: 
			Igorando Pelo Filtro de Nome...
		Nome do Produto: 
			Igorando Pelo Filtro de Nome...
		Nome do Produto: 
			Igorando Pelo Filtro de Nome...
		Nome do Produto: 
			Igorando Pelo Filtro de Nome...
		Nome do Produto: 
			Igorando Pelo Filtro de Nome...
		Nome do Produto: 
			Igorando Pelo Filtro de Nome...
		Nome do Produto: 
			Igorando Pelo Filtro de Nome...
		Nome do Produto: 
			Igorando Pelo Filtro de Nome...
		Nome do Produto: 
			Igorando Pelo Filtro de Nome...
		Nome do Produto: 
			Igorando Pelo Filtro de Nome...
		Nome do Produto: 
			Igorando Pelo Filtro de Nome...
		Nome do Produto: 
			Igorando Pelo Filtro de Nome...
		Nome do Produto: 
			Igorando Pelo Filtro de Nome...
		Nome do Produto: 
			Igorando Pelo Filtro de Nome...
		Nome do Produto: 
			Igorando Pelo Filtro de Nome...
		Nome do Produto: 
			Igorando Pelo Filtro de Nome...
		Nome do Produto: 
			Igorando Pelo Filtro de Nome...
		Nome do Produto: 
			Igorando Pelo Filtro de Nome...
	Tempo Para buscar: 2182
Loja: Ricardo Eletro
	URL Principal: http://www.ricardoeletro.com.br/
	URL Busca: http://www.ricardoeletro.com.br/Busca/Resultado/?q=<BUSCA>
http://www.ricardoeletro.com.br/Busca/Resultado/?q=Zelda+link+between+worlds
		Documento Lido
		Resultados: 0
	Tempo Para buscar: 1218
Loja: RiHappy
	URL Principal: http://www.rihappy.com.br/
	URL Busca: http://www.rihappy.com.br/<BUSCA>
http://www.rihappy.com.br/Zelda%20link%20between%20worlds
		Documento Lido
		Resultados: 0
	Tempo Para buscar: 1174
Loja: Saraiva
	URL Principal: http://www.saraiva.com.br/
	URL Busca: http://busca.saraiva.com.br/search?w=<BUSCA>&PAC_ID=129457&ts=ajax
http://busca.saraiva.com.br/search?w=Zelda+link+between+worlds&PAC_ID=129457&ts=ajax
		Documento Lido
		Resultados: 1
		Nome do Produto: Cabo de Lightning Para USB Apple Md818bz/a
			Igorando Pelo Filtro de Nome...
	Tempo Para buscar: 576
Loja: Shop Facil
	URL Principal: http://ww2.shopfacil.com.br/
	URL Busca: http://ww2.shopfacil.com.br/<BUSCA>
http://ww2.shopfacil.com.br/Zelda%20link%20between%20worlds
		Documento Lido
		Resultados: 0
	Tempo Para buscar: 990
Loja: Shop Time
	URL Principal: http://www.shoptime.com.br/
	URL Busca: http://busca.shoptime.com.br/busca.php?q=<BUSCA>
http://busca.shoptime.com.br/busca.php?q=Zelda+link+between+worlds
		Documento Lido
		Resultados: 1
		Nome do Produto: Game The Legend of Zelda - A Link Between Worlds - 3DS
http://busca.shoptime.com.br/produto.php?link=http://www.shoptime.com.br/produto/116578859/game-the-legend-of-zelda-a-link-between-worlds-3ds&ranking=1&sessao=U8GF5AF3VF4C7&idbusca=783116c1912b9f2272197480d74b1409ca005574&idproduto=116578859
		Acessando URL do produto.
	Tempo Para buscar: 802
Loja: ShopB
	URL Principal: http://www.shopb.com.br/
	URL Busca: http://busca.shopb.com.br/?busca=<BUSCA>
http://busca.shopb.com.br/?busca=Zelda+link+between+worlds
		Documento Lido
		Resultados: 31
		Nome do Produto: The Legend of Zelda: A Link Between Worlds - 3DS
http://shopb.ecommercesearch.com.br/Busca/Redir?url=http%3a%2f%2fwww.shopb.com.br%2fecommerce_site%2findex.php%3fpg%3dproduto%26cdg%3d4488%26idp%3d33563%26idparceiro%3dp1&esid=33563
		Acessando URL do produto.
		Nome do Produto: Adaptador Wireless USB TL-WN721N Branco - TP-Link
			Igorando Pelo Filtro de Nome...
		Nome do Produto: Adaptador de Rede PCI-E 1000Mbps - TP-Link
			Igorando Pelo Filtro de Nome...
		Nome do Produto: Antena Interna Omni-direcional 2.4GHz 5dbi - TP Link
			Igorando Pelo Filtro de Nome...
		Nome do Produto: Antena Interna Omni-direcional 2.4GHz 8dbi - TP Link
			Igorando Pelo Filtro de Nome...
		Nome do Produto: Extensor de Alcance Repetidor Wi-Fi 150Mbps DIR-505 - D-Link
			Igorando Pelo Filtro de Nome...
		Nome do Produto: Extensor de Alcance Repetidor Wi-Fi Universal 300Mbps TL-WA850RE - TP-Link
			Igorando Pelo Filtro de Nome...
		Nome do Produto: Mobile Wireless Router D-Link
			Igorando Pelo Filtro de Nome...
		Nome do Produto: Modem 3G - D-Link
			Igorando Pelo Filtro de Nome...
		Nome do Produto: Modem Banda Larga DSL500B - D-Link
			Igorando Pelo Filtro de Nome...
		Nome do Produto: Modem Roteador + 150 Mbps Wireless N TL-WA701ND - TP-Link
			Igorando Pelo Filtro de Nome...
		Nome do Produto: Modem Roteador + 150 Mbps Wireless N TL-WR741ND - TP-Link
			Igorando Pelo Filtro de Nome...
		Nome do Produto: Modem Roteador + 300 Mbps Wireless N ADSL2+ - TP-Link
			Igorando Pelo Filtro de Nome...
		Nome do Produto: Modem Roteador ADSL2+ TD-8816 - TP-LINK
			Igorando Pelo Filtro de Nome...
		Nome do Produto: Nintendo Amiibo: Link Super Smash Bros - Wii U
			Igorando Pelo Filtro de Nome...
		Nome do Produto: Nintendo Amiibo: Toon Link Super Smash Bros - Wii U
			Igorando Pelo Filtro de Nome...
		Nome do Produto: Nintendo Amiibo: Zelda Super Smash Bros - Wii U
			Igorando Pelo Filtro de Nome...
		Nome do Produto: Placa de Parede Decorativa: Keep Calm and Save Zelda - ShopB
			Igorando Pelo Filtro de Nome...
		Nome do Produto: Roteador ADSL + Wireless N150 Mbps - D-Link
			Igorando Pelo Filtro de Nome...
		Nome do Produto: Switch de mesa de 8 portas de 10/100Mbps TL-SF1008D - TP-LINK
			Igorando Pelo Filtro de Nome...
		Nome do Produto: The Legend of Zelda: Majoras Mask 3D - 3DS
			Igorando Pelo Filtro de Nome...
		Nome do Produto: The Legend of Zelda: The Wind Waker HD - Wii U
			Igorando Pelo Filtro de Nome...
		Nome do Produto: Adaptador USB Wireless 150Mbps - TP Link
			Igorando Pelo Filtro de Nome...
		Nome do Produto: Marvel vs Capcom 3 Fate of Two Worlds - XBOX 360
			Igorando Pelo Filtro de Nome...
		Nome do Produto: Marvel vs Capcom 3: Fate of Two Worlds - PS3
			Igorando Pelo Filtro de Nome...
		Nome do Produto: Mini Adaptador USB Tp-link Wireless N Tl Branco 150mb
			Igorando Pelo Filtro de Nome...
		Nome do Produto: Modem Roteador + 150 Mbps Wireless N ADSL2 - TP-Link
			Igorando Pelo Filtro de Nome...
		Nome do Produto: Roteador Wireless 150 Mbps TL-WR720N - TP-Link
			Igorando Pelo Filtro de Nome...
		Nome do Produto: Roteador Wireless 150Mbps TL-WR740N - TP-Link
			Igorando Pelo Filtro de Nome...
		Nome do Produto: Roteador Wireless 300Mbps TL-WR841N - TP-Link
			Igorando Pelo Filtro de Nome...
		Nome do Produto: Roteador Wireless 300Mbps TL-WR841ND - TP-Link
			Igorando Pelo Filtro de Nome...
	Tempo Para buscar: 1999
Loja: Submarino
	URL Principal: http://www.submarino.com.br/
	URL Busca: http://busca.submarino.com.br/busca.php?q=<BUSCA>
http://busca.submarino.com.br/busca.php?q=Zelda+link+between+worlds
		Documento Lido
		Resultados: 1
		Nome do Produto: Game The Legend of Zelda - A Link Between Worlds - 3DS
http://busca.submarino.com.br/produto.php?link=http://www.submarino.com.br/produto/116578859/game-the-legend-of-zelda-a-link-between-worlds-3ds&ranking=1&sessao=U8GF5E8XBOGK7&idbusca=464680ef5e1f4ab0f9f8a212a16576ad2b34d1a9&idproduto=116578859
		Acessando URL do produto.
	Tempo Para buscar: 774
Loja: Walmart
	URL Principal: http://www.walmart.com.br/
	URL Busca: http://www.walmart.com.br/busca/?ft=<BUSCA>&PS=20
http://www.walmart.com.br/busca/?ft=Zelda+link+between+worlds&PS=20
		Documento Lido
		Resultados: 2
		Nome do Produto: Jogo Zelda: A Link Between Worlds - 3DS
http://www.walmart.com.br//produto/Games/Jogos-para-Nintendo-3DS/Nintendo/417977-Jogo-Zelda-A-Link-Between-Worlds-3DS
		Acessando URL do produto.
		Nome do Produto: The Legend Of Zelda - A Link Between Worlds Collector's Edition - Prima Official Game Guide
http://www.walmart.com.br//produto/Livros/Esportes/Prima-Games/2354056m-the_legend_of_zelda_a_link_between_worlds_collector_s_edition_prima_official_game_guide
		Acessando URL do produto.
	Tempo Para buscar: 3131

File copied from C:\java\workspace Estudo\lookforprices\resources\imports\css.css to C:\java\workspace Estudo\lookforprices\reports\2015-05-26 09\css.css
File copied from C:\java\workspace Estudo\lookforprices\resources\imports\jquery.js to C:\java\workspace Estudo\lookforprices\reports\2015-05-26 09\jquery.js
File copied from C:\java\workspace Estudo\lookforprices\resources\imports\scripts.js to C:\java\workspace Estudo\lookforprices\reports\2015-05-26 09\scripts.js
Tempo total de execução: 30638
