Loja: Nintendo eShop
	URL Principal: http://www.nintendo.com/3ds/eshop
	URL Busca: http://www.nintendo.com/json/content/get/game/filter?&&&&qterm=<BUSCA>
NintendoEShopSearch.search() http://www.nintendo.com/json/content/get/game/filter?&&&&qterm=resident+evil+revelations+3ds
		Documento Lido
		Resultados: 2
		Nome do Produto: Resident Evil Revelations
			Igorando Pelo Filtro de Nome...
		Nome do Produto: Resident Evil: The Mercenaries 3D
			Igorando Pelo Filtro de Nome...
	Tempo Para buscar: 702
Loja: Americanas
	URL Principal: http://www.americanas.com.br/
	URL Busca: http://busca.americanas.com.br/busca.php?q=<BUSCA>
http://busca.americanas.com.br/busca.php?q=resident+evil+revelations+3ds
		Documento Lido
		Resultados: 1
		Nome do Produto: Game Resident Evil Revelations - 3DS
http://busca.americanas.com.br/produto.php?link=http://www.americanas.com.br/produto/110839190/game-resident-evil-revelations-3ds&ranking=1&sessao=U25S8XON2PWK7&idbusca=5fca8ae43876e4fce30b8d0b2544020f1d30d41e&idproduto=110839190
		Acessando URL do produto.
	Tempo Para buscar: 1360
Loja: Big Boy Games
	URL Principal: http://www.bigboygames.com.br/
	URL Busca: http://www.bigboygames.com.br/pesquisa/?p=<BUSCA>
http://www.bigboygames.com.br/pesquisa/?p=resident+evil+revelations+3ds
org.jsoup.HttpStatusException: HTTP error fetching URL. Status=403, URL=http://www.bigboygames.com.br/pesquisa/?p=resident+evil+revelations+3ds
	at org.jsoup.helper.HttpConnection$Response.execute(HttpConnection.java:459)
	at org.jsoup.helper.HttpConnection$Response.execute(HttpConnection.java:434)
	at org.jsoup.helper.HttpConnection.execute(HttpConnection.java:181)
	at org.jsoup.helper.HttpConnection.get(HttpConnection.java:170)
	at comom.Util.readUrlDocument(Util.java:94)
	at interfaces.search.BigBoyGamesSearch.readResults(BigBoyGamesSearch.java:98)
	at interfaces.search.BigBoyGamesSearch.search(BigBoyGamesSearch.java:30)
	at objects.Shop.searchProduct(Shop.java:33)
	at Main.generateHtlReport(Main.java:88)
	at Main.main(Main.java:65)
Tentando conectar Na Url de outro modo
java.io.IOException: Server returned HTTP response code: 403 for URL: http://www.bigboygames.com.br/pesquisa/?p=resident+evil+revelations+3ds
	at sun.net.www.protocol.http.HttpURLConnection.getInputStream(HttpURLConnection.java:1615)
	at comom.Util.getPageBuffer(Util.java:138)
	at comom.Util.readUrl(Util.java:106)
	at comom.Util.readUrlDocument(Util.java:98)
	at interfaces.search.BigBoyGamesSearch.readResults(BigBoyGamesSearch.java:98)
	at interfaces.search.BigBoyGamesSearch.search(BigBoyGamesSearch.java:30)
	at objects.Shop.searchProduct(Shop.java:33)
	at Main.generateHtlReport(Main.java:88)
	at Main.main(Main.java:65)
		Documento Lido
		Resultados*: 1
		Acessando URL do produto.
java.lang.NullPointerException
	at interfaces.search.BigBoyGamesSearch.readProductPage(BigBoyGamesSearch.java:91)
	at interfaces.search.BigBoyGamesSearch.search(BigBoyGamesSearch.java:42)
	at objects.Shop.searchProduct(Shop.java:33)
	at Main.generateHtlReport(Main.java:88)
	at Main.main(Main.java:65)
	Tempo Para buscar: 520
Loja: Casas Bahia
	URL Principal: http://www.casasbahia.com.br/
	URL Busca: http://buscas.casasbahia.com.br/search?w=<BUSCA>
http://buscas.casasbahia.com.br/search?w=resident+evil+revelations+3ds
		Documento Lido
		Resultados: 2
		Nome do Produto: 
			Igorando Pelo Filtro de Nome...
		Nome do Produto: 
			Igorando Pelo Filtro de Nome...
		Nome do Produto: 
			Igorando Pelo Filtro de Nome...
		Nome do Produto: 
			Igorando Pelo Filtro de Nome...
	Tempo Para buscar: 1843
Loja: Extra
	URL Principal: http://www.extra.com.br/
	URL Busca: http://buscando.extra.com.br/search?w=<BUSCA>
http://buscando.extra.com.br/search?w=resident+evil+revelations+3ds
		Documento Lido
		Resultados: 1
		Nome do Produto: Jogo Resident Evil: Revelations - PS3
			Igorando Pelo Filtro de Nome...
	Tempo Para buscar: 1600
Loja: E-Virtua
	URL Principal: http://www.evirtua.com.br/
	URL Busca: http://www.evirtua.com.br/Busca?search_department_id=0&SearchTerm=<BUSCA>
http://www.evirtua.com.br/Busca?search_department_id=0&SearchTerm=resident+evil+revelations+3ds
		Documento Lido
		Resultados: 1
		Nome do Produto: Resident Evil: Revelations - 3DS
http://www.evirtua.com.br//resident-evil-revelations-3ds/2960-01
		Acessando URL do produto.
	Tempo Para buscar: 470
Loja: Fast Games
	URL Principal: http://www.fastgames.com.br/
	URL Busca: http://www.fastgames.com.br/loja/busca.php?loja=187970&palavra_busca=<BUSCA>
http://www.fastgames.com.br/loja/busca.php?loja=187970&palavra_busca=resident+evil+revelations+3ds
		Documento Lido
		Resultados: 5
		Nome do Produto: Circle Pad Pro - 3DS
			Igorando Pelo Filtro de Nome...
		Nome do Produto: Resident Evil: Revelations - 3DS
http://www.fastgames.com.br//resident-evil-revelations-3ds-pr-3158-187970.htm
		Acessando URL do produto.
		Nome do Produto: Resident Evil: Revelations - PS3
			Igorando Pelo Filtro de Nome...
		Nome do Produto: Resident Evil: Revelations - Wii U
			Igorando Pelo Filtro de Nome...
		Nome do Produto: Resident Evil: Revelations - XBOX 360
			Igorando Pelo Filtro de Nome...
	Tempo Para buscar: 2427
Loja: Fast Shop
	URL Principal: http://www.fastshop.com.br/loja/
	URL Busca: http://www.fastshop.com.br/webapp/wcs/stores/servlet/SearchDisplay?searchTerm=<BUSCA>&categoryId=&storeId=10151&catalogId=11052&langId=-6&pageSize=9&beginIndex=0&sType=SimpleSearch&resultCatEntryType=2&showResultsPage=true&searchSource=Q&pageView=&hotsite=fastshop
http://www.fastshop.com.br/webapp/wcs/stores/servlet/SearchDisplay?searchTerm=resident+evil+revelations+3ds&categoryId=&storeId=10151&catalogId=11052&langId=-6&pageSize=9&beginIndex=0&sType=SimpleSearch&resultCatEntryType=2&showResultsPage=true&searchSource=Q&pageView=&hotsite=fastshop
		Documento Lido
		Resultados: 0
	Tempo Para buscar: 680
Loja: FNAC
	URL Principal: http://www.fnac.com.br/index.html
	URL Busca: http://busca.fnac.com.br/?busca=<BUSCA>
http://busca.fnac.com.br/?busca=resident+evil+revelations+3ds
		Documento Lido
		Resultados: 20
		Nome do Produto: Headset Y 250p Para Ps3 E PC Thrustmaster
			Igorando Pelo Filtro de Nome...
		Nome do Produto: 3ds Lego Batman 3
			Igorando Pelo Filtro de Nome...
		Nome do Produto: Ps4 Resident Evil Revelations 2
			Igorando Pelo Filtro de Nome...
		Nome do Produto: Xbox One Resident Evil Revelations 2
			Igorando Pelo Filtro de Nome...
		Nome do Produto: 3ds Disney Magical World
			Igorando Pelo Filtro de Nome...
		Nome do Produto: 3ds Super Smash Bros
			Igorando Pelo Filtro de Nome...
		Nome do Produto: 3ds Pokemon Alpha Sapphire
			Igorando Pelo Filtro de Nome...
		Nome do Produto: 3ds Pokemon Omega Ruby
			Igorando Pelo Filtro de Nome...
		Nome do Produto: 3ds The Legend Of Zelda: A Link Between Worlds
			Igorando Pelo Filtro de Nome...
		Nome do Produto: 3ds Pokemon X
			Igorando Pelo Filtro de Nome...
		Nome do Produto: 3ds Pokemon Y
			Igorando Pelo Filtro de Nome...
		Nome do Produto: Xbox One Diablo Iii Ultimate Evil Edition
			Igorando Pelo Filtro de Nome...
		Nome do Produto: Ps4 The Evil Within
			Igorando Pelo Filtro de Nome...
		Nome do Produto: Ps3 The Evil Within
			Igorando Pelo Filtro de Nome...
		Nome do Produto: Ps3 Resident Evil Revelations 2
			Igorando Pelo Filtro de Nome...
		Nome do Produto: Xbox 360 Resident Evil Revelations 2
			Igorando Pelo Filtro de Nome...
		Nome do Produto: 3ds Batman: Arkham Origins Blackgate
			Igorando Pelo Filtro de Nome...
		Nome do Produto: Ps3 Resident Evil: Revelations
			Igorando Pelo Filtro de Nome...
		Nome do Produto: 3ds Professor Layton Vs Phoenix Wright
			Igorando Pelo Filtro de Nome...
		Nome do Produto: 3ds Mario Golf World Tour
			Igorando Pelo Filtro de Nome...
	Tempo Para buscar: 1311
Loja: Kabum
	URL Principal: http://www.kabum.com.br/
	URL Busca: http://www.kabum.com.br/cgi-local/site/listagem/listagem.cgi?string=<BUSCA>&btnG=
http://www.kabum.com.br/cgi-local/site/listagem/listagem.cgi?string=resident+evil+revelations+3ds&btnG=
		Documento Lido
		Resultados: 0
	Tempo Para buscar: 381
Loja: Livraria Cultura
	URL Principal: http://www.livrariacultura.com.br/
	URL Busca: http://www.livrariacultura.com.br/busca?N=0&Ntt=<BUSCA>
http://www.livrariacultura.com.br/busca?N=0&Ntt=resident+evil+revelations+3ds
		Documento Lido
		Resultados: 6
		Nome do Produto: CIRCLE PAD PRO - NINTENDO 3DS
			Igorando Pelo Filtro de Nome...
		Nome do Produto: RESIDENT EVIL - REVELATIONS (PS3)
			Igorando Pelo Filtro de Nome...
		Nome do Produto: RESIDENT EVIL - REVELATIONS (X360)
			Igorando Pelo Filtro de Nome...
		Nome do Produto: GAME FREAKS 365'S NINTENDO 3DS GUIDE
			Igorando Pelo Filtro de Nome...
		Nome do Produto: RESIDENT EVIL - REVELATIONS (3DS)
http://www.livrariacultura.com.br/p/resident-evil-revelations-3ds-29480524
		Acessando URL do produto.
		Nome do Produto: GAME FREAKS 365'S NINTENDO 3DS GUIDE
			Igorando Pelo Filtro de Nome...
	Tempo Para buscar: 839
Loja: Magazine Luiza
	URL Principal: http://www.magazineluiza.com.br/
	URL Busca: http://www.magazineluiza.com.br/busca/<BUSCA>/
http://www.magazineluiza.com.br/busca/resident+evil+revelations+3ds/
		Documento Lido
		Resultados: 60
		Nome do Produto: Luigis Mansion: Dark Moon p/ Nintendo 3DS - Nintendo
			Igorando Pelo Filtro de Nome...
		Nome do Produto: Pokémon Alpha Sapphire para Nintendo 3DS - Nintendo
			Igorando Pelo Filtro de Nome...
		Nome do Produto: Pokémon Omega Ruby para Nintendo 3DS - Nintendo
			Igorando Pelo Filtro de Nome...
		Nome do Produto: Yoshis New Island para Nintendo 3DS - Nintendo
			Igorando Pelo Filtro de Nome...
		Nome do Produto: Pokémon Art Academy para Nintendo 3DS - Nintendo
			Igorando Pelo Filtro de Nome...
		Nome do Produto: Mario & Luigi: Dream Team para Nintendo 3DS - Nintendo
			Igorando Pelo Filtro de Nome...
		Nome do Produto: Lego The Lord of the Rings para Nintendo DS - Warner
			Igorando Pelo Filtro de Nome...
		Nome do Produto: Super Smash Bros para Nintendo 3DS - Nintendo
			Igorando Pelo Filtro de Nome...
		Nome do Produto: Case para Nintendo 3DS XL em Metal - Bigben 3DSXLCASEMETALA
			Igorando Pelo Filtro de Nome...
		Nome do Produto: Disney Magical World p/ Nintendo 3DS - Nintendo
			Igorando Pelo Filtro de Nome...
		Nome do Produto: Young Justice Legacy p/ Nintendo 3DS - Little Orbit
			Igorando Pelo Filtro de Nome...
		Nome do Produto: Mario Golf": World Tour p/ Nintendo 3DS - Nintendo
			Igorando Pelo Filtro de Nome...
		Nome do Produto: Metal Case para Nintendo 3DS XL - Bigben
			Igorando Pelo Filtro de Nome...
		Nome do Produto: Películas Protetoras de Tela para Nintendo 3DS - bigben
			Igorando Pelo Filtro de Nome...
		Nome do Produto: Pacote Pure para Nintendo 3DS XL - bigben
			Igorando Pelo Filtro de Nome...
		Nome do Produto: Pokemon X para Nintendo 3DS - Nintendo
			Igorando Pelo Filtro de Nome...
		Nome do Produto: The Amazing Spiderman 2 para Nintendo 3DS - Activision
			Igorando Pelo Filtro de Nome...
		Nome do Produto: Nintendogs Cats Toy Poodle p/ Nintendo 3DS - Nintendo
			Igorando Pelo Filtro de Nome...
		Nome do Produto: Mario Party Island Tour para Nintendo 3DS - Nintendo
			Igorando Pelo Filtro de Nome...
		Nome do Produto: Pacote de Acessórios para Nintendo 3DS - bigben - 3DSPACK6BLACK
			Igorando Pelo Filtro de Nome...
		Nome do Produto: Case para Nintendo 3DS XL em Metal - Bigben 3DSXLCASEMETALC
			Igorando Pelo Filtro de Nome...
		Nome do Produto: Estojo com Bateria Recarregável para Nintendo 3DS - Acompanha Caneta Stylus - Bigben 3DSFLIPNCHABLA
			Igorando Pelo Filtro de Nome...
		Nome do Produto: Estojo Protetor para Console Nintendo 3DS BigBen - com Caneta Flip - 3DSFLIPBLACK
			Igorando Pelo Filtro de Nome...
		Nome do Produto: Pacote Pure para Nintendo 3DS XL - bigben
			Igorando Pelo Filtro de Nome...
		Nome do Produto: Pacote Pure para Nintendo 3DS XL - bigben
			Igorando Pelo Filtro de Nome...
		Nome do Produto: Canetas para Nintendo 3DS XL 8 Peças - bigben
			Igorando Pelo Filtro de Nome...
		Nome do Produto: Estojo Oficial para Nintendo 3DS/DS Lite/DSi - Acompanha Caneta Stylus - Bigben NDS 805M
			Igorando Pelo Filtro de Nome...
		Nome do Produto: Fire Emblem Awekening para Nintendo 3DS - Nintendo
			Igorando Pelo Filtro de Nome...
		Nome do Produto: Phineas and Ferb: Quest for Cool Stuff - p/ Nintendo 3DS - Majesco Entertainment
			Igorando Pelo Filtro de Nome...
		Nome do Produto: Transformers: Rise of the Dark Spark - para Nintendo 3DS - Activision
			Igorando Pelo Filtro de Nome...
		Nome do Produto: Lego Marvel Super Heroes para Nintendo DS - Warner
			Igorando Pelo Filtro de Nome...
		Nome do Produto: Ben 10 Galactic Racing para Nintendo DS - D3 Publisher
			Igorando Pelo Filtro de Nome...
		Nome do Produto: Zoobles p/ Nintendo DS - Activision
			Igorando Pelo Filtro de Nome...
		Nome do Produto: Ninjatown Nintendo DS - SouthPeak
			Igorando Pelo Filtro de Nome...
		Nome do Produto: Nickelodeon Bubble Guppies para Nintendo DS - 2K Play
			Igorando Pelo Filtro de Nome...
		Nome do Produto: PES 2013 - Pro Evolution Soccer 3D - para Nintendo 3DS - Konami
			Igorando Pelo Filtro de Nome...
		Nome do Produto: Band Hero Super Bundle para Nintendo DS - Activision
			Igorando Pelo Filtro de Nome...
		Nome do Produto: Disney Infinity para PS3 X360 3DS Wii e Wii U - Davy Jones - Warner
			Igorando Pelo Filtro de Nome...
		Nome do Produto: oy Box Set Wreck It Ralph p/ PS3 X360 3DS Wii - Wii U Disney Infinity - Warner
			Igorando Pelo Filtro de Nome...
		Nome do Produto: Toy Box Sets: Phineas e Ferb p/ PS3 X360 3DS Wii - Wii U Disney Infinity - Warner
			Igorando Pelo Filtro de Nome...
		Nome do Produto: Disney Infinity para PS3 X360 3DS Wii e Wii U - Francesco - Warner
			Igorando Pelo Filtro de Nome...
		Nome do Produto: Disney Infinity para PS3 X360 3DS Wii e Wii U - Sra. Incrível - Warner
			Igorando Pelo Filtro de Nome...
		Nome do Produto: Disney Infinity para PS3 X360 3DS Wii e Wii U - Randy - Warner
			Igorando Pelo Filtro de Nome...
		Nome do Produto: Discos de Poder para PS3 X360 3DS Wii e Wii U - Disney Infinity
			Igorando Pelo Filtro de Nome...
		Nome do Produto: Disney Infinity para PS3 X360 3DS Wii e Wii U - Mate - Warner
			Igorando Pelo Filtro de Nome...
		Nome do Produto: Disney Infinity para PS3 X360 3DS Wii e Wii U - Capitão Barbosa - Warner
			Igorando Pelo Filtro de Nome...
		Nome do Produto: Disney Infinity para PS3 X360 3DS Wii e Wii U - Síndrome - Disney
			Igorando Pelo Filtro de Nome...
		Nome do Produto: Disney Infinity para PS3 X360 3DS Wii e Wii U - Mike - Warner
			Igorando Pelo Filtro de Nome...
		Nome do Produto: Resident Evil Revelations para Xbox 360 - Capcom
			Igorando Pelo Filtro de Nome...
		Nome do Produto: Resident Evil Revelations para PS3 - Capcom
			Igorando Pelo Filtro de Nome...
		Nome do Produto: Resident Evil 5 para Xbox 360 - Capcom
			Igorando Pelo Filtro de Nome...
		Nome do Produto: Resident Evil: Operation Raccoon City p/ Xbox 360 - Capcom
			Igorando Pelo Filtro de Nome...
		Nome do Produto: The Evil Within para Xbox 360 - Bethesda
			Igorando Pelo Filtro de Nome...
		Nome do Produto: The Evil Within para Xbox One - Bethesda
			Igorando Pelo Filtro de Nome...
		Nome do Produto: The Evil Within para PS3 - Bethesda
			Igorando Pelo Filtro de Nome...
		Nome do Produto: The Evil Within para PS4 - Bethesda
			Igorando Pelo Filtro de Nome...
		Nome do Produto: Diablo III - Ultimate Evil Edition para Xbox 360 - Blizzard
			Igorando Pelo Filtro de Nome...
		Nome do Produto: Diablo III - Ultimate Evil Edition para Xbox One - Blizzard
			Igorando Pelo Filtro de Nome...
		Nome do Produto: Diablo III - Ultimate Evil Edition para PS4 - Blizzard
			Igorando Pelo Filtro de Nome...
		Nome do Produto: Scanner Portátil - Epson WorkForce DS-30
			Igorando Pelo Filtro de Nome...
	Tempo Para buscar: 609
Loja: Mula Games
	URL Principal: http://www.mulagames.com.br/
	URL Busca: http://www.mulagames.com.br/produtos-index/catalogo_produtos/-/-/<BUSCA>/-/-/-/-/-/
http://www.mulagames.com.br/produtos-index/catalogo_produtos/-/-/resident%20evil%20revelations%203ds/-/-/-/-/-/
		Documento Lido
		Resultados: 1
		Nome do Produto: Resident Evil: Revelations - 3DS
http://www.mulagames.com.br/Resident-Evil--Revelations-3DS/prod-457773/
		Acessando URL do produto.
http://www.mulagames.com.br/produto-ajax_retorna_dados_preco_comprar/457773
		Acessando URL do preço produto.
	Tempo Para buscar: 2679
Loja: Net Shoes
	URL Principal: http://www.netshoes.com.br/
	URL Busca: http://www.netshoes.com.br/search?Ntt=<BUSCA>
http://www.netshoes.com.br/search?Ntt=resident+evil+revelations+3ds
		Documento Lido
		Resultados: 5
		Nome do Produto: Jogo Nintendogs + Cats: Toy Poodle Nintendo 3DS
			Igorando Pelo Filtro de Nome...
		Nome do Produto: Jogo Pilotwings Resort Nintendo 3DS
			Igorando Pelo Filtro de Nome...
		Nome do Produto: Jogo Tetris Axis Nintendo 3DS
			Igorando Pelo Filtro de Nome...
		Nome do Produto: Jogo Nintendogs + Cats: Golden Retriever Nintendo 3DS
			Igorando Pelo Filtro de Nome...
		Nome do Produto: Jogo Mario Tennis Open 3DS
			Igorando Pelo Filtro de Nome...
	Tempo Para buscar: 150
Loja: Ponto Frio
	URL Principal: http://www.pontofrio.com.br/
	URL Busca: http://search.pontofrio.com.br/search?w=<BUSCA>
http://search.pontofrio.com.br/search?w=resident+evil+revelations+3ds
		Documento Lido
		Resultados: 1
		Nome do Produto: 
			Igorando Pelo Filtro de Nome...
		Nome do Produto: 
			Igorando Pelo Filtro de Nome...
		Nome do Produto: 
			Igorando Pelo Filtro de Nome...
		Nome do Produto: 
			Igorando Pelo Filtro de Nome...
		Nome do Produto: 
			Igorando Pelo Filtro de Nome...
		Nome do Produto: 
			Igorando Pelo Filtro de Nome...
		Nome do Produto: 
			Igorando Pelo Filtro de Nome...
		Nome do Produto: 
			Igorando Pelo Filtro de Nome...
		Nome do Produto: 
			Igorando Pelo Filtro de Nome...
		Nome do Produto: 
			Igorando Pelo Filtro de Nome...
		Nome do Produto: 
			Igorando Pelo Filtro de Nome...
		Nome do Produto: 
			Igorando Pelo Filtro de Nome...
		Nome do Produto: 
			Igorando Pelo Filtro de Nome...
		Nome do Produto: 
			Igorando Pelo Filtro de Nome...
		Nome do Produto: 
			Igorando Pelo Filtro de Nome...
		Nome do Produto: 
			Igorando Pelo Filtro de Nome...
		Nome do Produto: 
			Igorando Pelo Filtro de Nome...
		Nome do Produto: 
			Igorando Pelo Filtro de Nome...
		Nome do Produto: 
			Igorando Pelo Filtro de Nome...
		Nome do Produto: 
			Igorando Pelo Filtro de Nome...
		Nome do Produto: 
			Igorando Pelo Filtro de Nome...
		Nome do Produto: 
			Igorando Pelo Filtro de Nome...
		Nome do Produto: 
			Igorando Pelo Filtro de Nome...
		Nome do Produto: 
			Igorando Pelo Filtro de Nome...
		Nome do Produto: 
			Igorando Pelo Filtro de Nome...
		Nome do Produto: 
			Igorando Pelo Filtro de Nome...
		Nome do Produto: 
			Igorando Pelo Filtro de Nome...
		Nome do Produto: 
			Igorando Pelo Filtro de Nome...
		Nome do Produto: 
			Igorando Pelo Filtro de Nome...
		Nome do Produto: 
			Igorando Pelo Filtro de Nome...
		Nome do Produto: 
			Igorando Pelo Filtro de Nome...
		Nome do Produto: 
			Igorando Pelo Filtro de Nome...
		Nome do Produto: 
			Igorando Pelo Filtro de Nome...
		Nome do Produto: 
			Igorando Pelo Filtro de Nome...
		Nome do Produto: 
			Igorando Pelo Filtro de Nome...
		Nome do Produto: 
			Igorando Pelo Filtro de Nome...
		Nome do Produto: 
			Igorando Pelo Filtro de Nome...
		Nome do Produto: 
			Igorando Pelo Filtro de Nome...
		Nome do Produto: 
			Igorando Pelo Filtro de Nome...
		Nome do Produto: 
			Igorando Pelo Filtro de Nome...
		Nome do Produto: 
			Igorando Pelo Filtro de Nome...
		Nome do Produto: 
			Igorando Pelo Filtro de Nome...
		Nome do Produto: 
			Igorando Pelo Filtro de Nome...
		Nome do Produto: 
			Igorando Pelo Filtro de Nome...
	Tempo Para buscar: 3789
Loja: Ricardo Eletro
	URL Principal: http://www.ricardoeletro.com.br/
	URL Busca: http://www.ricardoeletro.com.br/Busca/Resultado/?q=<BUSCA>
http://www.ricardoeletro.com.br/Busca/Resultado/?q=resident+evil+revelations+3ds
		Documento Lido
		Resultados: 9
		Nome do Produto: Jogo The Evil Within para Playstation 4 (PS4)
			Igorando Pelo Filtro de Nome...
		Nome do Produto: Jogo Resident Evil 5 - Gold Edition - para Playstation 3 (PS3)
			Igorando Pelo Filtro de Nome...
		Nome do Produto: Jogo The Evil Within para Playstation 3 (PS3)
			Igorando Pelo Filtro de Nome...
		Nome do Produto: Jogo Resident Evil 6 para Xbox 360 (X360)
			Igorando Pelo Filtro de Nome...
		Nome do Produto: Pré-Venda Jogo Resident Evil: Revelations 2 para Playstation 4 (PS4)
			Igorando Pelo Filtro de Nome...
		Nome do Produto: Pré-Venda Jogo Resident Evil: Revelations 2 para Xbox One (XONE)
			Igorando Pelo Filtro de Nome...
		Nome do Produto: Pré-Venda Jogo Resident Evil: Revelations 2 para Playstation 3 (PS3)
			Igorando Pelo Filtro de Nome...
		Nome do Produto: Pré-Venda Jogo Resident Evil: Revelations 2 para Xbox 360 (X360)
			Igorando Pelo Filtro de Nome...
		Nome do Produto: Console Playstation 4 (PS4) 500GB HD, Leitor Blu-Ray, Wi-Fi, Controle Sem Fio DualShock 4, Fone de Ouvido - SONY + Jogo The Evil Within
			Igorando Pelo Filtro de Nome...
	Tempo Para buscar: 599
Loja: RiHappy
	URL Principal: http://www.rihappy.com.br/
	URL Busca: http://www.rihappy.com.br/<BUSCA>
http://www.rihappy.com.br/resident%20evil%20revelations%203ds
		Documento Lido
		Resultados: 0
	Tempo Para buscar: 1458
Loja: Saraiva
	URL Principal: http://www.saraiva.com.br/
	URL Busca: http://busca.saraiva.com.br/search?w=<BUSCA>&PAC_ID=129457&ts=ajax
http://busca.saraiva.com.br/search?w=resident+evil+revelations+3ds&PAC_ID=129457&ts=ajax
		Documento Lido
		Resultados: 30
		Nome do Produto: Resident Evil: Revelations - PS3
			Igorando Pelo Filtro de Nome...
		Nome do Produto: Resident Evil: Revelations - X360
			Igorando Pelo Filtro de Nome...
		Nome do Produto: Resident Evil Revelations 2 - PS3
			Igorando Pelo Filtro de Nome...
		Nome do Produto: Resident Evil Revelations 2 - PS4
			Igorando Pelo Filtro de Nome...
		Nome do Produto: Resident Evil Revelations 2 - X360
			Igorando Pelo Filtro de Nome...
		Nome do Produto: Resident Evil Revelations 2 - Xbox One
			Igorando Pelo Filtro de Nome...
		Nome do Produto: Resident Evil: The Mercenaries 3D - 3ds
			Igorando Pelo Filtro de Nome...
		Nome do Produto: Resident Evil(genesis)
			Igorando Pelo Filtro de Nome...
		Nome do Produto: Resident Evil 4
			Igorando Pelo Filtro de Nome...
		Nome do Produto: Resident Evil: Retribuição
			Igorando Pelo Filtro de Nome...
		Nome do Produto: Resident Evil - Retribuição
			Igorando Pelo Filtro de Nome...
		Nome do Produto: Desvendando o Resident Evil
			Igorando Pelo Filtro de Nome...
		Nome do Produto: Resident Evil Zero (pg)
			Igorando Pelo Filtro de Nome...
		Nome do Produto: Resident Evil 6 - PS3
			Igorando Pelo Filtro de Nome...
		Nome do Produto: Resident Evil 6 - X360
			Igorando Pelo Filtro de Nome...
		Nome do Produto: Resident Evil: Condenação - Blu-Ray
			Igorando Pelo Filtro de Nome...
		Nome do Produto: Resident Evil: Degeneração - Blu-ray
			Igorando Pelo Filtro de Nome...
		Nome do Produto: Resident Evil 2: Apocalipse - DVD
			Igorando Pelo Filtro de Nome...
		Nome do Produto: Resident Evil - Submundo - Vol. 4
			Igorando Pelo Filtro de Nome...
		Nome do Produto: Resident Evil 5: Retribuição - DVD
			Igorando Pelo Filtro de Nome...
		Nome do Produto: Resident Evil: A Coleção - 5 DVDs
			Igorando Pelo Filtro de Nome...
		Nome do Produto: Resident Evil 5: Retribuição - Blu-ray
			Igorando Pelo Filtro de Nome...
		Nome do Produto: Resident Evil 5: Retribuição - Blu-ray 3D
			Igorando Pelo Filtro de Nome...
		Nome do Produto: Resident Evil 3: A Extinção - DVD
			Igorando Pelo Filtro de Nome...
		Nome do Produto: Resident Evil 6 + Dlc - PS3
			Igorando Pelo Filtro de Nome...
		Nome do Produto: Resident Evil 4: Recomeço - DVD
			Igorando Pelo Filtro de Nome...
		Nome do Produto: Resident Evil 4: Recomeço - Blu-ray
			Igorando Pelo Filtro de Nome...
		Nome do Produto: Resident Evil 4: Recomeço - Blu-ray 3D
			Igorando Pelo Filtro de Nome...
		Nome do Produto: Resident Evil 5 Gold Edition - X360
			Igorando Pelo Filtro de Nome...
		Nome do Produto: Resident Evil 3: A Extinção - Blu-Ray
			Igorando Pelo Filtro de Nome...
	Tempo Para buscar: 2728
Loja: Shop Facil
	URL Principal: http://ww2.shopfacil.com.br/
	URL Busca: http://ww2.shopfacil.com.br/<BUSCA>
http://ww2.shopfacil.com.br/resident%20evil%20revelations%203ds
		Documento Lido
		Resultados: 2
		Nome do Produto: Jogo Resident Evil: Revelations - PS3
			Igorando Pelo Filtro de Nome...
		Nome do Produto: Jogo Nintendo 3DS Resident Evil: The Mercenaries 3D
			Igorando Pelo Filtro de Nome...
	Tempo Para buscar: 904
Loja: Shop Time
	URL Principal: http://www.shoptime.com.br/
	URL Busca: http://busca.shoptime.com.br/busca.php?q=<BUSCA>
http://busca.shoptime.com.br/busca.php?q=resident+evil+revelations+3ds
		Documento Lido
		Resultados: 1
		Nome do Produto: Game Resident Evil Revelations - 3DS
http://busca.shoptime.com.br/produto.php?link=http://www.shoptime.com.br/produto/110839190/game-resident-evil-revelations-3ds&ranking=1&sessao=U25S9SB6OQ8O7&idbusca=ae1ead39a601f8f43bc079ef5bbe41c0ab6ad5eb&idproduto=110839190
		Acessando URL do produto.
	Tempo Para buscar: 2120
Loja: ShopB
	URL Principal: http://www.shopb.com.br/
	URL Busca: http://busca.shopb.com.br/?busca=<BUSCA>
http://busca.shopb.com.br/?busca=resident+evil+revelations+3ds
		Documento Lido
		Resultados: 31
		Nome do Produto: Resident Evil Revelations - 3DS
http://shopb.ecommercesearch.com.br/Busca/Redir?url=http%3a%2f%2fwww.shopb.com.br%2fecommerce_site%2findex.php%3fpg%3dproduto%26cdg%3d4488%26idp%3d21595%26idparceiro%3dp1&esid=21595
		Acessando URL do produto.
		Nome do Produto: Assassins Creed: Revelations - PS3
			Igorando Pelo Filtro de Nome...
		Nome do Produto: Assassins Creed: Revelations - XBOX 360
			Igorando Pelo Filtro de Nome...
		Nome do Produto: Batman Arkham Origins: BlackGate - 3DS
			Igorando Pelo Filtro de Nome...
		Nome do Produto: Beyblade Evolution - 3DS
			Igorando Pelo Filtro de Nome...
		Nome do Produto: Bravely Default - 3DS
			Igorando Pelo Filtro de Nome...
		Nome do Produto: Cars 2 - 3DS
			Igorando Pelo Filtro de Nome...
		Nome do Produto: Cartão Nintendo 3DS / Wii U Shop (Cash Card) $20 - USA
			Igorando Pelo Filtro de Nome...
		Nome do Produto: Cartão Nintendo 3DS / Wii U Shop (Cash Card) $35 - USA
			Igorando Pelo Filtro de Nome...
		Nome do Produto: Cartão Nintendo 3DS / Wii U Shop (Cash Card) $50 - USA
			Igorando Pelo Filtro de Nome...
		Nome do Produto: Castlevania: Lords of Shadow Mirror of Fate - 3DS
			Igorando Pelo Filtro de Nome...
		Nome do Produto: Cut the Hope: Triple Treat - 3DS
			Igorando Pelo Filtro de Nome...
		Nome do Produto: Deus Ex: Human Revolution - PS3
			Igorando Pelo Filtro de Nome...
		Nome do Produto: Deus Ex: Human Revolution - XBOX 360
			Igorando Pelo Filtro de Nome...
		Nome do Produto: Deus Ex: Human Revolution Directors Cut Edition - XBOX 360
			Igorando Pelo Filtro de Nome...
		Nome do Produto: Diablo 3 Reaper of Souls: Ultimate Evil Edition - PS4
			Igorando Pelo Filtro de Nome...
		Nome do Produto: Diablo 3 Reaper of souls: Ultimate Evil Edition - PS3
			Igorando Pelo Filtro de Nome...
		Nome do Produto: Diablo 3 Reaper of souls: Ultimate Evil Edition - XBOX 360
			Igorando Pelo Filtro de Nome...
		Nome do Produto: Diablo 3 Reaper of souls: Ultimate Evil Edition - XBOX ONE
			Igorando Pelo Filtro de Nome...
		Nome do Produto: Fire Emblem: Awakening - 3DS
			Igorando Pelo Filtro de Nome...
		Nome do Produto: Green Lantern: Rise of Manhunters - 3DS
			Igorando Pelo Filtro de Nome...
		Nome do Produto: Headset Tritton Kunai Stereo - Nintendo Wii U/3DS
			Igorando Pelo Filtro de Nome...
		Nome do Produto: Karaoke Revolutions + Microfone - XBOX 360
			Igorando Pelo Filtro de Nome...
		Nome do Produto: LEGO Marvel Super Heroes: Universe in Peril - 3DS
			Igorando Pelo Filtro de Nome...
		Nome do Produto: LEGO Star Wars III: The Clone Wars - 3DS
			Igorando Pelo Filtro de Nome...
		Nome do Produto: LEGO The Hobbit - 3DS
			Igorando Pelo Filtro de Nome...
		Nome do Produto: LEGO The Lord of The Rings - 3DS
			Igorando Pelo Filtro de Nome...
		Nome do Produto: Lego Batman 2 DC Super Heroes - 3DS
			Igorando Pelo Filtro de Nome...
		Nome do Produto: Lego Batman 3: Beyond Gotham - 3DS
			Igorando Pelo Filtro de Nome...
		Nome do Produto: Lego Harry Potter Years 5-7 - 3DS
			Igorando Pelo Filtro de Nome...
		Nome do Produto: Luigis Mansion: Dark Moon - 3DS
			Igorando Pelo Filtro de Nome...
	Tempo Para buscar: 1672
Loja: Submarino
	URL Principal: http://www.submarino.com.br/
	URL Busca: http://busca.submarino.com.br/busca.php?q=<BUSCA>
http://busca.submarino.com.br/busca.php?q=resident+evil+revelations+3ds
		Documento Lido
		Resultados: 1
		Nome do Produto: Game Resident Evil Revelations - 3DS
http://busca.submarino.com.br/produto.php?link=http://www.submarino.com.br/produto/110839190/game-resident-evil-revelations-3ds&ranking=1&sessao=U25S9XEXYEOS7&idbusca=c40877dd6ce1c13ac32521257603f5eebb6bcc5e&idproduto=110839190
		Acessando URL do produto.
	Tempo Para buscar: 4294
Loja: Walmart
	URL Principal: http://www.walmart.com.br/
	URL Busca: http://www.walmart.com.br/busca/?ft=<BUSCA>&PS=20
http://www.walmart.com.br/busca/?ft=resident+evil+revelations+3ds&PS=20
		Documento Lido
		Resultados: 7
		Nome do Produto: Jogo PS3 Resident Evil: Revelations
			Igorando Pelo Filtro de Nome...
		Nome do Produto: Jogo Xbox 360 Resident Evil: Revelations
			Igorando Pelo Filtro de Nome...
		Nome do Produto: Jogo para PS4 Resident Evil Revelations 2 Sony DADC CP6987AN
			Igorando Pelo Filtro de Nome...
		Nome do Produto: Jogo para XBOX One Resident Evil Revelations 2 Sony DADC CP6987ON
			Igorando Pelo Filtro de Nome...
		Nome do Produto: Jogo para XBOX 360 Resident Evil Revelations 2 Rihmo CP6987XN
			Igorando Pelo Filtro de Nome...
		Nome do Produto: Jogo para PS3 Resident Evil Revelations 2 Rihmo CP6987BN
			Igorando Pelo Filtro de Nome...
		Nome do Produto: Jogo Nintendo 3DS Resident Evil: The Mercenaries 3D
			Igorando Pelo Filtro de Nome...
	Tempo Para buscar: 2003

File copied from C:\java\rep\lookforprices\resources\imports\css.css to C:\java\rep\lookforprices\reports\2015-02-19 13\css.css
File copied from C:\java\rep\lookforprices\resources\imports\jquery.js to C:\java\rep\lookforprices\reports\2015-02-19 13\jquery.js
File copied from C:\java\rep\lookforprices\resources\imports\scripts.js to C:\java\rep\lookforprices\reports\2015-02-19 13\scripts.js
Tempo total de execução: 35154
