Loja: Nintendo eShop
	URL Principal: http://www.nintendo.com/3ds/eshop
	URL Busca: http://www.nintendo.com/json/content/get/game/filter?&&&&qterm=<BUSCA>
NintendoEShopSearch.search() http://www.nintendo.com/json/content/get/game/filter?&&&&qterm=Monster+Hunter+3ds
		Documento Lido
		Resultados: 2
		Nome do Produto: Monster Hunter 4 Ultimate
			Igorando Pelo Filtro de Nome...
		Nome do Produto: Monster Hunter 3 Ultimate
			Igorando Pelo Filtro de Nome...
	Tempo Para buscar: 1040
Loja: Americanas
	URL Principal: http://www.americanas.com.br/
	URL Busca: http://busca.americanas.com.br/busca.php?q=<BUSCA>
http://busca.americanas.com.br/busca.php?q=Monster+Hunter+3ds
		Documento Lido
		Resultados: 30
		Nome do Produto: Monster High - Monstros, Câmera, Ação - Viperine BLW98 Mattel
			Igorando Pelo Filtro de Nome...
		Nome do Produto: Boneca Monster High Volta as Aulas Gigi - Mattel
			Igorando Pelo Filtro de Nome...
		Nome do Produto: Boneca Monster High Clássicas Clawdeen Wolf Clássica Mattel
			Igorando Pelo Filtro de Nome...
		Nome do Produto: Boneco Monster High Volta as Aulas Invisibilly - Mattel
			Igorando Pelo Filtro de Nome...
		Nome do Produto: Boneca Monster High Clássicas Frankie Stein Clássica Mattel
			Igorando Pelo Filtro de Nome...
		Nome do Produto: Monster High - Monstros, Câmera, Ação - Draculaura BDF22/BDF23 Mattel
			Igorando Pelo Filtro de Nome...
		Nome do Produto: Monster High - Sala de Aula - Home Ick BDD81/BDD82 Mattel
			Igorando Pelo Filtro de Nome...
		Nome do Produto: Monster High Foto de Terror Catrine de Mew X4603/BGT33 Mattel
			Igorando Pelo Filtro de Nome...
		Nome do Produto: Monster High - Sala de Aula - Aula de Artes BDD81/BDD83 Mattel
			Igorando Pelo Filtro de Nome...
		Nome do Produto: Monster High - Secret Creepers Jane BLV96 Mattel
			Igorando Pelo Filtro de Nome...
		Nome do Produto: Monster High - Monstros, Câmera, Ação - Clawdeen Wolf BDF22/BDF26 Mattel
			Igorando Pelo Filtro de Nome...
		Nome do Produto: Monster High - Monstros, Câmera, Ação - Honey Swamp BLW99 Mattel
			Igorando Pelo Filtro de Nome...
		Nome do Produto: Monster High - Deuce Olhar Assustador BDD93 Mattel
			Igorando Pelo Filtro de Nome...
		Nome do Produto: Monster High Elissabat BLX00 - Mattel
			Igorando Pelo Filtro de Nome...
		Nome do Produto: Boneca Monster High Ghoulia - Mattel
			Igorando Pelo Filtro de Nome...
		Nome do Produto: Boneca Monster High Spectra Luzes Apavorantes - Mattel
			Igorando Pelo Filtro de Nome...
		Nome do Produto: Monster High Clawdia Wolf BLX01 - Mattel
			Igorando Pelo Filtro de Nome...
		Nome do Produto: Monster High Foto de Terror Jinafire Long X4603/BGT34 Mattel
			Igorando Pelo Filtro de Nome...
		Nome do Produto: Monster High Toralei Miado de Arrepiar BGW08 Mattel
			Igorando Pelo Filtro de Nome...
		Nome do Produto: Monster High - Monstros, Câmera, Ação - Lagoona BDF22/BDF24 Mattel
			Igorando Pelo Filtro de Nome...
		Nome do Produto: Monster High - Monstros, Câmera, Ação - Acessórios - Tapete Mattel
			Igorando Pelo Filtro de Nome...
		Nome do Produto: Monster High - Torcida - Zombie Boy BDF07/BGD87 Mattel
			Igorando Pelo Filtro de Nome...
		Nome do Produto: Monster High - Torcida - Venus McFlytrap BDF07/BDF09 Mattel
			Igorando Pelo Filtro de Nome...
		Nome do Produto: Monster High Aula de Arte - Skelita - Mattel
			Igorando Pelo Filtro de Nome...
		Nome do Produto: Monster High Aula de Arte Draculaura - Mattel
			Igorando Pelo Filtro de Nome...
		Nome do Produto: Monster High Torcida Frankie Stein
			Igorando Pelo Filtro de Nome...
		Nome do Produto: Monster High Aula de Arte - Abbey BDF13 - Mattel
			Igorando Pelo Filtro de Nome...
		Nome do Produto: Monster High - Torcida - Spectra Vondergeist BDF07/BDF10 Mattel
			Igorando Pelo Filtro de Nome...
		Nome do Produto: Monster High Foto de Terror Clawdeen Wolf X4603/BGT32 Mattel
			Igorando Pelo Filtro de Nome...
		Nome do Produto: Boneca Monster High Dracubecca - Mattel
			Igorando Pelo Filtro de Nome...
	Tempo Para buscar: 1070
Loja: Big Boy Games
	URL Principal: http://www.bigboygames.com.br/
	URL Busca: http://www.bigboygames.com.br/pesquisa/?p=<BUSCA>
http://www.bigboygames.com.br/pesquisa/?p=Monster+Hunter+3ds
		Documento Lido
		Resultados: 2
		Nome do Produto: Monster Hunter 3 Ultimate - 3DS
http://www.bigboygames.com.br/monster-hunter-3-ultimate-3ds-p4776/
		Acessando URL do produto.
		Nome do Produto: 3DS - Monster Hunter 4 Ultimate [Pré Venda para 20/03/2015]
http://www.bigboygames.com.br/3ds-monster-hunter-4-ultimate-pre-venda-para-20-03-2015-p6907/
		Acessando URL do produto.
	Tempo Para buscar: 4660
Loja: Casas Bahia
	URL Principal: http://www.casasbahia.com.br/
	URL Busca: http://buscas.casasbahia.com.br/search?w=<BUSCA>
http://buscas.casasbahia.com.br/search?w=Monster+Hunter+3ds
		Documento Lido
		Resultados: 1
		Nome do Produto: Livro - Herdeiro da Escuridão: Um Suspense de Tirar o Fôlego e Deliciosamente Inesperado
			Igorando Pelo Filtro de Nome...
		Nome do Produto: Jogo Spy Hunter - 3DS
			Igorando Pelo Filtro de Nome...
		Nome do Produto: Livro - Love Story
			Igorando Pelo Filtro de Nome...
		Nome do Produto: Bolsa Porta Boneca Monster High - Fun Divirta-se
			Igorando Pelo Filtro de Nome...
		Nome do Produto: Livro - Não Existe Mulher Difícil - André Aguiar Marques
			Igorando Pelo Filtro de Nome...
		Nome do Produto: Livro - De Volta ao Mosteiro: o Monge e o Executivo Falam de Liderança e Trabalho em Equipe - James Hunter
			Igorando Pelo Filtro de Nome...
		Nome do Produto: Livro - Coleção De Volta ao Mosteiro + O Monge e o Executivo (2 Volumes)
			Igorando Pelo Filtro de Nome...
		Nome do Produto: Kit de Proteção Tech Dealer para Nintendo 3DS 10286
			Igorando Pelo Filtro de Nome...
		Nome do Produto: Monster High Trançador de Cabelo
			Igorando Pelo Filtro de Nome...
		Nome do Produto: Jogo de Cama Estampado Monster High - Lepper
			Igorando Pelo Filtro de Nome...
		Nome do Produto: Monster High Conjunto Crie Seu Monstro - Lobisomem
			Igorando Pelo Filtro de Nome...
		Nome do Produto: Jogo The Croods: Prehistoric Party! - 3DS
			Igorando Pelo Filtro de Nome...
		Nome do Produto: Livro - Os Sete Pecados Capitais - Machado de Assis
			Igorando Pelo Filtro de Nome...
		Nome do Produto: Livro - Construa um Grande Negocio: 7 Passos para o Sucesso de Sua Empresa - Brian Tracy
			Igorando Pelo Filtro de Nome...
		Nome do Produto: Livro - Como se Tornar um Líder Servidor: os Princípios de Liderança de o Monge e o Executivo
			Igorando Pelo Filtro de Nome...
		Nome do Produto: Livro - Tão Ontem
			Igorando Pelo Filtro de Nome...
		Nome do Produto: Livro - Cidade do Prazer
			Igorando Pelo Filtro de Nome...
		Nome do Produto: Capa Mega Carry Case Tech Dealer TV para Nintendo 3DS
			Igorando Pelo Filtro de Nome...
		Nome do Produto: Capa Mega Carry Case Tech Dealer Love para Nintendo 3DS
			Igorando Pelo Filtro de Nome...
		Nome do Produto: Jogo Phineas And Ferb: Quest For Cool Stuff - 3DS
			Igorando Pelo Filtro de Nome...
	Tempo Para buscar: 1220
Loja: Extra
	URL Principal: http://www.extra.com.br/
	URL Busca: http://buscando.extra.com.br/search?w=<BUSCA>
http://buscando.extra.com.br/search?w=Monster+Hunter+3ds
		Documento Lido
		Resultados: 1
		Nome do Produto: Jogo Monster Hunter 3 Ultimate - 3DS
http://buscando.extra.com.br/search?p=R&srid=S1-USESD01&lbc=extra&w=Monster%20Hunter%203ds&url=http%3a%2f%2fproduto.extra.com.br%2f2067454%3f&rk=1&uid=81269994&sid=2&ts=custom&rsc=wHsDASLG8ljvpwsF&method=and&isort=score&view=grid
		Acessando URL do produto.
	Tempo Para buscar: 3880
Loja: Fast Games
	URL Principal: http://www.fastgames.com.br/
	URL Busca: http://www.fastgames.com.br/loja/busca.php?loja=187970&palavra_busca=<BUSCA>
http://www.fastgames.com.br/loja/busca.php?loja=187970&palavra_busca=Monster+Hunter+3ds
		Documento Lido
		Resultados: 2
		Nome do Produto: Monster Hunter 3 Ultimate - 3DS
http://www.fastgames.com.br//monster-hunter-3-ultimate-3ds-pr-6435-187970.htm
		Acessando URL do produto.
		Nome do Produto: Monster Hunter 3 Ultimate - Wii U
			Igorando Pelo Filtro de Nome...
	Tempo Para buscar: 2820
Loja: Fast Shop
	URL Principal: http://www.fastshop.com.br/loja/
	URL Busca: http://www.fastshop.com.br/webapp/wcs/stores/servlet/SearchDisplay?searchTerm=<BUSCA>&categoryId=&storeId=10151&catalogId=11052&langId=-6&pageSize=9&beginIndex=0&sType=SimpleSearch&resultCatEntryType=2&showResultsPage=true&searchSource=Q&pageView=&hotsite=fastshop
http://www.fastshop.com.br/webapp/wcs/stores/servlet/SearchDisplay?searchTerm=Monster+Hunter+3ds&categoryId=&storeId=10151&catalogId=11052&langId=-6&pageSize=9&beginIndex=0&sType=SimpleSearch&resultCatEntryType=2&showResultsPage=true&searchSource=Q&pageView=&hotsite=fastshop
		Documento Lido
		Resultados: 0
	Tempo Para buscar: 460
Loja: FNAC
	URL Principal: http://www.fnac.com.br/index.html
	URL Busca: http://busca.fnac.com.br/?busca=<BUSCA>
http://busca.fnac.com.br/?busca=Monster+Hunter+3ds
		Documento Lido
		Resultados: 20
		Nome do Produto: 3ds Spy Hunter
			Igorando Pelo Filtro de Nome...
		Nome do Produto: Monster High - Uma Festa de Arrepiar (DVD)
			Igorando Pelo Filtro de Nome...
		Nome do Produto: 3ds Crosswords Plus
			Igorando Pelo Filtro de Nome...
		Nome do Produto: 3ds Freakyforms Deluxe
			Igorando Pelo Filtro de Nome...
		Nome do Produto: 3ds Mario Party
			Igorando Pelo Filtro de Nome...
		Nome do Produto: 3ds Disney Magical World
			Igorando Pelo Filtro de Nome...
		Nome do Produto: 3ds Super Smash Bros
			Igorando Pelo Filtro de Nome...
		Nome do Produto: 3ds Lego Batman 3
			Igorando Pelo Filtro de Nome...
		Nome do Produto: 3ds Pokemon Alpha Sapphire
			Igorando Pelo Filtro de Nome...
		Nome do Produto: 3ds Pokemon Omega Ruby
			Igorando Pelo Filtro de Nome...
		Nome do Produto: 3ds Super Mario 3D Land
			Igorando Pelo Filtro de Nome...
		Nome do Produto: 3ds Pro Evolution Soccer 2013
			Igorando Pelo Filtro de Nome...
		Nome do Produto: 3ds Batman: Arkham Origins Blackgate
			Igorando Pelo Filtro de Nome...
		Nome do Produto: 3ds New Super Mario Bros. 2
			Igorando Pelo Filtro de Nome...
		Nome do Produto: Notecare Sleeve Para Ds/dsi/3ds Plush Marinho
			Igorando Pelo Filtro de Nome...
		Nome do Produto: Pacote Temático Dog Big Ben Para Dslite/dsi/3ds Temático
			Igorando Pelo Filtro de Nome...
		Nome do Produto: 3ds The Legend Of Zelda: A Link Between Worlds
			Igorando Pelo Filtro de Nome...
		Nome do Produto: Estojo de Transporte Big Ben Para Nintendo 3ds/ds Lite/dsi Mario Preto
			Igorando Pelo Filtro de Nome...
		Nome do Produto: Monster High - Monster Fusion (DVD)
			Igorando Pelo Filtro de Nome...
		Nome do Produto: Nascida À Meia-noite
			Igorando Pelo Filtro de Nome...
	Tempo Para buscar: 1196
Loja: Kabum
	URL Principal: http://www.kabum.com.br/
	URL Busca: http://www.kabum.com.br/cgi-local/site/listagem/listagem.cgi?string=<BUSCA>&btnG=
http://www.kabum.com.br/cgi-local/site/listagem/listagem.cgi?string=Monster+Hunter+3ds&btnG=
		Documento Lido
		Resultados: 0
	Tempo Para buscar: 340
Loja: Livraria Cultura
	URL Principal: http://www.livrariacultura.com.br/
	URL Busca: http://www.livrariacultura.com.br/busca?N=0&Ntt=<BUSCA>
http://www.livrariacultura.com.br/busca?N=0&Ntt=Monster+Hunter+3ds
		Documento Lido
		Resultados: 2
		Nome do Produto: MONSTER HUNTER 3 ULTIMATE (3DS)
http://www.livrariacultura.com.br/p/monster-hunter-3-ultimate-3ds-42110996
		Acessando URL do produto.
		Nome do Produto: MONSTER HUNTER 3 ULTIMATE (WII U)
			Igorando Pelo Filtro de Nome...
	Tempo Para buscar: 701
Loja: Magazine Luiza
	URL Principal: http://www.magazineluiza.com.br/
	URL Busca: http://www.magazineluiza.com.br/busca/<BUSCA>/
http://www.magazineluiza.com.br/busca/Monster+Hunter+3ds/
		Documento Lido
		Resultados: 60
		Nome do Produto: Luigis Mansion: Dark Moon p/ Nintendo 3DS - Nintendo
			Igorando Pelo Filtro de Nome...
		Nome do Produto: Pokémon Alpha Sapphire para Nintendo 3DS - Nintendo
			Igorando Pelo Filtro de Nome...
		Nome do Produto: Pokémon Omega Ruby para Nintendo 3DS - Nintendo
			Igorando Pelo Filtro de Nome...
		Nome do Produto: Yoshis New Island para Nintendo 3DS - Nintendo
			Igorando Pelo Filtro de Nome...
		Nome do Produto: Pokémon Art Academy para Nintendo 3DS - Nintendo
			Igorando Pelo Filtro de Nome...
		Nome do Produto: Mario & Luigi: Dream Team para Nintendo 3DS - Nintendo
			Igorando Pelo Filtro de Nome...
		Nome do Produto: Lego The Lord of the Rings para Nintendo DS - Warner
			Igorando Pelo Filtro de Nome...
		Nome do Produto: Case para Nintendo 3DS XL em Metal - Bigben 3DSXLCASEMETALA
			Igorando Pelo Filtro de Nome...
		Nome do Produto: Disney Magical World p/ Nintendo 3DS - Nintendo
			Igorando Pelo Filtro de Nome...
		Nome do Produto: Young Justice Legacy p/ Nintendo 3DS - Little Orbit
			Igorando Pelo Filtro de Nome...
		Nome do Produto: Mario Golf": World Tour p/ Nintendo 3DS - Nintendo
			Igorando Pelo Filtro de Nome...
		Nome do Produto: Pokemon X para Nintendo 3DS - Nintendo
			Igorando Pelo Filtro de Nome...
		Nome do Produto: The Amazing Spiderman 2 para Nintendo 3DS - Activision
			Igorando Pelo Filtro de Nome...
		Nome do Produto: Nintendogs Cats Toy Poodle p/ Nintendo 3DS - Nintendo
			Igorando Pelo Filtro de Nome...
		Nome do Produto: Pacote Pure para Nintendo 3DS XL - bigben
			Igorando Pelo Filtro de Nome...
		Nome do Produto: Mario Party Island Tour para Nintendo 3DS - Nintendo
			Igorando Pelo Filtro de Nome...
		Nome do Produto: Metal Case para Nintendo 3DS XL - Bigben
			Igorando Pelo Filtro de Nome...
		Nome do Produto: Películas Protetoras de Tela para Nintendo 3DS - bigben
			Igorando Pelo Filtro de Nome...
		Nome do Produto: Pacote de Acessórios para Nintendo 3DS - bigben - 3DSPACK6BLACK
			Igorando Pelo Filtro de Nome...
		Nome do Produto: Estojo com Bateria Recarregável para Nintendo 3DS - Acompanha Caneta Stylus - Bigben 3DSFLIPNCHABLA
			Igorando Pelo Filtro de Nome...
		Nome do Produto: Case para Nintendo 3DS XL em Metal - Bigben 3DSXLCASEMETALC
			Igorando Pelo Filtro de Nome...
		Nome do Produto: Estojo Protetor para Console Nintendo 3DS BigBen - com Caneta Flip - 3DSFLIPBLACK
			Igorando Pelo Filtro de Nome...
		Nome do Produto: Canetas para Nintendo 3DS XL 8 Peças - bigben
			Igorando Pelo Filtro de Nome...
		Nome do Produto: Estojo Oficial para Nintendo 3DS/DS Lite/DSi - Acompanha Caneta Stylus - Bigben NDS 805M
			Igorando Pelo Filtro de Nome...
		Nome do Produto: Fire Emblem Awekening para Nintendo 3DS - Nintendo
			Igorando Pelo Filtro de Nome...
		Nome do Produto: Pacote Pure para Nintendo 3DS XL - bigben
			Igorando Pelo Filtro de Nome...
		Nome do Produto: Pacote Pure para Nintendo 3DS XL - bigben
			Igorando Pelo Filtro de Nome...
		Nome do Produto: Phineas and Ferb: Quest for Cool Stuff - p/ Nintendo 3DS - Majesco Entertainment
			Igorando Pelo Filtro de Nome...
		Nome do Produto: Lego Marvel Super Heroes para Nintendo DS - Warner
			Igorando Pelo Filtro de Nome...
		Nome do Produto: Transformers: Rise of the Dark Spark - para Nintendo 3DS - Activision
			Igorando Pelo Filtro de Nome...
		Nome do Produto: Nickelodeon Bubble Guppies para Nintendo DS - 2K Play
			Igorando Pelo Filtro de Nome...
		Nome do Produto: Ben 10 Galactic Racing para Nintendo DS - D3 Publisher
			Igorando Pelo Filtro de Nome...
		Nome do Produto: Zoobles p/ Nintendo DS - Activision
			Igorando Pelo Filtro de Nome...
		Nome do Produto: Ninjatown Nintendo DS - SouthPeak
			Igorando Pelo Filtro de Nome...
		Nome do Produto: The Legend of Zelda: A Link Between Worlds - para Nintendo 3DS - Nintendo
			Igorando Pelo Filtro de Nome...
		Nome do Produto: PES 2013 - Pro Evolution Soccer 3D - para Nintendo 3DS - Konami
			Igorando Pelo Filtro de Nome...
		Nome do Produto: Band Hero Super Bundle para Nintendo DS - Activision
			Igorando Pelo Filtro de Nome...
		Nome do Produto: Disney Infinity para PS3 X360 3DS Wii e Wii U - Davy Jones - Warner
			Igorando Pelo Filtro de Nome...
		Nome do Produto: oy Box Set Wreck It Ralph p/ PS3 X360 3DS Wii - Wii U Disney Infinity - Warner
			Igorando Pelo Filtro de Nome...
		Nome do Produto: Toy Box Sets: Phineas e Ferb p/ PS3 X360 3DS Wii - Wii U Disney Infinity - Warner
			Igorando Pelo Filtro de Nome...
		Nome do Produto: Disney Infinity para PS3 X360 3DS Wii e Wii U - Sra. Incrível - Warner
			Igorando Pelo Filtro de Nome...
		Nome do Produto: Disney Infinity para PS3 X360 3DS Wii e Wii U - Francesco - Warner
			Igorando Pelo Filtro de Nome...
		Nome do Produto: Disney Infinity para PS3 X360 3DS Wii e Wii U - Randy - Warner
			Igorando Pelo Filtro de Nome...
		Nome do Produto: Discos de Poder para PS3 X360 3DS Wii e Wii U - Disney Infinity
			Igorando Pelo Filtro de Nome...
		Nome do Produto: Disney Infinity para PS3 X360 3DS Wii e Wii U - Mate - Warner
			Igorando Pelo Filtro de Nome...
		Nome do Produto: Disney Infinity para PS3 X360 3DS Wii e Wii U - Mike - Warner
			Igorando Pelo Filtro de Nome...
		Nome do Produto: Disney Infinity para PS3 X360 3DS Wii e Wii U - Capitão Barbosa - Warner
			Igorando Pelo Filtro de Nome...
		Nome do Produto: Disney Infinity para PS3 X360 3DS Wii e Wii U - Síndrome - Disney
			Igorando Pelo Filtro de Nome...
		Nome do Produto: Estante de Partitura - Hunter EPM 103
			Igorando Pelo Filtro de Nome...
		Nome do Produto: Faca Hunter - Guepardo CB0600
			Igorando Pelo Filtro de Nome...
		Nome do Produto: Pedal de Distorção para Guitarra - Boss DS-1
			Igorando Pelo Filtro de Nome...
		Nome do Produto: Kit Monster 3 Peças - Carters - Tam 3M
			Igorando Pelo Filtro de Nome...
		Nome do Produto: Kit Monster 3 Peças - Carters - Tam 6M
			Igorando Pelo Filtro de Nome...
		Nome do Produto: Kit Monster 3 Peças - Carters - Tam RN
			Igorando Pelo Filtro de Nome...
		Nome do Produto: Kit Monster 3 Peças - Carters - Tam 18M
			Igorando Pelo Filtro de Nome...
		Nome do Produto: Kit Monster 3 Peças - Carters - Tam 24M
			Igorando Pelo Filtro de Nome...
		Nome do Produto: Kit Monster 3 Peças - Carters - Tam 9M
			Igorando Pelo Filtro de Nome...
		Nome do Produto: Bicicleta Infantil Caloi Monster High Aro 16 - Freio Cantilever/Tambor
			Igorando Pelo Filtro de Nome...
		Nome do Produto: Kit Monster 3 Peças - Carters - Tam 12M
			Igorando Pelo Filtro de Nome...
		Nome do Produto: DVD Player Compacto Tectoy Monster High DVT-C180 - Função Ripping Entrada USB
			Igorando Pelo Filtro de Nome...
	Tempo Para buscar: 670
Loja: Mula Games
	URL Principal: http://www.mulagames.com.br/
	URL Busca: http://www.mulagames.com.br/produtos-index/catalogo_produtos/-/-/<BUSCA>/-/-/-/-/-/
http://www.mulagames.com.br/produtos-index/catalogo_produtos/-/-/Monster%20Hunter%203ds/-/-/-/-/-/
		Documento Lido
		Resultados: 2
		Nome do Produto: Monster Hunter 3 Ultimate - 3DS
http://www.mulagames.com.br/Monster-Hunter-3-Ultimate-3DS/prod-1162936/
		Acessando URL do produto.
http://www.mulagames.com.br/produto-ajax_retorna_dados_preco_comprar/1162936
		Acessando URL do preço produto.
		Nome do Produto: Monster Hunter 4 Ultimate (PRÉ-VENDA) - 3DS
http://www.mulagames.com.br/Monster-Hunter-4-Ultimate--PRE-VENDA--3DS/prod-2690779/
		Acessando URL do produto.
http://www.mulagames.com.br/produto-ajax_retorna_dados_preco_comprar/2690779
		Acessando URL do preço produto.
	Tempo Para buscar: 4176
Loja: Net Shoes
	URL Principal: http://www.netshoes.com.br/
	URL Busca: http://www.netshoes.com.br/search?Ntt=<BUSCA>
http://www.netshoes.com.br/search?Ntt=Monster+Hunter+3ds
		Documento Lido
		Resultados: 23
		Nome do Produto: Monster Extreme Black 44 Packs - Probiótica
			Igorando Pelo Filtro de Nome...
		Nome do Produto: Monster Nitro NO2 44 Packs - Probiótica
			Igorando Pelo Filtro de Nome...
		Nome do Produto: Massa Monster Black 1,5 kg - Probiótica
			Igorando Pelo Filtro de Nome...
		Nome do Produto: Massa Monster Black 1,5 kg - Probiótica
			Igorando Pelo Filtro de Nome...
		Nome do Produto: Massa Monster Black 3 kg - Probiótica
			Igorando Pelo Filtro de Nome...
		Nome do Produto: Massa Monster Black 1,5 kg - Probiótica
			Igorando Pelo Filtro de Nome...
		Nome do Produto: Massa Monster Black 3 kg - Probiótica
			Igorando Pelo Filtro de Nome...
		Nome do Produto: Massa Monster Black 3 kg - Probiótica
			Igorando Pelo Filtro de Nome...
		Nome do Produto: Faixa Elástica Ziva Monster Band Forte
			Igorando Pelo Filtro de Nome...
		Nome do Produto: Camiseta Urgh Silk Monster
			Igorando Pelo Filtro de Nome...
		Nome do Produto: Faixa Elástica Ziva Monster Band Extra-Forte
			Igorando Pelo Filtro de Nome...
		Nome do Produto: Garrafa Térmica Polar Bottle Kids Monster Truck - 355 ml
			Igorando Pelo Filtro de Nome...
		Nome do Produto: Camiseta Urgh Silk Monster
			Igorando Pelo Filtro de Nome...
		Nome do Produto: Camiseta Urgh Silk Monster
			Igorando Pelo Filtro de Nome...
		Nome do Produto: Jogo Sesame Street: Once Upon A Monster Xbox 360
			Igorando Pelo Filtro de Nome...
		Nome do Produto: Jogo Mario Tennis Open 3DS
			Igorando Pelo Filtro de Nome...
		Nome do Produto: Jogo Nintendogs + Cats: Toy Poodle Nintendo 3DS
			Igorando Pelo Filtro de Nome...
		Nome do Produto: Jogo Pilotwings Resort Nintendo 3DS
			Igorando Pelo Filtro de Nome...
		Nome do Produto: Jogo Tetris Axis Nintendo 3DS
			Igorando Pelo Filtro de Nome...
		Nome do Produto: Jogo Nintendogs + Cats: Golden Retriever Nintendo 3DS
			Igorando Pelo Filtro de Nome...
		Nome do Produto: Bicicleta Caloi Monster High Infantil - Aro 16
			Igorando Pelo Filtro de Nome...
		Nome do Produto: Jogo Dungeon Hunter: Alliance PSV
			Igorando Pelo Filtro de Nome...
		Nome do Produto: Sandália Crocs Monsters Infantil
			Igorando Pelo Filtro de Nome...
	Tempo Para buscar: 220
Loja: Ponto Frio
	URL Principal: http://www.pontofrio.com.br/
	URL Busca: http://search.pontofrio.com.br/search?w=<BUSCA>
http://search.pontofrio.com.br/search?w=Monster+Hunter+3ds
		Documento Lido
		Resultados: 1
		Nome do Produto: Livro - Herdeiro da Escuridão: Um Suspense de Tirar o Fôlego e Deliciosamente Inesperado
			Igorando Pelo Filtro de Nome...
		Nome do Produto: Jogo Spy Hunter - 3DS
			Igorando Pelo Filtro de Nome...
		Nome do Produto: Livro - Love Story
			Igorando Pelo Filtro de Nome...
		Nome do Produto: Livro - Hunter X Hunter: Volume 1 - Yoshihiro Togashi
			Igorando Pelo Filtro de Nome...
		Nome do Produto: Bolsa Porta Boneca Monster High - Fun Divirta-se
			Igorando Pelo Filtro de Nome...
		Nome do Produto: Livro - Não Existe Mulher Difícil - André Aguiar Marques
			Igorando Pelo Filtro de Nome...
		Nome do Produto: Livro - De Volta ao Mosteiro: o Monge e o Executivo Falam de Liderança e Trabalho em Equipe - James Hunter
			Igorando Pelo Filtro de Nome...
		Nome do Produto: Livro - Coleção De Volta ao Mosteiro + O Monge e o Executivo (2 Volumes)
			Igorando Pelo Filtro de Nome...
		Nome do Produto: Kit de Proteção Tech Dealer para Nintendo 3DS 10286
			Igorando Pelo Filtro de Nome...
		Nome do Produto: Monster High Trançador de Cabelo
			Igorando Pelo Filtro de Nome...
		Nome do Produto: Jogo de Cama Estampado Monster High - Lepper
			Igorando Pelo Filtro de Nome...
		Nome do Produto: Monster High Conjunto Crie Seu Monstro - Lobisomem
			Igorando Pelo Filtro de Nome...
		Nome do Produto: Jogo The Croods: Prehistoric Party! - 3DS
			Igorando Pelo Filtro de Nome...
		Nome do Produto: Livro - Os Seis Arquétipos do Amor
			Igorando Pelo Filtro de Nome...
		Nome do Produto: Livro - Os Sete Pecados Capitais - Machado de Assis
			Igorando Pelo Filtro de Nome...
		Nome do Produto: Livro - Construa um Grande Negocio: 7 Passos para o Sucesso de Sua Empresa - Brian Tracy
			Igorando Pelo Filtro de Nome...
		Nome do Produto: Livro - Como se Tornar um Líder Servidor: os Princípios de Liderança de o Monge e o Executivo
			Igorando Pelo Filtro de Nome...
		Nome do Produto: Livro - Tão Ontem
			Igorando Pelo Filtro de Nome...
		Nome do Produto: Livro - Cidade do Prazer
			Igorando Pelo Filtro de Nome...
		Nome do Produto: Livro - Paixão por Marketing - Ômar Souki
			Igorando Pelo Filtro de Nome...
		Nome do Produto: Livro - Herdeiro da Escuridão: Um Suspense de Tirar o Fôlego e Deliciosamente Inesperado
			Igorando Pelo Filtro de Nome...
		Nome do Produto: Jogo Spy Hunter - 3DS
			Igorando Pelo Filtro de Nome...
		Nome do Produto: Livro - Love Story
			Igorando Pelo Filtro de Nome...
		Nome do Produto: Livro - Hunter X Hunter: Volume 1 - Yoshihiro Togashi
			Igorando Pelo Filtro de Nome...
		Nome do Produto: Bolsa Porta Boneca Monster High - Fun Divirta-se
			Igorando Pelo Filtro de Nome...
		Nome do Produto: Livro - Não Existe Mulher Difícil - André Aguiar Marques
			Igorando Pelo Filtro de Nome...
		Nome do Produto: Livro - De Volta ao Mosteiro: o Monge e o Executivo Falam de Liderança e Trabalho em Equipe - James Hunter
			Igorando Pelo Filtro de Nome...
		Nome do Produto: Livro - Coleção De Volta ao Mosteiro + O Monge e o Executivo (2 Volumes)
			Igorando Pelo Filtro de Nome...
		Nome do Produto: Kit de Proteção Tech Dealer para Nintendo 3DS 10286
			Igorando Pelo Filtro de Nome...
		Nome do Produto: Monster High Trançador de Cabelo
			Igorando Pelo Filtro de Nome...
		Nome do Produto: Jogo de Cama Estampado Monster High - Lepper
			Igorando Pelo Filtro de Nome...
		Nome do Produto: Monster High Conjunto Crie Seu Monstro - Lobisomem
			Igorando Pelo Filtro de Nome...
		Nome do Produto: Jogo The Croods: Prehistoric Party! - 3DS
			Igorando Pelo Filtro de Nome...
		Nome do Produto: Livro - Os Seis Arquétipos do Amor
			Igorando Pelo Filtro de Nome...
		Nome do Produto: Livro - Os Sete Pecados Capitais - Machado de Assis
			Igorando Pelo Filtro de Nome...
		Nome do Produto: Livro - Construa um Grande Negocio: 7 Passos para o Sucesso de Sua Empresa - Brian Tracy
			Igorando Pelo Filtro de Nome...
		Nome do Produto: Livro - Como se Tornar um Líder Servidor: os Princípios de Liderança de o Monge e o Executivo
			Igorando Pelo Filtro de Nome...
		Nome do Produto: Livro - Tão Ontem
			Igorando Pelo Filtro de Nome...
		Nome do Produto: Livro - Cidade do Prazer
			Igorando Pelo Filtro de Nome...
		Nome do Produto: Livro - Paixão por Marketing - Ômar Souki
			Igorando Pelo Filtro de Nome...
	Tempo Para buscar: 1010
Loja: Ricardo Eletro
	URL Principal: http://www.ricardoeletro.com.br/
	URL Busca: http://www.ricardoeletro.com.br/Busca/Resultado/?q=<BUSCA>
http://www.ricardoeletro.com.br/Busca/Resultado/?q=Monster+Hunter+3ds
		Documento Lido
		Resultados: 24
		Nome do Produto: Bicicleta Aro 20 Monster High - Caloi
			Igorando Pelo Filtro de Nome...
		Nome do Produto: Monster Extreme Black - Probiótica - 44 Packs
			Igorando Pelo Filtro de Nome...
		Nome do Produto: Boneca Monster High - Sangueteria - Draculaura - Mattel
			Igorando Pelo Filtro de Nome...
		Nome do Produto: Monster High - Mattel - Draculaura
			Igorando Pelo Filtro de Nome...
		Nome do Produto: Massa monster black - 3kg - probiótica
			Igorando Pelo Filtro de Nome...
		Nome do Produto: 6005 - LEGO City Monster Truck
			Igorando Pelo Filtro de Nome...
		Nome do Produto: Massa Monster Black (Morango - 1,5 Kg) - Probiótica
			Igorando Pelo Filtro de Nome...
		Nome do Produto: Monster High Clawdeen Wolf - Mattel
			Igorando Pelo Filtro de Nome...
		Nome do Produto: Pelúcia Lagoona Blue Monster High - BBR
			Igorando Pelo Filtro de Nome...
		Nome do Produto: Massa monster black - 3kg - probiótica
			Igorando Pelo Filtro de Nome...
		Nome do Produto: Boneca Monster High - Monster Fusion - Ghoulia Yelps - Mattel
			Igorando Pelo Filtro de Nome...
		Nome do Produto: Boneca Monster High - Monster Fusion - Frankie Stein - Mattel
			Igorando Pelo Filtro de Nome...
		Nome do Produto: Boneca Monster High - Monster Fusion - Operetta - Mattel
			Igorando Pelo Filtro de Nome...
		Nome do Produto: Fantasia Monster High Draculaura - Sulamericana
			Igorando Pelo Filtro de Nome...
		Nome do Produto: Fantasia Monster High Draculaura - Sulamericana
			Igorando Pelo Filtro de Nome...
		Nome do Produto: Fantasia Monster High Lagoona - Sulamericana
			Igorando Pelo Filtro de Nome...
		Nome do Produto: Fantasia Monster High Rochelle - Sulamericana
			Igorando Pelo Filtro de Nome...
		Nome do Produto: Pelúcia Watzit Monster High - BBR
			Igorando Pelo Filtro de Nome...
		Nome do Produto: Fantasia Monster High Frankie Luxo - Sulamericana
			Igorando Pelo Filtro de Nome...
		Nome do Produto: Massa Monster Black (Baunilha - 1,5 Kg) - Probiótica
			Igorando Pelo Filtro de Nome...
		Nome do Produto: Massa Monster Black (Chocolate - 1,5 Kg) - Probiótica
			Igorando Pelo Filtro de Nome...
		Nome do Produto: Fantasia Monster High Frankie Pop - Sulamericana
			Igorando Pelo Filtro de Nome...
		Nome do Produto: Fantasia Monster High Draculaura Pop - Sulamericana
			Igorando Pelo Filtro de Nome...
		Nome do Produto: Pelúcia Pet Hissette Monster High - BBR
			Igorando Pelo Filtro de Nome...
	Tempo Para buscar: 970
Loja: RiHappy
	URL Principal: http://www.rihappy.com.br/
	URL Busca: http://www.rihappy.com.br/<BUSCA>
http://www.rihappy.com.br/Monster%20Hunter%203ds
		Documento Lido
		Resultados: 0
	Tempo Para buscar: 1520
Loja: Saraiva
	URL Principal: http://www.saraiva.com.br/
	URL Busca: http://busca.saraiva.com.br/search?w=<BUSCA>&PAC_ID=129457&ts=ajax
http://busca.saraiva.com.br/search?w=Monster+Hunter+3ds&PAC_ID=129457&ts=ajax
		Documento Lido
		Resultados: 30
		Nome do Produto: Monster Hunter Illustrations 2
			Igorando Pelo Filtro de Nome...
		Nome do Produto: Monster Hunter Illustrations
			Igorando Pelo Filtro de Nome...
		Nome do Produto: Spy Hunter - 3ds
			Igorando Pelo Filtro de Nome...
		Nome do Produto: Monster Hunter Orage - Vol. 1
			Igorando Pelo Filtro de Nome...
		Nome do Produto: Monster Hunter Orage - Vl. 04
			Igorando Pelo Filtro de Nome...
		Nome do Produto: The Monster Hunter In Modern Popular Culture
			Igorando Pelo Filtro de Nome...
		Nome do Produto: Hunter-Gatherers
			Igorando Pelo Filtro de Nome...
		Nome do Produto: Hunter-Killer
			Igorando Pelo Filtro de Nome...
		Nome do Produto: Hunter
			Igorando Pelo Filtro de Nome...
		Nome do Produto: Monster
			Igorando Pelo Filtro de Nome...
		Nome do Produto: Monster
			Igorando Pelo Filtro de Nome...
		Nome do Produto: Monster
			Igorando Pelo Filtro de Nome...
		Nome do Produto: Monster
			Igorando Pelo Filtro de Nome...
		Nome do Produto: Monster
			Igorando Pelo Filtro de Nome...
		Nome do Produto: Monster
			Igorando Pelo Filtro de Nome...
		Nome do Produto: Monster
			Igorando Pelo Filtro de Nome...
		Nome do Produto: Monster
			Igorando Pelo Filtro de Nome...
		Nome do Produto: Monster
			Igorando Pelo Filtro de Nome...
		Nome do Produto: Monster
			Igorando Pelo Filtro de Nome...
		Nome do Produto: Monster
			Igorando Pelo Filtro de Nome...
		Nome do Produto: Monster
			Igorando Pelo Filtro de Nome...
		Nome do Produto: Monster
			Igorando Pelo Filtro de Nome...
		Nome do Produto: Monster
			Igorando Pelo Filtro de Nome...
		Nome do Produto: Monster
			Igorando Pelo Filtro de Nome...
		Nome do Produto: Monster
			Igorando Pelo Filtro de Nome...
		Nome do Produto: Monster
			Igorando Pelo Filtro de Nome...
		Nome do Produto: Monster
			Igorando Pelo Filtro de Nome...
		Nome do Produto: Monster
			Igorando Pelo Filtro de Nome...
		Nome do Produto: Monster
			Igorando Pelo Filtro de Nome...
		Nome do Produto: Monster
			Igorando Pelo Filtro de Nome...
	Tempo Para buscar: 3147
Loja: Shop Facil
	URL Principal: http://ww2.shopfacil.com.br/
	URL Busca: http://ww2.shopfacil.com.br/<BUSCA>
http://ww2.shopfacil.com.br/Monster%20Hunter%203ds
		Documento Lido
		Resultados: 1
		Nome do Produto: Jogo Spy Hunter - 3DS
			Igorando Pelo Filtro de Nome...
	Tempo Para buscar: 1050
Loja: Shop Time
	URL Principal: http://www.shoptime.com.br/
	URL Busca: http://busca.shoptime.com.br/busca.php?q=<BUSCA>
http://busca.shoptime.com.br/busca.php?q=Monster+Hunter+3ds
		Documento Lido
		Resultados: 20
		Nome do Produto: Monster High - Monstros, Câmera, Ação - Acessórios - Tapete Mattel Monster High - Monstros, Câmera, Ação - Viperine BLW98 Mattel Monster High - Monstros, Câmera, Ação - Draculaura BDF22/BDF23 Mattel Monster High Foto de Terror Catrine de Mew X4603/BGT33 Mattel Monster High - Sala de Aula - Aula de Artes BDD81/BDD83 Mattel Monster High - Monstros, Câmera, Ação - Acessórios - Vestiário... Monster High Monstros Câmera Ação Acessórios Vestiário Monster High - Sala de Aula - Home Ick BDD81/BDD82 Mattel Monster High - Torcida - Venus McFlytrap BDF07/BDF09 Mattel Monster High Foto de Terror Jinafire Long X4603/BGT34 Mattel Monster High Torcida Frankie Stein Monster High - Clawdeen Wolf & Frankie Stein Monster High Bonecas Clássicas Frankie Stein Clássica Monster High Monstros Câmera Ação Acessórios Tapete Negro Monster High - Quartos de Arrepiar - Cama da Abbey Bominable - Mattel Monster High Conjunto Crie seu Monstro - Monstro do Mar Mattel Monster High Conjunto Crie Seu Monstro - Lobisomem Mattel Monster High Aula de Arte - Robecca BDD79 - Mattel Monster High - Deuce Olhar Assustador BDD93 Mattel Monster High - Acessórios Secret Creepers Mattel
			Igorando Pelo Filtro de Nome...
		Nome do Produto: Monster High - Monstros, Câmera, Ação - Acessórios - Tapete Mattel Monster High - Monstros, Câmera, Ação - Viperine BLW98 Mattel Monster High - Monstros, Câmera, Ação - Draculaura BDF22/BDF23 Mattel Monster High Foto de Terror Catrine de Mew X4603/BGT33 Mattel Monster High - Sala de Aula - Aula de Artes BDD81/BDD83 Mattel Monster High - Monstros, Câmera, Ação - Acessórios - Vestiário... Monster High Monstros Câmera Ação Acessórios Vestiário Monster High - Sala de Aula - Home Ick BDD81/BDD82 Mattel Monster High - Torcida - Venus McFlytrap BDF07/BDF09 Mattel Monster High Foto de Terror Jinafire Long X4603/BGT34 Mattel Monster High Torcida Frankie Stein Monster High - Clawdeen Wolf & Frankie Stein Monster High Bonecas Clássicas Frankie Stein Clássica Monster High Monstros Câmera Ação Acessórios Tapete Negro Monster High - Quartos de Arrepiar - Cama da Abbey Bominable - Mattel Monster High Conjunto Crie seu Monstro - Monstro do Mar Mattel Monster High Conjunto Crie Seu Monstro - Lobisomem Mattel Monster High Aula de Arte - Robecca BDD79 - Mattel Monster High - Deuce Olhar Assustador BDD93 Mattel Monster High - Acessórios Secret Creepers Mattel
			Igorando Pelo Filtro de Nome...
		Nome do Produto: Monster High - Monstros, Câmera, Ação - Acessórios - Tapete Mattel Monster High - Monstros, Câmera, Ação - Viperine BLW98 Mattel Monster High - Monstros, Câmera, Ação - Draculaura BDF22/BDF23 Mattel Monster High Foto de Terror Catrine de Mew X4603/BGT33 Mattel Monster High - Sala de Aula - Aula de Artes BDD81/BDD83 Mattel Monster High - Monstros, Câmera, Ação - Acessórios - Vestiário... Monster High Monstros Câmera Ação Acessórios Vestiário Monster High - Sala de Aula - Home Ick BDD81/BDD82 Mattel Monster High - Torcida - Venus McFlytrap BDF07/BDF09 Mattel Monster High Foto de Terror Jinafire Long X4603/BGT34 Mattel Monster High Torcida Frankie Stein Monster High - Clawdeen Wolf & Frankie Stein Monster High Bonecas Clássicas Frankie Stein Clássica Monster High Monstros Câmera Ação Acessórios Tapete Negro Monster High - Quartos de Arrepiar - Cama da Abbey Bominable - Mattel Monster High Conjunto Crie seu Monstro - Monstro do Mar Mattel Monster High Conjunto Crie Seu Monstro - Lobisomem Mattel Monster High Aula de Arte - Robecca BDD79 - Mattel Monster High - Deuce Olhar Assustador BDD93 Mattel Monster High - Acessórios Secret Creepers Mattel
			Igorando Pelo Filtro de Nome...
		Nome do Produto: Monster High - Monstros, Câmera, Ação - Acessórios - Tapete Mattel Monster High - Monstros, Câmera, Ação - Viperine BLW98 Mattel Monster High - Monstros, Câmera, Ação - Draculaura BDF22/BDF23 Mattel Monster High Foto de Terror Catrine de Mew X4603/BGT33 Mattel Monster High - Sala de Aula - Aula de Artes BDD81/BDD83 Mattel Monster High - Monstros, Câmera, Ação - Acessórios - Vestiário... Monster High Monstros Câmera Ação Acessórios Vestiário Monster High - Sala de Aula - Home Ick BDD81/BDD82 Mattel Monster High - Torcida - Venus McFlytrap BDF07/BDF09 Mattel Monster High Foto de Terror Jinafire Long X4603/BGT34 Mattel Monster High Torcida Frankie Stein Monster High - Clawdeen Wolf & Frankie Stein Monster High Bonecas Clássicas Frankie Stein Clássica Monster High Monstros Câmera Ação Acessórios Tapete Negro Monster High - Quartos de Arrepiar - Cama da Abbey Bominable - Mattel Monster High Conjunto Crie seu Monstro - Monstro do Mar Mattel Monster High Conjunto Crie Seu Monstro - Lobisomem Mattel Monster High Aula de Arte - Robecca BDD79 - Mattel Monster High - Deuce Olhar Assustador BDD93 Mattel Monster High - Acessórios Secret Creepers Mattel
			Igorando Pelo Filtro de Nome...
		Nome do Produto: Monster High - Monstros, Câmera, Ação - Acessórios - Tapete Mattel Monster High - Monstros, Câmera, Ação - Viperine BLW98 Mattel Monster High - Monstros, Câmera, Ação - Draculaura BDF22/BDF23 Mattel Monster High Foto de Terror Catrine de Mew X4603/BGT33 Mattel Monster High - Sala de Aula - Aula de Artes BDD81/BDD83 Mattel Monster High - Monstros, Câmera, Ação - Acessórios - Vestiário... Monster High Monstros Câmera Ação Acessórios Vestiário Monster High - Sala de Aula - Home Ick BDD81/BDD82 Mattel Monster High - Torcida - Venus McFlytrap BDF07/BDF09 Mattel Monster High Foto de Terror Jinafire Long X4603/BGT34 Mattel Monster High Torcida Frankie Stein Monster High - Clawdeen Wolf & Frankie Stein Monster High Bonecas Clássicas Frankie Stein Clássica Monster High Monstros Câmera Ação Acessórios Tapete Negro Monster High - Quartos de Arrepiar - Cama da Abbey Bominable - Mattel Monster High Conjunto Crie seu Monstro - Monstro do Mar Mattel Monster High Conjunto Crie Seu Monstro - Lobisomem Mattel Monster High Aula de Arte - Robecca BDD79 - Mattel Monster High - Deuce Olhar Assustador BDD93 Mattel Monster High - Acessórios Secret Creepers Mattel
			Igorando Pelo Filtro de Nome...
		Nome do Produto: Monster High - Monstros, Câmera, Ação - Acessórios - Tapete Mattel Monster High - Monstros, Câmera, Ação - Viperine BLW98 Mattel Monster High - Monstros, Câmera, Ação - Draculaura BDF22/BDF23 Mattel Monster High Foto de Terror Catrine de Mew X4603/BGT33 Mattel Monster High - Sala de Aula - Aula de Artes BDD81/BDD83 Mattel Monster High - Monstros, Câmera, Ação - Acessórios - Vestiário... Monster High Monstros Câmera Ação Acessórios Vestiário Monster High - Sala de Aula - Home Ick BDD81/BDD82 Mattel Monster High - Torcida - Venus McFlytrap BDF07/BDF09 Mattel Monster High Foto de Terror Jinafire Long X4603/BGT34 Mattel Monster High Torcida Frankie Stein Monster High - Clawdeen Wolf & Frankie Stein Monster High Bonecas Clássicas Frankie Stein Clássica Monster High Monstros Câmera Ação Acessórios Tapete Negro Monster High - Quartos de Arrepiar - Cama da Abbey Bominable - Mattel Monster High Conjunto Crie seu Monstro - Monstro do Mar Mattel Monster High Conjunto Crie Seu Monstro - Lobisomem Mattel Monster High Aula de Arte - Robecca BDD79 - Mattel Monster High - Deuce Olhar Assustador BDD93 Mattel Monster High - Acessórios Secret Creepers Mattel
			Igorando Pelo Filtro de Nome...
		Nome do Produto: Monster High - Monstros, Câmera, Ação - Acessórios - Tapete Mattel Monster High - Monstros, Câmera, Ação - Viperine BLW98 Mattel Monster High - Monstros, Câmera, Ação - Draculaura BDF22/BDF23 Mattel Monster High Foto de Terror Catrine de Mew X4603/BGT33 Mattel Monster High - Sala de Aula - Aula de Artes BDD81/BDD83 Mattel Monster High - Monstros, Câmera, Ação - Acessórios - Vestiário... Monster High Monstros Câmera Ação Acessórios Vestiário Monster High - Sala de Aula - Home Ick BDD81/BDD82 Mattel Monster High - Torcida - Venus McFlytrap BDF07/BDF09 Mattel Monster High Foto de Terror Jinafire Long X4603/BGT34 Mattel Monster High Torcida Frankie Stein Monster High - Clawdeen Wolf & Frankie Stein Monster High Bonecas Clássicas Frankie Stein Clássica Monster High Monstros Câmera Ação Acessórios Tapete Negro Monster High - Quartos de Arrepiar - Cama da Abbey Bominable - Mattel Monster High Conjunto Crie seu Monstro - Monstro do Mar Mattel Monster High Conjunto Crie Seu Monstro - Lobisomem Mattel Monster High Aula de Arte - Robecca BDD79 - Mattel Monster High - Deuce Olhar Assustador BDD93 Mattel Monster High - Acessórios Secret Creepers Mattel
			Igorando Pelo Filtro de Nome...
		Nome do Produto: Monster High - Monstros, Câmera, Ação - Acessórios - Tapete Mattel Monster High - Monstros, Câmera, Ação - Viperine BLW98 Mattel Monster High - Monstros, Câmera, Ação - Draculaura BDF22/BDF23 Mattel Monster High Foto de Terror Catrine de Mew X4603/BGT33 Mattel Monster High - Sala de Aula - Aula de Artes BDD81/BDD83 Mattel Monster High - Monstros, Câmera, Ação - Acessórios - Vestiário... Monster High Monstros Câmera Ação Acessórios Vestiário Monster High - Sala de Aula - Home Ick BDD81/BDD82 Mattel Monster High - Torcida - Venus McFlytrap BDF07/BDF09 Mattel Monster High Foto de Terror Jinafire Long X4603/BGT34 Mattel Monster High Torcida Frankie Stein Monster High - Clawdeen Wolf & Frankie Stein Monster High Bonecas Clássicas Frankie Stein Clássica Monster High Monstros Câmera Ação Acessórios Tapete Negro Monster High - Quartos de Arrepiar - Cama da Abbey Bominable - Mattel Monster High Conjunto Crie seu Monstro - Monstro do Mar Mattel Monster High Conjunto Crie Seu Monstro - Lobisomem Mattel Monster High Aula de Arte - Robecca BDD79 - Mattel Monster High - Deuce Olhar Assustador BDD93 Mattel Monster High - Acessórios Secret Creepers Mattel
			Igorando Pelo Filtro de Nome...
		Nome do Produto: Monster High - Monstros, Câmera, Ação - Acessórios - Tapete Mattel Monster High - Monstros, Câmera, Ação - Viperine BLW98 Mattel Monster High - Monstros, Câmera, Ação - Draculaura BDF22/BDF23 Mattel Monster High Foto de Terror Catrine de Mew X4603/BGT33 Mattel Monster High - Sala de Aula - Aula de Artes BDD81/BDD83 Mattel Monster High - Monstros, Câmera, Ação - Acessórios - Vestiário... Monster High Monstros Câmera Ação Acessórios Vestiário Monster High - Sala de Aula - Home Ick BDD81/BDD82 Mattel Monster High - Torcida - Venus McFlytrap BDF07/BDF09 Mattel Monster High Foto de Terror Jinafire Long X4603/BGT34 Mattel Monster High Torcida Frankie Stein Monster High - Clawdeen Wolf & Frankie Stein Monster High Bonecas Clássicas Frankie Stein Clássica Monster High Monstros Câmera Ação Acessórios Tapete Negro Monster High - Quartos de Arrepiar - Cama da Abbey Bominable - Mattel Monster High Conjunto Crie seu Monstro - Monstro do Mar Mattel Monster High Conjunto Crie Seu Monstro - Lobisomem Mattel Monster High Aula de Arte - Robecca BDD79 - Mattel Monster High - Deuce Olhar Assustador BDD93 Mattel Monster High - Acessórios Secret Creepers Mattel
			Igorando Pelo Filtro de Nome...
		Nome do Produto: Monster High - Monstros, Câmera, Ação - Acessórios - Tapete Mattel Monster High - Monstros, Câmera, Ação - Viperine BLW98 Mattel Monster High - Monstros, Câmera, Ação - Draculaura BDF22/BDF23 Mattel Monster High Foto de Terror Catrine de Mew X4603/BGT33 Mattel Monster High - Sala de Aula - Aula de Artes BDD81/BDD83 Mattel Monster High - Monstros, Câmera, Ação - Acessórios - Vestiário... Monster High Monstros Câmera Ação Acessórios Vestiário Monster High - Sala de Aula - Home Ick BDD81/BDD82 Mattel Monster High - Torcida - Venus McFlytrap BDF07/BDF09 Mattel Monster High Foto de Terror Jinafire Long X4603/BGT34 Mattel Monster High Torcida Frankie Stein Monster High - Clawdeen Wolf & Frankie Stein Monster High Bonecas Clássicas Frankie Stein Clássica Monster High Monstros Câmera Ação Acessórios Tapete Negro Monster High - Quartos de Arrepiar - Cama da Abbey Bominable - Mattel Monster High Conjunto Crie seu Monstro - Monstro do Mar Mattel Monster High Conjunto Crie Seu Monstro - Lobisomem Mattel Monster High Aula de Arte - Robecca BDD79 - Mattel Monster High - Deuce Olhar Assustador BDD93 Mattel Monster High - Acessórios Secret Creepers Mattel
			Igorando Pelo Filtro de Nome...
		Nome do Produto: Monster High - Monstros, Câmera, Ação - Acessórios - Tapete Mattel Monster High - Monstros, Câmera, Ação - Viperine BLW98 Mattel Monster High - Monstros, Câmera, Ação - Draculaura BDF22/BDF23 Mattel Monster High Foto de Terror Catrine de Mew X4603/BGT33 Mattel Monster High - Sala de Aula - Aula de Artes BDD81/BDD83 Mattel Monster High - Monstros, Câmera, Ação - Acessórios - Vestiário... Monster High Monstros Câmera Ação Acessórios Vestiário Monster High - Sala de Aula - Home Ick BDD81/BDD82 Mattel Monster High - Torcida - Venus McFlytrap BDF07/BDF09 Mattel Monster High Foto de Terror Jinafire Long X4603/BGT34 Mattel Monster High Torcida Frankie Stein Monster High - Clawdeen Wolf & Frankie Stein Monster High Bonecas Clássicas Frankie Stein Clássica Monster High Monstros Câmera Ação Acessórios Tapete Negro Monster High - Quartos de Arrepiar - Cama da Abbey Bominable - Mattel Monster High Conjunto Crie seu Monstro - Monstro do Mar Mattel Monster High Conjunto Crie Seu Monstro - Lobisomem Mattel Monster High Aula de Arte - Robecca BDD79 - Mattel Monster High - Deuce Olhar Assustador BDD93 Mattel Monster High - Acessórios Secret Creepers Mattel
			Igorando Pelo Filtro de Nome...
		Nome do Produto: Monster High - Monstros, Câmera, Ação - Acessórios - Tapete Mattel Monster High - Monstros, Câmera, Ação - Viperine BLW98 Mattel Monster High - Monstros, Câmera, Ação - Draculaura BDF22/BDF23 Mattel Monster High Foto de Terror Catrine de Mew X4603/BGT33 Mattel Monster High - Sala de Aula - Aula de Artes BDD81/BDD83 Mattel Monster High - Monstros, Câmera, Ação - Acessórios - Vestiário... Monster High Monstros Câmera Ação Acessórios Vestiário Monster High - Sala de Aula - Home Ick BDD81/BDD82 Mattel Monster High - Torcida - Venus McFlytrap BDF07/BDF09 Mattel Monster High Foto de Terror Jinafire Long X4603/BGT34 Mattel Monster High Torcida Frankie Stein Monster High - Clawdeen Wolf & Frankie Stein Monster High Bonecas Clássicas Frankie Stein Clássica Monster High Monstros Câmera Ação Acessórios Tapete Negro Monster High - Quartos de Arrepiar - Cama da Abbey Bominable - Mattel Monster High Conjunto Crie seu Monstro - Monstro do Mar Mattel Monster High Conjunto Crie Seu Monstro - Lobisomem Mattel Monster High Aula de Arte - Robecca BDD79 - Mattel Monster High - Deuce Olhar Assustador BDD93 Mattel Monster High - Acessórios Secret Creepers Mattel
			Igorando Pelo Filtro de Nome...
		Nome do Produto: Monster High - Monstros, Câmera, Ação - Acessórios - Tapete Mattel Monster High - Monstros, Câmera, Ação - Viperine BLW98 Mattel Monster High - Monstros, Câmera, Ação - Draculaura BDF22/BDF23 Mattel Monster High Foto de Terror Catrine de Mew X4603/BGT33 Mattel Monster High - Sala de Aula - Aula de Artes BDD81/BDD83 Mattel Monster High - Monstros, Câmera, Ação - Acessórios - Vestiário... Monster High Monstros Câmera Ação Acessórios Vestiário Monster High - Sala de Aula - Home Ick BDD81/BDD82 Mattel Monster High - Torcida - Venus McFlytrap BDF07/BDF09 Mattel Monster High Foto de Terror Jinafire Long X4603/BGT34 Mattel Monster High Torcida Frankie Stein Monster High - Clawdeen Wolf & Frankie Stein Monster High Bonecas Clássicas Frankie Stein Clássica Monster High Monstros Câmera Ação Acessórios Tapete Negro Monster High - Quartos de Arrepiar - Cama da Abbey Bominable - Mattel Monster High Conjunto Crie seu Monstro - Monstro do Mar Mattel Monster High Conjunto Crie Seu Monstro - Lobisomem Mattel Monster High Aula de Arte - Robecca BDD79 - Mattel Monster High - Deuce Olhar Assustador BDD93 Mattel Monster High - Acessórios Secret Creepers Mattel
			Igorando Pelo Filtro de Nome...
		Nome do Produto: Monster High - Monstros, Câmera, Ação - Acessórios - Tapete Mattel Monster High - Monstros, Câmera, Ação - Viperine BLW98 Mattel Monster High - Monstros, Câmera, Ação - Draculaura BDF22/BDF23 Mattel Monster High Foto de Terror Catrine de Mew X4603/BGT33 Mattel Monster High - Sala de Aula - Aula de Artes BDD81/BDD83 Mattel Monster High - Monstros, Câmera, Ação - Acessórios - Vestiário... Monster High Monstros Câmera Ação Acessórios Vestiário Monster High - Sala de Aula - Home Ick BDD81/BDD82 Mattel Monster High - Torcida - Venus McFlytrap BDF07/BDF09 Mattel Monster High Foto de Terror Jinafire Long X4603/BGT34 Mattel Monster High Torcida Frankie Stein Monster High - Clawdeen Wolf & Frankie Stein Monster High Bonecas Clássicas Frankie Stein Clássica Monster High Monstros Câmera Ação Acessórios Tapete Negro Monster High - Quartos de Arrepiar - Cama da Abbey Bominable - Mattel Monster High Conjunto Crie seu Monstro - Monstro do Mar Mattel Monster High Conjunto Crie Seu Monstro - Lobisomem Mattel Monster High Aula de Arte - Robecca BDD79 - Mattel Monster High - Deuce Olhar Assustador BDD93 Mattel Monster High - Acessórios Secret Creepers Mattel
			Igorando Pelo Filtro de Nome...
		Nome do Produto: Monster High - Monstros, Câmera, Ação - Acessórios - Tapete Mattel Monster High - Monstros, Câmera, Ação - Viperine BLW98 Mattel Monster High - Monstros, Câmera, Ação - Draculaura BDF22/BDF23 Mattel Monster High Foto de Terror Catrine de Mew X4603/BGT33 Mattel Monster High - Sala de Aula - Aula de Artes BDD81/BDD83 Mattel Monster High - Monstros, Câmera, Ação - Acessórios - Vestiário... Monster High Monstros Câmera Ação Acessórios Vestiário Monster High - Sala de Aula - Home Ick BDD81/BDD82 Mattel Monster High - Torcida - Venus McFlytrap BDF07/BDF09 Mattel Monster High Foto de Terror Jinafire Long X4603/BGT34 Mattel Monster High Torcida Frankie Stein Monster High - Clawdeen Wolf & Frankie Stein Monster High Bonecas Clássicas Frankie Stein Clássica Monster High Monstros Câmera Ação Acessórios Tapete Negro Monster High - Quartos de Arrepiar - Cama da Abbey Bominable - Mattel Monster High Conjunto Crie seu Monstro - Monstro do Mar Mattel Monster High Conjunto Crie Seu Monstro - Lobisomem Mattel Monster High Aula de Arte - Robecca BDD79 - Mattel Monster High - Deuce Olhar Assustador BDD93 Mattel Monster High - Acessórios Secret Creepers Mattel
			Igorando Pelo Filtro de Nome...
		Nome do Produto: Monster High - Monstros, Câmera, Ação - Acessórios - Tapete Mattel Monster High - Monstros, Câmera, Ação - Viperine BLW98 Mattel Monster High - Monstros, Câmera, Ação - Draculaura BDF22/BDF23 Mattel Monster High Foto de Terror Catrine de Mew X4603/BGT33 Mattel Monster High - Sala de Aula - Aula de Artes BDD81/BDD83 Mattel Monster High - Monstros, Câmera, Ação - Acessórios - Vestiário... Monster High Monstros Câmera Ação Acessórios Vestiário Monster High - Sala de Aula - Home Ick BDD81/BDD82 Mattel Monster High - Torcida - Venus McFlytrap BDF07/BDF09 Mattel Monster High Foto de Terror Jinafire Long X4603/BGT34 Mattel Monster High Torcida Frankie Stein Monster High - Clawdeen Wolf & Frankie Stein Monster High Bonecas Clássicas Frankie Stein Clássica Monster High Monstros Câmera Ação Acessórios Tapete Negro Monster High - Quartos de Arrepiar - Cama da Abbey Bominable - Mattel Monster High Conjunto Crie seu Monstro - Monstro do Mar Mattel Monster High Conjunto Crie Seu Monstro - Lobisomem Mattel Monster High Aula de Arte - Robecca BDD79 - Mattel Monster High - Deuce Olhar Assustador BDD93 Mattel Monster High - Acessórios Secret Creepers Mattel
			Igorando Pelo Filtro de Nome...
		Nome do Produto: Monster High - Monstros, Câmera, Ação - Acessórios - Tapete Mattel Monster High - Monstros, Câmera, Ação - Viperine BLW98 Mattel Monster High - Monstros, Câmera, Ação - Draculaura BDF22/BDF23 Mattel Monster High Foto de Terror Catrine de Mew X4603/BGT33 Mattel Monster High - Sala de Aula - Aula de Artes BDD81/BDD83 Mattel Monster High - Monstros, Câmera, Ação - Acessórios - Vestiário... Monster High Monstros Câmera Ação Acessórios Vestiário Monster High - Sala de Aula - Home Ick BDD81/BDD82 Mattel Monster High - Torcida - Venus McFlytrap BDF07/BDF09 Mattel Monster High Foto de Terror Jinafire Long X4603/BGT34 Mattel Monster High Torcida Frankie Stein Monster High - Clawdeen Wolf & Frankie Stein Monster High Bonecas Clássicas Frankie Stein Clássica Monster High Monstros Câmera Ação Acessórios Tapete Negro Monster High - Quartos de Arrepiar - Cama da Abbey Bominable - Mattel Monster High Conjunto Crie seu Monstro - Monstro do Mar Mattel Monster High Conjunto Crie Seu Monstro - Lobisomem Mattel Monster High Aula de Arte - Robecca BDD79 - Mattel Monster High - Deuce Olhar Assustador BDD93 Mattel Monster High - Acessórios Secret Creepers Mattel
			Igorando Pelo Filtro de Nome...
		Nome do Produto: Monster High - Monstros, Câmera, Ação - Acessórios - Tapete Mattel Monster High - Monstros, Câmera, Ação - Viperine BLW98 Mattel Monster High - Monstros, Câmera, Ação - Draculaura BDF22/BDF23 Mattel Monster High Foto de Terror Catrine de Mew X4603/BGT33 Mattel Monster High - Sala de Aula - Aula de Artes BDD81/BDD83 Mattel Monster High - Monstros, Câmera, Ação - Acessórios - Vestiário... Monster High Monstros Câmera Ação Acessórios Vestiário Monster High - Sala de Aula - Home Ick BDD81/BDD82 Mattel Monster High - Torcida - Venus McFlytrap BDF07/BDF09 Mattel Monster High Foto de Terror Jinafire Long X4603/BGT34 Mattel Monster High Torcida Frankie Stein Monster High - Clawdeen Wolf & Frankie Stein Monster High Bonecas Clássicas Frankie Stein Clássica Monster High Monstros Câmera Ação Acessórios Tapete Negro Monster High - Quartos de Arrepiar - Cama da Abbey Bominable - Mattel Monster High Conjunto Crie seu Monstro - Monstro do Mar Mattel Monster High Conjunto Crie Seu Monstro - Lobisomem Mattel Monster High Aula de Arte - Robecca BDD79 - Mattel Monster High - Deuce Olhar Assustador BDD93 Mattel Monster High - Acessórios Secret Creepers Mattel
			Igorando Pelo Filtro de Nome...
		Nome do Produto: Monster High - Monstros, Câmera, Ação - Acessórios - Tapete Mattel Monster High - Monstros, Câmera, Ação - Viperine BLW98 Mattel Monster High - Monstros, Câmera, Ação - Draculaura BDF22/BDF23 Mattel Monster High Foto de Terror Catrine de Mew X4603/BGT33 Mattel Monster High - Sala de Aula - Aula de Artes BDD81/BDD83 Mattel Monster High - Monstros, Câmera, Ação - Acessórios - Vestiário... Monster High Monstros Câmera Ação Acessórios Vestiário Monster High - Sala de Aula - Home Ick BDD81/BDD82 Mattel Monster High - Torcida - Venus McFlytrap BDF07/BDF09 Mattel Monster High Foto de Terror Jinafire Long X4603/BGT34 Mattel Monster High Torcida Frankie Stein Monster High - Clawdeen Wolf & Frankie Stein Monster High Bonecas Clássicas Frankie Stein Clássica Monster High Monstros Câmera Ação Acessórios Tapete Negro Monster High - Quartos de Arrepiar - Cama da Abbey Bominable - Mattel Monster High Conjunto Crie seu Monstro - Monstro do Mar Mattel Monster High Conjunto Crie Seu Monstro - Lobisomem Mattel Monster High Aula de Arte - Robecca BDD79 - Mattel Monster High - Deuce Olhar Assustador BDD93 Mattel Monster High - Acessórios Secret Creepers Mattel
			Igorando Pelo Filtro de Nome...
		Nome do Produto: Monster High - Monstros, Câmera, Ação - Acessórios - Tapete Mattel Monster High - Monstros, Câmera, Ação - Viperine BLW98 Mattel Monster High - Monstros, Câmera, Ação - Draculaura BDF22/BDF23 Mattel Monster High Foto de Terror Catrine de Mew X4603/BGT33 Mattel Monster High - Sala de Aula - Aula de Artes BDD81/BDD83 Mattel Monster High - Monstros, Câmera, Ação - Acessórios - Vestiário... Monster High Monstros Câmera Ação Acessórios Vestiário Monster High - Sala de Aula - Home Ick BDD81/BDD82 Mattel Monster High - Torcida - Venus McFlytrap BDF07/BDF09 Mattel Monster High Foto de Terror Jinafire Long X4603/BGT34 Mattel Monster High Torcida Frankie Stein Monster High - Clawdeen Wolf & Frankie Stein Monster High Bonecas Clássicas Frankie Stein Clássica Monster High Monstros Câmera Ação Acessórios Tapete Negro Monster High - Quartos de Arrepiar - Cama da Abbey Bominable - Mattel Monster High Conjunto Crie seu Monstro - Monstro do Mar Mattel Monster High Conjunto Crie Seu Monstro - Lobisomem Mattel Monster High Aula de Arte - Robecca BDD79 - Mattel Monster High - Deuce Olhar Assustador BDD93 Mattel Monster High - Acessórios Secret Creepers Mattel
			Igorando Pelo Filtro de Nome...
	Tempo Para buscar: 640
Loja: ShopB
	URL Principal: http://www.shopb.com.br/
	URL Busca: http://busca.shopb.com.br/?busca=<BUSCA>
http://busca.shopb.com.br/?busca=Monster+Hunter+3ds
		Documento Lido
		Resultados: 30
		Nome do Produto: Batman Arkham Origins: BlackGate - 3DS
			Igorando Pelo Filtro de Nome...
		Nome do Produto: Beyblade Evolution - 3DS
			Igorando Pelo Filtro de Nome...
		Nome do Produto: Bravely Default - 3DS
			Igorando Pelo Filtro de Nome...
		Nome do Produto: Cars 2 - 3DS
			Igorando Pelo Filtro de Nome...
		Nome do Produto: Cartão Nintendo 3DS / Wii U Shop (Cash Card) $20 - USA
			Igorando Pelo Filtro de Nome...
		Nome do Produto: Cartão Nintendo 3DS / Wii U Shop (Cash Card) $35 - USA
			Igorando Pelo Filtro de Nome...
		Nome do Produto: Cartão Nintendo 3DS / Wii U Shop (Cash Card) $50 - USA
			Igorando Pelo Filtro de Nome...
		Nome do Produto: Castlevania: Lords of Shadow Mirror of Fate - 3DS
			Igorando Pelo Filtro de Nome...
		Nome do Produto: Crysis 3 Hunter Edition - PC
			Igorando Pelo Filtro de Nome...
		Nome do Produto: Crysis 3 Hunter Edition - PS3
			Igorando Pelo Filtro de Nome...
		Nome do Produto: Crysis 3 Hunter Edition - XBOX 360
			Igorando Pelo Filtro de Nome...
		Nome do Produto: Cut the Hope: Triple Treat - 3DS
			Igorando Pelo Filtro de Nome...
		Nome do Produto: Dungeon Hunter Alliance - PS Vita
			Igorando Pelo Filtro de Nome...
		Nome do Produto: Fire Emblem: Awakening - 3DS
			Igorando Pelo Filtro de Nome...
		Nome do Produto: Green Lantern: Rise of Manhunters - 3DS
			Igorando Pelo Filtro de Nome...
		Nome do Produto: Guitarra Monster Rock para PS3 - NEO
			Igorando Pelo Filtro de Nome...
		Nome do Produto: Headset Tritton Kunai Stereo - Nintendo Wii U/3DS
			Igorando Pelo Filtro de Nome...
		Nome do Produto: LEGO Marvel Super Heroes: Universe in Peril - 3DS
			Igorando Pelo Filtro de Nome...
		Nome do Produto: LEGO Pirates of the Caribbean: The Video Game - 3DS
			Igorando Pelo Filtro de Nome...
		Nome do Produto: LEGO Star Wars III: The Clone Wars - 3DS
			Igorando Pelo Filtro de Nome...
		Nome do Produto: LEGO The Hobbit - 3DS
			Igorando Pelo Filtro de Nome...
		Nome do Produto: LEGO The Lord of The Rings - 3DS
			Igorando Pelo Filtro de Nome...
		Nome do Produto: Lego Batman 2 DC Super Heroes - 3DS
			Igorando Pelo Filtro de Nome...
		Nome do Produto: Lego Batman 3: Beyond Gotham - 3DS
			Igorando Pelo Filtro de Nome...
		Nome do Produto: Lego Harry Potter Years 5-7 - 3DS
			Igorando Pelo Filtro de Nome...
		Nome do Produto: Luigis Mansion: Dark Moon - 3DS
			Igorando Pelo Filtro de Nome...
		Nome do Produto: Mario & Luigi: Dream Team - 3DS
			Igorando Pelo Filtro de Nome...
		Nome do Produto: Mario Golf: World Tour - 3DS
			Igorando Pelo Filtro de Nome...
		Nome do Produto: Mario Party: Island Tour - 3DS
			Igorando Pelo Filtro de Nome...
		Nome do Produto: Mario Tennis Open - 3DS
			Igorando Pelo Filtro de Nome...
	Tempo Para buscar: 1040
Loja: Submarino
	URL Principal: http://www.submarino.com.br/
	URL Busca: http://busca.submarino.com.br/busca.php?q=<BUSCA>
http://busca.submarino.com.br/busca.php?q=Monster+Hunter+3ds
		Documento Lido
		Resultados: 30
		Nome do Produto: Boneca Monster High Clássicas Draculaura Clássica Mattel
			Igorando Pelo Filtro de Nome...
		Nome do Produto: Boneca Monster High Clássicas Frankie Stein Clássica Mattel
			Igorando Pelo Filtro de Nome...
		Nome do Produto: Boneca Monster High Frankie Stein CBP34/CBP35 - Mattel
			Igorando Pelo Filtro de Nome...
		Nome do Produto: Boneca Monster High Clássicas Clawdeen Wolf Clássica Mattel
			Igorando Pelo Filtro de Nome...
		Nome do Produto: Monster High - Monstros, Câmera, Ação - Acessórios - Tapete Mattel
			Igorando Pelo Filtro de Nome...
		Nome do Produto: Monster High Aula de Arte - Robecca BDD79 - Mattel
			Igorando Pelo Filtro de Nome...
		Nome do Produto: Boneca Monster High Fusion Cleolie - Mattel
			Igorando Pelo Filtro de Nome...
		Nome do Produto: Boneca Monster High com 2 Venus e Rochelle - Mattel
			Igorando Pelo Filtro de Nome...
		Nome do Produto: Boneca Monster High Ghoulia - Mattel
			Igorando Pelo Filtro de Nome...
		Nome do Produto: Monster High Monstros Câmera Ação Acessórios Tapete Negro
			Igorando Pelo Filtro de Nome...
		Nome do Produto: Monster High Aula de Arte Draculaura - Mattel
			Igorando Pelo Filtro de Nome...
		Nome do Produto: Monster High Aula de Arte - Skelita - Mattel
			Igorando Pelo Filtro de Nome...
		Nome do Produto: Monster High Foto de Terror Catrine de Mew X4603/BGT33 Mattel
			Igorando Pelo Filtro de Nome...
		Nome do Produto: Monster High - Monstros, Câmera, Ação - Viperine BLW98 Mattel
			Igorando Pelo Filtro de Nome...
		Nome do Produto: Monster High Foto de Terror Clawdeen Wolf X4603/BGT32 Mattel
			Igorando Pelo Filtro de Nome...
		Nome do Produto: Monster High Torcida Frankie Stein
			Igorando Pelo Filtro de Nome...
		Nome do Produto: Boneca Monster High Opereta CBP34/CBP37 - Mattel
			Igorando Pelo Filtro de Nome...
		Nome do Produto: Monster High - Quartos de Arrepiar - Cama da Abbey Bominable - Mattel
			Igorando Pelo Filtro de Nome...
		Nome do Produto: Monster High - Sala de Aula - Home Ick BDD81/BDD82 Mattel
			Igorando Pelo Filtro de Nome...
		Nome do Produto: Monster High - Acessórios Secret Creepers Mattel
			Igorando Pelo Filtro de Nome...
		Nome do Produto: Monster High - Torcida - Spectra Vondergeist BDF07/BDF10 Mattel
			Igorando Pelo Filtro de Nome...
		Nome do Produto: Monster High Aula de Arte - Abbey BDF13 - Mattel
			Igorando Pelo Filtro de Nome...
		Nome do Produto: Monster High - Monstros, Câmera, Ação - Lagoona BDF22/BDF24 Mattel
			Igorando Pelo Filtro de Nome...
		Nome do Produto: Monster High - Monstros, Câmera, Ação - Honey Swamp BLW99 Mattel
			Igorando Pelo Filtro de Nome...
		Nome do Produto: Monster High Clawdia Wolf BLX01 - Mattel
			Igorando Pelo Filtro de Nome...
		Nome do Produto: Monster High Foto de Terror Jinafire Long X4603/BGT34 Mattel
			Igorando Pelo Filtro de Nome...
		Nome do Produto: Monster High Bonecas Clássicas Frankie Stein Clássica
			Igorando Pelo Filtro de Nome...
		Nome do Produto: Rádio Controle Monstercycle Monsters High - Candide
			Igorando Pelo Filtro de Nome...
		Nome do Produto: Monster High Monstros Câmera Ação Acessórios Vestiário
			Igorando Pelo Filtro de Nome...
		Nome do Produto: Monster High Conjunto Crie seu Monstro - Monstro do Mar Mattel
			Igorando Pelo Filtro de Nome...
	Tempo Para buscar: 840
Loja: Walmart
	URL Principal: http://www.walmart.com.br/
	URL Busca: http://www.walmart.com.br/busca/?ft=<BUSCA>&PS=20
http://www.walmart.com.br/busca/?ft=Monster+Hunter+3ds&PS=20
		Documento Lido
		Resultados: 4
		Nome do Produto: Monster Hunter Illustrations 2
			Igorando Pelo Filtro de Nome...
		Nome do Produto: Monster Hunter Orage - Vol. 1
			Igorando Pelo Filtro de Nome...
		Nome do Produto: Monster Hunter Illustrations
			Igorando Pelo Filtro de Nome...
		Nome do Produto: The Monster Hunter In Modern Popular Culture
			Igorando Pelo Filtro de Nome...
	Tempo Para buscar: 1594

File copied from C:\java\rep\lookforprices\resources\imports\css.css to C:\java\rep\lookforprices\reports\2015-02-09 09\css.css
File copied from C:\java\rep\lookforprices\resources\imports\jquery.js to C:\java\rep\lookforprices\reports\2015-02-09 09\jquery.js
File copied from C:\java\rep\lookforprices\resources\imports\scripts.js to C:\java\rep\lookforprices\reports\2015-02-09 09\scripts.js
Tempo total de execução: 34324
