Loja: Nintendo eShop
	URL Principal: http://www.nintendo.com/3ds/eshop
	URL Busca: http://www.nintendo.com/json/content/get/game/filter?&&&&qterm=<BUSCA>
NintendoEShopSearch.search() http://www.nintendo.com/json/content/get/game/filter?&&&&qterm=2ds
		Documento Lido
		Resultados: 3
		Nome do Produto: IronFall: Invasion
			Igorando Pelo Filtro de Nome...
		Nome do Produto: Pokémon Battle Trozei
			Igorando Pelo Filtro de Nome...
		Nome do Produto: Secret Agent Files: Miami
			Igorando Pelo Filtro de Nome...
	Tempo Para buscar: 510
Loja: Americanas
	URL Principal: http://www.americanas.com.br/
	URL Busca: http://busca.americanas.com.br/busca.php?q=<BUSCA>
http://busca.americanas.com.br/busca.php?q=2ds
		Documento Lido
		Resultados: 7
		Nome do Produto: Game Space Invaders Extreme 2 - DS
			Igorando Pelo Filtro de Nome...
		Nome do Produto: Game Naruto: Path of the Ninja 2 - DS
			Igorando Pelo Filtro de Nome...
		Nome do Produto: Game Izuna 2 - DS
			Igorando Pelo Filtro de Nome...
		Nome do Produto: Game The Smurfs 2 - DS
			Igorando Pelo Filtro de Nome...
		Nome do Produto: Game Bratz Ponyz 2 - DS
			Igorando Pelo Filtro de Nome...
		Nome do Produto: Game Kage Densetsu: The Legend of Kage 2 - DS
			Igorando Pelo Filtro de Nome...
		Nome do Produto: Acabamento 2 Registros Linha Loft Design A 2 DS - Fabrimar
			Igorando Pelo Filtro de Nome...
	Tempo Para buscar: 571
Loja: Big Boy Games
	URL Principal: http://www.bigboygames.com.br/
	URL Busca: http://www.bigboygames.com.br/pesquisa/?p=<BUSCA>
http://www.bigboygames.com.br/pesquisa/?p=2ds
		Documento Lido
		Resultados: 2
		Nome do Produto: Console Nintendo 2DS Azul/Preto c/ Mario Kart 7
http://www.bigboygames.com.br/console-nintendo-2ds-azul-preto-c-mario-kart-7-p6658/
		Acessando URL do produto.
		Nome do Produto: Console Nintendo 2DS Vermelho/Preto c/ Pokemon X
http://www.bigboygames.com.br/console-nintendo-2ds-vermelho-preto-c-pokemon-x-p6469/
		Acessando URL do produto.
	Tempo Para buscar: 1920
Loja: Casas Bahia
	URL Principal: http://www.casasbahia.com.br/
	URL Busca: http://buscas.casasbahia.com.br/search?w=<BUSCA>
http://buscas.casasbahia.com.br/search?w=2ds
		Documento Lido
		Resultados: 1
		Nome do Produto: 
			Igorando Pelo Filtro de Nome...
		Nome do Produto: 
			Igorando Pelo Filtro de Nome...
		Nome do Produto: 
			Igorando Pelo Filtro de Nome...
		Nome do Produto: 
			Igorando Pelo Filtro de Nome...
		Nome do Produto: 
			Igorando Pelo Filtro de Nome...
		Nome do Produto: 
			Igorando Pelo Filtro de Nome...
		Nome do Produto: 
			Igorando Pelo Filtro de Nome...
		Nome do Produto: 
			Igorando Pelo Filtro de Nome...
		Nome do Produto: 
			Igorando Pelo Filtro de Nome...
		Nome do Produto: 
			Igorando Pelo Filtro de Nome...
		Nome do Produto: 
			Igorando Pelo Filtro de Nome...
		Nome do Produto: 
			Igorando Pelo Filtro de Nome...
		Nome do Produto: 
			Igorando Pelo Filtro de Nome...
		Nome do Produto: 
			Igorando Pelo Filtro de Nome...
		Nome do Produto: 
			Igorando Pelo Filtro de Nome...
		Nome do Produto: 
			Igorando Pelo Filtro de Nome...
		Nome do Produto: 
			Igorando Pelo Filtro de Nome...
		Nome do Produto: 
			Igorando Pelo Filtro de Nome...
		Nome do Produto: 
			Igorando Pelo Filtro de Nome...
		Nome do Produto: 
			Igorando Pelo Filtro de Nome...
	Tempo Para buscar: 960
Loja: Extra
	URL Principal: http://www.extra.com.br/
	URL Busca: http://buscando.extra.com.br/search?w=<BUSCA>
http://buscando.extra.com.br/search?w=2ds
		Documento Lido
		Resultados: 0
	Tempo Para buscar: 900
Loja: Fast Games
	URL Principal: http://www.fastgames.com.br/
	URL Busca: http://www.fastgames.com.br/loja/busca.php?loja=187970&palavra_busca=<BUSCA>
http://www.fastgames.com.br/loja/busca.php?loja=187970&palavra_busca=2ds
		Documento Lido
		Resultados: 1
		Nome do Produto: Nintendo 2DS Crimson Red (Vermelho)
http://www.fastgames.com.br//nintendo-2ds-crimson-red-vermelho-pr-7038-187970.htm
		Acessando URL do produto.
	Tempo Para buscar: 13430
Loja: Fast Shop
	URL Principal: http://www.fastshop.com.br/loja/
	URL Busca: http://www.fastshop.com.br/webapp/wcs/stores/servlet/SearchDisplay?searchTerm=<BUSCA>&categoryId=&storeId=10151&catalogId=11052&langId=-6&pageSize=9&beginIndex=0&sType=SimpleSearch&resultCatEntryType=2&showResultsPage=true&searchSource=Q&pageView=&hotsite=fastshop
http://www.fastshop.com.br/webapp/wcs/stores/servlet/SearchDisplay?searchTerm=2ds&categoryId=&storeId=10151&catalogId=11052&langId=-6&pageSize=9&beginIndex=0&sType=SimpleSearch&resultCatEntryType=2&showResultsPage=true&searchSource=Q&pageView=&hotsite=fastshop
		Documento Lido
		Resultados: 0
	Tempo Para buscar: 470
Loja: FNAC
	URL Principal: http://www.fnac.com.br/index.html
	URL Busca: http://busca.fnac.com.br/?busca=<BUSCA>
http://busca.fnac.com.br/?busca=2ds
		Documento Lido
		Resultados: 0
	Tempo Para buscar: 1280
Loja: Kabum
	URL Principal: http://www.kabum.com.br/
	URL Busca: http://www.kabum.com.br/cgi-local/site/listagem/listagem.cgi?string=<BUSCA>&btnG=
http://www.kabum.com.br/cgi-local/site/listagem/listagem.cgi?string=2ds&btnG=
		Documento Lido
		Resultados: 0
	Tempo Para buscar: 370
Loja: Livraria Cultura
	URL Principal: http://www.livrariacultura.com.br/
	URL Busca: http://www.livrariacultura.com.br/busca?N=0&Ntt=<BUSCA>
http://www.livrariacultura.com.br/busca?N=0&Ntt=2ds
		Documento Lido
		Resultados: 0
	Tempo Para buscar: 300
Loja: Magazine Luiza
	URL Principal: http://www.magazineluiza.com.br/
	URL Busca: http://www.magazineluiza.com.br/busca/<BUSCA>/
http://www.magazineluiza.com.br/busca/2ds/
		Documento Lido
		Resultados: 1
		Nome do Produto: Guitarra Charvel Mogno Desolation DS 2 ST - Azul
			Igorando Pelo Filtro de Nome...
	Tempo Para buscar: 310
Loja: Mula Games
	URL Principal: http://www.mulagames.com.br/
	URL Busca: http://www.mulagames.com.br/produtos-index/catalogo_produtos/-/-/<BUSCA>/-/-/-/-/-/
http://www.mulagames.com.br/produtos-index/catalogo_produtos/-/-/2ds/-/-/-/-/-/
		Documento Lido
		Resultados: 0
	Tempo Para buscar: 1010
Loja: Net Shoes
	URL Principal: http://www.netshoes.com.br/
	URL Busca: http://www.netshoes.com.br/search?Ntt=<BUSCA>
http://www.netshoes.com.br/search?Ntt=2ds
		Documento Lido
		Resultados: 0
	Tempo Para buscar: 110
Loja: Ponto Frio
	URL Principal: http://www.pontofrio.com.br/
	URL Busca: http://search.pontofrio.com.br/search?w=<BUSCA>
http://search.pontofrio.com.br/search?w=2ds
		Documento Lido
		Resultados: 2
		Nome do Produto: 
			Igorando Pelo Filtro de Nome...
		Nome do Produto: 
			Igorando Pelo Filtro de Nome...
		Nome do Produto: 
			Igorando Pelo Filtro de Nome...
		Nome do Produto: 
			Igorando Pelo Filtro de Nome...
		Nome do Produto: 
			Igorando Pelo Filtro de Nome...
		Nome do Produto: 
			Igorando Pelo Filtro de Nome...
		Nome do Produto: 
			Igorando Pelo Filtro de Nome...
		Nome do Produto: 
			Igorando Pelo Filtro de Nome...
	Tempo Para buscar: 1100
Loja: Ricardo Eletro
	URL Principal: http://www.ricardoeletro.com.br/
	URL Busca: http://www.ricardoeletro.com.br/Busca/Resultado/?q=<BUSCA>
http://www.ricardoeletro.com.br/Busca/Resultado/?q=2ds
		Documento Lido
		Resultados: 7
		Nome do Produto: Escova Elétrica com movimento 2D - 8.800 Movimentos por Minuto e com Timer indicador de tempo de escovação - Vitality D-12 - Oral-B
			Igorando Pelo Filtro de Nome...
		Nome do Produto: Escova Elétrica com movimento 2D - 8.800 Movimentos por Minuto e com Timer indicador de tempo - Vitality D-12 + Fitas Dentais Whitestrips - Oral B
			Igorando Pelo Filtro de Nome...
		Nome do Produto: Barbeador Senso Touch 2D Seco e Molhado RQ1175 - Philips
			Igorando Pelo Filtro de Nome...
		Nome do Produto: Relógio Feminino Casio, Vintage, Pulseira de Aço Dourada, Caixa de Resina, Formato 12/24 HS, Calendário - LA670WGA-2DF
			Igorando Pelo Filtro de Nome...
		Nome do Produto: Barbeador Senso Touch 2D à prova d'água RQ1145/17 - Philips
			Igorando Pelo Filtro de Nome...
		Nome do Produto: Lente Intercambiável Samsung S45ADW NX System 45mm 2D3D - Branca
			Igorando Pelo Filtro de Nome...
		Nome do Produto: Calculadora Grafica D-Tech com Visor LCD, Produz Gráficos em 2D, Gráticos Dinâmicos, Memória - RAN 600 KB, Etc - DTC 35G
			Igorando Pelo Filtro de Nome...
	Tempo Para buscar: 580
Loja: RiHappy
	URL Principal: http://www.rihappy.com.br/
	URL Busca: http://www.rihappy.com.br/<BUSCA>
http://www.rihappy.com.br/2ds
		Documento Lido
		Resultados: 0
	Tempo Para buscar: 1370
Loja: Saraiva
	URL Principal: http://www.saraiva.com.br/
	URL Busca: http://busca.saraiva.com.br/search?w=<BUSCA>&PAC_ID=129457&ts=ajax
http://busca.saraiva.com.br/search?w=2ds&PAC_ID=129457&ts=ajax
		Documento Lido
		Resultados: 20
		Nome do Produto: Vade Mecum Saraiva - 19ª Ed. 2015
			Igorando Pelo Filtro de Nome...
		Nome do Produto: Eu Fico Loko
			Igorando Pelo Filtro de Nome...
		Nome do Produto: Vade Mecum Saraiva - OAB e Concursos - 5ª Ed. 2015
			Igorando Pelo Filtro de Nome...
		Nome do Produto: Se Eu Ficar
			Igorando Pelo Filtro de Nome...
		Nome do Produto: Box - As Crônicas de Gelo e Fogo - Edição de…
			Igorando Pelo Filtro de Nome...
		Nome do Produto: Where We Are - Live From San Siro Stadium - DVD -…
			Igorando Pelo Filtro de Nome...
		Nome do Produto: Cheek To Cheek - Live - DVD
			Igorando Pelo Filtro de Nome...
		Nome do Produto: Michel Teló - Bem Sertanejo - DVD
			Igorando Pelo Filtro de Nome...
		Nome do Produto: Gigantes do Samba - ao Vivo Em Sp - DVD
			Igorando Pelo Filtro de Nome...
		Nome do Produto: Leonardo & Eduardo Costa - Cabaré - DVD
			Igorando Pelo Filtro de Nome...
		Nome do Produto: Libertados - DVD
			Igorando Pelo Filtro de Nome...
		Nome do Produto: The Walking Dead - 4ª Temporada - 5 DVDs
			Igorando Pelo Filtro de Nome...
		Nome do Produto: Harry Potter - A Coleção Completa - 8 DVDs
			Igorando Pelo Filtro de Nome...
		Nome do Produto: The Walking Dead - 4ª Temporada - 4 Discos - Blu…
			Igorando Pelo Filtro de Nome...
		Nome do Produto: Se Eu Ficar - DVD
			Igorando Pelo Filtro de Nome...
		Nome do Produto: Fifth Harmony - Reflection - Deluxe Edition
			Igorando Pelo Filtro de Nome...
		Nome do Produto: Beyoncé - Platinum Edition - Box Com 2 CDs + 2…
			Igorando Pelo Filtro de Nome...
		Nome do Produto: One Direction - Four - Deluxe
			Igorando Pelo Filtro de Nome...
		Nome do Produto: Smoke + Mirrors
			Igorando Pelo Filtro de Nome...
		Nome do Produto: Secret Garden - Digipack
			Igorando Pelo Filtro de Nome...
	Tempo Para buscar: 581
Loja: Shop Facil
	URL Principal: http://ww2.shopfacil.com.br/
	URL Busca: http://ww2.shopfacil.com.br/<BUSCA>
http://ww2.shopfacil.com.br/2ds
		Documento Lido
		Resultados: 0
	Tempo Para buscar: 2490
Loja: Shop Time
	URL Principal: http://www.shoptime.com.br/
	URL Busca: http://busca.shoptime.com.br/busca.php?q=<BUSCA>
http://busca.shoptime.com.br/busca.php?q=2ds
		Documento Lido
		Resultados: 10
		Nome do Produto: Game Naruto: Path of the Ninja 2 - DS Game Happy Feet 2 - DS Game Space Invaders Extreme 2 - DS Game Izuna 2 - DS Game Uma Noite No Museu 2 - DS Game The Smurfs 2 - DS Game Kage Densetsu: The Legend of Kage 2 - DS Game Bratz Ponyz 2 - DS Acabamento 2 Registros Linha Loft Design A 2 DS - Fabrimar Game Trauma Center: Under the Knife 2 - DS
			Igorando Pelo Filtro de Nome...
		Nome do Produto: Game Naruto: Path of the Ninja 2 - DS Game Happy Feet 2 - DS Game Space Invaders Extreme 2 - DS Game Izuna 2 - DS Game Uma Noite No Museu 2 - DS Game The Smurfs 2 - DS Game Kage Densetsu: The Legend of Kage 2 - DS Game Bratz Ponyz 2 - DS Acabamento 2 Registros Linha Loft Design A 2 DS - Fabrimar Game Trauma Center: Under the Knife 2 - DS
			Igorando Pelo Filtro de Nome...
		Nome do Produto: Game Naruto: Path of the Ninja 2 - DS Game Happy Feet 2 - DS Game Space Invaders Extreme 2 - DS Game Izuna 2 - DS Game Uma Noite No Museu 2 - DS Game The Smurfs 2 - DS Game Kage Densetsu: The Legend of Kage 2 - DS Game Bratz Ponyz 2 - DS Acabamento 2 Registros Linha Loft Design A 2 DS - Fabrimar Game Trauma Center: Under the Knife 2 - DS
			Igorando Pelo Filtro de Nome...
		Nome do Produto: Game Naruto: Path of the Ninja 2 - DS Game Happy Feet 2 - DS Game Space Invaders Extreme 2 - DS Game Izuna 2 - DS Game Uma Noite No Museu 2 - DS Game The Smurfs 2 - DS Game Kage Densetsu: The Legend of Kage 2 - DS Game Bratz Ponyz 2 - DS Acabamento 2 Registros Linha Loft Design A 2 DS - Fabrimar Game Trauma Center: Under the Knife 2 - DS
			Igorando Pelo Filtro de Nome...
		Nome do Produto: Game Naruto: Path of the Ninja 2 - DS Game Happy Feet 2 - DS Game Space Invaders Extreme 2 - DS Game Izuna 2 - DS Game Uma Noite No Museu 2 - DS Game The Smurfs 2 - DS Game Kage Densetsu: The Legend of Kage 2 - DS Game Bratz Ponyz 2 - DS Acabamento 2 Registros Linha Loft Design A 2 DS - Fabrimar Game Trauma Center: Under the Knife 2 - DS
			Igorando Pelo Filtro de Nome...
		Nome do Produto: Game Naruto: Path of the Ninja 2 - DS Game Happy Feet 2 - DS Game Space Invaders Extreme 2 - DS Game Izuna 2 - DS Game Uma Noite No Museu 2 - DS Game The Smurfs 2 - DS Game Kage Densetsu: The Legend of Kage 2 - DS Game Bratz Ponyz 2 - DS Acabamento 2 Registros Linha Loft Design A 2 DS - Fabrimar Game Trauma Center: Under the Knife 2 - DS
			Igorando Pelo Filtro de Nome...
		Nome do Produto: Game Naruto: Path of the Ninja 2 - DS Game Happy Feet 2 - DS Game Space Invaders Extreme 2 - DS Game Izuna 2 - DS Game Uma Noite No Museu 2 - DS Game The Smurfs 2 - DS Game Kage Densetsu: The Legend of Kage 2 - DS Game Bratz Ponyz 2 - DS Acabamento 2 Registros Linha Loft Design A 2 DS - Fabrimar Game Trauma Center: Under the Knife 2 - DS
			Igorando Pelo Filtro de Nome...
		Nome do Produto: Game Naruto: Path of the Ninja 2 - DS Game Happy Feet 2 - DS Game Space Invaders Extreme 2 - DS Game Izuna 2 - DS Game Uma Noite No Museu 2 - DS Game The Smurfs 2 - DS Game Kage Densetsu: The Legend of Kage 2 - DS Game Bratz Ponyz 2 - DS Acabamento 2 Registros Linha Loft Design A 2 DS - Fabrimar Game Trauma Center: Under the Knife 2 - DS
			Igorando Pelo Filtro de Nome...
		Nome do Produto: Game Naruto: Path of the Ninja 2 - DS Game Happy Feet 2 - DS Game Space Invaders Extreme 2 - DS Game Izuna 2 - DS Game Uma Noite No Museu 2 - DS Game The Smurfs 2 - DS Game Kage Densetsu: The Legend of Kage 2 - DS Game Bratz Ponyz 2 - DS Acabamento 2 Registros Linha Loft Design A 2 DS - Fabrimar Game Trauma Center: Under the Knife 2 - DS
			Igorando Pelo Filtro de Nome...
		Nome do Produto: Game Naruto: Path of the Ninja 2 - DS Game Happy Feet 2 - DS Game Space Invaders Extreme 2 - DS Game Izuna 2 - DS Game Uma Noite No Museu 2 - DS Game The Smurfs 2 - DS Game Kage Densetsu: The Legend of Kage 2 - DS Game Bratz Ponyz 2 - DS Acabamento 2 Registros Linha Loft Design A 2 DS - Fabrimar Game Trauma Center: Under the Knife 2 - DS
			Igorando Pelo Filtro de Nome...
	Tempo Para buscar: 600
Loja: ShopB
	URL Principal: http://www.shopb.com.br/
	URL Busca: http://busca.shopb.com.br/?busca=<BUSCA>
http://busca.shopb.com.br/?busca=2ds
		Documento Lido
		Resultados: 2
		Nome do Produto: Nintendo 2DS - Azul
http://shopb.ecommercesearch.com.br/Busca/Redir?url=http%3a%2f%2fwww.shopb.com.br%2fecommerce_site%2findex.php%3fpg%3dproduto%26cdg%3d4488%26idp%3d34360%26idparceiro%3dp1&esid=34360
		Acessando URL do produto.
		Nome do Produto: Nintendo 2DS - Vermelho
http://shopb.ecommercesearch.com.br/Busca/Redir?url=http%3a%2f%2fwww.shopb.com.br%2fecommerce_site%2findex.php%3fpg%3dproduto%26cdg%3d4488%26idp%3d33488%26idparceiro%3dp1&esid=33488
		Acessando URL do produto.
	Tempo Para buscar: 2791
Loja: Submarino
	URL Principal: http://www.submarino.com.br/
	URL Busca: http://busca.submarino.com.br/busca.php?q=<BUSCA>
http://busca.submarino.com.br/busca.php?q=2ds
		Documento Lido
		Resultados: 9
		Nome do Produto: Game Space Invaders Extreme 2 - DS
			Igorando Pelo Filtro de Nome...
		Nome do Produto: Game Izuna 2 - DS
			Igorando Pelo Filtro de Nome...
		Nome do Produto: Game Bratz Ponyz 2 - DS
			Igorando Pelo Filtro de Nome...
		Nome do Produto: Game Uma Noite No Museu 2 - DS
			Igorando Pelo Filtro de Nome...
		Nome do Produto: Game Happy Feet 2 - DS
			Igorando Pelo Filtro de Nome...
		Nome do Produto: Game The Smurfs 2 - DS
			Igorando Pelo Filtro de Nome...
		Nome do Produto: Game Kage Densetsu: The Legend of Kage 2 - DS
			Igorando Pelo Filtro de Nome...
		Nome do Produto: Acabamento 2 Registros Linha Loft Design A 2 DS - Fabrimar
			Igorando Pelo Filtro de Nome...
		Nome do Produto: Game Trauma Center: Under the Knife 2 - DS
			Igorando Pelo Filtro de Nome...
	Tempo Para buscar: 600
Loja: Walmart
	URL Principal: http://www.walmart.com.br/
	URL Busca: http://www.walmart.com.br/busca/?ft=<BUSCA>&PS=20
http://www.walmart.com.br/busca/?ft=2ds&PS=20
		Documento Lido
		Resultados: 0
	Tempo Para buscar: 1010

File copied from C:\java\rep\lookforprices\resources\imports\css.css to C:\java\rep\lookforprices\reports\2015-01-30 18\css.css
File copied from C:\java\rep\lookforprices\resources\imports\jquery.js to C:\java\rep\lookforprices\reports\2015-01-30 18\jquery.js
File copied from C:\java\rep\lookforprices\resources\imports\scripts.js to C:\java\rep\lookforprices\reports\2015-01-30 18\scripts.js
Tempo total de execução: 33323
