Game: Fantasy Life
Product Name: Fantasy Life
Loja: Nintendo eShop
	URL Principal: http://www.nintendo.com/3ds/eshop
	URL Busca: http://www.nintendo.com/json/content/get/game/filter?&qterm=<BUSCA>
NintendoEShopSearch.search() http://www.nintendo.com/json/content/get/game/filter?&qterm=Fantasy+Life
		Documento Lido
		Resultados: 20
		Nome do Produto: Fantasy Life
http://www.nintendo.com/games/detail/XxUG3UOFGMJvO0WVl-YBcKpqgPCshcNS
		Acessando URL do produto.
URL = http://www.nintendo.com/games/detail/XxUG3UOFGMJvO0WVl-YBcKpqgPCshcNS
		Nome do Produto: Bravely Default
			Igorando Pelo Filtro de Nome...
		Nome do Produto: Rage of the Gladiator
			Igorando Pelo Filtro de Nome...
		Nome do Produto: WWE All Stars
			Igorando Pelo Filtro de Nome...
		Nome do Produto: Active Life: Magical Carnival
			Igorando Pelo Filtro de Nome...
		Nome do Produto: PETZ Fantasy 3D
			Igorando Pelo Filtro de Nome...
		Nome do Produto: Zumba Fitness
			Igorando Pelo Filtro de Nome...
		Nome do Produto: Final Fantasy: The 4 Heroes of Light
			Igorando Pelo Filtro de Nome...
		Nome do Produto: Puzzle Quest 2
			Igorando Pelo Filtro de Nome...
		Nome do Produto: Rage of the Gladiator
			Igorando Pelo Filtro de Nome...
		Nome do Produto: Glory of Heracles
			Igorando Pelo Filtro de Nome...
		Nome do Produto: LEGO Rock Band
			Igorando Pelo Filtro de Nome...
		Nome do Produto: Final Fantasy Crystal Chronicles My Life as a Darklord
http://www.nintendo.com/games/detail/P6z3RBV52_ZVao1rc-AZjGdBoL7XQhFA
		Acessando URL do produto.
URL = http://www.nintendo.com/games/detail/P6z3RBV52_ZVao1rc-AZjGdBoL7XQhFA
		Nome do Produto: Bella Sara
			Igorando Pelo Filtro de Nome...
		Nome do Produto: Final Fantasy IV
			Igorando Pelo Filtro de Nome...
		Nome do Produto: Final Fantasy Crystal Chronicles: My Life as a King
http://www.nintendo.com/games/detail/9_L8X5UTAP8pDrGaJgoII7yMg3B5MhR5
		Acessando URL do produto.
URL = http://www.nintendo.com/games/detail/9_L8X5UTAP8pDrGaJgoII7yMg3B5MhR5
		Nome do Produto: Fullmetal Alchemist Trading Card Game
			Igorando Pelo Filtro de Nome...
		Nome do Produto: Rune Factory: A Fantasy Harvest Moon
			Igorando Pelo Filtro de Nome...
		Nome do Produto: Super Swing Golf
			Igorando Pelo Filtro de Nome...
		Nome do Produto: Final Fantasy III
			Igorando Pelo Filtro de Nome...
	Tempo Para buscar: 4172
Loja: Americanas
	URL Principal: http://www.americanas.com.br/
	URL Busca: http://busca.americanas.com.br/busca.php?q=<BUSCA>
http://busca.americanas.com.br/busca.php?q=Fantasy+Life
		Documento Lido
		Resultados: 2
		Nome do Produto: Fantasy Life
http://busca.americanas.com.br/produto.php?link=http://www.americanas.com.br/produto/8935051/fantasy-life&ranking=1&sessao=U7LV6WIF6B4O7&idbusca=07c4cde81a3da04aa54205517af957c450e9f67d&idproduto=8935051
		Acessando URL do produto.
		Nome do Produto: Fantasy Stories Of The Life Cy
http://busca.americanas.com.br/produto.php?link=http://www.americanas.com.br/produto/8668168/fantasy-stories-of-the-life-cy&ranking=2&sessao=U7LV6WIF6B4O7&idbusca=07c4cde81a3da04aa54205517af957c450e9f67d&idproduto=8668168
		Acessando URL do produto.
	Tempo Para buscar: 1759
Loja: Big Boy Games
	URL Principal: http://www.bigboygames.com.br/
	URL Busca: http://www.bigboygames.com.br/pesquisa/?p=<BUSCA>
http://www.bigboygames.com.br/pesquisa/?p=Fantasy+Life
		Documento Lido
		Resultados*: 1
		Acessando URL do produto.
	Tempo Para buscar: 1139
Loja: Casas Bahia
	URL Principal: http://www.casasbahia.com.br/
	URL Busca: http://buscas.casasbahia.com.br/search?w=<BUSCA>
http://buscas.casasbahia.com.br/search?w=Fantasy+Life
		Documento Lido
		Resultados: 1
		Nome do Produto: Fantasy Stories of the Life Cycles in Nature Making Science Enjoyable
http://buscas.casasbahia.com.br/search?p=R&srid=S6-USESD01&lbc=casasbahia&w=Fantasy%20Life&url=http%3a%2f%2fproduto.casasbahia.com.br%2f4708214%3f&rk=1&uid=273988644&sid=2&ts=custom&rsc=Z%3a56bmsKWnvUvx5j&method=and&isort=score&view=grid
		Acessando URL do produto.
		Nome do Produto: Fantasy Life
http://buscas.casasbahia.com.br/search?p=R&srid=S6-USESD01&lbc=casasbahia&w=Fantasy%20Life&url=http%3a%2f%2fproduto.casasbahia.com.br%2f4598878%3f&rk=2&uid=273988644&sid=2&ts=custom&rsc=LECYpI9ZcP%3a7gCO5&method=and&isort=score&view=grid
		Acessando URL do produto.
		Nome do Produto: Life
			Igorando Pelo Filtro de Nome...
		Nome do Produto: Swiss Life
			Igorando Pelo Filtro de Nome...
		Nome do Produto: Fantasy Soccer
			Igorando Pelo Filtro de Nome...
		Nome do Produto: Fantasy Hockey
			Igorando Pelo Filtro de Nome...
		Nome do Produto: Fantasy Football for Winners
			Igorando Pelo Filtro de Nome...
		Nome do Produto: A Life Without Edges
			Igorando Pelo Filtro de Nome...
		Nome do Produto: A Life Less Interrupted
			Igorando Pelo Filtro de Nome...
		Nome do Produto: Writing Fantasy Heroes
			Igorando Pelo Filtro de Nome...
		Nome do Produto: Fantasy Basketball Handbook
			Igorando Pelo Filtro de Nome...
		Nome do Produto: Dismantling the Fantasy
			Igorando Pelo Filtro de Nome...
		Nome do Produto: Turning the Page of Life
			Igorando Pelo Filtro de Nome...
		Nome do Produto: The Music of Your Life
			Igorando Pelo Filtro de Nome...
		Nome do Produto: Life in a Slower Lane
			Igorando Pelo Filtro de Nome...
		Nome do Produto: Fantasy Football (Soccer to Yanks)
			Igorando Pelo Filtro de Nome...
		Nome do Produto: Movies and the Meaning of Life
			Igorando Pelo Filtro de Nome...
		Nome do Produto: My Life from Hell (the Blooming Goddess Trilogy Book Three)
			Igorando Pelo Filtro de Nome...
		Nome do Produto: Beyond the Horse`s Eye -- A Fantasy Out of Time
			Igorando Pelo Filtro de Nome...
		Nome do Produto: Confident Music Would Fly Us to Paradise
			Igorando Pelo Filtro de Nome...
	Tempo Para buscar: 10774
Loja: Extra
	URL Principal: http://www.extra.com.br/
	URL Busca: http://buscando.extra.com.br/search?w=<BUSCA>
http://buscando.extra.com.br/search?w=Fantasy+Life
		Documento Lido
		Resultados: 12
		Nome do Produto: Fantasy Stories of the Life Cycles in Nature Making Science Enjoyable
http://buscando.extra.com.br/search?p=R&srid=S1-USESD02&lbc=extra&w=Fantasy%20Life&url=http%3a%2f%2fproduto.extra.com.br%2f4708214%3f&rk=1&uid=274068592&sid=2&ts=custom&rsc=1pYWhVFgmmDL0ITp&method=and&isort=score&view=grid
		Acessando URL do produto.
		Nome do Produto: Fantasy Life
http://buscando.extra.com.br/search?p=R&srid=S1-USESD02&lbc=extra&w=Fantasy%20Life&url=http%3a%2f%2fproduto.extra.com.br%2f4598878%3f&rk=2&uid=274068592&sid=2&ts=custom&rsc=cTrDKg7vDgFELh0y&method=and&isort=score&view=grid
		Acessando URL do produto.
		Nome do Produto: Life
			Igorando Pelo Filtro de Nome...
		Nome do Produto: Swiss Life
			Igorando Pelo Filtro de Nome...
		Nome do Produto: Fantasy Soccer
			Igorando Pelo Filtro de Nome...
		Nome do Produto: Fantasy Hockey
			Igorando Pelo Filtro de Nome...
		Nome do Produto: A Life Without Edges
			Igorando Pelo Filtro de Nome...
		Nome do Produto: A Life Less Interrupted
			Igorando Pelo Filtro de Nome...
		Nome do Produto: Fantasy Football for Winners
			Igorando Pelo Filtro de Nome...
		Nome do Produto: Writing Fantasy Heroes
			Igorando Pelo Filtro de Nome...
		Nome do Produto: Fantasy Basketball Handbook
			Igorando Pelo Filtro de Nome...
		Nome do Produto: Dismantling the Fantasy
			Igorando Pelo Filtro de Nome...
	Tempo Para buscar: 3362
Loja: E-Virtua
	URL Principal: http://www.evirtua.com.br/
	URL Busca: http://www.evirtua.com.br/Busca?search_department_id=0&SearchTerm=<BUSCA>
http://www.evirtua.com.br/Busca?search_department_id=0&SearchTerm=Fantasy+Life
		Documento Lido
		Resultados: 1
		Nome do Produto: Fantasy Life - Nintendo 3DS
http://www.evirtua.com.br//fantasy-life-nintendo-3ds/3661-01
		Acessando URL do produto.
	Tempo Para buscar: 470
Loja: Fast Games
	URL Principal: http://www.fastgames.com.br/
	URL Busca: http://www.fastgames.com.br/loja/busca.php?loja=187970&palavra_busca=<BUSCA>
http://www.fastgames.com.br/loja/busca.php?loja=187970&palavra_busca=Fantasy+Life
		Documento Lido
		Resultados: 0
	Tempo Para buscar: 392
Loja: Fast Shop
	URL Principal: http://www.fastshop.com.br/loja/
	URL Busca: http://www.fastshop.com.br/webapp/wcs/stores/servlet/SearchDisplay?searchTerm=<BUSCA>&categoryId=&storeId=10151&catalogId=11052&langId=-6&pageSize=9&beginIndex=0&sType=SimpleSearch&resultCatEntryType=2&showResultsPage=true&searchSource=Q&pageView=&hotsite=fastshop
http://www.fastshop.com.br/webapp/wcs/stores/servlet/SearchDisplay?searchTerm=Fantasy+Life&categoryId=&storeId=10151&catalogId=11052&langId=-6&pageSize=9&beginIndex=0&sType=SimpleSearch&resultCatEntryType=2&showResultsPage=true&searchSource=Q&pageView=&hotsite=fastshop
		Documento Lido
		Resultados: 0
	Tempo Para buscar: 498
Loja: FNAC
	URL Principal: http://www.fnac.com.br/index.html
	URL Busca: http://busca.fnac.com.br/?busca=<BUSCA>
http://busca.fnac.com.br/?busca=Fantasy+Life
		Documento Lido
		Resultados: 21
		Nome do Produto: Fantoche Animais Selvagens - Lobo A Partir de 3 Anos
			Igorando Pelo Filtro de Nome...
	Tempo Para buscar: 1085
Loja: Kabum
	URL Principal: http://www.kabum.com.br/
	URL Busca: http://www.kabum.com.br/cgi-local/site/listagem/listagem.cgi?string=<BUSCA>&btnG=
http://www.kabum.com.br/cgi-local/site/listagem/listagem.cgi?string=Fantasy+Life&btnG=
		Documento Lido
		Resultados: 0
	Tempo Para buscar: 427
Loja: Livraria Cultura
	URL Principal: http://www.livrariacultura.com.br/
	URL Busca: http://www.livrariacultura.com.br/busca?N=0&Ntt=<BUSCA>
http://www.livrariacultura.com.br/busca?N=0&Ntt=Fantasy+Life
		Documento Lido
		Resultados: 48
		Nome do Produto: SAGA, V.1
			Igorando Pelo Filtro de Nome...
		Nome do Produto: NO GAME NO LIFE, VOL. 2
			Igorando Pelo Filtro de Nome...
		Nome do Produto: HORNS
			Igorando Pelo Filtro de Nome...
		Nome do Produto: ADOBE MASTER CLASS
			Igorando Pelo Filtro de Nome...
		Nome do Produto: UNFORGETTABLE HEROES BOXED SET
			Igorando Pelo Filtro de Nome...
		Nome do Produto: ROBERT DOWNEY, JR.: A BIOGRAPHY
			Igorando Pelo Filtro de Nome...
		Nome do Produto: HARD-CORE ROMANCE
			Igorando Pelo Filtro de Nome...
		Nome do Produto: THE GOBLIN EMPEROR
			Igorando Pelo Filtro de Nome...
		Nome do Produto: FOREST MAGE (THE SOLDIER SON TRILOGY, BOOK 2)
			Igorando Pelo Filtro de Nome...
		Nome do Produto: THE MAGICIANS AND THE MAGICIAN KING
			Igorando Pelo Filtro de Nome...
		Nome do Produto: FANTASY LIFE
http://www.livrariacultura.com.br/p/fantasy-life-17166104
		Acessando URL do produto.
		Nome do Produto: FANTASY LIFE
http://www.livrariacultura.com.br/p/fantasy-life-42064563
		Acessando URL do produto.
		Nome do Produto: FANTASY LIFE: POEMS
http://www.livrariacultura.com.br/p/fantasy-life-poems-60539588
		Acessando URL do produto.
		Nome do Produto: FANTASY LIFE
http://www.livrariacultura.com.br/p/fantasy-life-84220015
		Acessando URL do produto.
		Nome do Produto: FANTASY LIFE
http://www.livrariacultura.com.br/p/fantasy-life-22098360
		Acessando URL do produto.
		Nome do Produto: TINA'S WET DREAM (MASTURBATION FANTASY EROTICA)
			Igorando Pelo Filtro de Nome...
		Nome do Produto: THE LIFE AND TIMES OF THUNDERBOLT KID
			Igorando Pelo Filtro de Nome...
		Nome do Produto: THE LIFE AND TIMES OF THE THUNDERBOLT KID
			Igorando Pelo Filtro de Nome...
		Nome do Produto: FANTASY FOOTBALL FOR WINNERS: THE KICK-ASS GUIDE
			Igorando Pelo Filtro de Nome...
		Nome do Produto: A SWINGER'S LIFE
			Igorando Pelo Filtro de Nome...
		Nome do Produto: SIGNS OF LIFE
			Igorando Pelo Filtro de Nome...
		Nome do Produto: FANTASY FOOTBALL FOR WINNERS
			Igorando Pelo Filtro de Nome...
		Nome do Produto: FOREVER FANTASY
			Igorando Pelo Filtro de Nome...
		Nome do Produto: DAYDREAMING AND FANTASY (PSYCHOLOGY REVIVALS)
			Igorando Pelo Filtro de Nome...
		Nome do Produto: WIFE’S HUSBAND SHARING FANTASY COMES TO LIFE!
http://www.livrariacultura.com.br/p/wifes-husband-sharing-fantasy-comes-to-life-87137195
		Acessando URL do produto.
		Nome do Produto: LIFE AND FANTASY
http://www.livrariacultura.com.br/p/life-and-fantasy-22915604
		Acessando URL do produto.
		Nome do Produto: LIFE AND FANTASY
http://www.livrariacultura.com.br/p/life-and-fantasy-42012154
		Acessando URL do produto.
		Nome do Produto: LIFE IS NOT A FANTASY
http://www.livrariacultura.com.br/p/life-is-not-a-fantasy-22822477
		Acessando URL do produto.
		Nome do Produto: LIFE LOVE FANTASY RELIGION AND A CUP OF COFFEE
http://www.livrariacultura.com.br/p/life-love-fantasy-religion-and-a-cup-of-coffee-1054037
		Acessando URL do produto.
		Nome do Produto: DIAMONDS CREATING FANTASY HOME LIFE AND TRIPS
http://www.livrariacultura.com.br/p/diamonds-creating-fantasy-home-life-and-trips-42696165
		Acessando URL do produto.
		Nome do Produto: LIFE AND FANTASY
http://www.livrariacultura.com.br/p/life-and-fantasy-22924374
		Acessando URL do produto.
		Nome do Produto: WORLD FANTASY AWARD FOR LIFE ACHIEVEMENT
http://www.livrariacultura.com.br/p/world-fantasy-award-for-life-achievement-29808320
		Acessando URL do produto.
		Nome do Produto: LIFE AND FANTASY
http://www.livrariacultura.com.br/p/life-and-fantasy-42015687
		Acessando URL do produto.
		Nome do Produto: LIFE AND FANTASY
http://www.livrariacultura.com.br/p/life-and-fantasy-22919450
		Acessando URL do produto.
		Nome do Produto: LIFE AND FANTASY
http://www.livrariacultura.com.br/p/life-and-fantasy-22921528
		Acessando URL do produto.
		Nome do Produto: THE WATER OF LIFE (SCOTTISH FANTASY)
http://www.livrariacultura.com.br/p/the-water-of-life-scottish-fantasy-17728231
		Acessando URL do produto.
		Nome do Produto: ASTONISHING FANTASY WORLDS
			Igorando Pelo Filtro de Nome...
		Nome do Produto: MASTERING FANTASY ART - DRAWING DYNAMIC
			Igorando Pelo Filtro de Nome...
		Nome do Produto: FINAL FANTASY AND PHILOSOPHY
			Igorando Pelo Filtro de Nome...
		Nome do Produto: DREAMSCAPES MAGICAL MENAGERIE: CREATING FANTASY
			Igorando Pelo Filtro de Nome...
		Nome do Produto: THE EXPLORER'S GUIDE TO DRAWING FANTASY CREATURES
			Igorando Pelo Filtro de Nome...
		Nome do Produto: HER REAL-LIFE HERO
			Igorando Pelo Filtro de Nome...
		Nome do Produto: A BIG LIFE IN ADVERTISING
			Igorando Pelo Filtro de Nome...
		Nome do Produto: HANSEL & GRETEL: AN OPERA FANTASY
			Igorando Pelo Filtro de Nome...
		Nome do Produto: HOW TO BE A WIZARD: HOW LIFE IS MAGICAL, AND WE
			Igorando Pelo Filtro de Nome...
		Nome do Produto: FANTASY BASKETBALL AND MATHEMATICS - TEACHERS
			Igorando Pelo Filtro de Nome...
		Nome do Produto: THE LIFE OF ROMAN REPUBLICANISM
			Igorando Pelo Filtro de Nome...
		Nome do Produto: MY FUTANARI CRUISE FANTASY
			Igorando Pelo Filtro de Nome...
	Tempo Para buscar: 9072
Loja: Magazine Luiza
	URL Principal: http://www.magazineluiza.com.br/
	URL Busca: http://www.magazineluiza.com.br/busca/<BUSCA>/
http://www.magazineluiza.com.br/busca/Fantasy+Life/
		Documento Lido
		Resultados: 1
		Nome do Produto: Fantasy Life para Nintendo 3DS - Nintendo
http://www.magazineluiza.com.br//fantasy-life-para-nintendo-3ds-nintendo/p/2117121/ga/gjds/?_b=Fantasy+Life
		Acessando URL do produto.
	Tempo Para buscar: 668
Loja: Mula Games
	URL Principal: http://www.mulagames.com.br/
	URL Busca: http://www.mulagames.com.br/produtos-index/catalogo_produtos/-/-/<BUSCA>/-/-/-/-/-/
http://www.mulagames.com.br/produtos-index/catalogo_produtos/-/-/Fantasy%20Life/-/-/-/-/-/
		Documento Lido
		Resultados: 1
		Nome do Produto: Fantasy Life - 3DS
http://www.mulagames.com.br/Fantasy-Life-3DS/prod-2438245/
		Acessando URL do produto.
http://www.mulagames.com.br/produto-ajax_retorna_dados_preco_comprar/2438245
		Acessando URL do preço produto.
	Tempo Para buscar: 2341
Loja: Net Shoes
	URL Principal: http://www.netshoes.com.br/
	URL Busca: http://www.netshoes.com.br/search?Ntt=<BUSCA>
http://www.netshoes.com.br/search?Ntt=Fantasy+Life
		Documento Lido
		Resultados: 25
		Nome do Produto: Relógio Speedo Essential Sport Life Style
			Igorando Pelo Filtro de Nome...
		Nome do Produto: Relógio Speedo Essential Sport Life Style
			Igorando Pelo Filtro de Nome...
		Nome do Produto: Camiseta Element Life
			Igorando Pelo Filtro de Nome...
		Nome do Produto: Camiseta Element For Life
			Igorando Pelo Filtro de Nome...
		Nome do Produto: Camiseta Element For Life
			Igorando Pelo Filtro de Nome...
		Nome do Produto: Boné Urgh Skate Life
			Igorando Pelo Filtro de Nome...
		Nome do Produto: Camiseta Element Life
			Igorando Pelo Filtro de Nome...
		Nome do Produto: Relógio Speedo Essential Sport Life Style
			Igorando Pelo Filtro de Nome...
		Nome do Produto: Camiseta Element For Life
			Igorando Pelo Filtro de Nome...
		Nome do Produto: Camiseta Timberland Worn For Life
			Igorando Pelo Filtro de Nome...
		Nome do Produto: Relógio Speedo Essential Sport Life Style
			Igorando Pelo Filtro de Nome...
		Nome do Produto: Jogo Final Fantasy XIII 2 PS3
			Igorando Pelo Filtro de Nome...
		Nome do Produto: Camiseta Fila Life
			Igorando Pelo Filtro de Nome...
		Nome do Produto: Camiseta Timberland Worn For Life
			Igorando Pelo Filtro de Nome...
		Nome do Produto: Bermuda Fila Life
			Igorando Pelo Filtro de Nome...
		Nome do Produto: Top Fila Life
			Igorando Pelo Filtro de Nome...
		Nome do Produto: Calça Capri Fila Life
			Igorando Pelo Filtro de Nome...
		Nome do Produto: Bermuda Fila Life
			Igorando Pelo Filtro de Nome...
		Nome do Produto: Calça Legging Fila Life New
			Igorando Pelo Filtro de Nome...
		Nome do Produto: Calça Capri Fila Life
			Igorando Pelo Filtro de Nome...
		Nome do Produto: Camiseta Fila Life
			Igorando Pelo Filtro de Nome...
		Nome do Produto: Bermuda Fila Life
			Igorando Pelo Filtro de Nome...
		Nome do Produto: Camiseta Pretorian Hard Life
			Igorando Pelo Filtro de Nome...
		Nome do Produto: Top Fila Life
			Igorando Pelo Filtro de Nome...
		Nome do Produto: Top Fila Life
			Igorando Pelo Filtro de Nome...
	Tempo Para buscar: 240
Loja: Ponto Frio
	URL Principal: http://www.pontofrio.com.br/
	URL Busca: http://search.pontofrio.com.br/search?w=<BUSCA>
http://search.pontofrio.com.br/search?w=Fantasy+Life
		Documento Lido
		Resultados: 1
		Nome do Produto: Fantasy Stories of the Life Cycles in Nature Making Science Enjoyable
http://search.pontofrio.com.br/search?p=R&srid=S3-USCDR01&lbc=pontofrio-br&w=Fantasy%20Life&url=http%3a%2f%2fproduto.pontofrio.com.br%2f4708214%3f&rk=1&uid=274248124&sid=2&ts=custom&rsc=ysfzLlwk2-Pu7%3aAw&method=and&isort=score&view=grid
		Nome do Produto: Fantasy Life
http://search.pontofrio.com.br/search?p=R&srid=S3-USCDR01&lbc=pontofrio-br&w=Fantasy%20Life&url=http%3a%2f%2fproduto.pontofrio.com.br%2f4598878%3f&rk=2&uid=274248124&sid=2&ts=custom&rsc=ZchpXgALFoytuJjN&method=and&isort=score&view=grid
		Nome do Produto: Life
			Igorando Pelo Filtro de Nome...
		Nome do Produto: Swiss Life
			Igorando Pelo Filtro de Nome...
		Nome do Produto: Fantasy Soccer
			Igorando Pelo Filtro de Nome...
		Nome do Produto: Fantasy Hockey
			Igorando Pelo Filtro de Nome...
		Nome do Produto: Fantasy Football for Winners
			Igorando Pelo Filtro de Nome...
		Nome do Produto: A Life Without Edges
			Igorando Pelo Filtro de Nome...
		Nome do Produto: A Life Less Interrupted
			Igorando Pelo Filtro de Nome...
		Nome do Produto: Writing Fantasy Heroes
			Igorando Pelo Filtro de Nome...
		Nome do Produto: Fantasy Basketball Handbook
			Igorando Pelo Filtro de Nome...
		Nome do Produto: Dismantling the Fantasy
			Igorando Pelo Filtro de Nome...
		Nome do Produto: Turning the Page of Life
			Igorando Pelo Filtro de Nome...
		Nome do Produto: The Music of Your Life
			Igorando Pelo Filtro de Nome...
		Nome do Produto: Life in a Slower Lane
			Igorando Pelo Filtro de Nome...
		Nome do Produto: Fantasy Football (Soccer to Yanks)
			Igorando Pelo Filtro de Nome...
		Nome do Produto: Movies and the Meaning of Life
			Igorando Pelo Filtro de Nome...
		Nome do Produto: My Life from Hell (the Blooming Goddess Trilogy Book Three)
			Igorando Pelo Filtro de Nome...
		Nome do Produto: Beyond the Horse`s Eye -- A Fantasy Out of Time
			Igorando Pelo Filtro de Nome...
		Nome do Produto: Confident Music Would Fly Us to Paradise
			Igorando Pelo Filtro de Nome...
		Nome do Produto: Fantasy Stories of the Life Cycles in Nature Making Science Enjoyable
http://search.pontofrio.com.br/search?p=R&srid=S3-USCDR01&lbc=pontofrio-br&w=Fantasy%20Life&url=http%3a%2f%2fproduto.pontofrio.com.br%2f4708214%3f&rk=1&uid=274248124&sid=2&ts=custom&rsc=ysfzLlwk2-Pu7%3aAw&method=and&isort=score&view=grid
		Nome do Produto: Fantasy Life
http://search.pontofrio.com.br/search?p=R&srid=S3-USCDR01&lbc=pontofrio-br&w=Fantasy%20Life&url=http%3a%2f%2fproduto.pontofrio.com.br%2f4598878%3f&rk=2&uid=274248124&sid=2&ts=custom&rsc=ZchpXgALFoytuJjN&method=and&isort=score&view=grid
		Nome do Produto: Life
			Igorando Pelo Filtro de Nome...
		Nome do Produto: Swiss Life
			Igorando Pelo Filtro de Nome...
		Nome do Produto: Fantasy Soccer
			Igorando Pelo Filtro de Nome...
		Nome do Produto: Fantasy Hockey
			Igorando Pelo Filtro de Nome...
		Nome do Produto: Fantasy Football for Winners
			Igorando Pelo Filtro de Nome...
		Nome do Produto: A Life Without Edges
			Igorando Pelo Filtro de Nome...
		Nome do Produto: A Life Less Interrupted
			Igorando Pelo Filtro de Nome...
		Nome do Produto: Writing Fantasy Heroes
			Igorando Pelo Filtro de Nome...
		Nome do Produto: Fantasy Basketball Handbook
			Igorando Pelo Filtro de Nome...
		Nome do Produto: Dismantling the Fantasy
			Igorando Pelo Filtro de Nome...
		Nome do Produto: Turning the Page of Life
			Igorando Pelo Filtro de Nome...
		Nome do Produto: The Music of Your Life
			Igorando Pelo Filtro de Nome...
		Nome do Produto: Life in a Slower Lane
			Igorando Pelo Filtro de Nome...
		Nome do Produto: Fantasy Football (Soccer to Yanks)
			Igorando Pelo Filtro de Nome...
		Nome do Produto: Movies and the Meaning of Life
			Igorando Pelo Filtro de Nome...
		Nome do Produto: My Life from Hell (the Blooming Goddess Trilogy Book Three)
			Igorando Pelo Filtro de Nome...
		Nome do Produto: Beyond the Horse`s Eye -- A Fantasy Out of Time
			Igorando Pelo Filtro de Nome...
		Nome do Produto: Confident Music Would Fly Us to Paradise
			Igorando Pelo Filtro de Nome...
	Tempo Para buscar: 4535
Loja: Ricardo Eletro
	URL Principal: http://www.ricardoeletro.com.br/
	URL Busca: http://www.ricardoeletro.com.br/Busca/Resultado/?q=<BUSCA>
http://www.ricardoeletro.com.br/Busca/Resultado/?q=Fantasy+Life
		Documento Lido
		Resultados: 8
		Nome do Produto: Berço Burigotto com Trocador, Mosquiteiro e Capota Amore Fantasy Bege
			Igorando Pelo Filtro de Nome...
		Nome do Produto: Berço Burigotto com Mosquiteiro, Regulagem de Altura e Trocador Elevado Sleepin Fantasy Azul
			Igorando Pelo Filtro de Nome...
		Nome do Produto: Berço Burigotto com Trocador, Mosquiteiro e Capota Amore Fantasy Rosa
			Igorando Pelo Filtro de Nome...
		Nome do Produto: Berço Burigotto com Mosquiteiro, Regulagem de Altura e Trocador Elevado Sleepin Fantasy Rosa
			Igorando Pelo Filtro de Nome...
		Nome do Produto: Berço Burigotto com Mosquiteiro, Regulagem de Altura e Trocador Elevado Sleepin Fantasy Bege
			Igorando Pelo Filtro de Nome...
		Nome do Produto: Jogo Final Fantasy XIV: A Realm Reborn para Playstation 4 (PS4)
			Igorando Pelo Filtro de Nome...
		Nome do Produto: Babador com Cata Migalha Bébé Confort Fantasy
			Igorando Pelo Filtro de Nome...
		Nome do Produto: Conjunto de Alimentação Step 3 Bee Fantasy - Bébé Confort
			Igorando Pelo Filtro de Nome...
	Tempo Para buscar: 803
Loja: RiHappy
	URL Principal: http://www.rihappy.com.br/
	URL Busca: http://www.rihappy.com.br/<BUSCA>
http://www.rihappy.com.br/Fantasy%20Life
		Documento Lido
		Resultados: 0
	Tempo Para buscar: 1571
Loja: Saraiva
	URL Principal: http://www.saraiva.com.br/
	URL Busca: http://busca.saraiva.com.br/search?w=<BUSCA>&PAC_ID=129457&ts=ajax
http://busca.saraiva.com.br/search?w=Fantasy+Life&PAC_ID=129457&ts=ajax
		Documento Lido
		Resultados: 30
		Nome do Produto: Final Fantasy X/X-2 HD - PS4
			Igorando Pelo Filtro de Nome...
		Nome do Produto: Fantasy
			Igorando Pelo Filtro de Nome...
		Nome do Produto: Fantasy
			Igorando Pelo Filtro de Nome...
		Nome do Produto: Fantasy
			Igorando Pelo Filtro de Nome...
		Nome do Produto: Fantasy
			Igorando Pelo Filtro de Nome...
		Nome do Produto: Fantasy
			Igorando Pelo Filtro de Nome...
		Nome do Produto: Fantasy
			Igorando Pelo Filtro de Nome...
		Nome do Produto: Fantasy-Production
			Igorando Pelo Filtro de Nome...
		Nome do Produto: Fantasy
			Igorando Pelo Filtro de Nome...
		Nome do Produto: Fantasy
			Igorando Pelo Filtro de Nome...
		Nome do Produto: Life
			Igorando Pelo Filtro de Nome...
		Nome do Produto: Life
			Igorando Pelo Filtro de Nome...
		Nome do Produto: Life
			Igorando Pelo Filtro de Nome...
		Nome do Produto: Life
			Igorando Pelo Filtro de Nome...
		Nome do Produto: Life
			Igorando Pelo Filtro de Nome...
		Nome do Produto: Life
			Igorando Pelo Filtro de Nome...
		Nome do Produto: Life
			Igorando Pelo Filtro de Nome...
		Nome do Produto: Life
			Igorando Pelo Filtro de Nome...
		Nome do Produto: Life
			Igorando Pelo Filtro de Nome...
		Nome do Produto: Life
			Igorando Pelo Filtro de Nome...
		Nome do Produto: Life
			Igorando Pelo Filtro de Nome...
		Nome do Produto: Life
			Igorando Pelo Filtro de Nome...
		Nome do Produto: Life
			Igorando Pelo Filtro de Nome...
		Nome do Produto: Life
			Igorando Pelo Filtro de Nome...
		Nome do Produto: Half/life
			Igorando Pelo Filtro de Nome...
		Nome do Produto: Life
			Igorando Pelo Filtro de Nome...
		Nome do Produto: Christ/life
			Igorando Pelo Filtro de Nome...
		Nome do Produto: Life@work
			Igorando Pelo Filtro de Nome...
		Nome do Produto: End-of-Life-Care
			Igorando Pelo Filtro de Nome...
		Nome do Produto: Life
			Igorando Pelo Filtro de Nome...
	Tempo Para buscar: 724
Loja: Shop Facil
	URL Principal: http://ww2.shopfacil.com.br/
	URL Busca: http://ww2.shopfacil.com.br/<BUSCA>
http://ww2.shopfacil.com.br/Fantasy%20Life
java.net.SocketTimeoutException: Read timed out
	at java.net.SocketInputStream.socketRead0(Native Method)
	at java.net.SocketInputStream.socketRead(Unknown Source)
	at java.net.SocketInputStream.read(Unknown Source)
	at java.net.SocketInputStream.read(Unknown Source)
	at java.io.BufferedInputStream.fill(Unknown Source)
	at java.io.BufferedInputStream.read1(Unknown Source)
	at java.io.BufferedInputStream.read(Unknown Source)
	at sun.net.www.http.HttpClient.parseHTTPHeader(Unknown Source)
	at sun.net.www.http.HttpClient.parseHTTP(Unknown Source)
	at sun.net.www.protocol.http.HttpURLConnection.getInputStream0(Unknown Source)
	at sun.net.www.protocol.http.HttpURLConnection.getInputStream(Unknown Source)
	at java.net.HttpURLConnection.getResponseCode(Unknown Source)
	at org.jsoup.helper.HttpConnection$Response.execute(HttpConnection.java:453)
	at org.jsoup.helper.HttpConnection$Response.execute(HttpConnection.java:434)
	at org.jsoup.helper.HttpConnection.execute(HttpConnection.java:181)
	at org.jsoup.helper.HttpConnection.get(HttpConnection.java:170)
	at comom.Util.readUrlDocument(Util.java:94)
	at interfaces.search.ShopFacilSearch.readResults(ShopFacilSearch.java:90)
	at interfaces.search.ShopFacilSearch.search(ShopFacilSearch.java:30)
	at objects.Shop.searchProduct(Shop.java:33)
	at Main.generateHtmlReport(Main.java:89)
	at Main.main(Main.java:58)
Tentando conectar Na Url de outro modo
		Documento Lido
		Resultados: 0
	Tempo Para buscar: 24604
Loja: Shop Time
	URL Principal: http://www.shoptime.com.br/
	URL Busca: http://busca.shoptime.com.br/busca.php?q=<BUSCA>
http://busca.shoptime.com.br/busca.php?q=Fantasy+Life
		Documento Lido
		Resultados: 2
		Nome do Produto: Fantasy Life Fantasy Stories Of The Life Cy
http://busca.shoptime.com.br/produto.php?link=http://www.shoptime.com.br/produto/8935051/fantasy-life&ranking=1&sessao=U7LV966JH28G7&idbusca=b578cd50bffdb6946116b956a565bab07eb3937e&idproduto=8935051
		Acessando URL do produto.
		Nome do Produto: Fantasy Life Fantasy Stories Of The Life Cy
http://busca.shoptime.com.br/produto.php?link=http://www.shoptime.com.br/produto/8668168/fantasy-stories-of-the-life-cy&ranking=2&sessao=U7LV966JH28G7&idbusca=b578cd50bffdb6946116b956a565bab07eb3937e&idproduto=8668168
		Acessando URL do produto.
	Tempo Para buscar: 2995
Loja: ShopB
	URL Principal: http://www.shopb.com.br/
	URL Busca: http://busca.shopb.com.br/?busca=<BUSCA>
http://busca.shopb.com.br/?busca=Fantasy+Life
		Documento Lido
		Resultados: 31
		Nome do Produto: Fantasy Life - 3DS
http://shopb.ecommercesearch.com.br/Busca/Redir?url=http%3a%2f%2fwww.shopb.com.br%2fecommerce_site%2findex.php%3fpg%3dproduto%26cdg%3d4488%26idp%3d39537%26idparceiro%3dp1&esid=39537
		Acessando URL do produto.
		Nome do Produto: Cabo / Fonte - Kinect
			Igorando Pelo Filtro de Nome...
		Nome do Produto: Celular Blu Life Play Android 4.2 c/ Câmera integrada 8 MP, 16 GB, 1.5 Ghz, 1 GB Ram e Micro SD - Amarelo
			Igorando Pelo Filtro de Nome...
		Nome do Produto: Celular Blu Life Play Android 4.2 c/ Câmera integrada 8 MP, 16 GB, 1.5 Ghz, 1 GB Ram e Micro SD - Azul
			Igorando Pelo Filtro de Nome...
		Nome do Produto: Celular Blu Life Play Android 4.2 c/ Câmera integrada 8 MP, 16 GB, 1.5 Ghz, 1 GB Ram e Micro SD - Branco
			Igorando Pelo Filtro de Nome...
		Nome do Produto: Celular Blu Life Play Android 4.2 c/ Câmera integrada 8 MP, 16 GB, 1.5 Ghz, 1 GB Ram e Micro SD - Cinza
			Igorando Pelo Filtro de Nome...
		Nome do Produto: Celular Blu Life Play Android 4.2 c/ Câmera integrada 8 MP, 16 GB, 1.5 Ghz, 1 GB Ram e Micro SD - Rosa
			Igorando Pelo Filtro de Nome...
		Nome do Produto: Disney Fantasia: Music Evolved - XBOX 360
			Igorando Pelo Filtro de Nome...
		Nome do Produto: Disney Fantasia: Music Evolved - XBOX ONE
			Igorando Pelo Filtro de Nome...
		Nome do Produto: Fantastic Pets - XBOX 360 [Requer Kinect]
			Igorando Pelo Filtro de Nome...
		Nome do Produto: Final Fantasy Type-0 HD - PS4
			Igorando Pelo Filtro de Nome...
		Nome do Produto: Final Fantasy Type-0 HD - XBOX ONE
			Igorando Pelo Filtro de Nome...
		Nome do Produto: Final Fantasy X/X-2 HD Remaster - PS Vita
			Igorando Pelo Filtro de Nome...
		Nome do Produto: Final Fantasy X/X-2 HD Remaster - PS3
			Igorando Pelo Filtro de Nome...
		Nome do Produto: Final Fantasy XIII - 2 - PS3
			Igorando Pelo Filtro de Nome...
		Nome do Produto: Final Fantasy XIII - PS3
			Igorando Pelo Filtro de Nome...
		Nome do Produto: Final Fantasy XIII - XBOX 360
			Igorando Pelo Filtro de Nome...
		Nome do Produto: Final Fantasy XIII-2 - XBOX 360
			Igorando Pelo Filtro de Nome...
		Nome do Produto: Final Fantasy XIII-3: Lightning Returns - PS3
			Igorando Pelo Filtro de Nome...
		Nome do Produto: Final Fantasy XIII-3: Lightning Returns - XBOX 360
			Igorando Pelo Filtro de Nome...
		Nome do Produto: Final Fantasy XIV: A Realm Reborn - PS3
			Igorando Pelo Filtro de Nome...
		Nome do Produto: Final Fantasy XIV: A Realm Reborn - PS3
			Igorando Pelo Filtro de Nome...
		Nome do Produto: Final Fantasy XIV: A Realm Reborn - PS4
			Igorando Pelo Filtro de Nome...
		Nome do Produto: Final Fantasy XV - PS4
			Igorando Pelo Filtro de Nome...
		Nome do Produto: Final Fantasy XV - XBOX ONE
			Igorando Pelo Filtro de Nome...
		Nome do Produto: Fonte de Alimentação 250W - BlueCase
			Igorando Pelo Filtro de Nome...
		Nome do Produto: Fonte de Alimentação 500W - BlueCase
			Igorando Pelo Filtro de Nome...
		Nome do Produto: Fonte de Alimentação 500W - Kolke
			Igorando Pelo Filtro de Nome...
		Nome do Produto: Fonte de Alimentação 600W 80 Plus Bronze Strike X EN53822 - Aerocool
			Igorando Pelo Filtro de Nome...
		Nome do Produto: Fonte de Alimentação ATX 200W - PcTop
			Igorando Pelo Filtro de Nome...
		Nome do Produto: Fonte para XBOX 360 Fat Arcade - 110v
			Igorando Pelo Filtro de Nome...
	Tempo Para buscar: 2833
Loja: Submarino
	URL Principal: http://www.submarino.com.br/
	URL Busca: http://busca.submarino.com.br/busca.php?q=<BUSCA>
http://busca.submarino.com.br/busca.php?q=Fantasy+Life
		Documento Lido
		Resultados: 2
		Nome do Produto: Fantasy Life
http://busca.submarino.com.br/produto.php?link=http://www.submarino.com.br/produto/8935051/fantasy-life&ranking=1&sessao=U7LV9DU6DLWW7&idbusca=83789bbbc4e06844126636fb5649a0dce5bee036&idproduto=8935051
		Acessando URL do produto.
		Nome do Produto: Game Fantasy Life - 3DS
http://busca.submarino.com.br/produto.php?link=http://www.submarino.com.br/produto/121101174/game-fantasy-life-3ds&ranking=2&sessao=U7LV9DU6DLWW7&idbusca=83789bbbc4e06844126636fb5649a0dce5bee036&idproduto=121101174
		Acessando URL do produto.
	Tempo Para buscar: 1480
Loja: Walmart
	URL Principal: http://www.walmart.com.br/
	URL Busca: http://www.walmart.com.br/busca/?ft=<BUSCA>&PS=20
http://www.walmart.com.br/busca/?ft=Fantasy+Life&PS=20
		Documento Lido
		Resultados: 20
		Nome do Produto: Umidificador e Ionizador Ultrassônico - 2 Litros - ZG5000 G-Life
			Igorando Pelo Filtro de Nome...
		Nome do Produto: Massageador Portátil com Infravermelho G-Life Squalo
			Igorando Pelo Filtro de Nome...
		Nome do Produto: Balança Digital de Vidro até 150kg Slim Preta - G-LIFE
			Igorando Pelo Filtro de Nome...
		Nome do Produto: Balança Digital de Vidro Capacidade 150kg - G-life
			Igorando Pelo Filtro de Nome...
		Nome do Produto: Conjunto de Panelas 8 Peças com Revestimento de Cerâmica - Brinox
			Igorando Pelo Filtro de Nome...
		Nome do Produto: Conjunto de Panelas 6 Peças Ceramic Life 2.5mm com Revestimento de Cerâmica - Brinox
			Igorando Pelo Filtro de Nome...
		Nome do Produto: Grill com Revestimento Cerâmico Ceramic Life Vermelha 26 X 26 cm - Brinox
			Igorando Pelo Filtro de Nome...
		Nome do Produto: Conjunto de Panelas 5 Peças Ceramic Life 4.5 Colour Brinox Vermelho
			Igorando Pelo Filtro de Nome...
		Nome do Produto: Jogo para PS4 Final Fantasy Type-0 HD (Day One Edition) Square Enix SE000107PS4
			Igorando Pelo Filtro de Nome...
		Nome do Produto: Jogo Xbox One Final Fantasy Type-0 HD (Day One Edition) Square Enix SE000108XB1
			Igorando Pelo Filtro de Nome...
		Nome do Produto: Jogo Lightning Returns: Final Fantasy XIII - PS3
			Igorando Pelo Filtro de Nome...
		Nome do Produto: Jogo Final Fantasy XIV: A Realm Reborn para Playstation 4
			Igorando Pelo Filtro de Nome...
		Nome do Produto: Midnight Fantasy Eau de Toilette Feminino
			Igorando Pelo Filtro de Nome...
		Nome do Produto: Fantasy Eau de Parfum Feminino 100 ml
			Igorando Pelo Filtro de Nome...
		Nome do Produto: Kit Manicure Pratice 300 G-life 9 Peças Bivolt
			Igorando Pelo Filtro de Nome...
		Nome do Produto: Kit Manicure Premium 3000 G-Life Bivolt -15 Peças
			Igorando Pelo Filtro de Nome...
		Nome do Produto: Berço Mini Cama Fantasy Branco - Robel
			Igorando Pelo Filtro de Nome...
		Nome do Produto: Estante Multivisão 1653 Life – Branco com Preto
			Igorando Pelo Filtro de Nome...
		Nome do Produto: Passadeira Shaggy Fantasy Amendoa 66 x 125 cm
			Igorando Pelo Filtro de Nome...
		Nome do Produto: Mesa Dobrável Multiuso 1,83m LifeTime Apoio Festas Bancada Trabalho WLM8363090
			Igorando Pelo Filtro de Nome...
	Tempo Para buscar: 1159

File copied from C:\java\workspace Estudo\lookforprices\resources\imports\css.css to C:\java\workspace Estudo\lookforprices\reports\2015-05-13 11\css.css
File copied from C:\java\workspace Estudo\lookforprices\resources\imports\jquery.js to C:\java\workspace Estudo\lookforprices\reports\2015-05-13 11\jquery.js
File copied from C:\java\workspace Estudo\lookforprices\resources\imports\scripts.js to C:\java\workspace Estudo\lookforprices\reports\2015-05-13 11\scripts.js
Tempo total de execução: 77117
