Game: Project X Zone
Product Name: Project X Zone
Loja: Nintendo eShop
	URL Principal: http://www.nintendo.com/3ds/eshop
	URL Busca: http://www.nintendo.com/json/content/get/game/filter?&qterm=<BUSCA>
NintendoEShopSearch.search() http://www.nintendo.com/json/content/get/game/filter?&qterm=Project+X+Zone
		Documento Lido
		Resultados: 2
		Nome do Produto: Bionic Commando: Elite Forces
			Igorando Pelo Filtro de Nome...
		Nome do Produto: Project X Zone
http://www.nintendo.com/games/detail/XOJpy8wWy_H50bKvClES1IWLzZJErHvG
		Acessando URL do produto.
URL = http://www.nintendo.com/games/detail/XOJpy8wWy_H50bKvClES1IWLzZJErHvG
	Tempo Para buscar: 1204
Loja: Americanas
	URL Principal: http://www.americanas.com.br/
	URL Busca: http://busca.americanas.com.br/busca.php?q=<BUSCA>
http://busca.americanas.com.br/busca.php?q=Project+X+Zone
		Documento Lido
		Resultados: 30
		Nome do Produto: Game Project Cars - PS4
			Igorando Pelo Filtro de Nome...
		Nome do Produto: Game Project Cars - XBOX ONE
			Igorando Pelo Filtro de Nome...
		Nome do Produto: Project
			Igorando Pelo Filtro de Nome...
		Nome do Produto: Project Pantheon
			Igorando Pelo Filtro de Nome...
		Nome do Produto: Project Northwoods
			Igorando Pelo Filtro de Nome...
		Nome do Produto: Project Genesis
			Igorando Pelo Filtro de Nome...
		Nome do Produto: Project Mendel
			Igorando Pelo Filtro de Nome...
		Nome do Produto: Project Engineering
			Igorando Pelo Filtro de Nome...
		Nome do Produto: Project
			Igorando Pelo Filtro de Nome...
		Nome do Produto: Project Mastodon
			Igorando Pelo Filtro de Nome...
		Nome do Produto: Project Reset
			Igorando Pelo Filtro de Nome...
		Nome do Produto: Project Ele
			Igorando Pelo Filtro de Nome...
		Nome do Produto: Project Paris
			Igorando Pelo Filtro de Nome...
		Nome do Produto: Project Everlasting
			Igorando Pelo Filtro de Nome...
		Nome do Produto: Project Me
			Igorando Pelo Filtro de Nome...
		Nome do Produto: Project Black Hungarian
			Igorando Pelo Filtro de Nome...
		Nome do Produto: Project-Based Writing In Scien
			Igorando Pelo Filtro de Nome...
		Nome do Produto: Project Tiffany
			Igorando Pelo Filtro de Nome...
		Nome do Produto: Project Management Blunders
			Igorando Pelo Filtro de Nome...
		Nome do Produto: Project Management For Busines
			Igorando Pelo Filtro de Nome...
		Nome do Produto: Project Approaches To Learning
			Igorando Pelo Filtro de Nome...
		Nome do Produto: Project Based Learning
			Igorando Pelo Filtro de Nome...
		Nome do Produto: Project Babylon
			Igorando Pelo Filtro de Nome...
		Nome do Produto: Project Planning Control Usi
			Igorando Pelo Filtro de Nome...
		Nome do Produto: Project Scheduling With Time W
			Igorando Pelo Filtro de Nome...
		Nome do Produto: Project-Based Learning
			Igorando Pelo Filtro de Nome...
		Nome do Produto: Project Management For Enginee
			Igorando Pelo Filtro de Nome...
		Nome do Produto: Project Mercury Familiarizatio
			Igorando Pelo Filtro de Nome...
		Nome do Produto: Project Beta
			Igorando Pelo Filtro de Nome...
		Nome do Produto: Project Management For Healthc
			Igorando Pelo Filtro de Nome...
	Tempo Para buscar: 575
Loja: Big Boy Games
	URL Principal: http://www.bigboygames.com.br/
	URL Busca: http://www.bigboygames.com.br/pesquisa/?p=<BUSCA>
http://www.bigboygames.com.br/pesquisa/?p=Project+X+Zone
		Documento Lido
		Resultados: 2
		Nome do Produto: 3DS - Project X Zone Limited Edition
http://www.bigboygames.com.br/3ds-project-x-zone-limited-edition-p5538/
		Acessando URL do produto.
		Nome do Produto: 3DS - Project X Zone
http://www.bigboygames.com.br/3ds-project-x-zone-p5243/
		Acessando URL do produto.
	Tempo Para buscar: 2190
Loja: Casas Bahia
	URL Principal: http://www.casasbahia.com.br/
	URL Busca: http://buscas.casasbahia.com.br/search?w=<BUSCA>
http://buscas.casasbahia.com.br/search?w=Project+X+Zone
		Documento Lido
		Resultados: 1
		Nome do Produto: Harmonization of Seismic Hazard in Vrancea Zone
			Igorando Pelo Filtro de Nome...
		Nome do Produto: Long-Term Forest Dynamics of the Temperate Zone
			Igorando Pelo Filtro de Nome...
		Nome do Produto: Filtro de Linha Power Zone Para Rack FLR-900 Hayonik
			Igorando Pelo Filtro de Nome...
		Nome do Produto: Kill Zone
			Igorando Pelo Filtro de Nome...
		Nome do Produto: Red Zone
			Igorando Pelo Filtro de Nome...
		Nome do Produto: Gray Zone
			Igorando Pelo Filtro de Nome...
		Nome do Produto: Find Your Focus Zone
			Igorando Pelo Filtro de Nome...
		Nome do Produto: From the Pest Zone
			Igorando Pelo Filtro de Nome...
		Nome do Produto: Placa de Video Zotac GT 730 Zone Edition LP 2GB DDR3 64 BITS ZT-71113-20L
			Igorando Pelo Filtro de Nome...
		Nome do Produto: Placa de Video Zotac Geforce GT720 Zone Edition 1GB DDR3 64 BITS ZT-71202-20L
			Igorando Pelo Filtro de Nome...
		Nome do Produto: Placa de Video Zotac GT 730 Zone Edition LP 1GB DDR3 64 BITS ZT-71114-20L
			Igorando Pelo Filtro de Nome...
		Nome do Produto: Elsa`s Own Blue Zone
			Igorando Pelo Filtro de Nome...
		Nome do Produto: Outside the Safe Zone
			Igorando Pelo Filtro de Nome...
		Nome do Produto: Arid Zone Irrigation
			Igorando Pelo Filtro de Nome...
		Nome do Produto: Zone Policeman 88
			Igorando Pelo Filtro de Nome...
		Nome do Produto: The Zone of Holiness
			Igorando Pelo Filtro de Nome...
		Nome do Produto: Strike Zone Paipa
			Igorando Pelo Filtro de Nome...
		Nome do Produto: The Women Only Zone
			Igorando Pelo Filtro de Nome...
		Nome do Produto: Beyond the Light Zone
			Igorando Pelo Filtro de Nome...
		Nome do Produto: Zones
			Igorando Pelo Filtro de Nome...
	Tempo Para buscar: 3373
Loja: Extra
	URL Principal: http://www.extra.com.br/
	URL Busca: http://buscando.extra.com.br/search?w=<BUSCA>
http://buscando.extra.com.br/search?w=Project+X+Zone
		Documento Lido
		Resultados: 12
		Nome do Produto: Harmonization of Seismic Hazard in Vrancea Zone
			Igorando Pelo Filtro de Nome...
		Nome do Produto: Long-Term Forest Dynamics of the Temperate Zone
			Igorando Pelo Filtro de Nome...
		Nome do Produto: Filtro de Linha Power Zone Para Rack FLR-900 Hayonik
			Igorando Pelo Filtro de Nome...
		Nome do Produto: Kill Zone
			Igorando Pelo Filtro de Nome...
		Nome do Produto: Red Zone
			Igorando Pelo Filtro de Nome...
		Nome do Produto: Gray Zone
			Igorando Pelo Filtro de Nome...
		Nome do Produto: From the Pest Zone
			Igorando Pelo Filtro de Nome...
		Nome do Produto: Find Your Focus Zone
			Igorando Pelo Filtro de Nome...
		Nome do Produto: Placa de Video Zotac GT 730 Zone Edition LP 2GB DDR3 64 BITS ZT-71113-20L
			Igorando Pelo Filtro de Nome...
		Nome do Produto: Placa de Video Zotac Geforce GT720 Zone Edition 1GB DDR3 64 BITS ZT-71202-20L
			Igorando Pelo Filtro de Nome...
		Nome do Produto: Placa de Video Zotac GT 730 Zone Edition LP 1GB DDR3 64 BITS ZT-71114-20L
			Igorando Pelo Filtro de Nome...
		Nome do Produto: Elsa`s Own Blue Zone
			Igorando Pelo Filtro de Nome...
	Tempo Para buscar: 3861
Loja: E-Virtua
	URL Principal: http://www.evirtua.com.br/
	URL Busca: http://www.evirtua.com.br/Busca?search_department_id=0&SearchTerm=<BUSCA>
http://www.evirtua.com.br/Busca?search_department_id=0&SearchTerm=Project+X+Zone
		Documento Lido
		Resultados: 0
	Tempo Para buscar: 264
Loja: Fast Games
	URL Principal: http://www.fastgames.com.br/
	URL Busca: http://www.fastgames.com.br/loja/busca.php?loja=187970&palavra_busca=<BUSCA>
http://www.fastgames.com.br/loja/busca.php?loja=187970&palavra_busca=Project+X+Zone
		Documento Lido
		Resultados: 0
	Tempo Para buscar: 1470
Loja: Fast Shop
	URL Principal: http://www.fastshop.com.br/loja/
	URL Busca: http://www.fastshop.com.br/webapp/wcs/stores/servlet/SearchDisplay?searchTerm=<BUSCA>&categoryId=&storeId=10151&catalogId=11052&langId=-6&pageSize=9&beginIndex=0&sType=SimpleSearch&resultCatEntryType=2&showResultsPage=true&searchSource=Q&pageView=&hotsite=fastshop
http://www.fastshop.com.br/webapp/wcs/stores/servlet/SearchDisplay?searchTerm=Project+X+Zone&categoryId=&storeId=10151&catalogId=11052&langId=-6&pageSize=9&beginIndex=0&sType=SimpleSearch&resultCatEntryType=2&showResultsPage=true&searchSource=Q&pageView=&hotsite=fastshop
		Documento Lido
		Resultados: 0
	Tempo Para buscar: 689
Loja: FNAC
	URL Principal: http://www.fnac.com.br/index.html
	URL Busca: http://busca.fnac.com.br/?busca=<BUSCA>
http://busca.fnac.com.br/?busca=Project+X+Zone
		Documento Lido
		Resultados: 20
		Nome do Produto: Apple Mf886bz/a Imac 27" Core I5 8gb 1tb Os X Yosemite
			Igorando Pelo Filtro de Nome...
		Nome do Produto: Apple Me089bz/a Imac 27" Core I5 8gb 1tb Os X Yosemite
			Igorando Pelo Filtro de Nome...
		Nome do Produto: Apple Mgem2bz/a Mac Mini Core I5/1.4ghz/4gb/500gb Os X Yosemite
			Igorando Pelo Filtro de Nome...
		Nome do Produto: Projetor Multimídia X24+ Epson Powerlite
			Igorando Pelo Filtro de Nome...
		Nome do Produto: Lenovo Yoga Tablet 2 Pro Tela 13.3'' Qhd, Android 4.4, Wi-fi, 32gb Com Projetor Integrado
			Igorando Pelo Filtro de Nome...
		Nome do Produto: Projetor Epson Power Lite X21 3lcd Xga HDMI 3000 Lumens Wireless Ready
			Igorando Pelo Filtro de Nome...
		Nome do Produto: Câmera Superzoom Canon Poweshot Sx60hs – Preta, 16.0mp, Cmos, 3.0" Ângulo Variável, Filma em Fullhd @ 30qps Com 65x Zoom, F/3.4-6.5, Is Usm
			Igorando Pelo Filtro de Nome...
		Nome do Produto: Lg 32lf585b TV LED 32" Smart Hd/60hz 3 X HDMI
			Igorando Pelo Filtro de Nome...
		Nome do Produto: Mini Projetor de Bolso Ppx3410 Philips - 100 Lumens
			Igorando Pelo Filtro de Nome...
		Nome do Produto: Câmera Superzoom, Nikon, Coolpix P600, Vermelha, 16.0 Mp, Cmos, 3.0", Ângulo Variável, Filma em Full HD @ 30qps Com 60x Zoom, F/3.3-6.5, Ed Vr
			Igorando Pelo Filtro de Nome...
		Nome do Produto: TV LED 32" Lg 32lf565b Hd/60hz 2 X HDMI
			Igorando Pelo Filtro de Nome...
		Nome do Produto: Câmera Superzoom, Nikon, Coolpix P600, Preta, 16.0 Mp, Cmos, 3.0", Ângulo Variável, Filma em Full HD @ 30qps Com 60x Zoom, F/3.3-6.5, Ed Vr
			Igorando Pelo Filtro de Nome...
		Nome do Produto: Motorola Moto X 32gb, Tela 5.2'', Android 4.4.4 Kitkat, Câmera 13mp, 4g - Bamboo
			Igorando Pelo Filtro de Nome...
		Nome do Produto: Motorola Novo Moto X 32gb, Tela 5.2'', Android 4.4 Kitkat, Câmera 13mp, 4g, Memoria Interna de 32gb , Proc Quad-core de 2.5ghz - Preto
			Igorando Pelo Filtro de Nome...
		Nome do Produto: Câmera Superzoom, Sony, Cyber-shot, Dsc-h400, 20.1mp, Ccd, 3.0'', Fixo, Filma em HD @ 30qps Com 63x Zoom, F/3.4-6.5
			Igorando Pelo Filtro de Nome...
		Nome do Produto: Câmera Superzoom, Nikon, Coolpix P530, Preta, 16.0 Mp,cmos, 3.0", Fixo, Filma em Full HD @ 30qps Com 42x Zoom, F/3.0-5.9, Ed Vr
			Igorando Pelo Filtro de Nome...
		Nome do Produto: Câmera Superzoom Canon Powershot Sx520hs – Preta, 16.0mp, Cmos, 3.0" Ângulo Variável, Filma em Fullhd @ 30qps Com 42x Zoom, F/3.4-6.0, Is
			Igorando Pelo Filtro de Nome...
		Nome do Produto: Câmera Superzoom, Nikon, Coolpix L830, Preta, 16.0 Mp, Cmos, 3.0", Ângulo Variável, Filma em Full HD @ 30qps Com 34x Zoom, F/3.0-5.9, Ed Vr
			Igorando Pelo Filtro de Nome...
		Nome do Produto: Câmera Compacta Zoom Nikon Coolpix S9500, Preta, 18.1 Mp Cmos, 3.0" Fixo, Filma em Fullhd @ 30qps, Com 22x Zoom, F/3.4-6.3, Ed Vr
			Igorando Pelo Filtro de Nome...
		Nome do Produto: Multi Processador Kenwood Fp735 Inox - 127v
			Igorando Pelo Filtro de Nome...
	Tempo Para buscar: 1109
Loja: Kabum
	URL Principal: http://www.kabum.com.br/
	URL Busca: http://www.kabum.com.br/cgi-local/site/listagem/listagem.cgi?string=<BUSCA>&btnG=
http://www.kabum.com.br/cgi-local/site/listagem/listagem.cgi?string=Project+X+Zone&btnG=
		Documento Lido
		Resultados: 0
	Tempo Para buscar: 398
Loja: Livraria Cultura
	URL Principal: http://www.livrariacultura.com.br/
	URL Busca: http://www.livrariacultura.com.br/busca?N=0&Ntt=<BUSCA>
http://www.livrariacultura.com.br/busca?N=0&Ntt=Project+X+Zone
		Documento Lido
		Resultados: 8
		Nome do Produto: MOBILITY, SUPPORT, ENDURANCE: A STORY OF NAVAL
			Igorando Pelo Filtro de Nome...
		Nome do Produto: ENGLISH/IGBO TRANSLATION OF COMMON MEDICAL TERMS
			Igorando Pelo Filtro de Nome...
		Nome do Produto: PROJECT X ZONE (3DS)
http://www.livrariacultura.com.br/p/project-x-zone-3ds-37022164
		Acessando URL do produto.
		Nome do Produto: AMERICAN COMEDY SCIENCE FICTION FILMS
			Igorando Pelo Filtro de Nome...
		Nome do Produto: CANCELLED SEGA SATURN GAMES
			Igorando Pelo Filtro de Nome...
		Nome do Produto: COLD WAR FILMS
			Igorando Pelo Filtro de Nome...
		Nome do Produto: 2007 AMERICAN TELEVISION SERIES ENDINGS
			Igorando Pelo Filtro de Nome...
		Nome do Produto: FILMS FEATURED IN MYSTERY SCIENCE THEATER 3000
			Igorando Pelo Filtro de Nome...
	Tempo Para buscar: 926
Loja: Magazine Luiza
	URL Principal: http://www.magazineluiza.com.br/
	URL Busca: http://www.magazineluiza.com.br/busca/<BUSCA>/
http://www.magazineluiza.com.br/busca/Project+X+Zone/
		Documento Lido
		Resultados: 60
		Nome do Produto: Smartphone Motorola Moto X 4G Android 4.4 - Câm. 13MP Tela 5.2" AMOLED Proc. Quad Core 2.5GHz
			Igorando Pelo Filtro de Nome...
		Nome do Produto: Smartphone Motorola Moto X 4G Android 4.4 - Câm. 13MP Tela 5.2" AMOLED Proc. Quad Core 2.5GHz
			Igorando Pelo Filtro de Nome...
		Nome do Produto: Smartphone Motorola Moto X 4G Android 4.4 - Câm. 13MP Tela 5.2" AMOLED Proc. Quad Core 2.5GHz
			Igorando Pelo Filtro de Nome...
		Nome do Produto: Smartphone Motorola Moto X 4G Android 4.4 - Câm. 13MP Tela 5.2" + Pen Drive 16GB
			Igorando Pelo Filtro de Nome...
		Nome do Produto: Smartphone Motorola Moto X 4G Android 4.4 - Câm. 13MP Tela 5.2" + Pen Drive 64GB
			Igorando Pelo Filtro de Nome...
		Nome do Produto: Smartphone Motorola Moto X 4G Android 4.4 - Câm. 13MP Tela 5.2" + Pen Drive 32GB
			Igorando Pelo Filtro de Nome...
		Nome do Produto: The Witcher 3: Wild Hunt para Xbox One - CD Project RED - Pré-Venda
			Igorando Pelo Filtro de Nome...
		Nome do Produto: The Witcher 3: Wild Hunt para PS4 - CD Project RED - Pré-Venda
			Igorando Pelo Filtro de Nome...
		Nome do Produto: The Witcher 3: Wild Hunt para PC - CD Project RED - Pré-venda
			Igorando Pelo Filtro de Nome...
		Nome do Produto: Relógio X-Games XMPPD114 - Masculino Esportivo Digital
			Igorando Pelo Filtro de Nome...
		Nome do Produto: Relógio Masculino X-Games XMPPA077 - Anadigi Resistente à Água Calendário
			Igorando Pelo Filtro de Nome...
		Nome do Produto: Relógio Masculino X-Games XMSS1014 P2SX - Analógico Resistente a Água
			Igorando Pelo Filtro de Nome...
		Nome do Produto: Relógio Masculino X-Games XMPPD203 BXPX - Digital Resistente a Água Cronógrafo Calendário
			Igorando Pelo Filtro de Nome...
		Nome do Produto: Relógio Masculino X-Games XMPP1035 P2PX - Analógico Resistente a Água
			Igorando Pelo Filtro de Nome...
		Nome do Produto: Relógio Masculino X-Games XMPPD205 - Digital Resistente à Água Cronógrafo Calendário
			Igorando Pelo Filtro de Nome...
		Nome do Produto: Termogênico X-treme Black Hardcore 60 Cápsulas - X-Pharma
			Igorando Pelo Filtro de Nome...
		Nome do Produto: Relógio Masculino X-Games XMPPA086 - Anadigi Resistente à Água Calendário Cronógrafo
			Igorando Pelo Filtro de Nome...
		Nome do Produto: Relógio Masculino X-Games XMPPD220 - Digital Resistente à Água Cronógrafo Calendário
			Igorando Pelo Filtro de Nome...
		Nome do Produto: Relógio Masculino X-Games XMPPD227 BXPX - Digital Resistente à Água Cronógrafo Calendário
			Igorando Pelo Filtro de Nome...
		Nome do Produto: Relógio Masculino X-Games XMPPA123 BXPX - Anadigi Resistente à Água Cronógrafo Calendário
			Igorando Pelo Filtro de Nome...
		Nome do Produto: Relógio Masculino X-Games XMPPA116 BXPX - Anadigi Resistente à Água Cronógrafo Calendário
			Igorando Pelo Filtro de Nome...
		Nome do Produto: Relógio Masculino X-Games XMSS1010 P2SX - Analógico Resistente à Água
			Igorando Pelo Filtro de Nome...
		Nome do Produto: Relógio Masculino X-Games XMPPD195 BXPX - Digital Resistente à Água Cronógrafo Calendário
			Igorando Pelo Filtro de Nome...
		Nome do Produto: Relógio Masculino X-Games XMPPD226 BXPX - Digital Resistente à Água Cronógrafo Calendário
			Igorando Pelo Filtro de Nome...
		Nome do Produto: Relógio Masculino X-Games XMPPD237 BXPX - Digital Resistente á Água com Calendário
			Igorando Pelo Filtro de Nome...
		Nome do Produto: Relógio Masculino X-Games XMPPA139 BVPX - Anadigi Resistente a Água Cronógrafo
			Igorando Pelo Filtro de Nome...
		Nome do Produto: Relógio Masculino X-Games XMPPA137 BKBX - Anadigi Resistente a Água Cronógrafo
			Igorando Pelo Filtro de Nome...
		Nome do Produto: Relógio Masculino X-Games XMPPD246 BXPX - Digital Resistente a Água Cronógrafo
			Igorando Pelo Filtro de Nome...
		Nome do Produto: Relógio Masculino X-Games XMPPD245 BXPX - Digital Resistente a Água Cronógrafo
			Igorando Pelo Filtro de Nome...
		Nome do Produto: Relógio Masculino X-Games XMPPD256 BXPX - Digital Resistente a Água Cronógrafo
			Igorando Pelo Filtro de Nome...
		Nome do Produto: Relógio Masculino X-Games XMPPD250 PXPX - Digital Resistente a Água Cronógrafo
			Igorando Pelo Filtro de Nome...
		Nome do Produto: Relógio Masculino X-Games XMSS1021 P2PX - Anadigi Resistente a Água
			Igorando Pelo Filtro de Nome...
		Nome do Produto: Relógio Masculino X-Games XMPPD253 BXPX - Digital Resistente a Água Cronógrafo
			Igorando Pelo Filtro de Nome...
		Nome do Produto: Relógio Masculino X-Games XMPPD217 BXPX - Digital Resistente à Água
			Igorando Pelo Filtro de Nome...
		Nome do Produto: Relógio Masculino X-Games XMPPD213 BXPX - Digital Resistente á Água com Calendário
			Igorando Pelo Filtro de Nome...
		Nome do Produto: Relógio Masculino X-Games XMPPD262 PXPX - Digital Resistente a Água Cronógrafo
			Igorando Pelo Filtro de Nome...
		Nome do Produto: Relógio Masculino X-Games XMPPD261 BXPX - Digital Resistente a Água Cronógrafo
			Igorando Pelo Filtro de Nome...
		Nome do Produto: Relógio Masculino X-Games XMPPA134 P1PX - Anadigi Resistente a Água Cronógrafo
			Igorando Pelo Filtro de Nome...
		Nome do Produto: Relógio Masculino X-Games XMPPA144 P2PX - Anadigi Resistente a Água Cronógrafo Calendário
			Igorando Pelo Filtro de Nome...
		Nome do Produto: Relógio Masculino X-Games XMPPA143 P1PX - Anadigi Resistente a Água Cronógrafo
			Igorando Pelo Filtro de Nome...
		Nome do Produto: Relógio Masculino X-Games XMPPA142 P1PX - Anadigi Resistente a Água Cronógrafo
			Igorando Pelo Filtro de Nome...
		Nome do Produto: Relógio Masculino X-Games XMPPA130 P1PX - Anadigi Resistente a Água Cronógrafo
			Igorando Pelo Filtro de Nome...
		Nome do Produto: Creatina 100g - X-Pharma
			Igorando Pelo Filtro de Nome...
		Nome do Produto: Waxy Maize Puro 4 Kg - X-Pharma
			Igorando Pelo Filtro de Nome...
		Nome do Produto: Zone of the Enders HD Collection p/ PS3 - Konami
			Igorando Pelo Filtro de Nome...
		Nome do Produto: Tapete para Sala Montalto Graffiato 100X150cm - Jolitex
			Igorando Pelo Filtro de Nome...
		Nome do Produto: Tapete Caribe 150x200cm - Tapetes São Carlos
			Igorando Pelo Filtro de Nome...
		Nome do Produto: Tapete Caribe 200x250cm - Tapetes São Carlos
			Igorando Pelo Filtro de Nome...
		Nome do Produto: Tapete Tango 100x150cm - Tapetes São Carlos
			Igorando Pelo Filtro de Nome...
		Nome do Produto: Tapete Caribe 200x250cm - Tapetes São Carlos
			Igorando Pelo Filtro de Nome...
		Nome do Produto: Tapete Tango 150x200cm - Tapetes São Carlos
			Igorando Pelo Filtro de Nome...
		Nome do Produto: Tapetes Galax 150x200cm - Tapetes São Carlos
			Igorando Pelo Filtro de Nome...
		Nome do Produto: Tapetes Galax 200x250cm - Tapetes São Carlos
			Igorando Pelo Filtro de Nome...
		Nome do Produto: Tapete para Sala Gammel 100x150cm - Jolitex
			Igorando Pelo Filtro de Nome...
		Nome do Produto: Tapete para Sala Ondas 150x200cm - Jolitex
			Igorando Pelo Filtro de Nome...
		Nome do Produto: Tapete para Sala Angorá 150x200cm - Jolitex
			Igorando Pelo Filtro de Nome...
		Nome do Produto: Tapete para Sala Angorá 150x200cm - Jolitex
			Igorando Pelo Filtro de Nome...
		Nome do Produto: Tapete para Sala Angorá 100x150cm - Jolitex
			Igorando Pelo Filtro de Nome...
		Nome do Produto: Tapete New Bouclê 100x160cm - Tapetes São Carlos
			Igorando Pelo Filtro de Nome...
		Nome do Produto: Tapete New Bouclê 200x250cm - Tapetes São Carlos
			Igorando Pelo Filtro de Nome...
	Tempo Para buscar: 1171
Loja: Mula Games
	URL Principal: http://www.mulagames.com.br/
	URL Busca: http://www.mulagames.com.br/produtos-index/catalogo_produtos/-/-/<BUSCA>/-/-/-/-/-/
http://www.mulagames.com.br/produtos-index/catalogo_produtos/-/-/Project%20X%20Zone/-/-/-/-/-/
		Documento Lido
		Resultados: 1
		Nome do Produto: Project X Zone - 3DS
http://www.mulagames.com.br/Project-X-Zone-3DS/prod-1739499/
		Acessando URL do produto.
http://www.mulagames.com.br/produto-ajax_retorna_dados_preco_comprar/1739499
		Acessando URL do preço produto.
	Tempo Para buscar: 3158
Loja: Net Shoes
	URL Principal: http://www.netshoes.com.br/
	URL Busca: http://www.netshoes.com.br/search?Ntt=<BUSCA>
http://www.netshoes.com.br/search?Ntt=Project+X+Zone
		Documento Lido
		Resultados: 60
		Nome do Produto: Tênis Converse All Star CT AS Monochrome X-Hi
			Igorando Pelo Filtro de Nome...
		Nome do Produto: MR-X Time Release Protein 1 kg - Max Titanium
			Igorando Pelo Filtro de Nome...
		Nome do Produto: Bota Bull Terrier X-Terra
			Igorando Pelo Filtro de Nome...
		Nome do Produto: Bota Bull Terrier X-Terra
			Igorando Pelo Filtro de Nome...
		Nome do Produto: Bota Bull Terrier X-Terra
			Igorando Pelo Filtro de Nome...
		Nome do Produto: Tênis Nike Project Ba
			Igorando Pelo Filtro de Nome...
		Nome do Produto: Rolo Acte Sports Band - Nível Difícil (25 m x 0,65 cm)
			Igorando Pelo Filtro de Nome...
		Nome do Produto: Patins Fila X-One Infantil
			Igorando Pelo Filtro de Nome...
		Nome do Produto: Patins Fila X-One Infantil
			Igorando Pelo Filtro de Nome...
		Nome do Produto: Slackline Kikos 15 m x 5 cm
			Igorando Pelo Filtro de Nome...
		Nome do Produto: Lipo CUT X 120 Cáps - Arnold Nutrition
			Igorando Pelo Filtro de Nome...
		Nome do Produto: Tênis Salomon X Ultra Mid Goretex
			Igorando Pelo Filtro de Nome...
		Nome do Produto: Boné New Era 950 Inter X-Fighters
			Igorando Pelo Filtro de Nome...
		Nome do Produto: Boné New Era 950 Trucker X-Fighters
			Igorando Pelo Filtro de Nome...
		Nome do Produto: MR-X Time Release Protein 1 kg - Max Titanium
			Igorando Pelo Filtro de Nome...
		Nome do Produto: Monitor Cardíaco Oregon Line Zone Trainer 5.3Khz Digital HRM
			Igorando Pelo Filtro de Nome...
		Nome do Produto: Bicicleta Mongoose X-Treme Comp - Aro 26
			Igorando Pelo Filtro de Nome...
		Nome do Produto: Bota Bull Terrier X-Terra
			Igorando Pelo Filtro de Nome...
		Nome do Produto: Tênis Nike Project Ba
			Igorando Pelo Filtro de Nome...
		Nome do Produto: Bola Adidas F50 X-ITE Campo
			Igorando Pelo Filtro de Nome...
		Nome do Produto: Lipo Cut X - Hardcore 120 Cáps - Arnold Nutrition
			Igorando Pelo Filtro de Nome...
		Nome do Produto: Rolo Acte Sports Band - Nível Fácil (25 m x 0,35 cm)
			Igorando Pelo Filtro de Nome...
		Nome do Produto: Rolo Acte Sports Band - Nível Médio (25 m x 0,50 cm)
			Igorando Pelo Filtro de Nome...
		Nome do Produto: Skate Cruiser Kryptonics Groove 26 x 7,25
			Igorando Pelo Filtro de Nome...
		Nome do Produto: Chuteira Nike Mercurial Vapor X FG
			Igorando Pelo Filtro de Nome...
		Nome do Produto: Skate Cruiser Kryptonics Top Blue Trans 22,5 x 6
			Igorando Pelo Filtro de Nome...
		Nome do Produto: Tênis Salomon X Ultra Mid GTX
			Igorando Pelo Filtro de Nome...
		Nome do Produto: Gorro New Era X-Fighters
			Igorando Pelo Filtro de Nome...
		Nome do Produto: Saco de Pancadas Pretorian 1,10 x 40 cm
			Igorando Pelo Filtro de Nome...
		Nome do Produto: Lipo Cut X Hers 120 Cáps - Arnold Nutrition
			Igorando Pelo Filtro de Nome...
		Nome do Produto: Bicicleta Bandeirante X-Bike Gatinha - Aro 14 Infantil
			Igorando Pelo Filtro de Nome...
		Nome do Produto: Skate Cruiser Kryptonics Torpedo Red Metal 22,5 x 6
			Igorando Pelo Filtro de Nome...
		Nome do Produto: Bicicleta Bandeirante X-Bike Cross Infantil - Aro 12
			Igorando Pelo Filtro de Nome...
		Nome do Produto: Livro Santos 3 x Tri
			Igorando Pelo Filtro de Nome...
		Nome do Produto: Skate Cruiser Kronik Fishtail 81 x 22
			Igorando Pelo Filtro de Nome...
		Nome do Produto: Skate Cruiser Kryptonics Wood Torpedo Trestles Brown 22,5 x 6
			Igorando Pelo Filtro de Nome...
		Nome do Produto: Óculos Speedo X Vision
			Igorando Pelo Filtro de Nome...
		Nome do Produto: Óculos Arena X-Ray Hi-Tech
			Igorando Pelo Filtro de Nome...
		Nome do Produto: Tênis Salomon X Ultra
			Igorando Pelo Filtro de Nome...
		Nome do Produto: Shape Solo Vendas Brasil 7,48 x 31,50
			Igorando Pelo Filtro de Nome...
		Nome do Produto: Skate Cruiser Mormaii Fishtail 81.0 x 22.0
			Igorando Pelo Filtro de Nome...
		Nome do Produto: Shape Boulevard Maple Serie Petersen City Scape 20.5 x 80.0
			Igorando Pelo Filtro de Nome...
		Nome do Produto: Shape Boulevard Maple Serie Team City Scape 20.0 x 79,5
			Igorando Pelo Filtro de Nome...
		Nome do Produto: Shape Urgh Fullcolor Caveira 31.5 x 7.85
			Igorando Pelo Filtro de Nome...
		Nome do Produto: Longboard Kronik Freespeed 1.05 x 25
			Igorando Pelo Filtro de Nome...
		Nome do Produto: Bicicleta Bandeirante X-Bike Ben 10 - Aro 12
			Igorando Pelo Filtro de Nome...
		Nome do Produto: Skate Cruiser Kryptonics Kripstic 29,75 x 10
			Igorando Pelo Filtro de Nome...
		Nome do Produto: Relógio Puma Zone
			Igorando Pelo Filtro de Nome...
		Nome do Produto: Tênis Salomon X-Tour
			Igorando Pelo Filtro de Nome...
		Nome do Produto: Shape Cisco Mix da Sessão 7,67 x 31,29
			Igorando Pelo Filtro de Nome...
		Nome do Produto: Shape Element Levi Conste 8 x 31.75
			Igorando Pelo Filtro de Nome...
		Nome do Produto: Tênis Salomon X Ultra
			Igorando Pelo Filtro de Nome...
		Nome do Produto: Shape Boulevard Maple Serie Cerezini City Scape 21.0 x 80.0
			Igorando Pelo Filtro de Nome...
		Nome do Produto: Longboard Kronik Urban Speed Tiger Eye 22.0 x 94,5
			Igorando Pelo Filtro de Nome...
		Nome do Produto: Shape 5Boro Maple 5Bit Dan Pensyl 8.5 x 32
			Igorando Pelo Filtro de Nome...
		Nome do Produto: Tênis Nike Project Ba
			Igorando Pelo Filtro de Nome...
		Nome do Produto: Relógio Puma Zone
			Igorando Pelo Filtro de Nome...
		Nome do Produto: Tênis Salomon X-Scream
			Igorando Pelo Filtro de Nome...
		Nome do Produto: Shape Urgh Maple Silver Street 31.8 x 8.0
			Igorando Pelo Filtro de Nome...
		Nome do Produto: Bicicleta Bandeirante X-Bike Batman Infantil - Aro 14
			Igorando Pelo Filtro de Nome...
	Tempo Para buscar: 624
Loja: Ponto Frio
	URL Principal: http://www.pontofrio.com.br/
	URL Busca: http://search.pontofrio.com.br/search?w=<BUSCA>
http://search.pontofrio.com.br/search?w=Project+X+Zone
		Documento Lido
		Resultados: 1
		Nome do Produto: Harmonization of Seismic Hazard in Vrancea Zone
			Igorando Pelo Filtro de Nome...
		Nome do Produto: Long-Term Forest Dynamics of the Temperate Zone
			Igorando Pelo Filtro de Nome...
		Nome do Produto: Filtro de Linha Power Zone Para Rack FLR-900 Hayonik
			Igorando Pelo Filtro de Nome...
		Nome do Produto: Kill Zone
			Igorando Pelo Filtro de Nome...
		Nome do Produto: Red Zone
			Igorando Pelo Filtro de Nome...
		Nome do Produto: Gray Zone
			Igorando Pelo Filtro de Nome...
		Nome do Produto: Find Your Focus Zone
			Igorando Pelo Filtro de Nome...
		Nome do Produto: From the Pest Zone
			Igorando Pelo Filtro de Nome...
		Nome do Produto: Placa de Video Zotac GT 730 Zone Edition LP 2GB DDR3 64 BITS ZT-71113-20L
			Igorando Pelo Filtro de Nome...
		Nome do Produto: Placa de Video Zotac Geforce GT720 Zone Edition 1GB DDR3 64 BITS ZT-71202-20L
			Igorando Pelo Filtro de Nome...
		Nome do Produto: Placa de Video Zotac GT 730 Zone Edition LP 1GB DDR3 64 BITS ZT-71114-20L
			Igorando Pelo Filtro de Nome...
		Nome do Produto: Elsa`s Own Blue Zone
			Igorando Pelo Filtro de Nome...
		Nome do Produto: Outside the Safe Zone
			Igorando Pelo Filtro de Nome...
		Nome do Produto: Arid Zone Irrigation
			Igorando Pelo Filtro de Nome...
		Nome do Produto: Zone Policeman 88
			Igorando Pelo Filtro de Nome...
		Nome do Produto: The Zone of Holiness
			Igorando Pelo Filtro de Nome...
		Nome do Produto: The Women Only Zone
			Igorando Pelo Filtro de Nome...
		Nome do Produto: Beyond the Light Zone
			Igorando Pelo Filtro de Nome...
		Nome do Produto: Strike Zone Paipa
			Igorando Pelo Filtro de Nome...
		Nome do Produto: Zones
			Igorando Pelo Filtro de Nome...
		Nome do Produto: Harmonization of Seismic Hazard in Vrancea Zone
			Igorando Pelo Filtro de Nome...
		Nome do Produto: Long-Term Forest Dynamics of the Temperate Zone
			Igorando Pelo Filtro de Nome...
		Nome do Produto: Filtro de Linha Power Zone Para Rack FLR-900 Hayonik
			Igorando Pelo Filtro de Nome...
		Nome do Produto: Kill Zone
			Igorando Pelo Filtro de Nome...
		Nome do Produto: Red Zone
			Igorando Pelo Filtro de Nome...
		Nome do Produto: Gray Zone
			Igorando Pelo Filtro de Nome...
		Nome do Produto: Find Your Focus Zone
			Igorando Pelo Filtro de Nome...
		Nome do Produto: From the Pest Zone
			Igorando Pelo Filtro de Nome...
		Nome do Produto: Placa de Video Zotac GT 730 Zone Edition LP 2GB DDR3 64 BITS ZT-71113-20L
			Igorando Pelo Filtro de Nome...
		Nome do Produto: Placa de Video Zotac Geforce GT720 Zone Edition 1GB DDR3 64 BITS ZT-71202-20L
			Igorando Pelo Filtro de Nome...
		Nome do Produto: Placa de Video Zotac GT 730 Zone Edition LP 1GB DDR3 64 BITS ZT-71114-20L
			Igorando Pelo Filtro de Nome...
		Nome do Produto: Elsa`s Own Blue Zone
			Igorando Pelo Filtro de Nome...
		Nome do Produto: Outside the Safe Zone
			Igorando Pelo Filtro de Nome...
		Nome do Produto: Arid Zone Irrigation
			Igorando Pelo Filtro de Nome...
		Nome do Produto: Zone Policeman 88
			Igorando Pelo Filtro de Nome...
		Nome do Produto: The Zone of Holiness
			Igorando Pelo Filtro de Nome...
		Nome do Produto: The Women Only Zone
			Igorando Pelo Filtro de Nome...
		Nome do Produto: Beyond the Light Zone
			Igorando Pelo Filtro de Nome...
		Nome do Produto: Strike Zone Paipa
			Igorando Pelo Filtro de Nome...
		Nome do Produto: Zones
			Igorando Pelo Filtro de Nome...
	Tempo Para buscar: 4404
Loja: Ricardo Eletro
	URL Principal: http://www.ricardoeletro.com.br/
	URL Busca: http://www.ricardoeletro.com.br/Busca/Resultado/?q=<BUSCA>
http://www.ricardoeletro.com.br/Busca/Resultado/?q=Project+X+Zone
		Documento Lido
		Resultados: 1
		Nome do Produto: Jogo Project Spark para Xbox One (XONE)
			Igorando Pelo Filtro de Nome...
	Tempo Para buscar: 419
Loja: RiHappy
	URL Principal: http://www.rihappy.com.br/
	URL Busca: http://www.rihappy.com.br/<BUSCA>
http://www.rihappy.com.br/Project%20X%20Zone
		Documento Lido
		Resultados: 0
	Tempo Para buscar: 1601
Loja: Saraiva
	URL Principal: http://www.saraiva.com.br/
	URL Busca: http://busca.saraiva.com.br/search?w=<BUSCA>&PAC_ID=129457&ts=ajax
http://busca.saraiva.com.br/search?w=Project+X+Zone&PAC_ID=129457&ts=ajax
		Documento Lido
		Resultados: 30
		Nome do Produto: Zone Franc (la)
			Igorando Pelo Filtro de Nome...
		Nome do Produto: O-zone
			Igorando Pelo Filtro de Nome...
		Nome do Produto: The Zone
			Igorando Pelo Filtro de Nome...
		Nome do Produto: Dead Zone
			Igorando Pelo Filtro de Nome...
		Nome do Produto: Kill Zone
			Igorando Pelo Filtro de Nome...
		Nome do Produto: Kill Zone
			Igorando Pelo Filtro de Nome...
		Nome do Produto: Zone 2
			Igorando Pelo Filtro de Nome...
		Nome do Produto: Computer Zone
			Igorando Pelo Filtro de Nome...
		Nome do Produto: Death Zone
			Igorando Pelo Filtro de Nome...
		Nome do Produto: Death Zone!
			Igorando Pelo Filtro de Nome...
		Nome do Produto: Red Zone
			Igorando Pelo Filtro de Nome...
		Nome do Produto: Zone-oo 2
			Igorando Pelo Filtro de Nome...
		Nome do Produto: Strike Zone
			Igorando Pelo Filtro de Nome...
		Nome do Produto: Erogenous Zone
			Igorando Pelo Filtro de Nome...
		Nome do Produto: Unsaturated-zone Modeling
			Igorando Pelo Filtro de Nome...
		Nome do Produto: Construction Zone
			Igorando Pelo Filtro de Nome...
		Nome do Produto: Zombie Zone
			Igorando Pelo Filtro de Nome...
		Nome do Produto: Construction Zone!
			Igorando Pelo Filtro de Nome...
		Nome do Produto: Rift Zone
			Igorando Pelo Filtro de Nome...
		Nome do Produto: Combat Zone
			Igorando Pelo Filtro de Nome...
		Nome do Produto: Surf Zone
			Igorando Pelo Filtro de Nome...
		Nome do Produto: Red Zone
			Igorando Pelo Filtro de Nome...
		Nome do Produto: Game Zone
			Igorando Pelo Filtro de Nome...
		Nome do Produto: Sunlit Zone
			Igorando Pelo Filtro de Nome...
		Nome do Produto: Twilight Zone
			Igorando Pelo Filtro de Nome...
		Nome do Produto: Midnight Zone
			Igorando Pelo Filtro de Nome...
		Nome do Produto: Tidal Zone
			Igorando Pelo Filtro de Nome...
		Nome do Produto: Impact Zone
			Igorando Pelo Filtro de Nome...
		Nome do Produto: The Zone
			Igorando Pelo Filtro de Nome...
		Nome do Produto: Zone Soccer
			Igorando Pelo Filtro de Nome...
	Tempo Para buscar: 696
Loja: Shop Facil
	URL Principal: http://ww2.shopfacil.com.br/
	URL Busca: http://ww2.shopfacil.com.br/<BUSCA>
http://ww2.shopfacil.com.br/Project%20X%20Zone
		Documento Lido
		Resultados: 4
		Nome do Produto: DVD - Projeto X: Uma Festa Fora do Controle - Project X
			Igorando Pelo Filtro de Nome...
		Nome do Produto: Blu-Ray - Projeto X: Uma Festa Fora do Controle - Project X
			Igorando Pelo Filtro de Nome...
		Nome do Produto: Livro - Entertainment: Reading x Projectos - Intermediate - Susan Holden
			Igorando Pelo Filtro de Nome...
		Nome do Produto: Livro - Animals: Reading x Projectos - Beginner Plus - Susan Holden
			Igorando Pelo Filtro de Nome...
	Tempo Para buscar: 1045
Loja: Shop Time
	URL Principal: http://www.shoptime.com.br/
	URL Busca: http://busca.shoptime.com.br/busca.php?q=<BUSCA>
http://busca.shoptime.com.br/busca.php?q=Project+X+Zone
		Documento Lido
		Resultados: 20
		Nome do Produto: Kit Treinamento Funcional Amarelo (Intensidade Baixa) Life Zone Bosu Ball Verde 58cm Life Zone Disco de Equilibrio de Polipropileno 39cm Preto Life Zone Bicicleta de Spinning Life Zone com Roda de Inércia 10kg e Painel... Life Zone Power Jump + Cama Elástica Profissional Disco de Equilibrio 33cm Azul + Anel de Pilates Azul 35cm + Bola de... Roda de Exercícios Abdominal Reforçado + Corda de PVC com Rolamento -... Extensor Chest Expander Cinza + Disco de Equilibrio 33cm Laranja - Life... Cinturão de Tração Life Zone Escada de Treinamento Life Zone de Agilidade Extensor Elástico com Barra acoplada Amarelo (intensidade baixa) - Zone... Extensor Elástico com Barra acoplada Azul (intensidade média) - Life... Extensor Elástico para Portas Amarelo (intensidade baixa) - Life Zone Extensor Elástico para Portas Azul (intensidade média) - Life Zone Extensor Elástico para Portas Vermelho (intensidade alta) - Life Zone Extensor Elástico Duplo Azul (intensidade média) - Life Zone Extensor Elástico Voador Amarelo (intensidade baixa) - Life Zone Extensor Elástico Voador Azul (intensidade média) - Life Zone Extensor Elástico para pernas Amarelo (intensidade baixa) - Life Zone Extensor Elástico para pernas Azul (intensidade média) - Life Zone
			Igorando Pelo Filtro de Nome...
		Nome do Produto: Kit Treinamento Funcional Amarelo (Intensidade Baixa) Life Zone Bosu Ball Verde 58cm Life Zone Disco de Equilibrio de Polipropileno 39cm Preto Life Zone Bicicleta de Spinning Life Zone com Roda de Inércia 10kg e Painel... Life Zone Power Jump + Cama Elástica Profissional Disco de Equilibrio 33cm Azul + Anel de Pilates Azul 35cm + Bola de... Roda de Exercícios Abdominal Reforçado + Corda de PVC com Rolamento -... Extensor Chest Expander Cinza + Disco de Equilibrio 33cm Laranja - Life... Cinturão de Tração Life Zone Escada de Treinamento Life Zone de Agilidade Extensor Elástico com Barra acoplada Amarelo (intensidade baixa) - Zone... Extensor Elástico com Barra acoplada Azul (intensidade média) - Life... Extensor Elástico para Portas Amarelo (intensidade baixa) - Life Zone Extensor Elástico para Portas Azul (intensidade média) - Life Zone Extensor Elástico para Portas Vermelho (intensidade alta) - Life Zone Extensor Elástico Duplo Azul (intensidade média) - Life Zone Extensor Elástico Voador Amarelo (intensidade baixa) - Life Zone Extensor Elástico Voador Azul (intensidade média) - Life Zone Extensor Elástico para pernas Amarelo (intensidade baixa) - Life Zone Extensor Elástico para pernas Azul (intensidade média) - Life Zone
			Igorando Pelo Filtro de Nome...
		Nome do Produto: Kit Treinamento Funcional Amarelo (Intensidade Baixa) Life Zone Bosu Ball Verde 58cm Life Zone Disco de Equilibrio de Polipropileno 39cm Preto Life Zone Bicicleta de Spinning Life Zone com Roda de Inércia 10kg e Painel... Life Zone Power Jump + Cama Elástica Profissional Disco de Equilibrio 33cm Azul + Anel de Pilates Azul 35cm + Bola de... Roda de Exercícios Abdominal Reforçado + Corda de PVC com Rolamento -... Extensor Chest Expander Cinza + Disco de Equilibrio 33cm Laranja - Life... Cinturão de Tração Life Zone Escada de Treinamento Life Zone de Agilidade Extensor Elástico com Barra acoplada Amarelo (intensidade baixa) - Zone... Extensor Elástico com Barra acoplada Azul (intensidade média) - Life... Extensor Elástico para Portas Amarelo (intensidade baixa) - Life Zone Extensor Elástico para Portas Azul (intensidade média) - Life Zone Extensor Elástico para Portas Vermelho (intensidade alta) - Life Zone Extensor Elástico Duplo Azul (intensidade média) - Life Zone Extensor Elástico Voador Amarelo (intensidade baixa) - Life Zone Extensor Elástico Voador Azul (intensidade média) - Life Zone Extensor Elástico para pernas Amarelo (intensidade baixa) - Life Zone Extensor Elástico para pernas Azul (intensidade média) - Life Zone
			Igorando Pelo Filtro de Nome...
		Nome do Produto: Kit Treinamento Funcional Amarelo (Intensidade Baixa) Life Zone Bosu Ball Verde 58cm Life Zone Disco de Equilibrio de Polipropileno 39cm Preto Life Zone Bicicleta de Spinning Life Zone com Roda de Inércia 10kg e Painel... Life Zone Power Jump + Cama Elástica Profissional Disco de Equilibrio 33cm Azul + Anel de Pilates Azul 35cm + Bola de... Roda de Exercícios Abdominal Reforçado + Corda de PVC com Rolamento -... Extensor Chest Expander Cinza + Disco de Equilibrio 33cm Laranja - Life... Cinturão de Tração Life Zone Escada de Treinamento Life Zone de Agilidade Extensor Elástico com Barra acoplada Amarelo (intensidade baixa) - Zone... Extensor Elástico com Barra acoplada Azul (intensidade média) - Life... Extensor Elástico para Portas Amarelo (intensidade baixa) - Life Zone Extensor Elástico para Portas Azul (intensidade média) - Life Zone Extensor Elástico para Portas Vermelho (intensidade alta) - Life Zone Extensor Elástico Duplo Azul (intensidade média) - Life Zone Extensor Elástico Voador Amarelo (intensidade baixa) - Life Zone Extensor Elástico Voador Azul (intensidade média) - Life Zone Extensor Elástico para pernas Amarelo (intensidade baixa) - Life Zone Extensor Elástico para pernas Azul (intensidade média) - Life Zone
			Igorando Pelo Filtro de Nome...
		Nome do Produto: Kit Treinamento Funcional Amarelo (Intensidade Baixa) Life Zone Bosu Ball Verde 58cm Life Zone Disco de Equilibrio de Polipropileno 39cm Preto Life Zone Bicicleta de Spinning Life Zone com Roda de Inércia 10kg e Painel... Life Zone Power Jump + Cama Elástica Profissional Disco de Equilibrio 33cm Azul + Anel de Pilates Azul 35cm + Bola de... Roda de Exercícios Abdominal Reforçado + Corda de PVC com Rolamento -... Extensor Chest Expander Cinza + Disco de Equilibrio 33cm Laranja - Life... Cinturão de Tração Life Zone Escada de Treinamento Life Zone de Agilidade Extensor Elástico com Barra acoplada Amarelo (intensidade baixa) - Zone... Extensor Elástico com Barra acoplada Azul (intensidade média) - Life... Extensor Elástico para Portas Amarelo (intensidade baixa) - Life Zone Extensor Elástico para Portas Azul (intensidade média) - Life Zone Extensor Elástico para Portas Vermelho (intensidade alta) - Life Zone Extensor Elástico Duplo Azul (intensidade média) - Life Zone Extensor Elástico Voador Amarelo (intensidade baixa) - Life Zone Extensor Elástico Voador Azul (intensidade média) - Life Zone Extensor Elástico para pernas Amarelo (intensidade baixa) - Life Zone Extensor Elástico para pernas Azul (intensidade média) - Life Zone
			Igorando Pelo Filtro de Nome...
		Nome do Produto: Kit Treinamento Funcional Amarelo (Intensidade Baixa) Life Zone Bosu Ball Verde 58cm Life Zone Disco de Equilibrio de Polipropileno 39cm Preto Life Zone Bicicleta de Spinning Life Zone com Roda de Inércia 10kg e Painel... Life Zone Power Jump + Cama Elástica Profissional Disco de Equilibrio 33cm Azul + Anel de Pilates Azul 35cm + Bola de... Roda de Exercícios Abdominal Reforçado + Corda de PVC com Rolamento -... Extensor Chest Expander Cinza + Disco de Equilibrio 33cm Laranja - Life... Cinturão de Tração Life Zone Escada de Treinamento Life Zone de Agilidade Extensor Elástico com Barra acoplada Amarelo (intensidade baixa) - Zone... Extensor Elástico com Barra acoplada Azul (intensidade média) - Life... Extensor Elástico para Portas Amarelo (intensidade baixa) - Life Zone Extensor Elástico para Portas Azul (intensidade média) - Life Zone Extensor Elástico para Portas Vermelho (intensidade alta) - Life Zone Extensor Elástico Duplo Azul (intensidade média) - Life Zone Extensor Elástico Voador Amarelo (intensidade baixa) - Life Zone Extensor Elástico Voador Azul (intensidade média) - Life Zone Extensor Elástico para pernas Amarelo (intensidade baixa) - Life Zone Extensor Elástico para pernas Azul (intensidade média) - Life Zone
			Igorando Pelo Filtro de Nome...
		Nome do Produto: Kit Treinamento Funcional Amarelo (Intensidade Baixa) Life Zone Bosu Ball Verde 58cm Life Zone Disco de Equilibrio de Polipropileno 39cm Preto Life Zone Bicicleta de Spinning Life Zone com Roda de Inércia 10kg e Painel... Life Zone Power Jump + Cama Elástica Profissional Disco de Equilibrio 33cm Azul + Anel de Pilates Azul 35cm + Bola de... Roda de Exercícios Abdominal Reforçado + Corda de PVC com Rolamento -... Extensor Chest Expander Cinza + Disco de Equilibrio 33cm Laranja - Life... Cinturão de Tração Life Zone Escada de Treinamento Life Zone de Agilidade Extensor Elástico com Barra acoplada Amarelo (intensidade baixa) - Zone... Extensor Elástico com Barra acoplada Azul (intensidade média) - Life... Extensor Elástico para Portas Amarelo (intensidade baixa) - Life Zone Extensor Elástico para Portas Azul (intensidade média) - Life Zone Extensor Elástico para Portas Vermelho (intensidade alta) - Life Zone Extensor Elástico Duplo Azul (intensidade média) - Life Zone Extensor Elástico Voador Amarelo (intensidade baixa) - Life Zone Extensor Elástico Voador Azul (intensidade média) - Life Zone Extensor Elástico para pernas Amarelo (intensidade baixa) - Life Zone Extensor Elástico para pernas Azul (intensidade média) - Life Zone
			Igorando Pelo Filtro de Nome...
		Nome do Produto: Kit Treinamento Funcional Amarelo (Intensidade Baixa) Life Zone Bosu Ball Verde 58cm Life Zone Disco de Equilibrio de Polipropileno 39cm Preto Life Zone Bicicleta de Spinning Life Zone com Roda de Inércia 10kg e Painel... Life Zone Power Jump + Cama Elástica Profissional Disco de Equilibrio 33cm Azul + Anel de Pilates Azul 35cm + Bola de... Roda de Exercícios Abdominal Reforçado + Corda de PVC com Rolamento -... Extensor Chest Expander Cinza + Disco de Equilibrio 33cm Laranja - Life... Cinturão de Tração Life Zone Escada de Treinamento Life Zone de Agilidade Extensor Elástico com Barra acoplada Amarelo (intensidade baixa) - Zone... Extensor Elástico com Barra acoplada Azul (intensidade média) - Life... Extensor Elástico para Portas Amarelo (intensidade baixa) - Life Zone Extensor Elástico para Portas Azul (intensidade média) - Life Zone Extensor Elástico para Portas Vermelho (intensidade alta) - Life Zone Extensor Elástico Duplo Azul (intensidade média) - Life Zone Extensor Elástico Voador Amarelo (intensidade baixa) - Life Zone Extensor Elástico Voador Azul (intensidade média) - Life Zone Extensor Elástico para pernas Amarelo (intensidade baixa) - Life Zone Extensor Elástico para pernas Azul (intensidade média) - Life Zone
			Igorando Pelo Filtro de Nome...
		Nome do Produto: Kit Treinamento Funcional Amarelo (Intensidade Baixa) Life Zone Bosu Ball Verde 58cm Life Zone Disco de Equilibrio de Polipropileno 39cm Preto Life Zone Bicicleta de Spinning Life Zone com Roda de Inércia 10kg e Painel... Life Zone Power Jump + Cama Elástica Profissional Disco de Equilibrio 33cm Azul + Anel de Pilates Azul 35cm + Bola de... Roda de Exercícios Abdominal Reforçado + Corda de PVC com Rolamento -... Extensor Chest Expander Cinza + Disco de Equilibrio 33cm Laranja - Life... Cinturão de Tração Life Zone Escada de Treinamento Life Zone de Agilidade Extensor Elástico com Barra acoplada Amarelo (intensidade baixa) - Zone... Extensor Elástico com Barra acoplada Azul (intensidade média) - Life... Extensor Elástico para Portas Amarelo (intensidade baixa) - Life Zone Extensor Elástico para Portas Azul (intensidade média) - Life Zone Extensor Elástico para Portas Vermelho (intensidade alta) - Life Zone Extensor Elástico Duplo Azul (intensidade média) - Life Zone Extensor Elástico Voador Amarelo (intensidade baixa) - Life Zone Extensor Elástico Voador Azul (intensidade média) - Life Zone Extensor Elástico para pernas Amarelo (intensidade baixa) - Life Zone Extensor Elástico para pernas Azul (intensidade média) - Life Zone
			Igorando Pelo Filtro de Nome...
		Nome do Produto: Kit Treinamento Funcional Amarelo (Intensidade Baixa) Life Zone Bosu Ball Verde 58cm Life Zone Disco de Equilibrio de Polipropileno 39cm Preto Life Zone Bicicleta de Spinning Life Zone com Roda de Inércia 10kg e Painel... Life Zone Power Jump + Cama Elástica Profissional Disco de Equilibrio 33cm Azul + Anel de Pilates Azul 35cm + Bola de... Roda de Exercícios Abdominal Reforçado + Corda de PVC com Rolamento -... Extensor Chest Expander Cinza + Disco de Equilibrio 33cm Laranja - Life... Cinturão de Tração Life Zone Escada de Treinamento Life Zone de Agilidade Extensor Elástico com Barra acoplada Amarelo (intensidade baixa) - Zone... Extensor Elástico com Barra acoplada Azul (intensidade média) - Life... Extensor Elástico para Portas Amarelo (intensidade baixa) - Life Zone Extensor Elástico para Portas Azul (intensidade média) - Life Zone Extensor Elástico para Portas Vermelho (intensidade alta) - Life Zone Extensor Elástico Duplo Azul (intensidade média) - Life Zone Extensor Elástico Voador Amarelo (intensidade baixa) - Life Zone Extensor Elástico Voador Azul (intensidade média) - Life Zone Extensor Elástico para pernas Amarelo (intensidade baixa) - Life Zone Extensor Elástico para pernas Azul (intensidade média) - Life Zone
			Igorando Pelo Filtro de Nome...
		Nome do Produto: Kit Treinamento Funcional Amarelo (Intensidade Baixa) Life Zone Bosu Ball Verde 58cm Life Zone Disco de Equilibrio de Polipropileno 39cm Preto Life Zone Bicicleta de Spinning Life Zone com Roda de Inércia 10kg e Painel... Life Zone Power Jump + Cama Elástica Profissional Disco de Equilibrio 33cm Azul + Anel de Pilates Azul 35cm + Bola de... Roda de Exercícios Abdominal Reforçado + Corda de PVC com Rolamento -... Extensor Chest Expander Cinza + Disco de Equilibrio 33cm Laranja - Life... Cinturão de Tração Life Zone Escada de Treinamento Life Zone de Agilidade Extensor Elástico com Barra acoplada Amarelo (intensidade baixa) - Zone... Extensor Elástico com Barra acoplada Azul (intensidade média) - Life... Extensor Elástico para Portas Amarelo (intensidade baixa) - Life Zone Extensor Elástico para Portas Azul (intensidade média) - Life Zone Extensor Elástico para Portas Vermelho (intensidade alta) - Life Zone Extensor Elástico Duplo Azul (intensidade média) - Life Zone Extensor Elástico Voador Amarelo (intensidade baixa) - Life Zone Extensor Elástico Voador Azul (intensidade média) - Life Zone Extensor Elástico para pernas Amarelo (intensidade baixa) - Life Zone Extensor Elástico para pernas Azul (intensidade média) - Life Zone
			Igorando Pelo Filtro de Nome...
		Nome do Produto: Kit Treinamento Funcional Amarelo (Intensidade Baixa) Life Zone Bosu Ball Verde 58cm Life Zone Disco de Equilibrio de Polipropileno 39cm Preto Life Zone Bicicleta de Spinning Life Zone com Roda de Inércia 10kg e Painel... Life Zone Power Jump + Cama Elástica Profissional Disco de Equilibrio 33cm Azul + Anel de Pilates Azul 35cm + Bola de... Roda de Exercícios Abdominal Reforçado + Corda de PVC com Rolamento -... Extensor Chest Expander Cinza + Disco de Equilibrio 33cm Laranja - Life... Cinturão de Tração Life Zone Escada de Treinamento Life Zone de Agilidade Extensor Elástico com Barra acoplada Amarelo (intensidade baixa) - Zone... Extensor Elástico com Barra acoplada Azul (intensidade média) - Life... Extensor Elástico para Portas Amarelo (intensidade baixa) - Life Zone Extensor Elástico para Portas Azul (intensidade média) - Life Zone Extensor Elástico para Portas Vermelho (intensidade alta) - Life Zone Extensor Elástico Duplo Azul (intensidade média) - Life Zone Extensor Elástico Voador Amarelo (intensidade baixa) - Life Zone Extensor Elástico Voador Azul (intensidade média) - Life Zone Extensor Elástico para pernas Amarelo (intensidade baixa) - Life Zone Extensor Elástico para pernas Azul (intensidade média) - Life Zone
			Igorando Pelo Filtro de Nome...
		Nome do Produto: Kit Treinamento Funcional Amarelo (Intensidade Baixa) Life Zone Bosu Ball Verde 58cm Life Zone Disco de Equilibrio de Polipropileno 39cm Preto Life Zone Bicicleta de Spinning Life Zone com Roda de Inércia 10kg e Painel... Life Zone Power Jump + Cama Elástica Profissional Disco de Equilibrio 33cm Azul + Anel de Pilates Azul 35cm + Bola de... Roda de Exercícios Abdominal Reforçado + Corda de PVC com Rolamento -... Extensor Chest Expander Cinza + Disco de Equilibrio 33cm Laranja - Life... Cinturão de Tração Life Zone Escada de Treinamento Life Zone de Agilidade Extensor Elástico com Barra acoplada Amarelo (intensidade baixa) - Zone... Extensor Elástico com Barra acoplada Azul (intensidade média) - Life... Extensor Elástico para Portas Amarelo (intensidade baixa) - Life Zone Extensor Elástico para Portas Azul (intensidade média) - Life Zone Extensor Elástico para Portas Vermelho (intensidade alta) - Life Zone Extensor Elástico Duplo Azul (intensidade média) - Life Zone Extensor Elástico Voador Amarelo (intensidade baixa) - Life Zone Extensor Elástico Voador Azul (intensidade média) - Life Zone Extensor Elástico para pernas Amarelo (intensidade baixa) - Life Zone Extensor Elástico para pernas Azul (intensidade média) - Life Zone
			Igorando Pelo Filtro de Nome...
		Nome do Produto: Kit Treinamento Funcional Amarelo (Intensidade Baixa) Life Zone Bosu Ball Verde 58cm Life Zone Disco de Equilibrio de Polipropileno 39cm Preto Life Zone Bicicleta de Spinning Life Zone com Roda de Inércia 10kg e Painel... Life Zone Power Jump + Cama Elástica Profissional Disco de Equilibrio 33cm Azul + Anel de Pilates Azul 35cm + Bola de... Roda de Exercícios Abdominal Reforçado + Corda de PVC com Rolamento -... Extensor Chest Expander Cinza + Disco de Equilibrio 33cm Laranja - Life... Cinturão de Tração Life Zone Escada de Treinamento Life Zone de Agilidade Extensor Elástico com Barra acoplada Amarelo (intensidade baixa) - Zone... Extensor Elástico com Barra acoplada Azul (intensidade média) - Life... Extensor Elástico para Portas Amarelo (intensidade baixa) - Life Zone Extensor Elástico para Portas Azul (intensidade média) - Life Zone Extensor Elástico para Portas Vermelho (intensidade alta) - Life Zone Extensor Elástico Duplo Azul (intensidade média) - Life Zone Extensor Elástico Voador Amarelo (intensidade baixa) - Life Zone Extensor Elástico Voador Azul (intensidade média) - Life Zone Extensor Elástico para pernas Amarelo (intensidade baixa) - Life Zone Extensor Elástico para pernas Azul (intensidade média) - Life Zone
			Igorando Pelo Filtro de Nome...
		Nome do Produto: Kit Treinamento Funcional Amarelo (Intensidade Baixa) Life Zone Bosu Ball Verde 58cm Life Zone Disco de Equilibrio de Polipropileno 39cm Preto Life Zone Bicicleta de Spinning Life Zone com Roda de Inércia 10kg e Painel... Life Zone Power Jump + Cama Elástica Profissional Disco de Equilibrio 33cm Azul + Anel de Pilates Azul 35cm + Bola de... Roda de Exercícios Abdominal Reforçado + Corda de PVC com Rolamento -... Extensor Chest Expander Cinza + Disco de Equilibrio 33cm Laranja - Life... Cinturão de Tração Life Zone Escada de Treinamento Life Zone de Agilidade Extensor Elástico com Barra acoplada Amarelo (intensidade baixa) - Zone... Extensor Elástico com Barra acoplada Azul (intensidade média) - Life... Extensor Elástico para Portas Amarelo (intensidade baixa) - Life Zone Extensor Elástico para Portas Azul (intensidade média) - Life Zone Extensor Elástico para Portas Vermelho (intensidade alta) - Life Zone Extensor Elástico Duplo Azul (intensidade média) - Life Zone Extensor Elástico Voador Amarelo (intensidade baixa) - Life Zone Extensor Elástico Voador Azul (intensidade média) - Life Zone Extensor Elástico para pernas Amarelo (intensidade baixa) - Life Zone Extensor Elástico para pernas Azul (intensidade média) - Life Zone
			Igorando Pelo Filtro de Nome...
		Nome do Produto: Kit Treinamento Funcional Amarelo (Intensidade Baixa) Life Zone Bosu Ball Verde 58cm Life Zone Disco de Equilibrio de Polipropileno 39cm Preto Life Zone Bicicleta de Spinning Life Zone com Roda de Inércia 10kg e Painel... Life Zone Power Jump + Cama Elástica Profissional Disco de Equilibrio 33cm Azul + Anel de Pilates Azul 35cm + Bola de... Roda de Exercícios Abdominal Reforçado + Corda de PVC com Rolamento -... Extensor Chest Expander Cinza + Disco de Equilibrio 33cm Laranja - Life... Cinturão de Tração Life Zone Escada de Treinamento Life Zone de Agilidade Extensor Elástico com Barra acoplada Amarelo (intensidade baixa) - Zone... Extensor Elástico com Barra acoplada Azul (intensidade média) - Life... Extensor Elástico para Portas Amarelo (intensidade baixa) - Life Zone Extensor Elástico para Portas Azul (intensidade média) - Life Zone Extensor Elástico para Portas Vermelho (intensidade alta) - Life Zone Extensor Elástico Duplo Azul (intensidade média) - Life Zone Extensor Elástico Voador Amarelo (intensidade baixa) - Life Zone Extensor Elástico Voador Azul (intensidade média) - Life Zone Extensor Elástico para pernas Amarelo (intensidade baixa) - Life Zone Extensor Elástico para pernas Azul (intensidade média) - Life Zone
			Igorando Pelo Filtro de Nome...
		Nome do Produto: Kit Treinamento Funcional Amarelo (Intensidade Baixa) Life Zone Bosu Ball Verde 58cm Life Zone Disco de Equilibrio de Polipropileno 39cm Preto Life Zone Bicicleta de Spinning Life Zone com Roda de Inércia 10kg e Painel... Life Zone Power Jump + Cama Elástica Profissional Disco de Equilibrio 33cm Azul + Anel de Pilates Azul 35cm + Bola de... Roda de Exercícios Abdominal Reforçado + Corda de PVC com Rolamento -... Extensor Chest Expander Cinza + Disco de Equilibrio 33cm Laranja - Life... Cinturão de Tração Life Zone Escada de Treinamento Life Zone de Agilidade Extensor Elástico com Barra acoplada Amarelo (intensidade baixa) - Zone... Extensor Elástico com Barra acoplada Azul (intensidade média) - Life... Extensor Elástico para Portas Amarelo (intensidade baixa) - Life Zone Extensor Elástico para Portas Azul (intensidade média) - Life Zone Extensor Elástico para Portas Vermelho (intensidade alta) - Life Zone Extensor Elástico Duplo Azul (intensidade média) - Life Zone Extensor Elástico Voador Amarelo (intensidade baixa) - Life Zone Extensor Elástico Voador Azul (intensidade média) - Life Zone Extensor Elástico para pernas Amarelo (intensidade baixa) - Life Zone Extensor Elástico para pernas Azul (intensidade média) - Life Zone
			Igorando Pelo Filtro de Nome...
		Nome do Produto: Kit Treinamento Funcional Amarelo (Intensidade Baixa) Life Zone Bosu Ball Verde 58cm Life Zone Disco de Equilibrio de Polipropileno 39cm Preto Life Zone Bicicleta de Spinning Life Zone com Roda de Inércia 10kg e Painel... Life Zone Power Jump + Cama Elástica Profissional Disco de Equilibrio 33cm Azul + Anel de Pilates Azul 35cm + Bola de... Roda de Exercícios Abdominal Reforçado + Corda de PVC com Rolamento -... Extensor Chest Expander Cinza + Disco de Equilibrio 33cm Laranja - Life... Cinturão de Tração Life Zone Escada de Treinamento Life Zone de Agilidade Extensor Elástico com Barra acoplada Amarelo (intensidade baixa) - Zone... Extensor Elástico com Barra acoplada Azul (intensidade média) - Life... Extensor Elástico para Portas Amarelo (intensidade baixa) - Life Zone Extensor Elástico para Portas Azul (intensidade média) - Life Zone Extensor Elástico para Portas Vermelho (intensidade alta) - Life Zone Extensor Elástico Duplo Azul (intensidade média) - Life Zone Extensor Elástico Voador Amarelo (intensidade baixa) - Life Zone Extensor Elástico Voador Azul (intensidade média) - Life Zone Extensor Elástico para pernas Amarelo (intensidade baixa) - Life Zone Extensor Elástico para pernas Azul (intensidade média) - Life Zone
			Igorando Pelo Filtro de Nome...
		Nome do Produto: Kit Treinamento Funcional Amarelo (Intensidade Baixa) Life Zone Bosu Ball Verde 58cm Life Zone Disco de Equilibrio de Polipropileno 39cm Preto Life Zone Bicicleta de Spinning Life Zone com Roda de Inércia 10kg e Painel... Life Zone Power Jump + Cama Elástica Profissional Disco de Equilibrio 33cm Azul + Anel de Pilates Azul 35cm + Bola de... Roda de Exercícios Abdominal Reforçado + Corda de PVC com Rolamento -... Extensor Chest Expander Cinza + Disco de Equilibrio 33cm Laranja - Life... Cinturão de Tração Life Zone Escada de Treinamento Life Zone de Agilidade Extensor Elástico com Barra acoplada Amarelo (intensidade baixa) - Zone... Extensor Elástico com Barra acoplada Azul (intensidade média) - Life... Extensor Elástico para Portas Amarelo (intensidade baixa) - Life Zone Extensor Elástico para Portas Azul (intensidade média) - Life Zone Extensor Elástico para Portas Vermelho (intensidade alta) - Life Zone Extensor Elástico Duplo Azul (intensidade média) - Life Zone Extensor Elástico Voador Amarelo (intensidade baixa) - Life Zone Extensor Elástico Voador Azul (intensidade média) - Life Zone Extensor Elástico para pernas Amarelo (intensidade baixa) - Life Zone Extensor Elástico para pernas Azul (intensidade média) - Life Zone
			Igorando Pelo Filtro de Nome...
		Nome do Produto: Kit Treinamento Funcional Amarelo (Intensidade Baixa) Life Zone Bosu Ball Verde 58cm Life Zone Disco de Equilibrio de Polipropileno 39cm Preto Life Zone Bicicleta de Spinning Life Zone com Roda de Inércia 10kg e Painel... Life Zone Power Jump + Cama Elástica Profissional Disco de Equilibrio 33cm Azul + Anel de Pilates Azul 35cm + Bola de... Roda de Exercícios Abdominal Reforçado + Corda de PVC com Rolamento -... Extensor Chest Expander Cinza + Disco de Equilibrio 33cm Laranja - Life... Cinturão de Tração Life Zone Escada de Treinamento Life Zone de Agilidade Extensor Elástico com Barra acoplada Amarelo (intensidade baixa) - Zone... Extensor Elástico com Barra acoplada Azul (intensidade média) - Life... Extensor Elástico para Portas Amarelo (intensidade baixa) - Life Zone Extensor Elástico para Portas Azul (intensidade média) - Life Zone Extensor Elástico para Portas Vermelho (intensidade alta) - Life Zone Extensor Elástico Duplo Azul (intensidade média) - Life Zone Extensor Elástico Voador Amarelo (intensidade baixa) - Life Zone Extensor Elástico Voador Azul (intensidade média) - Life Zone Extensor Elástico para pernas Amarelo (intensidade baixa) - Life Zone Extensor Elástico para pernas Azul (intensidade média) - Life Zone
			Igorando Pelo Filtro de Nome...
	Tempo Para buscar: 591
Loja: ShopB
	URL Principal: http://www.shopb.com.br/
	URL Busca: http://busca.shopb.com.br/?busca=<BUSCA>
http://busca.shopb.com.br/?busca=Project+X+Zone
		Documento Lido
		Resultados: 31
		Nome do Produto: Project X Zone: Limited Edition - 3DS
http://shopb.ecommercesearch.com.br/Busca/Redir?url=http%3a%2f%2fwww.shopb.com.br%2fecommerce_site%2findex.php%3fpg%3dproduto%26cdg%3d4488%26idp%3d35001%26idparceiro%3dp1&esid=35001
		Acessando URL do produto.
		Nome do Produto: Cabo VGA HD15M x HD15M 1.8m - Blindado - Hitto
			Igorando Pelo Filtro de Nome...
		Nome do Produto: Cabo VGA HD15M x HD15M 15m - Blindado - Hitto
			Igorando Pelo Filtro de Nome...
		Nome do Produto: Cabo VGA HD15M x HD15M 25m - Blindado - Hitto
			Igorando Pelo Filtro de Nome...
		Nome do Produto: Cabo VGA HD15M x HD15M 3m - Blindado - Hitto
			Igorando Pelo Filtro de Nome...
		Nome do Produto: Cabo VGA HD15M x HD15M 5m - Blindado - Hitto
			Igorando Pelo Filtro de Nome...
		Nome do Produto: Final Fantasy X/X-2 HD Remaster - PS Vita
			Igorando Pelo Filtro de Nome...
		Nome do Produto: Final Fantasy X/X-2 HD Remaster - PS3
			Igorando Pelo Filtro de Nome...
		Nome do Produto: Final Fantasy XIII - 2 - PS3
			Igorando Pelo Filtro de Nome...
		Nome do Produto: Final Fantasy XIII - PS3
			Igorando Pelo Filtro de Nome...
		Nome do Produto: Final Fantasy XIII - XBOX 360
			Igorando Pelo Filtro de Nome...
		Nome do Produto: Final Fantasy XIII-2 - XBOX 360
			Igorando Pelo Filtro de Nome...
		Nome do Produto: Final Fantasy XIII-3: Lightning Returns - PS3
			Igorando Pelo Filtro de Nome...
		Nome do Produto: Final Fantasy XIII-3: Lightning Returns - XBOX 360
			Igorando Pelo Filtro de Nome...
		Nome do Produto: Fonte Paralela IBM ThinkPad A T R X I
			Igorando Pelo Filtro de Nome...
		Nome do Produto: Fonte Paralela Sony Vaio PCG-NV PCG-R PCG-SX PCG-X
			Igorando Pelo Filtro de Nome...
		Nome do Produto: Fonte de Alimentação 600W 80 Plus Bronze Strike X EN53822 - Aerocool
			Igorando Pelo Filtro de Nome...
		Nome do Produto: Hatsune Miku: Project DIVA F - PS3
			Igorando Pelo Filtro de Nome...
		Nome do Produto: Hatsune Miku: Project DIVA F 2nd - PS3
			Igorando Pelo Filtro de Nome...
		Nome do Produto: Morph X - XBOX 360
			Igorando Pelo Filtro de Nome...
		Nome do Produto: Mortal Kombat X - PS3
			Igorando Pelo Filtro de Nome...
		Nome do Produto: Mortal Kombat X - PS4
			Igorando Pelo Filtro de Nome...
		Nome do Produto: Mortal Kombat X - XBOX 360
			Igorando Pelo Filtro de Nome...
		Nome do Produto: Mortal Kombat X - XBOX ONE
			Igorando Pelo Filtro de Nome...
		Nome do Produto: Placa de Parede Decorativa: Cadeira X - ShopB
			Igorando Pelo Filtro de Nome...
		Nome do Produto: Placa de Parede Decorativa: Gaming Zone - ShopB
			Igorando Pelo Filtro de Nome...
		Nome do Produto: Pokemon X - 3DS
			Igorando Pelo Filtro de Nome...
		Nome do Produto: Processador I3 3220 3,30Gz - Intel
			Igorando Pelo Filtro de Nome...
		Nome do Produto: Project CARS - PS4
			Igorando Pelo Filtro de Nome...
		Nome do Produto: Project CARS - XBOX ONE
			Igorando Pelo Filtro de Nome...
		Nome do Produto: Project Spark: Pacote Inicial - XBOX ONE
			Igorando Pelo Filtro de Nome...
	Tempo Para buscar: 1445
Loja: Submarino
	URL Principal: http://www.submarino.com.br/
	URL Busca: http://busca.submarino.com.br/busca.php?q=<BUSCA>
http://busca.submarino.com.br/busca.php?q=Project+X+Zone
		Documento Lido
		Resultados: 1
		Nome do Produto: CD Summer Eletrohits
			Igorando Pelo Filtro de Nome...
	Tempo Para buscar: 522
Loja: Walmart
	URL Principal: http://www.walmart.com.br/
	URL Busca: http://www.walmart.com.br/busca/?ft=<BUSCA>&PS=20
http://www.walmart.com.br/busca/?ft=Project+X+Zone&PS=20
		Documento Lido
		Resultados: 1
		Nome do Produto: Project X Zone N3DS
http://www.walmart.com.br//produto/Games/Jogos-para-Nintendo-3DS/Bandai-Namco-Games/2377087m-project_x_zone_n3ds
		Acessando URL do produto.
	Tempo Para buscar: 1759

File copied from C:\java\workspace Estudo\lookforprices\resources\imports\css.css to C:\java\workspace Estudo\lookforprices\reports\2015-05-13 11\css.css
File copied from C:\java\workspace Estudo\lookforprices\resources\imports\jquery.js to C:\java\workspace Estudo\lookforprices\reports\2015-05-13 11\jquery.js
File copied from C:\java\workspace Estudo\lookforprices\resources\imports\scripts.js to C:\java\workspace Estudo\lookforprices\reports\2015-05-13 11\scripts.js
Tempo total de execução: 33509
