Game: Samurai Warriors
Product Name: Samurai Warriors
Loja: Nintendo eShop
	URL Principal: http://www.nintendo.com/3ds/eshop
	URL Busca: http://www.nintendo.com/json/content/get/game/filter?&qterm=<BUSCA>
NintendoEShopSearch.search() http://www.nintendo.com/json/content/get/game/filter?&qterm=Samurai+Warriors
		Documento Lido
		Resultados: 7
		Nome do Produto: Hakuoki: Memories of the Shinsengumi
			Igorando Pelo Filtro de Nome...
		Nome do Produto: Warriors Orochi 3 Hyper
			Igorando Pelo Filtro de Nome...
		Nome do Produto: Samurai Shodown IV: Amakusa's Revenge
			Igorando Pelo Filtro de Nome...
		Nome do Produto: SAMURAI WARRIORS: Chronicles
http://www.nintendo.com/games/detail/ad3x5Q11SAH48bLbYupnnA0HeUOA3tUL
		Acessando URL do produto.
URL = http://www.nintendo.com/games/detail/ad3x5Q11SAH48bLbYupnnA0HeUOA3tUL
		Nome do Produto: Samurai Warriors 3
http://www.nintendo.com/games/detail/gAI6Ixtby8aaYaTR4uUns9Hz6KRvzdzE
		Acessando URL do produto.
URL = http://www.nintendo.com/games/detail/gAI6Ixtby8aaYaTR4uUns9Hz6KRvzdzE
		Nome do Produto: Contra Rebirth
			Igorando Pelo Filtro de Nome...
		Nome do Produto: Samurai Warriors: Katana
http://www.nintendo.com/games/detail/DG09CCXdldIRT_muooOW49HsnBirgPf-
		Acessando URL do produto.
URL = http://www.nintendo.com/games/detail/DG09CCXdldIRT_muooOW49HsnBirgPf-
	Tempo Para buscar: 3137
Loja: Americanas
	URL Principal: http://www.americanas.com.br/
	URL Busca: http://busca.americanas.com.br/busca.php?q=<BUSCA>
http://busca.americanas.com.br/busca.php?q=Samurai+Warriors
		Documento Lido
		Resultados: 1
		Nome do Produto: Game - Samurai Warriors 4 - PS4
http://busca.americanas.com.br/produto.php?link=http://www.americanas.com.br/produto/121137783/game-samurai-warriors-4-ps4&ranking=1&sessao=U7LW1RZLXG087&idbusca=3f522ac8c6bd9fe10d76811d4151db18426709cc&idproduto=121137783
		Acessando URL do produto.
	Tempo Para buscar: 1091
Loja: Big Boy Games
	URL Principal: http://www.bigboygames.com.br/
	URL Busca: http://www.bigboygames.com.br/pesquisa/?p=<BUSCA>
http://www.bigboygames.com.br/pesquisa/?p=Samurai+Warriors
		Documento Lido
		Resultados: 3
		Nome do Produto: PS4 - Samurai Warriors 4
http://www.bigboygames.com.br/ps4-samurai-warriors-4-p6702/
		Acessando URL do produto.
		Nome do Produto: Wii - Sengoku Basara: Samurai Warriors
http://www.bigboygames.com.br/wii-sengoku-basara-samurai-warriors-p6472/
		Acessando URL do produto.
		Nome do Produto: 3DS - Samurai Warriors Chronicles
http://www.bigboygames.com.br/3ds-samurai-warriors-chronicles-p2734/
		Acessando URL do produto.
	Tempo Para buscar: 5402
Loja: Casas Bahia
	URL Principal: http://www.casasbahia.com.br/
	URL Busca: http://buscas.casasbahia.com.br/search?w=<BUSCA>
http://buscas.casasbahia.com.br/search?w=Samurai+Warriors
		Documento Lido
		Resultados: 1
		Nome do Produto: Jogo Samurai Warriors 4 - PS4
http://buscas.casasbahia.com.br/search?p=R&srid=S6-USESD01&lbc=casasbahia&w=Samurai%20Warriors&url=http%3a%2f%2fproduto.casasbahia.com.br%2f4050710%3f&rk=1&uid=282701046&sid=2&ts=custom&rsc=LnXHIqhPzQKGWG9s&method=and&isort=score&view=grid
		Acessando URL do produto.
		Nome do Produto: Jogo Warriors Orochi 3 Ultimate - PS4
			Igorando Pelo Filtro de Nome...
		Nome do Produto: Jogo Warriors Orochi 3 Ultimate - Xbox One
			Igorando Pelo Filtro de Nome...
		Nome do Produto: Jogo Warriors Orochi 3 Ultimate + Xbox Live Gold - 3 Meses
			Igorando Pelo Filtro de Nome...
		Nome do Produto: 4000 Bowls of Rice
			Igorando Pelo Filtro de Nome...
		Nome do Produto: Teat
			Igorando Pelo Filtro de Nome...
	Tempo Para buscar: 2467
Loja: Extra
	URL Principal: http://www.extra.com.br/
	URL Busca: http://buscando.extra.com.br/search?w=<BUSCA>
http://buscando.extra.com.br/search?w=Samurai+Warriors
		Documento Lido
		Resultados: 6
		Nome do Produto: Jogo Samurai Warriors 4 - PS4
http://buscando.extra.com.br/search?p=R&srid=S1-USESD01&lbc=extra&w=Samurai%20Warriors&url=http%3a%2f%2fproduto.extra.com.br%2f4050710%3f&rk=1&uid=282724984&sid=2&ts=custom&rsc=9N8GOHNOWfb2g88O&method=and&isort=score&view=grid
		Acessando URL do produto.
		Nome do Produto: Jogo Warriors Orochi 3 Ultimate - PS4
			Igorando Pelo Filtro de Nome...
		Nome do Produto: Jogo Warriors Orochi 3 Ultimate - Xbox One
			Igorando Pelo Filtro de Nome...
		Nome do Produto: Jogo Warriors Orochi 3 Ultimate + Xbox Live Gold - 3 Meses
			Igorando Pelo Filtro de Nome...
		Nome do Produto: 4000 Bowls of Rice
			Igorando Pelo Filtro de Nome...
		Nome do Produto: Teat
			Igorando Pelo Filtro de Nome...
	Tempo Para buscar: 4757
Loja: E-Virtua
	URL Principal: http://www.evirtua.com.br/
	URL Busca: http://www.evirtua.com.br/Busca?search_department_id=0&SearchTerm=<BUSCA>
http://www.evirtua.com.br/Busca?search_department_id=0&SearchTerm=Samurai+Warriors
		Documento Lido
		Resultados: 0
	Tempo Para buscar: 254
Loja: Fast Games
	URL Principal: http://www.fastgames.com.br/
	URL Busca: http://www.fastgames.com.br/loja/busca.php?loja=187970&palavra_busca=<BUSCA>
http://www.fastgames.com.br/loja/busca.php?loja=187970&palavra_busca=Samurai+Warriors
		Documento Lido
		Resultados: 1
		Nome do Produto: Samurai Warriors 4 - PS4
http://www.fastgames.com.br//samurai-warriors-4-ps4-pr-8817-187970.htm
		Acessando URL do produto.
	Tempo Para buscar: 1740
Loja: Fast Shop
	URL Principal: http://www.fastshop.com.br/loja/
	URL Busca: http://www.fastshop.com.br/webapp/wcs/stores/servlet/SearchDisplay?searchTerm=<BUSCA>&categoryId=&storeId=10151&catalogId=11052&langId=-6&pageSize=9&beginIndex=0&sType=SimpleSearch&resultCatEntryType=2&showResultsPage=true&searchSource=Q&pageView=&hotsite=fastshop
http://www.fastshop.com.br/webapp/wcs/stores/servlet/SearchDisplay?searchTerm=Samurai+Warriors&categoryId=&storeId=10151&catalogId=11052&langId=-6&pageSize=9&beginIndex=0&sType=SimpleSearch&resultCatEntryType=2&showResultsPage=true&searchSource=Q&pageView=&hotsite=fastshop
		Documento Lido
		Resultados: 0
	Tempo Para buscar: 710
Loja: FNAC
	URL Principal: http://www.fnac.com.br/index.html
	URL Busca: http://busca.fnac.com.br/?busca=<BUSCA>
http://busca.fnac.com.br/?busca=Samurai+Warriors
		Documento Lido
		Resultados: 20
		Nome do Produto: 75051 - Star Wars - Jedi™ Scout Fighter
			Igorando Pelo Filtro de Nome...
		Nome do Produto: 75050 - Star Wars - B-wing
			Igorando Pelo Filtro de Nome...
		Nome do Produto: Star Wars - A Saga Completa (blu-ray) (9 Discos)
			Igorando Pelo Filtro de Nome...
		Nome do Produto: Wii U Hyrule Warriors
			Igorando Pelo Filtro de Nome...
		Nome do Produto: Falar Ler Escrever Portugues - Um Curso Para Estrangeiros - Livro Texto
			Igorando Pelo Filtro de Nome...
		Nome do Produto: 75048 - Star Wars - Phantom™
			Igorando Pelo Filtro de Nome...
		Nome do Produto: Star Wars Bust Bank - Darth Maul
			Igorando Pelo Filtro de Nome...
		Nome do Produto: Ps4 Angry Birds Star Wars
			Igorando Pelo Filtro de Nome...
		Nome do Produto: Xbox One Angry Birds Star Wars
			Igorando Pelo Filtro de Nome...
		Nome do Produto: Harry Potter A E Camara Secreta - Ed. Definitiva (blu-ray) (3 Discos)
			Igorando Pelo Filtro de Nome...
		Nome do Produto: Harry Potter E A Pedra Filosofal - Ed. Definitiva (2 Blu-ray' S + 1 DVD)
			Igorando Pelo Filtro de Nome...
		Nome do Produto: Star Wars - A Coleção Definitiva de Action Figure
			Igorando Pelo Filtro de Nome...
		Nome do Produto: Trilogia O Senhor dos Anéis - Edição Especial (12 DVDs)
			Igorando Pelo Filtro de Nome...
		Nome do Produto: Falar Ler Escrever Portugues - Um Curso Para Estrangeiros - Livro Exercicios
			Igorando Pelo Filtro de Nome...
		Nome do Produto: Ps3 Dynasty Warriors 8
			Igorando Pelo Filtro de Nome...
		Nome do Produto: Xbox 360 Dynasty Warriors 8
			Igorando Pelo Filtro de Nome...
		Nome do Produto: Cinquenta Tons de Cinza + Trilha Sonora (blu-ray)
			Igorando Pelo Filtro de Nome...
		Nome do Produto: Kit Grey´s Anatomy Trilha Sonora + 8ª Temporada
			Igorando Pelo Filtro de Nome...
		Nome do Produto: Ps3 Star Wars: The Force Unleashed Ii
			Igorando Pelo Filtro de Nome...
		Nome do Produto: Trilogia O Senhor dos Anéis (blu-ray) (3 Discos)
			Igorando Pelo Filtro de Nome...
	Tempo Para buscar: 1080
Loja: Kabum
	URL Principal: http://www.kabum.com.br/
	URL Busca: http://www.kabum.com.br/cgi-local/site/listagem/listagem.cgi?string=<BUSCA>&btnG=
http://www.kabum.com.br/cgi-local/site/listagem/listagem.cgi?string=Samurai+Warriors&btnG=
		Documento Lido
		Resultados: 0
	Tempo Para buscar: 412
Loja: Livraria Cultura
	URL Principal: http://www.livrariacultura.com.br/
	URL Busca: http://www.livrariacultura.com.br/busca?N=0&Ntt=<BUSCA>
http://www.livrariacultura.com.br/busca?N=0&Ntt=Samurai+Warriors
		Documento Lido
		Resultados: 48
		Nome do Produto: SAMURAI WARRIORS ART TATTOOS
http://www.livrariacultura.com.br/p/samurai-warriors-art-tattoos-691876
		Acessando URL do produto.
		Nome do Produto: SAMURAI WARRIORS
http://www.livrariacultura.com.br/p/samurai-warriors-2394118
		Acessando URL do produto.
		Nome do Produto: SAMURAI COMMANDERS (1)
			Igorando Pelo Filtro de Nome...
		Nome do Produto: SAMURAI COMMANDERS (1)
			Igorando Pelo Filtro de Nome...
		Nome do Produto: SAMURAI
			Igorando Pelo Filtro de Nome...
		Nome do Produto: 329 SAMURAI HACKS THAT ORGANIZERS SHOULD KNOW
			Igorando Pelo Filtro de Nome...
		Nome do Produto: MASTERING THE SAMURAI SWORD
			Igorando Pelo Filtro de Nome...
		Nome do Produto: SAMURAI BUSINESS: THE WAY OF THE WARRIOR FOR
			Igorando Pelo Filtro de Nome...
		Nome do Produto: HIS BEAUTIFUL SAMURAI
			Igorando Pelo Filtro de Nome...
		Nome do Produto: SAMURAI
			Igorando Pelo Filtro de Nome...
		Nome do Produto: THE SAMURAI SWORD: SPIRIT * STRATEGY * TECHNIQUES
			Igorando Pelo Filtro de Nome...
		Nome do Produto: SEVEN SAMURAI (BLU-RAY)
			Igorando Pelo Filtro de Nome...
		Nome do Produto: SAMURAI! [ILLUSTRATED EDITION]
			Igorando Pelo Filtro de Nome...
		Nome do Produto: SEVEN SAMURAI - EE
			Igorando Pelo Filtro de Nome...
		Nome do Produto: TRAINING THE SAMURAI MIND: A BUSHIDO SOURCEBOOK
			Igorando Pelo Filtro de Nome...
		Nome do Produto: THE BAMBOO SWORD AND OTHER SAMURAI TALES
			Igorando Pelo Filtro de Nome...
		Nome do Produto: SAMURAI CHAMPLOO, V.2
			Igorando Pelo Filtro de Nome...
		Nome do Produto: IDEALS OF THE SAMURAI
			Igorando Pelo Filtro de Nome...
		Nome do Produto: LEGENDS OF THE SAMURAI
			Igorando Pelo Filtro de Nome...
		Nome do Produto: NINJA VS SAMURAI (PART 1)
			Igorando Pelo Filtro de Nome...
		Nome do Produto: SAMURAI AND NINJA
			Igorando Pelo Filtro de Nome...
		Nome do Produto: SAMURAI STRATEGIES
			Igorando Pelo Filtro de Nome...
		Nome do Produto: THE FIRST SAMURAI
			Igorando Pelo Filtro de Nome...
		Nome do Produto: SAMURAI - THE STORY IF A WARRIOR TRADITION
			Igorando Pelo Filtro de Nome...
		Nome do Produto: WORLD OF THE SAMURAI WARRIOR
			Igorando Pelo Filtro de Nome...
		Nome do Produto: LET'S DRAW MANGA - NINJA & SAMURAI
			Igorando Pelo Filtro de Nome...
		Nome do Produto: YOUNG SAMURAI: THE RING OF FIRE
			Igorando Pelo Filtro de Nome...
		Nome do Produto: THE SAMURAI MIND
			Igorando Pelo Filtro de Nome...
		Nome do Produto: SAMURAI STRATEGIES
			Igorando Pelo Filtro de Nome...
		Nome do Produto: LET'S DRAW MANGA - NINJA AND SAMURAI
			Igorando Pelo Filtro de Nome...
		Nome do Produto: SAMURAI - AN ILLUSTRATED HISTORY
			Igorando Pelo Filtro de Nome...
		Nome do Produto: FAMOUS SAMURAI: KAMIIZUMI NOBUTSUNA
			Igorando Pelo Filtro de Nome...
		Nome do Produto: THE SAMURAI
			Igorando Pelo Filtro de Nome...
		Nome do Produto: THE FIRST SAMURAI
			Igorando Pelo Filtro de Nome...
		Nome do Produto: THE TWILIGHT WARRIORS
			Igorando Pelo Filtro de Nome...
		Nome do Produto: FAMOUS SAMURAI: YAGYU MUNENORI
			Igorando Pelo Filtro de Nome...
		Nome do Produto: FAMOUS SAMURAI: ONO TADAAKI
			Igorando Pelo Filtro de Nome...
		Nome do Produto: SAMURAI WOMEN 1184-1877
			Igorando Pelo Filtro de Nome...
		Nome do Produto: WORLD OF WARRIORS: THE SEVENTH WARRIOR
			Igorando Pelo Filtro de Nome...
		Nome do Produto: EARLY SAMURAI AD 200-1500
			Igorando Pelo Filtro de Nome...
		Nome do Produto: THE SAMURAI SWORDSMAN
			Igorando Pelo Filtro de Nome...
		Nome do Produto: SAMURAI
			Igorando Pelo Filtro de Nome...
		Nome do Produto: THE SAMURAI SWORDSMAN
			Igorando Pelo Filtro de Nome...
		Nome do Produto: SILENT SAMURAI AND THE MAGNIFICENT RESCUE
			Igorando Pelo Filtro de Nome...
		Nome do Produto: SAMURAI SPIRIT
			Igorando Pelo Filtro de Nome...
		Nome do Produto: SAMURAI - STARS OF THE STAGE AND BEAUTIFUL WOMEN
			Igorando Pelo Filtro de Nome...
		Nome do Produto: SIX-STRING SAMURAI
			Igorando Pelo Filtro de Nome...
		Nome do Produto: SAMURAI SUDOKU
			Igorando Pelo Filtro de Nome...
	Tempo Para buscar: 3945
Loja: Magazine Luiza
	URL Principal: http://www.magazineluiza.com.br/
	URL Busca: http://www.magazineluiza.com.br/busca/<BUSCA>/
http://www.magazineluiza.com.br/busca/Samurai+Warriors/
		Documento Lido
		Resultados: 1
		Nome do Produto: Samurai Warriors 4 para PS4 - Koei
http://www.magazineluiza.com.br//samurai-warriors-4-para-ps4-koei/p/2124137/ga/gjps/?_b=Samurai+Warriors
		Acessando URL do produto.
	Tempo Para buscar: 676
Loja: Mula Games
	URL Principal: http://www.mulagames.com.br/
	URL Busca: http://www.mulagames.com.br/produtos-index/catalogo_produtos/-/-/<BUSCA>/-/-/-/-/-/
http://www.mulagames.com.br/produtos-index/catalogo_produtos/-/-/Samurai%20Warriors/-/-/-/-/-/
		Documento Lido
		Resultados: 2
		Nome do Produto: Samurai Warriors: Chronicles - 3DS
http://www.mulagames.com.br/Samurai-Warriors--Chronicles-3DS/prod-1079610/
		Acessando URL do produto.
http://www.mulagames.com.br/produto-ajax_retorna_dados_preco_comprar/1079610
		Acessando URL do preço produto.
		Nome do Produto: Samurai Warriors 4 - PS4
http://www.mulagames.com.br/Samurai-Warriors-4-PS4/prod-2489603/
		Acessando URL do produto.
http://www.mulagames.com.br/produto-ajax_retorna_dados_preco_comprar/2489603
		Acessando URL do preço produto.
	Tempo Para buscar: 4554
Loja: Net Shoes
	URL Principal: http://www.netshoes.com.br/
	URL Busca: http://www.netshoes.com.br/search?Ntt=<BUSCA>
http://www.netshoes.com.br/search?Ntt=Samurai+Warriors
		Documento Lido
		Resultados: 2
		Nome do Produto: Camiseta Venum Samurai
			Igorando Pelo Filtro de Nome...
		Nome do Produto: Camiseta Regata Adidas Golden State Warriors Road
			Igorando Pelo Filtro de Nome...
	Tempo Para buscar: 134
Loja: Ponto Frio
	URL Principal: http://www.pontofrio.com.br/
	URL Busca: http://search.pontofrio.com.br/search?w=<BUSCA>
http://search.pontofrio.com.br/search?w=Samurai+Warriors
		Documento Lido
		Resultados: 1
		Nome do Produto: Jogo Samurai Warriors 4 - PS4
http://search.pontofrio.com.br/search?p=R&srid=S3-USWSD02&lbc=pontofrio-br&w=Samurai%20Warriors&url=http%3a%2f%2fproduto.pontofrio.com.br%2f4050710%3f&rk=1&uid=282909751&sid=2&ts=custom&rsc=njjTNgPAB%3aRQ4q%3aY&method=and&isort=score&view=grid
		Nome do Produto: Jogo Warriors Orochi 3 Ultimate - PS4
			Igorando Pelo Filtro de Nome...
		Nome do Produto: Jogo Warriors Orochi 3 Ultimate - Xbox One
			Igorando Pelo Filtro de Nome...
		Nome do Produto: Jogo Warriors Orochi 3 Ultimate + Xbox Live Gold - 3 Meses
			Igorando Pelo Filtro de Nome...
		Nome do Produto: 4000 Bowls of Rice
			Igorando Pelo Filtro de Nome...
		Nome do Produto: Teat
			Igorando Pelo Filtro de Nome...
		Nome do Produto: Jogo Samurai Warriors 4 - PS4
http://search.pontofrio.com.br/search?p=R&srid=S3-USWSD02&lbc=pontofrio-br&w=Samurai%20Warriors&url=http%3a%2f%2fproduto.pontofrio.com.br%2f4050710%3f&rk=1&uid=282909751&sid=2&ts=custom&rsc=njjTNgPAB%3aRQ4q%3aY&method=and&isort=score&view=grid
		Nome do Produto: Jogo Warriors Orochi 3 Ultimate - PS4
			Igorando Pelo Filtro de Nome...
		Nome do Produto: Jogo Warriors Orochi 3 Ultimate - Xbox One
			Igorando Pelo Filtro de Nome...
		Nome do Produto: Jogo Warriors Orochi 3 Ultimate + Xbox Live Gold - 3 Meses
			Igorando Pelo Filtro de Nome...
		Nome do Produto: 4000 Bowls of Rice
			Igorando Pelo Filtro de Nome...
		Nome do Produto: Teat
			Igorando Pelo Filtro de Nome...
	Tempo Para buscar: 5227
Loja: Ricardo Eletro
	URL Principal: http://www.ricardoeletro.com.br/
	URL Busca: http://www.ricardoeletro.com.br/Busca/Resultado/?q=<BUSCA>
http://www.ricardoeletro.com.br/Busca/Resultado/?q=Samurai+Warriors
		Documento Lido
		Resultados: 16
		Nome do Produto: Conjunto De Facas 3 Peças Samurai - Brinox
			Igorando Pelo Filtro de Nome...
		Nome do Produto: Faca Multiuso 5" Samurai - Brinox
			Igorando Pelo Filtro de Nome...
		Nome do Produto: Faca Para Peixes e Legumes 6.6" Samurai - Brinox
			Igorando Pelo Filtro de Nome...
		Nome do Produto: Faca Chef 8.2" - Samurai - Brinox
			Igorando Pelo Filtro de Nome...
		Nome do Produto: Power Rangers Samurai Armadura Claw Battlezord com Samurai Ranger Luz - Sunny
			Igorando Pelo Filtro de Nome...
		Nome do Produto: Pião Beyblade Shogun Steel Bey Warriors Water x Earth Element - Hasbro
			Igorando Pelo Filtro de Nome...
		Nome do Produto: Faca para Legumes Samurai - Brinox
			Igorando Pelo Filtro de Nome...
		Nome do Produto: Faca Para Pao 8.2" Samurai - Brinox
			Igorando Pelo Filtro de Nome...
		Nome do Produto: Faca Para Peixe 4.4" Samurai - Brinox
			Igorando Pelo Filtro de Nome...
		Nome do Produto: Pião Beyblade Shogun Steel Bey Warriors Dark x Water Element - Hasbro
			Igorando Pelo Filtro de Nome...
		Nome do Produto: Beyblade Shogun Steel Samurai Infrit - Hasbro
			Igorando Pelo Filtro de Nome...
		Nome do Produto: Máscara Power Rangers Samurai Shogun Helmet 833 - Sunny Brinquedos
			Igorando Pelo Filtro de Nome...
		Nome do Produto: Linha Samurai Braid 8 fios 300 jardas - 275m Verde 80 lbs
			Igorando Pelo Filtro de Nome...
		Nome do Produto: Linha Samurai Braid 8 fios 150 jardas - 135m Verde 20 lbs
			Igorando Pelo Filtro de Nome...
		Nome do Produto: Linha Samurai Braid 8 fios 300 jardas - 275m Verde 55 lbs
			Igorando Pelo Filtro de Nome...
		Nome do Produto: Faca Para Sushi E Sashimi 8.4" Samurai - Brinox
			Igorando Pelo Filtro de Nome...
	Tempo Para buscar: 785
Loja: RiHappy
	URL Principal: http://www.rihappy.com.br/
	URL Busca: http://www.rihappy.com.br/<BUSCA>
http://www.rihappy.com.br/Samurai%20Warriors
		Documento Lido
		Resultados: 3
		Nome do Produto: Veiculo Beyblade Beyraiderz - Beywarriors - Ronin Dragoon - Hasbro - Piões de Batalha
			Igorando Pelo Filtro de Nome...
		Nome do Produto: Veiculo Beyblade Beyraiderz - Beywarriors - Berserker Byakko - Hasbro - Piões de Batalha
			Igorando Pelo Filtro de Nome...
		Nome do Produto: Kit Beyblade Set Batalha - Portal de Fogo + Veículo Beyblade Beyraiderz - Beywarriors - Berserker Byakko – Hasbro - Piões de Batalha
			Igorando Pelo Filtro de Nome...
	Tempo Para buscar: 974
Loja: Saraiva
	URL Principal: http://www.saraiva.com.br/
	URL Busca: http://busca.saraiva.com.br/search?w=<BUSCA>&PAC_ID=129457&ts=ajax
http://busca.saraiva.com.br/search?w=Samurai+Warriors&PAC_ID=129457&ts=ajax
		Documento Lido
		Resultados: 4
		Nome do Produto: Samurai Warriors 4 - PS4
individualUrl = http://busca.saraiva.com.br/search?p=R&srid=S11-USWSD01&lbc=saraiva&w=Samurai%20Warriors&url=http%3a%2f%2fwww.saraiva.com.br%2fproduto%2f8261388&rk=1&uid=282972907&sid=2&ts=ajax&rsc=rI%3aDt4X%3aK-VxWVvy&method=and&isort=score&view=grid
http://busca.saraiva.com.br/search?p=R&srid=S11-USWSD01&lbc=saraiva&w=Samurai%20Warriors&url=http%3a%2f%2fwww.saraiva.com.br%2fproduto%2f8261388&rk=1&uid=282972907&sid=2&ts=ajax&rsc=rI%3aDt4X%3aK-VxWVvy&method=and&isort=score&view=grid
		Acessando URL do produto.
		Nome do Produto: Samurai Warriors
individualUrl = http://busca.saraiva.com.br/search?p=R&srid=S11-USWSD01&lbc=saraiva&w=Samurai%20Warriors&url=http%3a%2f%2fwww.saraiva.com.br%2fproduto%2f2648176&rk=2&uid=282972907&sid=2&ts=ajax&rsc=QB0qidVgEOy8jOpM&method=and&isort=score&view=grid
http://busca.saraiva.com.br/search?p=R&srid=S11-USWSD01&lbc=saraiva&w=Samurai%20Warriors&url=http%3a%2f%2fwww.saraiva.com.br%2fproduto%2f2648176&rk=2&uid=282972907&sid=2&ts=ajax&rsc=QB0qidVgEOy8jOpM&method=and&isort=score&view=grid
		Acessando URL do produto.
		Nome do Produto: Samurai Warriors
individualUrl = http://busca.saraiva.com.br/search?p=R&srid=S11-USWSD01&lbc=saraiva&w=Samurai%20Warriors&url=http%3a%2f%2fwww.saraiva.com.br%2fproduto%2f913288&rk=3&uid=282972907&sid=2&ts=ajax&rsc=LQQtfpI9j5w0GwXv&method=and&isort=score&view=grid
http://busca.saraiva.com.br/search?p=R&srid=S11-USWSD01&lbc=saraiva&w=Samurai%20Warriors&url=http%3a%2f%2fwww.saraiva.com.br%2fproduto%2f913288&rk=3&uid=282972907&sid=2&ts=ajax&rsc=LQQtfpI9j5w0GwXv&method=and&isort=score&view=grid
		Acessando URL do produto.
		Nome do Produto: The Samurai Mind: Lessons from Japan's Master…
			Igorando Pelo Filtro de Nome...
	Tempo Para buscar: 9515
Loja: Shop Facil
	URL Principal: http://ww2.shopfacil.com.br/
	URL Busca: http://ww2.shopfacil.com.br/<BUSCA>
http://ww2.shopfacil.com.br/Samurai%20Warriors
		Documento Lido
		Resultados: 2
		Nome do Produto: Jogo Samurai Warriors 4 - PS4
http://ww2.shopfacil.com.br/jogo-samurai-warriors-4---ps4-2239769/p
		Acessando URL do produto.
		Nome do Produto: Boneco Beyblade Hasbro BeyWarriors - Samurai Lfrit
http://ww2.shopfacil.com.br/boneco-beyblade-hasbro-beywarriors---samurai-lfrit-2049688/p
		Acessando URL do produto.
	Tempo Para buscar: 2387
Loja: Shop Time
	URL Principal: http://www.shoptime.com.br/
	URL Busca: http://busca.shoptime.com.br/busca.php?q=<BUSCA>
http://busca.shoptime.com.br/busca.php?q=Samurai+Warriors
		Documento Lido
		Resultados: 2
		Nome do Produto: Game - Samurai Warriors 4 - PS4 Game Samurai Warriors 2 - XBOX 360
http://busca.shoptime.com.br/produto.php?link=http://www.shoptime.com.br/produto/121137783/game-samurai-warriors-4-ps4&ranking=1&sessao=U7LW3EOTIO047&idbusca=b8749e4f5c350b5bd4146013819a0c8b97d61d7d&idproduto=121137783
		Acessando URL do produto.
		Nome do Produto: Game - Samurai Warriors 4 - PS4 Game Samurai Warriors 2 - XBOX 360
http://busca.shoptime.com.br/produto.php?link=http://www.shoptime.com.br/produto/344688/game-samurai-warriors-2-xbox-360&ranking=2&sessao=U7LW3EOTIO047&idbusca=b8749e4f5c350b5bd4146013819a0c8b97d61d7d&idproduto=344688
		Acessando URL do produto.
	Tempo Para buscar: 1970
Loja: ShopB
	URL Principal: http://www.shopb.com.br/
	URL Busca: http://busca.shopb.com.br/?busca=<BUSCA>
http://busca.shopb.com.br/?busca=Samurai+Warriors
		Documento Lido
		Resultados: 31
		Nome do Produto: Samurai Warriors 4 - PS4
http://shopb.ecommercesearch.com.br/Busca/Redir?url=http%3a%2f%2fwww.shopb.com.br%2fecommerce_site%2findex.php%3fpg%3dproduto%26cdg%3d4488%26idp%3d39286%26idparceiro%3dp1&esid=39286
		Acessando URL do produto.
		Nome do Produto: Angry Birds: Star Wars - PS3
			Igorando Pelo Filtro de Nome...
		Nome do Produto: Angry Birds: Star Wars - XBOX 360
			Igorando Pelo Filtro de Nome...
		Nome do Produto: Angry Birds: Star Wars - XBOX ONE
			Igorando Pelo Filtro de Nome...
		Nome do Produto: Chaotic: Shadow Warriors - PS3
			Igorando Pelo Filtro de Nome...
		Nome do Produto: Command & Conquer Tiberium Wars 3 - XBOX 360
			Igorando Pelo Filtro de Nome...
		Nome do Produto: Dynasty Warriors 7 - XBOX 360
			Igorando Pelo Filtro de Nome...
		Nome do Produto: Dynasty Warriors 8 - PS3
			Igorando Pelo Filtro de Nome...
		Nome do Produto: Dynasty Warriors 8 - XBOX 360
			Igorando Pelo Filtro de Nome...
		Nome do Produto: Dynasty Warriors 8: Empires - PS4
			Igorando Pelo Filtro de Nome...
		Nome do Produto: Dynasty Warriors 8: Empires - XBOX ONE
			Igorando Pelo Filtro de Nome...
		Nome do Produto: Dynasty Warriors NEXT - PS Vita
			Igorando Pelo Filtro de Nome...
		Nome do Produto: Dynasty Warriors StrikeForce - PS3
			Igorando Pelo Filtro de Nome...
		Nome do Produto: Guitar Hero Warriors of Rock - PS3
			Igorando Pelo Filtro de Nome...
		Nome do Produto: Guitar Hero Warriors of Rock - XBOX 360
			Igorando Pelo Filtro de Nome...
		Nome do Produto: Guitar Hero Warriors of Rock - XBOX 360
			Igorando Pelo Filtro de Nome...
		Nome do Produto: Halo Wars - XBOX 360
			Igorando Pelo Filtro de Nome...
		Nome do Produto: Hyrule Warriors - Wii U
			Igorando Pelo Filtro de Nome...
		Nome do Produto: Kinect Star Wars - XBOX 360
			Igorando Pelo Filtro de Nome...
		Nome do Produto: LEGO O Senhor dos Anéis - XBOX 360
			Igorando Pelo Filtro de Nome...
		Nome do Produto: LEGO Star Wars III The Clone Wars - XBOX 360
			Igorando Pelo Filtro de Nome...
		Nome do Produto: LEGO Star Wars III: The Clone Wars - 3DS
			Igorando Pelo Filtro de Nome...
		Nome do Produto: Lego O Senhor dos Anéis - PS3
			Igorando Pelo Filtro de Nome...
		Nome do Produto: Lego Star Wars III The Clone Wars - PS3
			Igorando Pelo Filtro de Nome...
		Nome do Produto: Lego Star Wars The Complete Saga - PS3
			Igorando Pelo Filtro de Nome...
		Nome do Produto: Lego Star Wars The Complete Saga - XBOX 360
			Igorando Pelo Filtro de Nome...
		Nome do Produto: One Piece Pirate Warriors - PS3
			Igorando Pelo Filtro de Nome...
		Nome do Produto: One Piece Pirate Warriors 2: Collectors Edition - PS3
			Igorando Pelo Filtro de Nome...
		Nome do Produto: One Piece Pirate Warriors: Treasure Edition - PS3
			Igorando Pelo Filtro de Nome...
		Nome do Produto: Sengoku Basara: Samurai Heroes - PS3
			Igorando Pelo Filtro de Nome...
		Nome do Produto: Star Wars The Force Unleashed II - PS3
			Igorando Pelo Filtro de Nome...
	Tempo Para buscar: 1914
Loja: Submarino
	URL Principal: http://www.submarino.com.br/
	URL Busca: http://busca.submarino.com.br/busca.php?q=<BUSCA>
http://busca.submarino.com.br/busca.php?q=Samurai+Warriors
		Documento Lido
		Resultados: 4
		Nome do Produto: Game - Samurai Warriors 4 - PS4
http://busca.submarino.com.br/produto.php?link=http://www.submarino.com.br/produto/121137783/game-samurai-warriors-4-ps4&ranking=1&sessao=U7LW3JSKSDW87&idbusca=937cd6d6c79282d4a843b3c97d1f8c43b08178b6&idproduto=121137783
		Acessando URL do produto.
		Nome do Produto: Game Samurai Warriors - PS2
http://busca.submarino.com.br/produto.php?link=http://www.submarino.com.br/produto/318267/game-samurai-warriors-ps2&ranking=2&sessao=U7LW3JSKSDW87&idbusca=937cd6d6c79282d4a843b3c97d1f8c43b08178b6&idproduto=318267
		Acessando URL do produto.
		Nome do Produto: Game Samurai Warriors 2 - XBOX 360
http://busca.submarino.com.br/produto.php?link=http://www.submarino.com.br/produto/344688/game-samurai-warriors-2-xbox-360&ranking=3&sessao=U7LW3JSKSDW87&idbusca=937cd6d6c79282d4a843b3c97d1f8c43b08178b6&idproduto=344688
		Acessando URL do produto.
		Nome do Produto: Game Samurai Warriors Chronicles - 3DS
http://busca.submarino.com.br/produto.php?link=http://www.submarino.com.br/produto/7461215/game-samurai-warriors-chronicles-3ds&ranking=4&sessao=U7LW3JSKSDW87&idbusca=937cd6d6c79282d4a843b3c97d1f8c43b08178b6&idproduto=7461215
		Acessando URL do produto.
java.lang.NullPointerException
	at interfaces.search.SubmarinoSearch.readEachProduct(SubmarinoSearch.java:74)
	at interfaces.search.SubmarinoSearch.search(SubmarinoSearch.java:38)
	at objects.Shop.searchProduct(Shop.java:33)
	at Main.generateHtmlReport(Main.java:89)
	at Main.main(Main.java:58)
	Tempo Para buscar: 3806
Loja: Walmart
	URL Principal: http://www.walmart.com.br/
	URL Busca: http://www.walmart.com.br/busca/?ft=<BUSCA>&PS=20
http://www.walmart.com.br/busca/?ft=Samurai+Warriors&PS=20
		Documento Lido
		Resultados: 2
		Nome do Produto: Jogo Samurai Warriors 4 - PS4
http://www.walmart.com.br//produto/Games/Jogos-para-PS4/Koei/492784-jogo-samurai-warriors-4-ps4
		Acessando URL do produto.
		Nome do Produto: How To Be a Samurai Warrior
			Igorando Pelo Filtro de Nome...
	Tempo Para buscar: 3251

File copied from C:\java\workspace Estudo\lookforprices\resources\imports\css.css to C:\java\workspace Estudo\lookforprices\reports\2015-05-13 11\css.css
File copied from C:\java\workspace Estudo\lookforprices\resources\imports\jquery.js to C:\java\workspace Estudo\lookforprices\reports\2015-05-13 11\jquery.js
File copied from C:\java\workspace Estudo\lookforprices\resources\imports\scripts.js to C:\java\workspace Estudo\lookforprices\reports\2015-05-13 11\scripts.js
Tempo total de execução: 60202
