Game: Tenkai Knights
Product Name: Tenkai Knights
Loja: Nintendo eShop
	URL Principal: http://www.nintendo.com/3ds/eshop
	URL Busca: http://www.nintendo.com/json/content/get/game/filter?&qterm=<BUSCA>
NintendoEShopSearch.search() http://www.nintendo.com/json/content/get/game/filter?&qterm=Tenkai+Knights
		Documento Lido
		Resultados: 1
		Nome do Produto: Tenkai Knights Brave Battle
http://www.nintendo.com/games/detail/_4V1z8w0d6GsfzxbexTQM5jdH_tbUKl0
		Acessando URL do produto.
URL = http://www.nintendo.com/games/detail/_4V1z8w0d6GsfzxbexTQM5jdH_tbUKl0
	Tempo Para buscar: 1781
Loja: Americanas
	URL Principal: http://www.americanas.com.br/
	URL Busca: http://busca.americanas.com.br/busca.php?q=<BUSCA>
http://busca.americanas.com.br/busca.php?q=Tenkai+Knights
		Documento Lido
		Resultados: 30
		Nome do Produto: Batman Dark Knight Rises The Bat Hot Wheels Elite One 1:50
			Igorando Pelo Filtro de Nome...
		Nome do Produto: Xbox One - Batman: Arkham Knight - Pré-Venda 30/06/2015
			Igorando Pelo Filtro de Nome...
		Nome do Produto: Ps4 - Batman: Arkham Knight - Pré Venda - 30/06/2015
			Igorando Pelo Filtro de Nome...
		Nome do Produto: Carro com Controle Remoto Batmóvel The Dark Knight Rises Candide
			Igorando Pelo Filtro de Nome...
		Nome do Produto: Knights Of Grace Knight Of Two
			Igorando Pelo Filtro de Nome...
		Nome do Produto: Cachepot Para Lembrancinha Batman Dark Knight Rises 08 Unidades Regina Festas
			Igorando Pelo Filtro de Nome...
		Nome do Produto: Camiseta Feminina Batman The Dark Knight 2 Feminina Feminina/M
			Igorando Pelo Filtro de Nome...
		Nome do Produto: Camiseta Feminina Batman The Dark Knight 3 Feminina Feminina
			Igorando Pelo Filtro de Nome...
		Nome do Produto: The Knight Of The Golden Melic
			Igorando Pelo Filtro de Nome...
		Nome do Produto: Radio City Knight
			Igorando Pelo Filtro de Nome...
		Nome do Produto: Children Of The Knight Librar
			Igorando Pelo Filtro de Nome...
		Nome do Produto: Children Of The Knight
			Igorando Pelo Filtro de Nome...
		Nome do Produto: A Knight To Remember
			Igorando Pelo Filtro de Nome...
		Nome do Produto: The Crimson Knight
			Igorando Pelo Filtro de Nome...
		Nome do Produto: Knight
			Igorando Pelo Filtro de Nome...
		Nome do Produto: Dead Of Knight
			Igorando Pelo Filtro de Nome...
		Nome do Produto: Knight Of Flame
			Igorando Pelo Filtro de Nome...
		Nome do Produto: Scholar Knight
			Igorando Pelo Filtro de Nome...
		Nome do Produto: Krewes Knight
			Igorando Pelo Filtro de Nome...
		Nome do Produto: Knight In Shining Amour
			Igorando Pelo Filtro de Nome...
		Nome do Produto: Page, Esquire And Knight
			Igorando Pelo Filtro de Nome...
		Nome do Produto: Knight Of Fire
			Igorando Pelo Filtro de Nome...
		Nome do Produto: Last Goode Knight
			Igorando Pelo Filtro de Nome...
		Nome do Produto: Knight And Trask
			Igorando Pelo Filtro de Nome...
		Nome do Produto: The Reluctant Knight
			Igorando Pelo Filtro de Nome...
		Nome do Produto: The Knight From The Future
			Igorando Pelo Filtro de Nome...
		Nome do Produto: Winters Knight
			Igorando Pelo Filtro de Nome...
		Nome do Produto: The Wizard Knight Companion
			Igorando Pelo Filtro de Nome...
		Nome do Produto: Hard Days Knight
			Igorando Pelo Filtro de Nome...
		Nome do Produto: Pete Knight
			Igorando Pelo Filtro de Nome...
	Tempo Para buscar: 1004
Loja: Big Boy Games
	URL Principal: http://www.bigboygames.com.br/
	URL Busca: http://www.bigboygames.com.br/pesquisa/?p=<BUSCA>
http://www.bigboygames.com.br/pesquisa/?p=Tenkai+Knights
		Documento Lido
		Resultados: 2
		Nome do Produto: 3DS - Tenkai Knights: Brave Battle
http://www.bigboygames.com.br/3ds-tenkai-knights-brave-battle-p6716/
		Acessando URL do produto.
		Nome do Produto: 3DS - Tenkai Knights: Brave Battle [Em Breve]
http://www.bigboygames.com.br/3ds-tenkai-knights-brave-battle-em-breve-p6308/
		Acessando URL do produto.
	Tempo Para buscar: 2195
Loja: Casas Bahia
	URL Principal: http://www.casasbahia.com.br/
	URL Busca: http://buscas.casasbahia.com.br/search?w=<BUSCA>
http://buscas.casasbahia.com.br/search?w=Tenkai+Knights
		Documento Lido
		Resultados: 1
		Nome do Produto: 7 Knights
			Igorando Pelo Filtro de Nome...
		Nome do Produto: Space Knights
			Igorando Pelo Filtro de Nome...
		Nome do Produto: Dragon Knights
			Igorando Pelo Filtro de Nome...
		Nome do Produto: The Knights
			Igorando Pelo Filtro de Nome...
		Nome do Produto: Knight`s Valor
			Igorando Pelo Filtro de Nome...
		Nome do Produto: The Knights of Columbus
			Igorando Pelo Filtro de Nome...
		Nome do Produto: Knights of the Night
			Igorando Pelo Filtro de Nome...
		Nome do Produto: Knights of Cyndroania
			Igorando Pelo Filtro de Nome...
		Nome do Produto: Knights and Butterscotch
			Igorando Pelo Filtro de Nome...
		Nome do Produto: Knights of Warsaw
			Igorando Pelo Filtro de Nome...
		Nome do Produto: The Knights Revealed
			Igorando Pelo Filtro de Nome...
		Nome do Produto: The Knights of God
			Igorando Pelo Filtro de Nome...
		Nome do Produto: The Maroon Knights
			Igorando Pelo Filtro de Nome...
		Nome do Produto: Knights of the Sun
			Igorando Pelo Filtro de Nome...
		Nome do Produto: Knights of Rilch
			Igorando Pelo Filtro de Nome...
		Nome do Produto: Knights of Excalibur
			Igorando Pelo Filtro de Nome...
		Nome do Produto: Knights of the Saltier
			Igorando Pelo Filtro de Nome...
		Nome do Produto: Knights of the Sea
			Igorando Pelo Filtro de Nome...
		Nome do Produto: Knights Contract Xbox 360
			Igorando Pelo Filtro de Nome...
		Nome do Produto: The Knights of the Limits
			Igorando Pelo Filtro de Nome...
	Tempo Para buscar: 1293
Loja: Extra
	URL Principal: http://www.extra.com.br/
	URL Busca: http://buscando.extra.com.br/search?w=<BUSCA>
http://buscando.extra.com.br/search?w=Tenkai+Knights
		Documento Lido
		Resultados: 12
		Nome do Produto: Space Knights
			Igorando Pelo Filtro de Nome...
		Nome do Produto: 7 Knights
			Igorando Pelo Filtro de Nome...
		Nome do Produto: Dragon Knights
			Igorando Pelo Filtro de Nome...
		Nome do Produto: Knight`s Valor
			Igorando Pelo Filtro de Nome...
		Nome do Produto: The Knights
			Igorando Pelo Filtro de Nome...
		Nome do Produto: The Knights of Columbus
			Igorando Pelo Filtro de Nome...
		Nome do Produto: Knights of the Night
			Igorando Pelo Filtro de Nome...
		Nome do Produto: Knights of Cyndroania
			Igorando Pelo Filtro de Nome...
		Nome do Produto: Knights and Butterscotch
			Igorando Pelo Filtro de Nome...
		Nome do Produto: Knights of Warsaw
			Igorando Pelo Filtro de Nome...
		Nome do Produto: The Knights Revealed
			Igorando Pelo Filtro de Nome...
		Nome do Produto: The Knights of God
			Igorando Pelo Filtro de Nome...
	Tempo Para buscar: 2657
Loja: E-Virtua
	URL Principal: http://www.evirtua.com.br/
	URL Busca: http://www.evirtua.com.br/Busca?search_department_id=0&SearchTerm=<BUSCA>
http://www.evirtua.com.br/Busca?search_department_id=0&SearchTerm=Tenkai+Knights
		Documento Lido
		Resultados: 0
	Tempo Para buscar: 122
Loja: Fast Games
	URL Principal: http://www.fastgames.com.br/
	URL Busca: http://www.fastgames.com.br/loja/busca.php?loja=187970&palavra_busca=<BUSCA>
http://www.fastgames.com.br/loja/busca.php?loja=187970&palavra_busca=Tenkai+Knights
		Documento Lido
		Resultados: 1
		Nome do Produto: Tenkai Knights: Brave Battle - 3DS
http://www.fastgames.com.br//tenkai-knights-brave-battle-3ds-pr-9400-187970.htm
		Acessando URL do produto.
	Tempo Para buscar: 1921
Loja: Fast Shop
	URL Principal: http://www.fastshop.com.br/loja/
	URL Busca: http://www.fastshop.com.br/webapp/wcs/stores/servlet/SearchDisplay?searchTerm=<BUSCA>&categoryId=&storeId=10151&catalogId=11052&langId=-6&pageSize=9&beginIndex=0&sType=SimpleSearch&resultCatEntryType=2&showResultsPage=true&searchSource=Q&pageView=&hotsite=fastshop
http://www.fastshop.com.br/webapp/wcs/stores/servlet/SearchDisplay?searchTerm=Tenkai+Knights&categoryId=&storeId=10151&catalogId=11052&langId=-6&pageSize=9&beginIndex=0&sType=SimpleSearch&resultCatEntryType=2&showResultsPage=true&searchSource=Q&pageView=&hotsite=fastshop
		Documento Lido
		Resultados: 0
	Tempo Para buscar: 611
Loja: FNAC
	URL Principal: http://www.fnac.com.br/index.html
	URL Busca: http://busca.fnac.com.br/?busca=<BUSCA>
http://busca.fnac.com.br/?busca=Tenkai+Knights
		Documento Lido
		Resultados: 20
		Nome do Produto: Ressonância Magnética
			Igorando Pelo Filtro de Nome...
		Nome do Produto: Dinossauro Rex - Toy Story Falante E Articulado
			Igorando Pelo Filtro de Nome...
		Nome do Produto: Boneco de Pelucia Jumbo Dave - Malvado Favorito
			Igorando Pelo Filtro de Nome...
		Nome do Produto: Boneco Falante Buzz-lightyear Com Escudo E Bazuca
			Igorando Pelo Filtro de Nome...
		Nome do Produto: Boneco Falante Minion Bombeiro - Malvado Favorito
			Igorando Pelo Filtro de Nome...
		Nome do Produto: Princíoios de Neurociência
			Igorando Pelo Filtro de Nome...
		Nome do Produto: Boneco Falante Buzz-lightyear Com Luz E Som - Power Up
			Igorando Pelo Filtro de Nome...
		Nome do Produto: Bioquimica
			Igorando Pelo Filtro de Nome...
		Nome do Produto: Boneco Falante Jerry -meu Malvado Favorito
			Igorando Pelo Filtro de Nome...
		Nome do Produto: Algoritmos
			Igorando Pelo Filtro de Nome...
		Nome do Produto: The Audi Book
			Igorando Pelo Filtro de Nome...
		Nome do Produto: The Bentley Book
			Igorando Pelo Filtro de Nome...
		Nome do Produto: Boneca de 29cm - Dra Brinquedos Com Som
			Igorando Pelo Filtro de Nome...
		Nome do Produto: Ps3 The Witch And The Hundred Knights
			Igorando Pelo Filtro de Nome...
		Nome do Produto: Integração E Cidadania Europeia
			Igorando Pelo Filtro de Nome...
		Nome do Produto: Clt - Consolidações das Leis do Trabalho - 12ª Edição
			Igorando Pelo Filtro de Nome...
		Nome do Produto: Razer Goliathus Medium Speed World Of Tanks Mousepad
			Igorando Pelo Filtro de Nome...
		Nome do Produto: The Ebike Book
			Igorando Pelo Filtro de Nome...
		Nome do Produto: The Bike Book
			Igorando Pelo Filtro de Nome...
		Nome do Produto: Introdução A Segurança de Computadores
			Igorando Pelo Filtro de Nome...
	Tempo Para buscar: 1239
Loja: Kabum
	URL Principal: http://www.kabum.com.br/
	URL Busca: http://www.kabum.com.br/cgi-local/site/listagem/listagem.cgi?string=<BUSCA>&btnG=
http://www.kabum.com.br/cgi-local/site/listagem/listagem.cgi?string=Tenkai+Knights&btnG=
		Documento Lido
		Resultados: 0
	Tempo Para buscar: 409
Loja: Livraria Cultura
	URL Principal: http://www.livrariacultura.com.br/
	URL Busca: http://www.livrariacultura.com.br/busca?N=0&Ntt=<BUSCA>
http://www.livrariacultura.com.br/busca?N=0&Ntt=Tenkai+Knights
		Documento Lido
		Resultados: 8
		Nome do Produto: 3. TENKAI KNIGHTS
http://www.livrariacultura.com.br/p/3-tenkai-knights-86942569
		Acessando URL do produto.
		Nome do Produto: 5. TENKAI KNIGHTS : LE SPECTRE DES TENEBRES
http://www.livrariacultura.com.br/p/5-tenkai-knights-le-spectre-des-tenebres-89512836
		Acessando URL do produto.
		Nome do Produto: 2. TENKAI KNIGHTS
http://www.livrariacultura.com.br/p/2-tenkai-knights-86942984
		Acessando URL do produto.
		Nome do Produto: TENKAI KNIGHTS GO
http://www.livrariacultura.com.br/p/tenkai-knights-go-42296564
		Acessando URL do produto.
		Nome do Produto: TENKAI KNIGHTS - TOME 4
http://www.livrariacultura.com.br/p/tenkai-knights-tome-4-87293583
		Acessando URL do produto.
		Nome do Produto: 1. TENKAI KNIGHTS
http://www.livrariacultura.com.br/p/1-tenkai-knights-86943010
		Acessando URL do produto.
		Nome do Produto: DEFENDERS OF QUARTON
			Igorando Pelo Filtro de Nome...
		Nome do Produto: THE POWER OF FOUR
			Igorando Pelo Filtro de Nome...
	Tempo Para buscar: 2113
Loja: Magazine Luiza
	URL Principal: http://www.magazineluiza.com.br/
	URL Busca: http://www.magazineluiza.com.br/busca/<BUSCA>/
http://www.magazineluiza.com.br/busca/Tenkai+Knights/
		Documento Lido
		Resultados: 2
		Nome do Produto: Boneco Transformers Silver Knight - Hasbro
			Igorando Pelo Filtro de Nome...
		Nome do Produto: Batmóvel The Dark Knight Rises 7 Funções - Candide
			Igorando Pelo Filtro de Nome...
	Tempo Para buscar: 405
Loja: Mula Games
	URL Principal: http://www.mulagames.com.br/
	URL Busca: http://www.mulagames.com.br/produtos-index/catalogo_produtos/-/-/<BUSCA>/-/-/-/-/-/
http://www.mulagames.com.br/produtos-index/catalogo_produtos/-/-/Tenkai%20Knights/-/-/-/-/-/
		Documento Lido
		Resultados: 0
	Tempo Para buscar: 1064
Loja: Net Shoes
	URL Principal: http://www.netshoes.com.br/
	URL Busca: http://www.netshoes.com.br/search?Ntt=<BUSCA>
http://www.netshoes.com.br/search?Ntt=Tenkai+Knights
		Documento Lido
		Resultados: 0
	Tempo Para buscar: 132
Loja: Ponto Frio
	URL Principal: http://www.pontofrio.com.br/
	URL Busca: http://search.pontofrio.com.br/search?w=<BUSCA>
http://search.pontofrio.com.br/search?w=Tenkai+Knights
		Documento Lido
		Resultados: 1
		Nome do Produto: 7 Knights
			Igorando Pelo Filtro de Nome...
		Nome do Produto: Space Knights
			Igorando Pelo Filtro de Nome...
		Nome do Produto: Dragon Knights
			Igorando Pelo Filtro de Nome...
		Nome do Produto: The Knights
			Igorando Pelo Filtro de Nome...
		Nome do Produto: Knight`s Valor
			Igorando Pelo Filtro de Nome...
		Nome do Produto: The Knights of Columbus
			Igorando Pelo Filtro de Nome...
		Nome do Produto: Knights of the Night
			Igorando Pelo Filtro de Nome...
		Nome do Produto: Knights of Cyndroania
			Igorando Pelo Filtro de Nome...
		Nome do Produto: The Knights Revealed
			Igorando Pelo Filtro de Nome...
		Nome do Produto: Knights of Warsaw
			Igorando Pelo Filtro de Nome...
		Nome do Produto: Knights and Butterscotch
			Igorando Pelo Filtro de Nome...
		Nome do Produto: The Knights of God
			Igorando Pelo Filtro de Nome...
		Nome do Produto: Knights of Rilch
			Igorando Pelo Filtro de Nome...
		Nome do Produto: The Maroon Knights
			Igorando Pelo Filtro de Nome...
		Nome do Produto: Knights of the Sun
			Igorando Pelo Filtro de Nome...
		Nome do Produto: Knights Contract Xbox 360
			Igorando Pelo Filtro de Nome...
		Nome do Produto: Knights of Excalibur
			Igorando Pelo Filtro de Nome...
		Nome do Produto: Knights of the Saltier
			Igorando Pelo Filtro de Nome...
		Nome do Produto: Knights of the Sea
			Igorando Pelo Filtro de Nome...
		Nome do Produto: The Knights of the Limits
			Igorando Pelo Filtro de Nome...
		Nome do Produto: 7 Knights
			Igorando Pelo Filtro de Nome...
		Nome do Produto: Space Knights
			Igorando Pelo Filtro de Nome...
		Nome do Produto: Dragon Knights
			Igorando Pelo Filtro de Nome...
		Nome do Produto: The Knights
			Igorando Pelo Filtro de Nome...
		Nome do Produto: Knight`s Valor
			Igorando Pelo Filtro de Nome...
		Nome do Produto: The Knights of Columbus
			Igorando Pelo Filtro de Nome...
		Nome do Produto: Knights of the Night
			Igorando Pelo Filtro de Nome...
		Nome do Produto: Knights of Cyndroania
			Igorando Pelo Filtro de Nome...
		Nome do Produto: The Knights Revealed
			Igorando Pelo Filtro de Nome...
		Nome do Produto: Knights of Warsaw
			Igorando Pelo Filtro de Nome...
		Nome do Produto: Knights and Butterscotch
			Igorando Pelo Filtro de Nome...
		Nome do Produto: The Knights of God
			Igorando Pelo Filtro de Nome...
		Nome do Produto: Knights of Rilch
			Igorando Pelo Filtro de Nome...
		Nome do Produto: The Maroon Knights
			Igorando Pelo Filtro de Nome...
		Nome do Produto: Knights of the Sun
			Igorando Pelo Filtro de Nome...
		Nome do Produto: Knights Contract Xbox 360
			Igorando Pelo Filtro de Nome...
		Nome do Produto: Knights of Excalibur
			Igorando Pelo Filtro de Nome...
		Nome do Produto: Knights of the Saltier
			Igorando Pelo Filtro de Nome...
		Nome do Produto: Knights of the Sea
			Igorando Pelo Filtro de Nome...
		Nome do Produto: The Knights of the Limits
			Igorando Pelo Filtro de Nome...
	Tempo Para buscar: 1087
Loja: Ricardo Eletro
	URL Principal: http://www.ricardoeletro.com.br/
	URL Busca: http://www.ricardoeletro.com.br/Busca/Resultado/?q=<BUSCA>
http://www.ricardoeletro.com.br/Busca/Resultado/?q=Tenkai+Knights
		Documento Lido
		Resultados: 0
	Tempo Para buscar: 1383
Loja: RiHappy
	URL Principal: http://www.rihappy.com.br/
	URL Busca: http://www.rihappy.com.br/<BUSCA>
http://www.rihappy.com.br/Tenkai%20Knights
		Documento Lido
		Resultados: 0
	Tempo Para buscar: 1704
Loja: Saraiva
	URL Principal: http://www.saraiva.com.br/
	URL Busca: http://busca.saraiva.com.br/search?w=<BUSCA>&PAC_ID=129457&ts=ajax
http://busca.saraiva.com.br/search?w=Tenkai+Knights&PAC_ID=129457&ts=ajax
		Documento Lido
		Resultados: 30
		Nome do Produto: Tenka Preta Pretinha
			Igorando Pelo Filtro de Nome...
		Nome do Produto: Knights
			Igorando Pelo Filtro de Nome...
		Nome do Produto: Knights
			Igorando Pelo Filtro de Nome...
		Nome do Produto: Knights
			Igorando Pelo Filtro de Nome...
		Nome do Produto: Knights
			Igorando Pelo Filtro de Nome...
		Nome do Produto: Knights
			Igorando Pelo Filtro de Nome...
		Nome do Produto: Knights
			Igorando Pelo Filtro de Nome...
		Nome do Produto: Knights
			Igorando Pelo Filtro de Nome...
		Nome do Produto: Knights
			Igorando Pelo Filtro de Nome...
		Nome do Produto: Vegas Knights
			Igorando Pelo Filtro de Nome...
		Nome do Produto: Atomic Knights
			Igorando Pelo Filtro de Nome...
		Nome do Produto: Good Knights
			Igorando Pelo Filtro de Nome...
		Nome do Produto: Medieval Knights
			Igorando Pelo Filtro de Nome...
		Nome do Produto: Boca Knights
			Igorando Pelo Filtro de Nome...
		Nome do Produto: Knights Templar
			Igorando Pelo Filtro de Nome...
		Nome do Produto: Knights' Kingdom
			Igorando Pelo Filtro de Nome...
		Nome do Produto: Real Knights
			Igorando Pelo Filtro de Nome...
		Nome do Produto: Grey Knights
			Igorando Pelo Filtro de Nome...
		Nome do Produto: Black Knights
			Igorando Pelo Filtro de Nome...
		Nome do Produto: Black Knights
			Igorando Pelo Filtro de Nome...
		Nome do Produto: Medieval Knights
			Igorando Pelo Filtro de Nome...
		Nome do Produto: Dragon Knights
			Igorando Pelo Filtro de Nome...
		Nome do Produto: Black Knights
			Igorando Pelo Filtro de Nome...
		Nome do Produto: The Knights
			Igorando Pelo Filtro de Nome...
		Nome do Produto: The Knights of Arthur
			Igorando Pelo Filtro de Nome...
		Nome do Produto: Knights And Armour
			Igorando Pelo Filtro de Nome...
		Nome do Produto: Knights And Castles
			Igorando Pelo Filtro de Nome...
		Nome do Produto: Daredevil - Dark Knights
			Igorando Pelo Filtro de Nome...
		Nome do Produto: Medieval Knights Stickers
			Igorando Pelo Filtro de Nome...
		Nome do Produto: King Arthur's Knights
			Igorando Pelo Filtro de Nome...
	Tempo Para buscar: 611
Loja: Shop Facil
	URL Principal: http://ww2.shopfacil.com.br/
	URL Busca: http://ww2.shopfacil.com.br/<BUSCA>
http://ww2.shopfacil.com.br/Tenkai%20Knights
		Documento Lido
		Resultados: 0
	Tempo Para buscar: 4244
Loja: Shop Time
	URL Principal: http://www.shoptime.com.br/
	URL Busca: http://busca.shoptime.com.br/busca.php?q=<BUSCA>
http://busca.shoptime.com.br/busca.php?q=Tenkai+Knights
		Documento Lido
		Resultados: 20
		Nome do Produto: Xbox One - Batman: Arkham Knight - Pré-Venda 30/06/2015 Ps4 - Batman: Arkham Knight - Pré Venda - 30/06/2015 Carro com Controle Remoto Batmóvel The Dark Knight Rises Candide Livro - Perca Peso Caminhando: O Jeito Mais Fácil de se Manter em Forma,... Batman Dark Knight Rises The Bat Hot Wheels Elite One 1:50 Knights Of Grace Knight Of Two Camiseta Feminina Batman The Dark Knight 3 Feminina Feminina Radio City Knight Adesivos Para Lembrancinha Batman Dark Knight Rises 03 Cartelas Regina... Cachepot Para Lembrancinha Batman Dark Knight Rises 08 Unidades Regina... Children Of The Knight Librar Children Of The Knight A Knight To Remember The Crimson Knight Knight Dead Of Knight Last Knight Of Golden Downs Knight Of Flame Scholar Knight Krewes Knight
			Igorando Pelo Filtro de Nome...
		Nome do Produto: Xbox One - Batman: Arkham Knight - Pré-Venda 30/06/2015 Ps4 - Batman: Arkham Knight - Pré Venda - 30/06/2015 Carro com Controle Remoto Batmóvel The Dark Knight Rises Candide Livro - Perca Peso Caminhando: O Jeito Mais Fácil de se Manter em Forma,... Batman Dark Knight Rises The Bat Hot Wheels Elite One 1:50 Knights Of Grace Knight Of Two Camiseta Feminina Batman The Dark Knight 3 Feminina Feminina Radio City Knight Adesivos Para Lembrancinha Batman Dark Knight Rises 03 Cartelas Regina... Cachepot Para Lembrancinha Batman Dark Knight Rises 08 Unidades Regina... Children Of The Knight Librar Children Of The Knight A Knight To Remember The Crimson Knight Knight Dead Of Knight Last Knight Of Golden Downs Knight Of Flame Scholar Knight Krewes Knight
			Igorando Pelo Filtro de Nome...
		Nome do Produto: Xbox One - Batman: Arkham Knight - Pré-Venda 30/06/2015 Ps4 - Batman: Arkham Knight - Pré Venda - 30/06/2015 Carro com Controle Remoto Batmóvel The Dark Knight Rises Candide Livro - Perca Peso Caminhando: O Jeito Mais Fácil de se Manter em Forma,... Batman Dark Knight Rises The Bat Hot Wheels Elite One 1:50 Knights Of Grace Knight Of Two Camiseta Feminina Batman The Dark Knight 3 Feminina Feminina Radio City Knight Adesivos Para Lembrancinha Batman Dark Knight Rises 03 Cartelas Regina... Cachepot Para Lembrancinha Batman Dark Knight Rises 08 Unidades Regina... Children Of The Knight Librar Children Of The Knight A Knight To Remember The Crimson Knight Knight Dead Of Knight Last Knight Of Golden Downs Knight Of Flame Scholar Knight Krewes Knight
			Igorando Pelo Filtro de Nome...
		Nome do Produto: Xbox One - Batman: Arkham Knight - Pré-Venda 30/06/2015 Ps4 - Batman: Arkham Knight - Pré Venda - 30/06/2015 Carro com Controle Remoto Batmóvel The Dark Knight Rises Candide Livro - Perca Peso Caminhando: O Jeito Mais Fácil de se Manter em Forma,... Batman Dark Knight Rises The Bat Hot Wheels Elite One 1:50 Knights Of Grace Knight Of Two Camiseta Feminina Batman The Dark Knight 3 Feminina Feminina Radio City Knight Adesivos Para Lembrancinha Batman Dark Knight Rises 03 Cartelas Regina... Cachepot Para Lembrancinha Batman Dark Knight Rises 08 Unidades Regina... Children Of The Knight Librar Children Of The Knight A Knight To Remember The Crimson Knight Knight Dead Of Knight Last Knight Of Golden Downs Knight Of Flame Scholar Knight Krewes Knight
			Igorando Pelo Filtro de Nome...
		Nome do Produto: Xbox One - Batman: Arkham Knight - Pré-Venda 30/06/2015 Ps4 - Batman: Arkham Knight - Pré Venda - 30/06/2015 Carro com Controle Remoto Batmóvel The Dark Knight Rises Candide Livro - Perca Peso Caminhando: O Jeito Mais Fácil de se Manter em Forma,... Batman Dark Knight Rises The Bat Hot Wheels Elite One 1:50 Knights Of Grace Knight Of Two Camiseta Feminina Batman The Dark Knight 3 Feminina Feminina Radio City Knight Adesivos Para Lembrancinha Batman Dark Knight Rises 03 Cartelas Regina... Cachepot Para Lembrancinha Batman Dark Knight Rises 08 Unidades Regina... Children Of The Knight Librar Children Of The Knight A Knight To Remember The Crimson Knight Knight Dead Of Knight Last Knight Of Golden Downs Knight Of Flame Scholar Knight Krewes Knight
			Igorando Pelo Filtro de Nome...
		Nome do Produto: Xbox One - Batman: Arkham Knight - Pré-Venda 30/06/2015 Ps4 - Batman: Arkham Knight - Pré Venda - 30/06/2015 Carro com Controle Remoto Batmóvel The Dark Knight Rises Candide Livro - Perca Peso Caminhando: O Jeito Mais Fácil de se Manter em Forma,... Batman Dark Knight Rises The Bat Hot Wheels Elite One 1:50 Knights Of Grace Knight Of Two Camiseta Feminina Batman The Dark Knight 3 Feminina Feminina Radio City Knight Adesivos Para Lembrancinha Batman Dark Knight Rises 03 Cartelas Regina... Cachepot Para Lembrancinha Batman Dark Knight Rises 08 Unidades Regina... Children Of The Knight Librar Children Of The Knight A Knight To Remember The Crimson Knight Knight Dead Of Knight Last Knight Of Golden Downs Knight Of Flame Scholar Knight Krewes Knight
			Igorando Pelo Filtro de Nome...
		Nome do Produto: Xbox One - Batman: Arkham Knight - Pré-Venda 30/06/2015 Ps4 - Batman: Arkham Knight - Pré Venda - 30/06/2015 Carro com Controle Remoto Batmóvel The Dark Knight Rises Candide Livro - Perca Peso Caminhando: O Jeito Mais Fácil de se Manter em Forma,... Batman Dark Knight Rises The Bat Hot Wheels Elite One 1:50 Knights Of Grace Knight Of Two Camiseta Feminina Batman The Dark Knight 3 Feminina Feminina Radio City Knight Adesivos Para Lembrancinha Batman Dark Knight Rises 03 Cartelas Regina... Cachepot Para Lembrancinha Batman Dark Knight Rises 08 Unidades Regina... Children Of The Knight Librar Children Of The Knight A Knight To Remember The Crimson Knight Knight Dead Of Knight Last Knight Of Golden Downs Knight Of Flame Scholar Knight Krewes Knight
			Igorando Pelo Filtro de Nome...
		Nome do Produto: Xbox One - Batman: Arkham Knight - Pré-Venda 30/06/2015 Ps4 - Batman: Arkham Knight - Pré Venda - 30/06/2015 Carro com Controle Remoto Batmóvel The Dark Knight Rises Candide Livro - Perca Peso Caminhando: O Jeito Mais Fácil de se Manter em Forma,... Batman Dark Knight Rises The Bat Hot Wheels Elite One 1:50 Knights Of Grace Knight Of Two Camiseta Feminina Batman The Dark Knight 3 Feminina Feminina Radio City Knight Adesivos Para Lembrancinha Batman Dark Knight Rises 03 Cartelas Regina... Cachepot Para Lembrancinha Batman Dark Knight Rises 08 Unidades Regina... Children Of The Knight Librar Children Of The Knight A Knight To Remember The Crimson Knight Knight Dead Of Knight Last Knight Of Golden Downs Knight Of Flame Scholar Knight Krewes Knight
			Igorando Pelo Filtro de Nome...
		Nome do Produto: Xbox One - Batman: Arkham Knight - Pré-Venda 30/06/2015 Ps4 - Batman: Arkham Knight - Pré Venda - 30/06/2015 Carro com Controle Remoto Batmóvel The Dark Knight Rises Candide Livro - Perca Peso Caminhando: O Jeito Mais Fácil de se Manter em Forma,... Batman Dark Knight Rises The Bat Hot Wheels Elite One 1:50 Knights Of Grace Knight Of Two Camiseta Feminina Batman The Dark Knight 3 Feminina Feminina Radio City Knight Adesivos Para Lembrancinha Batman Dark Knight Rises 03 Cartelas Regina... Cachepot Para Lembrancinha Batman Dark Knight Rises 08 Unidades Regina... Children Of The Knight Librar Children Of The Knight A Knight To Remember The Crimson Knight Knight Dead Of Knight Last Knight Of Golden Downs Knight Of Flame Scholar Knight Krewes Knight
			Igorando Pelo Filtro de Nome...
		Nome do Produto: Xbox One - Batman: Arkham Knight - Pré-Venda 30/06/2015 Ps4 - Batman: Arkham Knight - Pré Venda - 30/06/2015 Carro com Controle Remoto Batmóvel The Dark Knight Rises Candide Livro - Perca Peso Caminhando: O Jeito Mais Fácil de se Manter em Forma,... Batman Dark Knight Rises The Bat Hot Wheels Elite One 1:50 Knights Of Grace Knight Of Two Camiseta Feminina Batman The Dark Knight 3 Feminina Feminina Radio City Knight Adesivos Para Lembrancinha Batman Dark Knight Rises 03 Cartelas Regina... Cachepot Para Lembrancinha Batman Dark Knight Rises 08 Unidades Regina... Children Of The Knight Librar Children Of The Knight A Knight To Remember The Crimson Knight Knight Dead Of Knight Last Knight Of Golden Downs Knight Of Flame Scholar Knight Krewes Knight
			Igorando Pelo Filtro de Nome...
		Nome do Produto: Xbox One - Batman: Arkham Knight - Pré-Venda 30/06/2015 Ps4 - Batman: Arkham Knight - Pré Venda - 30/06/2015 Carro com Controle Remoto Batmóvel The Dark Knight Rises Candide Livro - Perca Peso Caminhando: O Jeito Mais Fácil de se Manter em Forma,... Batman Dark Knight Rises The Bat Hot Wheels Elite One 1:50 Knights Of Grace Knight Of Two Camiseta Feminina Batman The Dark Knight 3 Feminina Feminina Radio City Knight Adesivos Para Lembrancinha Batman Dark Knight Rises 03 Cartelas Regina... Cachepot Para Lembrancinha Batman Dark Knight Rises 08 Unidades Regina... Children Of The Knight Librar Children Of The Knight A Knight To Remember The Crimson Knight Knight Dead Of Knight Last Knight Of Golden Downs Knight Of Flame Scholar Knight Krewes Knight
			Igorando Pelo Filtro de Nome...
		Nome do Produto: Xbox One - Batman: Arkham Knight - Pré-Venda 30/06/2015 Ps4 - Batman: Arkham Knight - Pré Venda - 30/06/2015 Carro com Controle Remoto Batmóvel The Dark Knight Rises Candide Livro - Perca Peso Caminhando: O Jeito Mais Fácil de se Manter em Forma,... Batman Dark Knight Rises The Bat Hot Wheels Elite One 1:50 Knights Of Grace Knight Of Two Camiseta Feminina Batman The Dark Knight 3 Feminina Feminina Radio City Knight Adesivos Para Lembrancinha Batman Dark Knight Rises 03 Cartelas Regina... Cachepot Para Lembrancinha Batman Dark Knight Rises 08 Unidades Regina... Children Of The Knight Librar Children Of The Knight A Knight To Remember The Crimson Knight Knight Dead Of Knight Last Knight Of Golden Downs Knight Of Flame Scholar Knight Krewes Knight
			Igorando Pelo Filtro de Nome...
		Nome do Produto: Xbox One - Batman: Arkham Knight - Pré-Venda 30/06/2015 Ps4 - Batman: Arkham Knight - Pré Venda - 30/06/2015 Carro com Controle Remoto Batmóvel The Dark Knight Rises Candide Livro - Perca Peso Caminhando: O Jeito Mais Fácil de se Manter em Forma,... Batman Dark Knight Rises The Bat Hot Wheels Elite One 1:50 Knights Of Grace Knight Of Two Camiseta Feminina Batman The Dark Knight 3 Feminina Feminina Radio City Knight Adesivos Para Lembrancinha Batman Dark Knight Rises 03 Cartelas Regina... Cachepot Para Lembrancinha Batman Dark Knight Rises 08 Unidades Regina... Children Of The Knight Librar Children Of The Knight A Knight To Remember The Crimson Knight Knight Dead Of Knight Last Knight Of Golden Downs Knight Of Flame Scholar Knight Krewes Knight
			Igorando Pelo Filtro de Nome...
		Nome do Produto: Xbox One - Batman: Arkham Knight - Pré-Venda 30/06/2015 Ps4 - Batman: Arkham Knight - Pré Venda - 30/06/2015 Carro com Controle Remoto Batmóvel The Dark Knight Rises Candide Livro - Perca Peso Caminhando: O Jeito Mais Fácil de se Manter em Forma,... Batman Dark Knight Rises The Bat Hot Wheels Elite One 1:50 Knights Of Grace Knight Of Two Camiseta Feminina Batman The Dark Knight 3 Feminina Feminina Radio City Knight Adesivos Para Lembrancinha Batman Dark Knight Rises 03 Cartelas Regina... Cachepot Para Lembrancinha Batman Dark Knight Rises 08 Unidades Regina... Children Of The Knight Librar Children Of The Knight A Knight To Remember The Crimson Knight Knight Dead Of Knight Last Knight Of Golden Downs Knight Of Flame Scholar Knight Krewes Knight
			Igorando Pelo Filtro de Nome...
		Nome do Produto: Xbox One - Batman: Arkham Knight - Pré-Venda 30/06/2015 Ps4 - Batman: Arkham Knight - Pré Venda - 30/06/2015 Carro com Controle Remoto Batmóvel The Dark Knight Rises Candide Livro - Perca Peso Caminhando: O Jeito Mais Fácil de se Manter em Forma,... Batman Dark Knight Rises The Bat Hot Wheels Elite One 1:50 Knights Of Grace Knight Of Two Camiseta Feminina Batman The Dark Knight 3 Feminina Feminina Radio City Knight Adesivos Para Lembrancinha Batman Dark Knight Rises 03 Cartelas Regina... Cachepot Para Lembrancinha Batman Dark Knight Rises 08 Unidades Regina... Children Of The Knight Librar Children Of The Knight A Knight To Remember The Crimson Knight Knight Dead Of Knight Last Knight Of Golden Downs Knight Of Flame Scholar Knight Krewes Knight
			Igorando Pelo Filtro de Nome...
		Nome do Produto: Xbox One - Batman: Arkham Knight - Pré-Venda 30/06/2015 Ps4 - Batman: Arkham Knight - Pré Venda - 30/06/2015 Carro com Controle Remoto Batmóvel The Dark Knight Rises Candide Livro - Perca Peso Caminhando: O Jeito Mais Fácil de se Manter em Forma,... Batman Dark Knight Rises The Bat Hot Wheels Elite One 1:50 Knights Of Grace Knight Of Two Camiseta Feminina Batman The Dark Knight 3 Feminina Feminina Radio City Knight Adesivos Para Lembrancinha Batman Dark Knight Rises 03 Cartelas Regina... Cachepot Para Lembrancinha Batman Dark Knight Rises 08 Unidades Regina... Children Of The Knight Librar Children Of The Knight A Knight To Remember The Crimson Knight Knight Dead Of Knight Last Knight Of Golden Downs Knight Of Flame Scholar Knight Krewes Knight
			Igorando Pelo Filtro de Nome...
		Nome do Produto: Xbox One - Batman: Arkham Knight - Pré-Venda 30/06/2015 Ps4 - Batman: Arkham Knight - Pré Venda - 30/06/2015 Carro com Controle Remoto Batmóvel The Dark Knight Rises Candide Livro - Perca Peso Caminhando: O Jeito Mais Fácil de se Manter em Forma,... Batman Dark Knight Rises The Bat Hot Wheels Elite One 1:50 Knights Of Grace Knight Of Two Camiseta Feminina Batman The Dark Knight 3 Feminina Feminina Radio City Knight Adesivos Para Lembrancinha Batman Dark Knight Rises 03 Cartelas Regina... Cachepot Para Lembrancinha Batman Dark Knight Rises 08 Unidades Regina... Children Of The Knight Librar Children Of The Knight A Knight To Remember The Crimson Knight Knight Dead Of Knight Last Knight Of Golden Downs Knight Of Flame Scholar Knight Krewes Knight
			Igorando Pelo Filtro de Nome...
		Nome do Produto: Xbox One - Batman: Arkham Knight - Pré-Venda 30/06/2015 Ps4 - Batman: Arkham Knight - Pré Venda - 30/06/2015 Carro com Controle Remoto Batmóvel The Dark Knight Rises Candide Livro - Perca Peso Caminhando: O Jeito Mais Fácil de se Manter em Forma,... Batman Dark Knight Rises The Bat Hot Wheels Elite One 1:50 Knights Of Grace Knight Of Two Camiseta Feminina Batman The Dark Knight 3 Feminina Feminina Radio City Knight Adesivos Para Lembrancinha Batman Dark Knight Rises 03 Cartelas Regina... Cachepot Para Lembrancinha Batman Dark Knight Rises 08 Unidades Regina... Children Of The Knight Librar Children Of The Knight A Knight To Remember The Crimson Knight Knight Dead Of Knight Last Knight Of Golden Downs Knight Of Flame Scholar Knight Krewes Knight
			Igorando Pelo Filtro de Nome...
		Nome do Produto: Xbox One - Batman: Arkham Knight - Pré-Venda 30/06/2015 Ps4 - Batman: Arkham Knight - Pré Venda - 30/06/2015 Carro com Controle Remoto Batmóvel The Dark Knight Rises Candide Livro - Perca Peso Caminhando: O Jeito Mais Fácil de se Manter em Forma,... Batman Dark Knight Rises The Bat Hot Wheels Elite One 1:50 Knights Of Grace Knight Of Two Camiseta Feminina Batman The Dark Knight 3 Feminina Feminina Radio City Knight Adesivos Para Lembrancinha Batman Dark Knight Rises 03 Cartelas Regina... Cachepot Para Lembrancinha Batman Dark Knight Rises 08 Unidades Regina... Children Of The Knight Librar Children Of The Knight A Knight To Remember The Crimson Knight Knight Dead Of Knight Last Knight Of Golden Downs Knight Of Flame Scholar Knight Krewes Knight
			Igorando Pelo Filtro de Nome...
		Nome do Produto: Xbox One - Batman: Arkham Knight - Pré-Venda 30/06/2015 Ps4 - Batman: Arkham Knight - Pré Venda - 30/06/2015 Carro com Controle Remoto Batmóvel The Dark Knight Rises Candide Livro - Perca Peso Caminhando: O Jeito Mais Fácil de se Manter em Forma,... Batman Dark Knight Rises The Bat Hot Wheels Elite One 1:50 Knights Of Grace Knight Of Two Camiseta Feminina Batman The Dark Knight 3 Feminina Feminina Radio City Knight Adesivos Para Lembrancinha Batman Dark Knight Rises 03 Cartelas Regina... Cachepot Para Lembrancinha Batman Dark Knight Rises 08 Unidades Regina... Children Of The Knight Librar Children Of The Knight A Knight To Remember The Crimson Knight Knight Dead Of Knight Last Knight Of Golden Downs Knight Of Flame Scholar Knight Krewes Knight
			Igorando Pelo Filtro de Nome...
	Tempo Para buscar: 611
Loja: ShopB
	URL Principal: http://www.shopb.com.br/
	URL Busca: http://busca.shopb.com.br/?busca=<BUSCA>
http://busca.shopb.com.br/?busca=Tenkai+Knights
		Documento Lido
		Resultados: 30
		Nome do Produto: Adrenalin Misfits (Requer Kinect) - XBOX 360
			Igorando Pelo Filtro de Nome...
		Nome do Produto: Batman: Arkham Knight - PS4
			Igorando Pelo Filtro de Nome...
		Nome do Produto: Batman: Arkham Knight - XBOX ONE
			Igorando Pelo Filtro de Nome...
		Nome do Produto: Body and Brain Connection (Compatível com Kinect) - XBOX 360
			Igorando Pelo Filtro de Nome...
		Nome do Produto: Brunswick Pro Bowling (Compatível com Kinect) - XBOX 360
			Igorando Pelo Filtro de Nome...
		Nome do Produto: Cabo / Fonte - Kinect
			Igorando Pelo Filtro de Nome...
		Nome do Produto: Cartão de Memória Micro SD - 16 GB - Kingston
			Igorando Pelo Filtro de Nome...
		Nome do Produto: Cartão de Memória Micro SD - 4 GB - Kingston
			Igorando Pelo Filtro de Nome...
		Nome do Produto: Cartão de Memória Micro SD - 8 GB - Kingston
			Igorando Pelo Filtro de Nome...
		Nome do Produto: Celular Blu Tank c/ Lanterna, Câmera integrada, Antena FM e Micro SD - Preto / Azul
			Igorando Pelo Filtro de Nome...
		Nome do Produto: Celular Blu Tank c/ Lanterna, Câmera integrada, Antena FM e Micro SD - Preto / Vermelho
			Igorando Pelo Filtro de Nome...
		Nome do Produto: Dance Central 3 - XBOX 360
			Igorando Pelo Filtro de Nome...
		Nome do Produto: Dragon Ball Z for Kinect - XBOX 360
			Igorando Pelo Filtro de Nome...
		Nome do Produto: Dragon Ball Z: Ultimate Tenkaichi - PS3
			Igorando Pelo Filtro de Nome...
		Nome do Produto: Fable The Journey (Requer Kinect) - XBOX 360
			Igorando Pelo Filtro de Nome...
		Nome do Produto: Fantastic Pets - XBOX 360 [Requer Kinect]
			Igorando Pelo Filtro de Nome...
		Nome do Produto: Fighters Uncaged - XBOX 360 [Requer Kinect]
			Igorando Pelo Filtro de Nome...
		Nome do Produto: HD SSD para Notebook 120GB 10X - Kingston
			Igorando Pelo Filtro de Nome...
		Nome do Produto: Harry Potter for Kinect - XBOX 360
			Igorando Pelo Filtro de Nome...
		Nome do Produto: Just Dance Disney Party [Requer Kinect] - XBOX 360
			Igorando Pelo Filtro de Nome...
		Nome do Produto: Kinect Adventures - XBOX 360
			Igorando Pelo Filtro de Nome...
		Nome do Produto: Kinect Adventures - XBOX 360 - Capa Dura
			Igorando Pelo Filtro de Nome...
		Nome do Produto: Kinect Disneyland Adventures - XBOX 360
			Igorando Pelo Filtro de Nome...
		Nome do Produto: Kinect Joy Ride (Requer Kinect) - XBOX 360
			Igorando Pelo Filtro de Nome...
		Nome do Produto: Kinect Rush: Uma Aventura da Disney Pixar - XBOX 360
			Igorando Pelo Filtro de Nome...
		Nome do Produto: Kinect Sports - XBOX 360
			Igorando Pelo Filtro de Nome...
		Nome do Produto: Kinect Sports 2 - XBOX 360
			Igorando Pelo Filtro de Nome...
		Nome do Produto: Kinect Sports Ultimate Collection - XBOX 360
			Igorando Pelo Filtro de Nome...
		Nome do Produto: Kinect Star Wars - XBOX 360
			Igorando Pelo Filtro de Nome...
		Nome do Produto: Kinectimals: Agora com Ursos - XBOX 360
			Igorando Pelo Filtro de Nome...
	Tempo Para buscar: 1229
Loja: Submarino
	URL Principal: http://www.submarino.com.br/
	URL Busca: http://busca.submarino.com.br/busca.php?q=<BUSCA>
http://busca.submarino.com.br/busca.php?q=Tenkai+Knights
		Documento Lido
		Resultados: 30
		Nome do Produto: Knights Of Grace Knight Of Two
			Igorando Pelo Filtro de Nome...
		Nome do Produto: Adesivos Para Lembrancinha Batman Dark Knight Rises 03 Cartelas Regina Festas
			Igorando Pelo Filtro de Nome...
		Nome do Produto: Cachepot Para Lembrancinha Batman Dark Knight Rises 08 Unidades Regina Festas
			Igorando Pelo Filtro de Nome...
		Nome do Produto: Radio City Knight
			Igorando Pelo Filtro de Nome...
		Nome do Produto: Children Of The Knight Librar
			Igorando Pelo Filtro de Nome...
		Nome do Produto: Children Of The Knight
			Igorando Pelo Filtro de Nome...
		Nome do Produto: A Knight To Remember
			Igorando Pelo Filtro de Nome...
		Nome do Produto: The Crimson Knight
			Igorando Pelo Filtro de Nome...
		Nome do Produto: Knight
			Igorando Pelo Filtro de Nome...
		Nome do Produto: Dead Of Knight
			Igorando Pelo Filtro de Nome...
		Nome do Produto: Knight Of Flame
			Igorando Pelo Filtro de Nome...
		Nome do Produto: Scholar Knight
			Igorando Pelo Filtro de Nome...
		Nome do Produto: Krewes Knight
			Igorando Pelo Filtro de Nome...
		Nome do Produto: Knight In Shining Amour
			Igorando Pelo Filtro de Nome...
		Nome do Produto: Page, Esquire And Knight
			Igorando Pelo Filtro de Nome...
		Nome do Produto: Knight Of Fire
			Igorando Pelo Filtro de Nome...
		Nome do Produto: Last Goode Knight
			Igorando Pelo Filtro de Nome...
		Nome do Produto: Knight And Trask
			Igorando Pelo Filtro de Nome...
		Nome do Produto: The Reluctant Knight
			Igorando Pelo Filtro de Nome...
		Nome do Produto: The Knight From The Future
			Igorando Pelo Filtro de Nome...
		Nome do Produto: Winters Knight
			Igorando Pelo Filtro de Nome...
		Nome do Produto: The Wizard Knight Companion
			Igorando Pelo Filtro de Nome...
		Nome do Produto: Pete Knight
			Igorando Pelo Filtro de Nome...
		Nome do Produto: The Stranger Knight, With The
			Igorando Pelo Filtro de Nome...
		Nome do Produto: Knight Moves
			Igorando Pelo Filtro de Nome...
		Nome do Produto: Silent Knight
			Igorando Pelo Filtro de Nome...
		Nome do Produto: The Knight Of The Golden Melic
			Igorando Pelo Filtro de Nome...
		Nome do Produto: The Boy Knight
			Igorando Pelo Filtro de Nome...
		Nome do Produto: The Devils Knight
			Igorando Pelo Filtro de Nome...
		Nome do Produto: Pasteur - Knight Of The Labora
			Igorando Pelo Filtro de Nome...
	Tempo Para buscar: 845
Loja: Walmart
	URL Principal: http://www.walmart.com.br/
	URL Busca: http://www.walmart.com.br/busca/?ft=<BUSCA>&PS=20
http://www.walmart.com.br/busca/?ft=Tenkai+Knights&PS=20
		Documento Lido
		Resultados: 17
		Nome do Produto: Alforge (Mala) Lateral 30 Litros Texx Black Knight para moto
			Igorando Pelo Filtro de Nome...
		Nome do Produto: Alforge (Mala) de Tanque GPS Tank Texx Black Knight
			Igorando Pelo Filtro de Nome...
		Nome do Produto: Alforge (Mala) Traseira Texx Black Knight Moto 25 Litros
			Igorando Pelo Filtro de Nome...
		Nome do Produto: Alforge (Mala) de Tanque Magnética Fixação com Imã Texx Black Knight
			Igorando Pelo Filtro de Nome...
		Nome do Produto: Knights Contract Xbox 360
			Igorando Pelo Filtro de Nome...
		Nome do Produto: Doctor Lautrec And The Forgotten Knights N3DS
			Igorando Pelo Filtro de Nome...
		Nome do Produto: Knights in the Nightmare PSP
			Igorando Pelo Filtro de Nome...
		Nome do Produto: White Knight Chronicles II PS3
			Igorando Pelo Filtro de Nome...
		Nome do Produto: Capa Dark knight Batman para Motorola Moto G
			Igorando Pelo Filtro de Nome...
		Nome do Produto: Capa Emborrachada Batman Dark Knight Para Motorola Moto E
			Igorando Pelo Filtro de Nome...
		Nome do Produto: Batman - The Dark Knight Rises - Figuras 25cm - Batman - Mattel
			Igorando Pelo Filtro de Nome...
		Nome do Produto: Boneco Hasbro Transformers Campeões Titan Silver Knight A7772
			Igorando Pelo Filtro de Nome...
		Nome do Produto: Boneco Transformers Hasbro Silver Knight Optimus Prime - A7772
			Igorando Pelo Filtro de Nome...
		Nome do Produto: King Arthur - Knights Of Round Table - Level 2 Pack CD MP3
			Igorando Pelo Filtro de Nome...
		Nome do Produto: The Dark Knight Manual
			Igorando Pelo Filtro de Nome...
		Nome do Produto: Sticker Dressing Knights (usborne Sticker Dressing)
			Igorando Pelo Filtro de Nome...
		Nome do Produto: Vampire Knight 2
			Igorando Pelo Filtro de Nome...
	Tempo Para buscar: 788

File copied from C:\java\workspace Estudo\lookforprices\resources\imports\css.css to C:\java\workspace Estudo\lookforprices\reports\2015-05-13 11\css.css
File copied from C:\java\workspace Estudo\lookforprices\resources\imports\jquery.js to C:\java\workspace Estudo\lookforprices\reports\2015-05-13 11\jquery.js
File copied from C:\java\workspace Estudo\lookforprices\resources\imports\scripts.js to C:\java\workspace Estudo\lookforprices\reports\2015-05-13 11\scripts.js
Tempo total de execução: 29456
