Loja: Nintendo eShop
	URL Principal: http://www.nintendo.com/3ds/eshop
	URL Busca: http://www.nintendo.com/json/content/get/game/filter?&&&&qterm=<BUSCA>
NintendoEShopSearch.search() http://www.nintendo.com/json/content/get/game/filter?&&&&qterm=2ds
		Documento Lido
		Resultados: 3
		Nome do Produto: IronFall: Invasion
			Igorando Pelo Filtro de Nome...
		Nome do Produto: Pokémon Battle Trozei
			Igorando Pelo Filtro de Nome...
		Nome do Produto: Secret Agent Files: Miami
			Igorando Pelo Filtro de Nome...
	Tempo Para buscar: 630
Loja: Americanas
	URL Principal: http://www.americanas.com.br/
	URL Busca: http://busca.americanas.com.br/busca.php?q=<BUSCA>
http://busca.americanas.com.br/busca.php?q=2ds
		Documento Lido
		Resultados: 9
		Nome do Produto: Game Pokemon White Version 2 - DS
			Igorando Pelo Filtro de Nome...
		Nome do Produto: Game The Smurfs 2 - DS
			Igorando Pelo Filtro de Nome...
		Nome do Produto: Game Naruto: Path of the Ninja 2 - DS
			Igorando Pelo Filtro de Nome...
		Nome do Produto: Dirt 2 Ds
			Igorando Pelo Filtro de Nome...
		Nome do Produto: Game Bratz Ponyz 2 - DS
			Igorando Pelo Filtro de Nome...
		Nome do Produto: Game Izuna 2 - DS
			Igorando Pelo Filtro de Nome...
		Nome do Produto: Game Space Invaders Extreme 2 - DS
			Igorando Pelo Filtro de Nome...
		Nome do Produto: Game Kage Densetsu: The Legend of Kage 2 - DS
			Igorando Pelo Filtro de Nome...
		Nome do Produto: Acabamento 2 Registros Linha Loft Design A 2 DS - Fabrimar
			Igorando Pelo Filtro de Nome...
	Tempo Para buscar: 780
Loja: Big Boy Games
	URL Principal: http://www.bigboygames.com.br/
	URL Busca: http://www.bigboygames.com.br/pesquisa/?p=<BUSCA>
http://www.bigboygames.com.br/pesquisa/?p=2ds
org.jsoup.HttpStatusException: HTTP error fetching URL. Status=403, URL=http://www.bigboygames.com.br/pesquisa/?p=2ds
	at org.jsoup.helper.HttpConnection$Response.execute(HttpConnection.java:459)
	at org.jsoup.helper.HttpConnection$Response.execute(HttpConnection.java:434)
	at org.jsoup.helper.HttpConnection.execute(HttpConnection.java:181)
	at org.jsoup.helper.HttpConnection.get(HttpConnection.java:170)
	at comom.Util.readUrlDocument(Util.java:94)
	at interfaces.search.BigBoyGamesSearch.readResults(BigBoyGamesSearch.java:98)
	at interfaces.search.BigBoyGamesSearch.search(BigBoyGamesSearch.java:30)
	at objects.Shop.searchProduct(Shop.java:33)
	at Main.generateHtlReport(Main.java:88)
	at Main.main(Main.java:65)
Tentando conectar Na Url de outro modo
java.io.IOException: Server returned HTTP response code: 403 for URL: http://www.bigboygames.com.br/pesquisa/?p=2ds
	at sun.net.www.protocol.http.HttpURLConnection.getInputStream(HttpURLConnection.java:1615)
	at comom.Util.getPageBuffer(Util.java:138)
	at comom.Util.readUrl(Util.java:106)
	at comom.Util.readUrlDocument(Util.java:98)
	at interfaces.search.BigBoyGamesSearch.readResults(BigBoyGamesSearch.java:98)
	at interfaces.search.BigBoyGamesSearch.search(BigBoyGamesSearch.java:30)
	at objects.Shop.searchProduct(Shop.java:33)
	at Main.generateHtlReport(Main.java:88)
	at Main.main(Main.java:65)
		Documento Lido
		Resultados*: 1
		Acessando URL do produto.
java.lang.NullPointerException
	at interfaces.search.BigBoyGamesSearch.readProductPage(BigBoyGamesSearch.java:91)
	at interfaces.search.BigBoyGamesSearch.search(BigBoyGamesSearch.java:42)
	at objects.Shop.searchProduct(Shop.java:33)
	at Main.generateHtlReport(Main.java:88)
	at Main.main(Main.java:65)
	Tempo Para buscar: 450
Loja: Casas Bahia
	URL Principal: http://www.casasbahia.com.br/
	URL Busca: http://buscas.casasbahia.com.br/search?w=<BUSCA>
http://buscas.casasbahia.com.br/search?w=2ds
		Documento Lido
		Resultados: 1
		Nome do Produto: 
			Igorando Pelo Filtro de Nome...
		Nome do Produto: 
			Igorando Pelo Filtro de Nome...
		Nome do Produto: 
			Igorando Pelo Filtro de Nome...
		Nome do Produto: 
			Igorando Pelo Filtro de Nome...
		Nome do Produto: 
			Igorando Pelo Filtro de Nome...
		Nome do Produto: 
			Igorando Pelo Filtro de Nome...
		Nome do Produto: 
			Igorando Pelo Filtro de Nome...
		Nome do Produto: 
			Igorando Pelo Filtro de Nome...
		Nome do Produto: 
			Igorando Pelo Filtro de Nome...
		Nome do Produto: 
			Igorando Pelo Filtro de Nome...
		Nome do Produto: 
			Igorando Pelo Filtro de Nome...
		Nome do Produto: 
			Igorando Pelo Filtro de Nome...
		Nome do Produto: 
			Igorando Pelo Filtro de Nome...
		Nome do Produto: 
			Igorando Pelo Filtro de Nome...
		Nome do Produto: 
			Igorando Pelo Filtro de Nome...
		Nome do Produto: 
			Igorando Pelo Filtro de Nome...
		Nome do Produto: 
			Igorando Pelo Filtro de Nome...
		Nome do Produto: 
			Igorando Pelo Filtro de Nome...
		Nome do Produto: 
			Igorando Pelo Filtro de Nome...
		Nome do Produto: 
			Igorando Pelo Filtro de Nome...
	Tempo Para buscar: 930
Loja: Extra
	URL Principal: http://www.extra.com.br/
	URL Busca: http://buscando.extra.com.br/search?w=<BUSCA>
http://buscando.extra.com.br/search?w=2ds
		Documento Lido
		Resultados: 0
	Tempo Para buscar: 1172
Loja: E-Virtua
	URL Principal: http://www.evirtua.com.br/
	URL Busca: http://www.evirtua.com.br/Busca?search_department_id=0&SearchTerm=<BUSCA>
http://www.evirtua.com.br/Busca?search_department_id=0&SearchTerm=2ds
		Documento Lido
		Resultados: 12
		Nome do Produto: Bravely Default - 3DS
			Igorando Pelo Filtro de Nome...
		Nome do Produto: Fantasy Life - Nintendo 3DS
			Igorando Pelo Filtro de Nome...
		Nome do Produto: Kirby Triple Deluxe - Nintendo 3DS
			Igorando Pelo Filtro de Nome...
		Nome do Produto: LEGO Batman 3: Beyond Gotham - Nintendo 3DS
			Igorando Pelo Filtro de Nome...
		Nome do Produto: Mario Kart 7 - Nintendo 3DS
			Igorando Pelo Filtro de Nome...
		Nome do Produto: Mario Tennis Open - Nintendo 3DS
			Igorando Pelo Filtro de Nome...
		Nome do Produto: Paper Mario Sticker Star - Nintendo 3DS
			Igorando Pelo Filtro de Nome...
		Nome do Produto: Pokemon Art Academy - Nintendo 3DS
			Igorando Pelo Filtro de Nome...
		Nome do Produto: Resident Evil: The Mercenaries - 3DS
			Igorando Pelo Filtro de Nome...
		Nome do Produto: Sonic Boom: Shattered Crystal - Nintendo 3DS
			Igorando Pelo Filtro de Nome...
		Nome do Produto: Super Mario 3D Land - 3DS
			Igorando Pelo Filtro de Nome...
		Nome do Produto: Yoshi's New Island - Nintendo 3DS
			Igorando Pelo Filtro de Nome...
	Tempo Para buscar: 440
Loja: Fast Games
	URL Principal: http://www.fastgames.com.br/
	URL Busca: http://www.fastgames.com.br/loja/busca.php?loja=187970&palavra_busca=<BUSCA>
http://www.fastgames.com.br/loja/busca.php?loja=187970&palavra_busca=2ds
		Documento Lido
		Resultados: 1
		Nome do Produto: Nintendo 2DS Crimson Red (Vermelho)
http://www.fastgames.com.br//nintendo-2ds-crimson-red-vermelho-pr-7038-187970.htm
		Acessando URL do produto.
	Tempo Para buscar: 2310
Loja: Fast Shop
	URL Principal: http://www.fastshop.com.br/loja/
	URL Busca: http://www.fastshop.com.br/webapp/wcs/stores/servlet/SearchDisplay?searchTerm=<BUSCA>&categoryId=&storeId=10151&catalogId=11052&langId=-6&pageSize=9&beginIndex=0&sType=SimpleSearch&resultCatEntryType=2&showResultsPage=true&searchSource=Q&pageView=&hotsite=fastshop
http://www.fastshop.com.br/webapp/wcs/stores/servlet/SearchDisplay?searchTerm=2ds&categoryId=&storeId=10151&catalogId=11052&langId=-6&pageSize=9&beginIndex=0&sType=SimpleSearch&resultCatEntryType=2&showResultsPage=true&searchSource=Q&pageView=&hotsite=fastshop
		Documento Lido
		Resultados: 0
	Tempo Para buscar: 510
Loja: FNAC
	URL Principal: http://www.fnac.com.br/index.html
	URL Busca: http://busca.fnac.com.br/?busca=<BUSCA>
http://busca.fnac.com.br/?busca=2ds
		Documento Lido
		Resultados: 0
	Tempo Para buscar: 1080
Loja: Kabum
	URL Principal: http://www.kabum.com.br/
	URL Busca: http://www.kabum.com.br/cgi-local/site/listagem/listagem.cgi?string=<BUSCA>&btnG=
http://www.kabum.com.br/cgi-local/site/listagem/listagem.cgi?string=2ds&btnG=
		Documento Lido
		Resultados: 0
	Tempo Para buscar: 615
Loja: Livraria Cultura
	URL Principal: http://www.livrariacultura.com.br/
	URL Busca: http://www.livrariacultura.com.br/busca?N=0&Ntt=<BUSCA>
http://www.livrariacultura.com.br/busca?N=0&Ntt=2ds
		Documento Lido
		Resultados: 0
	Tempo Para buscar: 220
Loja: Magazine Luiza
	URL Principal: http://www.magazineluiza.com.br/
	URL Busca: http://www.magazineluiza.com.br/busca/<BUSCA>/
http://www.magazineluiza.com.br/busca/2ds/
		Documento Lido
		Resultados: 60
		Nome do Produto: Scanner Portátil - Epson WorkForce DS-30
			Igorando Pelo Filtro de Nome...
		Nome do Produto: Computador/PC Positivo Stilo DS3001 com Intel - Dual Core Windows 8.1 2GB 320GB Tela 15.6 3D
			Igorando Pelo Filtro de Nome...
		Nome do Produto: Receptor de sinal Claro TV Livre DS 222 - Visiontec
			Igorando Pelo Filtro de Nome...
		Nome do Produto: Notebook Samsung Ativ Book 2 Intel Core i5 8GB 1TB - Windows 8.1 LED 15,6 HDMI Placa de Vídeo 2GB
			Igorando Pelo Filtro de Nome...
		Nome do Produto: Notebook Samsung Ativ Book 2 Intel Dual Core - 4GB 500GB Windows 8 Tela 14 HDMI Bluetooth 4.0
			Igorando Pelo Filtro de Nome...
		Nome do Produto: Shorts 2 Pockets - Carters - Tam 6M
			Igorando Pelo Filtro de Nome...
		Nome do Produto: inFAMOUS 2 para PS3 - Coleção Favoritos - Sony
			Igorando Pelo Filtro de Nome...
		Nome do Produto: Killzone 2 para PS3 - Coleção Favoritos - Sony
			Igorando Pelo Filtro de Nome...
		Nome do Produto: Mesa Redonda em Alumínio 2 Posições - Mor
			Igorando Pelo Filtro de Nome...
		Nome do Produto: Shorts 2 Pockets - Carters - Tam 2T
			Igorando Pelo Filtro de Nome...
		Nome do Produto: Grid 2 para PC - Codemasters
			Igorando Pelo Filtro de Nome...
		Nome do Produto: Defiance 2 para PS3 - Trion
			Igorando Pelo Filtro de Nome...
		Nome do Produto: Fonte Landscape PS 2 - para 5 Pedais
			Igorando Pelo Filtro de Nome...
		Nome do Produto: Cafeteira Elétrica Hamilton Beach 2 Way - 35 Xícaras
			Igorando Pelo Filtro de Nome...
		Nome do Produto: Jogo de Cama / Lençol Queen Size Prata Lavinia 2 - 4 Peças 150 Fios 100% Algodão - Santista
			Igorando Pelo Filtro de Nome...
		Nome do Produto: Jogo de Cama / Lençol Casal Prata Lavinia 2 - 4 Peças 150 Fios 100% Algodão - Santista
			Igorando Pelo Filtro de Nome...
		Nome do Produto: Bermuda 2 Pockets Boy - Carter?s - 6M
			Igorando Pelo Filtro de Nome...
		Nome do Produto: Crysis 2 p/ PS3 - Eletronic Arts
			Igorando Pelo Filtro de Nome...
		Nome do Produto: Crackdown 2 p/ Xbox 360 - Microsoft
			Igorando Pelo Filtro de Nome...
		Nome do Produto: Bermuda 2 Pockets Boy - Carter?s - 9M
			Igorando Pelo Filtro de Nome...
		Nome do Produto: Bermuda 2 Pockets Boy - Carter?s - 18M
			Igorando Pelo Filtro de Nome...
		Nome do Produto: Bermuda 2 Pockets Boy - Carter?s - 6M
			Igorando Pelo Filtro de Nome...
		Nome do Produto: Bermuda 2 Pockets Boy - Carter?s - 9M
			Igorando Pelo Filtro de Nome...
		Nome do Produto: Manhunt 2 para PSP - Take 2
			Igorando Pelo Filtro de Nome...
		Nome do Produto: Pote Retangular - BR Home VS-2
			Igorando Pelo Filtro de Nome...
		Nome do Produto: Estação de Musculação Semi-profissional c/ 45 kg - 30 tipos de exercícios - Titanium 2
			Igorando Pelo Filtro de Nome...
		Nome do Produto: Tacho para Frituras Elétrico 7L Inox Croydon - TFGC-G com Controle de Temperatura
			Igorando Pelo Filtro de Nome...
		Nome do Produto: Sanduicheira Elétrica Simples Gigante 3200W - Croydon Quente Elétrica SSGL-2
			Igorando Pelo Filtro de Nome...
		Nome do Produto: Sanduicheira Elétrica Conjugada Inox 4100W - Croydon Quente Elétrica SACL-2
			Igorando Pelo Filtro de Nome...
		Nome do Produto: Sanduicheira Elétrica Simples Inox 2500W - Croydon Quente Elétrica SASL-2
			Igorando Pelo Filtro de Nome...
		Nome do Produto: Chupeta Premium Orto 2 - Kuka
			Igorando Pelo Filtro de Nome...
		Nome do Produto: Notebook Samsung Ativ Book 2.X com Intel Core i7 - 8GB 1TB Windows 8.1 LED 15,6 HDMI
			Igorando Pelo Filtro de Nome...
		Nome do Produto: Calha de Chuva Acrílica p/ Fox 2004-2010 2 Portas - TG Poli T22008
			Igorando Pelo Filtro de Nome...
		Nome do Produto: Calha de Chuva Acrílica para Kombi 78/10 2 Portas - TG Poli T22012
			Igorando Pelo Filtro de Nome...
		Nome do Produto: Serra de Corte para Alumínio - Ferrari FA-2
			Igorando Pelo Filtro de Nome...
		Nome do Produto: Tablet Tectoy Acqua 2 TT-1705 4GB Tela 7" Wi-Fi - Android 4.1 Processador Single Core Câmera 0.3MP
			Igorando Pelo Filtro de Nome...
		Nome do Produto: Cobreleito Casal Santista Platinum Caroline 2 - 3 Peças 200 Fios
			Igorando Pelo Filtro de Nome...
		Nome do Produto: Cobreleito Solteiro Santista Platinum Caroline 2 - 2 Peças 200 Fios
			Igorando Pelo Filtro de Nome...
		Nome do Produto: Pedal para Guitarra - Landscape BRD 2
			Igorando Pelo Filtro de Nome...
		Nome do Produto: Borderlands 2 p/ PS3 - Take 2
			Igorando Pelo Filtro de Nome...
		Nome do Produto: Borderlands 2 p/ Xbox 360 - Take 2
			Igorando Pelo Filtro de Nome...
		Nome do Produto: Bioshock 2 p/ Xbox 360 - Take 2
			Igorando Pelo Filtro de Nome...
		Nome do Produto: Esteira Elétrica Movement Perform R2 c/ Inclinação - LCD 13 Funções Vel Máx 12Km/h Dobrável
			Igorando Pelo Filtro de Nome...
		Nome do Produto: Esterilizador com 2 Bules Inox - Marchesoni
			Igorando Pelo Filtro de Nome...
		Nome do Produto: Tablet Tectoy Princesas 2 8GB Tela 7" Wi-Fi - Android 4.2 Proc. Dual Core Câm. 2MP + Frontal
			Igorando Pelo Filtro de Nome...
		Nome do Produto: Babá Eletrônica Baby 2 250 Metros 2 Canais - Siga-me
			Igorando Pelo Filtro de Nome...
		Nome do Produto: Babá Eletrônica Baby 2 250 Metros 2 Canais - Siga-me
			Igorando Pelo Filtro de Nome...
		Nome do Produto: Rosqueadeira Elétrica com Kit de Ferramentas - Ferrari RE-2 NPT Motor 750 Watts
			Igorando Pelo Filtro de Nome...
		Nome do Produto: Rosqueadeira Elétrica com Kit de Ferramentas - Ferrari RE-2 BSP Motor 750 Watts
			Igorando Pelo Filtro de Nome...
		Nome do Produto: Panquequeira Simples Inox - Croydon Quente Elétrica MPES-2
			Igorando Pelo Filtro de Nome...
		Nome do Produto: Sanduicheira Elétrica Simples Inox 3200W - Croydon Quente Elétrica SFSE-2
			Igorando Pelo Filtro de Nome...
		Nome do Produto: Fritadeira 4,5 Litros Inox 2 Cestos - Croydon Quente Elétrica FH2B?2
			Igorando Pelo Filtro de Nome...
		Nome do Produto: iPad Air 2 Apple 16GB Prata Tela 9,7" Retina 4G - Wi-Fi Processador M8 Câmera 8MP + Frontal
			Igorando Pelo Filtro de Nome...
		Nome do Produto: iPad Air 2 Apple 16GB Cinza Chumbo Tela 9,7" - Retina 4G Wi-Fi Processador M8 Câm. 8MP + Frontal
			Igorando Pelo Filtro de Nome...
		Nome do Produto: Suporte para TV/DVD até 21 Polegadas - Brasforma SBR 1.2
			Igorando Pelo Filtro de Nome...
		Nome do Produto: Bicicleta Ergométrica Weslo CT 4.2 - Residencial com 7 Níveis de Esforço
			Igorando Pelo Filtro de Nome...
		Nome do Produto: Bicicleta Ergométrica Nordictrack GX 4.2 - Residencial com Monitor Cardiáco
			Igorando Pelo Filtro de Nome...
		Nome do Produto: The Smurfs 2 para Nintendo Wii - Ubisoft
			Igorando Pelo Filtro de Nome...
		Nome do Produto: Shorts 2 Pockets Jeans - Carters - Tam 2T
			Igorando Pelo Filtro de Nome...
		Nome do Produto: Bolsa para Bicicleta - Acte Sports
			Igorando Pelo Filtro de Nome...
	Tempo Para buscar: 970
Loja: Mula Games
	URL Principal: http://www.mulagames.com.br/
	URL Busca: http://www.mulagames.com.br/produtos-index/catalogo_produtos/-/-/<BUSCA>/-/-/-/-/-/
http://www.mulagames.com.br/produtos-index/catalogo_produtos/-/-/2ds/-/-/-/-/-/
		Documento Lido
		Resultados: 0
	Tempo Para buscar: 2441
Loja: Net Shoes
	URL Principal: http://www.netshoes.com.br/
	URL Busca: http://www.netshoes.com.br/search?Ntt=<BUSCA>
http://www.netshoes.com.br/search?Ntt=2ds
		Documento Lido
		Resultados: 0
	Tempo Para buscar: 170
Loja: Ponto Frio
	URL Principal: http://www.pontofrio.com.br/
	URL Busca: http://search.pontofrio.com.br/search?w=<BUSCA>
http://search.pontofrio.com.br/search?w=2ds
		Documento Lido
		Resultados: 2
		Nome do Produto: 
			Igorando Pelo Filtro de Nome...
		Nome do Produto: 
			Igorando Pelo Filtro de Nome...
		Nome do Produto: 
			Igorando Pelo Filtro de Nome...
		Nome do Produto: 
			Igorando Pelo Filtro de Nome...
		Nome do Produto: 
			Igorando Pelo Filtro de Nome...
		Nome do Produto: 
			Igorando Pelo Filtro de Nome...
		Nome do Produto: 
			Igorando Pelo Filtro de Nome...
		Nome do Produto: 
			Igorando Pelo Filtro de Nome...
	Tempo Para buscar: 1224
Loja: Ricardo Eletro
	URL Principal: http://www.ricardoeletro.com.br/
	URL Busca: http://www.ricardoeletro.com.br/Busca/Resultado/?q=<BUSCA>
http://www.ricardoeletro.com.br/Busca/Resultado/?q=2ds
		Documento Lido
		Resultados: 6
		Nome do Produto: Escova Elétrica com movimento 2D - 8.800 Movimentos por Minuto e com Timer indicador de tempo de escovação - Vitality D-12 - Oral-B
			Igorando Pelo Filtro de Nome...
		Nome do Produto: Escova Elétrica com movimento 2D - 8.800 Movimentos por Minuto e com Timer indicador de tempo - Vitality D-12 + Fitas Dentais Whitestrips - Oral B
			Igorando Pelo Filtro de Nome...
		Nome do Produto: Relógio Feminino Casio, Vintage, Pulseira de Aço Dourada, Caixa de Resina, Formato 12/24 HS, Calendário - LA670WGA-2DF
			Igorando Pelo Filtro de Nome...
		Nome do Produto: Barbeador Senso Touch 2D à prova d'água RQ1145/17 - Philips
			Igorando Pelo Filtro de Nome...
		Nome do Produto: Lente Intercambiável Samsung S45ADW NX System 45mm 2D3D - Branca
			Igorando Pelo Filtro de Nome...
		Nome do Produto: Barbeador Senso Touch 2D Seco e Molhado RQ1175 - Philips
			Igorando Pelo Filtro de Nome...
	Tempo Para buscar: 620
Loja: RiHappy
	URL Principal: http://www.rihappy.com.br/
	URL Busca: http://www.rihappy.com.br/<BUSCA>
http://www.rihappy.com.br/2ds
		Documento Lido
		Resultados: 0
	Tempo Para buscar: 1170
Loja: Saraiva
	URL Principal: http://www.saraiva.com.br/
	URL Busca: http://busca.saraiva.com.br/search?w=<BUSCA>&PAC_ID=129457&ts=ajax
http://busca.saraiva.com.br/search?w=2ds&PAC_ID=129457&ts=ajax
		Documento Lido
		Resultados: 20
		Nome do Produto: Vade Mecum Saraiva - 19ª Ed. 2015
			Igorando Pelo Filtro de Nome...
		Nome do Produto: Eu Fico Loko
			Igorando Pelo Filtro de Nome...
		Nome do Produto: Vade Mecum Saraiva - OAB e Concursos - 5ª Ed. 2015
			Igorando Pelo Filtro de Nome...
		Nome do Produto: Vade Mecum Saraiva Compacto - 13ª Ed. 2015
			Igorando Pelo Filtro de Nome...
		Nome do Produto: Se Eu Ficar
			Igorando Pelo Filtro de Nome...
		Nome do Produto: Where We Are - Live From San Siro Stadium - DVD -…
			Igorando Pelo Filtro de Nome...
		Nome do Produto: Cheek To Cheek - Live - DVD
			Igorando Pelo Filtro de Nome...
		Nome do Produto: Leonardo & Eduardo Costa - Cabaré - DVD
			Igorando Pelo Filtro de Nome...
		Nome do Produto: Michel Teló - Bem Sertanejo - DVD
			Igorando Pelo Filtro de Nome...
		Nome do Produto: Babado Novo - ao Vivo No Pelourinho - DVD
			Igorando Pelo Filtro de Nome...
		Nome do Produto: The Walking Dead - 4ª Temporada - 5 DVDs
			Igorando Pelo Filtro de Nome...
		Nome do Produto: The Walking Dead - 4ª Temporada - 4 Discos - Blu…
			Igorando Pelo Filtro de Nome...
		Nome do Produto: Libertados - DVD
			Igorando Pelo Filtro de Nome...
		Nome do Produto: Friends - As Dez Temporadas Completas - 40 DVDs
			Igorando Pelo Filtro de Nome...
		Nome do Produto: Cinquenta Tons de Cinza - A História Proibida -…
			Igorando Pelo Filtro de Nome...
		Nome do Produto: Fifth Harmony - Reflection - Deluxe Edition
			Igorando Pelo Filtro de Nome...
		Nome do Produto: Smoke + Mirrors
			Igorando Pelo Filtro de Nome...
		Nome do Produto: 50 Tons de Cinza - Trilha Sonora do Filme
			Igorando Pelo Filtro de Nome...
		Nome do Produto: The Pinkprint
			Igorando Pelo Filtro de Nome...
		Nome do Produto: Babado Novo - ao Vivo No Pelourinho
			Igorando Pelo Filtro de Nome...
	Tempo Para buscar: 2559
Loja: Shop Facil
	URL Principal: http://ww2.shopfacil.com.br/
	URL Busca: http://ww2.shopfacil.com.br/<BUSCA>
http://ww2.shopfacil.com.br/2ds
		Documento Lido
		Resultados: 0
	Tempo Para buscar: 2662
Loja: Shop Time
	URL Principal: http://www.shoptime.com.br/
	URL Busca: http://busca.shoptime.com.br/busca.php?q=<BUSCA>
http://busca.shoptime.com.br/busca.php?q=2ds
		Documento Lido
		Resultados: 12
		Nome do Produto: Game Happy Feet 2 - DS Dirt 2 Ds Game Pokemon White Version 2 - DS Game Naruto: Path of the Ninja 2 - DS Game Uma Noite No Museu 2 - DS Game The Smurfs 2 - DS Game Izuna 2 - DS Game Space Invaders Extreme 2 - DS Game Kage Densetsu: The Legend of Kage 2 - DS Acabamento 2 Registros Linha Loft Design A 2 DS - Fabrimar Game Bratz Ponyz 2 - DS Game Trauma Center: Under the Knife 2 - DS
			Igorando Pelo Filtro de Nome...
		Nome do Produto: Game Happy Feet 2 - DS Dirt 2 Ds Game Pokemon White Version 2 - DS Game Naruto: Path of the Ninja 2 - DS Game Uma Noite No Museu 2 - DS Game The Smurfs 2 - DS Game Izuna 2 - DS Game Space Invaders Extreme 2 - DS Game Kage Densetsu: The Legend of Kage 2 - DS Acabamento 2 Registros Linha Loft Design A 2 DS - Fabrimar Game Bratz Ponyz 2 - DS Game Trauma Center: Under the Knife 2 - DS
			Igorando Pelo Filtro de Nome...
		Nome do Produto: Game Happy Feet 2 - DS Dirt 2 Ds Game Pokemon White Version 2 - DS Game Naruto: Path of the Ninja 2 - DS Game Uma Noite No Museu 2 - DS Game The Smurfs 2 - DS Game Izuna 2 - DS Game Space Invaders Extreme 2 - DS Game Kage Densetsu: The Legend of Kage 2 - DS Acabamento 2 Registros Linha Loft Design A 2 DS - Fabrimar Game Bratz Ponyz 2 - DS Game Trauma Center: Under the Knife 2 - DS
			Igorando Pelo Filtro de Nome...
		Nome do Produto: Game Happy Feet 2 - DS Dirt 2 Ds Game Pokemon White Version 2 - DS Game Naruto: Path of the Ninja 2 - DS Game Uma Noite No Museu 2 - DS Game The Smurfs 2 - DS Game Izuna 2 - DS Game Space Invaders Extreme 2 - DS Game Kage Densetsu: The Legend of Kage 2 - DS Acabamento 2 Registros Linha Loft Design A 2 DS - Fabrimar Game Bratz Ponyz 2 - DS Game Trauma Center: Under the Knife 2 - DS
			Igorando Pelo Filtro de Nome...
		Nome do Produto: Game Happy Feet 2 - DS Dirt 2 Ds Game Pokemon White Version 2 - DS Game Naruto: Path of the Ninja 2 - DS Game Uma Noite No Museu 2 - DS Game The Smurfs 2 - DS Game Izuna 2 - DS Game Space Invaders Extreme 2 - DS Game Kage Densetsu: The Legend of Kage 2 - DS Acabamento 2 Registros Linha Loft Design A 2 DS - Fabrimar Game Bratz Ponyz 2 - DS Game Trauma Center: Under the Knife 2 - DS
			Igorando Pelo Filtro de Nome...
		Nome do Produto: Game Happy Feet 2 - DS Dirt 2 Ds Game Pokemon White Version 2 - DS Game Naruto: Path of the Ninja 2 - DS Game Uma Noite No Museu 2 - DS Game The Smurfs 2 - DS Game Izuna 2 - DS Game Space Invaders Extreme 2 - DS Game Kage Densetsu: The Legend of Kage 2 - DS Acabamento 2 Registros Linha Loft Design A 2 DS - Fabrimar Game Bratz Ponyz 2 - DS Game Trauma Center: Under the Knife 2 - DS
			Igorando Pelo Filtro de Nome...
		Nome do Produto: Game Happy Feet 2 - DS Dirt 2 Ds Game Pokemon White Version 2 - DS Game Naruto: Path of the Ninja 2 - DS Game Uma Noite No Museu 2 - DS Game The Smurfs 2 - DS Game Izuna 2 - DS Game Space Invaders Extreme 2 - DS Game Kage Densetsu: The Legend of Kage 2 - DS Acabamento 2 Registros Linha Loft Design A 2 DS - Fabrimar Game Bratz Ponyz 2 - DS Game Trauma Center: Under the Knife 2 - DS
			Igorando Pelo Filtro de Nome...
		Nome do Produto: Game Happy Feet 2 - DS Dirt 2 Ds Game Pokemon White Version 2 - DS Game Naruto: Path of the Ninja 2 - DS Game Uma Noite No Museu 2 - DS Game The Smurfs 2 - DS Game Izuna 2 - DS Game Space Invaders Extreme 2 - DS Game Kage Densetsu: The Legend of Kage 2 - DS Acabamento 2 Registros Linha Loft Design A 2 DS - Fabrimar Game Bratz Ponyz 2 - DS Game Trauma Center: Under the Knife 2 - DS
			Igorando Pelo Filtro de Nome...
		Nome do Produto: Game Happy Feet 2 - DS Dirt 2 Ds Game Pokemon White Version 2 - DS Game Naruto: Path of the Ninja 2 - DS Game Uma Noite No Museu 2 - DS Game The Smurfs 2 - DS Game Izuna 2 - DS Game Space Invaders Extreme 2 - DS Game Kage Densetsu: The Legend of Kage 2 - DS Acabamento 2 Registros Linha Loft Design A 2 DS - Fabrimar Game Bratz Ponyz 2 - DS Game Trauma Center: Under the Knife 2 - DS
			Igorando Pelo Filtro de Nome...
		Nome do Produto: Game Happy Feet 2 - DS Dirt 2 Ds Game Pokemon White Version 2 - DS Game Naruto: Path of the Ninja 2 - DS Game Uma Noite No Museu 2 - DS Game The Smurfs 2 - DS Game Izuna 2 - DS Game Space Invaders Extreme 2 - DS Game Kage Densetsu: The Legend of Kage 2 - DS Acabamento 2 Registros Linha Loft Design A 2 DS - Fabrimar Game Bratz Ponyz 2 - DS Game Trauma Center: Under the Knife 2 - DS
			Igorando Pelo Filtro de Nome...
		Nome do Produto: Game Happy Feet 2 - DS Dirt 2 Ds Game Pokemon White Version 2 - DS Game Naruto: Path of the Ninja 2 - DS Game Uma Noite No Museu 2 - DS Game The Smurfs 2 - DS Game Izuna 2 - DS Game Space Invaders Extreme 2 - DS Game Kage Densetsu: The Legend of Kage 2 - DS Acabamento 2 Registros Linha Loft Design A 2 DS - Fabrimar Game Bratz Ponyz 2 - DS Game Trauma Center: Under the Knife 2 - DS
			Igorando Pelo Filtro de Nome...
		Nome do Produto: Game Happy Feet 2 - DS Dirt 2 Ds Game Pokemon White Version 2 - DS Game Naruto: Path of the Ninja 2 - DS Game Uma Noite No Museu 2 - DS Game The Smurfs 2 - DS Game Izuna 2 - DS Game Space Invaders Extreme 2 - DS Game Kage Densetsu: The Legend of Kage 2 - DS Acabamento 2 Registros Linha Loft Design A 2 DS - Fabrimar Game Bratz Ponyz 2 - DS Game Trauma Center: Under the Knife 2 - DS
			Igorando Pelo Filtro de Nome...
	Tempo Para buscar: 590
Loja: ShopB
	URL Principal: http://www.shopb.com.br/
	URL Busca: http://busca.shopb.com.br/?busca=<BUSCA>
http://busca.shopb.com.br/?busca=2ds
		Documento Lido
		Resultados: 2
		Nome do Produto: Nintendo 2DS - Azul
http://shopb.ecommercesearch.com.br/Busca/Redir?url=http%3a%2f%2fwww.shopb.com.br%2fecommerce_site%2findex.php%3fpg%3dproduto%26cdg%3d4488%26idp%3d34360%26idparceiro%3dp1&esid=34360
		Acessando URL do produto.
		Nome do Produto: Nintendo 2DS - Vermelho
http://shopb.ecommercesearch.com.br/Busca/Redir?url=http%3a%2f%2fwww.shopb.com.br%2fecommerce_site%2findex.php%3fpg%3dproduto%26cdg%3d4488%26idp%3d33488%26idparceiro%3dp1&esid=33488
		Acessando URL do produto.
	Tempo Para buscar: 7258
Loja: Submarino
	URL Principal: http://www.submarino.com.br/
	URL Busca: http://busca.submarino.com.br/busca.php?q=<BUSCA>
http://busca.submarino.com.br/busca.php?q=2ds
		Documento Lido
		Resultados: 12
		Nome do Produto: Game Izuna 2 - DS
			Igorando Pelo Filtro de Nome...
		Nome do Produto: Game Pokemon White Version 2 - DS
			Igorando Pelo Filtro de Nome...
		Nome do Produto: Game Uma Noite No Museu 2 - DS
			Igorando Pelo Filtro de Nome...
		Nome do Produto: Game Bratz Ponyz 2 - DS
			Igorando Pelo Filtro de Nome...
		Nome do Produto: Game Happy Feet 2 - DS
			Igorando Pelo Filtro de Nome...
		Nome do Produto: Dirt 2 Ds
			Igorando Pelo Filtro de Nome...
		Nome do Produto: Game The Smurfs 2 - DS
			Igorando Pelo Filtro de Nome...
		Nome do Produto: Game Space Invaders Extreme 2 - DS
			Igorando Pelo Filtro de Nome...
		Nome do Produto: Game Kage Densetsu: The Legend of Kage 2 - DS
			Igorando Pelo Filtro de Nome...
		Nome do Produto: Acabamento 2 Registros Linha Loft Design A 2 DS - Fabrimar
			Igorando Pelo Filtro de Nome...
		Nome do Produto: Game Trauma Center: Under the Knife 2 - DS
			Igorando Pelo Filtro de Nome...
		Nome do Produto: Game Naruto: Path of the Ninja 2 - DS
			Igorando Pelo Filtro de Nome...
	Tempo Para buscar: 650
Loja: Walmart
	URL Principal: http://www.walmart.com.br/
	URL Busca: http://www.walmart.com.br/busca/?ft=<BUSCA>&PS=20
http://www.walmart.com.br/busca/?ft=2ds&PS=20
		Documento Lido
		Resultados: 1
		Nome do Produto: Caixa Dipolar Surround KEF Reference 206/2DS (Unidade)
http://www.walmart.com.br//produto/Eletronicos/Caixas-para-Home-Theater/KEF/3012302m-caixa-dipolar-surround-kef-reference-206-2ds-unidade
		Acessando URL do produto.
	Tempo Para buscar: 2384

File copied from C:\java\rep\lookforprices\resources\imports\css.css to C:\java\rep\lookforprices\reports\2015-02-18 20\css.css
File copied from C:\java\rep\lookforprices\resources\imports\jquery.js to C:\java\rep\lookforprices\reports\2015-02-18 20\jquery.js
File copied from C:\java\rep\lookforprices\resources\imports\scripts.js to C:\java\rep\lookforprices\reports\2015-02-18 20\scripts.js
Tempo total de execução: 31848
